# rhoc (cgs) 	 Pc (cgs) 	 R (km) 	 M (msol) 	 R_core (km) 	 M_core (msol) 	 I/(MR^2) 	 I_crust/(M_crust R_crust^2)/(I/(MR^2)) 	 k_2 	 Lambda 
 2.30000000e+14  3.43562005e+33  1.55541000e+01  1.88636009e-01  7.37260000e+00  1.44506864e-01  1.09449896e-01  3.98516340e-01  2.22584817e-02  8.05685145e+06 
 2.30495775e+14  3.45985482e+33  1.55131000e+01  1.89730324e-01  7.38760000e+00  1.45598049e-01  1.10297760e-01  3.96518890e-01  2.26594651e-02  7.86370564e+06 
 2.30991550e+14  3.48408959e+33  1.54741000e+01  1.90822770e-01  7.40360000e+00  1.46734432e-01  1.11123355e-01  3.94194104e-01  2.30528761e-02  7.67661068e+06 
 2.31487326e+14  3.50832437e+33  1.54351000e+01  1.91913312e-01  7.41860000e+00  1.47832031e-01  1.11954878e-01  3.92169398e-01  2.34531486e-02  7.49533889e+06 
 2.31983101e+14  3.53431367e+33  1.53941000e+01  1.93080942e-01  7.43460000e+00  1.49008994e-01  1.12841248e-01  3.90010752e-01  2.38838051e-02  7.30712224e+06 
 2.32478876e+14  3.56072597e+33  1.53531000e+01  1.94266098e-01  7.45160000e+00  1.50240559e-01  1.13739234e-01  3.87570839e-01  2.43243922e-02  7.12206093e+06 
 2.32974651e+14  3.58713828e+33  1.53131000e+01  1.95449727e-01  7.46760000e+00  1.51433510e-01  1.14629247e-01  3.85431140e-01  2.47651071e-02  6.94302682e+06 
 2.33470426e+14  3.61355058e+33  1.52751000e+01  1.96631779e-01  7.48360000e+00  1.52630249e-01  1.15495760e-01  3.83277613e-01  2.51973545e-02  6.76978837e+06 
 2.33966202e+14  3.63996288e+33  1.52371000e+01  1.97812210e-01  7.49960000e+00  1.53830743e-01  1.16368466e-01  3.81110305e-01  2.56371172e-02  6.60212406e+06 
 2.34461977e+14  3.66637519e+33  1.52001000e+01  1.98990975e-01  7.51560000e+00  1.55034962e-01  1.17231988e-01  3.78929191e-01  2.60759480e-02  6.43982120e+06 
 2.34957752e+14  3.69278749e+33  1.51631000e+01  2.00168032e-01  7.53160000e+00  1.56242881e-01  1.18101500e-01  3.76734277e-01  2.65222226e-02  6.28267647e+06 
 2.35453527e+14  3.71919979e+33  1.51281000e+01  2.01343340e-01  7.54760000e+00  1.57454470e-01  1.18945589e-01  3.74525556e-01  2.69582404e-02  6.13049461e+06 
 2.35949302e+14  3.74561210e+33  1.50931000e+01  2.02516863e-01  7.56260000e+00  1.58625792e-01  1.19795156e-01  3.72617717e-01  2.74012775e-02  5.98308929e+06 
 2.36445078e+14  3.77202440e+33  1.50591000e+01  2.03688560e-01  7.57860000e+00  1.59844463e-01  1.20634214e-01  3.70381523e-01  2.78421981e-02  5.84028174e+06 
 2.36940853e+14  3.79843670e+33  1.50261000e+01  2.04858397e-01  7.59360000e+00  1.61022460e-01  1.21462360e-01  3.68446285e-01  2.82806088e-02  5.70190074e+06 
 2.37436628e+14  3.82484901e+33  1.49941000e+01  2.06026340e-01  7.60860000e+00  1.62203673e-01  1.22279188e-01  3.66497364e-01  2.87161090e-02  5.56778242e+06 
 2.37932403e+14  3.85126131e+33  1.49621000e+01  2.07192355e-01  7.62360000e+00  1.63388075e-01  1.23100757e-01  3.64534828e-01  2.91580387e-02  5.43776988e+06 
 2.38428178e+14  3.87767361e+33  1.49311000e+01  2.08356409e-01  7.63860000e+00  1.64575648e-01  1.23910494e-01  3.62558663e-01  2.95965769e-02  5.31171250e+06 
 2.38923954e+14  3.90408592e+33  1.49001000e+01  2.09518474e-01  7.65360000e+00  1.65766371e-01  1.24724740e-01  3.60568907e-01  3.00413890e-02  5.18946629e+06 
 2.39419729e+14  3.93049822e+33  1.48711000e+01  2.10678518e-01  7.66860000e+00  1.66960223e-01  1.25509754e-01  3.58565576e-01  3.04720625e-02  5.07089276e+06 
 2.39915504e+14  3.95691052e+33  1.48411000e+01  2.11836513e-01  7.68360000e+00  1.68157182e-01  1.26315785e-01  3.56548713e-01  3.09189175e-02  4.95585994e+06 
 2.40411279e+14  3.98424941e+33  1.48121000e+01  2.13033014e-01  7.69860000e+00  1.69375474e-01  1.27119404e-01  3.54612664e-01  3.13662308e-02  4.84037858e+06 
 2.40907055e+14  4.01298336e+33  1.47811000e+01  2.14288837e-01  7.71360000e+00  1.70624612e-01  1.27977588e-01  3.52804834e-01  3.18485236e-02  4.72273652e+06 
 2.41402830e+14  4.04171731e+33  1.47521000e+01  2.15542978e-01  7.72960000e+00  1.71923077e-01  1.28805736e-01  3.50668521e-01  3.23159277e-02  4.60876802e+06 
 2.41898605e+14  4.07045127e+33  1.47221000e+01  2.16795390e-01  7.74460000e+00  1.73179288e-01  1.29655833e-01  3.48833180e-01  3.28008562e-02  4.49833879e+06 
 2.42394380e+14  4.09918522e+33  1.46941000e+01  2.18046025e-01  7.76060000e+00  1.74485130e-01  1.30475062e-01  3.46669452e-01  3.32699782e-02  4.39131894e+06 
 2.42890155e+14  4.12791917e+33  1.46661000e+01  2.19294845e-01  7.77560000e+00  1.75748286e-01  1.31298389e-01  3.44806720e-01  3.37452923e-02  4.28758431e+06 
 2.43385931e+14  4.15665313e+33  1.46391000e+01  2.20541806e-01  7.79060000e+00  1.77014778e-01  1.32107782e-01  3.42930327e-01  3.42151877e-02  4.18701540e+06 
 2.43881706e+14  4.18538708e+33  1.46121000e+01  2.21786871e-01  7.80560000e+00  1.78284578e-01  1.32921025e-01  3.41040325e-01  3.46910612e-02  4.08949775e+06 
 2.44377481e+14  4.21412103e+33  1.45861000e+01  2.23030002e-01  7.82060000e+00  1.79557660e-01  1.33719799e-01  3.39136748e-01  3.51609299e-02  3.99492127e+06 
 2.44873256e+14  4.24285499e+33  1.45601000e+01  2.24271163e-01  7.83560000e+00  1.80833996e-01  1.34522175e-01  3.37219656e-01  3.56365500e-02  3.90318059e+06 
 2.45369031e+14  4.27158894e+33  1.45351000e+01  2.25510320e-01  7.84960000e+00  1.82066256e-01  1.35309549e-01  3.35603353e-01  3.61055650e-02  3.81417432e+06 
 2.45864807e+14  4.30032289e+33  1.45101000e+01  2.26747438e-01  7.86460000e+00  1.83348852e-01  1.36100273e-01  3.33659282e-01  3.65800907e-02  3.72780543e+06 
 2.46360582e+14  4.32905685e+33  1.44861000e+01  2.27982488e-01  7.87860000e+00  1.84586970e-01  1.36875464e-01  3.32015952e-01  3.70473982e-02  3.64398050e+06 
 2.46856357e+14  4.35779080e+33  1.44621000e+01  2.29215436e-01  7.89360000e+00  1.85875729e-01  1.37653756e-01  3.30045113e-01  3.75199649e-02  3.56261012e+06 
 2.47352132e+14  4.38652475e+33  1.44391000e+01  2.30446255e-01  7.90760000e+00  1.87119617e-01  1.38415986e-01  3.28374962e-01  3.79846894e-02  3.48360823e+06 
 2.47847907e+14  4.41525871e+33  1.44171000e+01  2.31674913e-01  7.92160000e+00  1.88366275e-01  1.39161755e-01  3.26691392e-01  3.84410741e-02  3.40689231e+06 
 2.48343683e+14  4.44399266e+33  1.43941000e+01  2.32901384e-01  7.93560000e+00  1.89615678e-01  1.39929558e-01  3.24994511e-01  3.89156548e-02  3.33238330e+06 
 2.48839458e+14  4.47272661e+33  1.43731000e+01  2.34125643e-01  7.94960000e+00  1.90867808e-01  1.40661075e-01  3.23284349e-01  3.93679256e-02  3.26000475e+06 
 2.49335233e+14  4.50380258e+33  1.43501000e+01  2.35447552e-01  7.96460000e+00  1.92218344e-01  1.41460650e-01  3.21465057e-01  3.98660829e-02  3.18401922e+06 
 2.49831008e+14  4.53499041e+33  1.43271000e+01  2.36772391e-01  7.97960000e+00  1.93574576e-01  1.42264559e-01  3.19642600e-01  4.03703489e-02  3.11004765e+06 
 2.50326783e+14  4.56617824e+33  1.43051000e+01  2.38095351e-01  7.99460000e+00  1.94934228e-01  1.43051566e-01  3.17806642e-01  4.08658479e-02  3.03828705e+06 
 2.50822559e+14  4.59736607e+33  1.42831000e+01  2.39416391e-01  8.00860000e+00  1.96248022e-01  1.43841408e-01  3.16270459e-01  4.13665277e-02  2.96865983e+06 
 2.51318334e+14  4.62855391e+33  1.42621000e+01  2.40735466e-01  8.02360000e+00  1.97614231e-01  1.44613812e-01  3.14407615e-01  4.18577604e-02  2.90109109e+06 
 2.51814109e+14  4.65974174e+33  1.42411000e+01  2.42052540e-01  8.03860000e+00  1.98983756e-01  1.45388795e-01  3.12531501e-01  4.23538791e-02  2.83550899e+06 
 2.52309884e+14  4.69092957e+33  1.42201000e+01  2.43367574e-01  8.05260000e+00  2.00306797e-01  1.46166365e-01  3.10954955e-01  4.28549283e-02  2.77184435e+06 
 2.52805659e+14  4.72211740e+33  1.42001000e+01  2.44680531e-01  8.06660000e+00  2.01632743e-01  1.46925835e-01  3.09364976e-01  4.33456857e-02  2.71003062e+06 
 2.53301435e+14  4.75330523e+33  1.41811000e+01  2.45991379e-01  8.08060000e+00  2.02961564e-01  1.47666807e-01  3.07761687e-01  4.38256095e-02  2.65000384e+06 
 2.53797210e+14  4.78449307e+33  1.41611000e+01  2.47300082e-01  8.09460000e+00  2.04293243e-01  1.48430809e-01  3.06145098e-01  4.43254513e-02  2.59170278e+06 
 2.54292985e+14  4.81568090e+33  1.41431000e+01  2.48606607e-01  8.10860000e+00  2.05627752e-01  1.49154956e-01  3.04515275e-01  4.47982989e-02  2.53506809e+06 
 2.54788760e+14  4.84686873e+33  1.41241000e+01  2.49910925e-01  8.12260000e+00  2.06965065e-01  1.49902146e-01  3.02872322e-01  4.52911311e-02  2.48004324e+06 
 2.55284535e+14  4.87805656e+33  1.41061000e+01  2.51213005e-01  8.13660000e+00  2.08305161e-01  1.50630058e-01  3.01216274e-01  4.57721029e-02  2.42657347e+06 
 2.55780311e+14  4.90924439e+33  1.40881000e+01  2.52512817e-01  8.15060000e+00  2.09648016e-01  1.51359793e-01  2.99547211e-01  4.62570840e-02  2.37460635e+06 
 2.56276086e+14  4.94043222e+33  1.40711000e+01  2.53810335e-01  8.16360000e+00  2.10942442e-01  1.52069737e-01  2.98176779e-01  4.67294933e-02  2.32409130e+06 
 2.56771861e+14  4.97162006e+33  1.40541000e+01  2.55105532e-01  8.17760000e+00  2.12290573e-01  1.52781255e-01  2.96481784e-01  4.72055824e-02  2.27497983e+06 
 2.57267636e+14  5.00280789e+33  1.40371000e+01  2.56398381e-01  8.19060000e+00  2.13589898e-01  1.53494346e-01  2.95085205e-01  4.76853728e-02  2.22722523e+06 
 2.57763412e+14  5.03520752e+33  1.40201000e+01  2.57739044e-01  8.20460000e+00  2.14967795e-01  1.54222309e-01  2.93466838e-01  4.81764154e-02  2.17900060e+06 
 2.58259187e+14  5.06897534e+33  1.40031000e+01  2.59134275e-01  8.21860000e+00  2.16376395e-01  1.54966957e-01  2.91950699e-01  4.86798611e-02  2.13017047e+06 
 2.58754962e+14  5.10274316e+33  1.39861000e+01  2.60527482e-01  8.23260000e+00  2.17788027e-01  1.55713332e-01  2.90421234e-01  4.91873034e-02  2.08274849e+06 
 2.59250737e+14  5.13651097e+33  1.39691000e+01  2.61918621e-01  8.24760000e+00  2.19254868e-01  1.56461442e-01  2.88568053e-01  4.96987728e-02  2.03668703e+06 
 2.59746512e+14  5.17027879e+33  1.39521000e+01  2.63307653e-01  8.26160000e+00  2.20672636e-01  1.57211295e-01  2.87012382e-01  5.02142990e-02  1.99194012e+06 
 2.60242288e+14  5.20404661e+33  1.39361000e+01  2.64694539e-01  8.27460000e+00  2.22040768e-01  1.57940226e-01  2.85753717e-01  5.07157097e-02  1.94846340e+06 
 2.60738063e+14  5.23781443e+33  1.39211000e+01  2.66079243e-01  8.28860000e+00  2.23464189e-01  1.58647847e-01  2.84171784e-01  5.12024259e-02  1.90621421e+06 
 2.61233838e+14  5.27158225e+33  1.39051000e+01  2.67461730e-01  8.30260000e+00  2.24890478e-01  1.59379625e-01  2.82576969e-01  5.17110582e-02  1.86515161e+06 
 2.61729613e+14  5.30535007e+33  1.38901000e+01  2.68841966e-01  8.31660000e+00  2.26319608e-01  1.60089840e-01  2.80969323e-01  5.22046368e-02  1.82523593e+06 
 2.62225388e+14  5.33911788e+33  1.38751000e+01  2.70219916e-01  8.32960000e+00  2.27698298e-01  1.60801290e-01  2.79658162e-01  5.27015737e-02  1.78642917e+06 
 2.62721164e+14  5.37288570e+33  1.38611000e+01  2.71595553e-01  8.34260000e+00  2.29079421e-01  1.61490674e-01  2.78333990e-01  5.31827000e-02  1.74869460e+06 
 2.63216939e+14  5.40665352e+33  1.38471000e+01  2.72968843e-01  8.35660000e+00  2.30516578e-01  1.62181044e-01  2.76687918e-01  5.36668209e-02  1.71199700e+06 
 2.63712714e+14  5.44042134e+33  1.38331000e+01  2.74339759e-01  8.36960000e+00  2.31902692e-01  1.62872403e-01  2.75338034e-01  5.41539530e-02  1.67630238e+06 
 2.64208489e+14  5.47418916e+33  1.38191000e+01  2.75708272e-01  8.38260000e+00  2.33291179e-01  1.63564751e-01  2.73975324e-01  5.46441074e-02  1.64157802e+06 
 2.64704264e+14  5.50795698e+33  1.38061000e+01  2.77074355e-01  8.39560000e+00  2.34682018e-01  1.64234291e-01  2.72599847e-01  5.51173289e-02  1.60779235e+06 
 2.65200040e+14  5.54172479e+33  1.37921000e+01  2.78437983e-01  8.40860000e+00  2.36075187e-01  1.64928492e-01  2.71211719e-01  5.56133654e-02  1.57491512e+06 
 2.65695815e+14  5.57549261e+33  1.37801000e+01  2.79799128e-01  8.42160000e+00  2.37470665e-01  1.65575604e-01  2.69810989e-01  5.60717490e-02  1.54291692e+06 
 2.66191590e+14  5.60926043e+33  1.37671000e+01  2.81157769e-01  8.43460000e+00  2.38868429e-01  1.66247376e-01  2.68397780e-01  5.65529649e-02  1.51176976e+06 
 2.66687365e+14  5.64557546e+33  1.37541000e+01  2.82616435e-01  8.44860000e+00  2.40375397e-01  1.66946944e-01  2.66858878e-01  5.70531935e-02  1.47918384e+06 
 2.67183140e+14  5.68204473e+33  1.37401000e+01  2.84079128e-01  8.46160000e+00  2.41833539e-01  1.67673396e-01  2.65626071e-01  5.75782201e-02  1.44736961e+06 
 2.67678916e+14  5.71851399e+33  1.37281000e+01  2.85539607e-01  8.47560000e+00  2.43349418e-01  1.68351885e-01  2.64073294e-01  5.80642277e-02  1.41643750e+06 
 2.68174691e+14  5.75498326e+33  1.37151000e+01  2.86997834e-01  8.48860000e+00  2.44812893e-01  1.69055636e-01  2.62814588e-01  5.85740827e-02  1.38635890e+06 
 2.68670466e+14  5.79145252e+33  1.37031000e+01  2.88453769e-01  8.50260000e+00  2.46334390e-01  1.69735464e-01  2.61236591e-01  5.90652877e-02  1.35710594e+06 
 2.69166241e+14  5.82792179e+33  1.36901000e+01  2.89907379e-01  8.51560000e+00  2.47803072e-01  1.70440804e-01  2.59952355e-01  5.95807657e-02  1.32865191e+06 
 2.69662016e+14  5.86439105e+33  1.36791000e+01  2.91358630e-01  8.52860000e+00  2.49274221e-01  1.71096958e-01  2.58655375e-01  6.00552516e-02  1.30097084e+06 
 2.70157792e+14  5.90086031e+33  1.36671000e+01  2.92807487e-01  8.54160000e+00  2.50747817e-01  1.71778622e-01  2.57345728e-01  6.05540248e-02  1.27403797e+06 
 2.70653567e+14  5.93732958e+33  1.36551000e+01  2.94253919e-01  8.55460000e+00  2.52223828e-01  1.72460900e-01  2.56023525e-01  6.10553363e-02  1.24782923e+06 
 2.71149342e+14  5.97379884e+33  1.36441000e+01  2.95697897e-01  8.56760000e+00  2.53702229e-01  1.73118407e-01  2.54688843e-01  6.15366358e-02  1.22232141e+06 
 2.71645117e+14  6.01026811e+33  1.36331000e+01  2.97139391e-01  8.58060000e+00  2.55182994e-01  1.73776287e-01  2.53341792e-01  6.20200875e-02  1.19749225e+06 
 2.72140892e+14  6.04673737e+33  1.36231000e+01  2.98578371e-01  8.59360000e+00  2.56666099e-01  1.74408927e-01  2.51982421e-01  6.24827537e-02  1.17332018e+06 
 2.72636668e+14  6.08320664e+33  1.36121000e+01  3.00014812e-01  8.60560000e+00  2.58094671e-01  1.75067430e-01  2.50915166e-01  6.29703212e-02  1.14978453e+06 
 2.73132443e+14  6.11967590e+33  1.36021000e+01  3.01448686e-01  8.61860000e+00  2.59582217e-01  1.75700461e-01  2.49531246e-01  6.34367244e-02  1.12686521e+06 
 2.73628218e+14  6.15614517e+33  1.35921000e+01  3.02879969e-01  8.63060000e+00  2.61014848e-01  1.76333631e-01  2.48439103e-01  6.39049036e-02  1.10454295e+06 
 2.74123993e+14  6.19261443e+33  1.35821000e+01  3.04308636e-01  8.64360000e+00  2.62506745e-01  1.76966935e-01  2.47030974e-01  6.43748590e-02  1.08279914e+06 
 2.74619769e+14  6.22908370e+33  1.35721000e+01  3.05734663e-01  8.65560000e+00  2.63943355e-01  1.77600375e-01  2.45914298e-01  6.48465914e-02  1.06161583e+06 
 2.75115544e+14  6.30680412e+33  1.35521000e+01  3.08772904e-01  8.68160000e+00  2.67039968e-01  1.78918423e-01  2.43379528e-01  6.58275084e-02  1.01815259e+06 
 2.75611319e+14  6.45416903e+33  1.35151000e+01  3.14584909e-01  8.73060000e+00  2.72959036e-01  1.81419109e-01  2.38677421e-01  6.77020318e-02  9.40972584e+05 
 2.76107094e+14  6.52359980e+33  1.34991000e+01  3.17342324e-01  8.75360000e+00  2.75769215e-01  1.82570076e-01  2.36490403e-01  6.85658864e-02  9.06902419e+05 
 2.76602869e+14  6.58610485e+33  1.34841000e+01  3.19826952e-01  8.77460000e+00  2.78326640e-01  1.83626135e-01  2.34420238e-01  6.93660774e-02  8.77505893e+05 
 2.77098645e+14  6.64860991e+33  1.34711000e+01  3.22313343e-01  8.79460000e+00  2.80834282e-01  1.84630933e-01  2.32637949e-01  7.01213262e-02  8.49263345e+05 
 2.77594420e+14  6.71111496e+33  1.34571000e+01  3.24801252e-01  8.81560000e+00  2.83410492e-01  1.85666130e-01  2.30542513e-01  7.09087883e-02  8.22124078e+05 
 2.78090195e+14  6.77362002e+33  1.34441000e+01  3.27290447e-01  8.83560000e+00  2.85936083e-01  1.86676680e-01  2.28733814e-01  7.16760953e-02  7.96039722e+05 
 2.78585970e+14  6.83612508e+33  1.34321000e+01  3.29780699e-01  8.85560000e+00  2.88470291e-01  1.87662013e-01  2.26911561e-01  7.24223206e-02  7.70964232e+05 
 2.79081745e+14  6.89863013e+33  1.34201000e+01  3.32271784e-01  8.87560000e+00  2.91012976e-01  1.88649695e-01  2.25075733e-01  7.31738184e-02  7.46853708e+05 
 2.79577521e+14  6.96400953e+33  1.34081000e+01  3.34878427e-01  8.89660000e+00  2.93686562e-01  1.89669751e-01  2.23117611e-01  7.39503619e-02  7.22618422e+05 
 2.80073296e+14  7.02982229e+33  1.33961000e+01  3.37503677e-01  8.91660000e+00  2.96317887e-01  1.90696883e-01  2.21471767e-01  7.47354909e-02  6.99189070e+05 
 2.80569071e+14  7.09563504e+33  1.33841000e+01  3.40130017e-01  8.93760000e+00  2.99019306e-01  1.91726546e-01  2.19514543e-01  7.55262560e-02  6.76686319e+05 
 2.81064846e+14  7.16144780e+33  1.33731000e+01  3.42757205e-01  8.95760000e+00  3.01668300e-01  1.92729871e-01  2.17839943e-01  7.62941250e-02  6.55068891e+05 
 2.81560621e+14  7.22726055e+33  1.33621000e+01  3.45385012e-01  8.97860000e+00  3.04387639e-01  1.93735301e-01  2.15854973e-01  7.70669961e-02  6.34297446e+05 
 2.82056397e+14  7.29307330e+33  1.33521000e+01  3.48013212e-01  8.99860000e+00  3.07053703e-01  1.94713618e-01  2.14151547e-01  7.78157072e-02  6.14334449e+05 
 2.82552172e+14  7.35888606e+33  1.33421000e+01  3.50641592e-01  9.01860000e+00  3.09727951e-01  1.95693610e-01  2.12433443e-01  7.85687758e-02  5.95144155e+05 
 2.83047947e+14  7.42747025e+33  1.33321000e+01  3.53380927e-01  9.03960000e+00  3.12533434e-01  1.96704266e-01  2.10581464e-01  7.93456997e-02  5.75929146e+05 
 2.83543722e+14  7.49671639e+33  1.33221000e+01  3.56147335e-01  9.05960000e+00  3.15299490e-01  1.97723677e-01  2.09050258e-01  8.01318967e-02  5.57299631e+05 
 2.84039497e+14  7.56596254e+33  1.33131000e+01  3.58914150e-01  9.08060000e+00  3.18137330e-01  1.98715034e-01  2.07210085e-01  8.08923329e-02  5.39409770e+05 
 2.84535273e+14  7.63520868e+33  1.33041000e+01  3.61681140e-01  9.10160000e+00  3.20984066e-01  1.99707807e-01  2.05355169e-01  8.16567512e-02  5.22226214e+05 
 2.85031048e+14  7.70445483e+33  1.32951000e+01  3.64448082e-01  9.12160000e+00  3.23775678e-01  2.00701952e-01  2.03777545e-01  8.24251274e-02  5.05717175e+05 
 2.85526823e+14  7.77370097e+33  1.32871000e+01  3.67214759e-01  9.14160000e+00  3.26575337e-01  2.01667058e-01  2.02184073e-01  8.31661243e-02  4.89852375e+05 
 2.86022598e+14  7.84294712e+33  1.32791000e+01  3.69980964e-01  9.16160000e+00  3.29382911e-01  2.02633104e-01  2.00574796e-01  8.39104050e-02  4.74603032e+05 
 2.86518373e+14  7.91480218e+33  1.32711000e+01  3.72850928e-01  9.18260000e+00  3.32320590e-01  2.03627311e-01  1.98817046e-01  8.46765949e-02  4.59399195e+05 
 2.87014149e+14  7.98760994e+33  1.32641000e+01  3.75758881e-01  9.20360000e+00  3.35288145e-01  2.04601655e-01  1.97101086e-01  8.54208446e-02  4.44605582e+05 
 2.87509924e+14  8.06041770e+33  1.32561000e+01  3.78666563e-01  9.22460000e+00  3.38264481e-01  2.05607707e-01  1.95369250e-01  8.62004542e-02  4.30399745e+05 
 2.88005699e+14  8.13322546e+33  1.32491000e+01  3.81573749e-01  9.24460000e+00  3.41183843e-01  2.06583542e-01  1.93910152e-01  8.69506679e-02  4.16754932e+05 
 2.88501474e+14  8.20603321e+33  1.32421000e+01  3.84480219e-01  9.26560000e+00  3.44177024e-01  2.07559963e-01  1.92146020e-01  8.77036514e-02  4.03645734e+05 
 2.88997249e+14  8.27884097e+33  1.32361000e+01  3.87385768e-01  9.28560000e+00  3.47112372e-01  2.08505412e-01  1.90653587e-01  8.84259515e-02  3.91047952e+05 
 2.89493025e+14  8.35164873e+33  1.32301000e+01  3.90290189e-01  9.30560000e+00  3.50055380e-01  2.09451026e-01  1.89144237e-01  8.91503402e-02  3.78938600e+05 
 2.89988800e+14  8.42683577e+33  1.32241000e+01  3.93288340e-01  9.32660000e+00  3.53125704e-01  2.10421480e-01  1.87469057e-01  8.98939213e-02  3.66922186e+05 
 2.90484575e+14  8.50333584e+33  1.32181000e+01  3.96338079e-01  9.34760000e+00  3.56233848e-01  2.11405791e-01  1.85852804e-01  9.06491456e-02  3.55179802e+05 
 2.90980350e+14  8.57983592e+33  1.32131000e+01  3.99386867e-01  9.36760000e+00  3.59283150e-01  2.12358153e-01  1.84504642e-01  9.13719627e-02  3.43903062e+05 
 2.91476125e+14  8.65633600e+33  1.32071000e+01  4.02434484e-01  9.38860000e+00  3.62407910e-01  2.13342655e-01  1.82853857e-01  9.21311968e-02  3.33070741e+05 
 2.91971901e+14  8.73283608e+33  1.32021000e+01  4.05480721e-01  9.40860000e+00  3.65472942e-01  2.14294789e-01  1.81470167e-01  9.28573379e-02  3.22662615e+05 
 2.92467676e+14  8.80933615e+33  1.31981000e+01  4.08525370e-01  9.42960000e+00  3.68613764e-01  2.15214031e-01  1.79785129e-01  9.35494654e-02  3.12659480e+05 
 2.92963451e+14  8.88583623e+33  1.31931000e+01  4.11568239e-01  9.44960000e+00  3.71694023e-01  2.16165419e-01  1.78366159e-01  9.42781415e-02  3.03043101e+05 
 2.93459226e+14  8.96441079e+33  1.31891000e+01  4.14691713e-01  9.46960000e+00  3.74828129e-01  2.17104866e-01  1.77043383e-01  9.49870857e-02  2.93549917e+05 
 2.93955002e+14  9.04473633e+33  1.31851000e+01  4.17883303e-01  9.49060000e+00  3.78078358e-01  2.18061721e-01  1.75516353e-01  9.57094904e-02  2.84227065e+05 
 2.94450777e+14  9.12506188e+33  1.31811000e+01  4.21073258e-01  9.51160000e+00  3.81336857e-01  2.19017946e-01  1.73971331e-01  9.64327251e-02  2.75272477e+05 
 2.94946552e+14  9.20538743e+33  1.31771000e+01  4.24261363e-01  9.53260000e+00  3.84603477e-01  2.19973494e-01  1.72408441e-01  9.71567371e-02  2.66669346e+05 
 2.95442327e+14  9.28571298e+33  1.31741000e+01  4.27447412e-01  9.55260000e+00  3.87808045e-01  2.20894772e-01  1.71107394e-01  9.78443243e-02  2.58401682e+05 
 2.95938102e+14  9.36603853e+33  1.31711000e+01  4.30631208e-01  9.57260000e+00  3.91019871e-01  2.21814972e-01  1.69787477e-01  9.85320215e-02  2.50454310e+05 
 2.96433878e+14  9.44636407e+33  1.31681000e+01  4.33812559e-01  9.59260000e+00  3.94238848e-01  2.22734045e-01  1.68448754e-01  9.92197705e-02  2.42812798e+05 
 2.96929653e+14  9.52837554e+33  1.31651000e+01  4.37058062e-01  9.61360000e+00  3.97573856e-01  2.23669082e-01  1.66901602e-01  9.99195780e-02  2.35312017e+05 
 2.97425428e+14  9.61266211e+33  1.31631000e+01  4.40391365e-01  9.63460000e+00  4.00968188e-01  2.24591968e-01  1.65454747e-01  1.00597461e-01  2.27904200e+05 
 2.97921203e+14  9.69694867e+33  1.31601000e+01  4.43722341e-01  9.65460000e+00  4.04298967e-01  2.25547677e-01  1.64265606e-01  1.01313293e-01  2.20787398e+05 
 2.98416978e+14  9.78123523e+33  1.31581000e+01  4.47050783e-01  9.67560000e+00  4.07708870e-01  2.26467757e-01  1.62780523e-01  1.01990313e-01  2.13948338e+05 
 2.98912754e+14  9.86552179e+33  1.31561000e+01  4.50376486e-01  9.69560000e+00  4.11054338e-01  2.27386291e-01  1.61552145e-01  1.02666683e-01  2.07374428e+05 
 2.99408529e+14  9.94980835e+33  1.31551000e+01  4.53699261e-01  9.71660000e+00  4.14479279e-01  2.28268524e-01  1.60029346e-01  1.03303077e-01  2.01053688e+05 
 2.99904304e+14  1.00340949e+34  1.31531000e+01  4.57018921e-01  9.73660000e+00  4.17838935e-01  2.29183690e-01  1.58762323e-01  1.03977722e-01  1.94974754e+05 
 3.00400079e+14  1.01195860e+34  1.31521000e+01  4.60382699e-01  9.75660000e+00  4.21232654e-01  2.30074235e-01  1.57535565e-01  1.04620259e-01  1.89044788e+05 
 3.00895854e+14  1.02079714e+34  1.31511000e+01  4.63857358e-01  9.77760000e+00  4.24772394e-01  2.30991779e-01  1.56158980e-01  1.05281850e-01  1.83151314e+05 
 3.01391630e+14  1.02963569e+34  1.31501000e+01  4.67328990e-01  9.79760000e+00  4.28246175e-01  2.31907345e-01  1.55034966e-01  1.05942061e-01  1.77487780e+05 
 3.01887405e+14  1.03847423e+34  1.31491000e+01  4.70797392e-01  9.81860000e+00  4.31800951e-01  2.32820894e-01  1.53618633e-01  1.06600840e-01  1.72043752e+05 
 3.02383180e+14  1.04731278e+34  1.31481000e+01  4.74262366e-01  9.83860000e+00  4.35288880e-01  2.33732383e-01  1.52453928e-01  1.07258133e-01  1.66809311e+05 
 3.02878955e+14  1.05615132e+34  1.31481000e+01  4.77723728e-01  9.85860000e+00  4.38783529e-01  2.34606079e-01  1.51268865e-01  1.07872856e-01  1.61775030e+05 
 3.03374730e+14  1.06498987e+34  1.31481000e+01  4.81181294e-01  9.87860000e+00  4.42284795e-01  2.35477359e-01  1.50063566e-01  1.08485501e-01  1.56931958e+05 
 3.03870506e+14  1.07389046e+34  1.31481000e+01  4.84659133e-01  9.89960000e+00  4.45881885e-01  2.36352280e-01  1.48598267e-01  1.09100297e-01  1.52239483e+05 
 3.04366281e+14  1.08315291e+34  1.31481000e+01  4.88274553e-01  9.91960000e+00  4.49492964e-01  2.37260262e-01  1.47551572e-01  1.09737871e-01  1.47543283e+05 
 3.04862056e+14  1.09241536e+34  1.31481000e+01  4.91886235e-01  9.94060000e+00  4.53186744e-01  2.38165748e-01  1.46215497e-01  1.10373210e-01  1.43028867e+05 
 3.05357831e+14  1.10167781e+34  1.31481000e+01  4.95493985e-01  9.96060000e+00  4.56811657e-01  2.39068706e-01  1.45126583e-01  1.11006277e-01  1.38688029e+05 
 3.05853606e+14  1.11094026e+34  1.31491000e+01  4.99097604e-01  9.98160000e+00  4.60519634e-01  2.39932592e-01  1.43749921e-01  1.11594569e-01  1.34512967e+05 
 3.06349382e+14  1.12020271e+34  1.31501000e+01  5.02696917e-01  1.00016000e+01  4.64157882e-01  2.40793613e-01  1.42619495e-01  1.12180031e-01  1.30496272e+05 
 3.06845157e+14  1.12946516e+34  1.31511000e+01  5.06291745e-01  1.00216000e+01  4.67802454e-01  2.41651731e-01  1.41468338e-01  1.12762617e-01  1.26630900e+05 
 3.07340932e+14  1.13872761e+34  1.31521000e+01  5.09881921e-01  1.00406000e+01  4.71375838e-01  2.42506913e-01  1.40561291e-01  1.13342281e-01  1.22910156e+05 
 3.07836707e+14  1.14842056e+34  1.31531000e+01  5.13634297e-01  1.00616000e+01  4.75208283e-01  2.43400515e-01  1.39294724e-01  1.13947821e-01  1.19163963e+05 
 3.08332482e+14  1.15812115e+34  1.31541000e+01  5.17385178e-01  1.00826000e+01  4.79049634e-01  2.44291850e-01  1.38010777e-01  1.14550805e-01  1.15558610e+05 
 3.08828258e+14  1.16782175e+34  1.31561000e+01  5.21131406e-01  1.01026000e+01  4.82819670e-01  2.45142879e-01  1.36968971e-01  1.15106926e-01  1.12090661e+05 
 3.09324033e+14  1.17752234e+34  1.31581000e+01  5.24872798e-01  1.01226000e+01  4.86595971e-01  2.45990594e-01  1.35905587e-01  1.15659476e-01  1.08753986e+05 
 3.09819808e+14  1.18722294e+34  1.31591000e+01  5.28609177e-01  1.01426000e+01  4.90378422e-01  2.46872485e-01  1.34820855e-01  1.16252583e-01  1.05542757e+05 
 3.10315583e+14  1.19692353e+34  1.31611000e+01  5.32340370e-01  1.01626000e+01  4.94166905e-01  2.47713602e-01  1.33714968e-01  1.16798080e-01  1.02451428e+05 
 3.10811359e+14  1.20662412e+34  1.31631000e+01  5.36066216e-01  1.01826000e+01  4.97961311e-01  2.48551316e-01  1.32588159e-01  1.17339895e-01  9.94747339e+04 
 3.11307134e+14  1.21668759e+34  1.31661000e+01  5.39925952e-01  1.02026000e+01  5.01844196e-01  2.49381773e-01  1.31591924e-01  1.17856691e-01  9.65022319e+04 
 3.11802909e+14  1.22684078e+34  1.31681000e+01  5.43814912e-01  1.02226000e+01  5.05753697e-01  2.50254930e-01  1.30610841e-01  1.18419996e-01  9.36167244e+04 
 3.12298684e+14  1.23699397e+34  1.31711000e+01  5.47698496e-01  1.02436000e+01  5.09749831e-01  2.51086441e-01  1.29349317e-01  1.18934249e-01  9.08401425e+04 
 3.12794459e+14  1.24714716e+34  1.31731000e+01  5.51576523e-01  1.02636000e+01  5.13671695e-01  2.51952427e-01  1.28324809e-01  1.19489538e-01  8.81676652e+04 
 3.13290235e+14  1.25730035e+34  1.31761000e+01  5.55448819e-01  1.02836000e+01  5.17599396e-01  2.52776473e-01  1.27278607e-01  1.19995326e-01  8.55947017e+04 
 3.13786010e+14  1.26745354e+34  1.31791000e+01  5.59315219e-01  1.03026000e+01  5.21451331e-01  2.53596694e-01  1.26467382e-01  1.20496749e-01  8.31168917e+04 
 3.14281785e+14  1.27760672e+34  1.31821000e+01  5.63175565e-01  1.03226000e+01  5.25390063e-01  2.54413066e-01  1.25377931e-01  1.20993782e-01  8.07300877e+04 
 3.14777560e+14  1.28804186e+34  1.31851000e+01  5.67136832e-01  1.03426000e+01  5.29398391e-01  2.55251351e-01  1.24378387e-01  1.21503891e-01  7.83675807e+04 
 3.15273335e+14  1.29866230e+34  1.31881000e+01  5.71162491e-01  1.03626000e+01  5.33454647e-01  2.56102640e-01  1.23429394e-01  1.22020921e-01  7.60528409e+04 
 3.15769111e+14  1.30928274e+34  1.31921000e+01  5.75182034e-01  1.03826000e+01  5.37516670e-01  2.56911001e-01  1.22457973e-01  1.22486889e-01  7.38245994e+04 
 3.16264886e+14  1.31990318e+34  1.31951000e+01  5.79195287e-01  1.04026000e+01  5.41584331e-01  2.57754212e-01  1.21464435e-01  1.22994473e-01  7.16790608e+04 
 3.16760661e+14  1.33052362e+34  1.31991000e+01  5.83202084e-01  1.04226000e+01  5.45657508e-01  2.58554231e-01  1.20449020e-01  1.23450619e-01  6.96126088e+04 
 3.17256436e+14  1.34114407e+34  1.32031000e+01  5.87202264e-01  1.04426000e+01  5.49736078e-01  2.59349997e-01  1.19412022e-01  1.23901751e-01  6.76218078e+04 
 3.17752211e+14  1.35176451e+34  1.32071000e+01  5.91195674e-01  1.04616000e+01  5.53735906e-01  2.60141494e-01  1.18605119e-01  1.24347855e-01  6.57033886e+04 
 3.18247987e+14  1.36257142e+34  1.32111000e+01  5.95252176e-01  1.04816000e+01  5.57866889e-01  2.60945286e-01  1.17594120e-01  1.24799947e-01  6.38223396e+04 
 3.18743762e+14  1.37367397e+34  1.32151000e+01  5.99412871e-01  1.05016000e+01  5.62070286e-01  2.61770996e-01  1.16670321e-01  1.25264319e-01  6.19608990e+04 
 3.19239537e+14  1.38477653e+34  1.32191000e+01  6.03566705e-01  1.05216000e+01  5.66279103e-01  2.62592306e-01  1.15724014e-01  1.25723415e-01  6.01682830e+04 
 3.19735312e+14  1.39587908e+34  1.32231000e+01  6.07713506e-01  1.05416000e+01  5.70493208e-01  2.63409201e-01  1.14755494e-01  1.26177230e-01  5.84414978e+04 
 3.20231087e+14  1.40698164e+34  1.32281000e+01  6.11853114e-01  1.05606000e+01  5.74626856e-01  2.64181719e-01  1.14013333e-01  1.26577900e-01  5.67776923e+04 
 3.20726863e+14  1.41808419e+34  1.32321000e+01  6.15985371e-01  1.05806000e+01  5.78850884e-01  2.64989637e-01  1.13000554e-01  1.27020976e-01  5.51741567e+04 
 3.21222638e+14  1.42918674e+34  1.32371000e+01  6.20110134e-01  1.05996000e+01  5.82993579e-01  2.65752945e-01  1.12213537e-01  1.27410614e-01  5.36283078e+04 
 3.21718413e+14  1.44036447e+34  1.32411000e+01  6.24255118e-01  1.06186000e+01  5.87157453e-01  2.66558330e-01  1.11430354e-01  1.27847152e-01  5.21277771e+04 
 3.22214188e+14  1.45196419e+34  1.32461000e+01  6.28548915e-01  1.06386000e+01  5.91507807e-01  2.67355220e-01  1.10524967e-01  1.28253492e-01  5.06270145e+04 
 3.22709963e+14  1.46356391e+34  1.32511000e+01  6.32835092e-01  1.06586000e+01  5.95863224e-01  2.68147304e-01  1.09597056e-01  1.28653988e-01  4.91811319e+04 
 3.23205739e+14  1.47516362e+34  1.32561000e+01  6.37113485e-01  1.06786000e+01  6.00223573e-01  2.68934577e-01  1.08646931e-01  1.29048651e-01  4.77877650e+04 
 3.23701514e+14  1.48676334e+34  1.32611000e+01  6.41383933e-01  1.06976000e+01  6.04500882e-01  2.69717032e-01  1.07918872e-01  1.29437485e-01  4.64446626e+04 
 3.24197289e+14  1.49836305e+34  1.32661000e+01  6.45646294e-01  1.07176000e+01  6.08870419e-01  2.70494665e-01  1.06924590e-01  1.29820502e-01  4.51496810e+04 
 3.24693064e+14  1.50996277e+34  1.32711000e+01  6.49900421e-01  1.07366000e+01  6.13156052e-01  2.71267469e-01  1.06151779e-01  1.30197706e-01  4.39007791e+04 
 3.25188839e+14  1.52156248e+34  1.32771000e+01  6.54146175e-01  1.07556000e+01  6.17445541e-01  2.71994453e-01  1.05356672e-01  1.30519935e-01  4.26960136e+04 
 3.25684615e+14  1.53362131e+34  1.32821000e+01  6.58551378e-01  1.07756000e+01  6.21931126e-01  2.72795813e-01  1.04447334e-01  1.30909579e-01  4.14882600e+04 
 3.26180390e+14  1.54573342e+34  1.32881000e+01  6.62967670e-01  1.07946000e+01  6.26343913e-01  2.73555467e-01  1.03773946e-01  1.31246569e-01  4.03189326e+04 
 3.26676165e+14  1.55784553e+34  1.32931000e+01  6.67375417e-01  1.08146000e+01  6.30850383e-01  2.74351224e-01  1.02836847e-01  1.31626779e-01  3.91915975e+04 
 3.27171940e+14  1.56995764e+34  1.32991000e+01  6.71774465e-01  1.08336000e+01  6.35271202e-01  2.75100621e-01  1.02117685e-01  1.31951326e-01  3.81044713e+04 
 3.27667716e+14  1.58206974e+34  1.33051000e+01  6.76164672e-01  1.08526000e+01  6.39695696e-01  2.75844842e-01  1.01375833e-01  1.32269633e-01  3.70558573e+04 
 3.28163491e+14  1.59418185e+34  1.33111000e+01  6.80545897e-01  1.08716000e+01  6.44123770e-01  2.76583886e-01  1.00611560e-01  1.32581719e-01  3.60441388e+04 
 3.28659266e+14  1.60629396e+34  1.33161000e+01  6.84918013e-01  1.08906000e+01  6.48555321e-01  2.77359412e-01  9.98251961e-02  1.32937512e-01  3.50677760e+04 
 3.29155041e+14  1.61873355e+34  1.33221000e+01  6.89398921e-01  1.09096000e+01  6.53063383e-01  2.78114647e-01  9.91170172e-02  1.33253471e-01  3.41002339e+04 
 3.29650816e+14  1.63137346e+34  1.33281000e+01  6.93942828e-01  1.09296000e+01  6.57711459e-01  2.78880762e-01  9.82100456e-02  1.33572895e-01  3.31519802e+04 
 3.30146592e+14  1.64401336e+34  1.33351000e+01  6.98477415e-01  1.09486000e+01  6.62271685e-01  2.79599604e-01  9.75173464e-02  1.33835670e-01  3.22373847e+04 
 3.30642367e+14  1.65665327e+34  1.33411000e+01  7.03002538e-01  1.09676000e+01  6.66835313e-01  2.80354973e-01  9.68018340e-02  1.34142125e-01  3.13550353e+04 
 3.31138142e+14  1.66929317e+34  1.33471000e+01  7.07518060e-01  1.09866000e+01  6.71402235e-01  2.81105024e-01  9.60638046e-02  1.34442188e-01  3.05035843e+04 
 3.31633917e+14  1.68193308e+34  1.33531000e+01  7.12023848e-01  1.10056000e+01  6.75972339e-01  2.81849760e-01  9.53035818e-02  1.34735888e-01  2.96817482e+04 
 3.32129692e+14  1.69457299e+34  1.33601000e+01  7.16519777e-01  1.10236000e+01  6.80452210e-01  2.82546879e-01  9.47554499e-02  1.34972726e-01  2.88883030e+04 
 3.32625468e+14  1.70738886e+34  1.33661000e+01  7.21068161e-01  1.10426000e+01  6.85067073e-01  2.83294641e-01  9.40015954e-02  1.35261801e-01  2.81115943e+04 
 3.33121243e+14  1.72057213e+34  1.33731000e+01  7.25736895e-01  1.10626000e+01  6.89860421e-01  2.84023177e-01  9.30976170e-02  1.35510603e-01  2.73404782e+04 
 3.33617018e+14  1.73375540e+34  1.33791000e+01  7.30395535e-01  1.10816000e+01  6.94563259e-01  2.84788643e-01  9.24041596e-02  1.35803416e-01  2.65964103e+04 
 3.34112793e+14  1.74693867e+34  1.33861000e+01  7.35043938e-01  1.10996000e+01  6.99174482e-01  2.85505988e-01  9.19197994e-02  1.36038860e-01  2.58782667e+04 
 3.34608568e+14  1.76012194e+34  1.33931000e+01  7.39681974e-01  1.11186000e+01  7.03882880e-01  2.86217710e-01  9.11809453e-02  1.36267658e-01  2.51849767e+04 
 3.35104344e+14  1.77330521e+34  1.33991000e+01  7.44309513e-01  1.11376000e+01  7.08594064e-01  2.86966651e-01  9.04201580e-02  1.36540793e-01  2.45155191e+04 
 3.35600119e+14  1.78648848e+34  1.34061000e+01  7.48926436e-01  1.11556000e+01  7.13212368e-01  2.87667235e-01  8.98677130e-02  1.36756477e-01  2.38689191e+04 
 3.36095894e+14  1.79967476e+34  1.34131000e+01  7.53533684e-01  1.11746000e+01  7.17929160e-01  2.88362453e-01  8.90642474e-02  1.36965769e-01  2.32441077e+04 
 3.36591669e+14  1.81341711e+34  1.34201000e+01  7.58324200e-01  1.11936000e+01  7.22770751e-01  2.89093879e-01  8.83883028e-02  1.37192149e-01  2.26152724e+04 
 3.37087444e+14  1.82715947e+34  1.34271000e+01  7.63103832e-01  1.12126000e+01  7.27615035e-01  2.89819540e-01  8.76897694e-02  1.37411721e-01  2.20082294e+04 
 3.37583220e+14  1.84090182e+34  1.34341000e+01  7.67872451e-01  1.12306000e+01  7.32365051e-01  2.90539453e-01  8.71967009e-02  1.37624542e-01  2.14220840e+04 
 3.38078995e+14  1.85464417e+34  1.34411000e+01  7.72629929e-01  1.12496000e+01  7.37214057e-01  2.91253631e-01  8.64534423e-02  1.37830662e-01  2.08559822e+04 
 3.38574770e+14  1.86838653e+34  1.34481000e+01  7.77376143e-01  1.12676000e+01  7.41967936e-01  2.91962085e-01  8.59151814e-02  1.38030129e-01  2.03091094e+04 
 3.39070545e+14  1.88212888e+34  1.34561000e+01  7.82110982e-01  1.12866000e+01  7.46821247e-01  2.92621326e-01  8.51284551e-02  1.38171637e-01  1.97806880e+04 
 3.39566320e+14  1.89587123e+34  1.34631000e+01  7.86834333e-01  1.13046000e+01  7.51578609e-01  2.93318290e-01  8.45462673e-02  1.38357902e-01  1.92699770e+04 
 3.40062096e+14  1.90999555e+34  1.34701000e+01  7.91677121e-01  1.13226000e+01  7.56420589e-01  2.94037251e-01  8.40379734e-02  1.38552602e-01  1.87627587e+04 
 3.40557871e+14  1.92431285e+34  1.34781000e+01  7.96574425e-01  1.13416000e+01  7.61404932e-01  2.94720614e-01  8.33305385e-02  1.38696609e-01  1.82660987e+04 
 3.41053646e+14  1.93863015e+34  1.34851000e+01  8.01459932e-01  1.13596000e+01  7.66292314e-01  2.95441786e-01  8.28251368e-02  1.38885263e-01  1.77863292e+04 
 3.41549421e+14  1.95294745e+34  1.34921000e+01  8.06333520e-01  1.13786000e+01  7.71280508e-01  2.96157126e-01  8.20737555e-02  1.39067201e-01  1.73227677e+04 
 3.42045196e+14  1.96726474e+34  1.35001000e+01  8.11195074e-01  1.13966000e+01  7.76170896e-01  2.96822664e-01  8.15239148e-02  1.39190914e-01  1.68747626e+04 
 3.42540972e+14  1.98158204e+34  1.35071000e+01  8.16044484e-01  1.14146000e+01  7.81062476e-01  2.97526301e-01  8.09520993e-02  1.39359550e-01  1.64416925e+04 
 3.43036747e+14  1.99589934e+34  1.35151000e+01  8.20881651e-01  1.14326000e+01  7.85955157e-01  2.98180018e-01  8.03586015e-02  1.39470026e-01  1.60229632e+04 
 3.43532522e+14  2.01039387e+34  1.35221000e+01  8.25766171e-01  1.14506000e+01  7.90887034e-01  2.98884391e-01  7.97853357e-02  1.39631950e-01  1.56130757e+04 
 3.44028297e+14  2.02530211e+34  1.35301000e+01  8.30777570e-01  1.14686000e+01  7.95909097e-01  2.99567460e-01  7.92868823e-02  1.39750380e-01  1.52055662e+04 
 3.44524073e+14  2.04021034e+34  1.35381000e+01  8.35776385e-01  1.14876000e+01  8.01033541e-01  3.00244432e-01  7.85457804e-02  1.39862004e-01  1.48117452e+04 
 3.45019848e+14  2.05511858e+34  1.35461000e+01  8.40762497e-01  1.15056000e+01  8.06057928e-01  3.00915328e-01  7.80030998e-02  1.39966890e-01  1.44310663e+04 
 3.45515623e+14  2.07002681e+34  1.35531000e+01  8.45735804e-01  1.15236000e+01  8.11083148e-01  3.01624683e-01  7.74385880e-02  1.40116794e-01  1.40630073e+04 
 3.46011398e+14  2.08493504e+34  1.35611000e+01  8.50696198e-01  1.15416000e+01  8.16109106e-01  3.02283565e-01  7.68525227e-02  1.40208420e-01  1.37070693e+04 
 3.46507173e+14  2.09984328e+34  1.35691000e+01  8.55643587e-01  1.15586000e+01  8.21033125e-01  3.02936435e-01  7.64632418e-02  1.40293513e-01  1.33627759e+04 
 3.47002949e+14  2.11475151e+34  1.35771000e+01  8.60577876e-01  1.15766000e+01  8.26060024e-01  3.03583314e-01  7.58344503e-02  1.40372136e-01  1.30296721e+04 
 3.47498724e+14  2.13021296e+34  1.35851000e+01  8.65681759e-01  1.15946000e+01  8.31205258e-01  3.04261280e-01  7.53058451e-02  1.40462311e-01  1.26955364e+04 
 3.47994499e+14  2.14572824e+34  1.35931000e+01  8.70790056e-01  1.16126000e+01  8.36362543e-01  3.04936689e-01  7.47670014e-02  1.40547515e-01  1.23713417e+04 
 3.48490274e+14  2.16124352e+34  1.36011000e+01  8.75884870e-01  1.16306000e+01  8.41520312e-01  3.05605952e-01  7.42064283e-02  1.40626060e-01  1.20578322e+04 
 3.48986049e+14  2.17675880e+34  1.36091000e+01  8.80966100e-01  1.16486000e+01  8.46678462e-01  3.06269094e-01  7.36244603e-02  1.40698023e-01  1.17545882e+04 
 3.49481825e+14  2.19227408e+34  1.36171000e+01  8.86033651e-01  1.16656000e+01  8.51732373e-01  3.06926138e-01  7.32363822e-02  1.40763479e-01  1.14612087e+04 
 3.49977600e+14  2.20778936e+34  1.36251000e+01  8.91087433e-01  1.16836000e+01  8.56890704e-01  3.07577108e-01  7.26120642e-02  1.40822496e-01  1.11773105e+04 
 3.50473375e+14  2.22330464e+34  1.36331000e+01  8.96127360e-01  1.17006000e+01  8.61943997e-01  3.08222027e-01  7.21812496e-02  1.40875146e-01  1.09025271e+04 
 3.50969150e+14  2.23913011e+34  1.36411000e+01  9.01253816e-01  1.17186000e+01  8.67167412e-01  3.08880899e-01  7.15792288e-02  1.40930636e-01  1.06312706e+04 
 3.51464925e+14  2.25526866e+34  1.36491000e+01  9.06467539e-01  1.17366000e+01  8.72456750e-01  3.09553760e-01  7.10200721e-02  1.40988820e-01  1.03636288e+04 
 3.51960701e+14  2.27140720e+34  1.36571000e+01  9.11667000e-01  1.17536000e+01  8.77640016e-01  3.10220417e-01  7.06520921e-02  1.41040459e-01  1.01046986e+04 
 3.52456476e+14  2.28754575e+34  1.36661000e+01  9.16852100e-01  1.17716000e+01  8.82928954e-01  3.10835392e-01  7.00503152e-02  1.41091381e-01  9.85814987e+03 
 3.52952251e+14  2.30368429e+34  1.36741000e+01  9.22022751e-01  1.17886000e+01  8.88110999e-01  3.11489647e-01  6.96393708e-02  1.41072817e-01  9.61163542e+03 
 3.53448026e+14  2.31982284e+34  1.36821000e+01  9.27178873e-01  1.18056000e+01  8.93292139e-01  3.12137777e-01  6.92072024e-02  1.41105307e-01  9.37686995e+03 
 3.53943801e+14  2.33596138e+34  1.36901000e+01  9.32320382e-01  1.18226000e+01  8.98472300e-01  3.12779805e-01  6.87541059e-02  1.41131560e-01  9.14954988e+03 
 3.54439577e+14  2.35213715e+34  1.36981000e+01  9.37459021e-01  1.18396000e+01  9.03659140e-01  3.13418063e-01  6.82875027e-02  1.41152642e-01  8.92889245e+03 
 3.54935352e+14  2.36891527e+34  1.37071000e+01  9.42773896e-01  1.18576000e+01  9.09077893e-01  3.14041604e-01  6.77053688e-02  1.41189382e-01  8.71085082e+03 
 3.55431127e+14  2.38569339e+34  1.37151000e+01  9.48073729e-01  1.18746000e+01  9.14387858e-01  3.14704652e-01  6.73115722e-02  1.41156367e-01  8.49284470e+03 
 3.55926902e+14  2.40247151e+34  1.37231000e+01  9.53358426e-01  1.18926000e+01  9.19805234e-01  3.15361474e-01  6.66879548e-02  1.41174465e-01  8.28523104e+03 
 3.56422677e+14  2.41924963e+34  1.37321000e+01  9.58627911e-01  1.19096000e+01  9.25113039e-01  3.15966070e-01  6.62522456e-02  1.41134927e-01  8.08420507e+03 
 3.56918453e+14  2.43602775e+34  1.37401000e+01  9.63882106e-01  1.19266000e+01  9.30419466e-01  3.16610461e-01  6.57958658e-02  1.41140663e-01  7.88951687e+03 
 3.57414228e+14  2.45280587e+34  1.37481000e+01  9.69120937e-01  1.19436000e+01  9.35724431e-01  3.17248711e-01  6.53191122e-02  1.41140322e-01  7.70092714e+03 
 3.57910003e+14  2.46958399e+34  1.37571000e+01  9.74344339e-01  1.19596000e+01  9.40918033e-01  3.17834631e-01  6.50288057e-02  1.41082695e-01  7.51820679e+03 
 3.58405778e+14  2.48675045e+34  1.37651000e+01  9.79672772e-01  1.19766000e+01  9.46299033e-01  3.18483638e-01  6.45806864e-02  1.41079619e-01  7.33709804e+03 
 3.58901553e+14  2.50418453e+34  1.37741000e+01  9.85068502e-01  1.19936000e+01  9.51733176e-01  3.19095919e-01  6.41593410e-02  1.41025492e-01  7.15896106e+03 
 3.59397329e+14  2.52161862e+34  1.37821000e+01  9.90448329e-01  1.20106000e+01  9.57165629e-01  3.19748213e-01  6.37172512e-02  1.41016459e-01  6.98644186e+03 
 3.59893104e+14  2.53905271e+34  1.37911000e+01  9.95812182e-01  1.20276000e+01  9.62596309e-01  3.20347808e-01  6.32547025e-02  1.40950256e-01  6.81932853e+03 
 3.60388879e+14  2.55648679e+34  1.37991000e+01  1.00115999e+00  1.20446000e+01  9.68025125e-01  3.20987606e-01  6.27720549e-02  1.40929232e-01  6.65741841e+03 
 3.60884654e+14  2.57392088e+34  1.38081000e+01  1.00649168e+00  1.20616000e+01  9.73452002e-01  3.21574643e-01  6.22695583e-02  1.40908694e-01  6.50316596e+03 
 3.61380429e+14  2.59135497e+34  1.38161000e+01  1.01180721e+00  1.20776000e+01  9.78764879e-01  3.22202064e-01  6.19507849e-02  1.40818622e-01  6.34843926e+03 
 3.61876205e+14  2.60885508e+34  1.38251000e+01  1.01712654e+00  1.20946000e+01  9.84200661e-01  3.22780424e-01  6.14200492e-02  1.40788044e-01  6.20298343e+03 
 3.62371980e+14  2.62696159e+34  1.38331000e+01  1.02261351e+00  1.21106000e+01  9.89643895e-01  3.23433716e-01  6.11726330e-02  1.40700583e-01  6.05207400e+03 
 3.62867755e+14  2.64506811e+34  1.38421000e+01  1.02808381e+00  1.21276000e+01  9.95197281e-01  3.24033887e-01  6.07021789e-02  1.40613728e-01  5.90831190e+03 
 3.63363530e+14  2.66317462e+34  1.38511000e+01  1.03353738e+00  1.21446000e+01  1.00074835e+00  3.24627681e-01  6.02119454e-02  1.40578421e-01  5.77135011e+03 
 3.63859306e+14  2.68128114e+34  1.38591000e+01  1.03897415e+00  1.21606000e+01  1.00618355e+00  3.25262070e-01  5.99030750e-02  1.40473555e-01  5.63396800e+03 
 3.64355081e+14  2.69938765e+34  1.38681000e+01  1.04439408e+00  1.21776000e+01  1.01172954e+00  3.25843267e-01  5.93735618e-02  1.40426920e-01  5.50530738e+03 
 3.64850856e+14  2.71749417e+34  1.38761000e+01  1.04979709e+00  1.21936000e+01  1.01715890e+00  3.26465241e-01  5.90251194e-02  1.40310877e-01  5.37613291e+03 
 3.65346631e+14  2.73560068e+34  1.38851000e+01  1.05518315e+00  1.22096000e+01  1.02258509e+00  3.27033967e-01  5.86570932e-02  1.40253248e-01  5.25517434e+03 
 3.65842406e+14  2.75410393e+34  1.38931000e+01  1.06066982e+00  1.22256000e+01  1.02808668e+00  3.27665242e-01  5.83310852e-02  1.40133636e-01  5.13104136e+03 
 3.66338182e+14  2.77289939e+34  1.39021000e+01  1.06622577e+00  1.22426000e+01  1.03375799e+00  3.28258922e-01  5.78312158e-02  1.40020543e-01  5.01090652e+03 
 3.66833957e+14  2.79169484e+34  1.39111000e+01  1.07176424e+00  1.22586000e+01  1.03931115e+00  3.28846210e-01  5.75103613e-02  1.39959037e-01  4.89643927e+03 
 3.67329732e+14  2.81049030e+34  1.39191000e+01  1.07728518e+00  1.22746000e+01  1.04486083e+00  3.29474485e-01  5.71696966e-02  1.39828175e-01  4.78151391e+03 
 3.67825507e+14  2.82928575e+34  1.39281000e+01  1.08278853e+00  1.22906000e+01  1.05040698e+00  3.30049149e-01  5.68094447e-02  1.39698788e-01  4.67199289e+03 
 3.68321282e+14  2.84808121e+34  1.39361000e+01  1.08827424e+00  1.23066000e+01  1.05594955e+00  3.30664983e-01  5.64299363e-02  1.39614257e-01  4.56575564e+03 
 3.68817058e+14  2.86687667e+34  1.39451000e+01  1.09374229e+00  1.23226000e+01  1.06148847e+00  3.31227161e-01  5.60314326e-02  1.39474427e-01  4.46268373e+03 
 3.69312833e+14  2.88568912e+34  1.39541000e+01  1.09919754e+00  1.23386000e+01  1.06702698e+00  3.31784008e-01  5.56166984e-02  1.39386707e-01  4.36435579e+03 
 3.69808608e+14  2.90519007e+34  1.39621000e+01  1.10483417e+00  1.23546000e+01  1.07269588e+00  3.32418091e-01  5.52821766e-02  1.39240969e-01  4.26190393e+03 
 3.70304383e+14  2.92469103e+34  1.39711000e+01  1.11045257e+00  1.23706000e+01  1.07836090e+00  3.32998207e-01  5.49280928e-02  1.39096944e-01  4.16427019e+03 
 3.70800158e+14  2.94419198e+34  1.39801000e+01  1.11605272e+00  1.23866000e+01  1.08402195e+00  3.33571962e-01  5.45547573e-02  1.39004535e-01  4.07122586e+03 
 3.71295934e+14  2.96369293e+34  1.39881000e+01  1.12163455e+00  1.24026000e+01  1.08967898e+00  3.34187176e-01  5.41624962e-02  1.38843183e-01  3.97767859e+03 
 3.71791709e+14  2.98319388e+34  1.39971000e+01  1.12719804e+00  1.24176000e+01  1.09521349e+00  3.34748370e-01  5.39455854e-02  1.38683922e-01  3.88851429e+03 
 3.72287484e+14  3.00269483e+34  1.40061000e+01  1.13274314e+00  1.24336000e+01  1.10086202e+00  3.35303311e-01  5.35157933e-02  1.38576396e-01  3.80352738e+03 
 3.72783259e+14  3.02219579e+34  1.40141000e+01  1.13826983e+00  1.24486000e+01  1.10638728e+00  3.35899976e-01  5.32611780e-02  1.38400245e-01  3.71796387e+03 
 3.73279034e+14  3.04201585e+34  1.40231000e+01  1.14386815e+00  1.24646000e+01  1.11208814e+00  3.36458477e-01  5.28377574e-02  1.38287426e-01  3.63656522e+03 
 3.73774810e+14  3.06223888e+34  1.40321000e+01  1.14956141e+00  1.24806000e+01  1.11786171e+00  3.37030744e-01  5.24498281e-02  1.38118712e-01  3.55445796e+03 
 3.74270585e+14  3.08246191e+34  1.40401000e+01  1.15523567e+00  1.24956000e+01  1.12351089e+00  3.37644749e-01  5.22352554e-02  1.37937866e-01  3.47336105e+03 
 3.74766360e+14  3.10268493e+34  1.40491000e+01  1.16089092e+00  1.25116000e+01  1.12927523e+00  3.38204381e-01  5.18098617e-02  1.37815823e-01  3.39744875e+03 
 3.75262135e+14  3.12290796e+34  1.40581000e+01  1.16652712e+00  1.25266000e+01  1.13491441e+00  3.38757734e-01  5.15576301e-02  1.37632697e-01  3.32237727e+03 
 3.75757910e+14  3.14313099e+34  1.40661000e+01  1.17214424e+00  1.25426000e+01  1.14066921e+00  3.39353092e-01  5.10960136e-02  1.37437620e-01  3.24815860e+03 
 3.76253686e+14  3.16335402e+34  1.40751000e+01  1.17774225e+00  1.25576000e+01  1.14629821e+00  3.39894034e-01  5.08071903e-02  1.37301524e-01  3.17870263e+03 
 3.76749461e+14  3.18357704e+34  1.40831000e+01  1.18332115e+00  1.25726000e+01  1.15192187e+00  3.40477159e-01  5.05003591e-02  1.37097365e-01  3.10867753e+03 
 3.77245236e+14  3.20441200e+34  1.40921000e+01  1.18904914e+00  1.25876000e+01  1.15765504e+00  3.41034978e-01  5.02518092e-02  1.36959388e-01  3.04116333e+03 
 3.77741011e+14  3.22537370e+34  1.41011000e+01  1.19479234e+00  1.26036000e+01  1.16352849e+00  3.41592499e-01  4.98110987e-02  1.36762224e-01  2.97397523e+03 
 3.78236786e+14  3.24633539e+34  1.41091000e+01  1.20051582e+00  1.26186000e+01  1.16927460e+00  3.42192218e-01  4.95414534e-02  1.36553074e-01  2.90754854e+03 
 3.78732562e+14  3.26729708e+34  1.41181000e+01  1.20621957e+00  1.26336000e+01  1.17501504e+00  3.42737203e-01  4.92535161e-02  1.36402849e-01  2.84538630e+03 
 3.79228337e+14  3.28825877e+34  1.41271000e+01  1.21190355e+00  1.26486000e+01  1.18074978e+00  3.43275954e-01  4.89475712e-02  1.36192407e-01  2.78385158e+03 
 3.79724112e+14  3.30922047e+34  1.41351000e+01  1.21756776e+00  1.26636000e+01  1.18647874e+00  3.43857163e-01  4.86239173e-02  1.35970162e-01  2.72295660e+03 
 3.80219887e+14  3.33018216e+34  1.41441000e+01  1.22321218e+00  1.26786000e+01  1.19220191e+00  3.44383602e-01  4.82827751e-02  1.35806970e-01  2.66598716e+03 
 3.80715663e+14  3.35128174e+34  1.41521000e+01  1.22887374e+00  1.26936000e+01  1.19794460e+00  3.44958964e-01  4.79404922e-02  1.35577744e-01  2.60810398e+03 
 3.81211438e+14  3.37299869e+34  1.41611000e+01  1.23468059e+00  1.27086000e+01  1.20379498e+00  3.45507551e-01  4.76522499e-02  1.35413541e-01  2.55236230e+03 
 3.81707213e+14  3.39471563e+34  1.41691000e+01  1.24046704e+00  1.27236000e+01  1.20963925e+00  3.46098695e-01  4.73461007e-02  1.35181891e-01  2.49615803e+03 
 3.82202988e+14  3.41643258e+34  1.41781000e+01  1.24623308e+00  1.27376000e+01  1.21535276e+00  3.46634772e-01  4.72078904e-02  1.34953824e-01  2.44257206e+03 
 3.82698763e+14  3.43814952e+34  1.41871000e+01  1.25197869e+00  1.27526000e+01  1.22118438e+00  3.47164633e-01  4.68662864e-02  1.34777005e-01  2.39148495e+03 
 3.83194539e+14  3.45986647e+34  1.41951000e+01  1.25770386e+00  1.27676000e+01  1.22700973e+00  3.47737313e-01  4.65076165e-02  1.34533151e-01  2.33990378e+03 
 3.83690314e+14  3.48158341e+34  1.42041000e+01  1.26340860e+00  1.27816000e+01  1.23270334e+00  3.48254901e-01  4.63165097e-02  1.34348317e-01  2.29165939e+03 
 3.84186089e+14  3.50330036e+34  1.42121000e+01  1.26909289e+00  1.27966000e+01  1.23851578e+00  3.48815476e-01  4.59239879e-02  1.34151741e-01  2.24382459e+03 
 3.84681864e+14  3.52540581e+34  1.42211000e+01  1.27485799e+00  1.28106000e+01  1.24426590e+00  3.49337857e-01  4.57406772e-02  1.33907310e-01  2.19649172e+03 
 3.85177639e+14  3.54789457e+34  1.42291000e+01  1.28070207e+00  1.28256000e+01  1.25020432e+00  3.49919900e-01  4.53976153e-02  1.33654268e-01  2.14880899e+03 
 3.85673415e+14  3.57038333e+34  1.42381000e+01  1.28652508e+00  1.28396000e+01  1.25600945e+00  3.50446564e-01  4.52205028e-02  1.33460074e-01  2.10420792e+03 
 3.86169190e+14  3.59287210e+34  1.42461000e+01  1.29232702e+00  1.28546000e+01  1.26193427e+00  3.51016316e-01  4.48432004e-02  1.33199372e-01  2.05915189e+03 
 3.86664965e+14  3.61536086e+34  1.42551000e+01  1.29810788e+00  1.28686000e+01  1.26772514e+00  3.51530674e-01  4.46316575e-02  1.32997580e-01  2.01701687e+03 
 3.87160740e+14  3.63784962e+34  1.42631000e+01  1.30386767e+00  1.28826000e+01  1.27350864e+00  3.52088291e-01  4.44031480e-02  1.32729564e-01  1.97441345e+03 
 3.87656515e+14  3.66033839e+34  1.42721000e+01  1.30960639e+00  1.28976000e+01  1.27941256e+00  3.52590500e-01  4.39762889e-02  1.32520500e-01  1.93458101e+03 
 3.88152291e+14  3.68282715e+34  1.42801000e+01  1.31532404e+00  1.29116000e+01  1.28518159e+00  3.53136132e-01  4.37148435e-02  1.32299851e-01  1.89504786e+03 
 3.88648066e+14  3.70593852e+34  1.42881000e+01  1.32117832e+00  1.29256000e+01  1.29105306e+00  3.53701719e-01  4.34993859e-02  1.32025394e-01  1.85477428e+03 
 3.89143841e+14  3.72921563e+34  1.42971000e+01  1.32705294e+00  1.29396000e+01  1.29694607e+00  3.54218540e-01  4.32834816e-02  1.31810768e-01  1.81684469e+03 
 3.89639616e+14  3.75249274e+34  1.43051000e+01  1.33290585e+00  1.29536000e+01  1.30283133e+00  3.54778795e-01  4.30506822e-02  1.31530352e-01  1.77849023e+03 
 3.90135391e+14  3.77576986e+34  1.43141000e+01  1.33873707e+00  1.29676000e+01  1.30870883e+00  3.55283361e-01  4.28012023e-02  1.31308715e-01  1.74263217e+03 
 3.90631167e+14  3.79904697e+34  1.43221000e+01  1.34454659e+00  1.29816000e+01  1.31457851e+00  3.55831533e-01  4.25353330e-02  1.31021592e-01  1.70633961e+03 
 3.91126942e+14  3.82232408e+34  1.43301000e+01  1.35033445e+00  1.29956000e+01  1.32044036e+00  3.56373747e-01  4.22533023e-02  1.30785084e-01  1.67172933e+03 
 3.91622717e+14  3.84560120e+34  1.43391000e+01  1.35610064e+00  1.30096000e+01  1.32629433e+00  3.56860251e-01  4.19553399e-02  1.30553479e-01  1.63872730e+03 
 3.92118492e+14  3.86891107e+34  1.43471000e+01  1.36185326e+00  1.30236000e+01  1.33214605e+00  3.57391911e-01  4.16447670e-02  1.30310626e-01  1.60589545e+03 
 3.92614267e+14  3.89299302e+34  1.43551000e+01  1.36777408e+00  1.30376000e+01  1.33812303e+00  3.57948315e-01  4.13903363e-02  1.30014871e-01  1.57224664e+03 
 3.93110043e+14  3.91707496e+34  1.43641000e+01  1.37367259e+00  1.30506000e+01  1.34396098e+00  3.58448747e-01  4.12972253e-02  1.29777700e-01  1.54079334e+03 
 3.93605818e+14  3.94115690e+34  1.43721000e+01  1.37954880e+00  1.30646000e+01  1.34992122e+00  3.58993045e-01  4.10100777e-02  1.29475678e-01  1.50894142e+03 
 3.94101593e+14  3.96523885e+34  1.43801000e+01  1.38540274e+00  1.30786000e+01  1.35587316e+00  3.59531374e-01  4.07071303e-02  1.29223930e-01  1.47856578e+03 
 3.94597368e+14  3.98932079e+34  1.43891000e+01  1.39123440e+00  1.30916000e+01  1.36168518e+00  3.60013720e-01  4.05651912e-02  1.28977434e-01  1.44960180e+03 
 3.95093143e+14  4.01340273e+34  1.43971000e+01  1.39704384e+00  1.31056000e+01  1.36762022e+00  3.60540184e-01  4.02309840e-02  1.28719605e-01  1.42081658e+03 
 3.95588919e+14  4.03748468e+34  1.44051000e+01  1.40283105e+00  1.31186000e+01  1.37341475e+00  3.61060792e-01  4.00575793e-02  1.28458833e-01  1.39279400e+03 
 3.96084694e+14  4.06177615e+34  1.44131000e+01  1.40864616e+00  1.31316000e+01  1.37923565e+00  3.61583535e-01  3.98868632e-02  1.28143109e-01  1.36471213e+03 
 3.96580469e+14  4.08667934e+34  1.44211000e+01  1.41458488e+00  1.31456000e+01  1.38528342e+00  3.62123560e-01  3.95777709e-02  1.27879709e-01  1.33726322e+03 
 3.97076244e+14  4.11158253e+34  1.44301000e+01  1.42050073e+00  1.31596000e+01  1.39132238e+00  3.62607338e-01  3.92533065e-02  1.27621804e-01  1.31109047e+03 
 3.97572020e+14  4.13648571e+34  1.44381000e+01  1.42639371e+00  1.31726000e+01  1.39721941e+00  3.63135404e-01  3.90881417e-02  1.27352596e-01  1.28507752e+03 
 3.98067795e+14  4.16138890e+34  1.44461000e+01  1.43226388e+00  1.31856000e+01  1.40310711e+00  3.63657575e-01  3.89073587e-02  1.27080589e-01  1.25975325e+03 
 3.98563570e+14  4.18629209e+34  1.44541000e+01  1.43811125e+00  1.31986000e+01  1.40898545e+00  3.64173891e-01  3.87111824e-02  1.26753490e-01  1.23458546e+03 
 3.99059345e+14  4.21119528e+34  1.44621000e+01  1.44393586e+00  1.32116000e+01  1.41485448e+00  3.64684387e-01  3.84997688e-02  1.26476200e-01  1.21058276e+03 
 3.99555120e+14  4.23609847e+34  1.44701000e+01  1.44973773e+00  1.32246000e+01  1.42071418e+00  3.65189103e-01  3.82733495e-02  1.26196326e-01  1.18720452e+03 
 4.00050896e+14  4.26136343e+34  1.44781000e+01  1.45560077e+00  1.32376000e+01  1.42662406e+00  3.65701164e-01  3.80612570e-02  1.25914868e-01  1.16410425e+03 
 4.00546671e+14  4.28710420e+34  1.44871000e+01  1.46155088e+00  1.32516000e+01  1.43273753e+00  3.66174001e-01  3.76994280e-02  1.25640621e-01  1.14165807e+03 
 4.01042446e+14  4.31284496e+34  1.44951000e+01  1.46747759e+00  1.32646000e+01  1.43870668e+00  3.66691459e-01  3.74953062e-02  1.25355224e-01  1.11933350e+03 
 4.01538221e+14  4.33858572e+34  1.45031000e+01  1.47338094e+00  1.32776000e+01  1.44466608e+00  3.67203058e-01  3.72761139e-02  1.25067314e-01  1.09759259e+03 
 4.02033996e+14  4.36432649e+34  1.45111000e+01  1.47926097e+00  1.32906000e+01  1.45061569e+00  3.67708841e-01  3.70420843e-02  1.24776963e-01  1.07641683e+03 
 4.02529772e+14  4.39006725e+34  1.45191000e+01  1.48511770e+00  1.33026000e+01  1.45641963e+00  3.68208844e-01  3.69647959e-02  1.24484241e-01  1.05578836e+03 
 4.03025547e+14  4.41580802e+34  1.45271000e+01  1.49095118e+00  1.33156000e+01  1.46234947e+00  3.68703105e-01  3.67013113e-02  1.24189213e-01  1.03568998e+03 
 4.03521322e+14  4.44154878e+34  1.45341000e+01  1.49676145e+00  1.33286000e+01  1.46826949e+00  3.69242475e-01  3.64236763e-02  1.23883254e-01  1.01568434e+03 
 4.04017097e+14  4.46777620e+34  1.45421000e+01  1.50265787e+00  1.33406000e+01  1.47412115e+00  3.69742192e-01  3.63387778e-02  1.23584544e-01  9.96248381e+02 
 4.04512872e+14  4.49437077e+34  1.45501000e+01  1.50861300e+00  1.33536000e+01  1.48015813e+00  3.70248762e-01  3.60958864e-02  1.23284137e-01  9.77048772e+02 
 4.05008648e+14  4.52096534e+34  1.45581000e+01  1.51454425e+00  1.33666000e+01  1.48618493e+00  3.70749513e-01  3.58384807e-02  1.22981500e-01  9.58344875e+02 
 4.05504423e+14  4.54755992e+34  1.45661000e+01  1.52045167e+00  1.33786000e+01  1.49206401e+00  3.71244487e-01  3.57363751e-02  1.22727591e-01  9.40511106e+02 
 4.06000198e+14  4.57415449e+34  1.45741000e+01  1.52633529e+00  1.33916000e+01  1.49807017e+00  3.71733721e-01  3.54502490e-02  1.22420590e-01  9.22745303e+02 
 4.06495973e+14  4.60074906e+34  1.45821000e+01  1.53219517e+00  1.34036000e+01  1.50392809e+00  3.72217256e-01  3.53192378e-02  1.22111561e-01  9.05430412e+02 
 4.06991748e+14  4.62734364e+34  1.45901000e+01  1.53803135e+00  1.34166000e+01  1.50991357e+00  3.72695130e-01  3.50052490e-02  1.21800568e-01  8.88552494e+02 
 4.07487524e+14  4.65393821e+34  1.45971000e+01  1.54384389e+00  1.34286000e+01  1.51575033e+00  3.73218519e-01  3.48461635e-02  1.21478846e-01  8.71736104e+02 
 4.07983299e+14  4.68111400e+34  1.46051000e+01  1.54975926e+00  1.34406000e+01  1.52166730e+00  3.73704330e-01  3.47133847e-02  1.21214788e-01  8.55707754e+02 
 4.08479074e+14  4.70857850e+34  1.46131000e+01  1.55571317e+00  1.34526000e+01  1.52761838e+00  3.74193895e-01  3.45861327e-02  1.20898529e-01  8.39563464e+02 
 4.08974849e+14  4.73604300e+34  1.46211000e+01  1.56164277e+00  1.34656000e+01  1.53369763e+00  3.74677724e-01  3.42770605e-02  1.20580385e-01  8.23828479e+02 
 4.09470624e+14  4.76350750e+34  1.46281000e+01  1.56754811e+00  1.34776000e+01  1.53962673e+00  3.75207161e-01  3.41216211e-02  1.20251529e-01  8.08154138e+02 
 4.09966400e+14  4.79097200e+34  1.46361000e+01  1.57342923e+00  1.34896000e+01  1.54554470e+00  3.75679679e-01  3.39522200e-02  1.19979682e-01  7.93536414e+02 
 4.10462175e+14  4.81843650e+34  1.46441000e+01  1.57928619e+00  1.35016000e+01  1.55145156e+00  3.76146580e-01  3.37690741e-02  1.19656131e-01  7.78955377e+02 
 4.10957950e+14  4.84590100e+34  1.46511000e+01  1.58511905e+00  1.35136000e+01  1.55734730e+00  3.76659322e-01  3.35723959e-02  1.19322010e-01  7.64417604e+02 
 4.11453725e+14  4.87336550e+34  1.46591000e+01  1.59092787e+00  1.35256000e+01  1.56323193e+00  3.77115139e-01  3.33623513e-02  1.19044780e-01  7.50866676e+02 
 4.11949500e+14  4.90147246e+34  1.46661000e+01  1.59684793e+00  1.35376000e+01  1.56920333e+00  3.77637087e-01  3.31803701e-02  1.18707275e-01  7.36717741e+02 
 4.12445276e+14  4.92982287e+34  1.46741000e+01  1.60279456e+00  1.35496000e+01  1.57520036e+00  3.78109538e-01  3.30002756e-02  1.18426397e-01  7.23410764e+02 
 4.12941051e+14  4.95817329e+34  1.46821000e+01  1.60871648e+00  1.35616000e+01  1.58118586e+00  3.78576342e-01  3.28065833e-02  1.18094518e-01  7.10135872e+02 
 4.13436826e+14  4.98652370e+34  1.46891000e+01  1.61461374e+00  1.35736000e+01  1.58715984e+00  3.79089155e-01  3.25995074e-02  1.17801240e-01  6.97189686e+02 
 4.13932601e+14  5.01487411e+34  1.46971000e+01  1.62048642e+00  1.35846000e+01  1.59298054e+00  3.79544817e-01  3.25437666e-02  1.17466297e-01  6.84562223e+02 
 4.14428376e+14  5.04322452e+34  1.47041000e+01  1.62633456e+00  1.35966000e+01  1.59893129e+00  3.80046643e-01  3.23101379e-02  1.17169815e-01  6.72243964e+02 
 4.14924152e+14  5.07157493e+34  1.47121000e+01  1.63215823e+00  1.36086000e+01  1.60487048e+00  3.80491314e-01  3.20637075e-02  1.16832035e-01  6.60225606e+02 
 4.15419927e+14  5.09992535e+34  1.47191000e+01  1.63795751e+00  1.36196000e+01  1.61065576e+00  3.80982300e-01  3.19683295e-02  1.16532571e-01  6.48498278e+02 
 4.15915702e+14  5.12894306e+34  1.47261000e+01  1.64386828e+00  1.36316000e+01  1.61667069e+00  3.81487873e-01  3.17361864e-02  1.16182508e-01  6.36521053e+02 
 4.16411477e+14  5.15819523e+34  1.47341000e+01  1.64980175e+00  1.36426000e+01  1.62256557e+00  3.81943096e-01  3.16681558e-02  1.15888414e-01  6.25270109e+02 
 4.16907253e+14  5.18744739e+34  1.47411000e+01  1.65571014e+00  1.36546000e+01  1.62859130e+00  3.82444650e-01  3.14237711e-02  1.15583752e-01  6.14034946e+02 
 4.17403028e+14  5.21669955e+34  1.47491000e+01  1.66159353e+00  1.36656000e+01  1.63446164e+00  3.82888826e-01  3.13293517e-02  1.15238568e-01  6.03072983e+02 
 4.17898803e+14  5.24595172e+34  1.47561000e+01  1.66745198e+00  1.36776000e+01  1.64046334e+00  3.83379486e-01  3.10594875e-02  1.14931196e-01  5.92376158e+02 
 4.18394578e+14  5.27520388e+34  1.47631000e+01  1.67328559e+00  1.36886000e+01  1.64630923e+00  3.83864778e-01  3.09394047e-02  1.14622490e-01  5.81936607e+02 
 4.18890353e+14  5.30445605e+34  1.47701000e+01  1.67909439e+00  1.36996000e+01  1.65214279e+00  3.84344733e-01  3.08066175e-02  1.14264665e-01  5.71507521e+02 
 4.19386129e+14  5.33370821e+34  1.47781000e+01  1.68487849e+00  1.37106000e+01  1.65796403e+00  3.84767305e-01  3.06612978e-02  1.13962700e-01  5.61799293e+02 
 4.19881904e+14  5.36361296e+34  1.47851000e+01  1.69076632e+00  1.37216000e+01  1.66386704e+00  3.85255237e-01  3.05396535e-02  1.13649435e-01  5.51872871e+02 
 4.20377679e+14  5.39378255e+34  1.47921000e+01  1.69668092e+00  1.37336000e+01  1.66994047e+00  3.85745299e-01  3.02587241e-02  1.13334530e-01  5.42099387e+02 
 4.20873454e+14  5.42395215e+34  1.47991000e+01  1.70257013e+00  1.37446000e+01  1.67585648e+00  3.86229964e-01  3.01264026e-02  1.12971057e-01  5.32337477e+02 
 4.21369229e+14  5.45412174e+34  1.48061000e+01  1.70843404e+00  1.37556000e+01  1.68175979e+00  3.86709270e-01  2.99815095e-02  1.12653908e-01  5.23030427e+02 
 4.21865005e+14  5.48429133e+34  1.48141000e+01  1.71427272e+00  1.37666000e+01  1.68765040e+00  3.87130976e-01  2.98242291e-02  1.12344862e-01  5.14160120e+02 
 4.22360780e+14  5.51446092e+34  1.48211000e+01  1.72008624e+00  1.37776000e+01  1.69352832e+00  3.87599637e-01  2.96547783e-02  1.12025570e-01  5.05285243e+02 
 4.22856555e+14  5.54463051e+34  1.48281000e+01  1.72587470e+00  1.37886000e+01  1.69939359e+00  3.88063047e-01  2.94732854e-02  1.11705271e-01  4.96618926e+02 
 4.23352330e+14  5.57480010e+34  1.48351000e+01  1.73163817e+00  1.37986000e+01  1.70509995e+00  3.88521245e-01  2.94394046e-02  1.11384014e-01  4.88155163e+02 
 4.23848105e+14  5.60556481e+34  1.48421000e+01  1.73748981e+00  1.38096000e+01  1.71102312e+00  3.88990407e-01  2.92645392e-02  1.11060646e-01  4.79726835e+02 
 4.24343881e+14  5.63666733e+34  1.48491000e+01  1.74338005e+00  1.38206000e+01  1.71698062e+00  3.89463418e-01  2.90948310e-02  1.10735640e-01  4.71407073e+02 
 4.24839656e+14  5.66776984e+34  1.48561000e+01  1.74924465e+00  1.38316000e+01  1.72292504e+00  3.89931121e-01  2.89130823e-02  1.10409709e-01  4.63283619e+02 
 4.25335431e+14  5.69887236e+34  1.48631000e+01  1.75508367e+00  1.38426000e+01  1.72885642e+00  3.90393552e-01  2.87194593e-02  1.10082900e-01  4.55350808e+02 
 4.25831206e+14  5.72997487e+34  1.48701000e+01  1.76089720e+00  1.38526000e+01  1.73462741e+00  3.90850746e-01  2.86722430e-02  1.09755259e-01  4.47603160e+02 
 4.26326981e+14  5.76107738e+34  1.48771000e+01  1.76668534e+00  1.38636000e+01  1.74053255e+00  3.91302745e-01  2.84551123e-02  1.09426834e-01  4.40035378e+02 
 4.26822757e+14  5.79217990e+34  1.48831000e+01  1.77244817e+00  1.38736000e+01  1.74627689e+00  3.91802233e-01  2.83842634e-02  1.09088374e-01  4.32460182e+02 
 4.27318532e+14  5.82328241e+34  1.48901000e+01  1.77818577e+00  1.38846000e+01  1.75215588e+00  3.92243976e-01  2.81442908e-02  1.08804335e-01  4.25419111e+02 
 4.27814307e+14  5.85487657e+34  1.48971000e+01  1.78398841e+00  1.38946000e+01  1.75794063e+00  3.92693333e-01  2.80736527e-02  1.08472480e-01  4.18250497e+02 
 4.28310082e+14  5.88692731e+34  1.49041000e+01  1.78984905e+00  1.39056000e+01  1.76392222e+00  3.93149281e-01  2.78558944e-02  1.08138821e-01  4.11146654e+02 
 4.28805857e+14  5.91897805e+34  1.49111000e+01  1.79568380e+00  1.39156000e+01  1.76974178e+00  3.93600005e-01  2.77833114e-02  1.07804498e-01  4.04207487e+02 
 4.29301633e+14  5.95102878e+34  1.49181000e+01  1.80149276e+00  1.39266000e+01  1.77569643e+00  3.94045548e-01  2.75426606e-02  1.07469558e-01  3.97428319e+02 
 4.29797408e+14  5.98307952e+34  1.49241000e+01  1.80727602e+00  1.39366000e+01  1.78148866e+00  3.94538820e-01  2.74470662e-02  1.07169945e-01  3.90804642e+02 
 4.30293183e+14  6.01513025e+34  1.49311000e+01  1.81303367e+00  1.39466000e+01  1.78726716e+00  3.94974141e-01  2.73400374e-02  1.06833767e-01  3.84332046e+02 
 4.30788958e+14  6.04718099e+34  1.49381000e+01  1.81876580e+00  1.39566000e+01  1.79303194e+00  3.95404386e-01  2.72217807e-02  1.06497095e-01  3.78006316e+02 
 4.31284733e+14  6.07923173e+34  1.49441000e+01  1.82447251e+00  1.39666000e+01  1.79878306e+00  3.95882576e-01  2.70924619e-02  1.06195498e-01  3.71823372e+02 
 4.31780509e+14  6.11162134e+34  1.49511000e+01  1.83021387e+00  1.39766000e+01  1.80456530e+00  3.96311155e-01  2.69670660e-02  1.05856875e-01  3.65716003e+02 
 4.32276284e+14  6.14463538e+34  1.49571000e+01  1.83603987e+00  1.39866000e+01  1.81041604e+00  3.96803067e-01  2.68579117e-02  1.05506693e-01  3.59480090e+02 
 4.32772059e+14  6.17764943e+34  1.49641000e+01  1.84183979e+00  1.39976000e+01  1.81640323e+00  3.97236821e-01  2.65826683e-02  1.05209988e-01  3.53687006e+02 
 4.33267834e+14  6.21066347e+34  1.49711000e+01  1.84761374e+00  1.40076000e+01  1.82222609e+00  3.97665480e-01  2.64513178e-02  1.04868255e-01  3.47876479e+02 
 4.33763610e+14  6.24367752e+34  1.49771000e+01  1.85336181e+00  1.40166000e+01  1.82788399e+00  3.98142253e-01  2.64633334e-02  1.04561091e-01  3.42196915e+02 
 4.34259385e+14  6.27669157e+34  1.49841000e+01  1.85908410e+00  1.40266000e+01  1.83367867e+00  3.98560866e-01  2.63099610e-02  1.04218594e-01  3.36644656e+02 
 4.34755160e+14  6.30970561e+34  1.49901000e+01  1.86478071e+00  1.40366000e+01  1.83945941e+00  3.99027735e-01  2.61459531e-02  1.03910494e-01  3.31216221e+02 
 4.35250935e+14  6.34271966e+34  1.49961000e+01  1.87045174e+00  1.40466000e+01  1.84522620e+00  3.99489724e-01  2.59714855e-02  1.03557977e-01  3.25769960e+02 
 4.35746710e+14  6.37586718e+34  1.50031000e+01  1.87612008e+00  1.40556000e+01  1.85084441e+00  3.99896676e-01  2.59454988e-02  1.03258073e-01  3.20696529e+02 
 4.36242486e+14  6.40985939e+34  1.50091000e+01  1.88190664e+00  1.40656000e+01  1.85670834e+00  4.00371808e-01  2.57896617e-02  1.02945695e-01  3.15471005e+02 
 4.36738261e+14  6.44385161e+34  1.50161000e+01  1.88766699e+00  1.40756000e+01  1.86255793e+00  4.00788577e-01  2.56231459e-02  1.02598708e-01  3.10362419e+02 
 4.37234036e+14  6.47784382e+34  1.50221000e+01  1.89340121e+00  1.40856000e+01  1.86839317e+00  4.01253769e-01  2.54461906e-02  1.02285615e-01  3.05367584e+02 
 4.37729811e+14  6.51183604e+34  1.50281000e+01  1.89910942e+00  1.40946000e+01  1.87406157e+00  4.01714064e-01  2.54113141e-02  1.01928809e-01  3.00355626e+02 
 4.38225586e+14  6.54582826e+34  1.50351000e+01  1.90479172e+00  1.41046000e+01  1.87986820e+00  4.02115993e-01  2.52134669e-02  1.01624573e-01  2.95706752e+02 
 4.38721362e+14  6.57982047e+34  1.50411000e+01  1.91044822e+00  1.41136000e+01  1.88550757e+00  4.02566558e-01  2.51576489e-02  1.01310617e-01  2.91034834e+02 
 4.39217137e+14  6.61381269e+34  1.50471000e+01  1.91607902e+00  1.41236000e+01  1.89128563e+00  4.03012327e-01  2.49396380e-02  1.00996400e-01  2.86464776e+02 
 4.39712912e+14  6.64780491e+34  1.50531000e+01  1.92168422e+00  1.41326000e+01  1.89689623e+00  4.03453331e-01  2.48633404e-02  1.00681953e-01  2.81993839e+02 
 4.40208687e+14  6.68266200e+34  1.50591000e+01  1.92740578e+00  1.41416000e+01  1.90259947e+00  4.03908864e-01  2.48094062e-02  1.00321619e-01  2.77390898e+02 
 4.40704462e+14  6.71764700e+34  1.50661000e+01  1.93312205e+00  1.41516000e+01  1.90845754e+00  4.04308689e-01  2.45985395e-02  1.00012964e-01  2.73106816e+02 
 4.41200238e+14  6.75263200e+34  1.50721000e+01  1.93881208e+00  1.41606000e+01  1.91414702e+00  4.04757315e-01  2.45287009e-02  9.96946750e-02  2.68800819e+02 
 4.41696013e+14  6.78761701e+34  1.50781000e+01  1.94447601e+00  1.41696000e+01  1.91982160e+00  4.05201133e-01  2.44486439e-02  9.93762313e-02  2.64588552e+02 
 4.42191788e+14  6.82260201e+34  1.50841000e+01  1.95011394e+00  1.41786000e+01  1.92548135e+00  4.05640173e-01  2.43584867e-02  9.90576630e-02  2.60467500e+02 
 4.42687563e+14  6.85758701e+34  1.50901000e+01  1.95572597e+00  1.41886000e+01  1.93128102e+00  4.06074470e-01  2.41080381e-02  9.87390007e-02  2.56435228e+02 
 4.43183338e+14  6.89257202e+34  1.50961000e+01  1.96131222e+00  1.41976000e+01  1.93691148e+00  4.06504057e-01  2.39982774e-02  9.84202751e-02  2.52489375e+02 
 4.43679114e+14  6.92755702e+34  1.51021000e+01  1.96687279e+00  1.42056000e+01  1.94237219e+00  4.06928965e-01  2.40286933e-02  9.81015139e-02  2.48627655e+02 
 4.44174889e+14  6.96310052e+34  1.51081000e+01  1.97249604e+00  1.42156000e+01  1.94819542e+00  4.07361076e-01  2.37691993e-02  9.77807555e-02  2.44788111e+02 
 4.44670664e+14  6.99909267e+34  1.51141000e+01  1.97816397e+00  1.42246000e+01  1.95390244e+00  4.07797950e-01  2.36652826e-02  9.74583822e-02  2.40983659e+02 
 4.45166439e+14  7.03508482e+34  1.51201000e+01  1.98380561e+00  1.42336000e+01  1.95959435e+00  4.08230066e-01  2.35515397e-02  9.71360141e-02  2.37261025e+02 
 4.45662214e+14  7.07107697e+34  1.51261000e+01  1.98942108e+00  1.42416000e+01  1.96511535e+00  4.08657459e-01  2.35771354e-02  9.68136817e-02  2.33618040e+02 
 4.46157990e+14  7.10706912e+34  1.51321000e+01  1.99501049e+00  1.42506000e+01  1.97077702e+00  4.09080162e-01  2.34439224e-02  9.64914131e-02  2.30052600e+02 
 4.46653765e+14  7.14306127e+34  1.51371000e+01  2.00057395e+00  1.42596000e+01  1.97642373e+00  4.09552324e-01  2.33012981e-02  9.61597578e-02  2.26465525e+02 
 4.47149540e+14  7.17905342e+34  1.51431000e+01  2.00611158e+00  1.42686000e+01  1.98205551e+00  4.09965781e-01  2.31493789e-02  9.58788324e-02  2.23146277e+02 
 4.47645315e+14  7.21504557e+34  1.51491000e+01  2.01162349e+00  1.42766000e+01  1.98751580e+00  4.10374643e-01  2.31364940e-02  9.55567980e-02  2.19801492e+02 
 4.48141090e+14  7.25122682e+34  1.51551000e+01  2.01713857e+00  1.42856000e+01  1.99313976e+00  4.10782768e-01  2.29721927e-02  9.52342326e-02  2.16509435e+02 
 4.48636866e+14  7.28824020e+34  1.51601000e+01  2.02275418e+00  1.42946000e+01  1.99884533e+00  4.11257336e-01  2.28254805e-02  9.48992742e-02  2.13120911e+02 
 4.49132641e+14  7.32525358e+34  1.51661000e+01  2.02834347e+00  1.43026000e+01  2.00437842e+00  4.11673010e-01  2.28170608e-02  9.46146567e-02  2.09985297e+02 
 4.49628416e+14  7.36226696e+34  1.51721000e+01  2.03390655e+00  1.43116000e+01  2.01005337e+00  4.12084046e-01  2.26516074e-02  9.42894564e-02  2.06825948e+02 
 4.50124191e+14  7.39928035e+34  1.51781000e+01  2.03944355e+00  1.43206000e+01  2.01571306e+00  4.12490480e-01  2.24771974e-02  9.39644937e-02  2.03732712e+02 
 4.50619967e+14  7.43629373e+34  1.51831000e+01  2.04495459e+00  1.43286000e+01  2.02119997e+00  4.12946744e-01  2.24407964e-02  9.36706382e-02  2.00703887e+02 
 4.51115742e+14  7.47330711e+34  1.51891000e+01  2.05043978e+00  1.43366000e+01  2.02667137e+00  4.13344102e-01  2.23952607e-02  9.33461041e-02  1.97737796e+02 
 4.51611517e+14  7.51032049e+34  1.51941000e+01  2.05589925e+00  1.43456000e+01  2.03228558e+00  4.13791424e-01  2.21940209e-02  9.30524980e-02  1.94832847e+02 
 4.52107292e+14  7.54733388e+34  1.52001000e+01  2.06133311e+00  1.43536000e+01  2.03772654e+00  4.14179829e-01  2.21305936e-02  9.27284846e-02  1.91987463e+02 
 4.52603067e+14  7.58513558e+34  1.52051000e+01  2.06685654e+00  1.43616000e+01  2.04324067e+00  4.14633451e-01  2.20817293e-02  9.24322086e-02  1.89141333e+02 
 4.53098843e+14  7.62318400e+34  1.52111000e+01  2.07238977e+00  1.43706000e+01  2.04892551e+00  4.15032729e-01  2.18849442e-02  9.21048287e-02  1.86335967e+02 
 4.53594618e+14  7.66123241e+34  1.52161000e+01  2.07789679e+00  1.43786000e+01  2.05443615e+00  4.15482072e-01  2.18253045e-02  9.18079877e-02  1.83588618e+02 
 4.54090393e+14  7.69928082e+34  1.52221000e+01  2.08337775e+00  1.43866000e+01  2.05993106e+00  4.15872316e-01  2.17567625e-02  9.14812575e-02  1.80897784e+02 
 4.54586168e+14  7.73732923e+34  1.52271000e+01  2.08883277e+00  1.43946000e+01  2.06541038e+00  4.16312762e-01  2.16794091e-02  9.11848855e-02  1.78262042e+02 
 4.55081943e+14  7.77537765e+34  1.52331000e+01  2.09426196e+00  1.44026000e+01  2.07087416e+00  4.16694101e-01  2.15933291e-02  9.08588940e-02  1.75679979e+02 
 4.55577719e+14  7.81342606e+34  1.52381000e+01  2.09966545e+00  1.44106000e+01  2.07632246e+00  4.17125770e-01  2.14986764e-02  9.05630760e-02  1.73150255e+02 
 4.56073494e+14  7.85147447e+34  1.52431000e+01  2.10504336e+00  1.44186000e+01  2.08175533e+00  4.17553118e-01  2.13955550e-02  9.02675131e-02  1.70671547e+02 
 4.56569269e+14  7.88981911e+34  1.52481000e+01  2.11043740e+00  1.44266000e+01  2.08720500e+00  4.17981583e-01  2.12921830e-02  8.99320933e-02  1.68150967e+02 
 4.57065044e+14  7.92891605e+34  1.52541000e+01  2.11591112e+00  1.44346000e+01  2.09272068e+00  4.18364562e-01  2.12008734e-02  8.96426015e-02  1.65778679e+02 
 4.57560819e+14  7.96801298e+34  1.52591000e+01  2.12135868e+00  1.44426000e+01  2.09822055e+00  4.18797973e-01  2.11009974e-02  8.93439224e-02  1.63383225e+02 
 4.58056595e+14  8.00710992e+34  1.52641000e+01  2.12678022e+00  1.44506000e+01  2.10370463e+00  4.19227023e-01  2.09926748e-02  8.90069171e-02  1.60966347e+02 
 4.58552370e+14  8.04620686e+34  1.52701000e+01  2.13217586e+00  1.44586000e+01  2.10917303e+00  4.19596771e-01  2.08759688e-02  8.87184701e-02  1.58736471e+02 
 4.59048145e+14  8.08530380e+34  1.52751000e+01  2.13754572e+00  1.44666000e+01  2.11462578e+00  4.20017150e-01  2.07510422e-02  8.84209015e-02  1.56482783e+02 
 4.59543920e+14  8.12440073e+34  1.52801000e+01  2.14288994e+00  1.44746000e+01  2.12006287e+00  4.20433260e-01  2.06180764e-02  8.81237060e-02  1.54274014e+02 
 4.60039695e+14  8.16349767e+34  1.52851000e+01  2.14820865e+00  1.44816000e+01  2.12532335e+00  4.20845128e-01  2.06203934e-02  8.78269011e-02  1.52109052e+02 
 4.60535471e+14  8.20259461e+34  1.52901000e+01  2.15350195e+00  1.44896000e+01  2.13072938e+00  4.21252783e-01  2.04712302e-02  8.75305031e-02  1.49986817e+02 
 4.61031246e+14  8.24248389e+34  1.52951000e+01  2.15887661e+00  1.44966000e+01  2.13604141e+00  4.21669992e-01  2.04773016e-02  8.72314237e-02  1.47864473e+02 
 4.61527021e+14  8.28264254e+34  1.53001000e+01  2.16426155e+00  1.45046000e+01  2.14152721e+00  4.22087579e-01  2.03388597e-02  8.69317174e-02  1.45770374e+02 
 4.62022796e+14  8.32280118e+34  1.53051000e+01  2.16962053e+00  1.45126000e+01  2.14699718e+00  4.22500885e-01  2.01923843e-02  8.66324574e-02  1.43717932e+02 
 4.62518571e+14  8.36295982e+34  1.53101000e+01  2.17495370e+00  1.45196000e+01  2.15228928e+00  4.22909944e-01  2.01805522e-02  8.63336639e-02  1.41706119e+02 
 4.63014347e+14  8.40311846e+34  1.53151000e+01  2.18026118e+00  1.45276000e+01  2.15772757e+00  4.23314784e-01  2.00182272e-02  8.60353517e-02  1.39733936e+02 
 4.63510122e+14  8.44327711e+34  1.53201000e+01  2.18554310e+00  1.45346000e+01  2.16298777e+00  4.23715436e-01  1.99903993e-02  8.57375387e-02  1.37800413e+02 
 4.64005897e+14  8.48343575e+34  1.53251000e+01  2.19079957e+00  1.45416000e+01  2.16823209e+00  4.24111924e-01  1.99545872e-02  8.54402384e-02  1.35904606e+02 
 4.64501672e+14  8.52359439e+34  1.53301000e+01  2.19603076e+00  1.45496000e+01  2.17362324e+00  4.24504284e-01  1.97691930e-02  8.51434688e-02  1.34045601e+02 
 4.64997447e+14  8.56391581e+34  1.53351000e+01  2.20125781e+00  1.45566000e+01  2.17885252e+00  4.24895228e-01  1.97218350e-02  8.48466034e-02  1.32215189e+02 
 4.65493223e+14  8.60514901e+34  1.53401000e+01  2.20657722e+00  1.45636000e+01  2.18415808e+00  4.25297073e-01  1.96878464e-02  8.45467124e-02  1.30379829e+02 
 4.65988998e+14  8.64638221e+34  1.53451000e+01  2.21187078e+00  1.45716000e+01  2.18961058e+00  4.25694719e-01  1.95047056e-02  8.42473880e-02  1.28580374e+02 
 4.66484773e+14  8.68761540e+34  1.53491000e+01  2.21713862e+00  1.45786000e+01  2.19488385e+00  4.26143730e-01  1.94552189e-02  8.39760010e-02  1.26815958e+02 
 4.66980548e+14  8.72884860e+34  1.53541000e+01  2.22238089e+00  1.45856000e+01  2.20014103e+00  4.26533107e-01  1.93979829e-02  8.36777514e-02  1.25085721e+02 
 4.67476324e+14  8.77008180e+34  1.53591000e+01  2.22759771e+00  1.45926000e+01  2.20538218e+00  4.26918377e-01  1.93331353e-02  8.33801145e-02  1.23388845e+02 
 4.67972099e+14  8.81131499e+34  1.53641000e+01  2.23278921e+00  1.45996000e+01  2.21060735e+00  4.27299568e-01  1.92607927e-02  8.30831038e-02  1.21724527e+02 
 4.68467874e+14  8.85254819e+34  1.53681000e+01  2.23795552e+00  1.46066000e+01  2.21581662e+00  4.27732378e-01  1.91810652e-02  8.28136740e-02  1.20091997e+02 
 4.68963649e+14  8.89378139e+34  1.53731000e+01  2.24309678e+00  1.46136000e+01  2.22101007e+00  4.28105527e-01  1.90940025e-02  8.25178487e-02  1.18490485e+02 
 4.69459424e+14  8.93555436e+34  1.53771000e+01  2.24827997e+00  1.46206000e+01  2.22624040e+00  4.28538883e-01  1.90113057e-02  8.22111674e-02  1.16847501e+02 
 4.69955200e+14  8.97787462e+34  1.53821000e+01  2.25350547e+00  1.46276000e+01  2.23150800e+00  4.28921029e-01  1.89329080e-02  8.19484756e-02  1.15317263e+02 
 4.70450975e+14  9.02019487e+34  1.53871000e+01  2.25870539e+00  1.46346000e+01  2.23675938e+00  4.29299090e-01  1.88471274e-02  8.16503221e-02  1.13765930e+02 
 4.70946750e+14  9.06251513e+34  1.53911000e+01  2.26387987e+00  1.46416000e+01  2.24199462e+00  4.29728943e-01  1.87540880e-02  8.13793072e-02  1.12244167e+02 
 4.71442525e+14  9.10483539e+34  1.53961000e+01  2.26902904e+00  1.46486000e+01  2.24721377e+00  4.30098955e-01  1.86538494e-02  8.10824663e-02  1.10751260e+02 
 4.71938300e+14  9.14715565e+34  1.54001000e+01  2.27415304e+00  1.46556000e+01  2.25241695e+00  4.30520885e-01  1.85465112e-02  8.08125884e-02  1.09286538e+02 
 4.72434076e+14  9.18947591e+34  1.54051000e+01  2.27925199e+00  1.46626000e+01  2.25760420e+00  4.30882959e-01  1.84321489e-02  8.05171074e-02  1.07849327e+02 
 4.72929851e+14  9.23179616e+34  1.54091000e+01  2.28432603e+00  1.46686000e+01  2.26261027e+00  4.31297074e-01  1.84497284e-02  8.02484133e-02  1.06438993e+02 
 4.73425626e+14  9.27411642e+34  1.54141000e+01  2.28937531e+00  1.46756000e+01  2.26776569e+00  4.31651321e-01  1.83214958e-02  7.99543372e-02  1.05054896e+02 
 4.73921401e+14  9.31729397e+34  1.54181000e+01  2.29450157e+00  1.46816000e+01  2.27282033e+00  4.32070478e-01  1.83419182e-02  7.96835487e-02  1.03669150e+02 
 4.74417176e+14  9.36071344e+34  1.54231000e+01  2.29963120e+00  1.46886000e+01  2.27804711e+00  4.32433222e-01  1.82213749e-02  7.93866625e-02  1.02301814e+02 
 4.74912952e+14  9.40413291e+34  1.54271000e+01  2.30473556e+00  1.46956000e+01  2.28325763e+00  4.32848115e-01  1.80940468e-02  7.91162139e-02  1.00960116e+02 
 4.75408727e+14  9.44755238e+34  1.54311000e+01  2.30981476e+00  1.47016000e+01  2.28828605e+00  4.33259127e-01  1.80979026e-02  7.88463724e-02  9.96434517e+01 
 4.75904502e+14  9.49097185e+34  1.54361000e+01  2.31486897e+00  1.47086000e+01  2.29346435e+00  4.33610096e-01  1.79568694e-02  7.85516984e-02  9.83512338e+01 
 4.76400277e+14  9.53439132e+34  1.54401000e+01  2.31989829e+00  1.47146000e+01  2.29846040e+00  4.34013395e-01  1.79469023e-02  7.82831987e-02  9.70829043e+01 
 4.76896052e+14  9.57781079e+34  1.54441000e+01  2.32490289e+00  1.47216000e+01  2.30360676e+00  4.34412901e-01  1.77925703e-02  7.80153397e-02  9.58379070e+01 
 4.77391828e+14  9.62123026e+34  1.54481000e+01  2.32988288e+00  1.47276000e+01  2.30857073e+00  4.34808632e-01  1.77691359e-02  7.77481279e-02  9.46157048e+01 
