# rhoc (cgs) 	 Pc (cgs) 	 R (km) 	 M (msol) 	 R_core (km) 	 M_core (msol) 	 I/(MR^2) 	 I_crust/(M_crust R_crust^2)/(I/(MR^2)) 	 k_2 	 Lambda 
 2.30000000e+14  2.35557529e+33  2.45941000e+01  1.45904176e-01  7.81660000e+00  1.11939617e-01  4.75900374e-02  4.63432665e-01  3.19153389e-03  4.12461960e+07 
 2.35059290e+14  2.52161543e+33  2.33731000e+01  1.50443936e-01  7.87460000e+00  1.17630425e-01  5.20314859e-02  4.39252117e-01  3.91568190e-03  3.36576610e+07 
 2.40118580e+14  2.69793235e+33  2.22671000e+01  1.55383211e-01  7.93460000e+00  1.23680918e-01  5.67291773e-02  4.15327314e-01  4.77851251e-03  2.74257769e+07 
 2.45177870e+14  2.89415425e+33  2.12231000e+01  1.60998804e-01  7.99960000e+00  1.30415866e-01  6.19055911e-02  3.90713933e-01  5.84671907e-03  2.21009765e+07 
 2.50237160e+14  3.09784315e+33  2.03061000e+01  1.66945973e-01  8.06460000e+00  1.37397532e-01  6.72019115e-02  3.67372371e-01  7.06892342e-03  1.78720561e+07 
 2.55296450e+14  3.32482145e+33  1.94421000e+01  1.73696272e-01  8.13560000e+00  1.45194300e-01  7.30025185e-02  3.43530057e-01  8.55929122e-03  1.42813599e+07 
 2.60355740e+14  3.56397091e+33  1.86771000e+01  1.80918223e-01  8.20760000e+00  1.53390615e-01  7.89652882e-02  3.20906187e-01  1.02576358e-02  1.14222407e+07 
 2.65415030e+14  3.82007168e+33  1.79871000e+01  1.88764903e-01  8.28260000e+00  1.62172423e-01  8.51842166e-02  2.99042021e-01  1.22090769e-02  9.10858067e+06 
 2.70474320e+14  4.09869798e+33  1.73581000e+01  1.97396728e-01  8.36160000e+00  1.71710370e-01  9.17282741e-02  2.77766383e-01  1.44603013e-02  7.22032762e+06 
 2.75533610e+14  4.38654876e+33  1.68131000e+01  2.06403235e-01  8.44060000e+00  1.81550286e-01  9.82483236e-02  2.58179160e-01  1.69030661e-02  5.75692207e+06 
 2.80592900e+14  4.48632832e+33  1.66491000e+01  2.09449000e-01  8.46660000e+00  1.84858634e-01  1.00390232e-01  2.52060486e-01  1.77486647e-02  5.34929337e+06 
 2.85652190e+14  4.66058794e+33  1.63901000e+01  2.14617140e-01  8.50860000e+00  1.90432587e-01  1.03950916e-01  2.42382499e-01  1.92005366e-02  4.73661130e+06 
 2.90711480e+14  4.83837040e+33  1.61541000e+01  2.19761034e-01  8.55060000e+00  1.95994127e-01  1.07402350e-01  2.33061405e-01  2.06619492e-02  4.21114360e+06 
 2.95770770e+14  5.01963431e+33  1.59381000e+01  2.24879007e-01  8.58960000e+00  2.01475802e-01  1.10748628e-01  2.24608878e-01  2.21286707e-02  3.75804402e+06 
 3.00830060e+14  5.20428448e+33  1.57401000e+01  2.29968061e-01  8.62860000e+00  2.06943872e-01  1.13986216e-01  2.16422894e-01  2.35930240e-02  3.36551712e+06 
 3.05889350e+14  5.39256782e+33  1.55561000e+01  2.35034942e-01  8.66560000e+00  2.12359516e-01  1.17147338e-01  2.08836030e-01  2.50660153e-02  3.02339680e+06 
 3.10948640e+14  5.58409232e+33  1.53861000e+01  2.40069096e-01  8.70060000e+00  2.17713118e-01  1.20209505e-01  2.01815525e-01  2.65314660e-02  2.72452687e+06 
 3.16007930e+14  5.77940873e+33  1.52281000e+01  2.45085077e-01  8.73560000e+00  2.23064589e-01  1.23184945e-01  1.94969391e-01  2.79905558e-02  2.46163786e+06 
 3.21067220e+14  5.97787295e+33  1.50811000e+01  2.50066473e-01  8.76860000e+00  2.28352219e-01  1.26070921e-01  1.88638234e-01  2.94379244e-02  2.23030017e+06 
 3.26126510e+14  6.18017449e+33  1.49441000e+01  2.55030747e-01  8.80060000e+00  2.33615074e-01  1.28870149e-01  1.82619580e-01  3.08700190e-02  2.02530945e+06 
 3.31185800e+14  6.38568993e+33  1.48151000e+01  2.59962769e-01  8.83160000e+00  2.38839207e-01  1.31602328e-01  1.76897403e-01  3.22954450e-02  1.84364296e+06 
 3.36245090e+14  6.59487984e+33  1.46941000e+01  2.64873819e-01  8.86060000e+00  2.44010314e-01  1.34257372e-01  1.71630235e-01  3.37041807e-02  1.68179068e+06 
 3.41304380e+14  6.80745689e+33  1.45801000e+01  2.69757398e-01  8.88960000e+00  2.49170397e-01  1.36842389e-01  1.66454825e-01  3.50976050e-02  1.53738116e+06 
 3.46363670e+14  7.02353700e+33  1.44721000e+01  2.74616386e-01  8.91760000e+00  2.54297554e-01  1.39367497e-01  1.61534924e-01  3.64791178e-02  1.40811539e+06 
 3.51422960e+14  7.24318483e+33  1.43711000e+01  2.79452487e-01  8.94460000e+00  2.59392887e-01  1.41805253e-01  1.56859575e-01  3.78277328e-02  1.29207837e+06 
 3.56482250e+14  7.46615581e+33  1.42751000e+01  2.84260552e-01  8.97060000e+00  2.64451145e-01  1.44186413e-01  1.52419271e-01  3.91611158e-02  1.18778069e+06 
 3.61541540e+14  7.69288244e+33  1.41831000e+01  2.89050135e-01  8.99560000e+00  2.69480604e-01  1.46526308e-01  1.48204963e-01  4.04870519e-02  1.09364022e+06 
 3.66600830e+14  7.92277908e+33  1.40971000e+01  2.93809098e-01  9.01960000e+00  2.74469533e-01  1.48776742e-01  1.44208732e-01  4.17707440e-02  1.00870295e+06 
 3.71660120e+14  8.15655621e+33  1.40141000e+01  2.98552342e-01  9.04260000e+00  2.79431132e-01  1.50996374e-01  1.40423264e-01  4.30499213e-02  9.31674892e+05 
 3.76719410e+14  8.39354222e+33  1.39361000e+01  3.03266426e-01  9.06560000e+00  2.84377813e-01  1.53136598e-01  1.36677792e-01  4.42890564e-02  8.61885177e+05 
 3.81778700e+14  8.63421053e+33  1.38611000e+01  3.07960996e-01  9.08760000e+00  2.89292830e-01  1.55237239e-01  1.33132530e-01  4.55141065e-02  7.98406951e+05 
 3.86837990e+14  8.87829139e+33  1.37891000e+01  3.12630999e-01  9.10860000e+00  2.94170958e-01  1.57294546e-01  1.29781527e-01  4.67212544e-02  7.40631682e+05 
 3.91897280e+14  9.12584782e+33  1.37201000e+01  3.17277842e-01  9.12960000e+00  2.99038662e-01  1.59305410e-01  1.26459242e-01  4.79066626e-02  6.87942227e+05 
 3.96956570e+14  9.37702804e+33  1.36551000e+01  3.21904506e-01  9.14960000e+00  3.03872694e-01  1.61243278e-01  1.23323168e-01  4.90484830e-02  6.39783599e+05 
 4.02015860e+14  9.63146863e+33  1.35921000e+01  3.26504499e-01  9.16860000e+00  3.08666460e-01  1.63151269e-01  1.20368387e-01  5.01782778e-02  5.95759647e+05 
 4.07075150e+14  9.88975179e+33  1.35311000e+01  3.31088508e-01  9.18660000e+00  3.13429425e-01  1.65028400e-01  1.17590543e-01  5.12936182e-02  5.55362691e+05 
 4.12134440e+14  1.01512180e+34  1.34731000e+01  3.35644982e-01  9.20460000e+00  3.18176419e-01  1.66846972e-01  1.14829631e-01  5.23727215e-02  5.18334834e+05 
 4.17193730e+14  1.04164605e+34  1.34171000e+01  3.40184432e-01  9.22260000e+00  3.22917088e-01  1.68630030e-01  1.12085237e-01  5.34315790e-02  4.84269924e+05 
 4.22253020e+14  1.06850343e+34  1.33631000e+01  3.44699403e-01  9.23960000e+00  3.27617898e-01  1.70375080e-01  1.09509852e-01  5.44678566e-02  4.52941487e+05 
 4.27312310e+14  1.09571505e+34  1.33111000e+01  3.49193608e-01  9.25560000e+00  3.32281832e-01  1.72080603e-01  1.07099925e-01  5.54791274e-02  4.24068787e+05 
 4.32371600e+14  1.12328333e+34  1.32611000e+01  3.53667612e-01  9.27160000e+00  3.36935497e-01  1.73744837e-01  1.04700695e-01  5.64630023e-02  3.97423595e+05 
 4.37430890e+14  1.15118163e+34  1.32121000e+01  3.58117254e-01  9.28660000e+00  3.41548137e-01  1.75392221e-01  1.02462030e-01  5.74389379e-02  3.72827393e+05 
 4.42490180e+14  1.17946090e+34  1.31661000e+01  3.62550794e-01  9.30160000e+00  3.46153835e-01  1.76968896e-01  1.00231600e-01  5.83614223e-02  3.50054521e+05 
 4.47549470e+14  1.20805899e+34  1.31201000e+01  3.66958618e-01  9.31560000e+00  3.50716482e-01  1.78553035e-01  9.81574148e-02  5.92948442e-02  3.28992186e+05 
 4.52608760e+14  1.23703537e+34  1.30761000e+01  3.71350037e-01  9.32960000e+00  3.55271388e-01  1.80090535e-01  9.60892632e-02  6.01932368e-02  3.09449571e+05 
 4.57668050e+14  1.26634451e+34  1.30341000e+01  3.75718269e-01  9.34360000e+00  3.59811895e-01  1.81579191e-01  9.40273573e-02  6.10545058e-02  2.91326358e+05 
 4.62727340e+14  1.29600584e+34  1.29931000e+01  3.80066361e-01  9.35660000e+00  3.64313715e-01  1.83045760e-01  9.21166587e-02  6.19002052e-02  2.74490433e+05 
 4.67786630e+14  1.32602594e+34  1.29531000e+01  3.84395411e-01  9.36960000e+00  3.68804593e-01  1.84489630e-01  9.02103449e-02  6.27293304e-02  2.58831216e+05 
 4.72845920e+14  1.35637127e+34  1.29141000e+01  3.88700721e-01  9.38160000e+00  3.73252700e-01  1.85909774e-01  8.84516250e-02  6.35410645e-02  2.44268161e+05 
 4.77905210e+14  1.38710217e+34  1.28761000e+01  3.92990964e-01  9.39360000e+00  3.77693196e-01  1.87306121e-01  8.66956699e-02  6.43341725e-02  2.30684800e+05 
 4.82964500e+14  1.41815202e+34  1.28401000e+01  3.97256935e-01  9.40560000e+00  3.82117097e-01  1.88647961e-01  8.49427229e-02  6.50826746e-02  2.18031060e+05 
 4.88023790e+14  1.44957198e+34  1.28041000e+01  4.01505803e-01  9.41660000e+00  3.86503763e-01  1.89993603e-01  8.33332001e-02  6.58357254e-02  2.06213056e+05 
 4.93083080e+14  1.48133237e+34  1.27691000e+01  4.05733658e-01  9.42760000e+00  3.90876515e-01  1.91313019e-01  8.17252777e-02  6.65675773e-02  1.95176438e+05 
 4.98142370e+14  1.51343402e+34  1.27351000e+01  4.09940752e-01  9.43760000e+00  3.95207935e-01  1.92605579e-01  8.02577521e-02  6.72773383e-02  1.84860240e+05 
 5.03201660e+14  1.54590464e+34  1.27021000e+01  4.14130816e-01  9.44760000e+00  3.99528880e-01  1.93870859e-01  7.87903925e-02  6.79639577e-02  1.75201143e+05 
 5.08260950e+14  1.57869411e+34  1.26701000e+01  4.18297506e-01  9.45760000e+00  4.03833051e-01  1.95107825e-01  7.73237613e-02  6.86268754e-02  1.66163810e+05 
 5.13320240e+14  1.61186730e+34  1.26391000e+01  4.22449172e-01  9.46760000e+00  4.08128395e-01  1.96316358e-01  7.58578657e-02  6.92648619e-02  1.57684783e+05 
 5.18379530e+14  1.64536654e+34  1.26081000e+01  4.26578674e-01  9.47660000e+00  4.12380142e-01  1.97526733e-01  7.45282315e-02  6.99051728e-02  1.49737376e+05 
 5.23438820e+14  1.67921874e+34  1.25781000e+01  4.30689460e-01  9.48560000e+00  4.16619119e-01  1.98707725e-01  7.31982464e-02  7.05197398e-02  1.42276469e+05 
 5.28498110e+14  1.71342729e+34  1.25491000e+01  4.34782054e-01  9.49460000e+00  4.20845695e-01  1.99858750e-01  7.18682345e-02  7.11077483e-02  1.35266471e+05 
 5.33557400e+14  1.74795722e+34  1.25211000e+01  4.38852392e-01  9.50260000e+00  4.25027921e-01  2.00978969e-01  7.06712033e-02  7.16686667e-02  1.28681993e+05 
 5.38616690e+14  1.78287458e+34  1.24931000e+01  4.42908351e-01  9.51060000e+00  4.29201124e-01  2.02100579e-01  6.94729134e-02  7.22302092e-02  1.22481075e+05 
 5.43675980e+14  1.81811041e+34  1.24661000e+01  4.46941988e-01  9.51860000e+00  4.33357441e-01  2.03190687e-01  6.82739800e-02  7.27637812e-02  1.16648965e+05 
 5.48735270e+14  1.85370654e+34  1.24391000e+01  4.50958227e-01  9.52660000e+00  4.37501566e-01  2.04281819e-01  6.70744407e-02  7.32978405e-02  1.11153409e+05 
 5.53794560e+14  1.88965047e+34  1.24131000e+01  4.54955749e-01  9.53360000e+00  4.41604020e-01  2.05340958e-01  6.60042179e-02  7.38028576e-02  1.05973442e+05 
 5.58853850e+14  1.92592120e+34  1.23871000e+01  4.58932349e-01  9.54160000e+00  4.45718631e-01  2.06400741e-01  6.48037759e-02  7.43082986e-02  1.01090551e+05 
 5.63913140e+14  1.96257260e+34  1.23621000e+01  4.62894007e-01  9.54760000e+00  4.49766830e-01  2.07428030e-01  6.38594697e-02  7.47836137e-02  9.64780017e+04 
 5.68972430e+14  1.99954204e+34  1.23371000e+01  4.66834044e-01  9.55460000e+00  4.53826280e-01  2.08455726e-01  6.27855743e-02  7.52591253e-02  9.21256093e+04 
 5.74031720e+14  2.03687472e+34  1.23131000e+01  4.70757386e-01  9.56160000e+00  4.57873595e-01  2.09450162e-01  6.17108963e-02  7.57038440e-02  8.80111372e+04 
 5.79091010e+14  2.07455075e+34  1.22901000e+01  4.74662028e-01  9.56760000e+00  4.61878467e-01  2.10410682e-01  6.07615623e-02  7.61173022e-02  8.41213820e+04 
 5.84150300e+14  2.11255462e+34  1.22671000e+01  4.78546494e-01  9.57360000e+00  4.65867519e-01  2.11371151e-01  5.98106937e-02  7.65302461e-02  8.04433821e+04 
 5.89209590e+14  2.15093653e+34  1.22441000e+01  4.82415994e-01  9.57960000e+00  4.69845780e-01  2.12331908e-01  5.88582753e-02  7.69423709e-02  7.69590671e+04 
 5.94268880e+14  2.18963594e+34  1.22211000e+01  4.86264500e-01  9.58560000e+00  4.73807224e-01  2.13292805e-01  5.79048805e-02  7.73542564e-02  7.36616193e+04 
 5.99328169e+14  2.22869707e+34  1.21991000e+01  4.90096535e-01  9.59060000e+00  4.77727822e-01  2.14219026e-01  5.70735776e-02  7.77337826e-02  7.05356993e+04 
 6.04387459e+14  2.26810132e+34  1.21781000e+01  4.93910343e-01  9.59560000e+00  4.81634111e-01  2.15109945e-01  5.62401255e-02  7.80805405e-02  6.75722326e+04 
 6.09446749e+14  2.30782999e+34  1.21571000e+01  4.97704240e-01  9.60060000e+00  4.85524303e-01  2.16000526e-01  5.54050812e-02  7.84264466e-02  6.47625829e+04 
 6.14506039e+14  2.34793827e+34  1.21361000e+01  5.01483583e-01  9.60560000e+00  4.89403626e-01  2.16891078e-01  5.45682795e-02  7.87711334e-02  6.20937097e+04 
 6.19565329e+14  2.38836339e+34  1.21151000e+01  5.05242526e-01  9.61060000e+00  4.93266230e-01  2.17781472e-01  5.37302437e-02  7.91152051e-02  5.95612585e+04 
 6.24624619e+14  2.42914428e+34  1.20951000e+01  5.08984805e-01  9.61560000e+00  4.97115720e-01  2.18635784e-01  5.28909822e-02  7.94255824e-02  5.71547093e+04 
 6.29683909e+14  2.47027226e+34  1.20751000e+01  5.12709711e-01  9.61960000e+00  5.00922734e-01  2.19489836e-01  5.21700685e-02  7.97348883e-02  5.48671921e+04 
 6.34743199e+14  2.51171680e+34  1.20561000e+01  5.16414591e-01  9.62360000e+00  5.04713119e-01  2.20307066e-01  5.14472001e-02  8.00102658e-02  5.26933464e+04 
 6.39802489e+14  2.55354674e+34  1.20361000e+01  5.20105677e-01  9.62760000e+00  5.08492949e-01  2.21160689e-01  5.07224057e-02  8.03174191e-02  5.06231411e+04 
 6.44861779e+14  2.59569278e+34  1.20171000e+01  5.23776927e-01  9.63160000e+00  5.12256174e-01  2.21977283e-01  4.99961533e-02  8.05904642e-02  4.86540051e+04 
 6.49921069e+14  2.63818415e+34  1.19991000e+01  5.27431004e-01  9.63560000e+00  5.16005366e-01  2.22756438e-01  4.92684714e-02  8.08287314e-02  4.67788163e+04 
 6.54980359e+14  2.68103087e+34  1.19801000e+01  5.31068854e-01  9.63960000e+00  5.19741393e-01  2.23572345e-01  4.85395453e-02  8.10994271e-02  4.49918887e+04 
 6.60039649e+14  2.72419322e+34  1.19621000e+01  5.34687202e-01  9.64260000e+00  5.23432236e-01  2.24350520e-01  4.79253120e-02  8.13354317e-02  4.32898773e+04 
 6.65098939e+14  2.77023921e+34  1.19431000e+01  5.38499006e-01  9.64660000e+00  5.27347569e-01  2.25171828e-01  4.71782653e-02  8.15822107e-02  4.15742731e+04 
 6.70158229e+14  2.82211328e+34  1.19221000e+01  5.42749441e-01  9.65060000e+00  5.31703511e-01  2.26081728e-01  4.63965703e-02  8.18482254e-02  3.97506765e+04 
 6.75217519e+14  2.87451432e+34  1.19021000e+01  5.47002481e-01  9.65360000e+00  5.36036170e-01  2.26955982e-01  4.57284808e-02  8.20778080e-02  3.80159302e+04 
 6.80276809e+14  2.92750377e+34  1.18811000e+01  5.51263013e-01  9.65760000e+00  5.40407643e-01  2.27871539e-01  4.49467648e-02  8.23399741e-02  3.63637020e+04 
 6.85336099e+14  2.98099786e+34  1.18611000e+01  5.55524042e-01  9.66060000e+00  5.44753111e-01  2.28752255e-01  4.42796027e-02  8.25668748e-02  3.47924304e+04 
 6.90395389e+14  3.03506200e+34  1.18411000e+01  5.59790449e-01  9.66460000e+00  5.49134874e-01  2.29636832e-01  4.35018898e-02  8.27928727e-02  3.32961602e+04 
 6.95454679e+14  3.08967716e+34  1.18221000e+01  5.64060333e-01  9.66760000e+00  5.53493241e-01  2.30486560e-01  4.28383223e-02  8.29833838e-02  3.18716732e+04 
 7.00513969e+14  3.14479968e+34  1.18031000e+01  5.68329896e-01  9.67060000e+00  5.57853109e-01  2.31340212e-01  4.21772033e-02  8.31739156e-02  3.05164108e+04 
 7.05573259e+14  3.20053286e+34  1.17841000e+01  5.72606683e-01  9.67360000e+00  5.62221879e-01  2.32198226e-01  4.15184794e-02  8.33638398e-02  2.92244350e+04 
 7.10632549e+14  3.25678179e+34  1.17651000e+01  5.76882950e-01  9.67660000e+00  5.66591721e-01  2.33060607e-01  4.08629452e-02  8.35542032e-02  2.79947296e+04 
 7.15691839e+14  3.31356957e+34  1.17461000e+01  5.81160031e-01  9.67960000e+00  5.70963886e-01  2.33927563e-01  4.02107258e-02  8.37450044e-02  2.68236002e+04 
 7.20751129e+14  3.37094823e+34  1.17281000e+01  5.85441367e-01  9.68160000e+00  5.75312816e-01  2.34759286e-01  3.96696304e-02  8.39001850e-02  2.57070693e+04 
 7.25810419e+14  3.42883850e+34  1.17101000e+01  5.89720600e-01  9.68460000e+00  5.79689935e-01  2.35595374e-01  3.90238748e-02  8.40561014e-02  2.46438836e+04 
 7.30869709e+14  3.48730311e+34  1.16921000e+01  5.94001912e-01  9.68760000e+00  5.84070449e-01  2.36436038e-01  3.83818190e-02  8.42123501e-02  2.36302088e+04 
 7.35928999e+14  3.54632789e+34  1.16751000e+01  5.98283815e-01  9.68960000e+00  5.88423833e-01  2.37240689e-01  3.78497361e-02  8.43330442e-02  2.26638105e+04 
 7.40988289e+14  3.60586662e+34  1.16571000e+01  6.02562521e-01  9.69260000e+00  5.92804207e-01  2.38090390e-01  3.72152004e-02  8.44907999e-02  2.17430184e+04 
 7.46047579e+14  3.66601246e+34  1.16401000e+01  6.06844280e-01  9.69460000e+00  5.97159802e-01  2.38903882e-01  3.66894257e-02  8.46125781e-02  2.08641431e+04 
 7.51106869e+14  3.72669017e+34  1.16231000e+01  6.11123282e-01  9.69660000e+00  6.01513762e-01  2.39721710e-01  3.61667269e-02  8.47352057e-02  2.00261743e+04 
 7.56166159e+14  3.78789555e+34  1.16071000e+01  6.15398853e-01  9.69860000e+00  6.05865321e-01  2.40502459e-01  3.56473764e-02  8.48222430e-02  1.92270807e+04 
 7.61225449e+14  3.84971495e+34  1.15901000e+01  6.19676563e-01  9.70160000e+00  6.10249188e-01  2.41329003e-01  3.50275641e-02  8.49460288e-02  1.84638398e+04 
 7.66284739e+14  3.91205193e+34  1.15741000e+01  6.23949328e-01  9.70360000e+00  6.14600078e-01  2.42118093e-01  3.45148338e-02  8.50342184e-02  1.77358353e+04 
 7.71344029e+14  3.97494385e+34  1.15581000e+01  6.28219325e-01  9.70560000e+00  6.18949202e-01  2.42911257e-01  3.40053036e-02  8.51231030e-02  1.70408638e+04 
 7.76403319e+14  4.03842648e+34  1.15421000e+01  6.32488584e-01  9.70760000e+00  6.23298569e-01  2.43708577e-01  3.34988615e-02  8.52124466e-02  1.63769160e+04 
 7.81462609e+14  4.10242866e+34  1.15271000e+01  6.36751918e-01  9.70860000e+00  6.27613862e-01  2.44467480e-01  3.30966969e-02  8.52658402e-02  1.57431796e+04 
 7.86521899e+14  4.16701009e+34  1.15121000e+01  6.41012944e-01  9.71060000e+00  6.31956890e-01  2.45230128e-01  3.25962016e-02  8.53196884e-02  1.51375786e+04 
 7.91581189e+14  4.23216157e+34  1.14961000e+01  6.45270659e-01  9.71260000e+00  6.36297532e-01  2.46039291e-01  3.20989406e-02  8.54112243e-02  1.45588276e+04 
 7.96640479e+14  4.29783446e+34  1.14821000e+01  6.49521551e-01  9.71460000e+00  6.40632248e-01  2.46766458e-01  3.16050325e-02  8.54693824e-02  1.40125683e+04 
 8.01699769e+14  4.36410786e+34  1.14671000e+01  6.53770368e-01  9.71560000e+00  6.44936688e-01  2.47540171e-01  3.12128321e-02  8.54851271e-02  1.34772343e+04 
 8.06759059e+14  4.43093340e+34  1.14521000e+01  6.58013652e-01  9.71760000e+00  6.49265612e-01  2.48317521e-01  3.07246006e-02  8.55415711e-02  1.29716953e+04 
 8.11818349e+14  4.49828207e+34  1.14381000e+01  6.62249263e-01  9.71860000e+00  6.53558541e-01  2.49054881e-01  3.03374560e-02  8.55615799e-02  1.24884691e+04 
 8.16877639e+14  4.56624942e+34  1.14241000e+01  6.66482842e-01  9.72060000e+00  6.57879505e-01  2.49795580e-01  2.98549357e-02  8.55817249e-02  1.20258153e+04 
 8.21936929e+14  4.63475383e+34  1.14101000e+01  6.70708981e-01  9.72160000e+00  6.62164693e-01  2.50539452e-01  2.94723416e-02  8.56026321e-02  1.15832957e+04 
 8.26996219e+14  4.70378384e+34  1.13961000e+01  6.74926702e-01  9.72260000e+00  6.66442273e-01  2.51286449e-01  2.90920029e-02  8.56243870e-02  1.11599966e+04 
 8.32055509e+14  4.77344576e+34  1.13821000e+01  6.79142170e-01  9.72460000e+00  6.70747652e-01  2.52036745e-01  2.86178116e-02  8.56462222e-02  1.07543728e+04 
 8.37114799e+14  4.84363345e+34  1.13691000e+01  6.83348626e-01  9.72560000e+00  6.75015651e-01  2.52745629e-01  2.82418997e-02  8.56312292e-02  1.03661947e+04 
 8.42174089e+14  4.91435880e+34  1.13551000e+01  6.87546555e-01  9.72660000e+00  6.79275904e-01  2.53501870e-01  2.78682133e-02  8.56546237e-02  9.99455488e+03 
 8.47233379e+14  4.98570661e+34  1.13421000e+01  6.91740679e-01  9.72760000e+00  6.83533185e-01  2.54216468e-01  2.74962922e-02  8.56404157e-02  9.63824425e+03 
 8.52292669e+14  5.05758162e+34  1.13291000e+01  6.95925103e-01  9.72860000e+00  6.87781559e-01  2.54933686e-01  2.71264804e-02  8.56269520e-02  9.29701227e+03 
 8.57351959e+14  5.13000301e+34  1.13161000e+01  7.00100715e-01  9.72960000e+00  6.92021905e-01  2.55653533e-01  2.67587194e-02  8.56140969e-02  8.97005149e+03 
 8.62411249e+14  5.20304049e+34  1.13041000e+01  7.04271252e-01  9.73060000e+00  6.96257991e-01  2.56330738e-01  2.63926944e-02  8.56045564e-02  8.66054871e+03 
 8.67470539e+14  5.27660648e+34  1.12911000e+01  7.08431455e-01  9.73160000e+00  7.00484500e-01  2.57055666e-01  2.60287913e-02  8.55514615e-02  8.35579742e+03 
 8.72529829e+14  5.35072416e+34  1.12791000e+01  7.12582414e-01  9.73160000e+00  7.04673282e-01  2.57737426e-01  2.57586484e-02  8.55432460e-02  8.07143660e+03 
 8.77589119e+14  5.42545472e+34  1.12661000e+01  7.16727306e-01  9.73260000e+00  7.08886056e-01  2.58467351e-01  2.53979335e-02  8.54907028e-02  7.79086219e+03 
 8.82648409e+14  5.50071497e+34  1.12541000e+01  7.20861252e-01  9.73360000e+00  7.13088648e-01  2.59153644e-01  2.50391465e-02  8.54420616e-02  7.52550308e+03 
 8.87707699e+14  5.57652879e+34  1.12421000e+01  7.24985390e-01  9.73460000e+00  7.17282171e-01  2.59842049e-01  2.46823097e-02  8.53939090e-02  7.27086732e+03 
 8.92766989e+14  5.65295545e+34  1.12301000e+01  7.29102702e-01  9.73460000e+00  7.21440362e-01  2.60532635e-01  2.44172091e-02  8.53458462e-02  7.02627832e+03 
 8.97826279e+14  5.72991291e+34  1.12191000e+01  7.33208537e-01  9.73560000e+00  7.25617107e-01  2.61178651e-01  2.40634691e-02  8.53018349e-02  6.79484074e+03 
 9.02885569e+14  5.80742227e+34  1.12071000e+01  7.37303855e-01  9.73560000e+00  7.29754799e-01  2.61873080e-01  2.38007141e-02  8.52134211e-02  6.56613931e+03 
 9.07944859e+14  5.88554774e+34  1.11951000e+01  7.41391817e-01  9.73660000e+00  7.33915157e-01  2.62569598e-01  2.34500776e-02  8.51665067e-02  6.34947998e+03 
 9.13004149e+14  5.96420500e+34  1.11841000e+01  7.45467820e-01  9.73660000e+00  7.38035030e-01  2.63220956e-01  2.31894258e-02  8.50821494e-02  6.14140215e+03 
 9.18063439e+14  6.04340890e+34  1.11731000e+01  7.49532473e-01  9.73760000e+00  7.42173508e-01  2.63873894e-01  2.28420287e-02  8.50398866e-02  5.94438892e+03 
 9.23122729e+14  6.12323553e+34  1.11621000e+01  7.53589472e-01  9.73760000e+00  7.46275847e-01  2.64528505e-01  2.25834526e-02  8.49560413e-02  5.75198943e+03 
 9.28182019e+14  6.20359483e+34  1.11511000e+01  7.57634051e-01  9.73760000e+00  7.50366465e-01  2.65184610e-01  2.23258520e-02  8.48727584e-02  5.56708464e+03 
 9.33241309e+14  6.28449186e+34  1.11401000e+01  7.61666343e-01  9.73760000e+00  7.54445478e-01  2.65842200e-01  2.20692425e-02  8.47900059e-02  5.38932864e+03 
 9.38300599e+14  6.36602167e+34  1.11291000e+01  7.65690886e-01  9.73860000e+00  7.58546789e-01  2.66501393e-01  2.17270742e-02  8.47071859e-02  5.21820898e+03 
 9.43359889e+14  6.44808495e+34  1.11181000e+01  7.69702604e-01  9.73860000e+00  7.62606693e-01  2.67162004e-01  2.14723614e-02  8.45831414e-02  5.05115029e+03 
 9.48419179e+14  6.53068194e+34  1.11081000e+01  7.73701395e-01  9.73860000e+00  7.66654344e-01  2.67775783e-01  2.12185753e-02  8.45051187e-02  4.89534607e+03 
 9.53478469e+14  6.61390802e+34  1.10971000e+01  7.77691707e-01  9.73860000e+00  7.70694254e-01  2.68439141e-01  2.09654305e-02  8.43815271e-02  4.74051929e+03 
 9.58537759e+14  6.69767686e+34  1.10871000e+01  7.81669241e-01  9.73860000e+00  7.74722065e-01  2.69055310e-01  2.07131389e-02  8.43040021e-02  4.59611917e+03 
 9.63597049e+14  6.78198010e+34  1.10761000e+01  7.85633492e-01  9.73860000e+00  7.78737262e-01  2.69721183e-01  2.04617682e-02  8.41813679e-02  4.45265198e+03 
 9.68656339e+14  6.86689538e+34  1.10661000e+01  7.89587958e-01  9.73860000e+00  7.82743391e-01  2.70339597e-01  2.02110115e-02  8.40626175e-02  4.31659854e+03 
 9.73715629e+14  6.95237108e+34  1.10561000e+01  7.93530099e-01  9.73860000e+00  7.86737869e-01  2.70959003e-01  1.99610659e-02  8.39442514e-02  4.18554590e+03 
 9.78774919e+14  7.03838175e+34  1.10461000e+01  7.97458638e-01  9.73760000e+00  7.90690113e-01  2.71579343e-01  1.97950297e-02  8.38683029e-02  4.06134847e+03 
 9.83834209e+14  7.12498359e+34  1.10361000e+01  8.01376017e-01  9.73760000e+00  7.94661175e-01  2.72200674e-01  1.95462677e-02  8.37087790e-02  3.93763826e+03 
 9.88893499e+14  7.21216714e+34  1.10261000e+01  8.05281676e-01  9.73760000e+00  7.98621199e-01  2.72822958e-01  1.92982067e-02  8.35913961e-02  3.82032674e+03 
 9.93952789e+14  7.29988613e+34  1.10161000e+01  8.09173442e-01  9.73760000e+00  8.02567985e-01  2.73446111e-01  1.90509519e-02  8.34745309e-02  3.70726485e+03 
 9.99012079e+14  7.38817153e+34  1.10071000e+01  8.13052599e-01  9.73660000e+00  8.06473507e-01  2.74020354e-01  1.88860788e-02  8.33620545e-02  3.60004672e+03 
 1.00407137e+15  7.47706361e+34  1.09971000e+01  8.16920795e-01  9.73660000e+00  8.10398025e-01  2.74645174e-01  1.86399459e-02  8.32037585e-02  3.49303100e+03 
 1.00913066e+15  7.56649153e+34  1.09881000e+01  8.20774835e-01  9.73560000e+00  8.14279762e-01  2.75220691e-01  1.84753962e-02  8.30919797e-02  3.39328501e+03 
 1.01418995e+15  7.65645715e+34  1.09781000e+01  8.24614747e-01  9.73560000e+00  8.18177268e-01  2.75846955e-01  1.82304973e-02  8.29347083e-02  3.29370824e+03 
 1.01924924e+15  7.74705815e+34  1.09691000e+01  8.28444587e-01  9.73560000e+00  8.22065353e-01  2.76423719e-01  1.79861961e-02  8.28234677e-02  3.20080669e+03 
 1.02430853e+15  7.83819531e+34  1.09601000e+01  8.32260048e-01  9.73460000e+00  8.25910454e-01  2.77000931e-01  1.78223765e-02  8.26708683e-02  3.10955488e+03 
 1.02936782e+15  7.92986875e+34  1.09501000e+01  8.36061093e-01  9.73360000e+00  8.29741679e-01  2.77629293e-01  1.76589022e-02  8.25146184e-02  3.01994918e+03 
 1.03442711e+15  8.02214753e+34  1.09411000e+01  8.39850484e-01  9.73360000e+00  8.33591243e-01  2.78207596e-01  1.74159894e-02  8.23627369e-02  2.93490605e+03 
 1.03948640e+15  8.11499395e+34  1.09321000e+01  8.43626607e-01  9.73260000e+00  8.37398831e-01  2.78786355e-01  1.72527745e-02  8.22112576e-02  2.85276704e+03 
 1.04454569e+15  8.20837686e+34  1.09231000e+01  8.47388109e-01  9.73260000e+00  8.41221670e-01  2.79365497e-01  1.70111631e-02  8.21022015e-02  2.77485890e+03 
 1.04960498e+15  8.30232761e+34  1.09141000e+01  8.51136204e-01  9.73160000e+00  8.45002485e-01  2.79945051e-01  1.68483223e-02  8.19097889e-02  2.69679857e+03 
 1.05466427e+15  8.39688306e+34  1.09051000e+01  8.54872297e-01  9.73060000e+00  8.48771876e-01  2.80525061e-01  1.66855903e-02  8.17594595e-02  2.62269891e+03 
 1.05972356e+15  8.49197511e+34  1.08961000e+01  8.58593610e-01  9.72960000e+00  8.52527082e-01  2.81105415e-01  1.65229574e-02  8.16096834e-02  2.55109843e+03 
 1.06478285e+15  8.58760383e+34  1.08881000e+01  8.62300123e-01  9.72860000e+00  8.56268091e-01  2.81634358e-01  1.63603621e-02  8.14648619e-02  2.48317296e+03 
 1.06984214e+15  8.68385741e+34  1.08791000e+01  8.65995190e-01  9.72860000e+00  8.60027487e-01  2.82215336e-01  1.61209459e-02  8.13157812e-02  2.41618767e+03 
 1.07490143e+15  8.78065802e+34  1.08701000e+01  8.69675734e-01  9.72760000e+00  8.63743696e-01  2.82796631e-01  1.59588275e-02  8.11254170e-02  2.35020776e+03 
 1.07996072e+15  8.87799532e+34  1.08621000e+01  8.73341353e-01  9.72660000e+00  8.67445534e-01  2.83326048e-01  1.57968458e-02  8.09818848e-02  2.28878565e+03 
 1.08502001e+15  8.97591095e+34  1.08531000e+01  8.76993562e-01  9.72560000e+00  8.71134547e-01  2.83907836e-01  1.56349434e-02  8.07925126e-02  2.22703218e+03 
 1.09007930e+15  9.07441928e+34  1.08451000e+01  8.80632842e-01  9.72460000e+00  8.74811215e-01  2.84437498e-01  1.54730426e-02  8.06497013e-02  2.16952450e+03 
 1.09513859e+15  9.17346423e+34  1.08371000e+01  8.84257081e-01  9.72360000e+00  8.78473386e-01  2.84967144e-01  1.53113088e-02  8.04658070e-02  2.11277099e+03 
 1.10019788e+15  9.27304584e+34  1.08281000e+01  8.87866269e-01  9.72260000e+00  8.82121037e-01  2.85549511e-01  1.51497903e-02  8.02779955e-02  2.05678267e+03 
 1.10525717e+15  9.37325178e+34  1.08201000e+01  8.91463524e-01  9.72160000e+00  8.85757351e-01  2.86079328e-01  1.49882026e-02  8.01365923e-02  2.00464619e+03 
 1.11031646e+15  9.47400324e+34  1.08121000e+01  8.95045971e-01  9.72060000e+00  8.89379385e-01  2.86609109e-01  1.48267812e-02  7.99541446e-02  1.95313796e+03 
 1.11537575e+15  9.57529118e+34  1.08041000e+01  8.98613286e-01  9.71860000e+00  8.92957615e-01  2.87138843e-01  1.47397340e-02  7.97723591e-02  1.90326655e+03 
 1.12043504e+15  9.67714769e+34  1.07961000e+01  9.02166582e-01  9.71760000e+00  8.96551555e-01  2.87668555e-01  1.45783453e-02  7.95910863e-02  1.85495605e+03 
 1.12549433e+15  9.77960423e+34  1.07871000e+01  9.05706888e-01  9.71660000e+00  9.00133067e-01  2.88251698e-01  1.44170156e-02  7.94054777e-02  1.80719082e+03 
 1.13055362e+15  9.88259703e+34  1.07791000e+01  9.09232014e-01  9.71560000e+00  9.03699878e-01  2.88781472e-01  1.42559165e-02  7.92252132e-02  1.76185721e+03 
 1.13561291e+15  9.98612607e+34  1.07711000e+01  9.12741921e-01  9.71460000e+00  9.07251972e-01  2.89311155e-01  1.40950112e-02  7.90456041e-02  1.71793372e+03 
 1.14067220e+15  1.00902584e+35  1.07641000e+01  9.16238885e-01  9.71260000e+00  9.10762517e-01  2.89786962e-01  1.40068794e-02  7.88711211e-02  1.67622154e+03 
 1.14573149e+15  1.01949543e+35  1.07561000e+01  9.19721537e-01  9.71160000e+00  9.14288400e-01  2.90316425e-01  1.38459266e-02  7.86924467e-02  1.63490982e+03 
 1.15079078e+15  1.03001862e+35  1.07481000e+01  9.23188945e-01  9.71060000e+00  9.17799505e-01  2.90845789e-01  1.36852299e-02  7.85144425e-02  1.59486324e+03 
 1.15585007e+15  1.04059561e+35  1.07401000e+01  9.26641188e-01  9.70860000e+00  9.21266824e-01  2.91375051e-01  1.35966320e-02  7.83370990e-02  1.55603545e+03 
 1.16090936e+15  1.05123533e+35  1.07321000e+01  9.30081158e-01  9.70760000e+00  9.24751503e-01  2.91904289e-01  1.34359260e-02  7.81187681e-02  1.51755028e+03 
 1.16596865e+15  1.06192860e+35  1.07251000e+01  9.33505861e-01  9.70560000e+00  9.28192257e-01  2.92378876e-01  1.33468742e-02  7.79472771e-02  1.48180424e+03 
 1.17102794e+15  1.07343165e+35  1.07161000e+01  9.37155245e-01  9.70460000e+00  9.31892575e-01  2.92968908e-01  1.31700450e-02  7.77339168e-02  1.44312855e+03 
 1.17608723e+15  1.08711213e+35  1.07071000e+01  9.41458636e-01  9.70260000e+00  9.36233105e-01  2.93577316e-01  1.30189784e-02  7.75119651e-02  1.40052287e+03 
 1.18114652e+15  1.10120552e+35  1.06971000e+01  9.45857850e-01  9.70060000e+00  9.40672405e-01  2.94244718e-01  1.28608141e-02  7.72709359e-02  1.35764263e+03 
 1.18620581e+15  1.11540384e+35  1.06871000e+01  9.50255900e-01  9.69860000e+00  9.45111148e-01  2.94914339e-01  1.27026095e-02  7.69884387e-02  1.31549858e+03 
 1.19126510e+15  1.12970730e+35  1.06781000e+01  9.54652769e-01  9.69660000e+00  9.49549206e-01  2.95531150e-01  1.25445967e-02  7.67518310e-02  1.27614452e+03 
 1.19632439e+15  1.14412426e+35  1.06681000e+01  9.59050805e-01  9.69460000e+00  9.53988903e-01  2.96206027e-01  1.23868562e-02  7.65099749e-02  1.23741039e+03 
 1.20138368e+15  1.15865652e+35  1.06581000e+01  9.63450290e-01  9.69260000e+00  9.58430434e-01  2.96884013e-01  1.22295562e-02  7.62271626e-02  1.19930744e+03 
 1.20644297e+15  1.17329449e+35  1.06491000e+01  9.67847975e-01  9.69060000e+00  9.62870432e-01  2.97509282e-01  1.20729741e-02  7.59907376e-02  1.16374502e+03 
 1.21150226e+15  1.18803834e+35  1.06391000e+01  9.72243634e-01  9.68860000e+00  9.67308583e-01  2.98193594e-01  1.19173769e-02  7.57498556e-02  1.12875348e+03 
 1.21656155e+15  1.20289793e+35  1.06301000e+01  9.76639831e-01  9.68560000e+00  9.71718499e-01  2.98825180e-01  1.18307737e-02  7.54737742e-02  1.09491155e+03 
 1.22162084e+15  1.21787188e+35  1.06201000e+01  9.81035756e-01  9.68360000e+00  9.76157308e-01  2.99516413e-01  1.16766210e-02  7.51932192e-02  1.06161221e+03 
 1.22668013e+15  1.23295224e+35  1.06111000e+01  9.85428700e-01  9.68160000e+00  9.80593196e-01  3.00154655e-01  1.15236410e-02  7.49593852e-02  1.03055316e+03 
 1.23173942e+15  1.24813917e+35  1.06021000e+01  9.89818352e-01  9.67960000e+00  9.85025820e-01  3.00796205e-01  1.13719225e-02  7.46861649e-02  9.99978153e+02 
 1.23679871e+15  1.26344232e+35  1.05931000e+01  9.94207102e-01  9.67760000e+00  9.89457628e-01  3.01441190e-01  1.12212902e-02  7.44138346e-02  9.70405209e+02 
 1.24185800e+15  1.27886052e+35  1.05831000e+01  9.98594196e-01  9.67460000e+00  9.93858907e-01  3.02146734e-01  1.11385039e-02  7.41372678e-02  9.41291785e+02 
 1.24691729e+15  1.29438578e+35  1.05741000e+01  1.00297697e+00  9.67260000e+00  9.98284766e-01  3.02798766e-01  1.09901050e-02  7.39075291e-02  9.14153919e+02 
 1.25197658e+15  1.31001825e+35  1.05651000e+01  1.00735510e+00  9.67060000e+00  1.00270589e+00  3.03454235e-01  1.08432000e-02  7.36389313e-02  8.87423593e+02 
 1.25703587e+15  1.32576555e+35  1.05561000e+01  1.01173032e+00  9.66860000e+00  1.00712405e+00  3.04113213e-01  1.06976564e-02  7.33715311e-02  8.61568103e+02 
 1.26209516e+15  1.34163033e+35  1.05471000e+01  1.01610297e+00  9.66560000e+00  1.01151077e+00  3.04775735e-01  1.06187906e-02  7.30652860e-02  8.36096086e+02 
 1.26715445e+15  1.35760277e+35  1.05381000e+01  1.02046992e+00  9.66360000e+00  1.01592060e+00  3.05441700e-01  1.04755789e-02  7.28006580e-02  8.11921845e+02 
 1.27221374e+15  1.37368301e+35  1.05301000e+01  1.02483088e+00  9.66160000e+00  1.02032431e+00  3.06052965e-01  1.03338601e-02  7.25430030e-02  7.88978871e+02 
 1.27727303e+15  1.38987474e+35  1.05211000e+01  1.02918647e+00  9.65860000e+00  1.02469366e+00  3.06725664e-01  1.02583051e-02  7.22814542e-02  7.66356169e+02 
 1.28233232e+15  1.40618820e+35  1.05121000e+01  1.03353905e+00  9.65660000e+00  1.02908885e+00  3.07401903e-01  1.01190452e-02  7.20210483e-02  7.44459007e+02 
 1.28739161e+15  1.42260986e+35  1.05041000e+01  1.03788462e+00  9.65460000e+00  1.03347689e+00  3.08022874e-01  9.98122584e-03  7.17281254e-02  7.23280439e+02 
 1.29245090e+15  1.43913986e+35  1.04951000e+01  1.04222288e+00  9.65260000e+00  1.03785747e+00  3.08705712e-01  9.84497193e-03  7.14711152e-02  7.02795261e+02 
 1.29751019e+15  1.45577832e+35  1.04871000e+01  1.04655353e+00  9.64960000e+00  1.04220148e+00  3.09332889e-01  9.77367708e-03  7.11818139e-02  6.82978817e+02 
 1.30256948e+15  1.47253998e+35  1.04781000e+01  1.05088003e+00  9.64760000e+00  1.04657011e+00  3.10022356e-01  9.63984704e-03  7.09277450e-02  6.63791254e+02 
 1.30762877e+15  1.48941268e+35  1.04701000e+01  1.05519887e+00  9.64560000e+00  1.05093092e+00  3.10655780e-01  9.50745145e-03  7.06415323e-02  6.45224801e+02 
 1.31268806e+15  1.50639419e+35  1.04611000e+01  1.05950915e+00  9.64260000e+00  1.05525428e+00  3.11351644e-01  9.43916407e-03  7.03516434e-02  6.26910918e+02 
 1.31774735e+15  1.52348465e+35  1.04531000e+01  1.06381061e+00  9.64060000e+00  1.05959740e+00  3.11991032e-01  9.30942502e-03  7.01083158e-02  6.09876433e+02 
 1.32280664e+15  1.54069055e+35  1.04451000e+01  1.06810454e+00  9.63760000e+00  1.06390417e+00  3.12633315e-01  9.24306814e-03  6.98274576e-02  5.93046602e+02 
 1.32786593e+15  1.55801587e+35  1.04371000e+01  1.07239159e+00  9.63560000e+00  1.06823270e+00  3.13278499e-01  9.11560911e-03  6.95481660e-02  5.76748264e+02 
 1.33292522e+15  1.57545043e+35  1.04291000e+01  1.07666893e+00  9.63360000e+00  1.07255133e+00  3.13926452e-01  8.98962920e-03  6.92707671e-02  5.60972587e+02 
 1.33798451e+15  1.59299435e+35  1.04211000e+01  1.08093628e+00  9.63060000e+00  1.07683117e+00  3.14577123e-01  8.92625394e-03  6.89952481e-02  5.45701189e+02 
 1.34304380e+15  1.61064774e+35  1.04131000e+01  1.08519342e+00  9.62860000e+00  1.08112932e+00  3.15230480e-01  8.80271328e-03  6.87216061e-02  5.30916373e+02 
 1.34810309e+15  1.62842307e+35  1.04051000e+01  1.08944303e+00  9.62660000e+00  1.08541984e+00  3.15886597e-01  8.68039779e-03  6.84494604e-02  5.16591296e+02 
 1.35316238e+15  1.64631199e+35  1.03971000e+01  1.09368279e+00  9.62360000e+00  1.08967178e+00  3.16545348e-01  8.61979425e-03  6.81790616e-02  5.02717055e+02 
 1.35822167e+15  1.66431063e+35  1.03891000e+01  1.09791152e+00  9.62160000e+00  1.09394118e+00  3.17206653e-01  8.49976810e-03  6.79105209e-02  4.89281015e+02 
 1.36328096e+15  1.68241910e+35  1.03811000e+01  1.10212899e+00  9.61860000e+00  1.09817056e+00  3.17870472e-01  8.44103738e-03  6.76438288e-02  4.76267885e+02 
 1.36834025e+15  1.70063748e+35  1.03731000e+01  1.10633499e+00  9.61660000e+00  1.10241694e+00  3.18536765e-01  8.32335144e-03  6.73407135e-02  4.63399628e+02 
 1.37339954e+15  1.71898133e+35  1.03661000e+01  1.11053279e+00  9.61360000e+00  1.10662650e+00  3.19144033e-01  8.26614607e-03  6.70831321e-02  4.51441773e+02 
 1.37845883e+15  1.73743573e+35  1.03581000e+01  1.11471873e+00  9.61160000e+00  1.11085264e+00  3.19815105e-01  8.15047290e-03  6.68215732e-02  4.39601424e+02 
 1.38351812e+15  1.75600025e+35  1.03511000e+01  1.11889245e+00  9.60960000e+00  1.11506644e+00  3.20426580e-01  8.03597923e-03  6.65296686e-02  4.28128898e+02 
 1.38857741e+15  1.77467499e+35  1.03431000e+01  1.12305377e+00  9.60660000e+00  1.11923919e+00  3.21102102e-01  7.98144815e-03  6.62718149e-02  4.17011582e+02 
 1.39363670e+15  1.79346001e+35  1.03361000e+01  1.12720248e+00  9.60460000e+00  1.12342771e+00  3.21717601e-01  7.86911669e-03  6.59838084e-02  4.06237112e+02 
 1.39869599e+15  1.81237092e+35  1.03281000e+01  1.13134177e+00  9.60160000e+00  1.12757833e+00  3.22397546e-01  7.81595292e-03  6.57291900e-02  3.95785361e+02 
 1.40375528e+15  1.83139227e+35  1.03211000e+01  1.13546803e+00  9.59960000e+00  1.13174424e+00  3.23017048e-01  7.70550522e-03  6.54446200e-02  3.85653881e+02 
 1.40881457e+15  1.85052407e+35  1.03131000e+01  1.13958104e+00  9.59660000e+00  1.13586839e+00  3.23701093e-01  7.65387373e-03  6.51936153e-02  3.75831798e+02 
 1.41387386e+15  1.86976640e+35  1.03061000e+01  1.14368062e+00  9.59460000e+00  1.14000743e+00  3.24324255e-01  7.54537796e-03  6.49128400e-02  3.66308445e+02 
 1.41893315e+15  1.88911932e+35  1.02991000e+01  1.14776663e+00  9.59160000e+00  1.14410437e+00  3.24949111e-01  7.49524324e-03  6.46340025e-02  3.57073676e+02 
 1.42399244e+15  1.90859527e+35  1.02921000e+01  1.15184144e+00  9.58960000e+00  1.14821852e+00  3.25575720e-01  7.38845696e-03  6.43567649e-02  3.48112058e+02 
 1.42905173e+15  1.92818465e+35  1.02841000e+01  1.15590286e+00  9.58660000e+00  1.15229077e+00  3.26267417e-01  7.33963369e-03  6.40753811e-02  3.39222253e+02 
 1.43411102e+15  1.94788474e+35  1.02771000e+01  1.15995013e+00  9.58460000e+00  1.15637722e+00  3.26897377e-01  7.23460812e-03  6.38389312e-02  3.30986529e+02 
 1.43917031e+15  1.96769559e+35  1.02701000e+01  1.16398309e+00  9.58160000e+00  1.16042087e+00  3.27528857e-01  7.18710527e-03  6.35672040e-02  3.22805917e+02 
 1.44422960e+15  1.98761725e+35  1.02631000e+01  1.16800161e+00  9.57960000e+00  1.16447841e+00  3.28161811e-01  7.08382701e-03  6.32973419e-02  3.14868663e+02 
 1.44928889e+15  2.00765572e+35  1.02561000e+01  1.17200673e+00  9.57660000e+00  1.16849410e+00  3.28796256e-01  7.03755375e-03  6.30291887e-02  3.07164350e+02 
 1.45434818e+15  2.02781381e+35  1.02491000e+01  1.17599880e+00  9.57460000e+00  1.17252512e+00  3.29432172e-01  6.93579887e-03  6.27626646e-02  2.99684316e+02 
 1.45940747e+15  2.04808278e+35  1.02421000e+01  1.17997595e+00  9.57160000e+00  1.17651277e+00  3.30069443e-01  6.89064306e-03  6.24979706e-02  2.92424381e+02 
 1.46446676e+15  2.06846269e+35  1.02361000e+01  1.18393804e+00  9.56960000e+00  1.18051366e+00  3.30643400e-01  6.79049443e-03  6.22046862e-02  2.85377162e+02 
 1.46952605e+15  2.08895357e+35  1.02291000e+01  1.18788495e+00  9.56660000e+00  1.18447098e+00  3.31283090e-01  6.74647684e-03  6.19437102e-02  2.78535671e+02 
 1.47458534e+15  2.10955545e+35  1.02221000e+01  1.19181655e+00  9.56360000e+00  1.18841297e+00  3.31924017e-01  6.70290456e-03  6.16845165e-02  2.71893050e+02 
 1.47964463e+15  2.13027861e+35  1.02151000e+01  1.19573467e+00  9.56160000e+00  1.19236975e+00  3.32566236e-01  6.60491275e-03  6.14268609e-02  2.65439599e+02 
 1.48470392e+15  2.15111670e+35  1.02081000e+01  1.19963794e+00  9.55860000e+00  1.19628338e+00  3.33209653e-01  6.56231061e-03  6.11347677e-02  2.59018193e+02 
 1.48976321e+15  2.17206583e+35  1.02021000e+01  1.20352550e+00  9.55660000e+00  1.20020954e+00  3.33788731e-01  6.46566758e-03  6.08867798e-02  2.53082890e+02 
 1.49482250e+15  2.19312601e+35  1.01951000e+01  1.20739727e+00  9.55360000e+00  1.20409158e+00  3.34434194e-01  6.42414468e-03  6.06343804e-02  2.47168899e+02 
 1.49988179e+15  2.21429727e+35  1.01881000e+01  1.21125314e+00  9.55060000e+00  1.20795776e+00  3.35080711e-01  6.38288053e-03  6.03478774e-02  2.41280260e+02 
 1.50494108e+15  2.23557963e+35  1.01821000e+01  1.21509302e+00  9.54860000e+00  1.21183604e+00  3.35662298e-01  6.28838604e-03  6.01051891e-02  2.35841109e+02 
 1.51000037e+15  2.25698299e+35  1.01751000e+01  1.21891855e+00  9.54560000e+00  1.21567190e+00  3.36310731e-01  6.24796962e-03  5.98577904e-02  2.30414102e+02 
 1.51505966e+15  2.27850112e+35  1.01691000e+01  1.22272854e+00  9.54360000e+00  1.21952028e+00  3.36893882e-01  6.15465228e-03  5.95826911e-02  2.25139053e+02 
 1.52011895e+15  2.30013032e+35  1.01621000e+01  1.22652220e+00  9.54060000e+00  1.22332420e+00  3.37544050e-01  6.11519764e-03  5.93386680e-02  2.20012033e+02 
 1.52517824e+15  2.32187061e+35  1.01561000e+01  1.23029948e+00  9.53760000e+00  1.22711173e+00  3.38128509e-01  6.07604610e-03  5.90672109e-02  2.15028235e+02 
 1.53023753e+15  2.34372199e+35  1.01501000e+01  1.23406027e+00  9.53560000e+00  1.23091084e+00  3.38713488e-01  5.98453080e-03  5.87976058e-02  2.10183092e+02 
 1.53529682e+15  2.36568448e+35  1.01431000e+01  1.23780453e+00  9.53260000e+00  1.23466536e+00  3.39365895e-01  5.94622248e-03  5.85587145e-02  2.05472215e+02 
 1.54035611e+15  2.38776275e+35  1.01371000e+01  1.24153297e+00  9.52960000e+00  1.23840400e+00  3.39952042e-01  5.90827862e-03  5.82925768e-02  2.00890316e+02 
 1.54541540e+15  2.40996033e+35  1.01311000e+01  1.24524608e+00  9.52760000e+00  1.24215543e+00  3.40538695e-01  5.81833847e-03  5.80280946e-02  1.96432699e+02 
 1.55047469e+15  2.43226894e+35  1.01241000e+01  1.24894240e+00  9.52460000e+00  1.24586207e+00  3.41193164e-01  5.78099463e-03  5.77939622e-02  1.92097153e+02 
 1.55553398e+15  2.45468857e+35  1.01181000e+01  1.25262189e+00  9.52160000e+00  1.24955177e+00  3.41780768e-01  5.74412612e-03  5.75329705e-02  1.87879778e+02 
 1.56059327e+15  2.47721922e+35  1.01121000e+01  1.25628446e+00  9.51960000e+00  1.25325263e+00  3.42368722e-01  5.65577469e-03  5.72737568e-02  1.83776887e+02 
 1.56565256e+15  2.49986088e+35  1.01061000e+01  1.25993007e+00  9.51660000e+00  1.25690856e+00  3.42956996e-01  5.61945047e-03  5.70163060e-02  1.79784896e+02 
 1.57071185e+15  2.52261354e+35  1.00991000e+01  1.26355869e+00  9.51360000e+00  1.26054741e+00  3.43613629e-01  5.58361927e-03  5.67887272e-02  1.75900381e+02 
 1.57577114e+15  2.54548385e+35  1.00931000e+01  1.26717131e+00  9.51160000e+00  1.26419830e+00  3.44202692e-01  5.49675845e-03  5.65345397e-02  1.72118862e+02 
 1.58083043e+15  2.56847061e+35  1.00871000e+01  1.27076767e+00  9.50860000e+00  1.26780506e+00  3.44792045e-01  5.46130365e-03  5.62819806e-02  1.68437427e+02 
 1.58588972e+15  2.59156824e+35  1.00811000e+01  1.27434686e+00  9.50560000e+00  1.27139456e+00  3.45381624e-01  5.42626637e-03  5.60311430e-02  1.64853897e+02 
 1.59094901e+15  2.61477672e+35  1.00751000e+01  1.27790883e+00  9.50260000e+00  1.27496686e+00  3.45971401e-01  5.39149347e-03  5.57820124e-02  1.61365257e+02 
 1.59600830e+15  2.63809603e+35  1.00691000e+01  1.28145355e+00  9.50060000e+00  1.27854996e+00  3.46561351e-01  5.30628983e-03  5.55345745e-02  1.57968595e+02 
 1.60106759e+15  2.66152614e+35  1.00631000e+01  1.28498100e+00  9.49760000e+00  1.28208778e+00  3.47151456e-01  5.27212119e-03  5.52888195e-02  1.54661106e+02 
 1.60612688e+15  2.68506704e+35  1.00571000e+01  1.28849114e+00  9.49460000e+00  1.28560831e+00  3.47741693e-01  5.23819582e-03  5.50447345e-02  1.51440074e+02 
 1.61118617e+15  2.70872065e+35  1.00511000e+01  1.29198425e+00  9.49160000e+00  1.28911184e+00  3.48332054e-01  5.20445696e-03  5.48022733e-02  1.48302622e+02 
 1.61624546e+15  2.73249436e+35  1.00451000e+01  1.29546136e+00  9.48960000e+00  1.29262735e+00  3.48922573e-01  5.12095579e-03  5.45612998e-02  1.45245299e+02 
 1.62130475e+15  2.75637868e+35  1.00391000e+01  1.29892106e+00  9.48660000e+00  1.29609754e+00  3.49513154e-01  5.08773218e-03  5.43219635e-02  1.42266927e+02 
 1.62636404e+15  2.78037356e+35  1.00331000e+01  1.30236333e+00  9.48360000e+00  1.29955033e+00  3.50103786e-01  5.05474316e-03  5.40842570e-02  1.39365140e+02 
 1.63142333e+15  2.80447896e+35  1.00281000e+01  1.30578815e+00  9.48060000e+00  1.30298570e+00  3.50624489e-01  5.02188173e-03  5.38213131e-02  1.36537623e+02 
 1.63648262e+15  2.82869485e+35  1.00221000e+01  1.30919551e+00  9.47860000e+00  1.30643146e+00  3.51214995e-01  4.94004039e-03  5.35869262e-02  1.33782205e+02 
 1.64154191e+15  2.85302119e+35  1.00161000e+01  1.31258541e+00  9.47560000e+00  1.30983194e+00  3.51805496e-01  4.90779273e-03  5.33541341e-02  1.31096727e+02 
 1.64660120e+15  2.87745793e+35  1.00101000e+01  1.31595783e+00  9.47260000e+00  1.31321498e+00  3.52395965e-01  4.87572428e-03  5.31229209e-02  1.28479117e+02 
 1.65166049e+15  2.90200586e+35  1.00041000e+01  1.31931289e+00  9.46960000e+00  1.31658068e+00  3.52986399e-01  4.84386024e-03  5.28603813e-02  1.25849000e+02 
 1.65671978e+15  2.92667369e+35  9.99910000e+00  1.32265175e+00  9.46660000e+00  1.31993027e+00  3.53506099e-01  4.81201103e-03  5.26386838e-02  1.23438435e+02 
 1.66177907e+15  2.95145169e+35  9.99310000e+00  1.32597309e+00  9.46460000e+00  1.32329006e+00  3.54096294e-01  4.73200406e-03  5.24120898e-02  1.21011732e+02 
 1.66683836e+15  2.97633979e+35  9.98710000e+00  1.32927692e+00  9.46160000e+00  1.32660465e+00  3.54686404e-01  4.70075758e-03  5.21870429e-02  1.18645355e+02 
 1.67189765e+15  3.00133796e+35  9.98210000e+00  1.33256322e+00  9.45860000e+00  1.32990173e+00  3.55205198e-01  4.66961819e-03  5.19374913e-02  1.16337526e+02 
 1.67695694e+15  3.02644612e+35  9.97610000e+00  1.33583201e+00  9.45560000e+00  1.33318134e+00  3.55794904e-01  4.63870665e-03  5.17155892e-02  1.14086590e+02 
 1.68201623e+15  3.05166424e+35  9.97010000e+00  1.33908331e+00  9.45260000e+00  1.33644349e+00  3.56384479e-01  4.60795908e-03  5.14952012e-02  1.11890890e+02 
 1.68707552e+15  3.07699224e+35  9.96510000e+00  1.34231712e+00  9.44960000e+00  1.33968815e+00  3.56902245e-01  4.57737496e-03  5.12505830e-02  1.09748819e+02 
 1.69213481e+15  3.10243007e+35  9.95910000e+00  1.34553343e+00  9.44760000e+00  1.34294298e+00  3.57491335e-01  4.49942049e-03  5.10332776e-02  1.07658875e+02 
 1.69719410e+15  3.12797777e+35  9.95410000e+00  1.34873230e+00  9.44460000e+00  1.34615278e+00  3.58008289e-01  4.46924359e-03  5.07919217e-02  1.05619530e+02 
 1.70225339e+15  3.15364439e+35  9.94810000e+00  1.35191485e+00  9.44160000e+00  1.34934631e+00  3.58596907e-01  4.43922130e-03  5.05775270e-02  1.03628685e+02 
 1.70731268e+15  3.17942054e+35  9.94310000e+00  1.35507994e+00  9.43860000e+00  1.35252241e+00  3.59113064e-01  4.40932157e-03  5.03392686e-02  1.01685665e+02 
 1.71237197e+15  3.20530615e+35  9.93710000e+00  1.35822758e+00  9.43560000e+00  1.35568108e+00  3.59701103e-01  4.37963026e-03  5.01278858e-02  9.97891545e+01 
 1.71743126e+15  3.23130114e+35  9.93210000e+00  1.36135779e+00  9.43260000e+00  1.35882235e+00  3.60216353e-01  4.35005234e-03  4.98928149e-02  9.79378118e+01 
 1.72249055e+15  3.25740544e+35  9.92610000e+00  1.36447060e+00  9.42960000e+00  1.36194624e+00  3.60803766e-01  4.32066838e-03  4.96844018e-02  9.61304044e+01 
 1.72754984e+15  3.28361898e+35  9.92110000e+00  1.36756602e+00  9.42660000e+00  1.36505278e+00  3.61318066e-01  4.29139191e-03  4.94524757e-02  9.43656743e+01 
 1.73260913e+15  3.30994169e+35  9.91510000e+00  1.37064409e+00  9.42360000e+00  1.36814199e+00  3.61904814e-01  4.26231138e-03  4.92469937e-02  9.26424666e+01 
 1.73766842e+15  3.33637347e+35  9.91010000e+00  1.37370483e+00  9.42160000e+00  1.37124138e+00  3.62418126e-01  4.18699467e-03  4.90181716e-02  9.09596004e+01 
 1.74272771e+15  3.36291426e+35  9.90410000e+00  1.37674828e+00  9.41860000e+00  1.37429601e+00  3.63004172e-01  4.15832915e-03  4.87844192e-02  8.92589743e+01 
 1.74778700e+15  3.38956398e+35  9.89910000e+00  1.37977445e+00  9.41560000e+00  1.37733340e+00  3.63516457e-01  4.12974048e-03  4.85898228e-02  8.77105354e+01 
 1.75284629e+15  3.41632666e+35  9.89410000e+00  1.38278384e+00  9.41260000e+00  1.38035405e+00  3.64028166e-01  4.10126742e-03  4.83655752e-02  8.61419577e+01 
 1.75790558e+15  3.44320193e+35  9.88810000e+00  1.38577645e+00  9.40960000e+00  1.38335792e+00  3.64613047e-01  4.07301543e-03  4.81671943e-02  8.46092995e+01 
 1.76296487e+15  3.47018575e+35  9.88310000e+00  1.38875185e+00  9.40660000e+00  1.38634464e+00  3.65123700e-01  4.04482103e-03  4.79459050e-02  8.31117817e+01 
 1.76802416e+15  3.49727804e+35  9.87810000e+00  1.39171010e+00  9.40360000e+00  1.38931421e+00  3.65633734e-01  4.01676723e-03  4.77261560e-02  8.16484676e+01 
 1.77308345e+15  3.52447869e+35  9.87310000e+00  1.39465121e+00  9.40060000e+00  1.39226669e+00  3.66143136e-01  3.98883964e-03  4.75079340e-02  8.02184318e+01 
 1.77814274e+15  3.55178763e+35  9.86710000e+00  1.39757523e+00  9.39760000e+00  1.39520209e+00  3.66726245e-01  3.96110653e-03  4.73152092e-02  7.88207950e+01 
 1.78320203e+15  3.57920475e+35  9.86210000e+00  1.40048221e+00  9.39460000e+00  1.39812047e+00  3.67234514e-01  3.93346085e-03  4.70999182e-02  7.74546610e+01 
 1.78826132e+15  3.60672996e+35  9.85710000e+00  1.40337218e+00  9.39160000e+00  1.40102186e+00  3.67742134e-01  3.90595025e-03  4.68861259e-02  7.61192025e+01 
 1.79332061e+15  3.63436317e+35  9.85210000e+00  1.40624518e+00  9.38860000e+00  1.40390630e+00  3.68249101e-01  3.87856959e-03  4.66738223e-02  7.48136035e+01 
 1.79837990e+15  3.66210427e+35  9.84610000e+00  1.40910125e+00  9.38560000e+00  1.40677383e+00  3.68830335e-01  3.85137747e-03  4.64866055e-02  7.35370864e+01 
 1.80343919e+15  3.68995316e+35  9.84110000e+00  1.41194045e+00  9.38260000e+00  1.40962451e+00  3.69336121e-01  3.82427155e-03  4.62771562e-02  7.22888578e+01 
 1.80849848e+15  3.71790974e+35  9.83610000e+00  1.41476281e+00  9.37960000e+00  1.41245836e+00  3.69841235e-01  3.79729128e-03  4.60691656e-02  7.10681860e+01 
 1.81355777e+15  3.74597391e+35  9.83110000e+00  1.41756838e+00  9.37660000e+00  1.41527545e+00  3.70345679e-01  3.77045053e-03  4.58626263e-02  6.98743499e+01 
 1.81861706e+15  3.77414941e+35  9.82610000e+00  1.42035759e+00  9.37360000e+00  1.41807620e+00  3.70849461e-01  3.74371644e-03  4.56574834e-02  6.87064908e+01 
 1.82367635e+15  3.80243471e+35  9.82110000e+00  1.42313033e+00  9.37060000e+00  1.42086050e+00  3.71352569e-01  3.71709880e-03  4.54537448e-02  6.75639986e+01 
 1.82873564e+15  3.83082715e+35  9.81510000e+00  1.42588640e+00  9.36760000e+00  1.42362815e+00  3.71930788e-01  3.69067096e-03  4.52448975e-02  6.64028915e+01 
 1.83379493e+15  3.85932661e+35  9.81010000e+00  1.42862585e+00  9.36460000e+00  1.42637920e+00  3.72432659e-01  3.66431397e-03  4.50735066e-02  6.53528260e+01 
 1.83885422e+15  3.88793300e+35  9.80510000e+00  1.43134874e+00  9.36160000e+00  1.42911368e+00  3.72933839e-01  3.63809932e-03  4.48739236e-02  6.42828707e+01 
 1.84391351e+15  3.91664619e+35  9.80010000e+00  1.43405511e+00  9.35860000e+00  1.43183165e+00  3.73434324e-01  3.61201992e-03  4.46757379e-02  6.32358627e+01 
 1.84897280e+15  3.94546608e+35  9.79510000e+00  1.43674500e+00  9.35560000e+00  1.43453318e+00  3.73934104e-01  3.58605604e-03  4.44789379e-02  6.22112145e+01 
 1.85403209e+15  3.97439253e+35  9.79010000e+00  1.43941849e+00  9.35260000e+00  1.43721829e+00  3.74433185e-01  3.56023141e-03  4.42835172e-02  6.12083589e+01 
 1.85909138e+15  4.00342544e+35  9.78510000e+00  1.44207563e+00  9.34960000e+00  1.43988706e+00  3.74931566e-01  3.53455930e-03  4.40894683e-02  6.02267446e+01 
 1.86415067e+15  4.03256469e+35  9.78010000e+00  1.44471646e+00  9.34660000e+00  1.44253953e+00  3.75429233e-01  3.50899120e-03  4.38967762e-02  5.92658318e+01 
 1.86920996e+15  4.06181015e+35  9.77510000e+00  1.44734104e+00  9.34360000e+00  1.44517575e+00  3.75926194e-01  3.48355976e-03  4.37054362e-02  5.83251016e+01 
 1.87426925e+15  4.09116170e+35  9.77010000e+00  1.44994942e+00  9.34060000e+00  1.44779579e+00  3.76422444e-01  3.45825957e-03  4.35154385e-02  5.74040483e+01 
 1.87932854e+15  4.12061922e+35  9.76510000e+00  1.45254168e+00  9.33760000e+00  1.45039970e+00  3.76917987e-01  3.43310230e-03  4.33267760e-02  5.65021808e+01 
 1.88438783e+15  4.15018257e+35  9.76010000e+00  1.45511786e+00  9.33460000e+00  1.45298752e+00  3.77412819e-01  3.40808057e-03  4.31394387e-02  5.56190215e+01 
 1.88944712e+15  4.17985165e+35  9.75510000e+00  1.45767803e+00  9.33160000e+00  1.45555933e+00  3.77906937e-01  3.38318939e-03  4.29534172e-02  5.47541063e+01 
 1.89450641e+15  4.20962630e+35  9.75010000e+00  1.46022222e+00  9.32860000e+00  1.45811518e+00  3.78400336e-01  3.35841784e-03  4.27687017e-02  5.39069840e+01 
 1.89956570e+15  4.23950642e+35  9.74510000e+00  1.46275051e+00  9.32560000e+00  1.46065512e+00  3.78893021e-01  3.33377953e-03  4.25852851e-02  5.30772174e+01 
 1.90462499e+15  4.26949186e+35  9.74110000e+00  1.46526296e+00  9.32260000e+00  1.46317922e+00  3.79307084e-01  3.30922593e-03  4.23813905e-02  5.22643712e+01 
 1.90968428e+15  4.29958282e+35  9.73610000e+00  1.46775966e+00  9.31960000e+00  1.46568755e+00  3.79798200e-01  3.28485814e-03  4.22006252e-02  5.14680436e+01 
 1.91474357e+15  4.32978235e+35  9.73110000e+00  1.47024092e+00  9.31660000e+00  1.46818046e+00  3.80288614e-01  3.26061033e-03  4.20210998e-02  5.06877416e+01 
 1.91980286e+15  4.36008667e+35  9.72610000e+00  1.47270650e+00  9.31360000e+00  1.47065767e+00  3.80778309e-01  3.23649149e-03  4.18428403e-02  4.99231715e+01 
 1.92486215e+15  4.39049565e+35  9.72110000e+00  1.47515647e+00  9.31060000e+00  1.47311927e+00  3.81267293e-01  3.21251426e-03  4.16658399e-02  4.91739534e+01 
 1.92992144e+15  4.42100914e+35  9.71610000e+00  1.47759089e+00  9.30760000e+00  1.47556530e+00  3.81755560e-01  3.18867178e-03  4.14900890e-02  4.84397173e+01 
 1.93498073e+15  4.45162701e+35  9.71110000e+00  1.48000982e+00  9.30460000e+00  1.47799583e+00  3.82243113e-01  3.16496340e-03  4.13155797e-02  4.77201038e+01 
 1.94004002e+15  4.48234911e+35  9.70710000e+00  1.48241332e+00  9.30060000e+00  1.48038413e+00  3.82651083e-01  3.18316207e-03  4.11211086e-02  4.70147543e+01 
 1.94509931e+15  4.51317531e+35  9.70210000e+00  1.48480145e+00  9.29760000e+00  1.48278387e+00  3.83137067e-01  3.15960132e-03  4.09491350e-02  4.63233468e+01 
 1.95015860e+15  4.54410545e+35  9.69710000e+00  1.48717428e+00  9.29460000e+00  1.48516833e+00  3.83622339e-01  3.13614005e-03  4.07783776e-02  4.56455414e+01 
 1.95521789e+15  4.57513940e+35  9.69210000e+00  1.48953188e+00  9.29160000e+00  1.48753753e+00  3.84106903e-01  3.11281346e-03  4.06088292e-02  4.49810167e+01 
 1.96027718e+15  4.60627700e+35  9.68710000e+00  1.49187430e+00  9.28860000e+00  1.48989154e+00  3.84590757e-01  3.08962240e-03  4.04131222e-02  4.42994702e+01 
 1.96533647e+15  4.63751812e+35  9.68310000e+00  1.49420162e+00  9.28560000e+00  1.49223043e+00  3.84994354e-01  3.06652328e-03  4.02525269e-02  4.36905580e+01 
 1.97039576e+15  4.66886259e+35  9.67810000e+00  1.49651391e+00  9.28260000e+00  1.49455426e+00  3.85476661e-01  3.04362549e-03  4.00866334e-02  4.30640330e+01 
 1.97545505e+15  4.70031028e+35  9.67310000e+00  1.49881122e+00  9.27960000e+00  1.49686308e+00  3.85958263e-01  3.02087704e-03  3.99219159e-02  4.24495866e+01 
 1.98051434e+15  4.73186103e+35  9.66910000e+00  1.50109361e+00  9.27660000e+00  1.49915695e+00  3.86359211e-01  2.99823529e-03  3.97378027e-02  4.18469298e+01 
 1.98557363e+15  4.76351469e+35  9.66410000e+00  1.50336117e+00  9.27360000e+00  1.50143596e+00  3.86839270e-01  2.97579148e-03  3.95754876e-02  4.12558074e+01 
 1.99063292e+15  4.79527110e+35  9.65910000e+00  1.50561395e+00  9.27060000e+00  1.50370016e+00  3.87318635e-01  2.95349626e-03  3.94143264e-02  4.06759454e+01 
 1.99569221e+15  4.82713012e+35  9.65410000e+00  1.50785202e+00  9.26660000e+00  1.50592302e+00  3.87797306e-01  2.97216644e-03  3.92275212e-02  4.00797132e+01 
 2.00075150e+15  4.85909158e+35  9.65010000e+00  1.51007544e+00  9.26360000e+00  1.50815785e+00  3.88194794e-01  2.94997127e-03  3.90751711e-02  3.95489648e+01 
 2.00581079e+15  4.89115532e+35  9.64510000e+00  1.51228428e+00  9.26060000e+00  1.51037807e+00  3.88671941e-01  2.92798024e-03  3.89174937e-02  3.90013576e+01 
 2.01087008e+15  4.92332120e+35  9.64110000e+00  1.51447862e+00  9.25760000e+00  1.51258377e+00  3.89067662e-01  2.90605568e-03  3.87408340e-02  3.84640088e+01 
 2.01592937e+15  4.95558905e+35  9.63610000e+00  1.51665852e+00  9.25460000e+00  1.51477502e+00  3.89543297e-01  2.88428303e-03  3.85854634e-02  3.79367001e+01 
 2.02098866e+15  4.98795871e+35  9.63110000e+00  1.51882403e+00  9.25160000e+00  1.51695187e+00  3.90018252e-01  2.86265566e-03  3.84311996e-02  3.74191984e+01 
 2.02604795e+15  5.02043001e+35  9.62710000e+00  1.52097525e+00  9.24860000e+00  1.51911436e+00  3.90411393e-01  2.84113852e-03  3.82581530e-02  3.69112761e+01 
 2.03110724e+15  5.05300280e+35  9.62210000e+00  1.52311222e+00  9.24560000e+00  1.52126259e+00  3.90884855e-01  2.81980155e-03  3.81061498e-02  3.64127324e+01 
 2.03616653e+15  5.08567692e+35  9.61710000e+00  1.52523502e+00  9.24260000e+00  1.52339658e+00  3.91357649e-01  2.79865962e-03  3.79552322e-02  3.59233515e+01 
 2.04122582e+15  5.11845219e+35  9.61310000e+00  1.52734372e+00  9.23960000e+00  1.52551641e+00  3.91748239e-01  2.77763510e-03  3.77857252e-02  3.54429221e+01 
 2.04628511e+15  5.15132846e+35  9.60810000e+00  1.52943839e+00  9.23560000e+00  1.52759576e+00  3.92219560e-01  2.79675651e-03  3.76370224e-02  3.49712601e+01 
 2.05134440e+15  5.18430555e+35  9.60410000e+00  1.53151909e+00  9.23260000e+00  1.52968755e+00  3.92608431e-01  2.77591431e-03  3.74698621e-02  3.45081577e+01 
 2.05640369e+15  5.21738330e+35  9.59910000e+00  1.53358588e+00  9.22960000e+00  1.53176541e+00  3.93078293e-01  2.75526494e-03  3.73233438e-02  3.40534405e+01 
 2.06146298e+15  5.25056153e+35  9.59510000e+00  1.53563885e+00  9.22660000e+00  1.53382942e+00  3.93465457e-01  2.73466328e-03  3.71584972e-02  3.36069106e+01 
 2.06652227e+15  5.28384009e+35  9.59010000e+00  1.53767806e+00  9.22360000e+00  1.53587964e+00  3.93933875e-01  2.71423787e-03  3.70141332e-02  3.31684029e+01 
 2.07158156e+15  5.31721879e+35  9.58610000e+00  1.53970357e+00  9.22060000e+00  1.53791612e+00  3.94319347e-01  2.69391513e-03  3.68515685e-02  3.27377292e+01 
 2.07664085e+15  5.35069747e+35  9.58110000e+00  1.54171545e+00  9.21760000e+00  1.53993894e+00  3.94786339e-01  2.67379201e-03  3.67093299e-02  3.23147331e+01 
 2.08170014e+15  5.38427595e+35  9.57710000e+00  1.54371378e+00  9.21460000e+00  1.54194814e+00  3.95170135e-01  2.65376753e-03  3.65490157e-02  3.18992350e+01 
 2.08675943e+15  5.41795406e+35  9.57210000e+00  1.54569863e+00  9.21060000e+00  1.54391750e+00  3.95635718e-01  2.67333949e-03  3.64088736e-02  3.14910871e+01 
 2.09181872e+15  5.45173162e+35  9.56810000e+00  1.54767005e+00  9.20760000e+00  1.54589970e+00  3.96017858e-01  2.65357743e-03  3.62507799e-02  3.10901178e+01 
 2.09687801e+15  5.48560847e+35  9.56310000e+00  1.54962813e+00  9.20460000e+00  1.54786849e+00  3.96482047e-01  2.63402518e-03  3.61127053e-02  3.06961871e+01 
 2.10193730e+15  5.51958441e+35  9.55910000e+00  1.55157292e+00  9.20160000e+00  1.54982396e+00  3.96862544e-01  2.61455913e-03  3.59568001e-02  3.03091312e+01 
 2.10699659e+15  5.55365927e+35  9.55410000e+00  1.55350450e+00  9.19860000e+00  1.55176619e+00  3.97325357e-01  2.59525655e-03  3.58207641e-02  2.99288178e+01 
 2.11205588e+15  5.58783289e+35  9.55010000e+00  1.55542293e+00  9.19560000e+00  1.55369524e+00  3.97704230e-01  2.57602032e-03  3.56670176e-02  2.95550902e+01 
 2.11711517e+15  5.62210506e+35  9.54510000e+00  1.55732828e+00  9.19260000e+00  1.55561116e+00  3.98165681e-01  2.55699851e-03  3.55329911e-02  2.91878232e+01 
 2.12217446e+15  5.65647562e+35  9.54110000e+00  1.55922063e+00  9.18960000e+00  1.55751401e+00  3.98542953e-01  2.53808329e-03  3.53813750e-02  2.88268680e+01 
 2.12723375e+15  5.69094439e+35  9.53710000e+00  1.56110004e+00  9.18560000e+00  1.55937773e+00  3.98919370e-01  2.55804178e-03  3.52308469e-02  2.84720981e+01 
 2.13229304e+15  5.72551117e+35  9.53210000e+00  1.56296658e+00  9.18260000e+00  1.56125467e+00  3.99378748e-01  2.53943647e-03  3.50998148e-02  2.81233917e+01 
 2.13735233e+15  5.76017579e+35  9.52810000e+00  1.56482032e+00  9.17960000e+00  1.56311873e+00  3.99753592e-01  2.52094630e-03  3.49513725e-02  2.77806093e+01 
 2.14241162e+15  5.79493807e+35  9.52310000e+00  1.56666132e+00  9.17660000e+00  1.56497000e+00  4.00211656e-01  2.50266068e-03  3.48222810e-02  2.74436404e+01 
 2.14747091e+15  5.82979782e+35  9.51910000e+00  1.56848965e+00  9.17360000e+00  1.56680855e+00  4.00584944e-01  2.48447706e-03  3.46758950e-02  2.71123531e+01 
 2.15253020e+15  5.86475485e+35  9.51510000e+00  1.57030539e+00  9.17060000e+00  1.56863448e+00  4.00957401e-01  2.46637688e-03  3.45305595e-02  2.67866358e+01 
 2.15758949e+15  5.89980897e+35  9.51010000e+00  1.57210859e+00  9.16760000e+00  1.57044781e+00  4.01413461e-01  2.44848199e-03  3.44043579e-02  2.64663802e+01 
 2.16264878e+15  5.93496001e+35  9.50610000e+00  1.57389934e+00  9.16460000e+00  1.57224863e+00  4.01784391e-01  2.43069411e-03  3.42610351e-02  2.61514631e+01 
 2.16770807e+15  5.97020776e+35  9.50210000e+00  1.57567769e+00  9.16060000e+00  1.57401098e+00  4.02154511e-01  2.45124446e-03  3.41187429e-02  2.58417818e+01 
 2.17276736e+15  6.00555205e+35  9.49710000e+00  1.57744371e+00  9.15760000e+00  1.57578698e+00  4.02608614e-01  2.43371417e-03  3.39953713e-02  2.55372348e+01 
 2.17782665e+15  6.04099268e+35  9.49310000e+00  1.57919747e+00  9.15460000e+00  1.57755063e+00  4.02977235e-01  2.41634914e-03  3.38550485e-02  2.52377071e+01 
 2.18288594e+15  6.07652946e+35  9.48910000e+00  1.58093905e+00  9.15160000e+00  1.57930199e+00  4.03345061e-01  2.39917745e-03  3.37157349e-02  2.49431037e+01 
 2.18794523e+15  6.11216220e+35  9.48410000e+00  1.58266850e+00  9.14860000e+00  1.58104117e+00  4.03797258e-01  2.38221773e-03  3.35951354e-02  2.46533306e+01 
 2.19300452e+15  6.14789072e+35  9.48010000e+00  1.58438589e+00  9.14560000e+00  1.58276825e+00  4.04163615e-01  2.36529578e-03  3.34577494e-02  2.43682792e+01 
 2.19806381e+15  6.18371569e+35  9.47610000e+00  1.58609133e+00  9.14260000e+00  1.58448334e+00  4.04529190e-01  2.34850087e-03  3.33213447e-02  2.40878543e+01 
 2.20312310e+15  6.21963931e+35  9.47210000e+00  1.58778501e+00  9.13960000e+00  1.58618659e+00  4.04893997e-01  2.33187232e-03  3.31859028e-02  2.38119466e+01 
 2.20818239e+15  6.25565826e+35  9.46710000e+00  1.58946684e+00  9.13560000e+00  1.58785205e+00  4.05343674e-01  2.35309680e-03  3.30689006e-02  2.35404958e+01 
 2.21324168e+15  6.29177235e+35  9.46310000e+00  1.59113687e+00  9.13260000e+00  1.58953157e+00  4.05707053e-01  2.33666580e-03  3.29353315e-02  2.32734021e+01 
 2.21830097e+15  6.32798139e+35  9.45910000e+00  1.59279518e+00  9.12960000e+00  1.59119929e+00  4.06069672e-01  2.32039431e-03  3.28027208e-02  2.30105856e+01 
 2.22336026e+15  6.36428517e+35  9.45510000e+00  1.59444184e+00  9.12660000e+00  1.59285525e+00  4.06431537e-01  2.30434483e-03  3.26710624e-02  2.27519625e+01 
 2.22841955e+15  6.40068349e+35  9.45010000e+00  1.59607691e+00  9.12360000e+00  1.59449953e+00  4.06878778e-01  2.28854067e-03  3.25575780e-02  2.24974562e+01 
 2.23347884e+15  6.43717617e+35  9.44610000e+00  1.59770047e+00  9.12060000e+00  1.59613221e+00  4.07239270e-01  2.27285829e-03  3.24277432e-02  2.22469758e+01 
 2.23853813e+15  6.47376300e+35  9.44210000e+00  1.59931256e+00  9.11760000e+00  1.59775339e+00  4.07599018e-01  2.25725389e-03  3.22988380e-02  2.20004474e+01 
 2.24359742e+15  6.51044378e+35  9.43810000e+00  1.60091327e+00  9.11460000e+00  1.59936313e+00  4.07958035e-01  2.24179779e-03  3.21708581e-02  2.17577948e+01 
 2.24865671e+15  6.54721832e+35  9.43410000e+00  1.60250264e+00  9.11160000e+00  1.60096146e+00  4.08316322e-01  2.22649621e-03  3.20437956e-02  2.15189431e+01 
 2.25371600e+15  6.58408641e+35  9.42910000e+00  1.60408076e+00  9.10760000e+00  1.60252275e+00  4.08760602e-01  2.24846544e-03  3.19345817e-02  2.12838246e+01 
 2.25877529e+15  6.62104785e+35  9.42510000e+00  1.60564768e+00  9.10460000e+00  1.60409851e+00  4.09117566e-01  2.23338824e-03  3.18092771e-02  2.10523573e+01 
 2.26383458e+15  6.65810244e+35  9.42110000e+00  1.60720348e+00  9.10160000e+00  1.60566306e+00  4.09473824e-01  2.21849141e-03  3.16848725e-02  2.08244767e+01 
 2.26889387e+15  6.69524997e+35  9.41710000e+00  1.60874821e+00  9.09860000e+00  1.60721646e+00  4.09829378e-01  2.20375598e-03  3.15613605e-02  2.06001141e+01 
 2.27395316e+15  6.73249025e+35  9.41310000e+00  1.61028194e+00  9.09560000e+00  1.60875873e+00  4.10184233e-01  2.18925250e-03  3.14387348e-02  2.03792028e+01 
 2.27901245e+15  6.76982307e+35  9.40910000e+00  1.61180473e+00  9.09260000e+00  1.61028998e+00  4.10538396e-01  2.17491403e-03  3.13169886e-02  2.01616774e+01 
 2.28407174e+15  6.80724823e+35  9.40510000e+00  1.61331665e+00  9.08960000e+00  1.61181029e+00  4.10891867e-01  2.16070481e-03  3.11961144e-02  1.99474734e+01 
 2.28913103e+15  6.84476552e+35  9.40010000e+00  1.61481775e+00  9.08660000e+00  1.61331974e+00  4.11332186e-01  2.14667212e-03  3.10926483e-02  1.97365339e+01 
 2.29419032e+15  6.88237474e+35  9.39610000e+00  1.61630812e+00  9.08360000e+00  1.61481837e+00  4.11684413e-01  2.13273823e-03  3.09734454e-02  1.95287876e+01 
 2.29924961e+15  6.92008184e+35  9.39210000e+00  1.61778803e+00  9.07960000e+00  1.61628093e+00  4.12035970e-01  2.15546858e-03  3.08550674e-02  1.93241466e+01 
 2.30430890e+15  6.95788127e+35  9.38810000e+00  1.61925736e+00  9.07660000e+00  1.61775841e+00  4.12386862e-01  2.14174935e-03  3.07375347e-02  1.91225826e+01 
 2.30936819e+15  6.99577214e+35  9.38410000e+00  1.62071613e+00  9.07360000e+00  1.61922524e+00  4.12737095e-01  2.12819086e-03  3.06208444e-02  1.89240419e+01 
 2.31442748e+15  7.03375427e+35  9.38010000e+00  1.62216441e+00  9.07060000e+00  1.62068150e+00  4.13086675e-01  2.11479244e-03  3.05049903e-02  1.87284685e+01 
 2.31948677e+15  7.07182743e+35  9.37610000e+00  1.62360226e+00  9.06760000e+00  1.62212724e+00  4.13435609e-01  2.10156832e-03  3.03899669e-02  1.85358079e+01 
 2.32454606e+15  7.10999142e+35  9.37210000e+00  1.62502975e+00  9.06460000e+00  1.62356252e+00  4.13783902e-01  2.08851580e-03  3.02757680e-02  1.83460064e+01 
 2.32960535e+15  7.14824603e+35  9.36810000e+00  1.62644692e+00  9.06160000e+00  1.62498736e+00  4.14131558e-01  2.07567313e-03  3.01623871e-02  1.81590115e+01 
 2.33466464e+15  7.18659104e+35  9.36410000e+00  1.62785386e+00  9.05860000e+00  1.62640188e+00  4.14478586e-01  2.06299835e-03  3.00498191e-02  1.79747720e+01 
 2.33972393e+15  7.22502626e+35  9.36010000e+00  1.62925061e+00  9.05560000e+00  1.62780613e+00  4.14824989e-01  2.05047840e-03  2.99380573e-02  1.77932377e+01 
 2.34478322e+15  7.26355146e+35  9.35610000e+00  1.63063723e+00  9.05260000e+00  1.62920020e+00  4.15170771e-01  2.03805979e-03  2.98270955e-02  1.76143592e+01 
 2.34984251e+15  7.30216645e+35  9.35210000e+00  1.63201380e+00  9.04960000e+00  1.63058412e+00  4.15515943e-01  2.02581955e-03  2.97169292e-02  1.74380889e+01 
 2.35490180e+15  7.34087099e+35  9.34810000e+00  1.63338037e+00  9.04560000e+00  1.63193259e+00  4.15860506e-01  2.04963862e-03  2.96075517e-02  1.72643793e+01 
 2.35996109e+15  7.37966489e+35  9.34410000e+00  1.63473699e+00  9.04260000e+00  1.63329643e+00  4.16204468e-01  2.03763217e-03  2.94989575e-02  1.70931847e+01 
 2.36502038e+15  7.41854970e+35  9.34010000e+00  1.63608380e+00  9.03960000e+00  1.63465036e+00  4.16547834e-01  2.02578923e-03  2.93911334e-02  1.69244523e+01 
 2.37007967e+15  7.45753046e+35  9.33610000e+00  1.63742103e+00  9.03660000e+00  1.63599464e+00  4.16890606e-01  2.01408108e-03  2.92840508e-02  1.67581159e+01 
 2.37513896e+15  7.49660007e+35  9.33210000e+00  1.63874850e+00  9.03360000e+00  1.63732906e+00  4.17232796e-01  2.00254275e-03  2.91777351e-02  1.65941628e+01 
 2.38019825e+15  7.53575834e+35  9.32810000e+00  1.64006626e+00  9.03060000e+00  1.63865369e+00  4.17574407e-01  1.99116550e-03  2.90721801e-02  1.64325504e+01 
 2.38525754e+15  7.57500503e+35  9.32410000e+00  1.64137439e+00  9.02760000e+00  1.63996858e+00  4.17915445e-01  1.97995760e-03  2.89673809e-02  1.62732373e+01 
 2.39031683e+15  7.61433994e+35  9.32010000e+00  1.64267293e+00  9.02460000e+00  1.64127380e+00  4.18255915e-01  1.96889798e-03  2.88633311e-02  1.61161829e+01 
 2.39537612e+15  7.65376285e+35  9.31610000e+00  1.64396196e+00  9.02160000e+00  1.64256940e+00  4.18595825e-01  1.95801711e-03  2.87600265e-02  1.59613476e+01 
 2.40043541e+15  7.69327355e+35  9.31210000e+00  1.64524151e+00  9.01860000e+00  1.64385542e+00  4.18935180e-01  1.94732855e-03  2.86574612e-02  1.58086925e+01 
 2.40549470e+15  7.73287182e+35  9.30810000e+00  1.64651166e+00  9.01560000e+00  1.64513194e+00  4.19273985e-01  1.93680519e-03  2.85556297e-02  1.56581794e+01 
 2.41055399e+15  7.77255744e+35  9.30410000e+00  1.64777247e+00  9.01260000e+00  1.64639900e+00  4.19612246e-01  1.92644876e-03  2.84545269e-02  1.55097711e+01 
 2.41561328e+15  7.81233019e+35  9.30010000e+00  1.64902398e+00  9.00960000e+00  1.64765670e+00  4.19949969e-01  1.91624169e-03  2.83541473e-02  1.53634308e+01 
 2.42067257e+15  7.85218987e+35  9.29710000e+00  1.65026626e+00  9.00660000e+00  1.64890508e+00  4.20196726e-01  1.90610637e-03  2.82392865e-02  1.52191189e+01 
 2.42573186e+15  7.89214570e+35  9.29310000e+00  1.65149966e+00  9.00360000e+00  1.65014450e+00  4.20533274e-01  1.89617808e-03  2.81403477e-02  1.50767750e+01 
 2.43079115e+15  7.93218901e+35  9.28910000e+00  1.65272396e+00  8.99960000e+00  1.65134962e+00  4.20869299e-01  1.92153429e-03  2.80421125e-02  1.49363914e+01 
 2.43585044e+15  7.97231873e+35  9.28510000e+00  1.65393919e+00  8.99660000e+00  1.65257072e+00  4.21204808e-01  1.91185578e-03  2.79445799e-02  1.47979378e+01 
 2.44090973e+15  8.01253464e+35  9.28110000e+00  1.65514542e+00  8.99360000e+00  1.65378271e+00  4.21539806e-01  1.90233327e-03  2.78477442e-02  1.46613809e+01 
 2.44596902e+15  8.05283653e+35  9.27710000e+00  1.65634270e+00  8.99060000e+00  1.65498566e+00  4.21874298e-01  1.89296955e-03  2.77516007e-02  1.45266885e+01 
 2.45102831e+15  8.09322416e+35  9.27310000e+00  1.65753108e+00  8.98760000e+00  1.65617961e+00  4.22208293e-01  1.88377141e-03  2.76561447e-02  1.43938289e+01 
 2.45608760e+15  8.13369734e+35  9.27010000e+00  1.65871062e+00  8.98460000e+00  1.65736463e+00  4.22450610e-01  1.87467376e-03  2.75465011e-02  1.42627672e+01 
 2.46114689e+15  8.17425582e+35  9.26610000e+00  1.65988137e+00  8.98160000e+00  1.65854076e+00  4.22783513e-01  1.86580009e-03  2.74524492e-02  1.41334808e+01 
 2.46620618e+15  8.21489940e+35  9.26210000e+00  1.66104340e+00  8.97860000e+00  1.65970806e+00  4.23115934e-01  1.85708629e-03  2.73590699e-02  1.40059359e+01 
 2.47126547e+15  8.25562859e+35  9.25810000e+00  1.66219678e+00  8.97560000e+00  1.66086661e+00  4.23447880e-01  1.84854132e-03  2.72663553e-02  1.38801010e+01 
 2.47632476e+15  8.29645336e+35  9.25410000e+00  1.66334184e+00  8.97260000e+00  1.66201677e+00  4.23779345e-01  1.84011926e-03  2.71742631e-02  1.37559168e+01 
 2.48138405e+15  8.33736271e+35  9.25010000e+00  1.66447833e+00  8.96960000e+00  1.66315826e+00  4.24110347e-01  1.83187081e-03  2.70828294e-02  1.36333888e+01 
 2.48644334e+15  8.37835641e+35  9.24710000e+00  1.66560632e+00  8.96660000e+00  1.66429113e+00  4.24349068e-01  1.82371978e-03  2.69774501e-02  1.35124858e+01 
 2.49150263e+15  8.41943424e+35  9.24310000e+00  1.66672584e+00  8.96360000e+00  1.66541545e+00  4.24679044e-01  1.81578896e-03  2.68873606e-02  1.33931881e+01 
 2.49656192e+15  8.46059598e+35  9.23910000e+00  1.66783695e+00  8.96060000e+00  1.66653126e+00  4.25008570e-01  1.80801512e-03  2.67979144e-02  1.32754654e+01 
 2.50162121e+15  8.50184140e+35  9.23510000e+00  1.66893971e+00  8.95760000e+00  1.66763861e+00  4.25337655e-01  1.80040327e-03  2.67091075e-02  1.31592919e+01 
 2.50668050e+15  8.54317029e+35  9.23210000e+00  1.67003418e+00  8.95460000e+00  1.66873757e+00  4.25574065e-01  1.79288803e-03  2.66065130e-02  1.30446384e+01 
 2.51173979e+15  8.58458242e+35  9.22810000e+00  1.67112039e+00  8.95160000e+00  1.66982818e+00  4.25902168e-01  1.78559310e-03  2.65190114e-02  1.29314874e+01 
 2.51679908e+15  8.62608000e+35  9.22410000e+00  1.67219848e+00  8.94860000e+00  1.67091055e+00  4.26229846e-01  1.77846579e-03  2.64321272e-02  1.28198042e+01 
 2.52185837e+15  8.66767083e+35  9.22010000e+00  1.67326868e+00  8.94560000e+00  1.67198497e+00  4.26557089e-01  1.77145681e-03  2.63458269e-02  1.27095438e+01 
 2.52691766e+15  8.70934437e+35  9.21710000e+00  1.67433080e+00  8.94260000e+00  1.67305119e+00  4.26791269e-01  1.76456368e-03  2.62458945e-02  1.26007073e+01 
 2.53197695e+15  8.75110041e+35  9.21310000e+00  1.67538487e+00  8.93960000e+00  1.67410927e+00  4.27117577e-01  1.75788084e-03  2.61608630e-02  1.24932785e+01 
 2.53703624e+15  8.79293870e+35  9.20910000e+00  1.67643096e+00  8.93660000e+00  1.67515926e+00  4.27443480e-01  1.75136268e-03  2.60764389e-02  1.23872313e+01 
 2.54209553e+15  8.83485904e+35  9.20510000e+00  1.67746910e+00  8.93360000e+00  1.67620120e+00  4.27768984e-01  1.74500291e-03  2.59926178e-02  1.22825434e+01 
 2.54715482e+15  8.87686119e+35  9.20210000e+00  1.67849936e+00  8.93060000e+00  1.67723516e+00  4.28001028e-01  1.73872961e-03  2.58953126e-02  1.21791894e+01 
 2.55221411e+15  8.91894493e+35  9.19810000e+00  1.67952178e+00  8.92760000e+00  1.67826117e+00  4.28325640e-01  1.73269326e-03  2.58127234e-02  1.20771552e+01 
 2.55727340e+15  8.96111058e+35  9.19410000e+00  1.68053642e+00  8.92460000e+00  1.67927930e+00  4.28649867e-01  1.72680940e-03  2.57307221e-02  1.19764147e+01 
 2.56233269e+15  9.00337079e+35  9.19110000e+00  1.68154365e+00  8.92160000e+00  1.68028994e+00  4.28880332e-01  1.72098993e-03  2.56353055e-02  1.18769140e+01 
 2.56739198e+15  9.04571205e+35  9.18710000e+00  1.68254318e+00  8.91860000e+00  1.68129278e+00  4.29203684e-01  1.71539688e-03  2.55544664e-02  1.17786717e+01 
 2.57245127e+15  9.08813415e+35  9.18310000e+00  1.68353508e+00  8.91560000e+00  1.68228788e+00  4.29526668e-01  1.70995532e-03  2.54742043e-02  1.16816644e+01 
 2.57751056e+15  9.13063685e+35  9.18010000e+00  1.68451938e+00  8.91260000e+00  1.68327528e+00  4.29755619e-01  1.70461343e-03  2.53806799e-02  1.15858694e+01 
 2.58256985e+15  9.17321993e+35  9.17610000e+00  1.68549614e+00  8.90960000e+00  1.68425503e+00  4.30077772e-01  1.69949097e-03  2.53015970e-02  1.14912743e+01 
 2.58762914e+15  9.21588317e+35  9.17210000e+00  1.68646541e+00  8.90660000e+00  1.68522718e+00  4.30399575e-01  1.69453632e-03  2.52230793e-02  1.13978569e+01 
 2.59268843e+15  9.25862633e+35  9.16910000e+00  1.68742723e+00  8.90360000e+00  1.68619178e+00  4.30627060e-01  1.68967164e-03  2.51314062e-02  1.13055956e+01 
 2.59774772e+15  9.30145589e+35  9.16510000e+00  1.68838181e+00  8.90060000e+00  1.68714904e+00  4.30948057e-01  1.68501676e-03  2.50540218e-02  1.12144647e+01 
 2.60280701e+15  9.34437325e+35  9.16210000e+00  1.68932921e+00  8.89760000e+00  1.68809904e+00  4.31174541e-01  1.68042991e-03  2.49635293e-02  1.11244370e+01 
 2.60786630e+15  9.38737000e+35  9.15810000e+00  1.69026931e+00  8.89460000e+00  1.68904163e+00  4.31494750e-01  1.67607100e-03  2.48872568e-02  1.10355195e+01 
 2.61292559e+15  9.43044590e+35  9.15410000e+00  1.69120216e+00  8.89160000e+00  1.68997688e+00  4.31814634e-01  1.67183979e-03  2.48115291e-02  1.09476916e+01 
 2.61798488e+15  9.47360074e+35  9.15110000e+00  1.69212779e+00  8.88960000e+00  1.69092932e+00  4.32039731e-01  1.63419160e-03  2.47228227e-02  1.08609333e+01 
 2.62304417e+15  9.51683428e+35  9.14710000e+00  1.69304626e+00  8.88660000e+00  1.69184996e+00  4.32358869e-01  1.63032998e-03  2.46482080e-02  1.07752347e+01 
 2.62810346e+15  9.56014630e+35  9.14410000e+00  1.69395762e+00  8.88360000e+00  1.69276337e+00  4.32583038e-01  1.62656684e-03  2.45606850e-02  1.06905731e+01 
 2.63316275e+15  9.60354153e+35  9.14010000e+00  1.69486200e+00  8.88060000e+00  1.69366972e+00  4.32901442e-01  1.62300456e-03  2.44871521e-02  1.06069295e+01 
 2.63822204e+15  9.64702577e+35  9.13710000e+00  1.69575959e+00  8.87760000e+00  1.69456918e+00  4.33124682e-01  1.61951399e-03  2.44007490e-02  1.05242710e+01 
 2.64328133e+15  9.69058794e+35  9.13310000e+00  1.69665019e+00  8.87460000e+00  1.69546155e+00  4.33442367e-01  1.61624979e-03  2.43282660e-02  1.04426097e+01 
 2.64834062e+15  9.73422782e+35  9.12910000e+00  1.69753386e+00  8.87160000e+00  1.69634687e+00  4.33759763e-01  1.61314206e-03  2.42563009e-02  1.03619273e+01 
 2.65339991e+15  9.77794517e+35  9.12610000e+00  1.69841064e+00  8.86860000e+00  1.69722520e+00  4.33981721e-01  1.61013094e-03  2.41715954e-02  1.02822060e+01 
 2.65845920e+15  9.82173978e+35  9.12210000e+00  1.69928057e+00  8.86560000e+00  1.69809657e+00  4.34298441e-01  1.60733943e-03  2.41006883e-02  1.02034374e+01 
 2.66351849e+15  9.86561141e+35  9.11910000e+00  1.70014370e+00  8.86260000e+00  1.69896103e+00  4.34519540e-01  1.60463235e-03  2.40171073e-02  1.01256010e+01 
 2.66857778e+15  9.90956905e+35  9.11510000e+00  1.70100026e+00  8.85960000e+00  1.69981883e+00  4.34835592e-01  1.60214172e-03  2.39472175e-02  1.00486732e+01 
 2.67363707e+15  9.95361089e+35  9.11210000e+00  1.70185025e+00  8.85660000e+00  1.70066996e+00  4.35055832e-01  1.59972030e-03  2.38646998e-02  9.97263735e+00 
 2.67869636e+15  9.99772921e+35  9.10810000e+00  1.70269357e+00  8.85360000e+00  1.70151432e+00  4.35371236e-01  1.59749969e-03  2.37958171e-02  9.89749925e+00 
 2.68375565e+15  1.00419238e+36  9.10510000e+00  1.70353026e+00  8.85160000e+00  1.70237626e+00  4.35590660e-01  1.56235820e-03  2.37143930e-02  9.82323953e+00 
 2.68881494e+15  1.00861943e+36  9.10110000e+00  1.70436036e+00  8.84860000e+00  1.70320719e+00  4.35905445e-01  1.56047402e-03  2.36465230e-02  9.74985103e+00 
 2.69387423e+15  1.01305407e+36  9.09810000e+00  1.70518392e+00  8.84560000e+00  1.70403147e+00  4.36124070e-01  1.55868761e-03  2.35661763e-02  9.67731515e+00 
 2.69893352e+15  1.01749645e+36  9.09410000e+00  1.70600102e+00  8.84260000e+00  1.70484917e+00  4.36438259e-01  1.55712324e-03  2.34993006e-02  9.60562229e+00 
 2.70399281e+15  1.02194794e+36  9.09110000e+00  1.70681196e+00  8.83960000e+00  1.70566062e+00  4.36656078e-01  1.55562117e-03  2.34199697e-02  9.53473221e+00 
 2.70905210e+15  1.02640695e+36  9.08710000e+00  1.70761647e+00  8.83660000e+00  1.70646555e+00  4.36969665e-01  1.55433667e-03  2.33540372e-02  9.46466405e+00 
 2.71411139e+15  1.03087346e+36  9.08410000e+00  1.70841462e+00  8.83360000e+00  1.70726399e+00  4.37186727e-01  1.55315780e-03  2.32757541e-02  9.39540000e+00 
 2.71917068e+15  1.03534745e+36  9.08010000e+00  1.70920643e+00  8.83060000e+00  1.70805601e+00  4.37499750e-01  1.55215732e-03  2.32107911e-02  9.32693382e+00 
 2.72422997e+15  1.03982890e+36  9.07710000e+00  1.70999195e+00  8.82860000e+00  1.70886579e+00  4.37716072e-01  1.51856339e-03  2.31335404e-02  9.25924873e+00 
 2.72928926e+15  1.04431778e+36  9.07410000e+00  1.71077123e+00  8.82560000e+00  1.70964505e+00  4.37931990e-01  1.51783602e-03  2.30568191e-02  9.19233595e+00 
 2.73434855e+15  1.04881579e+36  9.07010000e+00  1.71154459e+00  8.82260000e+00  1.71041830e+00  4.38244134e-01  1.51730914e-03  2.29932588e-02  9.12616230e+00 
 2.73940784e+15  1.05332131e+36  9.06710000e+00  1.71231181e+00  8.81960000e+00  1.71118531e+00  4.38459310e-01  1.51686229e-03  2.29175015e-02  9.06073470e+00 
 2.74446713e+15  1.05783422e+36  9.06310000e+00  1.71307289e+00  8.81660000e+00  1.71194607e+00  4.38770936e-01  1.51663662e-03  2.28548740e-02  8.99604984e+00 
 2.74952642e+15  1.06235447e+36  9.06010000e+00  1.71382789e+00  8.81360000e+00  1.71270063e+00  4.38985417e-01  1.51650223e-03  2.27801124e-02  8.93209153e+00 
 2.75458571e+15  1.06688206e+36  9.05710000e+00  1.71457685e+00  8.81060000e+00  1.71344903e+00  4.39199520e-01  1.51652913e-03  2.27058624e-02  8.86885229e+00 
