# rhoc (cgs) 	 Pc (cgs) 	 R (km) 	 M (msol) 	 R_core (km) 	 M_core (msol) 	 I/(MR^2) 	 I_crust/(M_crust R_crust^2)/(I/(MR^2)) 	 k_2 	 Lambda 
 2.30000000e+14  2.19480340e+33  2.39681000e+01  1.03515535e-01  5.11560000e+00  5.35806447e-02  3.26989818e-02  7.19438565e-01  1.31251958e-03  8.29496508e+07 
 2.33634408e+14  2.32731622e+33  2.22071000e+01  1.08390566e-01  5.25360000e+00  5.85824926e-02  3.84382704e-02  6.94105613e-01  1.89571612e-03  6.49895461e+07 
 2.37268816e+14  2.46610280e+33  2.07761000e+01  1.13509886e-01  5.38860000e+00  6.38129203e-02  4.44106881e-02  6.69275112e-01  2.64941043e-03  5.16855709e+07 
 2.40903224e+14  2.61150311e+33  1.95931000e+01  1.18879837e-01  5.52060000e+00  6.92702986e-02  5.05820348e-02  6.45082339e-01  3.59414310e-03  4.15086409e+07 
 2.44537632e+14  2.76358844e+33  1.86051000e+01  1.24497221e-01  5.65160000e+00  7.50127473e-02  5.68969830e-02  6.21073024e-01  4.74328664e-03  3.35744966e+07 
 2.48172040e+14  2.92252274e+33  1.77711000e+01  1.30362450e-01  5.77960000e+00  8.09785980e-02  6.33174806e-02  5.97874586e-01  6.10787345e-03  2.73065854e+07 
 2.51806448e+14  3.08964730e+33  1.70551000e+01  1.36519647e-01  5.90660000e+00  8.72461487e-02  6.98636040e-02  5.75088450e-01  7.70909957e-03  2.22775592e+07 
 2.55440856e+14  3.26463256e+33  1.64401000e+01  1.42955640e-01  6.03260000e+00  9.38151773e-02  7.64680825e-02  5.52726030e-01  9.54414239e-03  1.82314452e+07 
 2.59075264e+14  3.43961781e+33  1.59291000e+01  1.49368010e-01  6.15060000e+00  1.00323654e-01  8.28239831e-02  5.32238416e-01  1.15220869e-02  1.50927279e+07 
 2.62709672e+14  3.62891041e+33  1.54681000e+01  1.56273583e-01  6.27160000e+00  1.07347095e-01  8.94060237e-02  5.11557384e-01  1.37915776e-02  1.24434077e+07 
 2.66344080e+14  3.82066601e+33  1.50761000e+01  1.63239805e-01  6.38760000e+00  1.14432196e-01  9.57848078e-02  4.92126296e-01  1.62068622e-02  1.03414643e+07 
 2.69978488e+14  4.02131170e+33  1.47301000e+01  1.70485857e-01  6.50160000e+00  1.21765922e-01  1.02149786e-01  4.73573490e-01  1.88284740e-02  8.60934676e+06 
 2.73612896e+14  4.23140538e+33  1.44231000e+01  1.78036367e-01  6.61560000e+00  1.29441852e-01  1.08503310e-01  4.55323924e-01  2.16547877e-02  7.17582386e+06 
 2.77247305e+14  4.41800709e+33  1.41891000e+01  1.84702174e-01  6.71260000e+00  1.36248836e-01  1.13885809e-01  4.40028974e-01  2.42109216e-02  6.15168256e+06 
 2.80881713e+14  4.41804616e+33  1.41891000e+01  1.84703523e-01  6.71260000e+00  1.36249359e-01  1.13886167e-01  4.40032271e-01  2.42110659e-02  6.15149445e+06 
 2.84516121e+14  4.41808523e+33  1.41891000e+01  1.84704808e-01  6.71260000e+00  1.36249855e-01  1.13886508e-01  4.40035408e-01  2.42112032e-02  6.15131545e+06 
 2.88150529e+14  4.41812430e+33  1.41891000e+01  1.84706029e-01  6.71260000e+00  1.36250328e-01  1.13886831e-01  4.40038391e-01  2.42113337e-02  6.15114518e+06 
 2.91784937e+14  4.41816337e+33  1.41891000e+01  1.84707191e-01  6.71260000e+00  1.36250778e-01  1.13887139e-01  4.40041227e-01  2.42114577e-02  6.15098324e+06 
 2.95419345e+14  4.41820244e+33  1.41891000e+01  1.84708296e-01  6.71260000e+00  1.36251206e-01  1.13887431e-01  4.40043923e-01  2.42115756e-02  6.15082924e+06 
 2.99053753e+14  4.41824151e+33  1.41891000e+01  1.84709346e-01  6.71260000e+00  1.36251613e-01  1.13887709e-01  4.40046484e-01  2.42116874e-02  6.15068289e+06 
 3.02688161e+14  4.41828057e+33  1.41891000e+01  1.84710343e-01  6.71260000e+00  1.36252000e-01  1.13887973e-01  4.40048915e-01  2.42117936e-02  6.15054376e+06 
 3.06322569e+14  4.41831964e+33  1.41891000e+01  1.84711291e-01  6.71260000e+00  1.36252367e-01  1.13888223e-01  4.40051222e-01  2.42118943e-02  6.15041158e+06 
 3.09956977e+14  4.41835871e+33  1.41891000e+01  1.84712192e-01  6.71260000e+00  1.36252717e-01  1.13888461e-01  4.40053415e-01  2.42119900e-02  6.15028594e+06 
 3.13591385e+14  4.41839778e+33  1.41891000e+01  1.84713045e-01  6.71260000e+00  1.36253049e-01  1.13888686e-01  4.40055492e-01  2.42120805e-02  6.15016679e+06 
 3.17225793e+14  4.41843685e+33  1.41891000e+01  1.84713856e-01  6.71260000e+00  1.36253364e-01  1.13888899e-01  4.40057464e-01  2.42121664e-02  6.15005359e+06 
 3.20860201e+14  4.41847592e+33  1.41891000e+01  1.84714626e-01  6.71260000e+00  1.36253663e-01  1.13889102e-01  4.40059333e-01  2.42122478e-02  6.14994619e+06 
 3.24494609e+14  4.41851499e+33  1.41891000e+01  1.84715355e-01  6.71260000e+00  1.36253947e-01  1.13889293e-01  4.40061103e-01  2.42123246e-02  6.14984436e+06 
 3.28129017e+14  4.41855406e+33  1.41891000e+01  1.84716045e-01  6.71260000e+00  1.36254216e-01  1.13889474e-01  4.40062778e-01  2.42123974e-02  6.14974792e+06 
 3.31763425e+14  4.41859313e+33  1.41891000e+01  1.84716699e-01  6.71260000e+00  1.36254471e-01  1.13889645e-01  4.40064364e-01  2.42124661e-02  6.14965653e+06 
 3.35397833e+14  4.41863220e+33  1.41891000e+01  1.84717318e-01  6.71260000e+00  1.36254713e-01  1.13889808e-01  4.40065865e-01  2.42125311e-02  6.14956989e+06 
 3.39032241e+14  4.41867127e+33  1.41891000e+01  1.84717903e-01  6.71260000e+00  1.36254941e-01  1.13889960e-01  4.40067280e-01  2.42125923e-02  6.14948810e+06 
 3.42666649e+14  4.41871033e+33  1.41891000e+01  1.84718456e-01  6.71260000e+00  1.36255157e-01  1.13890104e-01  4.40068617e-01  2.42126501e-02  6.14941072e+06 
 3.46301057e+14  4.41874940e+33  1.41891000e+01  1.84718978e-01  6.71260000e+00  1.36255362e-01  1.13890240e-01  4.40069877e-01  2.42127044e-02  6.14933767e+06 
 3.49935465e+14  4.41878847e+33  1.41891000e+01  1.84719471e-01  6.71260000e+00  1.36255555e-01  1.13890368e-01  4.40071067e-01  2.42127555e-02  6.14926856e+06 
 3.53569873e+14  4.41882754e+33  1.41891000e+01  1.84719934e-01  6.71260000e+00  1.36255737e-01  1.13890488e-01  4.40072181e-01  2.42128034e-02  6.14920373e+06 
 3.57204281e+14  4.41886661e+33  1.41891000e+01  1.84720370e-01  6.71260000e+00  1.36255908e-01  1.13890601e-01  4.40073231e-01  2.42128484e-02  6.14914252e+06 
 3.60838689e+14  4.41890568e+33  1.41891000e+01  1.84720781e-01  6.71260000e+00  1.36256070e-01  1.13890706e-01  4.40074219e-01  2.42128906e-02  6.14908484e+06 
 3.64473097e+14  4.41894475e+33  1.41891000e+01  1.84721166e-01  6.71260000e+00  1.36256222e-01  1.13890805e-01  4.40075143e-01  2.42129299e-02  6.14903069e+06 
 3.68107505e+14  4.41898382e+33  1.41891000e+01  1.84721526e-01  6.71260000e+00  1.36256364e-01  1.13890897e-01  4.40076004e-01  2.42129666e-02  6.14898009e+06 
 3.71741914e+14  4.41902289e+33  1.41891000e+01  1.84721863e-01  6.71260000e+00  1.36256498e-01  1.13890983e-01  4.40076809e-01  2.42130007e-02  6.14893268e+06 
 3.75376322e+14  4.41906196e+33  1.41891000e+01  1.84722178e-01  6.71260000e+00  1.36256623e-01  1.13891063e-01  4.40077560e-01  2.42130323e-02  6.14888833e+06 
 3.79010730e+14  4.41910103e+33  1.41891000e+01  1.84722472e-01  6.71260000e+00  1.36256740e-01  1.13891138e-01  4.40078258e-01  2.42130617e-02  6.14884694e+06 
 3.82645138e+14  4.41914009e+33  1.41891000e+01  1.84722744e-01  6.71260000e+00  1.36256849e-01  1.13891206e-01  4.40078905e-01  2.42130888e-02  6.14880840e+06 
 3.86279546e+14  4.42074557e+33  1.41881000e+01  1.84731333e-01  6.71260000e+00  1.36260399e-01  1.13909287e-01  4.40098595e-01  2.42224002e-02  6.14757648e+06 
 3.89913954e+14  4.42629690e+33  1.41871000e+01  1.84757678e-01  6.71260000e+00  1.36272108e-01  1.13930641e-01  4.40154333e-01  2.42328066e-02  6.14366849e+06 
 3.93548362e+14  4.43180427e+33  1.41861000e+01  1.84781678e-01  6.71360000e+00  1.36328067e-01  1.13950613e-01  4.39873332e-01  2.42425366e-02  6.13998049e+06 
 3.97182770e+14  4.43726842e+33  1.41861000e+01  1.84803516e-01  6.71360000e+00  1.36339206e-01  1.13953403e-01  4.39911438e-01  2.42431871e-02  6.13651832e+06 
 4.00817178e+14  4.44269008e+33  1.41851000e+01  1.84823351e-01  6.71360000e+00  1.36349952e-01  1.13971306e-01  4.39942500e-01  2.42519317e-02  6.13327623e+06 
 4.04451586e+14  4.44806996e+33  1.41841000e+01  1.84841177e-01  6.71360000e+00  1.36360236e-01  1.13988326e-01  4.39966865e-01  2.42602659e-02  6.13026482e+06 
 4.08085994e+14  4.45340873e+33  1.41831000e+01  1.84857043e-01  6.71460000e+00  1.36414517e-01  1.14004529e-01  4.39657716e-01  2.42682247e-02  6.12748430e+06 
 4.11720402e+14  4.45870707e+33  1.41821000e+01  1.84871217e-01  6.71460000e+00  1.36423891e-01  1.14020030e-01  4.39670335e-01  2.42758610e-02  6.12490338e+06 
 4.15354810e+14  4.46396564e+33  1.41821000e+01  1.84883583e-01  6.71460000e+00  1.36432771e-01  1.14018744e-01  4.39677357e-01  2.42746170e-02  6.12254153e+06 
 4.18989218e+14  4.46918507e+33  1.41811000e+01  1.84894272e-01  6.71460000e+00  1.36441180e-01  1.14032896e-01  4.39679274e-01  2.42816417e-02  6.12038498e+06 
 4.22623626e+14  4.47436598e+33  1.41811000e+01  1.84903493e-01  6.71460000e+00  1.36449176e-01  1.14030404e-01  4.39676720e-01  2.42798517e-02  6.11840795e+06 
 4.26258034e+14  4.47950898e+33  1.41801000e+01  1.84911113e-01  6.71460000e+00  1.36456694e-01  1.14043414e-01  4.39669456e-01  2.42863640e-02  6.11663108e+06 
 4.29892442e+14  4.48461467e+33  1.41801000e+01  1.84917316e-01  6.71460000e+00  1.36463787e-01  1.14039826e-01  4.39658025e-01  2.42840843e-02  6.11503113e+06 
 4.33526850e+14  4.48968361e+33  1.41791000e+01  1.84922238e-01  6.71460000e+00  1.36470491e-01  1.14051868e-01  4.39642865e-01  2.42901654e-02  6.11359227e+06 
 4.37161258e+14  4.49471532e+33  1.41791000e+01  1.84925901e-01  6.71460000e+00  1.36476802e-01  1.14047382e-01  4.39624083e-01  2.42874872e-02  6.11231287e+06 
 4.40795666e+14  4.49971082e+33  1.41781000e+01  1.84928209e-01  6.71460000e+00  1.36482678e-01  1.14058528e-01  4.39601493e-01  2.42931747e-02  6.11120722e+06 
 4.44430074e+14  4.50467129e+33  1.41781000e+01  1.84929329e-01  6.71460000e+00  1.36488170e-01  1.14053184e-01  4.39575558e-01  2.42901204e-02  6.11025380e+06 
 4.48064482e+14  4.50959724e+33  1.41781000e+01  1.84929314e-01  6.71460000e+00  1.36493289e-01  1.14047464e-01  4.39546464e-01  2.42869028e-02  6.10944696e+06 
 4.51698890e+14  4.51448920e+33  1.41771000e+01  1.84928302e-01  6.71460000e+00  1.36498078e-01  1.14057509e-01  4.39514626e-01  2.42921104e-02  6.10876931e+06 
 4.55333298e+14  4.51934766e+33  1.41771000e+01  1.84926274e-01  6.71460000e+00  1.36502524e-01  1.14051137e-01  4.39480003e-01  2.42886103e-02  6.10822412e+06 
 4.58967706e+14  4.52417312e+33  1.41771000e+01  1.84923219e-01  6.71460000e+00  1.36506618e-01  1.14044442e-01  4.39442607e-01  2.42849717e-02  6.10781351e+06 
 4.62602115e+14  4.52896604e+33  1.41771000e+01  1.84919411e-01  6.71460000e+00  1.36510452e-01  1.14037513e-01  4.39403186e-01  2.42812336e-02  6.10750219e+06 
 4.66236523e+14  4.53372691e+33  1.41761000e+01  1.84914533e-01  6.71460000e+00  1.36513911e-01  1.14046346e-01  4.39360916e-01  2.42859213e-02  6.10733261e+06 
 4.69870931e+14  4.53845617e+33  1.41761000e+01  1.84909119e-01  6.71360000e+00  1.36472694e-01  1.14038930e-01  4.39644574e-01  2.42819770e-02  6.10723471e+06 
 4.73505339e+14  4.54315429e+33  1.41761000e+01  1.84902726e-01  6.71360000e+00  1.36475610e-01  1.14031224e-01  4.39598361e-01  2.42779107e-02  6.10726775e+06 
 4.77139747e+14  4.54782168e+33  1.41761000e+01  1.84895713e-01  6.71360000e+00  1.36478295e-01  1.14023342e-01  4.39550578e-01  2.42737721e-02  6.10738469e+06 
 4.80774155e+14  4.55245880e+33  1.41761000e+01  1.84887821e-01  6.71360000e+00  1.36480658e-01  1.14015205e-01  4.39500529e-01  2.42695278e-02  6.10762031e+06 
 4.84408563e+14  4.55706605e+33  1.41761000e+01  1.84879316e-01  6.71360000e+00  1.36482789e-01  1.14006901e-01  4.39448945e-01  2.42652150e-02  6.10793960e+06 
 4.88042971e+14  4.56164384e+33  1.41761000e+01  1.84870264e-01  6.71360000e+00  1.36484711e-01  1.13998449e-01  4.39395991e-01  2.42608434e-02  6.10833450e+06 
 4.91677379e+14  4.56619258e+33  1.41761000e+01  1.84860501e-01  6.71260000e+00  1.36441893e-01  1.13989803e-01  4.39668613e-01  2.42563927e-02  6.10882664e+06 
 4.95311787e+14  4.58573605e+33  1.41761000e+01  1.84812146e-01  6.71160000e+00  1.36403236e-01  1.13949637e-01  4.39738428e-01  2.42358478e-02  6.11164169e+06 
 4.98946195e+14  4.61969254e+33  1.41761000e+01  1.84712859e-01  6.70960000e+00  1.36323425e-01  1.13870364e-01  4.39880197e-01  2.41954911e-02  6.11788071e+06 
 5.02580603e+14  4.65525401e+33  1.41761000e+01  1.84598890e-01  6.70760000e+00  1.36245785e-01  1.13778555e-01  4.39941165e-01  2.41487566e-02  6.12493613e+06 
 5.06215011e+14  4.69083019e+33  1.41771000e+01  1.84480133e-01  6.70560000e+00  1.36171075e-01  1.13664224e-01  4.39962832e-01  2.40901432e-02  6.13192397e+06 
 5.09849419e+14  4.72642097e+33  1.41771000e+01  1.84358876e-01  6.70260000e+00  1.36055209e-01  1.13560788e-01  4.40281773e-01  2.40373257e-02  6.13862759e+06 
 5.13483827e+14  4.76202592e+33  1.41761000e+01  1.84237124e-01  6.70060000e+00  1.35987135e-01  1.13469334e-01  4.40250995e-01  2.39908079e-02  6.14485109e+06 
 5.17118235e+14  4.79764495e+33  1.41761000e+01  1.84113879e-01  6.69760000e+00  1.35877550e-01  1.13357876e-01  4.40524467e-01  2.39337252e-02  6.15077556e+06 
 5.20752643e+14  4.83327796e+33  1.41751000e+01  1.83991747e-01  6.69560000e+00  1.35815574e-01  1.13259624e-01  4.40456158e-01  2.38835547e-02  6.15610883e+06 
 5.24387051e+14  4.86892485e+33  1.41741000e+01  1.83868468e-01  6.69260000e+00  1.35711733e-01  1.13158082e-01  4.40696111e-01  2.38316640e-02  6.16118037e+06 
 5.28021459e+14  4.90458554e+33  1.41741000e+01  1.83746299e-01  6.69060000e+00  1.35654958e-01  1.13038313e-01  4.40596744e-01  2.37701451e-02  6.16573236e+06 
 5.31655867e+14  4.94025994e+33  1.41721000e+01  1.83623984e-01  6.68760000e+00  1.35556288e-01  1.12947964e-01  4.40810937e-01  2.37241000e-02  6.16995702e+06 
 5.35290275e+14  4.97594795e+33  1.41711000e+01  1.83502478e-01  6.68460000e+00  1.35460054e-01  1.12839700e-01  4.41014678e-01  2.36686234e-02  6.17375696e+06 
 5.38924683e+14  5.01164949e+33  1.41701000e+01  1.83381146e-01  6.68160000e+00  1.35365892e-01  1.12729429e-01  4.41207066e-01  2.36121098e-02  6.17723810e+06 
 5.42559091e+14  5.04736448e+33  1.41681000e+01  1.83259338e-01  6.67960000e+00  1.35317494e-01  1.12632978e-01  4.41059033e-01  2.35628646e-02  6.18050510e+06 
 5.46193499e+14  5.08309282e+33  1.41671000e+01  1.83138866e-01  6.67660000e+00  1.35227201e-01  1.12519316e-01  4.41232367e-01  2.35046027e-02  6.18334506e+06 
 5.49827907e+14  5.11883443e+33  1.41651000e+01  1.83019357e-01  6.67360000e+00  1.35138832e-01  1.12420237e-01  4.41398828e-01  2.34539581e-02  6.18582496e+06 
 5.53462315e+14  5.15458923e+33  1.41631000e+01  1.82898767e-01  6.67160000e+00  1.35095576e-01  1.12319226e-01  4.41224868e-01  2.34023650e-02  6.18822143e+06 
 5.57096724e+14  5.19035714e+33  1.41611000e+01  1.82780432e-01  6.66860000e+00  1.35010470e-01  1.12217597e-01  4.41377118e-01  2.33504142e-02  6.19012503e+06 
 5.60731132e+14  5.22613807e+33  1.41591000e+01  1.82659456e-01  6.66560000e+00  1.34925912e-01  1.12113669e-01  4.41513367e-01  2.32973845e-02  6.19217180e+06 
 5.64365540e+14  5.26193195e+33  1.41571000e+01  1.82541685e-01  6.66260000e+00  1.34843554e-01  1.12009677e-01  4.41651674e-01  2.32442670e-02  6.19363286e+06 
 5.67999948e+14  5.29773870e+33  1.41551000e+01  1.82423323e-01  6.65960000e+00  1.34762183e-01  1.11904317e-01  4.41781113e-01  2.31905047e-02  6.19500236e+06 
 5.71634356e+14  5.33355823e+33  1.41531000e+01  1.82305577e-01  6.65760000e+00  1.34725821e-01  1.11798116e-01  4.41577254e-01  2.31363390e-02  6.19613856e+06 
 5.75268764e+14  5.36939047e+33  1.41501000e+01  1.82188922e-01  6.65460000e+00  1.34647030e-01  1.11707117e-01  4.41698797e-01  2.30900496e-02  6.19699239e+06 
 5.78903172e+14  5.40523590e+33  1.41481000e+01  1.82072510e-01  6.65160000e+00  1.34569266e-01  1.11599485e-01  4.41815142e-01  2.30352053e-02  6.19768031e+06 
 5.82537580e+14  5.44109391e+33  1.41451000e+01  1.81953691e-01  6.64860000e+00  1.34491704e-01  1.11505850e-01  4.41918465e-01  2.29877068e-02  6.19854553e+06 
 5.86171988e+14  5.47696439e+33  1.41431000e+01  1.81839892e-01  6.64560000e+00  1.34416419e-01  1.11397545e-01  4.42032065e-01  2.29325531e-02  6.19866299e+06 
 5.89806396e+14  5.51284727e+33  1.41401000e+01  1.81723001e-01  6.64360000e+00  1.34384586e-01  1.11303069e-01  4.41802283e-01  2.28846647e-02  6.19906004e+06 
 5.93440804e+14  5.54874249e+33  1.41381000e+01  1.81607085e-01  6.64060000e+00  1.34310181e-01  1.11192525e-01  4.41899575e-01  2.28285477e-02  6.19923317e+06 
 5.97075212e+14  5.58464996e+33  1.41351000e+01  1.81491934e-01  6.63760000e+00  1.34236681e-01  1.11097361e-01  4.41994855e-01  2.27803647e-02  6.19921694e+06 
 6.00709620e+14  5.62056963e+33  1.41321000e+01  1.81375354e-01  6.63460000e+00  1.34163422e-01  1.11001034e-01  4.42081474e-01  2.27316813e-02  6.19929192e+06 
 6.04344028e+14  5.65650141e+33  1.41291000e+01  1.81260883e-01  6.63160000e+00  1.34091353e-01  1.10904963e-01  4.42170845e-01  2.26831226e-02  6.19902306e+06 
 6.07978436e+14  5.69244524e+33  1.41271000e+01  1.81148703e-01  6.62860000e+00  1.34020477e-01  1.10793579e-01  4.42263820e-01  2.26267361e-02  6.19839489e+06 
 6.11612844e+14  5.72840105e+33  1.41241000e+01  1.81033378e-01  6.62660000e+00  1.33992582e-01  1.10696184e-01  4.42014059e-01  2.25776534e-02  6.19808924e+06 
 6.15247252e+14  5.76436878e+33  1.41211000e+01  1.80920638e-01  6.62360000e+00  1.33922524e-01  1.10599363e-01  4.42098489e-01  2.25288488e-02  6.19739920e+06 
 6.18881660e+14  5.80034835e+33  1.41181000e+01  1.80805420e-01  6.62060000e+00  1.33852237e-01  1.10501156e-01  4.42171929e-01  2.24794732e-02  6.19695802e+06 
 6.22516068e+14  5.83633970e+33  1.41151000e+01  1.80692329e-01  6.61760000e+00  1.33782956e-01  1.10403416e-01  4.42249311e-01  2.24303383e-02  6.19619989e+06 
 6.26150476e+14  5.87234277e+33  1.41121000e+01  1.80580960e-01  6.61460000e+00  1.33714529e-01  1.10306026e-01  4.42329614e-01  2.23813960e-02  6.19518083e+06 
 6.29784884e+14  5.90835748e+33  1.41091000e+01  1.80467673e-01  6.61160000e+00  1.33645942e-01  1.10207560e-01  4.42401201e-01  2.23320300e-02  6.19435440e+06 
 6.33419292e+14  5.94438378e+33  1.41061000e+01  1.80356366e-01  6.60960000e+00  1.33621332e-01  1.10109608e-01  4.42147091e-01  2.22829345e-02  6.19324379e+06 
 6.37053700e+14  5.98042161e+33  1.41031000e+01  1.80243637e-01  6.60660000e+00  1.33553507e-01  1.10010828e-01  4.42215821e-01  2.22335300e-02  6.19227194e+06 
 6.40688108e+14  6.01647090e+33  1.40991000e+01  1.80132319e-01  6.60360000e+00  1.33486344e-01  1.09927984e-01  4.42287120e-01  2.21921967e-02  6.19109439e+06 
 6.44322516e+14  6.05253158e+33  1.40961000e+01  1.80020817e-01  6.60060000e+00  1.33419391e-01  1.09829258e-01  4.42355905e-01  2.21429140e-02  6.18991060e+06 
 6.47956925e+14  6.08860360e+33  1.40931000e+01  1.79909352e-01  6.59760000e+00  1.33352684e-01  1.09730368e-01  4.42423057e-01  2.20936185e-02  6.18869676e+06 
 6.51591333e+14  6.12468734e+33  1.40901000e+01  1.79798789e-01  6.59460000e+00  1.33286433e-01  1.09631686e-01  4.42491531e-01  2.20444746e-02  6.18735027e+06 
 6.55225741e+14  6.16078235e+33  1.40871000e+01  1.79688237e-01  6.59260000e+00  1.33263270e-01  1.09532870e-01  4.42228252e-01  2.19953357e-02  6.18598309e+06 
 6.58860149e+14  6.19688851e+33  1.40831000e+01  1.79577847e-01  6.58960000e+00  1.33197408e-01  1.09449547e-01  4.42294270e-01  2.19540331e-02  6.18457997e+06 
 6.62494557e+14  6.23300577e+33  1.40801000e+01  1.79467834e-01  6.58660000e+00  1.33131804e-01  1.09350727e-01  4.42360239e-01  2.19050128e-02  6.18311719e+06 
 6.66128965e+14  6.26913407e+33  1.40771000e+01  1.79358101e-01  6.58360000e+00  1.33066413e-01  1.09251942e-01  4.42425976e-01  2.18560767e-02  6.18160973e+06 
 6.69763373e+14  6.30527334e+33  1.40741000e+01  1.79248627e-01  6.58060000e+00  1.33001214e-01  1.09153203e-01  4.42491507e-01  2.18072301e-02  6.18006236e+06 
 6.73397781e+14  6.34142354e+33  1.40701000e+01  1.79139559e-01  6.57760000e+00  1.32936230e-01  1.09070089e-01  4.42557422e-01  2.17662419e-02  6.17846011e+06 
 6.77032189e+14  6.37758460e+33  1.40671000e+01  1.79031068e-01  6.57560000e+00  1.32914160e-01  1.08971669e-01  4.42293629e-01  2.17176669e-02  6.17678400e+06 
 6.80666597e+14  6.41375648e+33  1.40641000e+01  1.78922117e-01  6.57260000e+00  1.32849352e-01  1.08873039e-01  4.42358124e-01  2.16690752e-02  6.17516181e+06 
 6.84301005e+14  6.44993911e+33  1.40601000e+01  1.78813571e-01  6.56960000e+00  1.32784713e-01  1.08790051e-01  4.42423302e-01  2.16283216e-02  6.17349167e+06 
 6.87935413e+14  6.48613244e+33  1.40571000e+01  1.78705582e-01  6.56660000e+00  1.32720270e-01  1.08691823e-01  4.42489745e-01  2.15800439e-02  6.17175655e+06 
 6.91569821e+14  6.52233642e+33  1.40541000e+01  1.78598270e-01  6.56360000e+00  1.32656040e-01  1.08593905e-01  4.42557951e-01  2.15319770e-02  6.16994433e+06 
 6.95204229e+14  6.55855099e+33  1.40501000e+01  1.78489656e-01  6.56160000e+00  1.32634000e-01  1.08510913e-01  4.42290050e-01  2.14914114e-02  6.16829499e+06 
 6.98838637e+14  6.59477611e+33  1.40471000e+01  1.78383829e-01  6.55860000e+00  1.32570165e-01  1.08413697e-01  4.42362372e-01  2.14437922e-02  6.16631827e+06 
 7.02473045e+14  6.63101172e+33  1.40431000e+01  1.78276501e-01  6.55560000e+00  1.32505957e-01  1.08331327e-01  4.42429236e-01  2.14036222e-02  6.16453166e+06 
 7.06107453e+14  6.66725776e+33  1.40401000e+01  1.78169888e-01  6.55260000e+00  1.32441927e-01  1.08233892e-01  4.42498288e-01  2.13560573e-02  6.16267028e+06 
 7.09741861e+14  6.70351420e+33  1.40371000e+01  1.78063999e-01  6.54960000e+00  1.32378067e-01  1.08136845e-01  4.42569648e-01  2.13087399e-02  6.16073474e+06 
 7.13376269e+14  6.73978097e+33  1.40331000e+01  1.77955959e-01  6.54760000e+00  1.32355963e-01  1.08054355e-01  4.42301805e-01  2.12687191e-02  6.15906994e+06 
 7.17010677e+14  6.77605802e+33  1.40301000e+01  1.77851852e-01  6.54460000e+00  1.32292464e-01  1.07958249e-01  4.42379068e-01  2.12219567e-02  6.15695068e+06 
 7.20645085e+14  6.81234532e+33  1.40261000e+01  1.77745185e-01  6.54160000e+00  1.32228293e-01  1.07876522e-01  4.42447380e-01  2.11823961e-02  6.15515366e+06 
 7.24279493e+14  6.84864290e+33  1.40231000e+01  1.77639285e-01  6.53860000e+00  1.32164269e-01  1.07779844e-01  4.42518381e-01  2.11355423e-02  6.15328247e+06 
 7.27913901e+14  6.88495096e+33  1.40201000e+01  1.77534214e-01  6.53660000e+00  1.32142561e-01  1.07683645e-01  4.42260474e-01  2.10889751e-02  6.15133111e+06 
 7.31548309e+14  6.92126911e+33  1.40161000e+01  1.77430101e-01  6.53360000e+00  1.32078834e-01  1.07603344e-01  4.42337883e-01  2.10502319e-02  6.14928611e+06 
 7.35182717e+14  6.95759730e+33  1.40131000e+01  1.77325062e-01  6.53060000e+00  1.32014810e-01  1.07507410e-01  4.42412220e-01  2.10039330e-02  6.14737213e+06 
 7.38817125e+14  6.99393548e+33  1.40091000e+01  1.77220207e-01  6.52760000e+00  1.31950761e-01  1.07427030e-01  4.42487414e-01  2.09652919e-02  6.14545827e+06 
 7.42451534e+14  7.03028360e+33  1.40061000e+01  1.77114187e-01  6.52560000e+00  1.31928374e-01  1.07330935e-01  4.42226496e-01  2.09190801e-02  6.14370453e+06 
 7.46085942e+14  7.06664163e+33  1.40021000e+01  1.77014156e-01  6.52260000e+00  1.31865297e-01  1.07252952e-01  4.42319380e-01  2.08815970e-02  6.14126685e+06 
 7.49720350e+14  7.10300950e+33  1.39991000e+01  1.76910037e-01  6.51960000e+00  1.31801140e-01  1.07157995e-01  4.42398040e-01  2.08360257e-02  6.13933708e+06 
 7.53354758e+14  7.13938719e+33  1.39961000e+01  1.76806853e-01  6.51660000e+00  1.31737113e-01  1.07063614e-01  4.42480430e-01  2.07907830e-02  6.13732239e+06 
 7.56989166e+14  7.17577463e+33  1.39921000e+01  1.76704720e-01  6.51460000e+00  1.31715121e-01  1.06985160e-01  4.42234504e-01  2.07533073e-02  6.13521019e+06 
 7.60623574e+14  7.21217180e+33  1.39891000e+01  1.76597601e-01  6.51160000e+00  1.31649919e-01  1.06889355e-01  4.42303503e-01  2.07076150e-02  6.13371133e+06 
 7.64257982e+14  7.24857864e+33  1.39851000e+01  1.76497448e-01  6.50860000e+00  1.31586266e-01  1.06812107e-01  4.42398152e-01  2.06707885e-02  6.13142130e+06 
 7.67892390e+14  7.28499511e+33  1.39821000e+01  1.76392515e-01  6.50560000e+00  1.31521370e-01  1.06717618e-01  4.42475984e-01  2.06258107e-02  6.12972041e+06 
 7.71526798e+14  7.32142117e+33  1.39791000e+01  1.76294166e-01  6.50360000e+00  1.31499652e-01  1.06626266e-01  4.42245486e-01  2.05822446e-02  6.12727635e+06 
 7.75161206e+14  7.35785677e+33  1.39751000e+01  1.76190709e-01  6.50060000e+00  1.31434832e-01  1.06548060e-01  4.42329771e-01  2.05452196e-02  6.12546085e+06 
 7.78795614e+14  7.39430187e+33  1.39721000e+01  1.76088191e-01  6.49760000e+00  1.31370110e-01  1.06455208e-01  4.42418054e-01  2.05011720e-02  6.12356507e+06 
 7.82430022e+14  7.43075643e+33  1.39681000e+01  1.75986691e-01  6.49560000e+00  1.31347137e-01  1.06378241e-01  4.42177646e-01  2.04648071e-02  6.12158079e+06 
 7.86064430e+14  7.46722041e+33  1.39651000e+01  1.75886217e-01  6.49260000e+00  1.31282601e-01  1.06286698e-01  4.42274683e-01  2.04214661e-02  6.11950793e+06 
 7.89698838e+14  7.50369377e+33  1.39621000e+01  1.75786874e-01  6.48960000e+00  1.31218194e-01  1.06195871e-01  4.42376574e-01  2.03785078e-02  6.11733494e+06 
 7.93333246e+14  7.54017646e+33  1.39581000e+01  1.75688674e-01  6.48760000e+00  1.31195447e-01  1.06120979e-01  4.42150160e-01  2.03432229e-02  6.11506160e+06 
 7.96967654e+14  7.57666844e+33  1.39551000e+01  1.75583528e-01  6.48460000e+00  1.31129382e-01  1.06027913e-01  4.42232034e-01  2.02994727e-02  6.11362858e+06 
 8.00602062e+14  7.61316970e+33  1.39511000e+01  1.75487535e-01  6.48160000e+00  1.31065294e-01  1.05954424e-01  4.42348560e-01  2.02649113e-02  6.11116446e+06 
 8.04236470e+14  7.64968055e+33  1.39481000e+01  1.75384286e-01  6.47960000e+00  1.31040818e-01  1.05862629e-01  4.42105428e-01  2.02218470e-02  6.10957599e+06 
 8.07870878e+14  7.68620056e+33  1.39451000e+01  1.75286645e-01  6.47660000e+00  1.30976021e-01  1.05773620e-01  4.42217433e-01  2.01800333e-02  6.10737060e+06 
 8.11505286e+14  7.72272971e+33  1.39411000e+01  1.75189504e-01  6.47360000e+00  1.30911191e-01  1.05700223e-01  4.42332131e-01  2.01457101e-02  6.10514172e+06 
 8.15139694e+14  7.75926795e+33  1.39381000e+01  1.75089306e-01  6.47160000e+00  1.30886835e-01  1.05610467e-01  4.42102560e-01  2.01037299e-02  6.10330114e+06 
 8.18774102e+14  7.79581524e+33  1.39351000e+01  1.74990145e-01  6.46860000e+00  1.30821201e-01  1.05521410e-01  4.42211406e-01  2.00621210e-02  6.10137499e+06 
 8.22408510e+14  7.83237155e+33  1.39311000e+01  1.74892028e-01  6.46660000e+00  1.30796913e-01  1.05448195e-01  4.41991142e-01  2.00280719e-02  6.09936331e+06 
 8.26042918e+14  7.86893684e+33  1.39281000e+01  1.74795043e-01  6.46360000e+00  1.30731430e-01  1.05360583e-01  4.42109920e-01  1.99872135e-02  6.09725626e+06 
 8.29677326e+14  7.90551107e+33  1.39251000e+01  1.74696311e-01  6.46060000e+00  1.30665392e-01  1.05272386e-01  4.42223016e-01  1.99461872e-02  6.09538607e+06 
 8.33311735e+14  7.94209420e+33  1.39211000e+01  1.74594347e-01  6.45860000e+00  1.30639629e-01  1.05198023e-01  4.41990684e-01  1.99118543e-02  6.09392307e+06 
 8.36946143e+14  7.97868620e+33  1.39181000e+01  1.74500629e-01  6.45560000e+00  1.30574371e-01  1.05112607e-01  4.42124606e-01  1.98721321e-02  6.09154742e+06 
 8.40580551e+14  8.01528702e+33  1.39151000e+01  1.74400497e-01  6.45260000e+00  1.30507508e-01  1.05024427e-01  4.42235116e-01  1.98313326e-02  6.08994465e+06 
 8.44214959e+14  8.05189664e+33  1.39111000e+01  1.74306199e-01  6.45060000e+00  1.30482853e-01  1.04954295e-01  4.42034522e-01  1.97989561e-02  6.08770891e+06 
 8.47849367e+14  8.08851502e+33  1.39081000e+01  1.74205153e-01  6.44760000e+00  1.30415428e-01  1.04866135e-01  4.42143427e-01  1.97583065e-02  6.08628287e+06 
 8.51483775e+14  8.12514212e+33  1.39051000e+01  1.74116031e-01  6.44560000e+00  1.30391499e-01  1.04783804e-01  4.41964444e-01  1.97201555e-02  6.08352783e+06 
 8.55118183e+14  8.16177791e+33  1.39011000e+01  1.74017138e-01  6.44260000e+00  1.30324193e-01  1.04712182e-01  4.42083529e-01  1.96873468e-02  6.08192839e+06 
 8.58752591e+14  8.19842234e+33  1.38981000e+01  1.73919127e-01  6.44060000e+00  1.30297852e-01  1.04626132e-01  4.41872336e-01  1.96477868e-02  6.08026413e+06 
 8.62386999e+14  8.23507540e+33  1.38951000e+01  1.73822131e-01  6.43760000e+00  1.30230606e-01  1.04540793e-01  4.42000661e-01  1.96085954e-02  6.07852067e+06 
 8.66021407e+14  8.27173703e+33  1.38921000e+01  1.73726156e-01  6.43460000e+00  1.30163420e-01  1.04456169e-01  4.42133929e-01  1.95697727e-02  6.07669753e+06 
 8.69655815e+14  8.30840721e+33  1.38881000e+01  1.73631212e-01  6.43260000e+00  1.30137126e-01  1.04387304e-01  4.41937442e-01  1.95383555e-02  6.07479432e+06 
 8.73290223e+14  8.34508591e+33  1.38851000e+01  1.73537351e-01  6.42960000e+00  1.30070037e-01  1.04304147e-01  4.42080971e-01  1.95002736e-02  6.07280483e+06 
 8.76924631e+14  8.38177309e+33  1.38821000e+01  1.73444589e-01  6.42760000e+00  1.30043787e-01  1.04221752e-01  4.41894908e-01  1.94625769e-02  6.07072810e+06 
 8.80559039e+14  8.41846884e+33  1.38791000e+01  1.73352940e-01  6.42460000e+00  1.29976809e-01  1.04140127e-01  4.42049203e-01  1.94252673e-02  6.06856274e+06 
 8.84193447e+14  8.45517323e+33  1.38751000e+01  1.73251050e-01  6.42260000e+00  1.29948124e-01  1.04068852e-01  4.41829558e-01  1.93930959e-02  6.06759743e+06 
 8.87827855e+14  8.49188599e+33  1.38721000e+01  1.73160096e-01  6.41960000e+00  1.29880929e-01  1.03988024e-01  4.41988706e-01  1.93562450e-02  6.06542812e+06 
 8.91462263e+14  8.52860709e+33  1.38691000e+01  1.73070321e-01  6.41760000e+00  1.29854454e-01  1.03908006e-01  4.41818394e-01  1.93197951e-02  6.06316371e+06 
 8.95096671e+14  8.56533651e+33  1.38661000e+01  1.72971197e-01  6.41460000e+00  1.29785106e-01  1.03823741e-01  4.41947734e-01  1.92816644e-02  6.06199510e+06 
 8.98731079e+14  8.60207421e+33  1.38621000e+01  1.72883156e-01  6.41260000e+00  1.29758569e-01  1.03760005e-01  4.41786327e-01  1.92528319e-02  6.05961078e+06 
 9.02365487e+14  8.63882016e+33  1.38591000e+01  1.72786432e-01  6.40960000e+00  1.29689373e-01  1.03677352e-01  4.41927229e-01  1.92154915e-02  6.05824501e+06 
 9.05999895e+14  8.67557432e+33  1.38561000e+01  1.72689688e-01  6.40760000e+00  1.29660517e-01  1.03594922e-01  4.41733595e-01  1.91783109e-02  6.05691882e+06 
 9.09634303e+14  8.71233667e+33  1.38531000e+01  1.72605888e-01  6.40460000e+00  1.29593739e-01  1.03518979e-01  4.41927756e-01  1.91438564e-02  6.05417020e+06 
 9.13268711e+14  8.74910718e+33  1.38501000e+01  1.72510130e-01  6.40260000e+00  1.29564664e-01  1.03437497e-01  4.41740090e-01  1.91071961e-02  6.05280760e+06 
 9.16903119e+14  8.78588581e+33  1.38471000e+01  1.72415329e-01  6.39960000e+00  1.29495146e-01  1.03356710e-01  4.41892953e-01  1.90708861e-02  6.05137425e+06 
 9.20537527e+14  8.82267253e+33  1.38441000e+01  1.72321445e-01  6.39760000e+00  1.29466044e-01  1.03276602e-01  4.41714753e-01  1.90349189e-02  6.04987515e+06 
 9.24171936e+14  8.85946731e+33  1.38401000e+01  1.72228560e-01  6.39460000e+00  1.29396570e-01  1.03212126e-01  4.41877451e-01  1.90061752e-02  6.04830095e+06 
 9.27806344e+14  8.89627012e+33  1.38371000e+01  1.72136625e-01  6.39260000e+00  1.29367456e-01  1.03133425e-01  4.41709106e-01  1.89709029e-02  6.04665740e+06 
 9.31440752e+14  8.93308094e+33  1.38341000e+01  1.72045660e-01  6.38960000e+00  1.29298022e-01  1.03055432e-01  4.41881726e-01  1.89359827e-02  6.04494240e+06 
 9.35075160e+14  8.96989973e+33  1.38311000e+01  1.71955698e-01  6.38760000e+00  1.29268899e-01  1.02978163e-01  4.41723423e-01  1.89014201e-02  6.04315261e+06 
 9.38709568e+14  9.00672646e+33  1.38281000e+01  1.71866760e-01  6.38560000e+00  1.29239762e-01  1.02901633e-01  4.41570290e-01  1.88672192e-02  6.04128577e+06 
 9.42343976e+14  9.04356111e+33  1.38251000e+01  1.71778841e-01  6.38260000e+00  1.29170408e-01  1.02825838e-01  4.41758600e-01  1.88333783e-02  6.03934270e+06 
 9.45978384e+14  9.08040364e+33  1.38221000e+01  1.71691960e-01  6.38060000e+00  1.29141276e-01  1.02750791e-01  4.41615993e-01  1.87999013e-02  6.03732161e+06 
 9.49612792e+14  9.11725403e+33  1.38191000e+01  1.71596926e-01  6.37760000e+00  1.29070052e-01  1.02671972e-01  4.41777933e-01  1.87649522e-02  6.03624867e+06 
 9.53247200e+14  9.15411224e+33  1.38161000e+01  1.71505262e-01  6.37560000e+00  1.29039489e-01  1.02595038e-01  4.41618157e-01  1.87308289e-02  6.03483603e+06 
 9.56881608e+14  9.19097826e+33  1.38121000e+01  1.71421362e-01  6.37360000e+00  1.29010330e-01  1.02537011e-01  4.41490925e-01  1.87051814e-02  6.03259501e+06 
 9.60516016e+14  9.22785210e+33  1.38101000e+01  1.71326199e-01  6.37060000e+00  1.28938530e-01  1.02443964e-01  4.41655649e-01  1.86638938e-02  6.03164612e+06 
 9.64150424e+14  9.26473394e+33  1.38061000e+01  1.71240266e-01  6.36860000e+00  1.28908524e-01  1.02385384e-01  4.41522395e-01  1.86381228e-02  6.02970622e+06 
 9.67784832e+14  9.30162350e+33  1.38031000e+01  1.71150486e-01  6.36560000e+00  1.28837494e-01  1.02310294e-01  4.41711301e-01  1.86049737e-02  6.02823168e+06 
 9.71419240e+14  9.33852074e+33  1.38001000e+01  1.71062861e-01  6.36360000e+00  1.28806715e-01  1.02236501e-01  4.41573382e-01  1.85724062e-02  6.02655415e+06 
 9.75053648e+14  9.37542563e+33  1.37971000e+01  1.70970238e-01  6.36160000e+00  1.28774671e-01  1.02160456e-01  4.41416091e-01  1.85389861e-02  6.02546870e+06 
 9.78688056e+14  9.41233816e+33  1.37941000e+01  1.70889267e-01  6.35860000e+00  1.28704927e-01  1.02090430e-01  4.41644533e-01  1.85080512e-02  6.02312660e+06 
 9.82322464e+14  9.44925829e+33  1.37911000e+01  1.70795204e-01  6.35660000e+00  1.28672176e-01  1.02014118e-01  4.41483477e-01  1.84746368e-02  6.02227347e+06 
 9.85956872e+14  9.48618600e+33  1.37881000e+01  1.70707733e-01  6.35360000e+00  1.28600729e-01  1.01941314e-01  4.41687615e-01  1.84426923e-02  6.02072584e+06 
 9.89591280e+14  9.52312126e+33  1.37851000e+01  1.70627240e-01  6.35160000e+00  1.28570377e-01  1.01872223e-01  4.41584596e-01  1.84122961e-02  6.01844241e+06 
 9.93225688e+14  9.56006404e+33  1.37821000e+01  1.70535815e-01  6.34960000e+00  1.28537551e-01  1.01797896e-01  4.41437577e-01  1.83798475e-02  6.01740519e+06 
 9.96860096e+14  9.59701432e+33  1.37801000e+01  1.70445217e-01  6.34660000e+00  1.28464923e-01  1.01709438e-01  4.41632269e-01  1.83410518e-02  6.01631228e+06 
 1.00049450e+15  9.63397207e+33  1.37771000e+01  1.70355460e-01  6.34460000e+00  1.28432039e-01  1.01636393e-01  4.41494274e-01  1.83092350e-02  6.01516229e+06 
 1.00412891e+15  9.67093727e+33  1.37741000e+01  1.70271091e-01  6.34260000e+00  1.28400048e-01  1.01566274e-01  4.41379663e-01  1.82786445e-02  6.01345313e+06 
 1.00776332e+15  9.70790989e+33  1.37711000e+01  1.70187267e-01  6.33960000e+00  1.28328282e-01  1.01496654e-01  4.41605906e-01  1.82483060e-02  6.01172036e+06 
 1.01139773e+15  9.74488990e+33  1.37681000e+01  1.70102487e-01  6.33760000e+00  1.28295804e-01  1.01426777e-01  4.41491877e-01  1.82179160e-02  6.01012932e+06 
 1.01503214e+15  9.78187728e+33  1.37651000e+01  1.70016826e-01  6.33560000e+00  1.28262935e-01  1.01356678e-01  4.41375243e-01  1.81874878e-02  6.00867096e+06 
 1.01866654e+15  9.81887200e+33  1.37621000e+01  1.69930260e-01  6.33360000e+00  1.28229668e-01  1.01286342e-01  4.41255910e-01  1.81570161e-02  6.00734800e+06 
 1.02230095e+15  9.85587405e+33  1.37591000e+01  1.69842786e-01  6.33060000e+00  1.28156453e-01  1.01215764e-01  4.41471570e-01  1.81264989e-02  6.00616031e+06 
 1.02593536e+15  9.89288339e+33  1.37561000e+01  1.69754421e-01  6.32860000e+00  1.28122433e-01  1.01144950e-01  4.41346859e-01  1.80959383e-02  6.00510543e+06 
 1.02956977e+15  9.92989999e+33  1.37531000e+01  1.69668525e-01  6.32660000e+00  1.28088705e-01  1.01075601e-01  4.41233548e-01  1.80660122e-02  6.00381447e+06 
 1.03320418e+15  9.96692385e+33  1.37501000e+01  1.69586625e-01  6.32360000e+00  1.28016113e-01  1.01008496e-01  4.41476046e-01  1.80370295e-02  6.00212017e+06 
 1.03683858e+15  1.00039549e+34  1.37471000e+01  1.69505631e-01  6.32160000e+00  1.27982989e-01  1.00942071e-01  4.41385620e-01  1.80083650e-02  6.00036223e+06 
 1.04047299e+15  1.00409932e+34  1.37451000e+01  1.69424874e-01  6.31960000e+00  1.27949706e-01  1.00861307e-01  4.41297303e-01  1.79733428e-02  5.99861371e+06 
 1.04410740e+15  1.00780388e+34  1.37421000e+01  1.69332284e-01  6.31760000e+00  1.27913835e-01  1.00789415e-01  4.41160037e-01  1.79426076e-02  5.99819574e+06 
 1.04774181e+15  1.01150917e+34  1.37391000e+01  1.69247956e-01  6.31460000e+00  1.27840073e-01  1.00721941e-01  4.41396918e-01  1.79136758e-02  5.99690750e+06 
 1.05137622e+15  1.01521517e+34  1.37361000e+01  1.69170451e-01  6.31260000e+00  1.27806859e-01  1.00658165e-01  4.41325704e-01  1.78862573e-02  5.99490822e+06 
 1.05501062e+15  1.01892188e+34  1.37331000e+01  1.69082284e-01  6.31060000e+00  1.27771305e-01  1.00589153e-01  4.41210311e-01  1.78568092e-02  5.99410875e+06 
 1.05864503e+15  1.02262929e+34  1.37311000e+01  1.68997627e-01  6.30860000e+00  1.27736255e-01  1.00507499e-01  4.41110846e-01  1.78217093e-02  5.99295960e+06 
 1.06227944e+15  1.02633742e+34  1.37281000e+01  1.68922735e-01  6.30560000e+00  1.27663714e-01  1.00445710e-01  4.41392505e-01  1.77952188e-02  5.99077983e+06 
 1.06591385e+15  1.03004624e+34  1.37251000e+01  1.68827961e-01  6.30360000e+00  1.27626277e-01  1.00373931e-01  4.41252080e-01  1.77648237e-02  5.99080227e+06 
 1.06954826e+15  1.03375577e+34  1.37221000e+01  1.68754786e-01  6.30160000e+00  1.27592949e-01  1.00313448e-01  4.41204928e-01  1.77389371e-02  5.98850449e+06 
 1.07318267e+15  1.03746600e+34  1.37201000e+01  1.68661471e-01  6.29960000e+00  1.27555418e-01  1.00228201e-01  4.41072635e-01  1.77026345e-02  5.98843377e+06 
 1.07681707e+15  1.04117692e+34  1.37171000e+01  1.68590004e-01  6.29760000e+00  1.27522035e-01  1.00169026e-01  4.41035038e-01  1.76773551e-02  5.98601892e+06 
 1.08045148e+15  1.04488854e+34  1.37141000e+01  1.68498064e-01  6.29460000e+00  1.27445287e-01  1.00099507e-01  4.41249400e-01  1.76480428e-02  5.98586497e+06 
 1.08408589e+15  1.04860084e+34  1.37111000e+01  1.68426649e-01  6.29260000e+00  1.27411547e-01  1.00040780e-01  4.41214347e-01  1.76230235e-02  5.98351316e+06 
 1.08772030e+15  1.05231384e+34  1.37081000e+01  1.68337933e-01  6.29060000e+00  1.27374191e-01  9.99733209e-02  4.41105892e-01  1.75946104e-02  5.98307433e+06 
 1.09135471e+15  1.05602753e+34  1.37061000e+01  1.68255755e-01  6.28860000e+00  1.27337940e-01  9.98948596e-02  4.41026587e-01  1.75612394e-02  5.98195829e+06 
 1.09498911e+15  1.05974190e+34  1.37031000e+01  1.68181029e-01  6.28660000e+00  1.27302966e-01  9.98350469e-02  4.40980579e-01  1.75359222e-02  5.98006759e+06 
 1.09862352e+15  1.06345695e+34  1.37001000e+01  1.68092726e-01  6.28360000e+00  1.27226161e-01  9.97683959e-02  4.41215937e-01  1.75079627e-02  5.97968174e+06 
 1.10225793e+15  1.06717269e+34  1.36981000e+01  1.68010978e-01  6.28160000e+00  1.27189455e-01  9.96907822e-02  4.41141695e-01  1.74750755e-02  5.97861797e+06 
 1.10589234e+15  1.07088910e+34  1.36951000e+01  1.67939158e-01  6.27960000e+00  1.27154511e-01  9.96330927e-02  4.41111608e-01  1.74507168e-02  5.97651248e+06 
 1.10952675e+15  1.07460619e+34  1.36921000e+01  1.67854411e-01  6.27760000e+00  1.27116845e-01  9.95688794e-02  4.41026432e-01  1.74238438e-02  5.97583863e+06 
 1.11316115e+15  1.07832395e+34  1.36901000e+01  1.67768977e-01  6.27560000e+00  1.27078866e-01  9.94899588e-02  4.40939189e-01  1.73905924e-02  5.97527068e+06 
 1.11679556e+15  1.08204239e+34  1.36871000e+01  1.67686962e-01  6.27260000e+00  1.27002538e-01  9.94275575e-02  4.41207223e-01  1.73645161e-02  5.97436537e+06 
 1.12042997e+15  1.08576150e+34  1.36841000e+01  1.67612690e-01  6.27060000e+00  1.26966398e-01  9.93693922e-02  4.41170821e-01  1.73401330e-02  5.97265630e+06 
 1.12406438e+15  1.08948127e+34  1.36811000e+01  1.67537922e-01  6.26860000e+00  1.26929979e-01  9.93111670e-02  4.41133348e-01  1.73157640e-02  5.97103339e+06 
 1.12769879e+15  1.09320172e+34  1.36791000e+01  1.67457292e-01  6.26660000e+00  1.26892238e-01  9.92355568e-02  4.41071256e-01  1.72839931e-02  5.97007480e+06 
 1.13133319e+15  1.09692285e+34  1.36761000e+01  1.67375419e-01  6.26460000e+00  1.26854078e-01  9.91740026e-02  4.41004723e-01  1.72584088e-02  5.96928191e+06 
 1.13496760e+15  1.10064465e+34  1.36741000e+01  1.67294232e-01  6.26260000e+00  1.26815874e-01  9.90984981e-02  4.40942182e-01  1.72267752e-02  5.96844630e+06 
 1.13860201e+15  1.10436710e+34  1.36711000e+01  1.67213773e-01  6.26060000e+00  1.26777638e-01  9.90380643e-02  4.40883817e-01  1.72017092e-02  5.96756357e+06 
 1.14223642e+15  1.10809021e+34  1.36681000e+01  1.67134004e-01  6.25860000e+00  1.26739360e-01  9.89781805e-02  4.40829498e-01  1.71768947e-02  5.96663782e+06 
 1.14587083e+15  1.11181398e+34  1.36661000e+01  1.67054934e-01  6.25560000e+00  1.26662419e-01  9.89043728e-02  4.41119070e-01  1.71460573e-02  5.96566814e+06 
 1.14950523e+15  1.11553840e+34  1.36631000e+01  1.66976560e-01  6.25360000e+00  1.26624088e-01  9.88456011e-02  4.41072998e-01  1.71217540e-02  5.96465479e+06 
 1.15313964e+15  1.11926348e+34  1.36611000e+01  1.66898887e-01  6.25160000e+00  1.26585720e-01  9.87729201e-02  4.41031018e-01  1.70914442e-02  5.96359711e+06 
 1.15677405e+15  1.12298920e+34  1.36581000e+01  1.66821916e-01  6.24960000e+00  1.26547315e-01  9.87152640e-02  4.40993174e-01  1.70676504e-02  5.96249512e+06 
 1.16040846e+15  1.12671557e+34  1.36551000e+01  1.66745651e-01  6.24760000e+00  1.26508876e-01  9.86581654e-02  4.40959475e-01  1.70441076e-02  5.96134833e+06 
 1.16404287e+15  1.13044259e+34  1.36531000e+01  1.66670093e-01  6.24560000e+00  1.26470402e-01  9.85871807e-02  4.40929932e-01  1.70145828e-02  5.96015624e+06 
 1.16767727e+15  1.13417026e+34  1.36501000e+01  1.66595247e-01  6.24360000e+00  1.26431895e-01  9.85312062e-02  4.40904583e-01  1.69915488e-02  5.95891901e+06 
 1.17131168e+15  1.13789856e+34  1.36481000e+01  1.66516963e-01  6.24160000e+00  1.26392563e-01  9.84591608e-02  4.40864920e-01  1.69617002e-02  5.95808007e+06 
 1.17494609e+15  1.14162751e+34  1.36451000e+01  1.66434945e-01  6.23960000e+00  1.26352352e-01  9.83997472e-02  4.40809555e-01  1.69374136e-02  5.95767086e+06 
 1.17858050e+15  1.14535709e+34  1.36431000e+01  1.66352474e-01  6.23760000e+00  1.26311894e-01  9.83258478e-02  4.40753054e-01  1.69069379e-02  5.95733922e+06 
 1.18221491e+15  1.14908731e+34  1.36401000e+01  1.66277771e-01  6.23560000e+00  1.26272754e-01  9.82706752e-02  4.40732290e-01  1.68843598e-02  5.95620690e+06 
 1.18584931e+15  1.15281817e+34  1.36381000e+01  1.66206345e-01  6.23360000e+00  1.26234074e-01  9.82030227e-02  4.40727233e-01  1.68563732e-02  5.95475458e+06 
 1.18948372e+15  1.15654966e+34  1.36351000e+01  1.66135638e-01  6.23160000e+00  1.26195366e-01  9.81503439e-02  4.40726453e-01  1.68348236e-02  5.95325619e+06 
 1.19311813e+15  1.16028178e+34  1.36331000e+01  1.66051508e-01  6.22860000e+00  1.26115657e-01  9.80762918e-02  4.41006834e-01  1.68044587e-02  5.95321939e+06 
 1.19675254e+15  1.16401453e+34  1.36301000e+01  1.65970659e-01  6.22660000e+00  1.26074731e-01  9.80185536e-02  4.40962417e-01  1.67810367e-02  5.95286162e+06 
 1.20038695e+15  1.16774790e+34  1.36281000e+01  1.65901938e-01  6.22460000e+00  1.26035942e-01  9.79530897e-02  4.40973604e-01  1.67540504e-02  5.95123989e+06 
 1.20402135e+15  1.17148190e+34  1.36251000e+01  1.65829611e-01  6.22260000e+00  1.25996309e-01  9.79002595e-02  4.40969575e-01  1.67325791e-02  5.95003260e+06 
 1.20765576e+15  1.17521653e+34  1.36231000e+01  1.65743666e-01  6.22060000e+00  1.25953951e-01  9.78259424e-02  4.40904939e-01  1.67022799e-02  5.95030400e+06 
 1.21129017e+15  1.17895178e+34  1.36201000e+01  1.65673916e-01  6.21860000e+00  1.25914495e-01  9.77748374e-02  4.40914470e-01  1.66815362e-02  5.94888007e+06 
 1.21492458e+15  1.18268766e+34  1.36181000e+01  1.65604125e-01  6.21660000e+00  1.25874872e-01  9.77095345e-02  4.40924849e-01  1.66547645e-02  5.94748990e+06 
 1.21855899e+15  1.18707511e+34  1.36151000e+01  1.65513443e-01  6.21460000e+00  1.25839796e-01  9.76377328e-02  4.40779821e-01  1.66256517e-02  5.94682112e+06 
 1.22219339e+15  1.20088725e+34  1.36061000e+01  1.65234327e-01  6.20660000e+00  1.25667456e-01  9.74067248e-02  4.40918641e-01  1.65319595e-02  5.94373763e+06 
 1.22582780e+15  1.21587996e+34  1.35961000e+01  1.64922068e-01  6.19860000e+00  1.25508944e-01  9.71495507e-02  4.40760290e-01  1.64281339e-02  5.94065737e+06 
 1.22946221e+15  1.23101282e+34  1.35851000e+01  1.64617387e-01  6.19060000e+00  1.25358220e-01  9.69036133e-02  4.40586998e-01  1.63292471e-02  5.93567643e+06 
 1.23309662e+15  1.24628668e+34  1.35751000e+01  1.64287951e-01  6.18160000e+00  1.25171622e-01  9.66227414e-02  4.40590056e-01  1.62166263e-02  5.93219629e+06 
 1.23673103e+15  1.26170240e+34  1.35631000e+01  1.63972343e-01  6.17260000e+00  1.24994227e-01  9.63706265e-02  4.40605571e-01  1.61161623e-02  5.92613889e+06 
 1.24036543e+15  1.27726085e+34  1.35511000e+01  1.63654093e-01  6.16360000e+00  1.24822996e-01  9.61097698e-02  4.40556550e-01  1.60124876e-02  5.91923488e+06 
 1.24399984e+15  1.29296289e+34  1.35391000e+01  1.63328115e-01  6.15460000e+00  1.24657025e-01  9.58373354e-02  4.40417894e-01  1.59045847e-02  5.91200704e+06 
 1.24763425e+15  1.30880938e+34  1.35261000e+01  1.62997423e-01  6.14560000e+00  1.24496883e-01  9.55690711e-02  4.40202499e-01  1.57989477e-02  5.90412884e+06 
 1.25126866e+15  1.32480120e+34  1.35121000e+01  1.62667960e-01  6.13660000e+00  1.24343641e-01  9.53081803e-02  4.39937686e-01  1.56967388e-02  5.89497493e+06 
 1.25490307e+15  1.34093921e+34  1.34981000e+01  1.62340267e-01  6.12660000e+00  1.24160354e-01  9.50408099e-02  4.39968703e-01  1.55922299e-02  5.88448601e+06 
 1.25853748e+15  1.35722428e+34  1.34841000e+01  1.62005322e-01  6.11760000e+00  1.24019622e-01  9.47618875e-02  4.39564563e-01  1.54835873e-02  5.87358665e+06 
 1.26217188e+15  1.37365729e+34  1.34691000e+01  1.61667179e-01  6.10760000e+00  1.23848210e-01  9.44876739e-02  4.39430643e-01  1.53773898e-02  5.86184846e+06 
 1.26580629e+15  1.39023912e+34  1.34531000e+01  1.61337952e-01  6.09760000e+00  1.23685285e-01  9.42249559e-02  4.39282024e-01  1.52760891e-02  5.84803163e+06 
 1.26944070e+15  1.40825836e+34  1.34351000e+01  1.60981619e-01  6.08660000e+00  1.23508804e-01  9.39432877e-02  4.39126819e-01  1.51679983e-02  5.83202948e+06 
 1.27307511e+15  1.43289612e+34  1.34101000e+01  1.60502351e-01  6.07260000e+00  1.23316225e-01  9.35579330e-02  4.38510129e-01  1.50207132e-02  5.80780500e+06 
 1.27670952e+15  1.46089930e+34  1.33801000e+01  1.59984978e-01  6.05660000e+00  1.23112738e-01  9.31424060e-02  4.37847564e-01  1.48627337e-02  5.77521081e+06 
 1.28034392e+15  1.48936124e+34  1.33481000e+01  1.59449243e-01  6.03960000e+00  1.22892464e-01  9.27188508e-02  4.37238780e-01  1.47029643e-02  5.74061258e+06 
 1.28397833e+15  1.51828792e+34  1.33141000e+01  1.58930317e-01  6.02260000e+00  1.22697960e-01  9.23073465e-02  4.36510979e-01  1.45485790e-02  5.70051746e+06 
 1.28761274e+15  1.54768537e+34  1.32781000e+01  1.58429997e-01  6.00560000e+00  1.22529633e-01  9.19087841e-02  4.35669559e-01  1.43997973e-02  5.65480155e+06 
 1.29124715e+15  1.57755967e+34  1.32391000e+01  1.57922157e-01  5.98760000e+00  1.22347980e-01  9.15210473e-02  4.34919013e-01  1.42562793e-02  5.60598018e+06 
 1.29488156e+15  1.60791697e+34  1.31981000e+01  1.57447315e-01  5.97060000e+00  1.22230717e-01  9.11544561e-02  4.33773728e-01  1.41210395e-02  5.55029201e+06 
 1.29851596e+15  1.63876345e+34  1.31551000e+01  1.56977979e-01  5.95360000e+00  1.22137952e-01  9.07922047e-02  4.32428831e-01  1.39880674e-02  5.49039000e+06 
 1.30215037e+15  1.67010537e+34  1.31091000e+01  1.56515581e-01  5.93560000e+00  1.22035346e-01  9.04486592e-02  4.31234783e-01  1.38627924e-02  5.42619745e+06 
 1.30578478e+15  1.70196011e+34  1.30611000e+01  1.56095428e-01  5.91760000e+00  1.21963893e-01  9.01318292e-02  4.30033645e-01  1.37473655e-02  5.35470699e+06 
 1.30941919e+15  1.73432971e+34  1.30101000e+01  1.55673004e-01  5.90060000e+00  1.21951149e-01  8.98276115e-02  4.28219218e-01  1.36372413e-02  5.27997107e+06 
 1.31305360e+15  1.76721414e+34  1.29571000e+01  1.55280410e-01  5.88260000e+00  1.21933107e-01  8.95427324e-02  4.26672020e-01  1.35341716e-02  5.19943043e+06 
 1.31668800e+15  1.80061986e+34  1.29011000e+01  1.54918961e-01  5.86460000e+00  1.21944589e-01  8.92922342e-02  4.25046712e-01  1.34436693e-02  5.11324997e+06 
 1.32032241e+15  1.83455340e+34  1.28421000e+01  1.54590091e-01  5.84760000e+00  1.22019609e-01  8.90775630e-02  4.22996142e-01  1.33660670e-02  5.02162170e+06 
 1.32395682e+15  1.86902132e+34  1.27811000e+01  1.54260436e-01  5.82960000e+00  1.22085819e-01  8.88629293e-02  4.21020765e-01  1.32885285e-02  4.92735284e+06 
 1.32759123e+15  1.90403028e+34  1.27171000e+01  1.53989077e-01  5.81260000e+00  1.22219016e-01  8.87023526e-02  4.18769083e-01  1.32298840e-02  4.82631055e+06 
 1.33122564e+15  1.93958695e+34  1.26511000e+01  1.53741911e-01  5.79560000e+00  1.22380692e-01  8.85596854e-02  4.16384607e-01  1.31772160e-02  4.72141431e+06 
 1.33486004e+15  1.97569808e+34  1.25831000e+01  1.53517613e-01  5.77860000e+00  1.22570813e-01  8.84344677e-02  4.13854338e-01  1.31302876e-02  4.61306760e+06 
 1.33849445e+15  2.01237047e+34  1.25121000e+01  1.53317293e-01  5.76260000e+00  1.22822456e-01  8.83420888e-02  4.10822646e-01  1.30946831e-02  4.50151492e+06 
 1.34212886e+15  2.04961097e+34  1.24381000e+01  1.53161190e-01  5.74560000e+00  1.23072655e-01  8.82979780e-02  4.08134738e-01  1.30755729e-02  4.38586910e+06 
 1.34576327e+15  2.08742650e+34  1.23631000e+01  1.53049494e-01  5.72960000e+00  1.23386795e-01  8.82752437e-02  4.05077558e-01  1.30628946e-02  4.26663238e+06 
 1.34939768e+15  2.12582403e+34  1.22851000e+01  1.52963730e-01  5.71360000e+00  1.23729857e-01  8.82899868e-02  4.01883226e-01  1.30629043e-02  4.14533162e+06 
 1.35303208e+15  2.16481057e+34  1.22051000e+01  1.52911262e-01  5.69760000e+00  1.24102904e-01  8.83344581e-02  3.98599217e-01  1.30725022e-02  4.02194799e+06 
 1.35666649e+15  2.20439320e+34  1.21231000e+01  1.52902283e-01  5.68160000e+00  1.24507265e-01  8.84177010e-02  3.95296804e-01  1.30947602e-02  3.89640878e+06 
 1.36030090e+15  2.24457906e+34  1.20391000e+01  1.52937412e-01  5.66660000e+00  1.24974736e-01  8.85418586e-02  3.91620376e-01  1.31304145e-02  3.76919179e+06 
 1.36393531e+15  2.28537533e+34  1.19531000e+01  1.53017537e-01  5.65160000e+00  1.25473445e-01  8.87094311e-02  3.87939833e-01  1.31803510e-02  3.64076023e+06 
 1.36756972e+15  2.32678927e+34  1.18661000e+01  1.53143405e-01  5.63760000e+00  1.26034888e-01  8.89079811e-02  3.83900062e-01  1.32399256e-02  3.51157904e+06 
 1.37120412e+15  2.36882817e+34  1.17771000e+01  1.53282496e-01  5.62260000e+00  1.26592757e-01  8.91276800e-02  3.79980988e-01  1.33060722e-02  3.38335257e+06 
 1.37483853e+15  2.41149938e+34  1.16871000e+01  1.53501685e-01  5.60860000e+00  1.27216909e-01  8.94097852e-02  3.75968489e-01  1.33929129e-02  3.25395456e+06 
 1.37847294e+15  2.45481032e+34  1.15961000e+01  1.53735714e-01  5.59460000e+00  1.27869168e-01  8.97023298e-02  3.71724037e-01  1.34822694e-02  3.12620383e+06 
 1.38210735e+15  2.49876846e+34  1.15041000e+01  1.54030224e-01  5.58160000e+00  1.28585099e-01  9.00451703e-02  3.67242554e-01  1.35882489e-02  2.99892345e+06 
 1.38574176e+15  2.54338132e+34  1.14101000e+01  1.54380422e-01  5.56960000e+00  1.29363770e-01  9.04525780e-02  3.62493087e-01  1.37164719e-02  2.87274404e+06 
 1.38937616e+15  2.58865647e+34  1.13161000e+01  1.54762032e-01  5.55660000e+00  1.30141589e-01  9.08740539e-02  3.58012304e-01  1.38483441e-02  2.74870415e+06 
 1.39301057e+15  2.63460156e+34  1.12221000e+01  1.55191970e-01  5.54460000e+00  1.30981371e-01  9.13258114e-02  3.53209776e-01  1.39897228e-02  2.62664833e+06 
 1.39664498e+15  2.68122426e+34  1.11271000e+01  1.55672090e-01  5.53360000e+00  1.31882973e-01  9.18277758e-02  3.48105785e-01  1.41483012e-02  2.50685294e+06 
 1.40027939e+15  2.72853233e+34  1.10311000e+01  1.56192115e-01  5.52160000e+00  1.32785044e-01  9.23729945e-02  3.43350107e-01  1.43217392e-02  2.38980643e+06 
 1.40391380e+15  2.77653356e+34  1.09351000e+01  1.56752227e-01  5.51060000e+00  1.33748085e-01  9.29468874e-02  3.38212055e-01  1.45044950e-02  2.27570616e+06 
 1.40754820e+15  2.82523580e+34  1.08401000e+01  1.57384070e-01  5.50060000e+00  1.34774344e-01  9.35640820e-02  3.32980033e-01  1.47019394e-02  2.16424083e+06 
 1.41118261e+15  2.87464698e+34  1.07451000e+01  1.58066881e-01  5.49060000e+00  1.35832090e-01  9.42241341e-02  3.27845497e-01  1.49144151e-02  2.05599712e+06 
 1.41481702e+15  2.92477504e+34  1.06491000e+01  1.58770418e-01  5.48060000e+00  1.36919261e-01  9.49172061e-02  3.22533455e-01  1.51385756e-02  1.95150638e+06 
 1.41845143e+15  2.97564267e+34  1.05551000e+01  1.59556037e-01  5.47160000e+00  1.38070315e-01  9.56516079e-02  3.17246602e-01  1.53771533e-02  1.85007733e+06 
 1.42208584e+15  3.02724737e+34  1.04601000e+01  1.60363307e-01  5.46260000e+00  1.39251125e-01  9.64234488e-02  3.11795683e-01  1.56294946e-02  1.75253814e+06 
 1.42572024e+15  3.07959333e+34  1.03671000e+01  1.61243965e-01  5.45460000e+00  1.40494476e-01  9.72318654e-02  3.06313015e-01  1.58949363e-02  1.65842663e+06 
 1.42935465e+15  3.13268871e+34  1.02741000e+01  1.62162454e-01  5.44660000e+00  1.41768645e-01  9.80792869e-02  3.00831127e-01  1.61750375e-02  1.56812645e+06 
 1.43298906e+15  3.18654173e+34  1.01821000e+01  1.63124921e-01  5.43860000e+00  1.43074192e-01  9.89546101e-02  2.95412627e-01  1.64653611e-02  1.48157915e+06 
 1.43662347e+15  3.24116069e+34  1.00911000e+01  1.64142990e-01  5.43160000e+00  1.44440985e-01  9.98713987e-02  2.89814284e-01  1.67716744e-02  1.39870349e+06 
 1.44025788e+15  3.29655390e+34  1.00021000e+01  1.65227679e-01  5.42560000e+00  1.45869354e-01  1.00823051e-01  2.84158099e-01  1.70914886e-02  1.31944175e+06 
 1.44389229e+15  3.35272977e+34  9.91310000e+00  1.66350451e-01  5.41960000e+00  1.47328801e-01  1.01820114e-01  2.78526877e-01  1.74296931e-02  1.24390051e+06 
 1.44752669e+15  3.40969674e+34  9.82610000e+00  1.67518961e-01  5.41360000e+00  1.48819861e-01  1.02831205e-01  2.73001654e-01  1.77730787e-02  1.17197161e+06 
 1.45116110e+15  3.46746328e+34  9.73910000e+00  1.68738881e-01  5.40760000e+00  1.50342889e-01  1.03905316e-01  2.67645669e-01  1.81430356e-02  1.10356175e+06 
 1.45479551e+15  3.52603795e+34  9.65510000e+00  1.70009957e-01  5.40260000e+00  1.51926762e-01  1.04979447e-01  2.62103024e-01  1.85124648e-02  1.03859138e+06 
 1.45842992e+15  3.58542935e+34  9.57110000e+00  1.71331929e-01  5.39860000e+00  1.53571400e-01  1.06118582e-01  2.56379792e-01  1.89101636e-02  9.76970425e+05 
 1.46206433e+15  3.64564612e+34  9.49010000e+00  1.72704772e-01  5.39460000e+00  1.55248020e-01  1.07257366e-01  2.50840456e-01  1.93074653e-02  9.18598846e+05 
 1.46569873e+15  3.70669697e+34  9.41010000e+00  1.74128182e-01  5.39060000e+00  1.56956704e-01  1.08440078e-01  2.45486228e-01  1.97243586e-02  8.63370360e+05 
 1.46933314e+15  3.76859064e+34  9.33110000e+00  1.75601907e-01  5.38760000e+00  1.58726167e-01  1.09667507e-01  2.39965714e-01  2.01616877e-02  8.11172738e+05 
 1.47296755e+15  3.83133594e+34  9.25310000e+00  1.77114206e-01  5.38360000e+00  1.60499042e-01  1.10926537e-01  2.34860509e-01  2.06137204e-02  7.61893138e+05 
 1.47660196e+15  3.89494173e+34  9.17810000e+00  1.78674198e-01  5.38060000e+00  1.62332855e-01  1.12179963e-01  2.29568723e-01  2.10633895e-02  7.15403986e+05 
 1.48023637e+15  3.95941689e+34  9.10410000e+00  1.80298047e-01  5.37860000e+00  1.64227679e-01  1.13495467e-01  2.24277607e-01  2.15428675e-02  6.71586372e+05 
 1.48387077e+15  4.02477040e+34  9.03210000e+00  1.81971198e-01  5.37660000e+00  1.66154813e-01  1.14830893e-01  2.19181037e-01  2.20325545e-02  6.30323718e+05 
 1.48750518e+15  4.09101124e+34  8.96210000e+00  1.83693709e-01  5.37560000e+00  1.68142861e-01  1.16185561e-01  2.13938343e-01  2.25323014e-02  5.91495498e+05 
 1.49113959e+15  4.15814848e+34  8.89310000e+00  1.85454011e-01  5.37460000e+00  1.70163450e-01  1.17570480e-01  2.08768777e-01  2.30473992e-02  5.54977052e+05 
 1.49477400e+15  4.22619120e+34  8.82510000e+00  1.87261007e-01  5.37360000e+00  1.72216679e-01  1.18997209e-01  2.03772840e-01  2.35840843e-02  5.20653508e+05 
 1.49840841e+15  4.29514857e+34  8.76010000e+00  1.89129607e-01  5.37260000e+00  1.74302326e-01  1.20430308e-01  1.99120555e-01  2.41255819e-02  4.88420512e+05 
 1.50204281e+15  4.36502978e+34  8.69610000e+00  1.91046564e-01  5.37260000e+00  1.76449104e-01  1.21906361e-01  1.94328708e-01  2.46900637e-02  4.58159882e+05 
 1.50567722e+15  4.43584407e+34  8.63310000e+00  1.92990836e-01  5.37260000e+00  1.78629194e-01  1.23398404e-01  1.89497549e-01  2.52635981e-02  4.29748144e+05 
 1.50931163e+15  4.50760073e+34  8.57310000e+00  1.95000605e-01  5.37360000e+00  1.80870115e-01  1.24897758e-01  1.84731345e-01  2.58430740e-02  4.03108730e+05 
 1.51294604e+15  4.58030910e+34  8.51410000e+00  1.97060597e-01  5.37460000e+00  1.83143782e-01  1.26441023e-01  1.80191401e-01  2.64471635e-02  3.78130968e+05 
 1.51658045e+15  4.65397857e+34  8.45710000e+00  1.99155770e-01  5.37560000e+00  1.85450882e-01  1.27978178e-01  1.75705488e-01  2.70494391e-02  3.54706794e+05 
 1.52021485e+15  4.72861856e+34  8.40110000e+00  2.01299343e-01  5.37660000e+00  1.87790986e-01  1.29555639e-01  1.71423818e-01  2.76749437e-02  3.32754636e+05 
 1.52384926e+15  4.80423855e+34  8.34710000e+00  2.03499982e-01  5.37860000e+00  1.90192171e-01  1.31153494e-01  1.67124884e-01  2.83138979e-02  3.12193782e+05 
 1.52748367e+15  4.88084806e+34  8.29410000e+00  2.05739351e-01  5.38060000e+00  1.92626926e-01  1.32777425e-01  1.62922833e-01  2.89687996e-02  2.92926311e+05 
 1.53111808e+15  4.95845665e+34  8.24310000e+00  2.08018660e-01  5.38260000e+00  1.95095327e-01  1.34396042e-01  1.58830314e-01  2.96226580e-02  2.74874070e+05 
 1.53475249e+15  5.03707393e+34  8.19310000e+00  2.10357804e-01  5.38560000e+00  1.97624683e-01  1.36067248e-01  1.54761419e-01  3.03085028e-02  2.57977008e+05 
 1.53838689e+15  5.11670955e+34  8.14510000e+00  2.12738681e-01  5.38860000e+00  2.00187631e-01  1.37732437e-01  1.50824872e-01  3.09932196e-02  2.42150216e+05 
 1.54202130e+15  5.19737321e+34  8.09810000e+00  2.15151616e-01  5.39160000e+00  2.02785095e-01  1.39410457e-01  1.46908604e-01  3.16866753e-02  2.27320010e+05 
 1.54565571e+15  5.27907463e+34  8.05310000e+00  2.17626858e-01  5.39460000e+00  2.05414576e-01  1.41106872e-01  1.43355996e-01  3.23938597e-02  2.13444062e+05 
 1.54929012e+15  5.36182359e+34  8.00910000e+00  2.20146864e-01  5.39860000e+00  2.08106250e-01  1.42830999e-01  1.39663326e-01  3.31193546e-02  2.00450117e+05 
 1.55292453e+15  5.44562992e+34  7.96610000e+00  2.22691343e-01  5.40160000e+00  2.10804708e-01  1.44554215e-01  1.36203909e-01  3.38454188e-02  1.88269674e+05 
 1.55655893e+15  5.53050346e+34  7.92510000e+00  2.25300309e-01  5.40660000e+00  2.13592401e-01  1.46293738e-01  1.32533912e-01  3.45845656e-02  1.76874622e+05 
 1.56019334e+15  5.61645411e+34  7.88510000e+00  2.27953523e-01  5.41060000e+00  2.16384846e-01  1.48056619e-01  1.29317133e-01  3.53398548e-02  1.66202528e+05 
 1.56382775e+15  5.70349181e+34  7.84710000e+00  2.30641853e-01  5.41560000e+00  2.19240917e-01  1.49791109e-01  1.25859479e-01  3.60797029e-02  1.56202029e+05 
 1.56746216e+15  5.79162652e+34  7.80910000e+00  2.33371671e-01  5.41960000e+00  2.22102099e-01  1.51580733e-01  1.22814694e-01  3.68546183e-02  1.46833292e+05 
 1.57109657e+15  5.88086827e+34  7.77310000e+00  2.36155671e-01  5.42560000e+00  2.25053708e-01  1.53365023e-01  1.19459637e-01  3.76291861e-02  1.38061498e+05 
 1.57473097e+15  5.97122709e+34  7.73810000e+00  2.38982848e-01  5.43060000e+00  2.28010080e-01  1.55165843e-01  1.16531169e-01  3.84158797e-02  1.29842595e+05 
 1.57836538e+15  6.06271307e+34  7.70410000e+00  2.41852900e-01  5.43660000e+00  2.31029372e-01  1.56981628e-01  1.13456848e-01  3.92137796e-02  1.22140626e+05 
 1.58199979e+15  6.15533633e+34  7.67110000e+00  2.44746982e-01  5.44160000e+00  2.34056245e-01  1.58784967e-01  1.10587568e-01  4.00041766e-02  1.14914600e+05 
 1.58563420e+15  6.24910701e+34  7.63910000e+00  2.47702232e-01  5.44760000e+00  2.37143375e-01  1.60626239e-01  1.07776404e-01  4.08215630e-02  1.08148221e+05 
 1.58926861e+15  6.34403531e+34  7.60910000e+00  2.50699570e-01  5.45360000e+00  2.40264405e-01  1.62434928e-01  1.05088950e-01  4.16196932e-02  1.01804217e+05 
 1.59290301e+15  6.44013144e+34  7.57910000e+00  2.53738821e-01  5.45960000e+00  2.43419327e-01  1.64294223e-01  1.02521250e-01  4.24515481e-02  9.58551625e+04 
 1.59653742e+15  6.53740566e+34  7.55110000e+00  2.56819889e-01  5.46660000e+00  2.46637597e-01  1.66116552e-01  9.98041265e-02  4.32606808e-02  9.02754301e+04 
 1.60017183e+15  6.63586825e+34  7.52310000e+00  2.59942362e-01  5.47260000e+00  2.49860293e-01  1.67987308e-01  9.74661605e-02  4.41023001e-02  8.50410260e+04 
 1.60380624e+15  6.73552951e+34  7.49710000e+00  2.63106018e-01  5.47960000e+00  2.53146471e-01  1.69816069e-01  9.49733951e-02  4.49171043e-02  8.01295575e+04 
 1.60744065e+15  6.83639980e+34  7.47110000e+00  2.66310664e-01  5.48660000e+00  2.56466590e-01  1.71691078e-01  9.25882431e-02  4.57630129e-02  7.55201681e+04 
 1.61107505e+15  6.93848949e+34  7.44610000e+00  2.69556166e-01  5.49360000e+00  2.59820611e-01  1.73565981e-01  9.03073758e-02  4.66093575e-02  7.11933563e+04 
 1.61470946e+15  7.04180896e+34  7.42210000e+00  2.72842151e-01  5.50060000e+00  2.63208514e-01  1.75438749e-01  8.81253387e-02  4.74544950e-02  6.71308917e+04 
 1.61834387e+15  7.14636866e+34  7.39910000e+00  2.76168410e-01  5.50860000e+00  2.66660210e-01  1.77307542e-01  8.57878195e-02  4.82968856e-02  6.33157845e+04 
 1.62197828e+15  7.25217903e+34  7.37710000e+00  2.79534728e-01  5.51560000e+00  2.70115817e-01  1.79170494e-01  8.37948338e-02  4.91349337e-02  5.97321655e+04 
 1.62561269e+15  7.35925054e+34  7.35610000e+00  2.82940862e-01  5.52360000e+00  2.73635274e-01  1.81025693e-01  8.16439083e-02  4.99669839e-02  5.63652291e+04 
 1.62924710e+15  7.46759371e+34  7.33510000e+00  2.86386577e-01  5.53160000e+00  2.77188568e-01  1.82921094e-01  7.95819680e-02  5.08259814e-02  5.32011545e+04 
 1.63288150e+15  7.57721906e+34  7.31510000e+00  2.89871670e-01  5.53960000e+00  2.80775635e-01  1.84806219e-01  7.76056739e-02  5.16769177e-02  5.02270251e+04 
 1.63651591e+15  7.68813713e+34  7.29610000e+00  2.93403630e-01  5.54760000e+00  2.84394298e-01  1.86689689e-01  7.57909388e-02  5.25261941e-02  4.74319294e+04 
 1.64015032e+15  7.80035849e+34  7.27810000e+00  2.96974634e-01  5.55560000e+00  2.88046404e-01  1.88559108e-01  7.40557078e-02  5.33640223e-02  4.48033257e+04 
 1.64378473e+15  7.91389374e+34  7.26010000e+00  3.00576074e-01  5.56360000e+00  2.91734284e-01  1.90453566e-01  7.23118214e-02  5.42170115e-02  4.23296744e+04 
 1.64741914e+15  8.02875348e+34  7.24310000e+00  3.04215918e-01  5.57260000e+00  2.95486288e-01  1.92331130e-01  7.04089921e-02  5.50559587e-02  4.00023443e+04 
 1.65105354e+15  8.14494833e+34  7.22710000e+00  3.07909144e-01  5.58160000e+00  2.99267158e-01  1.94210444e-01  6.87330860e-02  5.58952795e-02  3.78138501e+04 
 1.65468795e+15  8.26248895e+34  7.21210000e+00  3.11624824e-01  5.58960000e+00  3.03055244e-01  1.96047864e-01  6.71987984e-02  5.67410399e-02  3.57778419e+04 
 1.65832236e+15  8.38138599e+34  7.19710000e+00  3.15390424e-01  5.59860000e+00  3.06903433e-01  1.97933948e-01  6.56255544e-02  5.75385863e-02  3.38121460e+04 
 1.66195677e+15  8.50165013e+34  7.18210000e+00  3.19183551e-01  5.60760000e+00  3.10787942e-01  1.99838683e-01  6.40187211e-02  5.83865428e-02  3.19842276e+04 
 1.66559118e+15  8.62329206e+34  7.16910000e+00  3.23023269e-01  5.61660000e+00  3.14702270e-01  2.01675389e-01  6.25669913e-02  5.92253477e-02  3.02851794e+04 
 1.66922558e+15  8.74632248e+34  7.15510000e+00  3.26890077e-01  5.62560000e+00  3.18652821e-01  2.03585081e-01  6.10784627e-02  6.00270500e-02  2.86408059e+04 
 1.67285999e+15  8.87075210e+34  7.14310000e+00  3.30805317e-01  5.63460000e+00  3.22631912e-01  2.05425775e-01  5.97618212e-02  6.08181843e-02  2.71127192e+04 
 1.67649440e+15  8.99659166e+34  7.13010000e+00  3.34742256e-01  5.64360000e+00  3.26648927e-01  2.07332788e-01  5.83572639e-02  6.16528425e-02  2.56712430e+04 
 1.68012881e+15  9.12385187e+34  7.11910000e+00  3.38729296e-01  5.65360000e+00  3.30724716e-01  2.09169607e-01  5.69285460e-02  6.24322921e-02  2.43130435e+04 
 1.68376322e+15  9.25254350e+34  7.10810000e+00  3.42751909e-01  5.66260000e+00  3.34801308e-01  2.11032178e-01  5.57604700e-02  6.32261697e-02  2.30320973e+04 
 1.68739762e+15  9.38267728e+34  7.09810000e+00  3.46809732e-01  5.67260000e+00  3.38941819e-01  2.12860224e-01  5.44285765e-02  6.39891431e-02  2.18237241e+04 
 1.69103203e+15  9.51426397e+34  7.08710000e+00  3.50888822e-01  5.68160000e+00  3.43088272e-01  2.14755085e-01  5.32193407e-02  6.47958219e-02  2.06828565e+04 
 1.69466644e+15  9.64731434e+34  7.07810000e+00  3.55015782e-01  5.69160000e+00  3.47293227e-01  2.16570010e-01  5.19718772e-02  6.55868238e-02  1.96214073e+04 
 1.69830085e+15  9.78183914e+34  7.06910000e+00  3.59177486e-01  5.70060000e+00  3.51497771e-01  2.18407976e-01  5.09720567e-02  6.63414111e-02  1.86049359e+04 
 1.70193526e+15  9.91784915e+34  7.06010000e+00  3.63373214e-01  5.71060000e+00  3.55766028e-01  2.20268231e-01  4.98082307e-02  6.70568338e-02  1.76319821e+04 
 1.70556966e+15  1.00553551e+35  7.05210000e+00  3.67602627e-01  5.72060000e+00  3.60065814e-01  2.22087542e-01  4.86821453e-02  6.77844024e-02  1.67262056e+04 
 1.70920407e+15  1.01943678e+35  7.04410000e+00  3.71865483e-01  5.73060000e+00  3.64396945e-01  2.23927600e-01  4.75925225e-02  6.85213953e-02  1.58705801e+04 
 1.71283848e+15  1.03348981e+35  7.03710000e+00  3.76170284e-01  5.74060000e+00  3.68755033e-01  2.25735302e-01  4.66182706e-02  6.92278664e-02  1.50624464e+04 
 1.71647289e+15  1.04769566e+35  7.03010000e+00  3.80503241e-01  5.75060000e+00  3.73146127e-01  2.27556159e-01  4.56340938e-02  6.99371053e-02  1.42985416e+04 
 1.72010730e+15  1.06205541e+35  7.02410000e+00  3.84864282e-01  5.76060000e+00  3.77570071e-01  2.29325026e-01  4.46411748e-02  7.06523787e-02  1.35865929e+04 
 1.72374170e+15  1.07657014e+35  7.01710000e+00  3.89257500e-01  5.77060000e+00  3.82024547e-01  2.31177411e-01  4.36786013e-02  7.13177841e-02  1.28934638e+04 
 1.72737611e+15  1.09124092e+35  7.01210000e+00  3.93695335e-01  5.78160000e+00  3.86535718e-01  2.32931477e-01  4.26716894e-02  7.20093805e-02  1.22573508e+04 
 1.73101052e+15  1.10606882e+35  7.00610000e+00  3.98151766e-01  5.79160000e+00  3.91050659e-01  2.34752334e-01  4.17651340e-02  7.26896376e-02  1.16460676e+04 
 1.73464493e+15  1.12105493e+35  7.00110000e+00  4.02650512e-01  5.80160000e+00  3.95589462e-01  2.36536476e-01  4.09832535e-02  7.33347708e-02  1.10679820e+04 
 1.73827934e+15  1.13620031e+35  6.99610000e+00  4.07170218e-01  5.81160000e+00  4.00163093e-01  2.38323900e-01  4.01382515e-02  7.39735938e-02  1.05207117e+04 
 1.74191374e+15  1.15150603e+35  6.99210000e+00  4.11731470e-01  5.82260000e+00  4.04793354e-01  2.40071725e-01  3.92328105e-02  7.45746080e-02  1.00029292e+04 
 1.74554815e+15  1.16697316e+35  6.98710000e+00  4.16310203e-01  5.83260000e+00  4.09426396e-01  2.41887217e-01  3.84208836e-02  7.52188036e-02  9.51249234e+03 
 1.74918256e+15  1.18260276e+35  6.98310000e+00  4.20930955e-01  5.84260000e+00  4.14081170e-01  2.43662921e-01  3.77365315e-02  7.57664538e-02  9.04133003e+03 
 1.75281697e+15  1.19839591e+35  6.98010000e+00  4.25580969e-01  5.85360000e+00  4.18798259e-01  2.45381671e-01  3.68937832e-02  7.63780432e-02  8.60863184e+03 
 1.75645138e+15  1.21435367e+35  6.97710000e+00  4.30259797e-01  5.86360000e+00  4.23509873e-01  2.47112417e-01  3.62449680e-02  7.69319140e-02  8.19211077e+03 
 1.76008578e+15  1.23047710e+35  6.97410000e+00  4.34967114e-01  5.87460000e+00  4.28283553e-01  2.48855002e-01  3.54385183e-02  7.74862388e-02  7.79743384e+03 
 1.76372019e+15  1.24676726e+35  6.97110000e+00  4.39701445e-01  5.88460000e+00  4.33051658e-01  2.50607892e-01  3.48120802e-02  7.80396334e-02  7.42336303e+03 
 1.76735460e+15  1.26323043e+35  6.96910000e+00  4.44467401e-01  5.89560000e+00  4.37881433e-01  2.52303119e-01  3.40496598e-02  7.85391195e-02  7.06867996e+03 
 1.77098901e+15  1.27986400e+35  6.96610000e+00  4.49259961e-01  5.90660000e+00  4.42739730e-01  2.54080185e-01  3.32932465e-02  7.90314802e-02  6.72710869e+03 
 1.77462342e+15  1.29666775e+35  6.96410000e+00  4.54079590e-01  5.91660000e+00  4.47590639e-01  2.55794837e-01  3.27192954e-02  7.95893233e-02  6.41339924e+03 
 1.77825782e+15  1.31364274e+35  6.96210000e+00  4.58925861e-01  5.92660000e+00  4.52468144e-01  2.57519271e-01  3.21568985e-02  8.00839576e-02  6.11086285e+03 
 1.78189223e+15  1.33079003e+35  6.96110000e+00  4.63798502e-01  5.93760000e+00  4.57406772e-01  2.59178924e-01  3.14411916e-02  8.05189795e-02  5.82383816e+03 
 1.78552664e+15  1.34811067e+35  6.96010000e+00  4.68708363e-01  5.94860000e+00  4.62363589e-01  2.60860260e-01  3.08325611e-02  8.09625269e-02  5.55157635e+03 
 1.78916105e+15  1.36560570e+35  6.95810000e+00  4.73632218e-01  5.95860000e+00  4.67319305e-01  2.62611767e-01  3.03025438e-02  8.14501453e-02  5.29306697e+03 
 1.79279546e+15  1.38327617e+35  6.95810000e+00  4.78592367e-01  5.96960000e+00  4.72327397e-01  2.64233319e-01  2.97126842e-02  8.18285403e-02  5.04774811e+03 
 1.79642986e+15  1.40112313e+35  6.95710000e+00  4.83565949e-01  5.97960000e+00  4.77333607e-01  2.65925067e-01  2.92005261e-02  8.22509520e-02  4.81473052e+03 
 1.80006427e+15  1.41914759e+35  6.95610000e+00  4.88574736e-01  5.99060000e+00  4.82391701e-01  2.67637022e-01  2.86271687e-02  8.26150911e-02  4.58988514e+03 
 1.80369868e+15  1.43735062e+35  6.95610000e+00  4.93599322e-01  6.00160000e+00  4.87480443e-01  2.69269621e-01  2.79973030e-02  8.30383701e-02  4.38332334e+03 
 1.80733309e+15  1.45573322e+35  6.95610000e+00  4.98652311e-01  6.01160000e+00  4.92553838e-01  2.70914124e-01  2.75724559e-02  8.33964865e-02  4.18365666e+03 
 1.81096750e+15  1.47429643e+35  6.95610000e+00  5.03731010e-01  6.02260000e+00  4.97684470e-01  2.72567687e-01  2.70204716e-02  8.37523292e-02  3.99393437e+03 
 1.81460191e+15  1.49304127e+35  6.95610000e+00  5.08832197e-01  6.03360000e+00  5.02838562e-01  2.74226928e-01  2.64752634e-02  8.41030127e-02  3.81360839e+03 
 1.81823631e+15  1.51196875e+35  6.95710000e+00  5.13955453e-01  6.04360000e+00  5.07979718e-01  2.75812340e-01  2.60884239e-02  8.43876663e-02  3.64217824e+03 
 1.82187072e+15  1.53107990e+35  6.95710000e+00  5.19100241e-01  6.05460000e+00  5.13179686e-01  2.77481808e-01  2.55533566e-02  8.47271823e-02  3.47917456e+03 
 1.82550513e+15  1.55037571e+35  6.95810000e+00  5.24266177e-01  6.06460000e+00  5.18365797e-01  2.79076104e-01  2.51731641e-02  8.49998665e-02  3.32415106e+03 
 1.82913954e+15  1.56985719e+35  6.95910000e+00  5.29452849e-01  6.07560000e+00  5.23610228e-01  2.80674407e-01  2.46466936e-02  8.52662947e-02  3.17668907e+03 
 1.83277395e+15  1.58952534e+35  6.96010000e+00  5.34670114e-01  6.08660000e+00  5.28867301e-01  2.82287909e-01  2.42057966e-02  8.55357407e-02  3.03643405e+03 
 1.83640835e+15  1.60938116e+35  6.96110000e+00  5.39896799e-01  6.09660000e+00  5.34118112e-01  2.83893504e-01  2.38331739e-02  8.57890680e-02  2.90292575e+03 
 1.84004276e+15  1.62942562e+35  6.96210000e+00  5.45142913e-01  6.10660000e+00  5.39389662e-01  2.85502613e-01  2.34623359e-02  8.60357690e-02  2.77585550e+03 
 1.84367717e+15  1.64966022e+35  6.96410000e+00  5.50418083e-01  6.11760000e+00  5.44709475e-01  2.87043464e-01  2.30259192e-02  8.62226688e-02  2.65491956e+03 
 1.84731158e+15  1.67009742e+35  6.96510000e+00  5.55711723e-01  6.12860000e+00  5.50055107e-01  2.88666994e-01  2.25684859e-02  8.63921416e-02  2.53764934e+03 
 1.85094599e+15  1.69072662e+35  6.96710000e+00  5.61019681e-01  6.13860000e+00  5.55386911e-01  2.90206011e-01  2.22264609e-02  8.66281725e-02  2.42994962e+03 
 1.85458039e+15  1.71154881e+35  6.96910000e+00  5.66352028e-01  6.14960000e+00  5.60768787e-01  2.91754192e-01  2.17952213e-02  8.67930902e-02  2.32543771e+03 
 1.85821480e+15  1.73256495e+35  6.97110000e+00  5.71701486e-01  6.15960000e+00  5.66132196e-01  2.93303983e-01  2.15054854e-02  8.69503706e-02  2.22586989e+03 
 1.86184921e+15  1.75377600e+35  6.97310000e+00  5.77067542e-01  6.17060000e+00  5.71551655e-01  2.94855165e-01  2.10745746e-02  8.70998893e-02  2.13099393e+03 
 1.86548362e+15  1.77518291e+35  6.97510000e+00  5.82448119e-01  6.18060000e+00  5.76953315e-01  2.96405876e-01  2.07700197e-02  8.72402198e-02  2.04056807e+03 
 1.86911803e+15  1.79678663e+35  6.97710000e+00  5.87847485e-01  6.19160000e+00  5.82407300e-01  2.97960981e-01  2.03498396e-02  8.73043631e-02  1.95279090e+03 
 1.87275243e+15  1.81858811e+35  6.98010000e+00  5.93260491e-01  6.20160000e+00  5.87842428e-01  2.99429523e-01  2.00539527e-02  8.74384373e-02  1.87219835e+03 
 1.87638684e+15  1.84058827e+35  6.98210000e+00  5.98688252e-01  6.21160000e+00  5.93294389e-01  3.00984285e-01  1.97560514e-02  8.75562137e-02  1.79383295e+03 
 1.88002125e+15  1.86278804e+35  6.98410000e+00  6.04130303e-01  6.22160000e+00  5.98762787e-01  3.02539706e-01  1.94559219e-02  8.75945131e-02  1.71768858e+03 
 1.88365566e+15  1.88518834e+35  6.98710000e+00  6.09591645e-01  6.23260000e+00  6.04279673e-01  3.04014255e-01  1.90604730e-02  8.77093808e-02  1.64779882e+03 
 1.88729007e+15  1.90779007e+35  6.99010000e+00  6.15064682e-01  6.24260000e+00  6.09775632e-01  3.05486607e-01  1.87846668e-02  8.77431879e-02  1.57977335e+03 
 1.89092447e+15  1.93059416e+35  6.99210000e+00  6.20546773e-01  6.25260000e+00  6.15290976e-01  3.07042248e-01  1.84775393e-02  8.78285513e-02  1.51485005e+03 
 1.89455888e+15  1.95360148e+35  6.99510000e+00  6.26050294e-01  6.26260000e+00  6.20810909e-01  3.08518971e-01  1.82350648e-02  8.77781548e-02  1.45170491e+03 
 1.89819329e+15  1.97681293e+35  6.99910000e+00  6.31565778e-01  6.27360000e+00  6.26383850e-01  3.09906194e-01  1.78589073e-02  8.78007236e-02  1.39374884e+03 
 1.90182770e+15  2.00024218e+35  7.00110000e+00  6.37088679e-01  6.28260000e+00  6.31903783e-01  3.11463329e-01  1.76889306e-02  8.78631612e-02  1.33723325e+03 
 1.90546211e+15  2.02388296e+35  7.00410000e+00  6.42628524e-01  6.29360000e+00  6.37510931e-01  3.12935861e-01  1.72912349e-02  8.78582996e-02  1.28325472e+03 
 1.90909651e+15  2.04773105e+35  7.00810000e+00  6.48180952e-01  6.30360000e+00  6.43089729e-01  3.14319371e-01  1.70346548e-02  8.77840928e-02  1.23169828e+03 
 1.91273092e+15  2.07178729e+35  7.01110000e+00  6.53743435e-01  6.31360000e+00  6.48681148e-01  3.15790754e-01  1.67743005e-02  8.77643341e-02  1.18244390e+03 
 1.91636533e+15  2.09605256e+35  7.01410000e+00  6.59315409e-01  6.32360000e+00  6.54284874e-01  3.17260431e-01  1.65094268e-02  8.77362699e-02  1.13537985e+03 
 1.91999974e+15  2.12052770e+35  7.01710000e+00  6.64896417e-01  6.33260000e+00  6.59860829e-01  3.18728297e-01  1.63659279e-02  8.76999449e-02  1.09040055e+03 
 1.92363415e+15  2.14521353e+35  7.02110000e+00  6.70494764e-01  6.34360000e+00  6.65516462e-01  3.20111702e-01  1.60305947e-02  8.75994857e-02  1.04741497e+03 
 1.92726855e+15  2.17011090e+35  7.02410000e+00  6.76092284e-01  6.35260000e+00  6.71114690e-01  3.21575032e-01  1.58755025e-02  8.75466581e-02  1.00630930e+03 
 1.93090296e+15  2.19522061e+35  7.02810000e+00  6.81697439e-01  6.36260000e+00  6.76763315e-01  3.22944264e-01  1.55908239e-02  8.74234693e-02  9.67002879e+02 
 1.93453737e+15  2.22054347e+35  7.03210000e+00  6.87318260e-01  6.37260000e+00  6.82410923e-01  3.24318848e-01  1.53639224e-02  8.72985610e-02  9.29418354e+02 
 1.93817178e+15  2.24608028e+35  7.03510000e+00  6.92939112e-01  6.38260000e+00  6.88076835e-01  3.25776395e-01  1.50840468e-02  8.72229797e-02  8.93460378e+02 
 1.94180619e+15  2.27183183e+35  7.03910000e+00  6.98570624e-01  6.39160000e+00  6.93705668e-01  3.27142752e-01  1.49533202e-02  8.70806406e-02  8.59061143e+02 
 1.94544059e+15  2.29780704e+35  7.04210000e+00  7.04211438e-01  6.40160000e+00  6.99382674e-01  3.28601354e-01  1.47092809e-02  8.69210490e-02  8.25446450e+02 
 1.94907500e+15  2.32401412e+35  7.04610000e+00  7.09860957e-01  6.41160000e+00  7.05070839e-01  3.29964593e-01  1.44619337e-02  8.68371536e-02  7.94605414e+02 
 1.95270941e+15  2.35043890e+35  7.05010000e+00  7.15515146e-01  6.42160000e+00  7.10767116e-01  3.31324055e-01  1.42085794e-02  8.66729153e-02  7.64423470e+02 
 1.95634382e+15  2.37708215e+35  7.05410000e+00  7.21173520e-01  6.43060000e+00  7.16430282e-01  3.32679622e-01  1.40677082e-02  8.65009968e-02  7.35527123e+02 
 1.95997823e+15  2.40394460e+35  7.05810000e+00  7.26835617e-01  6.44060000e+00  7.22141430e-01  3.34031200e-01  1.38016244e-02  8.63214973e-02  7.07856747e+02 
 1.96361263e+15  2.43102700e+35  7.06110000e+00  7.32501033e-01  6.44960000e+00  7.27818355e-01  3.35473768e-01  1.36471670e-02  8.61232045e-02  6.80783722e+02 
 1.96724704e+15  2.45833007e+35  7.06510000e+00  7.38169253e-01  6.45860000e+00  7.33501435e-01  3.36817459e-01  1.34855983e-02  8.60010779e-02  6.55970158e+02 
 1.97088145e+15  2.48585452e+35  7.06910000e+00  7.43839891e-01  6.46760000e+00  7.39190214e-01  3.38156941e-01  1.33173950e-02  8.57993397e-02  6.31648728e+02 
 1.97451586e+15  2.51360104e+35  7.07310000e+00  7.49520616e-01  6.47760000e+00  7.44913608e-01  3.39499761e-01  1.30851995e-02  8.55957609e-02  6.08347480e+02 
 1.97815027e+15  2.54157033e+35  7.07710000e+00  7.55194538e-01  6.48660000e+00  7.50612772e-01  3.40830353e-01  1.29032097e-02  8.53796969e-02  5.86010568e+02 
 1.98178467e+15  2.56976307e+35  7.08110000e+00  7.60877519e-01  6.49560000e+00  7.56304055e-01  3.42163935e-01  1.27720917e-02  8.51618334e-02  5.64603098e+02 
 1.98541908e+15  2.59820237e+35  7.08510000e+00  7.66557506e-01  6.50460000e+00  7.62015795e-01  3.43486740e-01  1.25776467e-02  8.49319726e-02  5.44058763e+02 
 1.98905349e+15  2.62687343e+35  7.08910000e+00  7.72246807e-01  6.51360000e+00  7.67720015e-01  3.44812553e-01  1.24331490e-02  8.47003318e-02  5.24358602e+02 
 1.99268790e+15  2.65577066e+35  7.09310000e+00  7.77935703e-01  6.52360000e+00  7.73469557e-01  3.46133423e-01  1.21685864e-02  8.44618986e-02  5.05465030e+02 
 1.99632231e+15  2.68489471e+35  7.09710000e+00  7.83623723e-01  6.53260000e+00  7.79179985e-01  3.47449247e-01  1.20095922e-02  8.42167811e-02  4.87341916e+02 
 1.99995672e+15  2.71424619e+35  7.10110000e+00  7.89310437e-01  6.54160000e+00  7.84892804e-01  3.48759954e-01  1.18433037e-02  8.39651093e-02  4.69954867e+02 
 2.00359112e+15  2.74382573e+35  7.10510000e+00  7.94995432e-01  6.54960000e+00  7.90565183e-01  3.50065487e-01  1.17807132e-02  8.37070199e-02  4.53271140e+02 
 2.00722553e+15  2.77363392e+35  7.10910000e+00  8.00678271e-01  6.55860000e+00  7.96281428e-01  3.51365766e-01  1.15997657e-02  8.34426387e-02  4.37259558e+02 
 2.01085994e+15  2.80367135e+35  7.11310000e+00  8.06358508e-01  6.56760000e+00  8.01998842e-01  3.52660702e-01  1.14118561e-02  8.31720837e-02  4.21890427e+02 
 2.01449435e+15  2.83393860e+35  7.11810000e+00  8.12043182e-01  6.57660000e+00  8.07704341e-01  3.53857505e-01  1.12698295e-02  8.28416162e-02  4.07138101e+02 
 2.01812876e+15  2.86445109e+35  7.12210000e+00  8.17719440e-01  6.58460000e+00  8.13382836e-01  3.55141800e-01  1.11756633e-02  8.25591181e-02  3.92963440e+02 
 2.02176316e+15  2.89521417e+35  7.12610000e+00  8.23403175e-01  6.59360000e+00  8.19093956e-01  3.56428588e-01  1.10210272e-02  8.22752605e-02  3.79345138e+02 
 2.02539757e+15  2.92620958e+35  7.13010000e+00  8.29074716e-01  6.60260000e+00  8.24818275e-01  3.57702589e-01  1.08038612e-02  8.19811408e-02  3.66262190e+02 
 2.02903198e+15  2.95743783e+35  7.13410000e+00  8.34749236e-01  6.61060000e+00  8.30485053e-01  3.58977727e-01  1.07412663e-02  8.16857876e-02  3.53696443e+02 
 2.03266639e+15  2.98889944e+35  7.13810000e+00  8.40417466e-01  6.61960000e+00  8.36195611e-01  3.60245983e-01  1.05562144e-02  8.13842874e-02  3.41622713e+02 
 2.03630080e+15  3.02059492e+35  7.14210000e+00  8.46074543e-01  6.62760000e+00  8.41871129e-01  3.61503347e-01  1.04312164e-02  8.10743047e-02  3.30018362e+02 
 2.03993520e+15  3.05252476e+35  7.14610000e+00  8.51732021e-01  6.63560000e+00  8.47532911e-01  3.62760384e-01  1.03434366e-02  8.07626271e-02  3.18866863e+02 
 2.04356961e+15  3.08468943e+35  7.15010000e+00  8.57383076e-01  6.64460000e+00  8.53235709e-01  3.64011312e-01  1.01427161e-02  8.04458035e-02  3.08146912e+02 
