# rhoc (cgs) 	 Pc (cgs) 	 R (km) 	 M (msol) 	 R_core (km) 	 M_core (msol) 	 I/(MR^2) 	 I_crust/(M_crust R_crust^2)/(I/(MR^2)) 	 k_2 	 Lambda 
 2.30000000e+14  3.90458112e+33  1.61511000e+01  2.27772211e-01  7.47760000e+00  1.56069357e-01  1.17248031e-01  5.14389877e-01  2.55429445e-02  4.34856717e+06 
 2.30341202e+14  3.92436177e+33  1.61231000e+01  2.28690493e-01  7.49060000e+00  1.57025636e-01  1.17838483e-01  5.12462758e-01  2.58354907e-02  4.27353512e+06 
 2.30682405e+14  3.94414241e+33  1.60951000e+01  2.29607888e-01  7.50260000e+00  1.57937278e-01  1.18432072e-01  5.10791616e-01  2.61315791e-02  4.20018492e+06 
 2.31023607e+14  3.96392305e+33  1.60681000e+01  2.30524379e-01  7.51560000e+00  1.58898697e-01  1.19013997e-01  5.08852786e-01  2.64230275e-02  4.12847145e+06 
 2.31364809e+14  3.98370369e+33  1.60421000e+01  2.31439949e-01  7.52760000e+00  1.59815144e-01  1.19583980e-01  5.07170560e-01  2.67095614e-02  4.05835097e+06 
 2.31706012e+14  4.00348434e+33  1.60151000e+01  2.32354583e-01  7.54060000e+00  1.60781673e-01  1.20171756e-01  5.05219888e-01  2.70077659e-02  3.98978138e+06 
 2.32047214e+14  4.02326498e+33  1.59901000e+01  2.33268266e-01  7.55260000e+00  1.61702896e-01  1.20732316e-01  5.03526449e-01  2.72923843e-02  3.92272125e+06 
 2.32388416e+14  4.04304562e+33  1.59641000e+01  2.34180981e-01  7.56460000e+00  1.62626419e-01  1.21310692e-01  5.01827501e-01  2.75887441e-02  3.85713110e+06 
 2.32729618e+14  4.06282626e+33  1.59391000e+01  2.35092716e-01  7.57760000e+00  1.63600469e-01  1.21876594e-01  4.99859048e-01  2.78797037e-02  3.79297203e+06 
 2.33070821e+14  4.08260691e+33  1.59141000e+01  2.36003455e-01  7.58960000e+00  1.64528724e-01  1.22445135e-01  4.98148715e-01  2.81738315e-02  3.73020670e+06 
 2.33412023e+14  4.10238755e+33  1.58901000e+01  2.36913184e-01  7.60160000e+00  1.65459258e-01  1.23000838e-01  4.96432785e-01  2.84622019e-02  3.66879866e+06 
 2.33753225e+14  4.12216819e+33  1.58661000e+01  2.37821890e-01  7.61360000e+00  1.66392062e-01  1.23559010e-01  4.94711247e-01  2.87535930e-02  3.60871271e+06 
 2.34094428e+14  4.14194883e+33  1.58431000e+01  2.38729559e-01  7.62560000e+00  1.67327131e-01  1.24103989e-01  4.92984071e-01  2.90388681e-02  3.54991454e+06 
 2.34435630e+14  4.16172948e+33  1.58191000e+01  2.39636179e-01  7.63760000e+00  1.68264457e-01  1.24667028e-01  4.91251237e-01  2.93362829e-02  3.49237114e+06 
 2.34776832e+14  4.18178351e+33  1.57961000e+01  2.40554251e-01  7.64960000e+00  1.69208885e-01  1.25219277e-01  4.89532739e-01  2.96284909e-02  3.43527970e+06 
 2.35118035e+14  4.20336376e+33  1.57711000e+01  2.41541273e-01  7.66260000e+00  1.70232103e-01  1.25820198e-01  4.87654455e-01  2.99486197e-02  3.37519106e+06 
 2.35459237e+14  4.22494400e+33  1.57471000e+01  2.42527486e-01  7.67560000e+00  1.71258126e-01  1.26407920e-01  4.85770239e-01  3.02626836e-02  3.31645357e+06 
 2.35800439e+14  4.24652424e+33  1.57231000e+01  2.43512868e-01  7.68760000e+00  1.72237285e-01  1.26998316e-01  4.84146823e-01  3.05801000e-02  3.25903172e+06 
 2.36141641e+14  4.26810449e+33  1.56991000e+01  2.44497399e-01  7.70060000e+00  1.73268709e-01  1.27591397e-01  4.82251047e-01  3.09009050e-02  3.20289085e+06 
 2.36482844e+14  4.28968473e+33  1.56761000e+01  2.45481059e-01  7.71260000e+00  1.74252915e-01  1.28170819e-01  4.80616589e-01  3.12151747e-02  3.14799720e+06 
 2.36824046e+14  4.31126498e+33  1.56531000e+01  2.46463827e-01  7.72560000e+00  1.75289690e-01  1.28752748e-01  4.78709141e-01  3.15326678e-02  3.09431810e+06 
 2.37165248e+14  4.33284522e+33  1.56311000e+01  2.47445686e-01  7.73760000e+00  1.76278898e-01  1.29320644e-01  4.77063549e-01  3.18432285e-02  3.04182164e+06 
 2.37506451e+14  4.35442546e+33  1.56091000e+01  2.48426617e-01  7.75060000e+00  1.77320976e-01  1.29890869e-01  4.75144360e-01  3.21568428e-02  2.99047703e+06 
 2.37847653e+14  4.37600571e+33  1.55871000e+01  2.49406603e-01  7.76260000e+00  1.78315145e-01  1.30463432e-01  4.73487543e-01  3.24735402e-02  2.94025427e+06 
 2.38188855e+14  4.39758595e+33  1.55651000e+01  2.50385626e-01  7.77460000e+00  1.79311700e-01  1.31038339e-01  4.71825199e-01  3.27933486e-02  2.89112423e+06 
 2.38530058e+14  4.41916620e+33  1.55441000e+01  2.51363669e-01  7.78660000e+00  1.80310631e-01  1.31598662e-01  4.70157304e-01  3.31056450e-02  2.84305856e+06 
 2.38871260e+14  4.44074644e+33  1.55231000e+01  2.52340717e-01  7.79860000e+00  1.81311927e-01  1.32161152e-01  4.68483856e-01  3.34208751e-02  2.79602987e+06 
 2.39212462e+14  4.46232668e+33  1.55021000e+01  2.53316753e-01  7.81060000e+00  1.82315583e-01  1.32725812e-01  4.66804819e-01  3.37390638e-02  2.75001151e+06 
 2.39553664e+14  4.48390693e+33  1.54821000e+01  2.54291762e-01  7.82260000e+00  1.83321587e-01  1.33275429e-01  4.65120171e-01  3.40492377e-02  2.70497751e+06 
 2.39894867e+14  4.50548717e+33  1.54621000e+01  2.55265728e-01  7.83460000e+00  1.84329933e-01  1.33827039e-01  4.63429897e-01  3.43621869e-02  2.66090281e+06 
 2.40236069e+14  4.52706742e+33  1.54421000e+01  2.56238637e-01  7.84660000e+00  1.85340609e-01  1.34380647e-01  4.61733986e-01  3.46779344e-02  2.61776300e+06 
 2.40577271e+14  4.54864766e+33  1.54231000e+01  2.57210474e-01  7.85860000e+00  1.86353609e-01  1.34918759e-01  4.60032410e-01  3.49851576e-02  2.57553429e+06 
 2.40918474e+14  4.57022791e+33  1.54041000e+01  2.58181226e-01  7.86960000e+00  1.87316887e-01  1.35458690e-01  4.58595677e-01  3.52949913e-02  2.53419373e+06 
 2.41259676e+14  4.59180815e+33  1.53851000e+01  2.59150879e-01  7.88160000e+00  1.88334353e-01  1.36000446e-01  4.56882983e-01  3.56074556e-02  2.49371895e+06 
 2.41600878e+14  4.61338839e+33  1.53661000e+01  2.60119420e-01  7.89360000e+00  1.89354117e-01  1.36544030e-01  4.55164581e-01  3.59225700e-02  2.45408823e+06 
 2.41942081e+14  4.63496864e+33  1.53481000e+01  2.61086834e-01  7.90460000e+00  1.90323676e-01  1.37071580e-01  4.53711610e-01  3.62285489e-02  2.41528041e+06 
 2.42283283e+14  4.65654888e+33  1.53291000e+01  2.62053111e-01  7.91660000e+00  1.91347859e-01  1.37618737e-01  4.51981998e-01  3.65489056e-02  2.37727511e+06 
 2.42624485e+14  4.67812913e+33  1.53121000e+01  2.63018237e-01  7.92760000e+00  1.92321518e-01  1.38131638e-01  4.50518182e-01  3.68478960e-02  2.34005221e+06 
 2.42965688e+14  4.69970937e+33  1.52941000e+01  2.63982201e-01  7.93860000e+00  1.93297138e-01  1.38664153e-01  4.49049040e-01  3.71612991e-02  2.30359256e+06 
 2.43306890e+14  4.72128961e+33  1.52761000e+01  2.64944990e-01  7.95060000e+00  1.94327817e-01  1.39198328e-01  4.47302609e-01  3.74772114e-02  2.26787728e+06 
 2.43648092e+14  4.74420862e+33  1.52581000e+01  2.65966330e-01  7.96160000e+00  1.95332040e-01  1.39747031e-01  4.45916425e-01  3.78016663e-02  2.23073665e+06 
 2.43989294e+14  4.76767551e+33  1.52401000e+01  2.67011141e-01  7.97460000e+00  1.96455287e-01  1.40302763e-01  4.44018827e-01  3.81312355e-02  2.19351913e+06 
 2.44330497e+14  4.79114240e+33  1.52221000e+01  2.68054994e-01  7.98660000e+00  1.97527752e-01  1.40860283e-01  4.42387769e-01  3.84634981e-02  2.15710109e+06 
 2.44671699e+14  4.81460929e+33  1.52041000e+01  2.69097868e-01  7.99860000e+00  1.98602680e-01  1.41419596e-01  4.40751120e-01  3.87984751e-02  2.12146238e+06 
 2.45012901e+14  4.83807618e+33  1.51861000e+01  2.70139746e-01  8.00960000e+00  1.99626156e-01  1.41980707e-01  4.39381743e-01  3.91361880e-02  2.08658336e+06 
 2.45354104e+14  4.86154307e+33  1.51691000e+01  2.71180609e-01  8.02160000e+00  2.00705812e-01  1.42524826e-01  4.37734070e-01  3.94636460e-02  2.05244487e+06 
 2.45695306e+14  4.88500996e+33  1.51521000e+01  2.72220439e-01  8.03360000e+00  2.01787894e-01  1.43070563e-01  4.36080783e-01  3.97936295e-02  2.01902838e+06 
 2.46036508e+14  4.90847686e+33  1.51351000e+01  2.73259219e-01  8.04560000e+00  2.02872389e-01  1.43617920e-01  4.34421878e-01  4.01261562e-02  1.98631580e+06 
 2.46377711e+14  4.93194375e+33  1.51181000e+01  2.74296933e-01  8.05660000e+00  2.03904749e-01  1.44166901e-01  4.33030889e-01  4.04612435e-02  1.95428956e+06 
 2.46718913e+14  4.95541064e+33  1.51021000e+01  2.75333565e-01  8.06860000e+00  2.04993882e-01  1.44698342e-01  4.31360886e-01  4.07854020e-02  1.92293251e+06 
 2.47060115e+14  4.97887753e+33  1.50861000e+01  2.76369099e-01  8.08060000e+00  2.06085396e-01  1.45231227e-01  4.29685229e-01  4.11119053e-02  1.89222809e+06 
 2.47401317e+14  5.00234442e+33  1.50701000e+01  2.77403519e-01  8.09160000e+00  2.07124273e-01  1.45765557e-01  4.28277961e-01  4.14407693e-02  1.86216014e+06 
 2.47742520e+14  5.02581131e+33  1.50541000e+01  2.78436811e-01  8.10260000e+00  2.08165199e-01  1.46301334e-01  4.26865329e-01  4.17720072e-02  1.83271296e+06 
 2.48083722e+14  5.04927820e+33  1.50391000e+01  2.79468961e-01  8.11460000e+00  2.09263483e-01  1.46819032e-01  4.25173042e-01  4.20916366e-02  1.80387121e+06 
 2.48424924e+14  5.07274509e+33  1.50231000e+01  2.80499952e-01  8.12560000e+00  2.10308638e-01  1.47357616e-01  4.23749535e-01  4.24275406e-02  1.77562016e+06 
 2.48766127e+14  5.09621198e+33  1.50081000e+01  2.81529775e-01  8.13660000e+00  2.11355814e-01  1.47877943e-01  4.22320657e-01  4.27516163e-02  1.74794527e+06 
 2.49107329e+14  5.11967888e+33  1.49931000e+01  2.82558412e-01  8.14760000e+00  2.12405005e-01  1.48399541e-01  4.20886388e-01  4.30778728e-02  1.72083253e+06 
 2.49448531e+14  5.14314577e+33  1.49791000e+01  2.83585853e-01  8.15960000e+00  2.13512134e-01  1.48902526e-01  4.19171869e-01  4.33918336e-02  1.69426827e+06 
 2.49789734e+14  5.16661266e+33  1.49641000e+01  2.84612082e-01  8.17060000e+00  2.14565483e-01  1.49426580e-01  4.17726669e-01  4.37223626e-02  1.66823930e+06 
 2.50130936e+14  5.19007955e+33  1.49501000e+01  2.85637090e-01  8.18160000e+00  2.15620822e-01  1.49931847e-01  4.16276058e-01  4.40403748e-02  1.64273260e+06 
 2.50472138e+14  5.21354644e+33  1.49361000e+01  2.86660863e-01  8.19260000e+00  2.16678143e-01  1.50438211e-01  4.14820041e-01  4.43603678e-02  1.61773567e+06 
 2.50813340e+14  5.23701333e+33  1.49221000e+01  2.87683389e-01  8.20260000e+00  2.17680905e-01  1.50945674e-01  4.13633934e-01  4.46823513e-02  1.59323631e+06 
 2.51154543e+14  5.26048022e+33  1.49091000e+01  2.88704658e-01  8.21360000e+00  2.18742017e-01  1.51433916e-01  4.12167192e-01  4.49912419e-02  1.56922257e+06 
 2.51495745e+14  5.28394711e+33  1.48951000e+01  2.89724657e-01  8.22460000e+00  2.19805088e-01  1.51943488e-01  4.10695039e-01  4.53171116e-02  1.54568300e+06 
 2.51836947e+14  5.30741400e+33  1.48821000e+01  2.90743376e-01  8.23560000e+00  2.20870108e-01  1.52433670e-01  4.09217460e-01  4.56296655e-02  1.52260626e+06 
 2.52178150e+14  5.33127761e+33  1.48681000e+01  2.91778002e-01  8.24660000e+00  2.21944507e-01  1.52949144e-01  4.07760639e-01  4.59613927e-02  1.49960264e+06 
 2.52519352e+14  5.35670929e+33  1.48541000e+01  2.92879449e-01  8.25760000e+00  2.23050370e-01  1.53480755e-01  4.06401856e-01  4.63028695e-02  1.47558255e+06 
 2.52860554e+14  5.38214097e+33  1.48411000e+01  2.93979816e-01  8.26960000e+00  2.24215834e-01  1.53992800e-01  4.04761692e-01  4.66307884e-02  1.45205822e+06 
 2.53201757e+14  5.40757265e+33  1.48271000e+01  2.95079083e-01  8.28060000e+00  2.25326154e-01  1.54526701e-01  4.03391988e-01  4.69764599e-02  1.42901775e+06 
 2.53542959e+14  5.43300433e+33  1.48131000e+01  2.96177234e-01  8.29160000e+00  2.26438598e-01  1.55061798e-01  4.02016886e-01  4.73243137e-02  1.40644940e+06 
 2.53884161e+14  5.45843601e+33  1.48001000e+01  2.97274251e-01  8.30260000e+00  2.27553158e-01  1.55577063e-01  4.00636355e-01  4.76582560e-02  1.38434172e+06 
 2.54225364e+14  5.48386769e+33  1.47871000e+01  2.98370118e-01  8.31460000e+00  2.28727898e-01  1.56093347e-01  3.98974078e-01  4.79941435e-02  1.36268364e+06 
 2.54566566e+14  5.50929937e+33  1.47741000e+01  2.99464820e-01  8.32560000e+00  2.29846808e-01  1.56610650e-01  3.97582656e-01  4.83319848e-02  1.34146434e+06 
 2.54907768e+14  5.53473105e+33  1.47611000e+01  3.00558339e-01  8.33660000e+00  2.30967800e-01  1.57128971e-01  3.96185824e-01  4.86717891e-02  1.32067328e+06 
 2.55248970e+14  5.56016273e+33  1.47491000e+01  3.01650661e-01  8.34760000e+00  2.32090861e-01  1.57626933e-01  3.94783574e-01  4.89969506e-02  1.30030019e+06 
 2.55590173e+14  5.58559441e+33  1.47371000e+01  3.02741772e-01  8.35860000e+00  2.33215980e-01  1.58125741e-01  3.93375921e-01  4.93238379e-02  1.28033510e+06 
 2.55931375e+14  5.61102610e+33  1.47241000e+01  3.03831657e-01  8.36960000e+00  2.34343148e-01  1.58646943e-01  3.91962870e-01  4.96693223e-02  1.26076834e+06 
 2.56272577e+14  5.63645778e+33  1.47121000e+01  3.04920302e-01  8.38060000e+00  2.35472355e-01  1.59147526e-01  3.90544408e-01  4.99998070e-02  1.24159039e+06 
 2.56613780e+14  5.66188946e+33  1.47001000e+01  3.06007694e-01  8.39060000e+00  2.36544436e-01  1.59648954e-01  3.89397446e-01  5.03320381e-02  1.22279207e+06 
 2.56954982e+14  5.68732114e+33  1.46891000e+01  3.07093819e-01  8.40160000e+00  2.37677539e-01  1.60129418e-01  3.87968249e-01  5.06487771e-02  1.20436438e+06 
 2.57296184e+14  5.71275282e+33  1.46771000e+01  3.08178664e-01  8.41260000e+00  2.38812652e-01  1.60632446e-01  3.86533659e-01  5.09843921e-02  1.18629868e+06 
 2.57637387e+14  5.73818450e+33  1.46661000e+01  3.09262217e-01  8.42360000e+00  2.39949765e-01  1.61114341e-01  3.85093658e-01  5.13042763e-02  1.16858641e+06 
 2.57978589e+14  5.76361618e+33  1.46551000e+01  3.10344466e-01  8.43360000e+00  2.41029112e-01  1.61596910e-01  3.83925440e-01  5.16256809e-02  1.15121934e+06 
 2.58319791e+14  5.78904786e+33  1.46431000e+01  3.11425398e-01  8.44460000e+00  2.42170047e-01  1.62102291e-01  3.82474748e-01  5.19663510e-02  1.13418945e+06 
 2.58660993e+14  5.81447954e+33  1.46331000e+01  3.12505002e-01  8.45460000e+00  2.43252902e-01  1.62564062e-01  3.81295917e-01  5.22730648e-02  1.11748881e+06 
 2.59002196e+14  5.83991122e+33  1.46221000e+01  3.13583267e-01  8.46560000e+00  2.44397625e-01  1.63048644e-01  3.79834529e-01  5.25990541e-02  1.10110988e+06 
 2.59343398e+14  5.86534290e+33  1.46111000e+01  3.14660181e-01  8.47560000e+00  2.45483955e-01  1.63533894e-01  3.78645128e-01  5.29265804e-02  1.08504523e+06 
 2.59684600e+14  5.89077458e+33  1.46011000e+01  3.15735733e-01  8.48560000e+00  2.46571935e-01  1.63997345e-01  3.77450453e-01  5.32374126e-02  1.06928757e+06 
 2.60025803e+14  5.91620626e+33  1.45901000e+01  3.16809914e-01  8.49660000e+00  2.47722204e-01  1.64483848e-01  3.75973091e-01  5.35679006e-02  1.05382994e+06 
 2.60367005e+14  5.94163794e+33  1.45801000e+01  3.17882712e-01  8.50660000e+00  2.48813614e-01  1.64948385e-01  3.74767859e-01  5.38814556e-02  1.03866540e+06 
 2.60708207e+14  5.96706962e+33  1.45701000e+01  3.18954118e-01  8.51660000e+00  2.49906652e-01  1.65413425e-01  3.73557382e-01  5.41963171e-02  1.02378733e+06 
 2.61049410e+14  5.99377445e+33  1.45591000e+01  3.20077740e-01  8.52760000e+00  2.51086701e-01  1.65913688e-01  3.72142184e-01  5.45377145e-02  1.00846447e+06 
 2.61390612e+14  6.02124160e+33  1.45491000e+01  3.21232226e-01  8.53760000e+00  2.52222156e-01  1.66398933e-01  3.71045910e-01  5.48657758e-02  9.93013174e+05 
 2.61731814e+14  6.04870874e+33  1.45381000e+01  3.22385497e-01  8.54860000e+00  2.53420823e-01  1.66907700e-01  3.69666675e-01  5.52142200e-02  9.77867689e+05 
 2.62073017e+14  6.07617588e+33  1.45281000e+01  3.23537536e-01  8.55960000e+00  2.54621596e-01  1.67394151e-01  3.68282029e-01  5.55452053e-02  9.63020846e+05 
 2.62414219e+14  6.10364303e+33  1.45181000e+01  3.24688327e-01  8.57060000e+00  2.55824463e-01  1.67881164e-01  3.66891993e-01  5.58775974e-02  9.48465734e+05 
 2.62755421e+14  6.13111017e+33  1.45081000e+01  3.25837853e-01  8.58060000e+00  2.56967552e-01  1.68368740e-01  3.65774276e-01  5.62114003e-02  9.34195586e+05 
 2.63096623e+14  6.15857731e+33  1.44981000e+01  3.26986100e-01  8.59160000e+00  2.58174417e-01  1.68856879e-01  3.64373518e-01  5.65466193e-02  9.20203798e+05 
 2.63437826e+14  6.18604446e+33  1.44881000e+01  3.28133055e-01  8.60160000e+00  2.59321169e-01  1.69345581e-01  3.63245158e-01  5.68832584e-02  9.06483937e+05 
 2.63779028e+14  6.21351160e+33  1.44791000e+01  3.29278700e-01  8.61260000e+00  2.60531987e-01  1.69811383e-01  3.61833695e-01  5.72015613e-02  8.93029706e+05 
 2.64120230e+14  6.24097874e+33  1.44691000e+01  3.30423026e-01  8.62260000e+00  2.61682362e-01  1.70301124e-01  3.60694714e-01  5.75409211e-02  8.79835048e+05 
 2.64461433e+14  6.26844589e+33  1.44601000e+01  3.31566016e-01  8.63360000e+00  2.62897085e-01  1.70767800e-01  3.59272608e-01  5.78616976e-02  8.66893959e+05 
 2.64802635e+14  6.29591303e+33  1.44501000e+01  3.32707659e-01  8.64360000e+00  2.64051045e-01  1.71258576e-01  3.58123027e-01  5.82037905e-02  8.54200688e+05 
 2.65143837e+14  6.32338017e+33  1.44411000e+01  3.33847941e-01  8.65360000e+00  2.65206707e-01  1.71726123e-01  3.56968145e-01  5.85270507e-02  8.41749533e+05 
 2.65485040e+14  6.35084732e+33  1.44321000e+01  3.34986850e-01  8.66460000e+00  2.66427133e-01  1.72194063e-01  3.55530162e-01  5.88514936e-02  8.29535011e+05 
 2.65826242e+14  6.37831446e+33  1.44231000e+01  3.36124374e-01  8.67460000e+00  2.67586321e-01  1.72662395e-01  3.54364739e-01  5.91771216e-02  8.17551756e+05 
 2.66167444e+14  6.40578160e+33  1.44151000e+01  3.37260501e-01  8.68460000e+00  2.68747183e-01  1.73107095e-01  3.53194046e-01  5.94832975e-02  8.05794514e+05 
 2.66508646e+14  6.43324875e+33  1.44061000e+01  3.38395220e-01  8.69460000e+00  2.69909711e-01  1.73576128e-01  3.52018114e-01  5.98111735e-02  7.94258238e+05 
 2.66849849e+14  6.46071589e+33  1.43981000e+01  3.39528519e-01  8.70460000e+00  2.71073895e-01  1.74021370e-01  3.50836931e-01  6.01193553e-02  7.82937914e+05 
 2.67191051e+14  6.48818303e+33  1.43891000e+01  3.40660389e-01  8.71460000e+00  2.72239728e-01  1.74491098e-01  3.49650535e-01  6.04494850e-02  7.71828748e+05 
 2.67532253e+14  6.51565018e+33  1.43811000e+01  3.41790817e-01  8.72460000e+00  2.73407201e-01  1.74936877e-01  3.48458906e-01  6.07596761e-02  7.60925978e+05 
 2.67873456e+14  6.54311732e+33  1.43731000e+01  3.42919793e-01  8.73460000e+00  2.74576305e-01  1.75382884e-01  3.47262068e-01  6.10708130e-02  7.50225033e+05 
 2.68214658e+14  6.57058446e+33  1.43651000e+01  3.44047308e-01  8.74460000e+00  2.75747033e-01  1.75829118e-01  3.46060033e-01  6.13828961e-02  7.39721428e+05 
 2.68555860e+14  6.59805161e+33  1.43571000e+01  3.45173353e-01  8.75460000e+00  2.76919374e-01  1.76275577e-01  3.44852819e-01  6.16959259e-02  7.29410797e+05 
 2.68897063e+14  6.62551875e+33  1.43491000e+01  3.46297916e-01  8.76360000e+00  2.78028792e-01  1.76722260e-01  3.43918227e-01  6.20099026e-02  7.19288883e+05 
 2.69238265e+14  6.65298589e+33  1.43411000e+01  3.47420989e-01  8.77360000e+00  2.79204199e-01  1.77169165e-01  3.42700660e-01  6.23248263e-02  7.09351537e+05 
 2.69579467e+14  6.68045304e+33  1.43331000e+01  3.48542562e-01  8.78360000e+00  2.80381196e-01  1.77616290e-01  3.41477937e-01  6.26406970e-02  6.99594711e+05 
 2.69920669e+14  6.70997064e+33  1.43251000e+01  3.49746388e-01  8.79360000e+00  2.81599417e-01  1.78082237e-01  3.40365857e-01  6.29681061e-02  6.89304527e+05 
 2.70261872e+14  6.73953668e+33  1.43171000e+01  3.50950861e-01  8.80360000e+00  2.82820357e-01  1.78548883e-01  3.39251167e-01  6.32967696e-02  6.79193712e+05 
 2.70603074e+14  6.76910273e+33  1.43091000e+01  3.52153990e-01  8.81460000e+00  2.84108337e-01  1.79015792e-01  3.37853477e-01  6.36264437e-02  6.69274930e+05 
 2.70944276e+14  6.79866878e+33  1.43011000e+01  3.53355759e-01  8.82460000e+00  2.85332952e-01  1.79482964e-01  3.36728220e-01  6.39571304e-02  6.59543888e+05 
 2.71285479e+14  6.82823483e+33  1.42941000e+01  3.54556153e-01  8.83460000e+00  2.86559310e-01  1.79925220e-01  3.35597675e-01  6.42663452e-02  6.49996368e+05 
 2.71626681e+14  6.85780087e+33  1.42861000e+01  3.55755159e-01  8.84460000e+00  2.87787399e-01  1.80392840e-01  3.34461877e-01  6.45989344e-02  6.40628316e+05 
 2.71967883e+14  6.88736692e+33  1.42791000e+01  3.56952763e-01  8.85460000e+00  2.89017205e-01  1.80835388e-01  3.33320829e-01  6.49098064e-02  6.31435693e+05 
 2.72309086e+14  6.91693297e+33  1.42711000e+01  3.58148953e-01  8.86460000e+00  2.90248718e-01  1.81303453e-01  3.32174561e-01  6.52443038e-02  6.22414642e+05 
 2.72650288e+14  6.94649902e+33  1.42641000e+01  3.59343714e-01  8.87460000e+00  2.91481929e-01  1.81746290e-01  3.31023064e-01  6.55568351e-02  6.13561320e+05 
 2.72991490e+14  6.97606507e+33  1.42571000e+01  3.60537035e-01  8.88460000e+00  2.92716827e-01  1.82189233e-01  3.29866362e-01  6.58701360e-02  6.04872036e+05 
 2.73332693e+14  7.00563111e+33  1.42501000e+01  3.61728902e-01  8.89460000e+00  2.93953400e-01  1.82632280e-01  3.28704469e-01  6.61842063e-02  5.96343173e+05 
 2.73673895e+14  7.03519716e+33  1.42431000e+01  3.62919306e-01  8.90460000e+00  2.95191639e-01  1.83075431e-01  3.27537403e-01  6.64990461e-02  5.87971201e+05 
 2.74015097e+14  7.06476321e+33  1.42361000e+01  3.64108234e-01  8.91360000e+00  2.96364774e-01  1.83518684e-01  3.26642575e-01  6.68146554e-02  5.79752678e+05 
 2.74356299e+14  7.09432926e+33  1.42291000e+01  3.65295674e-01  8.92360000e+00  2.97606169e-01  1.83962037e-01  3.25465178e-01  6.71310338e-02  5.71684246e+05 
 2.74697502e+14  7.12389530e+33  1.42221000e+01  3.66481617e-01  8.93360000e+00  2.98849200e-01  1.84405490e-01  3.24282650e-01  6.74481806e-02  5.63762632e+05 
 2.75038704e+14  7.15346135e+33  1.42161000e+01  3.67666049e-01  8.94260000e+00  3.00026664e-01  1.84823033e-01  3.23372254e-01  6.77422622e-02  5.55984625e+05 
 2.75379906e+14  7.18302740e+33  1.42091000e+01  3.68848963e-01  8.95260000e+00  3.01272796e-01  1.85266605e-01  3.22179474e-01  6.80608217e-02  5.48347143e+05 
 2.75721109e+14  7.21259345e+33  1.42031000e+01  3.70030348e-01  8.96260000e+00  3.02520535e-01  1.85684120e-01  3.20981601e-01  6.83560772e-02  5.40847113e+05 
 2.76062311e+14  7.24215949e+33  1.41961000e+01  3.71210192e-01  8.97160000e+00  3.03702254e-01  1.86127806e-01  3.20055791e-01  6.86760455e-02  5.33481606e+05 
 2.76403513e+14  7.27172554e+33  1.41901000e+01  3.72388489e-01  8.98060000e+00  3.04885272e-01  1.86545288e-01  3.19124843e-01  6.89724708e-02  5.26247694e+05 
 2.76744716e+14  7.30129159e+33  1.41841000e+01  3.73565226e-01  8.99060000e+00  3.06137503e-01  1.86962715e-01  3.17911721e-01  6.92694206e-02  5.19142575e+05 
 2.77085918e+14  7.33085764e+33  1.41781000e+01  3.74740396e-01  8.99960000e+00  3.07323254e-01  1.87380087e-01  3.16970571e-01  6.95668953e-02  5.12163496e+05 
 2.77427120e+14  7.36042368e+33  1.41721000e+01  3.75913989e-01  9.00960000e+00  3.08578479e-01  1.87797401e-01  3.15747393e-01  6.98648926e-02  5.05307771e+05 
 2.77768322e+14  7.38998973e+33  1.41661000e+01  3.77085997e-01  9.01860000e+00  3.09766931e-01  1.88214658e-01  3.14796100e-01  7.01634113e-02  4.98572780e+05 
 2.78109525e+14  7.41955578e+33  1.41601000e+01  3.78256412e-01  9.02760000e+00  3.10956649e-01  1.88631855e-01  3.13839743e-01  7.04624505e-02  4.91955965e+05 
 2.78450727e+14  7.47802528e+33  1.41491000e+01  3.80569473e-01  9.04560000e+00  3.13328513e-01  1.89434287e-01  3.11882094e-01  7.10340800e-02  4.79191908e+05 
 2.78791929e+14  7.62191803e+33  1.41221000e+01  3.86301036e-01  9.09060000e+00  3.19265721e-01  1.91422035e-01  3.06881114e-01  7.24570103e-02  4.49278707e+05 
 2.79133132e+14  7.76581079e+33  1.40961000e+01  3.92089167e-01  9.13460000e+00  3.25204912e-01  1.93406109e-01  3.02181446e-01  7.38820287e-02  4.21383800e+05 
 2.79474334e+14  7.90970355e+33  1.40721000e+01  3.97930324e-01  9.17860000e+00  3.31211505e-01  1.95358709e-01  2.97507506e-01  7.52823395e-02  3.95385620e+05 
 2.79815536e+14  8.05359631e+33  1.40491000e+01  4.03821276e-01  9.22260000e+00  3.37282892e-01  1.97306412e-01  2.92858853e-01  7.66830092e-02  3.71162477e+05 
 2.80156739e+14  8.17239562e+33  1.40311000e+01  4.08719983e-01  9.25860000e+00  3.42319054e-01  1.98903448e-01  2.89128616e-01  7.78324811e-02  3.52418335e+05 
 2.80497941e+14  8.23492393e+33  1.40231000e+01  4.11305554e-01  9.27760000e+00  3.44987700e-01  1.99706802e-01  2.87150521e-01  7.84026925e-02  3.43001994e+05 
 2.80839143e+14  8.29745224e+33  1.40141000e+01  4.13892928e-01  9.29560000e+00  3.47592084e-01  2.00540852e-01  2.85442452e-01  7.90043162e-02  3.33891397e+05 
 2.81180345e+14  8.35998055e+33  1.40061000e+01  4.16481966e-01  9.31460000e+00  3.50277084e-01  2.01348414e-01  2.83454788e-01  7.95811464e-02  3.25075082e+05 
 2.81521548e+14  8.42250887e+33  1.39971000e+01  4.19072524e-01  9.33260000e+00  3.52897149e-01  2.02186805e-01  2.81736349e-01  8.01897453e-02  3.16542190e+05 
 2.81862750e+14  8.48503718e+33  1.39901000e+01  4.21664456e-01  9.35160000e+00  3.55598298e-01  2.02969306e-01  2.79738397e-01  8.07441546e-02  3.08282305e+05 
 2.82203952e+14  8.54756549e+33  1.39821000e+01  4.24257614e-01  9.36960000e+00  3.58233806e-01  2.03782534e-01  2.78008956e-01  8.13302645e-02  3.00285497e+05 
 2.82545155e+14  8.61009380e+33  1.39751000e+01  4.26851858e-01  9.38860000e+00  3.60950837e-01  2.04568275e-01  2.76000179e-01  8.18901006e-02  2.92542200e+05 
 2.82886357e+14  8.67262211e+33  1.39671000e+01  4.29447046e-01  9.40660000e+00  3.63601521e-01  2.05384916e-01  2.74259261e-01  8.24820204e-02  2.85043266e+05 
 2.83227559e+14  8.73515042e+33  1.39611000e+01  4.32043039e-01  9.42460000e+00  3.66259544e-01  2.06144184e-01  2.72512307e-01  8.30174260e-02  2.77779870e+05 
 2.83568762e+14  8.79767874e+33  1.39541000e+01  4.34639705e-01  9.44260000e+00  3.68924841e-01  2.06934270e-01  2.70759264e-01  8.35848605e-02  2.70743583e+05 
 2.83909964e+14  8.86401061e+33  1.39471000e+01  4.37395264e-01  9.46160000e+00  3.71753176e-01  2.07761309e-01  2.68919133e-01  8.41767239e-02  2.63517579e+05 
 2.84251166e+14  8.93049270e+33  1.39401000e+01  4.40158267e-01  9.48060000e+00  3.74593027e-01  2.08591321e-01  2.67080390e-01  8.47721454e-02  2.56511408e+05 
 2.84592369e+14  8.99697479e+33  1.39341000e+01  4.42922312e-01  9.49860000e+00  3.77365321e-01  2.09392806e-01  2.65507504e-01  8.53396090e-02  2.49732952e+05 
 2.84933571e+14  9.06345688e+33  1.39281000e+01  4.45687243e-01  9.51760000e+00  3.80221288e-01  2.10195525e-01  2.63655851e-01  8.59092737e-02  2.43173806e+05 
 2.85274773e+14  9.12993897e+33  1.39221000e+01  4.48452905e-01  9.53660000e+00  3.83085333e-01  2.10999436e-01  2.61797747e-01  8.64811109e-02  2.36825889e+05 
 2.85615975e+14  9.19642106e+33  1.39161000e+01  4.51219150e-01  9.55460000e+00  3.85880677e-01  2.11804500e-01  2.60204493e-01  8.70550910e-02  2.30681434e+05 
 2.85957178e+14  9.26290315e+33  1.39111000e+01  4.53985834e-01  9.57360000e+00  3.88760343e-01  2.12580108e-01  2.58332980e-01  8.75996915e-02  2.24732979e+05 
 2.86298380e+14  9.32938524e+33  1.39051000e+01  4.56752817e-01  9.59160000e+00  3.91570564e-01  2.13387230e-01  2.56725665e-01  8.81776505e-02  2.18973374e+05 
 2.86639582e+14  9.39586733e+33  1.39001000e+01  4.59519963e-01  9.60960000e+00  3.94387962e-01  2.14164568e-01  2.55111079e-01  8.87257411e-02  2.13395728e+05 
 2.86980785e+14  9.46234942e+33  1.38951000e+01  4.62287137e-01  9.62760000e+00  3.97212470e-01  2.14942651e-01  2.53489151e-01  8.92754256e-02  2.07993442e+05 
 2.87321987e+14  9.53127213e+33  1.38901000e+01  4.65155926e-01  9.64660000e+00  4.00174690e-01  2.15744375e-01  2.51708433e-01  8.98410240e-02  2.02570940e+05 
 2.87663189e+14  9.60189533e+33  1.38861000e+01  4.68095945e-01  9.66560000e+00  4.03181533e-01  2.16531712e-01  2.50002991e-01  9.03857486e-02  1.97194767e+05 
 2.88004392e+14  9.67251854e+33  1.38811000e+01  4.71036318e-01  9.68460000e+00  4.06196454e-01  2.17350946e-01  2.48289987e-01  9.09645014e-02  1.91994049e+05 
 2.88345594e+14  9.74314174e+33  1.38771000e+01  4.73976890e-01  9.70360000e+00  4.09219362e-01  2.18139528e-01  2.46569338e-01  9.15119358e-02  1.86962228e+05 
 2.88686796e+14  9.81376495e+33  1.38731000e+01  4.76917511e-01  9.72160000e+00  4.12170762e-01  2.18928612e-01  2.45109895e-01  9.20605735e-02  1.82093019e+05 
 2.89027998e+14  9.88438815e+33  1.38691000e+01  4.79858034e-01  9.74060000e+00  4.15209096e-01  2.19718160e-01  2.43373507e-01  9.26103803e-02  1.77380385e+05 
 2.89369201e+14  9.95501136e+33  1.38651000e+01  4.82798320e-01  9.75960000e+00  4.18255164e-01  2.20508135e-01  2.41629348e-01  9.31613235e-02  1.72818532e+05 
 2.89710403e+14  1.00256346e+34  1.38611000e+01  4.85738229e-01  9.77760000e+00  4.21228585e-01  2.21298495e-01  2.40145334e-01  9.37133671e-02  1.68401898e+05 
 2.90051605e+14  1.00962578e+34  1.38581000e+01  4.88677629e-01  9.79560000e+00  4.24208991e-01  2.22057151e-01  2.38652833e-01  9.42324690e-02  1.64125142e+05 
 2.90392808e+14  1.01668810e+34  1.38551000e+01  4.91616390e-01  9.81360000e+00  4.27196316e-01  2.22815879e-01  2.37151809e-01  9.47521991e-02  1.59983146e+05 
 2.90734010e+14  1.02383236e+34  1.38511000e+01  4.94588485e-01  9.83260000e+00  4.30289545e-01  2.23614616e-01  2.35413385e-01  9.53117690e-02  1.55925171e+05 
 2.91075212e+14  1.03132804e+34  1.38481000e+01  4.97706330e-01  9.85160000e+00  4.33466964e-01  2.24414224e-01  2.33830444e-01  9.58585550e-02  1.51804412e+05 
 2.91416415e+14  1.03882371e+34  1.38451000e+01  5.00823817e-01  9.87060000e+00  4.36652268e-01  2.25213946e-01  2.32238669e-01  9.64059938e-02  1.47818241e+05 
 2.91757617e+14  1.04631939e+34  1.38431000e+01  5.03940797e-01  9.88960000e+00  4.39845366e-01  2.25981090e-01  2.30638031e-01  9.69190376e-02  1.43961599e+05 
 2.92098819e+14  1.05381507e+34  1.38401000e+01  5.07057118e-01  9.90860000e+00  4.43046172e-01  2.26780807e-01  2.29028515e-01  9.74674773e-02  1.40229642e+05 
 2.92440021e+14  1.06131074e+34  1.38381000e+01  5.10172641e-01  9.92660000e+00  4.46171814e-01  2.27547634e-01  2.27675514e-01  9.79810546e-02  1.36617706e+05 
 2.92781224e+14  1.06880642e+34  1.38361000e+01  5.13287226e-01  9.94560000e+00  4.49387493e-01  2.28314188e-01  2.26047784e-01  9.84947488e-02  1.33121327e+05 
 2.93122426e+14  1.07630210e+34  1.38341000e+01  5.16400739e-01  9.96360000e+00  4.52527228e-01  2.29080433e-01  2.24675882e-01  9.90085243e-02  1.29736221e+05 
 2.93463628e+14  1.08379778e+34  1.38321000e+01  5.19513052e-01  9.98260000e+00  4.55757471e-01  2.29846335e-01  2.23029885e-01  9.95223448e-02  1.26458278e+05 
 2.93804831e+14  1.09129345e+34  1.38301000e+01  5.22624037e-01  1.00006000e+01  4.58911016e-01  2.30611856e-01  2.21639009e-01  1.00036174e-01  1.23283557e+05 
 2.94146033e+14  1.09878913e+34  1.38281000e+01  5.25733571e-01  1.00186000e+01  4.62071208e-01  2.31376963e-01  2.20238456e-01  1.00549977e-01  1.20208274e+05 
 2.94487235e+14  1.10662905e+34  1.38271000e+01  5.28984468e-01  1.00376000e+01  4.65398369e-01  2.32140114e-01  2.18717818e-01  1.01047439e-01  1.17093991e+05 
 2.94828438e+14  1.11457783e+34  1.38261000e+01  5.32279404e-01  1.00566000e+01  4.68757097e-01  2.32912789e-01  2.17235677e-01  1.01550897e-01  1.14038713e+05 
 2.95169640e+14  1.12252661e+34  1.38241000e+01  5.35573100e-01  1.00756000e+01  4.72123413e-01  2.33718638e-01  2.15743520e-01  1.02090838e-01  1.11082514e+05 
 2.95510842e+14  1.13047540e+34  1.38231000e+01  5.38865413e-01  1.00946000e+01  4.75497233e-01  2.34490114e-01  2.14241318e-01  1.02593572e-01  1.08221670e+05 
 2.95852045e+14  1.13842418e+34  1.38221000e+01  5.42156203e-01  1.01136000e+01  4.78878471e-01  2.35260882e-01  2.12729091e-01  1.03095800e-01  1.05452615e+05 
 2.96193247e+14  1.14637296e+34  1.38221000e+01  5.45445337e-01  1.01316000e+01  4.82180805e-01  2.35996754e-01  2.11468467e-01  1.03560016e-01  1.02771922e+05 
 2.96534449e+14  1.15432175e+34  1.38211000e+01  5.48732681e-01  1.01506000e+01  4.85576337e-01  2.36765890e-01  2.09935831e-01  1.04060943e-01  1.00176315e+05 
 2.96875651e+14  1.16227053e+34  1.38201000e+01  5.52018111e-01  1.01686000e+01  4.88892187e-01  2.37534218e-01  2.08654105e-01  1.04561259e-01  9.76626435e+04 
 2.97216854e+14  1.17021931e+34  1.38201000e+01  5.55301504e-01  1.01866000e+01  4.92214529e-01  2.38267215e-01  2.07361646e-01  1.05022921e-01  9.52278883e+04 
 2.97558056e+14  1.17816809e+34  1.38201000e+01  5.58582740e-01  1.02056000e+01  4.95630802e-01  2.38999120e-01  2.05798289e-01  1.05483554e-01  9.28691566e+04 
 2.97899258e+14  1.18625879e+34  1.38201000e+01  5.61920259e-01  1.02236000e+01  4.98997660e-01  2.39742946e-01  2.04544776e-01  1.05951324e-01  9.05434924e+04 
 2.98240461e+14  1.19468092e+34  1.38201000e+01  5.65392501e-01  1.02426000e+01  5.02532627e-01  2.40516125e-01  2.03160475e-01  1.06437150e-01  8.81997441e+04 
 2.98581663e+14  1.20310305e+34  1.38201000e+01  5.68862753e-01  1.02616000e+01  5.06074961e-01  2.41288180e-01  2.01765070e-01  1.06921853e-01  8.59316777e+04 
 2.98922865e+14  1.21152519e+34  1.38201000e+01  5.72330873e-01  1.02806000e+01  5.09624572e-01  2.42059081e-01  2.00358590e-01  1.07405403e-01  8.37364542e+04 
 2.99264068e+14  1.21994732e+34  1.38201000e+01  5.75796726e-01  1.02996000e+01  5.13181377e-01  2.42828799e-01  1.98941066e-01  1.07887767e-01  8.16113488e+04 
 2.99605270e+14  1.22836945e+34  1.38211000e+01  5.79260178e-01  1.03176000e+01  5.16655859e-01  2.43562049e-01  1.97770439e-01  1.08329712e-01  7.95537483e+04 
 2.99946472e+14  1.23679158e+34  1.38221000e+01  5.82721105e-01  1.03366000e+01  5.20226502e-01  2.44293839e-01  1.96330512e-01  1.08770078e-01  7.75611493e+04 
 3.00287674e+14  1.24521371e+34  1.38221000e+01  5.86179382e-01  1.03546000e+01  5.23714033e-01  2.45059600e-01  1.95136812e-01  1.09248347e-01  7.56311521e+04 
 3.00628877e+14  1.25363585e+34  1.38231000e+01  5.89634890e-01  1.03726000e+01  5.27207817e-01  2.45788488e-01  1.93931431e-01  1.09685618e-01  7.37614506e+04 
 3.00970079e+14  1.26205798e+34  1.38241000e+01  5.93087513e-01  1.03916000e+01  5.30798517e-01  2.46515832e-01  1.92457993e-01  1.10121220e-01  7.19498388e+04 
 3.01311281e+14  1.27048011e+34  1.38251000e+01  5.96537138e-01  1.04096000e+01  5.34304944e-01  2.47241603e-01  1.91229748e-01  1.10555122e-01  7.01941989e+04 
 3.01652484e+14  1.27930133e+34  1.38271000e+01  6.00147172e-01  1.04276000e+01  5.37906239e-01  2.47965942e-01  1.90149249e-01  1.10969538e-01  6.84130346e+04 
 3.01993686e+14  1.28821754e+34  1.38281000e+01  6.03793317e-01  1.04466000e+01  5.41626790e-01  2.48733018e-01  1.88838684e-01  1.11427452e-01  6.66701802e+04 
 3.02334888e+14  1.29713375e+34  1.38291000e+01  6.07436558e-01  1.04656000e+01  5.45354380e-01  2.49498465e-01  1.87516103e-01  1.11883532e-01  6.49829618e+04 
 3.02676091e+14  1.30604995e+34  1.38311000e+01  6.11076764e-01  1.04846000e+01  5.49088921e-01  2.50226066e-01  1.86181551e-01  1.12297145e-01  6.33493042e+04 
 3.03017293e+14  1.31496616e+34  1.38331000e+01  6.14713807e-01  1.05026000e+01  5.52737641e-01  2.50951777e-01  1.85089175e-01  1.12708568e-01  6.17672198e+04 
 3.03358495e+14  1.32388237e+34  1.38341000e+01  6.18347564e-01  1.05216000e+01  5.56485530e-01  2.51711966e-01  1.83730489e-01  1.13158668e-01  6.02348024e+04 
 3.03699697e+14  1.33279858e+34  1.38361000e+01  6.21977913e-01  1.05396000e+01  5.60146797e-01  2.52433923e-01  1.82613281e-01  1.13565778e-01  5.87502214e+04 
 3.04040900e+14  1.34171478e+34  1.38381000e+01  6.25604741e-01  1.05586000e+01  5.63907732e-01  2.53153917e-01  1.81230675e-01  1.13970624e-01  5.73117241e+04 
 3.04382102e+14  1.35063099e+34  1.38401000e+01  6.29227933e-01  1.05766000e+01  5.67581269e-01  2.53871924e-01  1.80088880e-01  1.14373181e-01  5.59176293e+04 
 3.04723304e+14  1.35954720e+34  1.38421000e+01  6.32847381e-01  1.05946000e+01  5.71260679e-01  2.54587919e-01  1.78934690e-01  1.14773426e-01  5.45663248e+04 
 3.05064507e+14  1.36860868e+34  1.38451000e+01  6.36521893e-01  1.06126000e+01  5.74978258e-01  2.55277824e-01  1.77822901e-01  1.15137570e-01  5.32352376e+04 
 3.05405709e+14  1.37804016e+34  1.38471000e+01  6.40342740e-01  1.06316000e+01  5.78879241e-01  2.56035107e-01  1.76586067e-01  1.15560657e-01  5.18931545e+04 
 3.05746911e+14  1.38747164e+34  1.38501000e+01  6.44159895e-01  1.06506000e+01  5.82786994e-01  2.56753213e-01  1.75336404e-01  1.15939391e-01  5.05935936e+04 
 3.06088114e+14  1.39690312e+34  1.38521000e+01  6.47973223e-01  1.06686000e+01  5.86605799e-01  2.57506185e-01  1.74324479e-01  1.16357341e-01  4.93349806e+04 
 3.06429316e+14  1.40633460e+34  1.38551000e+01  6.51782602e-01  1.06876000e+01  5.90526524e-01  2.58219739e-01  1.73048967e-01  1.16730630e-01  4.81158006e+04 
 3.06770518e+14  1.41576608e+34  1.38581000e+01  6.55587911e-01  1.07056000e+01  5.94357471e-01  2.58930938e-01  1.72010551e-01  1.17101109e-01  4.69346039e+04 
 3.07111721e+14  1.42519756e+34  1.38611000e+01  6.59389032e-01  1.07236000e+01  5.98194217e-01  2.59639762e-01  1.70958796e-01  1.17468756e-01  4.57899996e+04 
 3.07452923e+14  1.43462904e+34  1.38641000e+01  6.63185857e-01  1.07426000e+01  6.02133658e-01  2.60346192e-01  1.69644952e-01  1.17833560e-01  4.46806529e+04 
 3.07794125e+14  1.44406052e+34  1.38671000e+01  6.66978276e-01  1.07606000e+01  6.05982126e-01  2.61050209e-01  1.68567216e-01  1.18195502e-01  4.36052844e+04 
 3.08135327e+14  1.45349200e+34  1.38701000e+01  6.70766181e-01  1.07786000e+01  6.09836192e-01  2.61751793e-01  1.67476407e-01  1.18554566e-01  4.25626670e+04 
 3.08476530e+14  1.46292348e+34  1.38731000e+01  6.74549472e-01  1.07966000e+01  6.13695791e-01  2.62450926e-01  1.66372615e-01  1.18910735e-01  4.15516232e+04 
 3.08817732e+14  1.47274192e+34  1.38761000e+01  6.78483207e-01  1.08146000e+01  6.17647111e-01  2.63180843e-01  1.65392636e-01  1.19283752e-01  4.05313677e+04 
 3.09158934e+14  1.48271032e+34  1.38801000e+01  6.82472516e-01  1.08336000e+01  6.21736215e-01  2.63883082e-01  1.64204665e-01  1.19618256e-01  3.95278311e+04 
 3.09500137e+14  1.49267873e+34  1.38831000e+01  6.86457188e-01  1.08516000e+01  6.25732767e-01  2.64620699e-01  1.63249716e-01  1.19992636e-01  3.85556429e+04 
 3.09841339e+14  1.50264713e+34  1.38871000e+01  6.90437100e-01  1.08706000e+01  6.29834262e-01  2.65317524e-01  1.62034588e-01  1.20320575e-01  3.76136514e+04 
 3.10182541e+14  1.51261554e+34  1.38911000e+01  6.94412140e-01  1.08886000e+01  6.33842371e-01  2.66011576e-01  1.61051858e-01  1.20645168e-01  3.67007534e+04 
 3.10523744e+14  1.52258394e+34  1.38951000e+01  6.98382191e-01  1.09066000e+01  6.37855980e-01  2.66702838e-01  1.60055180e-01  1.20966404e-01  3.58158906e+04 
 3.10864946e+14  1.53255234e+34  1.38981000e+01  7.02347147e-01  1.09246000e+01  6.41875023e-01  2.67429780e-01  1.59044683e-01  1.21327918e-01  3.49580481e+04 
 3.11206148e+14  1.54252075e+34  1.39021000e+01  7.06306902e-01  1.09426000e+01  6.45899433e-01  2.68115507e-01  1.58020440e-01  1.21642519e-01  3.41262507e+04 
 3.11547350e+14  1.55248915e+34  1.39061000e+01  7.10261354e-01  1.09606000e+01  6.49929146e-01  2.68798399e-01  1.56982564e-01  1.21953739e-01  3.33195646e+04 
 3.11888553e+14  1.56245756e+34  1.39101000e+01  7.14210408e-01  1.09786000e+01  6.53964095e-01  2.69478446e-01  1.55931181e-01  1.22261574e-01  3.25370928e+04 
 3.12229755e+14  1.57249432e+34  1.39141000e+01  7.18180998e-01  1.09966000e+01  6.58019404e-01  2.70161333e-01  1.54889054e-01  1.22569298e-01  3.17728469e+04 
 3.12570957e+14  1.58302174e+34  1.39191000e+01  7.22340146e-01  1.10156000e+01  6.62290974e-01  2.70843288e-01  1.53752704e-01  1.22852934e-01  3.09956627e+04 
 3.12912160e+14  1.59354916e+34  1.39231000e+01  7.26493822e-01  1.10336000e+01  6.66466362e-01  2.71561101e-01  1.52844683e-01  1.23176987e-01  3.02425245e+04 
 3.13253362e+14  1.60407658e+34  1.39281000e+01  7.30641911e-01  1.10516000e+01  6.70647065e-01  2.72236830e-01  1.51922002e-01  1.23453091e-01  2.95125563e+04 
 3.13594564e+14  1.61460400e+34  1.39321000e+01  7.34784296e-01  1.10706000e+01  6.74935991e-01  2.72948573e-01  1.50743315e-01  1.23769801e-01  2.88049189e+04 
 3.13935767e+14  1.62513142e+34  1.39371000e+01  7.38920874e-01  1.10886000e+01  6.79127474e-01  2.73618036e-01  1.49792053e-01  1.24038378e-01  2.81188052e+04 
 3.14276969e+14  1.63565884e+34  1.39411000e+01  7.43051536e-01  1.11066000e+01  6.83324064e-01  2.74323665e-01  1.48826502e-01  1.24347742e-01  2.74534428e+04 
 3.14618171e+14  1.64618626e+34  1.39461000e+01  7.47176183e-01  1.11246000e+01  6.87525696e-01  2.74986820e-01  1.47846754e-01  1.24608794e-01  2.68080883e+04 
 3.14959373e+14  1.65671368e+34  1.39511000e+01  7.51294717e-01  1.11416000e+01  6.91628001e-01  2.75646766e-01  1.47092746e-01  1.24866045e-01  2.61820302e+04 
 3.15300576e+14  1.66724110e+34  1.39551000e+01  7.55407045e-01  1.11596000e+01  6.95839199e-01  2.76343101e-01  1.46084589e-01  1.25164337e-01  2.55745849e+04 
 3.15641778e+14  1.67776852e+34  1.39601000e+01  7.59513076e-01  1.11776000e+01  7.00055246e-01  2.76996684e-01  1.45062599e-01  1.25414071e-01  2.49850957e+04 
 3.15982980e+14  1.68857792e+34  1.39651000e+01  7.63722546e-01  1.11946000e+01  7.04233191e-01  2.77669757e-01  1.44352689e-01  1.25672587e-01  2.43978258e+04 
 3.16324183e+14  1.69968687e+34  1.39701000e+01  7.68042320e-01  1.12136000e+01  7.08693035e-01  2.78363637e-01  1.43243410e-01  1.25940476e-01  2.38125295e+04 
 3.16665385e+14  1.71079582e+34  1.39751000e+01  7.72355652e-01  1.12316000e+01  7.13052557e-01  2.79054144e-01  1.42357634e-01  1.26204319e-01  2.32450548e+04 
 3.17006587e+14  1.72190476e+34  1.39811000e+01  7.76662437e-01  1.12496000e+01  7.17416989e-01  2.79701255e-01  1.41456907e-01  1.26418906e-01  2.26947610e+04 
 3.17347790e+14  1.73301371e+34  1.39861000e+01  7.80962568e-01  1.12676000e+01  7.21786257e-01  2.80384920e-01  1.40541395e-01  1.26674613e-01  2.21610340e+04 
 3.17688992e+14  1.74412266e+34  1.39911000e+01  7.85255948e-01  1.12856000e+01  7.26160291e-01  2.81065198e-01  1.39611225e-01  1.26926305e-01  2.16432834e+04 
 3.18030194e+14  1.75523161e+34  1.39961000e+01  7.89542477e-01  1.13036000e+01  7.30539020e-01  2.81742081e-01  1.38666532e-01  1.27173987e-01  2.11409427e+04 
 3.18371397e+14  1.76634055e+34  1.40021000e+01  7.93822065e-01  1.13206000e+01  7.34814698e-01  2.82375221e-01  1.37943113e-01  1.27372173e-01  2.06534678e+04 
 3.18712599e+14  1.77744950e+34  1.40071000e+01  7.98094618e-01  1.13386000e+01  7.39202312e-01  2.83045216e-01  1.36969332e-01  1.27611791e-01  2.01803372e+04 
 3.19053801e+14  1.78855845e+34  1.40131000e+01  8.02360052e-01  1.13556000e+01  7.43486068e-01  2.83671305e-01  1.36216312e-01  1.27801814e-01  1.97210491e+04 
 3.19395003e+14  1.79966740e+34  1.40181000e+01  8.06618281e-01  1.13736000e+01  7.47882308e-01  2.84334393e-01  1.35214015e-01  1.28033408e-01  1.92751226e+04 
 3.19736206e+14  1.81126391e+34  1.40241000e+01  8.11055922e-01  1.13916000e+01  7.52390206e-01  2.84991268e-01  1.34338080e-01  1.28235279e-01  1.88233493e+04 
 3.20077408e+14  1.82297730e+34  1.40301000e+01  8.15531000e-01  1.14096000e+01  7.56928414e-01  2.85653505e-01  1.33480540e-01  1.28437600e-01  1.83806991e+04 
 3.20418610e+14  1.83469069e+34  1.40351000e+01  8.19998661e-01  1.14276000e+01  7.61471164e-01  2.86352819e-01  1.32607796e-01  1.28681410e-01  1.79513052e+04 
 3.20759813e+14  1.84640408e+34  1.40411000e+01  8.24458810e-01  1.14446000e+01  7.65908323e-01  2.87007675e-01  1.31952780e-01  1.28875110e-01  1.75346973e+04 
 3.21101015e+14  1.85811747e+34  1.40471000e+01  8.28911346e-01  1.14626000e+01  7.70459612e-01  2.87658801e-01  1.31049607e-01  1.29064501e-01  1.71304249e+04 
 3.21442217e+14  1.86983086e+34  1.40531000e+01  8.33356182e-01  1.14806000e+01  7.75015223e-01  2.88306197e-01  1.30131692e-01  1.29249603e-01  1.67380544e+04 
 3.21783420e+14  1.88154424e+34  1.40591000e+01  8.37793226e-01  1.14976000e+01  7.79464026e-01  2.88949861e-01  1.29430726e-01  1.29430434e-01  1.63571699e+04 
 3.22124622e+14  1.89325763e+34  1.40651000e+01  8.42222394e-01  1.15156000e+01  7.84027771e-01  2.89589792e-01  1.28483312e-01  1.29607012e-01  1.59873718e+04 
 3.22465824e+14  1.90497102e+34  1.40711000e+01  8.46643601e-01  1.15326000e+01  7.88483920e-01  2.90225990e-01  1.27752318e-01  1.29779354e-01  1.56282764e+04 
 3.22807026e+14  1.91668441e+34  1.40771000e+01  8.51056771e-01  1.15496000e+01  7.92943474e-01  2.90858455e-01  1.27006364e-01  1.29947482e-01  1.52795150e+04 
 3.23148229e+14  1.92845153e+34  1.40831000e+01  8.55482017e-01  1.15666000e+01  7.97418102e-01  2.91491202e-01  1.26259994e-01  1.30113426e-01  1.49392014e+04 
 3.23489431e+14  1.94079265e+34  1.40891000e+01  8.60114764e-01  1.15846000e+01  8.02134087e-01  2.92163020e-01  1.25422403e-01  1.30296530e-01  1.45926939e+04 
 3.23830633e+14  1.95313377e+34  1.40961000e+01  8.64739213e-01  1.16026000e+01  8.06854230e-01  2.92789384e-01  1.24569397e-01  1.30428878e-01  1.42564446e+04 
 3.24171836e+14  1.96547489e+34  1.41021000e+01  8.69355273e-01  1.16196000e+01  8.11464988e-01  2.93453326e-01  1.23929946e-01  1.30603010e-01  1.39300942e+04 
 3.24513038e+14  1.97781601e+34  1.41091000e+01  8.73962847e-01  1.16376000e+01  8.16192885e-01  2.94071677e-01  1.23046234e-01  1.30726378e-01  1.36132968e+04 
 3.24854240e+14  1.99015713e+34  1.41151000e+01  8.78561847e-01  1.16546000e+01  8.20810574e-01  2.94727753e-01  1.22375568e-01  1.30891645e-01  1.33057207e+04 
 3.25195443e+14  2.00249825e+34  1.41211000e+01  8.83152194e-01  1.16726000e+01  8.25545946e-01  2.95379941e-01  1.21461820e-01  1.31052538e-01  1.30070466e+04 
 3.25536645e+14  2.01483937e+34  1.41281000e+01  8.87733804e-01  1.16896000e+01  8.30170313e-01  2.95986329e-01  1.20760585e-01  1.31162648e-01  1.27169678e+04 
 3.25877847e+14  2.02718049e+34  1.41341000e+01  8.92306599e-01  1.17066000e+01  8.34797756e-01  2.96630667e-01  1.20044132e-01  1.31314828e-01  1.24351899e+04 
 3.26219050e+14  2.03952161e+34  1.41411000e+01  8.96870506e-01  1.17236000e+01  8.39428223e-01  2.97229076e-01  1.19312582e-01  1.31416228e-01  1.21614297e+04 
 3.26560252e+14  2.05186273e+34  1.41471000e+01  9.01425453e-01  1.17406000e+01  8.44061658e-01  2.97865579e-01  1.18566130e-01  1.31559797e-01  1.18954153e+04 
 3.26901454e+14  2.06441211e+34  1.41541000e+01  9.06048054e-01  1.17576000e+01  8.48742977e-01  2.98470946e-01  1.17856661e-01  1.31659623e-01  1.16325821e+04 
 3.27242656e+14  2.07740461e+34  1.41611000e+01  9.10824644e-01  1.17756000e+01  8.53639456e-01  2.99103922e-01  1.17016489e-01  1.31769904e-01  1.13683044e+04 
 3.27583859e+14  2.09039711e+34  1.41671000e+01  9.15591949e-01  1.17926000e+01  8.58422768e-01  2.99775023e-01  1.16385744e-01  1.31922156e-01  1.11117149e+04 
 3.27925061e+14  2.10338961e+34  1.41741000e+01  9.20349883e-01  1.18096000e+01  8.63208973e-01  3.00399683e-01  1.15739071e-01  1.32023325e-01  1.08625479e+04 
 3.28266263e+14  2.11638210e+34  1.41811000e+01  9.25098361e-01  1.18276000e+01  8.68115574e-01  3.01020160e-01  1.14852680e-01  1.32119984e-01  1.06205482e+04 
 3.28607466e+14  2.12937460e+34  1.41881000e+01  9.29837302e-01  1.18446000e+01  8.72907760e-01  3.01636461e-01  1.14175024e-01  1.32212165e-01  1.03854705e+04 
 3.28948668e+14  2.14236710e+34  1.41951000e+01  9.34566638e-01  1.18616000e+01  8.77702661e-01  3.02248597e-01  1.13481960e-01  1.32299906e-01  1.01570790e+04 
 3.29289870e+14  2.15535960e+34  1.42021000e+01  9.39286289e-01  1.18786000e+01  8.82500224e-01  3.02856570e-01  1.12773638e-01  1.32383237e-01  9.93514688e+03 
 3.29631073e+14  2.16835210e+34  1.42091000e+01  9.43996190e-01  1.18946000e+01  8.87181494e-01  3.03460390e-01  1.12272599e-01  1.32513853e-01  9.72324675e+03 
 3.29972275e+14  2.18134459e+34  1.42151000e+01  9.48696272e-01  1.19116000e+01  8.91983890e-01  3.04102850e-01  1.11533879e-01  1.32583433e-01  9.50979743e+03 
 3.30313477e+14  2.19433709e+34  1.42221000e+01  9.53386473e-01  1.19286000e+01  8.96788779e-01  3.04698448e-01  1.10780395e-01  1.32653740e-01  9.30596878e+03 
 3.30654679e+14  2.20767197e+34  1.42291000e+01  9.58190041e-01  1.19456000e+01  9.01669189e-01  3.05313382e-01  1.10091035e-01  1.32730066e-01  9.10262358e+03 
 3.30995882e+14  2.22133982e+34  1.42371000e+01  9.63103388e-01  1.19626000e+01  9.06623170e-01  3.05903876e-01  1.09462543e-01  1.32817059e-01  8.90359433e+03 
 3.31337084e+14  2.23500767e+34  1.42441000e+01  9.68006465e-01  1.19796000e+01  9.11579626e-01  3.06532963e-01  1.08818157e-01  1.32842514e-01  8.70340608e+03 
 3.31678286e+14  2.24867551e+34  1.42511000e+01  9.72899190e-01  1.19966000e+01  9.16538490e-01  3.07157737e-01  1.08158044e-01  1.32915257e-01  8.51228084e+03 
 3.32019489e+14  2.26234336e+34  1.42581000e+01  9.77781494e-01  1.20136000e+01  9.21499696e-01  3.07778210e-01  1.07482392e-01  1.32983524e-01  8.32655644e+03 
 3.32360691e+14  2.27601121e+34  1.42651000e+01  9.82653305e-01  1.20306000e+01  9.26463183e-01  3.08394391e-01  1.06791378e-01  1.33047351e-01  8.14605090e+03 
 3.32701893e+14  2.28967906e+34  1.42731000e+01  9.87514554e-01  1.20476000e+01  9.31428893e-01  3.08962986e-01  1.06085150e-01  1.33060155e-01  7.97058913e+03 
 3.33043096e+14  2.30334691e+34  1.42801000e+01  9.92365177e-01  1.20636000e+01  9.36274504e-01  3.09570547e-01  1.05582348e-01  1.33115222e-01  7.80000288e+03 
 3.33384298e+14  2.31701476e+34  1.42871000e+01  9.97205115e-01  1.20806000e+01  9.41244172e-01  3.10173845e-01  1.04845859e-01  1.33165966e-01  7.63413015e+03 
 3.33725500e+14  2.33068261e+34  1.42941000e+01  1.00203431e+00  1.20966000e+01  9.46092958e-01  3.10772890e-01  1.04312375e-01  1.33212424e-01  7.47281510e+03 
 3.34066702e+14  2.34435046e+34  1.43011000e+01  1.00685270e+00  1.21126000e+01  9.50943084e-01  3.11367692e-01  1.03763634e-01  1.33254633e-01  7.31590780e+03 
 3.34407905e+14  2.35846966e+34  1.43091000e+01  1.01181899e+00  1.21296000e+01  9.56013175e-01  3.11944198e-01  1.03078668e-01  1.33258024e-01  7.15828863e+03 
 3.34749107e+14  2.37283714e+34  1.43161000e+01  1.01686148e+00  1.21466000e+01  9.61137535e-01  3.12576098e-01  1.02430946e-01  1.33310106e-01  7.00238675e+03 
 3.35090309e+14  2.38720462e+34  1.43241000e+01  1.02189271e+00  1.21636000e+01  9.66263846e-01  3.13159833e-01  1.01767592e-01  1.33311159e-01  6.85086005e+03 
 3.35431512e+14  2.40157209e+34  1.43321000e+01  1.02691262e+00  1.21796000e+01  9.71267381e-01  3.13739032e-01  1.01304605e-01  1.33359915e-01  6.70618258e+03 
 3.35772714e+14  2.41593957e+34  1.43391000e+01  1.03192115e+00  1.21966000e+01  9.76397080e-01  3.14357555e-01  1.00610183e-01  1.33346585e-01  6.56035248e+03 
 3.36113916e+14  2.43030705e+34  1.43471000e+01  1.03691823e+00  1.22126000e+01  9.81403192e-01  3.14927778e-01  1.00115739e-01  1.33386670e-01  6.42360576e+03 
 3.36455119e+14  2.44467452e+34  1.43541000e+01  1.04190381e+00  1.22296000e+01  9.86536048e-01  3.15537472e-01  9.93909582e-02  1.33364668e-01  6.28565987e+03 
 3.36796321e+14  2.45904200e+34  1.43621000e+01  1.04687782e+00  1.22456000e+01  9.91544547e-01  3.16098772e-01  9.88657387e-02  1.33396252e-01  6.15632787e+03 
 3.37137523e+14  2.47340948e+34  1.43691000e+01  1.05184022e+00  1.22616000e+01  9.96553988e-01  3.16699685e-01  9.83252425e-02  1.33365757e-01  6.02575794e+03 
 3.37478726e+14  2.48777695e+34  1.43761000e+01  1.05679096e+00  1.22776000e+01  1.00156433e+00  3.17296259e-01  9.77696278e-02  1.33383232e-01  5.90105417e+03 
 3.37819928e+14  2.50214443e+34  1.43841000e+01  1.06172998e+00  1.22936000e+01  1.00657553e+00  3.17844300e-01  9.71990298e-02  1.33350201e-01  5.77969771e+03 
 3.38161130e+14  2.51704201e+34  1.43921000e+01  1.06683904e+00  1.23106000e+01  1.01182479e+00  3.18420994e-01  9.65047195e-02  1.33377544e-01  5.65949173e+03 
 3.38502332e+14  2.53213366e+34  1.43991000e+01  1.07200256e+00  1.23266000e+01  1.01698806e+00  3.19049494e-01  9.60456946e-02  1.33347006e-01  5.53667821e+03 
 3.38843535e+14  2.54722531e+34  1.44071000e+01  1.07715384e+00  1.23436000e+01  1.02228011e+00  3.19629098e-01  9.53585364e-02  1.33317998e-01  5.41940162e+03 
 3.39184737e+14  2.56231696e+34  1.44151000e+01  1.08229285e+00  1.23596000e+01  1.02744514e+00  3.20204084e-01  9.48680195e-02  1.33284731e-01  5.30533886e+03 
 3.39525939e+14  2.57740861e+34  1.44231000e+01  1.08741952e+00  1.23756000e+01  1.03261078e+00  3.20774470e-01  9.43618814e-02  1.33299428e-01  5.19641838e+03 
 3.39867142e+14  2.59250026e+34  1.44301000e+01  1.09253380e+00  1.23926000e+01  1.03790605e+00  3.21384814e-01  9.36293188e-02  1.33251786e-01  5.08643749e+03 
 3.40208344e+14  2.60759191e+34  1.44381000e+01  1.09763564e+00  1.24086000e+01  1.04307314e+00  3.21946097e-01  9.30927896e-02  1.33206002e-01  4.98139984e+03 
 3.40549546e+14  2.62268356e+34  1.44461000e+01  1.10272499e+00  1.24236000e+01  1.04811098e+00  3.22502827e-01  9.27514194e-02  1.33208316e-01  4.88108886e+03 
 3.40890749e+14  2.63777521e+34  1.44531000e+01  1.10780181e+00  1.24396000e+01  1.05327864e+00  3.23099731e-01  9.21845315e-02  1.33148354e-01  4.77968043e+03 
 3.41231951e+14  2.65286686e+34  1.44611000e+01  1.11286606e+00  1.24556000e+01  1.05844669e+00  3.23647452e-01  9.16028710e-02  1.33090485e-01  4.68282092e+03 
 3.41573153e+14  2.66795851e+34  1.44691000e+01  1.11791769e+00  1.24716000e+01  1.06361508e+00  3.24190668e-01  9.10066528e-02  1.33080828e-01  4.59031319e+03 
 3.41914355e+14  2.68362332e+34  1.44771000e+01  1.12314805e+00  1.24876000e+01  1.06890060e+00  3.24763445e-01  9.04995789e-02  1.33026556e-01  4.49499862e+03 
 3.42255558e+14  2.69946393e+34  1.44851000e+01  1.12842403e+00  1.25036000e+01  1.07422221e+00  3.25341975e-01  9.00086711e-02  1.32971639e-01  4.40122192e+03 
 3.42596760e+14  2.71530454e+34  1.44931000e+01  1.13368683e+00  1.25196000e+01  1.07954400e+00  3.25915803e-01  8.95021845e-02  1.32912595e-01  4.30998206e+03 
 3.42937962e+14  2.73114515e+34  1.45011000e+01  1.13893640e+00  1.25356000e+01  1.08486593e+00  3.26484951e-01  8.89803038e-02  1.32849478e-01  4.22119694e+03 
 3.43279165e+14  2.74698576e+34  1.45081000e+01  1.14417269e+00  1.25516000e+01  1.09018794e+00  3.27094528e-01  8.84432300e-02  1.32776043e-01  4.13316667e+03 
 3.43620367e+14  2.76282637e+34  1.45161000e+01  1.14939566e+00  1.25676000e+01  1.09550999e+00  3.27654422e-01  8.78911265e-02  1.32704911e-01  4.04908932e+03 
 3.43961569e+14  2.77866698e+34  1.45241000e+01  1.15460528e+00  1.25826000e+01  1.10069897e+00  3.28209689e-01  8.75308398e-02  1.32629863e-01  3.96723709e+03 
 3.44302772e+14  2.79450758e+34  1.45321000e+01  1.15980150e+00  1.25986000e+01  1.10602064e+00  3.28760345e-01  8.69488311e-02  1.32550950e-01  3.88753927e+03 
 3.44643974e+14  2.81034819e+34  1.45401000e+01  1.16498428e+00  1.26136000e+01  1.11120847e+00  3.29306412e-01  8.65583494e-02  1.32520204e-01  3.81142270e+03 
 3.44985176e+14  2.82618880e+34  1.45481000e+01  1.17015359e+00  1.26296000e+01  1.11652959e+00  3.29847906e-01  8.59471719e-02  1.32433685e-01  3.73580223e+03 
 3.45326378e+14  2.84202941e+34  1.45551000e+01  1.17530941e+00  1.26446000e+01  1.12171613e+00  3.30430249e-01  8.55271752e-02  1.32336978e-01  3.66070303e+03 
 3.45667581e+14  2.85844471e+34  1.45631000e+01  1.18063823e+00  1.26606000e+01  1.12715149e+00  3.30995167e-01  8.49831457e-02  1.32252764e-01  3.58639469e+03 
 3.46008783e+14  2.87505927e+34  1.45721000e+01  1.18601772e+00  1.26766000e+01  1.13262640e+00  3.31521092e-01  8.44571631e-02  1.32174529e-01  3.51456006e+03 
 3.46349985e+14  2.89167384e+34  1.45801000e+01  1.19138310e+00  1.26916000e+01  1.13796555e+00  3.32087724e-01  8.41203283e-02  1.32085886e-01  3.44326250e+03 
 3.46691188e+14  2.90828840e+34  1.45881000e+01  1.19673431e+00  1.27076000e+01  1.14343936e+00  3.32649628e-01  8.35639677e-02  1.31993392e-01  3.37384796e+03 
 3.47032390e+14  2.92490296e+34  1.45961000e+01  1.20207133e+00  1.27236000e+01  1.14891269e+00  3.33206823e-01  8.29928798e-02  1.31897101e-01  3.30625676e+03 
 3.47373592e+14  2.94151752e+34  1.46041000e+01  1.20739413e+00  1.27386000e+01  1.15424914e+00  3.33759331e-01  8.26104271e-02  1.31797071e-01  3.24043139e+03 
 3.47714795e+14  2.95813208e+34  1.46121000e+01  1.21270266e+00  1.27536000e+01  1.15958439e+00  3.34307171e-01  8.22129107e-02  1.31693350e-01  3.17631638e+03 
 3.48055997e+14  2.97474664e+34  1.46201000e+01  1.21799690e+00  1.27696000e+01  1.16505541e+00  3.34850361e-01  8.15979966e-02  1.31585993e-01  3.11385829e+03 
 3.48397199e+14  2.99136120e+34  1.46281000e+01  1.22327682e+00  1.27846000e+01  1.17038846e+00  3.35388923e-01  8.11712159e-02  1.31475050e-01  3.05300556e+03 
 3.48738402e+14  3.00797576e+34  1.46361000e+01  1.22854240e+00  1.27996000e+01  1.17572018e+00  3.35922874e-01  8.07299011e-02  1.31360572e-01  2.99370850e+03 
 3.49079604e+14  3.02459032e+34  1.46431000e+01  1.23379361e+00  1.28146000e+01  1.18105055e+00  3.36498197e-01  8.02742450e-02  1.31235832e-01  2.93476529e+03 
 3.49420806e+14  3.04173337e+34  1.46511000e+01  1.23919695e+00  1.28296000e+01  1.18648314e+00  3.37051396e-01  7.98852734e-02  1.31121889e-01  2.87668999e+03 
 3.49762008e+14  3.05914704e+34  1.46601000e+01  1.24467066e+00  1.28446000e+01  1.19196724e+00  3.37568288e-01  7.95224922e-02  1.31014949e-01  2.82034107e+03 
 3.50103211e+14  3.07656072e+34  1.46681000e+01  1.25012934e+00  1.28606000e+01  1.19758876e+00  3.38126408e-01  7.89439565e-02  1.30897547e-01  2.76435906e+03 
 3.50444413e+14  3.09397440e+34  1.46761000e+01  1.25557296e+00  1.28756000e+01  1.20306999e+00  3.38679767e-01  7.85511539e-02  1.30776545e-01  2.70982833e+03 
 3.50785615e+14  3.11138807e+34  1.46841000e+01  1.26100149e+00  1.28906000e+01  1.20854953e+00  3.39228385e-01  7.81434485e-02  1.30600603e-01  2.65565855e+03 
 3.51126818e+14  3.12880175e+34  1.46921000e+01  1.26641489e+00  1.29056000e+01  1.21402736e+00  3.39772286e-01  7.77210251e-02  1.30472608e-01  2.60391651e+03 
 3.51468020e+14  3.14621542e+34  1.47001000e+01  1.27181316e+00  1.29206000e+01  1.21950345e+00  3.40311491e-01  7.72840573e-02  1.30341181e-01  2.55349433e+03 
 3.51809222e+14  3.16362910e+34  1.47081000e+01  1.27719627e+00  1.29356000e+01  1.22497775e+00  3.40846020e-01  7.68327121e-02  1.30206372e-01  2.50435145e+03 
 3.52150425e+14  3.18104278e+34  1.47161000e+01  1.28256420e+00  1.29506000e+01  1.23045023e+00  3.41375894e-01  7.63671752e-02  1.30068233e-01  2.45644874e+03 
 3.52491627e+14  3.19845645e+34  1.47241000e+01  1.28791693e+00  1.29646000e+01  1.23577958e+00  3.41901134e-01  7.60858137e-02  1.29926817e-01  2.40974844e+03 
 3.52832829e+14  3.21587013e+34  1.47321000e+01  1.29325445e+00  1.29796000e+01  1.24124802e+00  3.42421761e-01  7.55920435e-02  1.29782172e-01  2.36421410e+03 
 3.53174031e+14  3.23371176e+34  1.47401000e+01  1.29870746e+00  1.29946000e+01  1.24679662e+00  3.42959589e-01  7.51448332e-02  1.29639329e-01  2.31873237e+03 
 3.53515234e+14  3.25194985e+34  1.47481000e+01  1.30426583e+00  1.30096000e+01  1.25241919e+00  3.43512839e-01  7.47388554e-02  1.29497733e-01  2.27342340e+03 
 3.53856436e+14  3.27018794e+34  1.47571000e+01  1.30980828e+00  1.30246000e+01  1.25803960e+00  3.44014646e-01  7.43181333e-02  1.29359899e-01  2.23015214e+03 
 3.54197638e+14  3.28842603e+34  1.47651000e+01  1.31533478e+00  1.30396000e+01  1.26365783e+00  3.44558258e-01  7.38828848e-02  1.29211620e-01  2.18710882e+03 
 3.54538841e+14  3.30666412e+34  1.47731000e+01  1.32084532e+00  1.30546000e+01  1.26927383e+00  3.45097112e-01  7.34332883e-02  1.29060072e-01  2.14515489e+03 
 3.54880043e+14  3.32490221e+34  1.47811000e+01  1.32633989e+00  1.30686000e+01  1.27474404e+00  3.45631230e-01  7.31654127e-02  1.28905309e-01  2.10425714e+03 
 3.55221245e+14  3.34314030e+34  1.47891000e+01  1.33181846e+00  1.30836000e+01  1.28035517e+00  3.46160638e-01  7.26873077e-02  1.28747387e-01  2.06438349e+03 
 3.55562448e+14  3.36137839e+34  1.47971000e+01  1.33728103e+00  1.30976000e+01  1.28581980e+00  3.46685355e-01  7.23906368e-02  1.28535641e-01  2.02470418e+03 
 3.55903650e+14  3.37961648e+34  1.48051000e+01  1.34272758e+00  1.31126000e+01  1.29142592e+00  3.47205405e-01  7.18847097e-02  1.28371609e-01  1.98680178e+03 
 3.56244852e+14  3.39785457e+34  1.48131000e+01  1.34815811e+00  1.31266000e+01  1.29688485e+00  3.47720809e-01  7.15599323e-02  1.28255175e-01  1.95060307e+03 
 3.56586054e+14  3.41609266e+34  1.48211000e+01  1.35357262e+00  1.31406000e+01  1.30234075e+00  3.48231589e-01  7.12211990e-02  1.28085129e-01  1.91452692e+03 
 3.56927257e+14  3.43459691e+34  1.48291000e+01  1.35904979e+00  1.31546000e+01  1.30784341e+00  3.48750619e-01  7.09031176e-02  1.27914670e-01  1.87882298e+03 
 3.57268459e+14  3.45368481e+34  1.48371000e+01  1.36468303e+00  1.31696000e+01  1.31359799e+00  3.49293080e-01  7.04522358e-02  1.27696195e-01  1.84218184e+03 
 3.57609661e+14  3.47277270e+34  1.48451000e+01  1.37029949e+00  1.31846000e+01  1.31934983e+00  3.49830723e-01  6.99872396e-02  1.27525115e-01  1.80718353e+03 
 3.57950864e+14  3.49186060e+34  1.48541000e+01  1.37589916e+00  1.31986000e+01  1.32495254e+00  3.50316397e-01  6.97013195e-02  1.27358435e-01  1.77375972e+03 
 3.58292066e+14  3.51094850e+34  1.48621000e+01  1.38148203e+00  1.32136000e+01  1.33069853e+00  3.50844440e-01  6.92082474e-02  1.27181368e-01  1.74047013e+03 
 3.58633268e+14  3.53003640e+34  1.48701000e+01  1.38704809e+00  1.32276000e+01  1.33629470e+00  3.51367743e-01  6.88939949e-02  1.27001376e-01  1.70800314e+03 
 3.58974471e+14  3.54912430e+34  1.48781000e+01  1.39259733e+00  1.32416000e+01  1.34188739e+00  3.51886329e-01  6.85656836e-02  1.26818512e-01  1.67633420e+03 
 3.59315673e+14  3.56821220e+34  1.48861000e+01  1.39812976e+00  1.32556000e+01  1.34747656e+00  3.52400221e-01  6.82234863e-02  1.26632830e-01  1.64543962e+03 
 3.59656875e+14  3.58730009e+34  1.48941000e+01  1.40364538e+00  1.32696000e+01  1.35306222e+00  3.52909446e-01  6.78675581e-02  1.26444382e-01  1.61529646e+03 
 3.59998078e+14  3.60638799e+34  1.49021000e+01  1.40914418e+00  1.32836000e+01  1.35864434e+00  3.53414022e-01  6.74980560e-02  1.26253215e-01  1.58588263e+03 
 3.60339280e+14  3.62547589e+34  1.49101000e+01  1.41462616e+00  1.32976000e+01  1.36422289e+00  3.53913975e-01  6.71151465e-02  1.26059382e-01  1.55717676e+03 
 3.60680482e+14  3.64459959e+34  1.49181000e+01  1.42010156e+00  1.33116000e+01  1.36980439e+00  3.54410966e-01  6.67232634e-02  1.25863193e-01  1.52910627e+03 
 3.61021684e+14  3.66456275e+34  1.49261000e+01  1.42579974e+00  1.33256000e+01  1.37553558e+00  3.54941645e-01  6.64173213e-02  1.25670438e-01  1.50051584e+03 
 3.61362887e+14  3.68452591e+34  1.49341000e+01  1.43148032e+00  1.33396000e+01  1.38126286e+00  3.55467510e-01  6.60972133e-02  1.25474893e-01  1.47262980e+03 
 3.61704089e+14  3.70448906e+34  1.49421000e+01  1.43714329e+00  1.33536000e+01  1.38698621e+00  3.55988587e-01  6.57630969e-02  1.25276616e-01  1.44542724e+03 
 3.62045291e+14  3.72445222e+34  1.49501000e+01  1.44278865e+00  1.33676000e+01  1.39270561e+00  3.56504904e-01  6.54151539e-02  1.25075662e-01  1.41888792e+03 
 3.62386494e+14  3.74441538e+34  1.49581000e+01  1.44841641e+00  1.33816000e+01  1.39842103e+00  3.57016483e-01  6.50535489e-02  1.24822627e-01  1.39244059e+03 
 3.62727696e+14  3.76437854e+34  1.49661000e+01  1.45402657e+00  1.33956000e+01  1.40413244e+00  3.57523352e-01  6.46784614e-02  1.24616547e-01  1.36717966e+03 
 3.63068898e+14  3.78434170e+34  1.49741000e+01  1.45961914e+00  1.34096000e+01  1.40983982e+00  3.58025534e-01  6.42900522e-02  1.24407946e-01  1.34252505e+03 
 3.63410101e+14  3.80430486e+34  1.49821000e+01  1.46519412e+00  1.34226000e+01  1.41539172e+00  3.58523054e-01  6.40767899e-02  1.24246119e-01  1.31898187e+03 
 3.63751303e+14  3.82426802e+34  1.49901000e+01  1.47075153e+00  1.34366000e+01  1.42109068e+00  3.59015935e-01  6.36619188e-02  1.24032556e-01  1.29547841e+03 
 3.64092505e+14  3.84423118e+34  1.49981000e+01  1.47629137e+00  1.34496000e+01  1.42663351e+00  3.59504202e-01  6.34219528e-02  1.23816621e-01  1.27253034e+03 
 3.64433707e+14  3.86419433e+34  1.50061000e+01  1.48181365e+00  1.34636000e+01  1.43232397e+00  3.59987879e-01  6.29812793e-02  1.23598361e-01  1.25012175e+03 
 3.64774910e+14  3.88478745e+34  1.50141000e+01  1.48749200e+00  1.34766000e+01  1.43796971e+00  3.60494187e-01  6.27834808e-02  1.23381206e-01  1.22755430e+03 
 3.65116112e+14  3.90565134e+34  1.50221000e+01  1.49322671e+00  1.34906000e+01  1.44381157e+00  3.61007420e-01  6.24141642e-02  1.23163064e-01  1.20523949e+03 
 3.65457314e+14  3.92651522e+34  1.50301000e+01  1.49894304e+00  1.35046000e+01  1.44964894e+00  3.61515879e-01  6.20314678e-02  1.22942498e-01  1.18346144e+03 
 3.65798517e+14  3.94737911e+34  1.50381000e+01  1.50464100e+00  1.35176000e+01  1.45532821e+00  3.62019589e-01  6.18218419e-02  1.22719562e-01  1.16220453e+03 
 3.66139719e+14  3.96824300e+34  1.50461000e+01  1.51032059e+00  1.35316000e+01  1.46115630e+00  3.62518576e-01  6.14125185e-02  1.22494308e-01  1.14145366e+03 
 3.66480921e+14  3.98910688e+34  1.50541000e+01  1.51598185e+00  1.35446000e+01  1.46682560e+00  3.63012868e-01  6.11760729e-02  1.22266787e-01  1.12119424e+03 
 3.66822124e+14  4.00997077e+34  1.50621000e+01  1.52162476e+00  1.35586000e+01  1.47264429e+00  3.63502488e-01  6.07408319e-02  1.22037048e-01  1.10141216e+03 
 3.67163326e+14  4.03083466e+34  1.50691000e+01  1.52724936e+00  1.35716000e+01  1.47830359e+00  3.64035779e-01  6.04781815e-02  1.21797143e-01  1.08166379e+03 
 3.67504528e+14  4.05169854e+34  1.50771000e+01  1.53285566e+00  1.35846000e+01  1.48395769e+00  3.64516171e-01  6.02025447e-02  1.21563097e-01  1.06280330e+03 
 3.67845730e+14  4.07256243e+34  1.50851000e+01  1.53844369e+00  1.35976000e+01  1.48960658e+00  3.64991967e-01  5.99140785e-02  1.21375234e-01  1.04479577e+03 
 3.68186933e+14  4.09342631e+34  1.50931000e+01  1.54401345e+00  1.36106000e+01  1.49525028e+00  3.65463189e-01  5.96129203e-02  1.21137002e-01  1.02679101e+03 
 3.68528135e+14  4.11455486e+34  1.51011000e+01  1.54963530e+00  1.36236000e+01  1.50093453e+00  3.65940679e-01  5.93255517e-02  1.20897791e-01  1.00897906e+03 
 3.68869337e+14  4.13634491e+34  1.51091000e+01  1.55541415e+00  1.36376000e+01  1.50688407e+00  3.66440507e-01  5.89070200e-02  1.20659004e-01  9.91039275e+02 
 3.69210540e+14  4.15813497e+34  1.51171000e+01  1.56117388e+00  1.36506000e+01  1.51267201e+00  3.66935578e-01  5.86591754e-02  1.20418102e-01  9.73522978e+02 
 3.69551742e+14  4.17992502e+34  1.51241000e+01  1.56691451e+00  1.36636000e+01  1.51845430e+00  3.67474519e-01  5.83981793e-02  1.20167018e-01  9.56037329e+02 
 3.69892944e+14  4.20171508e+34  1.51321000e+01  1.57263607e+00  1.36766000e+01  1.52423094e+00  3.67960202e-01  5.81241360e-02  1.19922028e-01  9.39338644e+02 
 3.70234147e+14  4.22350513e+34  1.51401000e+01  1.57833858e+00  1.36896000e+01  1.53000194e+00  3.68441211e-01  5.78372101e-02  1.19675075e-01  9.23028152e+02 
 3.70575349e+14  4.24529519e+34  1.51481000e+01  1.58402205e+00  1.37026000e+01  1.53576727e+00  3.68917571e-01  5.75375669e-02  1.19473810e-01  9.07456453e+02 
 3.70916551e+14  4.26708524e+34  1.51561000e+01  1.58968652e+00  1.37156000e+01  1.54152693e+00  3.69389311e-01  5.72253641e-02  1.19222988e-01  8.91883710e+02 
 3.71257754e+14  4.28887530e+34  1.51631000e+01  1.59533201e+00  1.37286000e+01  1.54728090e+00  3.69905246e-01  5.69007681e-02  1.18962138e-01  8.76318013e+02 
 3.71598956e+14  4.31066535e+34  1.51711000e+01  1.60095854e+00  1.37416000e+01  1.55302916e+00  3.70367853e-01  5.65639116e-02  1.18755056e-01  8.61797865e+02 
 3.71940158e+14  4.33245540e+34  1.51791000e+01  1.60656616e+00  1.37536000e+01  1.55861273e+00  3.70825916e-01  5.63963001e-02  1.18498797e-01  8.47265186e+02 
 3.72281360e+14  4.35424546e+34  1.51861000e+01  1.61215487e+00  1.37666000e+01  1.56434930e+00  3.71328361e-01  5.60351160e-02  1.18232593e-01  8.32727825e+02 
 3.72622563e+14  4.37679390e+34  1.51941000e+01  1.61791846e+00  1.37796000e+01  1.57020744e+00  3.71806652e-01  5.57308148e-02  1.18021833e-01  8.18695668e+02 
 3.72963765e+14  4.39953549e+34  1.52021000e+01  1.62371168e+00  1.37926000e+01  1.57609192e+00  3.72287680e-01  5.54313699e-02  1.17762540e-01  8.04542323e+02 
 3.73304967e+14  4.42227708e+34  1.52101000e+01  1.62948513e+00  1.38046000e+01  1.58181010e+00  3.72764008e-01  5.52996133e-02  1.17501491e-01  7.90715218e+02 
 3.73646170e+14  4.44501867e+34  1.52181000e+01  1.63523883e+00  1.38176000e+01  1.58768201e+00  3.73235665e-01  5.49748689e-02  1.17238733e-01  7.77205222e+02 
 3.73987372e+14  4.46776027e+34  1.52251000e+01  1.64097281e+00  1.38306000e+01  1.59354776e+00  3.73751776e-01  5.46378750e-02  1.16965983e-01  7.63698255e+02 
 3.74328574e+14  4.49050186e+34  1.52331000e+01  1.64668711e+00  1.38426000e+01  1.59924630e+00  3.74214210e-01  5.44682383e-02  1.16746598e-01  7.51101524e+02 
 3.74669777e+14  4.51324345e+34  1.52411000e+01  1.65238176e+00  1.38556000e+01  1.60509942e+00  3.74672050e-01  5.41068627e-02  1.16478884e-01  7.38490957e+02 
 3.75010979e+14  4.53598505e+34  1.52481000e+01  1.65805679e+00  1.38676000e+01  1.61078474e+00  3.75174540e-01  5.39126612e-02  1.16247760e-01  7.26163838e+02 
 3.75352181e+14  4.55872664e+34  1.52561000e+01  1.66371224e+00  1.38796000e+01  1.61646328e+00  3.75623313e-01  5.37062723e-02  1.15976926e-01  7.14112349e+02 
 3.75693383e+14  4.58146823e+34  1.52631000e+01  1.66934815e+00  1.38926000e+01  1.62229729e+00  3.76116859e-01  5.33093441e-02  1.15696246e-01  7.02047985e+02 
 3.76034586e+14  4.60420982e+34  1.52711000e+01  1.67496454e+00  1.39046000e+01  1.62796263e+00  3.76556663e-01  5.30792183e-02  1.15468772e-01  6.90806554e+02 
 3.76375788e+14  4.62717612e+34  1.52781000e+01  1.68061668e+00  1.39166000e+01  1.63365780e+00  3.77049547e-01  5.28560051e-02  1.15185445e-01  6.79155740e+02 
 3.76716990e+14  4.65089451e+34  1.52861000e+01  1.68643360e+00  1.39286000e+01  1.63946836e+00  3.77515902e-01  5.26830170e-02  1.14955998e-01  6.67939711e+02 
 3.77058193e+14  4.67461290e+34  1.52941000e+01  1.69223011e+00  1.39416000e+01  1.64543514e+00  3.77977590e-01  5.23199918e-02  1.14678953e-01  6.56711530e+02 
 3.77399395e+14  4.69833128e+34  1.53011000e+01  1.69800624e+00  1.39536000e+01  1.65123159e+00  3.78484118e-01  5.21224026e-02  1.14437891e-01  6.45736119e+02 
 3.77740597e+14  4.72204967e+34  1.53091000e+01  1.70376205e+00  1.39656000e+01  1.65702082e+00  3.78936599e-01  5.19126036e-02  1.14157958e-01  6.35006506e+02 
 3.78081800e+14  4.74576806e+34  1.53161000e+01  1.70949756e+00  1.39786000e+01  1.66296708e+00  3.79434049e-01  5.15140359e-02  1.13868203e-01  6.24265577e+02 
 3.78423002e+14  4.76948644e+34  1.53241000e+01  1.71521282e+00  1.39906000e+01  1.66874217e+00  3.79877430e-01  5.12805200e-02  1.13631238e-01  6.14258159e+02 
 3.78764204e+14  4.79320483e+34  1.53311000e+01  1.72090787e+00  1.40026000e+01  1.67451005e+00  3.80365907e-01  5.10352641e-02  1.13338824e-01  6.03984166e+02 
 3.79105406e+14  4.81692322e+34  1.53391000e+01  1.72658276e+00  1.40146000e+01  1.68027070e+00  3.80800292e-01  5.07783854e-02  1.13099122e-01  5.94415334e+02 
 3.79446609e+14  4.84064160e+34  1.53461000e+01  1.73223753e+00  1.40256000e+01  1.68585877e+00  3.81279896e-01  5.06857864e-02  1.12849524e-01  5.84818386e+02 
 3.79787811e+14  4.86435999e+34  1.53531000e+01  1.73787221e+00  1.40376000e+01  1.69160474e+00  3.81755122e-01  5.04058482e-02  1.12553363e-01  5.75198907e+02 
 3.80129013e+14  4.88807838e+34  1.53611000e+01  1.74348687e+00  1.40496000e+01  1.69734351e+00  3.82176221e-01  5.01146858e-02  1.12309796e-01  5.66244760e+02 
 3.80470216e+14  4.91237954e+34  1.53681000e+01  1.74921886e+00  1.40616000e+01  1.70316688e+00  3.82662713e-01  4.98565588e-02  1.12056437e-01  5.57038636e+02 
 3.80811418e+14  4.93709981e+34  1.53761000e+01  1.75502884e+00  1.40736000e+01  1.70904869e+00  3.83109240e-01  4.96184229e-02  1.11765398e-01  5.47879977e+02 
 3.81152620e+14  4.96182009e+34  1.53831000e+01  1.76081787e+00  1.40856000e+01  1.71492284e+00  3.83601047e-01  4.93685431e-02  1.11509475e-01  5.38923692e+02 
 3.81493823e+14  4.98654037e+34  1.53911000e+01  1.76658601e+00  1.40976000e+01  1.72078929e+00  3.84038447e-01  4.91070560e-02  1.11216116e-01  5.30164288e+02 
 3.81835025e+14  5.01126064e+34  1.53981000e+01  1.77233329e+00  1.41086000e+01  1.72648076e+00  3.84521256e-01  4.90081670e-02  1.10957743e-01  5.21596530e+02 
 3.82176227e+14  5.03598092e+34  1.54051000e+01  1.77805978e+00  1.41206000e+01  1.73233162e+00  3.84999625e-01  4.87236580e-02  1.10698153e-01  5.13215278e+02 
 3.82517430e+14  5.06070120e+34  1.54131000e+01  1.78376550e+00  1.41326000e+01  1.73817480e+00  3.85423554e-01  4.84279446e-02  1.10401557e-01  5.05015555e+02 
 3.82858632e+14  5.08542147e+34  1.54201000e+01  1.78945053e+00  1.41436000e+01  1.74384217e+00  3.85893082e-01  4.82945512e-02  1.10139747e-01  4.96992594e+02 
 3.83199834e+14  5.11014175e+34  1.54271000e+01  1.79511491e+00  1.41556000e+01  1.74966978e+00  3.86358245e-01  4.79766607e-02  1.09876830e-01  4.89141716e+02 
 3.83541036e+14  5.13486203e+34  1.54341000e+01  1.80075869e+00  1.41666000e+01  1.75532103e+00  3.86819072e-01  4.78208695e-02  1.09612844e-01  4.81458405e+02 
 3.83882239e+14  5.15958230e+34  1.54411000e+01  1.80638193e+00  1.41776000e+01  1.76096412e+00  3.87275582e-01  4.76539509e-02  1.09303719e-01  4.73747137e+02 
 3.84223441e+14  5.18430258e+34  1.54481000e+01  1.81198467e+00  1.41896000e+01  1.76676826e+00  3.87727803e-01  4.73036468e-02  1.09037787e-01  4.66388861e+02 
 3.84564643e+14  5.20989419e+34  1.54561000e+01  1.81776360e+00  1.42006000e+01  1.77252792e+00  3.88153662e-01  4.71750864e-02  1.08778864e-01  4.59119224e+02 
 3.84905846e+14  5.23564124e+34  1.54631000e+01  1.82355621e+00  1.42126000e+01  1.77847238e+00  3.88630279e-01  4.68737397e-02  1.08510043e-01  4.51778294e+02 
 3.85247048e+14  5.26138830e+34  1.54701000e+01  1.82932741e+00  1.42236000e+01  1.78423869e+00  3.89102446e-01  4.67330660e-02  1.08240194e-01  4.44595782e+02 
 3.85588250e+14  5.28713535e+34  1.54771000e+01  1.83507725e+00  1.42356000e+01  1.79016663e+00  3.89570190e-01  4.64095865e-02  1.07925729e-01  4.37390716e+02 
 3.85929453e+14  5.31288241e+34  1.54851000e+01  1.84080578e+00  1.42466000e+01  1.79591592e+00  3.89983156e-01  4.62465476e-02  1.07662784e-01  4.30689424e+02 
 3.86270655e+14  5.33862947e+34  1.54921000e+01  1.84651307e+00  1.42576000e+01  1.80165656e+00  3.90442096e-01  4.60724554e-02  1.07390173e-01  4.23957621e+02 
 3.86611857e+14  5.36437652e+34  1.54991000e+01  1.85219917e+00  1.42686000e+01  1.80738857e+00  3.90896693e-01  4.58874228e-02  1.07116677e-01  4.17368279e+02 
 3.86953059e+14  5.39012358e+34  1.55061000e+01  1.85786415e+00  1.42796000e+01  1.81311196e+00  3.91346971e-01  4.56915845e-02  1.06842329e-01  4.10917708e+02 
 3.87294262e+14  5.41587063e+34  1.55131000e+01  1.86350806e+00  1.42906000e+01  1.81882677e+00  3.91792955e-01  4.54850469e-02  1.06567164e-01  4.04602325e+02 
 3.87635464e+14  5.44161769e+34  1.55201000e+01  1.86913095e+00  1.43016000e+01  1.82453300e+00  3.92234670e-01  4.52679407e-02  1.06291212e-01  3.98418657e+02 
 3.87976666e+14  5.46736474e+34  1.55271000e+01  1.87473290e+00  1.43126000e+01  1.83023068e+00  3.92672141e-01  4.50403886e-02  1.06014505e-01  3.92363334e+02 
 3.88317869e+14  5.49314067e+34  1.55341000e+01  1.88032021e+00  1.43236000e+01  1.83592404e+00  3.93106274e-01  4.48043629e-02  1.05737032e-01  3.86426507e+02 
 3.88659071e+14  5.51993914e+34  1.55411000e+01  1.88610736e+00  1.43346000e+01  1.84175904e+00  3.93567285e-01  4.46221782e-02  1.05457234e-01  3.80383339e+02 
 3.89000273e+14  5.54673761e+34  1.55481000e+01  1.89187262e+00  1.43456000e+01  1.84758495e+00  3.94023892e-01  4.44290884e-02  1.05176662e-01  3.74468185e+02 
 3.89341476e+14  5.57353608e+34  1.55551000e+01  1.89761607e+00  1.43566000e+01  1.85340182e+00  3.94476123e-01  4.42252094e-02  1.04895350e-01  3.68677730e+02 
 3.89682678e+14  5.60033455e+34  1.55621000e+01  1.90333777e+00  1.43676000e+01  1.85920964e+00  3.94924006e-01  4.40106810e-02  1.04613332e-01  3.63008755e+02 
 3.90023880e+14  5.62713302e+34  1.55691000e+01  1.90903777e+00  1.43786000e+01  1.86500844e+00  3.95367568e-01  4.37856261e-02  1.04330642e-01  3.57458140e+02 
 3.90365083e+14  5.65393149e+34  1.55761000e+01  1.91471616e+00  1.43896000e+01  1.87079821e+00  3.95806834e-01  4.35501918e-02  1.04047311e-01  3.52022856e+02 
 3.90706285e+14  5.68072996e+34  1.55831000e+01  1.92037299e+00  1.43996000e+01  1.87640467e+00  3.96241831e-01  4.34726552e-02  1.03763370e-01  3.46699962e+02 
 3.91047487e+14  5.70752843e+34  1.55891000e+01  1.92600833e+00  1.44106000e+01  1.88217623e+00  3.96723484e-01  4.32165778e-02  1.03469972e-01  3.41347813e+02 
 3.91388689e+14  5.73432691e+34  1.55961000e+01  1.93162224e+00  1.44216000e+01  1.88793880e+00  3.97150049e-01  4.29504861e-02  1.03226871e-01  3.36380039e+02 
 3.91729892e+14  5.76112538e+34  1.56031000e+01  1.93721480e+00  1.44316000e+01  1.89351737e+00  3.97572421e-01  4.28419963e-02  1.02941175e-01  3.31377540e+02 
 3.92071094e+14  5.78792385e+34  1.56101000e+01  1.94278607e+00  1.44416000e+01  1.89908648e+00  3.97990622e-01  4.27233247e-02  1.02654986e-01  3.26476519e+02 
 3.92412296e+14  5.81484573e+34  1.56161000e+01  1.94836163e+00  1.44526000e+01  1.90483930e+00  3.98459256e-01  4.24345111e-02  1.02400853e-01  3.21652564e+02 
 3.92753499e+14  5.84271995e+34  1.56231000e+01  1.95411229e+00  1.44636000e+01  1.91071792e+00  3.98899977e-01  4.21903522e-02  1.02111296e-01  3.16760230e+02 
 3.93094701e+14  5.87059418e+34  1.56301000e+01  1.95984072e+00  1.44736000e+01  1.91641103e+00  3.99336371e-01  4.21026248e-02  1.01821235e-01  3.11969144e+02 
 3.93435903e+14  5.89846840e+34  1.56371000e+01  1.96554700e+00  1.44846000e+01  1.92227055e+00  3.99768470e-01  4.18379071e-02  1.01530704e-01  3.07276736e+02 
 3.93777106e+14  5.92634263e+34  1.56441000e+01  1.97123120e+00  1.44946000e+01  1.92794405e+00  4.00196300e-01  4.17294778e-02  1.01239732e-01  3.02680516e+02 
 3.94118308e+14  5.95421685e+34  1.56501000e+01  1.97689339e+00  1.45056000e+01  1.93378452e+00  4.00671093e-01  4.14447310e-02  1.00980609e-01  2.98178074e+02 
 3.94459510e+14  5.98209107e+34  1.56571000e+01  1.98253365e+00  1.45156000e+01  1.93943852e+00  4.01090494e-01  4.13160764e-02  1.00688737e-01  2.93767038e+02 
 3.94800712e+14  6.00996530e+34  1.56641000e+01  1.98815205e+00  1.45256000e+01  1.94508266e+00  4.01505704e-01  4.11773857e-02  1.00396510e-01  2.89445137e+02 
 3.95141915e+14  6.03783952e+34  1.56701000e+01  1.99374866e+00  1.45356000e+01  1.95071697e+00  4.01968055e-01  4.10288056e-02  1.00135905e-01  2.85210168e+02 
 3.95483117e+14  6.06571375e+34  1.56771000e+01  1.99932355e+00  1.45456000e+01  1.95634148e+00  4.02374988e-01  4.08704143e-02  9.98429414e-02  2.81059958e+02 
 3.95824319e+14  6.09358797e+34  1.56831000e+01  2.00487681e+00  1.45566000e+01  1.96213433e+00  4.02829180e-01  4.05373073e-02  9.95814496e-02  2.76992440e+02 
 3.96165522e+14  6.12146219e+34  1.56901000e+01  2.01040850e+00  1.45666000e+01  1.96773957e+00  4.03227933e-01  4.03598435e-02  9.92878533e-02  2.73005564e+02 
 3.96506724e+14  6.14945388e+34  1.56961000e+01  2.01594188e+00  1.45756000e+01  1.97317252e+00  4.03677231e-01  4.03437137e-02  9.90252665e-02  2.69081074e+02 
 3.96847926e+14  6.17842784e+34  1.57031000e+01  2.02164701e+00  1.45866000e+01  1.97908673e+00  4.04097480e-01  4.00397806e-02  9.87282048e-02  2.65100140e+02 
 3.97189129e+14  6.20740181e+34  1.57091000e+01  2.02732966e+00  1.45966000e+01  1.98481207e+00  4.04564997e-01  3.98905234e-02  9.84219108e-02  2.61092758e+02 
 3.97530331e+14  6.23637578e+34  1.57161000e+01  2.03298987e+00  1.46066000e+01  1.99052716e+00  4.04976818e-01  3.97313829e-02  9.81645830e-02  2.57377777e+02 
 3.97871533e+14  6.26534975e+34  1.57221000e+01  2.03862775e+00  1.46166000e+01  1.99623201e+00  4.05436031e-01  3.95625241e-02  9.78577511e-02  2.53528461e+02 
 3.98212735e+14  6.29432371e+34  1.57291000e+01  2.04424337e+00  1.46266000e+01  2.00192666e+00  4.05839534e-01  3.93840228e-02  9.75997521e-02  2.49961700e+02 
 3.98553938e+14  6.32329768e+34  1.57351000e+01  2.04983681e+00  1.46366000e+01  2.00761112e+00  4.06290547e-01  3.91960356e-02  9.72924888e-02  2.46262786e+02 
 3.98895140e+14  6.35227165e+34  1.57421000e+01  2.05540815e+00  1.46466000e+01  2.01328542e+00  4.06685834e-01  3.89986381e-02  9.70339186e-02  2.42837030e+02 
 3.99236342e+14  6.38124562e+34  1.57481000e+01  2.06095747e+00  1.46556000e+01  2.01876904e+00  4.07128745e-01  3.89550090e-02  9.67660486e-02  2.39379558e+02 
 3.99577545e+14  6.41021958e+34  1.57541000e+01  2.06648484e+00  1.46656000e+01  2.02442294e+00  4.07567659e-01  3.87389169e-02  9.64582667e-02  2.35892811e+02 
 3.99918747e+14  6.43919355e+34  1.57611000e+01  2.07199035e+00  1.46756000e+01  2.03006670e+00  4.07950822e-01  3.85137981e-02  9.61989695e-02  2.32665922e+02 
 4.00259949e+14  6.46816752e+34  1.57671000e+01  2.07747408e+00  1.46846000e+01  2.03551918e+00  4.08381778e-01  3.84421737e-02  9.59304297e-02  2.29406547e+02 
