# rhoc (cgs) 	 Pc (cgs) 	 R (km) 	 M (msol) 	 R_core (km) 	 M_core (msol) 	 I/(MR^2) 	 I_crust/(M_crust R_crust^2)/(I/(MR^2)) 	 k_2 	 Lambda 
 2.30000000e+14  1.71958244e+33  6.32241000e+01  8.86263218e-02  4.25260000e+00  3.09280468e-02  6.22670540e-03  9.01587711e-01  1.65023232e-04  2.89543034e+09 
 2.36746369e+14  1.89254731e+33  4.69441000e+01  9.27466031e-02  4.46760000e+00  3.64780555e-02  1.00365011e-02  8.62553097e-01  2.03095402e-04  6.40742450e+08 
 2.43492738e+14  2.08058538e+33  3.73541000e+01  9.75822793e-02  4.67560000e+00  4.25307466e-02  1.49316883e-02  8.23267035e-01  3.11460264e-04  2.43112686e+08 
 2.50239107e+14  2.28561838e+33  3.11091000e+01  1.03117206e-01  4.87860000e+00  4.91421016e-02  2.08470876e-02  7.83148013e-01  5.35282273e-04  1.27037746e+08 
 2.56985476e+14  2.50582433e+33  2.68341000e+01  1.09245954e-01  5.07460000e+00  5.62374236e-02  2.75749924e-02  7.42928021e-01  9.28158814e-04  7.88132127e+07 
 2.63731846e+14  2.74205901e+33  2.37581000e+01  1.15954767e-01  5.26260000e+00  6.37788476e-02  3.49817017e-02  7.03378960e-01  1.55000904e-03  5.31518153e+07 
 2.70478215e+14  2.99506796e+33  2.14621000e+01  1.23235758e-01  5.44660000e+00  7.18660791e-02  4.29381804e-02  6.64163436e-01  2.45961659e-03  3.74208083e+07 
 2.77224584e+14  3.26792953e+33  1.96881000e+01  1.31153277e-01  5.62560000e+00  8.04979190e-02  5.13875517e-02  6.26017436e-01  3.71977954e-03  2.69282968e+07 
 2.83970953e+14  3.29434230e+33  1.95441000e+01  1.31919988e-01  5.64160000e+00  8.13150657e-02  5.21938019e-02  6.22641862e-01  3.85654649e-03  2.61392010e+07 
 2.90717322e+14  3.29543196e+33  1.95391000e+01  1.31947794e-01  5.64260000e+00  8.13581278e-02  5.22222133e-02  6.22408731e-01  3.86140920e-03  2.61111686e+07 
 2.97463691e+14  3.29652162e+33  1.95351000e+01  1.31973079e-01  5.64360000e+00  8.14002472e-02  5.22451072e-02  6.22172187e-01  3.86528974e-03  2.60856635e+07 
 3.04210060e+14  3.29761128e+33  1.95301000e+01  1.31996098e-01  5.64360000e+00  8.14096359e-02  5.22732196e-02  6.22197147e-01  3.87016981e-03  2.60624515e+07 
 3.10956429e+14  3.29870094e+33  1.95261000e+01  1.32016997e-01  5.64360000e+00  8.14182284e-02  5.22958300e-02  6.22219262e-01  3.87406373e-03  2.60413469e+07 
 3.17702798e+14  3.29979059e+33  1.95231000e+01  1.32035987e-01  5.64460000e+00  8.14578842e-02  5.23129663e-02  6.21975476e-01  3.87697263e-03  2.60221651e+07 
 3.24449167e+14  3.30711938e+33  1.95021000e+01  1.32146879e-01  5.64660000e+00  8.15682975e-02  5.24312047e-02  6.21558582e-01  3.89735435e-03  2.59095948e+07 
 3.31195537e+14  3.33972287e+33  1.94151000e+01  1.32612629e-01  5.65660000e+00  8.20930555e-02  5.29190142e-02  6.19328146e-01  3.98194930e-03  2.54353575e+07 
 3.37941906e+14  3.37198456e+33  1.93341000e+01  1.33038895e-01  5.66560000e+00  8.25799820e-02  5.33717975e-02  6.17262282e-01  4.06146942e-03  2.50021998e+07 
 3.44688275e+14  3.40391474e+33  1.92601000e+01  1.33428666e-01  5.67360000e+00  8.30274469e-02  5.37845852e-02  6.15379967e-01  4.13471589e-03  2.46071335e+07 
 3.51434644e+14  3.43552320e+33  1.91911000e+01  1.33784767e-01  5.68060000e+00  8.34350445e-02  5.41682841e-02  6.13692555e-01  4.20354411e-03  2.42465528e+07 
 3.58181013e+14  3.46681927e+33  1.91291000e+01  1.34109889e-01  5.68660000e+00  8.38027189e-02  5.45112850e-02  6.12209240e-01  4.26549769e-03  2.39170029e+07 
 3.64927382e+14  3.49781182e+33  1.90711000e+01  1.34406445e-01  5.69260000e+00  8.41629703e-02  5.48302215e-02  6.10668840e-01  4.32363010e-03  2.36153920e+07 
 3.71673751e+14  3.52850931e+33  1.90171000e+01  1.34676724e-01  5.69760000e+00  8.44837107e-02  5.51249474e-02  6.09345514e-01  4.37777796e-03  2.33389245e+07 
 3.78420120e+14  3.55891985e+33  1.89681000e+01  1.34922701e-01  5.70260000e+00  8.47976365e-02  5.53894204e-02  6.07975294e-01  4.42661000e-03  2.30852012e+07 
 3.85166489e+14  3.58905115e+33  1.89221000e+01  1.35146286e-01  5.70660000e+00  8.50725459e-02  5.56351176e-02  6.06832437e-01  4.47229609e-03  2.28520425e+07 
 3.91912858e+14  3.61890977e+33  1.88801000e+01  1.35349241e-01  5.71060000e+00  8.53412730e-02  5.58560667e-02  6.05651290e-01  4.51354297e-03  2.26374906e+07 
 3.98659228e+14  3.64850170e+33  1.88411000e+01  1.35533082e-01  5.71360000e+00  8.55714794e-02  5.60580616e-02  6.04706107e-01  4.55143068e-03  2.24399053e+07 
 4.05405597e+14  3.67783574e+33  1.88051000e+01  1.35699250e-01  5.71660000e+00  8.57960599e-02  5.62410380e-02  6.03729528e-01  4.58587371e-03  2.22577606e+07 
 4.12151966e+14  3.70691836e+33  1.87711000e+01  1.35849117e-01  5.71960000e+00  8.60153244e-02  5.64109673e-02  6.02724350e-01  4.61802731e-03  2.20896783e+07 
 4.18898335e+14  3.73575578e+33  1.87401000e+01  1.35983807e-01  5.72160000e+00  8.61967900e-02  5.65618424e-02  6.01965081e-01  4.64661283e-03  2.19345339e+07 
 4.25644704e+14  3.76435396e+33  1.87111000e+01  1.36104497e-01  5.72360000e+00  8.63734192e-02  5.66996830e-02  6.01182605e-01  4.67281415e-03  2.17911983e+07 
 4.32391073e+14  3.79271861e+33  1.86841000e+01  1.36212176e-01  5.72460000e+00  8.65126917e-02  5.68245168e-02  6.00651537e-01  4.69659902e-03  2.16587366e+07 
 4.39137442e+14  3.82085525e+33  1.86591000e+01  1.36307798e-01  5.72660000e+00  8.66803197e-02  5.69363755e-02  5.99829098e-01  4.71793882e-03  2.15362770e+07 
 4.45883811e+14  3.84876917e+33  1.86361000e+01  1.36392250e-01  5.72760000e+00  8.68110139e-02  5.70352879e-02  5.99262367e-01  4.73680751e-03  2.14230259e+07 
 4.52630180e+14  3.87646544e+33  1.86141000e+01  1.36466322e-01  5.72860000e+00  8.69377333e-02  5.71274146e-02  5.98680339e-01  4.75445810e-03  2.13182811e+07 
 4.59376549e+14  3.90394897e+33  1.85941000e+01  1.36530705e-01  5.72960000e+00  8.70606561e-02  5.72066647e-02  5.98084385e-01  4.76960337e-03  2.12214375e+07 
 4.66122919e+14  3.93122448e+33  1.85751000e+01  1.36586196e-01  5.72960000e+00  8.71471794e-02  5.72792545e-02  5.97750020e-01  4.78351592e-03  2.11318418e+07 
 4.72869288e+14  3.95829652e+33  1.85571000e+01  1.36633249e-01  5.73060000e+00  8.72630307e-02  5.73452093e-02  5.97130719e-01  4.79618842e-03  2.10490833e+07 
 4.79615657e+14  3.98516947e+33  1.85411000e+01  1.36672528e-01  5.73060000e+00  8.73427768e-02  5.73984102e-02  5.96775618e-01  4.80632503e-03  2.09726283e+07 
 4.86362026e+14  4.01184756e+33  1.85261000e+01  1.36704621e-01  5.73060000e+00  8.74193925e-02  5.74450867e-02  5.96412013e-01  4.81521348e-03  2.09020060e+07 
 4.93108395e+14  4.03833488e+33  1.85121000e+01  1.36729996e-01  5.73060000e+00  8.74930122e-02  5.74852825e-02  5.96040807e-01  4.82285236e-03  2.08368365e+07 
 4.99854764e+14  4.06463537e+33  1.84991000e+01  1.36749039e-01  5.73060000e+00  8.75637501e-02  5.75190279e-02  5.95662720e-01  4.82923924e-03  2.07768015e+07 
 5.06601133e+14  4.09075283e+33  1.84871000e+01  1.36762307e-01  5.72960000e+00  8.75989555e-02  5.75463922e-02  5.95553741e-01  4.83437817e-03  2.07214847e+07 
 5.13347502e+14  4.11669096e+33  1.84761000e+01  1.36770174e-01  5.72960000e+00  8.76643567e-02  5.75674136e-02  5.95165076e-01  4.83826969e-03  2.06705946e+07 
 5.20093871e+14  4.14245331e+33  1.84651000e+01  1.36772969e-01  5.72960000e+00  8.77272404e-02  5.75883582e-02  5.94772030e-01  4.84222441e-03  2.06238738e+07 
 5.26840241e+14  4.16804334e+33  1.84561000e+01  1.36771033e-01  5.72860000e+00  8.77549327e-02  5.75967872e-02  5.94650423e-01  4.84362248e-03  2.05810580e+07 
 5.33586610e+14  4.19346436e+33  1.84471000e+01  1.36764711e-01  5.72760000e+00  8.77803377e-02  5.76052202e-02  5.94525932e-01  4.84508961e-03  2.05418924e+07 
 5.40332979e+14  4.21871962e+33  1.84391000e+01  1.36754330e-01  5.72760000e+00  8.78363303e-02  5.76074596e-02  5.94123738e-01  4.84531820e-03  2.05061365e+07 
 5.47079348e+14  4.24381225e+33  1.84311000e+01  1.36740076e-01  5.72660000e+00  8.78574268e-02  5.76097631e-02  5.93994929e-01  4.84562107e-03  2.04736382e+07 
 5.53825717e+14  4.26874409e+33  1.84241000e+01  1.36722395e-01  5.72560000e+00  8.78765463e-02  5.76059529e-02  5.93864972e-01  4.84469317e-03  2.04440901e+07 
 5.60572086e+14  4.29351871e+33  1.84181000e+01  1.36701293e-01  5.72460000e+00  8.78937102e-02  5.75960041e-02  5.93733758e-01  4.84252962e-03  2.04174589e+07 
 5.67318455e+14  4.31813957e+33  1.84121000e+01  1.36677198e-01  5.72360000e+00  8.79090409e-02  5.75862440e-02  5.93602230e-01  4.84045480e-03  2.03934565e+07 
 5.74064824e+14  4.34260944e+33  1.84071000e+01  1.36650195e-01  5.72260000e+00  8.79225828e-02  5.75704147e-02  5.93470424e-01  4.83715303e-03  2.03720056e+07 
 5.80811193e+14  4.36693099e+33  1.84021000e+01  1.36620535e-01  5.72160000e+00  8.79344194e-02  5.75548073e-02  5.93338804e-01  4.83394279e-03  2.03529283e+07 
 5.87557562e+14  4.39110684e+33  1.83981000e+01  1.36588384e-01  5.72060000e+00  8.79446225e-02  5.75331804e-02  5.93207516e-01  4.82951196e-03  2.03360997e+07 
 5.94303932e+14  4.41513951e+33  1.83941000e+01  1.36553990e-01  5.71960000e+00  8.79532719e-02  5.75118278e-02  5.93077053e-01  4.82517878e-03  2.03213491e+07 
 6.01050301e+14  4.43903145e+33  1.83911000e+01  1.36517365e-01  5.71760000e+00  8.79277224e-02  5.74844818e-02  5.93223594e-01  4.81962918e-03  2.03086500e+07 
 6.07796670e+14  4.46278506e+33  1.83881000e+01  1.36478819e-01  5.71660000e+00  8.79334212e-02  5.74574495e-02  5.93095296e-01  4.81418216e-03  2.02977968e+07 
 6.14543039e+14  4.52095295e+33  1.83811000e+01  1.36374927e-01  5.71360000e+00  8.79270053e-02  5.73869724e-02  5.92909757e-01  4.80009693e-03  2.02769773e+07 
 6.21289408e+14  4.63760074e+33  1.83701000e+01  1.36136797e-01  5.70560000e+00  8.78571150e-02  5.72085196e-02  5.92911586e-01  4.76452067e-03  2.02426588e+07 
 6.28035777e+14  4.75593436e+33  1.83571000e+01  1.35875313e-01  5.69760000e+00  8.78041761e-02  5.70199877e-02  5.92700522e-01  4.72721467e-03  2.02065091e+07 
 6.34782146e+14  4.87595910e+33  1.83421000e+01  1.35601940e-01  5.68960000e+00  8.77691932e-02  5.68252742e-02  5.92312815e-01  4.68887119e-03  2.01628751e+07 
 6.41528515e+14  4.99768017e+33  1.83251000e+01  1.35324163e-01  5.68060000e+00  8.77202320e-02  5.66271515e-02  5.92051650e-01  4.64998945e-03  2.01083002e+07 
 6.48274884e+14  5.12110276e+33  1.83051000e+01  1.35046342e-01  5.67160000e+00  8.76895526e-02  5.64336727e-02  5.91656427e-01  4.61217671e-03  2.00410614e+07 
 6.55021253e+14  5.24623198e+33  1.82811000e+01  1.34771951e-01  5.66260000e+00  8.76768871e-02  5.62525389e-02  5.91140973e-01  4.57694843e-03  1.99599037e+07 
 6.61767623e+14  5.37307289e+33  1.82541000e+01  1.34503222e-01  5.65360000e+00  8.76817994e-02  5.60787557e-02  5.90515386e-01  4.54323802e-03  1.98642678e+07 
 6.68513992e+14  5.50163050e+33  1.82231000e+01  1.34242065e-01  5.64460000e+00  8.77038645e-02  5.59195253e-02  5.89788667e-01  4.51246073e-03  1.97537701e+07 
 6.75260361e+14  5.63190977e+33  1.81881000e+01  1.33989942e-01  5.63560000e+00  8.77426295e-02  5.57757563e-02  5.88968394e-01  4.48475113e-03  1.96282872e+07 
 6.82006730e+14  5.76391561e+33  1.81501000e+01  1.33747626e-01  5.62660000e+00  8.77975602e-02  5.56420392e-02  5.88059970e-01  4.45898729e-03  1.94880914e+07 
 6.88753099e+14  5.89765286e+33  1.81081000e+01  1.33516598e-01  5.61760000e+00  8.78683072e-02  5.55254220e-02  5.87070908e-01  4.43654167e-03  1.93330810e+07 
 6.95499468e+14  6.03312635e+33  1.80631000e+01  1.33296850e-01  5.60860000e+00  8.79542757e-02  5.54202835e-02  5.86004055e-01  4.41626830e-03  1.91639854e+07 
 7.02245837e+14  6.17035995e+33  1.80141000e+01  1.33089208e-01  5.59960000e+00  8.80551249e-02  5.53334610e-02  5.84864419e-01  4.39949977e-03  1.89810537e+07 
 7.08992206e+14  6.30934334e+33  1.79611000e+01  1.32894212e-01  5.59160000e+00  8.82016295e-02  5.52656821e-02  5.83373329e-01  4.38635202e-03  1.87847833e+07 
 7.15738575e+14  6.45007741e+33  1.79051000e+01  1.32711940e-01  5.58260000e+00  8.83307281e-02  5.52113750e-02  5.82100033e-01  4.37570232e-03  1.85759019e+07 
 7.22484944e+14  6.59256678e+33  1.78461000e+01  1.32542772e-01  5.57460000e+00  8.85044160e-02  5.51711884e-02  5.80480665e-01  4.36766425e-03  1.83549834e+07 
 7.29231314e+14  6.73681602e+33  1.77831000e+01  1.32387065e-01  5.56660000e+00  8.86910843e-02  5.51519863e-02  5.78802510e-01  4.36358237e-03  1.81226264e+07 
 7.35977683e+14  6.88282963e+33  1.77181000e+01  1.32244998e-01  5.55860000e+00  8.88903538e-02  5.51420080e-02  5.77068775e-01  4.36112244e-03  1.78795312e+07 
 7.42724052e+14  7.03061211e+33  1.76491000e+01  1.32116475e-01  5.55060000e+00  8.91018254e-02  5.51542405e-02  5.75281643e-01  4.36285140e-03  1.76265259e+07 
 7.49470421e+14  7.18016786e+33  1.75771000e+01  1.32001743e-01  5.54260000e+00  8.93251557e-02  5.51831794e-02  5.73444753e-01  4.36767922e-03  1.73642846e+07 
 7.56216790e+14  7.33150129e+33  1.75031000e+01  1.31900991e-01  5.53560000e+00  8.95906657e-02  5.52232060e-02  5.71271616e-01  4.37449578e-03  1.70934988e+07 
 7.62963159e+14  7.48461672e+33  1.74261000e+01  1.31814012e-01  5.52760000e+00  8.98366475e-02  5.52811676e-02  5.69342378e-01  4.38466600e-03  1.68150440e+07 
 7.69709528e+14  7.63951845e+33  1.73461000e+01  1.31741336e-01  5.52060000e+00  9.01240296e-02  5.53579257e-02  5.67081633e-01  4.39836624e-03  1.65294604e+07 
 7.76455897e+14  7.79621074e+33  1.72641000e+01  1.31682267e-01  5.51360000e+00  9.04217945e-02  5.54475306e-02  5.64778605e-01  4.41443892e-03  1.62377977e+07 
 7.83202266e+14  7.95469780e+33  1.71801000e+01  1.31637194e-01  5.50660000e+00  9.07297119e-02  5.55507340e-02  5.62437451e-01  4.43304247e-03  1.59406355e+07 
 7.89948636e+14  8.11498380e+33  1.70931000e+01  1.31606210e-01  5.50060000e+00  9.10777245e-02  5.56747298e-02  5.59767064e-01  4.45563161e-03  1.56386737e+07 
 7.96695005e+14  8.27707287e+33  1.70051000e+01  1.31588909e-01  5.49360000e+00  9.14050281e-02  5.58070276e-02  5.57355659e-01  4.47973696e-03  1.53327629e+07 
 8.03441374e+14  8.44096909e+33  1.69141000e+01  1.31585678e-01  5.48760000e+00  9.17717704e-02  5.59615469e-02  5.54618096e-01  4.50816846e-03  1.50234570e+07 
 8.10187743e+14  8.60667652e+33  1.68221000e+01  1.31596187e-01  5.48160000e+00  9.21474570e-02  5.61256775e-02  5.51849851e-01  4.53842506e-03  1.47115376e+07 
 8.16934112e+14  8.77419916e+33  1.67281000e+01  1.31620418e-01  5.47460000e+00  9.25019057e-02  5.63066997e-02  5.49352237e-01  4.57200240e-03  1.43976488e+07 
 8.23680481e+14  8.94354690e+33  1.66331000e+01  1.31658340e-01  5.46960000e+00  9.29247671e-02  5.64985441e-02  5.46231517e-01  4.60770199e-03  1.40824067e+07 
 8.30426850e+14  9.11474002e+33  1.65361000e+01  1.31710075e-01  5.46360000e+00  9.33260282e-02  5.67086638e-02  5.43386914e-01  4.64707296e-03  1.37663349e+07 
 8.37173219e+14  9.28776050e+33  1.64381000e+01  1.31775062e-01  5.45760000e+00  9.37353325e-02  5.69307494e-02  5.40519862e-01  4.68887221e-03  1.34501991e+07 
 8.43919588e+14  9.46261220e+33  1.63391000e+01  1.31853735e-01  5.45260000e+00  9.41822028e-02  5.71656147e-02  5.37332670e-01  4.73329525e-03  1.31344065e+07 
 8.50665957e+14  9.63929895e+33  1.62391000e+01  1.31945680e-01  5.44760000e+00  9.46365879e-02  5.74137182e-02  5.34126882e-01  4.78047923e-03  1.28195775e+07 
 8.57412327e+14  9.81782451e+33  1.61381000e+01  1.32050921e-01  5.44160000e+00  9.50687281e-02  5.76757167e-02  5.31210631e-01  4.83060151e-03  1.25061728e+07 
 8.64158696e+14  9.99819264e+33  1.60361000e+01  1.32168890e-01  5.43660000e+00  9.55376369e-02  5.79520223e-02  5.27974099e-01  4.88380127e-03  1.21947787e+07 
 8.70905065e+14  1.01804070e+34  1.59341000e+01  1.32300536e-01  5.43260000e+00  9.60430640e-02  5.82364493e-02  5.24422170e-01  4.93880450e-03  1.18855666e+07 
 8.77651434e+14  1.03644714e+34  1.58311000e+01  1.32444661e-01  5.42760000e+00  9.65256950e-02  5.85362986e-02  5.21165273e-01  4.99721039e-03  1.15792171e+07 
 8.84397803e+14  1.05503893e+34  1.57271000e+01  1.32601358e-01  5.42260000e+00  9.70149666e-02  5.88523088e-02  5.17899643e-01  5.05923395e-03  1.12760380e+07 
 8.91144172e+14  1.07381644e+34  1.56231000e+01  1.32770695e-01  5.41860000e+00  9.75400322e-02  5.91776889e-02  5.14318288e-01  5.12347023e-03  1.09763391e+07 
 8.97890541e+14  1.09278003e+34  1.55191000e+01  1.32952673e-01  5.41460000e+00  9.80713124e-02  5.95129183e-02  5.10732700e-01  5.19005933e-03  1.06804118e+07 
 9.04636910e+14  1.11193004e+34  1.54151000e+01  1.33147080e-01  5.40960000e+00  9.85794221e-02  5.98583740e-02  5.07457235e-01  5.25912532e-03  1.03885611e+07 
 9.11383279e+14  1.13126683e+34  1.53111000e+01  1.33353736e-01  5.40560000e+00  9.91227496e-02  6.02144549e-02  5.03868867e-01  5.33080084e-03  1.01010582e+07 
 9.18129648e+14  1.15079075e+34  1.52071000e+01  1.33572382e-01  5.40160000e+00  9.96718507e-02  6.05815252e-02  5.00280747e-01  5.40521576e-03  9.81815930e+06 
 9.24876018e+14  1.17050213e+34  1.51031000e+01  1.33802924e-01  5.39860000e+00  1.00255683e-01  6.09600471e-02  4.96379520e-01  5.48252464e-03  9.54006732e+06 
 9.31622387e+14  1.19040133e+34  1.49991000e+01  1.34045299e-01  5.39460000e+00  1.00815858e-01  6.13504904e-02  4.92798385e-01  5.56288713e-03  9.26694722e+06 
 9.38368756e+14  1.21049169e+34  1.48951000e+01  1.34299426e-01  5.39060000e+00  1.01381527e-01  6.17532365e-02  4.89223449e-01  5.64644756e-03  8.99891221e+06 
 9.45115125e+14  1.23077083e+34  1.47921000e+01  1.34564987e-01  5.38760000e+00  1.01981446e-01  6.21603178e-02  4.85337588e-01  5.73143570e-03  8.73616060e+06 
 9.51861494e+14  1.25123882e+34  1.46891000e+01  1.34841918e-01  5.38360000e+00  1.02557429e-01  6.25804178e-02  4.81780480e-01  5.81988724e-03  8.47879786e+06 
 9.58607863e+14  1.27189598e+34  1.45871000e+01  1.35129581e-01  5.38060000e+00  1.03167331e-01  6.30050520e-02  4.77911186e-01  5.90988818e-03  8.22697718e+06 
 9.65354232e+14  1.29274264e+34  1.44851000e+01  1.35428979e-01  5.37760000e+00  1.03782089e-01  6.34437444e-02  4.74058608e-01  6.00369701e-03  7.98061978e+06 
 9.72100601e+14  1.31377912e+34  1.43841000e+01  1.35738726e-01  5.37460000e+00  1.04401517e-01  6.38873438e-02  4.70215898e-01  6.09922481e-03  7.73994082e+06 
 9.78846970e+14  1.33500573e+34  1.42831000e+01  1.36059383e-01  5.37160000e+00  1.05025552e-01  6.43453555e-02  4.66389647e-01  6.19877472e-03  7.50488648e+06 
 9.85593339e+14  1.35642279e+34  1.41831000e+01  1.36390849e-01  5.36860000e+00  1.05654090e-01  6.48091346e-02  4.62581894e-01  6.30033099e-03  7.27547589e+06 
 9.92339709e+14  1.37803062e+34  1.40841000e+01  1.36732269e-01  5.36560000e+00  1.06286988e-01  6.52783153e-02  4.58789093e-01  6.40384247e-03  7.05179069e+06 
 9.99086078e+14  1.39982952e+34  1.39861000e+01  1.37084521e-01  5.36360000e+00  1.06952948e-01  6.57536008e-02  4.54694327e-01  6.50949873e-03  6.83371687e+06 
 1.00583245e+15  1.42181980e+34  1.38881000e+01  1.37446315e-01  5.36060000e+00  1.07594295e-01  6.62438595e-02  4.50941769e-01  6.61956150e-03  6.62134591e+06 
 1.01257882e+15  1.44400176e+34  1.37921000e+01  1.37818340e-01  5.35860000e+00  1.08268438e-01  6.67307280e-02  4.46886435e-01  6.72948660e-03  6.41456519e+06 
 1.01932518e+15  1.46637570e+34  1.36961000e+01  1.38199911e-01  5.35560000e+00  1.08917858e-01  6.72331101e-02  4.43179826e-01  6.84405817e-03  6.21337905e+06 
 1.02607155e+15  1.48894191e+34  1.36011000e+01  1.38590876e-01  5.35360000e+00  1.09599818e-01  6.77414909e-02  4.39167493e-01  6.96093420e-03  6.01773241e+06 
 1.03281792e+15  1.51170184e+34  1.35071000e+01  1.38991850e-01  5.35160000e+00  1.10285605e-01  6.82563707e-02  4.35183968e-01  7.08026997e-03  5.82749743e+06 
 1.03956429e+15  1.53465725e+34  1.34141000e+01  1.39402155e-01  5.34960000e+00  1.10975163e-01  6.87773597e-02  4.31225788e-01  7.20200790e-03  5.64263865e+06 
 1.04631066e+15  1.55780586e+34  1.33221000e+01  1.39821416e-01  5.34660000e+00  1.11639749e-01  6.93043802e-02  4.27624126e-01  7.32616768e-03  5.46311314e+06 
 1.05305703e+15  1.58114795e+34  1.32311000e+01  1.40249535e-01  5.34460000e+00  1.12336454e-01  6.98374500e-02  4.23719169e-01  7.45278989e-03  5.28883307e+06 
 1.05980340e+15  1.60468380e+34  1.31411000e+01  1.40686790e-01  5.34360000e+00  1.13065146e-01  7.03768522e-02  4.19513776e-01  7.58198335e-03  5.11968458e+06 
 1.06654977e+15  1.62841370e+34  1.30521000e+01  1.41132614e-01  5.34160000e+00  1.13768635e-01  7.09222629e-02  4.15669426e-01  7.71370509e-03  4.95560238e+06 
 1.07329614e+15  1.65233791e+34  1.29641000e+01  1.41587166e-01  5.33960000e+00  1.14475444e-01  7.14738522e-02  4.11857538e-01  7.84803505e-03  4.79646991e+06 
 1.08004251e+15  1.67645672e+34  1.28771000e+01  1.42049990e-01  5.33760000e+00  1.15185476e-01  7.20313431e-02  4.08076600e-01  7.98494009e-03  4.64220526e+06 
 1.08678888e+15  1.70077041e+34  1.27921000e+01  1.42521010e-01  5.33560000e+00  1.15898630e-01  7.25833794e-02  4.04328475e-01  8.12128160e-03  4.49270316e+06 
 1.09353525e+15  1.72527923e+34  1.27071000e+01  1.43000070e-01  5.33460000e+00  1.16643338e-01  7.31523961e-02  4.00278446e-01  8.26334109e-03  4.34785500e+06 
 1.10028161e+15  1.74998346e+34  1.26241000e+01  1.43487100e-01  5.33260000e+00  1.17362568e-01  7.37155157e-02  3.96597493e-01  8.40472583e-03  4.20755471e+06 
 1.10702798e+15  1.77488337e+34  1.25411000e+01  1.43982130e-01  5.33160000e+00  1.18113180e-01  7.42959499e-02  3.92617570e-01  8.55205502e-03  4.07168388e+06 
 1.11377435e+15  1.79997920e+34  1.24601000e+01  1.44484763e-01  5.32960000e+00  1.18838238e-01  7.48698728e-02  3.89007812e-01  8.69854415e-03  3.94014618e+06 
 1.12052072e+15  1.82527124e+34  1.23791000e+01  1.44994873e-01  5.32860000e+00  1.19594478e-01  7.54610412e-02  3.85098025e-01  8.85109688e-03  3.81283134e+06 
 1.12726709e+15  1.85076373e+34  1.23001000e+01  1.45512533e-01  5.32760000e+00  1.20353578e-01  7.60451452e-02  3.81224274e-01  9.00264694e-03  3.68960446e+06 
 1.13401346e+15  1.87645314e+34  1.22221000e+01  1.46037298e-01  5.32560000e+00  1.21087010e-01  7.66339327e-02  3.77722144e-01  9.15664205e-03  3.57038321e+06 
 1.14075983e+15  1.90233956e+34  1.21451000e+01  1.46569321e-01  5.32460000e+00  1.21851411e-01  7.72274888e-02  3.73922288e-01  9.31313667e-03  3.45505088e+06 
 1.14750620e+15  1.92842322e+34  1.20691000e+01  1.47108420e-01  5.32360000e+00  1.22618355e-01  7.78256102e-02  3.70161025e-01  9.47210104e-03  3.34350118e+06 
 1.15425257e+15  1.95470439e+34  1.19941000e+01  1.47654107e-01  5.32260000e+00  1.23387791e-01  7.84278160e-02  3.66435308e-01  9.63342030e-03  3.23563526e+06 
 1.16099894e+15  1.98118330e+34  1.19201000e+01  1.48206967e-01  5.32160000e+00  1.24159658e-01  7.90345257e-02  3.62752468e-01  9.79724578e-03  3.13132952e+06 
 1.16774531e+15  2.00786019e+34  1.18471000e+01  1.48766066e-01  5.32060000e+00  1.24933912e-01  7.96448442e-02  3.59104901e-01  9.96333335e-03  3.03049744e+06 
 1.17449167e+15  2.03473532e+34  1.17761000e+01  1.49331681e-01  5.31960000e+00  1.25710495e-01  8.02452766e-02  3.55496886e-01  1.01274449e-02  2.93302608e+06 
 1.18123804e+15  2.06180891e+34  1.17051000e+01  1.49903731e-01  5.31860000e+00  1.26489356e-01  8.08627131e-02  3.51929110e-01  1.02980493e-02  2.83881292e+06 
 1.18798441e+15  2.08908120e+34  1.16351000e+01  1.50482002e-01  5.31760000e+00  1.27270446e-01  8.14833935e-02  3.48400829e-01  1.04708646e-02  2.74775955e+06 
 1.19473078e+15  2.11655243e+34  1.15671000e+01  1.51065857e-01  5.31660000e+00  1.28053748e-01  8.20924023e-02  3.44906650e-01  1.06410785e-02  2.65977490e+06 
 1.20147715e+15  2.14422282e+34  1.14991000e+01  1.51656494e-01  5.31560000e+00  1.28839150e-01  8.27188863e-02  3.41460669e-01  1.08181078e-02  2.57474296e+06 
 1.20822352e+15  2.17209546e+34  1.14321000e+01  1.52252293e-01  5.31460000e+00  1.29626721e-01  8.33471155e-02  3.38046644e-01  1.09969120e-02  2.49258508e+06 
 1.21496989e+15  2.20016949e+34  1.13671000e+01  1.52854846e-01  5.31460000e+00  1.30444596e-01  8.39636330e-02  3.34344564e-01  1.11730142e-02  2.41318756e+06 
 1.22171626e+15  2.22844342e+34  1.13021000e+01  1.53462336e-01  5.31360000e+00  1.31236249e-01  8.45959900e-02  3.31012972e-01  1.13555600e-02  2.33648844e+06 
 1.22846263e+15  2.25691745e+34  1.12381000e+01  1.54075371e-01  5.31260000e+00  1.32029823e-01  8.52299773e-02  3.27722037e-01  1.15398685e-02  2.26239063e+06 
 1.23520900e+15  2.28559182e+34  1.11761000e+01  1.54693913e-01  5.31260000e+00  1.32853537e-01  8.58499725e-02  3.24134274e-01  1.17206111e-02  2.19080594e+06 
 1.24195537e+15  2.31446674e+34  1.11141000e+01  1.55317919e-01  5.31160000e+00  1.33650852e-01  8.64862750e-02  3.20926372e-01  1.19080931e-02  2.12165262e+06 
 1.24870173e+15  2.34354243e+34  1.10531000e+01  1.55946957e-01  5.31160000e+00  1.34478212e-01  8.71230519e-02  3.17419130e-01  1.20969500e-02  2.05485052e+06 
 1.25544810e+15  2.37281910e+34  1.09931000e+01  1.56580471e-01  5.31060000e+00  1.35279146e-01  8.77595346e-02  3.14282828e-01  1.22869131e-02  1.99032539e+06 
 1.26219447e+15  2.40229696e+34  1.09341000e+01  1.57220179e-01  5.30960000e+00  1.36081780e-01  8.83971430e-02  3.11199061e-01  1.24784709e-02  1.92798443e+06 
 1.26894084e+15  2.43197622e+34  1.08761000e+01  1.57863602e-01  5.30960000e+00  1.36914319e-01  8.90331872e-02  3.07805998e-01  1.26706717e-02  1.86777233e+06 
 1.27568721e+15  2.46185709e+34  1.08191000e+01  1.58513045e-01  5.30960000e+00  1.37748451e-01  8.96696747e-02  3.04466252e-01  1.28642149e-02  1.80959877e+06 
 1.28243358e+15  2.49194027e+34  1.07631000e+01  1.59166261e-01  5.30860000e+00  1.38556090e-01  9.03040656e-02  3.01491995e-01  1.30581775e-02  1.75340707e+06 
 1.28917995e+15  2.52222997e+34  1.07071000e+01  1.59824125e-01  5.30860000e+00  1.39393567e-01  9.09538128e-02  2.98220641e-01  1.32588921e-02  1.69911679e+06 
 1.29592632e+15  2.55272193e+34  1.06531000e+01  1.60486613e-01  5.30760000e+00  1.40204430e-01  9.15849461e-02  2.95325288e-01  1.34540115e-02  1.64666834e+06 
 1.30267269e+15  2.58341636e+34  1.05991000e+01  1.61153661e-01  5.30760000e+00  1.41044939e-01  9.22312884e-02  2.92135368e-01  1.36558901e-02  1.59599842e+06 
 1.30941906e+15  2.61431344e+34  1.05461000e+01  1.61825207e-01  5.30760000e+00  1.41886887e-01  9.28754679e-02  2.88986779e-01  1.38581732e-02  1.54704497e+06 
 1.31616543e+15  2.64541338e+34  1.04941000e+01  1.62501143e-01  5.30660000e+00  1.42702084e-01  9.35170529e-02  2.86213655e-01  1.40606744e-02  1.49974845e+06 
 1.32291179e+15  2.67671637e+34  1.04421000e+01  1.63180533e-01  5.30660000e+00  1.43546886e-01  9.41727454e-02  2.83136481e-01  1.42696852e-02  1.45405312e+06 
 1.32965816e+15  2.70822259e+34  1.03921000e+01  1.63863898e-01  5.30660000e+00  1.44393044e-01  9.48068807e-02  2.80096918e-01  1.44717134e-02  1.40990062e+06 
 1.33640453e+15  2.73993224e+34  1.03421000e+01  1.64552045e-01  5.30660000e+00  1.45240458e-01  9.54562543e-02  2.77105066e-01  1.46807221e-02  1.36723459e+06 
 1.34315090e+15  2.77184551e+34  1.02931000e+01  1.65243134e-01  5.30560000e+00  1.46061097e-01  9.61004961e-02  2.74473112e-01  1.48889330e-02  1.32600697e+06 
 1.34989727e+15  2.80396258e+34  1.02451000e+01  1.65938575e-01  5.30560000e+00  1.46911079e-01  9.67407484e-02  2.71552133e-01  1.50967541e-02  1.28616353e+06 
 1.35664364e+15  2.83628505e+34  1.01971000e+01  1.66637930e-01  5.30560000e+00  1.47762316e-01  9.73952174e-02  2.68670255e-01  1.53112950e-02  1.24765462e+06 
 1.36339001e+15  2.86881566e+34  1.01501000e+01  1.67340671e-01  5.30560000e+00  1.48614874e-01  9.80441850e-02  2.65821154e-01  1.55248582e-02  1.21043118e+06 
 1.37013638e+15  2.90155066e+34  1.01041000e+01  1.68046709e-01  5.30560000e+00  1.49468616e-01  9.86872781e-02  2.63005753e-01  1.57372477e-02  1.17445203e+06 
 1.37688275e+15  2.93460828e+34  1.00591000e+01  1.68758912e-01  5.30460000e+00  1.50298419e-01  9.93235585e-02  2.60548909e-01  1.59478773e-02  1.13954979e+06 
 1.38362912e+15  2.96852389e+34  1.00131000e+01  1.69488575e-01  5.30460000e+00  1.51174483e-01  9.99882645e-02  2.57741394e-01  1.61701908e-02  1.10515744e+06 
 1.39037549e+15  3.00274486e+34  9.96810000e+00  1.70224356e-01  5.30460000e+00  1.52054374e-01  1.00646575e-01  2.54966711e-01  1.63909703e-02  1.07183141e+06 
 1.39712185e+15  3.03718589e+34  9.92310000e+00  1.70963941e-01  5.30460000e+00  1.52935881e-01  1.01318607e-01  2.52227014e-01  1.66185111e-02  1.03962023e+06 
 1.40386822e+15  3.07184721e+34  9.87910000e+00  1.71707274e-01  5.30460000e+00  1.53818968e-01  1.01983900e-01  2.49522199e-01  1.68444763e-02  1.00848474e+06 
 1.41061459e+15  3.10672905e+34  9.83610000e+00  1.72454776e-01  5.30460000e+00  1.54703545e-01  1.02642510e-01  2.46857992e-01  1.70688323e-02  9.78387131e+05 
 1.41736096e+15  3.14183167e+34  9.79410000e+00  1.73205666e-01  5.30460000e+00  1.55589657e-01  1.03293107e-01  2.44225464e-01  1.72909481e-02  9.49291053e+05 
 1.42410733e+15  3.17715534e+34  9.75210000e+00  1.73959822e-01  5.30460000e+00  1.56477277e-01  1.03956427e-01  2.41623741e-01  1.75194854e-02  9.21161285e+05 
 1.43085370e+15  3.21270637e+34  9.71010000e+00  1.74717771e-01  5.30460000e+00  1.57366471e-01  1.04633119e-01  2.39057739e-01  1.77548190e-02  8.93959279e+05 
 1.43760007e+15  3.24847892e+34  9.67010000e+00  1.75479463e-01  5.30460000e+00  1.58257035e-01  1.05279983e-01  2.36529381e-01  1.79786217e-02  8.67657076e+05 
 1.44434644e+15  3.28447321e+34  9.63010000e+00  1.76244040e-01  5.30460000e+00  1.59149029e-01  1.05938885e-01  2.34028738e-01  1.82086143e-02  8.42222937e+05 
 1.45109281e+15  3.32068947e+34  9.59010000e+00  1.77012468e-01  5.30460000e+00  1.60042301e-01  1.06611168e-01  2.31568100e-01  1.84454914e-02  8.17626589e+05 
 1.45783918e+15  3.35712792e+34  9.55110000e+00  1.77784106e-01  5.30460000e+00  1.60936872e-01  1.07273831e-01  2.29140305e-01  1.86793361e-02  7.93838414e+05 
 1.46458555e+15  3.39378879e+34  9.51310000e+00  1.78558405e-01  5.30460000e+00  1.61832794e-01  1.07925728e-01  2.26738691e-01  1.89095480e-02  7.70829546e+05 
 1.47133191e+15  3.43067229e+34  9.47510000e+00  1.79336262e-01  5.30460000e+00  1.62729914e-01  1.08590362e-01  2.24374864e-01  1.91464125e-02  7.48573141e+05 
 1.47807828e+15  3.46777864e+34  9.43810000e+00  1.80117126e-01  5.30460000e+00  1.63628255e-01  1.09244118e-01  2.22042520e-01  1.93795452e-02  7.27042492e+05 
 1.48482465e+15  3.50510806e+34  9.40110000e+00  1.80900971e-01  5.30460000e+00  1.64527789e-01  1.09909847e-01  2.19741714e-01  1.96190472e-02  7.06212104e+05 
 1.49157102e+15  3.54266252e+34  9.36510000e+00  1.81687745e-01  5.30460000e+00  1.65428528e-01  1.10564001e-01  2.17471656e-01  1.98544355e-02  6.86056445e+05 
 1.49831739e+15  3.58044532e+34  9.33010000e+00  1.82477480e-01  5.30560000e+00  1.66358643e-01  1.11206019e-01  2.14912801e-01  2.00853543e-02  6.66550396e+05 
 1.50506376e+15  3.61845187e+34  9.29510000e+00  1.83270028e-01  5.30560000e+00  1.67261715e-01  1.11859425e-01  2.12704922e-01  2.03223931e-02  6.47673795e+05 
 1.51181013e+15  3.65668239e+34  9.26010000e+00  1.84065322e-01  5.30560000e+00  1.68165882e-01  1.12524300e-01  2.10526985e-01  2.05656727e-02  6.29404447e+05 
 1.51855650e+15  3.69513707e+34  9.22610000e+00  1.84863318e-01  5.30560000e+00  1.69071095e-01  1.13176226e-01  2.08379021e-01  2.08040581e-02  6.11721172e+05 
 1.52530287e+15  3.73381612e+34  9.19210000e+00  1.85664014e-01  5.30560000e+00  1.69977318e-01  1.13839441e-01  2.06261386e-01  2.10486450e-02  5.94603611e+05 
 1.53204924e+15  3.77271974e+34  9.15910000e+00  1.86467220e-01  5.30560000e+00  1.70884526e-01  1.14488866e-01  2.04172251e-01  2.12878565e-02  5.78031943e+05 
 1.53879561e+15  3.81184814e+34  9.12610000e+00  1.87272977e-01  5.30660000e+00  1.71820844e-01  1.15149246e-01  2.01797075e-01  2.15331470e-02  5.61987211e+05 
 1.54554197e+15  3.85120150e+34  9.09410000e+00  1.88081179e-01  5.30660000e+00  1.72729985e-01  1.15795128e-01  1.99765590e-01  2.17726287e-02  5.46450938e+05 
 1.55228834e+15  3.89078002e+34  9.06310000e+00  1.88891761e-01  5.30660000e+00  1.73640045e-01  1.16425886e-01  1.97761673e-01  2.20058893e-02  5.31405546e+05 
 1.55903471e+15  3.93059072e+34  9.03110000e+00  1.89704937e-01  5.30660000e+00  1.74551116e-01  1.17092903e-01  1.95786548e-01  2.22572156e-02  5.16831881e+05 
 1.56578108e+15  3.97062720e+34  9.00010000e+00  1.90520317e-01  5.30660000e+00  1.75463072e-01  1.17744390e-01  1.93837305e-01  2.25021436e-02  5.02715721e+05 
 1.57252745e+15  4.01088947e+34  8.97010000e+00  1.91338139e-01  5.30760000e+00  1.76404016e-01  1.18380087e-01  1.91605648e-01  2.27404316e-02  4.89041573e+05 
 1.57927382e+15  4.05137772e+34  8.94010000e+00  1.92157969e-01  5.30760000e+00  1.77317661e-01  1.19025518e-01  1.89710085e-01  2.29842651e-02  4.75793919e+05 
 1.58602019e+15  4.09209214e+34  8.91110000e+00  1.92979980e-01  5.30760000e+00  1.78232053e-01  1.19654177e-01  1.87841493e-01  2.32208598e-02  4.62958415e+05 
 1.59276656e+15  4.13303292e+34  8.88110000e+00  1.93804086e-01  5.30760000e+00  1.79147247e-01  1.20319560e-01  1.85998169e-01  2.34761709e-02  4.50520753e+05 
 1.59951293e+15  4.17420022e+34  8.85310000e+00  1.94630254e-01  5.30860000e+00  1.80091361e-01  1.20940467e-01  1.83871902e-01  2.37106630e-02  4.38467269e+05 
 1.60625930e+15  4.21559424e+34  8.82410000e+00  1.95458452e-01  5.30860000e+00  1.81008009e-01  1.21598274e-01  1.82080310e-01  2.39640957e-02  4.26785103e+05 
 1.61300567e+15  4.25721569e+34  8.79610000e+00  1.96288641e-01  5.30860000e+00  1.81925365e-01  1.22238138e-01  1.80313581e-01  2.42095790e-02  4.15461287e+05 
 1.61975204e+15  4.29907106e+34  8.76910000e+00  1.97120893e-01  5.30860000e+00  1.82843572e-01  1.22859382e-01  1.78570657e-01  2.44466269e-02  4.04481954e+05 
 1.62649840e+15  4.34115373e+34  8.74210000e+00  1.97955052e-01  5.30960000e+00  1.83790586e-01  1.23489689e-01  1.76547352e-01  2.46889550e-02  3.93837429e+05 
 1.63324477e+15  4.38346388e+34  8.71510000e+00  1.98791079e-01  5.30960000e+00  1.84710036e-01  1.24129117e-01  1.74854291e-01  2.49366510e-02  3.83516391e+05 
 1.63999114e+15  4.42600166e+34  8.68810000e+00  1.99628911e-01  5.30960000e+00  1.85630129e-01  1.24777685e-01  1.73184331e-01  2.51897808e-02  3.73507766e+05 
 1.64673751e+15  4.46876726e+34  8.66210000e+00  2.00468157e-01  5.30960000e+00  1.86550859e-01  1.25406035e-01  1.71533321e-01  2.54335052e-02  3.63800738e+05 
 1.65348388e+15  4.51176085e+34  8.63710000e+00  2.01309276e-01  5.31060000e+00  1.87500291e-01  1.26014176e-01  1.69605570e-01  2.56677074e-02  3.54385758e+05 
 1.66023025e+15  4.55498258e+34  8.61110000e+00  2.02152300e-01  5.31060000e+00  1.88422078e-01  1.26660384e-01  1.68005435e-01  2.59220543e-02  3.45253051e+05 
 1.66697662e+15  4.59843262e+34  8.58610000e+00  2.02996320e-01  5.31060000e+00  1.89344501e-01  1.27284963e-01  1.66419498e-01  2.61660874e-02  3.36392307e+05 
 1.67372299e+15  4.64211519e+34  8.56110000e+00  2.03842694e-01  5.31160000e+00  1.90295542e-01  1.27918877e-01  1.64564948e-01  2.64156964e-02  3.27795162e+05 
 1.68046936e+15  4.68603014e+34  8.53710000e+00  2.04690147e-01  5.31160000e+00  1.91219118e-01  1.28530411e-01  1.63024326e-01  2.66544279e-02  3.19451476e+05 
 1.68721573e+15  4.73017393e+34  8.51310000e+00  2.05539551e-01  5.31160000e+00  1.92143026e-01  1.29150587e-01  1.61511000e-01  2.68983435e-02  3.11354805e+05 
 1.69396210e+15  4.77454674e+34  8.48910000e+00  2.06389834e-01  5.31160000e+00  1.93067501e-01  1.29778065e-01  1.60010937e-01  2.71467374e-02  3.03495851e+05 
 1.70070846e+15  4.81914871e+34  8.46610000e+00  2.07242371e-01  5.31260000e+00  1.94020475e-01  1.30383944e-01  1.58245256e-01  2.73845511e-02  2.95868150e+05 
 1.70745483e+15  4.86398000e+34  8.44310000e+00  2.08095505e-01  5.31260000e+00  1.94945781e-01  1.30996459e-01  1.56786990e-01  2.76264421e-02  2.88462598e+05 
 1.71420120e+15  4.91482921e+34  8.41710000e+00  2.09060421e-01  5.31260000e+00  1.95990612e-01  1.31698782e-01  1.55168859e-01  2.79060655e-02  2.80362757e+05 
 1.72094757e+15  4.97618216e+34  8.38610000e+00  2.10224000e-01  5.31360000e+00  1.97277077e-01  1.32548093e-01  1.52959780e-01  2.82458881e-02  2.70964451e+05 
 1.72769394e+15  5.03804303e+34  8.35610000e+00  2.11397812e-01  5.31360000e+00  1.98544088e-01  1.33379757e-01  1.51071511e-01  2.85767976e-02  2.61877172e+05 
 1.73444031e+15  5.10042131e+34  8.32610000e+00  2.12582002e-01  5.31460000e+00  1.99848206e-01  1.34225468e-01  1.48918648e-01  2.89156628e-02  2.53091282e+05 
 1.74118668e+15  5.16330612e+34  8.29710000e+00  2.13776307e-01  5.31460000e+00  2.01132599e-01  1.35053047e-01  1.47085731e-01  2.92451797e-02  2.44599995e+05 
 1.74793305e+15  5.22669922e+34  8.26810000e+00  2.14980694e-01  5.31560000e+00  2.02453642e-01  1.35894749e-01  1.44992342e-01  2.95827219e-02  2.36394740e+05 
 1.75467942e+15  5.29060234e+34  8.23910000e+00  2.16195096e-01  5.31560000e+00  2.03754812e-01  1.36750832e-01  1.43216807e-01  2.99285203e-02  2.28466907e+05 
 1.76142579e+15  5.35501722e+34  8.21110000e+00  2.17419505e-01  5.31660000e+00  2.05092409e-01  1.37588131e-01  1.41184626e-01  3.02644418e-02  2.20808224e+05 
 1.76817216e+15  5.41994558e+34  8.18310000e+00  2.18653809e-01  5.31660000e+00  2.06409954e-01  1.38439697e-01  1.39468316e-01  3.06085583e-02  2.13410267e+05 
 1.77491852e+15  5.48538915e+34  8.15610000e+00  2.19897964e-01  5.31760000e+00  2.07763826e-01  1.39271647e-01  1.37496948e-01  3.09421474e-02  2.06264981e+05 
 1.78166489e+15  5.55135752e+34  8.12810000e+00  2.21152062e-01  5.31860000e+00  2.09125784e-01  1.40152225e-01  1.35557760e-01  3.13031070e-02  1.99363686e+05 
 1.78841126e+15  5.61785620e+34  8.10110000e+00  2.22415512e-01  5.31860000e+00  2.10467791e-01  1.41012172e-01  1.33923788e-01  3.16529020e-02  1.92697691e+05 
 1.79515763e+15  5.68487548e+34  8.07510000e+00  2.23688468e-01  5.31960000e+00  2.11845932e-01  1.41851350e-01  1.32036631e-01  3.19913106e-02  1.86261023e+05 
 1.80190400e+15  5.75241706e+34  8.04910000e+00  2.24971450e-01  5.32060000e+00  2.13231620e-01  1.42705280e-01  1.30187753e-01  3.23383130e-02  1.80046762e+05 
 1.80865037e+15  5.82048262e+34  8.02310000e+00  2.26264063e-01  5.32160000e+00  2.14624880e-01  1.43573712e-01  1.28372678e-01  3.26938360e-02  1.74047336e+05 
 1.81539674e+15  5.88907383e+34  7.99810000e+00  2.27565945e-01  5.32160000e+00  2.15997435e-01  1.44420309e-01  1.26864375e-01  3.30371678e-02  1.68255388e+05 
 1.82214311e+15  5.95819237e+34  7.97310000e+00  2.28876200e-01  5.32260000e+00  2.17406045e-01  1.45279578e-01  1.25096856e-01  3.33878718e-02  1.62663458e+05 
 1.82888948e+15  6.02783990e+34  7.94810000e+00  2.30196203e-01  5.32360000e+00  2.18821857e-01  1.46153715e-01  1.23367662e-01  3.37474090e-02  1.57265929e+05 
 1.83563585e+15  6.09803623e+34  7.92310000e+00  2.31526066e-01  5.32460000e+00  2.20245184e-01  1.47042673e-01  1.21674353e-01  3.41157992e-02  1.52054806e+05 
 1.84238222e+15  6.16876791e+34  7.89910000e+00  2.32864038e-01  5.32560000e+00  2.21676090e-01  1.47907227e-01  1.19998871e-01  3.44701985e-02  1.47023956e+05 
 1.84912858e+15  6.24003382e+34  7.87610000e+00  2.34211264e-01  5.32560000e+00  2.23085644e-01  1.48748329e-01  1.18629426e-01  3.48110620e-02  1.42168334e+05 
 1.85587495e+15  6.31183560e+34  7.85210000e+00  2.35567804e-01  5.32660000e+00  2.24530437e-01  1.49641558e-01  1.17023951e-01  3.51826182e-02  1.37482044e+05 
 1.86262132e+15  6.38417487e+34  7.82910000e+00  2.36931744e-01  5.32760000e+00  2.25982643e-01  1.50508574e-01  1.15430676e-01  3.55388437e-02  1.32958046e+05 
 1.86936769e+15  6.45705325e+34  7.80710000e+00  2.38305704e-01  5.32860000e+00  2.27441266e-01  1.51352313e-01  1.13884846e-01  3.58814918e-02  1.28592427e+05 
 1.87611406e+15  6.53047235e+34  7.78410000e+00  2.39686999e-01  5.32960000e+00  2.28907099e-01  1.52246474e-01  1.12352425e-01  3.62540074e-02  1.24378136e+05 
 1.88286043e+15  6.60444802e+34  7.76210000e+00  2.41077816e-01  5.33060000e+00  2.30379643e-01  1.53116099e-01  1.10859126e-01  3.66120855e-02  1.20310289e+05 
 1.88960680e+15  6.67897603e+34  7.74010000e+00  2.42476326e-01  5.33160000e+00  2.31859262e-01  1.53997786e-01  1.09383647e-01  3.69773554e-02  1.16383221e+05 
 1.89635317e+15  6.75404985e+34  7.71910000e+00  2.43883839e-01  5.33260000e+00  2.33345172e-01  1.54853699e-01  1.07946015e-01  3.73272368e-02  1.12593273e+05 
 1.90309954e+15  6.82967108e+34  7.69810000e+00  2.45298434e-01  5.33360000e+00  2.34837951e-01  1.55720805e-01  1.06522105e-01  3.76837200e-02  1.08934642e+05 
 1.90984591e+15  6.90584129e+34  7.67710000e+00  2.46722296e-01  5.33560000e+00  2.36365143e-01  1.56602420e-01  1.04880823e-01  3.80490902e-02  1.05403895e+05 
 1.91659228e+15  6.98256205e+34  7.65710000e+00  2.48152738e-01  5.33660000e+00  2.37870725e-01  1.57453811e-01  1.03510179e-01  3.83959067e-02  1.01995155e+05 
 1.92333864e+15  7.05983490e+34  7.63710000e+00  2.49591827e-01  5.33760000e+00  2.39382274e-01  1.58318587e-01  1.02176147e-01  3.87508324e-02  9.87051920e+04 
 1.93008501e+15  7.13767776e+34  7.61710000e+00  2.51039029e-01  5.33860000e+00  2.40900262e-01  1.59195775e-01  1.00868864e-01  3.91132339e-02  9.55287647e+04 
 1.93683138e+15  7.21608365e+34  7.59710000e+00  2.52492998e-01  5.33960000e+00  2.42424876e-01  1.60083895e-01  9.95738907e-02  3.94821726e-02  9.24617137e+04 
 1.94357775e+15  7.29504660e+34  7.57810000e+00  2.53955424e-01  5.34060000e+00  2.43955145e-01  1.60943255e-01  9.83158857e-02  3.98333474e-02  8.95013069e+04 
 1.95032412e+15  7.37456813e+34  7.55910000e+00  2.55425347e-01  5.34260000e+00  2.45519905e-01  1.61814495e-01  9.68294523e-02  4.01916940e-02  8.66433401e+04 
 1.95707049e+15  7.45464977e+34  7.54010000e+00  2.56901896e-01  5.34360000e+00  2.47062278e-01  1.62696570e-01  9.56127705e-02  4.05565411e-02  8.38838330e+04 
 1.96381686e+15  7.53529302e+34  7.52210000e+00  2.58385564e-01  5.34460000e+00  2.48610492e-01  1.63546868e-01  9.44182699e-02  4.09013506e-02  8.12195003e+04 
 1.97056323e+15  7.61649939e+34  7.50410000e+00  2.59877034e-01  5.34660000e+00  2.50192741e-01  1.64409372e-01  9.30056124e-02  4.12535763e-02  7.86472496e+04 
 1.97730960e+15  7.69829548e+34  7.48610000e+00  2.61375946e-01  5.34760000e+00  2.51752566e-01  1.65283118e-01  9.18658685e-02  4.16125343e-02  7.61627429e+04 
 1.98405597e+15  7.78065838e+34  7.46810000e+00  2.62881760e-01  5.34860000e+00  2.53317973e-01  1.66168133e-01  9.07480777e-02  4.19783480e-02  7.37635955e+04 
 1.99080234e+15  7.86358921e+34  7.45110000e+00  2.64394253e-01  5.35060000e+00  2.54917598e-01  1.67019433e-01  8.94033810e-02  4.23225519e-02  7.14466936e+04 
 1.99754870e+15  7.94708943e+34  7.43410000e+00  2.65913227e-01  5.35160000e+00  2.56494139e-01  1.67881081e-01  8.83246542e-02  4.26729180e-02  6.92090702e+04 
 2.00429507e+15  8.03116051e+34  7.41710000e+00  2.67438896e-01  5.35260000e+00  2.58076018e-01  1.68753543e-01  8.72676257e-02  4.30298163e-02  6.70479791e+04 
 2.01104144e+15  8.11580390e+34  7.40010000e+00  2.68971165e-01  5.35460000e+00  2.59691838e-01  1.69636850e-01  8.59888399e-02  4.33933113e-02  6.49606695e+04 
 2.01778781e+15  8.20103504e+34  7.38410000e+00  2.70510199e-01  5.35560000e+00  2.61284431e-01  1.70484867e-01  8.49751998e-02  4.37338245e-02  6.29441638e+04 
 2.02453418e+15  8.28685458e+34  7.36810000e+00  2.72055883e-01  5.35760000e+00  2.62911086e-01  1.71343127e-01  8.37411881e-02  4.40804244e-02  6.09959635e+04 
 2.03128055e+15  8.37325110e+34  7.35210000e+00  2.73607907e-01  5.35860000e+00  2.64514083e-01  1.72211659e-01  8.27695795e-02  4.44332023e-02  5.91139253e+04 
 2.03802692e+15  8.46022604e+34  7.33610000e+00  2.75166173e-01  5.35960000e+00  2.66122052e-01  1.73090469e-01  8.18178234e-02  4.47921990e-02  5.72956640e+04 
 2.04477329e+15  8.54778080e+34  7.32110000e+00  2.76730584e-01  5.36160000e+00  2.67763646e-01  1.73932044e-01  8.06483587e-02  4.51266309e-02  5.55388890e+04 
 2.05151966e+15  8.63591680e+34  7.30610000e+00  2.78300867e-01  5.36260000e+00  2.69381424e-01  1.74782995e-01  7.97341343e-02  4.54984085e-02  5.38790399e+04 
 2.05826603e+15  8.72464301e+34  7.29110000e+00  2.79876958e-01  5.36460000e+00  2.71033005e-01  1.75643193e-01  7.85999081e-02  4.58441134e-02  5.22373941e+04 
 2.06501240e+15  8.81397428e+34  7.27610000e+00  2.81459210e-01  5.36560000e+00  2.72660920e-01  1.76512965e-01  7.77191344e-02  4.61629973e-02  5.06148968e+04 
 2.07175876e+15  8.90389132e+34  7.26110000e+00  2.83047153e-01  5.36760000e+00  2.74322310e-01  1.77392280e-01  7.66223658e-02  4.65197665e-02  4.90822018e+04 
 2.07850513e+15  8.99439550e+34  7.24710000e+00  2.84640739e-01  5.36860000e+00  2.75959450e-01  1.78231997e-01  7.57768128e-02  4.68499994e-02  4.76007670e+04 
 2.08525150e+15  9.08548820e+34  7.23310000e+00  2.86240634e-01  5.37060000e+00  2.77629556e-01  1.79081740e-01  7.47268091e-02  4.71862733e-02  4.61689477e+04 
 2.09199787e+15  9.17717077e+34  7.21910000e+00  2.87845158e-01  5.37260000e+00  2.79304539e-01  1.79939233e-01  7.36848219e-02  4.75269203e-02  4.47845997e+04 
 2.09874424e+15  9.26945086e+34  7.20510000e+00  2.89455115e-01  5.37360000e+00  2.80955181e-01  1.80805611e-01  7.28888821e-02  4.78727915e-02  4.34461255e+04 
 2.10549061e+15  9.36234732e+34  7.19210000e+00  2.91071084e-01  5.37560000e+00  2.82639255e-01  1.81630900e-01  7.18849460e-02  4.81907612e-02  4.21517329e+04 
 2.11223698e+15  9.45583805e+34  7.17910000e+00  2.92692313e-01  5.37660000e+00  2.84298624e-01  1.82464563e-01  7.11258205e-02  4.85135449e-02  4.09001422e+04 
 2.11898335e+15  9.54992438e+34  7.16610000e+00  2.94318207e-01  5.37860000e+00  2.85991334e-01  1.83305865e-01  7.01505969e-02  4.88756818e-02  3.97182298e+04 
 2.12572972e+15  9.64460762e+34  7.15310000e+00  2.95949740e-01  5.38060000e+00  2.87687815e-01  1.84156318e-01  6.92000642e-02  4.91731110e-02  3.85192419e+04 
 2.13247609e+15  9.73988908e+34  7.14010000e+00  2.97585583e-01  5.38160000e+00  2.89359736e-01  1.85014140e-01  6.84812903e-02  4.95097309e-02  3.73870313e+04 
 2.13922246e+15  9.83578064e+34  7.12810000e+00  2.99226560e-01  5.38360000e+00  2.91064717e-01  1.85828231e-01  6.75555567e-02  4.98523250e-02  3.63180076e+04 
 2.14596883e+15  9.93229412e+34  7.11510000e+00  3.00872953e-01  5.38560000e+00  2.92773802e-01  1.86702861e-01  6.66493371e-02  5.01626388e-02  3.52320614e+04 
 2.15271519e+15  1.00294101e+35  7.10310000e+00  3.02523560e-01  5.38660000e+00  2.94458003e-01  1.87532252e-01  6.59727608e-02  5.04777636e-02  3.42067736e+04 
 2.15946156e+15  1.01271298e+35  7.09110000e+00  3.04179283e-01  5.38860000e+00  2.96174691e-01  1.88369957e-01  6.50967221e-02  5.07977131e-02  3.32148604e+04 
 2.16620793e+15  1.02254545e+35  7.08010000e+00  3.05839214e-01  5.39060000e+00  2.97895272e-01  1.89161336e-01  6.42317179e-02  5.11227893e-02  3.22785512e+04 
 2.17295430e+15  1.03243855e+35  7.06810000e+00  3.07503568e-01  5.39160000e+00  2.99590465e-01  1.90013385e-01  6.35981817e-02  5.14133573e-02  3.13261467e+04 
 2.17970067e+15  1.04239448e+35  7.05710000e+00  3.09172838e-01  5.39360000e+00  3.01318506e-01  1.90819233e-01  6.27635586e-02  5.17469737e-02  3.04493502e+04 
 2.18644704e+15  1.05241254e+35  7.04510000e+00  3.10846068e-01  5.39560000e+00  3.03050587e-01  1.91685681e-01  6.19365544e-02  5.20448344e-02  2.95566311e+04 
 2.19319341e+15  1.06249165e+35  7.03410000e+00  3.12523923e-01  5.39660000e+00  3.04756746e-01  1.92505519e-01  6.13427195e-02  5.23481552e-02  2.87141598e+04 
 2.19993978e+15  1.07263191e+35  7.02310000e+00  3.14205852e-01  5.39860000e+00  3.06495448e-01  1.93332163e-01  6.05467184e-02  5.26551605e-02  2.78985887e+04 
 2.20668615e+15  1.08283345e+35  7.01210000e+00  3.15891373e-01  5.40060000e+00  3.08237741e-01  1.94165031e-01  5.97585978e-02  5.29654115e-02  2.71089319e+04 
 2.21343252e+15  1.09309668e+35  7.00210000e+00  3.17581260e-01  5.40160000e+00  3.09953933e-01  1.94949549e-01  5.91991039e-02  5.32812181e-02  2.63639046e+04 
 2.22017889e+15  1.10342462e+35  6.99110000e+00  3.19275499e-01  5.40360000e+00  3.11703063e-01  1.95796276e-01  5.84394810e-02  5.35594974e-02  2.56038033e+04 
 2.22692525e+15  1.11381423e+35  6.98110000e+00  3.20973502e-01  5.40560000e+00  3.13455352e-01  1.96593415e-01  5.76918734e-02  5.38423481e-02  2.48866113e+04 
 2.23367162e+15  1.12426565e+35  6.97110000e+00  3.22674888e-01  5.40760000e+00  3.15210929e-01  1.97396225e-01  5.69523785e-02  5.41683801e-02  2.42100092e+04 
 2.24041799e+15  1.13477899e+35  6.96110000e+00  3.24380188e-01  5.40860000e+00  3.16940091e-01  1.98205546e-01  5.64355193e-02  5.44578053e-02  2.35367379e+04 
 2.24716436e+15  1.14535436e+35  6.95110000e+00  3.26089021e-01  5.41060000e+00  3.18701483e-01  1.99020927e-01  5.57216208e-02  5.47093794e-02  2.28674094e+04 
 2.25391073e+15  1.15599432e+35  6.94110000e+00  3.27801697e-01  5.41260000e+00  3.20466202e-01  1.99842398e-01  5.50185249e-02  5.50047177e-02  2.22358551e+04 
 2.26065710e+15  1.16669775e+35  6.93210000e+00  3.29517950e-01  5.41460000e+00  3.22233928e-01  2.00612031e-01  5.43264853e-02  5.53048423e-02  2.16401489e+04 
 2.26740347e+15  1.17746359e+35  6.92210000e+00  3.31237504e-01  5.41560000e+00  3.23975122e-01  2.01445246e-01  5.38486026e-02  5.55645619e-02  2.10309118e+04 
 2.27414984e+15  1.18829196e+35  6.91310000e+00  3.32960297e-01  5.41760000e+00  3.25748368e-01  2.02225929e-01  5.31765910e-02  5.58706933e-02  2.04717224e+04 
 2.28089621e+15  1.19918298e+35  6.90410000e+00  3.34686245e-01  5.41960000e+00  3.27524324e-01  2.03011947e-01  5.25144330e-02  5.61375158e-02  1.99144180e+04 
 2.28764258e+15  1.21013830e+35  6.89510000e+00  3.36415525e-01  5.42160000e+00  3.29303092e-01  2.03803328e-01  5.18625563e-02  5.64068902e-02  1.93741756e+04 
 2.29438895e+15  1.22115872e+35  6.88610000e+00  3.38148177e-01  5.42260000e+00  3.31055347e-01  2.04600077e-01  5.14204290e-02  5.66788046e-02  1.88503942e+04 
 2.30113531e+15  1.23224215e+35  6.87710000e+00  3.39883769e-01  5.42460000e+00  3.32839492e-01  2.05402104e-01  5.07869815e-02  5.69532536e-02  1.83426250e+04 
 2.30788168e+15  1.24338871e+35  6.86810000e+00  3.41622241e-01  5.42660000e+00  3.34626075e-01  2.06209405e-01  5.01629385e-02  5.71866427e-02  1.78367342e+04 
 2.31462805e+15  1.25459850e+35  6.86010000e+00  3.43363510e-01  5.42860000e+00  3.36415052e-01  2.06961575e-01  4.95478377e-02  5.74678101e-02  1.73729897e+04 
 2.32137442e+15  1.26587271e+35  6.85110000e+00  3.45107700e-01  5.42960000e+00  3.38176977e-01  2.07779080e-01  4.91387098e-02  5.77054148e-02  1.68971412e+04 
 2.32812079e+15  1.27721320e+35  6.84310000e+00  3.46854988e-01  5.43160000e+00  3.39971064e-01  2.08540884e-01  4.85409838e-02  5.79913928e-02  1.64610157e+04 
 2.33486716e+15  1.28861730e+35  6.83510000e+00  3.48604845e-01  5.43360000e+00  3.41767365e-01  2.09307225e-01  4.79516217e-02  5.82351830e-02  1.60254819e+04 
 2.34161353e+15  1.30008509e+35  6.82710000e+00  3.50357219e-01  5.43560000e+00  3.43565844e-01  2.10078104e-01  4.73704245e-02  5.84809401e-02  1.56030211e+04 
 2.34835990e+15  1.31161668e+35  6.81910000e+00  3.52112070e-01  5.43660000e+00  3.45336803e-01  2.10853540e-01  4.69909361e-02  5.87286830e-02  1.51932042e+04 
 2.35510627e+15  1.32321322e+35  6.81110000e+00  3.53869418e-01  5.43860000e+00  3.47139525e-01  2.11633438e-01  4.64251802e-02  5.89783088e-02  1.47955740e+04 
 2.36185264e+15  1.33487679e+35  6.80310000e+00  3.55629577e-01  5.44060000e+00  3.48944633e-01  2.12417943e-01  4.58678132e-02  5.92298863e-02  1.44096750e+04 
 2.36859901e+15  1.34660451e+35  6.79510000e+00  3.57391999e-01  5.44260000e+00  3.50751640e-01  2.13206925e-01  4.53184062e-02  5.94373369e-02  1.40243536e+04 
 2.37534537e+15  1.35839648e+35  6.78810000e+00  3.59156494e-01  5.44360000e+00  3.52531007e-01  2.13937127e-01  4.49644642e-02  5.96946613e-02  1.36718225e+04 
 2.38209174e+15  1.37025279e+35  6.78010000e+00  3.60923223e-01  5.44560000e+00  3.54341663e-01  2.14734660e-01  4.44292957e-02  5.99051413e-02  1.33087982e+04 
 2.38883811e+15  1.38217505e+35  6.77310000e+00  3.62692256e-01  5.44760000e+00  3.56154254e-01  2.15473015e-01  4.39017491e-02  6.01662161e-02  1.29767848e+04 
 2.39558448e+15  1.39416458e+35  6.76610000e+00  3.64463499e-01  5.44960000e+00  3.57969072e-01  2.16214970e-01  4.33792095e-02  6.03819035e-02  1.26443655e+04 
 2.40233085e+15  1.40621879e+35  6.75810000e+00  3.66236834e-01  5.45060000e+00  3.59755708e-01  2.17025142e-01  4.30519400e-02  6.05966750e-02  1.23120433e+04 
 2.40907722e+15  1.41833778e+35  6.75110000e+00  3.68011831e-01  5.45260000e+00  3.61573786e-01  2.17774835e-01  4.25419068e-02  6.08150519e-02  1.19989506e+04 
 2.41582359e+15  1.43052163e+35  6.74410000e+00  3.69788839e-01  5.45460000e+00  3.63393179e-01  2.18528540e-01  4.20414297e-02  6.10350293e-02  1.16949547e+04 
 2.42256996e+15  1.44277290e+35  6.73710000e+00  3.71567700e-01  5.45660000e+00  3.65214585e-01  2.19285674e-01  4.15447469e-02  6.12560680e-02  1.13996809e+04 
 2.42931633e+15  1.45509117e+35  6.73110000e+00  3.73348754e-01  5.45760000e+00  3.67007702e-01  2.19981468e-01  4.12405205e-02  6.14813485e-02  1.11216300e+04 
 2.43606270e+15  1.46747463e+35  6.72410000e+00  3.75131135e-01  5.45960000e+00  3.68832241e-01  2.20745622e-01  4.07550328e-02  6.17050081e-02  1.08428652e+04 
 2.44280907e+15  1.47992338e+35  6.71710000e+00  3.76915313e-01  5.46160000e+00  3.70657814e-01  2.21513748e-01  4.02791664e-02  6.18814012e-02  1.05637637e+04 
 2.44955543e+15  1.49243751e+35  6.71110000e+00  3.78700764e-01  5.46360000e+00  3.72484824e-01  2.22218935e-01  3.98068061e-02  6.21102100e-02  1.03090589e+04 
 2.45630180e+15  1.50502099e+35  6.70410000e+00  3.80488122e-01  5.46460000e+00  3.74283805e-01  2.22993664e-01  3.95196804e-02  6.22881100e-02  1.00454739e+04 
 2.46304817e+15  1.51767069e+35  6.69810000e+00  3.82277278e-01  5.46660000e+00  3.76113612e-01  2.23705617e-01  3.90612261e-02  6.25195613e-02  9.80505447e+03 
 2.46979454e+15  1.53038607e+35  6.69210000e+00  3.84067384e-01  5.46860000e+00  3.77944772e-01  2.24420060e-01  3.86046846e-02  6.27021453e-02  9.56369585e+03 
 2.47654091e+15  1.54316721e+35  6.68610000e+00  3.85858725e-01  5.46960000e+00  3.79747052e-01  2.25137439e-01  3.83317243e-02  6.28855376e-02  9.32914561e+03 
 2.48328728e+15  1.55601545e+35  6.67910000e+00  3.87651396e-01  5.47160000e+00  3.81580492e-01  2.25925390e-01  3.78849518e-02  6.30666898e-02  9.09392528e+03 
 2.49003365e+15  1.56893307e+35  6.67310000e+00  3.89446079e-01  5.47360000e+00  3.83414972e-01  2.26649506e-01  3.74483539e-02  6.32520079e-02  8.87246269e+03 
 2.49678002e+15  1.58191676e+35  6.66810000e+00  3.91241427e-01  5.47560000e+00  3.85250668e-01  2.27307749e-01  3.70124977e-02  6.34407437e-02  8.66409075e+03 
 2.50352639e+15  1.59496661e+35  6.66210000e+00  3.93037765e-01  5.47660000e+00  3.87057230e-01  2.28036755e-01  3.67567476e-02  6.36271639e-02  8.45464302e+03 
 2.51027276e+15  1.60808269e+35  6.65610000e+00  3.94835031e-01  5.47860000e+00  3.88894681e-01  2.28768565e-01  3.63294546e-02  6.38142911e-02  8.25101038e+03 
 2.51701913e+15  1.62126872e+35  6.65010000e+00  3.96633709e-01  5.48060000e+00  3.90733277e-01  2.29503313e-01  3.59078204e-02  6.40021382e-02  8.05296180e+03 
 2.52376549e+15  1.63452236e+35  6.64410000e+00  3.98433357e-01  5.48160000e+00  3.92542671e-01  2.30240853e-01  3.56638748e-02  6.41390885e-02  7.85404727e+03 
 2.53051186e+15  1.64784252e+35  6.63910000e+00  4.00233796e-01  5.48360000e+00  3.94382818e-01  2.30911583e-01  3.52506161e-02  6.43313761e-02  7.67305805e+03 
 2.53725823e+15  1.66122929e+35  6.63310000e+00  4.02034933e-01  5.48560000e+00  3.96223579e-01  2.31654342e-01  3.48418660e-02  6.44690649e-02  7.48485726e+03 
 2.54400460e+15  1.67468437e+35  6.62810000e+00  4.03837044e-01  5.48660000e+00  3.98034866e-01  2.32329853e-01  3.46098119e-02  6.46626398e-02  7.31368581e+03 
 2.55075097e+15  1.68820955e+35  6.62210000e+00  4.05640131e-01  5.48860000e+00  3.99877302e-01  2.33077904e-01  3.42095573e-02  6.48009947e-02  7.13549581e+03 
 2.55749734e+15  1.70180160e+35  6.61710000e+00  4.07443721e-01  5.49060000e+00  4.01720299e-01  2.33757888e-01  3.38126575e-02  6.49955689e-02  6.97352674e+03 
 2.56424371e+15  1.71546060e+35  6.61210000e+00  4.09247876e-01  5.49160000e+00  4.03533394e-01  2.34440080e-01  3.35901609e-02  6.51380902e-02  6.81033222e+03 
 2.57099008e+15  1.72918663e+35  6.60710000e+00  4.11052486e-01  5.49360000e+00  4.05377041e-01  2.35124384e-01  3.32021141e-02  6.52808825e-02  6.65154294e+03 
 2.57773645e+15  1.74298482e+35  6.60210000e+00  4.12858152e-01  5.49560000e+00  4.07221707e-01  2.35810888e-01  3.28178389e-02  6.54238831e-02  6.49697008e+03 
 2.58448282e+15  1.75685028e+35  6.59610000e+00  4.14664174e-01  5.49660000e+00  4.09036333e-01  2.36571200e-01  3.26051864e-02  6.55634698e-02  6.34138160e+03 
 2.59122919e+15  1.77078302e+35  6.59210000e+00  4.16470499e-01  5.49860000e+00  4.10881427e-01  2.37190103e-01  3.22285849e-02  6.57106110e-02  6.20014156e+03 
 2.59797555e+15  1.78478313e+35  6.58710000e+00  4.18277075e-01  5.49960000e+00  4.12696452e-01  2.37882777e-01  3.20215444e-02  6.58543095e-02  6.05764130e+03 
 2.60472192e+15  1.79885448e+35  6.58210000e+00  4.20084340e-01  5.50160000e+00  4.14542264e-01  2.38577566e-01  3.16525069e-02  6.59981927e-02  5.91889097e+03 
 2.61146829e+15  1.81299481e+35  6.57710000e+00  4.21891207e-01  5.50360000e+00  4.16389170e-01  2.39273423e-01  3.12783814e-02  6.61414784e-02  5.78378487e+03 
 2.61821466e+15  1.82720275e+35  6.57210000e+00  4.23698865e-01  5.50460000e+00  4.18205022e-01  2.39972180e-01  3.10801196e-02  6.62856907e-02  5.65226454e+03 
 2.62496103e+15  1.84147837e+35  6.56710000e+00  4.25506592e-01  5.50660000e+00  4.20051109e-01  2.40672933e-01  3.07215936e-02  6.63755934e-02  5.51967465e+03 
 2.63170740e+15  1.85582464e+35  6.56310000e+00  4.27314663e-01  5.50760000e+00  4.21867271e-01  2.41302103e-01  3.05282733e-02  6.65238878e-02  5.39948244e+03 
 2.63845377e+15  1.87024125e+35  6.55810000e+00  4.29122249e-01  5.50960000e+00  4.23714677e-01  2.42005582e-01  3.01674053e-02  6.66675988e-02  5.27798566e+03 
 2.64520014e+15  1.88472578e+35  6.55410000e+00  4.30930463e-01  5.51160000e+00  4.25561207e-01  2.42637853e-01  2.98181071e-02  6.67612413e-02  5.15967230e+03 
 2.65194651e+15  1.89927830e+35  6.54910000e+00  4.32738539e-01  5.51260000e+00  4.27377119e-01  2.43345841e-01  2.96331822e-02  6.69058424e-02  5.04443648e+03 
 2.65869288e+15  1.91744951e+35  6.54410000e+00  4.34984802e-01  5.51460000e+00  4.29657686e-01  2.44136776e-01  2.92761871e-02  6.70226791e-02  4.90534303e+03 
 2.66543925e+15  1.94093778e+35  6.53710000e+00  4.37880931e-01  5.51760000e+00  4.32609254e-01  2.45202614e-01  2.87637613e-02  6.72026626e-02  4.73260590e+03 
 2.67218562e+15  1.96474309e+35  6.53010000e+00  4.40808850e-01  5.51960000e+00  4.35561485e-01  2.46279702e-01  2.84176550e-02  6.73814719e-02  4.56516529e+03 
 2.67893198e+15  1.98875726e+35  6.52310000e+00  4.43754146e-01  5.52260000e+00  4.38562538e-01  2.47364868e-01  2.79129792e-02  6.75594015e-02  4.40364436e+03 
 2.68567835e+15  2.01298804e+35  6.51610000e+00  4.46718876e-01  5.52460000e+00  4.41550540e-01  2.48460393e-01  2.75805756e-02  6.77380883e-02  4.24784339e+03 
 2.69242472e+15  2.03744040e+35  6.50910000e+00  4.49702763e-01  5.52760000e+00  4.44587106e-01  2.49565889e-01  2.71024311e-02  6.78604024e-02  4.09413114e+03 
 2.69917109e+15  2.06210447e+35  6.50310000e+00  4.52704072e-01  5.52960000e+00  4.47609952e-01  2.50603944e-01  2.67868265e-02  6.80441108e-02  3.95265655e+03 
 2.70591746e+15  2.08698105e+35  6.49610000e+00  4.55721645e-01  5.53260000e+00  4.50680783e-01  2.51727347e-01  2.63154418e-02  6.81656561e-02  3.80977411e+03 
 2.71266383e+15  2.11207959e+35  6.49010000e+00  4.58758056e-01  5.53460000e+00  4.53737045e-01  2.52784128e-01  2.60160842e-02  6.83503244e-02  3.67830201e+03 
 2.71941020e+15  2.13740256e+35  6.48410000e+00  4.61812277e-01  5.53760000e+00  4.56841013e-01  2.53850315e-01  2.55722466e-02  6.84779971e-02  3.54846542e+03 
 2.72615657e+15  2.16294084e+35  6.47810000e+00  4.64882214e-01  5.54060000e+00  4.59961124e-01  2.54924981e-01  2.51313266e-02  6.86053968e-02  3.42334167e+03 
 2.73290294e+15  2.18869520e+35  6.47210000e+00  4.67968367e-01  5.54260000e+00  4.63065555e-01  2.56009200e-01  2.48511382e-02  6.87333881e-02  3.30278072e+03 
 2.73964931e+15  2.21467878e+35  6.46610000e+00  4.71072063e-01  5.54560000e+00  4.66216513e-01  2.57103507e-01  2.44339284e-02  6.88620711e-02  3.18657248e+03 
 2.74639568e+15  2.24088757e+35  6.46010000e+00  4.74191482e-01  5.54860000e+00  4.69383503e-01  2.58206639e-01  2.40199578e-02  6.89905811e-02  3.07457892e+03 
 2.75314204e+15  2.26731515e+35  6.45510000e+00  4.77325972e-01  5.55060000e+00  4.72534087e-01  2.59238739e-01  2.37610589e-02  6.90659715e-02  2.96668920e+03 
 2.75988841e+15  2.29396226e+35  6.44910000e+00  4.80475747e-01  5.55360000e+00  4.75728703e-01  2.60360792e-01  2.33691685e-02  6.91957256e-02  2.86276601e+03 
 2.76663478e+15  2.32084801e+35  6.44410000e+00  4.83641330e-01  5.55660000e+00  4.78939983e-01  2.61410461e-01  2.29774510e-02  6.92712232e-02  2.76258441e+03 
 2.77338115e+15  2.34795744e+35  6.43810000e+00  4.86821688e-01  5.55860000e+00  4.82133488e-01  2.62550731e-01  2.27428578e-02  6.94011676e-02  2.66608603e+03 
 2.78012752e+15  2.37528903e+35  6.43310000e+00  4.90016217e-01  5.56160000e+00  4.85370462e-01  2.63618769e-01  2.23749991e-02  6.94778558e-02  2.57314364e+03 
 2.78687389e+15  2.40284855e+35  6.42810000e+00  4.93223609e-01  5.56460000e+00  4.88622247e-01  2.64693867e-01  2.20020645e-02  6.95535068e-02  2.48359771e+03 
 2.79362026e+15  2.43064832e+35  6.42310000e+00  4.96447220e-01  5.56660000e+00  4.91855618e-01  2.65779222e-01  2.17927059e-02  6.96303367e-02  2.39731376e+03 
 2.80036663e+15  2.45867280e+35  6.41810000e+00  4.99682955e-01  5.56960000e+00  4.95133041e-01  2.66872053e-01  2.14402247e-02  6.97066075e-02  2.31420618e+03 
 2.80711300e+15  2.48692270e+35  6.41310000e+00  5.02931311e-01  5.57260000e+00  4.98422093e-01  2.67973349e-01  2.10965977e-02  6.97831176e-02  2.23416598e+03 
 2.81385937e+15  2.51541363e+35  6.40810000e+00  5.06193841e-01  5.57560000e+00  5.01723774e-01  2.69083641e-01  2.07641832e-02  6.98599047e-02  2.15704143e+03 
 2.82060574e+15  2.54413927e+35  6.40410000e+00  5.09468235e-01  5.57860000e+00  5.05038541e-01  2.70116869e-01  2.04299352e-02  6.98812886e-02  2.08273614e+03 
 2.82735210e+15  2.57309280e+35  6.39910000e+00  5.12755197e-01  5.58060000e+00  5.08331403e-01  2.71243525e-01  2.02528947e-02  6.99582159e-02  2.01118136e+03 
 2.83409847e+15  2.60227881e+35  6.39410000e+00  5.16052448e-01  5.58360000e+00  5.11668254e-01  2.72376705e-01  1.99291907e-02  6.99729206e-02  1.94055649e+03 
 2.84084484e+15  2.63171371e+35  6.39010000e+00  5.19364038e-01  5.58660000e+00  5.15015576e-01  2.73434334e-01  1.96267545e-02  7.00556987e-02  1.87581822e+03 
 2.84759121e+15  2.66137890e+35  6.38610000e+00  5.22684784e-01  5.58960000e+00  5.18374809e-01  2.74497407e-01  1.93155144e-02  7.00760369e-02  1.81182897e+03 
 2.85433758e+15  2.69127500e+35  6.38210000e+00  5.26017016e-01  5.59260000e+00  5.21741593e-01  2.75569114e-01  1.90256600e-02  7.00973389e-02  1.75020520e+03 
 2.86108395e+15  2.72142095e+35  6.37810000e+00  5.29359835e-01  5.59560000e+00  5.25121519e-01  2.76646645e-01  1.87278313e-02  7.01170380e-02  1.69080542e+03 
 2.86783032e+15  2.75180564e+35  6.37410000e+00  5.32713743e-01  5.59760000e+00  5.28478315e-01  2.77732270e-01  1.85794388e-02  7.01371811e-02  1.63358428e+03 
 2.87457669e+15  2.78242355e+35  6.37010000e+00  5.36076360e-01  5.60060000e+00  5.31875825e-01  2.78824087e-01  1.82975109e-02  7.01565172e-02  1.57846287e+03 
 2.88132306e+15  2.81328536e+35  6.36610000e+00  5.39448763e-01  5.60360000e+00  5.35282995e-01  2.79922634e-01  1.80195013e-02  7.01752265e-02  1.52534638e+03 
 2.88806943e+15  2.84439720e+35  6.36210000e+00  5.42832219e-01  5.60660000e+00  5.38698504e-01  2.81029182e-01  1.77565403e-02  7.01941702e-02  1.47415720e+03 
 2.89481580e+15  2.87574450e+35  6.35810000e+00  5.46222729e-01  5.60960000e+00  5.42123622e-01  2.82140849e-01  1.74857855e-02  7.02115869e-02  1.42483672e+03 
 2.90156216e+15  2.90733080e+35  6.35510000e+00  5.49622217e-01  5.61260000e+00  5.45555185e-01  2.83170789e-01  1.72290410e-02  7.01739134e-02  1.37731927e+03 
 2.90830853e+15  2.93917727e+35  6.35110000e+00  5.53031714e-01  5.61560000e+00  5.48996396e-01  2.84296314e-01  1.69769451e-02  7.01907056e-02  1.33150425e+03 
 2.91505490e+15  2.97126135e+35  6.34810000e+00  5.56447727e-01  5.61760000e+00  5.52414015e-01  2.85337272e-01  1.68496732e-02  7.01509639e-02  1.28735687e+03 
 2.92180127e+15  3.00358356e+35  6.34410000e+00  5.59871256e-01  5.62060000e+00  5.55868708e-01  2.86474635e-01  1.66051896e-02  7.01663952e-02  1.24482067e+03 
 2.92854764e+15  3.03616901e+35  6.34110000e+00  5.63304344e-01  5.62360000e+00  5.59331439e-01  2.87528372e-01  1.63698260e-02  7.01260183e-02  1.20380203e+03 
 2.93529401e+15  3.06899704e+35  6.33810000e+00  5.66743067e-01  5.62660000e+00  5.62801978e-01  2.88586218e-01  1.61283569e-02  7.00840620e-02  1.16426542e+03 
 2.94204038e+15  3.10206526e+35  6.33510000e+00  5.70187754e-01  5.62960000e+00  5.66278122e-01  2.89649143e-01  1.58913158e-02  7.00413521e-02  1.12616194e+03 
 2.94878675e+15  3.13539504e+35  6.33210000e+00  5.73640816e-01  5.63260000e+00  5.69760704e-01  2.90718225e-01  1.56649930e-02  6.99982261e-02  1.08941666e+03 
 2.95553312e+15  3.16897401e+35  6.32910000e+00  5.77100217e-01  5.63560000e+00  5.73248695e-01  2.91792623e-01  1.54451747e-02  6.99544198e-02  1.05399157e+03 
 2.96227949e+15  3.20279512e+35  6.32610000e+00  5.80564172e-01  5.63860000e+00  5.76742209e-01  2.92871251e-01  1.52241480e-02  6.99093660e-02  1.01984190e+03 
 2.96902586e+15  3.23687744e+35  6.32310000e+00  5.84034449e-01  5.64160000e+00  5.80242556e-01  2.93954676e-01  1.50037308e-02  6.98630878e-02  9.86902131e+02 
 2.97577222e+15  3.27121409e+35  6.32010000e+00  5.87510243e-01  5.64460000e+00  5.83748108e-01  2.95042960e-01  1.47872243e-02  6.98158510e-02  9.55135420e+02 
 2.98251859e+15  3.30579475e+35  6.31710000e+00  5.90990143e-01  5.64660000e+00  5.87225571e-01  2.96135743e-01  1.46957727e-02  6.97676920e-02  9.24507222e+02 
 2.98926496e+15  3.34063771e+35  6.31510000e+00  5.94475648e-01  5.64960000e+00  5.90740217e-01  2.97139221e-01  1.44860458e-02  6.96632925e-02  8.94959108e+02 
 2.99601133e+15  3.37573856e+35  6.31210000e+00  5.97966089e-01  5.65260000e+00  5.94259020e-01  2.98241269e-01  1.42819768e-02  6.96132106e-02  8.66456212e+02 
 3.00275770e+15  3.41108521e+35  6.30910000e+00  6.01459713e-01  5.65560000e+00  5.97780841e-01  2.99347507e-01  1.40810515e-02  6.94988255e-02  8.38204881e+02 
 3.00950407e+15  3.44669672e+35  6.30710000e+00  6.04957969e-01  5.65860000e+00  6.01307279e-01  3.00362880e-01  1.38824976e-02  6.94547056e-02  8.12442490e+02 
 3.01625044e+15  3.48256807e+35  6.30510000e+00  6.08460018e-01  5.66160000e+00  6.04837508e-01  3.01381736e-01  1.36863486e-02  6.93462017e-02  7.86847777e+02 
 3.02299681e+15  3.51868691e+35  6.30210000e+00  6.11964293e-01  5.66460000e+00  6.08370045e-01  3.02499667e-01  1.34923895e-02  6.92916275e-02  7.62158293e+02 
 3.02974318e+15  3.55507477e+35  6.30010000e+00  6.15472562e-01  5.66760000e+00  6.11906555e-01  3.03525435e-01  1.33007347e-02  6.91808478e-02  7.38325707e+02 
 3.03648955e+15  3.59172266e+35  6.29810000e+00  6.18983879e-01  5.67060000e+00  6.15445370e-01  3.04554691e-01  1.31141784e-02  6.90691675e-02  7.15325436e+02 
 3.04323592e+15  3.62861964e+35  6.29510000e+00  6.22496653e-01  5.67260000e+00  6.18953254e-01  3.05683962e-01  1.30464148e-02  6.90112840e-02  6.93132957e+02 
 3.04998228e+15  3.66579149e+35  6.29310000e+00  6.26012983e-01  5.67560000e+00  6.22496724e-01  3.06719823e-01  1.28649507e-02  6.88973267e-02  6.71702886e+02 
 3.05672865e+15  3.70322172e+35  6.29110000e+00  6.29530990e-01  5.67860000e+00  6.26041672e-01  3.07758587e-01  1.26864089e-02  6.87822878e-02  6.51017060e+02 
 3.06347502e+15  3.74090256e+35  6.28910000e+00  6.33048927e-01  5.68160000e+00  6.29588493e-01  3.08799185e-01  1.25029619e-02  6.86656700e-02  6.31050563e+02 
 3.07022139e+15  3.77886586e+35  6.28710000e+00  6.36569950e-01  5.68460000e+00  6.33138634e-01  3.09842818e-01  1.23208275e-02  6.85476845e-02  6.11761781e+02 
 3.07696776e+15  3.81708399e+35  6.28510000e+00  6.40091821e-01  5.68760000e+00  6.36688009e-01  3.10889511e-01  1.21467209e-02  6.84289965e-02  5.93141239e+02 
 3.08371413e+15  3.85555798e+35  6.28310000e+00  6.43614172e-01  5.68960000e+00  6.40204351e-01  3.11939005e-01  1.20910189e-02  6.83094617e-02  5.75163225e+02 
 3.09046050e+15  3.89431620e+35  6.28110000e+00  6.47138084e-01  5.69260000e+00  6.43757180e-01  3.12990488e-01  1.19153284e-02  6.81880131e-02  5.57789275e+02 
 3.09720687e+15  3.93332751e+35  6.28010000e+00  6.50660984e-01  5.69560000e+00  6.47309789e-01  3.13943792e-01  1.17388664e-02  6.80110796e-02  5.41012146e+02 
 3.10395324e+15  3.97260494e+35  6.27810000e+00  6.54185121e-01  5.69860000e+00  6.50860010e-01  3.15000348e-01  1.15773578e-02  6.78880823e-02  5.24807166e+02 
 3.11069961e+15  4.01216012e+35  6.27610000e+00  6.57709033e-01  5.70160000e+00  6.54413193e-01  3.16058191e-01  1.14066118e-02  6.77630429e-02  5.09145044e+02 
 3.11744598e+15  4.05196964e+35  6.27410000e+00  6.61231584e-01  5.70360000e+00  6.57931950e-01  3.17118118e-01  1.13492939e-02  6.76370336e-02  4.94017309e+02 
 3.12419234e+15  4.09205754e+35  6.27310000e+00  6.64754842e-01  5.70660000e+00  6.61482660e-01  3.18079346e-01  1.11881373e-02  6.74562584e-02  4.79395701e+02 
 3.13093871e+15  4.13241454e+35  6.27110000e+00  6.68276214e-01  5.70960000e+00  6.65034851e-01  3.19142512e-01  1.10174252e-02  6.73274346e-02  4.65263580e+02 
 3.13768508e+15  4.17302702e+35  6.27010000e+00  6.71796509e-01  5.71260000e+00  6.68581849e-01  3.20106503e-01  1.08627075e-02  6.71447922e-02  4.51610819e+02 
 3.14443145e+15  4.21393226e+35  6.26810000e+00  6.75316034e-01  5.71460000e+00  6.72099886e-01  3.21173058e-01  1.08021681e-02  6.70135060e-02  4.38404492e+02 
 3.15117782e+15  4.25509565e+35  6.26710000e+00  6.78833998e-01  5.71760000e+00  6.75645630e-01  3.22139450e-01  1.06469058e-02  6.68285080e-02  4.25642852e+02 
 3.15792419e+15  4.29652809e+35  6.26510000e+00  6.82349146e-01  5.72060000e+00  6.79191307e-01  3.23209049e-01  1.04843451e-02  6.66952020e-02  4.13304131e+02 
 3.16467056e+15  4.33824480e+35  6.26410000e+00  6.85863422e-01  5.72260000e+00  6.82702720e-01  3.24177074e-01  1.04316617e-02  6.65075792e-02  4.01369828e+02 
 3.17141693e+15  4.38021888e+35  6.26210000e+00  6.89374800e-01  5.72560000e+00  6.86242194e-01  3.25250188e-01  1.02803582e-02  6.63725225e-02  3.89833966e+02 
 3.17816330e+15  4.42247961e+35  6.26110000e+00  6.92883428e-01  5.72860000e+00  6.89783651e-01  3.26219231e-01  1.01150672e-02  6.61823342e-02  3.78671650e+02 
 3.18490967e+15  4.46501015e+35  6.26010000e+00  6.96389806e-01  5.73060000e+00  6.93287186e-01  3.27189715e-01  1.00654991e-02  6.59917611e-02  3.67876822e+02 
 3.19165604e+15  4.50780508e+35  6.25810000e+00  6.99892788e-01  5.73360000e+00  6.96819357e-01  3.28265873e-01  9.91538815e-03  6.58531468e-02  3.57437251e+02 
 3.19840241e+15  4.55089431e+35  6.25710000e+00  7.03393377e-01  5.73660000e+00  7.00352081e-01  3.29237432e-01  9.75730934e-03  6.56601639e-02  3.47331719e+02 
 3.20514877e+15  4.59424253e+35  6.25610000e+00  7.06889034e-01  5.73860000e+00  7.03847613e-01  3.30208840e-01  9.70201919e-03  6.54661885e-02  3.37557392e+02 
 3.21189514e+15  4.63787618e+35  6.25510000e+00  7.10382337e-01  5.74160000e+00  7.07372577e-01  3.31181290e-01  9.54852905e-03  6.52715454e-02  3.28097399e+02 
 3.21864151e+15  4.68178593e+35  6.25310000e+00  7.13871997e-01  5.74360000e+00  7.10860218e-01  3.32260488e-01  9.50128213e-03  6.51281885e-02  3.18942591e+02 
 3.22538788e+15  4.72596045e+35  6.25210000e+00  7.17356582e-01  5.74660000e+00  7.14376460e-01  3.33233581e-01  9.35074110e-03  6.49316960e-02  3.10083935e+02 
 3.23213425e+15  4.77043378e+35  6.25110000e+00  7.20838540e-01  5.74960000e+00  7.17890679e-01  3.34207120e-01  9.19994690e-03  6.47341238e-02  3.01504567e+02 
 3.23888062e+15  4.81516740e+35  6.25010000e+00  7.24314527e-01  5.75160000e+00  7.21366392e-01  3.35180191e-01  9.15005535e-03  6.45356555e-02  2.93202019e+02 
 3.24562699e+15  4.86019058e+35  6.24910000e+00  7.27786591e-01  5.75460000e+00  7.24872393e-01  3.36153283e-01  8.99688808e-03  6.43361404e-02  2.85161248e+02 
 3.25237336e+15  4.90549032e+35  6.24810000e+00  7.31253715e-01  5.75660000e+00  7.28340058e-01  3.37126316e-01  8.94625348e-03  6.41358181e-02  2.77375724e+02 
 3.25911973e+15  4.95106072e+35  6.24710000e+00  7.34715163e-01  5.75960000e+00  7.31835753e-01  3.38099034e-01  8.79500770e-03  6.39346925e-02  2.69837458e+02 
 3.26586610e+15  4.99692842e+35  6.24610000e+00  7.38172727e-01  5.76160000e+00  7.35294310e-01  3.39071870e-01  8.74476900e-03  6.37326379e-02  2.62533640e+02 
 3.27261247e+15  5.04305744e+35  6.24510000e+00  7.41623205e-01  5.76460000e+00  7.38780572e-01  3.40043784e-01  8.59163059e-03  6.35296981e-02  2.55461586e+02 
 3.27935883e+15  5.08948588e+35  6.24410000e+00  7.45069444e-01  5.76660000e+00  7.42229520e-01  3.41015650e-01  8.53795728e-03  6.33258214e-02  2.48607768e+02 
 3.28610520e+15  5.13618509e+35  6.24310000e+00  7.48509044e-01  5.76860000e+00  7.45672619e-01  3.41986810e-01  8.48256158e-03  6.31211496e-02  2.41968858e+02 
 3.29285157e+15  5.18316675e+35  6.24210000e+00  7.51942689e-01  5.77160000e+00  7.49143672e-01  3.42957439e-01  8.32851469e-03  6.29156554e-02  2.35535844e+02 
 3.29959794e+15  5.23043780e+35  6.24110000e+00  7.55371307e-01  5.77360000e+00  7.52574421e-01  3.43928269e-01  8.27905945e-03  6.27097102e-02  2.29301269e+02 
 3.30634431e+15  5.27797497e+35  6.24010000e+00  7.58792662e-01  5.77660000e+00  7.56031094e-01  3.44898434e-01  8.13402245e-03  6.25032301e-02  2.23261057e+02 
 3.31309068e+15  5.32581942e+35  6.23910000e+00  7.62208378e-01  5.77860000e+00  7.59452201e-01  3.45867425e-01  8.07658917e-03  6.22953430e-02  2.17402785e+02 
 3.31983705e+15  5.37392623e+35  6.23810000e+00  7.65615795e-01  5.78060000e+00  7.62866054e-01  3.46835156e-01  8.01677646e-03  6.20867623e-02  2.11726215e+02 
 3.32658342e+15  5.42233367e+35  6.23810000e+00  7.69018626e-01  5.78360000e+00  7.66305409e-01  3.47691958e-01  7.87183496e-03  6.18284031e-02  2.06221422e+02 
 3.33332979e+15  5.47101567e+35  6.23710000e+00  7.72413181e-01  5.78560000e+00  7.69705571e-01  3.48658316e-01  7.81626628e-03  6.16188077e-02  2.00884684e+02 
 3.34007616e+15  5.51998414e+35  6.23610000e+00  7.75800207e-01  5.78760000e+00  7.73100625e-01  3.49623270e-01  7.75431546e-03  6.14082365e-02  1.95709047e+02 
 3.34682253e+15  5.56924269e+35  6.23510000e+00  7.79181707e-01  5.78960000e+00  7.76485308e-01  3.50588850e-01  7.70709522e-03  6.11978143e-02  1.90689890e+02 
 3.35356889e+15  5.61877430e+35  6.23410000e+00  7.82553310e-01  5.79260000e+00  7.79900173e-01  3.51551545e-01  7.54759607e-03  6.09859027e-02  1.85821942e+02 
 3.36031526e+15  5.66861067e+35  6.23410000e+00  7.85919984e-01  5.79460000e+00  7.83271524e-01  3.52401834e-01  7.49765831e-03  6.07253259e-02  1.81098727e+02 
 3.36706163e+15  5.71870988e+35  6.23310000e+00  7.89276027e-01  5.79660000e+00  7.86637851e-01  3.53362057e-01  7.43245566e-03  6.05124465e-02  1.76518003e+02 
 3.37380800e+15  5.76912286e+35  6.23210000e+00  7.92627352e-01  5.79860000e+00  7.89994757e-01  3.54322996e-01  7.38131093e-03  6.02996218e-02  1.72071824e+02 
 3.38055437e+15  5.81980122e+35  6.23110000e+00  7.95967573e-01  5.80060000e+00  7.93347320e-01  3.55280680e-01  7.31168768e-03  6.00854408e-02  1.67758432e+02 
 3.38730074e+15  5.87078235e+35  6.23110000e+00  7.99302167e-01  5.80360000e+00  7.96722365e-01  3.56124583e-01  7.16608579e-03  5.98234523e-02  1.63571827e+02 
 3.39404711e+15  5.92204094e+35  6.23010000e+00  8.02626927e-01  5.80560000e+00  8.00057757e-01  3.57080188e-01  7.10312165e-03  5.96087478e-02  1.59508870e+02 
 3.40079348e+15  5.97359213e+35  6.22910000e+00  8.05943513e-01  5.80760000e+00  8.03385538e-01  3.58034503e-01  7.03928249e-03  5.93935136e-02  1.55564642e+02 
 3.40753985e+15  6.02543194e+35  6.22910000e+00  8.09252245e-01  5.80960000e+00  8.06703081e-01  3.58872874e-01  6.98264835e-03  5.91306858e-02  1.51735865e+02 
 3.41428622e+15  6.07755502e+35  6.22810000e+00  8.12551351e-01  5.81160000e+00  8.10013884e-01  3.59824103e-01  6.91879402e-03  5.89147984e-02  1.48018697e+02 
 3.42103259e+15  6.12997696e+35  6.22710000e+00  8.15841692e-01  5.81360000e+00  8.13318607e-01  3.60773454e-01  6.84824589e-03  5.86981360e-02  1.44408386e+02 
 3.42777895e+15  6.18267373e+35  6.22710000e+00  8.19123123e-01  5.81560000e+00  8.16611112e-01  3.61605827e-01  6.78739794e-03  5.84346830e-02  1.40903683e+02 
 3.43452532e+15  6.23567861e+35  6.22610000e+00  8.22396574e-01  5.81760000e+00  8.19896272e-01  3.62552773e-01  6.72558082e-03  5.82178563e-02  1.37498698e+02 
 3.44127169e+15  6.28895080e+35  6.22610000e+00  8.25659384e-01  5.81960000e+00  8.23171507e-01  3.63380915e-01  6.66238856e-03  5.79541581e-02  1.34192682e+02 
 3.44801806e+15  6.34253937e+35  6.22510000e+00  8.28914085e-01  5.82160000e+00  8.26440678e-01  3.64323906e-01  6.59444469e-03  5.77365373e-02  1.30979454e+02 
 3.45476443e+15  6.39639035e+35  6.22410000e+00  8.32157523e-01  5.82360000e+00  8.29699654e-01  3.65264654e-01  6.52435294e-03  5.75186608e-02  1.27859274e+02 
 3.46151080e+15  6.45056159e+35  6.22410000e+00  8.35393256e-01  5.82560000e+00  8.32951125e-01  3.66086498e-01  6.45431803e-03  5.72543313e-02  1.24825902e+02 
 3.46825717e+15  6.50499672e+35  6.22310000e+00  8.38617792e-01  5.82760000e+00  8.36191638e-01  3.67023637e-01  6.38449429e-03  5.70360949e-02  1.21879791e+02 
 3.47500354e+15  6.55974744e+35  6.22210000e+00  8.41834065e-01  5.82960000e+00  8.39424182e-01  3.67959413e-01  6.31458764e-03  5.68175095e-02  1.19015363e+02 
 3.48174991e+15  6.61476725e+35  6.22210000e+00  8.45039227e-01  5.83160000e+00  8.42645883e-01  3.68774487e-01  6.24457387e-03  5.65533334e-02  1.16232392e+02 
 3.48849628e+15  6.67009898e+35  6.22110000e+00  8.48235659e-01  5.83360000e+00  8.45859064e-01  3.69706355e-01  6.17481469e-03  5.63345319e-02  1.13526266e+02 
 3.49524265e+15  6.72570391e+35  6.22110000e+00  8.51421015e-01  5.83460000e+00  8.49027254e-01  3.70516933e-01  6.19241821e-03  5.60705426e-02  1.10896343e+02 
 3.50198901e+15  6.78161812e+35  6.22010000e+00  8.54597245e-01  5.83660000e+00  8.52220687e-01  3.71444766e-01  6.12251244e-03  5.58516009e-02  1.08338644e+02 
 3.50873538e+15  6.83780853e+35  6.22010000e+00  8.57762133e-01  5.83860000e+00  8.55404044e-01  3.72250468e-01  6.04988987e-03  5.55877636e-02  1.05852243e+02 
 3.51548175e+15  6.89430664e+35  6.21910000e+00  8.60917174e-01  5.84060000e+00  8.58579375e-01  3.73173499e-01  5.97336897e-03  5.53684503e-02  1.03433588e+02 
 3.52222812e+15  6.95108279e+35  6.21810000e+00  8.64060897e-01  5.84260000e+00  8.61744255e-01  3.74094240e-01  5.89534862e-03  5.51490617e-02  1.01081868e+02 
 3.52897449e+15  7.00816614e+35  6.21810000e+00  8.67194821e-01  5.84360000e+00  8.64865911e-01  3.74892418e-01  5.90174409e-03  5.48853083e-02  9.87937843e+01 
 3.53572086e+15  7.06552823e+35  6.21710000e+00  8.70318178e-01  5.84560000e+00  8.68008069e-01  3.75809487e-01  5.83089622e-03  5.46662917e-02  9.65688335e+01 
 3.54246723e+15  7.12319812e+35  6.21710000e+00  8.73431195e-01  5.84760000e+00  8.71142125e-01  3.76602989e-01  5.75488621e-03  5.44031459e-02  9.44035149e+01 
 3.54921360e+15  7.18114624e+35  6.21610000e+00  8.76532040e-01  5.84960000e+00  8.74267116e-01  3.77514482e-01  5.67182333e-03  5.41837329e-02  9.22971492e+01 
 3.55595997e+15  7.23940390e+35  6.21610000e+00  8.79623331e-01  5.85060000e+00  8.77346795e-01  3.78302685e-01  5.67780740e-03  5.39210316e-02  9.02470124e+01 
 3.56270634e+15  7.29793807e+35  6.21510000e+00  8.82703093e-01  5.85260000e+00  8.80448247e-01  3.79210255e-01  5.60209955e-03  5.37021378e-02  8.82525608e+01 
 3.56945271e+15  7.35678469e+35  6.21510000e+00  8.85771880e-01  5.85460000e+00  8.83543346e-01  3.79992564e-01  5.51535448e-03  5.34397197e-02  8.63105156e+01 
 3.57619907e+15  7.41590484e+35  6.21410000e+00  8.88829627e-01  5.85560000e+00  8.86588688e-01  3.80895498e-01  5.52432578e-03  5.32211457e-02  8.44211328e+01 
 3.58294544e+15  7.47534151e+35  6.21410000e+00  8.91876364e-01  5.85760000e+00  8.89662207e-01  3.81672535e-01  5.43758436e-03  5.29594179e-02  8.25808783e+01 
 3.58969181e+15  7.53504749e+35  6.21310000e+00  8.94911139e-01  5.85860000e+00  8.92687628e-01  3.82570084e-01  5.43943552e-03  5.27409471e-02  8.07901573e+01 
 3.59643818e+15  7.59507529e+35  6.21310000e+00  8.97935711e-01  5.86060000e+00  8.95739098e-01  3.83341891e-01  5.35358712e-03  5.24800379e-02  7.90456581e+01 
