# rhoc (cgs) 	 Pc (cgs) 	 R (km) 	 M (msol) 	 R_core (km) 	 M_core (msol) 	 I/(MR^2) 	 I_crust/(M_crust R_crust^2)/(I/(MR^2)) 	 k_2 	 Lambda 
 2.30000000e+14  1.67725963e+33  4.33211000e+01  9.31972049e-02  3.96460000e+00  2.44045452e-02  1.21279623e-02  9.29937620e-01  2.37703937e-04  4.89877729e+08 
 2.30408750e+14  1.68360607e+33  4.30161000e+01  9.33379682e-02  3.97360000e+00  2.45907591e-02  1.22768440e-02  9.29065433e-01  2.40826076e-04  4.75483377e+08 
 2.30817500e+14  1.68995251e+33  4.27161000e+01  9.34786952e-02  3.98260000e+00  2.47777750e-02  1.24263761e-02  9.28187584e-01  2.44031713e-04  4.61752667e+08 
 2.31226251e+14  1.69630373e+33  4.24221000e+01  9.36194870e-02  3.99060000e+00  2.49498025e-02  1.25758689e-02  9.27384430e-01  2.47285614e-04  4.48638731e+08 
 2.31635001e+14  1.70270604e+33  4.21311000e+01  9.37613680e-02  3.99960000e+00  2.51387568e-02  1.27268514e-02  9.26494470e-01  2.50634019e-04  4.36016287e+08 
 2.32043751e+14  1.70910835e+33  4.18441000e+01  9.39032057e-02  4.00860000e+00  2.53285164e-02  1.28788772e-02  9.25598743e-01  2.54088285e-04  4.23957269e+08 
 2.32452501e+14  1.71551066e+33  4.15631000e+01  9.40449960e-02  4.01660000e+00  2.55030502e-02  1.30306389e-02  9.24779926e-01  2.57586089e-04  4.12431648e+08 
 2.32861252e+14  1.72191297e+33  4.12871000e+01  9.41867336e-02  4.02560000e+00  2.56943477e-02  1.31826494e-02  9.23873310e-01  2.61153028e-04  4.01408589e+08 
 2.33270002e+14  1.72836632e+33  4.10131000e+01  9.43295473e-02  4.03360000e+00  2.58706577e-02  1.33365865e-02  9.23043723e-01  2.64841703e-04  3.90776991e+08 
 2.33678752e+14  1.73482490e+33  4.07441000e+01  9.44724229e-02  4.04260000e+00  2.60639091e-02  1.34906350e-02  9.22124697e-01  2.68592194e-04  3.80592428e+08 
 2.34087502e+14  1.74128348e+33  4.04801000e+01  9.46152412e-02  4.05060000e+00  2.62416650e-02  1.36447143e-02  9.21285360e-01  2.72404452e-04  3.70838622e+08 
 2.34496252e+14  1.74774206e+33  4.02201000e+01  9.47579972e-02  4.05860000e+00  2.64200908e-02  1.37994076e-02  9.20441512e-01  2.76307835e-04  3.61491379e+08 
 2.34905003e+14  1.75424191e+33  3.99631000e+01  9.49016005e-02  4.06760000e+00  2.66159258e-02  1.39552041e-02  9.19505111e-01  2.80304173e-04  3.52473205e+08 
 2.35313753e+14  1.76075718e+33  3.97091000e+01  9.50454828e-02  4.07560000e+00  2.67961807e-02  1.41121586e-02  9.18650103e-01  2.84412426e-04  3.43803077e+08 
 2.35722503e+14  1.76727245e+33  3.94601000e+01  9.51892968e-02  4.08360000e+00  2.69771084e-02  1.42688404e-02  9.17790498e-01  2.88571395e-04  3.35484124e+08 
 2.36131253e+14  1.77378773e+33  3.92151000e+01  9.53330412e-02  4.09160000e+00  2.71587069e-02  1.44258723e-02  9.16926280e-01  2.92812788e-04  3.27497370e+08 
 2.36540004e+14  1.78033433e+33  3.89731000e+01  9.54774026e-02  4.09960000e+00  2.73412120e-02  1.45838204e-02  9.16056682e-01  2.97148781e-04  3.19789435e+08 
 2.36948754e+14  1.78690675e+33  3.87341000e+01  9.56222614e-02  4.10860000e+00  2.75413515e-02  1.47426611e-02  9.15091199e-01  3.01582677e-04  3.12353997e+08 
 2.37357504e+14  1.79347917e+33  3.84991000e+01  9.57670455e-02  4.11660000e+00  2.77254644e-02  1.49016611e-02  9.14210926e-01  3.06092705e-04  3.05206514e+08 
 2.37766254e+14  1.80005159e+33  3.82681000e+01  9.59117509e-02  4.12460000e+00  2.79102499e-02  1.50607350e-02  9.13325932e-01  3.10675272e-04  2.98332434e+08 
 2.38175004e+14  1.80664521e+33  3.80391000e+01  9.60568407e-02  4.13260000e+00  2.80958690e-02  1.52213271e-02  9.12435704e-01  3.15393738e-04  2.91696432e+08 
 2.38583755e+14  1.81327526e+33  3.78141000e+01  9.62026518e-02  4.14060000e+00  2.82824404e-02  1.53817517e-02  9.11539876e-01  3.20155405e-04  2.85274427e+08 
 2.38992505e+14  1.81990531e+33  3.75911000e+01  9.63483805e-02  4.14860000e+00  2.84696869e-02  1.55436870e-02  9.10639254e-01  3.25066720e-04  2.79089800e+08 
 2.39401255e+14  1.82653536e+33  3.73731000e+01  9.64940233e-02  4.15660000e+00  2.86576073e-02  1.57045976e-02  9.09733815e-01  3.29997754e-04  2.73132202e+08 
 2.39810005e+14  1.83317629e+33  3.71571000e+01  9.66398157e-02  4.16460000e+00  2.88462844e-02  1.58668741e-02  9.08823292e-01  3.35067593e-04  2.67380295e+08 
 2.40218755e+14  1.83986447e+33  3.69441000e+01  9.67865573e-02  4.17160000e+00  2.90187097e-02  1.60295187e-02  9.08003164e-01  3.40207259e-04  2.61795514e+08 
 2.40627506e+14  1.84655266e+33  3.67331000e+01  9.69332094e-02  4.17960000e+00  2.92090371e-02  1.61935005e-02  9.07082557e-01  3.45492921e-04  2.56408534e+08 
 2.41036256e+14  1.85324085e+33  3.65261000e+01  9.70797690e-02  4.18760000e+00  2.94000397e-02  1.63570080e-02  9.06157041e-01  3.50830127e-04  2.51210685e+08 
 2.41445006e+14  1.85992938e+33  3.63221000e+01  9.72262402e-02  4.19560000e+00  2.95917188e-02  1.65208441e-02  9.05226588e-01  3.56261708e-04  2.46192498e+08 
 2.41853756e+14  1.86667624e+33  3.61201000e+01  9.73738931e-02  4.20360000e+00  2.97845281e-02  1.66856917e-02  9.04289915e-01  3.61796981e-04  2.41304471e+08 
 2.42262507e+14  1.87342311e+33  3.59201000e+01  9.75214507e-02  4.21060000e+00  2.99603992e-02  1.68517034e-02  9.03448121e-01  3.67474301e-04  2.36582313e+08 
 2.42671257e+14  1.88016998e+33  3.57241000e+01  9.76689088e-02  4.21860000e+00  3.01544966e-02  1.70169474e-02  9.02502205e-01  3.73190439e-04  2.32019076e+08 
 2.43080007e+14  1.88691685e+33  3.55311000e+01  9.78162662e-02  4.22560000e+00  3.03315259e-02  1.71822766e-02  9.01652509e-01  3.78991750e-04  2.27607199e+08 
 2.43488757e+14  1.89371253e+33  3.53391000e+01  9.79645870e-02  4.23360000e+00  3.05272924e-02  1.73494385e-02  9.00696240e-01  3.84952009e-04  2.23309312e+08 
 2.43897507e+14  1.90051865e+33  3.51491000e+01  9.81130331e-02  4.24160000e+00  3.07238196e-02  1.75175632e-02  8.99734693e-01  3.91043730e-04  2.19144837e+08 
 2.44306258e+14  1.90732477e+33  3.49631000e+01  9.82613757e-02  4.24860000e+00  3.09030883e-02  1.76846269e-02  8.98871421e-01  3.97160738e-04  2.15114730e+08 
 2.44715008e+14  1.91413089e+33  3.47791000e+01  9.84096117e-02  4.25660000e+00  3.11009020e-02  1.78525599e-02  8.97900443e-01  4.03410586e-04  2.11212577e+08 
 2.45123758e+14  1.92097541e+33  3.45971000e+01  9.85585735e-02  4.26360000e+00  3.12816360e-02  1.80212171e-02  8.97028287e-01  4.09769003e-04  2.07412020e+08 
 2.45532508e+14  1.92784139e+33  3.44171000e+01  9.87078969e-02  4.27160000e+00  3.14812148e-02  1.81906125e-02  8.96046562e-01  4.16246038e-04  2.03718451e+08 
 2.45941259e+14  1.93470736e+33  3.42401000e+01  9.88571101e-02  4.27860000e+00  3.16632830e-02  1.83596974e-02  8.95165815e-01  4.22792950e-04  2.00138981e+08 
 2.46350009e+14  1.94157334e+33  3.40651000e+01  9.90062119e-02  4.28560000e+00  3.18459006e-02  1.85294747e-02  8.94281301e-01  4.29467497e-04  1.96668498e+08 
 2.46758759e+14  1.94846706e+33  3.38921000e+01  9.91558011e-02  4.29360000e+00  3.20476016e-02  1.86998271e-02  8.93284983e-01  4.36252021e-04  1.93289200e+08 
 2.47167509e+14  1.95539353e+33  3.37211000e+01  9.93059889e-02  4.30060000e+00  3.22318682e-02  1.88707000e-02  8.92390997e-01  4.43142420e-04  1.89995435e+08 
 2.47576259e+14  1.96232000e+33  3.35521000e+01  9.94560627e-02  4.30860000e+00  3.24351239e-02  1.90421419e-02  8.91384337e-01  4.50157157e-04  1.86799094e+08 
 2.47985010e+14  1.96924647e+33  3.33861000e+01  9.96060205e-02  4.31560000e+00  3.26205531e-02  1.92129581e-02  8.90482042e-01  4.57226788e-04  1.83696360e+08 
 2.48393760e+14  1.97618977e+33  3.32221000e+01  9.97562223e-02  4.32260000e+00  3.28066689e-02  1.93841763e-02  8.89575564e-01  4.64405033e-04  1.80676110e+08 
 2.48802510e+14  1.98317741e+33  3.30581000e+01  9.99072666e-02  4.32960000e+00  3.29936962e-02  1.95580424e-02  8.88664355e-01  4.71815746e-04  1.77723505e+08 
 2.49211260e+14  1.99016504e+33  3.28981000e+01  1.00058193e-01  4.33660000e+00  3.31812753e-02  1.97299284e-02  8.87749276e-01  4.79202557e-04  1.74855102e+08 
 2.49620011e+14  1.99715268e+33  3.27391000e+01  1.00208998e-01  4.34460000e+00  3.33881537e-02  1.99033349e-02  8.86718033e-01  4.86776144e-04  1.72067066e+08 
 2.50028761e+14  2.00414596e+33  3.25821000e+01  1.00359801e-01  4.35160000e+00  3.35769412e-02  2.00770131e-02  8.85794378e-01  4.94460115e-04  1.69354232e+08 
 2.50437511e+14  2.01119546e+33  3.24271000e+01  1.00511695e-01  4.35860000e+00  3.37667410e-02  2.02507789e-02  8.84865730e-01  5.02223118e-04  1.66695031e+08 
 2.50846261e+14  2.01824497e+33  3.22731000e+01  1.00663467e-01  4.36560000e+00  3.39570934e-02  2.04259939e-02  8.83933155e-01  5.10173696e-04  1.64108262e+08 
 2.51255011e+14  2.02529448e+33  3.21221000e+01  1.00815114e-01  4.37260000e+00  3.41479971e-02  2.06000888e-02  8.82996636e-01  5.18153494e-04  1.61591397e+08 
 2.51663762e+14  2.03234399e+33  3.19721000e+01  1.00966634e-01  4.37960000e+00  3.43394508e-02  2.07755572e-02  8.82056161e-01  5.26318594e-04  1.59141526e+08 
 2.52072512e+14  2.03945027e+33  3.18241000e+01  1.01119246e-01  4.38660000e+00  3.45319255e-02  2.09509308e-02  8.81110649e-01  5.34555381e-04  1.56737392e+08 
 2.52481262e+14  2.04656239e+33  3.16771000e+01  1.01271859e-01  4.39360000e+00  3.47250012e-02  2.11276178e-02  8.80161052e-01  5.42974786e-04  1.54394278e+08 
 2.52890012e+14  2.05367451e+33  3.15331000e+01  1.01424344e-01  4.40060000e+00  3.49186285e-02  2.13029235e-02  8.79207463e-01  5.51407909e-04  1.52112066e+08 
 2.53298763e+14  2.06078664e+33  3.13901000e+01  1.01576699e-01  4.40760000e+00  3.51128062e-02  2.14794729e-02  8.78249869e-01  5.60023562e-04  1.49888288e+08 
 2.53707513e+14  2.06794316e+33  3.12481000e+01  1.01729873e-01  4.41460000e+00  3.53079051e-02  2.16571459e-02  8.77287442e-01  5.68798793e-04  1.47707524e+08 
 2.54116263e+14  2.07511682e+33  3.11081000e+01  1.01883284e-01  4.42160000e+00  3.55036999e-02  2.18345982e-02  8.76320674e-01  5.77657929e-04  1.45576699e+08 
 2.54525013e+14  2.08229047e+33  3.09701000e+01  1.02036564e-01  4.42860000e+00  3.57000464e-02  2.20118092e-02  8.75349867e-01  5.86606422e-04  1.43499073e+08 
 2.54933763e+14  2.08946413e+33  3.08331000e+01  1.02189711e-01  4.43560000e+00  3.58969433e-02  2.21901535e-02  8.74375010e-01  5.95736247e-04  1.41472658e+08 
 2.55342514e+14  2.09670635e+33  3.06971000e+01  1.02344185e-01  4.44160000e+00  3.60753666e-02  2.23694518e-02  8.73516577e-01  6.05011374e-04  1.39477063e+08 
 2.55751264e+14  2.10400795e+33  3.05621000e+01  1.02499800e-01  4.44860000e+00  3.62743881e-02  2.25497156e-02  8.72531976e-01  6.14438292e-04  1.37514192e+08 
 2.56160014e+14  2.11130955e+33  3.04281000e+01  1.02655287e-01  4.45560000e+00  3.64739665e-02  2.27310766e-02  8.71543302e-01  6.24050454e-04  1.35598736e+08 
 2.56568764e+14  2.11861114e+33  3.02961000e+01  1.02810645e-01  4.46260000e+00  3.66741003e-02  2.29120091e-02  8.70550545e-01  6.33744967e-04  1.33729159e+08 
 2.56977515e+14  2.12591274e+33  3.01661000e+01  1.02965870e-01  4.46960000e+00  3.68747886e-02  2.30924423e-02  8.69553687e-01  6.43516643e-04  1.31903870e+08 
 2.57386265e+14  2.13321434e+33  3.00381000e+01  1.03120960e-01  4.47560000e+00  3.70561269e-02  2.32723051e-02  8.68677774e-01  6.53360178e-04  1.30121364e+08 
 2.57795015e+14  2.14051594e+33  2.99111000e+01  1.03275913e-01  4.48260000e+00  3.72578588e-02  2.34530933e-02  8.67673373e-01  6.63380507e-04  1.28380126e+08 
 2.58203765e+14  2.14781754e+33  2.97861000e+01  1.03430727e-01  4.48960000e+00  3.74601409e-02  2.36332019e-02  8.66664839e-01  6.73465526e-04  1.26678841e+08 
 2.58612515e+14  2.15511914e+33  2.96621000e+01  1.03585400e-01  4.49560000e+00  3.76428911e-02  2.38141624e-02  8.65779191e-01  6.83724112e-04  1.25016118e+08 
 2.59021266e+14  2.16242074e+33  2.95401000e+01  1.03739930e-01  4.50260000e+00  3.78462091e-02  2.39943308e-02  8.64763050e-01  6.94039604e-04  1.23390772e+08 
 2.59430016e+14  2.16972233e+33  2.94191000e+01  1.03894314e-01  4.50860000e+00  3.80298766e-02  2.41752733e-02  8.63871055e-01  7.04524850e-04  1.21801522e+08 
 2.59838766e+14  2.17702393e+33  2.93001000e+01  1.04048551e-01  4.51560000e+00  3.82342259e-02  2.43553071e-02  8.62847262e-01  7.15058343e-04  1.20247260e+08 
 2.60247516e+14  2.18432553e+33  2.91821000e+01  1.04202638e-01  4.52160000e+00  3.84188056e-02  2.45360343e-02  8.61948885e-01  7.25757098e-04  1.18726815e+08 
 2.60656266e+14  2.19162713e+33  2.90661000e+01  1.04356573e-01  4.52860000e+00  3.86241817e-02  2.47157319e-02  8.60917395e-01  7.36494728e-04  1.17239185e+08 
 2.61065017e+14  2.19892873e+33  2.89511000e+01  1.04510355e-01  4.53460000e+00  3.88096699e-02  2.48960388e-02  8.60012592e-01  7.47392491e-04  1.15783281e+08 
 2.61473767e+14  2.20623033e+33  2.88381000e+01  1.04663982e-01  4.54060000e+00  3.89955819e-02  2.50751919e-02  8.59104872e-01  7.58318904e-04  1.14358176e+08 
 2.61882517e+14  2.21353193e+33  2.87261000e+01  1.04817449e-01  4.54760000e+00  3.92024604e-02  2.52548660e-02  8.58062095e-01  7.69399561e-04  1.12962873e+08 
 2.62291267e+14  2.22083352e+33  2.86151000e+01  1.04970759e-01  4.55360000e+00  3.93892746e-02  2.54350364e-02  8.57147889e-01  7.80633820e-04  1.11596455e+08 
 2.62700018e+14  2.22813512e+33  2.85061000e+01  1.05123907e-01  4.55960000e+00  3.95765106e-02  2.56138788e-02  8.56230726e-01  7.91882294e-04  1.10258116e+08 
 2.63108768e+14  2.23543672e+33  2.83981000e+01  1.05276891e-01  4.56660000e+00  3.97848804e-02  2.57931243e-02  8.55176585e-01  8.03277517e-04  1.08946971e+08 
 2.63517518e+14  2.24273832e+33  2.82911000e+01  1.05429711e-01  4.57260000e+00  3.99730124e-02  2.59727455e-02  8.54252881e-01  8.14818328e-04  1.07662200e+08 
 2.63926268e+14  2.25022326e+33  2.81831000e+01  1.05586203e-01  4.57860000e+00  4.01631684e-02  2.61560315e-02  8.53323259e-01  8.26703663e-04  1.06371721e+08 
 2.64335018e+14  2.25783068e+33  2.80741000e+01  1.05745111e-01  4.58460000e+00  4.03548325e-02  2.63432088e-02  8.52388711e-01  8.38979082e-04  1.05086573e+08 
 2.64743769e+14  2.26543809e+33  2.79671000e+01  1.05903877e-01  4.59160000e+00  4.05678760e-02  2.65289440e-02  8.51314673e-01  8.51266322e-04  1.03827338e+08 
 2.65152519e+14  2.27304551e+33  2.78601000e+01  1.06062496e-01  4.59760000e+00  4.07604723e-02  2.67169822e-02  8.50373576e-01  8.63865149e-04  1.02593175e+08 
 2.65561269e+14  2.28065293e+33  2.77561000e+01  1.06220970e-01  4.60360000e+00  4.09535036e-02  2.69015401e-02  8.49429506e-01  8.76310257e-04  1.01383478e+08 
 2.65970019e+14  2.28826034e+33  2.76521000e+01  1.06379293e-01  4.61060000e+00  4.11680830e-02  2.70883406e-02  8.48344004e-01  8.89064112e-04  1.00197423e+08 
 2.66378770e+14  2.29586776e+33  2.75501000e+01  1.06537466e-01  4.61660000e+00  4.13620382e-02  2.72734546e-02  8.47393336e-01  9.01807230e-04  9.90344237e+07 
 2.66787520e+14  2.30347517e+33  2.74481000e+01  1.06695487e-01  4.62260000e+00  4.15564240e-02  2.74607902e-02  8.46439679e-01  9.14861532e-04  9.78937403e+07 
 2.67196270e+14  2.31108259e+33  2.73481000e+01  1.06853354e-01  4.62860000e+00  4.17512404e-02  2.76463329e-02  8.45483010e-01  9.27895492e-04  9.67748361e+07 
 2.67605020e+14  2.31869001e+33  2.72491000e+01  1.07011064e-01  4.63460000e+00  4.19464861e-02  2.78320294e-02  8.44523321e-01  9.41070321e-04  9.56770694e+07 
 2.68013770e+14  2.32629742e+33  2.71521000e+01  1.07168615e-01  4.64060000e+00  4.21421598e-02  2.80157823e-02  8.43560609e-01  9.54208444e-04  9.45998957e+07 
 2.68422521e+14  2.33390484e+33  2.70551000e+01  1.07326007e-01  4.64660000e+00  4.23382601e-02  2.82016633e-02  8.42594869e-01  9.67655101e-04  9.35426822e+07 
 2.68831271e+14  2.34151226e+33  2.69591000e+01  1.07483238e-01  4.65260000e+00  4.25347856e-02  2.83875945e-02  8.41626095e-01  9.81235464e-04  9.25049236e+07 
 2.69240021e+14  2.34911967e+33  2.68651000e+01  1.07640306e-01  4.65860000e+00  4.27317354e-02  2.85714129e-02  8.40654278e-01  9.94762106e-04  9.14861375e+07 
 2.69648771e+14  2.35672709e+33  2.67711000e+01  1.07797210e-01  4.66460000e+00  4.29291084e-02  2.87573149e-02  8.39679410e-01  1.00859858e-03  9.04857556e+07 
 2.70057522e+14  2.36433451e+33  2.66791000e+01  1.07953946e-01  4.67060000e+00  4.31269035e-02  2.89409876e-02  8.38701482e-01  1.02236900e-03  8.95033553e+07 
 2.70466272e+14  2.37194192e+33  2.65881000e+01  1.08110514e-01  4.67660000e+00  4.33251196e-02  2.91245205e-02  8.37720488e-01  1.03625499e-03  8.85384388e+07 
 2.70875022e+14  2.37954934e+33  2.64971000e+01  1.08266913e-01  4.68260000e+00  4.35237554e-02  2.93100875e-02  8.36736424e-01  1.05045098e-03  8.75905232e+07 
 2.71283772e+14  2.38715675e+33  2.64081000e+01  1.08423141e-01  4.68860000e+00  4.37228098e-02  2.94932463e-02  8.35749281e-01  1.06456116e-03  8.66592367e+07 
 2.71692522e+14  2.39476417e+33  2.63191000e+01  1.08579195e-01  4.69460000e+00  4.39222819e-02  2.96784036e-02  8.34759052e-01  1.07898097e-03  8.57440988e+07 
 2.72101273e+14  2.40237159e+33  2.62321000e+01  1.08735076e-01  4.69960000e+00  4.41002261e-02  2.98610302e-02  8.33913336e-01  1.09330071e-03  8.48447549e+07 
 2.72510023e+14  2.42646976e+33  2.59601000e+01  1.09230535e-01  4.71760000e+00  4.47148575e-02  3.04439822e-02  8.30897221e-01  1.13988391e-03  8.20805955e+07 
 2.72918773e+14  2.45946663e+33  2.55961000e+01  1.09917774e-01  4.74260000e+00  4.55747679e-02  3.12535887e-02  8.26665681e-01  1.20673856e-03  7.84713182e+07 
 2.73327523e+14  2.49246350e+33  2.52421000e+01  1.10615307e-01  4.76760000e+00  4.64464625e-02  3.20753052e-02  8.22379655e-01  1.27717323e-03  7.50532423e+07 
 2.73736274e+14  2.52546037e+33  2.48991000e+01  1.11323060e-01  4.79260000e+00  4.73295976e-02  3.29057553e-02  8.18041517e-01  1.35098683e-03  7.18144885e+07 
 2.74145024e+14  2.55845724e+33  2.45651000e+01  1.12040907e-01  4.81660000e+00  4.82008558e-02  3.37492369e-02  8.13812953e-01  1.42874987e-03  6.87439039e+07 
 2.74553774e+14  2.59145411e+33  2.42421000e+01  1.12768693e-01  4.84160000e+00  4.91058801e-02  3.45993309e-02  8.09379083e-01  1.50992255e-03  6.58311611e+07 
 2.74962524e+14  2.62350862e+33  2.39361000e+01  1.13485037e-01  4.86460000e+00  4.99651190e-02  3.54382400e-02  8.05238945e-01  1.59289497e-03  6.31436167e+07 
 2.75371274e+14  2.65264619e+33  2.36671000e+01  1.14143732e-01  4.88660000e+00  5.07801353e-02  3.62038351e-02  8.01261984e-01  1.67103457e-03  6.08161195e+07 
 2.75780025e+14  2.68178375e+33  2.34041000e+01  1.14809317e-01  4.90760000e+00  5.15791875e-02  3.69796093e-02  7.97420297e-01  1.75267841e-03  5.85928558e+07 
 2.76188775e+14  2.71092131e+33  2.31491000e+01  1.15481654e-01  4.92860000e+00  5.23857016e-02  3.77585268e-02  7.93550213e-01  1.83708895e-03  5.64682269e+07 
 2.76597525e+14  2.74005887e+33  2.29011000e+01  1.16160597e-01  4.94960000e+00  5.31995970e-02  3.85427597e-02  7.89652582e-01  1.92458903e-03  5.44369678e+07 
 2.77006275e+14  2.76919644e+33  2.26591000e+01  1.16846003e-01  4.97060000e+00  5.40207992e-02  3.93348213e-02  7.85728212e-01  2.01557353e-03  5.24941602e+07 
 2.77415026e+14  2.79833400e+33  2.24241000e+01  1.17537728e-01  4.99160000e+00  5.48492382e-02  4.01304251e-02  7.81777876e-01  2.10957819e-03  5.06352156e+07 
 2.77823776e+14  2.82747156e+33  2.21951000e+01  1.18235625e-01  5.01260000e+00  5.56848484e-02  4.09321645e-02  7.77802321e-01  2.20700914e-03  4.88558171e+07 
 2.78232526e+14  2.85660912e+33  2.19721000e+01  1.18939553e-01  5.03360000e+00  5.65275678e-02  4.17392060e-02  7.73802268e-01  2.30783470e-03  4.71519216e+07 
 2.78641276e+14  2.88769293e+33  2.17411000e+01  1.19697111e-01  5.05560000e+00  5.74241754e-02  4.26038880e-02  7.69582791e-01  2.41892140e-03  4.54129138e+07 
 2.79050026e+14  2.91911911e+33  2.15151000e+01  1.20469984e-01  5.07760000e+00  5.83324932e-02  4.34795043e-02  7.65336976e-01  2.53463242e-03  4.37326647e+07 
 2.79458777e+14  2.95054529e+33  2.12941000e+01  1.21249699e-01  5.09960000e+00  5.92487154e-02  4.43658187e-02  7.61068018e-01  2.65519154e-03  4.21266896e+07 
 2.79867527e+14  2.98197147e+33  2.10801000e+01  1.22036081e-01  5.12160000e+00  6.01727766e-02  4.52536348e-02  7.56776689e-01  2.77933719e-03  4.05911809e+07 
 2.80276277e+14  3.01339765e+33  2.08731000e+01  1.22828960e-01  5.14260000e+00  6.10783396e-02  4.61415130e-02  7.52656029e-01  2.90688500e-03  3.91225469e+07 
 2.80685027e+14  3.04482383e+33  2.06711000e+01  1.23628168e-01  5.16460000e+00  6.20176755e-02  4.70370361e-02  7.48324280e-01  3.03908377e-03  3.77174059e+07 
 2.81093777e+14  3.07625001e+33  2.04751000e+01  1.24433539e-01  5.18560000e+00  6.29379598e-02  4.79347094e-02  7.44168676e-01  3.17514007e-03  3.63725838e+07 
 2.81502528e+14  3.10767619e+33  2.02841000e+01  1.25244908e-01  5.20660000e+00  6.38654168e-02  4.88380779e-02  7.39997512e-01  3.31570478e-03  3.50850866e+07 
 2.81911278e+14  3.14019365e+33  2.00921000e+01  1.26090634e-01  5.22860000e+00  6.48399502e-02  4.97759871e-02  7.35611465e-01  3.46550450e-03  3.38101700e+07 
 2.82320028e+14  3.17405473e+33  1.98991000e+01  1.26978077e-01  5.25160000e+00  6.58655564e-02  5.07504351e-02  7.31008226e-01  3.62526030e-03  3.25410090e+07 
 2.82728778e+14  3.20791580e+33  1.97111000e+01  1.27872291e-01  5.27460000e+00  6.68996419e-02  5.17316629e-02  7.26387460e-01  3.79050981e-03  3.13283900e+07 
 2.83137529e+14  3.24177688e+33  1.95291000e+01  1.28773084e-01  5.29660000e+00  6.79142774e-02  5.27132391e-02  7.21956518e-01  3.96016579e-03  3.01694515e+07 
 2.83546279e+14  3.27563795e+33  1.93521000e+01  1.29680267e-01  5.31860000e+00  6.89368083e-02  5.36991592e-02  7.17513393e-01  4.13502822e-03  2.90614903e+07 
 2.83955029e+14  3.30949903e+33  1.91801000e+01  1.30593658e-01  5.34060000e+00  6.99671822e-02  5.46882524e-02  7.13058627e-01  4.31495303e-03  2.80019550e+07 
 2.84363779e+14  3.34336010e+33  1.90131000e+01  1.31513076e-01  5.36260000e+00  7.10053515e-02  5.56792809e-02  7.08592695e-01  4.49976067e-03  2.69884395e+07 
 2.84772529e+14  3.37722118e+33  1.88521000e+01  1.32438346e-01  5.38460000e+00  7.20512697e-02  5.66649322e-02  7.04116055e-01  4.68799141e-03  2.60186719e+07 
 2.85181280e+14  3.41117795e+33  1.86941000e+01  1.33371932e-01  5.40660000e+00  7.31060767e-02  5.76619841e-02  6.99629878e-01  4.88310366e-03  2.50879355e+07 
 2.85590030e+14  3.44762722e+33  1.85301000e+01  1.34380430e-01  5.42960000e+00  7.42289379e-02  5.87299700e-02  6.94937951e-01  5.09720969e-03  2.41329023e+07 
 2.85998780e+14  3.48407648e+33  1.83711000e+01  1.35395520e-01  5.45260000e+00  7.53604524e-02  5.97990197e-02  6.90237948e-01  5.31689665e-03  2.32210005e+07 
 2.86407530e+14  3.52052574e+33  1.82171000e+01  1.36417002e-01  5.47560000e+00  7.65005610e-02  6.08676356e-02  6.85530352e-01  5.54186821e-03  2.23500391e+07 
 2.86816281e+14  3.55697501e+33  1.80671000e+01  1.37444671e-01  5.49760000e+00  7.76191832e-02  6.19411023e-02  6.81039525e-01  5.77337511e-03  2.15179483e+07 
 2.87225031e+14  3.59342427e+33  1.79221000e+01  1.38478340e-01  5.52060000e+00  7.87760815e-02  6.30112781e-02  6.76319720e-01  6.00958104e-03  2.07227700e+07 
 2.87633781e+14  3.62987354e+33  1.77821000e+01  1.39517818e-01  5.54260000e+00  7.99109036e-02  6.40764655e-02  6.71820973e-01  6.25004388e-03  1.99626555e+07 
 2.88042531e+14  3.66632280e+33  1.76451000e+01  1.40562919e-01  5.56560000e+00  8.10844069e-02  6.51496753e-02  6.67090148e-01  6.49794981e-03  1.92358556e+07 
 2.88451281e+14  3.70277207e+33  1.75131000e+01  1.41613467e-01  5.58760000e+00  8.22352571e-02  6.62150338e-02  6.62584422e-01  6.74940987e-03  1.85407178e+07 
 2.88860032e+14  3.74091503e+33  1.73781000e+01  1.42718559e-01  5.61060000e+00  8.34473074e-02  6.73366742e-02  6.57872077e-01  7.02019962e-03  1.78454307e+07 
 2.89268782e+14  3.78011298e+33  1.72441000e+01  1.43860446e-01  5.63360000e+00  8.46818715e-02  6.84845649e-02  6.53176547e-01  7.30357363e-03  1.71632468e+07 
 2.89677532e+14  3.81931094e+33  1.71141000e+01  1.45008464e-01  5.65660000e+00  8.59252294e-02  6.96322704e-02  6.48481344e-01  7.59331991e-03  1.65121507e+07 
 2.90086282e+14  3.85850889e+33  1.69891000e+01  1.46162408e-01  5.67960000e+00  8.71773298e-02  7.07699976e-02  6.43786593e-01  7.88673250e-03  1.58905490e+07 
 2.90495033e+14  3.89770684e+33  1.68671000e+01  1.47322083e-01  5.70260000e+00  8.84381251e-02  7.19127016e-02  6.39092408e-01  8.18791212e-03  1.52969342e+07 
 2.90903783e+14  3.93690480e+33  1.67481000e+01  1.48487292e-01  5.72560000e+00  8.97075693e-02  7.30594010e-02  6.34398853e-01  8.49668766e-03  1.47298837e+07 
 2.91312533e+14  3.97610275e+33  1.66341000e+01  1.49657850e-01  5.74860000e+00  9.09856185e-02  7.41912267e-02  6.29705967e-01  8.80755497e-03  1.41880522e+07 
 2.91721283e+14  4.01530071e+33  1.65221000e+01  1.50833570e-01  5.77060000e+00  9.22391481e-02  7.53332802e-02  6.25258096e-01  9.12786721e-03  1.36701687e+07 
 2.92130033e+14  4.05503878e+33  1.64131000e+01  1.52030588e-01  5.79360000e+00  9.35413671e-02  7.64776637e-02  6.20581412e-01  9.45507748e-03  1.31683593e+07 
 2.92538784e+14  4.09715331e+33  1.63011000e+01  1.53304919e-01  5.81760000e+00  9.49183164e-02  7.76875281e-02  6.15720063e-01  9.80804273e-03  1.26606161e+07 
 2.92947534e+14  4.13926785e+33  1.61921000e+01  1.54585081e-01  5.84060000e+00  9.62709273e-02  7.88988845e-02  6.11111129e-01  1.01687970e-02  1.21763172e+07 
 2.93356284e+14  4.18138238e+33  1.60861000e+01  1.55870868e-01  5.86460000e+00  9.76666576e-02  8.01105209e-02  6.06258220e-01  1.05369942e-02  1.17142415e+07 
 2.93765034e+14  4.22349692e+33  1.59841000e+01  1.57162076e-01  5.88760000e+00  9.90374011e-02  8.13110035e-02  6.01660494e-01  1.09088269e-02  1.12732357e+07 
 2.94173785e+14  4.26561145e+33  1.58851000e+01  1.58458510e-01  5.91060000e+00  1.00417003e-01  8.25087803e-02  5.97068861e-01  1.12869845e-02  1.08522110e+07 
 2.94582535e+14  4.30772598e+33  1.57891000e+01  1.59759982e-01  5.93360000e+00  1.01805422e-01  8.37025134e-02  5.92483112e-01  1.16709668e-02  1.04501393e+07 
 2.94991285e+14  4.34984052e+33  1.56951000e+01  1.61066303e-01  5.95660000e+00  1.03202617e-01  8.49016460e-02  5.87903017e-01  1.20640669e-02  1.00660504e+07 
 2.95400035e+14  4.39195505e+33  1.56051000e+01  1.62377298e-01  5.97960000e+00  1.04608546e-01  8.60833493e-02  5.83328359e-01  1.24581502e-02  9.69902712e+06 
 2.95808785e+14  4.43636803e+33  1.55131000e+01  1.63764861e-01  6.00260000e+00  1.06055753e-01  8.73244001e-02  5.78834404e-01  1.28795070e-02  9.32947009e+06 
 2.96217536e+14  4.48157460e+33  1.54221000e+01  1.65182661e-01  6.02660000e+00  1.07559447e-01  8.85856606e-02  5.74116727e-01  1.33156700e-02  8.97070744e+06 
 2.96626286e+14  4.52678117e+33  1.53331000e+01  1.66605754e-01  6.05060000e+00  1.09072886e-01  8.98514789e-02  5.69406947e-01  1.37616556e-02  8.62857186e+06 
 2.97035036e+14  4.57198774e+33  1.52481000e+01  1.68033941e-01  6.07460000e+00  1.10596014e-01  9.10970922e-02  5.64704768e-01  1.42079220e-02  8.30218739e+06 
 2.97443786e+14  4.61719431e+33  1.51651000e+01  1.69467022e-01  6.09760000e+00  1.12091848e-01  9.23445827e-02  5.60273400e-01  1.46628242e-02  7.99072923e+06 
 2.97852536e+14  4.66240088e+33  1.50851000e+01  1.70904805e-01  6.12060000e+00  1.13596713e-01  9.35806148e-02  5.55851281e-01  1.51210300e-02  7.69341839e+06 
 2.98261287e+14  4.70760745e+33  1.50071000e+01  1.72347107e-01  6.14360000e+00  1.15110568e-01  9.48161848e-02  5.51438009e-01  1.55868316e-02  7.40952083e+06 
 2.98670037e+14  4.75281402e+33  1.49311000e+01  1.73793749e-01  6.16660000e+00  1.16633371e-01  9.60503164e-02  5.47033193e-01  1.60598250e-02  7.13834367e+06 
 2.99078787e+14  4.79897029e+33  1.48561000e+01  1.75275104e-01  6.18960000e+00  1.18178971e-01  9.73008702e-02  5.42673612e-01  1.65467465e-02  6.87391083e+06 
 2.99487537e+14  4.84745209e+33  1.47801000e+01  1.76836001e-01  6.21460000e+00  1.19844561e-01  9.86032013e-02  5.37878289e-01  1.70619381e-02  6.60891524e+06 
 2.99896288e+14  4.89593389e+33  1.47071000e+01  1.78401849e-01  6.23860000e+00  1.21482074e-01  9.98903335e-02  5.33361389e-01  1.75790906e-02  6.35628350e+06 
 3.00305038e+14  4.94441569e+33  1.46351000e+01  1.79972442e-01  6.26260000e+00  1.23129520e-01  1.01188118e-01  5.28854526e-01  1.81094431e-02  6.11535821e+06 
 3.00713788e+14  4.99289750e+33  1.45661000e+01  1.81547583e-01  6.28560000e+00  1.24747595e-01  1.02468036e-01  5.24629214e-01  1.86402738e-02  5.88551877e+06 
 3.01122538e+14  5.04137930e+33  1.44991000e+01  1.83127083e-01  6.30960000e+00  1.26414463e-01  1.03742554e-01  5.20141890e-01  1.91769577e-02  5.66618082e+06 
 3.01531288e+14  5.08986110e+33  1.44341000e+01  1.84710752e-01  6.33260000e+00  1.28051281e-01  1.05010523e-01  5.15936926e-01  1.97188464e-02  5.45679389e+06 
 3.01940039e+14  5.13834290e+33  1.43711000e+01  1.86298416e-01  6.35560000e+00  1.29697255e-01  1.06270789e-01  5.11741801e-01  2.02652535e-02  5.25683885e+06 
 3.02348789e+14  5.18682470e+33  1.43101000e+01  1.87889901e-01  6.37860000e+00  1.31352350e-01  1.07522175e-01  5.07555934e-01  2.08154485e-02  5.06582650e+06 
 3.02757539e+14  5.23816390e+33  1.42481000e+01  1.89579368e-01  6.40260000e+00  1.33100498e-01  1.08830022e-01  5.03231435e-01  2.13982445e-02  4.87277035e+06 
 3.03166289e+14  5.29011202e+33  1.41861000e+01  1.91293435e-01  6.42760000e+00  1.34909087e-01  1.10164410e-01  4.98668161e-01  2.20022671e-02  4.68652100e+06 
 3.03575040e+14  5.34206015e+33  1.41271000e+01  1.93011892e-01  6.45160000e+00  1.36687117e-01  1.11473919e-01  4.94392129e-01  2.26027136e-02  4.50893232e+06 
 3.03983790e+14  5.39400827e+33  1.40691000e+01  1.94734539e-01  6.47560000e+00  1.38475267e-01  1.12788595e-01  4.90126279e-01  2.32144773e-02  4.33954243e+06 
 3.04392540e+14  5.44595640e+33  1.40141000e+01  1.96461187e-01  6.49860000e+00  1.40231525e-01  1.14075340e-01  4.86149555e-01  2.38203995e-02  4.17791559e+06 
 3.04801290e+14  5.49790452e+33  1.39601000e+01  1.98191649e-01  6.52260000e+00  1.42039463e-01  1.15365174e-01  4.81902976e-01  2.44362802e-02  4.02364235e+06 
 3.05210040e+14  5.54985265e+33  1.39071000e+01  1.99925747e-01  6.54560000e+00  1.43814803e-01  1.16657540e-01  4.77945723e-01  2.50618919e-02  3.87633661e+06 
 3.05618791e+14  5.60180077e+33  1.38571000e+01  2.01663309e-01  6.56960000e+00  1.45642343e-01  1.17917817e-01  4.73716009e-01  2.56784423e-02  3.73563441e+06 
 3.06027541e+14  5.65501602e+33  1.38071000e+01  2.03446708e-01  6.59260000e+00  1.47456266e-01  1.19206093e-01  4.69838137e-01  2.63167451e-02  3.59798681e+06 
 3.06436291e+14  5.71062962e+33  1.37561000e+01  2.05314496e-01  6.61760000e+00  1.49404069e-01  1.20549907e-01  4.65523418e-01  2.69912387e-02  3.46074615e+06 
 3.06845041e+14  5.76624322e+33  1.37061000e+01  2.07186309e-01  6.64160000e+00  1.51319100e-01  1.21895361e-01  4.61501130e-01  2.76756484e-02  3.32989389e+06 
 3.07253792e+14  5.82185681e+33  1.36591000e+01  2.09061944e-01  6.66560000e+00  1.53244485e-01  1.23205737e-01  4.57488324e-01  2.83488870e-02  3.20508754e+06 
 3.07662542e+14  5.87747041e+33  1.36131000e+01  2.10941210e-01  6.68960000e+00  1.55180168e-01  1.24515467e-01  4.53484381e-01  2.90302144e-02  3.08600506e+06 
 3.08071292e+14  5.93308401e+33  1.35681000e+01  2.12823927e-01  6.71360000e+00  1.57126096e-01  1.25823910e-01  4.49488672e-01  2.97192343e-02  2.97234294e+06 
 3.08480042e+14  5.98869760e+33  1.35251000e+01  2.14709910e-01  6.73660000e+00  1.59037131e-01  1.27111609e-01  4.45786056e-01  3.04042785e-02  2.86381563e+06 
 3.08888792e+14  6.04431120e+33  1.34831000e+01  2.16598991e-01  6.76060000e+00  1.61003096e-01  1.28396206e-01  4.41805339e-01  3.10955571e-02  2.76015427e+06 
 3.09297543e+14  6.09992480e+33  1.34421000e+01  2.18490999e-01  6.78360000e+00  1.62933446e-01  1.29677035e-01  4.38117440e-01  3.17925890e-02  2.66110573e+06 
 3.09706293e+14  6.15884290e+33  1.34011000e+01  2.20498694e-01  6.80860000e+00  1.65018066e-01  1.31002879e-01  4.34036336e-01  3.25204568e-02  2.56092668e+06 
 3.10115043e+14  6.21832931e+33  1.33601000e+01  2.22529379e-01  6.83260000e+00  1.67076639e-01  1.32349864e-01  4.30279895e-01  3.32691776e-02  2.46446250e+06 
 3.10523793e+14  6.27781572e+33  1.33211000e+01  2.24563511e-01  6.85660000e+00  1.69145785e-01  1.33672845e-01  4.26531307e-01  3.40113750e-02  2.37244995e+06 
 3.10932544e+14  6.33730213e+33  1.32831000e+01  2.26600897e-01  6.88060000e+00  1.71225449e-01  1.34990666e-01  4.22789882e-01  3.47586191e-02  2.28465160e+06 
 3.11341294e+14  6.39678854e+33  1.32461000e+01  2.28641349e-01  6.90460000e+00  1.73315579e-01  1.36302611e-01  4.19054923e-01  3.55103182e-02  2.20084382e+06 
 3.11750044e+14  6.45627495e+33  1.32101000e+01  2.30684689e-01  6.92860000e+00  1.75416124e-01  1.37607965e-01  4.15325803e-01  3.62658581e-02  2.12081611e+06 
 3.12158794e+14  6.51576136e+33  1.31761000e+01  2.32730744e-01  6.95260000e+00  1.77527029e-01  1.38884920e-01  4.11601905e-01  3.70105518e-02  2.04437027e+06 
 3.12567544e+14  6.57524777e+33  1.31431000e+01  2.34779353e-01  6.97560000e+00  1.79599896e-01  1.40153348e-01  4.08172036e-01  3.77571460e-02  1.97131985e+06 
 3.12976295e+14  6.63614960e+33  1.31101000e+01  2.36879216e-01  6.99960000e+00  1.81754111e-01  1.41447790e-01  4.04534258e-01  3.85264446e-02  1.89986414e+06 
 3.13385045e+14  6.69972449e+33  1.30761000e+01  2.39074295e-01  7.02460000e+00  1.84011534e-01  1.42802804e-01  4.00757486e-01  3.93403880e-02  1.82866337e+06 
 3.13793795e+14  6.76329939e+33  1.30441000e+01  2.41272429e-01  7.04860000e+00  1.86231073e-01  1.44127288e-01  3.97275719e-01  4.01415798e-02  1.76073890e+06 
 3.14202545e+14  6.82687428e+33  1.30131000e+01  2.43473424e-01  7.07260000e+00  1.88461336e-01  1.45442069e-01  3.93798723e-01  4.09439714e-02  1.69591610e+06 
 3.14611296e+14  6.89044917e+33  1.29831000e+01  2.45677092e-01  7.09660000e+00  1.90702267e-01  1.46746388e-01  3.90325842e-01  4.17467914e-02  1.63403058e+06 
 3.15020046e+14  6.95402407e+33  1.29541000e+01  2.47883251e-01  7.12060000e+00  1.92953813e-01  1.48039485e-01  3.86856451e-01  4.25492493e-02  1.57492759e+06 
 3.15428796e+14  7.01759896e+33  1.29261000e+01  2.50091734e-01  7.14460000e+00  1.95215916e-01  1.49320609e-01  3.83390001e-01  4.33505392e-02  1.51846140e+06 
 3.15837546e+14  7.08117386e+33  1.28991000e+01  2.52302364e-01  7.16860000e+00  1.97488528e-01  1.50588999e-01  3.79925871e-01  4.41498315e-02  1.46449494e+06 
 3.16246296e+14  7.14474875e+33  1.28731000e+01  2.54514986e-01  7.19160000e+00  1.99720206e-01  1.51843912e-01  3.76754678e-01  4.49462886e-02  1.41289906e+06 
 3.16655047e+14  7.21187566e+33  1.28461000e+01  2.56853471e-01  7.21660000e+00  2.02124254e-01  1.53168649e-01  3.73200185e-01  4.57945412e-02  1.36085354e+06 
 3.17063797e+14  7.27976316e+33  1.28201000e+01  2.59221078e-01  7.24060000e+00  2.04500525e-01  1.54487792e-01  3.69981435e-01  4.66446521e-02  1.31061684e+06 
 3.17472547e+14  7.34765065e+33  1.27951000e+01  2.61591132e-01  7.26560000e+00  2.06940155e-01  1.55792828e-01  3.66473256e-01  4.74915328e-02  1.26266430e+06 
 3.17881297e+14  7.41553814e+33  1.27701000e+01  2.63963449e-01  7.28960000e+00  2.09338554e-01  1.57107581e-01  3.63257686e-01  4.83531908e-02  1.21687518e+06 
 3.18290047e+14  7.48342563e+33  1.27471000e+01  2.66337842e-01  7.31360000e+00  2.11747751e-01  1.58382307e-01  3.60042839e-01  4.91911885e-02  1.17313577e+06 
 3.18698798e+14  7.55131312e+33  1.27241000e+01  2.68714140e-01  7.33760000e+00  2.14167685e-01  1.59665692e-01  3.56828254e-01  5.00428066e-02  1.13133912e+06 
 3.19107548e+14  7.61920062e+33  1.27021000e+01  2.71092171e-01  7.36160000e+00  2.16598302e-01  1.60932354e-01  3.53613383e-01  5.08881461e-02  1.09138447e+06 
 3.19516298e+14  7.68708811e+33  1.26811000e+01  2.73471775e-01  7.38460000e+00  2.18985375e-01  1.62181529e-01  3.50689225e-01  5.17262328e-02  1.05317689e+06 
 3.19925048e+14  7.75626952e+33  1.26611000e+01  2.75898219e-01  7.40860000e+00  2.21458756e-01  1.63426157e-01  3.47544419e-01  5.25641070e-02  1.01594543e+06 
 3.20333799e+14  7.82870227e+33  1.26401000e+01  2.78440680e-01  7.43360000e+00  2.24052998e-01  1.64738689e-01  3.44288203e-01  5.34556815e-02  9.78704024e+05 
 3.20742549e+14  7.90113502e+33  1.26201000e+01  2.80985158e-01  7.45760000e+00  2.26603812e-01  1.66032975e-01  3.41322254e-01  5.43392740e-02  9.43146793e+05 
 3.21151299e+14  7.97356777e+33  1.26011000e+01  2.83531461e-01  7.48160000e+00  2.29165650e-01  1.67308229e-01  3.38354606e-01  5.52138358e-02  9.09185105e+05 
 3.21560049e+14  8.04600053e+33  1.25821000e+01  2.86079405e-01  7.50660000e+00  2.31794437e-01  1.68590471e-01  3.35093498e-01  5.61006022e-02  8.76735514e+05 
 3.21968799e+14  8.11843328e+33  1.25641000e+01  2.88628812e-01  7.53060000e+00  2.34378506e-01  1.69852605e-01  3.32121049e-01  5.69769747e-02  8.45719377e+05 
 3.22377550e+14  8.19086603e+33  1.25471000e+01  2.91179513e-01  7.55360000e+00  2.36916721e-01  1.71093861e-01  3.29436587e-01  5.78418805e-02  8.16062658e+05 
 3.22786300e+14  8.26329878e+33  1.25301000e+01  2.93731342e-01  7.57760000e+00  2.39522069e-01  1.72340988e-01  3.26457404e-01  5.87176725e-02  7.87695655e+05 
 3.23195050e+14  8.33573153e+33  1.25141000e+01  2.96284141e-01  7.60160000e+00  2.42138139e-01  1.73566189e-01  3.23474336e-01  5.95805927e-02  7.60552633e+05 
 3.23603800e+14  8.41165058e+33  1.24981000e+01  2.98960901e-01  7.62560000e+00  2.44824957e-01  1.74834565e-01  3.20679244e-01  6.04774288e-02  7.33347315e+05 
 3.24012551e+14  8.48886989e+33  1.24831000e+01  3.01685026e-01  7.65060000e+00  2.47603492e-01  1.76094497e-01  3.17660869e-01  6.13694101e-02  7.06909480e+05 
 3.24421301e+14  8.56608920e+33  1.24681000e+01  3.04410515e-01  7.67460000e+00  2.50335433e-01  1.77359608e-01  3.14928446e-01  6.22716412e-02  6.81650603e+05 
 3.24830051e+14  8.64330851e+33  1.24531000e+01  3.07137177e-01  7.69860000e+00  2.53078488e-01  1.78629827e-01  3.12190767e-01  6.31841451e-02  6.57509345e+05 
 3.25238801e+14  8.72052782e+33  1.24391000e+01  3.09864835e-01  7.72260000e+00  2.55832590e-01  1.79876173e-01  3.09447470e-01  6.40811867e-02  6.34427872e+05 
 3.25647551e+14  8.79774713e+33  1.24261000e+01  3.12593318e-01  7.74660000e+00  2.58597674e-01  1.81097885e-01  3.06698202e-01  6.49616136e-02  6.12351734e+05 
 3.26056302e+14  8.87496644e+33  1.24131000e+01  3.15322457e-01  7.77060000e+00  2.61373681e-01  1.82323593e-01  3.03942623e-01  6.58508027e-02  5.91229658e+05 
 3.26465052e+14  8.95218575e+33  1.24011000e+01  3.18052093e-01  7.79460000e+00  2.64160548e-01  1.83523634e-01  3.01180404e-01  6.67218459e-02  5.71013258e+05 
 3.26873802e+14  9.03017902e+33  1.23891000e+01  3.20809444e-01  7.81760000e+00  2.66910987e-01  1.84735596e-01  2.98742339e-01  6.76064531e-02  5.51467094e+05 
 3.27282552e+14  9.11243489e+33  1.23771000e+01  3.23718245e-01  7.84260000e+00  2.69868310e-01  1.85997921e-01  2.95948577e-01  6.85300908e-02  5.31750982e+05 
 3.27691303e+14  9.19469076e+33  1.23661000e+01  3.26627915e-01  7.86760000e+00  2.72837711e-01  1.87233626e-01  2.93147412e-01  6.94342562e-02  5.12907963e+05 
 3.28100053e+14  9.27694664e+33  1.23551000e+01  3.29538265e-01  7.89160000e+00  2.75757243e-01  1.88472476e-01  2.90627076e-01  7.03462234e-02  4.94892918e+05 
 3.28508803e+14  9.35920251e+33  1.23451000e+01  3.32449113e-01  7.91560000e+00  2.78687934e-01  1.89683670e-01  2.88098259e-01  7.12371104e-02  4.77663267e+05 
 3.28917553e+14  9.44145838e+33  1.23351000e+01  3.35360277e-01  7.93960000e+00  2.81629726e-01  1.90897424e-01  2.85560629e-01  7.21349626e-02  4.61178937e+05 
 3.29326303e+14  9.52371425e+33  1.23261000e+01  3.38271597e-01  7.96360000e+00  2.84582548e-01  1.92082508e-01  2.83013966e-01  7.30101269e-02  4.45402088e+05 
 3.29735054e+14  9.60597012e+33  1.23171000e+01  3.41182902e-01  7.98760000e+00  2.87546341e-01  1.93269588e-01  2.80457981e-01  7.38914180e-02  4.30297105e+05 
 3.30143804e+14  9.68822599e+33  1.23081000e+01  3.44094045e-01  8.01060000e+00  2.90457283e-01  1.94458613e-01  2.78179733e-01  7.47788040e-02  4.15830356e+05 
 3.30552554e+14  9.77344505e+33  1.23001000e+01  3.47109853e-01  8.03460000e+00  2.93494813e-01  1.95650354e-01  2.75759519e-01  7.56638161e-02  4.01481114e+05 
 3.30961304e+14  9.86099625e+33  1.22921000e+01  3.50208456e-01  8.05960000e+00  2.96649354e-01  1.96869391e-01  2.73164379e-01  7.65720548e-02  3.87378901e+05 
 3.31370055e+14  9.94854745e+33  1.22841000e+01  3.53307201e-01  8.08360000e+00  2.99751101e-01  1.98090008e-01  2.70845014e-01  7.74859918e-02  3.73891717e+05 
 3.31778805e+14  1.00360986e+34  1.22771000e+01  3.56405907e-01  8.10760000e+00  3.02864097e-01  1.99279676e-01  2.68514420e-01  7.83736510e-02  3.60988160e+05 
 3.32187555e+14  1.01236498e+34  1.22701000e+01  3.59504393e-01  8.13160000e+00  3.05988283e-01  2.00470367e-01  2.66172348e-01  7.92661276e-02  3.48638643e+05 
 3.32596305e+14  1.02112010e+34  1.22641000e+01  3.62602490e-01  8.15560000e+00  3.09123589e-01  2.01629131e-01  2.63818608e-01  8.01306827e-02  3.36815236e+05 
 3.33005055e+14  1.02987522e+34  1.22581000e+01  3.65700029e-01  8.17960000e+00  3.12269946e-01  2.02788378e-01  2.61453046e-01  8.09991782e-02  3.25491623e+05 
 3.33413806e+14  1.03863034e+34  1.22521000e+01  3.68796858e-01  8.20260000e+00  3.15360419e-01  2.03948053e-01  2.59360143e-01  8.18715533e-02  3.14642956e+05 
 3.33822556e+14  1.04738546e+34  1.22471000e+01  3.71892816e-01  8.22660000e+00  3.18528299e-01  2.05074597e-01  2.56970182e-01  8.27139592e-02  3.04245782e+05 
 3.34231306e+14  1.05666628e+34  1.22411000e+01  3.75173964e-01  8.25060000e+00  3.21800967e-01  2.06292403e-01  2.54833069e-01  8.36342370e-02  2.93691413e+05 
 3.34640056e+14  1.06597769e+34  1.22361000e+01  3.78465503e-01  8.27560000e+00  3.25158542e-01  2.07480073e-01  2.52414218e-01  8.45264137e-02  2.83559638e+05 
 3.35048807e+14  1.07528909e+34  1.22321000e+01  3.81756422e-01  8.29960000e+00  3.28459801e-01  2.08633568e-01  2.50265343e-01  8.53869210e-02  2.73862829e+05 
 3.35457557e+14  1.08460050e+34  1.22281000e+01  3.85046540e-01  8.32360000e+00  3.31772308e-01  2.09786546e-01  2.48102492e-01  8.62498547e-02  2.64579101e+05 
 3.35866307e+14  1.09391191e+34  1.22241000e+01  3.88335688e-01  8.34760000e+00  3.35095985e-01  2.10938954e-01  2.45925603e-01  8.71151432e-02  2.55687786e+05 
 3.36275057e+14  1.10322331e+34  1.22201000e+01  3.91623694e-01  8.37160000e+00  3.38430761e-01  2.12090732e-01  2.43734547e-01  8.79827046e-02  2.47169393e+05 
 3.36683807e+14  1.11253472e+34  1.22171000e+01  3.94910398e-01  8.39460000e+00  3.41706540e-01  2.13206918e-01  2.41810807e-01  8.88161048e-02  2.39005503e+05 
 3.37092558e+14  1.12184613e+34  1.22141000e+01  3.98195643e-01  8.41860000e+00  3.45062926e-01  2.14321979e-01  2.39590787e-01  8.96509083e-02  2.31178751e+05 
 3.37501308e+14  1.13133785e+34  1.22111000e+01  4.01542897e-01  8.44160000e+00  3.48391813e-01  2.15455391e-01  2.37724361e-01  9.05011049e-02  2.23530332e+05 
 3.37910058e+14  1.14123318e+34  1.22091000e+01  4.05031247e-01  8.46660000e+00  3.51946159e-01  2.16595834e-01  2.35475825e-01  9.13467686e-02  2.15892313e+05 
 3.38318808e+14  1.15112851e+34  1.22061000e+01  4.08518362e-01  8.49060000e+00  3.55441042e-01  2.17770372e-01  2.33491914e-01  9.22309147e-02  2.08579493e+05 
 3.38727558e+14  1.16102384e+34  1.22051000e+01  4.12004051e-01  8.51460000e+00  3.58947206e-01  2.18871904e-01  2.31491692e-01  9.30401343e-02  2.01575612e+05 
 3.39136309e+14  1.17091917e+34  1.22031000e+01  4.15488137e-01  8.53860000e+00  3.62464573e-01  2.20007428e-01  2.29475174e-01  9.38876693e-02  1.94865361e+05 
 3.39545059e+14  1.18081450e+34  1.22011000e+01  4.18970452e-01  8.56260000e+00  3.65993061e-01  2.21141214e-01  2.27442346e-01  9.47356667e-02  1.88434253e+05 
 3.39953809e+14  1.19070983e+34  1.22001000e+01  4.22450834e-01  8.58660000e+00  3.69532591e-01  2.22236777e-01  2.25393200e-01  9.55448766e-02  1.82268609e+05 
 3.40362559e+14  1.20060516e+34  1.21991000e+01  4.25929121e-01  8.60960000e+00  3.73009447e-01  2.23330138e-01  2.23605507e-01  9.63537012e-02  1.76355523e+05 
 3.40771310e+14  1.21050049e+34  1.21991000e+01  4.29405166e-01  8.63260000e+00  3.76496408e-01  2.24384460e-01  2.21800652e-01  9.71222445e-02  1.70682785e+05 
 3.41180060e+14  1.22079375e+34  1.21981000e+01  4.33018663e-01  8.65660000e+00  3.80139947e-01  2.25515422e-01  2.19884531e-01  9.79606283e-02  1.65024267e+05 
 3.41588810e+14  1.23130152e+34  1.21981000e+01  4.36705520e-01  8.68060000e+00  3.83833604e-01  2.26629692e-01  2.18048922e-01  9.87746455e-02  1.59489244e+05 
 3.41997560e+14  1.24180928e+34  1.21981000e+01  4.40390279e-01  8.70560000e+00  3.87613840e-01  2.27741217e-01  2.15919017e-01  9.95874020e-02  1.54186059e+05 
 3.42406310e+14  1.25231705e+34  1.21991000e+01  4.44072763e-01  8.72960000e+00  3.91330380e-01  2.28812436e-01  2.14047242e-01  1.00357676e-01  1.49103297e+05 
 3.42815061e+14  1.26282482e+34  1.21991000e+01  4.47752798e-01  8.75260000e+00  3.94981907e-01  2.29918175e-01  2.12432276e-01  1.01167350e-01  1.44230188e+05 
 3.43223811e+14  1.27333258e+34  1.22001000e+01  4.51430213e-01  8.77660000e+00  3.98720175e-01  2.30983174e-01  2.10523588e-01  1.01933740e-01  1.39556536e+05 
 3.43632561e+14  1.28384035e+34  1.22011000e+01  4.55104858e-01  8.79960000e+00  4.02392444e-01  2.32044928e-01  2.08870943e-01  1.02697928e-01  1.35072718e+05 
 3.44041311e+14  1.29434811e+34  1.22021000e+01  4.58776571e-01  8.82260000e+00  4.06074777e-01  2.33103399e-01  2.07199315e-01  1.03459835e-01  1.30769634e+05 
 3.44450062e+14  1.30485588e+34  1.22031000e+01  4.62445205e-01  8.84660000e+00  4.09844868e-01  2.34158555e-01  2.05235594e-01  1.04219394e-01  1.26638679e+05 
 3.44858812e+14  1.31598406e+34  1.22051000e+01  4.66327402e-01  8.87060000e+00  4.13738714e-01  2.35236232e-01  2.03523472e-01  1.04980798e-01  1.22441962e+05 
 3.45267562e+14  1.32713366e+34  1.22071000e+01  4.70214252e-01  8.89460000e+00  4.17647684e-01  2.36312323e-01  2.01800546e-01  1.05740693e-01  1.18411560e+05 
 3.45676312e+14  1.33828325e+34  1.22091000e+01  4.74098100e-01  8.91860000e+00  4.21567801e-01  2.37384576e-01  2.00057556e-01  1.06497383e-01  1.14547205e+05 
 3.46085062e+14  1.34943284e+34  1.22111000e+01  4.77978763e-01  8.94260000e+00  4.25498979e-01  2.38452958e-01  1.98294580e-01  1.07250796e-01  1.10840848e+05 
 3.46493813e+14  1.36058243e+34  1.22131000e+01  4.81856086e-01  8.96560000e+00  4.29361257e-01  2.39517449e-01  1.96782573e-01  1.08000878e-01  1.07284873e+05 
 3.46902563e+14  1.37173202e+34  1.22161000e+01  4.85729896e-01  8.98860000e+00  4.33233590e-01  2.40538624e-01  1.95249843e-01  1.08703049e-01  1.03872080e+05 
 3.47311313e+14  1.38288161e+34  1.22191000e+01  4.89600045e-01  9.01260000e+00  4.37196612e-01  2.41555530e-01  1.93426786e-01  1.09401187e-01  1.00595664e+05 
 3.47720063e+14  1.39403120e+34  1.22221000e+01  4.93466382e-01  9.03560000e+00  4.41089257e-01  2.42568142e-01  1.91853585e-01  1.10095234e-01  9.74491837e+04 
 3.48128814e+14  1.40535430e+34  1.22251000e+01  4.97388865e-01  9.05860000e+00  4.45023395e-01  2.43593964e-01  1.90331368e-01  1.10797957e-01  9.43804276e+04 
 3.48537564e+14  1.41717597e+34  1.22281000e+01  5.01480285e-01  9.08260000e+00  4.49140519e-01  2.44665717e-01  1.88723959e-01  1.11533229e-01  9.13057749e+04 
 3.48946314e+14  1.42899764e+34  1.22321000e+01  5.05567920e-01  9.10660000e+00  4.53268711e-01  2.45692769e-01  1.87094918e-01  1.12218187e-01  8.83566417e+04 
 3.49355064e+14  1.44081932e+34  1.22351000e+01  5.09651598e-01  9.13060000e+00  4.57407866e-01  2.46755304e-01  1.85444486e-01  1.12944268e-01  8.55270001e+04 
 3.49763814e+14  1.45264099e+34  1.22391000e+01  5.13731142e-01  9.15360000e+00  4.61474665e-01  2.47772783e-01  1.84039499e-01  1.13619384e-01  8.28111394e+04 
 3.50172565e+14  1.46446266e+34  1.22431000e+01  5.17806396e-01  9.17660000e+00  4.65551387e-01  2.48785375e-01  1.82612475e-01  1.14289382e-01  8.02036611e+04 
 3.50581315e+14  1.47628433e+34  1.22471000e+01  5.21877198e-01  9.20060000e+00  4.69722096e-01  2.49793063e-01  1.80897682e-01  1.14954212e-01  7.76994556e+04 
 3.50990065e+14  1.48810600e+34  1.22521000e+01  5.25943400e-01  9.22360000e+00  4.73818910e-01  2.50754890e-01  1.79427433e-01  1.15566657e-01  7.52936838e+04 
 3.51398815e+14  1.49992767e+34  1.22561000e+01  5.30004854e-01  9.24560000e+00  4.77840493e-01  2.51752580e-01  1.78200460e-01  1.16220776e-01  7.29817707e+04 
 3.51807566e+14  1.51211709e+34  1.22611000e+01  5.34187674e-01  9.26960000e+00  4.82108815e-01  2.52740065e-01  1.76564296e-01  1.16848006e-01  7.06915567e+04 
 3.52216316e+14  1.52464196e+34  1.22651000e+01  5.38480947e-01  9.29360000e+00  4.86449231e-01  2.53796330e-01  1.75035315e-01  1.17540867e-01  6.84322833e+04 
 3.52625066e+14  1.53716683e+34  1.22701000e+01  5.42769423e-01  9.31660000e+00  4.90714248e-01  2.54805871e-01  1.73746841e-01  1.18179913e-01  6.62637004e+04 
 3.53033816e+14  1.54969170e+34  1.22761000e+01  5.47052934e-01  9.34060000e+00  4.95075829e-01  2.55768242e-01  1.72172071e-01  1.18764395e-01  6.41815156e+04 
 3.53442566e+14  1.56221657e+34  1.22811000e+01  5.51331308e-01  9.36360000e+00  4.99360957e-01  2.56766644e-01  1.70837235e-01  1.19390819e-01  6.21816688e+04 
 3.53851317e+14  1.57474144e+34  1.22861000e+01  5.55604393e-01  9.38660000e+00  5.03655789e-01  2.57759541e-01  1.69479325e-01  1.20011013e-01  6.02603092e+04 
 3.54260067e+14  1.58726631e+34  1.22921000e+01  5.59872036e-01  9.40960000e+00  5.07960256e-01  2.58704823e-01  1.68098516e-01  1.20575889e-01  5.84137915e+04 
 3.54668817e+14  1.59979118e+34  1.22971000e+01  5.64134088e-01  9.43260000e+00  5.12274277e-01  2.59686547e-01  1.66695074e-01  1.21183315e-01  5.66386665e+04 
 3.55077567e+14  1.61231605e+34  1.23031000e+01  5.68390416e-01  9.45460000e+00  5.16508929e-01  2.60620377e-01  1.65529472e-01  1.21734956e-01  5.49316596e+04 
 3.55486317e+14  1.62539936e+34  1.23091000e+01  5.72830555e-01  9.47860000e+00  5.21032704e-01  2.61601111e-01  1.64022718e-01  1.22317345e-01  5.32178161e+04 
 3.55895068e+14  1.63865939e+34  1.23151000e+01  5.77325000e-01  9.50160000e+00  5.25509634e-01  2.62592481e-01  1.62815573e-01  1.22904474e-01  5.15494414e+04 
 3.56303818e+14  1.65191941e+34  1.23211000e+01  5.81813576e-01  9.52560000e+00  5.30086457e-01  2.63577765e-01  1.61325059e-01  1.23484407e-01  4.99469136e+04 
 3.56712568e+14  1.66517944e+34  1.23271000e+01  5.86296131e-01  9.54860000e+00  5.34583142e-01  2.64556974e-01  1.60069456e-01  1.24057148e-01  4.84071627e+04 
 3.57121318e+14  1.67843947e+34  1.23341000e+01  5.90772498e-01  9.57160000e+00  5.39089343e-01  2.65487046e-01  1.58789751e-01  1.24572170e-01  4.69272805e+04 
 3.57530069e+14  1.69169950e+34  1.23401000e+01  5.95242527e-01  9.59460000e+00  5.43604980e-01  2.66453968e-01  1.57486241e-01  1.25130293e-01  4.55045137e+04 
 3.57938819e+14  1.70495953e+34  1.23471000e+01  5.99706072e-01  9.61760000e+00  5.48129964e-01  2.67371498e-01  1.56159167e-01  1.25630313e-01  4.41362488e+04 
 3.58347569e+14  1.71821956e+34  1.23541000e+01  6.04162994e-01  9.63960000e+00  5.52571875e-01  2.68282708e-01  1.55064913e-01  1.26122752e-01  4.28200112e+04 
 3.58756319e+14  1.73147959e+34  1.23601000e+01  6.08613153e-01  9.66260000e+00  5.57114901e-01  2.69231164e-01  1.53691012e-01  1.26658839e-01  4.15534544e+04 
 3.59165069e+14  1.74548197e+34  1.23671000e+01  6.13305473e-01  9.68560000e+00  5.61802400e-01  2.70197266e-01  1.52544417e-01  1.27183057e-01  4.02673269e+04 
 3.59573820e+14  1.75950995e+34  1.23751000e+01  6.17999570e-01  9.70860000e+00  5.66504023e-01  2.71115235e-01  1.51381024e-01  1.27649219e-01  3.90291652e+04 
 3.59982570e+14  1.77353794e+34  1.23821000e+01  6.22686690e-01  9.73160000e+00  5.71215024e-01  2.72070279e-01  1.50192463e-01  1.28158724e-01  3.78390458e+04 
 3.60391320e+14  1.78756592e+34  1.23891000e+01  6.27366676e-01  9.75460000e+00  5.75935303e-01  2.73018715e-01  1.48979041e-01  1.28660179e-01  3.66947634e+04 
 3.60800070e+14  1.80159390e+34  1.23971000e+01  6.32039371e-01  9.77760000e+00  5.80664775e-01  2.73916347e-01  1.47741013e-01  1.29101511e-01  3.55942271e+04 
 3.61208821e+14  1.81562189e+34  1.24041000e+01  6.36704633e-01  9.80060000e+00  5.85403352e-01  2.74851467e-01  1.46478716e-01  1.29586741e-01  3.45354559e+04 
 3.61617571e+14  1.82964987e+34  1.24121000e+01  6.41362321e-01  9.82260000e+00  5.90055070e-01  2.75735570e-01  1.45444350e-01  1.30011583e-01  3.35165681e+04 
 3.62026321e+14  1.84367785e+34  1.24191000e+01  6.46012299e-01  9.84460000e+00  5.94714859e-01  2.76657426e-01  1.44385274e-01  1.30480668e-01  3.25357815e+04 
 3.62435071e+14  1.85782010e+34  1.24271000e+01  6.50692236e-01  9.86760000e+00  5.99500126e-01  2.77538037e-01  1.43086893e-01  1.30895847e-01  3.15838517e+04 
 3.62843821e+14  1.87264965e+34  1.24351000e+01  6.55591601e-01  9.89060000e+00  6.04419082e-01  2.78471678e-01  1.41980528e-01  1.31342916e-01  3.06234799e+04 
 3.63252572e+14  1.88747920e+34  1.24431000e+01  6.60482984e-01  9.91360000e+00  6.09347140e-01  2.79398188e-01  1.40848318e-01  1.31781185e-01  2.97000089e+04 
 3.63661322e+14  1.90230874e+34  1.24521000e+01  6.65366228e-01  9.93660000e+00  6.14284191e-01  2.80272564e-01  1.39690604e-01  1.32157616e-01  2.88117612e+04 
 3.64070072e+14  1.91713829e+34  1.24601000e+01  6.70241178e-01  9.95860000e+00  6.19131588e-01  2.81184761e-01  1.38756556e-01  1.32578274e-01  2.79571470e+04 
 3.64478822e+14  1.93196783e+34  1.24681000e+01  6.75107690e-01  9.98160000e+00  6.24085930e-01  2.82089890e-01  1.37548258e-01  1.32990256e-01  2.71346555e+04 
 3.64887573e+14  1.94679738e+34  1.24771000e+01  6.79965626e-01  1.00036000e+01  6.28949539e-01  2.82942607e-01  1.36563247e-01  1.33340152e-01  2.63428532e+04 
 3.65296323e+14  1.96162693e+34  1.24851000e+01  6.84814849e-01  1.00256000e+01  6.33820920e-01  2.83833546e-01  1.35552978e-01  1.33734774e-01  2.55803810e+04 
 3.65705073e+14  1.97645647e+34  1.24931000e+01  6.89655240e-01  1.00476000e+01  6.38699991e-01  2.84717482e-01  1.34517799e-01  1.34120846e-01  2.48459465e+04 
 3.66113823e+14  1.99152485e+34  1.25021000e+01  6.94564451e-01  1.00706000e+01  6.43730537e-01  2.85568703e-01  1.33281715e-01  1.34457567e-01  2.41271327e+04 
 3.66522573e+14  2.00719036e+34  1.25111000e+01  6.99659074e-01  1.00926000e+01  6.48776237e-01  2.86462391e-01  1.32441297e-01  1.34817540e-01  2.34077623e+04 
 3.66931324e+14  2.02285587e+34  1.25201000e+01  7.04744502e-01  1.01156000e+01  6.53931393e-01  2.87348515e-01  1.31328598e-01  1.35168216e-01  2.27155610e+04 
 3.67340074e+14  2.03852138e+34  1.25291000e+01  7.09820575e-01  1.01386000e+01  6.59095134e-01  2.88227100e-01  1.30190228e-01  1.35509655e-01  2.20493137e+04 
 3.67748824e+14  2.05418689e+34  1.25381000e+01  7.14887160e-01  1.01606000e+01  6.64164757e-01  2.89098182e-01  1.29270850e-01  1.35841928e-01  2.14078661e+04 
 3.68157574e+14  2.06985240e+34  1.25471000e+01  7.19944108e-01  1.01826000e+01  6.69241887e-01  2.89961781e-01  1.28325451e-01  1.36165089e-01  2.07901222e+04 
 3.68566325e+14  2.08551790e+34  1.25561000e+01  7.24991295e-01  1.02046000e+01  6.74326433e-01  2.90817929e-01  1.27354428e-01  1.36479205e-01  2.01950408e+04 
 3.68975075e+14  2.10118341e+34  1.25651000e+01  7.30028592e-01  1.02266000e+01  6.79418319e-01  2.91666653e-01  1.26358104e-01  1.36784339e-01  1.96216332e+04 
 3.69383825e+14  2.11684892e+34  1.25741000e+01  7.35055881e-01  1.02486000e+01  6.84517464e-01  2.92507982e-01  1.25336824e-01  1.37080554e-01  1.90689595e+04 
 3.69792575e+14  2.13285803e+34  1.25831000e+01  7.40183063e-01  1.02706000e+01  6.89685352e-01  2.93369382e-01  1.24384410e-01  1.37384909e-01  1.85246466e+04 
 3.70201325e+14  2.14939467e+34  1.25931000e+01  7.45468858e-01  1.02926000e+01  6.94955054e-01  2.94218523e-01  1.23549063e-01  1.37711170e-01  1.79909162e+04 
 3.70610076e+14  2.16593131e+34  1.26021000e+01  7.50744198e-01  1.03156000e+01  7.00337772e-01  2.95106556e-01  1.22446107e-01  1.37963023e-01  1.74616695e+04 
 3.71018826e+14  2.18246795e+34  1.26121000e+01  7.56008936e-01  1.03376000e+01  7.05622421e-01  2.95939942e-01  1.21557691e-01  1.38210493e-01  1.69594505e+04 
 3.71427576e+14  2.19900458e+34  1.26211000e+01  7.61262935e-01  1.03596000e+01  7.10914181e-01  2.96812489e-01  1.20643036e-01  1.38503412e-01  1.64756086e+04 
 3.71836326e+14  2.21554122e+34  1.26311000e+01  7.66506068e-01  1.03816000e+01  7.16212961e-01  2.97630258e-01  1.19702484e-01  1.38732199e-01  1.60093437e+04 
 3.72245077e+14  2.23207786e+34  1.26411000e+01  7.71738210e-01  1.04036000e+01  7.21518685e-01  2.98440223e-01  1.18736382e-01  1.39012089e-01  1.55666538e+04 
 3.72653827e+14  2.24861450e+34  1.26501000e+01  7.76959244e-01  1.04246000e+01  7.26723310e-01  2.99289741e-01  1.17983258e-01  1.39217147e-01  1.51265439e+04 
 3.73062577e+14  2.26515113e+34  1.26601000e+01  7.82169063e-01  1.04456000e+01  7.31933794e-01  3.00084302e-01  1.17204392e-01  1.39418506e-01  1.47085991e+04 
 3.73471327e+14  2.28211138e+34  1.26701000e+01  7.87500690e-01  1.04676000e+01  7.37334234e-01  3.00903420e-01  1.16269520e-01  1.39690457e-01  1.43014680e+04 
 3.73880077e+14  2.29955505e+34  1.26801000e+01  7.92972690e-01  1.04896000e+01  7.42827278e-01  3.01751347e-01  1.15430229e-01  1.39853284e-01  1.38855565e+04 
 3.74288828e+14  2.31699872e+34  1.26901000e+01  7.98432930e-01  1.05116000e+01  7.48327113e-01  3.02591184e-01  1.14564116e-01  1.40067174e-01  1.34908020e+04 
 3.74697578e+14  2.33444239e+34  1.27001000e+01  8.03881276e-01  1.05336000e+01  7.53833648e-01  3.03422973e-01  1.13671560e-01  1.40271587e-01  1.31103482e+04 
 3.75106328e+14  2.35188606e+34  1.27101000e+01  8.09317604e-01  1.05556000e+01  7.59346784e-01  3.04246755e-01  1.12752955e-01  1.40466621e-01  1.27435790e+04 
 3.75515078e+14  2.36932973e+34  1.27201000e+01  8.14741799e-01  1.05776000e+01  7.64866404e-01  3.05062572e-01  1.11808742e-01  1.40652376e-01  1.23899083e+04 
 3.75923828e+14  2.38677340e+34  1.27301000e+01  8.20153740e-01  1.05986000e+01  7.70280855e-01  3.05870459e-01  1.11073417e-01  1.40828942e-01  1.20487786e+04 
 3.76332579e+14  2.40421707e+34  1.27401000e+01  8.25553322e-01  1.06196000e+01  7.75700744e-01  3.06670459e-01  1.10312210e-01  1.40996418e-01  1.17196596e+04 
 3.76741329e+14  2.42166074e+34  1.27501000e+01  8.30940442e-01  1.06406000e+01  7.81126022e-01  3.07462611e-01  1.09525445e-01  1.41154899e-01  1.14020465e+04 
 3.77150079e+14  2.43957780e+34  1.27611000e+01  8.36460817e-01  1.06626000e+01  7.86752749e-01  3.08232957e-01  1.08591026e-01  1.41268096e-01  1.10872802e+04 
 3.77558829e+14  2.45796512e+34  1.27711000e+01  8.42113164e-01  1.06846000e+01  7.92468334e-01  3.09077498e-01  1.07740247e-01  1.41446101e-01  1.07757772e+04 
 3.77967580e+14  2.47635243e+34  1.27821000e+01  8.47752420e-01  1.07056000e+01  7.98076247e-01  3.09865337e-01  1.07094793e-01  1.41559243e-01  1.04754448e+04 
 3.78376330e+14  2.49473975e+34  1.27921000e+01  8.53378462e-01  1.07276000e+01  8.03803723e-01  3.10693419e-01  1.06190952e-01  1.41718390e-01  1.01858067e+04 
 3.78785080e+14  2.51312707e+34  1.28031000e+01  8.58991172e-01  1.07486000e+01  8.09422426e-01  3.11464717e-01  1.05492247e-01  1.41812885e-01  9.90640901e+03 
 3.79193830e+14  2.53151438e+34  1.28131000e+01  8.64590446e-01  1.07696000e+01  8.15046163e-01  3.12276521e-01  1.04767296e-01  1.41953618e-01  9.63682032e+03 
 3.79602580e+14  2.54990170e+34  1.28241000e+01  8.70176177e-01  1.07906000e+01  8.20674877e-01  3.13031465e-01  1.04016407e-01  1.42029920e-01  9.37662950e+03 
 3.80011331e+14  2.56828901e+34  1.28341000e+01  8.75748266e-01  1.08116000e+01  8.26308496e-01  3.13827168e-01  1.03239985e-01  1.42152673e-01  9.12544549e+03 
 3.80420081e+14  2.58667633e+34  1.28451000e+01  8.81306621e-01  1.08326000e+01  8.31946939e-01  3.14565938e-01  1.02438380e-01  1.42211228e-01  8.88289544e+03 
 3.80828831e+14  2.60555064e+34  1.28561000e+01  8.86997949e-01  1.08536000e+01  8.37674640e-01  3.15330223e-01  1.01716928e-01  1.42340203e-01  8.64627590e+03 
 3.81237581e+14  2.62491888e+34  1.28661000e+01  8.92823938e-01  1.08756000e+01  8.43610303e-01  3.16169313e-01  1.00847331e-01  1.42409363e-01  8.40451018e+03 
 3.81646332e+14  2.64428712e+34  1.28771000e+01  8.98635473e-01  1.08966000e+01  8.49433628e-01  3.16950863e-01  1.00179162e-01  1.42475681e-01  8.17488537e+03 
 3.82055082e+14  2.66365536e+34  1.28881000e+01  9.04432449e-01  1.09176000e+01  8.55261540e-01  3.17723996e-01  9.94844328e-02  1.42532864e-01  7.95329696e+03 
 3.82463832e+14  2.68302361e+34  1.28991000e+01  9.10214758e-01  1.09386000e+01  8.61093974e-01  3.18488762e-01  9.87634988e-02  1.42581035e-01  7.73940953e+03 
 3.82872582e+14  2.70239185e+34  1.29101000e+01  9.15982302e-01  1.09596000e+01  8.66930845e-01  3.19245211e-01  9.80167634e-02  1.42620321e-01  7.53290353e+03 
 3.83281332e+14  2.72176009e+34  1.29211000e+01  9.21734986e-01  1.09796000e+01  8.72652255e-01  3.19993391e-01  9.74703105e-02  1.42712773e-01  7.33665844e+03 
 3.83690083e+14  2.74112833e+34  1.29311000e+01  9.27472723e-01  1.10006000e+01  8.78497393e-01  3.20782969e-01  9.66725359e-02  1.42727893e-01  7.14083267e+03 
 3.84098833e+14  2.76049657e+34  1.29421000e+01  9.33195431e-01  1.10206000e+01  8.84225991e-01  3.21514836e-01  9.60749462e-02  1.42741207e-01  6.95470127e+03 
 3.84507583e+14  2.78032278e+34  1.29531000e+01  9.39037917e-01  1.10416000e+01  8.90157423e-01  3.22268565e-01  9.53188140e-02  1.42760474e-01  6.77063358e+03 
 3.84916333e+14  2.80070986e+34  1.29641000e+01  9.45030014e-01  1.10626000e+01  8.96188909e-01  3.23050567e-01  9.46483029e-02  1.42788463e-01  6.58787498e+03 
 3.85325084e+14  2.82109694e+34  1.29761000e+01  9.51006286e-01  1.10836000e+01  9.02224446e-01  3.23774119e-01  9.39513394e-02  1.42814458e-01  6.41423008e+03 
 3.85733834e+14  2.84148401e+34  1.29871000e+01  9.56966622e-01  1.11046000e+01  9.08263964e-01  3.24539026e-01  9.32283107e-02  1.42824728e-01  6.24379673e+03 
 3.86142584e+14  2.86187109e+34  1.29981000e+01  9.62910941e-01  1.11246000e+01  9.14184319e-01  3.25295510e-01  9.27022153e-02  1.42826319e-01  6.07918535e+03 
 3.86551334e+14  2.88225817e+34  1.30091000e+01  9.68839146e-01  1.11456000e+01  9.20231091e-01  3.26043619e-01  9.19277954e-02  1.42819353e-01  5.92015821e+03 
 3.86960084e+14  2.90264524e+34  1.30201000e+01  9.74751161e-01  1.11656000e+01  9.26157649e-01  3.26783408e-01  9.13501597e-02  1.42803965e-01  5.76648860e+03 
 3.87368835e+14  2.92303232e+34  1.30311000e+01  9.80646905e-01  1.11856000e+01  9.32086994e-01  3.27514926e-01  9.07470708e-02  1.42780276e-01  5.61796042e+03 
 3.87777585e+14  2.94341940e+34  1.30421000e+01  9.86526303e-01  1.12056000e+01  9.38019061e-01  3.28238225e-01  9.01189115e-02  1.42748412e-01  5.47436752e+03 
 3.88186335e+14  2.96418578e+34  1.30531000e+01  9.92498289e-01  1.12266000e+01  9.44142914e-01  3.28976918e-01  8.93154198e-02  1.42718879e-01  5.33297192e+03 
 3.88595085e+14  2.98563019e+34  1.30641000e+01  9.98648192e-01  1.12466000e+01  9.50258693e-01  3.29749258e-01  8.88309666e-02  1.42637513e-01  5.18963743e+03 
 3.89003836e+14  3.00707461e+34  1.30761000e+01  1.00478087e+00  1.12676000e+01  9.56503119e-01  3.30462455e-01  8.81003569e-02  1.42616887e-01  5.05561172e+03 
 3.89412586e+14  3.02851902e+34  1.30871000e+01  1.01089624e+00  1.12876000e+01  9.62624178e-01  3.31217614e-01  8.75633296e-02  1.42518641e-01  4.92180338e+03 
 3.89821336e+14  3.04996343e+34  1.30981000e+01  1.01699421e+00  1.13076000e+01  9.68747561e-01  3.31964301e-01  8.70003293e-02  1.42474001e-01  4.79460811e+03 
 3.90230086e+14  3.07140784e+34  1.31101000e+01  1.02307471e+00  1.13276000e+01  9.74873161e-01  3.32651817e-01  8.64118168e-02  1.42428717e-01  4.67368255e+03 
 3.90638836e+14  3.09285225e+34  1.31211000e+01  1.02913768e+00  1.13476000e+01  9.81000958e-01  3.33381664e-01  8.57981209e-02  1.42367958e-01  4.55474919e+03 
 3.91047587e+14  3.11429667e+34  1.31321000e+01  1.03518305e+00  1.13676000e+01  9.87130847e-01  3.34103212e-01  8.51596837e-02  1.42299315e-01  4.43972777e+03 
 3.91456337e+14  3.13574108e+34  1.31431000e+01  1.04121075e+00  1.13876000e+01  9.93262794e-01  3.34816507e-01  8.44967996e-02  1.42161184e-01  4.32658525e+03 
 3.91865087e+14  3.15742895e+34  1.31541000e+01  1.04728888e+00  1.14066000e+01  9.99307697e-01  3.35535943e-01  8.40674230e-02  1.42082937e-01  4.21777622e+03 
 3.92273837e+14  3.17996974e+34  1.31661000e+01  1.05358755e+00  1.14276000e+01  1.00575431e+00  3.36246046e-01  8.33243421e-02  1.42024592e-01  4.11021494e+03 
 3.92682588e+14  3.20251053e+34  1.31771000e+01  1.05986758e+00  1.14476000e+01  1.01207336e+00  3.36998554e-01  8.27716051e-02  1.41888843e-01  4.00274375e+03 
 3.93091338e+14  3.22505131e+34  1.31891000e+01  1.06612892e+00  1.14676000e+01  1.01839406e+00  3.37691292e-01  8.21932654e-02  1.41814577e-01  3.90226204e+03 
 3.93500088e+14  3.24759210e+34  1.32001000e+01  1.07237150e+00  1.14876000e+01  1.02471636e+00  3.38426688e-01  8.15897233e-02  1.41663201e-01  3.80176462e+03 
 3.93908838e+14  3.27013288e+34  1.32121000e+01  1.07859524e+00  1.15066000e+01  1.03090860e+00  3.39102304e-01  8.11755032e-02  1.41573582e-01  3.70780905e+03 
 3.94317588e+14  3.29267367e+34  1.32231000e+01  1.08480010e+00  1.15266000e+01  1.03723349e+00  3.39820822e-01  8.05222077e-02  1.41468564e-01  3.61531513e+03 
 3.94726339e+14  3.31521445e+34  1.32341000e+01  1.09098601e+00  1.15456000e+01  1.04342728e+00  3.40531018e-01  8.00581748e-02  1.41294756e-01  3.52428132e+03 
 3.95135089e+14  3.33775524e+34  1.32451000e+01  1.09715295e+00  1.15646000e+01  1.04962153e+00  3.41232951e-01  7.95696103e-02  1.41175078e-01  3.43769035e+03 
 3.95543839e+14  3.36033838e+34  1.32571000e+01  1.10331238e+00  1.15846000e+01  1.05595648e+00  3.41877445e-01  7.88508519e-02  1.41057146e-01  3.35516345e+03 
 3.95952589e+14  3.38401507e+34  1.32681000e+01  1.10975009e+00  1.16036000e+01  1.06233640e+00  3.42626022e-01  7.84903281e-02  1.40884670e-01  3.26851030e+03 
 3.96361339e+14  3.40769176e+34  1.32801000e+01  1.11616778e+00  1.16236000e+01  1.06885072e+00  3.43314258e-01  7.78919919e-02  1.40773959e-01  3.18749882e+03 
 3.96770090e+14  3.43136844e+34  1.32911000e+01  1.12256538e+00  1.16436000e+01  1.07536596e+00  3.44045582e-01  7.72688450e-02  1.40586616e-01  3.10640993e+03 
 3.97178840e+14  3.45504513e+34  1.33031000e+01  1.12894284e+00  1.16626000e+01  1.08174690e+00  3.44716566e-01  7.68320564e-02  1.40461293e-01  3.03060647e+03 
 3.97587590e+14  3.47872182e+34  1.33141000e+01  1.13530013e+00  1.16816000e+01  1.08812773e+00  3.45430885e-01  7.63704020e-02  1.40259675e-01  2.95465551e+03 
 3.97996340e+14  3.50239850e+34  1.33261000e+01  1.14163717e+00  1.17006000e+01  1.09450843e+00  3.46084866e-01  7.58841553e-02  1.40120301e-01  2.88366147e+03 
 3.98405091e+14  3.52607519e+34  1.33371000e+01  1.14795395e+00  1.17196000e+01  1.10088896e+00  3.46782415e-01  7.53737328e-02  1.39965764e-01  2.81368133e+03 
 3.98813841e+14  3.54975188e+34  1.33481000e+01  1.15425042e+00  1.17386000e+01  1.10726926e+00  3.47471700e-01  7.48394888e-02  1.39743720e-01  2.74471804e+03 
 3.99222591e+14  3.57342857e+34  1.33591000e+01  1.16052655e+00  1.17576000e+01  1.11364927e+00  3.48152775e-01  7.42817819e-02  1.39575823e-01  2.67910160e+03 
 3.99631341e+14  3.59804847e+34  1.33711000e+01  1.16703144e+00  1.17766000e+01  1.12017897e+00  3.48823088e-01  7.38352754e-02  1.39425642e-01  2.61417064e+03 
 4.00040091e+14  3.62290102e+34  1.33831000e+01  1.17357647e+00  1.17956000e+01  1.12674502e+00  3.49496942e-01  7.33969281e-02  1.39211923e-01  2.54959650e+03 
 4.00448842e+14  3.64775357e+34  1.33941000e+01  1.18010005e+00  1.18156000e+01  1.13344914e+00  3.50214417e-01  7.27260512e-02  1.38982998e-01  2.48601420e+03 
 4.00857592e+14  3.67260612e+34  1.34061000e+01  1.18660212e+00  1.18346000e+01  1.14001418e+00  3.50871038e-01  7.22387163e-02  1.38816337e-01  2.42658572e+03 
 4.01266342e+14  3.69745868e+34  1.34171000e+01  1.19308266e+00  1.18526000e+01  1.14643874e+00  3.51571524e-01  7.19341406e-02  1.38574272e-01  2.36696371e+03 
 4.01675092e+14  3.72231123e+34  1.34291000e+01  1.19954164e+00  1.18716000e+01  1.15300163e+00  3.52211169e-01  7.13985283e-02  1.38394657e-01  2.31124299e+03 
 4.02083843e+14  3.74716378e+34  1.34401000e+01  1.20597902e+00  1.18906000e+01  1.15956361e+00  3.52894908e-01  7.08395226e-02  1.38200080e-01  2.25626662e+03 
 4.02492593e+14  3.77201633e+34  1.34511000e+01  1.21239479e+00  1.19086000e+01  1.16598366e+00  3.53570397e-01  7.04631706e-02  1.37939280e-01  2.20203915e+03 
 4.02901343e+14  3.79686888e+34  1.34621000e+01  1.21878892e+00  1.19266000e+01  1.17240184e+00  3.54237687e-01  7.00633176e-02  1.37732442e-01  2.15043438e+03 
 4.03310093e+14  3.82234691e+34  1.34741000e+01  1.22532165e+00  1.19456000e+01  1.17905722e+00  3.54875252e-01  6.95173934e-02  1.37537104e-01  2.10008344e+03 
 4.03718843e+14  3.84841566e+34  1.34851000e+01  1.23198320e+00  1.19646000e+01  1.18580316e+00  3.55586335e-01  6.90250583e-02  1.37275197e-01  2.04836520e+03 
 4.04127594e+14  3.87448441e+34  1.34971000e+01  1.23862193e+00  1.19826000e+01  1.19240489e+00  3.56236079e-01  6.87128108e-02  1.37075588e-01  2.00003225e+03 
 4.04536344e+14  3.90055317e+34  1.35091000e+01  1.24523782e+00  1.20016000e+01  1.19914738e+00  3.56877238e-01  6.81723860e-02  1.36810314e-01  1.95235049e+03 
 4.04945094e+14  3.92662192e+34  1.35201000e+01  1.25183085e+00  1.20196000e+01  1.20574467e+00  3.57562773e-01  6.78120348e-02  1.36589746e-01  1.90615297e+03 
 4.05353844e+14  3.95269067e+34  1.35311000e+01  1.25840100e+00  1.20386000e+01  1.21248350e+00  3.58239959e-01  6.72250089e-02  1.36303920e-01  1.86057413e+03 
 4.05762595e+14  3.97875942e+34  1.35431000e+01  1.26494825e+00  1.20566000e+01  1.21907620e+00  3.58855846e-01  6.68179594e-02  1.36080685e-01  1.81799003e+03 
 4.06171345e+14  4.00482818e+34  1.35541000e+01  1.27147261e+00  1.20746000e+01  1.22566630e+00  3.59516457e-01  6.63879305e-02  1.35842838e-01  1.77592046e+03 
 4.06580095e+14  4.03089693e+34  1.35651000e+01  1.27797406e+00  1.20926000e+01  1.23225380e+00  3.60168898e-01  6.59352352e-02  1.35599446e-01  1.73512634e+03 
 4.06988845e+14  4.05718093e+34  1.35761000e+01  1.28450601e+00  1.21096000e+01  1.23872561e+00  3.60823345e-01  6.56876428e-02  1.35294172e-01  1.69450129e+03 
 4.07397595e+14  4.08450653e+34  1.35881000e+01  1.29127281e+00  1.21286000e+01  1.24564428e+00  3.61465178e-01  6.51392218e-02  1.35063231e-01  1.65504252e+03 
 4.07806346e+14  4.11183214e+34  1.35991000e+01  1.29801545e+00  1.21466000e+01  1.25241408e+00  3.62151655e-01  6.47683541e-02  1.34758765e-01  1.61538828e+03 
 4.08215096e+14  4.13915775e+34  1.36111000e+01  1.30473394e+00  1.21646000e+01  1.25918066e+00  3.62776368e-01  6.43739549e-02  1.34516650e-01  1.57834068e+03 
 4.08623846e+14  4.16648336e+34  1.36221000e+01  1.31142826e+00  1.21826000e+01  1.26594401e+00  3.63445965e-01  6.39563699e-02  1.34259921e-01  1.54174446e+03 
 4.09032596e+14  4.19380897e+34  1.36331000e+01  1.31809842e+00  1.22006000e+01  1.27270412e+00  3.64107244e-01  6.35159199e-02  1.33939476e-01  1.50560444e+03 
 4.09441347e+14  4.22113458e+34  1.36451000e+01  1.32474441e+00  1.22186000e+01  1.27946089e+00  3.64706797e-01  6.30529835e-02  1.33681545e-01  1.47184804e+03 
 4.09850097e+14  4.24846018e+34  1.36561000e+01  1.33136624e+00  1.22356000e+01  1.28606558e+00  3.65351572e-01  6.27667642e-02  1.33409292e-01  1.43846799e+03 
 4.10258847e+14  4.27578579e+34  1.36671000e+01  1.33796392e+00  1.22536000e+01  1.29281525e+00  3.65988216e-01  6.22594687e-02  1.33132072e-01  1.40608287e+03 
 4.10667597e+14  4.30311140e+34  1.36781000e+01  1.34453746e+00  1.22706000e+01  1.29941195e+00  3.66616783e-01  6.19287939e-02  1.32850003e-01  1.37465680e+03 
 4.11076347e+14  4.33143695e+34  1.36891000e+01  1.35132639e+00  1.22886000e+01  1.30630239e+00  3.67281554e-01  6.14883678e-02  1.32514338e-01  1.34246955e+03 
 4.11485098e+14  4.36006032e+34  1.37011000e+01  1.35816135e+00  1.23056000e+01  1.31308254e+00  3.67897364e-01  6.12553713e-02  1.32243550e-01  1.31208877e+03 
 4.11893848e+14  4.38868368e+34  1.37121000e+01  1.36497087e+00  1.23236000e+01  1.32000887e+00  3.68558432e-01  6.08017710e-02  1.31958372e-01  1.28205975e+03 
 4.12302598e+14  4.41730705e+34  1.37231000e+01  1.37175496e+00  1.23416000e+01  1.32693115e+00  3.69211163e-01  6.03259156e-02  1.31610883e-01  1.25238721e+03 
 4.12711348e+14  4.44593041e+34  1.37351000e+01  1.37851363e+00  1.23586000e+01  1.33369764e+00  3.69801754e-01  6.00244181e-02  1.31325671e-01  1.22467772e+03 
 4.13120098e+14  4.47455378e+34  1.37461000e+01  1.38524689e+00  1.23756000e+01  1.34045918e+00  3.70437948e-01  5.97006446e-02  1.31026371e-01  1.19726052e+03 
 4.13528849e+14  4.50317714e+34  1.37571000e+01  1.39195478e+00  1.23926000e+01  1.34721580e+00  3.71065993e-01  5.93548361e-02  1.30722563e-01  1.17065191e+03 
 4.13937599e+14  4.53180051e+34  1.37681000e+01  1.39863730e+00  1.24096000e+01  1.35396749e+00  3.71685949e-01  5.89872980e-02  1.30414366e-01  1.14482300e+03 
 4.14346349e+14  4.56042388e+34  1.37791000e+01  1.40529448e+00  1.24266000e+01  1.36071424e+00  3.72297878e-01  5.85983537e-02  1.30101898e-01  1.11974612e+03 
 4.14755099e+14  4.58946153e+34  1.37901000e+01  1.41202221e+00  1.24436000e+01  1.36751568e+00  3.72919147e-01  5.82302295e-02  1.29788157e-01  1.09504730e+03 
 4.15163850e+14  4.61942373e+34  1.38011000e+01  1.41893763e+00  1.24606000e+01  1.37444496e+00  3.73570787e-01  5.79334209e-02  1.29476478e-01  1.07031407e+03 
 4.15572600e+14  4.64938594e+34  1.38121000e+01  1.42582637e+00  1.24786000e+01  1.38152350e+00  3.74214073e-01  5.74199810e-02  1.29103963e-01  1.04585943e+03 
 4.15981350e+14  4.67934814e+34  1.38231000e+01  1.43268844e+00  1.24956000e+01  1.38844204e+00  3.74849072e-01  5.70788293e-02  1.28783711e-01  1.02258115e+03 
 4.16390100e+14  4.70931035e+34  1.38351000e+01  1.43952388e+00  1.25126000e+01  1.39535495e+00  3.75421562e-01  5.67158246e-02  1.28469018e-01  1.00042362e+03 
 4.16798850e+14  4.73927256e+34  1.38461000e+01  1.44633272e+00  1.25296000e+01  1.40226216e+00  3.76040135e-01  5.63314000e-02  1.28140590e-01  9.78478670e+02 
 4.17207601e+14  4.76923476e+34  1.38561000e+01  1.45311499e+00  1.25456000e+01  1.40900730e+00  3.76704987e-01  5.61184716e-02  1.27798467e-01  9.56751492e+02 
 4.17616351e+14  4.79919697e+34  1.38671000e+01  1.45987074e+00  1.25626000e+01  1.41590277e+00  3.77307476e-01  5.56916522e-02  1.27462280e-01  9.36065585e+02 
 4.18025101e+14  4.82915917e+34  1.38781000e+01  1.46660000e+00  1.25786000e+01  1.42263526e+00  3.77901994e-01  5.54363431e-02  1.27178025e-01  9.16372648e+02 
 4.18433851e+14  4.85912138e+34  1.38891000e+01  1.47330281e+00  1.25946000e+01  1.42936121e+00  3.78488599e-01  5.51601552e-02  1.26834415e-01  8.96841979e+02 
 4.18842602e+14  4.89016731e+34  1.39001000e+01  1.48022051e+00  1.26116000e+01  1.43639036e+00  3.79109905e-01  5.47717571e-02  1.26492822e-01  8.77186204e+02 
 4.19251352e+14  4.92150955e+34  1.39111000e+01  1.48717646e+00  1.26286000e+01  1.44345468e+00  3.79734599e-01  5.43892543e-02  1.26148960e-01  8.57920218e+02 
 4.19660102e+14  4.95285178e+34  1.39221000e+01  1.49410457e+00  1.26456000e+01  1.45051260e+00  3.80351066e-01  5.39855260e-02  1.25801404e-01  8.39213843e+02 
 4.20068852e+14  4.98419402e+34  1.39331000e+01  1.50100489e+00  1.26616000e+01  1.45740482e+00  3.80959373e-01  5.37512106e-02  1.25450271e-01  8.21047389e+02 
 4.20477602e+14  5.01553626e+34  1.39441000e+01  1.50787745e+00  1.26776000e+01  1.46428976e+00  3.81559583e-01  5.34956763e-02  1.25095675e-01  8.03401958e+02 
 4.20886353e+14  5.04687849e+34  1.39551000e+01  1.51472231e+00  1.26946000e+01  1.47132766e+00  3.82151762e-01  5.30294082e-02  1.24737729e-01  7.86259417e+02 
 4.21295103e+14  5.07822073e+34  1.39651000e+01  1.52153954e+00  1.27106000e+01  1.47819855e+00  3.82790798e-01  5.27326091e-02  1.24421086e-01  7.69602392e+02 
 4.21703853e+14  5.10956297e+34  1.39761000e+01  1.52832916e+00  1.27266000e+01  1.48506219e+00  3.83367140e-01  5.24154405e-02  1.24056598e-01  7.53414109e+02 
 4.22112603e+14  5.14090520e+34  1.39861000e+01  1.53509125e+00  1.27416000e+01  1.49175716e+00  3.83990551e-01  5.22671269e-02  1.23679051e-01  7.37355102e+02 
 4.22521354e+14  5.17252495e+34  1.39971000e+01  1.54188538e+00  1.27576000e+01  1.49864367e+00  3.84561584e-01  5.19332624e-02  1.23363693e-01  7.22246782e+02 
 4.22930104e+14  5.20528844e+34  1.40081000e+01  1.54889647e+00  1.27746000e+01  1.50584005e+00  3.85166988e-01  5.14874041e-02  1.22995125e-01  7.06708794e+02 
 4.23338854e+14  5.23805193e+34  1.40191000e+01  1.55587859e+00  1.27906000e+01  1.51286670e+00  3.85764231e-01  5.12090257e-02  1.22623439e-01  6.91614381e+02 
 4.23747604e+14  5.27081543e+34  1.40301000e+01  1.56283180e+00  1.28066000e+01  1.51988539e+00  3.86353381e-01  5.09099483e-02  1.22248746e-01  6.76948183e+02 
 4.24156354e+14  5.30357892e+34  1.40401000e+01  1.56975617e+00  1.28226000e+01  1.52689611e+00  3.86989636e-01  5.05905375e-02  1.21914573e-01  6.62695478e+02 
 4.24565105e+14  5.33634241e+34  1.40511000e+01  1.57665176e+00  1.28376000e+01  1.53373499e+00  3.87562838e-01  5.04380055e-02  1.21534025e-01  6.48842042e+02 
 4.24973855e+14  5.36910590e+34  1.40611000e+01  1.58351864e+00  1.28536000e+01  1.54072947e+00  3.88183358e-01  5.00783267e-02  1.21140630e-01  6.35095151e+02 
 4.25382605e+14  5.40186939e+34  1.40721000e+01  1.59035687e+00  1.28696000e+01  1.54771590e+00  3.88740864e-01  4.96992478e-02  1.20807891e-01  6.22279210e+02 
 4.25791355e+14  5.43463288e+34  1.40821000e+01  1.59716653e+00  1.28846000e+01  1.55452941e+00  3.89345893e-01  4.94869549e-02  1.20462176e-01  6.09544190e+02 
 4.26200106e+14  5.46739637e+34  1.40921000e+01  1.60394770e+00  1.28996000e+01  1.56133408e+00  3.89943293e-01  4.92552858e-02  1.20060921e-01  5.96894547e+02 
 4.26608856e+14  5.50094432e+34  1.41031000e+01  1.61086190e+00  1.29156000e+01  1.56839912e+00  3.90505037e-01  4.88791716e-02  1.19721959e-01  5.84821822e+02 
 4.27017606e+14  5.53517025e+34  1.41141000e+01  1.61788600e+00  1.29316000e+01  1.57554471e+00  3.91082416e-01  4.85356634e-02  1.19329194e-01  5.72586953e+02 
 4.27426356e+14  5.56939618e+34  1.41241000e+01  1.62488015e+00  1.29466000e+01  1.58251508e+00  3.91707247e-01  4.83571341e-02  1.18976093e-01  5.60693257e+02 
 4.27835106e+14  5.60362210e+34  1.41351000e+01  1.63184442e+00  1.29626000e+01  1.58964293e+00  3.92268698e-01  4.79739888e-02  1.18578356e-01  5.49129119e+02 
 4.28243857e+14  5.63784803e+34  1.41451000e+01  1.63877889e+00  1.29776000e+01  1.59659476e+00  3.92877817e-01  4.77558185e-02  1.18220153e-01  5.37883474e+02 
 4.28652607e+14  5.67207396e+34  1.41551000e+01  1.64568365e+00  1.29926000e+01  1.60353707e+00  3.93479197e-01  4.75182062e-02  1.17807534e-01  5.26713424e+02 
 4.29061357e+14  5.70629988e+34  1.41661000e+01  1.65255877e+00  1.30076000e+01  1.61046997e+00  3.94017253e-01  4.72613073e-02  1.17454919e-01  5.16305253e+02 
 4.29470107e+14  5.74052581e+34  1.41761000e+01  1.65940434e+00  1.30226000e+01  1.61739345e+00  3.94603289e-01  4.69854678e-02  1.17089698e-01  5.05952564e+02 
 4.29878858e+14  5.77475174e+34  1.41861000e+01  1.66622045e+00  1.30376000e+01  1.62430754e+00  3.95181764e-01  4.66909283e-02  1.16722264e-01  4.95878034e+02 
 4.30287608e+14  5.80897766e+34  1.41961000e+01  1.67300718e+00  1.30526000e+01  1.63121222e+00  3.95752737e-01  4.63780080e-02  1.16352704e-01  4.86072538e+02 
 4.30696358e+14  5.84441495e+34  1.42061000e+01  1.68000354e+00  1.30676000e+01  1.63826151e+00  3.96355874e-01  4.61318619e-02  1.15931172e-01  4.75983566e+02 
 4.31105108e+14  5.88014437e+34  1.42171000e+01  1.68702675e+00  1.30826000e+01  1.64533778e+00  3.96904908e-01  4.58868722e-02  1.15569445e-01  4.66505375e+02 
 4.31513858e+14  5.91587378e+34  1.42271000e+01  1.69401911e+00  1.30976000e+01  1.65240391e+00  3.97501955e-01  4.56226321e-02  1.15195180e-01  4.57080912e+02 
 4.31922609e+14  5.95160320e+34  1.42371000e+01  1.70098071e+00  1.31126000e+01  1.65945990e+00  3.98091279e-01  4.53394541e-02  1.14818846e-01  4.47911577e+02 
 4.32331359e+14  5.98733262e+34  1.42471000e+01  1.70791166e+00  1.31276000e+01  1.66650571e+00  3.98672941e-01  4.50376563e-02  1.14440532e-01  4.38988947e+02 
 4.32740109e+14  6.02306204e+34  1.42571000e+01  1.71481205e+00  1.31416000e+01  1.67336978e+00  3.99247001e-01  4.48985172e-02  1.14060322e-01  4.30304922e+02 
 4.33148859e+14  6.05879146e+34  1.42671000e+01  1.72168198e+00  1.31566000e+01  1.68039510e+00  3.99813517e-01  4.45598226e-02  1.13678300e-01  4.21851707e+02 
 4.33557609e+14  6.09452087e+34  1.42771000e+01  1.72852154e+00  1.31706000e+01  1.68723786e+00  4.00372552e-01  4.43838832e-02  1.13294551e-01  4.13621806e+02 
 4.33966360e+14  6.13025029e+34  1.42871000e+01  1.73533085e+00  1.31846000e+01  1.69406980e+00  4.00924165e-01  4.41898223e-02  1.12909154e-01  4.05608002e+02 
