# rhoc (cgs) 	 Pc (cgs) 	 R (km) 	 M (msol) 	 R_core (km) 	 M_core (msol) 	 I/(MR^2) 	 I_crust/(M_crust R_crust^2)/(I/(MR^2)) 	 k_2 	 Lambda 
 2.30000000e+14  4.05590125e+33  1.58991000e+01  2.51287017e-01  9.06260000e+00  2.24549544e-01  1.32617169e-01  2.07392393e-01  3.40654459e-02  3.28015907e+06 
 2.31779815e+14  4.15054561e+33  1.58041000e+01  2.55520252e-01  9.10260000e+00  2.28947108e-01  1.34999402e-01  2.02942790e-01  3.54348512e-02  3.04593899e+06 
 2.33559631e+14  4.24518996e+33  1.57151000e+01  2.59725134e-01  9.14160000e+00  2.33311407e-01  1.37315677e-01  1.98683938e-01  3.67886452e-02  2.83333564e+06 
 2.35339446e+14  4.34320619e+33  1.56291000e+01  2.64049622e-01  9.18060000e+00  2.37782538e-01  1.39640763e-01  1.94551128e-01  3.81685057e-02  2.63339274e+06 
 2.37119262e+14  4.44560485e+33  1.55431000e+01  2.68540927e-01  9.22060000e+00  2.42431191e-01  1.42036154e-01  1.90360284e-01  3.96148128e-02  2.44377814e+06 
 2.38899077e+14  4.54800351e+33  1.54631000e+01  2.73005005e-01  9.25860000e+00  2.47010059e-01  1.44354620e-01  1.86589493e-01  4.10343157e-02  2.27167057e+06 
 2.40678892e+14  4.65040217e+33  1.53881000e+01  2.77440365e-01  9.29660000e+00  2.51590130e-01  1.46608408e-01  1.82765590e-01  4.24328376e-02  2.11517946e+06 
 2.42458708e+14  4.75280083e+33  1.53171000e+01  2.81845698e-01  9.33360000e+00  2.56132794e-01  1.48811352e-01  1.79120835e-01  4.38181001e-02  1.97263897e+06 
 2.44238523e+14  4.85966543e+33  1.52481000e+01  2.86411463e-01  9.37160000e+00  2.60849744e-01  1.51035251e-01  1.75402149e-01  4.52318801e-02  1.83712920e+06 
 2.46018339e+14  4.97014794e+33  1.51801000e+01  2.91103830e-01  9.40960000e+00  2.65680151e-01  1.53292569e-01  1.71800971e-01  4.66854454e-02  1.70955646e+06 
 2.47798154e+14  5.08063045e+33  1.51161000e+01  2.95767135e-01  9.44760000e+00  2.70511599e-01  1.55491357e-01  1.68145666e-01  4.81168525e-02  1.59336326e+06 
 2.49577970e+14  5.19111295e+33  1.50561000e+01  3.00399996e-01  9.48360000e+00  2.75265518e-01  1.57627182e-01  1.64891930e-01  4.95205140e-02  1.48736090e+06 
 2.51357785e+14  5.30159546e+33  1.49991000e+01  3.05001193e-01  9.51960000e+00  2.80016795e-01  1.59716944e-01  1.61580873e-01  5.09077092e-02  1.39049761e+06 
 2.53137600e+14  5.41760843e+33  1.49421000e+01  3.09799603e-01  9.55560000e+00  2.84932825e-01  1.61866775e-01  1.58451314e-01  5.23488868e-02  1.29756683e+06 
 2.54917416e+14  5.53648712e+33  1.48881000e+01  3.14686975e-01  9.59260000e+00  2.89974514e-01  1.63990391e-01  1.55162622e-01  5.37810137e-02  1.21059788e+06 
 2.56697231e+14  5.65536581e+33  1.48371000e+01  3.19543491e-01  9.62760000e+00  2.94935435e-01  1.66061811e-01  1.52263753e-01  5.51885913e-02  1.13113107e+06 
 2.58477047e+14  5.77424450e+33  1.47881000e+01  3.24367865e-01  9.66260000e+00  2.99892746e-01  1.68100536e-01  1.49305758e-01  5.65863599e-02  1.05840753e+06 
 2.60256862e+14  5.89312319e+33  1.47421000e+01  3.29158965e-01  9.69660000e+00  3.04804985e-01  1.70081304e-01  1.46510023e-01  5.79517902e-02  9.91753088e+05 
 2.62036677e+14  6.01854567e+33  1.46971000e+01  3.34179320e-01  9.73260000e+00  3.09987985e-01  1.72098829e-01  1.43471038e-01  5.93470857e-02  9.27316888e+05 
 2.63816493e+14  6.14611404e+33  1.46531000e+01  3.39254298e-01  9.76760000e+00  3.15191652e-01  1.74118726e-01  1.40676468e-01  6.07542342e-02  8.67292728e+05 
 2.65596308e+14  6.27368241e+33  1.46111000e+01  3.44296661e-01  9.80160000e+00  3.20350079e-01  1.76099253e-01  1.38040462e-01  6.21421862e-02  8.12279363e+05 
 2.67376124e+14  6.40125079e+33  1.45721000e+01  3.49305216e-01  9.83560000e+00  3.25502757e-01  1.78013852e-01  1.35345309e-01  6.34861465e-02  7.61785507e+05 
 2.69155939e+14  6.52881916e+33  1.45351000e+01  3.54278920e-01  9.86760000e+00  3.30565023e-01  1.79884206e-01  1.33021107e-01  6.48038374e-02  7.15373198e+05 
 2.70935754e+14  6.66387138e+33  1.44981000e+01  3.59508575e-01  9.90160000e+00  3.35922112e-01  1.81814723e-01  1.30471146e-01  6.61674734e-02  6.70227301e+05 
 2.72715570e+14  6.80040194e+33  1.44631000e+01  3.64762445e-01  9.93560000e+00  3.41317319e-01  1.83710166e-01  1.27913896e-01  6.75074849e-02  6.28313894e+05 
 2.74495385e+14  6.93693250e+33  1.44291000e+01  3.69981975e-01  9.96860000e+00  3.46663641e-01  1.85583243e-01  1.25509912e-01  6.88389650e-02  5.89788223e+05 
 2.76275201e+14  7.07346307e+33  1.43981000e+01  3.75166070e-01  1.00006000e+01  3.51959123e-01  1.87380823e-01  1.23257189e-01  7.01116867e-02  5.54328175e+05 
 2.78055016e+14  7.20999363e+33  1.43681000e+01  3.80313766e-01  1.00326000e+01  3.57245173e-01  1.89152684e-01  1.20945413e-01  7.13708260e-02  5.21645641e+05 
 2.79834832e+14  7.24284311e+33  1.43611000e+01  3.81540117e-01  1.00396000e+01  3.58480222e-01  1.89571868e-01  1.20520271e-01  7.16691013e-02  5.14206813e+05 
 2.81614647e+14  7.26470382e+33  1.43561000e+01  3.82336818e-01  1.00446000e+01  3.59302961e-01  1.89855963e-01  1.20147759e-01  7.18741965e-02  5.09440126e+05 
 2.83394462e+14  7.28656453e+33  1.43521000e+01  3.83116916e-01  1.00496000e+01  3.60113865e-01  1.90110058e-01  1.19759129e-01  7.20523429e-02  5.04820641e+05 
 2.85174278e+14  7.30842524e+33  1.43481000e+01  3.83880812e-01  1.00536000e+01  3.60869896e-01  1.90360534e-01  1.19562168e-01  7.22284321e-02  5.00341493e+05 
 2.86954093e+14  7.33028595e+33  1.43431000e+01  3.84628887e-01  1.00586000e+01  3.61658165e-01  1.90633970e-01  1.19141521e-01  7.24276625e-02  4.95996357e+05 
 2.88733909e+14  7.38756648e+33  1.43331000e+01  3.86550721e-01  1.00696000e+01  3.63607083e-01  1.91258094e-01  1.18431019e-01  7.28654105e-02  4.85018172e+05 
 2.90513724e+14  7.45136446e+33  1.43211000e+01  3.88660525e-01  1.00826000e+01  3.65792709e-01  1.91967085e-01  1.17441942e-01  7.33692148e-02  4.73273266e+05 
 2.92293539e+14  7.51542401e+33  1.43101000e+01  3.90747508e-01  1.00946000e+01  3.67922948e-01  1.92641914e-01  1.16624230e-01  7.38428301e-02  4.61964889e+05 
 2.94073355e+14  7.57952322e+33  1.42991000e+01  3.92805035e-01  1.01056000e+01  3.69992173e-01  1.93308314e-01  1.15972460e-01  7.43112850e-02  4.51108945e+05 
 2.95853170e+14  7.64388887e+33  1.42881000e+01  3.94840895e-01  1.01176000e+01  3.72093862e-01  1.93967829e-01  1.15081811e-01  7.47753821e-02  4.40644939e+05 
 2.97632986e+14  7.70828708e+33  1.42771000e+01  3.96848228e-01  1.01286000e+01  3.74134785e-01  1.94619341e-01  1.14358724e-01  7.52345878e-02  4.30589768e+05 
 2.99412801e+14  7.77295625e+33  1.42671000e+01  3.98834944e-01  1.01406000e+01  3.76208991e-01  1.95236943e-01  1.13399805e-01  7.56630923e-02  4.20886486e+05 
 3.01192617e+14  7.83765124e+33  1.42561000e+01  4.00794014e-01  1.01506000e+01  3.78178495e-01  1.95874124e-01  1.12813579e-01  7.61132183e-02  4.11553212e+05 
 3.02972432e+14  7.90262140e+33  1.42461000e+01  4.02733443e-01  1.01616000e+01  3.80181895e-01  1.96477462e-01  1.11993374e-01  7.65324227e-02  4.02536541e+05 
 3.04752247e+14  7.96761101e+33  1.42361000e+01  4.04646071e-01  1.01716000e+01  3.82124927e-01  1.97073186e-01  1.11342170e-01  7.69467058e-02  3.93855506e+05 
 3.06532063e+14  8.03287967e+33  1.42271000e+01  4.06539967e-01  1.01816000e+01  3.84058100e-01  1.97634911e-01  1.10662289e-01  7.73295203e-02  3.85460054e+05 
 3.08311878e+14  8.09816178e+33  1.42171000e+01  4.08407869e-01  1.01916000e+01  3.85975636e-01  1.98216977e-01  1.09949119e-01  7.77345753e-02  3.77369846e+05 
 3.10091694e+14  8.16372650e+33  1.42081000e+01  4.10257895e-01  1.02016000e+01  3.87883855e-01  1.98765092e-01  1.09208888e-01  7.81079621e-02  3.69537892e+05 
 3.11871509e+14  8.22929901e+33  1.41981000e+01  4.12082698e-01  1.02116000e+01  3.89776869e-01  1.99334007e-01  1.08437073e-01  7.85040433e-02  3.61984233e+05 
 3.13651324e+14  8.29515741e+33  1.41891000e+01  4.13890422e-01  1.02206000e+01  3.91616215e-01  1.99869007e-01  1.07840905e-01  7.88682582e-02  3.54664722e+05 
 3.15431140e+14  8.36102079e+33  1.41801000e+01  4.15673742e-01  1.02296000e+01  3.93440683e-01  2.00396999e-01  1.07214005e-01  7.92276787e-02  3.47599243e+05 
 3.17210955e+14  8.42716800e+33  1.41711000e+01  4.17440588e-01  1.02386000e+01  3.95256518e-01  2.00919262e-01  1.06562116e-01  7.95828311e-02  3.40747132e+05 
 3.18990771e+14  8.49332238e+33  1.41621000e+01  4.19183939e-01  1.02476000e+01  3.97058035e-01  2.01434799e-01  1.05881156e-01  7.99333526e-02  3.34126960e+05 
 3.20770586e+14  8.55975394e+33  1.41541000e+01  4.20911269e-01  1.02556000e+01  3.98806009e-01  2.01916247e-01  1.05376088e-01  8.02513458e-02  3.27702109e+05 
 3.22550401e+14  8.62619704e+33  1.41451000e+01  4.22616023e-01  1.02636000e+01  4.00540075e-01  2.02419698e-01  1.04842929e-01  8.05930921e-02  3.21489293e+05 
 3.24330217e+14  8.69291101e+33  1.41371000e+01  4.24305201e-01  1.02726000e+01  4.02311148e-01  2.02889067e-01  1.04087179e-01  8.09021497e-02  3.15455655e+05 
 3.26110032e+14  8.75964056e+33  1.41281000e+01  4.25972665e-01  1.02806000e+01  4.04023638e-01  2.03380877e-01  1.03504206e-01  8.12353864e-02  3.09616271e+05 
 3.27889848e+14  8.82663502e+33  1.41201000e+01  4.27624980e-01  1.02876000e+01  4.05682581e-01  2.03838612e-01  1.03097364e-01  8.15357840e-02  3.03941608e+05 
 3.29669663e+14  8.89364881e+33  1.41121000e+01  4.29256403e-01  1.02956000e+01  4.07374081e-01  2.04290259e-01  1.02466407e-01  8.18317778e-02  2.98445257e+05 
 3.31449479e+14  8.96092189e+33  1.41041000e+01  4.30873087e-01  1.03036000e+01  4.09057668e-01  2.04736713e-01  1.01814257e-01  8.21236687e-02  2.93100643e+05 
 3.33229294e+14  9.02821775e+33  1.40961000e+01  4.32469648e-01  1.03106000e+01  4.10683271e-01  2.05177326e-01  1.01335534e-01  8.24113158e-02  2.87920061e+05 
 3.35009109e+14  9.09576758e+33  1.40881000e+01  4.34051879e-01  1.03176000e+01  4.12301041e-01  2.05612922e-01  1.00835968e-01  8.26949785e-02  2.82879478e+05 
 3.36788925e+14  9.16334337e+33  1.40801000e+01  4.35614711e-01  1.03246000e+01  4.13906772e-01  2.06042913e-01  1.00313038e-01  8.29745529e-02  2.77990087e+05 
 3.38568740e+14  9.23116815e+33  1.40721000e+01  4.37163602e-01  1.03316000e+01  4.15504883e-01  2.06468054e-01  9.97701543e-02  8.32502566e-02  2.73230102e+05 
 3.40348556e+14  9.29902177e+33  1.40651000e+01  4.38693784e-01  1.03386000e+01  4.17091371e-01  2.06858398e-01  9.92051173e-02  8.34923364e-02  2.68609712e+05 
 3.42128371e+14  9.36711969e+33  1.40571000e+01  4.40210405e-01  1.03446000e+01  4.18624476e-01  2.07273401e-01  9.88170105e-02  8.37602403e-02  2.64109151e+05 
 3.43908186e+14  9.43524909e+33  1.40501000e+01  4.41708970e-01  1.03506000e+01  4.20146245e-01  2.07653681e-01  9.84072539e-02  8.39944582e-02  2.59737704e+05 
 3.45688002e+14  9.50361838e+33  1.40421000e+01  4.43194335e-01  1.03576000e+01  4.21706709e-01  2.08058924e-01  9.77834223e-02  8.42548267e-02  2.55477391e+05 
 3.47467817e+14  9.57202153e+33  1.40351000e+01  4.44662265e-01  1.03636000e+01  4.23210204e-01  2.08429514e-01  9.73346876e-02  8.44814519e-02  2.51336710e+05 
 3.49247633e+14  9.64066047e+33  1.40271000e+01  4.46117352e-01  1.03696000e+01  4.24706514e-01  2.08825364e-01  9.68680460e-02  8.47345480e-02  2.47299243e+05 
 3.51027448e+14  9.70933537e+33  1.40201000e+01  4.47555584e-01  1.03756000e+01  4.26192211e-01  2.09186619e-01  9.63818841e-02  8.49538402e-02  2.43372807e+05 
 3.52807263e+14  9.77824224e+33  1.40131000e+01  4.48981322e-01  1.03806000e+01  4.27624617e-01  2.09543514e-01  9.60728504e-02  8.51695228e-02  2.39542362e+05 
 3.54587079e+14  9.84718694e+33  1.40061000e+01  4.50390763e-01  1.03866000e+01  4.29092984e-01  2.09895717e-01  9.55507251e-02  8.53816493e-02  2.35815125e+05 
 3.56366894e+14  9.91636006e+33  1.39981000e+01  4.51788044e-01  1.03926000e+01  4.30554491e-01  2.10273753e-01  9.50123244e-02  8.56208609e-02  2.32177303e+05 
 3.58146710e+14  9.98557263e+33  1.39911000e+01  4.53169560e-01  1.03976000e+01  4.31959628e-01  2.10617305e-01  9.46496414e-02  8.58261667e-02  2.28635546e+05 
 3.59926525e+14  1.00550103e+34  1.39841000e+01  4.54539238e-01  1.04026000e+01  4.33357977e-01  2.10956789e-01  9.42708397e-02  8.60280905e-02  2.25177177e+05 
 3.61706341e+14  1.01244889e+34  1.39771000e+01  4.55893647e-01  1.04076000e+01  4.34746565e-01  2.11291944e-01  9.38747253e-02  8.62267291e-02  2.21808382e+05 
 3.63486156e+14  1.01941896e+34  1.39701000e+01  4.57236537e-01  1.04126000e+01  4.36128539e-01  2.11623171e-01  9.34631734e-02  8.64220979e-02  2.18517450e+05 
 3.65265971e+14  1.02639322e+34  1.39631000e+01  4.58564635e-01  1.04176000e+01  4.37501037e-01  2.11950240e-01  9.30351337e-02  8.66143123e-02  2.15310143e+05 
 3.67045787e+14  1.03338943e+34  1.39561000e+01  4.59881529e-01  1.04226000e+01  4.38867076e-01  2.12273520e-01  9.25923503e-02  8.68033674e-02  2.12175623e+05 
 3.68825602e+14  1.04038992e+34  1.39501000e+01  4.61184080e-01  1.04276000e+01  4.40223899e-01  2.12562322e-01  9.21338563e-02  8.69582162e-02  2.09119278e+05 
 3.70605418e+14  1.04741210e+34  1.39431000e+01  4.62475724e-01  1.04316000e+01  4.41527692e-01  2.12877884e-01  9.18528616e-02  8.71411053e-02  2.06131067e+05 
 3.72385233e+14  1.05443864e+34  1.39361000e+01  4.63753450e-01  1.04366000e+01  4.42869203e-01  2.13189607e-01  9.13650615e-02  8.73210868e-02  2.03216053e+05 
 3.74165048e+14  1.06148664e+34  1.39291000e+01  4.65020568e-01  1.04406000e+01  4.44157759e-01  2.13497797e-01  9.10548632e-02  8.74981185e-02  2.00364864e+05 
 3.75944864e+14  1.06853905e+34  1.39231000e+01  4.66274175e-01  1.04446000e+01  4.45437496e-01  2.13771582e-01  9.07299462e-02  8.76408770e-02  1.97582281e+05 
 3.77724679e+14  1.07561272e+34  1.39161000e+01  4.67517462e-01  1.04496000e+01  4.46758041e-01  2.14072615e-01  9.02010086e-02  8.78121943e-02  1.94859567e+05 
 3.79504495e+14  1.08269083e+34  1.39091000e+01  4.68747625e-01  1.04536000e+01  4.48023162e-01  2.14370099e-01  8.98488591e-02  8.79808327e-02  1.92201243e+05 
 3.81284310e+14  1.08979001e+34  1.39031000e+01  4.69967741e-01  1.04576000e+01  4.49282342e-01  2.14633410e-01  8.94838923e-02  8.81150229e-02  1.89599124e+05 
 3.83064125e+14  1.09689364e+34  1.38961000e+01  4.71175108e-01  1.04616000e+01  4.50533153e-01  2.14924136e-01  8.91055169e-02  8.82782697e-02  1.87057511e+05 
 3.84843941e+14  1.10401819e+34  1.38901000e+01  4.72372698e-01  1.04646000e+01  4.51731143e-01  2.15180696e-01  8.89045871e-02  8.84070286e-02  1.84568717e+05 
 3.86623756e+14  1.11114717e+34  1.38831000e+01  4.73557889e-01  1.04686000e+01  4.52967976e-01  2.15464910e-01  8.85008290e-02  8.85650861e-02  1.82136845e+05 
 3.88403572e+14  1.11829694e+34  1.38771000e+01  4.74733568e-01  1.04726000e+01  4.54199135e-01  2.15714964e-01  8.80853828e-02  8.86886191e-02  1.79754659e+05 
 3.90183387e+14  1.12545111e+34  1.38701000e+01  4.75897185e-01  1.04756000e+01  4.55375197e-01  2.15992905e-01  8.78467723e-02  8.88416876e-02  1.77426081e+05 
 3.91963203e+14  1.13262596e+34  1.38641000e+01  4.77051549e-01  1.04796000e+01  4.56592844e-01  2.16236688e-01  8.74075618e-02  8.89601914e-02  1.75144276e+05 
 3.93743018e+14  1.13980515e+34  1.38581000e+01  4.78194167e-01  1.04826000e+01  4.57755503e-01  2.16477336e-01  8.71453213e-02  8.90763120e-02  1.72913018e+05 
 3.95522833e+14  1.14700492e+34  1.38511000e+01  4.79327783e-01  1.04866000e+01  4.58959922e-01  2.16746325e-01  8.66835072e-02  8.92221272e-02  1.70725842e+05 
 3.97302649e+14  1.15420897e+34  1.38451000e+01  4.80449956e-01  1.04896000e+01  4.60109498e-01  2.16981044e-01  8.63986052e-02  8.93335077e-02  1.68586370e+05 
 3.99082464e+14  1.16143354e+34  1.38391000e+01  4.81563376e-01  1.04926000e+01  4.61253754e-01  2.17212910e-01  8.61030058e-02  8.94424678e-02  1.66488460e+05 
 4.00862280e+14  1.16866229e+34  1.38321000e+01  4.82665650e-01  1.04956000e+01  4.62390493e-01  2.17473318e-01  8.57963438e-02  8.95816204e-02  1.64435632e+05 
 4.02642095e+14  1.17591151e+34  1.38261000e+01  4.83759400e-01  1.04986000e+01  4.63522046e-01  2.17699566e-01  8.54793586e-02  8.96861071e-02  1.62422030e+05 
 4.04421910e+14  1.18316480e+34  1.38201000e+01  4.84842283e-01  1.05016000e+01  4.64646245e-01  2.17923021e-01  8.51517455e-02  8.97885022e-02  1.60451062e+05 
 4.06201726e+14  1.19043854e+34  1.38141000e+01  4.85916876e-01  1.05046000e+01  4.65765385e-01  2.18143809e-01  8.48142565e-02  8.98886376e-02  1.58517146e+05 
 4.07981541e+14  1.19771622e+34  1.38071000e+01  4.86980869e-01  1.05066000e+01  4.66829907e-01  2.18393545e-01  8.46536511e-02  9.00193690e-02  1.56623597e+05 
 4.09761357e+14  1.20501433e+34  1.38011000e+01  4.88036798e-01  1.05096000e+01  4.67936891e-01  2.18609113e-01  8.42963063e-02  9.01153728e-02  1.54765064e+05 
 4.11541172e+14  1.21231625e+34  1.37951000e+01  4.89082383e-01  1.05126000e+01  4.69036808e-01  2.18822096e-01  8.39292465e-02  9.02094653e-02  1.52944779e+05 
 4.13320988e+14  1.21963860e+34  1.37891000e+01  4.90120122e-01  1.05146000e+01  4.70084431e-01  2.19032586e-01  8.37395269e-02  9.03014499e-02  1.51157619e+05 
 4.15100803e+14  1.22696460e+34  1.37831000e+01  4.91147757e-01  1.05176000e+01  4.71172585e-01  2.19240587e-01  8.33538593e-02  9.03916077e-02  1.49406743e+05 
 4.16880618e+14  1.23431107e+34  1.37771000e+01  4.92167763e-01  1.05196000e+01  4.72208521e-01  2.19446178e-01  8.31455136e-02  9.04797295e-02  1.47687217e+05 
 4.18660434e+14  1.24166101e+34  1.37711000e+01  4.93177901e-01  1.05226000e+01  4.73285155e-01  2.19649377e-01  8.27420425e-02  9.05661098e-02  1.46002138e+05 
 4.20440249e+14  1.24903147e+34  1.37651000e+01  4.94180621e-01  1.05246000e+01  4.74309659e-01  2.19850247e-01  8.25158307e-02  9.06505236e-02  1.44346746e+05 
 4.22220065e+14  1.25640520e+34  1.37591000e+01  4.95173695e-01  1.05266000e+01  4.75327439e-01  2.20048815e-01  8.22807300e-02  9.07332765e-02  1.42724090e+05 
 4.23999880e+14  1.26379950e+34  1.37531000e+01  4.96159552e-01  1.05286000e+01  4.76340717e-01  2.20245129e-01  8.20372258e-02  9.08141276e-02  1.41129568e+05 
 4.25779695e+14  1.27119688e+34  1.37471000e+01  4.97135977e-01  1.05306000e+01  4.77347388e-01  2.20439228e-01  8.17852024e-02  9.08933960e-02  1.39566184e+05 
 4.27559511e+14  1.27861492e+34  1.37411000e+01  4.98105394e-01  1.05326000e+01  4.78349685e-01  2.20631153e-01  8.15250958e-02  9.09708301e-02  1.38029467e+05 
 4.29339326e+14  1.28603580e+34  1.37351000e+01  4.99065569e-01  1.05346000e+01  4.79345481e-01  2.20820940e-01  8.12567984e-02  9.10467520e-02  1.36522402e+05 
 4.31119142e+14  1.29347744e+34  1.37291000e+01  5.00018933e-01  1.05366000e+01  4.80337018e-01  2.21008623e-01  8.09807280e-02  9.11209005e-02  1.35040637e+05 
 4.32898957e+14  1.30092168e+34  1.37231000e+01  5.00963262e-01  1.05386000e+01  4.81322164e-01  2.21194256e-01  8.06968291e-02  9.11936154e-02  1.33587113e+05 
 4.34678772e+14  1.30838680e+34  1.37171000e+01  5.01900964e-01  1.05406000e+01  4.82303160e-01  2.21377852e-01  8.04054435e-02  9.12646127e-02  1.32157607e+05 
 4.36458588e+14  1.31585427e+34  1.37111000e+01  5.02829816e-01  1.05426000e+01  4.83277863e-01  2.21559474e-01  8.01065534e-02  9.13342467e-02  1.30755033e+05 
 4.38238403e+14  1.32334275e+34  1.37051000e+01  5.03752231e-01  1.05446000e+01  4.84248515e-01  2.21739126e-01  7.98005140e-02  9.14022211e-02  1.29375267e+05 
 4.40018219e+14  1.33083330e+34  1.36991000e+01  5.04665975e-01  1.05456000e+01  4.85165220e-01  2.21916881e-01  7.96709650e-02  9.14689016e-02  1.28021202e+05 
 4.41798034e+14  1.33834502e+34  1.36941000e+01  5.05573457e-01  1.05476000e+01  4.86125741e-01  2.22060286e-01  7.93505537e-02  9.15005530e-02  1.26688807e+05 
 4.43577850e+14  1.34585853e+34  1.36881000e+01  5.06472442e-01  1.05486000e+01  4.87032348e-01  2.22234268e-01  7.92067295e-02  9.15643611e-02  1.25380962e+05 
 4.45357665e+14  1.35339337e+34  1.36821000e+01  5.07365350e-01  1.05506000e+01  4.87982922e-01  2.22406403e-01  7.88726335e-02  9.16266130e-02  1.24093717e+05 
 4.47137480e+14  1.36092970e+34  1.36761000e+01  5.08249921e-01  1.05516000e+01  4.88879645e-01  2.22576785e-01  7.87150268e-02  9.16877043e-02  1.22829934e+05 
 4.48917296e+14  1.36848754e+34  1.36701000e+01  5.09128594e-01  1.05536000e+01  4.89820466e-01  2.22745381e-01  7.83677578e-02  9.17472906e-02  1.21585740e+05 
 4.50697111e+14  1.37604656e+34  1.36651000e+01  5.09999089e-01  1.05546000e+01  4.90707493e-01  2.22879665e-01  7.81969210e-02  9.17721921e-02  1.20363984e+05 
 4.52476927e+14  1.38362728e+34  1.36591000e+01  5.10863838e-01  1.05556000e+01  4.91590878e-01  2.23044799e-01  7.80195591e-02  9.18291802e-02  1.19160879e+05 
 4.54256742e+14  1.39120886e+34  1.36531000e+01  5.11720574e-01  1.05576000e+01  4.92516252e-01  2.23208322e-01  7.76534174e-02  9.18851397e-02  1.17979248e+05 
 4.56036557e+14  1.39881236e+34  1.36471000e+01  5.12571736e-01  1.05586000e+01  4.93390223e-01  2.23370163e-01  7.74636113e-02  9.19396822e-02  1.16815365e+05 
 4.57816373e+14  1.40641637e+34  1.36421000e+01  5.13415018e-01  1.05596000e+01  4.94258390e-01  2.23497678e-01  7.72676339e-02  9.19595352e-02  1.15672054e+05 
 4.59596188e+14  1.41404252e+34  1.36361000e+01  5.14252900e-01  1.05606000e+01  4.95123125e-01  2.23656303e-01  7.70656402e-02  9.20116977e-02  1.14545640e+05 
 4.61376004e+14  1.42166885e+34  1.36301000e+01  5.15083037e-01  1.05616000e+01  4.95982115e-01  2.23813436e-01  7.68577776e-02  9.20629430e-02  1.13438952e+05 
 4.63155819e+14  1.42931754e+34  1.36251000e+01  5.15907921e-01  1.05626000e+01  4.96837768e-01  2.23936109e-01  7.66440623e-02  9.20790535e-02  1.12348360e+05 
 4.64935634e+14  1.43696624e+34  1.36191000e+01  5.16725229e-01  1.05636000e+01  4.97687772e-01  2.24090198e-01  7.64247537e-02  9.21280733e-02  1.11276660e+05 
 4.66715450e+14  1.44463718e+34  1.36131000e+01  5.17537398e-01  1.05646000e+01  4.98534499e-01  2.24242756e-01  7.61998111e-02  9.21758053e-02  1.10220354e+05 
 4.68495265e+14  1.45230832e+34  1.36081000e+01  5.18342179e-01  1.05656000e+01  4.99375701e-01  2.24360960e-01  7.59694692e-02  9.21888404e-02  1.09182100e+05 
 4.70275081e+14  1.46000121e+34  1.36021000e+01  5.19141883e-01  1.05666000e+01  5.00213636e-01  2.24510624e-01  7.57337021e-02  9.22344858e-02  1.08158632e+05 
 4.72054896e+14  1.46769467e+34  1.35961000e+01  5.19934402e-01  1.05676000e+01  5.01046184e-01  2.24658969e-01  7.54927761e-02  9.22793559e-02  1.07152403e+05 
 4.73834712e+14  1.47540939e+34  1.35911000e+01  5.20721937e-01  1.05686000e+01  5.01875494e-01  2.24772803e-01  7.52466229e-02  9.22890844e-02  1.06160361e+05 
 4.75614527e+14  1.48312507e+34  1.35851000e+01  5.21502467e-01  1.05696000e+01  5.02699550e-01  2.24918408e-01  7.49954817e-02  9.23319969e-02  1.05184797e+05 
 4.77394342e+14  1.49086150e+34  1.35801000e+01  5.22278065e-01  1.05696000e+01  5.03472408e-01  2.25029478e-01  7.49196910e-02  9.23397649e-02  1.04222876e+05 
 4.79174158e+14  1.49859929e+34  1.35741000e+01  5.23046864e-01  1.05706000e+01  5.04288119e-01  2.25172439e-01  7.46585727e-02  9.23808056e-02  1.03276695e+05 
 4.80953973e+14  1.50635732e+34  1.35691000e+01  5.23810811e-01  1.05716000e+01  5.05100612e-01  2.25280855e-01  7.43926332e-02  9.23867136e-02  1.02343632e+05 
 4.82733789e+14  1.51411712e+34  1.35631000e+01  5.24568124e-01  1.05716000e+01  5.05860126e-01  2.25421260e-01  7.43020647e-02  9.24259602e-02  1.01425623e+05 
 4.84513604e+14  1.52189663e+34  1.35571000e+01  5.25320651e-01  1.05726000e+01  5.06664439e-01  2.25560381e-01  7.40266796e-02  9.24641779e-02  1.00520241e+05 
 4.86293419e+14  1.52967833e+34  1.35521000e+01  5.26066741e-01  1.05726000e+01  5.07415873e-01  2.25665053e-01  7.39266488e-02  9.24676226e-02  9.96292432e+04 
 4.88073235e+14  1.53747920e+34  1.35461000e+01  5.26808085e-01  1.05736000e+01  5.08212144e-01  2.25801752e-01  7.36421500e-02  9.25041734e-02  9.87504160e+04 
 4.89853050e+14  1.54528270e+34  1.35411000e+01  5.27543186e-01  1.05736000e+01  5.08955646e-01  2.25903989e-01  7.35329830e-02  9.25059450e-02  9.78853417e+04 
 4.91632866e+14  1.55310482e+34  1.35361000e+01  5.28273594e-01  1.05746000e+01  5.09744007e-01  2.26004957e-01  7.32397502e-02  9.25067291e-02  9.70319955e+04 
 4.93412681e+14  1.56093002e+34  1.35301000e+01  5.28997927e-01  1.05746000e+01  5.10479718e-01  2.26138239e-01  7.31217464e-02  9.25410790e-02  9.61918148e+04 
 4.95192497e+14  1.56877328e+34  1.35251000e+01  5.29717615e-01  1.05756000e+01  5.11260281e-01  2.26236891e-01  7.28201581e-02  9.25403051e-02  9.53629455e+04 
 4.96972312e+14  1.57662008e+34  1.35191000e+01  5.30431411e-01  1.05756000e+01  5.11988349e-01  2.26367963e-01  7.26935900e-02  9.25731666e-02  9.45466687e+04 
 4.98752127e+14  1.58448437e+34  1.35141000e+01  5.31140617e-01  1.05756000e+01  5.12713226e-01  2.26464388e-01  7.25627554e-02  9.25709132e-02  9.37413062e+04 
 5.00531943e+14  1.59235267e+34  1.35081000e+01  5.31844080e-01  1.05766000e+01  5.13481778e-01  2.26593320e-01  7.22492143e-02  9.26023505e-02  9.29480063e+04 
 5.02311758e+14  1.60023788e+34  1.35031000e+01  5.32543009e-01  1.05766000e+01  5.14199147e-01  2.26687590e-01  7.21102581e-02  9.25986803e-02  9.21652398e+04 
 5.04091574e+14  1.60812758e+34  1.34971000e+01  5.33236370e-01  1.05766000e+01  5.14912257e-01  2.26814468e-01  7.19675107e-02  9.26287677e-02  9.13940194e+04 
 5.05871389e+14  1.61603360e+34  1.34921000e+01  5.33925234e-01  1.05766000e+01  5.15622206e-01  2.26906659e-01  7.18207313e-02  9.26237496e-02  9.06329803e+04 
 5.07651204e+14  1.62394460e+34  1.34871000e+01  5.34608685e-01  1.05776000e+01  5.16376068e-01  2.26997880e-01  7.14920740e-02  9.26181987e-02  8.98829979e+04 
 5.09431020e+14  1.63187133e+34  1.34811000e+01  5.35287687e-01  1.05776000e+01  5.17078747e-01  2.27121733e-01  7.13377987e-02  9.26462412e-02  8.91428604e+04 
 5.11210835e+14  1.63980354e+34  1.34761000e+01  5.35961422e-01  1.05776000e+01  5.17777401e-01  2.27210973e-01  7.11799145e-02  9.26394206e-02  8.84133166e+04 
 5.12990651e+14  1.64775087e+34  1.34711000e+01  5.36630769e-01  1.05776000e+01  5.18472914e-01  2.27299198e-01  7.10183361e-02  9.26318878e-02  8.76932861e+04 
 5.14770466e+14  1.65570419e+34  1.34651000e+01  5.37295000e-01  1.05776000e+01  5.19164517e-01  2.27420290e-01  7.08532987e-02  9.26582580e-02  8.69834105e+04 
 5.16550281e+14  1.66367202e+34  1.34601000e+01  5.37954876e-01  1.05776000e+01  5.19852979e-01  2.27506646e-01  7.06846661e-02  9.26495619e-02  8.62827428e+04 
 5.18330097e+14  1.67164635e+34  1.34551000e+01  5.38609785e-01  1.05776000e+01  5.20537643e-01  2.27592118e-01  7.05126800e-02  9.26403844e-02  8.55918045e+04 
 5.20109912e+14  1.67963458e+34  1.34491000e+01  5.39260366e-01  1.05776000e+01  5.21219164e-01  2.27710501e-01  7.03372371e-02  9.26650125e-02  8.49097913e+04 
 5.21889728e+14  1.68762984e+34  1.34441000e+01  5.39906147e-01  1.05776000e+01  5.21897007e-01  2.27794202e-01  7.01585791e-02  9.26547493e-02  8.42370938e+04 
 5.23669543e+14  1.69563835e+34  1.34391000e+01  5.40547632e-01  1.05776000e+01  5.22571703e-01  2.27876986e-01  6.99765760e-02  9.26438845e-02  8.35730431e+04 
 5.25449359e+14  1.70365444e+34  1.34341000e+01  5.41184443e-01  1.05776000e+01  5.23242820e-01  2.27958941e-01  6.97914551e-02  9.26325706e-02  8.29179319e+04 
 5.27229174e+14  1.71168315e+34  1.34281000e+01  5.41817008e-01  1.05776000e+01  5.23910796e-01  2.28073992e-01  6.96031593e-02  9.26551967e-02  8.22711992e+04 
 5.29008989e+14  1.71971998e+34  1.34231000e+01  5.42445039e-01  1.05766000e+01  5.24527264e-01  2.28154295e-01  6.95884864e-02  9.26429012e-02  8.16330353e+04 
 5.30788805e+14  1.72776878e+34  1.34181000e+01  5.43068862e-01  1.05766000e+01  5.25188638e-01  2.28233761e-01  6.93939523e-02  9.26300898e-02  8.10029947e+04 
 5.32568620e+14  1.73582627e+34  1.34131000e+01  5.43688274e-01  1.05766000e+01  5.25846636e-01  2.28312441e-01  6.91964978e-02  9.26168507e-02  8.03811787e+04 
 5.34348436e+14  1.74389506e+34  1.34071000e+01  5.44303519e-01  1.05766000e+01  5.26501496e-01  2.28424397e-01  6.89961314e-02  9.26376804e-02  7.97672438e+04 
 5.36128251e+14  1.75197311e+34  1.34021000e+01  5.44914479e-01  1.05766000e+01  5.27153076e-01  2.28501536e-01  6.87929150e-02  9.26235550e-02  7.91611979e+04 
 5.37908066e+14  1.76006180e+34  1.33971000e+01  5.45521306e-01  1.05756000e+01  5.27753501e-01  2.28577910e-01  6.87629236e-02  9.26089935e-02  7.85628000e+04 
 5.39687882e+14  1.76816032e+34  1.33921000e+01  5.46123986e-01  1.05756000e+01  5.28398783e-01  2.28653542e-01  6.85540139e-02  9.25940264e-02  7.79719704e+04 
 5.41467697e+14  1.77626881e+34  1.33861000e+01  5.46722558e-01  1.05756000e+01  5.29040916e-01  2.28762621e-01  6.83424315e-02  9.26132456e-02  7.73885735e+04 
 5.43247513e+14  1.78438772e+34  1.33811000e+01  5.47317104e-01  1.05746000e+01  5.29631953e-01  2.28836819e-01  6.83039087e-02  9.25974837e-02  7.68124374e+04 
 5.45027328e+14  1.79251591e+34  1.33761000e+01  5.47907576e-01  1.05746000e+01  5.30267887e-01  2.28910318e-01  6.80868872e-02  9.25813588e-02  7.62435197e+04 
 5.46807143e+14  1.80065512e+34  1.33711000e+01  5.48494143e-01  1.05746000e+01  5.30900823e-01  2.28983109e-01  6.78673440e-02  9.25648406e-02  7.56815730e+04 
 5.48586959e+14  1.80880293e+34  1.33661000e+01  5.49076666e-01  1.05736000e+01  5.31482614e-01  2.29055235e-01  6.78206837e-02  9.25479952e-02  7.51266437e+04 
 5.50366774e+14  1.81696235e+34  1.33611000e+01  5.49655408e-01  1.05736000e+01  5.32109537e-01  2.29126673e-01  6.75960073e-02  9.25307652e-02  7.45784027e+04 
 5.52146590e+14  1.82512968e+34  1.33561000e+01  5.50230140e-01  1.05726000e+01  5.32685293e-01  2.29197479e-01  6.75442120e-02  9.25132467e-02  7.40369864e+04 
 5.53926405e+14  1.83330923e+34  1.33501000e+01  5.50801203e-01  1.05726000e+01  5.33306294e-01  2.29301963e-01  6.73145924e-02  9.25299951e-02  7.35019927e+04 
 5.55706221e+14  1.84149598e+34  1.33451000e+01  5.51368276e-01  1.05716000e+01  5.33876113e-01  2.29371515e-01  6.72577737e-02  9.25118440e-02  7.29736398e+04 
 5.57486036e+14  1.84969557e+34  1.33401000e+01  5.51931802e-01  1.05716000e+01  5.34491270e-01  2.29440411e-01  6.70233924e-02  9.24933178e-02  7.24514481e+04 
 5.59265851e+14  1.85790167e+34  1.33351000e+01  5.52491350e-01  1.05706000e+01  5.35055239e-01  2.29508728e-01  6.69617101e-02  9.24745638e-02  7.19357273e+04 
 5.61045667e+14  1.86612122e+34  1.33301000e+01  5.53047476e-01  1.05706000e+01  5.35664635e-01  2.29576409e-01  6.67227573e-02  9.24554434e-02  7.14259178e+04 
 5.62825482e+14  1.87434656e+34  1.33251000e+01  5.53599660e-01  1.05696000e+01  5.36222855e-01  2.29643548e-01  6.66564049e-02  9.24361347e-02  7.09224072e+04 
 5.64605298e+14  1.88258599e+34  1.33201000e+01  5.54148507e-01  1.05696000e+01  5.36826562e-01  2.29710051e-01  6.64130421e-02  9.24164513e-02  7.04245787e+04 
 5.66385113e+14  1.89083049e+34  1.33151000e+01  5.54693452e-01  1.05686000e+01  5.37379120e-01  2.29776050e-01  6.63421419e-02  9.23966196e-02  6.99328825e+04 
 5.68164928e+14  1.89908972e+34  1.33101000e+01  5.55235165e-01  1.05686000e+01  5.37977219e-01  2.29841425e-01  6.60945771e-02  9.23764154e-02  6.94466433e+04 
 5.69944744e+14  1.90735328e+34  1.33051000e+01  5.55772995e-01  1.05676000e+01  5.38524202e-01  2.29906322e-01  6.60192505e-02  9.23560925e-02  6.89663816e+04 
 5.71724559e+14  1.91563223e+34  1.33001000e+01  5.56307704e-01  1.05666000e+01  5.39068823e-01  2.29970611e-01  6.59416678e-02  9.23354026e-02  6.84913594e+04 
 5.73504375e+14  1.92391478e+34  1.32951000e+01  5.56838558e-01  1.05666000e+01  5.39658251e-01  2.30034453e-01  6.56881171e-02  9.23146276e-02  6.80221637e+04 
 5.75284190e+14  1.93221337e+34  1.32901000e+01  5.57366387e-01  1.05656000e+01  5.40197465e-01  2.30097694e-01  6.56063216e-02  9.22934831e-02  6.75580008e+04 
 5.77064005e+14  1.94051480e+34  1.32851000e+01  5.57890375e-01  1.05646000e+01  5.40733494e-01  2.30160515e-01  6.55227035e-02  9.22722839e-02  6.70995246e+04 
 5.78843821e+14  1.94883295e+34  1.32801000e+01  5.58411444e-01  1.05646000e+01  5.41315298e-01  2.30222746e-01  6.52631543e-02  9.22507155e-02  6.66458788e+04 
 5.80623636e+14  1.95715320e+34  1.32751000e+01  5.58928691e-01  1.05636000e+01  5.41845990e-01  2.30284584e-01  6.51755480e-02  9.22291226e-02  6.61977832e+04 
 5.82403452e+14  1.96549083e+34  1.32701000e+01  5.59443129e-01  1.05626000e+01  5.42374587e-01  2.30345848e-01  6.50858194e-02  9.22071677e-02  6.57543242e+04 
 5.84183267e+14  1.97382980e+34  1.32651000e+01  5.59953754e-01  1.05616000e+01  5.42899996e-01  2.30406741e-01  6.49943646e-02  9.21852128e-02  6.53162859e+04 
 5.85963083e+14  1.98218683e+34  1.32601000e+01  5.60461666e-01  1.05616000e+01  5.43471318e-01  2.30467068e-01  6.47275162e-02  9.21628932e-02  6.48826993e+04 
 5.87742898e+14  1.99054444e+34  1.32551000e+01  5.60965802e-01  1.05606000e+01  5.43991540e-01  2.30527061e-01  6.46324157e-02  9.21406137e-02  6.44544031e+04 
 5.89522713e+14  1.99892080e+34  1.32501000e+01  5.61467292e-01  1.05596000e+01  5.44509819e-01  2.30586482e-01  6.45352142e-02  9.21179558e-02  6.40303892e+04 
 5.91302529e+14  2.00729716e+34  1.32451000e+01  5.61965052e-01  1.05586000e+01  5.45024922e-01  2.30645600e-01  6.44365318e-02  9.20953698e-02  6.36115302e+04 
 5.93082344e+14  2.01569258e+34  1.32401000e+01  5.62460234e-01  1.05576000e+01  5.45538152e-01  2.30704158e-01  6.43357321e-02  9.20724102e-02  6.31968021e+04 
 5.94862160e+14  2.02408819e+34  1.32351000e+01  5.62951757e-01  1.05566000e+01  5.46048261e-01  2.30762426e-01  6.42335047e-02  9.20495283e-02  6.27870655e+04 
 5.96641975e+14  2.03250201e+34  1.32301000e+01  5.63440707e-01  1.05566000e+01  5.46604327e-01  2.30820164e-01  6.39566347e-02  9.20263094e-02  6.23813713e+04 
 5.98421790e+14  2.04091679e+34  1.32251000e+01  5.63926112e-01  1.05556000e+01  5.47109499e-01  2.30877620e-01  6.38511405e-02  9.20031643e-02  6.19804814e+04 
 6.00201606e+14  2.04934893e+34  1.32201000e+01  5.64408933e-01  1.05546000e+01  5.47612736e-01  2.30934568e-01  6.37437301e-02  9.19797101e-02  6.15835505e+04 
 6.01981421e+14  2.05778282e+34  1.32161000e+01  5.64888306e-01  1.05536000e+01  5.48113041e-01  2.30956275e-01  6.36349269e-02  9.19215310e-02  6.11912448e+04 
 6.03761237e+14  2.06623319e+34  1.32111000e+01  5.65365104e-01  1.05526000e+01  5.48611390e-01  2.31012444e-01  6.35243308e-02  9.18978626e-02  6.08028159e+04 
 6.05541052e+14  2.07468610e+34  1.32061000e+01  5.65838560e-01  1.05516000e+01  5.49106900e-01  2.31068336e-01  6.34123896e-02  9.18742493e-02  6.04188412e+04 
 6.07320868e+14  2.08315464e+34  1.32011000e+01  5.66309439e-01  1.05506000e+01  5.49600433e-01  2.31123778e-01  6.32987019e-02  9.18503951e-02  6.00386629e+04 
 6.09100683e+14  2.09162651e+34  1.31961000e+01  5.66777083e-01  1.05496000e+01  5.50091218e-01  2.31178950e-01  6.31837167e-02  9.18265911e-02  5.96627717e+04 
 6.10880498e+14  2.10011313e+34  1.31911000e+01  5.67242133e-01  1.05486000e+01  5.50579991e-01  2.31233690e-01  6.30670497e-02  9.18025702e-02  5.92906045e+04 
 6.12660314e+14  2.10860387e+34  1.31861000e+01  5.67704051e-01  1.05476000e+01  5.51066108e-01  2.31288166e-01  6.29491215e-02  9.17785933e-02  5.89225638e+04 
 6.14440129e+14  2.11710850e+34  1.31821000e+01  5.68163391e-01  1.05466000e+01  5.51550195e-01  2.31307143e-01  6.28296048e-02  9.17196388e-02  5.85581689e+04 
 6.16219945e+14  2.12561805e+34  1.31771000e+01  5.68619673e-01  1.05456000e+01  5.52031702e-01  2.31360925e-01  6.27088268e-02  9.16955037e-02  5.81977536e+04 
 6.17999760e+14  2.13414060e+34  1.31721000e+01  5.69073381e-01  1.05446000e+01  5.52511157e-01  2.31414340e-01  6.25865645e-02  9.16712240e-02  5.78409142e+04 
 6.19779575e+14  2.14266890e+34  1.31671000e+01  5.69524139e-01  1.05436000e+01  5.52988124e-01  2.31467489e-01  6.24630710e-02  9.16469655e-02  5.74879017e+04 
 6.21559391e+14  2.15120930e+34  1.31621000e+01  5.69972307e-01  1.05426000e+01  5.53463010e-01  2.31520287e-01  6.23381461e-02  9.16225857e-02  5.71384001e+04 
 6.23339206e+14  2.15975626e+34  1.31581000e+01  5.70417621e-01  1.05416000e+01  5.53935493e-01  2.31537621e-01  6.22119898e-02  9.15634137e-02  5.67925808e+04 
 6.25119022e+14  2.16831444e+34  1.31531000e+01  5.70860350e-01  1.05406000e+01  5.54405873e-01  2.31589814e-01  6.20845148e-02  9.15389545e-02  5.64502071e+04 
 6.26898837e+14  2.17687999e+34  1.31481000e+01  5.71300316e-01  1.05396000e+01  5.54873933e-01  2.31641743e-01  6.19558479e-02  9.15144971e-02  5.61113799e+04 
 6.28678652e+14  2.18545588e+34  1.31431000e+01  5.71737689e-01  1.05386000e+01  5.55339867e-01  2.31693374e-01  6.18258921e-02  9.14899783e-02  5.57759346e+04 
 6.30458468e+14  2.19403996e+34  1.31381000e+01  5.72172390e-01  1.05376000e+01  5.55803563e-01  2.31744742e-01  6.16947628e-02  9.14654521e-02  5.54439030e+04 
 6.32238283e+14  2.20263347e+34  1.31341000e+01  5.72604506e-01  1.05366000e+01  5.56265111e-01  2.31760541e-01  6.15624294e-02  9.14060900e-02  5.51151888e+04 
 6.34018099e+14  2.21123601e+34  1.31291000e+01  5.73034021e-01  1.05356000e+01  5.56724494e-01  2.31811348e-01  6.14289323e-02  9.13815066e-02  5.47897655e+04 
 6.35797914e+14  2.21984707e+34  1.31241000e+01  5.73460947e-01  1.05336000e+01  5.57134049e-01  2.31861909e-01  6.14649604e-02  9.13569233e-02  5.44676025e+04 
 6.37577730e+14  2.22846801e+34  1.31201000e+01  5.73885378e-01  1.05326000e+01  5.57589203e-01  2.31876855e-01  6.13290730e-02  9.12975090e-02  5.41486005e+04 
 6.39357545e+14  2.23709655e+34  1.31151000e+01  5.74307194e-01  1.05316000e+01  5.58042149e-01  2.31926899e-01  6.11921206e-02  9.12729116e-02  5.38328079e+04 
 6.41137360e+14  2.24573581e+34  1.31101000e+01  5.74726617e-01  1.05306000e+01  5.58493102e-01  2.31976692e-01  6.10540887e-02  9.12482848e-02  5.35200557e+04 
 6.42917176e+14  2.25438177e+34  1.31051000e+01  5.75143417e-01  1.05296000e+01  5.58941817e-01  2.32026271e-01  6.09150464e-02  9.12237001e-02  5.32104576e+04 
 6.44696991e+14  2.26303928e+34  1.31011000e+01  5.75557906e-01  1.05286000e+01  5.59388624e-01  2.32040165e-01  6.07748857e-02  9.11642712e-02  5.29037837e+04 
 6.46476807e+14  2.27170257e+34  1.30961000e+01  5.75969771e-01  1.05266000e+01  5.59785579e-01  2.32089279e-01  6.08039340e-02  9.11397118e-02  5.26002116e+04 
 6.48256622e+14  2.28037828e+34  1.30911000e+01  5.76379394e-01  1.05256000e+01  5.60228310e-01  2.32138133e-01  6.06616249e-02  9.11150946e-02  5.22994570e+04 
 6.50036437e+14  2.28905884e+34  1.30871000e+01  5.76786417e-01  1.05246000e+01  5.60668772e-01  2.32151347e-01  6.05184630e-02  9.10557879e-02  5.20017452e+04 
 6.51816253e+14  2.29775267e+34  1.30821000e+01  5.77191256e-01  1.05236000e+01  5.61107449e-01  2.32199753e-01  6.03742258e-02  9.10311972e-02  5.17067497e+04 
 6.53596068e+14  2.30645043e+34  1.30771000e+01  5.77593495e-01  1.05226000e+01  5.61543838e-01  2.32248030e-01  6.02292147e-02  9.10067438e-02  5.14147480e+04 
 6.55375884e+14  2.31516232e+34  1.30731000e+01  5.77993626e-01  1.05206000e+01  5.61930989e-01  2.32260489e-01  6.02527727e-02  9.09474033e-02  5.11253569e+04 
 6.57155699e+14  2.32387720e+34  1.30681000e+01  5.78391156e-01  1.05196000e+01  5.62363389e-01  2.32308362e-01  6.01058197e-02  9.09230186e-02  5.08389124e+04 
 6.58935514e+14  2.33260709e+34  1.30631000e+01  5.78786663e-01  1.05186000e+01  5.62794156e-01  2.32355960e-01  5.99577760e-02  9.08985335e-02  5.05549793e+04 
 6.60715330e+14  2.34133904e+34  1.30591000e+01  5.79179569e-01  1.05176000e+01  5.63222585e-01  2.32367881e-01  5.98091146e-02  9.08394504e-02  5.02739428e+04 
 6.62495145e+14  2.35008685e+34  1.30541000e+01  5.79570515e-01  1.05156000e+01  5.63601965e-01  2.32415094e-01  5.98287306e-02  9.08150358e-02  4.99953254e+04 
 6.64274961e+14  2.35883579e+34  1.30501000e+01  5.79958858e-01  1.05146000e+01  5.64026506e-01  2.32426617e-01  5.96782591e-02  9.07560566e-02  4.97195588e+04 
 6.66054776e+14  2.36760147e+34  1.30451000e+01  5.80345312e-01  1.05136000e+01  5.64449549e-01  2.32473461e-01  5.95267047e-02  9.07317254e-02  4.94461188e+04 
 6.67834592e+14  2.37636733e+34  1.30401000e+01  5.80729168e-01  1.05116000e+01  5.64822753e-01  2.32520271e-01  5.95438520e-02  9.07076411e-02  4.91754863e+04 
 6.69614407e+14  2.38515082e+34  1.30361000e+01  5.81111207e-01  1.05106000e+01  5.65242021e-01  2.32531107e-01  5.93905743e-02  9.06486345e-02  4.89070881e+04 
 6.71394222e+14  2.39393430e+34  1.30311000e+01  5.81490669e-01  1.05096000e+01  5.65658929e-01  2.32577577e-01  5.92368576e-02  9.06246533e-02  4.86414347e+04 
 6.73174038e+14  2.40273477e+34  1.30271000e+01  5.81868318e-01  1.05086000e+01  5.66074393e-01  2.32588058e-01  5.90820850e-02  9.05657786e-02  4.83779748e+04 
 6.74953853e+14  2.41153599e+34  1.30221000e+01  5.82243479e-01  1.05066000e+01  5.66440179e-01  2.32634213e-01  5.90957028e-02  9.05419175e-02  4.81171651e+04 
 6.76733669e+14  2.42035319e+34  1.30181000e+01  5.82616808e-01  1.05056000e+01  5.66851913e-01  2.32644365e-01  5.89393841e-02  9.04831962e-02  4.78585221e+04 
 6.78513484e+14  2.42917209e+34  1.30131000e+01  5.82987701e-01  1.05046000e+01  5.67261430e-01  2.32690204e-01  5.87826089e-02  9.04594510e-02  4.76024383e+04 
 6.80293299e+14  2.43800595e+34  1.30091000e+01  5.83356779e-01  1.05026000e+01  5.67622089e-01  2.32700047e-01  5.87935167e-02  9.04008964e-02  4.73484896e+04 
 6.82073115e+14  2.44684247e+34  1.30041000e+01  5.83723497e-01  1.05016000e+01  5.68027996e-01  2.32745602e-01  5.86352624e-02  9.03772925e-02  4.70970092e+04 
 6.83852930e+14  2.45569293e+34  1.29991000e+01  5.84088368e-01  1.04996000e+01  5.68385015e-01  2.32790957e-01  5.86446236e-02  9.03536530e-02  4.68476414e+04 
 6.85632746e+14  2.46454701e+34  1.29951000e+01  5.84450971e-01  1.04986000e+01  5.68787357e-01  2.32800427e-01  5.84849164e-02  9.02954511e-02  4.66006484e+04 
 6.87412561e+14  2.47341401e+34  1.29901000e+01  5.84811709e-01  1.04976000e+01  5.69188127e-01  2.32845534e-01  5.83244500e-02  9.02719877e-02  4.63557444e+04 
 6.89192376e+14  2.48228558e+34  1.29861000e+01  5.85170253e-01  1.04956000e+01  5.69539605e-01  2.32854714e-01  5.83316990e-02  9.02139514e-02  4.61131295e+04 
 6.90972192e+14  2.49116905e+34  1.29811000e+01  5.85526915e-01  1.04946000e+01  5.69936812e-01  2.32899585e-01  5.81699171e-02  9.01906720e-02  4.58725797e+04 
 6.92752007e+14  2.50005806e+34  1.29771000e+01  5.85881471e-01  1.04936000e+01  5.70332121e-01  2.32908497e-01  5.80076390e-02  9.01328167e-02  4.56342337e+04 
 6.94531823e+14  2.50895794e+34  1.29721000e+01  5.86234122e-01  1.04916000e+01  5.70678521e-01  2.32953150e-01  5.80126818e-02  9.01097324e-02  4.53979303e+04 
 6.96311638e+14  2.51786433e+34  1.29681000e+01  5.86584722e-01  1.04906000e+01  5.71070369e-01  2.32961795e-01  5.78491370e-02  9.00520552e-02  4.51637532e+04 
 6.98091454e+14  2.52678055e+34  1.29641000e+01  5.86933429e-01  1.04886000e+01  5.71413323e-01  2.32970298e-01  5.78528114e-02  8.99944591e-02  4.49315896e+04 
 6.99871269e+14  2.53570426e+34  1.29591000e+01  5.87280163e-01  1.04876000e+01  5.71801778e-01  2.33014657e-01  5.76880867e-02  8.99717039e-02  4.47014769e+04 
 7.01651084e+14  2.54463677e+34  1.29551000e+01  5.87624979e-01  1.04856000e+01  5.72141317e-01  2.33022939e-01  5.76904826e-02  8.99143294e-02  4.44733552e+04 
 7.03430900e+14  2.55357774e+34  1.29501000e+01  5.87967878e-01  1.04846000e+01  5.72526402e-01  2.33067096e-01  5.75245759e-02  8.98917664e-02  4.42472112e+04 
 7.05210715e+14  2.56252647e+34  1.29461000e+01  5.88308848e-01  1.04836000e+01  5.72909763e-01  2.33075165e-01  5.73581621e-02  8.98346172e-02  4.40230357e+04 
 7.06990531e+14  2.57148464e+34  1.29411000e+01  5.88647981e-01  1.04816000e+01  5.73244327e-01  2.33119140e-01  5.73586942e-02  8.98122605e-02  4.38007633e+04 
 7.08770346e+14  2.58044953e+34  1.29371000e+01  5.88985182e-01  1.04806000e+01  5.73624334e-01  2.33127021e-01  5.71912630e-02  8.97553549e-02  4.35804369e+04 
 7.10550161e+14  2.58942485e+34  1.29321000e+01  5.89320602e-01  1.04786000e+01  5.73955642e-01  2.33170828e-01  5.71905677e-02  8.97332120e-02  4.33619441e+04 
 7.12329977e+14  2.59840584e+34  1.29281000e+01  5.89654080e-01  1.04776000e+01  5.74332332e-01  2.33178529e-01  5.70221379e-02  8.96765535e-02  4.31453764e+04 
 7.14109792e+14  2.60739825e+34  1.29241000e+01  5.89985834e-01  1.04756000e+01  5.74660413e-01  2.33186082e-01  5.70202534e-02  8.96199477e-02  4.29305738e+04 
 7.15889608e+14  2.61639528e+34  1.29191000e+01  5.90315634e-01  1.04746000e+01  5.75033824e-01  2.33229705e-01  5.68508653e-02  8.95982213e-02  4.27176785e+04 
 7.17669423e+14  2.62540472e+34  1.29151000e+01  5.90643776e-01  1.04726000e+01  5.75358716e-01  2.33237079e-01  5.68478612e-02  8.95418496e-02  4.25064805e+04 
 7.19449239e+14  2.63441774e+34  1.29101000e+01  5.90969965e-01  1.04716000e+01  5.75728891e-01  2.33280584e-01  5.66775692e-02  8.95203821e-02  4.22971680e+04 
 7.21229054e+14  2.64344415e+34  1.29061000e+01  5.91294564e-01  1.04696000e+01  5.76050642e-01  2.33287801e-01  5.66735098e-02  8.94642598e-02  4.20894885e+04 
 7.23008869e+14  2.65247309e+34  1.29021000e+01  5.91617194e-01  1.04686000e+01  5.76417617e-01  2.33295028e-01  5.65023405e-02  8.94083982e-02  4.18836744e+04 
 7.24788685e+14  2.66151642e+34  1.28971000e+01  5.91938271e-01  1.04666000e+01  5.76736247e-01  2.33338257e-01  5.64972409e-02  8.93871778e-02  4.16794369e+04 
 7.26568500e+14  2.67056123e+34  1.28931000e+01  5.92257375e-01  1.04656000e+01  5.77100052e-01  2.33345346e-01  5.63252207e-02  8.93315857e-02  4.14770433e+04 
 7.28348316e+14  2.67962142e+34  1.28891000e+01  5.92575014e-01  1.04636000e+01  5.77415616e-01  2.33352260e-01  5.63191421e-02  8.92759826e-02  4.12761618e+04 
 7.30128131e+14  2.68868203e+34  1.28841000e+01  5.92890652e-01  1.04626000e+01  5.77776289e-01  2.33395447e-01  5.61463506e-02  8.92553141e-02  4.10771103e+04 
 7.31907946e+14  2.69775904e+34  1.28801000e+01  5.93204874e-01  1.04606000e+01  5.78088811e-01  2.33402227e-01  5.61392950e-02  8.91999700e-02  4.08795126e+04 
 7.33687762e+14  2.70683604e+34  1.28761000e+01  5.93517121e-01  1.04596000e+01  5.78446416e-01  2.33409068e-01  5.59657287e-02  8.91449451e-02  4.06837099e+04 
 7.35467577e+14  2.71592916e+34  1.28711000e+01  5.93827964e-01  1.04576000e+01  5.78755907e-01  2.33452005e-01  5.59578056e-02  8.91245125e-02  4.04893350e+04 
 7.37247393e+14  2.72502292e+34  1.28671000e+01  5.94136876e-01  1.04566000e+01  5.79110497e-01  2.33458732e-01  5.57834843e-02  8.90697572e-02  4.02967005e+04 
 7.39027208e+14  2.73413167e+34  1.28631000e+01  5.94444373e-01  1.04546000e+01  5.79416973e-01  2.33465303e-01  5.57747068e-02  8.90150075e-02  4.01054820e+04 
 7.40807023e+14  2.74324213e+34  1.28581000e+01  5.94749999e-01  1.04536000e+01  5.79768582e-01  2.33508236e-01  5.55996938e-02  8.89951410e-02  3.99159453e+04 
 7.42586839e+14  2.75236647e+34  1.28541000e+01  5.95054198e-01  1.04516000e+01  5.80072078e-01  2.33514729e-01  5.55901217e-02  8.89406964e-02  3.97278132e+04 
 7.44366654e+14  2.76149358e+34  1.28501000e+01  5.95356577e-01  1.04496000e+01  5.80373843e-01  2.33521245e-01  5.55803957e-02  8.88865074e-02  3.95413034e+04 
 7.46146470e+14  2.77063344e+34  1.28461000e+01  5.95657525e-01  1.04486000e+01  5.80721285e-01  2.33527660e-01  5.54040770e-02  8.88323854e-02  3.93561886e+04 
 7.47926285e+14  2.77977714e+34  1.28411000e+01  5.95956710e-01  1.04466000e+01  5.81020178e-01  2.33570461e-01  5.53935503e-02  8.88130712e-02  3.91726397e+04 
 7.49706101e+14  2.78893248e+34  1.28371000e+01  5.96254436e-01  1.04456000e+01  5.81364657e-01  2.33576809e-01  5.52166692e-02  8.87592580e-02  3.89904771e+04 
 7.51485916e+14  2.79809272e+34  1.28331000e+01  5.96550485e-01  1.04436000e+01  5.81660718e-01  2.33583168e-01  5.52053557e-02  8.87056680e-02  3.88098199e+04 
 7.53265731e+14  2.80726347e+34  1.28291000e+01  5.96845038e-01  1.04426000e+01  5.82002265e-01  2.33589451e-01  5.50279647e-02  8.86521816e-02  3.86305437e+04 
 7.55045547e+14  2.81644020e+34  1.28241000e+01  5.97137973e-01  1.04406000e+01  5.82295514e-01  2.33632169e-01  5.50159117e-02  8.86334485e-02  3.84527194e+04 
 7.56825362e+14  2.82562632e+34  1.28201000e+01  5.97429408e-01  1.04386000e+01  5.82587386e-01  2.33638413e-01  5.50035439e-02  8.85802876e-02  3.82762646e+04 
 7.58605178e+14  2.83481948e+34  1.28161000e+01  5.97719276e-01  1.04376000e+01  5.82924636e-01  2.33644642e-01  5.48252761e-02  8.85273062e-02  3.81012091e+04 
 7.60384993e+14  2.84402091e+34  1.28121000e+01  5.98007630e-01  1.04356000e+01  5.83213705e-01  2.33650842e-01  5.48122235e-02  8.84744826e-02  3.79275146e+04 
 7.62164808e+14  2.85323046e+34  1.28071000e+01  5.98294486e-01  1.04346000e+01  5.83548156e-01  2.33693517e-01  5.46335425e-02  8.84563539e-02  3.77551686e+04 
 7.63944624e+14  2.86244714e+34  1.28031000e+01  5.98579798e-01  1.04326000e+01  5.83834453e-01  2.33699692e-01  5.46198266e-02  8.84038601e-02  3.75841749e+04 
 7.65724439e+14  2.87167302e+34  1.27991000e+01  5.98863658e-01  1.04306000e+01  5.84119402e-01  2.33705831e-01  5.46058795e-02  8.83515087e-02  3.74144803e+04 
 7.67504255e+14  2.88090491e+34  1.27951000e+01  5.99145973e-01  1.04296000e+01  5.84449664e-01  2.33711981e-01  5.44263992e-02  8.82993619e-02  3.72461292e+04 
 7.69284070e+14  2.89014707e+34  1.27911000e+01  5.99426888e-01  1.04276000e+01  5.84731936e-01  2.33718080e-01  5.44117875e-02  8.82473348e-02  3.70790288e+04 
 7.71063885e+14  2.89939411e+34  1.27861000e+01  5.99706248e-01  1.04266000e+01  5.85059417e-01  2.33760779e-01  5.42320130e-02  8.82300367e-02  3.69132646e+04 
 7.72843701e+14  2.90865250e+34  1.27821000e+01  5.99984257e-01  1.04246000e+01  5.85339044e-01  2.33766859e-01  5.42167585e-02  8.81783280e-02  3.67487031e+04 
 7.74623516e+14  2.91791463e+34  1.27781000e+01  6.00260704e-01  1.04226000e+01  5.85617141e-01  2.33772998e-01  5.42015176e-02  8.81268793e-02  3.65854683e+04 
 7.76403332e+14  2.92718921e+34  1.27741000e+01  6.00535852e-01  1.04216000e+01  5.85940768e-01  2.33779060e-01  5.40208946e-02  8.80755069e-02  3.64233921e+04 
 7.78183147e+14  2.93646639e+34  1.27701000e+01  6.00809422e-01  1.04196000e+01  5.86216224e-01  2.33785198e-01  5.40050924e-02  8.80244151e-02  3.62626338e+04 
 7.79962963e+14  2.94575710e+34  1.27661000e+01  6.01081747e-01  1.04176000e+01  5.86490579e-01  2.33791250e-01  5.39888990e-02  8.79733824e-02  3.61029907e+04 
 7.81742778e+14  2.95504927e+34  1.27611000e+01  6.01352469e-01  1.04166000e+01  5.86810016e-01  2.33834038e-01  5.38078916e-02  8.79571040e-02  3.59446590e+04 
 7.83522593e+14  2.96435606e+34  1.27571000e+01  6.01621997e-01  1.04146000e+01  5.87081799e-01  2.33840092e-01  5.37911646e-02  8.79063986e-02  3.57873988e+04 
 7.85302409e+14  2.97366317e+34  1.27531000e+01  6.01889923e-01  1.04126000e+01  5.87351997e-01  2.33846263e-01  5.37745026e-02  8.78560211e-02  3.56314401e+04 
 7.87082224e+14  2.98298600e+34  1.27491000e+01  6.02156698e-01  1.04116000e+01  5.87667823e-01  2.33852318e-01  5.35926891e-02  8.78056583e-02  3.54765120e+04 
 7.88862040e+14  2.99230883e+34  1.27451000e+01  6.02421888e-01  1.04096000e+01  5.87935480e-01  2.33858502e-01  5.35755940e-02  8.77556338e-02  3.53228640e+04 
 7.90641855e+14  3.00164682e+34  1.27411000e+01  6.02685917e-01  1.04076000e+01  5.88202154e-01  2.33864577e-01  5.35579793e-02  8.77056326e-02  3.51702350e+04 
 7.92421670e+14  3.01098563e+34  1.27371000e+01  6.02948394e-01  1.04066000e+01  5.88513849e-01  2.33870763e-01  5.33759798e-02  8.76559455e-02  3.50188466e+04 
 7.94201486e+14  3.02033841e+34  1.27331000e+01  6.03209721e-01  1.04046000e+01  5.88777989e-01  2.33876879e-01  5.33580200e-02  8.76063227e-02  3.48684724e+04 
 7.95981301e+14  3.02969317e+34  1.27291000e+01  6.03469559e-01  1.04026000e+01  5.89040671e-01  2.33883097e-01  5.33400657e-02  8.75569966e-02  3.47192942e+04 
 7.97761117e+14  3.03906069e+34  1.27241000e+01  6.03728185e-01  1.04016000e+01  5.89348792e-01  2.33926009e-01  5.31574820e-02  8.75421312e-02  3.45711325e+04 
 7.99540932e+14  3.04843133e+34  1.27201000e+01  6.03985380e-01  1.03996000e+01  5.89609011e-01  2.33932258e-01  5.31391357e-02  8.74931413e-02  3.44241231e+04 
 8.01320748e+14  3.05781355e+34  1.27161000e+01  6.04241391e-01  1.03976000e+01  5.89868163e-01  2.33938478e-01  5.31204756e-02  8.74442647e-02  3.42781223e+04 
 8.03100563e+14  3.06720003e+34  1.27121000e+01  6.04495985e-01  1.03966000e+01  5.90172409e-01  2.33944754e-01  5.29376893e-02  8.73956246e-02  3.41332366e+04 
 8.04880378e+14  3.07659689e+34  1.27081000e+01  6.04749372e-01  1.03946000e+01  5.90429092e-01  2.33951020e-01  5.29187211e-02  8.73471210e-02  3.39893580e+04 
 8.06660194e+14  3.08599917e+34  1.27041000e+01  6.05001420e-01  1.03926000e+01  5.90684493e-01  2.33957345e-01  5.28996521e-02  8.72988456e-02  3.38465516e+04 
 8.08440009e+14  3.09541062e+34  1.27001000e+01  6.05252227e-01  1.03916000e+01  5.90985152e-01  2.33963667e-01  5.27165133e-02  8.72507200e-02  3.37047510e+04 
 8.10219825e+14  3.10482865e+34  1.26961000e+01  6.05501748e-01  1.03896000e+01  5.91238174e-01  2.33970039e-01  5.26971495e-02  8.72028050e-02  3.35639836e+04 
 8.11999640e+14  3.11425465e+34  1.26921000e+01  6.05750015e-01  1.03876000e+01  5.91490024e-01  2.33976431e-01  5.26776011e-02  8.71550652e-02  3.34242190e+04 
 8.13779455e+14  3.12368838e+34  1.26881000e+01  6.05997034e-01  1.03866000e+01  5.91787054e-01  2.33982849e-01  5.24942402e-02  8.71075071e-02  3.32854502e+04 
 8.15559271e+14  3.13312888e+34  1.26841000e+01  6.06242796e-01  1.03846000e+01  5.92036524e-01  2.33989317e-01  5.24744673e-02  8.70601555e-02  3.31476809e+04 
 8.17339086e+14  3.14257826e+34  1.26801000e+01  6.06487348e-01  1.03826000e+01  5.92284866e-01  2.33995793e-01  5.24545021e-02  8.70129604e-02  3.30108714e+04 
 8.19118902e+14  3.15203322e+34  1.26761000e+01  6.06730637e-01  1.03816000e+01  5.92578295e-01  2.34002342e-01  5.22710155e-02  8.69659978e-02  3.28750574e+04 
 8.20898717e+14  3.16149821e+34  1.26721000e+01  6.06972752e-01  1.03796000e+01  5.92824337e-01  2.34008879e-01  5.22507782e-02  8.69191656e-02  3.27401685e+04 
 8.22678532e+14  3.17096757e+34  1.26681000e+01  6.07213600e-01  1.03776000e+01  5.93069126e-01  2.34015517e-01  5.22305916e-02  8.68725964e-02  3.26062718e+04 
 8.24458348e+14  3.18044813e+34  1.26641000e+01  6.07453312e-01  1.03766000e+01  5.93359148e-01  2.34022123e-01  5.20468178e-02  8.68261301e-02  3.24732652e+04 
 8.26238163e+14  3.18993185e+34  1.26601000e+01  6.07691729e-01  1.03746000e+01  5.93601627e-01  2.34028842e-01  5.20264096e-02  8.67799437e-02  3.23412497e+04 
 8.28017979e+14  3.19942792e+34  1.26561000e+01  6.07929094e-01  1.03726000e+01  5.93843149e-01  2.34035540e-01  5.20057570e-02  8.67338603e-02  3.22100873e+04 
 8.29797794e+14  3.20892595e+34  1.26521000e+01  6.08165108e-01  1.03706000e+01  5.94083343e-01  2.34042344e-01  5.19851190e-02  8.66880563e-02  3.20799161e+04 
 8.31577610e+14  3.21843749e+34  1.26481000e+01  6.08400123e-01  1.03696000e+01  5.94368832e-01  2.34049118e-01  5.18011771e-02  8.66423391e-02  3.19505645e+04 
 8.33357425e+14  3.22794979e+34  1.26441000e+01  6.08633810e-01  1.03676000e+01  5.94606775e-01  2.34056040e-01  5.17804678e-02  8.65969437e-02  3.18221988e+04 
 8.35137240e+14  3.23747676e+34  1.26401000e+01  6.08866493e-01  1.03656000e+01  5.94843849e-01  2.34062890e-01  5.17593708e-02  8.65515899e-02  3.16946241e+04 
 8.36917056e+14  3.24700373e+34  1.26361000e+01  6.09097856e-01  1.03646000e+01  5.95125717e-01  2.34069906e-01  5.15756081e-02  8.65065756e-02  3.15680253e+04 
 8.38696871e+14  3.25654563e+34  1.26321000e+01  6.09328259e-01  1.03626000e+01  5.95360600e-01  2.34076864e-01  5.15543860e-02  8.64616117e-02  3.14421968e+04 
 8.40476687e+14  3.26608799e+34  1.26281000e+01  6.09557357e-01  1.03606000e+01  5.95594151e-01  2.34083976e-01  5.15333492e-02  8.64169724e-02  3.13173210e+04 
 8.42256502e+14  3.27564402e+34  1.26241000e+01  6.09785467e-01  1.03586000e+01  5.95826833e-01  2.34091044e-01  5.15119783e-02  8.63724024e-02  3.11932166e+04 
 8.44036317e+14  3.28520171e+34  1.26201000e+01  6.10012322e-01  1.03576000e+01  5.96104320e-01  2.34098253e-01  5.13281433e-02  8.63281362e-02  3.10700311e+04 
 8.45816133e+14  3.29477183e+34  1.26161000e+01  6.10238178e-01  1.03556000e+01  5.96334817e-01  2.34105442e-01  5.13067121e-02  8.62839669e-02  3.09476178e+04 
 8.47595948e+14  3.30434482e+34  1.26131000e+01  6.10462817e-01  1.03536000e+01  5.96564092e-01  2.34075629e-01  5.12853700e-02  8.62058915e-02  3.08260897e+04 
 8.49375764e+14  3.31392898e+34  1.26091000e+01  6.10686442e-01  1.03516000e+01  5.96792433e-01  2.34082928e-01  5.12638368e-02  8.61621270e-02  3.07053355e+04 
 8.51155579e+14  3.32351722e+34  1.26051000e+01  6.10908899e-01  1.03506000e+01  5.97065633e-01  2.34090337e-01  5.10799658e-02  8.61186205e-02  3.05854352e+04 
 8.52935394e+14  3.33311538e+34  1.26011000e+01  6.11130332e-01  1.03486000e+01  5.97291839e-01  2.34097772e-01  5.10584136e-02  8.60752628e-02  3.04663081e+04 
 8.54715210e+14  3.34271882e+34  1.25971000e+01  6.11350634e-01  1.03466000e+01  5.97516932e-01  2.34105296e-01  5.10368799e-02  8.60321358e-02  3.03480041e+04 
 8.56495025e+14  3.35233093e+34  1.25931000e+01  6.11569884e-01  1.03456000e+01  5.97786989e-01  2.34112860e-01  5.08530290e-02  8.59891751e-02  3.02304748e+04 
 8.58274841e+14  3.36194955e+34  1.25891000e+01  6.11788046e-01  1.03436000e+01  5.98010013e-01  2.34120499e-01  5.08314142e-02  8.59464239e-02  3.01137384e+04 
 8.60054656e+14  3.37157557e+34  1.25851000e+01  6.12005146e-01  1.03416000e+01  5.98232009e-01  2.34128200e-01  5.08097619e-02  8.59038652e-02  2.99977767e+04 
 8.61834472e+14  3.38120930e+34  1.25811000e+01  6.12221200e-01  1.03396000e+01  5.98452994e-01  2.34135960e-01  5.07880564e-02  8.58614927e-02  2.98825782e+04 
 8.63614287e+14  3.39084919e+34  1.25781000e+01  6.12436180e-01  1.03386000e+01  5.98718822e-01  2.34106571e-01  5.06043680e-02  8.57852263e-02  2.97681539e+04 
 8.65394102e+14  3.40049801e+34  1.25741000e+01  6.12650153e-01  1.03366000e+01  5.98937785e-01  2.34114445e-01  5.05826200e-02  8.57432409e-02  2.96544650e+04 
 8.67173918e+14  3.41015171e+34  1.25701000e+01  6.12863037e-01  1.03346000e+01  5.99155657e-01  2.34122424e-01  5.05609581e-02  8.57014962e-02  2.95415516e+04 
 8.68953733e+14  3.41981557e+34  1.25661000e+01  6.13074955e-01  1.03326000e+01  5.99372619e-01  2.34130430e-01  5.05391759e-02  8.56598935e-02  2.94293447e+04 
 8.70733549e+14  3.42948306e+34  1.25621000e+01  6.13285769e-01  1.03316000e+01  5.99634306e-01  2.34138560e-01  5.03557206e-02  8.56185530e-02  2.93179135e+04 
 8.72513364e+14  3.43916191e+34  1.25581000e+01  6.13495650e-01  1.03296000e+01  5.99849283e-01  2.34146699e-01  5.03339078e-02  8.55773302e-02  2.92071620e+04 
 8.74293179e+14  3.44884313e+34  1.25551000e+01  6.13704413e-01  1.03276000e+01  6.00063114e-01  2.34117677e-01  5.03122509e-02  8.55023304e-02  2.90971854e+04 
 8.76072995e+14  3.45853694e+34  1.25511000e+01  6.13912285e-01  1.03256000e+01  6.00276127e-01  2.34125941e-01  5.02904246e-02  8.54614951e-02  2.89878626e+04 
 8.77852810e+14  3.46823186e+34  1.25471000e+01  6.14119028e-01  1.03246000e+01  6.00533751e-01  2.34134370e-01  5.01072385e-02  8.54209686e-02  2.88793156e+04 
 8.79632626e+14  3.47794059e+34  1.25431000e+01  6.14324918e-01  1.03226000e+01  6.00744824e-01  2.34142778e-01  5.00854137e-02  8.53805177e-02  2.87713957e+04 
 8.81412441e+14  3.48764931e+34  1.25391000e+01  6.14529669e-01  1.03206000e+01  6.00954701e-01  2.34151369e-01  5.00638620e-02  8.53403947e-02  2.86642498e+04 
 8.83192256e+14  3.49737275e+34  1.25351000e+01  6.14733598e-01  1.03186000e+01  6.01163843e-01  2.34159928e-01  5.00420725e-02  8.53003320e-02  2.85577092e+04 
 8.84972072e+14  3.50709635e+34  1.25321000e+01  6.14936399e-01  1.03176000e+01  6.01417524e-01  2.34131291e-01  4.98591424e-02  8.52265767e-02  2.84519266e+04 
 8.86751887e+14  3.52288999e+34  1.25261000e+01  6.15264211e-01  1.03146000e+01  6.01765250e-01  2.34126834e-01  4.97835884e-02  8.51452692e-02  2.82813415e+04 
 8.88531703e+14  3.53932297e+34  1.25191000e+01  6.15604272e-01  1.03116000e+01  6.02132033e-01  2.34150098e-01  4.96839187e-02  8.50860749e-02  2.81050450e+04 
 8.90311518e+14  3.58264734e+34  1.25021000e+01  6.16503069e-01  1.03036000e+01  6.03100794e-01  2.34152974e-01  4.94230426e-02  8.48758367e-02  2.76433756e+04 
 8.92091334e+14  3.63191176e+34  1.24831000e+01  6.17539510e-01  1.02946000e+01  6.04227677e-01  2.34136688e-01  4.90875407e-02  8.46158815e-02  2.71211915e+04 
 8.93871149e+14  3.68202712e+34  1.24621000e+01  6.18613736e-01  1.02846000e+01  6.05360488e-01  2.34178289e-01  4.88632679e-02  8.44003133e-02  2.65932125e+04 
 8.95650964e+14  3.73245467e+34  1.24421000e+01  6.19717777e-01  1.02756000e+01  6.06575158e-01  2.34175538e-01  4.84536757e-02  8.41393967e-02  2.60655227e+04 
 8.97430780e+14  3.78364197e+34  1.24211000e+01  6.20864128e-01  1.02656000e+01  6.07796743e-01  2.34198967e-01  4.81670642e-02  8.38942666e-02  2.55339564e+04 
 8.99210595e+14  3.83525384e+34  1.24001000e+01  6.22047824e-01  1.02556000e+01  6.09061077e-01  2.34217798e-01  4.78592029e-02  8.36388789e-02  2.50025120e+04 
 9.00990411e+14  3.88752738e+34  1.23791000e+01  6.23276232e-01  1.02456000e+01  6.10376988e-01  2.34230106e-01  4.75246062e-02  8.33702661e-02  2.44693310e+04 
 9.02770226e+14  3.94034497e+34  1.23571000e+01  6.24548573e-01  1.02356000e+01  6.11741539e-01  2.34277077e-01  4.71707744e-02  8.31255841e-02  2.39361774e+04 
 9.04550041e+14  3.99371897e+34  1.23351000e+01  6.25866672e-01  1.02256000e+01  6.13155805e-01  2.34322198e-01  4.68001895e-02  8.28721747e-02  2.34035296e+04 
 9.06329857e+14  4.04776392e+34  1.23131000e+01  6.27234961e-01  1.02156000e+01  6.14624596e-01  2.34365107e-01  4.64113112e-02  8.26090663e-02  2.28708254e+04 
 9.08109672e+14  4.10225253e+34  1.22901000e+01  6.28648945e-01  1.02056000e+01  6.16140312e-01  2.34448625e-01  4.60151724e-02  8.23751630e-02  2.23409066e+04 
 9.09889488e+14  4.15754669e+34  1.22681000e+01  6.30119349e-01  1.01946000e+01  6.17671995e-01  2.34492476e-01  4.57584149e-02  8.20977771e-02  2.18108322e+04 
 9.11669303e+14  4.21316396e+34  1.22451000e+01  6.31634388e-01  1.01846000e+01  6.19291684e-01  2.34581235e-01  4.53456798e-02  8.18538204e-02  2.12858101e+04 
 9.13449119e+14  4.26972943e+34  1.22221000e+01  6.33212186e-01  1.01746000e+01  6.20978342e-01  2.34668976e-01  4.49145876e-02  8.15993541e-02  2.07605064e+04 
 9.15228934e+14  4.32648930e+34  1.21991000e+01  6.34832556e-01  1.01646000e+01  6.22703788e-01  2.34767421e-01  4.44939227e-02  8.13489872e-02  2.02424714e+04 
 9.17008749e+14  4.38434837e+34  1.21751000e+01  6.36522287e-01  1.01536000e+01  6.24458694e-01  2.34903720e-01  4.42099637e-02  8.11207242e-02  1.97239917e+04 
 9.18788565e+14  4.44226466e+34  1.21521000e+01  6.38251627e-01  1.01436000e+01  6.26291446e-01  2.35016035e-01  4.37885727e-02  8.08673090e-02  1.92149116e+04 
 9.20568380e+14  4.50143987e+34  1.21281000e+01  6.40057240e-01  1.01336000e+01  6.28205116e-01  2.35166576e-01  4.33469270e-02  8.06350503e-02  1.87051853e+04 
 9.22348196e+14  4.56061507e+34  1.21051000e+01  6.41901334e-01  1.01236000e+01  6.30149714e-01  2.35295432e-01  4.29292105e-02  8.03801706e-02  1.82061375e+04 
 9.24128011e+14  4.62104037e+34  1.20811000e+01  6.43823398e-01  1.01136000e+01  6.32175679e-01  2.35465086e-01  4.24956428e-02  8.01483870e-02  1.77076848e+04 
 9.25907826e+14  4.68155446e+34  1.20571000e+01  6.45787087e-01  1.01036000e+01  6.34235756e-01  2.35652410e-01  4.20858464e-02  7.99269962e-02  1.72198515e+04 
 9.27687642e+14  4.74318640e+34  1.20331000e+01  6.47826126e-01  1.00936000e+01  6.36372324e-01  2.35845554e-01  4.16682849e-02  7.96994365e-02  1.67347399e+04 
 9.29467457e+14  4.80506232e+34  1.20101000e+01  6.49912090e-01  1.00836000e+01  6.38548953e-01  2.36016675e-01  4.12720619e-02  7.94478209e-02  1.62596206e+04 
 9.31247273e+14  4.86791452e+34  1.19861000e+01  6.52069828e-01  1.00736000e+01  6.40796355e-01  2.36236452e-01  4.08758162e-02  7.92270308e-02  1.57892214e+04 
 9.33027088e+14  4.93117545e+34  1.19621000e+01  6.54280279e-01  1.00646000e+01  6.43133841e-01  2.36473076e-01  4.03466802e-02  7.90137653e-02  1.53281284e+04 
 9.34806903e+14  4.99526137e+34  1.19381000e+01  6.56558042e-01  1.00546000e+01  6.45491978e-01  2.36722659e-01  3.99770390e-02  7.88020351e-02  1.48736051e+04 
 9.36586719e+14  5.05993069e+34  1.19141000e+01  6.58894828e-01  1.00456000e+01  6.47947116e-01  2.36988610e-01  3.94726908e-02  7.85962015e-02  1.44276517e+04 
 9.38366534e+14  5.12526360e+34  1.18911000e+01  6.61293491e-01  1.00356000e+01  6.50415683e-01  2.37230913e-01  3.91338036e-02  7.83626553e-02  1.39899589e+04 
 9.40146350e+14  5.19136490e+34  1.18671000e+01  6.63758079e-01  1.00266000e+01  6.52988827e-01  2.37528891e-01  3.86582135e-02  7.81662649e-02  1.35600612e+04 
 9.41926165e+14  5.25795788e+34  1.18431000e+01  6.66278133e-01  1.00176000e+01  6.55610375e-01  2.37846218e-01  3.82050079e-02  7.79787191e-02  1.31399483e+04 
 9.43705981e+14  5.32551495e+34  1.18201000e+01  6.68871665e-01  1.00086000e+01  6.58301552e-01  2.38138700e-01  3.77623416e-02  7.77606684e-02  1.27268266e+04 
 9.45485796e+14  5.39338087e+34  1.17971000e+01  6.71513270e-01  9.99960000e+00  6.61031991e-01  2.38453121e-01  3.73483940e-02  7.75901752e-02  1.23304356e+04 
 9.47265611e+14  5.46241771e+34  1.17731000e+01  6.74236558e-01  9.99060000e+00  6.63841112e-01  2.38822904e-01  3.69418033e-02  7.73827229e-02  1.19290283e+04 
 9.49045427e+14  5.53156924e+34  1.17501000e+01  6.76999545e-01  9.98260000e+00  6.66722341e-01  2.39176791e-01  3.64232661e-02  7.71932820e-02  1.15455285e+04 
 9.50825242e+14  5.60211004e+34  1.17271000e+01  6.79853061e-01  9.97360000e+00  6.69649061e-01  2.39545104e-01  3.60557751e-02  7.70025220e-02  1.11673772e+04 
 9.52605058e+14  5.67265084e+34  1.17041000e+01  6.82740672e-01  9.96560000e+00  6.72641186e-01  2.39939615e-01  3.55809737e-02  7.68294651e-02  1.08020811e+04 
 9.54384873e+14  5.74462874e+34  1.16811000e+01  6.85720905e-01  9.95760000e+00  6.75723353e-01  2.40349684e-01  3.51123819e-02  7.66555489e-02  1.04422416e+04 
 9.56164688e+14  5.81669789e+34  1.16591000e+01  6.88737878e-01  9.94960000e+00  6.78831200e-01  2.40744565e-01  3.46810292e-02  7.64657201e-02  1.00946312e+04 
 9.57944504e+14  5.89001057e+34  1.16361000e+01  6.91839299e-01  9.94160000e+00  6.82019228e-01  2.41198919e-01  3.42619278e-02  7.63112736e-02  9.75367242e+03 
 9.59724319e+14  5.96363265e+34  1.16141000e+01  6.94985448e-01  9.93460000e+00  6.85284510e-01  2.41636808e-01  3.37330563e-02  7.61385157e-02  9.42371263e+03 
 9.61504135e+14  6.03829220e+34  1.15921000e+01  6.98206863e-01  9.92660000e+00  6.88576757e-01  2.42095203e-01  3.33650729e-02  7.59716537e-02  9.10143744e+03 
 9.63283950e+14  6.11349198e+34  1.15701000e+01  7.01481839e-01  9.91960000e+00  6.91956125e-01  2.42577599e-01  3.28841941e-02  7.58168682e-02  8.78896276e+03 
 9.65063765e+14  6.18951024e+34  1.15481000e+01  7.04821823e-01  9.91260000e+00  6.95393067e-01  2.43082689e-01  3.24275958e-02  7.56711255e-02  8.48505263e+03 
 9.66843581e+14  6.26631267e+34  1.15271000e+01  7.08225002e-01  9.90560000e+00  6.98885516e-01  2.43568780e-01  3.19960561e-02  7.55375820e-02  8.19361381e+03 
 9.68623396e+14  6.34370116e+34  1.15051000e+01  7.11681909e-01  9.89860000e+00  7.02422921e-01  2.44121571e-01  3.15934580e-02  7.53782425e-02  7.90381461e+03 
 9.70403212e+14  6.42213136e+34  1.14841000e+01  7.15212481e-01  9.89160000e+00  7.06027380e-01  2.44654432e-01  3.12116645e-02  7.52286953e-02  7.62537691e+03 
 9.72183027e+14  6.50090132e+34  1.14641000e+01  7.18784429e-01  9.88560000e+00  7.09705263e-01  2.45170338e-01  3.07251701e-02  7.50966600e-02  7.36030022e+03 
 9.73962843e+14  6.58098460e+34  1.14431000e+01  7.22441433e-01  9.87960000e+00  7.13462488e-01  2.45750793e-01  3.02569307e-02  7.49315399e-02  7.09476928e+03 
 9.75742658e+14  6.66114692e+34  1.14231000e+01  7.26126382e-01  9.87360000e+00  7.17236523e-01  2.46315165e-01  2.98266371e-02  7.48220109e-02  6.84631016e+03 
 9.77522473e+14  6.74290875e+34  1.14021000e+01  7.29908637e-01  9.86760000e+00  7.21103137e-01  2.46944203e-01  2.94106543e-02  7.46769658e-02  6.59685226e+03 
 9.79302289e+14  6.82467059e+34  1.13831000e+01  7.33713522e-01  9.86160000e+00  7.24981092e-01  2.47513598e-01  2.90328078e-02  7.45555195e-02  6.36382636e+03 
 9.81082104e+14  6.90794003e+34  1.13631000e+01  7.37610522e-01  9.85660000e+00  7.28987500e-01  2.48148791e-01  2.85374132e-02  7.43998736e-02  6.13040553e+03 
 9.82861920e+14  6.99140606e+34  1.13441000e+01  7.41537651e-01  9.85060000e+00  7.32971929e-01  2.48766502e-01  2.82109080e-02  7.42986680e-02  5.91198882e+03 
 9.84641735e+14  7.07611444e+34  1.13241000e+01  7.45543256e-01  9.84560000e+00  7.37069963e-01  2.49451693e-01  2.77720561e-02  7.41659401e-02  5.69412679e+03 
 9.86421550e+14  7.16131048e+34  1.13061000e+01  7.49591103e-01  9.84060000e+00  7.41200957e-01  2.50074100e-01  2.73642977e-02  7.40522875e-02  5.48970308e+03 
 9.88201366e+14  7.24746779e+34  1.12871000e+01  7.53702728e-01  9.83560000e+00  7.45388110e-01  2.50764973e-01  2.69814120e-02  7.39096409e-02  5.28665413e+03 
 9.89981181e+14  7.33441979e+34  1.12691000e+01  7.57869612e-01  9.83060000e+00  7.49622358e-01  2.51436055e-01  2.66251115e-02  7.38162369e-02  5.09558414e+03 
 9.91760997e+14  7.42203564e+34  1.12511000e+01  7.62084517e-01  9.82660000e+00  7.53937647e-01  2.52131804e-01  2.61669414e-02  7.36991101e-02  4.90896411e+03 
 9.93540812e+14  7.51076971e+34  1.12331000e+01  7.66368693e-01  9.82260000e+00  7.58314983e-01  2.52851762e-01  2.57327151e-02  7.35901923e-02  4.72821990e+03 
 9.95320627e+14  7.59985331e+34  1.12151000e+01  7.70684049e-01  9.81760000e+00  7.62672706e-01  2.53596675e-01  2.54580291e-02  7.34597607e-02  4.55251922e+03 
 9.97100443e+14  7.69039572e+34  1.11981000e+01  7.75083636e-01  9.81360000e+00  7.67149899e-01  2.54320351e-01  2.50744673e-02  7.33379148e-02  4.38405308e+03 
 9.98880258e+14  7.78095584e+34  1.11811000e+01  7.79496500e-01  9.81060000e+00  7.71671695e-01  2.55068517e-01  2.45981091e-02  7.32324441e-02  4.22302564e+03 
 1.00066007e+15  7.87333300e+34  1.11641000e+01  7.84009520e-01  9.80660000e+00  7.76246901e-01  2.55840698e-01  2.42650944e-02  7.31301599e-02  4.06608836e+03 
 1.00243989e+15  7.96571015e+34  1.11481000e+01  7.88533126e-01  9.80260000e+00  7.80822883e-01  2.56590992e-01  2.39643773e-02  7.30470798e-02  3.91810259e+03 
 1.00421970e+15  8.05961642e+34  1.11321000e+01  7.93141252e-01  9.79960000e+00  7.85518570e-01  2.57365201e-01  2.35579412e-02  7.29335612e-02  3.77249437e+03 
 1.00599952e+15  8.15385485e+34  1.11161000e+01  7.97774422e-01  9.79660000e+00  7.90230468e-01  2.58162877e-01  2.31810841e-02  7.28334877e-02  3.63296465e+03 
 1.00777934e+15  8.24928054e+34  1.11001000e+01  8.02473624e-01  9.79360000e+00  7.95001526e-01  2.58984401e-01  2.28263521e-02  7.27051272e-02  3.49634308e+03 
 1.00955915e+15  8.34540692e+34  1.10851000e+01  8.07214189e-01  9.79060000e+00  7.99806123e-01  2.59782499e-01  2.24970106e-02  7.26265903e-02  3.36835746e+03 
 1.01133897e+15  8.44235959e+34  1.10701000e+01  8.12001233e-01  9.78860000e+00  8.04690902e-01  2.60603604e-01  2.20704611e-02  7.25219063e-02  3.24348481e+03 
 1.01311878e+15  8.54040071e+34  1.10551000e+01  8.16846982e-01  9.78560000e+00  8.09586285e-01  2.61448004e-01  2.17873190e-02  7.24253108e-02  3.12297552e+03 
 1.01489860e+15  8.63888742e+34  1.10401000e+01  8.21718589e-01  9.78360000e+00  8.14540710e-01  2.62314637e-01  2.14098249e-02  7.23044391e-02  3.00595737e+03 
 1.01667841e+15  8.73887019e+34  1.10261000e+01  8.26667259e-01  9.78060000e+00  8.19524890e-01  2.63157381e-01  2.11708815e-02  7.21924042e-02  2.89411533e+03 
 1.01845823e+15  8.83889747e+34  1.10121000e+01  8.31620115e-01  9.77860000e+00  8.24546060e-01  2.64020796e-01  2.08400033e-02  7.20940311e-02  2.78736277e+03 
 1.02023804e+15  8.94084892e+34  1.09981000e+01  8.36669369e-01  9.77760000e+00  8.29699255e-01  2.64908453e-01  2.04083460e-02  7.19987628e-02  2.68356666e+03 
 1.02201786e+15  9.04280037e+34  1.09851000e+01  8.41718800e-01  9.77560000e+00  8.34803395e-01  2.65767799e-01  2.01212102e-02  7.19203869e-02  2.58586193e+03 
 1.02379767e+15  9.14637007e+34  1.09721000e+01  8.46847562e-01  9.77360000e+00  8.39981057e-01  2.66650275e-01  1.98515333e-02  7.18105548e-02  2.48988472e+03 
 1.02557749e+15  9.25031733e+34  1.09591000e+01  8.51993406e-01  9.77260000e+00  8.45209490e-01  2.67552773e-01  1.94898914e-02  7.17117255e-02  2.39801466e+03 
 1.02735730e+15  9.35546634e+34  1.09461000e+01  8.57196053e-01  9.77060000e+00  8.50447467e-01  2.68477199e-01  1.92626495e-02  7.16195549e-02  2.30938447e+03 
 1.02913712e+15  9.46143664e+34  1.09341000e+01  8.62435899e-01  9.76960000e+00  8.55757098e-01  2.69373124e-01  1.89415259e-02  7.15030763e-02  2.22420179e+03 
 1.03091694e+15  9.56817000e+34  1.09211000e+01  8.67708981e-01  9.76860000e+00  8.61093415e-01  2.70338494e-01  1.86413344e-02  7.13914804e-02  2.14129363e+03 
 1.03269675e+15  9.67619067e+34  1.09091000e+01  8.73040398e-01  9.76760000e+00  8.66482115e-01  2.71275978e-01  1.83594810e-02  7.12894008e-02  2.06236846e+03 
 1.03447657e+15  9.78451280e+34  1.08981000e+01  8.78380453e-01  9.76660000e+00  8.71872721e-01  2.72181543e-01  1.80989489e-02  7.12012757e-02  1.98791030e+03 
 1.03625638e+15  9.89461125e+34  1.08861000e+01  8.83800970e-01  9.76660000e+00  8.77379453e-01  2.73159603e-01  1.77433053e-02  7.10765801e-02  1.91374527e+03 
 1.03803620e+15  1.00047097e+35  1.08751000e+01  8.89213519e-01  9.76560000e+00  8.82830526e-01  2.74103710e-01  1.75200538e-02  7.10031398e-02  1.84493872e+03 
 1.03981601e+15  1.01167297e+35  1.08641000e+01  8.94711617e-01  9.76560000e+00  8.88402983e-01  2.75070465e-01  1.72019650e-02  7.08960642e-02  1.77723107e+03 
 1.04159583e+15  1.02289334e+35  1.08531000e+01  9.00209078e-01  9.76560000e+00  8.93968494e-01  2.76053348e-01  1.69044355e-02  7.07623810e-02  1.71168127e+03 
 1.04337564e+15  1.03425769e+35  1.08431000e+01  9.05766419e-01  9.76460000e+00  8.99547542e-01  2.77005740e-01  1.67312214e-02  7.06736280e-02  1.65010661e+03 
 1.04515546e+15  1.04569135e+35  1.08331000e+01  9.11346266e-01  9.76460000e+00  9.05184419e-01  2.77975204e-01  1.64671593e-02  7.05558036e-02  1.59018550e+03 
 1.04693527e+15  1.05721830e+35  1.08231000e+01  9.16959301e-01  9.76460000e+00  9.10849027e-01  2.78962447e-01  1.62198057e-02  7.04442767e-02  1.53257646e+03 
 1.04871509e+15  1.06886800e+35  1.08131000e+01  9.22619060e-01  9.76560000e+00  9.16596133e-01  2.79968520e-01  1.58821615e-02  7.03377859e-02  1.47705293e+03 
 1.05049491e+15  1.08055777e+35  1.08031000e+01  9.28284324e-01  9.76560000e+00  9.22302307e-01  2.80989666e-01  1.56677252e-02  7.02026224e-02  1.42317601e+03 
 1.05227472e+15  1.09242629e+35  1.07941000e+01  9.34021455e-01  9.76560000e+00  9.28075464e-01  2.81979421e-01  1.54669449e-02  7.01108544e-02  1.37246590e+03 
 1.05405454e+15  1.10429480e+35  1.07851000e+01  9.39743072e-01  9.76660000e+00  9.33868842e-01  2.82981485e-01  1.51784239e-02  6.99914482e-02  1.32339222e+03 
 1.05583435e+15  1.11636911e+35  1.07761000e+01  9.45547452e-01  9.76660000e+00  9.39699273e-01  2.84004864e-01  1.50069593e-02  6.98736984e-02  1.27577337e+03 
 1.05761417e+15  1.12845921e+35  1.07671000e+01  9.51342338e-01  9.76760000e+00  9.45556281e-01  2.85040711e-01  1.47476304e-02  6.97639060e-02  1.23029363e+03 
 1.05939398e+15  1.14069931e+35  1.07591000e+01  9.57191070e-01  9.76860000e+00  9.51462482e-01  2.86041782e-01  1.45021122e-02  6.96250555e-02  1.18637084e+03 
 1.06117380e+15  1.15301378e+35  1.07501000e+01  9.63056699e-01  9.76960000e+00  9.57380942e-01  2.87110474e-01  1.42708502e-02  6.94875809e-02  1.14361228e+03 
 1.06295361e+15  1.16541967e+35  1.07421000e+01  9.68946327e-01  9.77060000e+00  9.63318895e-01  2.88140717e-01  1.40530888e-02  6.93960001e-02  1.10369778e+03 
 1.06473343e+15  1.17796129e+35  1.07341000e+01  9.74880202e-01  9.77160000e+00  9.69296690e-01  2.89187674e-01  1.38480491e-02  6.92712191e-02  1.06461637e+03 
 1.06651324e+15  1.19053289e+35  1.07271000e+01  9.80807306e-01  9.77260000e+00  9.75263391e-01  2.90191736e-01  1.36561064e-02  6.91206974e-02  1.02723469e+03 
 1.06829306e+15  1.20330445e+35  1.07191000e+01  9.86806891e-01  9.77360000e+00  9.81298354e-01  2.91269175e-01  1.34755728e-02  6.90037116e-02  9.90995256e+02 
 1.07007287e+15  1.21607601e+35  1.07121000e+01  9.92784119e-01  9.77560000e+00  9.87348035e-01  2.92301225e-01  1.32091778e-02  6.88615655e-02  9.56410326e+02 
 1.07185269e+15  1.22904591e+35  1.07051000e+01  9.98830891e-01  9.77660000e+00  9.93422006e-01  2.93351871e-01  1.30523614e-02  6.87206356e-02  9.22888775e+02 
 1.07363251e+15  1.24205019e+35  1.06981000e+01  1.00486989e+00  9.77860000e+00  9.99525523e-01  2.94412468e-01  1.28097596e-02  6.85854105e-02  8.90808243e+02 
 1.07541232e+15  1.25518823e+35  1.06911000e+01  1.01094633e+00  9.77960000e+00  1.00562147e+00  2.95487911e-01  1.26749765e-02  6.84529770e-02  8.59868777e+02 
 1.07719214e+15  1.26842803e+35  1.06841000e+01  1.01704461e+00  9.78160000e+00  1.01177669e+00  2.96576333e-01  1.24546025e-02  6.83240767e-02  8.30102750e+02 
 1.07897195e+15  1.28173391e+35  1.06781000e+01  1.02314738e+00  9.78360000e+00  1.01793286e+00  2.97619816e-01  1.22450780e-02  6.81675684e-02  8.01539829e+02 
 1.08075177e+15  1.29521200e+35  1.06721000e+01  1.02930249e+00  9.78560000e+00  1.02413769e+00  2.98679119e-01  1.20459448e-02  6.80125803e-02  7.73912641e+02 
 1.08253158e+15  1.30869009e+35  1.06651000e+01  1.03543046e+00  9.78760000e+00  1.03031220e+00  2.99800967e-01  1.18569863e-02  6.78585764e-02  7.47124701e+02 
 1.08431140e+15  1.32240452e+35  1.06591000e+01  1.04163778e+00  9.78960000e+00  1.03656236e+00  3.00885689e-01  1.16776779e-02  6.77090445e-02  7.21496355e+02 
 1.08609121e+15  1.33612370e+35  1.06541000e+01  1.04781874e+00  9.79160000e+00  1.04278322e+00  3.01919794e-01  1.15076072e-02  6.75697615e-02  6.97386939e+02 
 1.08787103e+15  1.35000793e+35  1.06481000e+01  1.05404477e+00  9.79360000e+00  1.04904577e+00  3.03024975e-01  1.13467063e-02  6.74269269e-02  6.73700785e+02 
 1.08965084e+15  1.36397097e+35  1.06431000e+01  1.06027635e+00  9.79560000e+00  1.05531088e+00  3.04082637e-01  1.11943148e-02  6.72557174e-02  6.50942955e+02 
 1.09143066e+15  1.37802446e+35  1.06371000e+01  1.06651782e+00  9.79760000e+00  1.06158297e+00  3.05207268e-01  1.10502041e-02  6.70824402e-02  6.28713602e+02 
 1.09321048e+15  1.39223416e+35  1.06321000e+01  1.07279762e+00  9.79960000e+00  1.06789026e+00  3.06287783e-01  1.09142384e-02  6.69520169e-02  6.07908617e+02 
 1.09499029e+15  1.40645627e+35  1.06271000e+01  1.07905138e+00  9.80260000e+00  1.07421038e+00  3.07373066e-01  1.06957574e-02  6.67894937e-02  5.87678425e+02 
 1.09677011e+15  1.42091542e+35  1.06221000e+01  1.08537700e+00  9.80460000e+00  1.08055782e+00  3.08475501e-01  1.05754775e-02  6.66262971e-02  5.68019055e+02 
 1.09854992e+15  1.43537456e+35  1.06181000e+01  1.09166991e+00  9.80660000e+00  1.08687026e+00  3.09523233e-01  1.04619167e-02  6.64362739e-02  5.49225902e+02 
 1.10032974e+15  1.45001681e+35  1.06131000e+01  1.09800900e+00  9.80960000e+00  1.09326744e+00  3.10642753e-01  1.02670485e-02  6.62779761e-02  5.31030429e+02 
 1.10210955e+15  1.46472817e+35  1.06091000e+01  1.10434417e+00  9.81260000e+00  1.09965832e+00  3.11710589e-01  1.00797171e-02  6.60912476e-02  5.13550109e+02 
 1.10388937e+15  1.47954030e+35  1.06041000e+01  1.11068824e+00  9.81460000e+00  1.10601439e+00  3.12845594e-01  9.98669906e-03  6.59376796e-02  4.96718400e+02 
 1.10566918e+15  1.49450665e+35  1.06001000e+01  1.11706334e+00  9.81760000e+00  1.11244032e+00  3.13932836e-01  9.81322251e-03  6.57538178e-02  4.80452190e+02 
 1.10744900e+15  1.50948779e+35  1.05961000e+01  1.12340934e+00  9.81960000e+00  1.11879392e+00  3.15022938e-01  9.73208235e-03  6.55735872e-02  4.64876308e+02 
 1.10922881e+15  1.52471189e+35  1.05921000e+01  1.12982207e+00  9.82260000e+00  1.12525290e+00  3.16128697e-01  9.57143128e-03  6.53922780e-02  4.49733193e+02 
 1.11100863e+15  1.53993600e+35  1.05881000e+01  1.13619834e+00  9.82560000e+00  1.13167389e+00  3.17236072e-01  9.41629860e-03  6.52146809e-02  4.35244380e+02 
 1.11278844e+15  1.55534567e+35  1.05841000e+01  1.14261516e+00  9.82860000e+00  1.13813299e+00  3.18355431e-01  9.26764832e-03  6.50007967e-02  4.20975498e+02 
 1.11456826e+15  1.57083030e+35  1.05811000e+01  1.14902569e+00  9.83160000e+00  1.14458405e+00  3.19419877e-01  9.12442630e-03  6.48307612e-02  4.07713316e+02 
 1.11634808e+15  1.58640967e+35  1.05771000e+01  1.15543744e+00  9.83360000e+00  1.15099295e+00  3.20550893e-01  9.07032774e-03  6.46567775e-02  3.94714700e+02 
 1.11812789e+15  1.60215756e+35  1.05741000e+01  1.16188004e+00  9.83660000e+00  1.15747214e+00  3.21631500e-01  8.93762523e-03  6.44523919e-02  3.82136063e+02 
