# rhoc (cgs) 	 Pc (cgs) 	 R (km) 	 M (msol) 	 R_core (km) 	 M_core (msol) 	 I/(MR^2) 	 I_crust/(M_crust R_crust^2)/(I/(MR^2)) 	 k_2 	 Lambda 
 2.30000000e+14  2.66063566e+33  2.04431000e+01  1.80643310e-01  7.26960000e+00  1.12946074e-01  7.59531444e-02  6.17430035e-01  9.43791901e-03  1.66367687e+07 
 2.30704105e+14  2.67364061e+33  2.04011000e+01  1.81007880e-01  7.27660000e+00  1.13409907e-01  7.62457096e-02  6.15902312e-01  9.52233006e-03  1.64472055e+07 
 2.31408210e+14  2.68664556e+33  2.03591000e+01  1.81370500e-01  7.28260000e+00  1.13842924e-01  7.65400616e-02  6.14565674e-01  9.60776138e-03  1.62611111e+07 
 2.32112315e+14  2.69965051e+33  2.03171000e+01  1.81731180e-01  7.28960000e+00  1.14306355e-01  7.68362119e-02  6.13031985e-01  9.69422558e-03  1.60784012e+07 
 2.32816420e+14  2.71265546e+33  2.02761000e+01  1.82089930e-01  7.29560000e+00  1.14738861e-01  7.71265626e-02  6.11690096e-01  9.77932355e-03  1.58989949e+07 
 2.33520525e+14  2.72566041e+33  2.02361000e+01  1.82446762e-01  7.30160000e+00  1.15171084e-01  7.74109925e-02  6.10345733e-01  9.86298965e-03  1.57228126e+07 
 2.34224630e+14  2.73866536e+33  2.01951000e+01  1.82801686e-01  7.30760000e+00  1.15603025e-01  7.77047711e-02  6.08998885e-01  9.95008409e-03  1.55497778e+07 
 2.34928735e+14  2.75167030e+33  2.01561000e+01  1.83154713e-01  7.31460000e+00  1.16065590e-01  7.79848228e-02  6.07453501e-01  1.00332291e-02  1.53798159e+07 
 2.35632840e+14  2.76465234e+33  2.01171000e+01  1.83505237e-01  7.32060000e+00  1.16496583e-01  7.82664986e-02  6.06101617e-01  1.01173343e-02  1.52131462e+07 
 2.36336945e+14  2.77727795e+33  2.00791000e+01  1.83844278e-01  7.32560000e+00  1.16889529e-01  7.85425275e-02  6.04948763e-01  1.02002204e-02  1.50538839e+07 
 2.37041050e+14  2.78990356e+33  2.00421000e+01  1.84181442e-01  7.33160000e+00  1.17313108e-01  7.88122167e-02  6.03597053e-01  1.02814535e-02  1.48973723e+07 
 2.37745155e+14  2.80252916e+33  2.00061000e+01  1.84516740e-01  7.33760000e+00  1.17736363e-01  7.90754475e-02  6.02242843e-01  1.03609673e-02  1.47435476e+07 
 2.38449260e+14  2.81515477e+33  1.99691000e+01  1.84850181e-01  7.34360000e+00  1.18159295e-01  7.93479978e-02  6.00886126e-01  1.04439248e-02  1.45923480e+07 
 2.39153365e+14  2.82778038e+33  1.99331000e+01  1.85181776e-01  7.34860000e+00  1.18550704e-01  7.96140200e-02  5.99724888e-01  1.05251303e-02  1.44437136e+07 
 2.39857470e+14  2.84040598e+33  1.98981000e+01  1.85511535e-01  7.35460000e+00  1.18972947e-01  7.98733978e-02  5.98363424e-01  1.06045169e-02  1.42975861e+07 
 2.40561575e+14  2.85303159e+33  1.98631000e+01  1.85839470e-01  7.35960000e+00  1.19363576e-01  8.01340859e-02  5.97198042e-01  1.06847080e-02  1.41539088e+07 
 2.41265680e+14  2.86565720e+33  1.98281000e+01  1.86165592e-01  7.36560000e+00  1.19785134e-01  8.03960907e-02  5.95831796e-01  1.07657117e-02  1.40126265e+07 
 2.41969784e+14  2.87828281e+33  1.97941000e+01  1.86489912e-01  7.37060000e+00  1.20174989e-01  8.06512681e-02  5.94662221e-01  1.08447963e-02  1.38736861e+07 
 2.42673889e+14  2.89090841e+33  1.97601000e+01  1.86812440e-01  7.37560000e+00  1.20564434e-01  8.09076943e-02  5.93490682e-01  1.09246593e-02  1.37370351e+07 
 2.43377994e+14  2.90353402e+33  1.97271000e+01  1.87133188e-01  7.38160000e+00  1.20984951e-01  8.11571467e-02  5.92117348e-01  1.10025194e-02  1.36026233e+07 
 2.44082099e+14  2.91615963e+33  1.96941000e+01  1.87452167e-01  7.38660000e+00  1.21373631e-01  8.14077802e-02  5.90941557e-01  1.10811232e-02  1.34704013e+07 
 2.44786204e+14  2.92835865e+33  1.96621000e+01  1.87758650e-01  7.39160000e+00  1.21754094e-01  8.16520309e-02  5.89769770e-01  1.11581125e-02  1.33447010e+07 
 2.45490309e+14  2.94046001e+33  1.96311000e+01  1.88060924e-01  7.39660000e+00  1.22132322e-01  8.18892325e-02  5.88597434e-01  1.12330657e-02  1.32219961e+07 
 2.46194414e+14  2.95256137e+33  1.96001000e+01  1.88361456e-01  7.40160000e+00  1.22510103e-01  8.21274881e-02  5.87423165e-01  1.13086944e-02  1.31012306e+07 
 2.46898519e+14  2.96466274e+33  1.95701000e+01  1.88660254e-01  7.40560000e+00  1.22855754e-01  8.23583821e-02  5.86448158e-01  1.13820953e-02  1.29823628e+07 
 2.47602624e+14  2.97676410e+33  1.95401000e+01  1.88957331e-01  7.41060000e+00  1.23232612e-01  8.25902618e-02  5.85270239e-01  1.14561350e-02  1.28653523e+07 
 2.48306729e+14  2.98886546e+33  1.95101000e+01  1.89252696e-01  7.41560000e+00  1.23609034e-01  8.28231303e-02  5.84090339e-01  1.15308185e-02  1.27501596e+07 
 2.49010834e+14  3.00096682e+33  1.94811000e+01  1.89546360e-01  7.41960000e+00  1.23953212e-01  8.30484635e-02  5.83110449e-01  1.16031724e-02  1.26367462e+07 
 2.49714939e+14  3.01306819e+33  1.94521000e+01  1.89838334e-01  7.42460000e+00  1.24328728e-01  8.32747191e-02  5.81926818e-01  1.16761334e-02  1.25250748e+07 
 2.50419044e+14  3.02516955e+33  1.94231000e+01  1.90128629e-01  7.42960000e+00  1.24703815e-01  8.35019014e-02  5.80741187e-01  1.17497064e-02  1.24151090e+07 
 2.51123149e+14  3.03727091e+33  1.93941000e+01  1.90417256e-01  7.43360000e+00  1.25046549e-01  8.37300127e-02  5.79756310e-01  1.18238960e-02  1.23068135e+07 
 2.51827254e+14  3.04937228e+33  1.93661000e+01  1.90704227e-01  7.43860000e+00  1.25420746e-01  8.39503867e-02  5.78566901e-01  1.18956359e-02  1.22001536e+07 
 2.52531359e+14  3.06147364e+33  1.93381000e+01  1.90989551e-01  7.44260000e+00  1.25762518e-01  8.41716253e-02  5.77578735e-01  1.19679554e-02  1.20950958e+07 
 2.53235464e+14  3.07319389e+33  1.93111000e+01  1.91264305e-01  7.44660000e+00  1.26097071e-01  8.43856933e-02  5.76594611e-01  1.20381872e-02  1.19948522e+07 
 2.53939569e+14  3.08461308e+33  1.92861000e+01  1.91530383e-01  7.45060000e+00  1.26425782e-01  8.45835851e-02  5.75613436e-01  1.21030459e-02  1.18986241e+07 
 2.54643674e+14  3.09603227e+33  1.92601000e+01  1.91794854e-01  7.45460000e+00  1.26753957e-01  8.47909698e-02  5.74630825e-01  1.21715347e-02  1.18037950e+07 
 2.55347779e+14  3.10745146e+33  1.92351000e+01  1.92057726e-01  7.45860000e+00  1.27081602e-01  8.49902697e-02  5.73646750e-01  1.22373588e-02  1.17103372e+07 
 2.56051884e+14  3.11887065e+33  1.92101000e+01  1.92319010e-01  7.46260000e+00  1.27408719e-01  8.51902580e-02  5.72661201e-01  1.23036587e-02  1.16182229e+07 
 2.56755989e+14  3.13028984e+33  1.91851000e+01  1.92578716e-01  7.46660000e+00  1.27735315e-01  8.53909355e-02  5.71674162e-01  1.23704373e-02  1.15274257e+07 
 2.57460094e+14  3.14170903e+33  1.91601000e+01  1.92836854e-01  7.47060000e+00  1.28061392e-01  8.55923037e-02  5.70685622e-01  1.24376973e-02  1.14379194e+07 
 2.58164199e+14  3.15312822e+33  1.91361000e+01  1.93093434e-01  7.47460000e+00  1.28386955e-01  8.57853968e-02  5.69695570e-01  1.25021748e-02  1.13496787e+07 
 2.58868304e+14  3.16454741e+33  1.91121000e+01  1.93348468e-01  7.47860000e+00  1.28712007e-01  8.59791193e-02  5.68703997e-01  1.25670965e-02  1.12626788e+07 
 2.59572409e+14  3.17596660e+33  1.90881000e+01  1.93601965e-01  7.48260000e+00  1.29036552e-01  8.61734728e-02  5.67710899e-01  1.26324653e-02  1.11768957e+07 
 2.60276514e+14  3.18738580e+33  1.90641000e+01  1.93853936e-01  7.48560000e+00  1.29328219e-01  8.63684589e-02  5.66921949e-01  1.26982840e-02  1.10923057e+07 
 2.60980619e+14  3.19880499e+33  1.90411000e+01  1.94104392e-01  7.48960000e+00  1.29651729e-01  8.65549860e-02  5.65925981e-01  1.27612035e-02  1.10088860e+07 
 2.61684724e+14  3.20997179e+33  1.90181000e+01  1.94347849e-01  7.49260000e+00  1.29938032e-01  8.67425834e-02  5.65138400e-01  1.28248461e-02  1.09284228e+07 
 2.62388829e+14  3.22053819e+33  1.89971000e+01  1.94576760e-01  7.49660000e+00  1.30246058e-01  8.69136510e-02  5.64152675e-01  1.28828693e-02  1.08533219e+07 
 2.63092934e+14  3.23110460e+33  1.89761000e+01  1.94804214e-01  7.49960000e+00  1.30521051e-01  8.70852026e-02  5.63372028e-01  1.29412458e-02  1.07792249e+07 
 2.63797039e+14  3.24167100e+33  1.89551000e+01  1.95030215e-01  7.50260000e+00  1.30795458e-01  8.72572351e-02  5.62590340e-01  1.29999760e-02  1.07061132e+07 
 2.64501144e+14  3.25223740e+33  1.89341000e+01  1.95254775e-01  7.50660000e+00  1.31101835e-01  8.74297489e-02  5.61600812e-01  1.30590615e-02  1.06339683e+07 
 2.65205249e+14  3.26280381e+33  1.89131000e+01  1.95477902e-01  7.50960000e+00  1.31375112e-01  8.76027428e-02  5.60816857e-01  1.31185033e-02  1.05627723e+07 
 2.65909353e+14  3.27337021e+33  1.88931000e+01  1.95699605e-01  7.51260000e+00  1.31647817e-01  8.77669242e-02  5.60031824e-01  1.31748153e-02  1.04925075e+07 
 2.66613458e+14  3.28393661e+33  1.88731000e+01  1.95919893e-01  7.51560000e+00  1.31919957e-01  8.79315295e-02  5.59245702e-01  1.32314478e-02  1.04231569e+07 
 2.67317563e+14  3.29450301e+33  1.88531000e+01  1.96138778e-01  7.51860000e+00  1.32191535e-01  8.80965592e-02  5.58458493e-01  1.32884023e-02  1.03547038e+07 
 2.68021668e+14  3.30506942e+33  1.88331000e+01  1.96356268e-01  7.52160000e+00  1.32462556e-01  8.82620133e-02  5.57670180e-01  1.33456799e-02  1.02871318e+07 
 2.68725773e+14  3.31563582e+33  1.88131000e+01  1.96572373e-01  7.52460000e+00  1.32733025e-01  8.84278923e-02  5.56880758e-01  1.34032821e-02  1.02204250e+07 
 2.69429878e+14  3.32620222e+33  1.87941000e+01  1.96787103e-01  7.52760000e+00  1.33002946e-01  8.85847683e-02  5.56090215e-01  1.34576292e-02  1.01545677e+07 
 2.70133983e+14  3.33674141e+33  1.87751000e+01  1.96999921e-01  7.53060000e+00  1.33271884e-01  8.87420735e-02  5.55298981e-01  1.35123013e-02  1.00897111e+07 
 2.70838088e+14  3.34627185e+33  1.87581000e+01  1.97191106e-01  7.53360000e+00  1.33523956e-01  8.88829322e-02  5.54522755e-01  1.35613409e-02  1.00317947e+07 
 2.71542193e+14  3.35580229e+33  1.87401000e+01  1.97380995e-01  7.53660000e+00  1.33775458e-01  8.90335992e-02  5.53745602e-01  1.36142539e-02  9.97459047e+06 
 2.72246298e+14  3.36533273e+33  1.87241000e+01  1.97569598e-01  7.53860000e+00  1.33993560e-01  8.91655671e-02  5.53176162e-01  1.36601448e-02  9.91808588e+06 
 2.72950403e+14  3.37486317e+33  1.87071000e+01  1.97756919e-01  7.54160000e+00  1.34243917e-01  8.93073386e-02  5.52397274e-01  1.37099086e-02  9.86226900e+06 
 2.73654508e+14  3.38439361e+33  1.86901000e+01  1.97942966e-01  7.54360000e+00  1.34460840e-01  8.94494096e-02  5.51826335e-01  1.37599135e-02  9.80712794e+06 
 2.74358613e+14  3.39392405e+33  1.86741000e+01  1.98127749e-01  7.54660000e+00  1.34710075e-01  8.95821846e-02  5.51045642e-01  1.38064628e-02  9.75265086e+06 
 2.75062718e+14  3.40345449e+33  1.86571000e+01  1.98311275e-01  7.54860000e+00  1.34925843e-01  8.97248286e-02  5.50473158e-01  1.38569342e-02  9.69882666e+06 
 2.75766823e+14  3.41298493e+33  1.86411000e+01  1.98493554e-01  7.55160000e+00  1.35173976e-01  8.98581283e-02  5.49690613e-01  1.39039181e-02  9.64564390e+06 
 2.76470928e+14  3.42251537e+33  1.86251000e+01  1.98674592e-01  7.55360000e+00  1.35388608e-01  8.99916772e-02  5.49116537e-01  1.39511113e-02  9.59309179e+06 
 2.77175033e+14  3.43204581e+33  1.86091000e+01  1.98854401e-01  7.55660000e+00  1.35635659e-01  9.01254764e-02  5.48332104e-01  1.39985152e-02  9.54115964e+06 
 2.77879138e+14  3.44157626e+33  1.85931000e+01  1.99032988e-01  7.55860000e+00  1.35849177e-01  9.02595241e-02  5.47756409e-01  1.40461292e-02  9.48983701e+06 
 2.78583243e+14  3.45110670e+33  1.85771000e+01  1.99210362e-01  7.56160000e+00  1.36095164e-01  9.03938216e-02  5.46970062e-01  1.40939547e-02  9.43911369e+06 
 2.79287348e+14  3.64855590e+33  1.82511000e+01  2.03009055e-01  7.61060000e+00  1.40910326e-01  9.31759736e-02  5.33161599e-01  1.51009032e-02  8.42247008e+06 
 2.79991453e+14  3.83055083e+33  1.79511000e+01  2.06799864e-01  7.65760000e+00  1.45672967e-01  9.58802351e-02  5.19845936e-01  1.61130620e-02  7.54137523e+06 
 2.80695558e+14  3.87860717e+33  1.78721000e+01  2.07841373e-01  7.67060000e+00  1.46983159e-01  9.66220591e-02  5.16205321e-01  1.63969166e-02  7.32063041e+06 
 2.81399663e+14  3.92666351e+33  1.77951000e+01  2.08893856e-01  7.68260000e+00  1.48268080e-01  9.73556372e-02  5.12787483e-01  1.66796112e-02  7.10604788e+06 
 2.82103768e+14  3.97471986e+33  1.77181000e+01  2.09956911e-01  7.69560000e+00  1.49595509e-01  9.81026125e-02  5.09160903e-01  1.69704025e-02  6.89755842e+06 
 2.82807873e+14  4.02277620e+33  1.76431000e+01  2.11030178e-01  7.70860000e+00  1.50931135e-01  9.88408782e-02  5.05542357e-01  1.72598041e-02  6.69508188e+06 
 2.83511978e+14  4.07186269e+33  1.75671000e+01  2.12136692e-01  7.72160000e+00  1.52293971e-01  9.96019930e-02  5.01916325e-01  1.75609190e-02  6.49437002e+06 
 2.84216083e+14  4.12222267e+33  1.74901000e+01  2.13282700e-01  7.73460000e+00  1.53688994e-01  1.00386466e-01  4.98280977e-01  1.78740377e-02  6.29469026e+06 
 2.84920188e+14  4.17258265e+33  1.74141000e+01  2.14439358e-01  7.74760000e+00  1.55092241e-01  1.01174355e-01  4.94658171e-01  1.81913362e-02  6.10120550e+06 
 2.85624293e+14  4.22294264e+33  1.73391000e+01  2.15606314e-01  7.76060000e+00  1.56503385e-01  1.01965568e-01  4.91048851e-01  1.85128165e-02  5.91379495e+06 
 2.86328398e+14  4.27330262e+33  1.72661000e+01  2.16783218e-01  7.77460000e+00  1.57957031e-01  1.02748094e-01  4.87233365e-01  1.88330159e-02  5.73233052e+06 
 2.87032503e+14  4.32490586e+33  1.71921000e+01  2.17999212e-01  7.78760000e+00  1.59407274e-01  1.03555671e-01  4.83635753e-01  1.91664911e-02  5.55240347e+06 
 2.87736608e+14  4.37764818e+33  1.71171000e+01  2.19252587e-01  7.80160000e+00  1.60922486e-01  1.04389521e-01  4.79818136e-01  1.95141563e-02  5.37459155e+06 
 2.88440713e+14  4.43039050e+33  1.70441000e+01  2.20516304e-01  7.81560000e+00  1.62445566e-01  1.05215159e-01  4.76018186e-01  1.98609328e-02  5.20277286e+06 
 2.89144817e+14  4.48313282e+33  1.69711000e+01  2.21789991e-01  7.82960000e+00  1.63976206e-01  1.06056977e-01  4.72236643e-01  2.02183301e-02  5.03679072e+06 
 2.89848922e+14  4.53587513e+33  1.69011000e+01  2.23073279e-01  7.84360000e+00  1.65514113e-01  1.06877307e-01  4.68474112e-01  2.05684449e-02  4.87648549e+06 
 2.90553027e+14  4.59007470e+33  1.68291000e+01  2.24401750e-01  7.85760000e+00  1.67088076e-01  1.07737620e-01  4.64714463e-01  2.09396213e-02  4.71748426e+06 
 2.91257132e+14  4.64527954e+33  1.67571000e+01  2.25765033e-01  7.87260000e+00  1.68725334e-01  1.08614048e-01  4.60741214e-01  2.13210105e-02  4.56128359e+06 
 2.91961237e+14  4.70048438e+33  1.66871000e+01  2.27138235e-01  7.88660000e+00  1.70334249e-01  1.09481716e-01  4.57014585e-01  2.17013380e-02  4.41070491e+06 
 2.92665342e+14  4.75568922e+33  1.66181000e+01  2.28520966e-01  7.90160000e+00  1.71986269e-01  1.10353213e-01  4.53086433e-01  2.20867740e-02  4.26557170e+06 
 2.93369447e+14  4.81089406e+33  1.65501000e+01  2.29912845e-01  7.91560000e+00  1.73609120e-01  1.11228298e-01  4.49406608e-01  2.24772501e-02  4.12570804e+06 
 2.94073552e+14  4.86776974e+33  1.64821000e+01  2.31356149e-01  7.93060000e+00  1.75308931e-01  1.12119573e-01  4.45510388e-01  2.28776979e-02  3.98692610e+06 
 2.94777657e+14  4.92551877e+33  1.64141000e+01  2.32831311e-01  7.94560000e+00  1.77033822e-01  1.13028097e-01  4.41632269e-01  2.32895453e-02  3.85130437e+06 
 2.95481762e+14  4.98326780e+33  1.63471000e+01  2.34315870e-01  7.96060000e+00  1.78765821e-01  1.13940654e-01  4.37780667e-01  2.37069635e-02  3.72082622e+06 
 2.96185867e+14  5.04101683e+33  1.62821000e+01  2.35809420e-01  7.97560000e+00  1.80504655e-01  1.14842846e-01  4.33955742e-01  2.41224512e-02  3.59530846e+06 
 2.96889972e+14  5.09876586e+33  1.62181000e+01  2.37311568e-01  7.99060000e+00  1.82250066e-01  1.15748142e-01  4.30157609e-01  2.45429906e-02  3.47457098e+06 
 2.97594077e+14  5.15839754e+33  1.61531000e+01  2.38871473e-01  8.00560000e+00  1.84041041e-01  1.16685336e-01  4.26375099e-01  2.49821163e-02  3.35471458e+06 
 2.98298182e+14  5.21877390e+33  1.60891000e+01  2.40459983e-01  8.02060000e+00  1.85854346e-01  1.17626291e-01  4.22617524e-01  2.54261660e-02  3.23812756e+06 
 2.99002287e+14  5.27915026e+33  1.60261000e+01  2.42057280e-01  8.03660000e+00  1.87711626e-01  1.18570674e-01  4.18661592e-01  2.58757571e-02  3.12615091e+06 
 2.99706392e+14  5.33952662e+33  1.59641000e+01  2.43662960e-01  8.05160000e+00  1.89538134e-01  1.19518134e-01  4.14963297e-01  2.63307475e-02  3.01860429e+06 
 3.00410497e+14  5.39990297e+33  1.59041000e+01  2.45276626e-01  8.06760000e+00  1.91408400e-01  1.20453153e-01  4.11065901e-01  2.67825564e-02  2.91531227e+06 
 3.01114602e+14  5.46237050e+33  1.58431000e+01  2.46954375e-01  8.08260000e+00  1.93291453e-01  1.21422247e-01  4.07419818e-01  2.72547492e-02  2.81272818e+06 
 3.01818707e+14  5.52545879e+33  1.57831000e+01  2.48657280e-01  8.09860000e+00  1.95231972e-01  1.22394648e-01  4.03574548e-01  2.77319599e-02  2.71334231e+06 
 3.02522812e+14  5.58854708e+33  1.57241000e+01  2.50368309e-01  8.11460000e+00  1.97179026e-01  1.23369606e-01  3.99760918e-01  2.82144896e-02  2.61801894e+06 
 3.03226917e+14  5.65163537e+33  1.56671000e+01  2.52087052e-01  8.13060000e+00  1.99132367e-01  1.24330832e-01  3.95978674e-01  2.86929788e-02  2.52658780e+06 
 3.03931022e+14  5.71472366e+33  1.56111000e+01  2.53813113e-01  8.14660000e+00  2.01091759e-01  1.25293408e-01  3.92227517e-01  2.91759906e-02  2.43888452e+06 
 3.04635127e+14  5.78010671e+33  1.55541000e+01  2.55609504e-01  8.16260000e+00  2.03106338e-01  1.26292261e-01  3.88506175e-01  2.96812613e-02  2.35174471e+06 
 3.05339232e+14  5.84599299e+33  1.54981000e+01  2.57427512e-01  8.17960000e+00  2.05176718e-01  1.27293563e-01  3.84587788e-01  3.01913710e-02  2.26761183e+06 
 3.06043337e+14  5.91187927e+33  1.54431000e+01  2.59252936e-01  8.19560000e+00  2.07214745e-01  1.28296286e-01  3.80932404e-01  3.07063440e-02  2.18700861e+06 
 3.06747442e+14  5.97776555e+33  1.53901000e+01  2.61085368e-01  8.21160000e+00  2.09258677e-01  1.29283151e-01  3.77309657e-01  3.12157713e-02  2.10977913e+06 
 3.07451547e+14  6.04365183e+33  1.53381000e+01  2.62924414e-01  8.22760000e+00  2.11308283e-01  1.30270102e-01  3.73719076e-01  3.17291078e-02  2.03577368e+06 
 3.08155652e+14  6.11202979e+33  1.52851000e+01  2.64839860e-01  8.24460000e+00  2.13456885e-01  1.31295522e-01  3.69935194e-01  3.22666254e-02  1.96221505e+06 
 3.08859757e+14  6.18080155e+33  1.52331000e+01  2.66773404e-01  8.26160000e+00  2.15620341e-01  1.32322148e-01  3.66186044e-01  3.28084935e-02  1.89140041e+06 
 3.09563862e+14  6.24957331e+33  1.51831000e+01  2.68713622e-01  8.27760000e+00  2.17750290e-01  1.33331233e-01  3.62700942e-01  3.33435195e-02  1.82361713e+06 
 3.10267967e+14  6.31834507e+33  1.51331000e+01  2.70660112e-01  8.29460000e+00  2.19925525e-01  1.34357188e-01  3.59018307e-01  3.38931193e-02  1.75872583e+06 
 3.10972072e+14  6.38711683e+33  1.50851000e+01  2.72612488e-01  8.31060000e+00  2.22066481e-01  1.35364156e-01  3.55598590e-01  3.44347583e-02  1.69659295e+06 
 3.11676177e+14  6.45856864e+33  1.50361000e+01  2.74647078e-01  8.32760000e+00  2.24311590e-01  1.36411729e-01  3.51992470e-01  3.50025060e-02  1.63481507e+06 
 3.12380282e+14  6.53031480e+33  1.49891000e+01  2.76696362e-01  8.34460000e+00  2.26569105e-01  1.37440568e-01  3.48421660e-01  3.55619053e-02  1.57548381e+06 
 3.13084386e+14  6.60206096e+33  1.49421000e+01  2.78751557e-01  8.36160000e+00  2.28832348e-01  1.38485939e-01  3.44884260e-01  3.61360676e-02  1.51873133e+06 
 3.13788491e+14  6.67380711e+33  1.48971000e+01  2.80812275e-01  8.37860000e+00  2.31101094e-01  1.39510391e-01  3.41379566e-01  3.67006289e-02  1.46443505e+06 
 3.14492596e+14  6.74555327e+33  1.48531000e+01  2.82878131e-01  8.39560000e+00  2.33375128e-01  1.40531686e-01  3.37906870e-01  3.72670273e-02  1.41247830e+06 
 3.15196701e+14  6.82015727e+33  1.48081000e+01  2.85031662e-01  8.41260000e+00  2.35717687e-01  1.41595610e-01  3.34485024e-01  3.78614034e-02  1.36080611e+06 
 3.15900806e+14  6.89496815e+33  1.47641000e+01  2.87196705e-01  8.43060000e+00  2.38111489e-01  1.42657234e-01  3.30867733e-01  3.84580998e-02  1.31127514e+06 
 3.16604911e+14  6.96977903e+33  1.47221000e+01  2.89366890e-01  8.44760000e+00  2.40469773e-01  1.43695861e-01  3.27513305e-01  3.90433293e-02  1.26392078e+06 
 3.17309016e+14  7.04458991e+33  1.46801000e+01  2.91541835e-01  8.46460000e+00  2.42833214e-01  1.44749728e-01  3.24190709e-01  3.96428997e-02  1.21863725e+06 
 3.18013121e+14  7.11940079e+33  1.46401000e+01  2.93721161e-01  8.48160000e+00  2.45201605e-01  1.45778967e-01  3.20899099e-01  4.02295466e-02  1.17532387e+06 
 3.18717226e+14  7.19723459e+33  1.45991000e+01  2.95993184e-01  8.49960000e+00  2.47684073e-01  1.46852723e-01  3.17434833e-01  4.08459535e-02  1.13224205e+06 
 3.19421331e+14  7.27520191e+33  1.45591000e+01  2.98273854e-01  8.51660000e+00  2.50133203e-01  1.47922011e-01  3.14233507e-01  4.14631140e-02  1.09100569e+06 
 3.20125436e+14  7.35316923e+33  1.45201000e+01  3.00558897e-01  8.53460000e+00  2.52629452e-01  1.48985771e-01  3.10834167e-01  4.20804226e-02  1.05159513e+06 
 3.20829541e+14  7.43113655e+33  1.44821000e+01  3.02847928e-01  8.55160000e+00  2.55088604e-01  1.50043350e-01  3.07694629e-01  4.26973242e-02  1.01392007e+06 
 3.21533646e+14  7.50910386e+33  1.44461000e+01  3.05140587e-01  8.56960000e+00  2.57594797e-01  1.51073180e-01  3.04355754e-01  4.32982645e-02  9.77894634e+05 
 3.22237751e+14  7.59024415e+33  1.44081000e+01  3.07530409e-01  8.58660000e+00  2.60134509e-01  1.52170336e-01  3.01308165e-01  4.39458442e-02  9.42061884e+05 
 3.22941856e+14  7.67146100e+33  1.43721000e+01  3.09926459e-01  8.60460000e+00  2.62723629e-01  1.53239756e-01  2.98063231e-01  4.45772751e-02  9.07799160e+05 
 3.23645961e+14  7.75267785e+33  1.43371000e+01  3.12326097e-01  8.62260000e+00  2.65317788e-01  1.54301411e-01  2.94848166e-01  4.52068777e-02  8.75060522e+05 
 3.24350066e+14  7.83389469e+33  1.43031000e+01  3.14728962e-01  8.63960000e+00  2.67873644e-01  1.55354633e-01  2.91889995e-01  4.58340364e-02  8.43769487e+05 
 3.25054171e+14  7.91511154e+33  1.42691000e+01  3.17134696e-01  8.65760000e+00  2.70477092e-01  1.56420671e-01  2.88731832e-01  4.64744032e-02  8.13853648e+05 
 3.25758276e+14  7.99963395e+33  1.42351000e+01  3.19641433e-01  8.67560000e+00  2.73159651e-01  1.57513063e-01  2.85640837e-01  4.71321200e-02  7.84102109e+05 
 3.26462381e+14  8.08419476e+33  1.42031000e+01  3.22152496e-01  8.69360000e+00  2.75847998e-01  1.58574231e-01  2.82578979e-01  4.77701480e-02  7.55671754e+05 
 3.27166486e+14  8.16875558e+33  1.41711000e+01  3.24666375e-01  8.71160000e+00  2.78541050e-01  1.59647794e-01  2.79544939e-01  4.84211526e-02  7.28508726e+05 
 3.27870591e+14  8.25331640e+33  1.41401000e+01  3.27182712e-01  8.72960000e+00  2.81238601e-01  1.60710930e-01  2.76537827e-01  4.90679009e-02  7.02548847e+05 
 3.28574696e+14  8.33787722e+33  1.41091000e+01  3.29701172e-01  8.74660000e+00  2.83896254e-01  1.61785887e-01  2.73782883e-01  4.97273263e-02  6.77731376e+05 
 3.29278801e+14  8.42585613e+33  1.40791000e+01  3.32323741e-01  8.76460000e+00  2.86679514e-01  1.62864669e-01  2.70872235e-01  5.03866692e-02  6.53057855e+05 
 3.29982906e+14  8.51385669e+33  1.40491000e+01  3.34949359e-01  8.78360000e+00  2.89512424e-01  1.63955360e-01  2.67762830e-01  5.10587962e-02  6.29485478e+05 
 3.30687011e+14  8.60185725e+33  1.40211000e+01  3.37577026e-01  8.80160000e+00  2.92305313e-01  1.65010688e-01  2.64904657e-01  5.17068898e-02  6.06963834e+05 
 3.31391116e+14  8.68985781e+33  1.39931000e+01  3.40206395e-01  8.81860000e+00  2.95057428e-01  1.66076830e-01  2.62295800e-01  5.23668301e-02  5.85439461e+05 
 3.32095221e+14  8.77785838e+33  1.39651000e+01  3.42837134e-01  8.83660000e+00  2.97858279e-01  1.67153681e-01  2.59485690e-01  5.30386928e-02  5.64861745e+05 
 3.32799326e+14  8.86936676e+33  1.39381000e+01  3.45574266e-01  8.85560000e+00  3.00787901e-01  1.68233682e-01  2.56524850e-01  5.37093021e-02  5.44413388e+05 
 3.33503431e+14  8.96090416e+33  1.39111000e+01  3.48313903e-01  8.87360000e+00  3.03677305e-01  1.69324472e-01  2.53812599e-01  5.43918758e-02  5.24874810e+05 
 3.34207536e+14  9.05244155e+33  1.38861000e+01  3.51054821e-01  8.89160000e+00  3.06570735e-01  1.70376713e-01  2.51123364e-01  5.50467739e-02  5.06205645e+05 
 3.34911641e+14  9.14397894e+33  1.38601000e+01  3.53796689e-01  8.90960000e+00  3.09467998e-01  1.71463327e-01  2.48456326e-01  5.57326950e-02  4.88361504e+05 
 3.35615746e+14  9.23551633e+33  1.38361000e+01  3.56539186e-01  8.92760000e+00  3.12368905e-01  1.72509974e-01  2.45810636e-01  5.63893734e-02  4.71300352e+05 
 3.36319851e+14  9.33062558e+33  1.38121000e+01  3.59389452e-01  8.94560000e+00  3.15354503e-01  1.73583541e-01  2.43239543e-01  5.70634283e-02  4.54357997e+05 
 3.37023955e+14  9.42579817e+33  1.37881000e+01  3.62242479e-01  8.96460000e+00  3.18391865e-01  1.74666823e-01  2.40469255e-01  5.77484687e-02  4.38161373e+05 
 3.37728060e+14  9.52097076e+33  1.37651000e+01  3.65096033e-01  8.98260000e+00  3.21386672e-01  1.75733856e-01  2.37941290e-01  5.84231863e-02  4.22683119e+05 
 3.38432165e+14  9.61614335e+33  1.37421000e+01  3.67949792e-01  9.00060000e+00  3.24384971e-01  1.76809662e-01  2.35433010e-01  5.91082682e-02  4.07886497e+05 
 3.39136270e+14  9.71131594e+33  1.37201000e+01  3.70803442e-01  9.01860000e+00  3.27386576e-01  1.77868188e-01  2.32943608e-01  5.97819428e-02  3.93736795e+05 
 3.39840375e+14  9.81009565e+33  1.36991000e+01  3.73765221e-01  9.03660000e+00  3.30473359e-01  1.78927601e-01  2.30529068e-01  6.04511026e-02  3.79698032e+05 
 3.40544480e+14  9.90900307e+33  1.36771000e+01  3.76730943e-01  9.05560000e+00  3.33613973e-01  1.80022103e-01  2.27916056e-01  6.11525293e-02  3.66265869e+05 
 3.41248585e+14  1.00079105e+34  1.36571000e+01  3.79696438e-01  9.07360000e+00  3.36710730e-01  1.81071930e-01  2.25540545e-01  6.18188952e-02  3.53426779e+05 
 3.41952690e+14  1.01068179e+34  1.36371000e+01  3.82661402e-01  9.09160000e+00  3.39810637e-01  1.82129227e-01  2.23182211e-01  6.24943482e-02  3.41150456e+05 
 3.42656795e+14  1.02057253e+34  1.36171000e+01  3.85625526e-01  9.10960000e+00  3.42913509e-01  1.83193863e-01  2.20840282e-01  6.31788741e-02  3.29408294e+05 
 3.43360900e+14  1.03082431e+34  1.35981000e+01  3.88697052e-01  9.12860000e+00  3.46149396e-01  1.84258163e-01  2.18355164e-01  6.38573547e-02  3.17770973e+05 
 3.44065005e+14  1.04109862e+34  1.35791000e+01  3.91774685e-01  9.14660000e+00  3.49345617e-01  1.85330817e-01  2.16107495e-01  6.45451798e-02  3.06623386e+05 
 3.44769110e+14  1.05137293e+34  1.35611000e+01  3.94851349e-01  9.16560000e+00  3.52593372e-01  1.86382995e-01  2.13658916e-01  6.52177656e-02  2.95965272e+05 
 3.45473215e+14  1.06164725e+34  1.35431000e+01  3.97926743e-01  9.18360000e+00  3.55795576e-01  1.87441682e-01  2.11441755e-01  6.58985753e-02  2.85771685e+05 
 3.46177320e+14  1.07192156e+34  1.35261000e+01  4.01000585e-01  9.20160000e+00  3.59000396e-01  1.88478886e-01  2.09238620e-01  6.65629752e-02  2.76019040e+05 
 3.46881425e+14  1.08255369e+34  1.35091000e+01  4.04179910e-01  9.22060000e+00  3.62338010e-01  1.89541862e-01  2.06892900e-01  6.72438153e-02  2.66366248e+05 
 3.47585530e+14  1.09322178e+34  1.34921000e+01  4.07368599e-01  9.23860000e+00  3.65637662e-01  1.90612976e-01  2.04781866e-01  6.79334194e-02  2.57105795e+05 
 3.48289635e+14  1.10388987e+34  1.34761000e+01  4.10555583e-01  9.25760000e+00  3.68989456e-01  1.91661669e-01  2.02470076e-01  6.86054156e-02  2.48249335e+05 
 3.48993740e+14  1.11455795e+34  1.34611000e+01  4.13740573e-01  9.27560000e+00  3.72294375e-01  1.92687254e-01  2.00384731e-01  6.92589265e-02  2.39776342e+05 
 3.49697845e+14  1.12522604e+34  1.34461000e+01  4.16923288e-01  9.29360000e+00  3.75601556e-01  1.93717866e-01  1.98311065e-01  6.99190832e-02  2.31667451e+05 
 3.50401950e+14  1.13624484e+34  1.34311000e+01  4.20208305e-01  9.31160000e+00  3.78990257e-01  1.94773280e-01  1.96306583e-01  7.05949416e-02  2.23654026e+05 
 3.51106055e+14  1.14731703e+34  1.34161000e+01  4.23507106e-01  9.33060000e+00  3.82443786e-01  1.95836839e-01  1.94110510e-01  7.12790018e-02  2.15952341e+05 
 3.51810160e+14  1.15838922e+34  1.34021000e+01  4.26803471e-01  9.34860000e+00  3.85849467e-01  1.96876031e-01  1.92137067e-01  7.19429985e-02  2.08584231e+05 
 3.52514265e+14  1.16946140e+34  1.33881000e+01  4.30097128e-01  9.36760000e+00  3.89307928e-01  1.97919752e-01  1.89963200e-01  7.26131713e-02  2.01532834e+05 
 3.53218370e+14  1.18053359e+34  1.33751000e+01  4.33387800e-01  9.38560000e+00  3.92717789e-01  1.98938127e-01  1.88009771e-01  7.32620654e-02  1.94782223e+05 
 3.53922475e+14  1.19194511e+34  1.33621000e+01  4.36776229e-01  9.40360000e+00  3.96206008e-01  1.99979952e-01  1.86121491e-01  7.39256161e-02  1.88123022e+05 
 3.54626580e+14  1.20343184e+34  1.33501000e+01  4.40184121e-01  9.42260000e+00  3.99764548e-01  2.01000078e-01  1.84045679e-01  7.45689344e-02  1.81709256e+05 
 3.55330685e+14  1.21491856e+34  1.33371000e+01  4.43588862e-01  9.44060000e+00  4.03273872e-01  2.02054142e-01  1.82187650e-01  7.52455506e-02  1.75571120e+05 
 3.56034790e+14  1.22640529e+34  1.33251000e+01  4.46990170e-01  9.45860000e+00  4.06784906e-01  2.03081605e-01  1.80337442e-01  7.58992534e-02  1.69694749e+05 
 3.56738895e+14  1.23789201e+34  1.33141000e+01  4.50387789e-01  9.47660000e+00  4.10297475e-01  2.04081812e-01  1.78494601e-01  7.65291669e-02  1.64067062e+05 
 3.57443000e+14  1.24970204e+34  1.33031000e+01  4.53877198e-01  9.49560000e+00  4.13936245e-01  2.05103746e-01  1.76505333e-01  7.71724027e-02  1.58526859e+05 
 3.58147105e+14  1.26161385e+34  1.32921000e+01  4.57393067e-01  9.51360000e+00  4.17547649e-01  2.06134651e-01  1.74746682e-01  7.78229270e-02  1.53177880e+05 
 3.58851210e+14  1.27352567e+34  1.32811000e+01  4.60905069e-01  9.53260000e+00  4.21213075e-01  2.07168547e-01  1.72788872e-01  7.84778870e-02  1.48056846e+05 
 3.59555315e+14  1.28543748e+34  1.32711000e+01  4.64412939e-01  9.55060000e+00  4.24827523e-01  2.08173946e-01  1.71042968e-01  7.91074004e-02  1.43152371e+05 
 3.60259419e+14  1.29734929e+34  1.32611000e+01  4.67916411e-01  9.56860000e+00  4.28443130e-01  2.09181754e-01  1.69302465e-01  7.97406669e-02  1.38453713e+05 
 3.60963524e+14  1.30956329e+34  1.32521000e+01  4.71504180e-01  9.58660000e+00  4.32127411e-01  2.10177800e-01  1.67616213e-01  8.03558294e-02  1.33838651e+05 
 3.61667629e+14  1.32191085e+34  1.32421000e+01  4.75126842e-01  9.60560000e+00  4.35896156e-01  2.11215598e-01  1.65753276e-01  8.10085879e-02  1.29370700e+05 
 3.62371734e+14  1.33425841e+34  1.32331000e+01  4.78744913e-01  9.62360000e+00  4.39612912e-01  2.12223650e-01  1.64098465e-01  8.16342151e-02  1.25091475e+05 
 3.63075839e+14  1.34660597e+34  1.32251000e+01  4.82358146e-01  9.64160000e+00  4.43330606e-01  2.13201339e-01  1.62447688e-01  8.22318705e-02  1.20991619e+05 
 3.63779944e+14  1.35895353e+34  1.32161000e+01  4.85966293e-01  9.65960000e+00  4.47049081e-01  2.14212885e-01  1.60800561e-01  8.28634139e-02  1.17062298e+05 
 3.64484049e+14  1.37157667e+34  1.32081000e+01  4.89649644e-01  9.67860000e+00  4.50883705e-01  2.15209638e-01  1.58999931e-01  8.34741832e-02  1.13212684e+05 
 3.65188154e+14  1.38437073e+34  1.32001000e+01  4.93377800e-01  9.69660000e+00  4.54703311e-01  2.16217789e-01  1.57431174e-01  8.40923308e-02  1.09474471e+05 
 3.65892259e+14  1.39716480e+34  1.31931000e+01  4.97100660e-01  9.71460000e+00  4.58523640e-01  2.17194352e-01  1.55865048e-01  8.46808347e-02  1.05892714e+05 
 3.66596364e+14  1.40995886e+34  1.31861000e+01  5.00817976e-01  9.73260000e+00  4.62344521e-01  2.18171824e-01  1.54301233e-01  8.52712256e-02  1.02459721e+05 
 3.67300469e+14  1.42275293e+34  1.31791000e+01  5.04529512e-01  9.75060000e+00  4.66165788e-01  2.19150110e-01  1.52739423e-01  8.58634268e-02  9.91682137e+04 
 3.68004574e+14  1.43579003e+34  1.31721000e+01  5.08305507e-01  9.76960000e+00  4.70096273e-01  2.20143307e-01  1.51019429e-01  8.64643111e-02  9.59524981e+04 
 3.68708679e+14  1.44904146e+34  1.31651000e+01  5.12137777e-01  9.78760000e+00  4.74019700e-01  2.21149775e-01  1.49533075e-01  8.70730637e-02  9.28194430e+04 
 3.69412784e+14  1.46229289e+34  1.31591000e+01  5.15964041e-01  9.80560000e+00  4.77943443e-01  2.22123186e-01  1.48047765e-01  8.76501985e-02  8.98162755e+04 
 3.70116889e+14  1.47554433e+34  1.31531000e+01  5.19784067e-01  9.82360000e+00  4.81867336e-01  2.23096889e-01  1.46563236e-01  8.82284749e-02  8.69366590e+04 
 3.70820994e+14  1.48879576e+34  1.31471000e+01  5.23597620e-01  9.84160000e+00  4.85791217e-01  2.24070793e-01  1.45079203e-01  8.88078139e-02  8.41746017e+04 
 3.71525099e+14  1.50225127e+34  1.31421000e+01  5.27463151e-01  9.85960000e+00  4.89759850e-01  2.25022417e-01  1.43626733e-01  8.93599473e-02  8.14844045e+04 
 3.72229204e+14  1.51597103e+34  1.31371000e+01  5.31398052e-01  9.87760000e+00  4.93786617e-01  2.25989197e-01  1.42214695e-01  8.99201108e-02  7.88538590e+04 
 3.72933309e+14  1.52969079e+34  1.31321000e+01  5.35326248e-01  9.89560000e+00  4.97813292e-01  2.26955743e-01  1.40802275e-01  9.04807337e-02  7.63313087e+04 
 3.73637414e+14  1.54341055e+34  1.31271000e+01  5.39247506e-01  9.91360000e+00  5.01839712e-01  2.27921973e-01  1.39389221e-01  9.10417441e-02  7.39115297e+04 
 3.74341519e+14  1.55713031e+34  1.31221000e+01  5.43161607e-01  9.93160000e+00  5.05865717e-01  2.28887806e-01  1.37975322e-01  9.16030713e-02  7.15895790e+04 
 3.75045624e+14  1.57100830e+34  1.31181000e+01  5.47113408e-01  9.94960000e+00  5.09925733e-01  2.29827240e-01  1.36584017e-01  9.21339763e-02  6.93355701e+04 
 3.75749729e+14  1.58520744e+34  1.31141000e+01  5.51149356e-01  9.96760000e+00  5.14055471e-01  2.30784385e-01  1.35239259e-01  9.26736833e-02  6.71229039e+04 
 3.76453834e+14  1.59940658e+34  1.31101000e+01  5.55177902e-01  9.98560000e+00  5.18184704e-01  2.31740701e-01  1.33892816e-01  9.32131034e-02  6.50001727e+04 
 3.77157939e+14  1.61360571e+34  1.31061000e+01  5.59198823e-01  1.00036000e+01  5.22313262e-01  2.32696115e-01  1.32544514e-01  9.37521722e-02  6.29630649e+04 
 3.77862044e+14  1.62780485e+34  1.31021000e+01  5.63211893e-01  1.00216000e+01  5.26440986e-01  2.33650547e-01  1.31194141e-01  9.42908150e-02  6.10075008e+04 
 3.78566149e+14  1.64210899e+34  1.30991000e+01  5.67246541e-01  1.00396000e+01  5.30590499e-01  2.34574108e-01  1.29856835e-01  9.47956964e-02  5.91159955e+04 
 3.79270254e+14  1.65679864e+34  1.30961000e+01  5.71381864e-01  1.00576000e+01  5.34822730e-01  2.35518283e-01  1.28572833e-01  9.53102864e-02  5.72513604e+04 
 3.79974359e+14  1.67148829e+34  1.30931000e+01  5.75509088e-01  1.00756000e+01  5.39054022e-01  2.36461053e-01  1.27286012e-01  9.58238617e-02  5.54617464e+04 
 3.80678464e+14  1.68617795e+34  1.30901000e+01  5.79627990e-01  1.00926000e+01  5.43225342e-01  2.37402347e-01  1.26184016e-01  9.63363587e-02  5.37435909e+04 
 3.81382569e+14  1.70086760e+34  1.30881000e+01  5.83738374e-01  1.01106000e+01  5.47454076e-01  2.38305683e-01  1.24890516e-01  9.68107285e-02  5.20935160e+04 
 3.82086674e+14  1.71560111e+34  1.30851000e+01  5.87852277e-01  1.01286000e+01  5.51690834e-01  2.39246162e-01  1.23599982e-01  9.73218852e-02  5.05036885e+04 
 3.82790779e+14  1.73079251e+34  1.30831000e+01  5.92085197e-01  1.01466000e+01  5.56024746e-01  2.40174086e-01  1.22370156e-01  9.78067938e-02  4.89293775e+04 
 3.83494884e+14  1.74598390e+34  1.30811000e+01  5.96309319e-01  1.01636000e+01  5.60297588e-01  2.41100048e-01  1.21322043e-01  9.82899854e-02  4.74177558e+04 
 3.84198988e+14  1.76117529e+34  1.30791000e+01  6.00524434e-01  1.01816000e+01  5.64628390e-01  2.42023988e-01  1.20083825e-01  9.87714093e-02  4.59658736e+04 
 3.84903093e+14  1.77636668e+34  1.30781000e+01  6.04730350e-01  1.01986000e+01  5.68897386e-01  2.42908696e-01  1.19026033e-01  9.92130754e-02  4.45709337e+04 
 3.85607198e+14  1.79155807e+34  1.30761000e+01  6.08926878e-01  1.02166000e+01  5.73224467e-01  2.43828282e-01  1.17779088e-01  9.96906280e-02  4.32302907e+04 
 3.86311303e+14  1.80723678e+34  1.30751000e+01  6.13248416e-01  1.02346000e+01  5.77653654e-01  2.44735320e-01  1.16593825e-01  1.00140775e-01  4.19007934e+04 
 3.87015408e+14  1.82294122e+34  1.30741000e+01  6.17567558e-01  1.02516000e+01  5.82025779e-01  2.45641289e-01  1.15590091e-01  1.00589221e-01  4.06215482e+04 
 3.87719513e+14  1.83864565e+34  1.30731000e+01  6.21877010e-01  1.02696000e+01  5.86456464e-01  2.46544715e-01  1.14398170e-01  1.01035253e-01  3.93923344e+04 
 3.88423618e+14  1.85435009e+34  1.30721000e+01  6.26176590e-01  1.02866000e+01  5.90823867e-01  2.47445550e-01  1.13383124e-01  1.01478830e-01  3.82108328e+04 
 3.89127723e+14  1.87005452e+34  1.30711000e+01  6.30466117e-01  1.03036000e+01  5.95188592e-01  2.48343748e-01  1.12362086e-01  1.01919912e-01  3.70748454e+04 
 3.89831828e+14  1.88617906e+34  1.30711000e+01  6.34860047e-01  1.03216000e+01  5.99700963e-01  2.49224074e-01  1.11209058e-01  1.02329979e-01  3.59535657e+04 
 3.90535933e+14  1.90240792e+34  1.30701000e+01  6.39272236e-01  1.03396000e+01  6.04233108e-01  2.50145377e-01  1.10064164e-01  1.02779033e-01  3.48688996e+04 
 3.91240038e+14  1.91863677e+34  1.30701000e+01  6.43674055e-01  1.03566000e+01  6.08700850e-01  2.51025495e-01  1.09093243e-01  1.03185917e-01  3.38262098e+04 
 3.91944143e+14  1.93486563e+34  1.30701000e+01  6.48065327e-01  1.03736000e+01  6.13165611e-01  2.51902531e-01  1.08115658e-01  1.03589757e-01  3.28235700e+04 
 3.92648248e+14  1.95109448e+34  1.30701000e+01  6.52445874e-01  1.03906000e+01  6.17627252e-01  2.52776441e-01  1.07131397e-01  1.03990519e-01  3.18591536e+04 
 3.93352353e+14  1.96766673e+34  1.30701000e+01  6.56908068e-01  1.04086000e+01  6.22220186e-01  2.53665617e-01  1.06005560e-01  1.04396574e-01  3.09119356e+04 
 3.94056458e+14  1.98443145e+34  1.30701000e+01  6.61411231e-01  1.04256000e+01  6.26787861e-01  2.54561913e-01  1.05075168e-01  1.04804118e-01  2.99904825e+04 
 3.94760563e+14  2.00119618e+34  1.30711000e+01  6.65903342e-01  1.04426000e+01  6.31352238e-01  2.55415868e-01  1.04137497e-01  1.05168156e-01  2.91043130e+04 
 3.95464668e+14  2.01796090e+34  1.30711000e+01  6.70384236e-01  1.04596000e+01  6.35913189e-01  2.56305494e-01  1.03192586e-01  1.05568998e-01  2.82518246e+04 
 3.96168773e+14  2.03472562e+34  1.30721000e+01  6.74853744e-01  1.04766000e+01  6.40470580e-01  2.57152448e-01  1.02240399e-01  1.05926003e-01  2.74314941e+04 
 3.96872878e+14  2.05174692e+34  1.30731000e+01  6.79379947e-01  1.04946000e+01  6.45141112e-01  2.58009290e-01  1.01136579e-01  1.06285402e-01  2.66300080e+04 
 3.97576983e+14  2.06905902e+34  1.30741000e+01  6.83971906e-01  1.05116000e+01  6.49804829e-01  2.58877767e-01  1.00235974e-01  1.06647887e-01  2.58457018e+04 
 3.98281088e+14  2.08637113e+34  1.30751000e+01  6.88552137e-01  1.05286000e+01  6.54464799e-01  2.59742535e-01  9.93275488e-02  1.07006592e-01  2.50911089e+04 
 3.98985193e+14  2.10368324e+34  1.30761000e+01  6.93120491e-01  1.05456000e+01  6.59120882e-01  2.60603574e-01  9.84113916e-02  1.07361516e-01  2.43648919e+04 
 3.99689298e+14  2.12099534e+34  1.30771000e+01  6.97676795e-01  1.05626000e+01  6.63772947e-01  2.61460845e-01  9.74874869e-02  1.07712634e-01  2.36657819e+04 
 4.00393403e+14  2.13846648e+34  1.30791000e+01  7.02262626e-01  1.05796000e+01  6.68453480e-01  2.62282407e-01  9.65742449e-02  1.08022182e-01  2.29864999e+04 
 4.01097508e+14  2.15633755e+34  1.30801000e+01  7.06941117e-01  1.05966000e+01  6.73211871e-01  2.63160727e-01  9.56992199e-02  1.08377929e-01  2.23176437e+04 
 4.01801613e+14  2.17420861e+34  1.30821000e+01  7.11607213e-01  1.06136000e+01  6.77966053e-01  2.63994792e-01  9.48159252e-02  1.08688146e-01  2.16738556e+04 
 4.02505718e+14  2.19207967e+34  1.30831000e+01  7.16260756e-01  1.06296000e+01  6.82650582e-01  2.64865189e-01  9.40956242e-02  1.09035804e-01  2.10540199e+04 
 4.03209823e+14  2.20995074e+34  1.30851000e+01  7.20901598e-01  1.06466000e+01  6.87395748e-01  2.65691035e-01  9.31954791e-02  1.09337683e-01  2.04570749e+04 
 4.03913928e+14  2.22787194e+34  1.30871000e+01  7.25542561e-01  1.06636000e+01  6.92146475e-01  2.66515206e-01  9.22928143e-02  1.09636396e-01  1.98804296e+04 
 4.04618033e+14  2.24631359e+34  1.30891000e+01  7.30305219e-01  1.06806000e+01  6.96998067e-01  2.67361370e-01  9.14394839e-02  1.09941841e-01  1.93089337e+04 
 4.05322138e+14  2.26475524e+34  1.30911000e+01  7.35054820e-01  1.06966000e+01  7.01778849e-01  2.68203233e-01  9.07467073e-02  1.10242898e-01  1.87586272e+04 
 4.06026243e+14  2.28319690e+34  1.30941000e+01  7.39791211e-01  1.07136000e+01  7.06620755e-01  2.68999682e-01  8.98757144e-02  1.10497365e-01  1.82285756e+04 
 4.06730348e+14  2.30163855e+34  1.30961000e+01  7.44514242e-01  1.07306000e+01  7.11457718e-01  2.69832770e-01  8.89962846e-02  1.10789551e-01  1.77178917e+04 
 4.07434452e+14  2.32008020e+34  1.30981000e+01  7.49223786e-01  1.07466000e+01  7.16222894e-01  2.70661506e-01  8.82761069e-02  1.11077362e-01  1.72257310e+04 
 4.08138557e+14  2.33903336e+34  1.31011000e+01  7.54050127e-01  1.07636000e+01  7.21151936e-01  2.71469604e-01  8.74334713e-02  1.11328498e-01  1.67383426e+04 
 4.08842662e+14  2.35805728e+34  1.31031000e+01  7.58880779e-01  1.07796000e+01  7.26022849e-01  2.72318062e-01  8.67561161e-02  1.11618912e-01  1.62670452e+04 
 4.09546767e+14  2.37708121e+34  1.31061000e+01  7.63697564e-01  1.07966000e+01  7.30955439e-01  2.73120367e-01  8.59027648e-02  1.11862116e-01  1.58129089e+04 
 4.10250872e+14  2.39610513e+34  1.31091000e+01  7.68500355e-01  1.08126000e+01  7.35815059e-01  2.73917967e-01  8.52064161e-02  1.12100631e-01  1.53751888e+04 
 4.10954977e+14  2.41512905e+34  1.31121000e+01  7.73289019e-01  1.08286000e+01  7.40668749e-01  2.74710849e-01  8.45004945e-02  1.12334470e-01  1.49531768e+04 
 4.11659082e+14  2.43454262e+34  1.31151000e+01  7.78161266e-01  1.08456000e+01  7.45661506e-01  2.75517714e-01  8.36596074e-02  1.12570945e-01  1.45380005e+04 
 4.12363187e+14  2.45416054e+34  1.31181000e+01  7.83070445e-01  1.08616000e+01  7.50620864e-01  2.76329584e-01  8.29946284e-02  1.12806447e-01  1.41336009e+04 
 4.13067292e+14  2.47377846e+34  1.31211000e+01  7.87965102e-01  1.08786000e+01  7.55642450e-01  2.77136618e-01  8.21558753e-02  1.13037135e-01  1.37437685e+04 
 4.13771397e+14  2.49339638e+34  1.31241000e+01  7.92845130e-01  1.08946000e+01  7.60589583e-01  2.77938824e-01  8.14715290e-02  1.13263043e-01  1.33678771e+04 
 4.14475502e+14  2.51301430e+34  1.31271000e+01  7.97710390e-01  1.09106000e+01  7.65530327e-01  2.78736183e-01  8.07774177e-02  1.13484180e-01  1.30053315e+04 
 4.15179607e+14  2.53288668e+34  1.31301000e+01  8.02623666e-01  1.09266000e+01  7.70514285e-01  2.79540611e-01  8.00981809e-02  1.13705036e-01  1.26511045e+04 
 4.15883712e+14  2.55311036e+34  1.31341000e+01  8.07608764e-01  1.09426000e+01  7.75560319e-01  2.80313884e-01  7.94428070e-02  1.13883835e-01  1.23034509e+04 
 4.16587817e+14  2.57333405e+34  1.31371000e+01  8.12578694e-01  1.09586000e+01  7.80599722e-01  2.81124781e-01  7.87773131e-02  1.14101030e-01  1.19681856e+04 
 4.17291922e+14  2.59355773e+34  1.31411000e+01  8.17533346e-01  1.09746000e+01  7.85632380e-01  2.81887813e-01  7.81018143e-02  1.14269872e-01  1.16447815e+04 
 4.17996027e+14  2.61378141e+34  1.31441000e+01  8.22472613e-01  1.09906000e+01  7.90658188e-01  2.82688692e-01  7.74164786e-02  1.14477305e-01  1.13327373e+04 
 4.18700132e+14  2.63411033e+34  1.31481000e+01  8.27421976e-01  1.10066000e+01  7.95697325e-01  2.83446292e-01  7.67310584e-02  1.14638046e-01  1.10300350e+04 
 4.19404237e+14  2.65495158e+34  1.31521000e+01  8.32480290e-01  1.10226000e+01  8.00828172e-01  2.84222041e-01  7.60827613e-02  1.14802159e-01  1.07306035e+04 
 4.20108342e+14  2.67579283e+34  1.31561000e+01  8.37522806e-01  1.10386000e+01  8.05951911e-01  2.84992509e-01  7.54242680e-02  1.14961207e-01  1.04417266e+04 
 4.20812447e+14  2.69663408e+34  1.31601000e+01  8.42549407e-01  1.10546000e+01  8.11068431e-01  2.85757700e-01  7.47557029e-02  1.15163282e-01  1.01672024e+04 
 4.21516552e+14  2.71747533e+34  1.31631000e+01  8.47560012e-01  1.10696000e+01  8.16106795e-01  2.86561171e-01  7.42355275e-02  1.15308068e-01  9.89388109e+03 
 4.22220657e+14  2.73831657e+34  1.31671000e+01  8.52554497e-01  1.10856000e+01  8.21208394e-01  2.87315932e-01  7.35467670e-02  1.15452203e-01  9.63408618e+03 
 4.22924762e+14  2.75972846e+34  1.31711000e+01  8.57669216e-01  1.11016000e+01  8.26410930e-01  2.88090739e-01  7.28981538e-02  1.15600003e-01  9.37642635e+03 
 4.23628867e+14  2.78119910e+34  1.31761000e+01  8.62781563e-01  1.11176000e+01  8.31617043e-01  2.88818930e-01  7.22444602e-02  1.15748072e-01  9.13087248e+03 
 4.24332972e+14  2.80266975e+34  1.31801000e+01  8.67877375e-01  1.11326000e+01  8.36743838e-01  2.89585499e-01  7.17371458e-02  1.15838216e-01  8.88631968e+03 
 4.25037077e+14  2.82414039e+34  1.31841000e+01  8.72956560e-01  1.11486000e+01  8.41934281e-01  2.90346709e-01  7.10629608e-02  1.15971745e-01  8.65385968e+03 
 4.25741182e+14  2.84561103e+34  1.31881000e+01  8.78019033e-01  1.11636000e+01  8.47044811e-01  2.91102569e-01  7.05345723e-02  1.16100324e-01  8.42933508e+03 
 4.26445287e+14  2.86748467e+34  1.31921000e+01  8.83159411e-01  1.11796000e+01  8.52294693e-01  2.91870472e-01  6.98739916e-02  1.16229581e-01  8.20841339e+03 
 4.27149392e+14  2.88959656e+34  1.31971000e+01  8.88338765e-01  1.11946000e+01  8.57508721e-01  2.92598862e-01  6.93778259e-02  1.16313020e-01  7.99274907e+03 
 4.27853497e+14  2.91170845e+34  1.32011000e+01  8.93500974e-01  1.12106000e+01  8.62786807e-01  2.93366053e-01  6.87164564e-02  1.16435470e-01  7.78447147e+03 
 4.28557602e+14  2.93382034e+34  1.32061000e+01  8.98645943e-01  1.12256000e+01  8.67983820e-01  2.94083253e-01  6.81989601e-02  1.16557672e-01  7.58645806e+03 
 4.29261707e+14  2.95593222e+34  1.32101000e+01  9.03773596e-01  1.12406000e+01  8.73172089e-01  2.94839471e-01  6.76708424e-02  1.16621300e-01  7.38887876e+03 
 4.29965812e+14  2.97826321e+34  1.32151000e+01  9.08934445e-01  1.12556000e+01  8.78391963e-01  2.95554722e-01  6.71495767e-02  1.16736514e-01  7.20218978e+03 
 4.30669917e+14  3.00102822e+34  1.32191000e+01  9.14177921e-01  1.12716000e+01  8.83756434e-01  2.96327328e-01  6.64993168e-02  1.16798444e-01  7.01231207e+03 
 4.31374021e+14  3.02379322e+34  1.32241000e+01  9.19403644e-01  1.12866000e+01  8.89038656e-01  2.97049472e-01  6.59911568e-02  1.16860147e-01  6.83178717e+03 
 4.32078126e+14  3.04655823e+34  1.32291000e+01  9.24611533e-01  1.13016000e+01  8.94311748e-01  2.97765913e-01  6.54722860e-02  1.16966002e-01  6.66013435e+03 
 4.32782231e+14  3.06932324e+34  1.32331000e+01  9.29801509e-01  1.13166000e+01  8.99575640e-01  2.98521783e-01  6.49428435e-02  1.17012853e-01  6.48871479e+03 
 4.33486336e+14  3.09210641e+34  1.32381000e+01  9.34977621e-01  1.13316000e+01  9.04833558e-01  2.99227689e-01  6.44043076e-02  1.17059972e-01  6.32556034e+03 
 4.34190441e+14  3.11553641e+34  1.32431000e+01  9.40282282e-01  1.13466000e+01  9.10199639e-01  2.99954244e-01  6.39040063e-02  1.17158979e-01  6.16596403e+03 
 4.34894546e+14  3.13896642e+34  1.32481000e+01  9.45568589e-01  1.13616000e+01  9.15556222e-01  3.00675013e-01  6.33928981e-02  1.17203753e-01  6.00914527e+03 
 4.35598651e+14  3.16239642e+34  1.32521000e+01  9.50836472e-01  1.13766000e+01  9.20903220e-01  3.01435510e-01  6.28711689e-02  1.17238471e-01  5.85508076e+03 
 4.36302756e+14  3.18582643e+34  1.32571000e+01  9.56085853e-01  1.13916000e+01  9.26240556e-01  3.02144854e-01  6.23389216e-02  1.17273410e-01  5.70855424e+03 
 4.37006861e+14  3.20925643e+34  1.32621000e+01  9.61316688e-01  1.14056000e+01  9.31492966e-01  3.02848473e-01  6.19452761e-02  1.17303543e-01  5.56683815e+03 
 4.37710966e+14  3.23316273e+34  1.32671000e+01  9.66634868e-01  1.14206000e+01  9.36895746e-01  3.03565194e-01  6.14261268e-02  1.17333895e-01  5.42699719e+03 
 4.38415071e+14  3.25726962e+34  1.32721000e+01  9.71978775e-01  1.14356000e+01  9.42324445e-01  3.04284021e-01  6.09107114e-02  1.17361458e-01  5.29063981e+03 
 4.39119176e+14  3.28137651e+34  1.32771000e+01  9.77303685e-01  1.14506000e+01  9.47743090e-01  3.04997034e-01  6.03848025e-02  1.17384177e-01  5.15877267e+03 
 4.39823281e+14  3.30548340e+34  1.32821000e+01  9.82609522e-01  1.14646000e+01  9.53075648e-01  3.05704247e-01  5.99958358e-02  1.17402109e-01  5.03121831e+03 
 4.40527386e+14  3.32959029e+34  1.32871000e+01  9.87896235e-01  1.14796000e+01  9.58473796e-01  3.06405681e-01  5.94489430e-02  1.17415315e-01  4.90780720e+03 
 4.41231491e+14  3.35394795e+34  1.32921000e+01  9.93218524e-01  1.14936000e+01  9.63829459e-01  3.07110978e-01  5.90555789e-02  1.17426222e-01  4.78715417e+03 
 4.41935596e+14  3.37874362e+34  1.32981000e+01  9.98617012e-01  1.15086000e+01  9.69327954e-01  3.07780936e-01  5.85346681e-02  1.17441974e-01  4.67030124e+03 
 4.42639701e+14  3.40353928e+34  1.33031000e+01  1.00399593e+00  1.15226000e+01  9.74739186e-01  3.08491244e-01  5.81492004e-02  1.17447543e-01  4.55529841e+03 
 4.43343806e+14  3.42833495e+34  1.33081000e+01  1.00935521e+00  1.15376000e+01  9.80216407e-01  3.09195709e-01  5.76073171e-02  1.17398754e-01  4.44213754e+03 
 4.44047911e+14  3.45313061e+34  1.33131000e+01  1.01469482e+00  1.15516000e+01  9.85605855e-01  3.09894359e-01  5.72004058e-02  1.17394989e-01  4.33447694e+03 
 4.44752016e+14  3.47793206e+34  1.33181000e+01  1.02001594e+00  1.15656000e+01  9.90985223e-01  3.10587430e-01  5.67832035e-02  1.17386712e-01  4.23022895e+03 
 4.45456121e+14  3.50342838e+34  1.33241000e+01  1.02546595e+00  1.15796000e+01  9.96473613e-01  3.11253785e-01  5.64000514e-02  1.17385354e-01  4.12824526e+03 
 4.46160226e+14  3.52892469e+34  1.33291000e+01  1.03089581e+00  1.15946000e+01  1.00202838e+00  3.11960879e-01  5.58620231e-02  1.17324020e-01  4.02610932e+03 
 4.46864331e+14  3.55442101e+34  1.33341000e+01  1.03630551e+00  1.16086000e+01  1.00749420e+00  3.12662106e-01  5.54574999e-02  1.17307812e-01  3.92893469e+03 
 4.47568436e+14  3.57991733e+34  1.33401000e+01  1.04169498e+00  1.16226000e+01  1.01294857e+00  3.13310490e-01  5.50422665e-02  1.17292849e-01  3.83647606e+03 
 4.48272541e+14  3.60541365e+34  1.33451000e+01  1.04706418e+00  1.16366000e+01  1.01839142e+00  3.13999947e-01  5.46165813e-02  1.17267719e-01  3.74532489e+03 
 4.48976646e+14  3.63136297e+34  1.33501000e+01  1.05250812e+00  1.16506000e+01  1.02389970e+00  3.14699918e-01  5.42082240e-02  1.17191819e-01  3.65393641e+03 
 4.49680751e+14  3.65757180e+34  1.33561000e+01  1.05798587e+00  1.16646000e+01  1.02944034e+00  3.15356089e-01  5.38049824e-02  1.17168938e-01  3.56763033e+03 
 4.50384856e+14  3.68378064e+34  1.33611000e+01  1.06344289e+00  1.16786000e+01  1.03496912e+00  3.16053502e-01  5.33911476e-02  1.17086040e-01  3.48107761e+03 
 4.51088961e+14  3.70998948e+34  1.33671000e+01  1.06887916e+00  1.16926000e+01  1.04048599e+00  3.16697642e-01  5.29668528e-02  1.17054423e-01  3.40015831e+03 
 4.51793066e+14  3.73619832e+34  1.33721000e+01  1.07429466e+00  1.17066000e+01  1.04599089e+00  3.17383244e-01  5.25323014e-02  1.17012591e-01  3.32033556e+03 
 4.52497171e+14  3.76258553e+34  1.33771000e+01  1.07972601e+00  1.17196000e+01  1.05143422e+00  3.18069249e-01  5.22385398e-02  1.16917945e-01  3.24109387e+03 
 4.53201276e+14  3.78951874e+34  1.33831000e+01  1.08524852e+00  1.17336000e+01  1.05703579e+00  3.18720776e-01  5.18250998e-02  1.16878297e-01  3.16548208e+03 
 4.53905381e+14  3.81645195e+34  1.33881000e+01  1.09074978e+00  1.17476000e+01  1.06262506e+00  3.19413931e-01  5.14012743e-02  1.16778621e-01  3.08958951e+03 
 4.54609486e+14  3.84338515e+34  1.33941000e+01  1.09622978e+00  1.17606000e+01  1.06812201e+00  3.20053384e-01  5.11067535e-02  1.16730514e-01  3.01864812e+03 
 4.55313590e+14  3.87031836e+34  1.33991000e+01  1.10168848e+00  1.17746000e+01  1.07368638e+00  3.20734687e-01  5.06622367e-02  1.16622479e-01  2.94737066e+03 
 4.56017695e+14  3.89725157e+34  1.34051000e+01  1.10712586e+00  1.17876000e+01  1.07915797e+00  3.21362187e-01  5.03466674e-02  1.16566192e-01  2.88075484e+03 
 4.56721800e+14  3.92480266e+34  1.34101000e+01  1.11266619e+00  1.18016000e+01  1.08479856e+00  3.22052593e-01  4.99158918e-02  1.16453492e-01  2.81226684e+03 
 4.57425905e+14  3.95247206e+34  1.34161000e+01  1.11820858e+00  1.18146000e+01  1.09036510e+00  3.22692944e-01  4.96196396e-02  1.16343572e-01  2.74680670e+03 
 4.58130010e+14  3.98014146e+34  1.34221000e+01  1.12372919e+00  1.18286000e+01  1.09599941e+00  3.23327218e-01  4.91747874e-02  1.16279242e-01  2.68450737e+03 
 4.58834115e+14  4.00781086e+34  1.34271000e+01  1.12922801e+00  1.18416000e+01  1.10153984e+00  3.24003716e-01  4.88575950e-02  1.16155063e-01  2.62185959e+03 
 4.59538220e+14  4.03548026e+34  1.34331000e+01  1.13470503e+00  1.18546000e+01  1.10706705e+00  3.24626016e-01  4.85300135e-02  1.16082859e-01  2.56331996e+03 
 4.60242325e+14  4.06345970e+34  1.34381000e+01  1.14022130e+00  1.18686000e+01  1.11271234e+00  3.25300890e-01  4.80715048e-02  1.15952395e-01  2.50375427e+03 
 4.60946430e+14  4.09187708e+34  1.34441000e+01  1.14580169e+00  1.18816000e+01  1.11833345e+00  3.25935673e-01  4.77623870e-02  1.15876005e-01  2.44722144e+03 
 4.61650535e+14  4.12029447e+34  1.34501000e+01  1.15135982e+00  1.18946000e+01  1.12394098e+00  3.26564377e-01  4.74428090e-02  1.15746256e-01  2.39137428e+03 
 4.62354640e+14  4.14871185e+34  1.34551000e+01  1.15689567e+00  1.19076000e+01  1.12953492e+00  3.27235677e-01  4.71129486e-02  1.15606283e-01  2.33621871e+03 
 4.63058745e+14  4.17712924e+34  1.34611000e+01  1.16240923e+00  1.19206000e+01  1.13511524e+00  3.27852389e-01  4.67729053e-02  1.15518473e-01  2.28469028e+03 
 4.63762850e+14  4.20554662e+34  1.34661000e+01  1.16790050e+00  1.19336000e+01  1.14068191e+00  3.28511911e-01  4.64228964e-02  1.15371073e-01  2.23277655e+03 
 4.64466955e+14  4.23470207e+34  1.34721000e+01  1.17351159e+00  1.19466000e+01  1.14635137e+00  3.29140063e-01  4.60991738e-02  1.15278858e-01  2.18301950e+03 
 4.65171060e+14  4.26387919e+34  1.34781000e+01  1.17910410e+00  1.19596000e+01  1.15201029e+00  3.29762811e-01  4.57662629e-02  1.15133684e-01  2.13379850e+03 
 4.65875165e+14  4.29305631e+34  1.34831000e+01  1.18467387e+00  1.19726000e+01  1.15765520e+00  3.30428535e-01  4.54233552e-02  1.14978311e-01  2.08515830e+03 
 4.66579270e+14  4.32223344e+34  1.34891000e+01  1.19022089e+00  1.19856000e+01  1.16328608e+00  3.31039293e-01  4.50705114e-02  1.14875261e-01  2.03972642e+03 
 4.67283375e+14  4.35141056e+34  1.34941000e+01  1.19574516e+00  1.19976000e+01  1.16881969e+00  3.31693231e-01  4.48414942e-02  1.14712805e-01  1.99391544e+03 
 4.67987480e+14  4.38098095e+34  1.35001000e+01  1.20132080e+00  1.20106000e+01  1.17448319e+00  3.32304151e-01  4.44872260e-02  1.14554908e-01  1.94971902e+03 
 4.68691585e+14  4.41092953e+34  1.35061000e+01  1.20694459e+00  1.20236000e+01  1.18019091e+00  3.32920599e-01  4.41407294e-02  1.14443912e-01  1.90710327e+03 
 4.69395690e+14  4.44087810e+34  1.35111000e+01  1.21254518e+00  1.20366000e+01  1.18588421e+00  3.33580379e-01  4.37844655e-02  1.14273577e-01  1.86413815e+03 
 4.70099795e+14  4.47082667e+34  1.35171000e+01  1.21812257e+00  1.20486000e+01  1.19147920e+00  3.34184833e-01  4.35507660e-02  1.14155697e-01  1.82401606e+03 
 4.70803900e+14  4.50077524e+34  1.35231000e+01  1.22367677e+00  1.20616000e+01  1.19714347e+00  3.34783309e-01  4.31749762e-02  1.13985477e-01  1.78429077e+03 
 4.71508005e+14  4.53074654e+34  1.35281000e+01  1.22921200e+00  1.20736000e+01  1.20271248e+00  3.35426111e-01  4.29225424e-02  1.13805268e-01  1.74494126e+03 
 4.72212110e+14  4.56147822e+34  1.35341000e+01  1.23486396e+00  1.20856000e+01  1.20838195e+00  3.36035914e-01  4.26935933e-02  1.13679544e-01  1.70726928e+03 
 4.72916215e+14  4.59220989e+34  1.35401000e+01  1.24049227e+00  1.20986000e+01  1.21412093e+00  3.36639672e-01  4.23233235e-02  1.13501657e-01  1.66997372e+03 
 4.73620320e+14  4.62294157e+34  1.35451000e+01  1.24609694e+00  1.21106000e+01  1.21976029e+00  3.37287231e-01  4.20744822e-02  1.13313679e-01  1.63306189e+03 
 4.74324425e+14  4.65367325e+34  1.35511000e+01  1.25167801e+00  1.21226000e+01  1.22538447e+00  3.37879085e-01  4.18157661e-02  1.13178293e-01  1.59860496e+03 
 4.75028530e+14  4.68440493e+34  1.35571000e+01  1.25723550e+00  1.21356000e+01  1.23107861e+00  3.38465006e-01  4.14171561e-02  1.12991111e-01  1.56445647e+03 
 4.75732635e+14  4.71555683e+34  1.35621000e+01  1.26284501e+00  1.21476000e+01  1.23673510e+00  3.39107041e-01  4.11569245e-02  1.12794748e-01  1.53017711e+03 
 4.76436740e+14  4.74708321e+34  1.35681000e+01  1.26849797e+00  1.21596000e+01  1.24243180e+00  3.39703847e-01  4.09024818e-02  1.12651690e-01  1.49779505e+03 
 4.77140845e+14  4.77860960e+34  1.35741000e+01  1.27412687e+00  1.21716000e+01  1.24811297e+00  3.40294659e-01  4.06382907e-02  1.12457042e-01  1.46570605e+03 
 4.77844950e+14  4.81013599e+34  1.35791000e+01  1.27973175e+00  1.21836000e+01  1.25377860e+00  3.40929728e-01  4.03645060e-02  1.12300857e-01  1.43453669e+03 
 4.78549054e+14  4.84166238e+34  1.35851000e+01  1.28531264e+00  1.21956000e+01  1.25942869e+00  3.41508727e-01  4.00812673e-02  1.12100420e-01  1.40425483e+03 
 4.79253159e+14  4.87319568e+34  1.35901000e+01  1.29087079e+00  1.22076000e+01  1.26506424e+00  3.42132385e-01  3.97890269e-02  1.11890072e-01  1.37422970e+03 
 4.79957264e+14  4.90552832e+34  1.35961000e+01  1.29654532e+00  1.22196000e+01  1.27080053e+00  3.42721935e-01  3.95189020e-02  1.11733471e-01  1.34550376e+03 
 4.80661369e+14  4.93786096e+34  1.36021000e+01  1.30219539e+00  1.22316000e+01  1.27652092e+00  3.43305505e-01  3.92392917e-02  1.11525752e-01  1.31702064e+03 
 4.81365474e+14  4.97019360e+34  1.36071000e+01  1.30782105e+00  1.22436000e+01  1.28222540e+00  3.43933688e-01  3.89503761e-02  1.11308087e-01  1.28878764e+03 
 4.82069579e+14  5.00252623e+34  1.36131000e+01  1.31342233e+00  1.22546000e+01  1.28782718e+00  3.44505474e-01  3.87794997e-02  1.11143117e-01  1.26244989e+03 
 4.82773684e+14  5.03485887e+34  1.36181000e+01  1.31899927e+00  1.22666000e+01  1.29349972e+00  3.45122086e-01  3.84720655e-02  1.10920121e-01  1.23577251e+03 
 4.83477789e+14  5.06757422e+34  1.36241000e+01  1.32461756e+00  1.22776000e+01  1.29912373e+00  3.45692445e-01  3.82966733e-02  1.10750160e-01  1.21059624e+03 
 4.84181894e+14  5.10072458e+34  1.36301000e+01  1.33028579e+00  1.22896000e+01  1.30488060e+00  3.46268498e-01  3.80013132e-02  1.10529954e-01  1.18527415e+03 
 4.84885999e+14  5.13387493e+34  1.36351000e+01  1.33592922e+00  1.23016000e+01  1.31062122e+00  3.46889506e-01  3.76968775e-02  1.10347699e-01  1.16066278e+03 
 4.85590104e+14  5.16702529e+34  1.36411000e+01  1.34154791e+00  1.23126000e+01  1.31625792e+00  3.47453816e-01  3.75094574e-02  1.10122453e-01  1.13673777e+03 
 4.86294209e+14  5.20017564e+34  1.36461000e+01  1.34714188e+00  1.23246000e+01  1.32196588e+00  3.48063289e-01  3.71870655e-02  1.09887405e-01  1.11299281e+03 
 4.86998314e+14  5.23332600e+34  1.36521000e+01  1.35271119e+00  1.23356000e+01  1.32756965e+00  3.48615997e-01  3.69813535e-02  1.09705076e-01  1.09085490e+03 
 4.87702419e+14  5.26722808e+34  1.36571000e+01  1.35838160e+00  1.23466000e+01  1.33326161e+00  3.49233409e-01  3.67929214e-02  1.09465483e-01  1.06789627e+03 
 4.88406524e+14  5.30120755e+34  1.36631000e+01  1.36403983e+00  1.23586000e+01  1.33903578e+00  3.49795835e-01  3.64729992e-02  1.09278534e-01  1.04643973e+03 
 4.89110629e+14  5.33518701e+34  1.36681000e+01  1.36967294e+00  1.23696000e+01  1.34470489e+00  3.50403675e-01  3.62689976e-02  1.09034252e-01  1.02467863e+03 
 4.89814734e+14  5.36916648e+34  1.36741000e+01  1.37528101e+00  1.23806000e+01  1.35035710e+00  3.50954475e-01  3.60559205e-02  1.08842625e-01  1.00439356e+03 
 4.90518839e+14  5.40314595e+34  1.36791000e+01  1.38086407e+00  1.23916000e+01  1.35599243e+00  3.51550894e-01  3.58339586e-02  1.08593888e-01  9.83799814e+02 
 4.91222944e+14  5.43739774e+34  1.36851000e+01  1.38646666e+00  1.24026000e+01  1.36164807e+00  3.52096994e-01  3.56122123e-02  1.08397770e-01  9.64453841e+02 
 4.91927049e+14  5.47221763e+34  1.36901000e+01  1.39213674e+00  1.24136000e+01  1.36736409e+00  3.52702942e-01  3.54003969e-02  1.08144568e-01  9.44488601e+02 
 4.92631154e+14  5.50703752e+34  1.36961000e+01  1.39778136e+00  1.24256000e+01  1.37315216e+00  3.53251579e-01  3.50563674e-02  1.07943932e-01  9.25880601e+02 
 4.93335259e+14  5.54185741e+34  1.37011000e+01  1.40340061e+00  1.24366000e+01  1.37883389e+00  3.53846080e-01  3.48271075e-02  1.07733493e-01  9.07377497e+02 
 4.94039364e+14  5.57667730e+34  1.37071000e+01  1.40899451e+00  1.24466000e+01  1.38440890e+00  3.54383215e-01  3.47118184e-02  1.07481690e-01  8.89373681e+02 
 4.94743469e+14  5.61149719e+34  1.37121000e+01  1.41456316e+00  1.24576000e+01  1.39005614e+00  3.54966412e-01  3.44650983e-02  1.07267127e-01  8.71852815e+02 
 4.95447574e+14  5.64693000e+34  1.37171000e+01  1.42020411e+00  1.24686000e+01  1.39576793e+00  3.55558747e-01  3.42291173e-02  1.07003404e-01  8.54129393e+02 
 4.96151679e+14  5.68260153e+34  1.37231000e+01  1.42585736e+00  1.24796000e+01  1.40149405e+00  3.56099231e-01  3.39919455e-02  1.06792018e-01  8.37505958e+02 
 4.96855784e+14  5.71827307e+34  1.37281000e+01  1.43148491e+00  1.24906000e+01  1.40720264e+00  3.56685916e-01  3.37462971e-02  1.06524319e-01  8.20607429e+02 
 4.97559889e+14  5.75394460e+34  1.37341000e+01  1.43708682e+00  1.25006000e+01  1.41280340e+00  3.57214957e-01  3.36136517e-02  1.06309094e-01  8.04868236e+02 
 4.98263994e+14  5.78961613e+34  1.37391000e+01  1.44266316e+00  1.25116000e+01  1.41847691e+00  3.57790389e-01  3.33510489e-02  1.06084200e-01  7.89197692e+02 
 4.98968099e+14  5.82536805e+34  1.37441000e+01  1.44822648e+00  1.25216000e+01  1.42405279e+00  3.58362150e-01  3.32036821e-02  1.05811050e-01  7.73568037e+02 
 4.99672204e+14  5.86190235e+34  1.37501000e+01  1.45388551e+00  1.25326000e+01  1.42980358e+00  3.58894267e-01  3.29499807e-02  1.05589529e-01  7.58695451e+02 
 5.00376309e+14  5.89843666e+34  1.37551000e+01  1.45951853e+00  1.25436000e+01  1.43553651e+00  3.59472915e-01  3.26880928e-02  1.05358343e-01  7.43888764e+02 
 5.01080414e+14  5.93497096e+34  1.37601000e+01  1.46512563e+00  1.25536000e+01  1.44116060e+00  3.60045978e-01  3.25382050e-02  1.05079290e-01  7.29153785e+02 
 5.01784519e+14  5.97150526e+34  1.37661000e+01  1.47070686e+00  1.25636000e+01  1.44676659e+00  3.60561098e-01  3.23798457e-02  1.04852571e-01  7.15437119e+02 
 5.02488623e+14  6.00803957e+34  1.37711000e+01  1.47626233e+00  1.25746000e+01  1.45244600e+00  3.61123047e-01  3.20934117e-02  1.04616296e-01  7.01767408e+02 
 5.03192728e+14  6.04496183e+34  1.37761000e+01  1.48185072e+00  1.25846000e+01  1.45806557e+00  3.61688197e-01  3.19294816e-02  1.04377872e-01  6.88313004e+02 
 5.03896833e+14  6.08236993e+34  1.37811000e+01  1.48748644e+00  1.25946000e+01  1.46372867e+00  3.62258660e-01  3.17707084e-02  1.04091409e-01  6.74741799e+02 
 5.04600938e+14  6.11977803e+34  1.37871000e+01  1.49309597e+00  1.26046000e+01  1.46937340e+00  3.62770940e-01  3.16035893e-02  1.03857141e-01  6.62110930e+02 
 5.05305043e+14  6.15718613e+34  1.37921000e+01  1.49867935e+00  1.26156000e+01  1.47509187e+00  3.63330272e-01  3.13094058e-02  1.03613349e-01  6.49519890e+02 
 5.06009148e+14  6.19459423e+34  1.37971000e+01  1.50423671e+00  1.26256000e+01  1.48070017e+00  3.63884134e-01  3.11261750e-02  1.03368057e-01  6.37254444e+02 
 5.06713253e+14  6.23200233e+34  1.38021000e+01  1.50976810e+00  1.26356000e+01  1.48629022e+00  3.64432552e-01  3.09349641e-02  1.03121308e-01  6.25304297e+02 
 5.07417358e+14  6.27009316e+34  1.38071000e+01  1.51537402e+00  1.26456000e+01  1.49194688e+00  3.64990272e-01  3.07537527e-02  1.02826710e-01  6.13179303e+02 
 5.08121463e+14  6.30838597e+34  1.38131000e+01  1.52098325e+00  1.26556000e+01  1.49761005e+00  3.65493906e-01  3.05697475e-02  1.02583794e-01  6.01839596e+02 
 5.08825568e+14  6.34667878e+34  1.38181000e+01  1.52656611e+00  1.26656000e+01  1.50325463e+00  3.66044932e-01  3.03778103e-02  1.02331441e-01  5.90528738e+02 
 5.09529673e+14  6.38497159e+34  1.38231000e+01  1.53212268e+00  1.26756000e+01  1.50888067e+00  3.66590513e-01  3.01780190e-02  1.02077748e-01  5.79507418e+02 
 5.10233778e+14  6.42326441e+34  1.38281000e+01  1.53765305e+00  1.26846000e+01  1.51439519e+00  3.67130684e-01  3.00876464e-02  1.01822766e-01  5.68766569e+02 
 5.10937883e+14  6.46162509e+34  1.38331000e+01  1.54316703e+00  1.26946000e+01  1.51999241e+00  3.67666897e-01  2.98739550e-02  1.01566411e-01  5.58279125e+02 
 5.11641988e+14  6.50081342e+34  1.38381000e+01  1.54877333e+00  1.27046000e+01  1.52567144e+00  3.68214939e-01  2.96731285e-02  1.01307234e-01  5.47837628e+02 
 5.12346093e+14  6.54000175e+34  1.38431000e+01  1.55435302e+00  1.27146000e+01  1.53133162e+00  3.68757534e-01  2.94646018e-02  1.01046832e-01  5.37662272e+02 
 5.13050198e+14  6.57919008e+34  1.38481000e+01  1.55990618e+00  1.27236000e+01  1.53687944e+00  3.69294717e-01  2.93647172e-02  1.00740687e-01  5.27511393e+02 
 5.13754303e+14  6.61837840e+34  1.38531000e+01  1.56543292e+00  1.27336000e+01  1.54250200e+00  3.69826522e-01  2.91408431e-02  1.00478070e-01  5.17847882e+02 
 5.14458408e+14  6.65756673e+34  1.38581000e+01  1.57093333e+00  1.27426000e+01  1.54801198e+00  3.70352994e-01  2.90254593e-02  1.00214376e-01  5.08426401e+02 
 5.15162513e+14  6.69707747e+34  1.38631000e+01  1.57645245e+00  1.27526000e+01  1.55363524e+00  3.70880632e-01  2.87942820e-02  9.99932298e-02  4.99386014e+02 
 5.15866618e+14  6.73717200e+34  1.38681000e+01  1.58202639e+00  1.27616000e+01  1.55921454e+00  3.71414625e-01  2.86847624e-02  9.96812030e-02  4.90002009e+02 
 5.16570723e+14  6.77726653e+34  1.38731000e+01  1.58757359e+00  1.27716000e+01  1.56486885e+00  3.71943240e-01  2.84522791e-02  9.94565435e-02  4.81282424e+02 
 5.17274828e+14  6.81736106e+34  1.38781000e+01  1.59309416e+00  1.27806000e+01  1.57040976e+00  3.72466519e-01  2.83275049e-02  9.91867209e-02  4.72568483e+02 
 5.17978933e+14  6.85745559e+34  1.38831000e+01  1.59858819e+00  1.27896000e+01  1.57593147e+00  3.72984494e-01  2.81951854e-02  9.89159714e-02  4.64070609e+02 
 5.18683038e+14  6.89755012e+34  1.38881000e+01  1.60405578e+00  1.27996000e+01  1.58152880e+00  3.73497204e-01  2.79408722e-02  9.86443384e-02  4.55782229e+02 
 5.19387143e+14  6.93820496e+34  1.38931000e+01  1.60957299e+00  1.28086000e+01  1.58707714e+00  3.74015519e-01  2.78062617e-02  9.83705262e-02  4.47585285e+02 
 5.20091248e+14  6.97921624e+34  1.38981000e+01  1.61511173e+00  1.28176000e+01  1.59264718e+00  3.74535414e-01  2.76720119e-02  9.80950115e-02  4.39520970e+02 
 5.20795353e+14  7.02022753e+34  1.39031000e+01  1.62062365e+00  1.28266000e+01  1.59819777e+00  3.75050008e-01  2.75303394e-02  9.78186778e-02  4.31655760e+02 
 5.21499458e+14  7.06123882e+34  1.39071000e+01  1.62610884e+00  1.28356000e+01  1.60372897e+00  3.75613358e-01  2.73813695e-02  9.75332183e-02  4.23794938e+02 
 5.22203563e+14  7.10225010e+34  1.39121000e+01  1.63156742e+00  1.28446000e+01  1.60924085e+00  3.76117514e-01  2.72251634e-02  9.72986946e-02  4.16498773e+02 
 5.22907668e+14  7.14326139e+34  1.39171000e+01  1.63699948e+00  1.28536000e+01  1.61473348e+00  3.76616479e-01  2.70618617e-02  9.70200480e-02  4.09195540e+02 
 5.23611773e+14  7.18505289e+34  1.39221000e+01  1.64250792e+00  1.28626000e+01  1.62029460e+00  3.77124818e-01  2.69076904e-02  9.67387345e-02  4.01934393e+02 
 5.24315878e+14  7.22699136e+34  1.39271000e+01  1.64800876e+00  1.28716000e+01  1.62585265e+00  3.77630639e-01  2.67493810e-02  9.64563750e-02  3.94825510e+02 
 5.25019983e+14  7.26892983e+34  1.39311000e+01  1.65348271e+00  1.28806000e+01  1.63139112e+00  3.78185531e-01  2.65840042e-02  9.62079141e-02  3.87889418e+02 
 5.25724087e+14  7.31086830e+34  1.39361000e+01  1.65892988e+00  1.28896000e+01  1.63691008e+00  3.78680990e-01  2.64116230e-02  9.59242226e-02  3.81120918e+02 
 5.26428192e+14  7.35280677e+34  1.39411000e+01  1.66435040e+00  1.28986000e+01  1.64240955e+00  3.79171303e-01  2.62324409e-02  9.56399866e-02  3.74515050e+02 
 5.27132297e+14  7.39478854e+34  1.39451000e+01  1.66974990e+00  1.29066000e+01  1.64779809e+00  3.79711737e-01  2.61593984e-02  9.53893183e-02  3.68060453e+02 
 5.27836402e+14  7.43766448e+34  1.39501000e+01  1.67523733e+00  1.29156000e+01  1.65336139e+00  3.80208706e-01  2.59847402e-02  9.51014037e-02  3.61626464e+02 
 5.28540507e+14  7.48054043e+34  1.39551000e+01  1.68069770e+00  1.29246000e+01  1.65890494e+00  3.80700486e-01  2.58032183e-02  9.48130002e-02  3.55347284e+02 
 5.29244612e+14  7.52341637e+34  1.39591000e+01  1.68613116e+00  1.29326000e+01  1.66433205e+00  3.81241745e-01  2.57264837e-02  9.45580179e-02  3.49218355e+02 
 5.29948717e+14  7.56629231e+34  1.39641000e+01  1.69153781e+00  1.29416000e+01  1.66983613e+00  3.81723321e-01  2.55314171e-02  9.42686445e-02  3.43235219e+02 
 5.30652822e+14  7.60916825e+34  1.39681000e+01  1.69691776e+00  1.29496000e+01  1.67522368e+00  3.82254556e-01  2.54409362e-02  9.39703943e-02  3.37242369e+02 
 5.31356927e+14  7.65225718e+34  1.39731000e+01  1.70229767e+00  1.29586000e+01  1.68071136e+00  3.82729757e-01  2.52366112e-02  9.37217328e-02  3.31661457e+02 
 5.32061032e+14  7.69608074e+34  1.39771000e+01  1.70774221e+00  1.29666000e+01  1.68616060e+00  3.83267445e-01  2.51499956e-02  9.34199618e-02  3.25823096e+02 
 5.32765137e+14  7.73990429e+34  1.39821000e+01  1.71315969e+00  1.29756000e+01  1.69168708e+00  3.83745229e-01  2.49459437e-02  9.31682371e-02  3.20412199e+02 
 5.33469242e+14  7.78372785e+34  1.39861000e+01  1.71855024e+00  1.29836000e+01  1.69709629e+00  3.84272901e-01  2.48458413e-02  9.28657426e-02  3.14844342e+02 
 5.34173347e+14  7.82755141e+34  1.39911000e+01  1.72391398e+00  1.29916000e+01  1.70248552e+00  3.84740634e-01  2.47390201e-02  9.26131843e-02  3.09686692e+02 
 5.34877452e+14  7.87137497e+34  1.39951000e+01  1.72925101e+00  1.29996000e+01  1.70785486e+00  3.85258427e-01  2.46256365e-02  9.23101039e-02  3.04373932e+02 
 5.35581557e+14  7.91555925e+34  1.40001000e+01  1.73460510e+00  1.30086000e+01  1.71333977e+00  3.85722265e-01  2.44021902e-02  9.20557661e-02  2.99413907e+02 
 5.36285662e+14  7.96034042e+34  1.40041000e+01  1.74000444e+00  1.30166000e+01  1.71876897e+00  3.86246206e-01  2.42924004e-02  9.17906975e-02  2.94368468e+02 
 5.36989767e+14  8.00512158e+34  1.40091000e+01  1.74537673e+00  1.30246000e+01  1.72417797e+00  3.86710004e-01  2.41760465e-02  9.14925934e-02  2.89440689e+02 
 5.37693872e+14  8.04990275e+34  1.40131000e+01  1.75072211e+00  1.30326000e+01  1.72956685e+00  3.87224082e-01  2.40532486e-02  9.12269235e-02  2.84627224e+02 
 5.38397977e+14  8.09468392e+34  1.40171000e+01  1.75604067e+00  1.30406000e+01  1.73493571e+00  3.87733302e-01  2.39240478e-02  9.09609453e-02  2.79924786e+02 
 5.39102082e+14  8.13946509e+34  1.40221000e+01  1.76133257e+00  1.30486000e+01  1.74028459e+00  3.88182328e-01  2.37885979e-02  9.06623562e-02  2.75330200e+02 
 5.39806187e+14  8.18473138e+34  1.40261000e+01  1.76665485e+00  1.30566000e+01  1.74566274e+00  3.88689685e-01  2.36548010e-02  9.03944708e-02  2.70792323e+02 
 5.40510292e+14  8.23048000e+34  1.40301000e+01  1.77200681e+00  1.30646000e+01  1.75106951e+00  3.89199948e-01  2.35225739e-02  9.01248647e-02  2.66311493e+02 
 5.41214397e+14  8.27622862e+34  1.40351000e+01  1.77733173e+00  1.30726000e+01  1.75645605e+00  3.89649818e-01  2.33840373e-02  8.98230262e-02  2.61933558e+02 
 5.41918502e+14  8.32197723e+34  1.40391000e+01  1.78262977e+00  1.30806000e+01  1.76182243e+00  3.90150360e-01  2.32393684e-02  8.95531167e-02  2.57655633e+02 
 5.42622607e+14  8.36772585e+34  1.40431000e+01  1.78790107e+00  1.30876000e+01  1.76706966e+00  3.90646130e-01  2.31965881e-02  8.92830518e-02  2.53474883e+02 
 5.43326712e+14  8.41347447e+34  1.40471000e+01  1.79314572e+00  1.30956000e+01  1.77239585e+00  3.91137154e-01  2.30396999e-02  8.90128565e-02  2.49388581e+02 
 5.44030817e+14  8.46173904e+34  1.40511000e+01  1.79865042e+00  1.31036000e+01  1.77794997e+00  3.91662387e-01  2.29151855e-02  8.86943918e-02  2.45065595e+02 
 5.44734922e+14  8.51169148e+34  1.40561000e+01  1.80431852e+00  1.31116000e+01  1.78364865e+00  3.92152801e-01  2.28097003e-02  8.84194466e-02  2.40920821e+02 
 5.45439027e+14  8.56164393e+34  1.40601000e+01  1.80995729e+00  1.31196000e+01  1.78932525e+00  3.92693783e-01  2.26974674e-02  8.80956662e-02  2.36659173e+02 
 5.46143132e+14  8.61159638e+34  1.40651000e+01  1.81556688e+00  1.31276000e+01  1.79497989e+00  3.93173706e-01  2.25785476e-02  8.78205737e-02  2.32711325e+02 
 5.46847237e+14  8.66154882e+34  1.40691000e+01  1.82114745e+00  1.31356000e+01  1.80061261e+00  3.93704408e-01  2.24531466e-02  8.75367326e-02  2.28751920e+02 
 5.47551342e+14  8.71150127e+34  1.40731000e+01  1.82669911e+00  1.31436000e+01  1.80622354e+00  3.94230056e-01  2.23212708e-02  8.72131527e-02  2.24783355e+02 
 5.48255447e+14  8.76348311e+34  1.40781000e+01  1.83244609e+00  1.31526000e+01  1.81210711e+00  3.94724814e-01  2.21055257e-02  8.69315507e-02  2.20958135e+02 
 5.48959552e+14  8.81647972e+34  1.40821000e+01  1.83827461e+00  1.31606000e+01  1.81796487e+00  3.95285407e-01  2.20040477e-02  8.66379589e-02  2.17050987e+02 
 5.49663656e+14  8.86947633e+34  1.40871000e+01  1.84407241e+00  1.31686000e+01  1.82379935e+00  3.95784484e-01  2.18957070e-02  8.63137165e-02  2.13238853e+02 
 5.50367761e+14  8.92247294e+34  1.40911000e+01  1.84983962e+00  1.31766000e+01  1.82961063e+00  3.96334442e-01  2.17806403e-02  8.60202693e-02  2.09518935e+02 
 5.51071866e+14  8.97546955e+34  1.40961000e+01  1.85557642e+00  1.31846000e+01  1.83539880e+00  3.96822871e-01  2.16589589e-02  8.56964903e-02  2.05888481e+02 
 5.51775971e+14  9.02846616e+34  1.41001000e+01  1.86128293e+00  1.31926000e+01  1.84116397e+00  3.97362382e-01  2.15307655e-02  8.54033391e-02  2.02344881e+02 
 5.52480076e+14  9.08235012e+34  1.41041000e+01  1.86705423e+00  1.32006000e+01  1.84698876e+00  3.97909465e-01  2.14080154e-02  8.51074449e-02  1.98828285e+02 
 5.53184181e+14  9.13660888e+34  1.41091000e+01  1.87283481e+00  1.32086000e+01  1.85282498e+00  3.98400195e-01  2.12836746e-02  8.47804299e-02  1.95372388e+02 
 5.53888286e+14  9.19086763e+34  1.41131000e+01  1.87858463e+00  1.32166000e+01  1.85863772e+00  3.98942152e-01  2.11528892e-02  8.44837726e-02  1.91999434e+02 
 5.54592391e+14  9.24512638e+34  1.41171000e+01  1.88430381e+00  1.32246000e+01  1.86442710e+00  3.99478941e-01  2.10156982e-02  8.41873318e-02  1.88706975e+02 
 5.55296496e+14  9.29938514e+34  1.41211000e+01  1.88999252e+00  1.32326000e+01  1.87019318e+00  4.00010611e-01  2.08722702e-02  8.38526866e-02  1.85407621e+02 
 5.56000601e+14  9.35364389e+34  1.41261000e+01  1.89565090e+00  1.32396000e+01  1.87583471e+00  4.00480483e-01  2.08271043e-02  8.35656461e-02  1.82354183e+02 
 5.56704706e+14  9.40880496e+34  1.41301000e+01  1.90137256e+00  1.32476000e+01  1.88163592e+00  4.01014388e-01  2.06824957e-02  8.32672036e-02  1.79238966e+02 
 5.57408811e+14  9.46434039e+34  1.41341000e+01  1.90710215e+00  1.32556000e+01  1.88744734e+00  4.01548307e-01  2.05363496e-02  8.29678570e-02  1.76177024e+02 
 5.58112916e+14  9.51987583e+34  1.41381000e+01  1.91280093e+00  1.32626000e+01  1.89313340e+00  4.02077106e-01  2.04879821e-02  8.26688604e-02  1.73187564e+02 
 5.58817021e+14  9.57541126e+34  1.41421000e+01  1.91846904e+00  1.32706000e+01  1.89889756e+00  4.02600823e-01  2.03294547e-02  8.23323481e-02  1.70190150e+02 
 5.59521126e+14  9.63094670e+34  1.41471000e+01  1.92410665e+00  1.32776000e+01  1.90453631e+00  4.03062499e-01  2.02685498e-02  8.20430197e-02  1.67417724e+02 
 5.60225231e+14  9.68648213e+34  1.41511000e+01  1.92971389e+00  1.32856000e+01  1.91025360e+00  4.03576110e-01  2.00980499e-02  8.17453482e-02  1.64633349e+02 
 5.60929336e+14  9.74289159e+34  1.41551000e+01  1.93537856e+00  1.32926000e+01  1.91592212e+00  4.04096325e-01  2.00352051e-02  8.14452634e-02  1.61871090e+02 
 5.61633441e+14  9.79971799e+34  1.41591000e+01  1.94105420e+00  1.33006000e+01  1.92170553e+00  4.04617001e-01  1.98679368e-02  8.11442815e-02  1.59153515e+02 
 5.62337546e+14  9.85654438e+34  1.41631000e+01  1.94669901e+00  1.33076000e+01  1.92736277e+00  4.05132638e-01  1.97977314e-02  8.08437967e-02  1.56499389e+02 
 5.63041651e+14  9.91337077e+34  1.41671000e+01  1.95231315e+00  1.33146000e+01  1.93299610e+00  4.05643266e-01  1.97214726e-02  8.05438296e-02  1.53906888e+02 
 5.63745756e+14  9.97019717e+34  1.41711000e+01  1.95789676e+00  1.33226000e+01  1.93870836e+00  4.06148920e-01  1.95366101e-02  8.02444020e-02  1.51374249e+02 
 5.64449861e+14  1.00270236e+35  1.41751000e+01  1.96345003e+00  1.33296000e+01  1.94429439e+00  4.06649649e-01  1.94486323e-02  7.99455421e-02  1.48899768e+02 
 5.65153966e+14  1.00846500e+35  1.41791000e+01  1.96905072e+00  1.33366000e+01  1.94992498e+00  4.07155665e-01  1.93635273e-02  7.96446469e-02  1.46448113e+02 
 5.65858071e+14  1.01427814e+35  1.41831000e+01  1.97466961e+00  1.33436000e+01  1.95557446e+00  4.07663136e-01  1.92780519e-02  7.93427062e-02  1.44032003e+02 
 5.66562176e+14  1.02009128e+35  1.41861000e+01  1.98025768e+00  1.33506000e+01  1.96119986e+00  4.08223187e-01  1.91867303e-02  7.90325903e-02  1.41605835e+02 
 5.67266281e+14  1.02590441e+35  1.41901000e+01  1.98581510e+00  1.33576000e+01  1.96680131e+00  4.08720801e-01  1.90895901e-02  7.87684698e-02  1.39365099e+02 
 5.67970386e+14  1.03171755e+35  1.41941000e+01  1.99134204e+00  1.33646000e+01  1.97237891e+00  4.09213521e-01  1.89867785e-02  7.84683519e-02  1.37111191e+02 
 5.68674491e+14  1.03753068e+35  1.41981000e+01  1.99683865e+00  1.33716000e+01  1.97793279e+00  4.09701373e-01  1.88783347e-02  7.81689169e-02  1.34908327e+02 
 5.69378596e+14  1.04341163e+35  1.42021000e+01  2.00236875e+00  1.33786000e+01  1.98351901e+00  4.10192707e-01  1.87712931e-02  7.78679816e-02  1.32730226e+02 
 5.70082701e+14  1.04935664e+35  1.42061000e+01  2.00792826e+00  1.33856000e+01  1.98913404e+00  4.10686985e-01  1.86651649e-02  7.75656868e-02  1.30578415e+02 
 5.70786806e+14  1.05530164e+35  1.42091000e+01  2.01345701e+00  1.33926000e+01  1.99472494e+00  4.11234246e-01  1.85534661e-02  7.72913298e-02  1.28475467e+02 
 5.71490911e+14  1.06124665e+35  1.42131000e+01  2.01895517e+00  1.33996000e+01  2.00029182e+00  4.11718809e-01  1.84362702e-02  7.69904235e-02  1.26419995e+02 
 5.72195016e+14  1.06719165e+35  1.42171000e+01  2.02442290e+00  1.34066000e+01  2.00583476e+00  4.12198544e-01  1.83136963e-02  7.66902956e-02  1.24410682e+02 
 5.72899121e+14  1.07313666e+35  1.42201000e+01  2.02986038e+00  1.34126000e+01  2.01124989e+00  4.12731537e-01  1.82862520e-02  7.63821578e-02  1.22389093e+02 
 5.73603225e+14  1.07913223e+35  1.42241000e+01  2.03531367e+00  1.34196000e+01  2.01678581e+00  4.13207726e-01  1.81577090e-02  7.61175641e-02  1.20509283e+02 
 5.74307330e+14  1.08521045e+35  1.42281000e+01  2.04081139e+00  1.34266000e+01  2.02236377e+00  4.13688830e-01  1.80317705e-02  7.58154679e-02  1.18589543e+02 
 5.75011435e+14  1.09128866e+35  1.42311000e+01  2.04627843e+00  1.34326000e+01  2.02781320e+00  4.14223316e-01  1.80005145e-02  7.55407580e-02  1.16712788e+02 
 5.75715540e+14  1.09736688e+35  1.42351000e+01  2.05171496e+00  1.34396000e+01  2.03334290e+00  4.14694841e-01  1.78638377e-02  7.52402594e-02  1.14877810e+02 
 5.76419645e+14  1.10344510e+35  1.42391000e+01  2.05712117e+00  1.34456000e+01  2.03874402e+00  4.15161606e-01  1.78217922e-02  7.49406405e-02  1.13083466e+02 
 5.77123750e+14  1.10952332e+35  1.42421000e+01  2.06249720e+00  1.34526000e+01  2.04422594e+00  4.15682016e-01  1.76747382e-02  7.46681228e-02  1.11328647e+02 
 5.77827855e+14  1.11562958e+35  1.42461000e+01  2.06786787e+00  1.34586000e+01  2.04960105e+00  4.16142591e-01  1.76246814e-02  7.43692986e-02  1.09604425e+02 
 5.78531960e+14  1.12184232e+35  1.42491000e+01  2.07330155e+00  1.34656000e+01  2.05513951e+00  4.16668971e-01  1.74794637e-02  7.40940097e-02  1.07888781e+02 
 5.79236065e+14  1.12805506e+35  1.42531000e+01  2.07870469e+00  1.34716000e+01  2.06054876e+00  4.17132155e-01  1.74283291e-02  7.37935556e-02  1.06211000e+02 
 5.79940170e+14  1.13426781e+35  1.42561000e+01  2.08407743e+00  1.34786000e+01  2.06603886e+00  4.17649202e-01  1.72730100e-02  7.35198393e-02  1.04570057e+02 
 5.80644275e+14  1.14048055e+35  1.42591000e+01  2.08941995e+00  1.34846000e+01  2.07139993e+00  4.18161665e-01  1.72115317e-02  7.32124021e-02  1.02916479e+02 
 5.81348380e+14  1.14669329e+35  1.42631000e+01  2.09473245e+00  1.34906000e+01  2.07673696e+00  4.18610863e-01  1.71449779e-02  7.29491065e-02  1.01394684e+02 
