# rhoc (cgs) 	 Pc (cgs) 	 R (km) 	 M (msol) 	 R_core (km) 	 M_core (msol) 	 I/(MR^2) 	 I_crust/(M_crust R_crust^2)/(I/(MR^2)) 	 k_2 	 Lambda 
 2.30000000e+14  2.47949272e+33  1.97811000e+01  1.41552223e-01  6.71060000e+00  9.72539611e-02  6.22023930e-02  5.25782097e-01  5.87811661e-03  2.97492006e+07 
 2.31801587e+14  2.51839481e+33  1.95931000e+01  1.42849491e-01  6.73460000e+00  9.86634322e-02  6.34985148e-02  5.20900344e-01  6.17088799e-03  2.84471220e+07 
 2.33603174e+14  2.55741938e+33  1.94121000e+01  1.44136512e-01  6.75860000e+00  1.00078503e-01  6.47854868e-02  5.15976992e-01  6.46986971e-03  2.72242843e+07 
 2.35404760e+14  2.59645287e+33  1.92411000e+01  1.45409630e-01  6.78160000e+00  1.01466496e-01  6.60395831e-02  5.11278429e-01  6.76890178e-03  2.60777568e+07 
 2.37206347e+14  2.63548637e+33  1.90771000e+01  1.46668639e-01  6.80460000e+00  1.02857315e-01  6.72773007e-02  5.06534580e-01  7.07172178e-03  2.50016703e+07 
 2.39007934e+14  2.67451986e+33  1.89201000e+01  1.47913638e-01  6.82660000e+00  1.04219864e-01  6.84956440e-02  5.02018431e-01  7.37724819e-03  2.39904731e+07 
 2.40809521e+14  2.71354643e+33  1.87701000e+01  1.49144515e-01  6.84760000e+00  1.05553333e-01  6.96915454e-02  4.97732192e-01  7.68430559e-03  2.30393118e+07 
 2.42611107e+14  2.75253829e+33  1.86271000e+01  1.50360504e-01  6.86860000e+00  1.06887941e-01  7.08618447e-02  4.93402311e-01  7.99162679e-03  2.21442485e+07 
 2.44412694e+14  2.79153015e+33  1.84901000e+01  1.51562808e-01  6.88960000e+00  1.08224207e-01  7.20112976e-02  4.89029985e-01  8.30011948e-03  2.13003045e+07 
 2.46214281e+14  2.83052202e+33  1.83581000e+01  1.52751549e-01  6.90960000e+00  1.09530307e-01  7.31452740e-02  4.84891667e-01  8.61100991e-03  2.05037362e+07 
 2.48015868e+14  2.86951388e+33  1.82311000e+01  1.53926855e-01  6.92860000e+00  1.10805626e-01  7.42616873e-02  4.80989622e-01  8.92341823e-03  1.97511333e+07 
 2.49817454e+14  2.90840545e+33  1.81101000e+01  1.55085865e-01  6.94760000e+00  1.12079944e-01  7.53498683e-02  4.77044772e-01  9.23383673e-03  1.90411742e+07 
 2.51619041e+14  2.94714456e+33  1.79941000e+01  1.56227131e-01  6.96560000e+00  1.13319984e-01  7.64155337e-02  4.73333932e-01  9.54360432e-03  1.83716923e+07 
 2.53420628e+14  2.98588368e+33  1.78821000e+01  1.57355321e-01  6.98360000e+00  1.14560226e-01  7.74655716e-02  4.69585237e-01  9.85446526e-03  1.77372738e+07 
 2.55222215e+14  3.02462280e+33  1.77751000e+01  1.58470575e-01  7.00160000e+00  1.15800629e-01  7.84895189e-02  4.65798825e-01  1.01627853e-02  1.71355568e+07 
 2.57023801e+14  3.06336192e+33  1.76711000e+01  1.59573039e-01  7.01860000e+00  1.17008386e-01  7.95032367e-02  4.62255175e-01  1.04733656e-02  1.65643725e+07 
 2.58825388e+14  3.10179255e+33  1.75721000e+01  1.60654153e-01  7.03460000e+00  1.18177786e-01  8.04865748e-02  4.58946687e-01  1.07794732e-02  1.60259750e+07 
 2.60626975e+14  3.14003676e+33  1.74771000e+01  1.61717461e-01  7.05160000e+00  1.19376421e-01  8.14469889e-02  4.55316557e-01  1.10831078e-02  1.55164450e+07 
 2.62428562e+14  3.17828097e+33  1.73841000e+01  1.62768359e-01  7.06660000e+00  1.20508198e-01  8.24022092e-02  4.52214407e-01  1.13899455e-02  1.50314595e+07 
 2.64230148e+14  3.21652518e+33  1.72961000e+01  1.63807002e-01  7.08260000e+00  1.21672291e-01  8.33226343e-02  4.48796832e-01  1.16895360e-02  1.45694878e+07 
 2.66031735e+14  3.25476939e+33  1.72091000e+01  1.64833541e-01  7.09760000e+00  1.22802115e-01  8.42453357e-02  4.45627993e-01  1.19945455e-02  1.41291170e+07 
 2.67833322e+14  3.29236583e+33  1.71281000e+01  1.65830855e-01  7.11160000e+00  1.23886559e-01  8.51190692e-02  4.42691826e-01  1.22868888e-02  1.37160657e+07 
 2.69634909e+14  3.32984440e+33  1.70491000e+01  1.66813173e-01  7.12560000e+00  1.24967550e-01  8.59827517e-02  4.39721194e-01  1.25798022e-02  1.33228692e+07 
 2.71436495e+14  3.36732297e+33  1.69721000e+01  1.67783791e-01  7.13960000e+00  1.26047025e-01  8.68359096e-02  4.36719584e-01  1.28729104e-02  1.29471157e+07 
 2.73238082e+14  3.40480154e+33  1.68981000e+01  1.68742865e-01  7.15260000e+00  1.27090961e-01  8.76674581e-02  4.33971368e-01  1.31619118e-02  1.25877946e+07 
 2.75039669e+14  3.46000992e+33  1.67921000e+01  1.70138046e-01  7.17160000e+00  1.28622280e-01  8.88769650e-02  4.29915447e-01  1.35886092e-02  1.20854061e+07 
 2.76841256e+14  3.57115192e+33  1.65861000e+01  1.72983788e-01  7.21060000e+00  1.31781588e-01  9.13029374e-02  4.21505639e-01  1.44661392e-02  1.11330817e+07 
 2.78642842e+14  3.64315202e+33  1.64581000e+01  1.74835625e-01  7.23460000e+00  1.33806646e-01  9.28642094e-02  4.16396395e-01  1.50464970e-02  1.05621568e+07 
 2.80444429e+14  3.71686631e+33  1.63321000e+01  1.76732798e-01  7.25960000e+00  1.35908568e-01  9.44442641e-02  4.11023380e-01  1.56460944e-02  1.00137953e+07 
 2.82246016e+14  3.79073870e+33  1.62111000e+01  1.78635074e-01  7.28360000e+00  1.37991123e-01  9.60046066e-02  4.05924579e-01  1.62501257e-02  9.49847445e+06 
 2.84047603e+14  3.86648494e+33  1.60911000e+01  1.80586358e-01  7.30860000e+00  1.40152998e-01  9.75944660e-02  4.00570672e-01  1.68781551e-02  9.00320887e+06 
 2.85849189e+14  3.94240236e+33  1.59761000e+01  1.82542492e-01  7.33260000e+00  1.42294286e-01  9.91614560e-02  3.95497285e-01  1.75089952e-02  8.53814604e+06 
 2.87650776e+14  4.02005728e+33  1.58621000e+01  1.84543613e-01  7.35660000e+00  1.44476487e-01  1.00756740e-01  3.90457201e-01  1.81639234e-02  8.09256822e+06 
 2.89452363e+14  4.09804534e+33  1.57531000e+01  1.86553125e-01  7.38060000e+00  1.46675303e-01  1.02325899e-01  3.85418332e-01  1.88196761e-02  7.67358005e+06 
 2.91253950e+14  4.17763261e+33  1.56451000e+01  1.88603487e-01  7.40460000e+00  1.48912135e-01  1.03921760e-01  3.80412767e-01  1.94993098e-02  7.27328746e+06 
 2.93055536e+14  4.25771676e+33  1.55411000e+01  1.90665807e-01  7.42860000e+00  1.51167675e-01  1.05501497e-01  3.75415136e-01  2.01838851e-02  6.89632684e+06 
 2.94857123e+14  4.33926002e+33  1.54391000e+01  1.92764745e-01  7.45260000e+00  1.53458314e-01  1.07092721e-01  3.70449951e-01  2.08855929e-02  6.53712883e+06 
 2.96658710e+14  4.42146553e+33  1.53411000e+01  1.94879239e-01  7.47660000e+00  1.55769891e-01  1.08664561e-01  3.65498749e-01  2.15900165e-02  6.19834833e+06 
 2.98460297e+14  4.50498838e+33  1.52441000e+01  1.97026051e-01  7.50060000e+00  1.58113625e-01  1.10259522e-01  3.60578464e-01  2.23175089e-02  5.87631113e+06 
 3.00261883e+14  4.58934037e+33  1.51511000e+01  1.99192041e-01  7.52460000e+00  1.60480632e-01  1.11832204e-01  3.55677750e-01  2.30456863e-02  5.57210052e+06 
 3.02063470e+14  4.67486635e+33  1.50601000e+01  2.01385994e-01  7.54760000e+00  1.62838938e-01  1.13411012e-01  3.51095130e-01  2.37884511e-02  5.28357048e+06 
 3.03865057e+14  4.76138978e+33  1.49711000e+01  2.03602772e-01  7.57160000e+00  1.65260598e-01  1.14994576e-01  3.46247989e-01  2.45453421e-02  5.01057527e+06 
 3.05666644e+14  4.84894239e+33  1.48851000e+01  2.05843123e-01  7.59460000e+00  1.67670089e-01  1.16566414e-01  3.41716288e-01  2.53074365e-02  4.75218683e+06 
 3.07468230e+14  4.93766204e+33  1.48011000e+01  2.08109958e-01  7.61860000e+00  1.70145905e-01  1.18140945e-01  3.36924889e-01  2.60821743e-02  4.50731418e+06 
 3.09269817e+14  5.02726473e+33  1.47201000e+01  2.10395951e-01  7.64160000e+00  1.72606062e-01  1.19700120e-01  3.32445805e-01  2.68596998e-02  4.27598766e+06 
 3.11071404e+14  5.11820520e+33  1.46401000e+01  2.12712101e-01  7.66460000e+00  1.75096504e-01  1.21276348e-01  3.28000595e-01  2.76575444e-02  4.05640425e+06 
 3.12872991e+14  5.20988137e+33  1.45631000e+01  2.15042980e-01  7.68760000e+00  1.77606612e-01  1.22833970e-01  3.23575053e-01  2.84560546e-02  3.84933649e+06 
 3.14674577e+14  5.30306711e+33  1.44881000e+01  2.17407687e-01  7.71060000e+00  1.80149606e-01  1.24390345e-01  3.19187580e-01  2.92640469e-02  3.65245996e+06 
 3.16476164e+14  5.39684010e+33  1.44161000e+01  2.19782696e-01  7.73360000e+00  1.82709218e-01  1.25924068e-01  3.14816130e-01  3.00696138e-02  3.46711046e+06 
 3.18277751e+14  5.49229536e+33  1.43441000e+01  2.22195199e-01  7.75660000e+00  1.85304352e-01  1.27489647e-01  3.10486762e-01  3.09038937e-02  3.29059738e+06 
 3.20079338e+14  5.58818848e+33  1.42761000e+01  2.24613583e-01  7.77860000e+00  1.87872795e-01  1.29011479e-01  3.06457250e-01  3.17225670e-02  3.12467270e+06 
 3.21880924e+14  5.68593733e+33  1.42081000e+01  2.27073117e-01  7.80160000e+00  1.90519438e-01  1.30564432e-01  3.02185643e-01  3.25694491e-02  2.96640337e+06 
 3.23682511e+14  5.78397381e+33  1.41431000e+01  2.29534129e-01  7.82460000e+00  1.93176567e-01  1.32087942e-01  2.97922306e-01  3.34088124e-02  2.81783872e+06 
 3.25484098e+14  5.88404013e+33  1.40801000e+01  2.32039926e-01  7.84660000e+00  1.95833614e-01  1.33604389e-01  2.93995038e-01  3.42520601e-02  2.67590187e+06 
 3.27285685e+14  5.98425797e+33  1.40181000e+01  2.34543189e-01  7.86860000e+00  1.98497875e-01  1.35125491e-01  2.90071565e-01  3.51088252e-02  2.54282407e+06 
 3.29087271e+14  6.08665067e+33  1.39581000e+01  2.37094108e-01  7.89160000e+00  2.01246117e-01  1.36637928e-01  2.85913711e-01  3.59678514e-02  2.41551976e+06 
 3.30888858e+14  6.18921012e+33  1.39001000e+01  2.39642293e-01  7.91360000e+00  2.03960255e-01  1.38133490e-01  2.82045617e-01  3.68258988e-02  2.29611708e+06 
 3.32690445e+14  6.29381557e+33  1.38431000e+01  2.42234165e-01  7.93560000e+00  2.06714312e-01  1.39637343e-01  2.78224970e-01  3.76970074e-02  2.18205176e+06 
 3.34492032e+14  6.39874002e+33  1.37881000e+01  2.44826510e-01  7.95760000e+00  2.09477731e-01  1.41122462e-01  2.74410804e-01  3.85651015e-02  2.07487897e+06 
 3.36293618e+14  6.50558122e+33  1.37341000e+01  2.47458599e-01  7.97960000e+00  2.12278417e-01  1.42613739e-01  2.70640069e-01  3.94446926e-02  1.97262819e+06 
 3.38095205e+14  6.61289386e+33  1.36821000e+01  2.50094347e-01  8.00060000e+00  2.15048178e-01  1.44084380e-01  2.67161943e-01  4.03190654e-02  1.87639066e+06 
 3.39896792e+14  6.72199376e+33  1.36311000e+01  2.52765922e-01  8.02260000e+00  2.17894897e-01  1.45558948e-01  2.63439406e-01  4.12031805e-02  1.78468276e+06 
 3.41698379e+14  6.83171758e+33  1.35821000e+01  2.55444320e-01  8.04460000e+00  2.20755559e-01  1.47010942e-01  2.59728943e-01  4.20797160e-02  1.69822233e+06 
 3.43499965e+14  6.94309906e+33  1.35341000e+01  2.58154664e-01  8.06560000e+00  2.23604917e-01  1.48464551e-01  2.56335438e-01  4.29640573e-02  1.61592312e+06 
 3.45301552e+14  7.05525684e+33  1.34871000e+01  2.60874958e-01  8.08660000e+00  2.26470045e-01  1.49915852e-01  2.52955499e-01  4.38545695e-02  1.53820479e+06 
 3.47103139e+14  7.16894273e+33  1.34421000e+01  2.63623355e-01  8.10860000e+00  2.29407756e-01  1.51344442e-01  2.49325401e-01  4.47349088e-02  1.46430361e+06 
 3.48904726e+14  7.28355706e+33  1.33971000e+01  2.66384796e-01  8.12960000e+00  2.32320027e-01  1.52792125e-01  2.45992326e-01  4.56365791e-02  1.39440294e+06 
 3.50706312e+14  7.39957011e+33  1.33541000e+01  2.69170547e-01  8.15060000e+00  2.35258520e-01  1.54214656e-01  2.42685479e-01  4.65258269e-02  1.32799952e+06 
 3.52507899e+14  7.51666337e+33  1.33131000e+01  2.71972387e-01  8.17160000e+00  2.38217338e-01  1.55609225e-01  2.39397074e-01  4.74003555e-02  1.26509135e+06 
 3.54309486e+14  7.63502628e+33  1.32721000e+01  2.74794795e-01  8.19260000e+00  2.41199758e-01  1.57022343e-01  2.36131055e-01  4.82949115e-02  1.20538412e+06 
 3.56111073e+14  7.75462065e+33  1.32321000e+01  2.77636289e-01  8.21260000e+00  2.44159891e-01  1.58429995e-01  2.33162773e-01  4.91912446e-02  1.14873250e+06 
 3.57912659e+14  7.87535602e+33  1.31941000e+01  2.80494669e-01  8.23360000e+00  2.47185667e-01  1.59806911e-01  2.29935405e-01  5.00694790e-02  1.09500789e+06 
 3.59714246e+14  7.99747347e+33  1.31561000e+01  2.83375077e-01  8.25360000e+00  2.50190924e-01  1.61201396e-01  2.27006580e-01  5.09666742e-02  1.04395614e+06 
 3.61515833e+14  8.12060387e+33  1.31201000e+01  2.86268752e-01  8.27460000e+00  2.53259707e-01  1.62562595e-01  2.23816426e-01  5.18431514e-02  9.95579114e+05 
 3.63317420e+14  8.24526615e+33  1.30841000e+01  2.89187334e-01  8.29460000e+00  2.56309714e-01  1.63940992e-01  2.20925468e-01  5.27378851e-02  9.49541659e+05 
 3.65119006e+14  8.37081405e+33  1.30501000e+01  2.92115630e-01  8.31460000e+00  2.59375166e-01  1.65283532e-01  2.18044399e-01  5.36091832e-02  9.05947003e+05 
 3.66920593e+14  8.49804270e+33  1.30161000e+01  2.95071656e-01  8.33460000e+00  2.62469317e-01  1.66642879e-01  2.15188986e-01  5.44979613e-02  8.64401576e+05 
 3.68722180e+14  8.62603053e+33  1.29841000e+01  2.98033911e-01  8.35460000e+00  2.65576403e-01  1.67963790e-01  2.12340059e-01  5.53605072e-02  8.25086128e+05 
 3.70523767e+14  8.75584688e+33  1.29521000e+01  3.01026644e-01  8.37460000e+00  2.68714314e-01  1.69301093e-01  2.09518635e-01  5.62396828e-02  7.87566987e+05 
 3.72325353e+14  8.88629696e+33  1.29211000e+01  3.04022200e-01  8.39460000e+00  2.71862684e-01  1.70623795e-01  2.06700458e-01  5.71118650e-02  7.52082825e+05 
 3.74126940e+14  9.01872212e+33  1.28911000e+01  3.07050913e-01  8.41460000e+00  2.75043959e-01  1.71936312e-01  2.03911566e-01  5.79780576e-02  7.18174470e+05 
 3.75928527e+14  9.15165672e+33  1.28611000e+01  3.10079124e-01  8.43360000e+00  2.78185950e-01  1.73259130e-01  2.01391403e-01  5.88579912e-02  6.86122635e+05 
 3.77730114e+14  9.28671157e+33  1.28331000e+01  3.13143090e-01  8.45360000e+00  2.81409972e-01  1.74544099e-01  1.98632796e-01  5.97077007e-02  6.55454359e+05 
 3.79531700e+14  9.42215288e+33  1.28051000e+01  3.16203309e-01  8.47260000e+00  2.84591877e-01  1.75837854e-01  1.96138363e-01  6.05697297e-02  6.26479460e+05 
 3.81333287e+14  9.55985809e+33  1.27781000e+01  3.19301805e-01  8.49160000e+00  2.87810274e-01  1.77119973e-01  1.93674811e-01  6.14230170e-02  5.98720421e+05 
 3.83134874e+14  9.69782822e+33  1.27521000e+01  3.22393400e-01  8.51160000e+00  2.91079706e-01  1.78381905e-01  1.90938750e-01  6.22635115e-02  5.72505714e+05 
 3.84936461e+14  9.83820422e+33  1.27261000e+01  3.25525708e-01  8.53060000e+00  2.94339604e-01  1.79659437e-01  1.88501134e-01  6.31182389e-02  5.47360499e+05 
 3.86738047e+14  9.97872521e+33  1.27011000e+01  3.28648041e-01  8.54960000e+00  2.97600053e-01  1.80915273e-01  1.86053695e-01  6.39586711e-02  5.23623643e+05 
 3.88539634e+14  1.01217922e+34  1.26771000e+01  3.31813440e-01  8.56760000e+00  3.00851988e-01  1.82157972e-01  1.83902675e-01  6.47874424e-02  5.00828381e+05 
 3.90341221e+14  1.02649755e+34  1.26531000e+01  3.34967863e-01  8.58660000e+00  3.04152330e-01  1.83406322e-01  1.81477377e-01  6.56257112e-02  4.79304375e+05 
 3.92142808e+14  1.04106640e+34  1.26301000e+01  3.38163674e-01  8.60560000e+00  3.07491849e-01  1.84640321e-01  1.79083727e-01  6.64509092e-02  4.58636366e+05 
 3.93944394e+14  1.05565563e+34  1.26081000e+01  3.41350063e-01  8.62360000e+00  3.10782851e-01  1.85850286e-01  1.76940920e-01  6.72584384e-02  4.39100008e+05 
 3.95745981e+14  1.07048613e+34  1.25861000e+01  3.44575070e-01  8.64260000e+00  3.14160305e-01  1.87073732e-01  1.74565936e-01  6.80776937e-02  4.20348829e+05 
 3.97547568e+14  1.08534821e+34  1.25651000e+01  3.47792727e-01  8.66060000e+00  3.17490376e-01  1.88272551e-01  1.72441740e-01  6.88780718e-02  4.02602647e+05 
 3.99349155e+14  1.10044253e+34  1.25441000e+01  3.51046307e-01  8.67860000e+00  3.20855285e-01  1.89483937e-01  1.70342112e-01  6.96893807e-02  3.85576433e+05 
 4.01150741e+14  1.11557940e+34  1.25241000e+01  3.54294532e-01  8.69760000e+00  3.24274104e-01  1.90670100e-01  1.67977775e-01  7.04805885e-02  3.69443718e+05 
 4.02952328e+14  1.13093970e+34  1.25051000e+01  3.57576071e-01  8.71560000e+00  3.27675778e-01  1.91837232e-01  1.65893177e-01  7.12534132e-02  3.53970981e+05 
 4.04753915e+14  1.14635328e+34  1.24861000e+01  3.60854162e-01  8.73360000e+00  3.31082491e-01  1.93008993e-01  1.63802212e-01  7.20330409e-02  3.39293529e+05 
 4.06555502e+14  1.16198172e+34  1.24671000e+01  3.64163052e-01  8.75060000e+00  3.34469398e-01  1.94191512e-01  1.61985211e-01  7.28219519e-02  3.25220945e+05 
 4.08357088e+14  1.17767390e+34  1.24491000e+01  3.67470316e-01  8.76860000e+00  3.37913470e-01  1.95347601e-01  1.59908117e-01  7.35882836e-02  3.11857016e+05 
 4.10158675e+14  1.19357262e+34  1.24311000e+01  3.70805953e-01  8.78660000e+00  3.41386895e-01  1.96513565e-01  1.57848595e-01  7.43630605e-02  2.99047343e+05 
 4.11960262e+14  1.20954526e+34  1.24141000e+01  3.74141694e-01  8.80360000e+00  3.44816524e-01  1.97652484e-01  1.56037024e-01  7.51140053e-02  2.86869882e+05 
 4.13761849e+14  1.22571641e+34  1.23981000e+01  3.77503478e-01  8.82160000e+00  3.48325150e-01  1.98768334e-01  1.53988442e-01  7.58419532e-02  2.75200221e+05 
 4.15563435e+14  1.24197134e+34  1.23821000e+01  3.80867006e-01  8.83860000e+00  3.51790834e-01  1.99888371e-01  1.52187329e-01  7.65750781e-02  2.64095259e+05 
 4.17365022e+14  1.25841704e+34  1.23661000e+01  3.84254344e-01  8.85560000e+00  3.55282101e-01  2.01016560e-01  1.50398107e-01  7.73149560e-02  2.53455507e+05 
 4.19166609e+14  1.27495609e+34  1.23501000e+01  3.87644970e-01  8.87260000e+00  3.58783179e-01  2.02149204e-01  1.48605875e-01  7.80601117e-02  2.43320755e+05 
 4.20968196e+14  1.29167847e+34  1.23351000e+01  3.91057270e-01  8.89060000e+00  3.62360827e-01  2.03256652e-01  1.46576453e-01  7.87799137e-02  2.33612152e+05 
 4.22769782e+14  1.30850343e+34  1.23211000e+01  3.94474310e-01  8.90660000e+00  3.65844280e-01  2.04335189e-01  1.45039649e-01  7.94721477e-02  2.24355704e+05 
 4.24571369e+14  1.32550459e+34  1.23071000e+01  3.97910986e-01  8.92360000e+00  3.69402779e-01  2.05420237e-01  1.43264060e-01  8.01694672e-02  2.15489631e+05 
 4.26372956e+14  1.34261723e+34  1.22931000e+01  4.01353755e-01  8.94060000e+00  3.72973288e-01  2.06509348e-01  1.41487474e-01  8.08708887e-02  2.07028918e+05 
 4.28174543e+14  1.35989928e+34  1.22801000e+01  4.04814227e-01  8.95760000e+00  3.76564808e-01  2.07570796e-01  1.39717941e-01  8.15440017e-02  1.98925786e+05 
 4.29976129e+14  1.37730134e+34  1.22671000e+01  4.08282046e-01  8.97360000e+00  3.80115761e-01  2.08636093e-01  1.38191281e-01  8.22206248e-02  1.91186520e+05 
 4.31777716e+14  1.39486637e+34  1.22541000e+01  4.11765731e-01  8.99060000e+00  3.83739709e-01  2.09706771e-01  1.36426487e-01  8.29013328e-02  1.83774814e+05 
 4.33579303e+14  1.41255958e+34  1.22411000e+01  4.15257928e-01  9.00660000e+00  3.87323616e-01  2.10781495e-01  1.34903676e-01  8.35855814e-02  1.76690140e+05 
 4.35380890e+14  1.43040966e+34  1.22291000e+01  4.18764256e-01  9.02260000e+00  3.90925430e-01  2.11826620e-01  1.33383656e-01  8.42392816e-02  1.69905521e+05 
 4.37182476e+14  1.44839571e+34  1.22181000e+01  4.22280152e-01  9.03960000e+00  3.94595970e-01  2.12840702e-01  1.31623745e-01  8.48611801e-02  1.63415209e+05 
 4.38984063e+14  1.46653293e+34  1.22061000e+01  4.25808551e-01  9.05560000e+00  3.98229029e-01  2.13893751e-01  1.30105956e-01  8.55206204e-02  1.57199785e+05 
 4.40785650e+14  1.48481348e+34  1.21951000e+01  4.29347473e-01  9.07160000e+00  4.01877221e-01  2.14915505e-01  1.28588553e-01  8.61476631e-02  1.51249572e+05 
 4.42587237e+14  1.50323990e+34  1.21841000e+01  4.32897380e-01  9.08760000e+00  4.05540912e-01  2.15940892e-01  1.27071892e-01  8.67770481e-02  1.45551183e+05 
 4.44388823e+14  1.52181660e+34  1.21741000e+01  4.36458667e-01  9.10260000e+00  4.09165316e-01  2.16934319e-01  1.25792375e-01  8.73728606e-02  1.40092102e+05 
 4.46190410e+14  1.54053429e+34  1.21641000e+01  4.40029514e-01  9.11860000e+00  4.12859053e-01  2.17930709e-01  1.24275679e-01  8.79702739e-02  1.34863740e+05 
 4.47991997e+14  1.55940875e+34  1.21541000e+01  4.43612496e-01  9.13460000e+00  4.16569227e-01  2.18930510e-01  1.22760492e-01  8.85694155e-02  1.29851607e+05 
 4.49793584e+14  1.57841974e+34  1.21441000e+01  4.47203726e-01  9.14960000e+00  4.20237102e-01  2.19933021e-01  1.21478087e-01  8.91699919e-02  1.25050869e+05 
 4.51595170e+14  1.59759356e+34  1.21351000e+01  4.50807743e-01  9.16560000e+00  4.23977446e-01  2.20902624e-01  1.19963100e-01  8.97352723e-02  1.20445763e+05 
 4.53396757e+14  1.61689989e+34  1.21261000e+01  4.54418807e-01  9.18060000e+00  4.27674173e-01  2.21874326e-01  1.18678605e-01  9.03012952e-02  1.16034357e+05 
 4.55198344e+14  1.63637464e+34  1.21171000e+01  4.58043202e-01  9.19560000e+00  4.31387947e-01  2.22849230e-01  1.17394796e-01  9.08684165e-02  1.11800202e+05 
 4.56999931e+14  1.65597833e+34  1.21081000e+01  4.61673544e-01  9.21060000e+00  4.35112929e-01  2.23826018e-01  1.16107244e-01  9.14361289e-02  1.07743546e+05 
 4.58801517e+14  1.67575555e+34  1.21001000e+01  4.65317659e-01  9.22560000e+00  4.38855337e-01  2.24768907e-01  1.14820662e-01  9.19668643e-02  1.03847700e+05 
 4.60603104e+14  1.69565863e+34  1.20911000e+01  4.68966732e-01  9.24060000e+00  4.42608165e-01  2.25750462e-01  1.13529951e-01  9.25358061e-02  1.00114522e+05 
 4.62404691e+14  1.71573982e+34  1.20831000e+01  4.72629916e-01  9.25560000e+00  4.46378710e-01  2.26697788e-01  1.12240467e-01  9.30671951e-02  9.65274454e+04 
 4.64206278e+14  1.73594429e+34  1.20761000e+01  4.76297178e-01  9.27060000e+00  4.50158974e-01  2.27608566e-01  1.10946469e-01  9.35596516e-02  9.30894443e+04 
 4.66007864e+14  1.75633096e+34  1.20681000e+01  4.79978790e-01  9.28560000e+00  4.53957159e-01  2.28559822e-01  1.09653964e-01  9.40910029e-02  8.97843711e+04 
 4.67809451e+14  1.77683882e+34  1.20611000e+01  4.83663696e-01  9.29960000e+00  4.57706914e-01  2.29474019e-01  1.08582152e-01  9.45828231e-02  8.66159342e+04 
 4.69611038e+14  1.79753241e+34  1.20541000e+01  4.87363086e-01  9.31460000e+00  4.61532067e-01  2.30390820e-01  1.07285640e-01  9.50744817e-02  8.35686022e+04 
 4.71412625e+14  1.81834565e+34  1.20471000e+01  4.91065105e-01  9.32860000e+00  4.65307887e-01  2.31308141e-01  1.06208092e-01  9.55652514e-02  8.06465127e+04 
 4.73214211e+14  1.83934761e+34  1.20401000e+01  4.94781636e-01  9.34360000e+00  4.69159505e-01  2.32228053e-01  1.04907533e-01  9.60557728e-02  7.78349157e+04 
 4.75015798e+14  1.86046820e+34  1.20331000e+01  4.98500233e-01  9.35760000e+00  4.72960977e-01  2.33148375e-01  1.03824247e-01  9.65453039e-02  7.51381220e+04 
 4.76817385e+14  1.88177994e+34  1.20271000e+01  5.02233265e-01  9.37160000e+00  4.76780141e-01  2.34032327e-01  1.02741096e-01  9.69941584e-02  7.25422793e+04 
 4.78618972e+14  1.90320985e+34  1.20211000e+01  5.05967913e-01  9.38560000e+00  4.80606676e-01  2.34916264e-01  1.01651285e-01  9.74415012e-02  7.00516738e+04 
 4.80420558e+14  1.92483275e+34  1.20151000e+01  5.09716818e-01  9.39960000e+00  4.84450774e-01  2.35802369e-01  1.00561653e-01  9.78879781e-02  6.76534379e+04 
 4.82222145e+14  1.94657393e+34  1.20091000e+01  5.13466987e-01  9.41360000e+00  4.88301953e-01  2.36688387e-01  9.94653942e-02  9.83328592e-02  6.53516747e+04 
 4.84023732e+14  1.96850936e+34  1.20031000e+01  5.17231139e-01  9.42760000e+00  4.92170482e-01  2.37576514e-01  9.83693014e-02  9.87767830e-02  6.31345464e+04 
 4.85825319e+14  1.99056376e+34  1.19981000e+01  5.20996316e-01  9.44060000e+00  4.95986592e-01  2.38424753e-01  9.74843814e-02  9.91776957e-02  6.10058551e+04 
 4.87626905e+14  2.01281303e+34  1.19921000e+01  5.24775083e-01  9.45460000e+00  4.99878892e-01  2.39314600e-01  9.63810179e-02  9.96186858e-02  5.89548263e+04 
 4.89428492e+14  2.03518259e+34  1.19871000e+01  5.28554745e-01  9.46860000e+00  5.03777940e-01  2.40164208e-01  9.52713241e-02  1.00016216e-01  5.69848702e+04 
 4.91230079e+14  2.05774701e+34  1.19821000e+01  5.32347518e-01  9.48160000e+00  5.07633857e-01  2.41015418e-01  9.43769913e-02  1.00412203e-01  5.50862752e+04 
 4.93031666e+14  2.08043365e+34  1.19771000e+01  5.36141148e-01  9.49560000e+00  5.11556125e-01  2.41866129e-01  9.32603516e-02  1.00806016e-01  5.32620044e+04 
 4.94833252e+14  2.10331451e+34  1.19731000e+01  5.39947304e-01  9.50860000e+00  5.15434465e-01  2.42677782e-01  9.23573655e-02  1.01155929e-01  5.15033981e+04 
 4.96634839e+14  2.12632014e+34  1.19681000e+01  5.43754403e-01  9.52160000e+00  5.19319233e-01  2.43529342e-01  9.14470922e-02  1.01545705e-01  4.98129259e+04 
 4.98436426e+14  2.14951868e+34  1.19631000e+01  5.47573335e-01  9.53460000e+00  5.23219315e-01  2.44382261e-01  9.05349034e-02  1.01933736e-01  4.81829661e+04 
 5.00238013e+14  2.17284521e+34  1.19591000e+01  5.51393386e-01  9.54760000e+00  5.27125965e-01  2.45193707e-01  8.96157037e-02  1.02276738e-01  4.66154600e+04 
 5.02039599e+14  2.19636265e+34  1.19551000e+01  5.55224493e-01  9.56060000e+00  5.31047299e-01  2.46006066e-01  8.86943779e-02  1.02617567e-01  4.51037943e+04 
 5.03841186e+14  2.22001197e+34  1.19511000e+01  5.59057000e-01  9.57360000e+00  5.34975423e-01  2.46817706e-01  8.77664285e-02  1.02955773e-01  4.36493760e+04 
 5.05642773e+14  2.24384951e+34  1.19471000e+01  5.62899672e-01  9.58660000e+00  5.38917511e-01  2.47630098e-01  8.68360865e-02  1.03291709e-01  4.22465606e+04 
 5.07444360e+14  2.26782350e+34  1.19431000e+01  5.66744136e-01  9.59960000e+00  5.42866687e-01  2.48441839e-01  8.58995767e-02  1.03625004e-01  4.08962139e+04 
 5.09245946e+14  2.29198231e+34  1.19391000e+01  5.70597783e-01  9.61160000e+00  5.46767555e-01  2.49254161e-01  8.51685281e-02  1.03955935e-01  3.95936206e+04 
 5.11047533e+14  2.31628284e+34  1.19351000e+01  5.74453709e-01  9.62460000e+00  5.50737212e-01  2.50065913e-01  8.42229017e-02  1.04284207e-01  3.83391113e+04 
 5.12849120e+14  2.34076407e+34  1.19321000e+01  5.78317741e-01  9.63660000e+00  5.54657348e-01  2.50836010e-01  8.34810009e-02  1.04566195e-01  3.71288528e+04 
 5.14650707e+14  2.36539300e+34  1.19281000e+01  5.82184641e-01  9.64960000e+00  5.58647063e-01  2.51647540e-01  8.25264885e-02  1.04889192e-01  3.59626557e+04 
 5.16452293e+14  2.39019775e+34  1.19251000e+01  5.86058466e-01  9.66160000e+00  5.62585973e-01  2.52416924e-01  8.17739285e-02  1.05165537e-01  3.48375216e+04 
 5.18253880e+14  2.41515694e+34  1.19221000e+01  5.89935855e-01  9.67360000e+00  5.66533070e-01  2.53185667e-01  8.10153197e-02  1.05438931e-01  3.37527537e+04 
 5.20055467e+14  2.44028630e+34  1.19191000e+01  5.93818901e-01  9.68660000e+00  5.70552507e-01  2.53954109e-01  8.00477350e-02  1.05709427e-01  3.27061432e+04 
 5.21857054e+14  2.46557758e+34  1.19161000e+01  5.97706293e-01  9.69860000e+00  5.74518527e-01  2.54722037e-01  7.92792270e-02  1.05976968e-01  3.16965083e+04 
 5.23658640e+14  2.49103262e+34  1.19131000e+01  6.01597977e-01  9.71060000e+00  5.78493331e-01  2.55489442e-01  7.85053032e-02  1.06241535e-01  3.07223774e+04 
 5.25460227e+14  2.51665781e+34  1.19101000e+01  6.05494896e-01  9.72260000e+00  5.82477697e-01  2.56256481e-01  7.77264716e-02  1.06503150e-01  2.97821085e+04 
 5.27261814e+14  2.54243956e+34  1.19071000e+01  6.09394654e-01  9.73360000e+00  5.86406592e-01  2.57022766e-01  7.71430536e-02  1.06761725e-01  2.88749186e+04 
 5.29063401e+14  2.56840048e+34  1.19051000e+01  6.13300629e-01  9.74560000e+00  5.90408747e-01  2.57745534e-01  7.63534382e-02  1.06972408e-01  2.79987305e+04 
 5.30864987e+14  2.59450994e+34  1.19021000e+01  6.17207890e-01  9.75760000e+00  5.94417164e-01  2.58510469e-01  7.55576445e-02  1.07224805e-01  2.71534034e+04 
 5.32666574e+14  2.62080839e+34  1.19001000e+01  6.21122455e-01  9.76960000e+00  5.98436843e-01  2.59231801e-01  7.47582072e-02  1.07429111e-01  2.63364518e+04 
 5.34468161e+14  2.64724655e+34  1.18971000e+01  6.25036662e-01  9.78060000e+00  6.02397764e-01  2.59995309e-01  7.41506969e-02  1.07675280e-01  2.55483285e+04 
 5.36269748e+14  2.67388433e+34  1.18951000e+01  6.28959350e-01  9.79260000e+00  6.06434409e-01  2.60715138e-01  7.33410145e-02  1.07873162e-01  2.47861680e+04 
 5.38071334e+14  2.70065214e+34  1.18931000e+01  6.32879952e-01  9.80360000e+00  6.10410537e-01  2.61433166e-01  7.27214937e-02  1.08067614e-01  2.40509702e+04 
 5.39872921e+14  2.72763102e+34  1.18901000e+01  6.36810300e-01  9.81460000e+00  6.14399662e-01  2.62195402e-01  7.20984021e-02  1.08304477e-01  2.33395205e+04 
 5.41674508e+14  2.75472939e+34  1.18881000e+01  6.40736745e-01  9.82660000e+00  6.18454592e-01  2.62911581e-01  7.12705651e-02  1.08492417e-01  2.26533201e+04 
 5.43476095e+14  2.78205115e+34  1.18861000e+01  6.44674302e-01  9.83760000e+00  6.22459577e-01  2.63628088e-01  7.06364436e-02  1.08677252e-01  2.19888305e+04 
 5.45277681e+14  2.80948100e+34  1.18841000e+01  6.48606052e-01  9.84860000e+00  6.26464521e-01  2.64342223e-01  6.99930635e-02  1.08858572e-01  2.13480159e+04 
 5.47079268e+14  2.83714739e+34  1.18821000e+01  6.52550362e-01  9.85960000e+00  6.30484816e-01  2.65056912e-01  6.93475457e-02  1.09036796e-01  2.07270409e+04 
 5.48880855e+14  2.86490957e+34  1.18811000e+01  6.56486878e-01  9.87060000e+00  6.34503373e-01  2.65724191e-01  6.86923006e-02  1.09165523e-01  2.01282902e+04 
 5.50682442e+14  2.89292234e+34  1.18791000e+01  6.60437499e-01  9.88160000e+00  6.38538576e-01  2.66436885e-01  6.80356962e-02  1.09337042e-01  1.95476598e+04 
 5.52484028e+14  2.92101770e+34  1.18771000e+01  6.64378253e-01  9.89160000e+00  6.42505164e-01  2.67146602e-01  6.75610847e-02  1.09504997e-01  1.89879177e+04 
 5.54285615e+14  2.94937859e+34  1.18751000e+01  6.68334736e-01  9.90260000e+00  6.46554745e-01  2.67857370e-01  6.68930056e-02  1.09669877e-01  1.84447148e+04 
 5.56087202e+14  2.97780793e+34  1.18741000e+01  6.72279205e-01  9.91360000e+00  6.50598959e-01  2.68519607e-01  6.62142852e-02  1.09784936e-01  1.79211657e+04 
 5.57888789e+14  3.00651866e+34  1.18721000e+01  6.76241118e-01  9.92360000e+00  6.54597122e-01  2.69228276e-01  6.57260167e-02  1.09943097e-01  1.74127036e+04 
 5.59690375e+14  3.03528279e+34  1.18711000e+01  6.80188779e-01  9.93460000e+00  6.58653391e-01  2.69887843e-01  6.50356464e-02  1.10051304e-01  1.69227553e+04 
 5.61491962e+14  3.06434507e+34  1.18691000e+01  6.84155689e-01  9.94460000e+00  6.62664852e-01  2.70594363e-01  6.45353072e-02  1.10202748e-01  1.64465585e+04 
 5.63293549e+14  3.09344473e+34  1.18681000e+01  6.88106038e-01  9.95560000e+00  6.66732696e-01  2.71251209e-01  6.38336131e-02  1.10304123e-01  1.59878207e+04 
 5.65095136e+14  3.12286026e+34  1.18671000e+01  6.92077510e-01  9.96560000e+00  6.70757080e-01  2.71909692e-01  6.33214248e-02  1.10402320e-01  1.55416064e+04 
 5.66896722e+14  3.15229619e+34  1.18651000e+01  6.96030035e-01  9.97560000e+00  6.74769817e-01  2.72609598e-01  6.27960392e-02  1.10543411e-01  1.51118749e+04 
 5.68698309e+14  3.18206666e+34  1.18641000e+01  7.00005655e-01  9.98660000e+00  6.78872918e-01  2.73265605e-01  6.20850714e-02  1.10634800e-01  1.46935381e+04 
 5.70499896e+14  3.21183957e+34  1.18631000e+01  7.03959857e-01  9.99660000e+00  6.82896041e-01  2.73916730e-01  6.15476740e-02  1.10722528e-01  1.42907775e+04 
 5.72301483e+14  3.24196664e+34  1.18621000e+01  7.07939199e-01  1.00066000e+01  6.86944937e-01  2.74570100e-01  6.10122467e-02  1.10807084e-01  1.38983746e+04 
 5.74103069e+14  3.27209372e+34  1.18611000e+01  7.11896746e-01  1.00166000e+01  6.90979683e-01  2.75218562e-01  6.04633065e-02  1.10888033e-01  1.35205033e+04 
 5.75904656e+14  3.30256256e+34  1.18601000e+01  7.15877234e-01  1.00266000e+01  6.95038347e-01  2.75868929e-01  5.99156973e-02  1.10965771e-01  1.31524425e+04 
 5.77706243e+14  3.33304791e+34  1.18591000e+01  7.19838047e-01  1.00356000e+01  6.99017606e-01  2.76514745e-01  5.95395040e-02  1.11039980e-01  1.27977147e+04 
 5.79507830e+14  3.36385671e+34  1.18581000e+01  7.23818870e-01  1.00456000e+01  7.03085188e-01  2.77162013e-01  5.89793078e-02  1.11110936e-01  1.24523473e+04 
 5.81309416e+14  3.39470198e+34  1.18571000e+01  7.27782535e-01  1.00556000e+01  7.07142464e-01  2.77805141e-01  5.84078188e-02  1.11178436e-01  1.21191792e+04 
 5.83111003e+14  3.42585135e+34  1.18561000e+01  7.31763222e-01  1.00646000e+01  7.11151220e-01  2.78449274e-01  5.80181815e-02  1.11242662e-01  1.17949507e+04 
 5.84912590e+14  3.45705819e+34  1.18551000e+01  7.35729337e-01  1.00746000e+01  7.15219137e-01  2.79089679e-01  5.74355450e-02  1.11303490e-01  1.14818774e+04 
 5.86714177e+14  3.48854870e+34  1.18541000e+01  7.39709410e-01  1.00836000e+01  7.19235650e-01  2.79730633e-01  5.70328474e-02  1.11361033e-01  1.11773498e+04 
 5.88515763e+14  3.52011874e+34  1.18531000e+01  7.43677579e-01  1.00936000e+01  7.23313826e-01  2.80368283e-01  5.64393801e-02  1.11415233e-01  1.08830156e+04 
 5.90317350e+14  3.55195096e+34  1.18531000e+01  7.47656573e-01  1.01026000e+01  7.27337666e-01  2.80958600e-01  5.60238925e-02  1.11470626e-01  1.06017555e+04 
 5.92118937e+14  3.58388581e+34  1.18521000e+01  7.51626411e-01  1.01126000e+01  7.31425706e-01  2.81593358e-01  5.54199511e-02  1.11466728e-01  1.03200074e+04 
 5.93920524e+14  3.61606027e+34  1.18511000e+01  7.55603863e-01  1.01216000e+01  7.35456435e-01  2.82227727e-01  5.49920234e-02  1.11511042e-01  1.00509872e+04 
 5.95722110e+14  3.64836153e+34  1.18511000e+01  7.59574976e-01  1.01306000e+01  7.39485716e-01  2.82811929e-01  5.45561571e-02  1.11556697e-01  9.79499223e+03 
 5.97523697e+14  3.68087872e+34  1.18501000e+01  7.63550445e-01  1.01396000e+01  7.43522760e-01  2.83442905e-01  5.41156034e-02  1.11542838e-01  9.53743246e+03 
 5.99325284e+14  3.71354799e+34  1.18491000e+01  7.67522444e-01  1.01486000e+01  7.47560814e-01  2.84071889e-01  5.36681802e-02  1.11577405e-01  9.29214627e+03 
 6.01126871e+14  3.74640838e+34  1.18491000e+01  7.71495479e-01  1.01576000e+01  7.51603751e-01  2.84651488e-01  5.32152688e-02  1.11561660e-01  9.05405735e+03 
 6.02928457e+14  3.77944724e+34  1.18481000e+01  7.75467996e-01  1.01666000e+01  7.55650221e-01  2.85277493e-01  5.27565738e-02  1.11589790e-01  8.82301463e+03 
 6.04730044e+14  3.81265129e+34  1.18481000e+01  7.79438158e-01  1.01756000e+01  7.59698625e-01  2.85853428e-01  5.22916349e-02  1.11619505e-01  8.60287693e+03 
 6.06531631e+14  3.84606130e+34  1.18471000e+01  7.83410813e-01  1.01846000e+01  7.63753140e-01  2.86476425e-01  5.18219690e-02  1.11589400e-01  8.38115335e+03 
 6.08333218e+14  3.87960943e+34  1.18471000e+01  7.87377675e-01  1.01926000e+01  7.67737459e-01  2.87048671e-01  5.15200728e-02  1.11560944e-01  8.17006192e+03 
 6.10134804e+14  3.91339214e+34  1.18461000e+01  7.91350103e-01  1.02016000e+01  7.71799571e-01  2.87668639e-01  5.10391487e-02  1.11576387e-01  7.96478999e+03 
 6.11936391e+14  3.94728474e+34  1.18461000e+01  7.95313234e-01  1.02106000e+01  7.75857532e-01  2.88237168e-01  5.05505681e-02  1.11541695e-01  7.76589558e+03 
 6.13737978e+14  3.98144169e+34  1.18461000e+01  7.99285077e-01  1.02186000e+01  7.79857496e-01  2.88805315e-01  5.02324777e-02  1.11555827e-01  7.57581028e+03 
 6.15539565e+14  4.01567913e+34  1.18451000e+01  8.03244053e-01  1.02276000e+01  7.83919567e-01  2.89418872e-01  4.97322526e-02  1.11510054e-01  7.38479540e+03 
 6.17341151e+14  4.05021186e+34  1.18451000e+01  8.07214951e-01  1.02356000e+01  7.87926173e-01  2.89983745e-01  4.94025389e-02  1.11518082e-01  7.20545390e+03 
 6.19142738e+14  4.08479447e+34  1.18451000e+01  8.11169370e-01  1.02436000e+01  7.91922110e-01  2.90544675e-01  4.90627260e-02  1.11471208e-01  7.02857090e+03 
 6.20944325e+14  4.11970450e+34  1.18441000e+01  8.15138968e-01  1.02526000e+01  7.96004839e-01  2.91155325e-01  4.85499530e-02  1.11416065e-01  6.85280299e+03 
 6.22745912e+14  4.15463260e+34  1.18441000e+01  8.19088421e-01  1.02606000e+01  8.00003846e-01  2.91712473e-01  4.81981153e-02  1.11363208e-01  6.68600207e+03 
 6.24547498e+14  4.18992142e+34  1.18441000e+01  8.23056370e-01  1.02686000e+01  8.04022592e-01  2.92270647e-01  4.78455312e-02  1.11359241e-01  6.52615020e+03 
 6.26349085e+14  4.22521025e+34  1.18431000e+01  8.27002129e-01  1.02766000e+01  8.08025610e-01  2.92873594e-01  4.74819513e-02  1.11295353e-01  6.36559870e+03 
 6.28150672e+14  4.26086441e+34  1.18431000e+01  8.30966419e-01  1.02846000e+01  8.12048406e-01  2.93428208e-01  4.71177049e-02  1.11233363e-01  6.21173701e+03 
 6.29952259e+14  4.29653353e+34  1.18431000e+01  8.34910177e-01  1.02926000e+01  8.16056876e-01  2.93978399e-01  4.67431310e-02  1.11220946e-01  6.06573137e+03 
 6.31753845e+14  4.33253520e+34  1.18431000e+01  8.38868385e-01  1.03006000e+01  8.20081556e-01  2.94529058e-01  4.63670225e-02  1.11153217e-01  5.92036199e+03 
 6.33555432e+14  4.36858609e+34  1.18421000e+01  8.42809813e-01  1.03086000e+01  8.24095147e-01  2.95125692e-01  4.59817878e-02  1.11077610e-01  5.77684360e+03 
 6.35357019e+14  4.40493549e+34  1.18421000e+01  8.46761552e-01  1.03166000e+01  8.28121328e-01  2.95672472e-01  4.55940998e-02  1.11004204e-01  5.63956719e+03 
 6.37158606e+14  4.44136962e+34  1.18421000e+01  8.50700313e-01  1.03246000e+01  8.32139696e-01  2.96215936e-01  4.51984494e-02  1.10928199e-01  5.50644111e+03 
 6.38960192e+14  4.47806694e+34  1.18421000e+01  8.54645209e-01  1.03316000e+01  8.36095963e-01  2.96758731e-01  4.49660057e-02  1.10901448e-01  5.37922739e+03 
 6.40761779e+14  4.51488576e+34  1.18421000e+01  8.58580977e-01  1.03396000e+01  8.40118701e-01  2.97298766e-01  4.45597153e-02  1.10819877e-01  5.25319294e+03 
 6.42563366e+14  4.55193117e+34  1.18421000e+01  8.62518667e-01  1.03476000e+01  8.44146631e-01  2.97837568e-01  4.41493231e-02  1.10735485e-01  5.13045989e+03 
 6.44364953e+14  4.58913613e+34  1.18421000e+01  8.66451124e-01  1.03546000e+01  8.48102150e-01  2.98374164e-01  4.38983379e-02  1.10648442e-01  5.01114485e+03 
 6.46166539e+14  4.62652977e+34  1.18411000e+01  8.70381242e-01  1.03626000e+01  8.52130356e-01  2.98959457e-01  4.34768021e-02  1.10553212e-01  4.89274266e+03 
 6.47968126e+14  4.66412229e+34  1.18411000e+01  8.74310074e-01  1.03696000e+01  8.56089375e-01  2.99492696e-01  4.32148707e-02  1.10460761e-01  4.77979470e+03 
 6.49769713e+14  4.70186427e+34  1.18411000e+01  8.78232262e-01  1.03766000e+01  8.60045825e-01  3.00023565e-01  4.29462709e-02  1.10365768e-01  4.66999137e+03 
 6.51571300e+14  4.73984578e+34  1.18411000e+01  8.82157157e-01  1.03846000e+01  8.64079693e-01  3.00553345e-01  4.25098133e-02  1.10268032e-01  4.56297868e+03 
 6.53372886e+14  4.77793618e+34  1.18411000e+01  8.86071077e-01  1.03916000e+01  8.68035481e-01  3.01080196e-01  4.22297785e-02  1.10167917e-01  4.45903578e+03 
 6.55174473e+14  4.81630808e+34  1.18411000e+01  8.89991725e-01  1.03986000e+01  8.72000465e-01  3.01606507e-01  4.19462928e-02  1.10117131e-01  4.35967050e+03 
 6.56976060e+14  4.85474697e+34  1.18411000e+01  8.93897028e-01  1.04056000e+01  8.75955143e-01  3.02129326e-01  4.16546400e-02  1.10011979e-01  4.26119228e+03 
 6.58777647e+14  4.89351065e+34  1.18411000e+01  8.97813127e-01  1.04126000e+01  8.79922599e-01  3.02652161e-01  4.13605565e-02  1.09903935e-01  4.16497224e+03 
 6.60579233e+14  4.93229806e+34  1.18411000e+01  9.01709489e-01  1.04196000e+01  8.83875808e-01  3.03170950e-01  4.10576292e-02  1.09793873e-01  4.07167897e+03 
 6.62380820e+14  4.97145490e+34  1.18411000e+01  9.05620750e-01  1.04266000e+01  8.87845427e-01  3.03690307e-01  4.07532438e-02  1.09680829e-01  3.98040739e+03 
 6.64182407e+14  5.01061174e+34  1.18411000e+01  9.09509901e-01  1.04336000e+01  8.91798679e-01  3.04205326e-01  4.04396851e-02  1.09565895e-01  3.89194647e+03 
 6.65983994e+14  5.05014220e+34  1.18411000e+01  9.13413959e-01  1.04406000e+01  8.95768335e-01  3.04720923e-01  4.01247969e-02  1.09448006e-01  3.80538198e+03 
 6.67785580e+14  5.08969357e+34  1.18411000e+01  9.17297997e-01  1.04476000e+01  8.99723417e-01  3.05232489e-01  3.98014265e-02  1.09328234e-01  3.72142039e+03 
 6.69587167e+14  5.12957390e+34  1.18411000e+01  9.21192152e-01  1.04546000e+01  9.03690656e-01  3.05744004e-01  3.94758285e-02  1.09205675e-01  3.63934044e+03 
 6.71388754e+14  5.16952115e+34  1.18411000e+01  9.25070791e-01  1.04616000e+01  9.07647272e-01  3.06252111e-01  3.91428850e-02  1.09081160e-01  3.55961911e+03 
 6.73190341e+14  5.20975129e+34  1.18411000e+01  9.28954739e-01  1.04676000e+01  9.11538862e-01  3.06759546e-01  3.89651343e-02  1.08954043e-01  3.48176295e+03 
 6.74991927e+14  5.25009576e+34  1.18411000e+01  9.32827697e-01  1.04746000e+01  9.15496638e-01  3.07264189e-01  3.86224335e-02  1.08824880e-01  3.40603934e+03 
 6.76793514e+14  5.29067564e+34  1.18411000e+01  9.36701131e-01  1.04806000e+01  9.19384866e-01  3.07767541e-01  3.84333264e-02  1.08693313e-01  3.33216291e+03 
 6.78595101e+14  5.33141866e+34  1.18411000e+01  9.40568132e-01  1.04876000e+01  9.23343529e-01  3.08268715e-01  3.80810739e-02  1.08559598e-01  3.26020983e+03 
 6.80396688e+14  5.37234815e+34  1.18411000e+01  9.44430756e-01  1.04936000e+01  9.27228088e-01  3.08767986e-01  3.78808758e-02  1.08423691e-01  3.19008462e+03 
 6.82198274e+14  5.41349104e+34  1.18411000e+01  9.48291538e-01  1.05006000e+01  9.31187325e-01  3.09265693e-01  3.75193925e-02  1.08285526e-01  3.12168919e+03 
 6.83999861e+14  5.45477002e+34  1.18401000e+01  9.52143059e-01  1.05066000e+01  9.35067924e-01  3.09813217e-01  3.73083569e-02  1.08139291e-01  3.05363920e+03 
 6.85801448e+14  5.49631408e+34  1.18411000e+01  9.55997346e-01  1.05136000e+01  9.39027444e-01  3.10255113e-01  3.69378418e-02  1.08002863e-01  2.99006383e+03 
 6.87603035e+14  5.53700640e+34  1.18401000e+01  9.59751309e-01  1.05196000e+01  9.42826668e-01  3.10787716e-01  3.67003626e-02  1.07855715e-01  2.92681202e+03 
 6.89404621e+14  5.57448186e+34  1.18411000e+01  9.63187945e-01  1.05246000e+01  9.46270870e-01  3.11173607e-01  3.65556276e-02  1.07730858e-01  2.87285395e+03 
 6.91206208e+14  5.61177903e+34  1.18401000e+01  9.66587694e-01  1.05306000e+01  9.49758175e-01  3.11658803e-01  3.62459489e-02  1.07593180e-01  2.81788760e+03 
 6.93007795e+14  5.64693072e+34  1.18401000e+01  9.69772212e-01  1.05356000e+01  9.52981172e-01  3.12062959e-01  3.60486025e-02  1.07468245e-01  2.76870517e+03 
 6.94809382e+14  5.68208240e+34  1.18401000e+01  9.72936970e-01  1.05406000e+01  9.56188606e-01  3.12463512e-01  3.58445296e-02  1.07342344e-01  2.72077591e+03 
 6.96610968e+14  5.71746913e+34  1.18401000e+01  9.76103105e-01  1.05456000e+01  9.59399460e-01  3.12863101e-01  3.56374824e-02  1.07214602e-01  2.67374940e+03 
 6.98412555e+14  5.75287041e+34  1.18401000e+01  9.79250891e-01  1.05506000e+01  9.62596044e-01  3.13259211e-01  3.54239836e-02  1.07085802e-01  2.62789040e+03 
 7.00214142e+14  5.78847263e+34  1.18401000e+01  9.82396899e-01  1.05556000e+01  9.65793244e-01  3.13653911e-01  3.52069694e-02  1.06955259e-01  2.58292895e+03 
 7.02015729e+14  5.82412372e+34  1.18401000e+01  9.85527721e-01  1.05606000e+01  9.68979016e-01  3.14045504e-01  3.49841295e-02  1.06823523e-01  2.53903042e+03 
 7.03817315e+14  5.85994099e+34  1.18401000e+01  9.88653643e-01  1.05646000e+01  9.72088339e-01  3.14435266e-01  3.49095240e-02  1.06690161e-01  2.49602395e+03 
 7.05618902e+14  5.89584211e+34  1.18401000e+01  9.91767528e-01  1.05696000e+01  9.75263279e-01  3.14822297e-01  3.46771457e-02  1.06555480e-01  2.45398328e+03 
 7.07420489e+14  5.93187398e+34  1.18401000e+01  9.94873424e-01  1.05746000e+01  9.78433259e-01  3.15207093e-01  3.44402982e-02  1.06419309e-01  2.41282886e+03 
 7.09222076e+14  5.96802534e+34  1.18401000e+01  9.97970412e-01  1.05786000e+01  9.81522979e-01  3.15589535e-01  3.43502012e-02  1.06281692e-01  2.37254994e+03 
 7.11023662e+14  6.00427138e+34  1.18401000e+01  1.00105635e+00  1.05836000e+01  9.84679422e-01  3.15969355e-01  3.41034890e-02  1.06142733e-01  2.33315113e+03 
 7.12825249e+14  6.04067319e+34  1.18401000e+01  1.00413651e+00  1.05886000e+01  9.87832857e-01  3.16347202e-01  3.38528458e-02  1.06002209e-01  2.29454387e+03 
 7.14626836e+14  6.07713292e+34  1.18401000e+01  1.00720257e+00  1.05926000e+01  9.90901180e-01  3.16722051e-01  3.37472852e-02  1.05911676e-01  2.25790121e+03 
 7.16428423e+14  6.11378538e+34  1.18401000e+01  1.01026594e+00  1.05976000e+01  9.94043904e-01  3.17095292e-01  3.34875549e-02  1.05768228e-01  2.22086371e+03 
 7.18230009e+14  6.15045837e+34  1.18401000e+01  1.01331222e+00  1.06016000e+01  9.97098641e-01  3.17465181e-01  3.33720057e-02  1.05623774e-01  2.18469343e+03 
 7.20031596e+14  6.18736167e+34  1.18401000e+01  1.01635887e+00  1.06066000e+01  1.00023068e+00  3.17833827e-01  3.31034171e-02  1.05477488e-01  2.14916424e+03 
 7.21833183e+14  6.22426497e+34  1.18401000e+01  1.01938689e+00  1.06106000e+01  1.00327319e+00  3.18198945e-01  3.29782887e-02  1.05330306e-01  2.11447891e+03 
 7.23634770e+14  6.26140177e+34  1.18401000e+01  1.02241545e+00  1.06146000e+01  1.00631829e+00  3.18562837e-01  3.28498143e-02  1.05181301e-01  2.08039957e+03 
 7.25436356e+14  6.29855611e+34  1.18401000e+01  1.02542697e+00  1.06196000e+01  1.00942511e+00  3.18923400e-01  3.25665619e-02  1.05031357e-01  2.04710695e+03 
 7.27237943e+14  6.33590541e+34  1.18391000e+01  1.02843584e+00  1.06236000e+01  1.01245667e+00  3.19336308e-01  3.24285673e-02  1.04873192e-01  2.01344741e+03 
 7.29039530e+14  6.37331098e+34  1.18391000e+01  1.03143093e+00  1.06276000e+01  1.01547784e+00  3.19692399e-01  3.22851193e-02  1.04720524e-01  1.98149451e+03 
 7.30841117e+14  6.41087229e+34  1.18391000e+01  1.03442021e+00  1.06316000e+01  1.01849581e+00  3.20046512e-01  3.21375346e-02  1.04617199e-01  1.95110181e+03 
 7.32642703e+14  6.44852926e+34  1.18391000e+01  1.03739894e+00  1.06356000e+01  1.02150631e+00  3.20398093e-01  3.19851246e-02  1.04461835e-01  1.92039459e+03 
 7.34444290e+14  6.48630210e+34  1.18391000e+01  1.04036872e+00  1.06396000e+01  1.02451076e+00  3.20747335e-01  3.18281711e-02  1.04305210e-01  1.89030286e+03 
 7.36245877e+14  6.52421066e+34  1.18391000e+01  1.04333117e+00  1.06436000e+01  1.02751064e+00  3.21094431e-01  3.16669497e-02  1.04147255e-01  1.86079593e+03 
 7.38047464e+14  6.56219454e+34  1.18381000e+01  1.04628155e+00  1.06476000e+01  1.03050163e+00  3.21493152e-01  3.15008555e-02  1.03981553e-01  1.83101486e+03 
 7.39849050e+14  6.60035486e+34  1.18381000e+01  1.04922777e+00  1.06516000e+01  1.03349093e+00  3.21835849e-01  3.13310169e-02  1.03821052e-01  1.80266462e+03 
 7.41650637e+14  6.63854927e+34  1.18381000e+01  1.05215886e+00  1.06556000e+01  1.03646850e+00  3.22175514e-01  3.11559664e-02  1.03710218e-01  1.77579717e+03 
 7.43452224e+14  6.67696152e+34  1.18381000e+01  1.05508895e+00  1.06596000e+01  1.03944724e+00  3.22513787e-01  3.09777220e-02  1.03547199e-01  1.74852316e+03 
 7.45253811e+14  6.71537377e+34  1.18381000e+01  1.05800143e+00  1.06636000e+01  1.04241197e+00  3.22848758e-01  3.07940246e-02  1.03383506e-01  1.72186219e+03 
 7.47055397e+14  6.75403031e+34  1.18371000e+01  1.06091485e+00  1.06676000e+01  1.04537962e+00  3.23237186e-01  3.06075255e-02  1.03211351e-01  1.69480517e+03 
 7.48856984e+14  6.79269466e+34  1.18371000e+01  1.06381141e+00  1.06716000e+01  1.04833390e+00  3.23567858e-01  3.04157926e-02  1.03095604e-01  1.66998241e+03 
 7.50658571e+14  6.83156088e+34  1.18371000e+01  1.06670566e+00  1.06746000e+01  1.05121230e+00  3.23897006e-01  3.03658079e-02  1.02927991e-01  1.64477108e+03 
 7.52460158e+14  6.87047749e+34  1.18371000e+01  1.06958636e+00  1.06786000e+01  1.05415615e+00  3.24223353e-01  3.01658663e-02  1.02759559e-01  1.62008541e+03 
 7.54261744e+14  6.90955288e+34  1.18361000e+01  1.07246155e+00  1.06826000e+01  1.05709696e+00  3.24602678e-01  2.99624510e-02  1.02583034e-01  1.59506500e+03 
 7.56063331e+14  6.94872190e+34  1.18361000e+01  1.07532648e+00  1.06856000e+01  1.05995440e+00  3.24924794e-01  2.98990630e-02  1.02462478e-01  1.57208009e+03 
 7.57864918e+14  6.98800593e+34  1.18361000e+01  1.07818269e+00  1.06896000e+01  1.06288186e+00  3.25244685e-01  2.96872822e-02  1.02290694e-01  1.54876615e+03 
 7.59666505e+14  7.02742751e+34  1.18351000e+01  1.08103191e+00  1.06926000e+01  1.06572877e+00  3.25617580e-01  2.96156849e-02  1.02110910e-01  1.52513263e+03 
 7.61468091e+14  7.06691966e+34  1.18351000e+01  1.08386928e+00  1.06966000e+01  1.06864290e+00  3.25932942e-01  2.93958471e-02  1.01987148e-01  1.50344987e+03 
 7.63269678e+14  7.10659395e+34  1.18351000e+01  1.08670286e+00  1.06996000e+01  1.07147933e+00  3.26246648e-01  2.93161234e-02  1.01812062e-01  1.48140303e+03 
 7.65071265e+14  7.14629369e+34  1.18341000e+01  1.08952146e+00  1.07036000e+01  1.07438016e+00  3.26612669e-01  2.90884416e-02  1.01629474e-01  1.45910075e+03 
 7.66872852e+14  7.18622084e+34  1.18341000e+01  1.09233947e+00  1.07066000e+01  1.07720613e+00  3.26922250e-01  2.90007971e-02  1.01502151e-01  1.43857221e+03 
 7.68674438e+14  7.22614798e+34  1.18341000e+01  1.09514085e+00  1.07096000e+01  1.08001866e+00  3.27228786e-01  2.89081128e-02  1.01324519e-01  1.41778119e+03 
 7.70476025e+14  7.26630776e+34  1.18331000e+01  1.09794194e+00  1.07136000e+01  1.08290924e+00  3.27589442e-01  2.86700920e-02  1.01138473e-01  1.39662747e+03 
 7.72277612e+14  7.30648790e+34  1.18331000e+01  1.10072795e+00  1.07166000e+01  1.08571144e+00  3.27891926e-01  2.85697811e-02  1.01008541e-01  1.37727028e+03 
 7.74079199e+14  7.34685431e+34  1.18331000e+01  1.10351043e+00  1.07196000e+01  1.08851223e+00  3.28192820e-01  2.84661268e-02  1.00827685e-01  1.35755879e+03 
 7.75880785e+14  7.38728758e+34  1.18321000e+01  1.10628116e+00  1.07236000e+01  1.09138057e+00  3.28546781e-01  2.82166946e-02  1.00639163e-01  1.33757140e+03 
 7.77682372e+14  7.42786007e+34  1.18321000e+01  1.10904511e+00  1.07266000e+01  1.09416805e+00  3.28843327e-01  2.81052984e-02  1.00506148e-01  1.31924088e+03 
 7.79483959e+14  7.46854661e+34  1.18311000e+01  1.11180063e+00  1.07296000e+01  1.09694957e+00  3.29193428e-01  2.79901318e-02  1.00315713e-01  1.29995522e+03 
 7.81285546e+14  7.50932463e+34  1.18311000e+01  1.11454617e+00  1.07326000e+01  1.09972371e+00  3.29485675e-01  2.78710031e-02  1.00180955e-01  1.28229764e+03 
 7.83087132e+14  7.55026455e+34  1.18311000e+01  1.11728654e+00  1.07356000e+01  1.10249490e+00  3.29776189e-01  2.77485089e-02  9.99957289e-02  1.26430723e+03 
 7.84888719e+14  7.59124754e+34  1.18301000e+01  1.12001378e+00  1.07386000e+01  1.10525576e+00  3.30119948e-01  2.76218535e-02  9.98522341e-02  1.24666974e+03 
 7.86690306e+14  7.63244097e+34  1.18301000e+01  1.12273906e+00  1.07416000e+01  1.10801663e+00  3.30406565e-01  2.74922341e-02  9.96652492e-02  1.22930613e+03 
 7.88491893e+14  7.67363440e+34  1.18291000e+01  1.12544849e+00  1.07446000e+01  1.11076461e+00  3.30746270e-01  2.73582437e-02  9.95200849e-02  1.21229836e+03 
 7.90293480e+14  7.71507541e+34  1.18291000e+01  1.12815837e+00  1.07476000e+01  1.11351483e+00  3.31028988e-01  2.72216305e-02  9.93314316e-02  1.19553760e+03 
 7.92095066e+14  7.75652247e+34  1.18281000e+01  1.13085292e+00  1.07506000e+01  1.11625260e+00  3.31364983e-01  2.70808088e-02  9.91844666e-02  1.17911552e+03 
 7.93896653e+14  7.79816744e+34  1.18281000e+01  1.13354463e+00  1.07536000e+01  1.11898955e+00  3.31643542e-01  2.69370506e-02  9.89944015e-02  1.16294942e+03 
 7.95698240e+14  7.83986824e+34  1.18271000e+01  1.13622437e+00  1.07566000e+01  1.12171714e+00  3.31975858e-01  2.67895403e-02  9.88456915e-02  1.14708863e+03 
 7.97499827e+14  7.88171657e+34  1.18271000e+01  1.13889803e+00  1.07586000e+01  1.12436381e+00  3.32250314e-01  2.67776276e-02  9.86542852e-02  1.13149197e+03 
 7.99301413e+14  7.92367122e+34  1.18261000e+01  1.14156301e+00  1.07616000e+01  1.12708122e+00  3.32578991e-01  2.66233187e-02  9.85038915e-02  1.11616925e+03 
 8.01103000e+14  7.96572234e+34  1.18261000e+01  1.14421872e+00  1.07646000e+01  1.12979173e+00  3.32849387e-01  2.64656173e-02  9.83112044e-02  1.10111809e+03 
 8.02904587e+14  8.00793095e+34  1.18251000e+01  1.14686902e+00  1.07676000e+01  1.13249896e+00  3.33174460e-01  2.63049883e-02  9.81591842e-02  1.08631134e+03 
 8.04706174e+14  8.05018427e+34  1.18241000e+01  1.14950687e+00  1.07696000e+01  1.13511912e+00  3.33497255e-01  2.62786149e-02  9.79580746e-02  1.07125098e+03 
 8.06507760e+14  8.09264694e+34  1.18241000e+01  1.15214256e+00  1.07726000e+01  1.13781622e+00  3.33762349e-01  2.61114450e-02  9.78116887e-02  1.05747108e+03 
 8.08309347e+14  8.13510961e+34  1.18231000e+01  1.15476313e+00  1.07756000e+01  1.14050088e+00  3.34081329e-01  2.59405982e-02  9.76578888e-02  1.04344118e+03 
 8.10110934e+14  8.17781870e+34  1.18231000e+01  1.15738381e+00  1.07776000e+01  1.14311010e+00  3.34342742e-01  2.59045810e-02  9.74615253e-02  1.02960677e+03 
 8.11912521e+14  8.22053552e+34  1.18221000e+01  1.15998996e+00  1.07806000e+01  1.14578471e+00  3.34658227e-01  2.57275104e-02  9.73062423e-02  1.01604064e+03 
 8.13714107e+14  8.26344572e+34  1.18211000e+01  1.16259293e+00  1.07826000e+01  1.14838068e+00  3.34972403e-01  2.56847108e-02  9.71015535e-02  1.00217977e+03 
 8.15515694e+14  8.30641680e+34  1.18211000e+01  1.16518471e+00  1.07856000e+01  1.15104526e+00  3.35227748e-01  2.55015295e-02  9.69520991e-02  9.89557791e+02 
 8.17317281e+14  8.34952751e+34  1.18201000e+01  1.16777008e+00  1.07876000e+01  1.15362805e+00  3.35538153e-01  2.54520284e-02  9.67946034e-02  9.76649121e+02 
 8.19118868e+14  8.39275293e+34  1.18191000e+01  1.17034757e+00  1.07906000e+01  1.15628260e+00  3.35846809e-01  2.52629961e-02  9.65882816e-02  9.63475242e+02 
 8.20920454e+14  8.43606353e+34  1.18191000e+01  1.17291544e+00  1.07926000e+01  1.15885227e+00  3.36096656e-01  2.52069041e-02  9.64369797e-02  9.51481846e+02 
 8.22722041e+14  8.47954339e+34  1.18181000e+01  1.17547870e+00  1.07946000e+01  1.16141920e+00  3.36401923e-01  2.51479472e-02  9.62775083e-02  9.39199162e+02 
 8.24523628e+14  8.52305328e+34  1.18171000e+01  1.17802917e+00  1.07976000e+01  1.16405337e+00  3.36704981e-01  2.49496854e-02  9.60698192e-02  9.26679776e+02 
 8.26325215e+14  8.56678765e+34  1.18171000e+01  1.18057827e+00  1.07996000e+01  1.16661026e+00  3.36949904e-01  2.48846407e-02  9.59164020e-02  9.15254523e+02 
 8.28126801e+14  8.61052202e+34  1.18161000e+01  1.18311293e+00  1.08016000e+01  1.16915514e+00  3.37249471e-01  2.48159548e-02  9.57555978e-02  9.03591906e+02 
 8.29928388e+14  8.65448518e+34  1.18151000e+01  1.18564644e+00  1.08046000e+01  1.17177829e+00  3.37547975e-01  2.46096668e-02  9.55458890e-02  8.91643782e+02 
 8.31729975e+14  8.69847414e+34  1.18151000e+01  1.18816712e+00  1.08066000e+01  1.17431322e+00  3.37787115e-01  2.45351270e-02  9.53912460e-02  8.80797884e+02 
 8.33531562e+14  8.74263543e+34  1.18141000e+01  1.19068338e+00  1.08086000e+01  1.17684557e+00  3.38082031e-01  2.44578564e-02  9.52284337e-02  8.69674586e+02 
 8.35333148e+14  8.78687906e+34  1.18131000e+01  1.19319013e+00  1.08106000e+01  1.17937051e+00  3.38375111e-01  2.43774756e-02  9.50652307e-02  8.58739067e+02 
 8.37134735e+14  8.83123786e+34  1.18121000e+01  1.19568925e+00  1.08136000e+01  1.18196766e+00  3.38666539e-01  2.41599522e-02  9.48539398e-02  8.47554634e+02 
 8.38936322e+14  8.87573623e+34  1.18121000e+01  1.19818214e+00  1.08156000e+01  1.18448270e+00  3.38899054e-01  2.40739471e-02  9.46970343e-02  8.37386808e+02 
 8.40737909e+14  8.92029191e+34  1.18111000e+01  1.20066422e+00  1.08176000e+01  1.18698905e+00  3.39186981e-01  2.39848924e-02  9.45324998e-02  8.26976962e+02 
 8.42539495e+14  8.96504508e+34  1.18101000e+01  1.20314332e+00  1.08196000e+01  1.18949414e+00  3.39473709e-01  2.38933228e-02  9.43670931e-02  8.16714033e+02 
 8.44341082e+14  9.00979825e+34  1.18091000e+01  1.20560852e+00  1.08216000e+01  1.19198761e+00  3.39758237e-01  2.37984974e-02  9.41544237e-02  8.06234866e+02 
 8.46142669e+14  9.05480505e+34  1.18091000e+01  1.20807381e+00  1.08236000e+01  1.19448270e+00  3.39984261e-01  2.37014034e-02  9.39954522e-02  7.96694612e+02 
 8.47944256e+14  9.09981310e+34  1.18081000e+01  1.21052538e+00  1.08256000e+01  1.19696632e+00  3.40265666e-01  2.36011734e-02  9.38291179e-02  7.86930943e+02 
 8.49745842e+14  9.14501557e+34  1.18071000e+01  1.21297379e+00  1.08276000e+01  1.19944846e+00  3.40545877e-01  2.34985254e-02  9.36619747e-02  7.77303844e+02 
 8.51547429e+14  9.19027854e+34  1.18061000e+01  1.21541180e+00  1.08296000e+01  1.20192224e+00  3.40824245e-01  2.33930128e-02  9.34946453e-02  7.67838988e+02 
 8.53349016e+14  9.23567605e+34  1.18051000e+01  1.21784342e+00  1.08316000e+01  1.20439146e+00  3.41101138e-01  2.32849269e-02  9.33268036e-02  7.58517932e+02 
 8.55150603e+14  9.28119401e+34  1.18041000e+01  1.22026793e+00  1.08336000e+01  1.20685543e+00  3.41376499e-01  2.31742477e-02  9.31115872e-02  7.48963275e+02 
 8.56952189e+14  9.32678590e+34  1.18041000e+01  1.22268286e+00  1.08356000e+01  1.20931179e+00  3.41592219e-01  2.30608172e-02  9.29506376e-02  7.40314122e+02 
 8.58753776e+14  9.37255890e+34  1.18031000e+01  1.22509392e+00  1.08366000e+01  1.21168780e+00  3.41864553e-01  2.30769512e-02  9.27815164e-02  7.31414142e+02 
 8.60555363e+14  9.41834452e+34  1.18021000e+01  1.22749227e+00  1.08386000e+01  1.21413132e+00  3.42134879e-01  2.29581787e-02  9.26124824e-02  7.22670843e+02 
 8.62356950e+14  9.46437261e+34  1.18011000e+01  1.22988995e+00  1.08406000e+01  1.21657570e+00  3.42404274e-01  2.28373232e-02  9.24425006e-02  7.14037869e+02 
 8.64158536e+14  9.51040070e+34  1.18001000e+01  1.23227436e+00  1.08426000e+01  1.21900889e+00  3.42671626e-01  2.27136431e-02  9.22726788e-02  7.05558267e+02 
 8.65960123e+14  9.55663455e+34  1.17991000e+01  1.23465617e+00  1.08446000e+01  1.22144107e+00  3.42937882e-01  2.25878128e-02  9.21020960e-02  6.97191602e+02 
 8.67761710e+14  9.60291778e+34  1.17981000e+01  1.23702737e+00  1.08456000e+01  1.22378627e+00  3.43202353e-01  2.25903630e-02  9.19314747e-02  6.88963847e+02 
 8.69563297e+14  9.64934409e+34  1.17971000e+01  1.23939275e+00  1.08476000e+01  1.22620567e+00  3.43465454e-01  2.24594376e-02  9.17603942e-02  6.80855901e+02 
 8.71364883e+14  9.69588250e+34  1.17961000e+01  1.24175078e+00  1.08496000e+01  1.22861946e+00  3.43727069e-01  2.23262068e-02  9.15890101e-02  6.72870927e+02 
 8.73166470e+14  9.74250062e+34  1.17951000e+01  1.24409983e+00  1.08506000e+01  1.23094776e+00  3.43987057e-01  2.23209537e-02  9.13711704e-02  6.64675308e+02 
 8.74968057e+14  9.78929425e+34  1.17941000e+01  1.24644477e+00  1.08526000e+01  1.23335189e+00  3.44245847e-01  2.21829861e-02  9.11991264e-02  6.56928179e+02 
 8.76769644e+14  9.83610352e+34  1.17931000e+01  1.24877759e+00  1.08546000e+01  1.23574584e+00  3.44502758e-01  2.20425095e-02  9.10272382e-02  6.49313112e+02 
 8.78571230e+14  9.88315240e+34  1.17921000e+01  1.25110949e+00  1.08556000e+01  1.23806191e+00  3.44758755e-01  2.20299896e-02  9.08545133e-02  6.41791657e+02 
 8.80372817e+14  9.93020127e+34  1.17921000e+01  1.25342859e+00  1.08576000e+01  1.24044553e+00  3.44954307e-01  2.18848905e-02  9.06896147e-02  6.34722248e+02 
 8.82174404e+14  9.97745631e+34  1.17911000e+01  1.25574509e+00  1.08586000e+01  1.24274959e+00  3.45207287e-01  2.18674003e-02  9.05164722e-02  6.27422609e+02 
 8.83975991e+14  1.00247605e+35  1.17901000e+01  1.25805132e+00  1.08606000e+01  1.24512365e+00  3.45458577e-01  2.17178897e-02  9.03433713e-02  6.20240800e+02 
 8.85777577e+14  1.00722053e+35  1.17891000e+01  1.26035174e+00  1.08616000e+01  1.24741501e+00  3.45708558e-01  2.16954888e-02  9.01699123e-02  6.13160899e+02 
 8.87579164e+14  1.01197648e+35  1.17881000e+01  1.26264514e+00  1.08636000e+01  1.24977952e+00  3.45957136e-01  2.15416304e-02  8.99962205e-02  6.06184944e+02 
 8.89380751e+14  1.01673988e+35  1.17871000e+01  1.26492960e+00  1.08646000e+01  1.25205824e+00  3.46204161e-01  2.15144595e-02  8.98224861e-02  5.99316885e+02 
 8.91182338e+14  1.02152137e+35  1.17851000e+01  1.26721024e+00  1.08666000e+01  1.25441320e+00  3.46508865e-01  2.13564066e-02  8.96406191e-02  5.92237939e+02 
 8.92983924e+14  1.02630362e+35  1.17841000e+01  1.26947882e+00  1.08676000e+01  1.25667934e+00  3.46753013e-01  2.13245440e-02  8.94666371e-02  5.85577386e+02 
 8.94785511e+14  1.03111063e+35  1.17831000e+01  1.27174674e+00  1.08686000e+01  1.25894615e+00  3.46996302e-01  2.12906504e-02  8.92918684e-02  5.78995163e+02 
 8.96587098e+14  1.03591765e+35  1.17821000e+01  1.27400235e+00  1.08706000e+01  1.26128108e+00  3.47237790e-01  2.11260162e-02  8.91174176e-02  5.72523546e+02 
 8.98388685e+14  1.04074422e+35  1.17811000e+01  1.27625483e+00  1.08716000e+01  1.26353568e+00  3.47478226e-01  2.10875786e-02  8.89878404e-02  5.66423512e+02 
 9.00190271e+14  1.04557678e+35  1.17801000e+01  1.27849788e+00  1.08726000e+01  1.26578246e+00  3.47717111e-01  2.10468241e-02  8.88128558e-02  5.60130276e+02 
 9.01991858e+14  1.05042206e+35  1.17791000e+01  1.28073464e+00  1.08746000e+01  1.26810322e+00  3.47954701e-01  2.08761397e-02  8.86376518e-02  5.53925541e+02 
 9.03793445e+14  1.05528015e+35  1.17781000e+01  1.28296519e+00  1.08756000e+01  1.27034058e+00  3.48191010e-01  2.08310954e-02  8.84622317e-02  5.47807655e+02 
 9.05595032e+14  1.06014408e+35  1.17771000e+01  1.28518634e+00  1.08766000e+01  1.27257012e+00  3.48425791e-01  2.07838134e-02  8.82869116e-02  5.41783808e+02 
 9.07396618e+14  1.06502772e+35  1.17761000e+01  1.28740444e+00  1.08776000e+01  1.27479801e+00  3.48659552e-01  2.07345011e-02  8.81110895e-02  5.35835344e+02 
 9.09198205e+14  1.06991135e+35  1.17751000e+01  1.28961058e+00  1.08796000e+01  1.27709441e+00  3.48891596e-01  2.05558101e-02  8.79356347e-02  5.29984735e+02 
 9.10999792e+14  1.07481939e+35  1.17741000e+01  1.29181579e+00  1.08806000e+01  1.27931242e+00  3.49122795e-01  2.05023813e-02  8.77594914e-02  5.24201344e+02 
 9.12801379e+14  1.07972857e+35  1.17721000e+01  1.29400964e+00  1.08816000e+01  1.28152067e+00  3.49411704e-01  2.04467460e-02  8.75759881e-02  5.18245556e+02 
 9.14602965e+14  1.08465512e+35  1.17711000e+01  1.29619939e+00  1.08826000e+01  1.28372622e+00  3.49640209e-01  2.03891124e-02  8.73998057e-02  5.12631197e+02 
 9.16404552e+14  1.08958984e+35  1.17701000e+01  1.29838099e+00  1.08836000e+01  1.28592513e+00  3.49867324e-01  2.03293849e-02  8.72684327e-02  5.07359239e+02 
 9.18206139e+14  1.09453482e+35  1.17691000e+01  1.30055539e+00  1.08846000e+01  1.28811829e+00  3.50093129e-01  2.02676410e-02  8.70921819e-02  5.01902712e+02 
 9.20007726e+14  1.09949508e+35  1.17681000e+01  1.30272481e+00  1.08856000e+01  1.29030787e+00  3.50317796e-01  2.02039236e-02  8.69156757e-02  4.96517789e+02 
 9.21809312e+14  1.10445843e+35  1.17671000e+01  1.30488394e+00  1.08876000e+01  1.29256764e+00  3.50540927e-01  2.00121811e-02  8.67394476e-02  4.91216351e+02 
 9.23610899e+14  1.10944424e+35  1.17661000e+01  1.30704124e+00  1.08886000e+01  1.29474795e+00  3.50763173e-01  1.99447115e-02  8.65626765e-02  4.85976507e+02 
 9.25412486e+14  1.11443004e+35  1.17641000e+01  1.30918700e+00  1.08896000e+01  1.29691826e+00  3.51043489e-01  1.98752039e-02  8.63786036e-02  4.80573345e+02 
 9.27214073e+14  1.11943723e+35  1.17631000e+01  1.31133043e+00  1.08906000e+01  1.29908756e+00  3.51263242e-01  1.98038364e-02  8.62461516e-02  4.75725418e+02 
 9.29015659e+14  1.12444857e+35  1.17621000e+01  1.31346420e+00  1.08916000e+01  1.30124865e+00  3.51481543e-01  1.97305450e-02  8.60695069e-02  4.70707183e+02 
 9.30817246e+14  1.12947398e+35  1.17611000e+01  1.31559254e+00  1.08926000e+01  1.30340567e+00  3.51698699e-01  1.96553792e-02  8.58927019e-02  4.65754814e+02 
 9.32618833e+14  1.13451087e+35  1.17601000e+01  1.31771438e+00  1.08936000e+01  1.30555757e+00  3.51914645e-01  1.95783834e-02  8.57158570e-02  4.60869751e+02 
 9.34420420e+14  1.13955443e+35  1.17581000e+01  1.31982771e+00  1.08946000e+01  1.30770237e+00  3.52189145e-01  1.94995445e-02  8.55314340e-02  4.55820308e+02 
 9.36222006e+14  1.14461686e+35  1.17571000e+01  1.32193767e+00  1.08946000e+01  1.30976605e+00  3.52402804e-01  1.95436102e-02  8.53984801e-02  4.51299329e+02 
 9.38023593e+14  1.14967929e+35  1.17561000e+01  1.32403642e+00  1.08956000e+01  1.31189901e+00  3.52614925e-01  1.94609432e-02  8.52218525e-02  4.46617825e+02 
 9.39825180e+14  1.15476647e+35  1.17551000e+01  1.32613424e+00  1.08966000e+01  1.31403225e+00  3.52826259e-01  1.93766288e-02  8.50446525e-02  4.41987100e+02 
 9.41626767e+14  1.15985443e+35  1.17531000e+01  1.32822124e+00  1.08976000e+01  1.31615612e+00  3.53096182e-01  1.92904887e-02  8.48601248e-02  4.37201953e+02 
 9.43428353e+14  1.16495962e+35  1.17521000e+01  1.33030422e+00  1.08986000e+01  1.31827720e+00  3.53305060e-01  1.92026788e-02  8.47269313e-02  4.32924734e+02 
 9.45229940e+14  1.17007312e+35  1.17511000e+01  1.33237955e+00  1.08996000e+01  1.32039200e+00  3.53512676e-01  1.91130938e-02  8.45499862e-02  4.28484134e+02 
 9.47031527e+14  1.17519625e+35  1.17501000e+01  1.33444777e+00  1.09006000e+01  1.32250100e+00  3.53719081e-01  1.90218250e-02  8.43731279e-02  4.24104068e+02 
 9.48833114e+14  1.18033529e+35  1.17481000e+01  1.33651147e+00  1.09006000e+01  1.32452759e+00  3.53984730e-01  1.90526170e-02  8.41883233e-02  4.19560850e+02 
 9.50634700e+14  1.18547628e+35  1.17471000e+01  1.33856505e+00  1.09016000e+01  1.32662455e+00  3.54188739e-01  1.89578414e-02  8.40552626e-02  4.15517398e+02 
 9.52436287e+14  1.19064085e+35  1.17461000e+01  1.34061716e+00  1.09026000e+01  1.32872125e+00  3.54391944e-01  1.88615048e-02  8.38781012e-02  4.11302703e+02 
 9.54237874e+14  1.19580542e+35  1.17451000e+01  1.34265847e+00  1.09036000e+01  1.33080847e+00  3.54593705e-01  1.87635079e-02  8.37014457e-02  4.07152544e+02 
 9.56039461e+14  1.20098973e+35  1.17431000e+01  1.34469678e+00  1.09036000e+01  1.33281472e+00  3.54855003e-01  1.87870521e-02  8.35600635e-02  4.03050169e+02 
 9.57841047e+14  1.20617983e+35  1.17421000e+01  1.34672664e+00  1.09046000e+01  1.33489299e+00  3.55054628e-01  1.86857355e-02  8.33833067e-02  3.99005708e+02 
 9.59642634e+14  1.21138185e+35  1.17411000e+01  1.34875046e+00  1.09056000e+01  1.33696645e+00  3.55253152e-01  1.85828695e-02  8.32065794e-02  3.95013507e+02 
 9.61444221e+14  1.21659748e+35  1.17391000e+01  1.35076893e+00  1.09066000e+01  1.33903578e+00  3.55511198e-01  1.84784993e-02  8.30651949e-02  3.91071497e+02 
 9.63245808e+14  1.22181715e+35  1.17381000e+01  1.35277836e+00  1.09066000e+01  1.34101812e+00  3.55707418e-01  1.84950264e-02  8.28887213e-02  3.87185965e+02 
 9.65047394e+14  1.22705830e+35  1.17371000e+01  1.35478549e+00  1.09076000e+01  1.34307853e+00  3.55902803e-01  1.83874686e-02  8.27119051e-02  3.83343180e+02 
 9.66848981e+14  1.23229945e+35  1.17351000e+01  1.35678211e+00  1.09086000e+01  1.34512968e+00  3.56157510e-01  1.82784214e-02  8.25707992e-02  3.79558132e+02 
 9.68650568e+14  1.23756221e+35  1.17341000e+01  1.35877647e+00  1.09086000e+01  1.34710050e+00  3.56350728e-01  1.82899319e-02  8.23941074e-02  3.75814366e+02 
 9.70452155e+14  1.24282888e+35  1.17331000e+01  1.36076188e+00  1.09096000e+01  1.34914281e+00  3.56542680e-01  1.81777867e-02  8.22177966e-02  3.72123767e+02 
 9.72253741e+14  1.24810913e+35  1.17311000e+01  1.36274200e+00  1.09096000e+01  1.35110176e+00  3.56794448e-01  1.81860025e-02  8.20764656e-02  3.68478800e+02 
 9.74055328e+14  1.25340132e+35  1.17301000e+01  1.36471625e+00  1.09106000e+01  1.35313526e+00  3.56984369e-01  1.80708630e-02  8.19001498e-02  3.64879810e+02 
 9.75856915e+14  1.25869899e+35  1.17281000e+01  1.36668224e+00  1.09106000e+01  1.35508241e+00  3.57234010e-01  1.80758201e-02  8.17163391e-02  3.61141865e+02 
 9.77658502e+14  1.26401669e+35  1.17271000e+01  1.36864538e+00  1.09116000e+01  1.35710711e+00  3.57421922e-01  1.79577464e-02  8.15827191e-02  3.57820334e+02 
 9.79460088e+14  1.26933439e+35  1.17261000e+01  1.37059831e+00  1.09126000e+01  1.35912278e+00  3.57608515e-01  1.78382898e-02  8.14069741e-02  3.54361884e+02 
 9.81261675e+14  1.27467491e+35  1.17241000e+01  1.37254942e+00  1.09126000e+01  1.36105844e+00  3.57855387e-01  1.78385783e-02  8.12655440e-02  3.50939660e+02 
 9.83063262e+14  1.28001812e+35  1.17231000e+01  1.37449137e+00  1.09126000e+01  1.36298608e+00  3.58040009e-01  1.78372410e-02  8.10898421e-02  3.47565851e+02 
 9.84864849e+14  1.28537591e+35  1.17211000e+01  1.37642850e+00  1.09136000e+01  1.36498933e+00  3.58284813e-01  1.77135116e-02  8.09062952e-02  3.44052143e+02 
 9.86666435e+14  1.29074462e+35  1.17201000e+01  1.37835952e+00  1.09136000e+01  1.36690827e+00  3.58467479e-01  1.77090980e-02  8.07730209e-02  3.40940616e+02 
 9.88468022e+14  1.29611960e+35  1.17191000e+01  1.38028277e+00  1.09146000e+01  1.36889986e+00  3.58649013e-01  1.75826031e-02  8.05977066e-02  3.37692980e+02 
 9.90269609e+14  1.30151381e+35  1.17171000e+01  1.38220291e+00  1.09146000e+01  1.37081012e+00  3.58890971e-01  1.75752171e-02  8.04565465e-02  3.34480987e+02 
 9.92071196e+14  1.30690803e+35  1.17161000e+01  1.38411312e+00  1.09156000e+01  1.37279085e+00  3.59070448e-01  1.74460684e-02  8.02815621e-02  3.31315394e+02 
 9.93872782e+14  1.31232561e+35  1.17141000e+01  1.38602169e+00  1.09156000e+01  1.37469169e+00  3.59310536e-01  1.74357806e-02  8.01404580e-02  3.28181958e+02 
 9.95674369e+14  1.31774532e+35  1.17131000e+01  1.38792114e+00  1.09166000e+01  1.37666382e+00  3.59488112e-01  1.73040022e-02  7.99655752e-02  3.25092343e+02 
 9.97475956e+14  1.32317994e+35  1.17111000e+01  1.38981599e+00  1.09166000e+01  1.37855309e+00  3.59726210e-01  1.72908423e-02  7.97828502e-02  3.21869525e+02 
 9.99277543e+14  1.32862514e+35  1.17101000e+01  1.39170474e+00  1.09166000e+01  1.38043731e+00  3.59901909e-01  1.72762004e-02  7.96500225e-02  3.19022833e+02 
 1.00107913e+15  1.33407672e+35  1.17091000e+01  1.39358596e+00  1.09176000e+01  1.38239437e+00  3.60076524e-01  1.71405536e-02  7.94756077e-02  3.16046509e+02 
 1.00288072e+15  1.33954740e+35  1.17071000e+01  1.39546405e+00  1.09176000e+01  1.38427003e+00  3.60311881e-01  1.71231426e-02  7.93349359e-02  3.13102276e+02 
 1.00468230e+15  1.34501809e+35  1.17061000e+01  1.39733250e+00  1.09176000e+01  1.38613706e+00  3.60484519e-01  1.71043362e-02  7.91609080e-02  3.10199792e+02 
 1.00648389e+15  1.35051203e+35  1.17041000e+01  1.39919923e+00  1.09186000e+01  1.38808275e+00  3.60718076e-01  1.69649298e-02  7.90203498e-02  3.07326249e+02 
 1.00828548e+15  1.35600819e+35  1.17031000e+01  1.40105713e+00  1.09186000e+01  1.38994129e+00  3.60888883e-01  1.69434066e-02  7.88464786e-02  3.04492103e+02 
 1.01008706e+15  1.36151893e+35  1.17011000e+01  1.40291041e+00  1.09186000e+01  1.39179620e+00  3.61120533e-01  1.69205540e-02  7.87062926e-02  3.01690477e+02 
 1.01188865e+15  1.36704056e+35  1.17001000e+01  1.40475782e+00  1.09186000e+01  1.39364626e+00  3.61289528e-01  1.68962816e-02  7.85325944e-02  2.98922703e+02 
 1.01369024e+15  1.37256804e+35  1.16981000e+01  1.40659772e+00  1.09196000e+01  1.39556916e+00  3.61519295e-01  1.67520617e-02  7.83927936e-02  2.96190835e+02 
 1.01549182e+15  1.37811513e+35  1.16971000e+01  1.40843470e+00  1.09196000e+01  1.39741078e+00  3.61686499e-01  1.67251871e-02  7.82192860e-02  2.93487534e+02 
 1.01729341e+15  1.38366222e+35  1.16951000e+01  1.41026229e+00  1.09196000e+01  1.39924397e+00  3.61914459e-01  1.66971151e-02  7.80797722e-02  2.90821924e+02 
 1.01909500e+15  1.38923181e+35  1.16941000e+01  1.41208791e+00  1.09196000e+01  1.40107618e+00  3.62079833e-01  1.66676070e-02  7.79065795e-02  2.88182673e+02 
 1.02089658e+15  1.39480436e+35  1.16921000e+01  1.41390518e+00  1.09196000e+01  1.40290097e+00  3.62306117e-01  1.66369555e-02  7.77671503e-02  2.85578651e+02 
 1.02269817e+15  1.40039051e+35  1.16911000e+01  1.41571758e+00  1.09206000e+01  1.40480130e+00  3.62469575e-01  1.64868207e-02  7.75945047e-02  2.83004336e+02 
 1.02449976e+15  1.40598851e+35  1.16891000e+01  1.41752459e+00  1.09206000e+01  1.40661776e+00  3.62694198e-01  1.64536724e-02  7.74551733e-02  2.80460159e+02 
 1.02630134e+15  1.41159115e+35  1.16881000e+01  1.41932387e+00  1.09206000e+01  1.40842746e+00  3.62855765e-01  1.64192445e-02  7.72830871e-02  2.77948864e+02 
 1.02810293e+15  1.41721460e+35  1.16861000e+01  1.42112064e+00  1.09206000e+01  1.41023561e+00  3.63078740e-01  1.63835361e-02  7.71438660e-02  2.75462846e+02 
 1.02990452e+15  1.42283804e+35  1.16841000e+01  1.42290829e+00  1.09206000e+01  1.41203551e+00  3.63300707e-01  1.63467179e-02  7.69643137e-02  2.72866088e+02 
 1.03170610e+15  1.42848254e+35  1.16831000e+01  1.42469349e+00  1.09206000e+01  1.41383394e+00  3.63459789e-01  1.63085612e-02  7.68332573e-02  2.70583237e+02 
 1.03350769e+15  1.43413142e+35  1.16811000e+01  1.42647103e+00  1.09206000e+01  1.41562558e+00  3.63680140e-01  1.62692916e-02  7.66946650e-02  2.68186843e+02 
 1.03530928e+15  1.43979225e+35  1.16801000e+01  1.42824328e+00  1.09216000e+01  1.41749230e+00  3.63837382e-01  1.61115667e-02  7.65233710e-02  2.65817967e+02 
 1.03711086e+15  1.44546655e+35  1.16781000e+01  1.43001075e+00  1.09216000e+01  1.41927574e+00  3.64056133e-01  1.60699766e-02  7.63849209e-02  2.63475632e+02 
 1.03891245e+15  1.45158391e+35  1.16771000e+01  1.43190626e+00  1.09216000e+01  1.42118944e+00  3.64218728e-01  1.60239038e-02  7.61984787e-02  2.60985713e+02 
 1.04071404e+15  1.46131970e+35  1.16741000e+01  1.43490861e+00  1.09216000e+01  1.42422266e+00  3.64563512e-01  1.59481615e-02  7.59484552e-02  2.57088806e+02 
 1.04251562e+15  1.47105549e+35  1.16711000e+01  1.43789690e+00  1.09216000e+01  1.42724393e+00  3.64906612e-01  1.58697768e-02  7.56990867e-02  2.53267365e+02 
 1.04431721e+15  1.48286278e+35  1.16681000e+01  1.44150436e+00  1.09216000e+01  1.43089387e+00  3.65280954e-01  1.57716066e-02  7.53769596e-02  2.48729853e+02 
 1.04611880e+15  1.49537989e+35  1.16641000e+01  1.44531299e+00  1.09216000e+01  1.43475010e+00  3.65727674e-01  1.56644801e-02  7.50630409e-02  2.44028849e+02 
 1.04792038e+15  1.50796135e+35  1.16611000e+01  1.44912561e+00  1.09216000e+01  1.43861285e+00  3.66111575e-01  1.55540811e-02  7.47160657e-02  2.39414153e+02 
 1.04972197e+15  1.52065036e+35  1.16571000e+01  1.45295553e+00  1.09216000e+01  1.44249533e+00  3.66559170e-01  1.54405110e-02  7.43989678e-02  2.34869323e+02 
 1.05152356e+15  1.53333937e+35  1.16541000e+01  1.45677037e+00  1.09216000e+01  1.44636455e+00  3.66943336e-01  1.53249600e-02  7.40517466e-02  2.30431524e+02 
 1.05332515e+15  1.54620107e+35  1.16501000e+01  1.46062205e+00  1.09216000e+01  1.45027293e+00  3.67392838e-01  1.52062418e-02  7.37322561e-02  2.26039793e+02 
 1.05512673e+15  1.55906323e+35  1.16471000e+01  1.46445892e+00  1.09206000e+01  1.45408852e+00  3.67779147e-01  1.52008286e-02  7.33832062e-02  2.21752287e+02 
 1.05692832e+15  1.57203245e+35  1.16431000e+01  1.46831271e+00  1.09206000e+01  1.45800223e+00  3.68230307e-01  1.50782599e-02  7.30642204e-02  2.17532161e+02 
 1.05872991e+15  1.58506902e+35  1.16391000e+01  1.47217155e+00  1.09206000e+01  1.46192243e+00  3.68682786e-01  1.49541072e-02  7.27451493e-02  2.13391597e+02 
 1.06053149e+15  1.59814487e+35  1.16361000e+01  1.47602696e+00  1.09206000e+01  1.46584042e+00  3.69072817e-01  1.48287703e-02  7.23959420e-02  2.09338146e+02 
 1.06233308e+15  1.61135710e+35  1.16321000e+01  1.47990746e+00  1.09206000e+01  1.46978502e+00  3.69528825e-01  1.47015956e-02  7.20758039e-02  2.05341022e+02 
 1.06413467e+15  1.62456933e+35  1.16291000e+01  1.48377278e+00  1.09196000e+01  1.47363583e+00  3.69921825e-01  1.46874212e-02  7.17273201e-02  2.01440368e+02 
 1.06593625e+15  1.63792779e+35  1.16251000e+01  1.48766551e+00  1.09196000e+01  1.47759494e+00  3.70381320e-01  1.45577569e-02  7.14075394e-02  1.97592049e+02 
 1.06773784e+15  1.65131691e+35  1.16211000e+01  1.49155178e+00  1.09196000e+01  1.48154833e+00  3.70842099e-01  1.44276701e-02  7.10894145e-02  1.93828590e+02 
 1.06953943e+15  1.66478135e+35  1.16181000e+01  1.49544433e+00  1.09196000e+01  1.48550891e+00  3.71240983e-01  1.42967787e-02  7.07410933e-02  1.90136044e+02 
 1.07134101e+15  1.67834860e+35  1.16141000e+01  1.49935090e+00  1.09186000e+01  1.48940510e+00  3.71706220e-01  1.42773984e-02  7.04228038e-02  1.86506112e+02 
 1.07314260e+15  1.69191801e+35  1.16101000e+01  1.50324232e+00  1.09186000e+01  1.49336598e+00  3.72172487e-01  1.41454139e-02  7.01072904e-02  1.82964318e+02 
 1.07494419e+15  1.70566460e+35  1.16071000e+01  1.50716849e+00  1.09186000e+01  1.49736284e+00  3.72578330e-01  1.40119455e-02  6.97589372e-02  1.79464203e+02 
 1.07674577e+15  1.71941120e+35  1.16031000e+01  1.51107856e+00  1.09176000e+01  1.50126445e+00  3.73049392e-01  1.39905352e-02  6.94437340e-02  1.76050152e+02 
 1.07854736e+15  1.73326509e+35  1.15991000e+01  1.51500279e+00  1.09176000e+01  1.50526044e+00  3.73523258e-01  1.38565347e-02  6.90904603e-02  1.72599989e+02 
 1.08034895e+15  1.74719225e+35  1.15961000e+01  1.51893133e+00  1.09176000e+01  1.50926126e+00  3.73934928e-01  1.37222956e-02  6.87836236e-02  1.69403545e+02 
 1.08215053e+15  1.76115018e+35  1.15921000e+01  1.52285193e+00  1.09166000e+01  1.51317506e+00  3.74412684e-01  1.36992243e-02  6.84710141e-02  1.66187115e+02 
 1.08395212e+15  1.77525909e+35  1.15891000e+01  1.52679810e+00  1.09166000e+01  1.51719470e+00  3.74829337e-01  1.35641014e-02  6.81274576e-02  1.63016312e+02 
 1.08575371e+15  1.78936800e+35  1.15851000e+01  1.53072733e+00  1.09166000e+01  1.52119742e+00  3.75311839e-01  1.34297164e-02  6.78165682e-02  1.59924109e+02 
 1.08755529e+15  1.80361179e+35  1.15811000e+01  1.53467692e+00  1.09156000e+01  1.52514186e+00  3.75797738e-01  1.34048560e-02  6.74677393e-02  1.56793766e+02 
 1.08935688e+15  1.81790364e+35  1.15781000e+01  1.53862253e+00  1.09156000e+01  1.52916192e+00  3.76220677e-01  1.32698975e-02  6.71656812e-02  1.53901141e+02 
 1.09115847e+15  1.83225034e+35  1.15741000e+01  1.54256579e+00  1.09156000e+01  1.53317983e+00  3.76710676e-01  1.31352872e-02  6.68573180e-02  1.50985416e+02 
 1.09296005e+15  1.84672632e+35  1.15711000e+01  1.54652689e+00  1.09146000e+01  1.53713686e+00  3.77138837e-01  1.31095940e-02  6.65196136e-02  1.48116674e+02 
 1.09476164e+15  1.86120231e+35  1.15671000e+01  1.55047020e+00  1.09146000e+01  1.54115529e+00  3.77633398e-01  1.29752385e-02  6.62140284e-02  1.45319445e+02 
 1.09656323e+15  1.87583599e+35  1.15641000e+01  1.55443837e+00  1.09136000e+01  1.54511993e+00  3.78066396e-01  1.29491760e-02  6.58786390e-02  1.42562288e+02 
 1.09836481e+15  1.89049727e+35  1.15601000e+01  1.55839585e+00  1.09136000e+01  1.54915325e+00  3.78566446e-01  1.28146536e-02  6.55743506e-02  1.39868985e+02 
 1.10016640e+15  1.90523255e+35  1.15571000e+01  1.56235491e+00  1.09136000e+01  1.55318829e+00  3.79003384e-01  1.26804743e-02  6.52429957e-02  1.37229712e+02 
 1.10196799e+15  1.92008028e+35  1.15531000e+01  1.56632563e+00  1.09126000e+01  1.55715612e+00  3.79508952e-01  1.26543307e-02  6.49401238e-02  1.34636832e+02 
 1.10376957e+15  1.93492801e+35  1.15491000e+01  1.57027770e+00  1.09126000e+01  1.56118436e+00  3.80015804e-01  1.25209006e-02  6.46046926e-02  1.32035538e+02 
 1.10557116e+15  1.94995115e+35  1.15461000e+01  1.57425749e+00  1.09116000e+01  1.56516168e+00  3.80460891e-01  1.24945103e-02  6.43115421e-02  1.29614930e+02 
 1.10737275e+15  1.96498648e+35  1.15421000e+01  1.57822149e+00  1.09116000e+01  1.56920236e+00  3.80973262e-01  1.23611910e-02  6.39779161e-02  1.27110924e+02 
 1.10917433e+15  1.98010969e+35  1.15391000e+01  1.58218939e+00  1.09116000e+01  1.57324709e+00  3.81422203e-01  1.22281996e-02  6.36887717e-02  1.24795406e+02 
 1.11097592e+15  1.99533375e+35  1.15361000e+01  1.58616437e+00  1.09106000e+01  1.57721992e+00  3.81873856e-01  1.22021820e-02  6.33648897e-02  1.22453493e+02 
 1.11277751e+15  2.01055781e+35  1.15321000e+01  1.59011986e+00  1.09106000e+01  1.58125217e+00  3.82392847e-01  1.20703033e-02  6.30719000e-02  1.20170253e+02 
 1.11457909e+15  2.02596953e+35  1.15291000e+01  1.59410432e+00  1.09096000e+01  1.58523485e+00  3.82849738e-01  1.20441482e-02  6.27500405e-02  1.17916812e+02 
 1.11638068e+15  2.04138345e+35  1.15251000e+01  1.59806949e+00  1.09096000e+01  1.58927719e+00  3.83374183e-01  1.19125439e-02  6.24587722e-02  1.15719630e+02 
 1.11818227e+15  2.05689349e+35  1.15221000e+01  1.60203932e+00  1.09086000e+01  1.59324511e+00  3.83834758e-01  1.18870761e-02  6.21413323e-02  1.13564159e+02 
 1.11998385e+15  2.07249838e+35  1.15181000e+01  1.60601323e+00  1.09086000e+01  1.59729656e+00  3.84364618e-01  1.17558204e-02  6.18518520e-02  1.11449908e+02 
 1.12178544e+15  2.08810525e+35  1.15151000e+01  1.60996739e+00  1.09076000e+01  1.60124863e+00  3.84828781e-01  1.17311312e-02  6.15388634e-02  1.09388337e+02 
 1.12358703e+15  2.10390221e+35  1.15121000e+01  1.61394913e+00  1.09076000e+01  1.60530824e+00  3.85297048e-01  1.16002342e-02  6.12246239e-02  1.07353957e+02 
 1.12538862e+15  2.11969917e+35  1.15081000e+01  1.61791025e+00  1.09066000e+01  1.60926758e+00  3.85833246e-01  1.15755396e-02  6.09403771e-02  1.05370615e+02 
 1.12719020e+15  2.13559448e+35  1.15051000e+01  1.62187522e+00  1.09066000e+01  1.61331025e+00  3.86304996e-01  1.14458448e-02  6.06306046e-02  1.03424891e+02 
 1.12899179e+15  2.15158460e+35  1.15021000e+01  1.62584291e+00  1.09066000e+01  1.61735565e+00  3.86779185e-01  1.13166773e-02  6.03220154e-02  1.01516588e+02 
