# rhoc (cgs) 	 Pc (cgs) 	 R (km) 	 M (msol) 	 R_core (km) 	 M_core (msol) 	 I/(MR^2) 	 I_crust/(M_crust R_crust^2)/(I/(MR^2)) 	 k_2 	 Lambda 
 2.30000000e+14  2.86222819e+33  1.74751000e+01  1.53070783e-01  7.75160000e+00  1.38692532e-01  7.82122097e-02  1.92275489e-01  1.01055915e-02  1.86108817e+07 
 2.31357266e+14  2.91483658e+33  1.72961000e+01  1.55196633e-01  7.77860000e+00  1.40884223e-01  8.01997586e-02  1.88745841e-01  1.07210107e-02  1.75038495e+07 
 2.32714532e+14  2.96744497e+33  1.71261000e+01  1.57314352e-01  7.80560000e+00  1.43076482e-01  8.21664905e-02  1.85230800e-01  1.13502991e-02  1.64826233e+07 
 2.34071797e+14  3.02376170e+33  1.69541000e+01  1.59573268e-01  7.83360000e+00  1.45404175e-01  8.42415533e-02  1.81706459e-01  1.20360667e-02  1.54748329e+07 
 2.35429063e+14  3.08083787e+33  1.67901000e+01  1.61856130e-01  7.86260000e+00  1.47779906e-01  8.63071750e-02  1.77996667e-01  1.27408426e-02  1.45340676e+07 
 2.36786329e+14  3.13791404e+33  1.66351000e+01  1.64131809e-01  7.88960000e+00  1.50111994e-01  8.83414470e-02  1.74791424e-01  1.34566556e-02  1.36668623e+07 
 2.38143595e+14  3.19499022e+33  1.64891000e+01  1.66399696e-01  7.91760000e+00  1.52468215e-01  9.03371256e-02  1.71348853e-01  1.41796854e-02  1.28664011e+07 
 2.39500861e+14  3.25206639e+33  1.63511000e+01  1.68659235e-01  7.94360000e+00  1.54778904e-01  9.22981052e-02  1.68399400e-01  1.49102771e-02  1.21265800e+07 
 2.40858126e+14  3.30914256e+33  1.62191000e+01  1.70909919e-01  7.97060000e+00  1.57112895e-01  9.42411217e-02  1.65207752e-01  1.56542925e-02  1.14419286e+07 
 2.42215392e+14  3.36861549e+33  1.60901000e+01  1.73245727e-01  7.99760000e+00  1.59518446e-01  9.62158952e-02  1.62156406e-01  1.64301433e-02  1.07817878e+07 
 2.43572658e+14  3.43056594e+33  1.59621000e+01  1.75671335e-01  8.02460000e+00  1.61999338e-01  9.82472588e-02  1.59249993e-01  1.72495624e-02  1.01459355e+07 
 2.44929924e+14  3.49251639e+33  1.58411000e+01  1.78089144e-01  8.05260000e+00  1.64505389e-01  1.00240925e-01  1.56103158e-01  1.80744301e-02  9.55811905e+06 
 2.46287190e+14  3.55446684e+33  1.57261000e+01  1.80498553e-01  8.07860000e+00  1.66964495e-01  1.02203846e-01  1.53431181e-01  1.89067114e-02  9.01406983e+06 
 2.47644455e+14  3.61641729e+33  1.56161000e+01  1.82899016e-01  8.10460000e+00  1.69423612e-01  1.04144263e-01  1.50752462e-01  1.97493163e-02  8.50994007e+06 
 2.49001721e+14  3.67836774e+33  1.55131000e+01  1.85290034e-01  8.13060000e+00  1.71882354e-01  1.06030672e-01  1.48065383e-01  2.05862429e-02  8.04226038e+06 
 2.50358987e+14  3.74106198e+33  1.54131000e+01  1.87699721e-01  8.15660000e+00  1.74362229e-01  1.07918902e-01  1.45409733e-01  2.14425948e-02  7.60286989e+06 
 2.51716253e+14  3.80823003e+33  1.53121000e+01  1.90272410e-01  8.18360000e+00  1.76998687e-01  1.09895114e-01  1.42755995e-01  2.23577462e-02  7.16623570e+06 
 2.53073519e+14  3.87539808e+33  1.52151000e+01  1.92836759e-01  8.21060000e+00  1.79636188e-01  1.11852191e-01  1.40093333e-01  2.32840557e-02  6.76163841e+06 
 2.54430784e+14  3.94256614e+33  1.51231000e+01  1.95392169e-01  8.23660000e+00  1.82249235e-01  1.13771683e-01  1.37652017e-01  2.42110924e-02  6.38632649e+06 
 2.55788050e+14  4.00973419e+33  1.50361000e+01  1.97938092e-01  8.26260000e+00  1.84862018e-01  1.15649100e-01  1.35197645e-01  2.51351646e-02  6.03780719e+06 
 2.57145316e+14  4.07690224e+33  1.49531000e+01  2.00474035e-01  8.28760000e+00  1.87448828e-01  1.17495659e-01  1.32958543e-01  2.60611112e-02  5.71382375e+06 
 2.58502582e+14  4.14407029e+33  1.48741000e+01  2.02999538e-01  8.31260000e+00  1.90034265e-01  1.19307845e-01  1.30702651e-01  2.69859555e-02  5.41233184e+06 
 2.59859848e+14  4.21558528e+33  1.47941000e+01  2.05677910e-01  8.33860000e+00  1.92770322e-01  1.21200586e-01  1.28424069e-01  2.79687802e-02  5.11383139e+06 
 2.61217113e+14  4.28831209e+33  1.47161000e+01  2.08392798e-01  8.36460000e+00  1.95541937e-01  1.23100035e-01  1.26190777e-01  2.89728353e-02  4.83180618e+06 
 2.62574379e+14  4.36103891e+33  1.46421000e+01  2.11098236e-01  8.39060000e+00  1.98313478e-01  1.24960423e-01  1.23940693e-01  2.99725811e-02  4.56968591e+06 
 2.63931645e+14  4.43376573e+33  1.45711000e+01  2.13793677e-01  8.41560000e+00  2.01058383e-01  1.26795483e-01  1.21896857e-01  3.09751218e-02  4.32582366e+06 
 2.65288911e+14  4.50649255e+33  1.45041000e+01  2.16478620e-01  8.44060000e+00  2.03801988e-01  1.28584793e-01  1.19833171e-01  3.19669541e-02  4.09872246e+06 
 2.66646177e+14  4.57921937e+33  1.44391000e+01  2.19152610e-01  8.46560000e+00  2.06543882e-01  1.30360807e-01  1.17749557e-01  3.29671405e-02  3.88702237e+06 
 2.68003442e+14  4.65436528e+33  1.43761000e+01  2.21903968e-01  8.48960000e+00  2.09326495e-01  1.32142293e-01  1.15978817e-01  3.39834415e-02  3.68311960e+06 
 2.69360708e+14  4.73299995e+33  1.43131000e+01  2.24773218e-01  8.51560000e+00  2.12261326e-01  1.33974847e-01  1.13909475e-01  3.50437188e-02  3.48437010e+06 
 2.70717974e+14  4.81163463e+33  1.42521000e+01  2.27632521e-01  8.54060000e+00  2.15168915e-01  1.35791447e-01  1.12038198e-01  3.61105650e-02  3.29932752e+06 
 2.72075240e+14  4.89026930e+33  1.41951000e+01  2.30481319e-01  8.56560000e+00  2.18075336e-01  1.37551545e-01  1.10144593e-01  3.71560946e-02  3.12688615e+06 
 2.73432506e+14  4.96890397e+33  1.41401000e+01  2.33319111e-01  8.59060000e+00  2.20980122e-01  1.39290818e-01  1.08228841e-01  3.82030060e-02  2.96603829e+06 
 2.74789771e+14  5.04753865e+33  1.40871000e+01  2.36145434e-01  8.61460000e+00  2.23855544e-01  1.41007471e-01  1.06505310e-01  3.92494226e-02  2.81586530e+06 
 2.76147037e+14  5.12626428e+33  1.40371000e+01  2.38963117e-01  8.63860000e+00  2.26730789e-01  1.42680149e-01  1.04761447e-01  4.02794293e-02  2.67537268e+06 
 2.77504303e+14  5.20862922e+33  1.39871000e+01  2.41899214e-01  8.66260000e+00  2.29706031e-01  1.44398256e-01  1.03148136e-01  4.13490517e-02  2.53804926e+06 
 2.78861569e+14  5.29100889e+33  1.39391000e+01  2.44824446e-01  8.68660000e+00  2.32679483e-01  1.46089718e-01  1.01510084e-01  4.24137823e-02  2.40976756e+06 
 2.80218835e+14  5.37437332e+33  1.38921000e+01  2.47772910e-01  8.71060000e+00  2.35678058e-01  1.47782247e-01  9.98874910e-02  4.34913398e-02  2.28845070e+06 
 2.81576100e+14  5.45773775e+33  1.38481000e+01  2.50709433e-01  8.73460000e+00  2.38673961e-01  1.49423607e-01  9.82394860e-02  4.45446445e-02  2.17501101e+06 
 2.82933366e+14  5.54211857e+33  1.38041000e+01  2.53669320e-01  8.75760000e+00  2.41666865e-01  1.51085282e-01  9.68149396e-02  4.56241586e-02  2.06758802e+06 
 2.84290632e+14  5.62771489e+33  1.37631000e+01  2.56659710e-01  8.78160000e+00  2.44718843e-01  1.52702612e-01  9.52042310e-02  4.66804878e-02  1.96560656e+06 
 2.85647898e+14  5.71331122e+33  1.37231000e+01  2.59637660e-01  8.80460000e+00  2.47739166e-01  1.54307798e-01  9.37740597e-02  4.77396812e-02  1.87012486e+06 
 2.87005164e+14  5.80092963e+33  1.36831000e+01  2.62673235e-01  8.82860000e+00  2.50840486e-01  1.55939642e-01  9.21893251e-02  4.88275229e-02  1.77859252e+06 
 2.88362429e+14  5.88878805e+33  1.36461000e+01  2.65704617e-01  8.85160000e+00  2.53916454e-01  1.57514269e-01  9.07918235e-02  4.98818834e-02  1.69261610e+06 
 2.89719695e+14  5.97740346e+33  1.36101000e+01  2.68749109e-01  8.87460000e+00  2.57009368e-01  1.59080064e-01  8.93950686e-02  5.09388285e-02  1.61134579e+06 
 2.91076961e+14  6.06755409e+33  1.35741000e+01  2.71833555e-01  8.89760000e+00  2.60140689e-01  1.60666402e-01  8.80274220e-02  5.20200787e-02  1.53383725e+06 
 2.92434227e+14  6.15770472e+33  1.35401000e+01  2.74905001e-01  8.91960000e+00  2.63238859e-01  1.62212794e-01  8.68330437e-02  5.30799413e-02  1.46115055e+06 
 2.93791493e+14  6.24963048e+33  1.35071000e+01  2.78023560e-01  8.94260000e+00  2.66410417e-01  1.63756280e-01  8.54727604e-02  5.41439946e-02  1.39162189e+06 
 2.95148758e+14  6.34210340e+33  1.34751000e+01  2.81147607e-01  8.96560000e+00  2.69592931e-01  1.65286149e-01  8.41045944e-02  5.52058078e-02  1.32599284e+06 
 2.96506024e+14  6.43503807e+33  1.34451000e+01  2.84273718e-01  8.98760000e+00  2.72753902e-01  1.66776007e-01  8.29228360e-02  5.62429396e-02  1.26407553e+06 
 2.97863290e+14  6.52986328e+33  1.34151000e+01  2.87449969e-01  9.01060000e+00  2.75991289e-01  1.68285983e-01  8.15799166e-02  5.73021715e-02  1.20475214e+06 
 2.99220556e+14  6.62468850e+33  1.33861000e+01  2.90612677e-01  9.03260000e+00  2.79194341e-01  1.69775537e-01  8.04056613e-02  5.83534453e-02  1.14903281e+06 
 3.00577822e+14  6.72100485e+33  1.33581000e+01  2.93811159e-01  9.05460000e+00  2.82432441e-01  1.71255731e-01  7.92518513e-02  5.94022928e-02  1.09585630e+06 
 3.01935087e+14  6.81821230e+33  1.33311000e+01  2.97025584e-01  9.07660000e+00  2.85689701e-01  1.72721074e-01  7.80984335e-02  6.04449595e-02  1.04541593e+06 
 3.03292353e+14  6.91554828e+33  1.33051000e+01  3.00230248e-01  9.09860000e+00  2.88945361e-01  1.74164677e-01  7.69210689e-02  6.14768200e-02  9.97925832e+05 
 3.04649619e+14  7.01516784e+33  1.32791000e+01  3.03495964e-01  9.12060000e+00  2.92256642e-01  1.75629170e-01  7.57871179e-02  6.25299484e-02  9.52215090e+05 
 3.06006885e+14  7.11478739e+33  1.32551000e+01  3.06747616e-01  9.14160000e+00  2.95532084e-01  1.77043243e-01  7.48159496e-02  6.35463068e-02  9.09217437e+05 
 3.07364151e+14  7.21557490e+33  1.32311000e+01  3.10022877e-01  9.16360000e+00  2.98863585e-01  1.78468308e-01  7.36608688e-02  6.45774015e-02  8.68280396e+05 
 3.08721416e+14  7.31763636e+33  1.32081000e+01  3.13325306e-01  9.18460000e+00  3.02192349e-01  1.79878031e-01  7.27052406e-02  6.55990414e-02  8.29259109e+05 
 3.10078682e+14  7.41969782e+33  1.31861000e+01  3.16613242e-01  9.20660000e+00  3.05546587e-01  1.81261770e-01  7.15329261e-02  6.66043074e-02  7.92514379e+05 
 3.11435948e+14  7.52398606e+33  1.31651000e+01  3.19958138e-01  9.22760000e+00  3.08922065e-01  1.82635772e-01  7.05846787e-02  6.76018960e-02  7.57150590e+05 
 3.12793214e+14  7.62851915e+33  1.31441000e+01  3.23296322e-01  9.24860000e+00  3.12298135e-01  1.84012210e-01  6.96148109e-02  6.86079429e-02  7.23757752e+05 
 3.14150480e+14  7.73385560e+33  1.31241000e+01  3.26645149e-01  9.26960000e+00  3.15688903e-01  1.85366985e-01  6.86390358e-02  6.95983958e-02  6.92044779e+05 
 3.15507746e+14  7.84088995e+33  1.31041000e+01  3.30033125e-01  9.29060000e+00  3.19117628e-01  1.86734622e-01  6.76819738e-02  7.06029676e-02  6.61667301e+05 
 3.16865011e+14  7.94792431e+33  1.30861000e+01  3.33406111e-01  9.31160000e+00  3.22540159e-01  1.88044882e-01  6.66972052e-02  7.15595109e-02  6.33022487e+05 
 3.18222277e+14  8.05682892e+33  1.30671000e+01  3.36822681e-01  9.33160000e+00  3.25972256e-01  1.89397090e-01  6.59168685e-02  7.25569983e-02  6.05532029e+05 
 3.19579543e+14  8.16639410e+33  1.30501000e+01  3.40244908e-01  9.35260000e+00  3.29446982e-01  1.90695390e-01  6.49434338e-02  7.35069476e-02  5.79439100e+05 
 3.20936809e+14  8.27635443e+33  1.30331000e+01  3.43664018e-01  9.37260000e+00  3.32892832e-01  1.91995255e-01  6.41337066e-02  7.44628762e-02  5.54723428e+05 
 3.22294075e+14  8.38847991e+33  1.30161000e+01  3.47134999e-01  9.39360000e+00  3.36419488e-01  1.93309575e-01  6.31707307e-02  7.54324271e-02  5.30931913e+05 
 3.23651340e+14  8.50060539e+33  1.30011000e+01  3.50590510e-01  9.41360000e+00  3.39906849e-01  1.94562760e-01  6.23600746e-02  7.63475623e-02  5.08467582e+05 
 3.25008606e+14  8.61419969e+33  1.29851000e+01  3.54075406e-01  9.43360000e+00  3.43424120e-01  1.95854397e-01  6.15574329e-02  7.73014002e-02  4.86971364e+05 
 3.26365872e+14  8.72891485e+33  1.29701000e+01  3.57579098e-01  9.45460000e+00  3.46995544e-01  1.97121938e-01  6.05774055e-02  7.82333635e-02  4.66462120e+05 
 3.27723138e+14  8.84363001e+33  1.29561000e+01  3.61066932e-01  9.47360000e+00  3.50493845e-01  1.98356684e-01  5.99239858e-02  7.91375109e-02  4.47078352e+05 
 3.29080404e+14  8.96090519e+33  1.29421000e+01  3.64616513e-01  9.49360000e+00  3.54081711e-01  1.99606770e-01  5.91263827e-02  8.00542578e-02  4.28346188e+05 
 3.30437669e+14  9.07823932e+33  1.29291000e+01  3.68151939e-01  9.51360000e+00  3.57663704e-01  2.00823609e-01  5.83033063e-02  8.09418888e-02  4.10627210e+05 
 3.31794935e+14  9.19659363e+33  1.29161000e+01  3.71701757e-01  9.53360000e+00  3.61263351e-01  2.02044428e-01  5.74768076e-02  8.18348431e-02  3.93722791e+05 
 3.33152201e+14  9.31657593e+33  1.29031000e+01  3.75284262e-01  9.55260000e+00  3.64862171e-01  2.03273435e-01  5.68331390e-02  8.27355934e-02  3.77510748e+05 
 3.34509467e+14  9.43655823e+33  1.28911000e+01  3.78850457e-01  9.57260000e+00  3.68486740e-01  2.04467704e-01  5.59902536e-02  8.36050489e-02  3.62169350e+05 
 3.35866733e+14  9.55865659e+33  1.28791000e+01  3.82462900e-01  9.59160000e+00  3.72121507e-01  2.05672816e-01  5.53382244e-02  8.44833187e-02  3.47392430e+05 
 3.37223998e+14  9.68131615e+33  1.28681000e+01  3.86075563e-01  9.61060000e+00  3.75761941e-01  2.06846140e-01  5.46713333e-02  8.53310154e-02  3.33338794e+05 
 3.38581264e+14  9.80449773e+33  1.28571000e+01  3.89686845e-01  9.63060000e+00  3.79440922e-01  2.08019067e-01  5.38191969e-02  8.61803416e-02  3.19972735e+05 
 3.39938530e+14  9.92986355e+33  1.28471000e+01  3.93345444e-01  9.64960000e+00  3.83130653e-01  2.09170057e-01  5.31559124e-02  8.70038935e-02  3.07087381e+05 
 3.41295796e+14  1.00552294e+34  1.28371000e+01  3.96987285e-01  9.66860000e+00  3.86811959e-01  2.10316803e-01  5.24666649e-02  8.78262803e-02  2.94879446e+05 
 3.42653062e+14  1.01822164e+34  1.28271000e+01  4.00659087e-01  9.68660000e+00  3.90489116e-01  2.11469837e-01  5.19509131e-02  8.86536498e-02  2.83160333e+05 
 3.44010327e+14  1.03103174e+34  1.28171000e+01  4.04346235e-01  9.70560000e+00  3.94219009e-01  2.12625879e-01  5.12637276e-02  8.94840357e-02  2.71954212e+05 
 3.45367593e+14  1.04384184e+34  1.28081000e+01  4.08016282e-01  9.72460000e+00  3.97940129e-01  2.13744317e-01  5.05516330e-02  9.02779231e-02  2.61328045e+05 
 3.46724859e+14  1.05692553e+34  1.28001000e+01  4.11747380e-01  9.74360000e+00  4.01717684e-01  2.14841976e-01  4.98664579e-02  9.10444193e-02  2.51035013e+05 
 3.48082125e+14  1.07001202e+34  1.27911000e+01  4.15462094e-01  9.76160000e+00  4.05451953e-01  2.15968590e-01  4.93212829e-02  9.18442630e-02  2.41269739e+05 
 3.49439391e+14  1.08320582e+34  1.27831000e+01  4.19189707e-01  9.77960000e+00  4.09202224e-01  2.17063328e-01  4.87700292e-02  9.26097266e-02  2.31927828e+05 
 3.50796656e+14  1.09657158e+34  1.27751000e+01  4.22948527e-01  9.79860000e+00  4.13019198e-01  2.18163812e-01  4.80620485e-02  9.33786741e-02  2.22946183e+05 
 3.52153922e+14  1.10993733e+34  1.27681000e+01  4.26689824e-01  9.81660000e+00  4.16791502e-01  2.19224977e-01  4.74921235e-02  9.41080156e-02  2.14419830e+05 
 3.53511188e+14  1.12352198e+34  1.27611000e+01  4.30474552e-01  9.83460000e+00  4.20605408e-01  2.20294176e-01  4.69356694e-02  9.48416317e-02  2.06191399e+05 
 3.54868454e+14  1.13716985e+34  1.27541000e+01  4.34259299e-01  9.85260000e+00  4.24424558e-01  2.21361907e-01  4.63656363e-02  9.55740212e-02  1.98340633e+05 
 3.56225720e+14  1.15086466e+34  1.27471000e+01  4.38039149e-01  9.87060000e+00  4.28244803e-01  2.22427129e-01  4.57794386e-02  9.63045587e-02  1.90856765e+05 
 3.57582985e+14  1.16479749e+34  1.27401000e+01  4.41866767e-01  9.88860000e+00  4.32110410e-01  2.23501278e-01  4.52089763e-02  9.70396853e-02  1.83622226e+05 
 3.58940251e+14  1.17873033e+34  1.27341000e+01  4.45676458e-01  9.90560000e+00  4.35930008e-01  2.24534856e-01  4.47729367e-02  9.77329113e-02  1.76746991e+05 
 3.60297517e+14  1.19282165e+34  1.27281000e+01  4.49511200e-01  9.92360000e+00  4.39811929e-01  2.25572065e-01  4.41803631e-02  9.84272245e-02  1.70137061e+05 
 3.61654783e+14  1.20704228e+34  1.27231000e+01  4.53363091e-01  9.94060000e+00  4.43677070e-01  2.26575578e-01  4.37420738e-02  9.90826621e-02  1.63794739e+05 
 3.63012049e+14  1.22126291e+34  1.27171000e+01  4.57196748e-01  9.95860000e+00  4.47568335e-01  2.27608909e-01  4.31238353e-02  9.97725839e-02  1.57762714e+05 
 3.64369314e+14  1.23575492e+34  1.27121000e+01  4.61085075e-01  9.97560000e+00  4.51474273e-01  2.28616202e-01  4.26800273e-02  1.00427409e-01  1.51915406e+05 
 3.65726580e+14  1.25026617e+34  1.27071000e+01  4.64960250e-01  9.99260000e+00  4.55374031e-01  2.29618637e-01  4.22157137e-02  1.01078042e-01  1.46345142e+05 
 3.67083846e+14  1.26486955e+34  1.27021000e+01  4.68841383e-01  1.00106000e+01  4.59320682e-01  2.30620303e-01  4.15880718e-02  1.01726708e-01  1.41010456e+05 
 3.68441112e+14  1.27967422e+34  1.26981000e+01  4.72757477e-01  1.00276000e+01  4.63265081e-01  2.31590834e-01  4.11214392e-02  1.02336388e-01  1.35862670e+05 
 3.69798378e+14  1.29447889e+34  1.26931000e+01  4.76654957e-01  1.00446000e+01  4.67198621e-01  2.32591763e-01  4.06323737e-02  1.02981260e-01  1.30961765e+05 
 3.71155643e+14  1.30948833e+34  1.26891000e+01  4.80587399e-01  1.00606000e+01  4.71129429e-01  2.33561207e-01  4.03017531e-02  1.03586499e-01  1.26230336e+05 
 3.72512909e+14  1.32458922e+34  1.26851000e+01  4.84525105e-01  1.00776000e+01  4.75106808e-01  2.34529436e-01  3.98094015e-02  1.04189018e-01  1.21696581e+05 
 3.73870175e+14  1.33970971e+34  1.26811000e+01  4.88448993e-01  1.00946000e+01  4.79077351e-01  2.35492511e-01  3.92981593e-02  1.04786696e-01  1.17371613e+05 
 3.75227441e+14  1.35510961e+34  1.26781000e+01  4.92426313e-01  1.01116000e+01  4.83098217e-01  2.36427075e-01  3.88031494e-02  1.05345320e-01  1.13174409e+05 
 3.76584707e+14  1.37050950e+34  1.26741000e+01  4.96384649e-01  1.01276000e+01  4.87070072e-01  2.37392597e-01  3.84361543e-02  1.05939807e-01  1.09174572e+05 
 3.77941972e+14  1.38604122e+34  1.26711000e+01  5.00357555e-01  1.01436000e+01  4.91058945e-01  2.38321254e-01  3.80643443e-02  1.06490434e-01  1.05329072e+05 
 3.79299238e+14  1.40174288e+34  1.26681000e+01  5.04354801e-01  1.01606000e+01  4.95111290e-01  2.39252351e-01  3.75444804e-02  1.07039744e-01  1.01622543e+05 
 3.80656504e+14  1.41744455e+34  1.26651000e+01  5.08332793e-01  1.01766000e+01  4.99113923e-01  2.40176996e-01  3.71517578e-02  1.07583124e-01  9.80878040e+04 
 3.82013770e+14  1.43339137e+34  1.26621000e+01  5.12353345e-01  1.01926000e+01  5.03157508e-01  2.41107790e-01  3.67682803e-02  1.08126995e-01  9.46636687e+04 
 3.83371036e+14  1.44939757e+34  1.26601000e+01  5.16369537e-01  1.02086000e+01  5.07202024e-01  2.41996961e-01  3.63710156e-02  1.08623538e-01  9.13850043e+04 
 3.84728301e+14  1.46545606e+34  1.26571000e+01  5.20379258e-01  1.02246000e+01  5.11245639e-01  2.42920441e-01  3.59593875e-02  1.09158155e-01  8.82461437e+04 
 3.86085567e+14  1.48176953e+34  1.26551000e+01  5.24433025e-01  1.02406000e+01  5.15331561e-01  2.43811783e-01  3.55575680e-02  1.09649869e-01  8.52028732e+04 
 3.87442833e+14  1.49808299e+34  1.26531000e+01  5.28467193e-01  1.02566000e+01  5.19405328e-01  2.44696450e-01  3.51355827e-02  1.10135206e-01  8.22979639e+04 
 3.88800099e+14  1.51456145e+34  1.26511000e+01  5.32522241e-01  1.02726000e+01  5.23501586e-01  2.45582563e-01  3.47126773e-02  1.10618156e-01  7.94964044e+04 
 3.90157365e+14  1.53118492e+34  1.26491000e+01  5.36593266e-01  1.02876000e+01  5.27577172e-01  2.46469145e-01  3.44295376e-02  1.11098196e-01  7.67975612e+04 
 3.91514630e+14  1.54780839e+34  1.26471000e+01  5.40644441e-01  1.03036000e+01  5.31679232e-01  2.47349107e-01  3.39833860e-02  1.11571884e-01  7.42197004e+04 
 3.92871896e+14  1.56471051e+34  1.26461000e+01  5.44743416e-01  1.03186000e+01  5.35787662e-01  2.48196577e-01  3.36906172e-02  1.12001321e-01  7.17157651e+04 
 3.94229162e+14  1.58164669e+34  1.26441000e+01  5.48830729e-01  1.03346000e+01  5.39929818e-01  2.49078203e-01  3.32401491e-02  1.12469271e-01  6.93185984e+04 
 3.95586428e+14  1.59866070e+34  1.26431000e+01  5.52916636e-01  1.03496000e+01  5.44035863e-01  2.49917380e-01  3.29200729e-02  1.12887953e-01  6.70170887e+04 
 3.96943694e+14  1.61591230e+34  1.26421000e+01  5.57039447e-01  1.03646000e+01  5.48178053e-01  2.50760858e-01  3.26052487e-02  1.13305119e-01  6.47864622e+04 
 3.98300959e+14  1.63316391e+34  1.26411000e+01  5.61142089e-01  1.03796000e+01  5.52307212e-01  2.51597527e-01  3.22712063e-02  1.13715608e-01  6.26539664e+04 
 3.99658225e+14  1.65060611e+34  1.26401000e+01  5.65269590e-01  1.03946000e+01  5.56462113e-01  2.52436152e-01  3.19375552e-02  1.14123431e-01  6.05923280e+04 
 4.01015491e+14  1.66817582e+34  1.26391000e+01  5.69407005e-01  1.04096000e+01  5.60629915e-01  2.53273838e-01  3.15978702e-02  1.14527234e-01  5.86062419e+04 
 4.02372757e+14  1.68574552e+34  1.26381000e+01  5.73524028e-01  1.04246000e+01  5.64784453e-01  2.54104781e-01  3.12397051e-02  1.14924422e-01  5.67063321e+04 
 4.03730023e+14  1.70361944e+34  1.26371000e+01  5.77691702e-01  1.04396000e+01  5.68987056e-01  2.54942620e-01  3.08927608e-02  1.15321024e-01  5.48571618e+04 
 4.05087288e+14  1.72150992e+34  1.26361000e+01  5.81842768e-01  1.04536000e+01  5.73139337e-01  2.55774483e-01  3.06661528e-02  1.15711339e-01  5.30861670e+04 
 4.06444554e+14  1.73949558e+34  1.26361000e+01  5.85995192e-01  1.04686000e+01  5.77337288e-01  2.56563218e-01  3.02933266e-02  1.16050962e-01  5.13821333e+04 
 4.07801820e+14  1.75770948e+34  1.26361000e+01  5.90179653e-01  1.04836000e+01  5.81567275e-01  2.57355003e-01  2.99240949e-02  1.16388003e-01  4.97302569e+04 
 4.09159086e+14  1.77592339e+34  1.26351000e+01  5.94343428e-01  1.04976000e+01  5.85743037e-01  2.58180751e-01  2.96727133e-02  1.16764424e-01  4.81487498e+04 
 4.10516352e+14  1.79434495e+34  1.26351000e+01  5.98533695e-01  1.05116000e+01  5.89945817e-01  2.58967759e-01  2.94218127e-02  1.17091700e-01  4.66170608e+04 
 4.11873617e+14  1.81288493e+34  1.26351000e+01  6.02730133e-01  1.05266000e+01  5.94198879e-01  2.59752955e-01  2.90293383e-02  1.17414287e-01  4.51406928e+04 
 4.13230883e+14  1.83142491e+34  1.26351000e+01  6.06905683e-01  1.05406000e+01  5.98397136e-01  2.60531318e-01  2.87538776e-02  1.17730149e-01  4.37263745e+04 
 4.14588149e+14  1.85028571e+34  1.26351000e+01  6.11132368e-01  1.05546000e+01  6.02643852e-01  2.61316266e-01  2.84884873e-02  1.18044700e-01  4.23478982e+04 
 4.15945415e+14  1.86915438e+34  1.26351000e+01  6.15339849e-01  1.05686000e+01  6.06877936e-01  2.62094737e-01  2.82065137e-02  1.18352680e-01  4.10265210e+04 
 4.17302681e+14  1.88812637e+34  1.26351000e+01  6.19549160e-01  1.05826000e+01  6.11117651e-01  2.62870663e-01  2.79161570e-02  1.18655675e-01  3.97531408e+04 
 4.18659946e+14  1.90732634e+34  1.26351000e+01  6.23787922e-01  1.05966000e+01  6.15387040e-01  2.63649132e-01  2.76277116e-02  1.18955643e-01  3.85178500e+04 
 4.20017212e+14  1.92652632e+34  1.26361000e+01  6.28005524e-01  1.06106000e+01  6.19642019e-01  2.64379014e-01  2.73227712e-02  1.19201836e-01  3.73335488e+04 
 4.21374478e+14  1.94594139e+34  1.26361000e+01  6.32248938e-01  1.06236000e+01  6.23881937e-01  2.65152507e-01  2.71490327e-02  1.19491772e-01  3.61852111e+04 
 4.22731744e+14  1.96547527e+34  1.26361000e+01  6.36497087e-01  1.06376000e+01  6.28171518e-01  2.65924040e-01  2.68374413e-02  1.19776928e-01  3.50771841e+04 
 4.24089010e+14  1.98500914e+34  1.26371000e+01  6.40723900e-01  1.06516000e+01  6.32446415e-01  2.66646708e-01  2.65102409e-02  1.20008110e-01  3.40142945e+04 
 4.25446275e+14  2.00487043e+34  1.26381000e+01  6.44999989e-01  1.06646000e+01  6.36726511e-01  2.67375255e-01  2.63209641e-02  1.20237238e-01  3.29775031e+04 
 4.26803541e+14  2.02474078e+34  1.26381000e+01  6.49256616e-01  1.06776000e+01  6.40993317e-01  2.68139733e-01  2.61161720e-02  1.20507522e-01  3.19822898e+04 
 4.28160807e+14  2.04471232e+34  1.26391000e+01  6.53513283e-01  1.06916000e+01  6.45306157e-01  2.68858921e-01  2.57742583e-02  1.20725001e-01  3.10223183e+04 
 4.29518073e+14  2.06492171e+34  1.26401000e+01  6.57799075e-01  1.07046000e+01  6.49606150e-01  2.69580352e-01  2.55624025e-02  1.20939058e-01  3.00899330e+04 
 4.30875339e+14  2.08513109e+34  1.26411000e+01  6.62063278e-01  1.07176000e+01  6.53891034e-01  2.70295001e-01  2.53346996e-02  1.21146610e-01  2.91948656e+04 
 4.32232604e+14  2.10555236e+34  1.26411000e+01  6.66350337e-01  1.07306000e+01  6.58199725e-01  2.71053665e-01  2.51062532e-02  1.21398347e-01  2.83264649e+04 
 4.33589870e+14  2.12610332e+34  1.26421000e+01  6.70642972e-01  1.07436000e+01  6.62517062e-01  2.71767630e-01  2.48714185e-02  1.21597305e-01  2.74872661e+04 
 4.34947136e+14  2.14665429e+34  1.26431000e+01  6.74913865e-01  1.07566000e+01  6.66819059e-01  2.72474894e-01  2.46215185e-02  1.21789899e-01  2.66812250e+04 
 4.36304402e+14  2.16752821e+34  1.26441000e+01  6.79229899e-01  1.07696000e+01  6.71164432e-01  2.73187203e-01  2.43783068e-02  1.21979884e-01  2.58947803e+04 
 4.37661668e+14  2.18842328e+34  1.26461000e+01  6.83528497e-01  1.07826000e+01  6.75498210e-01  2.73850290e-01  2.41217636e-02  1.22115503e-01  2.51384858e+04 
 4.39018933e+14  2.20940611e+34  1.26471000e+01  6.87823145e-01  1.07956000e+01  6.79832240e-01  2.74553077e-01  2.38564142e-02  1.22294067e-01  2.44086974e+04 
 4.40376199e+14  2.23064780e+34  1.26481000e+01  6.92148794e-01  1.08076000e+01  6.84154230e-01  2.75258423e-01  2.37171582e-02  1.22469183e-01  2.36986891e+04 
 4.41733465e+14  2.25188949e+34  1.26491000e+01  6.96452477e-01  1.08206000e+01  6.88503580e-01  2.75957178e-01  2.34393188e-02  1.22638134e-01  2.30162521e+04 
 4.43090731e+14  2.27332814e+34  1.26501000e+01  7.00773856e-01  1.08326000e+01  6.92828905e-01  2.76656206e-01  2.32829444e-02  1.22802955e-01  2.23541178e+04 
 4.44447997e+14  2.29491894e+34  1.26521000e+01  7.05103868e-01  1.08456000e+01  6.97208754e-01  2.77310102e-01  2.29984752e-02  1.22914600e-01  2.17129807e+04 
 4.45805262e+14  2.31650974e+34  1.26531000e+01  7.09411780e-01  1.08576000e+01  7.01529324e-01  2.78001228e-01  2.28226962e-02  1.23068763e-01  2.10964285e+04 
 4.47162528e+14  2.33840693e+34  1.26541000e+01  7.13758484e-01  1.08696000e+01  7.05887606e-01  2.78696234e-01  2.26508486e-02  1.23219775e-01  2.04950359e+04 
 4.48519794e+14  2.36034932e+34  1.26561000e+01  7.18092004e-01  1.08826000e+01  7.10281395e-01  2.79342136e-01  2.23462085e-02  1.23316514e-01  1.99153827e+04 
 4.49877060e+14  2.38235367e+34  1.26571000e+01  7.22415449e-01  1.08946000e+01  7.14626210e-01  2.80027701e-01  2.21529851e-02  1.23456597e-01  1.93561337e+04 
 4.51234326e+14  2.40465011e+34  1.26591000e+01  7.26773929e-01  1.09066000e+01  7.19005469e-01  2.80672141e-01  2.19626167e-02  1.23544491e-01  1.88108846e+04 
 4.52591591e+14  2.42694654e+34  1.26601000e+01  7.31110110e-01  1.09186000e+01  7.23368464e-01  2.81354429e-01  2.17587356e-02  1.23675348e-01  1.82861910e+04 
 4.53948857e+14  2.44941224e+34  1.26621000e+01  7.35456692e-01  1.09306000e+01  7.27744111e-01  2.81991270e-01  2.15508192e-02  1.23752921e-01  1.77773497e+04 
 4.55306123e+14  2.47206516e+34  1.26631000e+01  7.39817119e-01  1.09416000e+01  7.32091332e-01  2.82672243e-01  2.14591372e-02  1.23875065e-01  1.72834555e+04 
 4.56663389e+14  2.49471809e+34  1.26651000e+01  7.44155131e-01  1.09536000e+01  7.36466202e-01  2.83302146e-01  2.12347623e-02  1.23942623e-01  1.68079511e+04 
 4.58020655e+14  2.51764766e+34  1.26671000e+01  7.48523467e-01  1.09656000e+01  7.40871409e-01  2.83934284e-01  2.10120805e-02  1.24006501e-01  1.63445033e+04 
 4.59377920e+14  2.54065949e+34  1.26681000e+01  7.52885015e-01  1.09766000e+01  7.45229537e-01  2.84607468e-01  2.08991984e-02  1.24114313e-01  1.58966055e+04 
 4.60735186e+14  2.56369407e+34  1.26701000e+01  7.57228321e-01  1.09886000e+01  7.49619264e-01  2.85230075e-01  2.06564960e-02  1.24167777e-01  1.54647626e+04 
 4.62092452e+14  2.58706722e+34  1.26721000e+01  7.61612762e-01  1.09996000e+01  7.54004331e-01  2.85856684e-01  2.05357250e-02  1.24217917e-01  1.50426557e+04 
 4.63449718e+14  2.61044037e+34  1.26741000e+01  7.65974620e-01  1.10116000e+01  7.58417244e-01  2.86476893e-01  2.02852342e-02  1.24316209e-01  1.46423198e+04 
 4.64806984e+14  2.63394126e+34  1.26751000e+01  7.70337549e-01  1.10226000e+01  7.62789746e-01  2.87139892e-01  2.01453292e-02  1.24351703e-01  1.42420253e+04 
 4.66164249e+14  2.65767812e+34  1.26771000e+01  7.74721598e-01  1.10336000e+01  7.67184188e-01  2.87758416e-01  2.00043387e-02  1.24387784e-01  1.38585367e+04 
 4.67521515e+14  2.68141497e+34  1.26791000e+01  7.79082963e-01  1.10456000e+01  7.71606666e-01  2.88370619e-01  1.97351561e-02  1.24418580e-01  1.34889213e+04 
 4.68878781e+14  2.70538450e+34  1.26811000e+01  7.83464171e-01  1.10566000e+01  7.76005127e-01  2.88983372e-01  1.95805816e-02  1.24445377e-01  1.31291340e+04 
 4.70236047e+14  2.72948742e+34  1.26831000e+01  7.87847029e-01  1.10676000e+01  7.80408260e-01  2.89593757e-01  1.94200103e-02  1.24521499e-01  1.27858703e+04 
 4.71593313e+14  2.75359034e+34  1.26841000e+01  7.92207115e-01  1.10786000e+01  7.84794247e-01  2.90243668e-01  1.92475693e-02  1.24533927e-01  1.24440187e+04 
 4.72950578e+14  2.77803075e+34  1.26861000e+01  7.96605262e-01  1.10896000e+01  7.89217367e-01  2.90851369e-01  1.90784164e-02  1.24547608e-01  1.21151437e+04 
 4.74307844e+14  2.80250209e+34  1.26881000e+01  8.00986153e-01  1.11006000e+01  7.93628240e-01  2.91453749e-01  1.88989958e-02  1.24556396e-01  1.17975638e+04 
 4.75665110e+14  2.82704480e+34  1.26901000e+01  8.05356880e-01  1.11106000e+01  7.97987660e-01  2.92051968e-01  1.88245925e-02  1.24560536e-01  1.14903221e+04 
 4.77022376e+14  2.85188689e+34  1.26921000e+01  8.09757949e-01  1.11216000e+01  8.02422845e-01  2.92652422e-01  1.86377924e-02  1.24560977e-01  1.11902996e+04 
 4.78379642e+14  2.87672899e+34  1.26941000e+01  8.14136105e-01  1.11326000e+01  8.06840685e-01  2.93246747e-01  1.84397917e-02  1.24556557e-01  1.09008277e+04 
 4.79736907e+14  2.90174451e+34  1.26961000e+01  8.18521736e-01  1.11426000e+01  8.11222505e-01  2.93839736e-01  1.83504001e-02  1.24547978e-01  1.06195387e+04 
 4.81094173e+14  2.92695967e+34  1.26981000e+01  8.22919390e-01  1.11536000e+01  8.15663993e-01  2.94432102e-01  1.81454782e-02  1.24535341e-01  1.03458989e+04 
 4.82451439e+14  2.95217483e+34  1.27001000e+01  8.27294062e-01  1.11636000e+01  8.20042024e-01  2.95018419e-01  1.80414683e-02  1.24518016e-01  1.00817690e+04 
 4.83808705e+14  2.97766522e+34  1.27021000e+01  8.31693294e-01  1.11746000e+01  8.24491073e-01  2.95606081e-01  1.78258371e-02  1.24496910e-01  9.82400534e+03 
 4.85165971e+14  3.00325574e+34  1.27041000e+01  8.36086789e-01  1.11846000e+01  8.28891959e-01  2.96190405e-01  1.77145312e-02  1.24471503e-01  9.57416757e+03 
 4.86523237e+14  3.02884626e+34  1.27061000e+01  8.40457241e-01  1.11946000e+01  8.33275099e-01  2.96768759e-01  1.75922145e-02  1.24441581e-01  9.33291114e+03 
 4.87880502e+14  3.05481347e+34  1.27081000e+01  8.44868786e-01  1.12056000e+01  8.37744334e-01  2.97351001e-01  1.73632587e-02  1.24408151e-01  9.09649337e+03 
 4.89237768e+14  3.08078161e+34  1.27101000e+01  8.49257392e-01  1.12156000e+01  8.42149711e-01  2.97927329e-01  1.72339859e-02  1.24370288e-01  8.86815299e+03 
 4.90595034e+14  3.10684764e+34  1.27121000e+01  8.53639334e-01  1.12256000e+01  8.46552004e-01  2.98500263e-01  1.70977503e-02  1.24328284e-01  8.64674658e+03 
 4.91952300e+14  3.13319567e+34  1.27141000e+01  8.58045485e-01  1.12356000e+01  8.50978972e-01  2.99074502e-01  1.69613406e-02  1.24282543e-01  8.43053377e+03 
 4.93309566e+14  3.15954371e+34  1.27161000e+01  8.62428488e-01  1.12456000e+01  8.55388010e-01  2.99642883e-01  1.68146046e-02  1.24232540e-01  8.22163039e+03 
 4.94666831e+14  3.18608800e+34  1.27181000e+01  8.66820818e-01  1.12546000e+01  8.59761593e-01  3.00210334e-01  1.67731462e-02  1.24178675e-01  8.01825593e+03 
 4.96024097e+14  3.21281816e+34  1.27201000e+01  8.71220710e-01  1.12646000e+01  8.64191561e-01  3.00776596e-01  1.66191974e-02  1.24120945e-01  7.82033084e+03 
 4.97381363e+14  3.23954831e+34  1.27231000e+01  8.75597410e-01  1.12746000e+01  8.68603506e-01  3.01289704e-01  1.64553094e-02  1.24064547e-01  7.63235281e+03 
 4.98738629e+14  3.26657263e+34  1.27251000e+01  8.79998883e-01  1.12846000e+01  8.73040644e-01  3.01851512e-01  1.62916435e-02  1.23999083e-01  7.44530117e+03 
 5.00095895e+14  3.29368712e+34  1.27271000e+01  8.84391822e-01  1.12936000e+01  8.77425909e-01  3.02409766e-01  1.62284696e-02  1.23929719e-01  7.26386121e+03 
 5.01453160e+14  3.32080660e+34  1.27291000e+01  8.88762335e-01  1.13036000e+01  8.81840756e-01  3.02962436e-01  1.60484483e-02  1.23856438e-01  7.08838421e+03 
 5.02810426e+14  3.34830762e+34  1.27311000e+01  8.93170919e-01  1.13126000e+01  8.86245638e-01  3.03518487e-01  1.59778805e-02  1.23725419e-01  6.91327906e+03 
 5.04167692e+14  3.37580864e+34  1.27331000e+01  8.97556231e-01  1.13226000e+01  8.90679450e-01  3.04068868e-01  1.57912035e-02  1.23644726e-01  6.74693293e+03 
 5.05524958e+14  3.40340923e+34  1.27351000e+01  9.01934049e-01  1.13316000e+01  8.95062002e-01  3.04615929e-01  1.57042828e-02  1.23560314e-01  6.58544715e+03 
 5.06882224e+14  3.43129896e+34  1.27371000e+01  9.06334373e-01  1.13406000e+01  8.99467476e-01  3.05164083e-01  1.56169074e-02  1.23472289e-01  6.42759372e+03 
 5.08239489e+14  3.45918869e+34  1.27391000e+01  9.10711391e-01  1.13506000e+01  9.03902178e-01  3.05706637e-01  1.54144250e-02  1.23380588e-01  6.27487542e+03 
 5.09596755e+14  3.48727192e+34  1.27411000e+01  9.15095319e-01  1.13596000e+01  9.08298336e-01  3.06248022e-01  1.53139515e-02  1.23285295e-01  6.12607924e+03 
 5.10954021e+14  3.51555252e+34  1.27441000e+01  9.19486720e-01  1.13686000e+01  9.12703901e-01  3.06740175e-01  1.52100570e-02  1.23192161e-01  5.98370258e+03 
 5.12311287e+14  3.54383312e+34  1.27461000e+01  9.23854800e-01  1.13776000e+01  9.17090955e-01  3.07274881e-01  1.50970456e-02  1.23089814e-01  5.84330432e+03 
 5.13668553e+14  3.57240044e+34  1.27481000e+01  9.28243660e-01  1.13866000e+01  9.21499489e-01  3.07810449e-01  1.49832469e-02  1.22983928e-01  5.70603050e+03 
 5.15025818e+14  3.60107405e+34  1.27501000e+01  9.32625503e-01  1.13956000e+01  9.25904314e-01  3.08342883e-01  1.48634672e-02  1.22874580e-01  5.57265228e+03 
 5.16383084e+14  3.62974765e+34  1.27521000e+01  9.36984009e-01  1.14046000e+01  9.30290603e-01  3.08869869e-01  1.47348173e-02  1.22707903e-01  5.44112328e+03 
 5.17740350e+14  3.65880046e+34  1.27541000e+01  9.41376636e-01  1.14136000e+01  9.34710474e-01  3.09399635e-01  1.46079809e-02  1.22591680e-01  5.31448747e+03 
 5.19097616e+14  3.68786918e+34  1.27561000e+01  9.45748297e-01  1.14226000e+01  9.39113890e-01  3.09924328e-01  1.44729997e-02  1.22472179e-01  5.19179528e+03 
 5.20454882e+14  3.71701157e+34  1.27581000e+01  9.50107616e-01  1.14306000e+01  9.43460495e-01  3.10445207e-01  1.44340439e-02  1.22349419e-01  5.07266643e+03 
 5.21812147e+14  3.74647750e+34  1.27601000e+01  9.54491865e-01  1.14396000e+01  9.47880551e-01  3.10967557e-01  1.42923221e-02  1.22223183e-01  4.95599890e+03 
 5.23169413e+14  3.77594344e+34  1.27621000e+01  9.58852731e-01  1.14476000e+01  9.52233555e-01  3.11484563e-01  1.42443179e-02  1.22093836e-01  4.84298682e+03 
 5.24526679e+14  3.80557177e+34  1.27641000e+01  9.63214143e-01  1.14566000e+01  9.56637914e-01  3.11999622e-01  1.40900794e-02  1.21961251e-01  4.73289627e+03 
 5.25883945e+14  3.83543699e+34  1.27661000e+01  9.67587003e-01  1.14656000e+01  9.61055296e-01  3.12514266e-01  1.39337469e-02  1.21825344e-01  4.62537666e+03 
 5.27241211e+14  3.86530221e+34  1.27691000e+01  9.71936488e-01  1.14736000e+01  9.65405379e-01  3.12974609e-01  1.38705576e-02  1.21692569e-01  4.52318600e+03 
 5.28598476e+14  3.89541766e+34  1.27711000e+01  9.76298877e-01  1.14816000e+01  9.69769676e-01  3.13483722e-01  1.38050675e-02  1.21550457e-01  4.42132617e+03 
 5.29955742e+14  3.92568423e+34  1.27731000e+01  9.80659768e-01  1.14906000e+01  9.74183677e-01  3.13990648e-01  1.36345037e-02  1.21405242e-01  4.32210773e+03 
 5.31313008e+14  3.95595079e+34  1.27751000e+01  9.84997286e-01  1.14986000e+01  9.78530166e-01  3.14492375e-01  1.35564701e-02  1.21257226e-01  4.22593081e+03 
 5.32670274e+14  3.98655445e+34  1.27771000e+01  9.89359568e-01  1.15066000e+01  9.82901681e-01  3.14995570e-01  1.34782553e-02  1.21105844e-01  4.13165603e+03 
 5.34027540e+14  4.01722439e+34  1.27791000e+01  9.93707914e-01  1.15146000e+01  9.87262840e-01  3.15494904e-01  1.33936266e-02  1.20951618e-01  4.04005859e+03 
 5.35384805e+14  4.04791188e+34  1.27811000e+01  9.98035371e-01  1.15226000e+01  9.91607305e-01  3.15989448e-01  1.33014989e-02  1.20794707e-01  3.95118878e+03 
 5.36742071e+14  4.07898722e+34  1.27831000e+01  1.00239401e+00  1.15306000e+01  9.95982639e-01  3.16486345e-01  1.32103873e-02  1.20634374e-01  3.86391956e+03 
 5.38099337e+14  4.11006256e+34  1.27851000e+01  1.00672926e+00  1.15386000e+01  1.00033900e+00  3.16978143e-01  1.31114827e-02  1.20471466e-01  3.77928613e+03 
 5.39456603e+14  4.14123822e+34  1.27871000e+01  1.01105506e+00  1.15466000e+01  1.00468910e+00  3.17466769e-01  1.30071653e-02  1.20305820e-01  3.69693048e+03 
 5.40813869e+14  4.17272094e+34  1.27891000e+01  1.01540004e+00  1.15546000e+01  1.00905910e+00  3.17956116e-01  1.29020233e-02  1.20136982e-01  3.61625575e+03 
 5.42171134e+14  4.20420366e+34  1.27911000e+01  1.01972165e+00  1.15626000e+01  1.01341007e+00  3.18440434e-01  1.27894295e-02  1.19965716e-01  3.53799169e+03 
 5.43528400e+14  4.23586838e+34  1.27931000e+01  1.02404477e+00  1.15706000e+01  1.01776475e+00  3.18923104e-01  1.26734189e-02  1.19791622e-01  3.46161750e+03 
 5.44885666e+14  4.26776046e+34  1.27951000e+01  1.02837555e+00  1.15776000e+01  1.02207936e+00  3.19404959e-01  1.26524670e-02  1.19614605e-01  3.38697733e+03 
 5.46242932e+14  4.29965254e+34  1.27971000e+01  1.03268300e+00  1.15856000e+01  1.02642433e+00  3.19881855e-01  1.25264552e-02  1.19435304e-01  3.31454390e+03 
 5.47600198e+14  4.33180712e+34  1.27991000e+01  1.03700243e+00  1.15936000e+01  1.03078259e+00  3.20358533e-01  1.23987669e-02  1.19253046e-01  3.24366625e+03 
 5.48957463e+14  4.36411051e+34  1.28011000e+01  1.04131850e+00  1.16006000e+01  1.03509046e+00  3.20832955e-01  1.23638691e-02  1.19068172e-01  3.17455307e+03 
 5.50314729e+14  4.39641389e+34  1.28031000e+01  1.04561127e+00  1.16086000e+01  1.03942882e+00  3.21302485e-01  1.22250831e-02  1.18881152e-01  3.10746173e+03 
 5.51671995e+14  4.42905908e+34  1.28051000e+01  1.04992600e+00  1.16156000e+01  1.04373993e+00  3.21773139e-01  1.21823603e-02  1.18691020e-01  3.04163888e+03 
 5.53029261e+14  4.46177570e+34  1.28061000e+01  1.05422687e+00  1.16226000e+01  1.04804045e+00  3.22290519e-01  1.21338802e-02  1.18492032e-01  2.97626476e+03 
 5.54386527e+14  4.49449699e+34  1.28081000e+01  1.05850508e+00  1.16306000e+01  1.05237221e+00  3.22752885e-01  1.19825599e-02  1.18297572e-01  2.91409043e+03 
 5.55743792e+14  4.52762875e+34  1.28101000e+01  1.06281354e+00  1.16376000e+01  1.05668415e+00  3.23217473e-01  1.19278492e-02  1.18099844e-01  2.85295498e+03 
 5.57101058e+14  4.56076052e+34  1.28121000e+01  1.06709871e+00  1.16446000e+01  1.06097682e+00  3.23677262e-01  1.18661942e-02  1.17900180e-01  2.79358236e+03 
 5.58458324e+14  4.59397175e+34  1.28141000e+01  1.07137086e+00  1.16516000e+01  1.06525958e+00  3.24133626e-01  1.17992703e-02  1.17750986e-01  2.73699705e+03 
 5.59815590e+14  4.62752055e+34  1.28161000e+01  1.07566310e+00  1.16586000e+01  1.06956302e+00  3.24590886e-01  1.17315572e-02  1.17546146e-01  2.68024723e+03 
 5.61172856e+14  4.66106935e+34  1.28181000e+01  1.07993210e+00  1.16666000e+01  1.07389748e+00  3.25043415e-01  1.15624522e-02  1.17339502e-01  2.62511684e+03 
 5.62530121e+14  4.69477105e+34  1.28201000e+01  1.08419726e+00  1.16736000e+01  1.07818033e+00  3.25493750e-01  1.14842744e-02  1.17130576e-01  2.57130859e+03 
 5.63887387e+14  4.72873874e+34  1.28211000e+01  1.08847282e+00  1.16806000e+01  1.08247492e+00  3.25994596e-01  1.14041596e-02  1.16912236e-01  2.51748467e+03 
 5.65244653e+14  4.76270644e+34  1.28231000e+01  1.09272520e+00  1.16866000e+01  1.08669982e+00  3.26439984e-01  1.14114870e-02  1.16698959e-01  2.46629891e+03 
 5.66601919e+14  4.79689905e+34  1.28251000e+01  1.09698244e+00  1.16936000e+01  1.09098170e+00  3.26884332e-01  1.13220346e-02  1.16535466e-01  2.41730757e+03 
 5.67959185e+14  4.83128750e+34  1.28271000e+01  1.10124089e+00  1.17006000e+01  1.09526680e+00  3.27327175e-01  1.12295105e-02  1.16317356e-01  2.36833791e+03 
 5.69316450e+14  4.86567594e+34  1.28291000e+01  1.10547619e+00  1.17076000e+01  1.09953268e+00  3.27765417e-01  1.11307248e-02  1.16097694e-01  2.32073717e+03 
 5.70673716e+14  4.90035983e+34  1.28301000e+01  1.10972463e+00  1.17146000e+01  1.10381270e+00  3.28254869e-01  1.10306934e-02  1.15868541e-01  2.27304484e+03 
 5.72030982e+14  4.93517084e+34  1.28321000e+01  1.11396551e+00  1.17206000e+01  1.10803714e+00  3.28690622e-01  1.10193217e-02  1.15644272e-01  2.22752431e+03 
 5.73388248e+14  4.96998185e+34  1.28341000e+01  1.11818332e+00  1.17276000e+01  1.11229303e+00  3.29121837e-01  1.09089177e-02  1.15470464e-01  2.18424491e+03 
 5.74745514e+14  5.00515733e+34  1.28361000e+01  1.12242208e+00  1.17336000e+01  1.11651949e+00  3.29554093e-01  1.08905791e-02  1.15241869e-01  2.14073610e+03 
 5.76102779e+14  5.04039271e+34  1.28371000e+01  1.12664498e+00  1.17406000e+01  1.12078416e+00  3.30034174e-01  1.07748006e-02  1.15004728e-01  2.09740964e+03 
 5.77460045e+14  5.07563384e+34  1.28391000e+01  1.13084556e+00  1.17466000e+01  1.12497930e+00  3.30458503e-01  1.07451206e-02  1.14824868e-01  2.05712534e+03 
 5.78817311e+14  5.11129537e+34  1.28411000e+01  1.13507310e+00  1.17536000e+01  1.12925232e+00  3.30884637e-01  1.06239625e-02  1.14590267e-01  2.01654580e+03 
 5.80174577e+14  5.14695689e+34  1.28421000e+01  1.13927762e+00  1.17596000e+01  1.13345505e+00  3.31357926e-01  1.05885195e-02  1.14347407e-01  1.97618274e+03 
 5.81531843e+14  5.18268822e+34  1.28441000e+01  1.14346737e+00  1.17666000e+01  1.13769710e+00  3.31776273e-01  1.04569828e-02  1.14161526e-01  1.93859753e+03 
 5.82889108e+14  5.21877765e+34  1.28461000e+01  1.14767606e+00  1.17726000e+01  1.14190759e+00  3.32195426e-01  1.04159938e-02  1.13921436e-01  1.90078808e+03 
 5.84246374e+14  5.25486709e+34  1.28471000e+01  1.15186181e+00  1.17786000e+01  1.14609877e+00  3.32661981e-01  1.03690793e-02  1.13673141e-01  1.86315879e+03 
 5.85603640e+14  5.29108869e+34  1.28491000e+01  1.15603991e+00  1.17846000e+01  1.15028477e+00  3.33074330e-01  1.03182100e-02  1.13481498e-01  1.82807014e+03 
 5.86960906e+14  5.32760778e+34  1.28511000e+01  1.16022937e+00  1.17906000e+01  1.15448314e+00  3.33486561e-01  1.02658280e-02  1.13236196e-01  1.79281671e+03 
 5.88318172e+14  5.36412686e+34  1.28521000e+01  1.16439596e+00  1.17966000e+01  1.15866221e+00  3.33946437e-01  1.02078103e-02  1.12982747e-01  1.75771125e+03 
 5.89675437e+14  5.40083877e+34  1.28541000e+01  1.16856162e+00  1.18036000e+01  1.16289379e+00  3.34352783e-01  1.00567823e-02  1.12785603e-01  1.72493337e+03 
 5.91032703e+14  5.43778921e+34  1.28551000e+01  1.17273149e+00  1.18096000e+01  1.16707978e+00  3.34810242e-01  9.99350731e-03  1.12528197e-01  1.69127453e+03 
 5.92389969e+14  5.47473965e+34  1.28571000e+01  1.17687856e+00  1.18146000e+01  1.17119490e+00  3.35211399e-01  1.00142953e-02  1.12327892e-01  1.66001817e+03 
 5.93747235e+14  5.51194181e+34  1.28581000e+01  1.18103100e+00  1.18206000e+01  1.17536844e+00  3.35663947e-01  9.94317290e-03  1.12067438e-01  1.62789102e+03 
 5.95104501e+14  5.54932530e+34  1.28601000e+01  1.18518091e+00  1.18266000e+01  1.17954151e+00  3.36062562e-01  9.86898432e-03  1.11863220e-01  1.59791687e+03 
 5.96461766e+14  5.58670880e+34  1.28621000e+01  1.18930811e+00  1.18326000e+01  1.18369531e+00  3.36456972e-01  9.78957293e-03  1.11607397e-01  1.56801011e+03 
 5.97819032e+14  5.62440108e+34  1.28631000e+01  1.19344659e+00  1.18386000e+01  1.18786147e+00  3.36903680e-01  9.70879210e-03  1.11392697e-01  1.53864486e+03 
 5.99176298e+14  5.66221930e+34  1.28641000e+01  1.19757621e+00  1.18446000e+01  1.19202113e+00  3.37347998e-01  9.62459833e-03  1.11126000e-01  1.50926429e+03 
 6.00533564e+14  5.70003752e+34  1.28661000e+01  1.20168320e+00  1.18496000e+01  1.19610980e+00  3.37735772e-01  9.62342404e-03  1.10916245e-01  1.48199998e+03 
 6.01890830e+14  5.73821971e+34  1.28671000e+01  1.20580698e+00  1.18556000e+01  1.20026781e+00  3.38176698e-01  9.53302021e-03  1.10646344e-01  1.45385087e+03 
 6.03248095e+14  5.77647431e+34  1.28691000e+01  1.20991597e+00  1.18616000e+01  1.20441374e+00  3.38561928e-01  9.43873689e-03  1.10432981e-01  1.42768369e+03 
 6.04605361e+14  5.81472891e+34  1.28701000e+01  1.21400243e+00  1.18666000e+01  1.20848862e+00  3.38995750e-01  9.42705953e-03  1.10161346e-01  1.40090741e+03 
 6.05962627e+14  5.85340075e+34  1.28721000e+01  1.21811080e+00  1.18726000e+01  1.21263766e+00  3.39378148e-01  9.32747435e-03  1.09944565e-01  1.37579965e+03 
 6.07319893e+14  5.89209335e+34  1.28731000e+01  1.22219886e+00  1.18776000e+01  1.21671748e+00  3.39809540e-01  9.31064169e-03  1.09719591e-01  1.35070002e+03 
 6.08677159e+14  5.93081487e+34  1.28741000e+01  1.22626750e+00  1.18826000e+01  1.22078082e+00  3.40237371e-01  9.28916688e-03  1.09443852e-01  1.32561694e+03 
 6.10034424e+14  5.96994708e+34  1.28761000e+01  1.23035675e+00  1.18886000e+01  1.22491744e+00  3.40613451e-01  9.18000739e-03  1.09222870e-01  1.30211216e+03 
 6.11391690e+14  6.00907929e+34  1.28771000e+01  1.23442356e+00  1.18936000e+01  1.22898257e+00  3.41038492e-01  9.15311319e-03  1.08993833e-01  1.27861455e+03 
 6.12748956e+14  6.04828811e+34  1.28781000e+01  1.23847592e+00  1.18986000e+01  1.23303591e+00  3.41460594e-01  9.12212649e-03  1.08714137e-01  1.25509191e+03 
 6.14106222e+14  6.08786151e+34  1.28801000e+01  1.24254353e+00  1.19046000e+01  1.23715758e+00  3.41830148e-01  9.00368398e-03  1.08489286e-01  1.23308591e+03 
 6.15463488e+14  6.12743492e+34  1.28811000e+01  1.24658881e+00  1.19096000e+01  1.24120774e+00  3.42248892e-01  8.96700722e-03  1.08256419e-01  1.21107397e+03 
 6.16820753e+14  6.16713055e+34  1.28821000e+01  1.25062425e+00  1.19146000e+01  1.24525036e+00  3.42665267e-01  8.92686327e-03  1.07973009e-01  1.18900229e+03 
 6.18178019e+14  6.20714672e+34  1.28841000e+01  1.25466995e+00  1.19196000e+01  1.24930428e+00  3.43028352e-01  8.88518945e-03  1.07744515e-01  1.16838645e+03 
 6.19535285e+14  6.24716288e+34  1.28851000e+01  1.25869341e+00  1.19246000e+01  1.25333905e+00  3.43440852e-01  8.83894775e-03  1.07508045e-01  1.14775322e+03 
 6.20892551e+14  6.28734479e+34  1.28861000e+01  1.26271128e+00  1.19296000e+01  1.25737023e+00  3.43851502e-01  8.78977066e-03  1.07270308e-01  1.12754813e+03 
 6.22249817e+14  6.32780525e+34  1.28871000e+01  1.26673480e+00  1.19346000e+01  1.26140839e+00  3.44261605e-01  8.73871931e-03  1.06981703e-01  1.10719821e+03 
 6.23607082e+14  6.36826571e+34  1.28891000e+01  1.27073618e+00  1.19396000e+01  1.26542746e+00  3.44614484e-01  8.68319590e-03  1.06749397e-01  1.08835303e+03 
 6.24964348e+14  6.40893329e+34  1.28901000e+01  1.27473588e+00  1.19446000e+01  1.26944661e+00  3.45019416e-01  8.62520596e-03  1.06508149e-01  1.06937887e+03 
 6.26321614e+14  6.44983957e+34  1.28911000e+01  1.27873696e+00  1.19496000e+01  1.27346871e+00  3.45423327e-01  8.56504263e-03  1.06265368e-01  1.05076097e+03 
 6.27678880e+14  6.49074585e+34  1.28921000e+01  1.28271601e+00  1.19546000e+01  1.27747178e+00  3.45823555e-01  8.50062108e-03  1.06022256e-01  1.03259775e+03 
 6.29036146e+14  6.53189841e+34  1.28931000e+01  1.28669694e+00  1.19596000e+01  1.28147821e+00  3.46222833e-01  8.43419284e-03  1.05728993e-01  1.01430343e+03 
 6.30393411e+14  6.57325200e+34  1.28941000e+01  1.29067533e+00  1.19646000e+01  1.28548387e+00  3.46620664e-01  8.36536578e-03  1.05483168e-01  9.96831306e+02 
 6.31750677e+14  6.61460559e+34  1.28961000e+01  1.29463181e+00  1.19686000e+01  1.28941770e+00  3.46961039e-01  8.37625515e-03  1.05244731e-01  9.80233039e+02 
 6.33107943e+14  6.65624238e+34  1.28971000e+01  1.29859340e+00  1.19736000e+01  1.29341088e+00  3.47354613e-01  8.30130038e-03  1.04997031e-01  9.63473516e+02 
 6.34465209e+14  6.69804475e+34  1.28981000e+01  1.30254887e+00  1.19786000e+01  1.29739981e+00  3.47746360e-01  8.22388202e-03  1.04748300e-01  9.47052222e+02 
 6.35822475e+14  6.73984713e+34  1.28991000e+01  1.30648255e+00  1.19826000e+01  1.30131685e+00  3.48134523e-01  8.22582150e-03  1.04499389e-01  9.31024524e+02 
 6.37179740e+14  6.78196732e+34  1.29001000e+01  1.31042424e+00  1.19876000e+01  1.30529609e+00  3.48522462e-01  8.14275468e-03  1.04248736e-01  9.15261017e+02 
 6.38537006e+14  6.82421994e+34  1.29011000e+01  1.31435658e+00  1.19916000e+01  1.30921490e+00  3.48908232e-01  8.14008254e-03  1.03997286e-01  8.99825053e+02 
 6.39894272e+14  6.86647256e+34  1.29021000e+01  1.31826722e+00  1.19966000e+01  1.31316807e+00  3.49290468e-01  8.05018254e-03  1.03745726e-01  8.84755647e+02 
 6.41251538e+14  6.90907527e+34  1.29031000e+01  1.32218850e+00  1.20006000e+01  1.31707953e+00  3.49672783e-01  8.04211579e-03  1.03492330e-01  8.69921326e+02 
 6.42608804e+14  6.95177955e+34  1.29041000e+01  1.32609748e+00  1.20056000e+01  1.32103424e+00  3.50052627e-01  7.94805138e-03  1.03238356e-01  8.55403077e+02 
 6.43966069e+14  6.99448384e+34  1.29051000e+01  1.32998490e+00  1.20096000e+01  1.32491683e+00  3.50428988e-01  7.93281862e-03  1.02984344e-01  8.41226432e+02 
 6.45323335e+14  7.03756810e+34  1.29061000e+01  1.33388524e+00  1.20136000e+01  1.32881314e+00  3.50805690e-01  7.91637439e-03  1.02728405e-01  8.27259420e+02 
 6.46680601e+14  7.08072547e+34  1.29071000e+01  1.33777067e+00  1.20186000e+01  1.33275029e+00  3.51179660e-01  7.81439398e-03  1.02472100e-01  8.13596446e+02 
 6.48037867e+14  7.12388284e+34  1.29081000e+01  1.34163465e+00  1.20226000e+01  1.33661525e+00  3.51550197e-01  7.79092653e-03  1.02215822e-01  8.00252015e+02 
 6.49395133e+14  7.16744762e+34  1.29091000e+01  1.34551357e+00  1.20266000e+01  1.34049587e+00  3.51921301e-01  7.76639764e-03  1.01957542e-01  7.87095006e+02 
 6.50752399e+14  7.21105945e+34  1.29101000e+01  1.34937526e+00  1.20306000e+01  1.34436167e+00  3.52289449e-01  7.73843548e-03  1.01699091e-01  7.74229602e+02 
 6.52109664e+14  7.25467128e+34  1.29101000e+01  1.35321562e+00  1.20346000e+01  1.34820877e+00  3.52708852e-01  7.70678185e-03  1.01432908e-01  7.61307797e+02 
 6.53466930e+14  7.29871548e+34  1.29111000e+01  1.35707263e+00  1.20396000e+01  1.35212664e+00  3.53074428e-01  7.59308365e-03  1.01172473e-01  7.48913234e+02 
 6.54824196e+14  7.34278315e+34  1.29121000e+01  1.36091041e+00  1.20436000e+01  1.35597425e+00  3.53436859e-01  7.55731645e-03  1.00958980e-01  7.37140147e+02 
 6.56181462e+14  7.38685081e+34  1.29131000e+01  1.36472698e+00  1.20476000e+01  1.35980324e+00  3.53795948e-01  7.51795701e-03  1.00698611e-01  7.25296445e+02 
 6.57538728e+14  7.43137328e+34  1.29141000e+01  1.36856163e+00  1.20516000e+01  1.36365083e+00  3.54155957e-01  7.47794748e-03  1.00436125e-01  7.13603955e+02 
 6.58895993e+14  7.47589811e+34  1.29151000e+01  1.37237532e+00  1.20556000e+01  1.36748001e+00  3.54512666e-01  7.43443094e-03  1.00173814e-01  7.02177581e+02 
 6.60253259e+14  7.52043911e+34  1.29151000e+01  1.37616930e+00  1.20596000e+01  1.37129195e+00  3.54921192e-01  7.38757833e-03  9.99037484e-02  6.90684481e+02 
 6.61610525e+14  7.56542244e+34  1.29161000e+01  1.37997979e+00  1.20636000e+01  1.37512099e+00  3.55275558e-01  7.33998993e-03  9.96860430e-02  6.79979928e+02 
 6.62967791e+14  7.61040577e+34  1.29171000e+01  1.38376924e+00  1.20666000e+01  1.37887774e+00  3.55626647e-01  7.36910350e-03  9.94220065e-02  6.69202657e+02 
 6.64325057e+14  7.65542120e+34  1.29181000e+01  1.38754041e+00  1.20706000e+01  1.38267238e+00  3.55974773e-01  7.31472684e-03  9.91580747e-02  6.58660279e+02 
 6.65682322e+14  7.70086432e+34  1.29181000e+01  1.39132638e+00  1.20746000e+01  1.38648242e+00  3.56378652e-01  7.25970978e-03  9.88843617e-02  6.47953888e+02 
 6.67039588e+14  7.74630744e+34  1.29191000e+01  1.39509144e+00  1.20786000e+01  1.39027398e+00  3.56724171e-01  7.20144003e-03  9.86649753e-02  6.38086164e+02 
 6.68396854e+14  7.79179596e+34  1.29201000e+01  1.39883940e+00  1.20816000e+01  1.39399677e+00  3.57066882e-01  7.21977680e-03  9.83994714e-02  6.28132461e+02 
 6.69754120e+14  7.83770015e+34  1.29211000e+01  1.40260071e+00  1.20856000e+01  1.39778776e+00  3.57410016e-01  7.15728238e-03  9.81322240e-02  6.18311303e+02 
 6.71111386e+14  7.88360434e+34  1.29211000e+01  1.40634123e+00  1.20896000e+01  1.40156024e+00  3.57805352e-01  7.09189169e-03  9.79032139e-02  6.08708286e+02 
 6.72468651e+14  7.92956455e+34  1.29221000e+01  1.41006560e+00  1.20926000e+01  1.40526465e+00  3.58142667e-01  7.10287318e-03  9.76363080e-02  5.99306006e+02 
 6.73825917e+14  7.97593106e+34  1.29231000e+01  1.41380212e+00  1.20966000e+01  1.40903627e+00  3.58480285e-01  7.03335671e-03  9.73677625e-02  5.90029808e+02 
 6.75183183e+14  8.02229758e+34  1.29231000e+01  1.41751799e+00  1.21006000e+01  1.41278938e+00  3.58870306e-01  6.96122094e-03  9.71372038e-02  5.80957831e+02 
 6.76540449e+14  8.06872800e+34  1.29241000e+01  1.42121838e+00  1.21036000e+01  1.41647519e+00  3.59202245e-01  6.96477178e-03  9.68690611e-02  5.72072333e+02 
 6.77897715e+14  8.11555807e+34  1.29241000e+01  1.42492999e+00  1.21076000e+01  1.42022704e+00  3.59590048e-01  6.88885315e-03  9.65913721e-02  5.63041782e+02 
 6.79254980e+14  8.16238814e+34  1.29251000e+01  1.42862108e+00  1.21106000e+01  1.42390665e+00  3.59919148e-01  6.88813796e-03  9.63674102e-02  5.54731533e+02 
 6.80612246e+14  8.20928724e+34  1.29251000e+01  1.43229715e+00  1.21136000e+01  1.42757305e+00  3.60301493e-01  6.88492183e-03  9.60901790e-02  5.46073751e+02 
 6.81969512e+14  8.25658207e+34  1.29261000e+01  1.43598374e+00  1.21176000e+01  1.43130536e+00  3.60628274e-01  6.80197499e-03  9.58645841e-02  5.38042416e+02 
 6.83326778e+14  8.30387691e+34  1.29271000e+01  1.43964995e+00  1.21206000e+01  1.43496503e+00  3.60952002e-01  6.79452086e-03  9.55942878e-02  5.29933448e+02 
 6.84684044e+14  8.35124309e+34  1.29271000e+01  1.44330135e+00  1.21246000e+01  1.43866631e+00  3.61329168e-01  6.70643634e-03  9.53610365e-02  5.21987121e+02 
 6.86041309e+14  8.39900388e+34  1.29281000e+01  1.44696283e+00  1.21276000e+01  1.44232428e+00  3.61650581e-01  6.69495255e-03  9.50893822e-02  5.14146697e+02 
 6.87398575e+14  8.44676468e+34  1.29281000e+01  1.45060405e+00  1.21306000e+01  1.44596406e+00  3.62024991e-01  6.68071349e-03  9.48549569e-02  5.06474402e+02 
 6.88755841e+14  8.49459628e+34  1.29291000e+01  1.45423048e+00  1.21336000e+01  1.44959099e+00  3.62340996e-01  6.66381767e-03  9.45839529e-02  4.98954685e+02 
 6.90113107e+14  8.54282419e+34  1.29291000e+01  1.45786673e+00  1.21376000e+01  1.45328317e+00  3.62713199e-01  6.56837595e-03  9.43480636e-02  4.91534174e+02 
 6.91470373e+14  8.59105211e+34  1.29291000e+01  1.46148287e+00  1.21406000e+01  1.45690299e+00  3.63082533e-01  6.54742072e-03  9.40680956e-02  4.84042566e+02 
 6.92827638e+14  8.63934741e+34  1.29301000e+01  1.46508402e+00  1.21436000e+01  1.46050966e+00  3.63393306e-01  6.52399838e-03  9.38408344e-02  4.77152284e+02 
 6.94184904e+14  8.68804360e+34  1.29301000e+01  1.46869497e+00  1.21466000e+01  1.46412699e+00  3.63760441e-01  6.49948329e-03  9.36039613e-02  4.70125688e+02 
 6.95542170e+14  8.73673978e+34  1.29311000e+01  1.47228596e+00  1.21496000e+01  1.46772648e+00  3.64068420e-01  6.47215038e-03  9.33314138e-02  4.63247119e+02 
 6.96899436e+14  8.78549700e+34  1.29311000e+01  1.47586153e+00  1.21526000e+01  1.47131249e+00  3.64430311e-01  6.44233027e-03  9.30952067e-02  4.56504419e+02 
 6.98256702e+14  8.83466257e+34  1.29311000e+01  1.47944711e+00  1.21556000e+01  1.47490935e+00  3.64792420e-01  6.41144719e-03  9.28134677e-02  4.49634373e+02 
 6.99613967e+14  8.88382815e+34  1.29321000e+01  1.48301286e+00  1.21586000e+01  1.47848847e+00  3.65095259e-01  6.37783172e-03  9.25844011e-02  4.43329760e+02 
 7.00971233e+14  8.93304543e+34  1.29321000e+01  1.48656260e+00  1.21616000e+01  1.48205350e+00  3.65452125e-01  6.34178624e-03  9.23474596e-02  4.36940800e+02 
 7.02328499e+14  8.98268151e+34  1.29321000e+01  1.49012274e+00  1.21646000e+01  1.48562975e+00  3.65809254e-01  6.30473956e-03  9.20652608e-02  4.30426729e+02 
 7.03685765e+14  9.03231758e+34  1.29331000e+01  1.49366318e+00  1.21676000e+01  1.48918836e+00  3.66106997e-01  6.26506642e-03  9.18355147e-02  4.24452255e+02 
 7.05043031e+14  9.08199302e+34  1.29331000e+01  1.49718682e+00  1.21706000e+01  1.49273208e+00  3.66458864e-01  6.22301630e-03  9.15979727e-02  4.18395924e+02 
 7.06400296e+14  9.13210067e+34  1.29331000e+01  1.50072146e+00  1.21736000e+01  1.49628757e+00  3.66811057e-01  6.18004869e-03  9.13154353e-02  4.12216424e+02 
 7.07757562e+14  9.18220832e+34  1.29341000e+01  1.50423654e+00  1.21756000e+01  1.49977077e+00  3.67103752e-01  6.20998149e-03  9.10851255e-02  4.06552131e+02 
 7.09114828e+14  9.23233996e+34  1.29341000e+01  1.50773385e+00  1.21786000e+01  1.50329283e+00  3.67450649e-01  6.16204145e-03  9.08471141e-02  4.00808721e+02 
 7.10472094e+14  9.28292024e+34  1.29341000e+01  1.51124293e+00  1.21816000e+01  1.50682748e+00  3.67797949e-01  6.11315661e-03  9.06075339e-02  3.95132132e+02 
 7.11829360e+14  9.33350052e+34  1.29341000e+01  1.51473261e+00  1.21846000e+01  1.51034466e+00  3.68142572e-01  6.06189779e-03  9.03685262e-02  3.89571145e+02 
 7.13186625e+14  9.38408635e+34  1.29351000e+01  1.51820335e+00  1.21866000e+01  1.51379003e+00  3.68427592e-01  6.08313601e-03  9.00952350e-02  3.84122218e+02 
 7.14543891e+14  9.43514030e+34  1.29351000e+01  1.52168684e+00  1.21896000e+01  1.51730364e+00  3.68770046e-01  6.02864117e-03  8.98552672e-02  3.78734136e+02 
 7.15901157e+14  9.48619425e+34  1.29351000e+01  1.52515106e+00  1.21926000e+01  1.52079994e+00  3.69109857e-01  5.97178067e-03  8.96159026e-02  3.73454860e+02 
 7.17258423e+14  9.53724820e+34  1.29351000e+01  1.52859611e+00  1.21946000e+01  1.52422412e+00  3.69447049e-01  5.98711761e-03  8.93771521e-02  3.68281660e+02 
 7.18615689e+14  9.58876080e+34  1.29351000e+01  1.53205289e+00  1.21976000e+01  1.52771560e+00  3.69784645e-01  5.92707531e-03  8.91368846e-02  3.63166680e+02 
 7.19972954e+14  9.64028944e+34  1.29351000e+01  1.53549162e+00  1.21996000e+01  1.53113596e+00  3.70119741e-01  5.93909399e-03  8.88546277e-02  3.57981133e+02 
 7.21330220e+14  9.69181807e+34  1.29361000e+01  1.53891133e+00  1.22026000e+01  1.53459415e+00  3.70394971e-01  5.87444494e-03  8.86238441e-02  3.53238315e+02 
 7.22687486e+14  9.74378162e+34  1.29361000e+01  1.54234082e+00  1.22046000e+01  1.53800789e+00  3.70727650e-01  5.88303906e-03  8.83835114e-02  3.48381185e+02 
 7.24044752e+14  9.79578594e+34  1.29361000e+01  1.54575403e+00  1.22076000e+01  1.54146216e+00  3.71058022e-01  5.81537114e-03  8.81436546e-02  3.43616744e+02 
 7.25402018e+14  9.84779026e+34  1.29361000e+01  1.54914836e+00  1.22096000e+01  1.54484432e+00  3.71385844e-01  5.81938791e-03  8.79044691e-02  3.38946453e+02 
 7.26759283e+14  9.90020254e+34  1.29361000e+01  1.55255040e+00  1.22126000e+01  1.54829010e+00  3.71713688e-01  5.74859129e-03  8.76640925e-02  3.34332353e+02 
 7.28116549e+14  9.95268351e+34  1.29361000e+01  1.55593807e+00  1.22146000e+01  1.55166815e+00  3.72039427e-01  5.74936061e-03  8.74240908e-02  3.29803144e+02 
 7.29473815e+14  1.00051645e+35  1.29361000e+01  1.55930701e+00  1.22166000e+01  1.55502909e+00  3.72362654e-01  5.74804540e-03  8.71847893e-02  3.25362702e+02 
 7.30831081e+14  1.00580232e+35  1.29361000e+01  1.56268143e+00  1.22196000e+01  1.55845173e+00  3.72685692e-01  5.67197887e-03  8.69444760e-02  3.20977760e+02 
 7.32188347e+14  1.01109818e+35  1.29361000e+01  1.56604354e+00  1.22216000e+01  1.56180847e+00  3.73006842e-01  5.66738602e-03  8.67044251e-02  3.16670274e+02 
 7.33545612e+14  1.01639404e+35  1.29361000e+01  1.56938707e+00  1.22236000e+01  1.56514825e+00  3.73325514e-01  5.66072262e-03  8.64650998e-02  3.12446519e+02 
 7.34902878e+14  1.02172432e+35  1.29361000e+01  1.57273372e+00  1.22256000e+01  1.56849211e+00  3.73643778e-01  5.65279768e-03  8.62249544e-02  3.08277747e+02 
 7.36260144e+14  1.02706803e+35  1.29361000e+01  1.57607028e+00  1.22286000e+01  1.57188278e+00  3.73960380e-01  5.56991238e-03  8.59849458e-02  3.04179350e+02 
 7.37617410e+14  1.03241174e+35  1.29361000e+01  1.57938839e+00  1.22306000e+01  1.57520139e+00  3.74274537e-01  5.55798742e-03  8.57456859e-02  3.00159969e+02 
 7.38974676e+14  1.03778621e+35  1.29361000e+01  1.58270714e+00  1.22326000e+01  1.57852165e+00  3.74588059e-01  5.54479310e-03  8.55058095e-02  2.96195200e+02 
 7.40331941e+14  1.04317786e+35  1.29361000e+01  1.58601813e+00  1.22346000e+01  1.58183548e+00  3.74900155e-01  5.52991896e-03  8.52659303e-02  2.92294067e+02 
 7.41689207e+14  1.04856952e+35  1.29361000e+01  1.58931082e+00  1.22366000e+01  1.58513270e+00  3.75209839e-01  5.51297451e-03  8.50268231e-02  2.88467537e+02 
 7.43046473e+14  1.05398791e+35  1.29361000e+01  1.59260155e+00  1.22386000e+01  1.58842909e+00  3.75518650e-01  5.49461560e-03  8.47873120e-02  2.84695367e+02 
 7.44403739e+14  1.05942760e+35  1.29361000e+01  1.59588698e+00  1.22416000e+01  1.59177690e+00  3.75826280e-01  5.40242622e-03  8.45476465e-02  2.80980428e+02 
 7.45761005e+14  1.06486728e+35  1.29351000e+01  1.59915426e+00  1.22436000e+01  1.59505279e+00  3.76189700e-01  5.38062978e-03  8.43005256e-02  2.77201655e+02 
 7.47118270e+14  1.07032936e+35  1.29351000e+01  1.60241685e+00  1.22456000e+01  1.59832521e+00  3.76493882e-01  5.35733588e-03  8.41022300e-02  2.73745715e+02 
 7.48475536e+14  1.07581717e+35  1.29351000e+01  1.60567673e+00  1.22476000e+01  1.60159605e+00  3.76797134e-01  5.33266655e-03  8.38627668e-02  2.70206600e+02 
 7.49832802e+14  1.08130497e+35  1.29351000e+01  1.60891861e+00  1.22496000e+01  1.60485050e+00  3.77098040e-01  5.30608021e-03  8.36241182e-02  2.66734080e+02 
 7.51190068e+14  1.08681047e+35  1.29351000e+01  1.61215297e+00  1.22506000e+01  1.60804316e+00  3.77397578e-01  5.34969724e-03  8.33855221e-02  2.63315696e+02 
 7.52547334e+14  1.09234649e+35  1.29351000e+01  1.61538732e+00  1.22526000e+01  1.61129242e+00  3.77696446e-01  5.32018864e-03  8.31464320e-02  2.59942688e+02 
 7.53904599e+14  1.09788250e+35  1.29351000e+01  1.61860381e+00  1.22546000e+01  1.61452540e+00  3.77993000e-01  5.28881746e-03  8.29081753e-02  2.56632641e+02 
 7.55261865e+14  1.10343117e+35  1.29341000e+01  1.62180986e+00  1.22566000e+01  1.61774929e+00  3.78346436e-01  5.25589562e-03  8.27021833e-02  2.53376742e+02 
 7.56619131e+14  1.10901546e+35  1.29341000e+01  1.62501870e+00  1.22586000e+01  1.62097692e+00  3.78641006e-01  5.22183447e-03  8.24634484e-02  2.50160729e+02 
 7.57976397e+14  1.11459976e+35  1.29341000e+01  1.62820983e+00  1.22606000e+01  1.62418838e+00  3.78933293e-01  5.18600070e-03  8.22255654e-02  2.47004269e+02 
 7.59333663e+14  1.12019133e+35  1.29341000e+01  1.63138748e+00  1.22626000e+01  1.62738776e+00  3.79223692e-01  5.14855669e-03  8.19882294e-02  2.43901984e+02 
 7.60690928e+14  1.12582400e+35  1.29331000e+01  1.63457084e+00  1.22636000e+01  1.63053811e+00  3.79572659e-01  5.18104167e-03  8.17417462e-02  2.40716986e+02 
 7.62048194e+14  1.13145666e+35  1.29331000e+01  1.63773664e+00  1.22656000e+01  1.63372806e+00  3.79860718e-01  5.14069912e-03  8.15441914e-02  2.37823226e+02 
 7.63405460e+14  1.13709087e+35  1.29331000e+01  1.64088584e+00  1.22676000e+01  1.63690286e+00  3.80146622e-01  5.09871488e-03  8.13075607e-02  2.34866274e+02 
 7.64762726e+14  1.14277198e+35  1.29331000e+01  1.64404375e+00  1.22696000e+01  1.64008711e+00  3.80432669e-01  5.05591744e-03  8.10698420e-02  2.31939136e+02 
 7.66119992e+14  1.14845309e+35  1.29321000e+01  1.64718424e+00  1.22706000e+01  1.64319983e+00  3.80775386e-01  5.08186187e-03  8.08642708e-02  2.29065365e+02 
 7.67477257e+14  1.15413420e+35  1.29321000e+01  1.65030743e+00  1.22726000e+01  1.64635235e+00  3.81057053e-01  5.03557976e-03  8.06282334e-02  2.26243712e+02 
 7.68834523e+14  1.15985929e+35  1.29321000e+01  1.65343744e+00  1.22746000e+01  1.64951246e+00  3.81338696e-01  4.98846756e-03  8.03912660e-02  2.23451708e+02 
 7.70191789e+14  1.16558892e+35  1.29311000e+01  1.65655268e+00  1.22756000e+01  1.65260357e+00  3.81677407e-01  5.00987303e-03  8.01860127e-02  2.20708011e+02 
 7.71549055e+14  1.17131855e+35  1.29311000e+01  1.65965075e+00  1.22776000e+01  1.65573459e+00  3.81954954e-01  4.95949766e-03  7.99505680e-02  2.18013683e+02 
 7.72906321e+14  1.17708579e+35  1.29311000e+01  1.66275196e+00  1.22786000e+01  1.65881391e+00  3.82232148e-01  4.97810857e-03  7.97144878e-02  2.15350382e+02 
 7.74263586e+14  1.18286401e+35  1.29301000e+01  1.66584198e+00  1.22806000e+01  1.66193913e+00  3.82566890e-01  4.92519024e-03  7.95096163e-02  2.12729855e+02 
 7.75620852e+14  1.18864224e+35  1.29301000e+01  1.66891498e+00  1.22816000e+01  1.66499279e+00  3.82840354e-01  4.94069700e-03  7.92748256e-02  2.10156112e+02 
 7.76978118e+14  1.19445135e+35  1.29291000e+01  1.67198738e+00  1.22836000e+01  1.66810287e+00  3.83172414e-01  4.88498588e-03  7.90314265e-02  2.07512711e+02 
 7.78335384e+14  1.20027824e+35  1.29291000e+01  1.67505223e+00  1.22846000e+01  1.67115049e+00  3.83443947e-01  4.89790322e-03  7.88352734e-02  2.05110866e+02 
 7.79692650e+14  1.20610514e+35  1.29291000e+01  1.67810020e+00  1.22866000e+01  1.67423869e+00  3.83713365e-01  4.83933563e-03  7.86011950e-02  2.02651374e+02 
 7.81049915e+14  1.21195582e+35  1.29281000e+01  1.68114376e+00  1.22876000e+01  1.67726751e+00  3.84041190e-01  4.84929457e-03  7.83974157e-02  2.00225494e+02 
 7.82407181e+14  1.21783145e+35  1.29281000e+01  1.68418349e+00  1.22896000e+01  1.68034951e+00  3.84308686e-01  4.78849792e-03  7.81631661e-02  1.97832210e+02 
 7.83764447e+14  1.22370708e+35  1.29271000e+01  1.68720650e+00  1.22906000e+01  1.68336029e+00  3.84633607e-01  4.79545472e-03  7.79600090e-02  1.95481023e+02 
 7.85121713e+14  1.22959904e+35  1.29271000e+01  1.69022122e+00  1.22926000e+01  1.68641959e+00  3.84897722e-01  4.73217061e-03  7.77269078e-02  1.93164609e+02 
 7.86478979e+14  1.23552348e+35  1.29261000e+01  1.69323590e+00  1.22936000e+01  1.68942416e+00  3.85220826e-01  4.73661282e-03  7.75234560e-02  1.90876177e+02 
 7.87836244e+14  1.24144792e+35  1.29261000e+01  1.69623399e+00  1.22946000e+01  1.69241331e+00  3.85482308e-01  4.73962749e-03  7.72908802e-02  1.88627661e+02 
 7.89193510e+14  1.24738086e+35  1.29251000e+01  1.69921988e+00  1.22966000e+01  1.69544732e+00  3.85801822e-01  4.67249176e-03  7.70887458e-02  1.86415071e+02 
 7.90550776e+14  1.25335417e+35  1.29251000e+01  1.70220956e+00  1.22976000e+01  1.69843024e+00  3.86061399e-01  4.67294903e-03  7.68560824e-02  1.84226059e+02 
 7.91908042e+14  1.25932748e+35  1.29241000e+01  1.70518280e+00  1.22986000e+01  1.70139793e+00  3.86378742e-01  4.67199939e-03  7.66540354e-02  1.82074964e+02 
 7.93265308e+14  1.26530109e+35  1.29241000e+01  1.70813986e+00  1.22996000e+01  1.70435051e+00  3.86634332e-01  4.66977043e-03  7.64231965e-02  1.79960829e+02 
 7.94622573e+14  1.27132334e+35  1.29231000e+01  1.71110462e+00  1.23016000e+01  1.70736772e+00  3.86949873e-01  4.59795410e-03  7.62209368e-02  1.77866178e+02 
 7.95979839e+14  1.27734558e+35  1.29231000e+01  1.71405308e+00  1.23026000e+01  1.71031396e+00  3.87203564e-01  4.59311223e-03  7.59900698e-02  1.75807508e+02 
 7.97337105e+14  1.28336783e+35  1.29221000e+01  1.71698535e+00  1.23036000e+01  1.71324520e+00  3.87515250e-01  4.58689314e-03  7.57894989e-02  1.73784068e+02 
 7.98694371e+14  1.28943080e+35  1.29221000e+01  1.71992123e+00  1.23046000e+01  1.71618076e+00  3.87766713e-01  4.57981361e-03  7.55589386e-02  1.71781712e+02 
 8.00051637e+14  1.29550205e+35  1.29211000e+01  1.72284498e+00  1.23056000e+01  1.71910533e+00  3.88076617e-01  4.57143079e-03  7.53582027e-02  1.69810811e+02 
 8.01408902e+14  1.30157329e+35  1.29201000e+01  1.72575269e+00  1.23066000e+01  1.72201512e+00  3.88384654e-01  4.56157546e-03  7.51582826e-02  1.67873371e+02 
 8.02766168e+14  1.30767638e+35  1.29201000e+01  1.72865959e+00  1.23086000e+01  1.72498116e+00  3.88631948e-01  4.48265471e-03  7.49289729e-02  1.65958744e+02 
 8.04123434e+14  1.31379667e+35  1.29191000e+01  1.73155870e+00  1.23096000e+01  1.72788441e+00  3.88938209e-01  4.47051977e-03  7.47289239e-02  1.64071185e+02 
 8.05480700e+14  1.31991697e+35  1.29181000e+01  1.73444191e+00  1.23106000e+01  1.73077292e+00  3.89242629e-01  4.45706582e-03  7.44925882e-02  1.62134659e+02 
 8.06837966e+14  1.32605985e+35  1.29181000e+01  1.73731987e+00  1.23116000e+01  1.73365716e+00  3.89485794e-01  4.44245391e-03  7.43016906e-02  1.60384116e+02 
 8.08195231e+14  1.33222927e+35  1.29171000e+01  1.74019442e+00  1.23126000e+01  1.73653893e+00  3.89788447e-01  4.42679339e-03  7.41023733e-02  1.58575740e+02 
 8.09552497e+14  1.33839868e+35  1.29171000e+01  1.74305321e+00  1.23136000e+01  1.73940609e+00  3.90028875e-01  4.40981280e-03  7.38752795e-02  1.56797595e+02 
 8.10909763e+14  1.34458103e+35  1.29161000e+01  1.74590229e+00  1.23146000e+01  1.74226457e+00  3.90328357e-01  4.39169724e-03  7.36772267e-02  1.55045432e+02 
 8.12267029e+14  1.35079961e+35  1.29151000e+01  1.74875236e+00  1.23156000e+01  1.74512491e+00  3.90627435e-01  4.37260684e-03  7.34786832e-02  1.53312314e+02 
 8.13624295e+14  1.35701820e+35  1.29141000e+01  1.75158682e+00  1.23166000e+01  1.74797076e+00  3.90924721e-01  4.35227038e-03  7.32443501e-02  1.51532187e+02 
 8.14981561e+14  1.36323969e+35  1.29141000e+01  1.75440707e+00  1.23176000e+01  1.75080348e+00  3.91159742e-01  4.33070671e-03  7.30557088e-02  1.49930995e+02 
 8.16338826e+14  1.36950749e+35  1.29131000e+01  1.75723275e+00  1.23186000e+01  1.75364241e+00  3.91455278e-01  4.30829441e-03  7.28579787e-02  1.48269432e+02 
 8.17696092e+14  1.37577530e+35  1.29121000e+01  1.76004296e+00  1.23196000e+01  1.75646697e+00  3.91749047e-01  4.28468884e-03  7.26610932e-02  1.46635245e+02 
 8.19053358e+14  1.38204311e+35  1.29121000e+01  1.76283779e+00  1.23196000e+01  1.75922108e+00  3.91980330e-01  4.32663231e-03  7.24369900e-02  1.45027855e+02 
 8.20410624e+14  1.38835268e+35  1.29111000e+01  1.76563583e+00  1.23206000e+01  1.76203543e+00  3.92272082e-01  4.30077055e-03  7.22403794e-02  1.43436261e+02 
 8.21767890e+14  1.39466977e+35  1.29101000e+01  1.76842188e+00  1.23216000e+01  1.76483883e+00  3.92562367e-01  4.27378011e-03  7.20443509e-02  1.41868817e+02 
 8.23125155e+14  1.40098685e+35  1.29091000e+01  1.77119268e+00  1.23226000e+01  1.76762810e+00  3.92850921e-01  4.24557972e-03  7.18491715e-02  1.40326897e+02 
 8.24482421e+14  1.40733495e+35  1.29091000e+01  1.77396185e+00  1.23236000e+01  1.77041660e+00  3.93077948e-01  4.21641721e-03  7.16259967e-02  1.38802570e+02 
 8.25839687e+14  1.41370136e+35  1.29081000e+01  1.77672383e+00  1.23246000e+01  1.77319875e+00  3.93364781e-01  4.18638496e-03  7.14308607e-02  1.37298640e+02 
 8.27196953e+14  1.42006777e+35  1.29071000e+01  1.77947071e+00  1.23246000e+01  1.77591063e+00  3.93649909e-01  4.22153265e-03  7.12365796e-02  1.35819021e+02 
 8.28554219e+14  1.42645404e+35  1.29061000e+01  1.78221108e+00  1.23256000e+01  1.77867320e+00  3.93934035e-01  4.18925606e-03  7.10424628e-02  1.34358707e+02 
 8.29911484e+14  1.43286983e+35  1.29051000e+01  1.78494909e+00  1.23266000e+01  1.78143436e+00  3.94217497e-01  4.15594955e-03  7.08481794e-02  1.32915240e+02 
 8.31268750e+14  1.43928561e+35  1.29051000e+01  1.78767213e+00  1.23276000e+01  1.78418152e+00  3.94438128e-01  4.12162414e-03  7.06273786e-02  1.31494925e+02 
 8.32626016e+14  1.44570972e+35  1.29041000e+01  1.79038381e+00  1.23276000e+01  1.78686194e+00  3.94718474e-01  4.15236281e-03  7.04346008e-02  1.30095516e+02 
 8.33983282e+14  1.45217492e+35  1.29031000e+01  1.79309794e+00  1.23286000e+01  1.78960196e+00  3.94998549e-01  4.11610697e-03  7.02412767e-02  1.28709628e+02 
 8.35340548e+14  1.45864013e+35  1.29021000e+01  1.79579725e+00  1.23296000e+01  1.79232820e+00  3.95276964e-01  4.07876112e-03  7.00488142e-02  1.27345816e+02 
 8.36697813e+14  1.46510534e+35  1.29011000e+01  1.79848182e+00  1.23296000e+01  1.79498430e+00  3.95553733e-01  4.10625346e-03  6.98572136e-02  1.26003637e+02 
 8.38055079e+14  1.47161639e+35  1.29001000e+01  1.80117068e+00  1.23306000e+01  1.79770180e+00  3.95830382e-01  4.06706743e-03  6.96649285e-02  1.24673346e+02 
 8.39412345e+14  1.47813106e+35  1.28991000e+01  1.80384635e+00  1.23316000e+01  1.80040713e+00  3.96105511e-01  4.02682760e-03  6.94382431e-02  1.23300955e+02 
 8.40769611e+14  1.48464573e+35  1.28991000e+01  1.80650743e+00  1.23316000e+01  1.80304243e+00  3.96317552e-01  4.05118181e-03  6.92558519e-02  1.22073990e+02 
 8.42126877e+14  1.49119396e+35  1.28981000e+01  1.80916762e+00  1.23326000e+01  1.80573404e+00  3.96590479e-01  4.00906349e-03  6.90649933e-02  1.20798355e+02 
 8.43484142e+14  1.49775814e+35  1.28971000e+01  1.81181976e+00  1.23326000e+01  1.80836216e+00  3.96862309e-01  4.03137025e-03  6.88744718e-02  1.19539666e+02 
 8.44841408e+14  1.50432232e+35  1.28961000e+01  1.81445745e+00  1.23336000e+01  1.81103303e+00  3.97132538e-01  3.98740319e-03  6.86848178e-02  1.18300656e+02 
 8.46198674e+14  1.51090736e+35  1.28951000e+01  1.81708908e+00  1.23336000e+01  1.81364250e+00  3.97401830e-01  4.00759373e-03  6.84953432e-02  1.17077086e+02 
 8.47555940e+14  1.51752108e+35  1.28941000e+01  1.81971780e+00  1.23346000e+01  1.81630606e+00  3.97670438e-01  3.96188413e-03  6.83057989e-02  1.15867307e+02 
 8.48913206e+14  1.52413481e+35  1.28931000e+01  1.82233219e+00  1.23346000e+01  1.81890000e+00  3.97937463e-01  3.98010047e-03  6.81171214e-02  1.14676305e+02 
 8.50270471e+14  1.53075630e+35  1.28921000e+01  1.82493540e+00  1.23356000e+01  1.82153989e+00  3.98203161e-01  3.93249469e-03  6.79290614e-02  1.13502348e+02 
 8.51627737e+14  1.53741961e+35  1.28911000e+01  1.82754079e+00  1.23356000e+01  1.82412651e+00  3.98468574e-01  3.94880101e-03  6.77405169e-02  1.12339214e+02 
 8.52985003e+14  1.54408292e+35  1.28901000e+01  1.83013200e+00  1.23366000e+01  1.82675608e+00  3.98732431e-01  3.89945994e-03  6.75528448e-02  1.11194007e+02 
 8.54342269e+14  1.55074623e+35  1.28891000e+01  1.83270911e+00  1.23366000e+01  1.82931622e+00  3.98994739e-01  3.91375435e-03  6.73660393e-02  1.10066375e+02 
 8.55699535e+14  1.55745343e+35  1.28881000e+01  1.83528909e+00  1.23376000e+01  1.83193619e+00  3.99256821e-01  3.86273716e-03  6.71787053e-02  1.08948707e+02 
 8.57056800e+14  1.56416637e+35  1.28871000e+01  1.83785722e+00  1.23376000e+01  1.83448896e+00  3.99517534e-01  3.87523412e-03  6.69920593e-02  1.07847194e+02 
 8.58414066e+14  1.57087930e+35  1.28861000e+01  1.84041140e+00  1.23386000e+01  1.83708487e+00  3.99776723e-01  3.82245823e-03  6.68062835e-02  1.06762467e+02 
 8.59771332e+14  1.57762225e+35  1.28851000e+01  1.84296305e+00  1.23386000e+01  1.83962276e+00  4.00035271e-01  3.83317997e-03  6.66204332e-02  1.05689456e+02 
 8.61128598e+14  1.58438484e+35  1.28841000e+01  1.84550822e+00  1.23386000e+01  1.84215503e+00  4.00292873e-01  3.84291667e-03  6.64348372e-02  1.04629649e+02 
 8.62485864e+14  1.59114743e+35  1.28831000e+01  1.84803957e+00  1.23396000e+01  1.84473057e+00  4.00548973e-01  3.78762655e-03  6.62501125e-02  1.03585879e+02 
 8.63843129e+14  1.59792576e+35  1.28821000e+01  1.85056303e+00  1.23396000e+01  1.84724276e+00  4.00804024e-01  3.79558002e-03  6.60657681e-02  1.02555461e+02 
 8.65200395e+14  1.60473804e+35  1.28811000e+01  1.85308536e+00  1.23396000e+01  1.84975455e+00  4.01058545e-01  3.80268550e-03  6.58812436e-02  1.01535475e+02 
 8.66557661e+14  1.61155032e+35  1.28801000e+01  1.85559400e+00  1.23406000e+01  1.85230982e+00  4.01311583e-01  3.74494257e-03  6.56975907e-02  1.00530815e+02 
 8.67914927e+14  1.61836366e+35  1.28791000e+01  1.85808941e+00  1.23406000e+01  1.85479637e+00  4.01563177e-01  3.75025465e-03  6.55147732e-02  9.95410368e+01 
 8.69272193e+14  1.62522566e+35  1.28781000e+01  1.86058901e+00  1.23406000e+01  1.85728788e+00  4.01814646e-01  3.75466253e-03  6.53313399e-02  9.85590839e+01 
 8.70629458e+14  1.63208766e+35  1.28771000e+01  1.86307505e+00  1.23406000e+01  1.85976640e+00  4.02064652e-01  3.75844948e-03  6.51487780e-02  9.75917825e+01 
 8.71986724e+14  1.63894966e+35  1.28761000e+01  1.86554761e+00  1.23416000e+01  1.86228887e+00  4.02313206e-01  3.69741853e-03  6.49670842e-02  9.66388551e+01 
 8.73343990e+14  1.64584736e+35  1.28751000e+01  1.86801955e+00  1.23416000e+01  1.86475510e+00  4.02561274e-01  3.69926448e-03  6.47851837e-02  9.56951746e+01 
 8.74701256e+14  1.65275911e+35  1.28741000e+01  1.87048311e+00  1.23416000e+01  1.86721366e+00  4.02808277e-01  3.70031470e-03  6.46037308e-02  9.47635700e+01 
 8.76058522e+14  1.65967086e+35  1.28731000e+01  1.87293332e+00  1.23416000e+01  1.86965949e+00  4.03053847e-01  3.70069330e-03  6.44231460e-02  9.38457130e+01 
 8.77415787e+14  1.66660283e+35  1.28711000e+01  1.87537739e+00  1.23426000e+01  1.87215648e+00  4.03361207e-01  3.63671828e-03  6.42677934e-02  9.29387255e+01 
 8.78773053e+14  1.67356436e+35  1.28701000e+01  1.87781859e+00  1.23426000e+01  1.87459496e+00  4.03605279e-01  3.63532572e-03  6.40873996e-02  9.20412412e+01 
 8.80130319e+14  1.68052589e+35  1.28691000e+01  1.88024657e+00  1.23426000e+01  1.87702105e+00  4.03847937e-01  3.63303645e-03  6.39078723e-02  9.11569089e+01 
 8.81487585e+14  1.68749173e+35  1.28681000e+01  1.88266291e+00  1.23426000e+01  1.87943618e+00  4.04089302e-01  3.63002011e-03  6.37290829e-02  9.02849473e+01 
 8.82844851e+14  1.69450306e+35  1.28671000e+01  1.88508187e+00  1.23426000e+01  1.88185456e+00  4.04330430e-01  3.62629283e-03  6.35498327e-02  8.94200862e+01 
 8.84202116e+14  1.70151439e+35  1.28661000e+01  1.88748775e+00  1.23426000e+01  1.88426060e+00  4.04570162e-01  3.62177431e-03  6.33714479e-02  8.85678120e+01 
 8.85559382e+14  1.70852572e+35  1.28651000e+01  1.88988062e+00  1.23436000e+01  1.88671084e+00  4.04808511e-01  3.55343829e-03  6.31939259e-02  8.77278922e+01 
 8.86916648e+14  1.71557488e+35  1.28631000e+01  1.89227338e+00  1.23436000e+01  1.88910533e+00  4.05109415e-01  3.54733271e-03  6.30080892e-02  8.68507388e+01 
 8.88273914e+14  1.72263604e+35  1.28621000e+01  1.89465727e+00  1.23436000e+01  1.89149165e+00  4.05346292e-01  3.54043990e-03  6.28633873e-02  8.60740553e+01 
 8.89631180e+14  1.72969719e+35  1.28611000e+01  1.89702828e+00  1.23436000e+01  1.89386582e+00  4.05581803e-01  3.53276843e-03  6.26869533e-02  8.52642734e+01 
 8.90988445e+14  1.73677947e+35  1.28601000e+01  1.89939352e+00  1.23436000e+01  1.89623496e+00  4.05816470e-01  3.52431633e-03  6.25107800e-02  8.44637308e+01 
 8.92345711e+14  1.74389047e+35  1.28591000e+01  1.90175555e+00  1.23436000e+01  1.89860159e+00  4.06050476e-01  3.51510372e-03  6.23346551e-02  8.36714604e+01 
 8.93702977e+14  1.75100147e+35  1.28581000e+01  1.90410482e+00  1.23436000e+01  1.90095615e+00  4.06283136e-01  3.50517386e-03  6.21593898e-02  8.28905184e+01 
 8.95060243e+14  1.75811647e+35  1.28561000e+01  1.90644273e+00  1.23436000e+01  1.90330004e+00  4.06577808e-01  3.49455632e-03  6.20089855e-02  8.21202764e+01 
 8.96417509e+14  1.76527734e+35  1.28551000e+01  1.90878301e+00  1.23436000e+01  1.90564700e+00  4.06809014e-01  3.48316175e-03  6.18339775e-02  8.13560876e+01 
 8.97774774e+14  1.77243821e+35  1.28541000e+01  1.91111067e+00  1.23436000e+01  1.90798201e+00  4.07038891e-01  3.47106927e-03  6.16598273e-02  8.06027513e+01 
 8.99132040e+14  1.77959908e+35  1.28531000e+01  1.91342578e+00  1.23436000e+01  1.91030514e+00  4.07267450e-01  3.45828197e-03  6.14865314e-02  7.98600717e+01 
 9.00489306e+14  1.78679628e+35  1.28511000e+01  1.91574009e+00  1.23436000e+01  1.91262818e+00  4.07558963e-01  3.44477451e-03  6.13369550e-02  7.91241698e+01 
 9.01846572e+14  1.79400704e+35  1.28501000e+01  1.91804627e+00  1.23436000e+01  1.91494375e+00  4.07786084e-01  3.43055129e-03  6.11639319e-02  7.83972659e+01 
 9.03203838e+14  1.80121779e+35  1.28491000e+01  1.92034002e+00  1.23436000e+01  1.91724753e+00  4.08011905e-01  3.41568506e-03  6.09917607e-02  7.76805754e+01 
 9.04561103e+14  1.80844693e+35  1.28481000e+01  1.92262723e+00  1.23436000e+01  1.91954543e+00  4.08236845e-01  3.40014036e-03  6.08199421e-02  7.69721261e+01 
 9.05918369e+14  1.81570759e+35  1.28461000e+01  1.92491204e+00  1.23436000e+01  1.92184161e+00  4.08524805e-01  3.38391788e-03  6.06717369e-02  7.62705453e+01 
 9.07275635e+14  1.82296824e+35  1.28451000e+01  1.92718456e+00  1.23436000e+01  1.92412615e+00  4.08747914e-01  3.36699792e-03  6.05007016e-02  7.55787491e+01 
