# rhoc (cgs) 	 Pc (cgs) 	 R (km) 	 M (msol) 	 R_core (km) 	 M_core (msol) 	 I/(MR^2) 	 I_crust/(M_crust R_crust^2)/(I/(MR^2)) 	 k_2 	 Lambda 
 2.30000000e+14  2.10725867e+33  2.80481000e+01  1.18617658e-01  4.57560000e+00  3.87633456e-02  3.13463876e-02  8.92016397e-01  1.24133849e-03  8.71423172e+07 
 2.34044041e+14  2.23765996e+33  2.62461000e+01  1.22264059e-01  4.72960000e+00  4.32783995e-02  3.53589991e-02  8.73617264e-01  1.61404214e-03  6.98735964e+07 
 2.38088082e+14  2.37479409e+33  2.46711000e+01  1.26198496e-01  4.87960000e+00  4.80445822e-02  3.96327470e-02  8.54056467e-01  2.08246314e-03  5.64699454e+07 
 2.42132122e+14  2.52069498e+33  2.32791000e+01  1.30471040e-01  5.02760000e+00  5.31233604e-02  4.41932977e-02  8.33252193e-01  2.66671845e-03  4.57937123e+07 
 2.46176163e+14  2.67642845e+33  2.20401000e+01  1.35125323e-01  5.17560000e+00  5.85853051e-02  4.90599327e-02  8.11071224e-01  3.38968551e-03  3.71630946e+07 
 2.50220204e+14  2.83930816e+33  2.09591000e+01  1.40070464e-01  5.31960000e+00  6.42972668e-02  5.41088877e-02  7.88291827e-01  4.25164651e-03  3.02869714e+07 
 2.54264245e+14  3.01558962e+33  1.99791000e+01  1.45507278e-01  5.46460000e+00  7.04725592e-02  5.95169865e-02  7.64320948e-01  5.30479013e-03  2.45862679e+07 
 2.58308285e+14  3.19683854e+33  1.91351000e+01  1.51163934e-01  5.60460000e+00  7.68404473e-02  6.49804657e-02  7.40344111e-01  6.50810272e-03  2.00879457e+07 
 2.62352326e+14  3.39560614e+33  1.83581000e+01  1.57439796e-01  5.74860000e+00  8.38331061e-02  7.08461604e-02  7.15000307e-01  7.95869135e-03  1.62920638e+07 
 2.66396367e+14  3.59658367e+33  1.76971000e+01  1.63840548e-01  5.88560000e+00  9.09140844e-02  7.66286955e-02  6.90396629e-01  9.55182276e-03  1.33370016e+07 
 2.70440408e+14  3.81979131e+33  1.70791000e+01  1.71006096e-01  6.02760000e+00  9.87415419e-02  8.28619624e-02  6.64594915e-01  1.14518904e-02  1.08071831e+07 
 2.74484448e+14  4.04299894e+33  1.65581000e+01  1.78215053e-01  6.16160000e+00  1.06576407e-01  8.88900749e-02  6.40075476e-01  1.34704497e-02  8.85688601e+06 
 2.78528489e+14  4.15523293e+33  1.63291000e+01  1.81801473e-01  6.22460000e+00  1.10434998e-01  9.18046308e-02  6.28552877e-01  1.45102470e-02  8.05503522e+06 
 2.82572530e+14  4.30757649e+33  1.60511000e+01  1.86556403e-01  6.30560000e+00  1.15556342e-01  9.55837939e-02  6.13693434e-01  1.59200434e-02  7.12829777e+06 
 2.86616571e+14  4.46778015e+33  1.57901000e+01  1.91480627e-01  6.38660000e+00  1.20864973e-01  9.93988713e-02  5.98800540e-01  1.74133022e-02  6.30593822e+06 
 2.90660611e+14  4.63142814e+33  1.55521000e+01  1.96433512e-01  6.46460000e+00  1.26180312e-01  1.03130536e-01  5.84484329e-01  1.89410834e-02  5.59552051e+06 
 2.94704652e+14  4.79854299e+33  1.53331000e+01  2.01413972e-01  6.54060000e+00  1.31537364e-01  1.06796922e-01  5.70522401e-01  2.05067461e-02  4.97928523e+06 
 2.98748693e+14  4.96914695e+33  1.51321000e+01  2.06421012e-01  6.61460000e+00  1.36931237e-01  1.10382024e-01  5.56929314e-01  2.20980627e-02  4.44272137e+06 
 3.02792734e+14  5.14326198e+33  1.49461000e+01  2.11453709e-01  6.68560000e+00  1.42312228e-01  1.13902200e-01  5.43976705e-01  2.37183630e-02  3.97389120e+06 
 3.06836774e+14  5.32108381e+33  1.47751000e+01  2.16516157e-01  6.75460000e+00  1.47720253e-01  1.17334176e-01  5.31432249e-01  2.53507152e-02  3.56253544e+06 
 3.10880815e+14  5.50272892e+33  1.46151000e+01  2.21610008e-01  6.82260000e+00  1.53198012e-01  1.20719989e-01  5.19046979e-01  2.70130147e-02  3.20039470e+06 
 3.14924856e+14  5.68795293e+33  1.44671000e+01  2.26726885e-01  6.88860000e+00  1.58692194e-01  1.24024152e-01  5.07082324e-01  2.86819953e-02  2.88117772e+06 
 3.18968897e+14  5.87677671e+33  1.43291000e+01  2.31866035e-01  6.95160000e+00  1.64149276e-01  1.27262864e-01  4.95817713e-01  3.03623420e-02  2.59903745e+06 
 3.23012937e+14  6.06922086e+33  1.42011000e+01  2.37026765e-01  7.01460000e+00  1.69708969e-01  1.30420378e-01  4.84458037e-01  3.20403787e-02  2.34903238e+06 
 3.27056978e+14  6.26530572e+33  1.40811000e+01  2.42208354e-01  7.07460000e+00  1.75221165e-01  1.33518744e-01  4.73817855e-01  3.37252781e-02  2.12696939e+06 
 3.31101019e+14  6.46515989e+33  1.39681000e+01  2.47412951e-01  7.13360000e+00  1.80781288e-01  1.36565664e-01  4.63365905e-01  3.54183767e-02  1.92917474e+06 
 3.35145060e+14  6.66903467e+33  1.38621000e+01  2.52645708e-01  7.19160000e+00  1.86389728e-01  1.39551477e-01  4.53111112e-01  3.71098609e-02  1.75244025e+06 
 3.39189100e+14  6.87661267e+33  1.37631000e+01  2.57897172e-01  7.24760000e+00  1.91986940e-01  1.42464028e-01  4.43324344e-01  3.87884053e-02  1.59447873e+06 
 3.43233141e+14  7.08791319e+33  1.36701000e+01  2.63166715e-01  7.30260000e+00  1.97621137e-01  1.45313906e-01  4.33733678e-01  4.04574279e-02  1.45301571e+06 
 3.47277182e+14  7.30295528e+33  1.35821000e+01  2.68453716e-01  7.35560000e+00  2.03235542e-01  1.48113961e-01  4.24621728e-01  4.21227092e-02  1.32608754e+06 
 3.51321223e+14  7.52175776e+33  1.34991000e+01  2.73757559e-01  7.40860000e+00  2.08934914e-01  1.50856883e-01  4.15431946e-01  4.37762493e-02  1.21199381e+06 
 3.55365264e+14  7.74433924e+33  1.34211000e+01  2.79077655e-01  7.45960000e+00  2.14607588e-01  1.53535401e-01  4.06727951e-01  4.54097337e-02  1.10925800e+06 
 3.59409304e+14  7.97112590e+33  1.33461000e+01  2.84422994e-01  7.50960000e+00  2.20310228e-01  1.56190745e-01  3.98242029e-01  4.70504435e-02  1.01643697e+06 
 3.63453345e+14  8.20177385e+33  1.32761000e+01  2.89784252e-01  7.55860000e+00  2.26035577e-01  1.58769464e-01  3.89966658e-01  4.86565419e-02  9.32584707e+05 
 3.67497386e+14  8.43625752e+33  1.32101000e+01  2.95159841e-01  7.60560000e+00  2.31722572e-01  1.61288679e-01  3.82187031e-01  5.02379929e-02  8.56731729e+05 
 3.71541427e+14  8.67459452e+33  1.31471000e+01  3.00549188e-01  7.65260000e+00  2.37483549e-01  1.63767756e-01  3.74337416e-01  5.18074538e-02  7.88011700e+05 
 3.75585467e+14  8.91680223e+33  1.30871000e+01  3.05951731e-01  7.69860000e+00  2.43258769e-01  1.66202666e-01  3.66703095e-01  5.33598181e-02  7.25663454e+05 
 3.79629508e+14  9.16289783e+33  1.30301000e+01  3.11366923e-01  7.74260000e+00  2.48985677e-01  1.68589417e-01  3.59571136e-01  5.48898812e-02  6.69016829e+05 
 3.83673549e+14  9.41305730e+33  1.29761000e+01  3.16797649e-01  7.78660000e+00  2.54782890e-01  1.70924631e-01  3.52376206e-01  5.63925754e-02  6.17449552e+05 
 3.87717590e+14  9.66743279e+33  1.29241000e+01  3.22246152e-01  7.82960000e+00  2.60590277e-01  1.73231667e-01  3.45407333e-01  5.78851294e-02  5.70424591e+05 
 3.91761630e+14  9.92574822e+33  1.28751000e+01  3.27705511e-01  7.87160000e+00  2.66401616e-01  1.75479665e-01  3.38659450e-01  5.93406781e-02  5.27539780e+05 
 3.95805671e+14  1.01880198e+34  1.28281000e+01  3.33175194e-01  7.91260000e+00  2.72214397e-01  1.77692501e-01  3.32133685e-01  6.07775177e-02  4.88382087e+05 
 3.99849712e+14  1.04542636e+34  1.27841000e+01  3.38654669e-01  7.95260000e+00  2.78026142e-01  1.79839572e-01  3.25830953e-01  6.21678506e-02  4.52584511e+05 
 4.03893753e+14  1.07244954e+34  1.27411000e+01  3.44143444e-01  7.99260000e+00  2.83898205e-01  1.81974327e-01  3.19466865e-01  6.35562299e-02  4.19820486e+05 
 4.07937793e+14  1.09987308e+34  1.27001000e+01  3.49640987e-01  8.03060000e+00  2.89701068e-01  1.84066644e-01  3.13613397e-01  6.49154651e-02  3.89798861e+05 
 4.11981834e+14  1.12772367e+34  1.26611000e+01  3.55151744e-01  8.06860000e+00  2.95563725e-01  1.86114973e-01  3.07704508e-01  6.62423649e-02  3.62236030e+05 
 4.16025875e+14  1.15599779e+34  1.26241000e+01  3.60674074e-01  8.10560000e+00  3.01419267e-01  1.88116785e-01  3.02025303e-01  6.75333953e-02  3.36910438e+05 
 4.20069916e+14  1.18467696e+34  1.25881000e+01  3.66203525e-01  8.14260000e+00  3.07329146e-01  1.90099352e-01  2.96288096e-01  6.88122564e-02  3.13633537e+05 
 4.24113956e+14  1.21376267e+34  1.25531000e+01  3.71739591e-01  8.17860000e+00  3.13225909e-01  1.92061587e-01  2.90778560e-01  7.00772821e-02  2.92217681e+05 
 4.28157997e+14  1.24325635e+34  1.25211000e+01  3.77281795e-01  8.21360000e+00  3.19107217e-01  1.93940453e-01  2.85497094e-01  7.12698722e-02  2.72494368e+05 
 4.32202038e+14  1.27315946e+34  1.24891000e+01  3.82829663e-01  8.24760000e+00  3.24970758e-01  1.95826708e-01  2.80444025e-01  7.24721209e-02  2.54312180e+05 
 4.36246079e+14  1.30347340e+34  1.24591000e+01  3.88382715e-01  8.28160000e+00  3.30882833e-01  1.97656973e-01  2.75336110e-01  7.36249326e-02  2.37534765e+05 
 4.40290119e+14  1.33422116e+34  1.24291000e+01  3.93944373e-01  8.31460000e+00  3.36776284e-01  1.99493938e-01  2.70460663e-01  7.47854524e-02  2.22028848e+05 
 4.44334160e+14  1.36540577e+34  1.24011000e+01  3.99514334e-01  8.34660000e+00  3.42649063e-01  2.01272764e-01  2.65817509e-01  7.58924426e-02  2.07685476e+05 
 4.48378201e+14  1.39700543e+34  1.23741000e+01  4.05087955e-01  8.37860000e+00  3.48566393e-01  2.03023549e-01  2.61121595e-01  7.69737237e-02  1.94416147e+05 
 4.52422242e+14  1.42902147e+34  1.23481000e+01  4.10664788e-01  8.40960000e+00  3.54456957e-01  2.04745324e-01  2.56655651e-01  7.80277744e-02  1.82129777e+05 
 4.56466282e+14  1.46145520e+34  1.23231000e+01  4.16244360e-01  8.44060000e+00  3.60389923e-01  2.06437098e-01  2.52138271e-01  7.90530724e-02  1.70743896e+05 
 4.60510323e+14  1.49430791e+34  1.22991000e+01  4.21826262e-01  8.47060000e+00  3.66292880e-01  2.08097954e-01  2.47851433e-01  8.00481834e-02  1.60183747e+05 
 4.64554364e+14  1.52758089e+34  1.22761000e+01  4.27410023e-01  8.50060000e+00  3.72236060e-01  2.09726929e-01  2.43514749e-01  8.10116464e-02  1.50381500e+05 
 4.68598405e+14  1.56127901e+34  1.22541000e+01  4.32995861e-01  8.52960000e+00  3.78146443e-01  2.11323243e-01  2.39409550e-01  8.19421406e-02  1.41274591e+05 
 4.72642446e+14  1.59544042e+34  1.22321000e+01  4.38589315e-01  8.55760000e+00  3.84026205e-01  2.12921673e-01  2.35538933e-01  8.28723539e-02  1.32798427e+05 
 4.76686486e+14  1.63002585e+34  1.22111000e+01  4.44183242e-01  8.58560000e+00  3.89942407e-01  2.14486147e-01  2.31620164e-01  8.37677173e-02  1.24913147e+05 
 4.80730527e+14  1.66503651e+34  1.21911000e+01  4.49777254e-01  8.61260000e+00  3.95820249e-01  2.16015806e-01  2.27931733e-01  8.46269568e-02  1.17572060e+05 
 4.84774568e+14  1.70047357e+34  1.21721000e+01  4.55370904e-01  8.63960000e+00  4.01732533e-01  2.17509755e-01  2.24196182e-01  8.54487897e-02  1.10732591e+05 
 4.88818609e+14  1.73633820e+34  1.21531000e+01  4.60963817e-01  8.66660000e+00  4.07678644e-01  2.19003219e-01  2.20415221e-01  8.62675338e-02  1.04355882e+05 
 4.92862649e+14  1.77263155e+34  1.21341000e+01  4.66555602e-01  8.69260000e+00  4.13582431e-01  2.20496267e-01  2.16864975e-01  8.70831815e-02  9.84064291e+04 
 4.96906690e+14  1.80935474e+34  1.21171000e+01  4.72145846e-01  8.71860000e+00  4.19518079e-01  2.21915657e-01  2.13270219e-01  8.78231793e-02  9.28517581e+04 
 5.00950731e+14  1.84652171e+34  1.21001000e+01  4.77736128e-01  8.74360000e+00  4.25409848e-01  2.23333873e-01  2.09907308e-01  8.85586315e-02  8.76604403e+04 
 5.04994772e+14  1.88415107e+34  1.20831000e+01  4.83328560e-01  8.76760000e+00  4.31257846e-01  2.24751284e-01  2.06776098e-01  8.92895317e-02  8.28034596e+04 
 5.09038812e+14  1.92221355e+34  1.20671000e+01  4.88918226e-01  8.79260000e+00  4.37211465e-01  2.26129850e-01  2.03330133e-01  8.99785302e-02  7.82601534e+04 
 5.13082853e+14  1.96071021e+34  1.20511000e+01  4.94504727e-01  8.81560000e+00  4.43038408e-01  2.27506524e-01  2.00384891e-01  9.06622109e-02  7.40075281e+04 
 5.17126894e+14  1.99964209e+34  1.20361000e+01  5.00087706e-01  8.83960000e+00  4.48970030e-01  2.28843335e-01  1.97126912e-01  9.13026513e-02  7.00244675e+04 
 5.21170935e+14  2.03901021e+34  1.20211000e+01  5.05666831e-01  8.86260000e+00  4.54849876e-01  2.30177853e-01  1.94098700e-01  9.19371894e-02  6.62915714e+04 
 5.25214975e+14  2.07881557e+34  1.20071000e+01  5.11241755e-01  8.88460000e+00  4.60676209e-01  2.31471570e-01  1.91299084e-01  9.25273059e-02  6.27909926e+04 
 5.29259016e+14  2.11905917e+34  1.19931000e+01  5.16812096e-01  8.90760000e+00  4.66606138e-01  2.32762548e-01  1.88191005e-01  9.31109392e-02  5.95063088e+04 
 5.33303057e+14  2.15974410e+34  1.19801000e+01  5.22377838e-01  8.92860000e+00  4.72401237e-01  2.34011836e-01  1.85579254e-01  9.36490578e-02  5.64222356e+04 
 5.37347098e+14  2.20090893e+34  1.19671000e+01  5.27943709e-01  8.95060000e+00  4.78302791e-01  2.35258730e-01  1.82664840e-01  9.41802657e-02  5.35223036e+04 
 5.41391138e+14  2.24251483e+34  1.19541000e+01  5.33503889e-01  8.97160000e+00  4.84146498e-01  2.36502530e-01  1.79978397e-01  9.47045475e-02  5.07967218e+04 
 5.45435179e+14  2.28456270e+34  1.19411000e+01  5.39058063e-01  8.99260000e+00  4.90011585e-01  2.37743297e-01  1.77254341e-01  9.52219541e-02  4.82335709e+04 
 5.49479220e+14  2.32705346e+34  1.19291000e+01  5.44605915e-01  9.01260000e+00  4.95816345e-01  2.38941020e-01  1.74757301e-01  9.56924138e-02  4.58218389e+04 
 5.53523261e+14  2.36998799e+34  1.19171000e+01  5.50147150e-01  9.03260000e+00  5.01640729e-01  2.40135343e-01  1.72223514e-01  9.61556219e-02  4.35513518e+04 
 5.57567301e+14  2.41336718e+34  1.19061000e+01  5.55681449e-01  9.05260000e+00  5.07484330e-01  2.41285770e-01  1.69653793e-01  9.65710552e-02  4.14126950e+04 
 5.61611342e+14  2.45719189e+34  1.18951000e+01  5.61208523e-01  9.07160000e+00  5.13264320e-01  2.42432435e-01  1.67310528e-01  9.69789158e-02  3.93971585e+04 
 5.65655383e+14  2.50146295e+34  1.18841000e+01  5.66728068e-01  9.09060000e+00  5.19061892e-01  2.43575383e-01  1.64931846e-01  9.73792621e-02  3.74966730e+04 
 5.69699424e+14  2.54619078e+34  1.18731000e+01  5.72240963e-01  9.10960000e+00  5.24877495e-01  2.44714812e-01  1.62519334e-01  9.77721491e-02  3.57033902e+04 
 5.73743464e+14  2.59139716e+34  1.18631000e+01  5.77749445e-01  9.12760000e+00  5.30629264e-01  2.45809638e-01  1.60333812e-01  9.81162506e-02  3.40096840e+04 
 5.77787505e+14  2.63705225e+34  1.18521000e+01  5.83249425e-01  9.14560000e+00  5.36396550e-01  2.46942101e-01  1.58114132e-01  9.84942008e-02  3.24103693e+04 
 5.81831546e+14  2.68315682e+34  1.18421000e+01  5.88740646e-01  9.16360000e+00  5.42178862e-01  2.48029145e-01  1.55861505e-01  9.88231825e-02  3.08994489e+04 
 5.85875587e+14  2.72971165e+34  1.18331000e+01  5.94222829e-01  9.18160000e+00  5.47975795e-01  2.49070156e-01  1.53576757e-01  9.91027457e-02  2.94713531e+04 
 5.89919628e+14  2.77671748e+34  1.18231000e+01  5.99695711e-01  9.19860000e+00  5.53702297e-01  2.50149184e-01  1.51516141e-01  9.94165850e-02  2.81209068e+04 
 5.93963668e+14  2.82417506e+34  1.18141000e+01  6.05159039e-01  9.21560000e+00  5.59441914e-01  2.51181862e-01  1.49423744e-01  9.96808698e-02  2.68432927e+04 
 5.98007709e+14  2.87208510e+34  1.18051000e+01  6.10612551e-01  9.23160000e+00  5.65109002e-01  2.52210344e-01  1.47554040e-01  9.99375758e-02  2.56340310e+04 
 6.02051750e+14  2.92044832e+34  1.17961000e+01  6.16056004e-01  9.24860000e+00  5.70873330e-01  2.53234682e-01  1.45399961e-01  1.00186799e-01  2.44889484e+04 
 6.06095791e+14  2.96926542e+34  1.17871000e+01  6.21489150e-01  9.26460000e+00  5.76563707e-01  2.54254925e-01  1.43468746e-01  1.00428631e-01  2.34041573e+04 
 6.10139831e+14  3.01856412e+34  1.17781000e+01  6.26914712e-01  9.27960000e+00  5.82181192e-01  2.55271464e-01  1.41759975e-01  1.00663083e-01  2.23754864e+04 
 6.14183872e+14  3.06832887e+34  1.17701000e+01  6.32330612e-01  9.29560000e+00  5.87895927e-01  2.56240580e-01  1.39770704e-01  1.00847437e-01  2.13999605e+04 
 6.18227913e+14  3.11854935e+34  1.17611000e+01  6.37735399e-01  9.31060000e+00  5.93534017e-01  2.57249072e-01  1.38002663e-01  1.01067395e-01  2.04746528e+04 
 6.22271954e+14  3.16922619e+34  1.17531000e+01  6.43128851e-01  9.32560000e+00  5.99181196e-01  2.58209693e-01  1.36205652e-01  1.01237248e-01  1.95966080e+04 
 6.26315994e+14  3.22036002e+34  1.17451000e+01  6.48510756e-01  9.34060000e+00  6.04837082e-01  2.59166050e-01  1.34380564e-01  1.01399958e-01  1.87630671e+04 
 6.30360035e+14  3.27195145e+34  1.17371000e+01  6.53880886e-01  9.35560000e+00  6.10501293e-01  2.60118181e-01  1.32528187e-01  1.01555618e-01  1.79714510e+04 
 6.34404076e+14  3.32400107e+34  1.17301000e+01  6.59239037e-01  9.36960000e+00  6.16085721e-01  2.61021620e-01  1.30895352e-01  1.01660985e-01  1.72193472e+04 
 6.38448117e+14  3.37650948e+34  1.17221000e+01  6.64585000e-01  9.38360000e+00  6.21677215e-01  2.61965254e-01  1.29235215e-01  1.01802766e-01  1.65045007e+04 
 6.42492157e+14  3.42947723e+34  1.17151000e+01  6.69918581e-01  9.39760000e+00  6.27275403e-01  2.62859922e-01  1.27548580e-01  1.01894309e-01  1.58247987e+04 
 6.46536198e+14  3.48290489e+34  1.17071000e+01  6.75239556e-01  9.41060000e+00  6.32791480e-01  2.63795233e-01  1.26079622e-01  1.02022618e-01  1.51782640e+04 
 6.50580239e+14  3.53680176e+34  1.17001000e+01  6.80548635e-01  9.42360000e+00  6.38313641e-01  2.64681406e-01  1.24584729e-01  1.02100727e-01  1.45629463e+04 
 6.54624280e+14  3.59118605e+34  1.16931000e+01  6.85847278e-01  9.43760000e+00  6.43932258e-01  2.65563519e-01  1.22822184e-01  1.02172135e-01  1.39769391e+04 
 6.58668320e+14  3.64603165e+34  1.16861000e+01  6.91132685e-01  9.44960000e+00  6.49377501e-01  2.66441348e-01  1.21518853e-01  1.02237078e-01  1.34189223e+04 
 6.62712361e+14  3.70133906e+34  1.16791000e+01  6.96404668e-01  9.46260000e+00  6.54916296e-01  2.67314932e-01  1.19948730e-01  1.02295655e-01  1.28873637e+04 
 6.66756402e+14  3.75710877e+34  1.16721000e+01  7.01663048e-01  9.47560000e+00  6.60459248e-01  2.68184310e-01  1.18354666e-01  1.02347969e-01  1.23808248e+04 
 6.70800443e+14  3.81334126e+34  1.16651000e+01  7.06907660e-01  9.48760000e+00  6.65916018e-01  2.69049531e-01  1.16976417e-01  1.02394131e-01  1.18979554e+04 
 6.74844483e+14  3.87003699e+34  1.16591000e+01  7.12138348e-01  9.49960000e+00  6.71375752e-01  2.69864342e-01  1.15574326e-01  1.02390331e-01  1.14374867e+04 
 6.78888524e+14  3.92719642e+34  1.16521000e+01  7.17354927e-01  9.51160000e+00  6.76838262e-01  2.70721204e-01  1.14148695e-01  1.02424464e-01  1.09982267e+04 
 6.82932565e+14  3.98481998e+34  1.16461000e+01  7.22557264e-01  9.52260000e+00  6.82212427e-01  2.71527406e-01  1.12937293e-01  1.02408790e-01  1.05790539e+04 
 6.86976606e+14  4.04290811e+34  1.16391000e+01  7.27745171e-01  9.53460000e+00  6.87679266e-01  2.72376075e-01  1.11466049e-01  1.02431313e-01  1.01789142e+04 
 6.91020646e+14  4.10146123e+34  1.16331000e+01  7.32918533e-01  9.54560000e+00  6.93056721e-01  2.73173833e-01  1.10208805e-01  1.02404191e-01  9.79681485e+03 
 6.95064687e+14  4.16047974e+34  1.16271000e+01  7.38077162e-01  9.55660000e+00  6.98435361e-01  2.73967334e-01  1.08928912e-01  1.02371483e-01  9.43182160e+03 
 6.99108728e+14  4.21997938e+34  1.16211000e+01  7.43222260e-01  9.56760000e+00  7.03815915e-01  2.74756770e-01  1.07627684e-01  1.02381433e-01  9.08724491e+03 
 7.03152769e+14  4.27996151e+34  1.16151000e+01  7.48353704e-01  9.57760000e+00  7.09106536e-01  2.75542159e-01  1.06538214e-01  1.02337773e-01  8.75355657e+03 
 7.07196810e+14  4.34040993e+34  1.16091000e+01  7.53469963e-01  9.58860000e+00  7.14488819e-01  2.76323436e-01  1.05194763e-01  1.02288872e-01  8.43450908e+03 
 7.11240850e+14  4.40132500e+34  1.16031000e+01  7.58570862e-01  9.59860000e+00  7.19778999e-01  2.77100606e-01  1.04062390e-01  1.02234800e-01  8.12936318e+03 
 7.15284891e+14  4.46270707e+34  1.15971000e+01  7.63656307e-01  9.60860000e+00  7.25068347e-01  2.77873737e-01  1.02909406e-01  1.02175690e-01  7.83742239e+03 
 7.19328932e+14  4.52455647e+34  1.15911000e+01  7.68726152e-01  9.61860000e+00  7.30356779e-01  2.78642849e-01  1.01735843e-01  1.02111623e-01  7.55802877e+03 
 7.23372973e+14  4.58687351e+34  1.15851000e+01  7.73780273e-01  9.62860000e+00  7.35644026e-01  2.79407980e-01  1.00542281e-01  1.01994259e-01  7.28710077e+03 
 7.27417013e+14  4.64965851e+34  1.15791000e+01  7.78818583e-01  9.63860000e+00  7.40929650e-01  2.80169192e-01  9.93298135e-02  1.01920569e-01  7.03109094e+03 
 7.31461054e+14  4.71291177e+34  1.15741000e+01  7.83840913e-01  9.64760000e+00  7.46120631e-01  2.80877931e-01  9.83258253e-02  1.01846690e-01  6.78909379e+03 
 7.35505095e+14  4.77663358e+34  1.15681000e+01  7.88847211e-01  9.65660000e+00  7.51309104e-01  2.81631222e-01  9.73026549e-02  1.01715329e-01  6.55089267e+03 
 7.39549136e+14  4.84082422e+34  1.15621000e+01  7.93837327e-01  9.66560000e+00  7.56495099e-01  2.82380676e-01  9.62599975e-02  1.01627976e-01  6.32568678e+03 
 7.43593176e+14  4.90548395e+34  1.15571000e+01  7.98811167e-01  9.67460000e+00  7.61678303e-01  2.83077338e-01  9.51985862e-02  1.01540866e-01  6.11269829e+03 
 7.47637217e+14  4.97061303e+34  1.15511000e+01  8.03768631e-01  9.68360000e+00  7.66858508e-01  2.83819091e-01  9.41188995e-02  1.01396371e-01  5.90272086e+03 
 7.51681258e+14  5.03621171e+34  1.15461000e+01  8.08709607e-01  9.69260000e+00  7.72035524e-01  2.84507819e-01  9.30212434e-02  1.01300903e-01  5.70683421e+03 
 7.55725299e+14  5.10230021e+34  1.15401000e+01  8.13635530e-01  9.70060000e+00  7.77116036e-01  2.85242162e-01  9.21308645e-02  1.01148061e-01  5.51346060e+03 
 7.59769339e+14  5.16886584e+34  1.15351000e+01  8.18545244e-01  9.70960000e+00  7.82287477e-01  2.85923281e-01  9.09987229e-02  1.00995911e-01  5.33047048e+03 
 7.63813380e+14  5.23590144e+34  1.15301000e+01  8.23438172e-01  9.71760000e+00  7.87360384e-01  2.86600504e-01  9.00728733e-02  1.00888491e-01  5.15727628e+03 
 7.67857421e+14  5.30340723e+34  1.15241000e+01  8.28314205e-01  9.72560000e+00  7.92428808e-01  2.87323717e-01  8.91297477e-02  1.00723954e-01  4.98609661e+03 
 7.71901462e+14  5.37138339e+34  1.15191000e+01  8.33173251e-01  9.73360000e+00  7.97492581e-01  2.87993351e-01  8.81696316e-02  1.00560562e-01  4.82405467e+03 
 7.75945502e+14  5.43983010e+34  1.15141000e+01  8.38015235e-01  9.74060000e+00  8.02456572e-01  2.88659174e-01  8.74133099e-02  1.00442130e-01  4.67062186e+03 
 7.79989543e+14  5.50874753e+34  1.15091000e+01  8.42840114e-01  9.74860000e+00  8.07510093e-01  2.89321243e-01  8.64205100e-02  1.00271718e-01  4.52092882e+03 
 7.84033584e+14  5.57813584e+34  1.15041000e+01  8.47647744e-01  9.75560000e+00  8.12463352e-01  2.89979542e-01  8.56304224e-02  1.00097900e-01  4.37703010e+03 
 7.88077625e+14  5.64799518e+34  1.14981000e+01  8.52438130e-01  9.76360000e+00  8.17506026e-01  2.90684722e-01  8.46061365e-02  9.99158045e-02  4.23661148e+03 
 7.92121665e+14  5.71832571e+34  1.14931000e+01  8.57211154e-01  9.77060000e+00  8.22447639e-01  2.91335789e-01  8.37844490e-02  9.97354693e-02  4.10359862e+03 
 7.96165706e+14  5.78912753e+34  1.14881000e+01  8.61966762e-01  9.77760000e+00  8.27383163e-01  2.91983211e-01  8.29470128e-02  9.95520099e-02  3.97563816e+03 
 8.00209747e+14  5.86040079e+34  1.14831000e+01  8.66704901e-01  9.78460000e+00  8.32312346e-01  2.92627028e-01  8.20944320e-02  9.93655167e-02  3.85250798e+03 
 8.04253788e+14  5.93214559e+34  1.14781000e+01  8.71425511e-01  9.79160000e+00  8.37235029e-01  2.93267273e-01  8.12270573e-02  9.91760717e-02  3.73399690e+03 
 8.08297828e+14  6.00436203e+34  1.14731000e+01  8.76128511e-01  9.79760000e+00  8.42055153e-01  2.93903960e-01  8.05599354e-02  9.89837388e-02  3.61990406e+03 
 8.12341869e+14  6.07705022e+34  1.14681000e+01  8.80813870e-01  9.80460000e+00  8.46964347e-01  2.94537138e-01  7.96630585e-02  9.87886140e-02  3.51003870e+03 
 8.16385910e+14  6.15021022e+34  1.14631000e+01  8.85481536e-01  9.81060000e+00  8.51770217e-01  2.95166839e-01  7.89663898e-02  9.85907762e-02  3.40421924e+03 
 8.20429951e+14  6.22384212e+34  1.14581000e+01  8.90131461e-01  9.81760000e+00  8.56665083e-01  2.95793095e-01  7.80419697e-02  9.83903030e-02  3.30227292e+03 
 8.24473992e+14  6.29795442e+34  1.14531000e+01  8.94764084e-01  9.82360000e+00  8.61456781e-01  2.96415950e-01  7.73166357e-02  9.81871977e-02  3.20402424e+03 
 8.28518032e+14  6.37255117e+34  1.14481000e+01  8.99379632e-01  9.82960000e+00  8.66241422e-01  2.97035481e-01  7.65775929e-02  9.79815395e-02  3.10931320e+03 
 8.32562073e+14  6.44761965e+34  1.14431000e+01  9.03977254e-01  9.83560000e+00  8.71018138e-01  2.97651651e-01  7.58250553e-02  9.77734703e-02  3.01800783e+03 
 8.36606114e+14  6.52315988e+34  1.14391000e+01  9.08556912e-01  9.84160000e+00  8.75786773e-01  2.98212336e-01  7.50593580e-02  9.75684648e-02  2.93140923e+03 
 8.40650155e+14  6.59917190e+34  1.14341000e+01  9.13118556e-01  9.84660000e+00  8.80450303e-01  2.98821736e-01  7.44907319e-02  9.73558133e-02  2.84645522e+03 
 8.44694195e+14  6.67565572e+34  1.14291000e+01  9.17662139e-01  9.85260000e+00  8.85202531e-01  2.99427847e-01  7.36984343e-02  9.71409484e-02  2.76450139e+03 
 8.48738236e+14  6.75261135e+34  1.14241000e+01  9.22187675e-01  9.85760000e+00  8.89848901e-01  3.00030731e-01  7.31032895e-02  9.69239694e-02  2.68542473e+03 
 8.52782277e+14  6.83003881e+34  1.14191000e+01  9.26695069e-01  9.86360000e+00  8.94584054e-01  3.00630372e-01  7.22859669e-02  9.66570436e-02  2.60781638e+03 
 8.56826318e+14  6.90793806e+34  1.14141000e+01  9.31184349e-01  9.86860000e+00  8.99212903e-01  3.01226838e-01  7.16651608e-02  9.64360419e-02  2.53418189e+03 
 8.60870358e+14  6.98630911e+34  1.14101000e+01  9.35655466e-01  9.87360000e+00  9.03832722e-01  3.01767231e-01  7.10317291e-02  9.62186849e-02  2.46430952e+03 
 8.64914399e+14  7.06515193e+34  1.14051000e+01  9.40108388e-01  9.87860000e+00  9.08443410e-01  3.02357268e-01  7.03859752e-02  9.59939078e-02  2.39561983e+03 
 8.68958440e+14  7.14446648e+34  1.14001000e+01  9.44543099e-01  9.88360000e+00  9.13044839e-01  3.02944197e-01  6.97281922e-02  9.57673246e-02  2.32927166e+03 
 8.73002481e+14  7.22425272e+34  1.13951000e+01  9.48959575e-01  9.88860000e+00  9.17636892e-01  3.03528044e-01  6.90586705e-02  9.54914189e-02  2.26404404e+03 
 8.77046521e+14  7.30451060e+34  1.13911000e+01  9.53357801e-01  9.89360000e+00  9.22219439e-01  3.04055437e-01  6.83776968e-02  9.52671504e-02  2.20323212e+03 
 8.81090562e+14  7.38524007e+34  1.13861000e+01  9.57737758e-01  9.89760000e+00  9.26694348e-01  3.04633078e-01  6.78899616e-02  9.50356006e-02  2.14336742e+03 
 8.85134603e+14  7.46644105e+34  1.13811000e+01  9.62099453e-01  9.90260000e+00  9.31257341e-01  3.05207734e-01  6.71867412e-02  9.47551161e-02  2.08445443e+03 
 8.89178644e+14  7.54811348e+34  1.13771000e+01  9.66442827e-01  9.90660000e+00  9.35712429e-01  3.05725638e-01  6.66757860e-02  9.45263193e-02  2.02954258e+03 
 8.93222684e+14  7.63025728e+34  1.13721000e+01  9.70767917e-01  9.91160000e+00  9.40255576e-01  3.06294247e-01  6.59510151e-02  9.42903507e-02  1.97543119e+03 
 8.97266725e+14  7.71287234e+34  1.13671000e+01  9.75074690e-01  9.91560000e+00  9.44690308e-01  3.06859933e-01  6.54183001e-02  9.40529904e-02  1.92309161e+03 
 9.01310766e+14  7.79595859e+34  1.13621000e+01  9.79363118e-01  9.91960000e+00  9.49114865e-01  3.07422709e-01  6.48743172e-02  9.37671597e-02  1.87151560e+03 
 9.05354807e+14  7.87951590e+34  1.13581000e+01  9.83633235e-01  9.92360000e+00  9.53528879e-01  3.07928389e-01  6.43199715e-02  9.35331080e-02  1.82345988e+03 
 9.09398847e+14  7.96354417e+34  1.13531000e+01  9.87885017e-01  9.92760000e+00  9.57932409e-01  3.08485339e-01  6.37552002e-02  9.32919861e-02  1.77604122e+03 
 9.13442888e+14  8.04804327e+34  1.13491000e+01  9.92118463e-01  9.93160000e+00  9.62325357e-01  3.08985001e-01  6.31802120e-02  9.30086924e-02  1.73014051e+03 
 9.17486929e+14  8.13301308e+34  1.13441000e+01  9.96333581e-01  9.93560000e+00  9.66707551e-01  3.09536221e-01  6.25954990e-02  9.27653636e-02  1.68570129e+03 
 9.21530970e+14  8.21845346e+34  1.13391000e+01  1.00053036e+00  9.93960000e+00  9.71079004e-01  3.10084668e-01  6.20010250e-02  9.24742046e-02  1.64183894e+03 
 9.25575010e+14  8.30436427e+34  1.13351000e+01  1.00470879e+00  9.94260000e+00  9.75340744e-01  3.10575545e-01  6.15953511e-02  9.22348166e-02  1.60099151e+03 
 9.29619051e+14  8.39074536e+34  1.13301000e+01  1.00886891e+00  9.94660000e+00  9.79690341e-01  3.11118404e-01  6.09816680e-02  9.19884997e-02  1.56061916e+03 
 9.33663092e+14  8.47759657e+34  1.13251000e+01  1.01301069e+00  9.94960000e+00  9.83929887e-01  3.11658559e-01  6.05563028e-02  9.16947208e-02  1.52073236e+03 
 9.37707133e+14  8.56492186e+34  1.13211000e+01  1.01713436e+00  9.95360000e+00  9.88257479e-01  3.12140899e-01  5.99243175e-02  9.14526898e-02  1.48359841e+03 
 9.41751174e+14  8.65272241e+34  1.13161000e+01  1.02123996e+00  9.95660000e+00  9.92475047e-01  3.12675635e-01  5.94799437e-02  9.12037591e-02  1.44685830e+03 
 9.45795214e+14  8.74099216e+34  1.13121000e+01  1.02532724e+00  9.95960000e+00  9.96681112e-01  3.13152365e-01  5.90263993e-02  9.09138417e-02  1.41124392e+03 
 9.49839255e+14  8.82973091e+34  1.13071000e+01  1.02939621e+00  9.96260000e+00  1.00087571e+00  3.13681753e-01  5.85637119e-02  9.06634743e-02  1.37671512e+03 
 9.53883296e+14  8.91893847e+34  1.13021000e+01  1.03344687e+00  9.96560000e+00  1.00505880e+00  3.14208558e-01  5.80920412e-02  9.03662748e-02  1.34254766e+03 
 9.57927337e+14  9.00861464e+34  1.12981000e+01  1.03747925e+00  9.96860000e+00  1.00923030e+00  3.14677080e-01  5.76115718e-02  9.01207711e-02  1.31076024e+03 
 9.61971377e+14  9.09875920e+34  1.12931000e+01  1.04149334e+00  9.97160000e+00  1.01339016e+00  3.15198664e-01  5.71225351e-02  8.98685122e-02  1.27926143e+03 
 9.66015418e+14  9.18937194e+34  1.12891000e+01  1.04548919e+00  9.97460000e+00  1.01753829e+00  3.15661796e-01  5.66251346e-02  8.95759848e-02  1.24870208e+03 
 9.70059459e+14  9.28045264e+34  1.12841000e+01  1.04946680e+00  9.97760000e+00  1.02167466e+00  3.16178254e-01  5.61195837e-02  8.93227031e-02  1.21904954e+03 
 9.74103500e+14  9.37200106e+34  1.12801000e+01  1.05342619e+00  9.98060000e+00  1.02579915e+00  3.16636085e-01  5.56061062e-02  8.90294415e-02  1.19027202e+03 
 9.78147540e+14  9.46401698e+34  1.12751000e+01  1.05736738e+00  9.98260000e+00  1.02981201e+00  3.17147511e-01  5.52768939e-02  8.87752968e-02  1.16233944e+03 
 9.82191581e+14  9.55650013e+34  1.12701000e+01  1.06129040e+00  9.98560000e+00  1.03391266e+00  3.17656504e-01  5.47475066e-02  8.84751848e-02  1.13463853e+03 
 9.86235622e+14  9.64945029e+34  1.12661000e+01  1.06519527e+00  9.98760000e+00  1.03790141e+00  3.18106606e-01  5.44018621e-02  8.82265936e-02  1.10889328e+03 
 9.90279663e+14  9.74286719e+34  1.12611000e+01  1.06908201e+00  9.99060000e+00  1.04197796e+00  3.18610692e-01  5.38573481e-02  8.79260146e-02  1.08276633e+03 
 9.94323703e+14  9.83675056e+34  1.12571000e+01  1.07295064e+00  9.99260000e+00  1.04594245e+00  3.19055713e-01  5.34959273e-02  8.76768843e-02  1.05849153e+03 
 9.98367744e+14  9.93110014e+34  1.12521000e+01  1.07680121e+00  9.99460000e+00  1.04989469e+00  3.19554980e-01  5.31267408e-02  8.74211671e-02  1.03436837e+03 
 1.00241178e+15  1.00259157e+35  1.12481000e+01  1.08063371e+00  9.99760000e+00  1.05393471e+00  3.19995006e-01  5.25606137e-02  8.71264506e-02  1.01093139e+03 
 1.00645583e+15  1.01211968e+35  1.12431000e+01  1.08444820e+00  9.99960000e+00  1.05786243e+00  3.20489533e-01  5.21766909e-02  8.68703643e-02  9.88157837e+02 
 1.01049987e+15  1.02169434e+35  1.12391000e+01  1.08824470e+00  1.00016000e+01  1.06177778e+00  3.20924652e-01  5.17854469e-02  8.65755605e-02  9.66025420e+02 
 1.01454391e+15  1.03131550e+35  1.12341000e+01  1.09202324e+00  1.00036000e+01  1.06568073e+00  3.21414523e-01  5.13870729e-02  8.63192348e-02  9.44513076e+02 
 1.01858795e+15  1.04098313e+35  1.12291000e+01  1.09578386e+00  1.00056000e+01  1.06957125e+00  3.21902152e-01  5.09817226e-02  8.60180443e-02  9.23120091e+02 
 1.02263199e+15  1.05069722e+35  1.12251000e+01  1.09952657e+00  1.00076000e+01  1.07344930e+00  3.22330112e-01  5.05695136e-02  8.57680266e-02  9.03267221e+02 
 1.02667603e+15  1.06045772e+35  1.12201000e+01  1.10325142e+00  1.00086000e+01  1.07721460e+00  3.22813206e-01  5.03371348e-02  8.54669639e-02  8.83034798e+02 
 1.03072007e+15  1.07026460e+35  1.12161000e+01  1.10695844e+00  1.00106000e+01  1.08106760e+00  3.23236461e-01  4.99112482e-02  8.52169799e-02  8.64265739e+02 
 1.03476411e+15  1.08011783e+35  1.12111000e+01  1.11064767e+00  1.00126000e+01  1.08490801e+00  3.23715099e-01  4.94790497e-02  8.49161624e-02  8.45119876e+02 
 1.03880815e+15  1.09001738e+35  1.12071000e+01  1.11431914e+00  1.00136000e+01  1.08863547e+00  3.24133729e-01  4.92258010e-02  8.46663224e-02  8.27365403e+02 
 1.04285219e+15  1.09996322e+35  1.12021000e+01  1.11797289e+00  1.00156000e+01  1.09245068e+00  3.24607986e-01  4.87807850e-02  8.44100471e-02  8.09661310e+02 
 1.04689623e+15  1.10995530e+35  1.11981000e+01  1.12160896e+00  1.00176000e+01  1.09625317e+00  3.25022072e-01  4.83299181e-02  8.41162727e-02  7.92433377e+02 
 1.05094027e+15  1.11999361e+35  1.11931000e+01  1.12522738e+00  1.00186000e+01  1.09994262e+00  3.25492026e-01  4.80570534e-02  8.38602719e-02  7.75666636e+02 
 1.05498431e+15  1.13007809e+35  1.11891000e+01  1.12882820e+00  1.00196000e+01  1.10361925e+00  3.25901642e-01  4.77777783e-02  8.35670377e-02  7.59346370e+02 
 1.05902836e+15  1.14020872e+35  1.11841000e+01  1.13241145e+00  1.00216000e+01  1.10738366e+00  3.26367370e-01  4.73089819e-02  8.33114132e-02  7.43458678e+02 
 1.06307240e+15  1.15038545e+35  1.11801000e+01  1.13597717e+00  1.00226000e+01  1.11103480e+00  3.26772592e-01  4.70174206e-02  8.30188175e-02  7.27989877e+02 
 1.06711644e+15  1.16060826e+35  1.11751000e+01  1.13952542e+00  1.00236000e+01  1.11467308e+00  3.27234168e-01  4.67198906e-02  8.27636654e-02  7.12927058e+02 
 1.07116048e+15  1.17087710e+35  1.11711000e+01  1.14305622e+00  1.00246000e+01  1.11829855e+00  3.27635071e-01  4.64163105e-02  8.24718020e-02  6.98257484e+02 
 1.07520452e+15  1.18119194e+35  1.11661000e+01  1.14656963e+00  1.00266000e+01  1.12201181e+00  3.28092564e-01  4.59254358e-02  8.22172106e-02  6.83969153e+02 
 1.07924856e+15  1.19155273e+35  1.11621000e+01  1.15006568e+00  1.00276000e+01  1.12561164e+00  3.28489221e-01  4.56106591e-02  8.19261679e-02  6.70050215e+02 
 1.08329260e+15  1.20195945e+35  1.11571000e+01  1.15354442e+00  1.00286000e+01  1.12919858e+00  3.28942707e-01  4.52903516e-02  8.16722268e-02  6.56489502e+02 
 1.08733664e+15  1.21241204e+35  1.11531000e+01  1.15700590e+00  1.00296000e+01  1.13277265e+00  3.29335193e-01  4.49645548e-02  8.13820911e-02  6.43275975e+02 
 1.09138068e+15  1.22291047e+35  1.11481000e+01  1.16045016e+00  1.00306000e+01  1.13633381e+00  3.29784738e-01  4.46334361e-02  8.11288799e-02  6.30399235e+02 
 1.09542472e+15  1.23345471e+35  1.11441000e+01  1.16387725e+00  1.00306000e+01  1.13978137e+00  3.30173123e-01  4.44765485e-02  8.08397309e-02  6.17848998e+02 
 1.09946876e+15  1.24404469e+35  1.11391000e+01  1.16728721e+00  1.00316000e+01  1.14331673e+00  3.30618801e-01  4.41346796e-02  8.05873315e-02  6.05615574e+02 
 1.10351280e+15  1.25468040e+35  1.11351000e+01  1.17068010e+00  1.00326000e+01  1.14683916e+00  3.31003154e-01  4.37878135e-02  8.02992444e-02  5.93689372e+02 
 1.10755684e+15  1.26536178e+35  1.11301000e+01  1.17405594e+00  1.00336000e+01  1.15034872e+00  3.31445026e-01  4.34359703e-02  8.00477264e-02  5.82061352e+02 
 1.11160089e+15  1.27608879e+35  1.11251000e+01  1.17741481e+00  1.00336000e+01  1.15374449e+00  3.31885084e-01  4.32574679e-02  7.97540496e-02  5.70418057e+02 
 1.11564493e+15  1.28686139e+35  1.11211000e+01  1.18075675e+00  1.00346000e+01  1.15722813e+00  3.32263563e-01  4.28958922e-02  7.95102170e-02  5.59664624e+02 
 1.11968897e+15  1.29767953e+35  1.11161000e+01  1.18408180e+00  1.00356000e+01  1.16069888e+00  3.32699914e-01  4.25296852e-02  7.92177179e-02  5.48585596e+02 
 1.12373301e+15  1.30854318e+35  1.11121000e+01  1.18739003e+00  1.00356000e+01  1.16405581e+00  3.33074533e-01  4.23359345e-02  7.89749289e-02  5.38358216e+02 
 1.12777705e+15  1.31945327e+35  1.11071000e+01  1.19068176e+00  1.00366000e+01  1.16750098e+00  3.33507262e-01  4.19605157e-02  7.86836393e-02  5.27810145e+02 
 1.13182109e+15  1.33040889e+35  1.11031000e+01  1.19395679e+00  1.00366000e+01  1.17083232e+00  3.33878097e-01  4.17570397e-02  7.84419138e-02  5.18077536e+02 
 1.13586513e+15  1.34140993e+35  1.10981000e+01  1.19721515e+00  1.00376000e+01  1.17425163e+00  3.34307258e-01  4.13728865e-02  7.81519290e-02  5.08031017e+02 
 1.13990917e+15  1.35245634e+35  1.10941000e+01  1.20045690e+00  1.00376000e+01  1.17755710e+00  3.34674365e-01  4.11600889e-02  7.79113673e-02  4.98765871e+02 
 1.14395321e+15  1.36354807e+35  1.10891000e+01  1.20368207e+00  1.00376000e+01  1.18084968e+00  3.35100022e-01  4.09425092e-02  7.76227501e-02  4.89192677e+02 
 1.14799725e+15  1.37468507e+35  1.10851000e+01  1.20689072e+00  1.00386000e+01  1.18423020e+00  3.35463454e-01  4.05457040e-02  7.73834017e-02  4.80368515e+02 
 1.15204129e+15  1.38586730e+35  1.10801000e+01  1.21008291e+00  1.00386000e+01  1.18749694e+00  3.35885668e-01  4.03193683e-02  7.70962055e-02  4.71242168e+02 
 1.15608533e+15  1.39709471e+35  1.10761000e+01  1.21325870e+00  1.00386000e+01  1.19075065e+00  3.36245506e-01  4.00888206e-02  7.68581366e-02  4.62834256e+02 
 1.16012937e+15  1.40836725e+35  1.10711000e+01  1.21641813e+00  1.00386000e+01  1.19399154e+00  3.36664337e-01  3.98537926e-02  7.65724127e-02  4.54129971e+02 
 1.16417342e+15  1.41968487e+35  1.10671000e+01  1.21956125e+00  1.00386000e+01  1.19721951e+00  3.37020629e-01  3.96145535e-02  7.63356617e-02  4.46115119e+02 
 1.16821746e+15  1.43104753e+35  1.10621000e+01  1.22268813e+00  1.00386000e+01  1.20043458e+00  3.37436141e-01  3.93712266e-02  7.60514618e-02  4.37809693e+02 
 1.17226150e+15  1.44245518e+35  1.10581000e+01  1.22579881e+00  1.00386000e+01  1.20363677e+00  3.37788952e-01  3.91238132e-02  7.58160789e-02  4.30166210e+02 
 1.17630554e+15  1.45390776e+35  1.10531000e+01  1.22889335e+00  1.00386000e+01  1.20682607e+00  3.38201203e-01  3.88725117e-02  7.55334479e-02  4.22237896e+02 
 1.18034958e+15  1.46540522e+35  1.10491000e+01  1.23197182e+00  1.00386000e+01  1.21000249e+00  3.38550597e-01  3.86173256e-02  7.52994805e-02  4.14945457e+02 
 1.18439362e+15  1.47694753e+35  1.10441000e+01  1.23503426e+00  1.00386000e+01  1.21316606e+00  3.38959648e-01  3.83583990e-02  7.50184618e-02  4.07373867e+02 
 1.18843766e+15  1.48853461e+35  1.10401000e+01  1.23808073e+00  1.00386000e+01  1.21631678e+00  3.39305683e-01  3.80957551e-02  7.47859499e-02  4.00413412e+02 
 1.19248170e+15  1.50016643e+35  1.10351000e+01  1.24111128e+00  1.00386000e+01  1.21945466e+00  3.39711590e-01  3.78295525e-02  7.45065840e-02  3.93179423e+02 
 1.19652574e+15  1.51184294e+35  1.10311000e+01  1.24412598e+00  1.00386000e+01  1.22257971e+00  3.40054325e-01  3.75598069e-02  7.42755667e-02  3.86533078e+02 
 1.20056978e+15  1.52356407e+35  1.10261000e+01  1.24712486e+00  1.00386000e+01  1.22569211e+00  3.40457135e-01  3.72863445e-02  7.39978843e-02  3.79618730e+02 
 1.20461382e+15  1.53532978e+35  1.10221000e+01  1.25010802e+00  1.00376000e+01  1.22869073e+00  3.40796626e-01  3.71795009e-02  7.37683977e-02  3.73269722e+02 
 1.20865786e+15  1.54714001e+35  1.10171000e+01  1.25307549e+00  1.00376000e+01  1.23177742e+00  3.41196420e-01  3.68993421e-02  7.34924493e-02  3.66658185e+02 
 1.21270190e+15  1.55899471e+35  1.10131000e+01  1.25602733e+00  1.00376000e+01  1.23485133e+00  3.41532726e-01  3.66159799e-02  7.32645287e-02  3.60590766e+02 
 1.21674595e+15  1.57089383e+35  1.10091000e+01  1.25896359e+00  1.00366000e+01  1.23781185e+00  3.41867408e-01  3.64978669e-02  7.29972586e-02  3.54460757e+02 
 1.22078999e+15  1.58283732e+35  1.10041000e+01  1.26188435e+00  1.00366000e+01  1.24086033e+00  3.42262710e-01  3.62079552e-02  7.27640073e-02  3.48465556e+02 
 1.22483403e+15  1.59482511e+35  1.10001000e+01  1.26478964e+00  1.00356000e+01  1.24379539e+00  3.42594291e-01  3.60829051e-02  7.24985385e-02  3.42601524e+02 
 1.22887807e+15  1.60685716e+35  1.09951000e+01  1.26767956e+00  1.00356000e+01  1.24681852e+00  3.42986702e-01  3.57866866e-02  7.22669029e-02  3.36865321e+02 
 1.23292211e+15  1.61893341e+35  1.09911000e+01  1.27055412e+00  1.00356000e+01  1.24982899e+00  3.43315239e-01  3.54875363e-02  7.20032644e-02  3.31253526e+02 
 1.23696615e+15  1.63105380e+35  1.09861000e+01  1.27341342e+00  1.00346000e+01  1.25272609e+00  3.43704807e-01  3.53526964e-02  7.17732693e-02  3.25762988e+02 
 1.24101019e+15  1.64321938e+35  1.09821000e+01  1.27625774e+00  1.00336000e+01  1.25561084e+00  3.44030354e-01  3.52144350e-02  7.15114479e-02  3.20390019e+02 
 1.24505423e+15  1.65543029e+35  1.09771000e+01  1.27908721e+00  1.00336000e+01  1.25858403e+00  3.44417154e-01  3.49064796e-02  7.12830479e-02  3.15131607e+02 
 1.24909827e+15  1.66768522e+35  1.09731000e+01  1.28190156e+00  1.00326000e+01  1.26144402e+00  3.44739765e-01  3.47618481e-02  7.10230607e-02  3.09985274e+02 
 1.25314231e+15  1.67998412e+35  1.09681000e+01  1.28470090e+00  1.00326000e+01  1.26439199e+00  3.45123834e-01  3.44486360e-02  7.07963551e-02  3.04948249e+02 
 1.25718635e+15  1.69232694e+35  1.09641000e+01  1.28748523e+00  1.00316000e+01  1.26722695e+00  3.45443556e-01  3.42980398e-02  7.05382663e-02  3.00017658e+02 
 1.26123039e+15  1.70471360e+35  1.09591000e+01  1.29025465e+00  1.00306000e+01  1.27004940e+00  3.45824927e-01  3.41444894e-02  7.03132659e-02  2.95190883e+02 
 1.26527443e+15  1.71714406e+35  1.09551000e+01  1.29300921e+00  1.00296000e+01  1.27285920e+00  3.46141822e-01  3.39883179e-02  7.00571015e-02  2.90465246e+02 
 1.26931847e+15  1.72961826e+35  1.09501000e+01  1.29574897e+00  1.00296000e+01  1.27575740e+00  3.46520565e-01  3.36643082e-02  6.98338387e-02  2.85838257e+02 
 1.27336252e+15  1.74213614e+35  1.09461000e+01  1.29847398e+00  1.00286000e+01  1.27854255e+00  3.46834663e-01  3.35023164e-02  6.95796042e-02  2.81307383e+02 
 1.27740656e+15  1.75469763e+35  1.09411000e+01  1.30118431e+00  1.00276000e+01  1.28131531e+00  3.47210819e-01  3.33376098e-02  6.93580918e-02  2.76870293e+02 
 1.28145060e+15  1.76730269e+35  1.09371000e+01  1.30388002e+00  1.00266000e+01  1.28407570e+00  3.47522180e-01  3.31701602e-02  6.91058097e-02  2.72524596e+02 
 1.28549464e+15  1.77995125e+35  1.09321000e+01  1.30656118e+00  1.00256000e+01  1.28682363e+00  3.47895808e-01  3.30003328e-02  6.88860710e-02  2.68268097e+02 
 1.28953868e+15  1.79264325e+35  1.09281000e+01  1.30922783e+00  1.00246000e+01  1.28955926e+00  3.48204488e-01  3.28278791e-02  6.86357602e-02  2.64098532e+02 
 1.29358272e+15  1.80537864e+35  1.09231000e+01  1.31188004e+00  1.00246000e+01  1.29238332e+00  3.48575626e-01  3.24897768e-02  6.83794838e-02  2.59868193e+02 
 1.29762676e+15  1.81815734e+35  1.09191000e+01  1.31451786e+00  1.00236000e+01  1.29509455e+00  3.48881662e-01  3.23123438e-02  6.81694693e-02  2.56011837e+02 
 1.30167080e+15  1.83097931e+35  1.09151000e+01  1.31714137e+00  1.00226000e+01  1.29779355e+00  3.49186358e-01  3.21324918e-02  6.79221808e-02  2.52090592e+02 
 1.30571484e+15  1.84384448e+35  1.09101000e+01  1.31975062e+00  1.00216000e+01  1.30048038e+00  3.49553806e-01  3.19502881e-02  6.77069676e-02  2.48248156e+02 
 1.30975888e+15  1.85675279e+35  1.09061000e+01  1.32234566e+00  1.00206000e+01  1.30315504e+00  3.49855932e-01  3.17657264e-02  6.74616738e-02  2.44482567e+02 
 1.31380292e+15  1.86970629e+35  1.09011000e+01  1.32492699e+00  1.00186000e+01  1.30571751e+00  3.50221020e-01  3.17404196e-02  6.72482178e-02  2.40791438e+02 
 1.31784696e+15  1.88270392e+35  1.08971000e+01  1.32749445e+00  1.00176000e+01  1.30836868e+00  3.50520636e-01  3.15509526e-02  6.70048396e-02  2.37173227e+02 
 1.32189100e+15  1.89574456e+35  1.08921000e+01  1.33004788e+00  1.00166000e+01  1.31100787e+00  3.50883397e-01  3.13591617e-02  6.67931743e-02  2.33626544e+02 
 1.32593505e+15  1.90882814e+35  1.08881000e+01  1.33258735e+00  1.00156000e+01  1.31363505e+00  3.51180532e-01  3.11651819e-02  6.65518062e-02  2.30149637e+02 
 1.32997909e+15  1.92195459e+35  1.08831000e+01  1.33511294e+00  1.00146000e+01  1.31625009e+00  3.51541019e-01  3.09694011e-02  6.63419791e-02  2.26740909e+02 
 1.33402313e+15  1.93512386e+35  1.08791000e+01  1.33762468e+00  1.00136000e+01  1.31885312e+00  3.51835732e-01  3.07716219e-02  6.61026357e-02  2.23398693e+02 
 1.33806717e+15  1.94833589e+35  1.08741000e+01  1.34012265e+00  1.00126000e+01  1.32144419e+00  3.52193987e-01  3.05719254e-02  6.58573291e-02  2.19996800e+02 
 1.34211121e+15  1.96159060e+35  1.08701000e+01  1.34260691e+00  1.00106000e+01  1.32392303e+00  3.52486314e-01  3.05298365e-02  6.56573344e-02  2.16907685e+02 
 1.34615525e+15  1.97488794e+35  1.08661000e+01  1.34507748e+00  1.00096000e+01  1.32649062e+00  3.52777414e-01  3.03255007e-02  6.54210723e-02  2.13755851e+02 
 1.35019929e+15  1.98822784e+35  1.08611000e+01  1.34753448e+00  1.00086000e+01  1.32904617e+00  3.53132349e-01  3.01197157e-02  6.52159015e-02  2.10664577e+02 
 1.35424333e+15  2.00161024e+35  1.08571000e+01  1.34997794e+00  1.00076000e+01  1.33158980e+00  3.53421143e-01  2.99122816e-02  6.49816784e-02  2.07632403e+02 
 1.35828737e+15  2.01503508e+35  1.08521000e+01  1.35240793e+00  1.00056000e+01  1.33402152e+00  3.53773956e-01  2.98614866e-02  6.47783648e-02  2.04658012e+02 
 1.36233141e+15  2.02850229e+35  1.08481000e+01  1.35482448e+00  1.00046000e+01  1.33654196e+00  3.54060459e-01  2.96497786e-02  6.45461671e-02  2.01740018e+02 
 1.36637545e+15  2.04201180e+35  1.08431000e+01  1.35722770e+00  1.00036000e+01  1.33905035e+00  3.54411191e-01  2.94370115e-02  6.43080127e-02  1.98763760e+02 
 1.37041949e+15  2.05556531e+35  1.08391000e+01  1.35961793e+00  1.00016000e+01  1.34144744e+00  3.54695472e-01  2.93799627e-02  6.41145112e-02  1.96067862e+02 
 1.37446353e+15  2.06916311e+35  1.08351000e+01  1.36199528e+00  1.00006000e+01  1.34393352e+00  3.54978612e-01  2.91631291e-02  6.38853186e-02  1.93310773e+02 
 1.37850758e+15  2.08280306e+35  1.08301000e+01  1.36435947e+00  9.99860000e+00  1.34630763e+00  3.55326259e-01  2.91024833e-02  6.36866012e-02  1.90605199e+02 
 1.38255162e+15  2.09648511e+35  1.08261000e+01  1.36671051e+00  9.99760000e+00  1.34877071e+00  3.55607221e-01  2.88820611e-02  6.34594407e-02  1.87949911e+02 
 1.38659566e+15  2.11020918e+35  1.08211000e+01  1.36904852e+00  9.99560000e+00  1.35112175e+00  3.55952886e-01  2.88177031e-02  6.32625867e-02  1.85343848e+02 
 1.39063970e+15  2.12397521e+35  1.08171000e+01  1.37137351e+00  9.99460000e+00  1.35356176e+00  3.56231719e-01  2.85942073e-02  6.30374629e-02  1.82785839e+02 
 1.39468374e+15  2.13778314e+35  1.08131000e+01  1.37368558e+00  9.99260000e+00  1.35588996e+00  3.56509478e-01  2.85261468e-02  6.28134105e-02  1.80274852e+02 
 1.39872778e+15  2.15163289e+35  1.08081000e+01  1.37598476e+00  9.99160000e+00  1.35830708e+00  3.56852185e-01  2.82996930e-02  6.26193812e-02  1.77809847e+02 
 1.40277182e+15  2.16552441e+35  1.08041000e+01  1.37827113e+00  9.98960000e+00  1.36061254e+00  3.57127873e-01  2.82281778e-02  6.23973601e-02  1.75389775e+02 
 1.40681586e+15  2.17945762e+35  1.07991000e+01  1.38054472e+00  9.98860000e+00  1.36300699e+00  3.57468695e-01  2.79987459e-02  6.22051912e-02  1.73013670e+02 
 1.41085990e+15  2.19343245e+35  1.07951000e+01  1.38280565e+00  9.98660000e+00  1.36528977e+00  3.57742356e-01  2.79240757e-02  6.19852013e-02  1.70680545e+02 
 1.41490394e+15  2.20744885e+35  1.07901000e+01  1.38505390e+00  9.98560000e+00  1.36766158e+00  3.58081336e-01  2.76919872e-02  6.17592278e-02  1.68292287e+02 
 1.41894798e+15  2.22150785e+35  1.07861000e+01  1.38728978e+00  9.98360000e+00  1.36992219e+00  3.58353004e-01  2.76139973e-02  6.15769003e-02  1.66139341e+02 
 1.42299202e+15  2.23561158e+35  1.07821000e+01  1.38951363e+00  9.98160000e+00  1.37217241e+00  3.58623641e-01  2.75339039e-02  6.13598793e-02  1.63928930e+02 
 1.42703606e+15  2.24975671e+35  1.07771000e+01  1.39172500e+00  9.98060000e+00  1.37451140e+00  3.58959886e-01  2.72977480e-02  6.11722923e-02  1.61757918e+02 
 1.43108011e+15  2.26394318e+35  1.07731000e+01  1.39392400e+00  9.97860000e+00  1.37673908e+00  3.59228602e-01  2.72152368e-02  6.09572986e-02  1.59625424e+02 
 1.43512415e+15  2.27817091e+35  1.07691000e+01  1.39611062e+00  9.97660000e+00  1.37895607e+00  3.59496310e-01  2.71305804e-02  6.07433462e-02  1.57530620e+02 
 1.43916819e+15  2.29243984e+35  1.07641000e+01  1.39828496e+00  9.97560000e+00  1.38126177e+00  3.59829900e-01  2.68907921e-02  6.05585738e-02  1.55472726e+02 
 1.44321223e+15  2.30674990e+35  1.07601000e+01  1.40044708e+00  9.97360000e+00  1.38345638e+00  3.60095747e-01  2.68040274e-02  6.03466413e-02  1.53450923e+02 
 1.44725627e+15  2.32110103e+35  1.07551000e+01  1.40259701e+00  9.97160000e+00  1.38564042e+00  3.60427642e-01  2.67152393e-02  6.01637146e-02  1.51464462e+02 
 1.45130031e+15  2.33549314e+35  1.07511000e+01  1.40473482e+00  9.97060000e+00  1.38791314e+00  3.60691629e-01  2.64720816e-02  5.99537748e-02  1.49512562e+02 
 1.45534435e+15  2.34992618e+35  1.07471000e+01  1.40686058e+00  9.96860000e+00  1.39007526e+00  3.60954680e-01  2.63809442e-02  5.97448818e-02  1.47594517e+02 
 1.45938839e+15  2.36440007e+35  1.07421000e+01  1.40897436e+00  9.96660000e+00  1.39222643e+00  3.61284071e-01  2.62887166e-02  5.95647572e-02  1.45709630e+02 
 1.46343243e+15  2.37891655e+35  1.07381000e+01  1.41107644e+00  9.96460000e+00  1.39436736e+00  3.61545324e-01  2.61946532e-02  5.93578120e-02  1.43856929e+02 
 1.46747647e+15  2.39347685e+35  1.07341000e+01  1.41316707e+00  9.96360000e+00  1.39659742e+00  3.61805660e-01  2.59472947e-02  5.91518372e-02  1.42035614e+02 
 1.47152051e+15  2.40807785e+35  1.07291000e+01  1.41524587e+00  9.96160000e+00  1.39871740e+00  3.62132593e-01  2.58508021e-02  5.89743778e-02  1.40245433e+02 
 1.47556455e+15  2.42271946e+35  1.07251000e+01  1.41731292e+00  9.95960000e+00  1.40082643e+00  3.62391205e-01  2.57535349e-02  5.87703899e-02  1.38485711e+02 
 1.47960859e+15  2.43740163e+35  1.07211000e+01  1.41936826e+00  9.95760000e+00  1.40292483e+00  3.62648922e-01  2.56550452e-02  5.85674293e-02  1.36755826e+02 
 1.48365264e+15  2.45212428e+35  1.07161000e+01  1.42141192e+00  9.95560000e+00  1.40501283e+00  3.62973498e-01  2.55551115e-02  5.83927369e-02  1.35055177e+02 
 1.48769668e+15  2.46688734e+35  1.07121000e+01  1.42344397e+00  9.95360000e+00  1.40709028e+00  3.63229521e-01  2.54539777e-02  5.81917376e-02  1.33383130e+02 
 1.49174072e+15  2.48169074e+35  1.07071000e+01  1.42546449e+00  9.95160000e+00  1.40915719e+00  3.63552593e-01  2.53518014e-02  5.79847573e-02  1.31661714e+02 
 1.49578476e+15  2.49653441e+35  1.07031000e+01  1.42747352e+00  9.94960000e+00  1.41121362e+00  3.63806970e-01  2.52485287e-02  5.78198144e-02  1.30122585e+02 
 1.49982880e+15  2.51141827e+35  1.06991000e+01  1.42947112e+00  9.94860000e+00  1.41335876e+00  3.64060495e-01  2.49939367e-02  5.76217888e-02  1.28532936e+02 
 1.50387284e+15  2.52634458e+35  1.06941000e+01  1.43145765e+00  9.94660000e+00  1.41539463e+00  3.64381333e-01  2.48888170e-02  5.74177357e-02  1.26894594e+02 
 1.50791688e+15  2.54131399e+35  1.06901000e+01  1.43343327e+00  9.94460000e+00  1.41742051e+00  3.64633259e-01  2.47826855e-02  5.72554070e-02  1.25431413e+02 
 1.51196092e+15  2.55632343e+35  1.06861000e+01  1.43539762e+00  9.94260000e+00  1.41943609e+00  3.64884357e-01  2.46755306e-02  5.70602267e-02  1.23918723e+02 
 1.51600496e+15  2.57137283e+35  1.06811000e+01  1.43735076e+00  9.94060000e+00  1.42144138e+00  3.65203028e-01  2.45674538e-02  5.68590630e-02  1.22358507e+02 
 1.52004900e+15  2.58646212e+35  1.06771000e+01  1.43929275e+00  9.93860000e+00  1.42343643e+00  3.65452577e-01  2.44584031e-02  5.66994328e-02  1.20967293e+02 
 1.52409304e+15  2.60159122e+35  1.06731000e+01  1.44122363e+00  9.93660000e+00  1.42542128e+00  3.65701325e-01  2.43484289e-02  5.65071800e-02  1.19527555e+02 
 1.52813708e+15  2.61676007e+35  1.06691000e+01  1.44314347e+00  9.93460000e+00  1.42739597e+00  3.65949278e-01  2.42375397e-02  5.63159223e-02  1.18111170e+02 
 1.53218112e+15  2.63196859e+35  1.06641000e+01  1.44505232e+00  9.93260000e+00  1.42936053e+00  3.66265145e-01  2.41258216e-02  5.61519859e-02  1.16717692e+02 
 1.53622517e+15  2.64721670e+35  1.06601000e+01  1.44695023e+00  9.93060000e+00  1.43131501e+00  3.66511612e-01  2.40132164e-02  5.59626326e-02  1.15346637e+02 
 1.54026921e+15  2.66250566e+35  1.06561000e+01  1.44883744e+00  9.92860000e+00  1.43325962e+00  3.66757309e-01  2.38997624e-02  5.57742415e-02  1.13997465e+02 
 1.54431325e+15  2.67783853e+35  1.06511000e+01  1.45071435e+00  9.92660000e+00  1.43519484e+00  3.67071166e-01  2.37854041e-02  5.56128561e-02  1.12669497e+02 
 1.54835729e+15  2.69321081e+35  1.06471000e+01  1.45258049e+00  9.92460000e+00  1.43712009e+00  3.67315411e-01  2.36702395e-02  5.54262675e-02  1.11362671e+02 
 1.55240133e+15  2.70862246e+35  1.06431000e+01  1.45443591e+00  9.92260000e+00  1.43903539e+00  3.67558911e-01  2.35543145e-02  5.52406567e-02  1.10076593e+02 
 1.55644537e+15  2.72407338e+35  1.06381000e+01  1.45628067e+00  9.91960000e+00  1.44084219e+00  3.67870841e-01  2.35850389e-02  5.50819111e-02  1.08810873e+02 
 1.56048941e+15  2.73956352e+35  1.06341000e+01  1.45811482e+00  9.91760000e+00  1.44273769e+00  3.68112950e-01  2.34676236e-02  5.48981721e-02  1.07565088e+02 
 1.56453345e+15  2.75509279e+35  1.06301000e+01  1.45993842e+00  9.91560000e+00  1.44462335e+00  3.68354336e-01  2.33495455e-02  5.47154017e-02  1.06338869e+02 
 1.56857749e+15  2.77066112e+35  1.06261000e+01  1.46175151e+00  9.91360000e+00  1.44649921e+00  3.68595009e-01  2.32308204e-02  5.45335960e-02  1.05131837e+02 
 1.57262153e+15  2.78626845e+35  1.06211000e+01  1.46355415e+00  9.91160000e+00  1.44836532e+00  3.68904445e-01  2.31115082e-02  5.43783511e-02  1.03943639e+02 
 1.57666557e+15  2.80191841e+35  1.06171000e+01  1.46534683e+00  9.90960000e+00  1.45022219e+00  3.69143773e-01  2.29914576e-02  5.41983222e-02  1.02773612e+02 
 1.58070961e+15  2.81760966e+35  1.06131000e+01  1.46712941e+00  9.90760000e+00  1.45206984e+00  3.69382394e-01  2.28704945e-02  5.40192014e-02  1.01621524e+02 
 1.58475365e+15  2.83333972e+35  1.06091000e+01  1.46890170e+00  9.90560000e+00  1.45390790e+00  3.69620328e-01  2.27488842e-02  5.38410315e-02  1.00487213e+02 
 1.58879769e+15  2.84910851e+35  1.06041000e+01  1.47066375e+00  9.90260000e+00  1.45563814e+00  3.69927359e-01  2.27724330e-02  5.36891256e-02  9.93703575e+01 
 1.59284174e+15  2.86491598e+35  1.06001000e+01  1.47241562e+00  9.90060000e+00  1.45745689e+00  3.70164025e-01  2.26498421e-02  5.35127796e-02  9.82706046e+01 
 1.59688578e+15  2.88076204e+35  1.05961000e+01  1.47415735e+00  9.89860000e+00  1.45926611e+00  3.70400026e-01  2.25267498e-02  5.33373745e-02  9.71876424e+01 
 1.60092982e+15  2.89664662e+35  1.05921000e+01  1.47588900e+00  9.89660000e+00  1.46106582e+00  3.70635370e-01  2.24031736e-02  5.31629068e-02  9.61211563e+01 
 1.60497386e+15  2.91256964e+35  1.05871000e+01  1.47761060e+00  9.89460000e+00  1.46285630e+00  3.70940135e-01  2.22788167e-02  5.30144058e-02  9.50708486e+01 
 1.60901790e+15  2.92853405e+35  1.05831000e+01  1.47932253e+00  9.89160000e+00  1.46453981e+00  3.71174236e-01  2.22984616e-02  5.28416719e-02  9.40361996e+01 
 1.61306194e+15  2.94454025e+35  1.05791000e+01  1.48102492e+00  9.88960000e+00  1.46631224e+00  3.71407701e-01  2.21729847e-02  5.26698110e-02  9.30169135e+01 
 1.61710598e+15  2.96058472e+35  1.05751000e+01  1.48271742e+00  9.88760000e+00  1.46807524e+00  3.71640538e-01  2.20472116e-02  5.24988750e-02  9.20129247e+01 
 1.62115002e+15  2.97666739e+35  1.05701000e+01  1.48440009e+00  9.88560000e+00  1.46982898e+00  3.71943132e-01  2.19210033e-02  5.23536231e-02  9.10239623e+01 
 1.62519406e+15  2.99278817e+35  1.05661000e+01  1.48607296e+00  9.88260000e+00  1.47147589e+00  3.72174788e-01  2.19378922e-02  5.21844454e-02  9.00497207e+01 
 1.62923810e+15  3.00894699e+35  1.05621000e+01  1.48773611e+00  9.88060000e+00  1.47321138e+00  3.72405842e-01  2.18103815e-02  5.20161838e-02  8.90899497e+01 
 1.63328214e+15  3.02514379e+35  1.05581000e+01  1.48938960e+00  9.87860000e+00  1.47493747e+00  3.72636300e-01  2.16828588e-02  5.18488340e-02  8.81443848e+01 
 1.63732618e+15  3.04137847e+35  1.05541000e+01  1.49103344e+00  9.87660000e+00  1.47665446e+00  3.72866158e-01  2.15548927e-02  5.16823873e-02  8.72127637e+01 
 1.64137022e+15  3.05765592e+35  1.05491000e+01  1.49266819e+00  9.87360000e+00  1.47826560e+00  3.73166154e-01  2.15692287e-02  5.15411860e-02  8.62945665e+01 
 1.64541427e+15  3.07397303e+35  1.05451000e+01  1.49429360e+00  9.87160000e+00  1.47996535e+00  3.73394888e-01  2.14401122e-02  5.13763594e-02  8.53897093e+01 
 1.64945831e+15  3.09032785e+35  1.05411000e+01  1.49590954e+00  9.86960000e+00  1.48165590e+00  3.73623049e-01  2.13109448e-02  5.12124291e-02  8.44980657e+01 
 1.65350235e+15  3.10672031e+35  1.05371000e+01  1.49751602e+00  9.86760000e+00  1.48333773e+00  3.73850629e-01  2.11810521e-02  5.10493836e-02  8.36193923e+01 
 1.65754639e+15  3.12315034e+35  1.05331000e+01  1.49911312e+00  9.86460000e+00  1.48491321e+00  3.74077646e-01  2.11932735e-02  5.08872254e-02  8.27534612e+01 
 1.66159043e+15  3.13961785e+35  1.05281000e+01  1.50070090e+00  9.86260000e+00  1.48657695e+00  3.74375242e-01  2.10631238e-02  5.07500584e-02  8.19000604e+01 
 1.66563447e+15  3.15612278e+35  1.05241000e+01  1.50227938e+00  9.86060000e+00  1.48823197e+00  3.74601224e-01  2.09324137e-02  5.05895963e-02  8.10589356e+01 
 1.66967851e+15  3.17266738e+35  1.05201000e+01  1.50384883e+00  9.85760000e+00  1.48978135e+00  3.74826646e-01  2.09429698e-02  5.04299700e-02  8.02297649e+01 
 1.67372255e+15  3.18925407e+35  1.05161000e+01  1.50540957e+00  9.85560000e+00  1.49141939e+00  3.75051528e-01  2.08117219e-02  5.02711498e-02  7.94122275e+01 
 1.67776659e+15  3.20587798e+35  1.05121000e+01  1.50696114e+00  9.85360000e+00  1.49304882e+00  3.75275870e-01  2.06799966e-02  5.01131942e-02  7.86063469e+01 
 1.68181063e+15  3.22253905e+35  1.05081000e+01  1.50850360e+00  9.85060000e+00  1.49457260e+00  3.75499676e-01  2.06890903e-02  4.99560987e-02  7.78119176e+01 
 1.68585467e+15  3.23923721e+35  1.05031000e+01  1.51003705e+00  9.84860000e+00  1.49618447e+00  3.75794544e-01  2.05571447e-02  4.98235916e-02  7.70287591e+01 
 1.68989871e+15  3.25597236e+35  1.04991000e+01  1.51156147e+00  9.84560000e+00  1.49769084e+00  3.76017391e-01  2.05656723e-02  4.96681508e-02  7.62566412e+01 
 1.69394275e+15  3.27274444e+35  1.04951000e+01  1.51307693e+00  9.84360000e+00  1.49928586e+00  3.76239728e-01  2.04325682e-02  4.95135624e-02  7.54953866e+01 
 1.69798680e+15  3.28955509e+35  1.04911000e+01  1.51458366e+00  9.84160000e+00  1.50087207e+00  3.76461572e-01  2.02999275e-02  4.93598048e-02  7.47447355e+01 
 1.70203084e+15  3.30640826e+35  1.04871000e+01  1.51608201e+00  9.83860000e+00  1.50235389e+00  3.76682875e-01  2.03067864e-02  4.92067988e-02  7.40043200e+01 
 1.70607488e+15  3.32329817e+35  1.04831000e+01  1.51757156e+00  9.83660000e+00  1.50392388e+00  3.76903704e-01  2.01732862e-02  4.90546424e-02  7.32742270e+01 
 1.71011892e+15  3.34022475e+35  1.04791000e+01  1.51905233e+00  9.83460000e+00  1.50548535e+00  3.77124045e-01  2.00397143e-02  4.89033231e-02  7.25542729e+01 
 1.71416296e+15  3.35718793e+35  1.04741000e+01  1.52052437e+00  9.83160000e+00  1.50694195e+00  3.77415969e-01  2.00455811e-02  4.87761175e-02  7.18442917e+01 
 1.71820700e+15  3.37418762e+35  1.04701000e+01  1.52198775e+00  9.82960000e+00  1.50848646e+00  3.77635436e-01  1.99119261e-02  4.86264041e-02  7.11441006e+01 
 1.72225104e+15  3.39122375e+35  1.04661000e+01  1.52344248e+00  9.82660000e+00  1.50992641e+00  3.77854416e-01  1.99171260e-02  4.84775076e-02  7.04535307e+01 
 1.72629508e+15  3.40829930e+35  1.04621000e+01  1.52488889e+00  9.82460000e+00  1.51145479e+00  3.78072936e-01  1.97827700e-02  4.83293975e-02  6.97723080e+01 
 1.73033912e+15  3.42541584e+35  1.04581000e+01  1.52632715e+00  9.82160000e+00  1.51287873e+00  3.78290975e-01  1.97876276e-02  4.81820392e-02  6.91002084e+01 
 1.73438316e+15  3.44256862e+35  1.04541000e+01  1.52775690e+00  9.81960000e+00  1.51439136e+00  3.78508559e-01  1.96524437e-02  4.80354945e-02  6.84372613e+01 
 1.73842720e+15  3.45975759e+35  1.04501000e+01  1.52917822e+00  9.81760000e+00  1.51589529e+00  3.78725712e-01  1.95179476e-02  4.78897680e-02  6.77833178e+01 
 1.74247124e+15  3.47698266e+35  1.04461000e+01  1.53059110e+00  9.81460000e+00  1.51729522e+00  3.78942403e-01  1.95213447e-02  4.77448393e-02  6.71382159e+01 
 1.74651528e+15  3.49424376e+35  1.04421000e+01  1.53199565e+00  9.81260000e+00  1.51878283e+00  3.79158685e-01  1.93867081e-02  4.76007256e-02  6.65018208e+01 
 1.75055933e+15  3.51154081e+35  1.04371000e+01  1.53339185e+00  9.80960000e+00  1.52016652e+00  3.79447235e-01  1.93898276e-02  4.74506473e-02  6.58330532e+01 
 1.75460337e+15  3.52888009e+35  1.04331000e+01  1.53478030e+00  9.80760000e+00  1.52163875e+00  3.79662702e-01  1.92546381e-02  4.73374851e-02  6.52543288e+01 
 1.75864741e+15  3.54625685e+35  1.04291000e+01  1.53616064e+00  9.80460000e+00  1.52300708e+00  3.79877732e-01  1.92572971e-02  4.71955862e-02  6.46428898e+01 
 1.76269145e+15  3.56366937e+35  1.04251000e+01  1.53753279e+00  9.80260000e+00  1.52446361e+00  3.80092358e-01  1.91217220e-02  4.70544812e-02  6.40395956e+01 
 1.76673549e+15  3.58111758e+35  1.04211000e+01  1.53889679e+00  9.79960000e+00  1.52581596e+00  3.80306572e-01  1.91241685e-02  4.69141596e-02  6.34443078e+01 
 1.77077953e+15  3.59860140e+35  1.04171000e+01  1.54025269e+00  9.79760000e+00  1.52725677e+00  3.80520384e-01  1.89883027e-02  4.67746196e-02  6.28568955e+01 
 1.77482357e+15  3.61612076e+35  1.04131000e+01  1.54160054e+00  9.79460000e+00  1.52859332e+00  3.80733805e-01  1.89905405e-02  4.66358603e-02  6.22772313e+01 
 1.77886761e+15  3.63367889e+35  1.04091000e+01  1.54294061e+00  9.79260000e+00  1.53001881e+00  3.80946809e-01  1.88543931e-02  4.64978270e-02  6.17050764e+01 
 1.78291165e+15  3.65127737e+35  1.04051000e+01  1.54427310e+00  9.78960000e+00  1.53134051e+00  3.81159417e-01  1.88561920e-02  4.63605068e-02  6.11402653e+01 
 1.78695569e+15  3.66891120e+35  1.04011000e+01  1.54559763e+00  9.78760000e+00  1.53275091e+00  3.81371632e-01  1.87198646e-02  4.62239483e-02  6.05828306e+01 
 1.79099973e+15  3.68658030e+35  1.03971000e+01  1.54691429e+00  9.78460000e+00  1.53405717e+00  3.81583481e-01  1.87213870e-02  4.60881580e-02  6.00326591e+01 
 1.79504377e+15  3.70428460e+35  1.03931000e+01  1.54822308e+00  9.78260000e+00  1.53545215e+00  3.81794947e-01  1.85850374e-02  4.59531215e-02  5.94896267e+01 
 1.79908781e+15  3.72202401e+35  1.03891000e+01  1.54952409e+00  9.77960000e+00  1.53674313e+00  3.82006063e-01  1.85863254e-02  4.58188477e-02  5.89536255e+01 
 1.80313186e+15  3.73980013e+35  1.03851000e+01  1.55081742e+00  9.77760000e+00  1.53812296e+00  3.82216793e-01  1.84499913e-02  4.56852975e-02  5.84244848e+01 
 1.80717590e+15  3.75761808e+35  1.03811000e+01  1.55210356e+00  9.77460000e+00  1.53939957e+00  3.82427148e-01  1.84508021e-02  4.55524173e-02  5.79019529e+01 
 1.81121994e+15  3.77547096e+35  1.03771000e+01  1.55338198e+00  9.77260000e+00  1.54076479e+00  3.82637142e-01  1.83144763e-02  4.54202771e-02  5.73861185e+01 
 1.81526398e+15  3.79335868e+35  1.03731000e+01  1.55465278e+00  9.76960000e+00  1.54202645e+00  3.82846799e-01  1.83150187e-02  4.52888829e-02  5.68768807e+01 
 1.81930802e+15  3.81131298e+35  1.03691000e+01  1.55591819e+00  9.76760000e+00  1.54337931e+00  3.83055951e-01  1.81781623e-02  4.51578355e-02  5.63732424e+01 
 1.82335206e+15  3.83039673e+35  1.03651000e+01  1.55725232e+00  9.76460000e+00  1.54472232e+00  3.83259460e-01  1.81525732e-02  4.50143342e-02  5.58459589e+01 
 1.82739610e+15  3.85464850e+35  1.03591000e+01  1.55893414e+00  9.76160000e+00  1.54649241e+00  3.83585659e-01  1.80108730e-02  4.48533826e-02  5.51867560e+01 
 1.83144014e+15  3.87899385e+35  1.03541000e+01  1.56060862e+00  9.75760000e+00  1.54816106e+00  3.83837179e-01  1.80030769e-02  4.46712204e-02  5.45365889e+01 
 1.83548418e+15  3.90341634e+35  1.03481000e+01  1.56227491e+00  9.75460000e+00  1.54991781e+00  3.84162473e-01  1.78587805e-02  4.45113188e-02  5.38957652e+01 
 1.83952822e+15  3.92791582e+35  1.03431000e+01  1.56393323e+00  9.75060000e+00  1.55157159e+00  3.84413234e-01  1.78495126e-02  4.43306183e-02  5.32641191e+01 
 1.84357226e+15  3.95249214e+35  1.03381000e+01  1.56558370e+00  9.74760000e+00  1.55331398e+00  3.84663684e-01  1.77036286e-02  4.41507145e-02  5.26415062e+01 
 1.84761630e+15  3.97714514e+35  1.03321000e+01  1.56722651e+00  9.74360000e+00  1.55495327e+00  3.84988466e-01  1.76932628e-02  4.39929363e-02  5.20278035e+01 
 1.85166034e+15  4.00188125e+35  1.03271000e+01  1.56886211e+00  9.74060000e+00  1.55668201e+00  3.85238582e-01  1.75461602e-02  4.38145453e-02  5.14226827e+01 
 1.85570439e+15  4.02670776e+35  1.03211000e+01  1.57049118e+00  9.73660000e+00  1.55830880e+00  3.85563276e-01  1.75343427e-02  4.36580185e-02  5.08258706e+01 
 1.85974843e+15  4.05161069e+35  1.03161000e+01  1.57211277e+00  9.73360000e+00  1.56002444e+00  3.85813252e-01  1.73864589e-02  4.34811263e-02  5.02375439e+01 
 1.86379247e+15  4.07658989e+35  1.03111000e+01  1.57372707e+00  9.73060000e+00  1.56173214e+00  3.86063248e-01  1.72397966e-02  4.33051325e-02  4.96575936e+01 
 1.86783651e+15  4.10164519e+35  1.03051000e+01  1.57533404e+00  9.72660000e+00  1.56333878e+00  3.86388249e-01  1.72256935e-02  4.31509634e-02  4.90858869e+01 
 1.87188055e+15  4.12677645e+35  1.03001000e+01  1.57693383e+00  9.72260000e+00  1.56493769e+00  3.86638437e-01  1.72124352e-02  4.29767008e-02  4.85222924e+01 
 1.87592459e+15  4.15199769e+35  1.02951000e+01  1.57852730e+00  9.71960000e+00  1.56662629e+00  3.86888638e-01  1.70639863e-02  4.28031899e-02  4.79663725e+01 
 1.87996863e+15  4.17730186e+35  1.02891000e+01  1.58011413e+00  9.71560000e+00  1.56821298e+00  3.87214245e-01  1.70500300e-02  4.26512671e-02  4.74181896e+01 
 1.88401267e+15  4.20268168e+35  1.02841000e+01  1.58169384e+00  9.71260000e+00  1.56988818e+00  3.87464810e-01  1.69015361e-02  4.24794675e-02  4.68777525e+01 
 1.88805671e+15  4.22813700e+35  1.02781000e+01  1.58326655e+00  9.70860000e+00  1.57146099e+00  3.87791070e-01  1.68875076e-02  4.23292155e-02  4.63449711e+01 
 1.89210075e+15  4.25366767e+35  1.02731000e+01  1.58483220e+00  9.70560000e+00  1.57312219e+00  3.88042151e-01  1.67393996e-02  4.21592350e-02  4.58197002e+01 
 1.89614479e+15  4.27927751e+35  1.02681000e+01  1.58639117e+00  9.70160000e+00  1.57468156e+00  3.88293489e-01  1.67251785e-02  4.19901770e-02  4.53017639e+01 
 1.90018883e+15  4.30498056e+35  1.02621000e+01  1.58794426e+00  9.69860000e+00  1.57633036e+00  3.88620741e-01  1.65773262e-02  4.18422681e-02  4.47907717e+01 
 1.90423287e+15  4.33075864e+35  1.02571000e+01  1.58949045e+00  9.69460000e+00  1.57787740e+00  3.88872648e-01  1.65627521e-02  4.16748725e-02  4.42869722e+01 
 1.90827691e+15  4.35661158e+35  1.02521000e+01  1.59102973e+00  9.69160000e+00  1.57951211e+00  3.89124860e-01  1.64157097e-02  4.15084402e-02  4.37902560e+01 
 1.91232096e+15  4.38253923e+35  1.02461000e+01  1.59256217e+00  9.68760000e+00  1.58104546e+00  3.89453451e-01  1.64013299e-02  4.13365021e-02  4.32726087e+01 
 1.91636500e+15  4.40854140e+35  1.02411000e+01  1.59408776e+00  9.68460000e+00  1.58266606e+00  3.89706451e-01  1.62553155e-02  4.11986207e-02  4.28176630e+01 
 1.92040904e+15  4.43463748e+35  1.02361000e+01  1.59560766e+00  9.68060000e+00  1.58418719e+00  3.89959732e-01  1.62407085e-02  4.10348512e-02  4.23412110e+01 
 1.92445308e+15  4.46081132e+35  1.02311000e+01  1.59712097e+00  9.67760000e+00  1.58579530e+00  3.90213392e-01  1.60954193e-02  4.08720318e-02  4.18713721e+01 
 1.92849712e+15  4.48705936e+35  1.02251000e+01  1.59862748e+00  9.67360000e+00  1.58730304e+00  3.90543842e-01  1.60810729e-02  4.07301094e-02  4.14081103e+01 
 1.93254116e+15  4.51338144e+35  1.02201000e+01  1.60012725e+00  9.66960000e+00  1.58880329e+00  3.90798424e-01  1.60678518e-02  4.05691935e-02  4.09513169e+01 
 1.93658520e+15  4.53977738e+35  1.02151000e+01  1.60162024e+00  9.66660000e+00  1.59039108e+00  3.91053413e-01  1.59231476e-02  4.04092535e-02  4.05008910e+01 
 1.94062924e+15  4.56626275e+35  1.02091000e+01  1.60310743e+00  9.66260000e+00  1.59187854e+00  3.91385482e-01  1.59104900e-02  4.02437321e-02  4.00304791e+01 
 1.94467328e+15  4.59282973e+35  1.02041000e+01  1.60458830e+00  9.65960000e+00  1.59345392e+00  3.91641354e-01  1.57665946e-02  4.01116228e-02  3.96181354e+01 
 1.94871732e+15  4.61947024e+35  1.01991000e+01  1.60606250e+00  9.65560000e+00  1.59492825e+00  3.91897714e-01  1.57543302e-02  3.99543593e-02  3.91858782e+01 
 1.95276136e+15  4.64618409e+35  1.01941000e+01  1.60753000e+00  9.65260000e+00  1.59648943e+00  3.92154542e-01  1.56119797e-02  3.97980798e-02  3.87596204e+01 
 1.95680540e+15  4.67297111e+35  1.01891000e+01  1.60899084e+00  9.64860000e+00  1.59795010e+00  3.92411871e-01  1.56003603e-02  3.96427926e-02  3.83392743e+01 
 1.96084944e+15  4.69984595e+35  1.01831000e+01  1.61044581e+00  9.64560000e+00  1.59949808e+00  3.92746768e-01  1.54593914e-02  3.95077530e-02  3.79245269e+01 
 1.96489349e+15  4.72680336e+35  1.01781000e+01  1.61189465e+00  9.64160000e+00  1.60094677e+00  3.93005072e-01  1.54479634e-02  3.93541449e-02  3.75153637e+01 
 1.96893753e+15  4.75383357e+35  1.01731000e+01  1.61333687e+00  9.63760000e+00  1.60238810e+00  3.93263905e-01  1.54376243e-02  3.92015292e-02  3.71118553e+01 
 1.97298157e+15  4.78093643e+35  1.01681000e+01  1.61477243e+00  9.63460000e+00  1.60391618e+00  3.93523243e-01  1.52978300e-02  3.90498917e-02  3.67139094e+01 
 1.97702561e+15  4.80811173e+35  1.01631000e+01  1.61620142e+00  9.63060000e+00  1.60534350e+00  3.93783139e-01  1.52888017e-02  3.88992481e-02  3.63214489e+01 
 1.98106965e+15  4.83537618e+35  1.01571000e+01  1.61762464e+00  9.62760000e+00  1.60685876e+00  3.94121083e-01  1.51500992e-02  3.87685112e-02  3.59341497e+01 
 1.98511369e+15  4.86272116e+35  1.01521000e+01  1.61904175e+00  9.62360000e+00  1.60827392e+00  3.94382036e-01  1.51416516e-02  3.86195414e-02  3.55520537e+01 
 1.98915773e+15  4.89013824e+35  1.01471000e+01  1.62045223e+00  9.62060000e+00  1.60977550e+00  3.94643522e-01  1.50045843e-02  3.84715444e-02  3.51751966e+01 
 1.99320177e+15  4.91762721e+35  1.01421000e+01  1.62185618e+00  9.61660000e+00  1.61117697e+00  3.94905581e-01  1.49970754e-02  3.83245309e-02  3.48035043e+01 
 1.99724581e+15  4.94518790e+35  1.01371000e+01  1.62325355e+00  9.61360000e+00  1.61266432e+00  3.95168197e-01  1.48619052e-02  3.81784896e-02  3.44368939e+01 
 2.00128985e+15  4.97284199e+35  1.01321000e+01  1.62464547e+00  9.60960000e+00  1.61405351e+00  3.95431282e-01  1.48549634e-02  3.80332325e-02  3.40750055e+01 
 2.00533389e+15  5.00057162e+35  1.01271000e+01  1.62603106e+00  9.60560000e+00  1.61543584e+00  3.95694927e-01  1.48487937e-02  3.78889137e-02  3.37180026e+01 
 2.00937793e+15  5.02837258e+35  1.01211000e+01  1.62741010e+00  9.60260000e+00  1.61690402e+00  3.96037410e-01  1.47153250e-02  3.77642184e-02  3.33658673e+01 
 2.01342197e+15  5.05624469e+35  1.01161000e+01  1.62878265e+00  9.59860000e+00  1.61827234e+00  3.96302311e-01  1.47106941e-02  3.76217741e-02  3.30185158e+01 
 2.01746602e+15  5.08419102e+35  1.01111000e+01  1.63014882e+00  9.59560000e+00  1.61972684e+00  3.96567766e-01  1.45786286e-02  3.74802582e-02  3.26758366e+01 
 2.02151006e+15  5.11223149e+35  1.01061000e+01  1.63150966e+00  9.59160000e+00  1.62108280e+00  3.96833730e-01  1.45750761e-02  3.73395168e-02  3.23375258e+01 
 2.02555410e+15  5.14034272e+35  1.01011000e+01  1.63286395e+00  9.58860000e+00  1.62252483e+00  3.97100260e-01  1.44441651e-02  3.71997228e-02  3.20037910e+01 
 2.02959814e+15  5.16852451e+35  1.00961000e+01  1.63421182e+00  9.58460000e+00  1.62386691e+00  3.97367414e-01  1.44420441e-02  3.70608932e-02  3.16745713e+01 
 2.03364218e+15  5.19677667e+35  1.00911000e+01  1.63555317e+00  9.58160000e+00  1.62529488e+00  3.97635141e-01  1.43129914e-02  3.69230038e-02  3.13497890e+01 
 2.03768622e+15  5.22511258e+35  1.00861000e+01  1.63688874e+00  9.57760000e+00  1.62662400e+00  3.97903435e-01  1.43119674e-02  3.67859609e-02  3.10292324e+01 
 2.04173026e+15  5.25353229e+35  1.00811000e+01  1.63821846e+00  9.57460000e+00  1.62803949e+00  3.98172252e-01  1.41844098e-02  3.66497447e-02  3.07128322e+01 
 2.04577430e+15  5.28202198e+35  1.00761000e+01  1.63954177e+00  9.57060000e+00  1.62935569e+00  3.98441693e-01  1.41844638e-02  3.65144754e-02  3.04006843e+01 
 2.04981834e+15  5.31058144e+35  1.00711000e+01  1.64085862e+00  9.56760000e+00  1.63075712e+00  3.98711728e-01  1.40588574e-02  3.63801368e-02  3.00927189e+01 
 2.05386238e+15  5.33921048e+35  1.00661000e+01  1.64216908e+00  9.56360000e+00  1.63205957e+00  3.98982387e-01  1.40603095e-02  3.62467356e-02  2.97888767e+01 
 2.05790642e+15  5.36793583e+35  1.00611000e+01  1.64347434e+00  9.55960000e+00  1.63335691e+00  3.99253531e-01  1.40616492e-02  3.61140509e-02  2.94888123e+01 
 2.06195046e+15  5.39673158e+35  1.00561000e+01  1.64477325e+00  9.55660000e+00  1.63473885e+00  3.99525294e-01  1.39386052e-02  3.59822873e-02  2.91927426e+01 
 2.06599450e+15  5.42559650e+35  1.00511000e+01  1.64606575e+00  9.55260000e+00  1.63602242e+00  3.99797663e-01  1.39415115e-02  3.58514422e-02  2.89006152e+01 
 2.07003855e+15  5.45453037e+35  1.00461000e+01  1.64735189e+00  9.54960000e+00  1.63739045e+00  4.00070658e-01  1.38203212e-02  3.57215173e-02  2.86123725e+01 
 2.07408259e+15  5.48354769e+35  1.00411000e+01  1.64863230e+00  9.54560000e+00  1.63866105e+00  4.00344201e-01  1.38245817e-02  3.55923932e-02  2.83278107e+01 
 2.07812663e+15  5.51264762e+35  1.00361000e+01  1.64990697e+00  9.54260000e+00  1.64001680e+00  4.00618308e-01  1.37047779e-02  3.54640765e-02  2.80468863e+01 
 2.08217067e+15  5.54181610e+35  1.00311000e+01  1.65117527e+00  9.53860000e+00  1.64127443e+00  4.00893030e-01  1.37103715e-02  3.53366637e-02  2.77696777e+01 
 2.08621471e+15  5.57105292e+35  1.00261000e+01  1.65243726e+00  9.53560000e+00  1.64261627e+00  4.01168381e-01  1.35925281e-02  3.52101550e-02  2.74961305e+01 
 2.09025875e+15  5.60036206e+35  1.00211000e+01  1.65369309e+00  9.53160000e+00  1.64386044e+00  4.01444327e-01  1.35996143e-02  3.50845095e-02  2.72261488e+01 
 2.09430279e+15  5.62976425e+35  1.00171000e+01  1.65494368e+00  9.52860000e+00  1.64519001e+00  4.01640572e-01  1.34831978e-02  3.49421250e-02  2.69594883e+01 
 2.09834683e+15  5.65923436e+35  1.00121000e+01  1.65618795e+00  9.52460000e+00  1.64642189e+00  4.01917558e-01  1.34913997e-02  3.48181329e-02  2.66963354e+01 
 2.10239087e+15  5.68877217e+35  1.00071000e+01  1.65742595e+00  9.52160000e+00  1.64773757e+00  4.02195182e-01  1.33770812e-02  3.46950304e-02  2.64366352e+01 
 2.10643491e+15  5.71837748e+35  1.00021000e+01  1.65865765e+00  9.51760000e+00  1.64895585e+00  4.02473412e-01  1.33868247e-02  3.45728015e-02  2.61803311e+01 
 2.11047895e+15  5.74807547e+35  9.99710000e+00  1.65988415e+00  9.51460000e+00  1.65025902e+00  4.02752176e-01  1.32741381e-02  3.44512762e-02  2.59271621e+01 
 2.11452299e+15  5.77784523e+35  9.99210000e+00  1.66110455e+00  9.51160000e+00  1.65155607e+00  4.03031524e-01  1.31616215e-02  3.43305841e-02  2.56772548e+01 
 2.11856703e+15  5.80768205e+35  9.98810000e+00  1.66231875e+00  9.50760000e+00  1.65275489e+00  4.03230747e-01  1.31742290e-02  3.41936391e-02  2.54305996e+01 
 2.12261108e+15  5.83758572e+35  9.98310000e+00  1.66352667e+00  9.50460000e+00  1.65403824e+00  4.03511245e-01  1.30636248e-02  3.40747270e-02  2.51871504e+01 
 2.12665512e+15  5.86757512e+35  9.97810000e+00  1.66472917e+00  9.50060000e+00  1.65522449e+00  4.03792311e-01  1.30775951e-02  3.39565516e-02  2.49467093e+01 
 2.13069916e+15  5.89764252e+35  9.97310000e+00  1.66592589e+00  9.49760000e+00  1.65649568e+00  4.04073930e-01  1.29685433e-02  3.38391451e-02  2.47092885e+01 
 2.13474320e+15  5.92777632e+35  9.96810000e+00  1.66711644e+00  9.49360000e+00  1.65766911e+00  4.04356192e-01  1.29837940e-02  3.37225943e-02  2.44749387e+01 
 2.13878724e+15  5.95797632e+35  9.96410000e+00  1.66830079e+00  9.49060000e+00  1.65892649e+00  4.04557825e-01  1.28768987e-02  3.35900156e-02  2.42436046e+01 
 2.14283128e+15  5.98825690e+35  9.95910000e+00  1.66947955e+00  9.48660000e+00  1.66008736e+00  4.04841164e-01  1.28932916e-02  3.34750989e-02  2.40151442e+01 
 2.14687532e+15  6.01861989e+35  9.95410000e+00  1.67065279e+00  9.48360000e+00  1.66133249e+00  4.05125061e-01  1.27882385e-02  3.33609112e-02  2.37894980e+01 
 2.15091936e+15  6.04904862e+35  9.94910000e+00  1.67181988e+00  9.47960000e+00  1.66248092e+00  4.05409570e-01  1.28057650e-02  3.32475513e-02  2.35667451e+01 
 2.15496340e+15  6.07954287e+35  9.94510000e+00  1.67298086e+00  9.47660000e+00  1.66371226e+00  4.05613112e-01  1.27029716e-02  3.31183609e-02  2.33468410e+01 
 2.15900744e+15  6.11011438e+35  9.94010000e+00  1.67413614e+00  9.47360000e+00  1.66493800e+00  4.05898709e-01  1.26002164e-02  3.30066184e-02  2.31296638e+01 
 2.16305148e+15  6.14077086e+35  9.93510000e+00  1.67528610e+00  9.46960000e+00  1.66606737e+00  4.06184870e-01  1.26205705e-02  3.28955761e-02  2.29151214e+01 
 2.16709552e+15  6.17149241e+35  9.93110000e+00  1.67642994e+00  9.46660000e+00  1.66728046e+00  4.06389756e-01  1.25196173e-02  3.27688307e-02  2.27033034e+01 
 2.17113956e+15  6.20227881e+35  9.92610000e+00  1.67756772e+00  9.46260000e+00  1.66839678e+00  4.06677043e-01  1.25412348e-02  3.26594524e-02  2.24941821e+01 
 2.17518360e+15  6.23314098e+35  9.92110000e+00  1.67869985e+00  9.45960000e+00  1.66959668e+00  4.06964905e-01  1.24425636e-02  3.25508090e-02  2.22876380e+01 
 2.17922765e+15  6.26408883e+35  9.91710000e+00  1.67982668e+00  9.45560000e+00  1.67070155e+00  4.07171138e-01  1.24648801e-02  3.24264695e-02  2.20835623e+01 
 2.18327169e+15  6.29510107e+35  9.91210000e+00  1.68094752e+00  9.45260000e+00  1.67188871e+00  4.07460063e-01  1.23683834e-02  3.23193402e-02  2.18820730e+01 
 2.18731573e+15  6.32617746e+35  9.90710000e+00  1.68206230e+00  9.44960000e+00  1.67306990e+00  4.07749576e-01  1.22718689e-02  3.22129915e-02  2.16831204e+01 
 2.19135977e+15  6.35733000e+35  9.90310000e+00  1.68317154e+00  9.44560000e+00  1.67415514e+00  4.07957243e-01  1.22971026e-02  3.20911441e-02  2.14865907e+01 
 2.19540381e+15  6.38856706e+35  9.89810000e+00  1.68427552e+00  9.44260000e+00  1.67532416e+00  4.08247768e-01  1.22026437e-02  3.19862141e-02  2.12924055e+01 
 2.19944785e+15  6.41986780e+35  9.89310000e+00  1.68537350e+00  9.43860000e+00  1.67639752e+00  4.08538894e-01  1.22288490e-02  3.18820563e-02  2.11006531e+01 
 2.20349189e+15  6.45123202e+35  9.88910000e+00  1.68646556e+00  9.43560000e+00  1.67755302e+00  4.08747950e-01  1.21366938e-02  3.17626058e-02  2.09112970e+01 
 2.20753593e+15  6.48267460e+35  9.88410000e+00  1.68755216e+00  9.43260000e+00  1.67870313e+00  4.09040141e-01  1.20446308e-02  3.16599430e-02  2.07242170e+01 
 2.21157997e+15  6.51419867e+35  9.88010000e+00  1.68863348e+00  9.42860000e+00  1.67975817e+00  4.09249997e-01  1.20731546e-02  3.15419639e-02  2.05393566e+01 
 2.21562401e+15  6.54578572e+35  9.87510000e+00  1.68970890e+00  9.42560000e+00  1.68089545e+00  4.09543251e-01  1.19834823e-02  3.14407647e-02  2.03568011e+01 
 2.21966805e+15  6.57743555e+35  9.87110000e+00  1.69077839e+00  9.42260000e+00  1.68202669e+00  4.09754037e-01  1.18940247e-02  3.13244336e-02  2.01765041e+01 
 2.22371209e+15  6.60916782e+35  9.86610000e+00  1.69184269e+00  9.41860000e+00  1.68306292e+00  4.10048322e-01  1.19251502e-02  3.12246641e-02  1.99983343e+01 
 2.22775613e+15  6.64097667e+35  9.86210000e+00  1.69290160e+00  9.41560000e+00  1.68418221e+00  4.10259925e-01  1.18377055e-02  3.11097761e-02  1.98222844e+01 
 2.23180018e+15  6.67284780e+35  9.85710000e+00  1.69395463e+00  9.41160000e+00  1.68520644e+00  4.10555253e-01  1.18698698e-02  3.10114502e-02  1.96484095e+01 
 2.23584422e+15  6.70478099e+35  9.85210000e+00  1.69500185e+00  9.40860000e+00  1.68631265e+00  4.10851201e-01  1.17845298e-02  3.09138645e-02  1.94766766e+01 
 2.23988826e+15  6.73680260e+35  9.84810000e+00  1.69604411e+00  9.40560000e+00  1.68741365e+00  4.11064128e-01  1.16995738e-02  3.08012118e-02  1.93069076e+01 
 2.24393230e+15  6.76889397e+35  9.84310000e+00  1.69708081e+00  9.40160000e+00  1.68842008e+00  4.11361034e-01  1.17338289e-02  3.06835391e-02  1.91258481e+01 
 2.24797634e+15  6.80104691e+35  9.83910000e+00  1.69811175e+00  9.39860000e+00  1.68950829e+00  4.11574861e-01  1.16510241e-02  3.05938189e-02  1.89735068e+01 
