# rhoc (cgs) 	 Pc (cgs) 	 R (km) 	 M (msol) 	 R_core (km) 	 M_core (msol) 	 I/(MR^2) 	 I_crust/(M_crust R_crust^2)/(I/(MR^2)) 	 k_2 	 Lambda 
 2.30000000e+14  1.56816779e+33  7.59681000e+01  8.06392368e-02  4.07960000e+00  2.65236941e-02  4.31676155e-03  9.15168428e-01  1.43189583e-04  1.00903000e+10 
 2.30629501e+14  1.57935388e+33  7.37611000e+01  8.08709160e-02  4.09460000e+00  2.68557355e-02  4.50077110e-03  9.12245987e-01  1.42380635e-04  8.53482102e+09 
 2.31259002e+14  1.59055492e+33  7.16881000e+01  8.11049541e-02  4.10960000e+00  2.71901717e-02  4.68960476e-03  9.09351881e-01  1.41802870e-04  7.26527132e+09 
 2.31888503e+14  1.60190314e+33  6.97151000e+01  8.13440193e-02  4.12460000e+00  2.75280884e-02  4.88543227e-03  9.06466434e-01  1.41442057e-04  6.21087916e+09 
 2.32518004e+14  1.61325135e+33  6.78581000e+01  8.15849089e-02  4.13960000e+00  2.78682943e-02  5.08578338e-03  9.03606136e-01  1.41306841e-04  5.34184005e+09 
 2.33147504e+14  1.62466239e+33  6.60991000e+01  8.18288353e-02  4.15360000e+00  2.81946634e-02  5.29146871e-03  9.00863418e-01  1.41378711e-04  4.61740829e+09 
 2.33777005e+14  1.63617490e+33  6.44251000e+01  8.20765588e-02  4.16860000e+00  2.85406919e-02  5.50315893e-03  8.98028897e-01  1.41657573e-04  4.00855629e+09 
 2.34406506e+14  1.64768742e+33  6.28431000e+01  8.23258003e-02  4.18360000e+00  2.88890191e-02  5.71905768e-03  8.95211928e-01  1.42148022e-04  3.49878613e+09 
 2.35036007e+14  1.65931187e+33  6.13321000e+01  8.25789117e-02  4.19760000e+00  2.92235834e-02  5.94110881e-03  8.92508563e-01  1.42849119e-04  3.06576841e+09 
 2.35665508e+14  1.67099093e+33  5.98951000e+01  8.28345710e-02  4.21160000e+00  2.95606901e-02  6.16806566e-03  8.89817699e-01  1.43753031e-04  2.69825956e+09 
 2.36295009e+14  1.68266998e+33  5.85331000e+01  8.30915128e-02  4.22660000e+00  2.99170906e-02  6.39877441e-03  8.87028264e-01  1.44856028e-04  2.38632313e+09 
 2.36924510e+14  1.69451138e+33  5.72221000e+01  8.33532423e-02  4.24060000e+00  3.02598451e-02  6.63659087e-03  8.84350036e-01  1.46187173e-04  2.11682092e+09 
 2.37554011e+14  1.70635929e+33  5.59771000e+01  8.36162827e-02  4.25460000e+00  3.06047409e-02  6.87800281e-03  8.81683605e-01  1.47714926e-04  1.88621179e+09 
 2.38183512e+14  1.71824965e+33  5.47881000e+01  8.38813460e-02  4.26860000e+00  3.09520870e-02  7.12408770e-03  8.79024036e-01  1.49468999e-04  1.68742216e+09 
 2.38813013e+14  1.73026708e+33  5.36451000e+01  8.41502930e-02  4.28260000e+00  3.13026205e-02  7.37615706e-03  8.76363195e-01  1.51446722e-04  1.51425980e+09 
 2.39442513e+14  1.74228451e+33  5.25561000e+01  8.44202257e-02  4.29660000e+00  3.16552516e-02  7.63172816e-03  8.73709911e-01  1.53644339e-04  1.36448275e+09 
 2.40072014e+14  1.75454358e+33  5.14971000e+01  8.46965443e-02  4.31160000e+00  3.20300097e-02  7.89590871e-03  8.70917864e-01  1.56113688e-04  1.23195480e+09 
 2.40701515e+14  1.76700939e+33  5.04701000e+01  8.49785154e-02  4.32560000e+00  3.23909122e-02  8.16808598e-03  8.68242048e-01  1.58863758e-04  1.11485488e+09 
 2.41331016e+14  1.77947521e+33  4.94911000e+01  8.52614293e-02  4.33960000e+00  3.27539615e-02  8.44335030e-03  8.65571194e-01  1.61841256e-04  1.01281497e+09 
 2.41960517e+14  1.79194102e+33  4.85551000e+01  8.55452183e-02  4.35360000e+00  3.31191490e-02  8.72222006e-03  8.62903839e-01  1.65079593e-04  9.23543462e+08 
 2.42590018e+14  1.80440684e+33  4.76611000e+01  8.58298184e-02  4.36760000e+00  3.34864668e-02  9.00394335e-03  8.60238629e-01  1.68553584e-04  8.45153728e+08 
 2.43219519e+14  1.81687265e+33  4.68051000e+01  8.61151688e-02  4.38060000e+00  3.38373989e-02  9.28891900e-03  8.57711717e-01  1.72290840e-04  7.76065127e+08 
 2.43849020e+14  1.82933847e+33  4.59851000e+01  8.64012113e-02  4.39460000e+00  3.42088389e-02  9.57691070e-03  8.55049112e-01  1.76289894e-04  7.14960942e+08 
 2.44478521e+14  1.84180428e+33  4.52001000e+01  8.66878911e-02  4.40760000e+00  3.45636502e-02  9.86730266e-03  8.52526385e-01  1.80532744e-04  6.60737796e+08 
 2.45108022e+14  1.85427009e+33  4.44461000e+01  8.69751383e-02  4.42160000e+00  3.49391954e-02  1.01608326e-02  8.49861882e-01  1.85061792e-04  6.12460097e+08 
 2.45737522e+14  1.86673591e+33  4.37231000e+01  8.72629169e-02  4.43460000e+00  3.52978731e-02  1.04565683e-02  8.47339053e-01  1.89844708e-04  5.69341677e+08 
 2.46367023e+14  1.87920172e+33  4.30281000e+01  8.75512018e-02  4.44760000e+00  3.56584016e-02  1.07549936e-02  8.44815934e-01  1.94911764e-04  5.30709324e+08 
 2.46996524e+14  1.89166754e+33  4.23611000e+01  8.78399061e-02  4.46060000e+00  3.60207994e-02  1.10551986e-02  8.42291364e-01  2.00232467e-04  4.95997752e+08 
 2.47626025e+14  1.90413335e+33  4.17181000e+01  8.81290066e-02  4.47360000e+00  3.63850490e-02  1.13583807e-02  8.39764711e-01  2.05868374e-04  4.64714522e+08 
 2.48255526e+14  1.91659917e+33  4.11001000e+01  8.84184486e-02  4.48560000e+00  3.67317470e-02  1.16631869e-02  8.37387199e-01  2.11768641e-04  4.36445449e+08 
 2.48885027e+14  1.92993404e+33  4.04631000e+01  8.87285242e-02  4.49960000e+00  3.71271593e-02  1.19921146e-02  8.34664681e-01  2.18427594e-04  4.09124373e+08 
 2.49514528e+14  1.94329083e+33  3.98491000e+01  8.90396606e-02  4.51260000e+00  3.75053241e-02  1.23242012e-02  8.32091664e-01  2.25449480e-04  3.84408272e+08 
 2.50144029e+14  1.95664761e+33  3.92591000e+01  8.93512591e-02  4.52560000e+00  3.78854619e-02  1.26580095e-02  8.29515982e-01  2.32794691e-04  3.62026003e+08 
 2.50773530e+14  1.97000440e+33  3.86901000e+01  8.96633060e-02  4.53860000e+00  3.82675457e-02  1.29945511e-02  8.26937229e-01  2.40519206e-04  3.41698965e+08 
 2.51403030e+14  1.98336119e+33  3.81421000e+01  8.99757604e-02  4.55160000e+00  3.86515665e-02  1.33329891e-02  8.24354798e-01  2.48595732e-04  3.23189633e+08 
 2.52032531e+14  1.99671797e+33  3.76131000e+01  9.02885863e-02  4.56460000e+00  3.90375136e-02  1.36738746e-02  8.21768153e-01  2.57059974e-04  3.06290986e+08 
 2.52662032e+14  2.01007476e+33  3.71031000e+01  9.06017360e-02  4.57760000e+00  3.94253849e-02  1.40164067e-02  8.19176674e-01  2.65885380e-04  2.90824657e+08 
 2.53291533e+14  2.02343155e+33  3.66111000e+01  9.09151826e-02  4.59060000e+00  3.98151662e-02  1.43605122e-02  8.16579950e-01  2.75078002e-04  2.76634317e+08 
 2.53921034e+14  2.03678833e+33  3.61351000e+01  9.12288876e-02  4.60260000e+00  4.01864219e-02  1.47069881e-02  8.14145226e-01  2.84685408e-04  2.63583363e+08 
 2.54550535e+14  2.05014512e+33  3.56751000e+01  9.15427712e-02  4.61460000e+00  4.05593819e-02  1.50551185e-02  8.11707157e-01  2.94684019e-04  2.51553684e+08 
 2.55180036e+14  2.06350191e+33  3.52301000e+01  9.18568911e-02  4.62760000e+00  4.09546310e-02  1.54050376e-02  8.09095246e-01  3.05089079e-04  2.40439440e+08 
 2.55809537e+14  2.07685869e+33  3.48001000e+01  9.21711219e-02  4.63960000e+00  4.13310346e-02  1.57560129e-02  8.06648423e-01  3.15874618e-04  2.30150116e+08 
 2.56439038e+14  2.09021548e+33  3.43841000e+01  9.24854793e-02  4.65160000e+00  4.17090965e-02  1.61082295e-02  8.04197406e-01  3.27057715e-04  2.20603970e+08 
 2.57068539e+14  2.10397339e+33  3.39691000e+01  9.28094325e-02  4.66360000e+00  4.20926653e-02  1.64726851e-02  8.01731631e-01  3.39019070e-04  2.11471636e+08 
 2.57698039e+14  2.11832962e+33  3.35501000e+01  9.31477207e-02  4.67660000e+00  4.25048684e-02  1.68545544e-02  7.99069033e-01  3.51974899e-04  2.02622657e+08 
 2.58327540e+14  2.13268585e+33  3.31441000e+01  9.34862977e-02  4.68960000e+00  4.29190723e-02  1.72386427e-02  7.96399871e-01  3.65457601e-04  1.94400209e+08 
 2.58957041e+14  2.14704208e+33  3.27521000e+01  9.38250721e-02  4.70160000e+00  4.33139834e-02  1.76231618e-02  7.93903777e-01  3.79384468e-04  1.86745072e+08 
 2.59586542e+14  2.16139831e+33  3.23721000e+01  9.41641261e-02  4.71460000e+00  4.37320402e-02  1.80095091e-02  7.91222151e-01  3.93838351e-04  1.79602902e+08 
 2.60216043e+14  2.17575454e+33  3.20031000e+01  9.45033098e-02  4.72660000e+00  4.41305603e-02  1.83981255e-02  7.88716099e-01  4.08855781e-04  1.72927343e+08 
 2.60845544e+14  2.19011078e+33  3.16461000e+01  9.48427151e-02  4.73860000e+00  4.45307729e-02  1.87872432e-02  7.86206052e-01  4.24349278e-04  1.66675949e+08 
 2.61475045e+14  2.20446701e+33  3.13001000e+01  9.51821868e-02  4.75060000e+00  4.49327536e-02  1.91772932e-02  7.83690378e-01  4.40351932e-04  1.60812025e+08 
 2.62104546e+14  2.21882324e+33  3.09641000e+01  9.55217581e-02  4.76260000e+00  4.53364530e-02  1.95688664e-02  7.81169464e-01  4.56906303e-04  1.55301732e+08 
 2.62734047e+14  2.23317947e+33  3.06381000e+01  9.58614014e-02  4.77460000e+00  4.57418627e-02  1.99613539e-02  7.78643047e-01  4.73986777e-04  1.50115274e+08 
 2.63363547e+14  2.24753570e+33  3.03221000e+01  9.62010898e-02  4.78660000e+00  4.61489747e-02  2.03541128e-02  7.76110885e-01  4.91563271e-04  1.45225949e+08 
 2.63993048e+14  2.26189193e+33  3.00151000e+01  9.65407975e-02  4.79860000e+00  4.65577809e-02  2.07478489e-02  7.73572743e-01  5.09685317e-04  1.40609630e+08 
 2.64622549e+14  2.27624816e+33  2.97161000e+01  9.68804991e-02  4.80960000e+00  4.69459627e-02  2.11433968e-02  7.71222472e-01  5.28413343e-04  1.36244624e+08 
 2.65252050e+14  2.29060439e+33  2.94261000e+01  9.72200944e-02  4.82160000e+00  4.73580793e-02  2.15387744e-02  7.68672300e-01  5.47633539e-04  1.32111845e+08 
 2.65881551e+14  2.30585777e+33  2.91261000e+01  9.75810226e-02  4.83360000e+00  4.77808609e-02  2.19606150e-02  7.66104148e-01  5.68722085e-04  1.27953842e+08 
 2.66511052e+14  2.32131301e+33  2.88311000e+01  9.79468266e-02  4.84560000e+00  4.82075251e-02  2.23885817e-02  7.63527146e-01  5.90716569e-04  1.23965759e+08 
 2.67140553e+14  2.33676825e+33  2.85451000e+01  9.83127524e-02  4.85760000e+00  4.86360046e-02  2.28164739e-02  7.60944536e-01  6.13308342e-04  1.20186537e+08 
 2.67770054e+14  2.35222348e+33  2.82661000e+01  9.86787865e-02  4.86960000e+00  4.90662770e-02  2.32468715e-02  7.58356305e-01  6.36679414e-04  1.16600293e+08 
 2.68399555e+14  2.36767872e+33  2.79961000e+01  9.90449013e-02  4.88160000e+00  4.94983312e-02  2.36759233e-02  7.55762271e-01  6.60577711e-04  1.13192945e+08 
 2.69029056e+14  2.38313396e+33  2.77331000e+01  9.94110702e-02  4.89360000e+00  4.99321563e-02  2.41063287e-02  7.53162262e-01  6.85195208e-04  1.09951470e+08 
 2.69658556e+14  2.39858920e+33  2.74771000e+01  9.97772670e-02  4.90560000e+00  5.03677419e-02  2.45375629e-02  7.50556107e-01  7.10505198e-04  1.06864164e+08 
 2.70288057e+14  2.41404443e+33  2.72271000e+01  1.00143466e-01  4.91660000e+00  5.07817655e-02  2.49709098e-02  7.48150612e-01  7.36611176e-04  1.03920330e+08 
 2.70917558e+14  2.42949967e+33  2.69851000e+01  1.00509552e-01  4.92860000e+00  5.12208004e-02  2.54021410e-02  7.45531948e-01  7.63211090e-04  1.01110564e+08 
 2.71547059e+14  2.44495491e+33  2.67491000e+01  1.00875682e-01  4.93960000e+00  5.16379704e-02  2.58344370e-02  7.43117459e-01  7.90543507e-04  9.84254961e+07 
 2.72176560e+14  2.46041015e+33  2.65191000e+01  1.01241647e-01  4.95060000e+00  5.20567173e-02  2.62672539e-02  7.40697682e-01  8.18576802e-04  9.58574144e+07 
 2.72806061e+14  2.47586538e+33  2.62951000e+01  1.01607614e-01  4.96260000e+00  5.25006381e-02  2.67001615e-02  7.38062605e-01  8.47283616e-04  9.33985312e+07 
 2.73435562e+14  2.49132062e+33  2.60761000e+01  1.01973370e-01  4.97360000e+00  5.29224850e-02  2.71346500e-02  7.35632839e-01  8.76790452e-04  9.10423650e+07 
 2.74065063e+14  2.51014644e+33  2.58181000e+01  1.02418839e-01  4.98660000e+00  5.34288501e-02  2.76612007e-02  7.32752514e-01  9.13429867e-04  8.83010219e+07 
 2.74694564e+14  2.54002047e+33  2.54211000e+01  1.03129480e-01  5.00760000e+00  5.42472367e-02  2.85044483e-02  7.28090607e-01  9.74248570e-04  8.41968263e+07 
 2.75324065e+14  2.55921326e+33  2.51751000e+01  1.03587913e-01  5.02160000e+00  5.47890842e-02  2.90480104e-02  7.24975499e-01  1.01483348e-03  8.17097286e+07 
 2.75953565e+14  2.57840604e+33  2.49361000e+01  1.04046962e-01  5.03460000e+00  5.53091070e-02  2.95923474e-02  7.22073133e-01  1.05657614e-03  7.93349961e+07 
 2.76583066e+14  2.59759883e+33  2.47031000e+01  1.04506561e-01  5.04760000e+00  5.58314946e-02  3.01391152e-02  7.19165522e-01  1.09964146e-03  7.70653182e+07 
 2.77212567e+14  2.61679162e+33  2.44771000e+01  1.04966715e-01  5.06160000e+00  5.63808978e-02  3.06852178e-02  7.16029661e-01  1.14376479e-03  7.48939755e+07 
 2.77842068e+14  2.63598440e+33  2.42571000e+01  1.05427279e-01  5.07460000e+00  5.69081016e-02  3.12323434e-02  7.13109587e-01  1.18911221e-03  7.28149605e+07 
 2.78471569e+14  2.65551694e+33  2.40401000e+01  1.05896444e-01  5.08760000e+00  5.74412908e-02  3.17875855e-02  7.10183976e-01  1.23627994e-03  7.07880041e+07 
 2.79101070e+14  2.67524418e+33  2.38261000e+01  1.06370916e-01  5.10060000e+00  5.79788505e-02  3.23510538e-02  7.07255014e-01  1.28538403e-03  6.88258503e+07 
 2.79730571e+14  2.69497142e+33  2.36181000e+01  1.06845765e-01  5.11360000e+00  5.85188544e-02  3.29143192e-02  7.04319519e-01  1.33569397e-03  6.69442924e+07 
 2.80360072e+14  2.71469867e+33  2.34161000e+01  1.07321068e-01  5.12660000e+00  5.90611920e-02  3.34766776e-02  7.01378987e-01  1.38714442e-03  6.51385306e+07 
 2.80989573e+14  2.73442591e+33  2.32191000e+01  1.07796782e-01  5.13960000e+00  5.96058453e-02  3.40402750e-02  6.98433316e-01  1.43996528e-03  6.34042436e+07 
 2.81619073e+14  2.75425652e+33  2.30261000e+01  1.08275359e-01  5.15260000e+00  6.01539335e-02  3.46074889e-02  6.95482702e-01  1.49439808e-03  6.17288890e+07 
 2.82248574e+14  2.77452616e+33  2.28341000e+01  1.08764981e-01  5.16560000e+00  6.07091275e-02  3.51871271e-02  6.92529328e-01  1.55134171e-03  6.00827634e+07 
 2.82878075e+14  2.79479580e+33  2.26471000e+01  1.09255026e-01  5.17860000e+00  6.12666724e-02  3.57669519e-02  6.89571165e-01  1.60964954e-03  5.84999617e+07 
 2.83507576e+14  2.81506544e+33  2.24651000e+01  1.09745406e-01  5.19160000e+00  6.18265877e-02  3.63462747e-02  6.86607447e-01  1.66925298e-03  5.69771299e+07 
 2.84137077e+14  2.83533508e+33  2.22881000e+01  1.10236083e-01  5.20460000e+00  6.23888563e-02  3.69244023e-02  6.83638064e-01  1.73007644e-03  5.55111258e+07 
 2.84766578e+14  2.85560472e+33  2.21151000e+01  1.10727030e-01  5.21760000e+00  6.29534527e-02  3.75040130e-02  6.80663069e-01  1.79243992e-03  5.40990041e+07 
 2.85396079e+14  2.87628335e+33  2.19431000e+01  1.11228241e-01  5.22960000e+00  6.34984648e-02  3.80950859e-02  6.77928300e-01  1.85745338e-03  5.27109523e+07 
 2.86025580e+14  2.89710334e+33  2.17751000e+01  1.11733223e-01  5.24260000e+00  6.40736451e-02  3.86871678e-02  6.74949677e-01  1.92399061e-03  5.13641953e+07 
 2.86655081e+14  2.91792332e+33  2.16101000e+01  1.12238527e-01  5.25560000e+00  6.46511517e-02  3.92833579e-02  6.71966436e-01  1.99250331e-03  5.00658422e+07 
 2.87284582e+14  2.93874331e+33  2.14501000e+01  1.12744114e-01  5.26860000e+00  6.52309668e-02  3.98759035e-02  6.68978483e-01  2.06202918e-03  4.88135505e+07 
 2.87914082e+14  2.95956329e+33  2.12941000e+01  1.13249897e-01  5.28060000e+00  6.57862242e-02  4.04677457e-02  6.66231512e-01  2.13293707e-03  4.76051329e+07 
 2.88543583e+14  2.98054707e+33  2.11411000e+01  1.13759815e-01  5.29360000e+00  6.63724215e-02  4.10622117e-02  6.63235145e-01  2.20562706e-03  4.64294967e+07 
 2.89173084e+14  3.00192536e+33  2.09881000e+01  1.14279649e-01  5.30560000e+00  6.69381720e-02  4.16710268e-02  6.60488343e-01  2.28166011e-03  4.52731238e+07 
 2.89802585e+14  3.02330365e+33  2.08391000e+01  1.14799744e-01  5.31860000e+00  6.75332690e-02  4.22782076e-02  6.57489382e-01  2.35904705e-03  4.41565553e+07 
 2.90432086e+14  3.04468194e+33  2.06941000e+01  1.15319908e-01  5.33160000e+00  6.81308098e-02  4.28830063e-02  6.54483514e-01  2.43767765e-03  4.30780401e+07 
 2.91061587e+14  3.06606023e+33  2.05521000e+01  1.15840411e-01  5.34360000e+00  6.87029697e-02  4.34891506e-02  6.51728059e-01  2.51808055e-03  4.20357286e+07 
 2.91691088e+14  3.08743852e+33  2.04141000e+01  1.16360907e-01  5.35560000e+00  6.92772903e-02  4.40917060e-02  6.48967783e-01  2.59954796e-03  4.10281483e+07 
 2.92320589e+14  3.10929316e+33  2.02761000e+01  1.16893275e-01  5.36860000e+00  6.98867568e-02  4.47080687e-02  6.45958565e-01  2.68452276e-03  4.00322457e+07 
 2.92950090e+14  3.13123771e+33  2.01411000e+01  1.17427903e-01  5.38060000e+00  7.04717701e-02  4.53247404e-02  6.43200295e-01  2.77117987e-03  3.90654197e+07 
 2.93579590e+14  3.15318227e+33  2.00091000e+01  1.17962779e-01  5.39260000e+00  7.10587565e-02  4.59413166e-02  6.40441346e-01  2.85949444e-03  3.81303192e+07 
 2.94209091e+14  3.17512683e+33  1.98801000e+01  1.18497657e-01  5.40560000e+00  7.16760704e-02  4.65571761e-02  6.37419970e-01  2.94937573e-03  3.72256669e+07 
 2.94838592e+14  3.19707139e+33  1.97541000e+01  1.19032724e-01  5.41760000e+00  7.22672657e-02  4.71719451e-02  6.34655068e-01  3.04076547e-03  3.63501054e+07 
 2.95468093e+14  3.21923795e+33  1.96301000e+01  1.19573223e-01  5.42960000e+00  7.28630759e-02  4.77900867e-02  6.31890608e-01  3.13432469e-03  3.54940241e+07 
 2.96097594e+14  3.24175674e+33  1.95061000e+01  1.20122328e-01  5.44160000e+00  7.34650971e-02  4.84214043e-02  6.29128120e-01  3.23168197e-03  3.46521764e+07 
 2.96727095e+14  3.26427554e+33  1.93861000e+01  1.20671660e-01  5.45460000e+00  7.40977451e-02  4.90457959e-02  6.26103039e-01  3.32965701e-03  3.38371433e+07 
 2.97356596e+14  3.28679434e+33  1.92681000e+01  1.21220996e-01  5.46660000e+00  7.47039325e-02  4.96726037e-02  6.23336322e-01  3.42980996e-03  3.30478845e+07 
 2.97986097e+14  3.30931313e+33  1.91531000e+01  1.21770317e-01  5.47860000e+00  7.53121895e-02  5.02962940e-02  6.20566556e-01  3.53119870e-03  3.22833603e+07 
 2.98615598e+14  3.33183193e+33  1.90411000e+01  1.22319643e-01  5.49060000e+00  7.59224516e-02  5.09163089e-02  6.17794495e-01  3.63370416e-03  3.15425716e+07 
 2.99245099e+14  3.35489192e+33  1.89281000e+01  1.22882140e-01  5.50260000e+00  7.65410964e-02  5.15544743e-02  6.15029425e-01  3.74108414e-03  3.08075482e+07 
 2.99874599e+14  3.37799293e+33  1.88181000e+01  1.23445725e-01  5.51460000e+00  7.71622384e-02  5.21886657e-02  6.12263783e-01  3.84958771e-03  3.00940883e+07 
 3.00504100e+14  3.40109394e+33  1.87101000e+01  1.24009337e-01  5.52660000e+00  7.77854062e-02  5.28238357e-02  6.09496302e-01  3.96012799e-03  2.94026321e+07 
 3.01133601e+14  3.42419495e+33  1.86051000e+01  1.24572890e-01  5.53860000e+00  7.84106396e-02  5.34538572e-02  6.06725920e-01  4.07155483e-03  2.87323415e+07 
 3.01763102e+14  3.44729597e+33  1.85021000e+01  1.25136348e-01  5.55060000e+00  7.90379234e-02  5.40839224e-02  6.03952525e-01  4.18483309e-03  2.80824027e+07 
 3.02392603e+14  3.47067435e+33  1.84001000e+01  1.25706508e-01  5.56160000e+00  7.96406354e-02  5.47200677e-02  6.01454260e-01  4.30106346e-03  2.74445644e+07 
 3.03022104e+14  3.49436556e+33  1.82991000e+01  1.26284291e-01  5.57360000e+00  8.02787698e-02  5.53623340e-02  5.98690063e-01  4.42030208e-03  2.68177498e+07 
 3.03651605e+14  3.51805677e+33  1.82001000e+01  1.26861996e-01  5.58560000e+00  8.09189873e-02  5.60040025e-02  5.95923111e-01  4.54135476e-03  2.62098767e+07 
 3.04281106e+14  3.54174798e+33  1.81031000e+01  1.27439643e-01  5.59760000e+00  8.15612174e-02  5.66447200e-02  5.93154225e-01  4.66415051e-03  2.56202257e+07 
 3.04910607e+14  3.56543919e+33  1.80091000e+01  1.28017214e-01  5.60960000e+00  8.22054299e-02  5.72777347e-02  5.90383544e-01  4.78727686e-03  2.50481188e+07 
 3.05540108e+14  3.58913510e+33  1.79161000e+01  1.28594772e-01  5.62060000e+00  8.28212179e-02  5.79152512e-02  5.87886893e-01  4.91325481e-03  2.44928027e+07 
 3.06169608e+14  3.61342449e+33  1.78231000e+01  1.29186589e-01  5.63260000e+00  8.34765207e-02  5.85647284e-02  5.85124613e-01  5.04353153e-03  2.39404433e+07 
 3.06799109e+14  3.63771388e+33  1.77321000e+01  1.29778271e-01  5.64460000e+00  8.41339157e-02  5.92120474e-02  5.82359473e-01  5.17534797e-03  2.34044735e+07 
 3.07428610e+14  3.66200327e+33  1.76431000e+01  1.30369884e-01  5.65560000e+00  8.47624326e-02  5.98568465e-02  5.79871869e-01  5.30861009e-03  2.28842816e+07 
 3.08058111e+14  3.68629266e+33  1.75561000e+01  1.30961411e-01  5.66760000e+00  8.54236176e-02  6.04986928e-02  5.77105300e-01  5.44320307e-03  2.23792963e+07 
 3.08687612e+14  3.71058205e+33  1.74711000e+01  1.31552587e-01  5.67860000e+00  8.60558744e-02  6.11369586e-02  5.74613775e-01  5.57896150e-03  2.18890057e+07 
 3.09317113e+14  3.73520071e+33  1.73861000e+01  1.32151705e-01  5.69060000e+00  8.67249152e-02  6.17862966e-02  5.71850688e-01  5.71912598e-03  2.14064702e+07 
 3.09946614e+14  3.76009627e+33  1.73031000e+01  1.32757422e-01  5.70260000e+00  8.73993015e-02  6.24323135e-02  5.69092480e-01  5.86044857e-03  2.09326773e+07 
 3.10576115e+14  3.78499183e+33  1.72201000e+01  1.33362777e-01  5.71360000e+00  8.80444454e-02  6.30884788e-02  5.66611457e-01  6.00620828e-03  2.04726456e+07 
 3.11205616e+14  3.80988739e+33  1.71401000e+01  1.33968150e-01  5.72460000e+00  8.86911112e-02  6.37329783e-02  5.64133750e-01  6.15124971e-03  2.00258380e+07 
 3.11835116e+14  3.83478296e+33  1.70611000e+01  1.34573093e-01  5.73660000e+00  8.93714805e-02  6.43797591e-02  5.61367207e-01  6.29887392e-03  1.95918420e+07 
 3.12464617e+14  3.85972514e+33  1.69841000e+01  1.35179093e-01  5.74760000e+00  9.00223344e-02  6.50214061e-02  5.58887967e-01  6.44725422e-03  1.91693872e+07 
 3.13094118e+14  3.88523486e+33  1.69071000e+01  1.35798463e-01  5.75960000e+00  9.07139988e-02  6.56738821e-02  5.56133563e-01  6.60014929e-03  1.87496633e+07 
 3.13723619e+14  3.91074459e+33  1.68311000e+01  1.36417790e-01  5.77060000e+00  9.13753911e-02  6.63284910e-02  5.53666835e-01  6.75567746e-03  1.83419177e+07 
 3.14353120e+14  3.93625431e+33  1.67571000e+01  1.37036707e-01  5.78160000e+00  9.20387290e-02  6.69767878e-02  5.51196285e-01  6.91168695e-03  1.79457729e+07 
 3.14982621e+14  3.96176404e+33  1.66841000e+01  1.37655380e-01  5.79360000e+00  9.27361472e-02  6.76265115e-02  5.48437318e-01  7.07014280e-03  1.75608097e+07 
 3.15612122e+14  3.98727377e+33  1.66121000e+01  1.38273855e-01  5.80460000e+00  9.34029408e-02  6.82775333e-02  5.45966697e-01  7.23103124e-03  1.71866389e+07 
 3.16241623e+14  4.01316050e+33  1.65411000e+01  1.38901049e-01  5.81560000e+00  9.40761738e-02  6.89304460e-02  5.43503566e-01  7.39437383e-03  1.68176026e+07 
 3.16871124e+14  4.03929239e+33  1.64711000e+01  1.39533853e-01  5.82660000e+00  9.47542387e-02  6.95847977e-02  5.41045199e-01  7.56012149e-03  1.64555439e+07 
 3.17500625e+14  4.06542428e+33  1.64021000e+01  1.40166523e-01  5.83760000e+00  9.54338880e-02  7.02399564e-02  5.38588888e-01  7.72822131e-03  1.61036271e+07 
 3.18130125e+14  4.09155616e+33  1.63351000e+01  1.40798835e-01  5.84860000e+00  9.61153331e-02  7.08868679e-02  5.36130809e-01  7.89616522e-03  1.57615271e+07 
 3.18759626e+14  4.11768805e+33  1.62691000e+01  1.41430728e-01  5.85960000e+00  9.67985974e-02  7.15337399e-02  5.33670253e-01  8.06618737e-03  1.54289170e+07 
 3.19389127e+14  4.14390397e+33  1.62041000e+01  1.42064287e-01  5.87060000e+00  9.74846063e-02  7.21806492e-02  5.31211037e-01  8.23827799e-03  1.51044467e+07 
 3.20018628e+14  4.17066601e+33  1.61391000e+01  1.42710662e-01  5.88260000e+00  9.82124736e-02  7.28376667e-02  5.28472435e-01  8.41514444e-03  1.47823817e+07 
 3.20648129e+14  4.19742805e+33  1.60751000e+01  1.43356735e-01  5.89360000e+00  9.89088317e-02  7.34943568e-02  5.26026142e-01  8.59408218e-03  1.44692424e+07 
 3.21277630e+14  4.22419010e+33  1.60121000e+01  1.44002494e-01  5.90460000e+00  9.96068847e-02  7.41505034e-02  5.23579626e-01  8.77502920e-03  1.41647315e+07 
 3.21907131e+14  4.25095214e+33  1.59511000e+01  1.44647840e-01  5.91560000e+00  1.00306704e-01  7.47964282e-02  5.21131383e-01  8.95508763e-03  1.38685690e+07 
 3.22536632e+14  4.27771418e+33  1.58901000e+01  1.45292746e-01  5.92560000e+00  1.00974410e-01  7.54505329e-02  5.18977155e-01  9.13972740e-03  1.35804800e+07 
 3.23166133e+14  4.30489614e+33  1.58301000e+01  1.45947376e-01  5.93660000e+00  1.01682723e-01  7.61046183e-02  5.16539571e-01  9.32633156e-03  1.32958487e+07 
 3.23795634e+14  4.33229634e+33  1.57711000e+01  1.46606889e-01  5.94760000e+00  1.02395484e-01  7.67578644e-02  5.14107473e-01  9.51473746e-03  1.30167697e+07 
 3.24425134e+14  4.35969654e+33  1.57131000e+01  1.47265978e-01  5.95860000e+00  1.03110026e-01  7.74093523e-02  5.11673662e-01  9.70475350e-03  1.27453020e+07 
 3.25054635e+14  4.38709674e+33  1.56561000e+01  1.47924664e-01  5.96960000e+00  1.03826274e-01  7.80588711e-02  5.09238993e-01  9.89629893e-03  1.24811947e+07 
 3.25684136e+14  4.41449694e+33  1.56001000e+01  1.48582934e-01  5.98060000e+00  1.04544197e-01  7.87061739e-02  5.06803626e-01  1.00892784e-02  1.22242083e+07 
 3.26313637e+14  4.44201339e+33  1.55441000e+01  1.49243525e-01  5.99060000e+00  1.05230646e-01  7.93615531e-02  5.04669675e-01  1.02869501e-02  1.19730674e+07 
 3.26943138e+14  4.47005975e+33  1.54891000e+01  1.49916351e-01  6.00160000e+00  1.05959948e-01  8.00160791e-02  5.02251388e-01  1.04862691e-02  1.17239859e+07 
 3.27572639e+14  4.49810610e+33  1.54351000e+01  1.50588674e-01  6.01260000e+00  1.06691081e-01  8.06678063e-02  4.99830501e-01  1.06868441e-02  1.14816298e+07 
 3.28202140e+14  4.52615246e+33  1.53821000e+01  1.51260511e-01  6.02360000e+00  1.07423978e-01  8.13165003e-02  4.97407729e-01  1.08885714e-02  1.12457808e+07 
 3.28831641e+14  4.55419882e+33  1.53291000e+01  1.51931989e-01  6.03360000e+00  1.08123318e-01  8.19727236e-02  4.95287236e-01  1.10949967e-02  1.10162232e+07 
 3.29461142e+14  4.58224517e+33  1.52781000e+01  1.52602945e-01  6.04460000e+00  1.08859360e-01  8.26148018e-02  4.92864291e-01  1.12987936e-02  1.07927627e+07 
 3.30090642e+14  4.61074879e+33  1.52271000e+01  1.53284180e-01  6.05460000e+00  1.09567624e-01  8.32653991e-02  4.90753792e-01  1.15074016e-02  1.05717036e+07 
 3.30720143e+14  4.63944931e+33  1.51761000e+01  1.53969751e-01  6.06560000e+00  1.10315186e-01  8.39239918e-02  4.88348586e-01  1.17208641e-02  1.03550421e+07 
 3.31349644e+14  4.66814982e+33  1.51271000e+01  1.54654894e-01  6.07660000e+00  1.11064385e-01  8.45676055e-02  4.85943301e-01  1.19312707e-02  1.01441375e+07 
 3.31979145e+14  4.69685033e+33  1.50781000e+01  1.55339307e-01  6.08660000e+00  1.11779842e-01  8.52179334e-02  4.83835839e-01  1.21461919e-02  9.93881921e+06 
 3.32608646e+14  4.72555085e+33  1.50301000e+01  1.56023377e-01  6.09760000e+00  1.12532336e-01  8.58640117e-02  4.81427764e-01  1.23617598e-02  9.73889450e+06 
 3.33238147e+14  4.75439391e+33  1.49831000e+01  1.56710096e-01  6.10760000e+00  1.13252560e-01  8.65056934e-02  4.79323496e-01  1.25777971e-02  9.54325371e+06 
 3.33867648e+14  4.78375658e+33  1.49361000e+01  1.57408787e-01  6.11860000e+00  1.14016681e-01  8.71560248e-02  4.76933366e-01  1.27988329e-02  9.34931841e+06 
 3.34497149e+14  4.81311925e+33  1.48891000e+01  1.58106890e-01  6.12860000e+00  1.14746381e-01  8.78130738e-02  4.74845808e-01  1.30245345e-02  9.16049291e+06 
 3.35126650e+14  4.84248192e+33  1.48441000e+01  1.58804430e-01  6.13960000e+00  1.15513903e-01  8.84531174e-02  4.72451643e-01  1.32460970e-02  8.97661504e+06 
 3.35756151e+14  4.87184459e+33  1.47991000e+01  1.59501365e-01  6.14960000e+00  1.16246685e-01  8.90995510e-02  4.70361350e-01  1.34721826e-02  8.79753169e+06 
 3.36385651e+14  4.90120726e+33  1.47551000e+01  1.60197819e-01  6.15960000e+00  1.16980736e-01  8.97404154e-02  4.68272575e-01  1.36983010e-02  8.62308903e+06 
 3.37015152e+14  4.93105826e+33  1.47111000e+01  1.60905022e-01  6.16960000e+00  1.17722668e-01  9.03891830e-02  4.66194480e-01  1.39292903e-02  8.45035819e+06 
 3.37644653e+14  4.96109109e+33  1.46681000e+01  1.61616183e-01  6.18060000e+00  1.18504904e-01  9.10328352e-02  4.63818790e-01  1.41603535e-02  8.28109093e+06 
 3.38274154e+14  4.99112392e+33  1.46251000e+01  1.62326612e-01  6.19060000e+00  1.19252084e-01  9.16825727e-02  4.61746009e-01  1.43959399e-02  8.11622364e+06 
 3.38903655e+14  5.02115674e+33  1.45831000e+01  1.63036416e-01  6.20060000e+00  1.20000729e-01  9.23259204e-02  4.59671934e-01  1.46311777e-02  7.95561645e+06 
 3.39533156e+14  5.05118957e+33  1.45421000e+01  1.63745710e-01  6.21160000e+00  1.20787837e-01  9.29626992e-02  4.57291079e-01  1.48659295e-02  7.79913474e+06 
 3.40162657e+14  5.08138459e+33  1.45011000e+01  1.64458144e-01  6.22160000e+00  1.21541371e-01  9.36059755e-02  4.55221767e-01  1.51052945e-02  7.64584321e+06 
 3.40792158e+14  5.11209557e+33  1.44611000e+01  1.65181986e-01  6.23160000e+00  1.22303074e-01  9.42440608e-02  4.53165740e-01  1.53443567e-02  7.49394155e+06 
 3.41421659e+14  5.14280655e+33  1.44211000e+01  1.65905294e-01  6.24160000e+00  1.23066110e-01  9.48880471e-02  4.51110434e-01  1.55879407e-02  7.34594789e+06 
 3.42051159e+14  5.17351753e+33  1.43821000e+01  1.66628022e-01  6.25160000e+00  1.23830499e-01  9.55246770e-02  4.49055266e-01  1.58306209e-02  7.20174352e+06 
 3.42680660e+14  5.20422851e+33  1.43431000e+01  1.67350062e-01  6.26160000e+00  1.24596350e-01  9.61669499e-02  4.46998375e-01  1.60777521e-02  7.06121529e+06 
 3.43310161e+14  5.23493949e+33  1.43051000e+01  1.68071362e-01  6.27160000e+00  1.25363691e-01  9.68013489e-02  4.44939080e-01  1.63237001e-02  6.92425232e+06 
 3.43939662e+14  5.26616283e+33  1.42671000e+01  1.68803952e-01  6.28160000e+00  1.26139005e-01  9.74432782e-02  4.42894863e-01  1.65745860e-02  6.78854248e+06 
 3.44569163e+14  5.29755996e+33  1.42301000e+01  1.69539968e-01  6.29260000e+00  1.26956159e-01  9.80777262e-02  4.40544487e-01  1.68242744e-02  6.65555068e+06 
 3.45198664e+14  5.32895709e+33  1.41931000e+01  1.70275326e-01  6.30260000e+00  1.27736669e-01  9.87175964e-02  4.38503628e-01  1.70783826e-02  6.52593629e+06 
 3.45828165e+14  5.36035422e+33  1.41571000e+01  1.71010011e-01  6.31260000e+00  1.28518571e-01  9.93489030e-02  4.36461867e-01  1.73308729e-02  6.39959723e+06 
 3.46457666e+14  5.39175135e+33  1.41211000e+01  1.71743979e-01  6.32160000e+00  1.29263335e-01  9.99854524e-02  4.34730297e-01  1.75877254e-02  6.27643584e+06 
 3.47087167e+14  5.42332290e+33  1.40861000e+01  1.72481289e-01  6.33160000e+00  1.30050130e-01  1.00613726e-01  4.32691962e-01  1.78428822e-02  6.15569754e+06 
 3.47716668e+14  5.45541417e+33  1.40511000e+01  1.73230007e-01  6.34160000e+00  1.30844991e-01  1.01249232e-01  4.30669435e-01  1.81029345e-02  6.03605754e+06 
 3.48346168e+14  5.48750545e+33  1.40171000e+01  1.73978030e-01  6.35160000e+00  1.31641277e-01  1.01875372e-01  4.28645637e-01  1.83608476e-02  5.91943044e+06 
 3.48975669e+14  5.51959672e+33  1.39831000e+01  1.74725332e-01  6.36160000e+00  1.32438976e-01  1.02506468e-01  4.26620456e-01  1.86230268e-02  5.80572670e+06 
 3.49605170e+14  5.55168800e+33  1.39491000e+01  1.75471915e-01  6.37160000e+00  1.33238042e-01  1.03142578e-01  4.24594252e-01  1.88895552e-02  5.69485889e+06 
 3.50234671e+14  5.58377927e+33  1.39161000e+01  1.76217745e-01  6.38160000e+00  1.34038474e-01  1.03768812e-01  4.22566744e-01  1.91536180e-02  5.58674313e+06 
 3.50864172e+14  5.61639911e+33  1.38831000e+01  1.76975050e-01  6.39160000e+00  1.34847084e-01  1.04402080e-01  4.20555029e-01  1.94225758e-02  5.47957971e+06 
 3.51493673e+14  5.64919252e+33  1.38511000e+01  1.77735621e-01  6.40060000e+00  1.35619865e-01  1.05025777e-01  4.18860564e-01  1.96889802e-02  5.37453066e+06 
 3.52123174e+14  5.68198593e+33  1.38191000e+01  1.78495388e-01  6.41060000e+00  1.36433537e-01  1.05654094e-01  4.16850101e-01  1.99595600e-02  5.27209401e+06 
 3.52752675e+14  5.71477934e+33  1.37881000e+01  1.79254358e-01  6.42060000e+00  1.37248644e-01  1.06271675e-01  4.14837492e-01  2.02270604e-02  5.17219218e+06 
 3.53382176e+14  5.74757275e+33  1.37571000e+01  1.80012637e-01  6.43060000e+00  1.38064976e-01  1.06893849e-01  4.12825349e-01  2.04987182e-02  5.07474916e+06 
 3.54011677e+14  5.78054458e+33  1.37261000e+01  1.80774265e-01  6.43960000e+00  1.38844898e-01  1.07521361e-01  4.11132746e-01  2.07748028e-02  4.97918264e+06 
 3.54641177e+14  5.81404811e+33  1.36961000e+01  1.81547242e-01  6.44960000e+00  1.39673121e-01  1.08139821e-01  4.09139425e-01  2.10480813e-02  4.88446731e+06 
 3.55270678e+14  5.84755164e+33  1.36661000e+01  1.82319416e-01  6.45960000e+00  1.40502788e-01  1.08762628e-01  4.07143919e-01  2.13254421e-02  4.79208800e+06 
 3.55900179e+14  5.88105518e+33  1.36361000e+01  1.83090927e-01  6.46860000e+00  1.41293276e-01  1.09389978e-01  4.05464401e-01  2.16070323e-02  4.70197458e+06 
 3.56529680e+14  5.91455871e+33  1.36071000e+01  1.83861571e-01  6.47860000e+00  1.42125452e-01  1.10005537e-01  4.03467467e-01  2.18847760e-02  4.61406310e+06 
 3.57159181e+14  5.94806224e+33  1.35781000e+01  1.84631259e-01  6.48760000e+00  1.42918585e-01  1.10625172e-01  4.01781315e-01  2.21664963e-02  4.52829059e+06 
 3.57788682e+14  5.98210192e+33  1.35501000e+01  1.85412605e-01  6.49760000e+00  1.43760111e-01  1.11235218e-01  3.99800796e-01  2.24448994e-02  4.44326547e+06 
 3.58418183e+14  6.01632356e+33  1.35211000e+01  1.86197147e-01  6.50760000e+00  1.44605647e-01  1.11866480e-01  3.97820986e-01  2.27358146e-02  4.35987378e+06 
 3.59047684e+14  6.05054520e+33  1.34941000e+01  1.86980899e-01  6.51660000e+00  1.45411556e-01  1.12468760e-01  3.96155723e-01  2.30139402e-02  4.27851208e+06 
 3.59677185e+14  6.08476683e+33  1.34661000e+01  1.87763869e-01  6.52660000e+00  1.46259565e-01  1.13091751e-01  3.94174519e-01  2.33045687e-02  4.19912206e+06 
 3.60306685e+14  6.11898847e+33  1.34391000e+01  1.88545859e-01  6.53560000e+00  1.47067928e-01  1.13701814e-01  3.92504786e-01  2.35904719e-02  4.12164837e+06 
 3.60936186e+14  6.15338353e+33  1.34131000e+01  1.89331010e-01  6.54460000e+00  1.47879476e-01  1.14299601e-01  3.90841124e-01  2.38717054e-02  4.04565530e+06 
 3.61565687e+14  6.18833125e+33  1.33861000e+01  1.90127834e-01  6.55460000e+00  1.48740817e-01  1.14920666e-01  3.88876754e-01  2.41664901e-02  3.97030422e+06 
 3.62195188e+14  6.22327897e+33  1.33601000e+01  1.90923903e-01  6.56360000e+00  1.49561821e-01  1.15528517e-01  3.87228791e-01  2.44562385e-02  3.89677262e+06 
 3.62824689e+14  6.25822669e+33  1.33341000e+01  1.91718993e-01  6.57360000e+00  1.50425804e-01  1.16139996e-01  3.85260445e-01  2.47497833e-02  3.82501038e+06 
 3.63454190e+14  6.29317441e+33  1.33081000e+01  1.92513218e-01  6.58260000e+00  1.51249308e-01  1.16755267e-01  3.83607066e-01  2.50472533e-02  3.75496590e+06 
 3.64083691e+14  6.32812212e+33  1.32831000e+01  1.93306631e-01  6.59160000e+00  1.52073745e-01  1.17356755e-01  3.81953956e-01  2.53392034e-02  3.68658960e+06 
 3.64713192e+14  6.36360417e+33  1.32581000e+01  1.94111025e-01  6.60160000e+00  1.52948550e-01  1.17964027e-01  3.79995660e-01  2.56356248e-02  3.61882621e+06 
 3.65342693e+14  6.39928594e+33  1.32341000e+01  1.94919264e-01  6.61060000e+00  1.53784809e-01  1.18558124e-01  3.78363102e-01  2.59265132e-02  3.55230898e+06 
 3.65972194e+14  6.43496771e+33  1.32091000e+01  1.95726531e-01  6.61960000e+00  1.54622319e-01  1.19173562e-01  3.76727038e-01  2.62309024e-02  3.48737984e+06 
 3.66601694e+14  6.47064949e+33  1.31851000e+01  1.96532772e-01  6.62960000e+00  1.55503512e-01  1.19774355e-01  3.74769760e-01  2.65290893e-02  3.42399374e+06 
 3.67231195e+14  6.50633126e+33  1.31621000e+01  1.97338234e-01  6.63860000e+00  1.56343265e-01  1.20360439e-01  3.73130695e-01  2.68208907e-02  3.36210538e+06 
 3.67860696e+14  6.54719928e+33  1.31351000e+01  1.98259671e-01  6.64860000e+00  1.57293444e-01  1.21047690e-01  3.71347518e-01  2.71661629e-02  3.29299970e+06 
 3.68490197e+14  6.60714484e+33  1.30971000e+01  1.99612851e-01  6.66360000e+00  1.58706146e-01  1.22034644e-01  3.68626257e-01  2.76647572e-02  3.19468817e+06 
 3.69119698e+14  6.66709040e+33  1.30591000e+01  2.00969151e-01  6.67960000e+00  1.60167662e-01  1.23032104e-01  3.65594628e-01  2.81739734e-02  3.09981463e+06 
 3.69749199e+14  6.72703597e+33  1.30231000e+01  2.02328245e-01  6.69460000e+00  1.61592236e-01  1.24001973e-01  3.62883690e-01  2.86719642e-02  3.00825835e+06 
 3.70378700e+14  6.78698153e+33  1.29871000e+01  2.03689934e-01  6.70960000e+00  1.63022616e-01  1.24981622e-01  3.60175588e-01  2.91800782e-02  2.91989959e+06 
 3.71008201e+14  6.84692709e+33  1.29521000e+01  2.05054137e-01  6.72460000e+00  1.64458540e-01  1.25951795e-01  3.57471873e-01  2.96871335e-02  2.83462040e+06 
 3.71637702e+14  6.92135034e+33  1.29091000e+01  2.06751967e-01  6.74260000e+00  1.66222248e-01  1.27160939e-01  3.54318011e-01  3.03255292e-02  2.73280312e+06 
 3.72267203e+14  7.00210543e+33  1.28641000e+01  2.08601899e-01  6.76260000e+00  1.68167440e-01  1.28457732e-01  3.50762700e-01  3.10166523e-02  2.62705433e+06 
 3.72896703e+14  7.08286053e+33  1.28211000e+01  2.10459391e-01  6.78260000e+00  1.70124050e-01  1.29731944e-01  3.47220894e-01  3.17016526e-02  2.52601060e+06 
 3.73526204e+14  7.16361563e+33  1.27781000e+01  2.12324201e-01  6.80160000e+00  1.72046916e-01  1.31023371e-01  3.44012774e-01  3.24046315e-02  2.42945794e+06 
 3.74155705e+14  7.24437072e+33  1.27371000e+01  2.14195863e-01  6.82160000e+00  1.74024962e-01  1.32290541e-01  3.40500692e-01  3.31000147e-02  2.33718970e+06 
 3.74785206e+14  7.32586648e+33  1.26971000e+01  2.16091184e-01  6.84060000e+00  1.75978674e-01  1.33556881e-01  3.37342813e-01  3.38012093e-02  2.24821618e+06 
 3.75414707e+14  7.41095339e+33  1.26561000e+01  2.18077311e-01  6.86160000e+00  1.78081828e-01  1.34880249e-01  3.33694482e-01  3.45417065e-02  2.15953002e+06 
 3.76044208e+14  7.49604030e+33  1.26161000e+01  2.20070450e-01  6.88160000e+00  1.80151104e-01  1.36199371e-01  3.30375359e-01  3.52872304e-02  2.07492744e+06 
 3.76673709e+14  7.58112721e+33  1.25771000e+01  2.22070538e-01  6.90160000e+00  1.82230794e-01  1.37513912e-01  3.27074328e-01  3.60374579e-02  1.99420762e+06 
 3.77303210e+14  7.66621412e+33  1.25401000e+01  2.24077036e-01  6.92160000e+00  1.84321048e-01  1.38800812e-01  3.23786578e-01  3.67769957e-02  1.91717993e+06 
 3.77932711e+14  7.75130103e+33  1.25041000e+01  2.26089601e-01  6.94160000e+00  1.86421652e-01  1.40080955e-01  3.20511552e-01  3.75192129e-02  1.84366222e+06 
 3.78562211e+14  7.83927290e+33  1.24671000e+01  2.28176494e-01  6.96260000e+00  1.88619449e-01  1.41415418e-01  3.17034702e-01  3.83014367e-02  1.77115327e+06 
 3.79191712e+14  7.92887549e+33  1.24311000e+01  2.30308813e-01  6.98260000e+00  1.90803804e-01  1.42752905e-01  3.13950287e-01  3.90912106e-02  1.70075797e+06 
 3.79821213e+14  8.01847808e+33  1.23961000e+01  2.32447601e-01  7.00360000e+00  1.93045759e-01  1.44083446e-01  3.10565807e-01  3.98838209e-02  1.63367309e+06 
 3.80450714e+14  8.10808067e+33  1.23631000e+01  2.34592213e-01  7.02460000e+00  1.95298950e-01  1.45382410e-01  3.07190731e-01  4.06618700e-02  1.56972898e+06 
 3.81080215e+14  8.19768326e+33  1.23301000e+01  2.36742622e-01  7.04460000e+00  1.97514661e-01  1.46696148e-01  3.04147133e-01  4.14574052e-02  1.50876369e+06 
 3.81709716e+14  8.28775197e+33  1.22981000e+01  2.38909468e-01  7.06460000e+00  1.99747159e-01  1.48003137e-01  3.01129333e-01  4.22546851e-02  1.45032904e+06 
 3.82339217e+14  8.38205948e+33  1.22661000e+01  2.41184307e-01  7.08560000e+00  2.02097938e-01  1.49350465e-01  2.97967022e-01  4.30818138e-02  1.39203332e+06 
 3.82968718e+14  8.47636699e+33  1.22351000e+01  2.43465030e-01  7.10660000e+00  2.04459719e-01  1.50688055e-01  2.94816601e-01  4.39092658e-02  1.33653156e+06 
 3.83598219e+14  8.57067450e+33  1.22051000e+01  2.45751278e-01  7.12760000e+00  2.06832290e-01  1.52015081e-01  2.91677344e-01  4.47362027e-02  1.28367558e+06 
 3.84227720e+14  8.66498201e+33  1.21751000e+01  2.48042712e-01  7.14860000e+00  2.09215453e-01  1.53355906e-01  2.88548583e-01  4.55804795e-02  1.23332517e+06 
 3.84857220e+14  8.75928952e+33  1.21471000e+01  2.50339002e-01  7.16960000e+00  2.11609019e-01  1.54659585e-01  2.85429598e-01  4.64041590e-02  1.18534764e+06 
 3.85486721e+14  8.85629779e+33  1.21191000e+01  2.52706053e-01  7.19060000e+00  2.14051525e-01  1.55993385e-01  2.82422954e-01  4.72529711e-02  1.13833772e+06 
 3.86116222e+14  8.95550487e+33  1.20911000e+01  2.55131976e-01  7.21160000e+00  2.16536673e-01  1.57354400e-01  2.79505572e-01  4.81258991e-02  1.09257645e+06 
 3.86745723e+14  9.05471196e+33  1.20651000e+01  2.57563084e-01  7.23360000e+00  2.19082674e-01  1.58676307e-01  2.76287212e-01  4.89758455e-02  1.04902749e+06 
 3.87375224e+14  9.15391904e+33  1.20391000e+01  2.59998971e-01  7.25460000e+00  2.21588837e-01  1.60010507e-01  2.73391702e-01  4.98419856e-02  1.00757105e+06 
 3.88004725e+14  9.25312613e+33  1.20141000e+01  2.62439220e-01  7.27560000e+00  2.24105338e-01  1.61329998e-01  2.70503284e-01  5.07033440e-02  9.68093939e+05 
 3.88634226e+14  9.35233321e+33  1.19901000e+01  2.64883575e-01  7.29660000e+00  2.26631856e-01  1.62633981e-01  2.67622641e-01  5.15589617e-02  9.30489379e+05 
 3.89263727e+14  9.45661436e+33  1.19651000e+01  2.67457380e-01  7.31760000e+00  2.29243065e-01  1.64010367e-01  2.64935900e-01  5.24696915e-02  8.92864642e+05 
 3.89893228e+14  9.56092113e+33  1.19421000e+01  2.70036394e-01  7.33960000e+00  2.31917179e-01  1.65343708e-01  2.61946017e-01  5.33526347e-02  8.57069957e+05 
 3.90522728e+14  9.66522790e+33  1.19191000e+01  2.72619720e-01  7.36160000e+00  2.34602061e-01  1.66688144e-01  2.58964712e-01  5.42509683e-02  8.23013300e+05 
 3.91152229e+14  9.76953467e+33  1.18971000e+01  2.75207016e-01  7.38260000e+00  2.37244984e-01  1.68015346e-01  2.56300545e-01  5.51416599e-02  7.90599017e+05 
 3.91781730e+14  9.87384144e+33  1.18761000e+01  2.77797966e-01  7.40360000e+00  2.39897700e-01  1.69324425e-01  2.53642533e-01  5.60236020e-02  7.59737095e+05 
 3.92411231e+14  9.98042925e+33  1.18551000e+01  2.80448887e-01  7.42560000e+00  2.42647724e-01  1.70658779e-01  2.50760512e-01  5.69282017e-02  7.29715130e+05 
 3.93040732e+14  1.00900413e+34  1.18341000e+01  2.83179065e-01  7.44760000e+00  2.45453262e-01  1.72024240e-01  2.47997264e-01  5.78591849e-02  7.00343568e+05 
 3.93670233e+14  1.01996533e+34  1.18151000e+01  2.85912962e-01  7.46860000e+00  2.48215885e-01  1.73341161e-01  2.45545202e-01  5.87553876e-02  6.72409528e+05 
 3.94299734e+14  1.03092654e+34  1.17961000e+01  2.88650241e-01  7.49060000e+00  2.51042711e-01  1.74667053e-01  2.42788478e-01  5.96649405e-02  6.45832944e+05 
 3.94929235e+14  1.04188774e+34  1.17771000e+01  2.91390806e-01  7.51260000e+00  2.53879444e-01  1.76002083e-01  2.40039527e-01  6.05881494e-02  6.20538397e+05 
 3.95558736e+14  1.05284895e+34  1.17601000e+01  2.94133896e-01  7.53360000e+00  2.56672378e-01  1.77285323e-01  2.37593219e-01  6.14723413e-02  5.96455202e+05 
 3.96188237e+14  1.06428224e+34  1.17421000e+01  2.96998252e-01  7.55560000e+00  2.59600646e-01  1.78640428e-01  2.35018026e-01  6.24146383e-02  5.72551086e+05 
 3.96817737e+14  1.07579508e+34  1.17251000e+01  2.99885746e-01  7.57760000e+00  2.62551570e-01  1.79979118e-01  2.32473385e-01  6.33466087e-02  5.49661615e+05 
 3.97447238e+14  1.08730792e+34  1.17091000e+01  3.02776087e-01  7.59960000e+00  2.65513101e-01  1.81294812e-01  2.29929046e-01  6.42637210e-02  5.27890641e+05 
 3.98076739e+14  1.09882076e+34  1.16931000e+01  3.05668949e-01  7.62160000e+00  2.68485058e-01  1.82617836e-01  2.27384457e-01  6.51925866e-02  5.07175531e+05 
 3.98706240e+14  1.11033361e+34  1.16781000e+01  3.08564019e-01  7.64360000e+00  2.71467263e-01  1.83916576e-01  2.24839074e-01  6.61049167e-02  4.87457413e+05 
 3.99335741e+14  1.12200242e+34  1.16631000e+01  3.11500355e-01  7.66560000e+00  2.74483087e-01  1.85233257e-01  2.22349447e-01  6.70349885e-02  4.68432680e+05 
 3.99965242e+14  1.13408856e+34  1.16491000e+01  3.14544248e-01  7.68760000e+00  2.77572356e-01  1.86555078e-01  2.20010017e-01  6.79654273e-02  4.49686203e+05 
 4.00594743e+14  1.14617470e+34  1.16351000e+01  3.17590235e-01  7.70960000e+00  2.80672692e-01  1.87883017e-01  2.17663540e-01  6.89063212e-02  4.31859363e+05 
 4.01224244e+14  1.15826085e+34  1.16221000e+01  3.20638400e-01  7.73160000e+00  2.83782718e-01  1.89184854e-01  2.15318658e-01  6.98280408e-02  4.14900172e+05 
 4.01853745e+14  1.17034699e+34  1.16091000e+01  3.23688210e-01  7.75360000e+00  2.86902882e-01  1.90492267e-01  2.12970102e-01  7.07595186e-02  3.98760018e+05 
 4.02483246e+14  1.18243313e+34  1.15971000e+01  3.26739362e-01  7.77560000e+00  2.90033013e-01  1.91772058e-01  2.10617412e-01  7.16698171e-02  3.83393200e+05 
 4.03112746e+14  1.19492325e+34  1.15851000e+01  3.29893975e-01  7.79760000e+00  2.93234550e-01  1.93086574e-01  2.08404345e-01  7.26074718e-02  3.68278791e+05 
 4.03742247e+14  1.20760491e+34  1.15741000e+01  3.33098472e-01  7.82060000e+00  2.96535242e-01  1.94386497e-01  2.05951880e-01  7.35311416e-02  3.53681738e+05 
 4.04371748e+14  1.22028656e+34  1.15631000e+01  3.36304575e-01  7.84260000e+00  2.99786776e-01  1.95691181e-01  2.03796137e-01  7.44634715e-02  3.39796728e+05 
 4.05001249e+14  1.23296822e+34  1.15521000e+01  3.39511737e-01  7.86460000e+00  3.03048315e-01  1.97000253e-01  2.01633861e-01  7.54041656e-02  3.26583664e+05 
 4.05630750e+14  1.24564987e+34  1.15421000e+01  3.42719611e-01  7.88660000e+00  3.06319823e-01  1.98279182e-01  1.99463711e-01  7.63200498e-02  3.14004887e+05 
 4.06260251e+14  1.25837747e+34  1.15331000e+01  3.45939646e-01  7.90860000e+00  3.09607870e-01  1.99530619e-01  1.97303449e-01  7.72120495e-02  3.01982701e+05 
 4.06889752e+14  1.27167741e+34  1.15231000e+01  3.49305205e-01  7.93160000e+00  3.13054854e-01  2.00862506e-01  1.95035723e-01  7.81714041e-02  2.90026484e+05 
 4.07519253e+14  1.28497734e+34  1.15151000e+01  3.52671509e-01  7.95360000e+00  3.16451655e-01  2.02127905e-01  1.93052533e-01  7.90697430e-02  2.78654075e+05 
 4.08148754e+14  1.29827728e+34  1.15061000e+01  3.56038483e-01  7.97660000e+00  3.19918978e-01  2.03431556e-01  1.90772930e-01  8.00090029e-02  2.67832485e+05 
 4.08778254e+14  1.31157721e+34  1.14981000e+01  3.59405459e-01  7.99860000e+00  3.23335412e-01  2.04702468e-01  1.88773343e-01  8.09195959e-02  2.57530782e+05 
 4.09407755e+14  1.32487715e+34  1.14911000e+01  3.62772342e-01  8.02060000e+00  3.26761169e-01  2.05940002e-01  1.86765152e-01  8.18003885e-02  2.47719917e+05 
 4.10037256e+14  1.33847185e+34  1.14841000e+01  3.66213672e-01  8.04260000e+00  3.30241535e-01  2.07201461e-01  1.84847381e-01  8.27003122e-02  2.38170289e+05 
 4.10666757e+14  1.35241338e+34  1.14771000e+01  3.69742716e-01  8.06560000e+00  3.33848636e-01  2.08490523e-01  1.82740880e-01  8.36217434e-02  2.28849670e+05 
 4.11296258e+14  1.36635491e+34  1.14701000e+01  3.73271658e-01  8.08860000e+00  3.37465845e-01  2.09781550e-01  1.80625825e-01  8.45482722e-02  2.19980435e+05 
 4.11925759e+14  1.38029645e+34  1.14641000e+01  3.76800145e-01  8.11060000e+00  3.41029676e-01  2.11037550e-01  1.78788346e-01  8.54424726e-02  2.11537180e+05 
 4.12555260e+14  1.39423798e+34  1.14581000e+01  3.80327920e-01  8.13260000e+00  3.44602549e-01  2.12294792e-01  1.76940284e-01  8.63407257e-02  2.03496093e+05 
 4.13184761e+14  1.40817951e+34  1.14531000e+01  3.83854577e-01  8.15460000e+00  3.48184723e-01  2.13515741e-01  1.75078792e-01  8.72047092e-02  1.95834842e+05 
 4.13814262e+14  1.42267555e+34  1.14481000e+01  3.87520436e-01  8.17760000e+00  3.51927051e-01  2.14778423e-01  1.73095411e-01  8.80986316e-02  1.88248517e+05 
 4.14443763e+14  1.43728255e+34  1.14431000e+01  3.91213498e-01  8.20060000e+00  3.55696915e-01  2.16049916e-01  1.71134256e-01  8.90010454e-02  1.80972589e+05 
 4.15073263e+14  1.45188955e+34  1.14391000e+01  3.94905391e-01  8.22260000e+00  3.59411606e-01  2.17283873e-01  1.69443364e-01  8.98671689e-02  1.74045745e+05 
 4.15702764e+14  1.46649655e+34  1.14351000e+01  3.98596025e-01  8.24560000e+00  3.63200269e-01  2.18517936e-01  1.67459474e-01  9.07356091e-02  1.67448459e+05 
 4.16332265e+14  1.48110355e+34  1.14311000e+01  4.02284883e-01  8.26760000e+00  3.66932763e-01  2.19751754e-01  1.65743577e-01  9.16059932e-02  1.61162436e+05 
 4.16961766e+14  1.49584533e+34  1.14281000e+01  4.06005605e-01  8.28960000e+00  3.70695659e-01  2.20956391e-01  1.64050874e-01  9.24441929e-02  1.55116512e+05 
 4.17591267e+14  1.51114221e+34  1.14251000e+01  4.09864772e-01  8.31260000e+00  3.74620664e-01  2.22201408e-01  1.62233976e-01  9.33106772e-02  1.49140918e+05 
 4.18220768e+14  1.52643909e+34  1.14221000e+01  4.13722229e-01  8.33560000e+00  3.78554923e-01  2.23445761e-01  1.60404985e-01  9.41783771e-02  1.43451500e+05 
 4.18850269e+14  1.54173597e+34  1.14201000e+01  4.17577406e-01  8.35760000e+00  3.82431881e-01  2.24649720e-01  1.58836685e-01  9.50052695e-02  1.38032276e+05 
 4.19479770e+14  1.55703285e+34  1.14181000e+01  4.21430223e-01  8.38060000e+00  3.86384956e-01  2.25852310e-01  1.56975495e-01  9.58323196e-02  1.32868246e+05 
 4.20109271e+14  1.57232973e+34  1.14161000e+01  4.25280205e-01  8.40260000e+00  3.90279625e-01  2.27053229e-01  1.55373639e-01  9.66591883e-02  1.27945349e+05 
 4.20738771e+14  1.58801636e+34  1.14141000e+01  4.29225574e-01  8.42460000e+00  3.94242937e-01  2.28281296e-01  1.53873918e-01  9.75050765e-02  1.23133443e+05 
 4.21368272e+14  1.60402808e+34  1.14131000e+01  4.33249929e-01  8.44760000e+00  3.98335370e-01  2.29491153e-01  1.52172253e-01  9.83233190e-02  1.18454215e+05 
 4.21997773e+14  1.62003980e+34  1.14121000e+01  4.37271382e-01  8.47060000e+00  4.02437250e-01  2.30698821e-01  1.50452908e-01  9.91405145e-02  1.13996657e+05 
 4.22627274e+14  1.63605152e+34  1.14111000e+01  4.41289776e-01  8.49260000e+00  4.06478235e-01  2.31904349e-01  1.48992773e-01  9.99567008e-02  1.09748482e+05 
 4.23256775e+14  1.65206324e+34  1.14111000e+01  4.45304612e-01  8.51560000e+00  4.10597853e-01  2.33066564e-01  1.47238588e-01  1.00727369e-01  1.05698169e+05 
 4.23886276e+14  1.66807496e+34  1.14111000e+01  4.49315844e-01  8.53760000e+00  4.14655503e-01  2.34226047e-01  1.45742072e-01  1.01496105e-01  1.01834902e+05 
 4.24515777e+14  1.68473994e+34  1.14111000e+01  4.53486849e-01  8.56060000e+00  4.18894785e-01  2.35429794e-01  1.44136439e-01  1.02293932e-01  9.80014095e+04 
 4.25145278e+14  1.70149200e+34  1.14111000e+01  4.57676007e-01  8.58260000e+00  4.23085789e-01  2.36636854e-01  1.42806598e-01  1.03093662e-01  9.43294215e+04 
 4.25774779e+14  1.71824405e+34  1.14121000e+01  4.61861396e-01  8.60560000e+00  4.27355649e-01  2.37799335e-01  1.41189981e-01  1.03845693e-01  9.08293888e+04 
 4.26404280e+14  1.73499611e+34  1.14121000e+01  4.66042341e-01  8.62760000e+00  4.31563360e-01  2.38999932e-01  1.39818698e-01  1.04640168e-01  8.74918852e+04 
 4.27033780e+14  1.75174816e+34  1.14131000e+01  4.70218965e-01  8.64960000e+00  4.35778136e-01  2.40155382e-01  1.38430642e-01  1.05386061e-01  8.43080337e+04 
 4.27663281e+14  1.76865831e+34  1.14151000e+01  4.74430220e-01  8.67260000e+00  4.40097890e-01  2.41276115e-01  1.36797309e-01  1.06089563e-01  8.12414970e+04 
 4.28292782e+14  1.78617673e+34  1.14161000e+01  4.78788219e-01  8.69560000e+00  4.44522057e-01  2.42478393e-01  1.35304859e-01  1.06864252e-01  7.82118160e+04 
 4.28922283e+14  1.80369515e+34  1.14181000e+01  4.83141451e-01  8.71760000e+00  4.48881648e-01  2.43634097e-01  1.34056788e-01  1.07588165e-01  7.53235177e+04 
 4.29551784e+14  1.82121357e+34  1.14201000e+01  4.87489725e-01  8.74060000e+00  4.53322288e-01  2.44785539e-01  1.32523080e-01  1.08307802e-01  7.25688640e+04 
 4.30181285e+14  1.83873199e+34  1.14221000e+01  4.91832679e-01  8.76260000e+00  4.57697215e-01  2.45932564e-01  1.31232562e-01  1.09022976e-01  6.99405906e+04 
 4.30810786e+14  1.85625041e+34  1.14241000e+01  4.96170142e-01  8.78460000e+00  4.62079152e-01  2.47075195e-01  1.29921665e-01  1.09733696e-01  6.74318747e+04 
 4.31440287e+14  1.87417833e+34  1.14271000e+01  5.00603093e-01  8.80760000e+00  4.66607507e-01  2.48198450e-01  1.28429690e-01  1.10410184e-01  6.49815412e+04 
 4.32069788e+14  1.89248966e+34  1.14301000e+01  5.05125299e-01  8.82960000e+00  4.71128666e-01  2.49343557e-01  1.27276470e-01  1.11098886e-01  6.25939889e+04 
 4.32699289e+14  1.91080100e+34  1.14331000e+01  5.09641514e-01  8.85260000e+00  4.75733355e-01  2.50483452e-01  1.25835936e-01  1.11781929e-01  6.03164819e+04 
 4.33328789e+14  1.92911234e+34  1.14361000e+01  5.14151754e-01  8.87460000e+00  4.80269219e-01  2.51618353e-01  1.24637054e-01  1.12459551e-01  5.81430540e+04 
 4.33958290e+14  1.94742368e+34  1.14391000e+01  5.18655455e-01  8.89660000e+00  4.84812737e-01  2.52747923e-01  1.23411956e-01  1.13131359e-01  5.60681103e+04 
 4.34587791e+14  1.96573501e+34  1.14431000e+01  5.23152565e-01  8.91860000e+00  4.89362813e-01  2.53827921e-01  1.22165030e-01  1.13747776e-01  5.40863863e+04 
 4.35217292e+14  1.98471241e+34  1.14471000e+01  5.27806450e-01  8.94160000e+00  4.94100509e-01  2.54947926e-01  1.20799998e-01  1.14387401e-01  5.21255311e+04 
 4.35846793e+14  2.00384373e+34  1.14511000e+01  5.32491224e-01  8.96360000e+00  4.98793176e-01  2.56072511e-01  1.19702789e-01  1.15027059e-01  5.02391357e+04 
 4.36476294e+14  2.02297506e+34  1.14551000e+01  5.37169142e-01  8.98660000e+00  5.03569788e-01  2.57191360e-01  1.18327937e-01  1.15660183e-01  4.84385794e+04 
 4.37105795e+14  2.04210639e+34  1.14591000e+01  5.41839604e-01  9.00860000e+00  5.08276407e-01  2.58304123e-01  1.17181639e-01  1.16286368e-01  4.67192655e+04 
 4.37735296e+14  2.06123772e+34  1.14641000e+01  5.46502648e-01  9.03060000e+00  5.12988949e-01  2.59365760e-01  1.16013336e-01  1.16854883e-01  4.50768667e+04 
 4.38364797e+14  2.08044806e+34  1.14681000e+01  5.51177165e-01  9.05260000e+00  5.17720026e-01  2.60471787e-01  1.14839568e-01  1.17470668e-01  4.35009850e+04 
 4.38994297e+14  2.10042696e+34  1.14731000e+01  5.56030910e-01  9.07560000e+00  5.22656098e-01  2.61577608e-01  1.13566499e-01  1.18060764e-01  4.19356317e+04 
 4.39623798e+14  2.12040586e+34  1.14781000e+01  5.60876527e-01  9.09760000e+00  5.27520595e-01  2.62676653e-01  1.12516841e-01  1.18642911e-01  4.04411847e+04 
 4.40253299e+14  2.14038475e+34  1.14831000e+01  5.65714115e-01  9.11960000e+00  5.32390505e-01  2.63769218e-01  1.11444819e-01  1.19217458e-01  3.90138580e+04 
 4.40882800e+14  2.16036365e+34  1.14881000e+01  5.70543242e-01  9.14160000e+00  5.37266608e-01  2.64855113e-01  1.10346939e-01  1.19784192e-01  3.76500968e+04 
 4.41512301e+14  2.18034255e+34  1.14941000e+01  5.75363672e-01  9.16360000e+00  5.42148744e-01  2.65888034e-01  1.09223531e-01  1.20290745e-01  3.63465558e+04 
 4.42141802e+14  2.20063556e+34  1.14991000e+01  5.80250884e-01  9.18560000e+00  5.47085201e-01  2.66980875e-01  1.08144241e-01  1.20854368e-01  3.50809166e+04 
 4.42771303e+14  2.22149010e+34  1.15051000e+01  5.85264281e-01  9.20860000e+00  5.52197039e-01  2.68056760e-01  1.06910064e-01  1.21379786e-01  3.38381519e+04 
 4.43400804e+14  2.24234465e+34  1.15111000e+01  5.90268701e-01  9.23060000e+00  5.57232452e-01  2.69125489e-01  1.05901492e-01  1.21896676e-01  3.26509334e+04 
 4.44030305e+14  2.26319919e+34  1.15171000e+01  5.95263715e-01  9.25260000e+00  5.62273630e-01  2.70186888e-01  1.04866137e-01  1.22404859e-01  3.15163325e+04 
 4.44659806e+14  2.28405374e+34  1.15231000e+01  6.00249087e-01  9.27460000e+00  5.67320406e-01  2.71240945e-01  1.03804393e-01  1.22904335e-01  3.04315935e+04 
 4.45289306e+14  2.30490828e+34  1.15301000e+01  6.05224586e-01  9.29660000e+00  5.72372622e-01  2.72240405e-01  1.02716595e-01  1.23341598e-01  2.93941233e+04 
 4.45918807e+14  2.32631273e+34  1.15361000e+01  6.10321098e-01  9.31860000e+00  5.77514524e-01  2.73314520e-01  1.01717559e-01  1.23844702e-01  2.83758550e+04 
 4.46548308e+14  2.34807148e+34  1.15431000e+01  6.15491905e-01  9.34060000e+00  5.82716229e-01  2.74356010e-01  1.00764698e-01  1.24298546e-01  2.73864029e+04 
 4.47177809e+14  2.36983024e+34  1.15491000e+01  6.20652330e-01  9.36260000e+00  5.87923242e-01  2.75437244e-01  9.97842975e-02  1.24796919e-01  2.64405816e+04 
 4.47807310e+14  2.39158900e+34  1.15561000e+01  6.25802129e-01  9.38460000e+00  5.93135402e-01  2.76462965e-01  9.87766831e-02  1.25231963e-01  2.55361160e+04 
 4.48436811e+14  2.41334776e+34  1.15631000e+01  6.30941081e-01  9.40660000e+00  5.98352536e-01  2.77480722e-01  9.77423248e-02  1.25657566e-01  2.46708666e+04 
 4.49066312e+14  2.43510651e+34  1.15701000e+01  6.36069031e-01  9.42760000e+00  6.03488400e-01  2.78490565e-01  9.69235501e-02  1.26073816e-01  2.38428182e+04 
 4.49695813e+14  2.45765004e+34  1.15771000e+01  6.41370440e-01  9.44960000e+00  6.08834700e-01  2.79540734e-01  9.59886365e-02  1.26509051e-01  2.30220611e+04 
 4.50325314e+14  2.48034205e+34  1.15851000e+01  6.46695481e-01  9.47160000e+00  6.14208084e-01  2.80543429e-01  9.50560347e-02  1.26885121e-01  2.22320178e+04 
 4.50954815e+14  2.50303406e+34  1.15921000e+01  6.52008885e-01  9.49360000e+00  6.19586136e-01  2.81586160e-01  9.40956000e-02  1.27305986e-01  2.14763379e+04 
 4.51584315e+14  2.52572607e+34  1.16001000e+01  6.57310597e-01  9.51560000e+00  6.24967650e-01  2.82572045e-01  9.31112187e-02  1.27662178e-01  2.07532504e+04 
 4.52213816e+14  2.54841808e+34  1.16071000e+01  6.62600067e-01  9.53660000e+00  6.30266781e-01  2.83598130e-01  9.23334276e-02  1.28063368e-01  2.00610912e+04 
 4.52843317e+14  2.57116432e+34  1.16151000e+01  6.67890034e-01  9.55860000e+00  6.35664616e-01  2.84570348e-01  9.13048628e-02  1.28401581e-01  1.93967381e+04 
 4.53472818e+14  2.59481907e+34  1.16231000e+01  6.73378580e-01  9.58060000e+00  6.41205061e-01  2.85588184e-01  9.04142009e-02  1.28760543e-01  1.87354688e+04 
 4.54102319e+14  2.61847383e+34  1.16311000e+01  6.78854445e-01  9.60160000e+00  6.46660707e-01  2.86597189e-01  8.97299636e-02  1.29109094e-01  1.81028032e+04 
 4.54731820e+14  2.64212858e+34  1.16391000e+01  6.84317405e-01  9.62360000e+00  6.52208889e-01  2.87597381e-01  8.87822426e-02  1.29447306e-01  1.74972769e+04 
 4.55361321e+14  2.66578334e+34  1.16471000e+01  6.89767411e-01  9.64460000e+00  6.57670066e-01  2.88588907e-01  8.80438465e-02  1.29775401e-01  1.69175092e+04 
 4.55990822e+14  2.68943810e+34  1.16551000e+01  6.95203936e-01  9.66660000e+00  6.63225337e-01  2.89571522e-01  8.70409238e-02  1.30093144e-01  1.63622001e+04 
 4.56620323e+14  2.71334479e+34  1.16631000e+01  7.00684876e-01  9.68760000e+00  6.68730296e-01  2.90560116e-01  8.62908119e-02  1.30408933e-01  1.58245731e+04 
 4.57249823e+14  2.73799223e+34  1.16721000e+01  7.06321737e-01  9.70960000e+00  6.74441055e-01  2.91532603e-01  8.54063551e-02  1.30681730e-01  1.52937995e+04 
 4.57879324e+14  2.76263968e+34  1.16801000e+01  7.11944774e-01  9.73060000e+00  6.80062856e-01  2.92545967e-01  8.47273085e-02  1.30999981e-01  1.47856658e+04 
 4.58508825e+14  2.78728712e+34  1.16891000e+01  7.17553467e-01  9.75260000e+00  6.85779885e-01  2.93499928e-01  8.37860187e-02  1.31251439e-01  1.42990270e+04 
 4.59138326e+14  2.81193457e+34  1.16981000e+01  7.23147928e-01  9.77360000e+00  6.91406829e-01  2.94444726e-01  8.30496424e-02  1.31554192e-01  1.38392957e+04 
 4.59767827e+14  2.83658201e+34  1.17061000e+01  7.28727811e-01  9.79460000e+00  6.97035934e-01  2.95430742e-01  8.22849572e-02  1.31779322e-01  1.33859771e+04 
 4.60397328e+14  2.86167203e+34  1.17151000e+01  7.34392896e-01  9.81560000e+00  7.02732804e-01  2.96381974e-01  8.15650896e-02  1.32012609e-01  1.29500504e+04 
 4.61026829e+14  2.88734253e+34  1.17241000e+01  7.40173882e-01  9.83760000e+00  7.08612349e-01  2.97356135e-01  8.06809663e-02  1.32252110e-01  1.25227519e+04 
 4.61656330e+14  2.91301304e+34  1.17331000e+01  7.45939729e-01  9.85860000e+00  7.14399734e-01  2.98320862e-01  7.99982253e-02  1.32480932e-01  1.21134241e+04 
 4.62285831e+14  2.93868354e+34  1.17421000e+01  7.51690007e-01  9.87960000e+00  7.20189386e-01  2.99276010e-01  7.92848240e-02  1.32698982e-01  1.17211699e+04 
 4.62915332e+14  2.96435404e+34  1.17511000e+01  7.57424694e-01  9.90060000e+00  7.25980029e-01  3.00221738e-01  7.85445507e-02  1.32906512e-01  1.13451424e+04 
 4.63544832e+14  2.99002454e+34  1.17601000e+01  7.63143598e-01  9.92160000e+00  7.31771643e-01  3.01158064e-01  7.77775149e-02  1.33103614e-01  1.09845425e+04 
 4.64174333e+14  3.01631898e+34  1.17701000e+01  7.68985083e-01  9.94260000e+00  7.37656924e-01  3.02067317e-01  7.70772100e-02  1.33313145e-01  1.06353684e+04 
 4.64803834e+14  3.04304332e+34  1.17791000e+01  7.74905629e-01  9.96360000e+00  7.43607481e-01  3.03041253e-01  7.64116425e-02  1.33454777e-01  1.02853475e+04 
 4.65433335e+14  3.06976766e+34  1.17891000e+01  7.80809687e-01  9.98460000e+00  7.49558178e-01  3.03953972e-01  7.57195255e-02  1.33654450e-01  9.95930643e+03 
 4.66062836e+14  3.09649200e+34  1.17981000e+01  7.86696948e-01  1.00056000e+01  7.55509846e-01  3.04908451e-01  7.49986711e-02  1.33774516e-01  9.63750919e+03 
 4.66692337e+14  3.12321634e+34  1.18071000e+01  7.92567350e-01  1.00266000e+01  7.61461494e-01  3.05853356e-01  7.42518630e-02  1.33946915e-01  9.33332557e+03 
 4.67321838e+14  3.14994068e+34  1.18171000e+01  7.98420549e-01  1.00466000e+01  7.67316990e-01  3.06736662e-01  7.36961441e-02  1.34052090e-01  9.04144806e+03 
 4.67951339e+14  3.17745865e+34  1.18271000e+01  8.04429862e-01  1.00676000e+01  7.73385653e-01  3.07651527e-01  7.30061234e-02  1.34229622e-01  8.75723834e+03 
 4.68580840e+14  3.20526799e+34  1.18361000e+01  8.10485122e-01  1.00886000e+01  7.79497114e-01  3.08623614e-01  7.23292751e-02  1.34334130e-01  8.47369136e+03 
 4.69210340e+14  3.23307734e+34  1.18461000e+01  8.16522425e-01  1.01096000e+01  7.85608918e-01  3.09533526e-01  7.16235083e-02  1.34434261e-01  8.20568296e+03 
 4.69839841e+14  3.26088668e+34  1.18561000e+01  8.22541747e-01  1.01306000e+01  7.91719860e-01  3.10433456e-01  7.08921321e-02  1.34523921e-01  7.94854103e+03 
 4.70469342e+14  3.28869603e+34  1.18661000e+01  8.28542679e-01  1.01506000e+01  7.97732364e-01  3.11323270e-01  7.03476421e-02  1.34666380e-01  7.70536409e+03 
 4.71098843e+14  3.31650537e+34  1.18761000e+01  8.34525325e-01  1.01706000e+01  8.03742949e-01  3.12203198e-01  6.97772346e-02  1.34735362e-01  7.46829730e+03 
 4.71728344e+14  3.34526383e+34  1.18861000e+01  8.40692996e-01  1.01916000e+01  8.09990087e-01  3.13120765e-01  6.90885513e-02  1.34815390e-01  7.23298567e+03 
 4.72357845e+14  3.37418972e+34  1.18961000e+01  8.46877506e-01  1.02126000e+01  8.16260906e-01  3.14036453e-01  6.83938871e-02  1.34888531e-01  7.00589213e+03 
 4.72987346e+14  3.40311561e+34  1.19061000e+01  8.53042877e-01  1.02326000e+01  8.22429044e-01  3.14941984e-01  6.78884321e-02  1.34951252e-01  6.78794979e+03 
 4.73616847e+14  3.43204150e+34  1.19161000e+01  8.59188715e-01  1.02526000e+01  8.28596509e-01  3.15837241e-01  6.73519643e-02  1.35003518e-01  6.57871906e+03 
 4.74246348e+14  3.46096738e+34  1.19261000e+01  8.65315018e-01  1.02736000e+01  8.34863953e-01  3.16722376e-01  6.65743007e-02  1.35045591e-01  6.37778416e+03 
 4.74875849e+14  3.48989327e+34  1.19361000e+01  8.71421665e-01  1.02936000e+01  8.41027870e-01  3.17597452e-01  6.59836067e-02  1.35077631e-01  6.18475204e+03 
 4.75505349e+14  3.51990682e+34  1.19461000e+01  8.77737574e-01  1.03136000e+01  8.47343939e-01  3.18515068e-01  6.55035692e-02  1.35058185e-01  5.98958273e+03 
 4.76134850e+14  3.54998113e+34  1.19571000e+01  8.84045670e-01  1.03336000e+01  8.53667814e-01  3.19371661e-01  6.49988126e-02  1.35100132e-01  5.80737609e+03 
 4.76764351e+14  3.58005545e+34  1.19671000e+01  8.90333287e-01  1.03546000e+01  8.60091841e-01  3.20271312e-01  6.42569662e-02  1.35124849e-01  5.62969862e+03 
 4.77393852e+14  3.61012977e+34  1.19771000e+01  8.96600147e-01  1.03746000e+01  8.66410586e-01  3.21160650e-01  6.36981305e-02  1.35075807e-01  5.45645149e+03 
 4.78023353e+14  3.64020408e+34  1.19871000e+01  9.02846123e-01  1.03936000e+01  8.72622728e-01  3.22039736e-01  6.33210260e-02  1.35080444e-01  5.29252371e+03 
 4.78652854e+14  3.67030410e+34  1.19981000e+01  9.09076496e-01  1.04136000e+01  8.78939223e-01  3.22856051e-01  6.27105943e-02  1.35083174e-01  5.13724024e+03 
 4.79282355e+14  3.70155906e+34  1.20081000e+01  9.15524080e-01  1.04336000e+01  8.85415476e-01  3.23769542e-01  6.22076216e-02  1.35026192e-01  4.97747423e+03 
 4.79911856e+14  3.73281402e+34  1.20191000e+01  9.21949909e-01  1.04536000e+01  8.91888265e-01  3.24618522e-01  6.16771828e-02  1.35030221e-01  4.82861381e+03 
 4.80541357e+14  3.76406897e+34  1.20291000e+01  9.28353784e-01  1.04736000e+01  8.98358124e-01  3.25510971e-01  6.11183306e-02  1.34953255e-01  4.68112092e+03 
 4.81170858e+14  3.79532393e+34  1.20401000e+01  9.34735628e-01  1.04936000e+01  9.04824555e-01  3.26338828e-01  6.05323940e-02  1.34937731e-01  4.54368558e+03 
 4.81800358e+14  3.82657889e+34  1.20501000e+01  9.41095345e-01  1.05136000e+01  9.11287294e-01  3.27210513e-01  5.99202397e-02  1.34841514e-01  4.40734580e+03 
 4.82429859e+14  3.85792278e+34  1.20611000e+01  9.47450736e-01  1.05326000e+01  9.17652502e-01  3.28021473e-01  5.94955472e-02  1.34808547e-01  4.27993536e+03 
 4.83059360e+14  3.89039089e+34  1.20711000e+01  9.54011070e-01  1.05526000e+01  9.24275293e-01  3.28926725e-01  5.89634235e-02  1.34713248e-01  4.14902313e+03 
 4.83688861e+14  3.92285899e+34  1.20821000e+01  9.60548260e-01  1.05726000e+01  9.30894146e-01  3.29766791e-01  5.84035854e-02  1.34616025e-01  4.02514310e+03 
 4.84318362e+14  3.95532710e+34  1.20931000e+01  9.67062104e-01  1.05916000e+01  9.37401558e-01  3.30596092e-01  5.80186245e-02  1.34572800e-01  3.90788758e+03 
 4.84947863e+14  3.98779521e+34  1.21031000e+01  9.73552706e-01  1.06116000e+01  9.44011647e-01  3.31469614e-01  5.74047326e-02  1.34449008e-01  3.79150599e+03 
 4.85577364e+14  4.02026331e+34  1.21141000e+01  9.80019731e-01  1.06306000e+01  9.50509683e-01  3.32277800e-01  5.69647525e-02  1.34387329e-01  3.68305646e+03 
 4.86206865e+14  4.05285711e+34  1.21251000e+01  9.86488189e-01  1.06496000e+01  9.57019133e-01  3.33080946e-01  5.65121321e-02  1.34255181e-01  3.57656918e+03 
 4.86836366e+14  4.08657115e+34  1.21351000e+01  9.93154674e-01  1.06696000e+01  9.63784342e-01  3.33976722e-01  5.59482831e-02  1.34122228e-01  3.46897749e+03 
 4.87465866e+14  4.12028519e+34  1.21461000e+01  9.99796521e-01  1.06886000e+01  9.70436100e-01  3.34806606e-01  5.55552252e-02  1.33987999e-01  3.36713428e+03 
 4.88095367e+14  4.15399923e+34  1.21571000e+01  1.00641391e+00  1.07076000e+01  9.77081090e-01  3.35625812e-01  5.51368200e-02  1.33908095e-01  3.27070967e+03 
 4.88724868e+14  4.18771327e+34  1.21681000e+01  1.01300663e+00  1.07266000e+01  9.83720545e-01  3.36434327e-01  5.46907820e-02  1.33756105e-01  3.17639430e+03 
 4.89354369e+14  4.22142731e+34  1.21781000e+01  1.01957460e+00  1.07456000e+01  9.90354376e-01  3.37287623e-01  5.42176462e-02  1.33587241e-01  3.08415366e+03 
 4.89983870e+14  4.25527388e+34  1.21891000e+01  1.02614344e+00  1.07646000e+01  9.97000099e-01  3.38080544e-01  5.37308986e-02  1.33482895e-01  2.99786341e+03 
 4.90613371e+14  4.29026688e+34  1.22001000e+01  1.03290913e+00  1.07836000e+01  1.00379207e+00  3.38910143e-01  5.33297067e-02  1.33321459e-01  2.91054826e+03 
 4.91242872e+14  4.32525989e+34  1.22111000e+01  1.03964902e+00  1.08026000e+01  1.01057783e+00  3.39728863e-01  5.29006453e-02  1.33151315e-01  2.82653291e+03 
 4.91872373e+14  4.36025289e+34  1.22221000e+01  1.04636301e+00  1.08216000e+01  1.01735730e+00  3.40536788e-01  5.24442319e-02  1.32972661e-01  2.74566789e+03 
 4.92501874e+14  4.39524589e+34  1.22321000e+01  1.05305105e+00  1.08406000e+01  1.02413038e+00  3.41389814e-01  5.19609761e-02  1.32777179e-01  2.66655042e+03 
 4.93131375e+14  4.43023890e+34  1.22431000e+01  1.05971308e+00  1.08586000e+01  1.03078317e+00  3.42176462e-01  5.16477638e-02  1.32582023e-01  2.59160332e+03 
 4.93760875e+14  4.46533776e+34  1.22541000e+01  1.06636924e+00  1.08776000e+01  1.03755533e+00  3.42956833e-01  5.11241214e-02  1.32442809e-01  2.52037885e+03 
 4.94390376e+14  4.50164298e+34  1.22651000e+01  1.07322708e+00  1.08966000e+01  1.04447926e+00  3.43774231e-01  5.06824198e-02  1.32246098e-01  2.44820960e+03 
 4.95019877e+14  4.53794820e+34  1.22761000e+01  1.08005782e+00  1.09156000e+01  1.05139610e+00  3.44580733e-01  5.02136812e-02  1.32041190e-01  2.37872845e+03 
 4.95649378e+14  4.57425341e+34  1.22871000e+01  1.08686153e+00  1.09336000e+01  1.05818909e+00  3.45376506e-01  4.99152742e-02  1.31828364e-01  2.31181523e+03 
 4.96278879e+14  4.61055863e+34  1.22981000e+01  1.09363790e+00  1.09526000e+01  1.06509113e+00  3.46161468e-01  4.93934256e-02  1.31607649e-01  2.24735592e+03 
 4.96908380e+14  4.64686385e+34  1.23081000e+01  1.10038714e+00  1.09706000e+01  1.07186838e+00  3.46992251e-01  4.90418697e-02  1.31370559e-01  2.18420790e+03 
 4.97537881e+14  4.68321095e+34  1.23191000e+01  1.10711685e+00  1.09886000e+01  1.07864281e+00  3.47757749e-01  4.86678149e-02  1.31197340e-01  2.12530374e+03 
 4.98167382e+14  4.72086182e+34  1.23301000e+01  1.11405959e+00  1.10066000e+01  1.08557690e+00  3.48562024e-01  4.83767703e-02  1.30966742e-01  2.06547666e+03 
 4.98796883e+14  4.75851269e+34  1.23411000e+01  1.12097408e+00  1.10256000e+01  1.09261823e+00  3.49355477e-01  4.78692029e-02  1.30728561e-01  2.00784583e+03 
 4.99426384e+14  4.79616355e+34  1.23521000e+01  1.12786016e+00  1.10436000e+01  1.09953381e+00  3.50138119e-01  4.75272324e-02  1.30482918e-01  1.95231437e+03 
 5.00055884e+14  4.83381442e+34  1.23631000e+01  1.13471773e+00  1.10616000e+01  1.10644116e+00  3.50909996e-01  4.71578279e-02  1.30229965e-01  1.89879028e+03 
 5.00685385e+14  4.87146528e+34  1.23731000e+01  1.14154696e+00  1.10796000e+01  1.11333829e+00  3.51728158e-01  4.67650477e-02  1.29960894e-01  1.84631062e+03 
 5.01314886e+14  4.90911615e+34  1.23841000e+01  1.14834765e+00  1.10976000e+01  1.12022706e+00  3.52478939e-01  4.63457905e-02  1.29755461e-01  1.79741905e+03 
 5.01944387e+14  4.94808291e+34  1.23951000e+01  1.15535657e+00  1.11156000e+01  1.12727153e+00  3.53266989e-01  4.60066436e-02  1.29492127e-01  1.74775974e+03 
 5.02573888e+14  4.98711302e+34  1.24061000e+01  1.16234729e+00  1.11336000e+01  1.13431433e+00  3.54046458e-01  4.56462323e-02  1.29222207e-01  1.69981786e+03 
 5.03203389e+14  5.02614313e+34  1.24171000e+01  1.16930837e+00  1.11516000e+01  1.14134747e+00  3.54815126e-01  4.52599541e-02  1.28945378e-01  1.65359732e+03 
 5.03832890e+14  5.06517325e+34  1.24281000e+01  1.17623981e+00  1.11686000e+01  1.14825046e+00  3.55573083e-01  4.50362660e-02  1.28661830e-01  1.60902364e+03 
 5.04462391e+14  5.10420336e+34  1.24381000e+01  1.18314160e+00  1.11866000e+01  1.15526378e+00  3.56377718e-01  4.45991359e-02  1.28362395e-01  1.56528273e+03 
 5.05091892e+14  5.14323347e+34  1.24491000e+01  1.19001386e+00  1.12036000e+01  1.16214465e+00  3.57114648e-01  4.43271184e-02  1.28126818e-01  1.52453745e+03 
 5.05721392e+14  5.18346254e+34  1.24601000e+01  1.19706651e+00  1.12216000e+01  1.16928484e+00  3.57882722e-01  4.39303984e-02  1.27832010e-01  1.48328374e+03 
 5.06350893e+14  5.22390562e+34  1.24711000e+01  1.20412600e+00  1.12396000e+01  1.17644011e+00  3.58647442e-01  4.35255498e-02  1.27532172e-01  1.44328560e+03 
 5.06980394e+14  5.26434869e+34  1.24821000e+01  1.21115466e+00  1.12566000e+01  1.18346255e+00  3.59401385e-01  4.32813289e-02  1.27225992e-01  1.40470294e+03 
 5.07609895e+14  5.30479177e+34  1.24921000e+01  1.21815257e+00  1.12746000e+01  1.19059565e+00  3.60202349e-01  4.28276785e-02  1.26904147e-01  1.36682535e+03 
 5.08239396e+14  5.34523485e+34  1.25031000e+01  1.22511955e+00  1.12916000e+01  1.19759656e+00  3.60935038e-01  4.25321514e-02  1.26645984e-01  1.33154539e+03 
 5.08868897e+14  5.38567793e+34  1.25141000e+01  1.23205587e+00  1.13086000e+01  1.20458463e+00  3.61657286e-01  4.22145367e-02  1.26321726e-01  1.29685830e+03 
 5.09498398e+14  5.42715339e+34  1.25241000e+01  1.23913760e+00  1.13256000e+01  1.21168503e+00  3.62461358e-01  4.19447425e-02  1.25987848e-01  1.26192047e+03 
 5.10127899e+14  5.46904324e+34  1.25351000e+01  1.24625824e+00  1.13436000e+01  1.21894731e+00  3.63210646e-01  4.14951344e-02  1.25659984e-01  1.22846893e+03 
 5.10757400e+14  5.51093310e+34  1.25461000e+01  1.25334682e+00  1.13606000e+01  1.22607477e+00  3.63949141e-01  4.12025174e-02  1.25386001e-01  1.19675389e+03 
 5.11386901e+14  5.55282296e+34  1.25571000e+01  1.26040351e+00  1.13776000e+01  1.23318922e+00  3.64677026e-01  4.08867163e-02  1.25046634e-01  1.16557208e+03 
 5.12016401e+14  5.59471281e+34  1.25671000e+01  1.26742840e+00  1.13936000e+01  1.24016473e+00  3.65452581e-01  4.07312512e-02  1.24692117e-01  1.13492083e+03 
 5.12645902e+14  5.63660267e+34  1.25781000e+01  1.27442130e+00  1.14106000e+01  1.24725430e+00  3.66159505e-01  4.03674224e-02  1.24401346e-01  1.10637809e+03 
 5.13275403e+14  5.67930417e+34  1.25891000e+01  1.28151711e+00  1.14276000e+01  1.25442675e+00  3.66881911e-01  4.00331358e-02  1.24049664e-01  1.07774334e+03 
 5.13904904e+14  5.72267468e+34  1.25991000e+01  1.28869115e+00  1.14446000e+01  1.26166484e+00  3.67673328e-01  3.97181725e-02  1.23744782e-01  1.04966004e+03 
 5.14534405e+14  5.76604519e+34  1.26101000e+01  1.29583210e+00  1.14616000e+01  1.26889000e+00  3.68395746e-01  3.93790070e-02  1.23385422e-01  1.02254214e+03 
 5.15163906e+14  5.80941569e+34  1.26211000e+01  1.30294013e+00  1.14776000e+01  1.27597354e+00  3.69107628e-01  3.91984235e-02  1.23021104e-01  9.96349580e+02 
 5.15793407e+14  5.85278620e+34  1.26311000e+01  1.31001504e+00  1.14946000e+01  1.28317246e+00  3.69867498e-01  3.88117578e-02  1.22700448e-01  9.71044182e+02 
 5.16422908e+14  5.89615670e+34  1.26411000e+01  1.31705712e+00  1.15106000e+01  1.29022898e+00  3.70617143e-01  3.85837229e-02  1.22316382e-01  9.46137559e+02 
 5.17052409e+14  5.94005927e+34  1.26521000e+01  1.32415207e+00  1.15276000e+01  1.29746243e+00  3.71314036e-01  3.81836478e-02  1.21997844e-01  9.22665547e+02 
 5.17681909e+14  5.98494432e+34  1.26631000e+01  1.33137192e+00  1.15436000e+01  1.30466473e+00  3.72030391e-01  3.80006623e-02  1.21619692e-01  8.99032722e+02 
 5.18311410e+14  6.02982937e+34  1.26731000e+01  1.33855749e+00  1.15606000e+01  1.31198304e+00  3.72794874e-01  3.76133881e-02  1.21284715e-01  8.76200730e+02 
 5.18940911e+14  6.07471442e+34  1.26841000e+01  1.34570910e+00  1.15766000e+01  1.31915677e+00  3.73490102e-01  3.73829521e-02  1.20897305e-01  8.54136631e+02 
 5.19570412e+14  6.11959947e+34  1.26941000e+01  1.35282666e+00  1.15926000e+01  1.32631601e+00  3.74233836e-01  3.71292456e-02  1.20553087e-01  8.32809219e+02 
 5.20199913e+14  6.16448452e+34  1.27041000e+01  1.35991027e+00  1.16086000e+01  1.33346077e+00  3.74967331e-01  3.68526891e-02  1.20146860e-01  8.11800017e+02 
 5.20829414e+14  6.20955834e+34  1.27151000e+01  1.36698958e+00  1.16246000e+01  1.34061214e+00  3.75637080e-01  3.65643554e-02  1.19804670e-01  7.92163833e+02 
 5.21458915e+14  6.25599182e+34  1.27251000e+01  1.37424741e+00  1.16406000e+01  1.34790046e+00  3.76395224e-01  3.63302282e-02  1.19451402e-01  7.72219950e+02 
 5.22088416e+14  6.30242529e+34  1.27361000e+01  1.38147006e+00  1.16566000e+01  1.35517354e+00  3.77083686e-01  3.60728120e-02  1.19046954e-01  7.52942106e+02 
 5.22717917e+14  6.34885877e+34  1.27461000e+01  1.38865761e+00  1.16726000e+01  1.36243138e+00  3.77820952e-01  3.57925733e-02  1.18685171e-01  7.34303427e+02 
 5.23347418e+14  6.39529225e+34  1.27561000e+01  1.39581014e+00  1.16886000e+01  1.36967397e+00  3.78547951e-01  3.54899239e-02  1.18319275e-01  7.16278157e+02 
 5.23976918e+14  6.44172572e+34  1.27661000e+01  1.40292774e+00  1.17036000e+01  1.37676913e+00  3.79264770e-01  3.53395179e-02  1.17892851e-01  6.98506647e+02 
 5.24606419e+14  6.48815920e+34  1.27771000e+01  1.41001062e+00  1.17196000e+01  1.38397939e+00  3.79912070e-01  3.49950457e-02  1.17529773e-01  6.81970877e+02 
 5.25235920e+14  6.53595170e+34  1.27871000e+01  1.41726478e+00  1.17346000e+01  1.39119070e+00  3.80646481e-01  3.48720104e-02  1.17154943e-01  6.65172564e+02 
 5.25865421e+14  6.58396743e+34  1.27971000e+01  1.42451676e+00  1.17506000e+01  1.39854298e+00  3.81376742e-01  3.45643909e-02  1.16776640e-01  6.48850078e+02 
 5.26494922e+14  6.63198316e+34  1.28071000e+01  1.43173279e+00  1.17666000e+01  1.40587765e+00  3.82096770e-01  3.42371081e-02  1.16338747e-01  6.32756924e+02 
 5.27124423e+14  6.67999890e+34  1.28181000e+01  1.43891276e+00  1.17816000e+01  1.41306380e+00  3.82746804e-01  3.40584989e-02  1.15963792e-01  6.17784117e+02 
 5.27753924e+14  6.72801463e+34  1.28281000e+01  1.44605698e+00  1.17966000e+01  1.42023196e+00  3.83446448e-01  3.38598733e-02  1.15574965e-01  6.02999294e+02 
 5.28383425e+14  6.77603036e+34  1.28381000e+01  1.45316546e+00  1.18116000e+01  1.42738337e+00  3.84136072e-01  3.36398633e-02  1.15182840e-01  5.88687208e+02 
 5.29012926e+14  6.82495300e+34  1.28481000e+01  1.46037173e+00  1.18276000e+01  1.43474925e+00  3.84839858e-01  3.32717969e-02  1.14788505e-01  5.74571710e+02 
 5.29642427e+14  6.87458473e+34  1.28581000e+01  1.46764550e+00  1.18426000e+01  1.44203925e+00  3.85552238e-01  3.30867571e-02  1.14391608e-01  5.60713103e+02 
 5.30271927e+14  6.92421647e+34  1.28681000e+01  1.47488234e+00  1.18576000e+01  1.44931139e+00  3.86254414e-01  3.28804417e-02  1.13991518e-01  5.47300912e+02 
 5.30901428e+14  6.97384820e+34  1.28781000e+01  1.48208239e+00  1.18726000e+01  1.45656556e+00  3.86946484e-01  3.26534503e-02  1.13588380e-01  5.34317649e+02 
 5.31530929e+14  7.02347993e+34  1.28881000e+01  1.48924571e+00  1.18876000e+01  1.46380239e+00  3.87628515e-01  3.24053257e-02  1.13182312e-01  5.21746611e+02 
 5.32160430e+14  7.07311166e+34  1.28981000e+01  1.49637254e+00  1.19026000e+01  1.47102029e+00  3.88300651e-01  3.21386588e-02  1.12773486e-01  5.09571856e+02 
 5.32789931e+14  7.12311892e+34  1.29071000e+01  1.50351634e+00  1.19166000e+01  1.47812406e+00  3.89032698e-01  3.20358093e-02  1.12351436e-01  4.97450212e+02 
 5.33419432e+14  7.17440027e+34  1.29171000e+01  1.51080447e+00  1.19316000e+01  1.48547818e+00  3.89726842e-01  3.18007962e-02  1.11937923e-01  4.85656756e+02 
 5.34048933e+14  7.22568162e+34  1.29271000e+01  1.51805478e+00  1.19466000e+01  1.49281420e+00  3.90410845e-01  3.15447250e-02  1.11575593e-01  4.74466880e+02 
 5.34678434e+14  7.27696296e+34  1.29371000e+01  1.52526743e+00  1.19616000e+01  1.50013215e+00  3.91084797e-01  3.12679877e-02  1.11156645e-01  4.63402645e+02 
 5.35307935e+14  7.32824431e+34  1.29471000e+01  1.53244264e+00  1.19756000e+01  1.50729191e+00  3.91748849e-01  3.11409120e-02  1.10735303e-01  4.52684733e+02 
 5.35937435e+14  7.37952566e+34  1.29571000e+01  1.53958040e+00  1.19906000e+01  1.51457274e+00  3.92403001e-01  3.08246289e-02  1.10311627e-01  4.42299912e+02 
 5.36566936e+14  7.43080701e+34  1.29661000e+01  1.54668091e+00  1.20046000e+01  1.52169643e+00  3.93108012e-01  3.06559096e-02  1.09928148e-01  4.32235570e+02 
 5.37196437e+14  7.48353084e+34  1.29761000e+01  1.55394285e+00  1.20196000e+01  1.52908442e+00  3.93777632e-01  3.03626953e-02  1.09499846e-01  4.22209104e+02 
 5.37825938e+14  7.53649526e+34  1.29861000e+01  1.56119930e+00  1.20336000e+01  1.53633968e+00  3.94442988e-01  3.02236028e-02  1.09069284e-01  4.12451432e+02 
 5.38455439e+14  7.58945967e+34  1.29951000e+01  1.56841741e+00  1.20476000e+01  1.54357385e+00  3.95159257e-01  3.00662254e-02  1.08678493e-01  4.02997031e+02 
 5.39084940e+14  7.64242408e+34  1.30051000e+01  1.57559722e+00  1.20616000e+01  1.55078866e+00  3.95804887e-01  2.98886481e-02  1.08243732e-01  3.93834348e+02 
 5.39714441e+14  7.69538849e+34  1.30141000e+01  1.58273888e+00  1.20756000e+01  1.55798423e+00  3.96501670e-01  2.96912365e-02  1.07848558e-01  3.84952432e+02 
 5.40343942e+14  7.74835290e+34  1.30241000e+01  1.58984255e+00  1.20896000e+01  1.56516059e+00  3.97127872e-01  2.94743238e-02  1.07410023e-01  3.76340723e+02 
 5.40973443e+14  7.80208666e+34  1.30331000e+01  1.59701086e+00  1.21036000e+01  1.57239257e+00  3.97823293e-01  2.92686813e-02  1.07010481e-01  3.67869674e+02 
 5.41602944e+14  7.85676738e+34  1.30431000e+01  1.60426640e+00  1.21176000e+01  1.57969678e+00  3.98469755e-01  2.90806906e-02  1.06567478e-01  3.59513124e+02 
 5.42232444e+14  7.91144810e+34  1.30521000e+01  1.61148277e+00  1.21316000e+01  1.58698099e+00  3.99167515e-01  2.88729937e-02  1.06163524e-01  3.51412605e+02 
 5.42861945e+14  7.96612882e+34  1.30621000e+01  1.61866013e+00  1.21456000e+01  1.59424526e+00  3.99794374e-01  2.86458755e-02  1.05717197e-01  3.43558494e+02 
 5.43491446e+14  8.02080955e+34  1.30711000e+01  1.62579866e+00  1.21596000e+01  1.60148963e+00  4.00472825e-01  2.83997897e-02  1.05309756e-01  3.35941662e+02 
 5.44120947e+14  8.07549027e+34  1.30801000e+01  1.63289863e+00  1.21726000e+01  1.60856945e+00  4.01141831e-01  2.83001469e-02  1.04900676e-01  3.28553321e+02 
