# rhoc (cgs) 	 Pc (cgs) 	 R (km) 	 M (msol) 	 R_core (km) 	 M_core (msol) 	 I/(MR^2) 	 I_crust/(M_crust R_crust^2)/(I/(MR^2)) 	 k_2 	 Lambda 
 2.30000000e+14  2.08407193e+33  2.82411000e+01  1.00124904e-01  5.79560000e+00  6.91541332e-02  2.39549724e-02  5.42596970e-01  6.73153374e-04  1.14124761e+08 
 2.30841717e+14  2.10830657e+33  2.77081000e+01  1.00954980e-01  5.81560000e+00  7.00461684e-02  2.48878897e-02  5.37474312e-01  7.28165340e-04  1.07694462e+08 
 2.31683434e+14  2.13254120e+33  2.72051000e+01  1.01784976e-01  5.83660000e+00  7.09677530e-02  2.58231311e-02  5.32094948e-01  7.86366491e-04  1.01865384e+08 
 2.32525151e+14  2.15677584e+33  2.67301000e+01  1.02614728e-01  5.85660000e+00  7.18687531e-02  2.67593454e-02  5.27052329e-01  8.47727294e-04  9.65559347e+07 
 2.33366869e+14  2.18101048e+33  2.62791000e+01  1.03444074e-01  5.87660000e+00  7.27740765e-02  2.76997766e-02  5.22043661e-01  9.12577296e-04  9.16985325e+07 
 2.34208586e+14  2.20524512e+33  2.58531000e+01  1.04272869e-01  5.89560000e+00  7.36580327e-02  2.86378934e-02  5.17369623e-01  9.80451083e-04  8.72370201e+07 
 2.35050303e+14  2.22947976e+33  2.54471000e+01  1.05100974e-01  5.91560000e+00  7.45716899e-02  2.95803158e-02  5.12418763e-01  1.05196362e-03  8.31240863e+07 
 2.35892020e+14  2.25371439e+33  2.50621000e+01  1.05928256e-01  5.93460000e+00  7.54635548e-02  3.05209104e-02  5.07798333e-01  1.12664144e-03  7.93199240e+07 
 2.36733737e+14  2.27868830e+33  2.46851000e+01  1.06779862e-01  5.95360000e+00  7.63714898e-02  3.14893968e-02  5.03239741e-01  1.20704408e-03  7.56866318e+07 
 2.37575454e+14  2.30466577e+33  2.43121000e+01  1.07665211e-01  5.97360000e+00  7.73264967e-02  3.24971001e-02  4.98449798e-01  1.29454118e-03  7.21804603e+07 
 2.38417171e+14  2.33064325e+33  2.39581000e+01  1.08550049e-01  5.99360000e+00  7.82860264e-02  3.35023460e-02  4.93682123e-01  1.38574797e-03  6.89230321e+07 
 2.39258888e+14  2.35662073e+33  2.36201000e+01  1.09434235e-01  6.01360000e+00  7.92500124e-02  3.45095052e-02  4.88933982e-01  1.48115669e-03  6.58888639e+07 
 2.40100606e+14  2.38259821e+33  2.32981000e+01  1.10317631e-01  6.03260000e+00  8.01915528e-02  3.55150409e-02  4.84516603e-01  1.58044735e-03  6.30559829e+07 
 2.40942323e+14  2.40857569e+33  2.29911000e+01  1.11200114e-01  6.05160000e+00  8.11370904e-02  3.65183570e-02  4.80116178e-01  1.68358087e-03  6.04052863e+07 
 2.41784040e+14  2.43455316e+33  2.26981000e+01  1.12081559e-01  6.07060000e+00  8.20865822e-02  3.75191440e-02  4.75730290e-01  1.79054068e-03  5.79200962e+07 
 2.42625757e+14  2.46053064e+33  2.24181000e+01  1.12961854e-01  6.08960000e+00  8.30399772e-02  3.85174128e-02  4.71356879e-01  1.90134268e-03  5.55857828e+07 
 2.43467474e+14  2.48650812e+33  2.21501000e+01  1.13840891e-01  6.10760000e+00  8.39697145e-02  3.95135133e-02  4.67311949e-01  2.01604415e-03  5.33894495e+07 
 2.44309191e+14  2.51248560e+33  2.18941000e+01  1.14718568e-01  6.12560000e+00  8.49029341e-02  4.05044556e-02  4.63277624e-01  2.13426673e-03  5.13196834e+07 
 2.45150908e+14  2.53893479e+33  2.16441000e+01  1.15610716e-01  6.14360000e+00  8.58475468e-02  4.15112932e-02  4.59283723e-01  2.25866342e-03  4.93318156e+07 
 2.45992626e+14  2.56678850e+33  2.13911000e+01  1.16549139e-01  6.16260000e+00  8.68475596e-02  4.25716628e-02  4.55073621e-01  2.39439829e-03  4.73570907e+07 
 2.46834343e+14  2.59464221e+33  2.11501000e+01  1.17486548e-01  6.18160000e+00  8.78517297e-02  4.36233718e-02  4.50872702e-01  2.53376594e-03  4.54942255e+07 
 2.47676060e+14  2.62249592e+33  2.09191000e+01  1.18422825e-01  6.20060000e+00  8.88599885e-02  4.46713940e-02  4.46679442e-01  2.67743665e-03  4.37346313e+07 
 2.48517777e+14  2.65034963e+33  2.06971000e+01  1.19357856e-01  6.21860000e+00  8.98437497e-02  4.57173079e-02  4.42815371e-01  2.82564625e-03  4.20705912e+07 
 2.49359494e+14  2.67820333e+33  2.04841000e+01  1.20291534e-01  6.23660000e+00  9.08311512e-02  4.67585899e-02  4.38957531e-01  2.97800549e-03  4.04951485e+07 
 2.50201211e+14  2.70605704e+33  2.02801000e+01  1.21223760e-01  6.25460000e+00  9.18221422e-02  4.77926025e-02  4.35104585e-01  3.13405709e-03  3.90020101e+07 
 2.51042928e+14  2.73391075e+33  2.00831000e+01  1.22154438e-01  6.27260000e+00  9.28166761e-02  4.88263244e-02  4.31255224e-01  3.29491355e-03  3.75854630e+07 
 2.51884646e+14  2.76176446e+33  1.98941000e+01  1.23083477e-01  6.29060000e+00  9.38147062e-02  4.98527941e-02  4.27408231e-01  3.45940096e-03  3.62403172e+07 
 2.52726363e+14  2.78961817e+33  1.97121000e+01  1.24010792e-01  6.30760000e+00  9.47868358e-02  5.08746911e-02  4.23888918e-01  3.62792908e-03  3.49618353e+07 
 2.53568080e+14  2.81760191e+33  1.95371000e+01  1.24940622e-01  6.32460000e+00  9.57642683e-02  5.18903662e-02  4.20380556e-01  3.80011220e-03  3.37401483e+07 
 2.54409797e+14  2.84742159e+33  1.93561000e+01  1.25929861e-01  6.34260000e+00  9.68060059e-02  5.29751072e-02  4.16681497e-01  3.98934806e-03  3.25024412e+07 
 2.55251514e+14  2.87724127e+33  1.91831000e+01  1.26917723e-01  6.36060000e+00  9.78515327e-02  5.40476167e-02  4.12984255e-01  4.18174481e-03  3.13262559e+07 
 2.56093231e+14  2.90706096e+33  1.90161000e+01  1.27904105e-01  6.37860000e+00  9.89007826e-02  5.51166641e-02  4.09287856e-01  4.37889157e-03  3.02076831e+07 
 2.56934948e+14  2.93688064e+33  1.88551000e+01  1.28888907e-01  6.39660000e+00  9.99536947e-02  5.61803174e-02  4.05591364e-01  4.58037699e-03  2.91431242e+07 
 2.57776665e+14  2.96670032e+33  1.87001000e+01  1.29872039e-01  6.41360000e+00  1.00979863e-01  5.72365787e-02  4.02223411e-01  4.78573419e-03  2.81292597e+07 
 2.58618383e+14  2.99652000e+33  1.85511000e+01  1.30853408e-01  6.43060000e+00  1.02009261e-01  5.82833793e-02  3.98854434e-01  4.99443782e-03  2.71630248e+07 
 2.59460100e+14  3.02633968e+33  1.84061000e+01  1.31832936e-01  6.44760000e+00  1.03041834e-01  5.93314957e-02  3.95483778e-01  5.20873663e-03  2.62415836e+07 
 2.60301817e+14  3.05615937e+33  1.82671000e+01  1.32810541e-01  6.46460000e+00  1.04077540e-01  6.03665074e-02  3.92110561e-01  5.42544240e-03  2.53623123e+07 
 2.61143534e+14  3.08597905e+33  1.81331000e+01  1.33786147e-01  6.48160000e+00  1.05116332e-01  6.13929655e-02  3.88734105e-01  5.64542564e-03  2.45227751e+07 
 2.61985251e+14  3.11579873e+33  1.80031000e+01  1.34759684e-01  6.49760000e+00  1.06127025e-01  6.24160249e-02  3.85684894e-01  5.86979258e-03  2.37207104e+07 
 2.62826968e+14  3.14739331e+33  1.78701000e+01  1.35789164e-01  6.51460000e+00  1.07202462e-01  6.34921896e-02  3.82434976e-01  6.11128169e-03  2.29092052e+07 
 2.63668685e+14  3.17925808e+33  1.77401000e+01  1.36825788e-01  6.53160000e+00  1.08285972e-01  6.45735391e-02  3.79202407e-01  6.35966240e-03  2.21280409e+07 
 2.64510403e+14  3.21112285e+33  1.76151000e+01  1.37860662e-01  6.54860000e+00  1.09372830e-01  6.56430842e-02  3.75966352e-01  6.61089722e-03  2.13822078e+07 
 2.65352120e+14  3.24298762e+33  1.74941000e+01  1.38893697e-01  6.56560000e+00  1.10462979e-01  6.67064867e-02  3.72726173e-01  6.86627506e-03  2.06697351e+07 
 2.66193837e+14  3.27485239e+33  1.73771000e+01  1.39924808e-01  6.58260000e+00  1.11556361e-01  6.77622624e-02  3.69481280e-01  7.12533114e-03  1.99887825e+07 
 2.67035554e+14  3.30671715e+33  1.72631000e+01  1.40953916e-01  6.59860000e+00  1.12620798e-01  6.88168663e-02  3.66563878e-01  7.38969772e-03  1.93376306e+07 
 2.67877271e+14  3.33858192e+33  1.71541000e+01  1.41980946e-01  6.61560000e+00  1.13720331e-01  6.98529741e-02  3.63308201e-01  7.65463486e-03  1.87146721e+07 
 2.68718988e+14  3.37044669e+33  1.70481000e+01  1.43005825e-01  6.63160000e+00  1.14790507e-01  7.08851237e-02  3.60379327e-01  7.92392314e-03  1.81184027e+07 
 2.69560705e+14  3.40231146e+33  1.69451000e+01  1.44028487e-01  6.64760000e+00  1.15863405e-01  7.19122256e-02  3.57444081e-01  8.19721011e-03  1.75474144e+07 
 2.70402423e+14  3.43417623e+33  1.68451000e+01  1.45048867e-01  6.66260000e+00  1.16906229e-01  7.29331662e-02  3.54835345e-01  8.47411143e-03  1.70003871e+07 
 2.71244140e+14  3.46743180e+33  1.67451000e+01  1.46111469e-01  6.67960000e+00  1.18041427e-01  7.39806009e-02  3.51657204e-01  8.76345885e-03  1.64536070e+07 
 2.72085857e+14  3.50141611e+33  1.66451000e+01  1.47195442e-01  6.69560000e+00  1.19159537e-01  7.50518175e-02  3.48860537e-01  9.06522353e-03  1.59186830e+07 
 2.72927574e+14  3.53540042e+33  1.65481000e+01  1.48277443e-01  6.71260000e+00  1.20313852e-01  7.61159124e-02  3.45723726e-01  9.37071849e-03  1.54065897e+07 
 2.73769291e+14  3.56938474e+33  1.64551000e+01  1.49357388e-01  6.72860000e+00  1.21438012e-01  7.71622904e-02  3.42913358e-01  9.67652047e-03  1.49161480e+07 
 2.74611008e+14  3.60336905e+33  1.63641000e+01  1.50435202e-01  6.74460000e+00  1.22565029e-01  7.82082995e-02  3.40095657e-01  9.98788320e-03  1.44462487e+07 
 2.75452725e+14  3.63735337e+33  1.62761000e+01  1.51510812e-01  6.75960000e+00  1.23661142e-01  7.92434848e-02  3.37603930e-01  1.03014231e-02  1.39958481e+07 
 2.76294442e+14  3.67133768e+33  1.61911000e+01  1.52584147e-01  6.77560000e+00  1.24793572e-01  8.02665746e-02  3.34770389e-01  1.06165535e-02  1.35639641e+07 
 2.77136160e+14  3.70532199e+33  1.61081000e+01  1.53655144e-01  6.79160000e+00  1.25928709e-01  8.12863789e-02  3.31928503e-01  1.09360499e-02  1.31496723e+07 
 2.77977877e+14  3.73930631e+33  1.60271000e+01  1.54723740e-01  6.80660000e+00  1.27032336e-01  8.23021308e-02  3.29411692e-01  1.12596118e-02  1.27521016e+07 
 2.78819594e+14  3.77329062e+33  1.59491000e+01  1.55789873e-01  6.82160000e+00  1.28138279e-01  8.33025985e-02  3.26885872e-01  1.15832832e-02  1.23704316e+07 
 2.79661311e+14  3.81008452e+33  1.58671000e+01  1.56941565e-01  6.83760000e+00  1.29330077e-01  8.43769996e-02  3.24221533e-01  1.19365421e-02  1.19741533e+07 
 2.80503028e+14  3.85059456e+33  1.57791000e+01  1.58208378e-01  6.85560000e+00  1.30659710e-01  8.55556582e-02  3.21152949e-01  1.23309403e-02  1.15565531e+07 
 2.81344745e+14  3.89110461e+33  1.56941000e+01  1.59474157e-01  6.87360000e+00  1.31993884e-01  8.67222053e-02  3.18077836e-01  1.27281840e-02  1.11574598e+07 
 2.82186462e+14  3.92996445e+33  1.56151000e+01  1.60687124e-01  6.88960000e+00  1.33233430e-01  8.78316444e-02  3.15543646e-01  1.31123911e-02  1.07911751e+07 
 2.83028180e+14  3.96739425e+33  1.55411000e+01  1.61853421e-01  6.90560000e+00  1.34450948e-01  8.88930565e-02  3.12897849e-01  1.34858739e-02  1.04531415e+07 
 2.83869897e+14  4.00482405e+33  1.54701000e+01  1.63017525e-01  6.92160000e+00  1.35671361e-01  8.99354446e-02  3.10243112e-01  1.38579893e-02  1.01289104e+07 
 2.84711614e+14  4.04225386e+33  1.54001000e+01  1.64179360e-01  6.93660000e+00  1.36859115e-01  9.09809848e-02  3.07912291e-01  1.42370868e-02  9.81780541e+06 
 2.85553331e+14  4.08011251e+33  1.53321000e+01  1.65352159e-01  6.95260000e+00  1.38092549e-01  9.20199438e-02  3.05269213e-01  1.46190564e-02  9.51582819e+06 
 2.86395048e+14  4.11851799e+33  1.52641000e+01  1.66539664e-01  6.96860000e+00  1.39338484e-01  9.30766234e-02  3.02655403e-01  1.50134823e-02  9.22183626e+06 
 2.87236765e+14  4.15692347e+33  1.51981000e+01  1.67724897e-01  6.98360000e+00  1.40551318e-01  9.41231873e-02  3.00364599e-01  1.54097008e-02  8.93966835e+06 
 2.88078482e+14  4.19532895e+33  1.51351000e+01  1.68907784e-01  6.99860000e+00  1.41766647e-01  9.51461279e-02  2.98063714e-01  1.58019343e-02  8.66875612e+06 
 2.88920200e+14  4.23407144e+33  1.50721000e+01  1.70098619e-01  7.01460000e+00  1.43026662e-01  9.61843258e-02  2.95443614e-01  1.62058831e-02  8.40632116e+06 
 2.89761917e+14  4.27346550e+33  1.50101000e+01  1.71307154e-01  7.02960000e+00  1.44264527e-01  9.72270691e-02  2.93190948e-01  1.66169874e-02  8.15006553e+06 
 2.90603634e+14  4.31285956e+33  1.49501000e+01  1.72513339e-01  7.04560000e+00  1.45541535e-01  9.82568177e-02  2.90595906e-01  1.70282445e-02  7.90397093e+06 
 2.91445351e+14  4.35225362e+33  1.48921000e+01  1.73717099e-01  7.06060000e+00  1.46784562e-01  9.92726022e-02  2.88322235e-01  1.74390074e-02  7.66755707e+06 
 2.92287068e+14  4.39188781e+33  1.48341000e+01  1.74925691e-01  7.07560000e+00  1.48034234e-01  1.00302024e-01  2.86054161e-01  1.78611222e-02  7.43901010e+06 
 2.93128785e+14  4.43228334e+33  1.47781000e+01  1.76155074e-01  7.09060000e+00  1.49299789e-01  1.01321203e-01  2.83827153e-01  1.82836104e-02  7.21518643e+06 
 2.93970502e+14  4.47267887e+33  1.47221000e+01  1.77382028e-01  7.10560000e+00  1.50567848e-01  1.02352178e-01  2.81589087e-01  1.87170007e-02  7.00011814e+06 
 2.94812219e+14  4.51307439e+33  1.46691000e+01  1.78606485e-01  7.12060000e+00  1.51838345e-01  1.03352815e-01  2.79339936e-01  1.91420031e-02  6.79339694e+06 
 2.95653937e+14  4.55360802e+33  1.46161000e+01  1.79832552e-01  7.13560000e+00  1.53113659e-01  1.04365288e-01  2.77088841e-01  1.95777421e-02  6.59397019e+06 
 2.96495654e+14  4.59501790e+33  1.45641000e+01  1.81082599e-01  7.15060000e+00  1.54406839e-01  1.05380083e-01  2.74884917e-01  2.00192366e-02  6.39809310e+06 
 2.97337371e+14  4.63642777e+33  1.45131000e+01  1.82330146e-01  7.16560000e+00  1.55702484e-01  1.06391168e-01  2.72669639e-01  2.04644058e-02  6.20977773e+06 
 2.98179088e+14  4.67783764e+33  1.44641000e+01  1.83575123e-01  7.18060000e+00  1.57000534e-01  1.07383246e-01  2.70442952e-01  2.09057470e-02  6.02867685e+06 
 2.99020805e+14  4.71927829e+33  1.44151000e+01  1.84818385e-01  7.19460000e+00  1.58263290e-01  1.08385577e-01  2.68536153e-01  2.13573179e-02  5.85433447e+06 
 2.99862522e+14  4.76171536e+33  1.43671000e+01  1.86088916e-01  7.20960000e+00  1.59584014e-01  1.09389409e-01  2.66353018e-01  2.18140031e-02  5.68259621e+06 
 3.00704239e+14  4.80415243e+33  1.43201000e+01  1.87356874e-01  7.22460000e+00  1.60907169e-01  1.10387834e-01  2.64158248e-01  2.22732847e-02  5.51740347e+06 
 3.01545957e+14  4.84658950e+33  1.42751000e+01  1.88622195e-01  7.23860000e+00  1.62194028e-01  1.11364787e-01  2.62280350e-01  2.27268774e-02  5.35845977e+06 
 3.02387674e+14  4.88902657e+33  1.42301000e+01  1.89884809e-01  7.25360000e+00  1.63521716e-01  1.12350819e-01  2.60061954e-01  2.31901788e-02  5.20548407e+06 
 3.03229391e+14  4.93242172e+33  1.41861000e+01  1.91173207e-01  7.26760000e+00  1.64829634e-01  1.13336408e-01  2.58220448e-01  2.36573976e-02  5.05493181e+06 
 3.04071108e+14  4.97589884e+33  1.41421000e+01  1.92461401e-01  7.28260000e+00  1.66180202e-01  1.14331535e-01  2.56044244e-01  2.41346645e-02  4.90976771e+06 
 3.04912825e+14  5.01937595e+33  1.41001000e+01  1.93746887e-01  7.29660000e+00  1.67493825e-01  1.15303031e-01  2.54183315e-01  2.46045380e-02  4.77002758e+06 
 3.05754542e+14  5.06285306e+33  1.40591000e+01  1.95029601e-01  7.31060000e+00  1.68809420e-01  1.16266396e-01  2.52309872e-01  2.50749748e-02  4.63547052e+06 
 3.06596259e+14  5.10718279e+33  1.40181000e+01  1.96334661e-01  7.32560000e+00  1.70181586e-01  1.17243582e-01  2.50150168e-01  2.55568737e-02  4.50336335e+06 
 3.07437977e+14  5.15171277e+33  1.39781000e+01  1.97642909e-01  7.33960000e+00  1.71519879e-01  1.18213476e-01  2.48316994e-01  2.60395248e-02  4.37558331e+06 
 3.08279694e+14  5.19624275e+33  1.39391000e+01  1.98948385e-01  7.35360000e+00  1.72860161e-01  1.19174261e-01  2.46471189e-01  2.65220113e-02  4.25252048e+06 
 3.09121411e+14  5.24077273e+33  1.39011000e+01  2.00251024e-01  7.36760000e+00  1.74202384e-01  1.20125445e-01  2.44612697e-01  2.70039069e-02  4.13396782e+06 
 3.09963128e+14  5.28604414e+33  1.38631000e+01  2.01572461e-01  7.38260000e+00  1.75599775e-01  1.21088993e-01  2.42461218e-01  2.74966703e-02  4.01785512e+06 
 3.10804845e+14  5.33163979e+33  1.38261000e+01  2.02900584e-01  7.39660000e+00  1.76964818e-01  1.22044587e-01  2.40641803e-01  2.79893102e-02  3.90519348e+06 
 3.11646562e+14  5.37723544e+33  1.37901000e+01  2.04225871e-01  7.41060000e+00  1.78331810e-01  1.22989569e-01  2.38809697e-01  2.84805237e-02  3.79664191e+06 
 3.12488279e+14  5.42283109e+33  1.37541000e+01  2.05548258e-01  7.42460000e+00  1.79700705e-01  1.23941461e-01  2.36964836e-01  2.89803791e-02  3.69202236e+06 
 3.13329996e+14  5.46905117e+33  1.37191000e+01  2.06885791e-01  7.43760000e+00  1.81041626e-01  1.24886323e-01  2.35467230e-01  2.94800156e-02  3.58980519e+06 
 3.14171714e+14  5.51572527e+33  1.36851000e+01  2.08233610e-01  7.45160000e+00  1.82433143e-01  1.25822576e-01  2.33659592e-01  2.99785502e-02  3.49031592e+06 
 3.15013431e+14  5.56239938e+33  1.36511000e+01  2.09578529e-01  7.46560000e+00  1.83826581e-01  1.26765250e-01  2.31839128e-01  3.04854183e-02  3.39441425e+06 
 3.15855148e+14  5.60907348e+33  1.36191000e+01  2.10920486e-01  7.47960000e+00  1.85221884e-01  1.27676880e-01  2.30005881e-01  3.09780017e-02  3.30194626e+06 
 3.16696865e+14  5.65624903e+33  1.35861000e+01  2.12273828e-01  7.49360000e+00  1.86627808e-01  1.28616612e-01  2.28188498e-01  3.14913623e-02  3.21182302e+06 
 3.17538582e+14  5.70401435e+33  1.35541000e+01  2.13641161e-01  7.50660000e+00  1.88004408e-01  1.29547459e-01  2.26713194e-01  3.20029776e-02  3.12383114e+06 
 3.18380299e+14  5.75177967e+33  1.35231000e+01  2.15005531e-01  7.52060000e+00  1.89424319e-01  1.30464954e-01  2.24903277e-01  3.25106574e-02  3.03897598e+06 
 3.19222016e+14  5.79954500e+33  1.34931000e+01  2.16366881e-01  7.53460000e+00  1.90846049e-01  1.31368598e-01  2.23080670e-01  3.30138747e-02  2.95712476e+06 
 3.20063734e+14  5.84768266e+33  1.34631000e+01  2.17735747e-01  7.54760000e+00  1.92234062e-01  1.32280052e-01  2.21585957e-01  3.35256434e-02  2.87754536e+06 
 3.20905451e+14  5.89655195e+33  1.34331000e+01  2.19122409e-01  7.56160000e+00  1.93678620e-01  1.33201827e-01  2.19798439e-01  3.40471892e-02  2.79960601e+06 
 3.21747168e+14  5.94542123e+33  1.34041000e+01  2.20506051e-01  7.57460000e+00  1.95082682e-01  1.34109037e-01  2.18317395e-01  3.45635989e-02  2.72441379e+06 
 3.22588885e+14  5.99429051e+33  1.33751000e+01  2.21886610e-01  7.58760000e+00  1.96488239e-01  1.35021359e-01  2.16822676e-01  3.50874252e-02  2.65185387e+06 
 3.23430602e+14  6.04339680e+33  1.33481000e+01  2.23270716e-01  7.60160000e+00  1.97942009e-01  1.35899688e-01  2.15008937e-01  3.55928164e-02  2.58148239e+06 
 3.24272319e+14  6.09338275e+33  1.33201000e+01  2.24676523e-01  7.61460000e+00  1.99370178e-01  1.36808993e-01  2.13547510e-01  3.61212063e-02  2.51234677e+06 
 3.25114036e+14  6.14336871e+33  1.32931000e+01  2.26079251e-01  7.62860000e+00  2.00842771e-01  1.37702495e-01  2.11755192e-01  3.66431612e-02  2.44562096e+06 
 3.25955754e+14  6.19335467e+33  1.32661000e+01  2.27478839e-01  7.64160000e+00  2.02274044e-01  1.38600582e-01  2.10267090e-01  3.71721050e-02  2.38120538e+06 
 3.26797471e+14  6.24343591e+33  1.32411000e+01  2.28877894e-01  7.65460000e+00  2.03708379e-01  1.39461775e-01  2.08770489e-01  3.76799519e-02  2.31888818e+06 
 3.27639188e+14  6.29455124e+33  1.32151000e+01  2.30302660e-01  7.66760000e+00  2.05162191e-01  1.40355129e-01  2.07314336e-01  3.82117622e-02  2.25747497e+06 
 3.28480905e+14  6.34566657e+33  1.31901000e+01  2.31724286e-01  7.68060000e+00  2.06617470e-01  1.41231433e-01  2.05844613e-01  3.87357523e-02  2.19817897e+06 
 3.29322622e+14  6.39678190e+33  1.31651000e+01  2.33142718e-01  7.69360000e+00  2.08074162e-01  1.42111777e-01  2.04361451e-01  3.92662327e-02  2.14091366e+06 
 3.30164339e+14  6.44789724e+33  1.31411000e+01  2.34557901e-01  7.70660000e+00  2.09532217e-01  1.42974415e-01  2.02864951e-01  3.97881363e-02  2.08559627e+06 
 3.31006056e+14  6.50010162e+33  1.31171000e+01  2.35999972e-01  7.71960000e+00  2.11010601e-01  1.43848102e-01  2.01410186e-01  4.03196962e-02  2.03102384e+06 
 3.31847773e+14  6.55235900e+33  1.30931000e+01  2.37440311e-01  7.73260000e+00  2.12491335e-01  1.44725951e-01  1.99944646e-01  4.08577459e-02  1.97825806e+06 
 3.32689491e+14  6.60461637e+33  1.30701000e+01  2.38877398e-01  7.74560000e+00  2.13973447e-01  1.45585346e-01  1.98465749e-01  4.13863529e-02  1.92727987e+06 
 3.33531208e+14  6.65687375e+33  1.30481000e+01  2.40311182e-01  7.75860000e+00  2.15456882e-01  1.46425788e-01  1.96973618e-01  4.19048913e-02  1.87801726e+06 
 3.34372925e+14  6.71007790e+33  1.30261000e+01  2.41767601e-01  7.77160000e+00  2.16958074e-01  1.47275727e-01  1.95514712e-01  4.24320922e-02  1.82955034e+06 
 3.35214642e+14  6.76348996e+33  1.30041000e+01  2.43226460e-01  7.78360000e+00  2.18419552e-01  1.48130291e-01  1.94364390e-01  4.29656794e-02  1.78253256e+06 
 3.36056359e+14  6.81690202e+33  1.29821000e+01  2.44682014e-01  7.79660000e+00  2.19926928e-01  1.48988110e-01  1.92888698e-01  4.35050447e-02  1.73709080e+06 
 3.36898076e+14  6.87031408e+33  1.29611000e+01  2.46134211e-01  7.80960000e+00  2.21435579e-01  1.49826073e-01  1.91400000e-01  4.40332547e-02  1.69316219e+06 
 3.37739793e+14  6.92452379e+33  1.29411000e+01  2.47604682e-01  7.82160000e+00  2.22914167e-01  1.50648980e-01  1.90246334e-01  4.45522812e-02  1.65006111e+06 
 3.38581511e+14  6.97910316e+33  1.29201000e+01  2.49081870e-01  7.83460000e+00  2.24445490e-01  1.51500454e-01  1.88786390e-01  4.50950282e-02  1.60811029e+06 
 3.39423228e+14  7.03368252e+33  1.29001000e+01  2.50555698e-01  7.84760000e+00  2.25978100e-01  1.52331322e-01  1.87313455e-01  4.56256727e-02  1.56755082e+06 
 3.40264945e+14  7.08826189e+33  1.28801000e+01  2.52026115e-01  7.85960000e+00  2.27466380e-01  1.53164880e-01  1.86136339e-01  4.61614789e-02  1.52832790e+06 
 3.41106662e+14  7.14348280e+33  1.28611000e+01  2.53510342e-01  7.87260000e+00  2.29012373e-01  1.53981410e-01  1.84666736e-01  4.66864625e-02  1.48994940e+06 
 3.41948379e+14  7.19924205e+33  1.28421000e+01  2.55005661e-01  7.88460000e+00  2.30523088e-01  1.54803896e-01  1.83516610e-01  4.72180538e-02  1.45247140e+06 
 3.42790096e+14  7.25500131e+33  1.28231000e+01  2.56497570e-01  7.89660000e+00  2.32034747e-01  1.55628820e-01  1.82352788e-01  4.77545281e-02  1.41622353e+06 
 3.43631813e+14  7.31076057e+33  1.28051000e+01  2.57986014e-01  7.90960000e+00  2.33593494e-01  1.56431741e-01  1.80868399e-01  4.82770633e-02  1.38115775e+06 
 3.44473531e+14  7.36699814e+33  1.27871000e+01  2.59483696e-01  7.92160000e+00  2.35115324e-01  1.57239909e-01  1.79699036e-01  4.88056832e-02  1.34694142e+06 
 3.45315248e+14  7.42394986e+33  1.27691000e+01  2.60996951e-01  7.93360000e+00  2.36650383e-01  1.58054894e-01  1.78547734e-01  4.93412440e-02  1.31341735e+06 
 3.46156965e+14  7.48090157e+33  1.27511000e+01  2.62506740e-01  7.94660000e+00  2.38232953e-01  1.58872058e-01  1.77077588e-01  4.98814170e-02  1.28098230e+06 
 3.46998682e+14  7.53785329e+33  1.27341000e+01  2.64013017e-01  7.95860000e+00  2.39769951e-01  1.59666324e-01  1.75899669e-01  5.04064402e-02  1.24959417e+06 
 3.47840399e+14  7.59511281e+33  1.27171000e+01  2.65523853e-01  7.97060000e+00  2.41313060e-01  1.60464446e-01  1.74721613e-01  5.09366987e-02  1.21905107e+06 
 3.48682116e+14  7.65326951e+33  1.27011000e+01  2.67054840e-01  7.98260000e+00  2.42872443e-01  1.61244869e-01  1.73568692e-01  5.14539677e-02  1.18902684e+06 
 3.49523833e+14  7.71142621e+33  1.26841000e+01  2.68582313e-01  7.99460000e+00  2.44432697e-01  1.62052447e-01  1.72402445e-01  5.19955771e-02  1.15996803e+06 
 3.50365550e+14  7.76958291e+33  1.26681000e+01  2.70106220e-01  8.00660000e+00  2.45993787e-01  1.62836231e-01  1.71222862e-01  5.25207931e-02  1.13183768e+06 
 3.51207268e+14  7.82786949e+33  1.26531000e+01  2.71629909e-01  8.01860000e+00  2.47557886e-01  1.63596589e-01  1.70035516e-01  5.30293776e-02  1.10454057e+06 
 3.52048985e+14  7.88724368e+33  1.26371000e+01  2.73178429e-01  8.03060000e+00  2.49141388e-01  1.64391248e-01  1.68880366e-01  5.35662881e-02  1.07761848e+06 
 3.52890702e+14  7.94661787e+33  1.26221000e+01  2.74723380e-01  8.04260000e+00  2.50725731e-01  1.65161381e-01  1.67711973e-01  5.40857554e-02  1.05155321e+06 
 3.53732419e+14  8.00599206e+33  1.26071000e+01  2.76264717e-01  8.05460000e+00  2.52310867e-01  1.65932857e-01  1.66530511e-01  5.46087623e-02  1.02631243e+06 
 3.54574136e+14  8.06536625e+33  1.25921000e+01  2.77802393e-01  8.06660000e+00  2.53896748e-01  1.66705676e-01  1.65336119e-01  5.51353275e-02  1.00186509e+06 
 3.55415853e+14  8.12591478e+33  1.25771000e+01  2.79366799e-01  8.07860000e+00  2.55503376e-01  1.67487295e-01  1.64176220e-01  5.56694435e-02  9.77718582e+05 
 3.56257570e+14  8.18651893e+33  1.25631000e+01  2.80929026e-01  8.08960000e+00  2.57063460e-01  1.68243860e-01  1.63304611e-01  5.61850209e-02  9.54311026e+05 
 3.57099288e+14  8.24712308e+33  1.25491000e+01  2.82487587e-01  8.10160000e+00  2.58672450e-01  1.69001503e-01  1.62120555e-01  5.67037878e-02  9.31636517e+05 
 3.57941005e+14  8.30772723e+33  1.25351000e+01  2.84042438e-01  8.11360000e+00  2.60282147e-01  1.69760224e-01  1.60923761e-01  5.72257580e-02  9.09667732e+05 
 3.58782722e+14  8.36932495e+33  1.25211000e+01  2.85619029e-01  8.12460000e+00  2.61860666e-01  1.70526263e-01  1.60050728e-01  5.77543065e-02  8.88033766e+05 
 3.59624439e+14  8.43117149e+33  1.25081000e+01  2.87198323e-01  8.13660000e+00  2.63492731e-01  1.71267583e-01  1.58876621e-01  5.82636694e-02  8.66988694e+05 
 3.60466156e+14  8.49301804e+33  1.24951000e+01  2.88773902e-01  8.14860000e+00  2.65125505e-01  1.72009716e-01  1.57689878e-01  5.87758540e-02  8.46596174e+05 
 3.61307873e+14  8.55486459e+33  1.24821000e+01  2.90345724e-01  8.15960000e+00  2.66709820e-01  1.72752664e-01  1.56786589e-01  5.92908732e-02  8.26832127e+05 
 3.62149590e+14  8.61751603e+33  1.24691000e+01  2.91934189e-01  8.17160000e+00  2.68357344e-01  1.73501420e-01  1.55604967e-01  5.98114481e-02  8.07427328e+05 
 3.62991308e+14  8.68061738e+33  1.24561000e+01  2.93530337e-01  8.18260000e+00  2.69963771e-01  1.74253802e-01  1.54722686e-01  6.03364210e-02  7.88484922e+05 
 3.63833025e+14  8.74371873e+33  1.24441000e+01  2.95122725e-01  8.19460000e+00  2.71620120e-01  1.74978905e-01  1.53532688e-01  6.08398487e-02  7.70124082e+05 
 3.64674742e+14  8.80682008e+33  1.24321000e+01  2.96711308e-01  8.20560000e+00  2.73227420e-01  1.75704558e-01  1.52624260e-01  6.13457271e-02  7.52323598e+05 
 3.65516459e+14  8.87052960e+33  1.24201000e+01  2.98311333e-01  8.21660000e+00  2.74845246e-01  1.76434487e-01  1.51724994e-01  6.18561014e-02  7.34898946e+05 
 3.66358176e+14  8.93489812e+33  1.24081000e+01  2.99924125e-01  8.22860000e+00  2.76524487e-01  1.77169021e-01  1.50543702e-01  6.23711707e-02  7.17830155e+05 
 3.67199893e+14  8.99926665e+33  1.23971000e+01  3.01533108e-01  8.23960000e+00  2.78154253e-01  1.77875431e-01  1.49642612e-01  6.28633862e-02  7.01280317e+05 
 3.68041610e+14  9.06363517e+33  1.23851000e+01  3.03138239e-01  8.25060000e+00  2.79784322e-01  1.78610976e-01  1.48728530e-01  6.33832460e-02  6.85230720e+05 
 3.68883327e+14  9.12840694e+33  1.23741000e+01  3.04749513e-01  8.26160000e+00  2.81421397e-01  1.79320548e-01  1.47815876e-01  6.38811500e-02  6.69567105e+05 
 3.69725045e+14  9.19405498e+33  1.23631000e+01  3.06378733e-01  8.27360000e+00  2.83123970e-01  1.80035719e-01  1.46630435e-01  6.43840522e-02  6.54169839e+05 
 3.70566762e+14  9.25970301e+33  1.23521000e+01  3.08004096e-01  8.28460000e+00  2.84776479e-01  1.80751204e-01  1.45723358e-01  6.48890563e-02  6.39236218e+05 
 3.71408479e+14  9.32535104e+33  1.23421000e+01  3.09625562e-01  8.29560000e+00  2.86429246e-01  1.81437596e-01  1.44803551e-01  6.53696780e-02  6.24749609e+05 
 3.72250196e+14  9.39118905e+33  1.23311000e+01  3.11247770e-01  8.30660000e+00  2.88085393e-01  1.82154702e-01  1.43877697e-01  6.58793016e-02  6.10654021e+05 
 3.73091913e+14  9.45812890e+33  1.23211000e+01  3.12893201e-01  8.31760000e+00  2.89760148e-01  1.82849013e-01  1.42976854e-01  6.63677445e-02  5.96749716e+05 
 3.73933630e+14  9.52506874e+33  1.23111000e+01  3.14534727e-01  8.32860000e+00  2.91435172e-01  1.83543377e-01  1.42063338e-01  6.68578797e-02  5.83260093e+05 
 3.74775347e+14  9.59200859e+33  1.23011000e+01  3.16172311e-01  8.33960000e+00  2.93110415e-01  1.84237797e-01  1.41137350e-01  6.73497118e-02  5.70170441e+05 
 3.75617065e+14  9.65894843e+33  1.22911000e+01  3.17805913e-01  8.35060000e+00  2.94785834e-01  1.84932270e-01  1.40199043e-01  6.78432427e-02  5.57466628e+05 
 3.76458782e+14  9.72716055e+33  1.22811000e+01  3.19466556e-01  8.36160000e+00  2.96482541e-01  1.85634284e-01  1.39290437e-01  6.83426326e-02  5.44903281e+05 
 3.77300499e+14  9.79540447e+33  1.22721000e+01  3.21124026e-01  8.37260000e+00  2.98179992e-01  1.86306186e-01  1.38370522e-01  6.88158042e-02  5.32705271e+05 
 3.78142216e+14  9.86364839e+33  1.22631000e+01  3.22777508e-01  8.38360000e+00  2.99877619e-01  1.86977890e-01  1.37438394e-01  6.92902621e-02  5.20865525e+05 
 3.78983933e+14  9.93189231e+33  1.22531000e+01  3.24426962e-01  8.39360000e+00  3.01523390e-01  1.87680027e-01  1.36779244e-01  6.97944824e-02  5.09371523e+05 
 3.79825650e+14  1.00011903e+34  1.22441000e+01  3.26097821e-01  8.40460000e+00  3.03238544e-01  1.88357576e-01  1.35856170e-01  7.02751329e-02  4.98040785e+05 
 3.80667367e+14  1.00707505e+34  1.22351000e+01  3.27771012e-01  8.41560000e+00  3.04958198e-01  1.89036458e-01  1.34929395e-01  7.07579321e-02  4.86999392e+05 
 3.81509085e+14  1.01403107e+34  1.22271000e+01  3.29440169e-01  8.42660000e+00  3.06677982e-01  1.89684122e-01  1.33990672e-01  7.12129060e-02  4.76279235e+05 
 3.82350802e+14  1.02098710e+34  1.22181000e+01  3.31105257e-01  8.43660000e+00  3.08345328e-01  1.90362503e-01  1.33323170e-01  7.16980981e-02  4.65869211e+05 
 3.83192519e+14  1.02802582e+34  1.22101000e+01  3.32786012e-01  8.44760000e+00  3.10078723e-01  1.91014127e-01  1.32385957e-01  7.21576717e-02  4.55639827e+05 
 3.84034236e+14  1.03511469e+34  1.22011000e+01  3.34474699e-01  8.45860000e+00  3.11820465e-01  1.91699602e-01  1.31452486e-01  7.26494964e-02  4.45635277e+05 
 3.84875953e+14  1.04220356e+34  1.21931000e+01  3.36159308e-01  8.46860000e+00  3.13509384e-01  1.92353348e-01  1.30788693e-01  7.31126511e-02  4.35919087e+05 
 3.85717670e+14  1.04929243e+34  1.21851000e+01  3.37839805e-01  8.47960000e+00  3.15251132e-01  1.93006663e-01  1.29831505e-01  7.35766970e-02  4.26481370e+05 
 3.86559387e+14  1.05644040e+34  1.21771000e+01  3.39530133e-01  8.48960000e+00  3.16949369e-01  1.93662866e-01  1.29160902e-01  7.40434829e-02  4.17237141e+05 
 3.87401104e+14  1.06366333e+34  1.21691000e+01  3.41234089e-01  8.50060000e+00  3.18712973e-01  1.94322861e-01  1.28220258e-01  7.45135145e-02  4.08163041e+05 
 3.88242822e+14  1.07088627e+34  1.21621000e+01  3.42933926e-01  8.51060000e+00  3.20423165e-01  1.94950370e-01  1.27547631e-01  7.49536201e-02  3.99348065e+05 
 3.89084539e+14  1.07810921e+34  1.21541000e+01  3.44629603e-01  8.52160000e+00  3.22186689e-01  1.95609391e-01  1.26583797e-01  7.54252286e-02  3.90783431e+05 
 3.89926256e+14  1.08536671e+34  1.21471000e+01  3.46329184e-01  8.53160000e+00  3.23902089e-01  1.96237588e-01  1.25897167e-01  7.58675621e-02  3.82421316e+05 
 3.90767973e+14  1.09272492e+34  1.21391000e+01  3.48048181e-01  8.54160000e+00  3.25633586e-01  1.96903137e-01  1.25227436e-01  7.63449280e-02  3.74183102e+05 
 3.91609690e+14  1.10008313e+34  1.21321000e+01  3.49763013e-01  8.55260000e+00  3.27418803e-01  1.97535703e-01  1.24268152e-01  7.67915356e-02  3.66177985e+05 
 3.92451407e+14  1.10744135e+34  1.21251000e+01  3.51473648e-01  8.56260000e+00  3.29149873e-01  1.98167607e-01  1.23574760e-01  7.72386272e-02  3.58398122e+05 
 3.93293124e+14  1.11480867e+34  1.21181000e+01  3.53182159e-01  8.57260000e+00  3.30882088e-01  1.98799342e-01  1.22871978e-01  7.76864714e-02  3.50826712e+05 
 3.94134842e+14  1.12230336e+34  1.21111000e+01  3.54915963e-01  8.58260000e+00  3.32634559e-01  1.99437363e-01  1.22192854e-01  7.81386616e-02  3.43340183e+05 
 3.94976559e+14  1.12979806e+34  1.21051000e+01  3.56645563e-01  8.59360000e+00  3.34441217e-01  2.00041671e-01  1.21226557e-01  7.85588740e-02  3.36063551e+05 
 3.95818276e+14  1.13729275e+34  1.20981000e+01  3.58370921e-01  8.60360000e+00  3.36193178e-01  2.00678260e-01  1.20524324e-01  7.90118188e-02  3.28989832e+05 
 3.96659993e+14  1.14478745e+34  1.20921000e+01  3.60092004e-01  8.61360000e+00  3.37944764e-01  2.01280894e-01  1.19810459e-01  7.94323840e-02  3.22112247e+05 
 3.97501710e+14  1.15240254e+34  1.20851000e+01  3.61836419e-01  8.62360000e+00  3.39715319e-01  2.01922512e-01  1.19117472e-01  7.98896610e-02  3.15318037e+05 
 3.98343427e+14  1.16003492e+34  1.20791000e+01  3.63580553e-01  8.63360000e+00  3.41488296e-01  2.02530872e-01  1.18417590e-01  8.03146760e-02  3.08697382e+05 
 3.99185144e+14  1.16766730e+34  1.20731000e+01  3.65320403e-01  8.64360000e+00  3.43260893e-01  2.03138345e-01  1.17706227e-01  8.07397652e-02  3.02259675e+05 
 4.00026862e+14  1.17529968e+34  1.20671000e+01  3.67055938e-01  8.65360000e+00  3.45033070e-01  2.03744931e-01  1.16983527e-01  8.11649271e-02  2.95998882e+05 
 4.00868579e+14  1.18302628e+34  1.20611000e+01  3.68808529e-01  8.66360000e+00  3.46819864e-01  2.04355607e-01  1.16274132e-01  8.15929120e-02  2.89834862e+05 
 4.01710296e+14  1.19079755e+34  1.20551000e+01  3.70566961e-01  8.67360000e+00  3.48613398e-01  2.04967760e-01  1.15565046e-01  8.20222683e-02  2.83805471e+05 
 4.02552013e+14  1.19856881e+34  1.20491000e+01  3.72321069e-01  8.68360000e+00  3.50406506e-01  2.05579034e-01  1.14844763e-01  8.24516908e-02  2.77941199e+05 
 4.03393730e+14  1.20634008e+34  1.20431000e+01  3.74070822e-01  8.69360000e+00  3.52199148e-01  2.06189430e-01  1.14113435e-01  8.28811786e-02  2.72236651e+05 
 4.04235447e+14  1.21417841e+34  1.20381000e+01  3.75831262e-01  8.70360000e+00  3.54001951e-01  2.06768073e-01  1.13388036e-01  8.32780475e-02  2.66639284e+05 
 4.05077164e+14  1.22208976e+34  1.20321000e+01  3.77603756e-01  8.71260000e+00  3.55759889e-01  2.07383876e-01  1.12939282e-01  8.37114676e-02  2.61143350e+05 
 4.05918881e+14  1.23000110e+34  1.20271000e+01  3.79371885e-01  8.72260000e+00  3.57573259e-01  2.07964216e-01  1.12209746e-01  8.41099657e-02  2.55796579e+05 
 4.06760599e+14  1.23791244e+34  1.20221000e+01  3.81135619e-01  8.73260000e+00  3.59386122e-01  2.08543457e-01  1.11469421e-01  8.45081426e-02  2.50594150e+05 
 4.07602316e+14  1.24586271e+34  1.20171000e+01  3.82903584e-01  8.74260000e+00  3.61204573e-01  2.09123591e-01  1.10727995e-01  8.49070878e-02  2.45506810e+05 
 4.08444033e+14  1.25391532e+34  1.20111000e+01  3.84689902e-01  8.75160000e+00  3.62982166e-01  2.09742778e-01  1.10268056e-01  8.53440864e-02  2.40492642e+05 
 4.09285750e+14  1.26196793e+34  1.20061000e+01  3.86471816e-01  8.76160000e+00  3.64815649e-01  2.10326058e-01  1.09529582e-01  8.57454124e-02  2.35613360e+05 
 4.10127467e+14  1.27002055e+34  1.20011000e+01  3.88249294e-01  8.77160000e+00  3.66648585e-01  2.10908245e-01  1.08780554e-01  8.61464032e-02  2.30864643e+05 
 4.10969184e+14  1.27808291e+34  1.19971000e+01  3.90024459e-01  8.78060000e+00  3.68425561e-01  2.11454577e-01  1.08289358e-01  8.65112635e-02  2.26236782e+05 
 4.11810901e+14  1.28627798e+34  1.19921000e+01  3.91824359e-01  8.79060000e+00  3.70279572e-01  2.12041626e-01  1.07552565e-01  8.69152908e-02  2.21658103e+05 
 4.12652619e+14  1.29447305e+34  1.19871000e+01  3.93619817e-01  8.79960000e+00  3.72075889e-01  2.12627588e-01  1.07070229e-01  8.73189724e-02  2.17201522e+05 
 4.13494336e+14  1.30266811e+34  1.19821000e+01  3.95410805e-01  8.80960000e+00  3.73928621e-01  2.13212472e-01  1.06312347e-01  8.77223139e-02  2.12863154e+05 
 4.14336053e+14  1.31086318e+34  1.19781000e+01  3.97197287e-01  8.81860000e+00  3.75723354e-01  2.13760568e-01  1.05808110e-01  8.80885212e-02  2.08639245e+05 
 4.15177770e+14  1.31918144e+34  1.19731000e+01  3.99006084e-01  8.82860000e+00  3.77593917e-01  2.14349255e-01  1.05057510e-01  8.84942671e-02  2.04464999e+05 
 4.16019487e+14  1.32752014e+34  1.19691000e+01  4.00814845e-01  8.83760000e+00  3.79409450e-01  2.14901951e-01  1.04564243e-01  8.88630632e-02  2.00390969e+05 
 4.16861204e+14  1.33585885e+34  1.19651000e+01  4.02619098e-01  8.84760000e+00  3.81281843e-01  2.15453358e-01  1.03797636e-01  8.92311552e-02  1.96424068e+05 
 4.17702921e+14  1.34419755e+34  1.19601000e+01  4.04418808e-01  8.85660000e+00  3.83095712e-01  2.16039598e-01  1.03283021e-01  8.96360030e-02  1.92560938e+05 
 4.18544639e+14  1.35262938e+34  1.19561000e+01  4.06234025e-01  8.86560000e+00  3.84923057e-01  2.16593045e-01  1.02778203e-01  9.00052624e-02  1.88756751e+05 
 4.19386356e+14  1.36111289e+34  1.19521000e+01  4.08055849e-01  8.87560000e+00  3.86815649e-01  2.17147708e-01  1.02012849e-01  9.03751425e-02  1.85029268e+05 
 4.20228073e+14  1.36959641e+34  1.19481000e+01  4.09873123e-01  8.88460000e+00  3.88649327e-01  2.17701087e-01  1.01498247e-01  9.07443017e-02  1.81398956e+05 
 4.21069790e+14  1.37807992e+34  1.19441000e+01  4.11685821e-01  8.89360000e+00  3.90482042e-01  2.18253183e-01  1.00973099e-01  9.11127414e-02  1.77862789e+05 
 4.21911507e+14  1.38662542e+34  1.19401000e+01  4.13507132e-01  8.90260000e+00  3.92323318e-01  2.18806951e-01  1.00450641e-01  9.14820270e-02  1.74392964e+05 
 4.22753224e+14  1.39525492e+34  1.19371000e+01  4.15341772e-01  8.91160000e+00  3.94176575e-01  2.19326684e-01  9.99354802e-02  9.18142345e-02  1.70979681e+05 
 4.23594941e+14  1.40388443e+34  1.19331000e+01  4.17171827e-01  8.92160000e+00  3.96087617e-01  2.19881792e-01  9.91511836e-02  9.21840123e-02  1.67654622e+05 
 4.24436658e+14  1.41251393e+34  1.19291000e+01  4.18997268e-01  8.93060000e+00  3.97939048e-01  2.20435624e-01  9.86156939e-02  9.25530570e-02  1.64415058e+05 
 4.25278376e+14  1.42117319e+34  1.19261000e+01  4.20824347e-01  8.93960000e+00  3.99794005e-01  2.20952514e-01  9.80760894e-02  9.28831475e-02  1.61247595e+05 
 4.26120093e+14  1.42994984e+34  1.19221000e+01  4.22671559e-01  8.94860000e+00  4.01665916e-01  2.21510583e-01  9.75503474e-02  9.32541690e-02  1.58119456e+05 
 4.26961810e+14  1.43872649e+34  1.19191000e+01  4.24514147e-01  8.95760000e+00  4.03536822e-01  2.22030117e-01  9.70143886e-02  9.35851733e-02  1.55071470e+05 
 4.27803527e+14  1.44750315e+34  1.19151000e+01  4.26352088e-01  8.96660000e+00  4.05406686e-01  2.22585545e-01  9.64684111e-02  9.39545388e-02  1.52101197e+05 
 4.28645244e+14  1.45627980e+34  1.19121000e+01  4.28185354e-01  8.97560000e+00  4.07275484e-01  2.23102241e-01  9.59124534e-02  9.42835733e-02  1.49206253e+05 
 4.29486961e+14  1.46520121e+34  1.19091000e+01  4.30044150e-01  8.98460000e+00  4.09165211e-01  2.23624127e-01  9.53752852e-02  9.46149995e-02  1.46338251e+05 
 4.30328678e+14  1.47412617e+34  1.19051000e+01  4.31899029e-01  8.99360000e+00  4.11054435e-01  2.24182373e-01  9.48288849e-02  9.49853221e-02  1.43541996e+05 
 4.31170396e+14  1.48305114e+34  1.19021000e+01  4.33749222e-01  9.00260000e+00  4.12942584e-01  2.24701592e-01  9.42726261e-02  9.53148350e-02  1.40816424e+05 
 4.32012113e+14  1.49197611e+34  1.18991000e+01  4.35594706e-01  9.01160000e+00  4.14829623e-01  2.25219354e-01  9.37066679e-02  9.56432782e-02  1.38159401e+05 
 4.32853830e+14  1.50101255e+34  1.18961000e+01  4.37458481e-01  9.02060000e+00  4.16732363e-01  2.25740693e-01  9.31524543e-02  9.59732325e-02  1.35536831e+05 
 4.33695547e+14  1.51008699e+34  1.18931000e+01  4.39325402e-01  9.02860000e+00  4.18579588e-01  2.26262290e-01  9.28489009e-02  9.63029826e-02  1.32969458e+05 
 4.34537264e+14  1.51916142e+34  1.18901000e+01  4.41187604e-01  9.03760000e+00  4.20485736e-01  2.26782436e-01  9.22822544e-02  9.66316529e-02  1.30466442e+05 
 4.35378981e+14  1.52823586e+34  1.18871000e+01  4.43045061e-01  9.04660000e+00  4.22390728e-01  2.27301132e-01  9.17061756e-02  9.69592439e-02  1.28025854e+05 
 4.36220698e+14  1.53738736e+34  1.18841000e+01  4.44913493e-01  9.05560000e+00  4.24306105e-01  2.27821796e-01  9.11349718e-02  9.72874848e-02  1.25625834e+05 
 4.37062415e+14  1.54661242e+34  1.18821000e+01  4.46792207e-01  9.06360000e+00  4.26170736e-01  2.28305834e-01  9.08192078e-02  9.75752115e-02  1.23266752e+05 
 4.37904133e+14  1.55583749e+34  1.18791000e+01  4.48666166e-01  9.07260000e+00  4.28094736e-01  2.28826769e-01  9.02423687e-02  9.79027720e-02  1.20966317e+05 
 4.38745850e+14  1.56506255e+34  1.18761000e+01  4.50535350e-01  9.08160000e+00  4.30017517e-01  2.29346266e-01  8.96564367e-02  9.82292478e-02  1.18722783e+05 
 4.39587567e+14  1.57432910e+34  1.18741000e+01  4.52408114e-01  9.08960000e+00  4.31884288e-01  2.29827408e-01  8.93186417e-02  9.85140409e-02  1.16524728e+05 
 4.40429284e+14  1.58370593e+34  1.18711000e+01  4.54298372e-01  9.09860000e+00  4.33827154e-01  2.30350535e-01  8.87410746e-02  9.88414822e-02  1.14355364e+05 
 4.41271001e+14  1.59308277e+34  1.18691000e+01  4.56183844e-01  9.10760000e+00  4.35768796e-01  2.30833320e-01  8.81544857e-02  9.91260535e-02  1.12239478e+05 
 4.42112718e+14  1.60245960e+34  1.18661000e+01  4.58064504e-01  9.11560000e+00  4.37647898e-01  2.31353483e-01  8.78074228e-02  9.94511525e-02  1.10175499e+05 
 4.42954435e+14  1.61184119e+34  1.18641000e+01  4.59941279e-01  9.12460000e+00  4.39587641e-01  2.31833327e-01  8.72033224e-02  9.97332129e-02  1.08160887e+05 
 4.43796153e+14  1.62137094e+34  1.18611000e+01  4.61842834e-01  9.13260000e+00  4.41486479e-01  2.32357069e-01  8.68636839e-02  1.00059187e-01  1.06164457e+05 
 4.44637870e+14  1.63090069e+34  1.18591000e+01  4.63739566e-01  9.14160000e+00  4.43445511e-01  2.32840105e-01  8.62670517e-02  1.00341733e-01  1.04216834e+05 
 4.45479587e+14  1.64043044e+34  1.18571000e+01  4.65631454e-01  9.14960000e+00  4.45341490e-01  2.33321534e-01  8.59084499e-02  1.00622904e-01  1.02316597e+05 
 4.46321304e+14  1.64996018e+34  1.18551000e+01  4.67518477e-01  9.15760000e+00  4.47235926e-01  2.33801358e-01  8.55403716e-02  1.00902703e-01  1.00462363e+05 
 4.47163021e+14  1.65961081e+34  1.18521000e+01  4.69424520e-01  9.16660000e+00  4.49208592e-01  2.34324190e-01  8.49370996e-02  1.01226279e-01  9.86300679e+04 
 4.48004738e+14  1.66929461e+34  1.18501000e+01  4.71332264e-01  9.17460000e+00  4.51122705e-01  2.34807355e-01  8.45762244e-02  1.01506571e-01  9.68359830e+04 
 4.48846455e+14  1.67897841e+34  1.18481000e+01  4.73235133e-01  9.18360000e+00  4.53097509e-01  2.35288922e-01  8.39609646e-02  1.01785484e-01  9.50851917e+04 
 4.49688173e+14  1.68866221e+34  1.18461000e+01  4.75133102e-01  9.19160000e+00  4.55008636e-01  2.35768892e-01  8.35818088e-02  1.02063019e-01  9.33764423e+04 
 4.50529890e+14  1.69842889e+34  1.18441000e+01  4.77042365e-01  9.19960000e+00  4.56930234e-01  2.36250682e-01  8.32069246e-02  1.02340806e-01  9.16943961e+04 
 4.51371607e+14  1.70826788e+34  1.18421000e+01  4.78960871e-01  9.20860000e+00  4.58923373e-01  2.36733855e-01  8.25907892e-02  1.02618622e-01  9.00405219e+04 
 4.52213324e+14  1.71810686e+34  1.18401000e+01  4.80874466e-01  9.21660000e+00  4.60852496e-01  2.37215436e-01  8.22095364e-02  1.02895051e-01  8.84262342e+04 
 4.53055041e+14  1.72794585e+34  1.18381000e+01  4.82783134e-01  9.22460000e+00  4.62780000e-01  2.37695432e-01  8.18192789e-02  1.03170102e-01  8.68503977e+04 
 4.53896758e+14  1.73782849e+34  1.18371000e+01  4.84695299e-01  9.23260000e+00  4.64712169e-01  2.38135365e-01  8.14269448e-02  1.03400914e-01  8.53051598e+04 
 4.54738475e+14  1.74782379e+34  1.18351000e+01  4.86624315e-01  9.24060000e+00  4.66659025e-01  2.38618422e-01  8.10432215e-02  1.03676032e-01  8.37794263e+04 
 4.55580192e+14  1.75781909e+34  1.18331000e+01  4.88548389e-01  9.24860000e+00  4.68604267e-01  2.39099897e-01  8.06505382e-02  1.03949762e-01  8.22899174e+04 
 4.56421910e+14  1.76781439e+34  1.18311000e+01  4.90467504e-01  9.25760000e+00  4.70611114e-01  2.39579797e-01  8.00078694e-02  1.04222111e-01  8.08356029e+04 
 4.57263627e+14  1.77781288e+34  1.18301000e+01  4.92382251e-01  9.26560000e+00  4.72553610e-01  2.40017663e-01  7.95985283e-02  1.04448983e-01  7.94150339e+04 
 4.58105344e+14  1.78796561e+34  1.18281000e+01  4.94321527e-01  9.27360000e+00  4.74516570e-01  2.40500574e-01  7.92038456e-02  1.04721317e-01  7.80065003e+04 
 4.58947061e+14  1.79811834e+34  1.18261000e+01  4.96255830e-01  9.28160000e+00  4.76477875e-01  2.40981912e-01  7.88004428e-02  1.04992260e-01  7.66311401e+04 
 4.59788778e+14  1.80827108e+34  1.18251000e+01  4.98185144e-01  9.28960000e+00  4.78437495e-01  2.41420842e-01  7.83884089e-02  1.05217316e-01  7.52880154e+04 
 4.60630495e+14  1.81842381e+34  1.18231000e+01  5.00109448e-01  9.29760000e+00  4.80395404e-01  2.41898963e-01  7.79678924e-02  1.05485378e-01  7.39762248e+04 
 4.61472212e+14  1.82869657e+34  1.18221000e+01  5.02051443e-01  9.30560000e+00  4.82368693e-01  2.42339186e-01  7.75564511e-02  1.05709439e-01  7.26798783e+04 
 4.62313930e+14  1.83900785e+34  1.18201000e+01  5.03995723e-01  9.31360000e+00  4.84345769e-01  2.42820266e-01  7.71421814e-02  1.05977386e-01  7.14090214e+04 
 4.63155647e+14  1.84931913e+34  1.18191000e+01  5.05934982e-01  9.32160000e+00  4.86321122e-01  2.43258615e-01  7.67194996e-02  1.06199008e-01  7.01677141e+04 
 4.63997364e+14  1.85963041e+34  1.18181000e+01  5.07869203e-01  9.32860000e+00  4.88230500e-01  2.43695247e-01  7.65258699e-02  1.06419036e-01  6.89551346e+04 
 4.64839081e+14  1.87001984e+34  1.18161000e+01  5.09812995e-01  9.33660000e+00  4.90213285e-01  2.44174477e-01  7.60973247e-02  1.06683923e-01  6.77615977e+04 
 4.65680798e+14  1.88049078e+34  1.18151000e+01  5.11767000e-01  9.34460000e+00  4.92205846e-01  2.44613850e-01  7.56720358e-02  1.06903538e-01  6.65864830e+04 
 4.66522515e+14  1.89096173e+34  1.18141000e+01  5.13715954e-01  9.35260000e+00  4.94196644e-01  2.45051511e-01  7.52385756e-02  1.07121554e-01  6.54384778e+04 
 4.67364232e+14  1.90143267e+34  1.18121000e+01  5.15659843e-01  9.36060000e+00  4.96185637e-01  2.45529039e-01  7.47971374e-02  1.07383429e-01  6.43168342e+04 
 4.68205950e+14  1.91193859e+34  1.18111000e+01  5.17605121e-01  9.36760000e+00  4.98112965e-01  2.45964678e-01  7.45877386e-02  1.07598932e-01  6.32171991e+04 
 4.69047667e+14  1.92257030e+34  1.18101000e+01  5.19568598e-01  9.37560000e+00  5.00120822e-01  2.46403323e-01  7.41517663e-02  1.07814868e-01  6.21298685e+04 
 4.69889384e+14  1.93320200e+34  1.18091000e+01  5.21526997e-01  9.38360000e+00  5.02126874e-01  2.46840266e-01  7.37078479e-02  1.08029210e-01  6.10674249e+04 
 4.70731101e+14  1.94383371e+34  1.18081000e+01  5.23480301e-01  9.39160000e+00  5.04131091e-01  2.47275512e-01  7.32560988e-02  1.08241967e-01  6.00291854e+04 
 4.71572818e+14  1.95446542e+34  1.18071000e+01  5.25428494e-01  9.39860000e+00  5.06068268e-01  2.47709068e-01  7.30302379e-02  1.08453147e-01  5.90144877e+04 
 4.72414535e+14  1.96524949e+34  1.18061000e+01  5.27399456e-01  9.40660000e+00  5.08089897e-01  2.48146530e-01  7.25826769e-02  1.08665100e-01  5.80085974e+04 
 4.73256252e+14  1.97604306e+34  1.18041000e+01  5.29367048e-01  9.41460000e+00  5.10110997e-01  2.48624774e-01  7.21286709e-02  1.08921739e-01  5.70246757e+04 
 4.74097969e+14  1.98683663e+34  1.18031000e+01  5.31329517e-01  9.42160000e+00  5.12064742e-01  2.49059284e-01  7.18993707e-02  1.09130761e-01  5.60629930e+04 
 4.74939687e+14  1.99763021e+34  1.18031000e+01  5.33286850e-01  9.42960000e+00  5.14081988e-01  2.49449835e-01  7.14296990e-02  1.09291900e-01  5.51229454e+04 
 4.75781404e+14  2.00853143e+34  1.18021000e+01  5.35258512e-01  9.43660000e+00  5.16046497e-01  2.49884788e-01  7.11978738e-02  1.09499281e-01  5.41948707e+04 
 4.76623121e+14  2.01948796e+34  1.18011000e+01  5.37235048e-01  9.44460000e+00  5.18082365e-01  2.50320057e-01  7.07335873e-02  1.09705900e-01  5.32830567e+04 
 4.77464838e+14  2.03044449e+34  1.18001000e+01  5.39206432e-01  9.45160000e+00  5.20050409e-01  2.50753648e-01  7.04926547e-02  1.09910945e-01  5.23916937e+04 
 4.78306555e+14  2.04140103e+34  1.17991000e+01  5.41172652e-01  9.45960000e+00  5.22082352e-01  2.51185571e-01  7.00131263e-02  1.10114426e-01  5.15202309e+04 
 4.79148272e+14  2.05241915e+34  1.17981000e+01  5.43144713e-01  9.46660000e+00  5.24054658e-01  2.51618004e-01  6.97639452e-02  1.10317219e-01  5.06633926e+04 
 4.79989989e+14  2.06353973e+34  1.17971000e+01  5.45129940e-01  9.47460000e+00  5.26105093e-01  2.52052393e-01  6.92897027e-02  1.10519891e-01  4.98178474e+04 
 4.80831707e+14  2.07466031e+34  1.17961000e+01  5.47109988e-01  9.48160000e+00  5.28087268e-01  2.52485116e-01  6.90373792e-02  1.10720996e-01  4.89911205e+04 
 4.81673424e+14  2.08578089e+34  1.17961000e+01  5.49084848e-01  9.48860000e+00  5.30067237e-01  2.52873297e-01  6.87772183e-02  1.10873535e-01  4.81827078e+04 
 4.82515141e+14  2.09691563e+34  1.17951000e+01  5.51057004e-01  9.49660000e+00  5.32113534e-01  2.53303121e-01  6.82822545e-02  1.11071636e-01  4.73911284e+04 
 4.83356858e+14  2.10820134e+34  1.17941000e+01  5.53050673e-01  9.50360000e+00  5.34111692e-01  2.53736528e-01  6.80264413e-02  1.11270222e-01  4.66065268e+04 
 4.84198575e+14  2.11948705e+34  1.17941000e+01  5.55039136e-01  9.51060000e+00  5.36107668e-01  2.54125175e-01  6.77627420e-02  1.11419997e-01  4.58392517e+04 
 4.85040292e+14  2.13077276e+34  1.17931000e+01  5.57022381e-01  9.51860000e+00  5.38168328e-01  2.54555201e-01  6.72638813e-02  1.11615386e-01  4.50888465e+04 
 4.85882009e+14  2.14205848e+34  1.17921000e+01  5.59000399e-01  9.52560000e+00  5.40159978e-01  2.54983588e-01  6.69851810e-02  1.11809240e-01  4.43548640e+04 
 4.86723727e+14  2.15347575e+34  1.17921000e+01  5.60996196e-01  9.53260000e+00  5.42167130e-01  2.55371485e-01  6.67140203e-02  1.11955760e-01  4.36285730e+04 
 4.87565444e+14  2.16492767e+34  1.17911000e+01  5.62992823e-01  9.53960000e+00  5.44176748e-01  2.55802162e-01  6.64391791e-02  1.12148575e-01  4.29160221e+04 
 4.88407161e+14  2.17637959e+34  1.17901000e+01  5.64984209e-01  9.54760000e+00  5.46251395e-01  2.56231204e-01  6.59309817e-02  1.12339853e-01  4.22190177e+04 
 4.89248878e+14  2.18783151e+34  1.17901000e+01  5.66970342e-01  9.55460000e+00  5.48256610e-01  2.56615074e-01  6.56414992e-02  1.12481885e-01  4.15371506e+04 
 4.90090595e+14  2.19936585e+34  1.17891000e+01  5.68965467e-01  9.56160000e+00  5.50270568e-01  2.57043532e-01  6.53538436e-02  1.12671036e-01  4.08652713e+04 
 4.90932312e+14  2.21098505e+34  1.17891000e+01  5.70970010e-01  9.56860000e+00  5.52293619e-01  2.57429506e-01  6.50681782e-02  1.12811828e-01  4.02031224e+04 
 4.91774029e+14  2.22260425e+34  1.17881000e+01  5.72969286e-01  9.57560000e+00  5.54314401e-01  2.57857460e-01  6.47751379e-02  1.12998867e-01  3.95553120e+04 
 4.92615746e+14  2.23422345e+34  1.17881000e+01  5.74963283e-01  9.58260000e+00  5.56332888e-01  2.58239969e-01  6.44747922e-02  1.13136384e-01  3.89214646e+04 
 4.93457464e+14  2.24587452e+34  1.17881000e+01  5.76957441e-01  9.58960000e+00  5.58353283e-01  2.58621767e-01  6.41707138e-02  1.13272623e-01  3.82995351e+04 
 4.94299181e+14  2.25766206e+34  1.17871000e+01  5.78969652e-01  9.59660000e+00  5.60389462e-01  2.59050228e-01  6.38742060e-02  1.13456912e-01  3.76838425e+04 
 4.95140898e+14  2.26944961e+34  1.17871000e+01  5.80976572e-01  9.60360000e+00  5.62423337e-01  2.59433042e-01  6.35704731e-02  1.13591481e-01  3.70813797e+04 
 4.95982615e+14  2.28123715e+34  1.17861000e+01  5.82978188e-01  9.61060000e+00  5.64454889e-01  2.59858203e-01  6.32596467e-02  1.13772661e-01  3.64918073e+04 
 4.96824332e+14  2.29302469e+34  1.17861000e+01  5.84974491e-01  9.61760000e+00  5.66484094e-01  2.60237589e-01  6.29417767e-02  1.13904006e-01  3.59147911e+04 
 4.97666049e+14  2.30496152e+34  1.17861000e+01  5.86990718e-01  9.62460000e+00  5.68530577e-01  2.60620022e-01  6.26325135e-02  1.14035365e-01  3.53429158e+04 
 4.98507766e+14  2.31691847e+34  1.17851000e+01  5.89005032e-01  9.63160000e+00  5.70577363e-01  2.61045659e-01  6.23183689e-02  1.14213752e-01  3.47822853e+04 
 4.99349484e+14  2.32887542e+34  1.17851000e+01  5.91014019e-01  9.63860000e+00  5.72621788e-01  2.61425320e-01  6.19972725e-02  1.14342116e-01  3.42335588e+04 
 5.00191201e+14  2.34083236e+34  1.17851000e+01  5.93017671e-01  9.64560000e+00  5.74663829e-01  2.61803251e-01  6.16693475e-02  1.14468861e-01  3.36964328e+04 
 5.01032918e+14  2.35288621e+34  1.17851000e+01  5.95032177e-01  9.65260000e+00  5.76716108e-01  2.62182503e-01  6.13444406e-02  1.14595009e-01  3.31663887e+04 
 5.01874635e+14  2.36501362e+34  1.17841000e+01  5.97053638e-01  9.65960000e+00  5.78775588e-01  2.62606909e-01  6.10202039e-02  1.14768990e-01  3.26443700e+04 
 5.02716352e+14  2.37714102e+34  1.17841000e+01  5.99069751e-01  9.66560000e+00  5.80763728e-01  2.62985083e-01  6.09086599e-02  1.14892723e-01  3.21333529e+04 
 5.03558069e+14  2.38926842e+34  1.17841000e+01  6.01080506e-01  9.67260000e+00  5.82818318e-01  2.63361537e-01  6.05705730e-02  1.15014855e-01  3.16330592e+04 
 5.04399786e+14  2.40143887e+34  1.17841000e+01  6.03093005e-01  9.67960000e+00  5.84876035e-01  2.63737606e-01  6.02301190e-02  1.15135820e-01  3.11414963e+04 
 5.05241504e+14  2.41373778e+34  1.17831000e+01  6.05121367e-01  9.68660000e+00  5.86947929e-01  2.64160759e-01  5.98956540e-02  1.15305375e-01  3.06551401e+04 
 5.06083221e+14  2.42603669e+34  1.17831000e+01  6.07144359e-01  9.69260000e+00  5.88948058e-01  2.64537424e-01  5.97726229e-02  1.15424463e-01  3.01789580e+04 
 5.06924938e+14  2.43833560e+34  1.17831000e+01  6.09161971e-01  9.69960000e+00  5.91014990e-01  2.64912382e-01  5.94246827e-02  1.15541968e-01  2.97126948e+04 
 5.07766655e+14  2.45063450e+34  1.17831000e+01  6.11174194e-01  9.70660000e+00  5.93079441e-01  2.65285639e-01  5.90703608e-02  1.15657900e-01  2.92561016e+04 
 5.08608372e+14  2.46309365e+34  1.17831000e+01  6.13207202e-01  9.71260000e+00  5.95092333e-01  2.65662044e-01  5.89417877e-02  1.15773753e-01  2.88031558e+04 
 5.09450089e+14  2.47556510e+34  1.17831000e+01  6.15236827e-01  9.71960000e+00  5.97173903e-01  2.66037117e-01  5.85905273e-02  1.15888141e-01  2.83591737e+04 
 5.10291806e+14  2.48803656e+34  1.17831000e+01  6.17261053e-01  9.72660000e+00  5.99252957e-01  2.66410496e-01  5.82330547e-02  1.16000963e-01  2.79243720e+04 
 5.11133523e+14  2.50050801e+34  1.17831000e+01  6.19279868e-01  9.73260000e+00  6.01259616e-01  2.66782185e-01  5.80852065e-02  1.16112229e-01  2.74985219e+04 
 5.11975241e+14  2.51308389e+34  1.17831000e+01  6.21310130e-01  9.73960000e+00  6.03346852e-01  2.67155288e-01  5.77244293e-02  1.16222865e-01  2.70779387e+04 
 5.12816958e+14  2.52572892e+34  1.17831000e+01  6.23346147e-01  9.74560000e+00  6.05370248e-01  2.67528753e-01  5.75790610e-02  1.16332552e-01  2.66637392e+04 
 5.13658675e+14  2.53837395e+34  1.17831000e+01  6.25376740e-01  9.75260000e+00  6.07461192e-01  2.67900533e-01  5.72117751e-02  1.16440686e-01  2.62580417e+04 
 5.14500392e+14  2.55101898e+34  1.17831000e+01  6.27401906e-01  9.75860000e+00  6.09479249e-01  2.68270638e-01  5.70531481e-02  1.16547288e-01  2.58606360e+04 
 5.15342109e+14  2.56371110e+34  1.17831000e+01  6.29429147e-01  9.76560000e+00  6.11570954e-01  2.68640438e-01  5.66775680e-02  1.16652750e-01  2.54698817e+04 
 5.16183826e+14  2.57653074e+34  1.17831000e+01  6.31471312e-01  9.77160000e+00  6.13605638e-01  2.69012278e-01  5.65212933e-02  1.16757736e-01  2.50832459e+04 
 5.17025543e+14  2.58935038e+34  1.17831000e+01  6.33508031e-01  9.77860000e+00  6.15708223e-01  2.69382442e-01  5.61446155e-02  1.16861187e-01  2.47044885e+04 
 5.17867261e+14  2.60217002e+34  1.17831000e+01  6.35539305e-01  9.78460000e+00  6.17737523e-01  2.69750945e-01  5.59753636e-02  1.16963125e-01  2.43334162e+04 
 5.18708978e+14  2.61498966e+34  1.17831000e+01  6.37565119e-01  9.79160000e+00  6.19834858e-01  2.70117785e-01  5.55865940e-02  1.17063553e-01  2.39698410e+04 
 5.19550695e+14  2.62797313e+34  1.17831000e+01  6.39611326e-01  9.79760000e+00  6.21879192e-01  2.70487644e-01  5.54185836e-02  1.17163748e-01  2.36090618e+04 
 5.20392412e+14  2.64096840e+34  1.17831000e+01  6.41653932e-01  9.80360000e+00  6.23922239e-01  2.70856177e-01  5.52450266e-02  1.17262522e-01  2.32552562e+04 
 5.21234129e+14  2.65396367e+34  1.17831000e+01  6.43691069e-01  9.81060000e+00  6.26033559e-01  2.71223057e-01  5.48531588e-02  1.17359797e-01  2.29085778e+04 
 5.22075846e+14  2.66695894e+34  1.17831000e+01  6.45722735e-01  9.81660000e+00  6.28071116e-01  2.71588292e-01  5.46671475e-02  1.17455589e-01  2.25688534e+04 
 5.22917563e+14  2.68005861e+34  1.17831000e+01  6.47765199e-01  9.82260000e+00  6.30118806e-01  2.71954801e-01  5.44833767e-02  1.17550655e-01  2.22332623e+04 
 5.23759281e+14  2.69323053e+34  1.17831000e+01  6.49813450e-01  9.82960000e+00  6.32243944e-01  2.72321687e-01  5.40884514e-02  1.17644757e-01  2.19025809e+04 
 5.24600998e+14  2.70640244e+34  1.17841000e+01  6.51856216e-01  9.83560000e+00  6.34295050e-01  2.72640646e-01  5.38983724e-02  1.17687431e-01  2.15785125e+04 
 5.25442715e+14  2.71957436e+34  1.17841000e+01  6.53893487e-01  9.84160000e+00  6.36343341e-01  2.73004192e-01  5.37020547e-02  1.17778548e-01  2.12608985e+04 
 5.26284432e+14  2.73278967e+34  1.17841000e+01  6.55931947e-01  9.84760000e+00  6.38394120e-01  2.73367298e-01  5.35030408e-02  1.17868503e-01  2.09485673e+04 
 5.27126149e+14  2.74613924e+34  1.17841000e+01  6.57985606e-01  9.85360000e+00  6.40458495e-01  2.73732459e-01  5.33087321e-02  1.17957908e-01  2.06393288e+04 
 5.27967866e+14  2.75948882e+34  1.17841000e+01  6.60033760e-01  9.86060000e+00  6.42591835e-01  2.74095989e-01  5.28990254e-02  1.18045852e-01  2.03362307e+04 
 5.28809583e+14  2.77283839e+34  1.17851000e+01  6.62076403e-01  9.86660000e+00  6.44650637e-01  2.74411313e-01  5.26927342e-02  1.18082237e-01  2.00391254e+04 
 5.29651300e+14  2.78618796e+34  1.17851000e+01  6.64113528e-01  9.87260000e+00  6.46706584e-01  2.74771540e-01  5.24804229e-02  1.18167263e-01  1.97478710e+04 
 5.30493018e+14  2.79969699e+34  1.17851000e+01  6.66169425e-01  9.87860000e+00  6.48779037e-01  2.75134440e-01  5.22745008e-02  1.18251860e-01  1.94589427e+04 
 5.31334735e+14  2.81322522e+34  1.17851000e+01  6.68222729e-01  9.88460000e+00  6.50850938e-01  2.75496241e-01  5.20641414e-02  1.18335142e-01  1.91753039e+04 
 5.32176452e+14  2.82675345e+34  1.17861000e+01  6.70270505e-01  9.89060000e+00  6.52919960e-01  2.75809615e-01  5.18478338e-02  1.18421248e-01  1.89059314e+04 
 5.33018169e+14  2.84028169e+34  1.17861000e+01  6.72312749e-01  9.89660000e+00  6.54986090e-01  2.76168137e-01  5.16256890e-02  1.18447176e-01  1.86246005e+04 
 5.33859886e+14  2.85390615e+34  1.17861000e+01  6.74363945e-01  9.90260000e+00  6.57060902e-01  2.76527599e-01  5.14049690e-02  1.18526742e-01  1.83553901e+04 
 5.34701603e+14  2.86761404e+34  1.17861000e+01  6.76422163e-01  9.90860000e+00  6.59142864e-01  2.76887656e-01  5.11846715e-02  1.18605379e-01  1.80898194e+04 
 5.35543320e+14  2.88132193e+34  1.17871000e+01  6.78474837e-01  9.91460000e+00  6.61221918e-01  2.77199066e-01  5.09585786e-02  1.18632274e-01  1.78294255e+04 
 5.36385038e+14  2.89502982e+34  1.17871000e+01  6.80521961e-01  9.92060000e+00  6.63298052e-01  2.77555869e-01  5.07267897e-02  1.18708083e-01  1.75740876e+04 
 5.37226755e+14  2.90876909e+34  1.17871000e+01  6.82568204e-01  9.92660000e+00  6.65374996e-01  2.77911898e-01  5.04916398e-02  1.18782681e-01  1.73231185e+04 
 5.38068472e+14  2.92265762e+34  1.17881000e+01  6.84631101e-01  9.93260000e+00  6.67466816e-01  2.78222981e-01  5.02616540e-02  1.18861090e-01  1.70822087e+04 
 5.38910189e+14  2.93654616e+34  1.17881000e+01  6.86688438e-01  9.93860000e+00  6.69555700e-01  2.78579632e-01  5.00260580e-02  1.18878892e-01  1.68303639e+04 
 5.39751906e+14  2.95043469e+34  1.17881000e+01  6.88740212e-01  9.94460000e+00  6.71641630e-01  2.78934703e-01  4.97849065e-02  1.18950124e-01  1.65910982e+04 
 5.40593623e+14  2.96432323e+34  1.17891000e+01  6.90786418e-01  9.95060000e+00  6.73724595e-01  2.79240813e-01  4.95382343e-02  1.19024449e-01  1.63639773e+04 
 5.41435340e+14  2.97835828e+34  1.17891000e+01  6.92848597e-01  9.95660000e+00  6.75821911e-01  2.79596392e-01  4.92964132e-02  1.19038739e-01  1.61238314e+04 
 5.42277058e+14  2.99242844e+34  1.17891000e+01  6.94910366e-01  9.96260000e+00  6.77920409e-01  2.79951286e-01  4.90515841e-02  1.19106768e-01  1.58951316e+04 
 5.43118775e+14  3.00649861e+34  1.17901000e+01  6.96966555e-01  9.96760000e+00  6.79942581e-01  2.80257055e-01  4.90047013e-02  1.19122913e-01  1.56708097e+04 
 5.43960492e+14  3.02056878e+34  1.17901000e+01  6.99017163e-01  9.97360000e+00  6.82035038e-01  2.80608757e-01  4.87487404e-02  1.19188229e-01  1.54507652e+04 
 5.44802209e+14  3.03471827e+34  1.17901000e+01  7.01073713e-01  9.97960000e+00  6.84133777e-01  2.80960874e-01  4.84928850e-02  1.19252577e-01  1.52336923e+04 
 5.45643926e+14  3.04897104e+34  1.17911000e+01  7.03139682e-01  9.98560000e+00  6.86241611e-01  2.81266276e-01  4.82387107e-02  1.19265469e-01  1.50191956e+04 
 5.46485643e+14  3.06322382e+34  1.17911000e+01  7.05200057e-01  9.99160000e+00  6.88346429e-01  2.81617782e-01  4.79792952e-02  1.19327597e-01  1.48087770e+04 
 5.47327360e+14  3.07747659e+34  1.17921000e+01  7.07254835e-01  9.99660000e+00  6.90374491e-01  2.81919907e-01  4.79163896e-02  1.19393020e-01  1.46090999e+04 
 5.48169077e+14  3.09173982e+34  1.17921000e+01  7.09305517e-01  1.00026000e+01  6.92474400e-01  2.82268513e-01  4.76469441e-02  1.19397322e-01  1.43996536e+04 
 5.49010795e+14  3.10617617e+34  1.17921000e+01  7.11375456e-01  1.00086000e+01  6.94591359e-01  2.82619794e-01  4.73837427e-02  1.19456261e-01  1.41983762e+04 
 5.49852512e+14  3.12061252e+34  1.17931000e+01  7.13439787e-01  1.00136000e+01  6.96631268e-01  2.82921536e-01  4.73162825e-02  1.19463229e-01  1.40008985e+04 
 5.50694229e+14  3.13504887e+34  1.17931000e+01  7.15498508e-01  1.00196000e+01  6.98742104e-01  2.83269671e-01  4.70424227e-02  1.19519545e-01  1.38071344e+04 
 5.51535946e+14  3.14948522e+34  1.17941000e+01  7.17551619e-01  1.00256000e+01  7.00849829e-01  2.83568175e-01  4.67636528e-02  1.19523896e-01  1.36169990e+04 
 5.52377663e+14  3.16404600e+34  1.17941000e+01  7.19616769e-01  1.00306000e+01  7.02894558e-01  2.83916165e-01  4.66877659e-02  1.19578100e-01  1.34288147e+04 
 5.53219380e+14  3.17866689e+34  1.17951000e+01  7.21684829e-01  1.00366000e+01  7.05017330e-01  2.84215852e-01  4.64103152e-02  1.19635995e-01  1.32495309e+04 
 5.54061097e+14  3.19328779e+34  1.17951000e+01  7.23747268e-01  1.00416000e+01  7.07062550e-01  2.84562160e-01  4.63274770e-02  1.19632398e-01  1.30614272e+04 
 5.54902815e+14  3.20790868e+34  1.17961000e+01  7.25804079e-01  1.00476000e+01  7.09179112e-01  2.84858633e-01  4.60397839e-02  1.19687780e-01  1.28888271e+04 
 5.55744532e+14  3.22258267e+34  1.17961000e+01  7.27862712e-01  1.00526000e+01  7.11223943e-01  2.85203090e-01  4.59495972e-02  1.19681780e-01  1.27069491e+04 
 5.56586249e+14  3.23738906e+34  1.17971000e+01  7.29934275e-01  1.00586000e+01  7.13355353e-01  2.85500716e-01  4.56633481e-02  1.19735303e-01  1.25385731e+04 
 5.57427966e+14  3.25219545e+34  1.17971000e+01  7.32000203e-01  1.00636000e+01  7.15408842e-01  2.85845183e-01  4.55706716e-02  1.19727169e-01  1.23617908e+04 
 5.58269683e+14  3.26700185e+34  1.17981000e+01  7.34060495e-01  1.00696000e+01  7.17533960e-01  2.86139620e-01  4.52745263e-02  1.19778229e-01  1.21996500e+04 
 5.59111400e+14  3.28180824e+34  1.17981000e+01  7.36115149e-01  1.00746000e+01  7.19580983e-01  2.86481016e-01  4.51714509e-02  1.19767567e-01  1.20292678e+04 
 5.59953117e+14  3.29678111e+34  1.17991000e+01  7.38187224e-01  1.00806000e+01  7.21718553e-01  2.86776112e-01  4.48755065e-02  1.19816697e-01  1.18712790e+04 
 5.60794835e+14  3.31177395e+34  1.17991000e+01  7.40256420e-01  1.00856000e+01  7.23780123e-01  2.87118728e-01  4.47732289e-02  1.19804077e-01  1.17050554e+04 
 5.61636552e+14  3.32676679e+34  1.18001000e+01  7.42319966e-01  1.00916000e+01  7.25913604e-01  2.87411119e-01  4.44688186e-02  1.19850850e-01  1.15526662e+04 
 5.62478269e+14  3.34175963e+34  1.18001000e+01  7.44377866e-01  1.00966000e+01  7.27968650e-01  2.87750689e-01  4.43564270e-02  1.19835752e-01  1.13924195e+04 
 5.63319986e+14  3.35684508e+34  1.18011000e+01  7.46442787e-01  1.01016000e+01  7.30030753e-01  2.88042027e-01  4.42441326e-02  1.19880396e-01  1.12446611e+04 
 5.64161703e+14  3.37202531e+34  1.18011000e+01  7.48515029e-01  1.01076000e+01  7.32175552e-01  2.88382784e-01  4.39362681e-02  1.19863337e-01  1.10882899e+04 
 5.65003420e+14  3.38720555e+34  1.18021000e+01  7.50581610e-01  1.01126000e+01  7.34241688e-01  2.88673121e-01  4.38194892e-02  1.19905865e-01  1.09449973e+04 
 5.65845137e+14  3.40238578e+34  1.18021000e+01  7.52642531e-01  1.01176000e+01  7.36304504e-01  2.89010852e-01  4.36976440e-02  1.19886377e-01  1.07942106e+04 
 5.66686854e+14  3.41758297e+34  1.18031000e+01  7.54700087e-01  1.01236000e+01  7.38441503e-01  2.89298451e-01  4.33767018e-02  1.19870775e-01  1.06509937e+04 
 5.67528572e+14  3.43295154e+34  1.18031000e+01  7.56775154e-01  1.01286000e+01  7.40518555e-01  2.89637339e-01  4.32556807e-02  1.19905176e-01  1.05087829e+04 
 5.68370289e+14  3.44832010e+34  1.18041000e+01  7.58844547e-01  1.01336000e+01  7.42592286e-01  2.89925612e-01  4.31295716e-02  1.19887609e-01  1.03691460e+04 
 5.69212006e+14  3.46368867e+34  1.18041000e+01  7.60908275e-01  1.01386000e+01  7.44662616e-01  2.90261499e-01  4.29986967e-02  1.19919675e-01  1.02320272e+04 
 5.70053723e+14  3.47905723e+34  1.18051000e+01  7.62966333e-01  1.01446000e+01  7.46805601e-01  2.90546684e-01  4.26688762e-02  1.19899799e-01  1.00973710e+04 
 5.70895440e+14  3.49455457e+34  1.18061000e+01  7.65035924e-01  1.01496000e+01  7.48883434e-01  2.90833100e-01  4.25353861e-02  1.19934968e-01  9.96867292e+03 
 5.71737157e+14  3.51011240e+34  1.18061000e+01  7.67107915e-01  1.01546000e+01  7.50964545e-01  2.91168587e-01  4.24002759e-02  1.19908021e-01  9.83255946e+03 
 5.72578874e+14  3.52567022e+34  1.18071000e+01  7.69174230e-01  1.01596000e+01  7.53042247e-01  2.91453235e-01  4.22604245e-02  1.19941060e-01  9.70797927e+03 
 5.73420592e+14  3.54122805e+34  1.18071000e+01  7.71234866e-01  1.01646000e+01  7.55116565e-01  2.91785759e-01  4.21158420e-02  1.19911816e-01  9.57664288e+03 
 5.74262309e+14  3.55683633e+34  1.18081000e+01  7.73296483e-01  1.01706000e+01  7.57269353e-01  2.92068425e-01  4.17765607e-02  1.19886732e-01  9.45168932e+03 
 5.75104026e+14  3.57258434e+34  1.18081000e+01  7.75370859e-01  1.01756000e+01  7.59357631e-01  2.92402039e-01  4.16327027e-02  1.19911531e-01  9.32786100e+03 
 5.75945743e+14  3.58833235e+34  1.18091000e+01  7.77439545e-01  1.01806000e+01  7.61442521e-01  2.92684623e-01  4.14841003e-02  1.19884446e-01  9.20623554e+03 
 5.76787460e+14  3.60408035e+34  1.18101000e+01  7.79502543e-01  1.01856000e+01  7.63524010e-01  2.92965666e-01  4.13308406e-02  1.19912303e-01  9.09101378e+03 
 5.77629177e+14  3.61982836e+34  1.18101000e+01  7.81559855e-01  1.01906000e+01  7.65602081e-01  2.93294847e-01  4.11730293e-02  1.19877758e-01  8.96940526e+03 
 5.78470894e+14  3.63573779e+34  1.18111000e+01  7.83632528e-01  1.01956000e+01  7.67694074e-01  2.93576233e-01  4.10188075e-02  1.19847626e-01  8.85293500e+03 
 5.79312612e+14  3.65167689e+34  1.18111000e+01  7.85703373e-01  1.02006000e+01  7.69785841e-01  2.93906473e-01  4.08615225e-02  1.19867190e-01  8.73830802e+03 
 5.80154329e+14  3.66761600e+34  1.18121000e+01  7.87768524e-01  1.02056000e+01  7.71874184e-01  2.94185459e-01  4.06996806e-02  1.19834940e-01  8.62569897e+03 
 5.80996046e+14  3.68355511e+34  1.18131000e+01  7.89827980e-01  1.02106000e+01  7.73959098e-01  2.94462924e-01  4.05333502e-02  1.19857726e-01  8.51905147e+03 
 5.81837763e+14  3.70569696e+34  1.18141000e+01  7.92681033e-01  1.02176000e+01  7.76855143e-01  2.94865554e-01  4.02852876e-02  1.19829512e-01  8.36841193e+03 
 5.82679480e+14  3.73645881e+34  1.18151000e+01  7.96641168e-01  1.02266000e+01  7.80823344e-01  2.95442343e-01  4.00704367e-02  1.19807326e-01  8.16441433e+03 
 5.83521197e+14  3.76722066e+34  1.18161000e+01  8.00598304e-01  1.02366000e+01  7.84870328e-01  2.96017346e-01  3.96580697e-02  1.19726265e-01  7.96260685e+03 
 5.84362914e+14  3.79798251e+34  1.18171000e+01  8.04552238e-01  1.02456000e+01  7.88841064e-01  2.96590759e-01  3.94272991e-02  1.19698883e-01  7.77037167e+03 
 5.85204631e+14  3.82874437e+34  1.18181000e+01  8.08502733e-01  1.02556000e+01  7.92890104e-01  2.97162714e-01  3.90009998e-02  1.19669280e-01  7.58371318e+03 
 5.86046349e+14  3.86991120e+34  1.18201000e+01  8.13787993e-01  1.02676000e+01  7.98205574e-01  2.97893423e-01  3.86812800e-02  1.19593146e-01  7.34216321e+03 
 5.86888066e+14  3.91123581e+34  1.18221000e+01  8.19095190e-01  1.02796000e+01  8.03544786e-01  2.98626611e-01  3.83601546e-02  1.19570445e-01  7.11202855e+03 
 5.87729783e+14  3.95256042e+34  1.18241000e+01  8.24403396e-01  1.02926000e+01  8.08968292e-01  2.99359322e-01  3.78448804e-02  1.19489152e-01  6.88713297e+03 
 5.88571500e+14  3.99388503e+34  1.18261000e+01  8.29711917e-01  1.03046000e+01  8.14319114e-01  3.00091701e-01  3.75082915e-02  1.19405763e-01  6.67059793e+03 
 5.89413217e+14  4.03605996e+34  1.18281000e+01  8.35129423e-01  1.03166000e+01  8.19765410e-01  3.00841017e-01  3.72027173e-02  1.19320839e-01  6.45789071e+03 
 5.90254934e+14  4.07896473e+34  1.18301000e+01  8.40640448e-01  1.03296000e+01  8.25373049e-01  3.01605044e-01  3.67384402e-02  1.19234477e-01  6.24972485e+03 
 5.91096651e+14  4.12186951e+34  1.18321000e+01  8.46150595e-01  1.03416000e+01  8.30906042e-01  3.02369118e-01  3.64510671e-02  1.19146592e-01  6.04951893e+03 
 5.91938369e+14  4.16477429e+34  1.18341000e+01  8.51659131e-01  1.03546000e+01  8.36521405e-01  3.03133251e-01  3.59734819e-02  1.19001164e-01  5.85418885e+03 
 5.92780086e+14  4.20780339e+34  1.18361000e+01  8.57181303e-01  1.03666000e+01  8.42073581e-01  3.03899946e-01  3.56772503e-02  1.18910717e-01  5.66851184e+03 
 5.93621803e+14  4.25233337e+34  1.18391000e+01  8.62893483e-01  1.03796000e+01  8.47868039e-01  3.04645622e-01  3.52577351e-02  1.18825416e-01  5.48637163e+03 
 5.94463520e+14  4.29686336e+34  1.18411000e+01  8.68602701e-01  1.03916000e+01  8.53584973e-01  3.05442846e-01  3.50124219e-02  1.18676961e-01  5.30626779e+03 
 5.95305237e+14  4.34139335e+34  1.18441000e+01  8.74308223e-01  1.04046000e+01  8.59383018e-01  3.06188496e-01  3.45792764e-02  1.18589738e-01  5.13810531e+03 
 5.96146954e+14  4.38592334e+34  1.18461000e+01  8.80009338e-01  1.04166000e+01  8.65101809e-01  3.06985817e-01  3.43190598e-02  1.18439453e-01  4.97170487e+03 
 5.96988671e+14  4.43145530e+34  1.18491000e+01  8.85833664e-01  1.04296000e+01  8.71007884e-01  3.07751501e-01  3.39147774e-02  1.18294595e-01  4.81059951e+03 
 5.97830389e+14  4.47765613e+34  1.18521000e+01  8.91738345e-01  1.04426000e+01  8.76985553e-01  3.08530587e-01  3.35318142e-02  1.18205137e-01  4.65579720e+03 
 5.98672106e+14  4.52385695e+34  1.18551000e+01  8.97637149e-01  1.04556000e+01  8.82962752e-01  3.09309473e-01  3.31418967e-02  1.18058891e-01  4.50494091e+03 
 5.99513823e+14  4.57005778e+34  1.18581000e+01  9.03529384e-01  1.04676000e+01  8.88857928e-01  3.10088067e-01  3.29217152e-02  1.17911982e-01  4.36003983e+03 
 6.00355540e+14  4.61644258e+34  1.18611000e+01  9.09437809e-01  1.04806000e+01  8.94851742e-01  3.10869995e-01  3.25247248e-02  1.17764433e-01  4.22029036e+03 
 6.01197257e+14  4.66436043e+34  1.18641000e+01  9.15533799e-01  1.04936000e+01  9.01006725e-01  3.11682567e-01  3.21829330e-02  1.17560316e-01  4.07972799e+03 
 6.02038974e+14  4.71227829e+34  1.18671000e+01  9.21621670e-01  1.05066000e+01  9.07159258e-01  3.12494717e-01  3.18335140e-02  1.17411520e-01  3.94674178e+03 
 6.02880691e+14  4.76019614e+34  1.18711000e+01  9.27700749e-01  1.05196000e+01  9.13308730e-01  3.13253542e-01  3.14764670e-02  1.17268559e-01  3.82089628e+03 
 6.03722408e+14  4.80811400e+34  1.18741000e+01  9.33770393e-01  1.05326000e+01  9.19454537e-01  3.14064385e-01  3.11119162e-02  1.17062685e-01  3.69649288e+03 
 6.04564126e+14  4.85708717e+34  1.18781000e+01  9.39963505e-01  1.05456000e+01  9.25708014e-01  3.14842801e-01  3.07809886e-02  1.16918519e-01  3.57792810e+03 
 6.05405843e+14  4.90676878e+34  1.18811000e+01  9.46235791e-01  1.05586000e+01  9.32032072e-01  3.15687697e-01  3.04695911e-02  1.16711340e-01  3.45913758e+03 
 6.06247560e+14  4.95645038e+34  1.18851000e+01  9.52497022e-01  1.05716000e+01  9.38351117e-01  3.16478469e-01  3.01498331e-02  1.16565896e-01  3.34838937e+03 
 6.07089277e+14  5.00613199e+34  1.18891000e+01  9.58746579e-01  1.05846000e+01  9.44664588e-01  3.17268021e-01  2.98217897e-02  1.16364163e-01  3.24051020e+03 
 6.07930994e+14  5.05594523e+34  1.18921000e+01  9.65000378e-01  1.05976000e+01  9.50985809e-01  3.18112382e-01  2.94904626e-02  1.16155102e-01  3.13517664e+03 
 6.08772711e+14  5.10743782e+34  1.18961000e+01  9.71452042e-01  1.06106000e+01  9.57477242e-01  3.18935810e-01  2.92135909e-02  1.15951898e-01  3.03223214e+03 
 6.09614428e+14  5.15893040e+34  1.19011000e+01  9.77890361e-01  1.06236000e+01  9.63961712e-01  3.19704013e-01  2.89276142e-02  1.15754901e-01  2.93489428e+03 
 6.10456146e+14  5.21042299e+34  1.19051000e+01  9.84314741e-01  1.06366000e+01  9.70438699e-01  3.20524231e-01  2.86326217e-02  1.15550452e-01  2.84011105e+03 
 6.11297863e+14  5.26191558e+34  1.19091000e+01  9.90724617e-01  1.06496000e+01  9.76907704e-01  3.21342714e-01  2.83286298e-02  1.15345330e-01  2.74914936e+03 
 6.12139580e+14  5.31439254e+34  1.19131000e+01  9.97241693e-01  1.06626000e+01  9.83470933e-01  3.22179088e-01  2.80511334e-02  1.15139267e-01  2.66019602e+03 
 6.12981297e+14  5.36774381e+34  1.19171000e+01  1.00385171e+00  1.06756000e+01  9.90116415e-01  3.23031084e-01  2.77955959e-02  1.14876982e-01  2.57221047e+03 
 6.13823014e+14  5.42109508e+34  1.19221000e+01  1.01044550e+00  1.06886000e+01  9.96752550e-01  3.23826707e-01  2.75301605e-02  1.14676271e-01  2.49024037e+03 
 6.14664731e+14  5.47444635e+34  1.19261000e+01  1.01702254e+00  1.07026000e+01  1.00346344e+00  3.24674388e-01  2.70899494e-02  1.14412624e-01  2.40924891e+03 
 6.15506448e+14  5.52779762e+34  1.19311000e+01  1.02358231e+00  1.07156000e+01  1.01007963e+00  3.25465211e-01  2.68057200e-02  1.14210459e-01  2.33379571e+03 
 6.16348166e+14  5.58299566e+34  1.19351000e+01  1.03035095e+00  1.07286000e+01  1.01687572e+00  3.26344870e-01  2.65753926e-02  1.13944696e-01  2.25666418e+03 
 6.17189883e+14  5.63825376e+34  1.19401000e+01  1.03710845e+00  1.07416000e+01  1.02366669e+00  3.27168427e-01  2.63366771e-02  1.13685360e-01  2.18369447e+03 
 6.18031600e+14  5.69351185e+34  1.19451000e+01  1.04384694e+00  1.07546000e+01  1.03044596e+00  3.27989137e-01  2.60874807e-02  1.13480082e-01  2.11471994e+03 
 6.18873317e+14  5.74876994e+34  1.19501000e+01  1.05056593e+00  1.07676000e+01  1.03721309e+00  3.28806881e-01  2.58279324e-02  1.13219186e-01  2.04752658e+03 
 6.19715034e+14  5.80478823e+34  1.19551000e+01  1.05735706e+00  1.07816000e+01  1.04413104e+00  3.29636534e-01  2.54219484e-02  1.12957173e-01  1.98216548e+03 
 6.20556751e+14  5.86200169e+34  1.19601000e+01  1.06427231e+00  1.07946000e+01  1.05107219e+00  3.30486560e-01  2.52064580e-02  1.12693763e-01  1.91813203e+03 
 6.21398468e+14  5.91921515e+34  1.19651000e+01  1.07116628e+00  1.08076000e+01  1.05799977e+00  3.31333272e-01  2.49798250e-02  1.12429477e-01  1.85671723e+03 
 6.22240185e+14  5.97642862e+34  1.19701000e+01  1.07803853e+00  1.08206000e+01  1.06491334e+00  3.32176560e-01  2.47422713e-02  1.12164308e-01  1.79779655e+03 
 6.23081903e+14  6.03364208e+34  1.19751000e+01  1.08488862e+00  1.08336000e+01  1.07181255e+00  3.33016309e-01  2.44938654e-02  1.11898243e-01  1.74125195e+03 
 6.23923620e+14  6.09243845e+34  1.19801000e+01  1.09190507e+00  1.08476000e+01  1.07894323e+00  3.33883259e-01  2.41261106e-02  1.11576136e-01  1.68468035e+03 
 6.24765337e+14  6.15165619e+34  1.19861000e+01  1.09894832e+00  1.08606000e+01  1.08601427e+00  3.34698773e-01  2.39187618e-02  1.11314681e-01  1.63163856e+03 
 6.25607054e+14  6.21087394e+34  1.19911000e+01  1.10596763e+00  1.08736000e+01  1.09306947e+00  3.35566139e-01  2.36999689e-02  1.11044617e-01  1.57997033e+03 
 6.26448771e+14  6.27009169e+34  1.19961000e+01  1.11296260e+00  1.08866000e+01  1.10010849e+00  3.36429509e-01  2.34697576e-02  1.10719645e-01  1.52964480e+03 
 6.27290488e+14  6.32966023e+34  1.20021000e+01  1.11997409e+00  1.08996000e+01  1.10716586e+00  3.37239313e-01  2.32387428e-02  1.10455142e-01  1.48252028e+03 
 6.28132205e+14  6.39093151e+34  1.20071000e+01  1.12716023e+00  1.09136000e+01  1.11446306e+00  3.38133710e-01  2.28918063e-02  1.10126921e-01  1.43457822e+03 
 6.28973923e+14  6.45220278e+34  1.20131000e+01  1.13432021e+00  1.09266000e+01  1.12165491e+00  3.38967299e-01  2.26886350e-02  1.09859193e-01  1.38995872e+03 
 6.29815640e+14  6.51347406e+34  1.20191000e+01  1.14145367e+00  1.09396000e+01  1.12882879e+00  3.39796202e-01  2.24735761e-02  1.09536947e-01  1.34647195e+03 
 6.30657357e+14  6.57474534e+34  1.20241000e+01  1.14856028e+00  1.09526000e+01  1.13598444e+00  3.40676994e-01  2.22467281e-02  1.09205941e-01  1.30409304e+03 
 6.31499074e+14  6.63713396e+34  1.20301000e+01  1.15576871e+00  1.09656000e+01  1.14323061e+00  3.41517495e-01  2.20400689e-02  1.08934272e-01  1.26393414e+03 
 6.32340791e+14  6.70050830e+34  1.20361000e+01  1.16306279e+00  1.09786000e+01  1.15055371e+00  3.42371602e-01  2.18492155e-02  1.08607488e-01  1.22416874e+03 
 6.33182508e+14  6.76388264e+34  1.20421000e+01  1.17032819e+00  1.09926000e+01  1.15794634e+00  3.43220566e-01  2.14940857e-02  1.08279784e-01  1.18601062e+03 
 6.34024225e+14  6.82725698e+34  1.20481000e+01  1.17756461e+00  1.10056000e+01  1.16522997e+00  3.44064303e-01  2.12791554e-02  1.07951173e-01  1.14938317e+03 
 6.34865943e+14  6.89063132e+34  1.20531000e+01  1.18477177e+00  1.10176000e+01  1.17240366e+00  3.44959975e-01  2.12030251e-02  1.07613538e-01  1.11366765e+03 
 6.35707660e+14  6.95587968e+34  1.20591000e+01  1.19216158e+00  1.10316000e+01  1.17991594e+00  3.45827933e-01  2.08638438e-02  1.07281216e-01  1.07892421e+03 
 6.36549377e+14  7.02140686e+34  1.20661000e+01  1.19955222e+00  1.10446000e+01  1.18734384e+00  3.46638007e-01  2.06702746e-02  1.06955843e-01  1.04595187e+03 
 6.37391094e+14  7.08693404e+34  1.20721000e+01  1.20691177e+00  1.10576000e+01  1.19475001e+00  3.47499773e-01  2.04641558e-02  1.06621340e-01  1.01379237e+03 
 6.38232811e+14  7.15246123e+34  1.20781000e+01  1.21423999e+00  1.10706000e+01  1.20213423e+00  3.48355803e-01  2.02456288e-02  1.06285895e-01  9.82911584e+02 
 6.39074528e+14  7.21840185e+34  1.20841000e+01  1.22158260e+00  1.10836000e+01  1.20953526e+00  3.49213568e-01  2.00255138e-02  1.05949061e-01  9.53065712e+02 
 6.39916245e+14  7.28613186e+34  1.20901000e+01  1.22909164e+00  1.10966000e+01  1.21708205e+00  3.50097984e-01  1.98387512e-02  1.05609234e-01  9.23630803e+02 
 6.40757962e+14  7.35386187e+34  1.20961000e+01  1.23656753e+00  1.11096000e+01  1.22460539e+00  3.50976304e-01  1.96391291e-02  1.05268412e-01  8.95373240e+02 
 6.41599680e+14  7.42159188e+34  1.21021000e+01  1.24401003e+00  1.11226000e+01  1.23210513e+00  3.51848469e-01  1.94267459e-02  1.04874847e-01  8.67808688e+02 
 6.42441397e+14  7.48932189e+34  1.21091000e+01  1.25141897e+00  1.11356000e+01  1.23958104e+00  3.52656158e-01  1.92018442e-02  1.04540710e-01  8.42169462e+02 
 6.43283114e+14  7.55813822e+34  1.21151000e+01  1.25891228e+00  1.11476000e+01  1.24704145e+00  3.53535103e-01  1.91364612e-02  1.04195851e-01  8.16726184e+02 
 6.44124831e+14  7.62812121e+34  1.21211000e+01  1.26649758e+00  1.11606000e+01  1.25467634e+00  3.54428388e-01  1.89405555e-02  1.03797167e-01  7.91484167e+02 
 6.44966548e+14  7.69810419e+34  1.21281000e+01  1.27404750e+00  1.11736000e+01  1.26228596e+00  3.55256510e-01  1.87316511e-02  1.03457582e-01  7.68009263e+02 
 6.45808265e+14  7.76808717e+34  1.21341000e+01  1.28156187e+00  1.11866000e+01  1.26987014e+00  3.56136510e-01  1.85100312e-02  1.03108529e-01  7.45080057e+02 
 6.46649982e+14  7.83807015e+34  1.21411000e+01  1.28904054e+00  1.11996000e+01  1.27742875e+00  3.56951038e-01  1.82757848e-02  1.02716254e-01  7.23044218e+02 
 6.47491700e+14  7.90978791e+34  1.21471000e+01  1.29666771e+00  1.12126000e+01  1.28511836e+00  3.57847783e-01  1.80690376e-02  1.02363157e-01  7.01344853e+02 
 6.48333417e+14  7.98207412e+34  1.21541000e+01  1.30431808e+00  1.12246000e+01  1.29273949e+00  3.58688457e-01  1.80045449e-02  1.01966360e-01  6.80333327e+02 
 6.49175134e+14  8.05436032e+34  1.21601000e+01  1.31193097e+00  1.12376000e+01  1.30042644e+00  3.59581065e-01  1.77842986e-02  1.01610787e-01  6.60144489e+02 
 6.50016851e+14  8.12664653e+34  1.21671000e+01  1.31950626e+00  1.12506000e+01  1.30808620e+00  3.60407388e-01  1.75513491e-02  1.01212736e-01  6.40739736e+02 
