# rhoc (cgs) 	 Pc (cgs) 	 R (km) 	 M (msol) 	 R_core (km) 	 M_core (msol) 	 I/(MR^2) 	 I_crust/(M_crust R_crust^2)/(I/(MR^2)) 	 k_2 	 Lambda 
 2.30000000e+14  2.65268034e+33  2.07811000e+01  1.76741285e-01  5.66660000e+00  6.54512700e-02  7.22462216e-02  8.53491304e-01  8.38237707e-03  1.78890875e+07 
 2.30736959e+14  2.66832533e+33  2.07241000e+01  1.77189086e-01  5.67960000e+00  6.59968837e-02  7.26185196e-02  8.51956784e-01  8.48291106e-03  1.76322142e+07 
 2.31473919e+14  2.68397032e+33  2.06671000e+01  1.77634946e-01  5.69260000e+00  6.65445489e-02  7.29940595e-02  8.50411584e-01  8.58511683e-03  1.73808197e+07 
 2.32210878e+14  2.69961531e+33  2.06121000e+01  1.78078867e-01  5.70560000e+00  6.70942555e-02  7.33586314e-02  8.48855663e-01  8.68480910e-03  1.71347564e+07 
 2.32947837e+14  2.71526030e+33  2.05571000e+01  1.78520855e-01  5.71860000e+00  6.76459922e-02  7.37262818e-02  8.47288995e-01  8.78610884e-03  1.68938801e+07 
 2.33684796e+14  2.73090529e+33  2.05031000e+01  1.78960913e-01  5.73160000e+00  6.81997483e-02  7.40898097e-02  8.45711549e-01  8.88687592e-03  1.66580519e+07 
 2.34421756e+14  2.74655028e+33  2.04501000e+01  1.79399045e-01  5.74460000e+00  6.87555129e-02  7.44490777e-02  8.44123291e-01  8.98704571e-03  1.64271371e+07 
 2.35158715e+14  2.76219527e+33  2.03981000e+01  1.79835253e-01  5.75660000e+00  6.92847899e-02  7.48039482e-02  8.42639682e-01  9.08655302e-03  1.62010058e+07 
 2.35895674e+14  2.77784026e+33  2.03461000e+01  1.80269544e-01  5.76860000e+00  6.98158085e-02  7.51616736e-02  8.41146752e-01  9.18758945e-03  1.59795311e+07 
 2.36632633e+14  2.79348525e+33  2.02951000e+01  1.80701921e-01  5.78160000e+00  7.03772873e-02  7.55148335e-02  8.39527477e-01  9.28789073e-03  1.57625911e+07 
 2.37369593e+14  2.80913024e+33  2.02451000e+01  1.81132388e-01  5.79360000e+00  7.09118825e-02  7.58632910e-02  8.38015064e-01  9.38738953e-03  1.55500676e+07 
 2.38106552e+14  2.82487931e+33  2.01951000e+01  1.81563803e-01  5.80560000e+00  7.14494565e-02  7.62142897e-02  8.36492546e-01  9.48826106e-03  1.53404709e+07 
 2.38843511e+14  2.84076694e+33  2.01451000e+01  1.81997131e-01  5.81660000e+00  7.19613620e-02  7.65677964e-02  8.35078884e-01  9.59049105e-03  1.51333005e+07 
 2.39580470e+14  2.85665457e+33  2.00961000e+01  1.82428588e-01  5.82860000e+00  7.25039692e-02  7.69163997e-02  8.33537265e-01  9.69183044e-03  1.49303031e+07 
 2.40317430e+14  2.87254219e+33  2.00471000e+01  1.82858177e-01  5.84060000e+00  7.30483013e-02  7.72676696e-02  8.31986149e-01  9.79465085e-03  1.47313718e+07 
 2.41054389e+14  2.88842982e+33  1.99991000e+01  1.83285906e-01  5.85260000e+00  7.35943475e-02  7.76138659e-02  8.30425516e-01  9.89650110e-03  1.45364034e+07 
 2.41791348e+14  2.90431744e+33  1.99521000e+01  1.83711777e-01  5.86360000e+00  7.41125419e-02  7.79548490e-02  8.28977533e-01  9.99730871e-03  1.43452974e+07 
 2.42528308e+14  2.92020507e+33  1.99051000e+01  1.84135796e-01  5.87460000e+00  7.46321996e-02  7.82983480e-02  8.27521444e-01  1.00995377e-02  1.41579567e+07 
 2.43265267e+14  2.93609269e+33  1.98591000e+01  1.84557967e-01  5.88660000e+00  7.51830934e-02  7.86364616e-02  8.25933642e-01  1.02006405e-02  1.39742868e+07 
 2.44002226e+14  2.95198032e+33  1.98141000e+01  1.84978296e-01  5.89760000e+00  7.57057636e-02  7.89690512e-02  8.24460585e-01  1.03005432e-02  1.37941960e+07 
 2.44739185e+14  2.96786794e+33  1.97691000e+01  1.85396786e-01  5.90860000e+00  7.62298708e-02  7.93040017e-02  8.22979364e-01  1.04018016e-02  1.36175957e+07 
 2.45476145e+14  2.98375557e+33  1.97251000e+01  1.85813443e-01  5.91960000e+00  7.67554063e-02  7.96332545e-02  8.21489960e-01  1.05017727e-02  1.34443994e+07 
 2.46213104e+14  2.99964320e+33  1.96811000e+01  1.86228272e-01  5.93060000e+00  7.72823614e-02  7.99647982e-02  8.19992357e-01  1.06030741e-02  1.32745237e+07 
 2.46950063e+14  3.01567410e+33  1.96381000e+01  1.86645011e-01  5.94060000e+00  7.77821583e-02  8.02902458e-02  8.18612624e-01  1.07028489e-02  1.31063928e+07 
 2.47687022e+14  3.03175923e+33  1.95941000e+01  1.87061360e-01  5.95160000e+00  7.83142807e-02  8.06260572e-02  8.17097867e-01  1.08066248e-02  1.29409040e+07 
 2.48423982e+14  3.04784436e+33  1.95521000e+01  1.87475913e-01  5.96260000e+00  7.88478265e-02  8.09476449e-02  8.15574842e-01  1.09062047e-02  1.27785531e+07 
 2.49160941e+14  3.06392949e+33  1.95101000e+01  1.87888676e-01  5.97260000e+00  7.93521223e-02  8.12713812e-02  8.14172687e-01  1.10070570e-02  1.26192645e+07 
 2.49897900e+14  3.08001462e+33  1.94681000e+01  1.88299655e-01  5.98360000e+00  7.98883767e-02  8.15972828e-02  8.12633797e-01  1.11091994e-02  1.24629644e+07 
 2.50634859e+14  3.09609975e+33  1.94271000e+01  1.88708855e-01  5.99360000e+00  8.03951489e-02  8.19169287e-02  8.11217103e-01  1.12097632e-02  1.23095819e+07 
 2.51371819e+14  3.11218488e+33  1.93861000e+01  1.89116280e-01  6.00360000e+00  8.09030943e-02  8.22386666e-02  8.09793447e-01  1.13115863e-02  1.21590474e+07 
 2.52108778e+14  3.12827001e+33  1.93461000e+01  1.89521937e-01  6.01360000e+00  8.14122057e-02  8.25539743e-02  8.08362810e-01  1.14117353e-02  1.20112934e+07 
 2.52845737e+14  3.14435514e+33  1.93061000e+01  1.89925830e-01  6.02360000e+00  8.19224753e-02  8.28712998e-02  8.06925183e-01  1.15131112e-02  1.18662547e+07 
 2.53582697e+14  3.16044027e+33  1.92671000e+01  1.90327966e-01  6.03360000e+00  8.24338953e-02  8.31820204e-02  8.05480552e-01  1.16127157e-02  1.17238674e+07 
 2.54319656e+14  3.17652540e+33  1.92281000e+01  1.90728350e-01  6.04360000e+00  8.29464578e-02  8.34946843e-02  8.04028908e-01  1.17135134e-02  1.15840697e+07 
 2.55056615e+14  3.19261228e+33  1.91901000e+01  1.91127030e-01  6.05260000e+00  8.34286832e-02  8.38005662e-02  8.02704582e-01  1.18124390e-02  1.14467866e+07 
 2.55793574e+14  3.20884150e+33  1.91521000e+01  1.91527494e-01  6.06260000e+00  8.39452026e-02  8.41080927e-02  8.01238454e-01  1.19123664e-02  1.13107862e+07 
 2.56530534e+14  3.22507071e+33  1.91141000e+01  1.91926232e-01  6.07260000e+00  8.44628623e-02  8.44174978e-02  7.99765260e-01  1.20134635e-02  1.11772301e+07 
 2.57267493e+14  3.24129993e+33  1.90771000e+01  1.92323252e-01  6.08160000e+00  8.49498593e-02  8.47199112e-02  7.98421251e-01  1.21125697e-02  1.10460622e+07 
 2.58004452e+14  3.25752915e+33  1.90401000e+01  1.92718557e-01  6.09160000e+00  8.54696735e-02  8.50241284e-02  7.96934556e-01  1.22128088e-02  1.09172281e+07 
 2.58741411e+14  3.27375837e+33  1.90041000e+01  1.93112155e-01  6.10060000e+00  8.59586121e-02  8.53211803e-02  7.95578276e-01  1.23109550e-02  1.07906748e+07 
 2.59478371e+14  3.28998759e+33  1.89681000e+01  1.93504052e-01  6.10960000e+00  8.64484621e-02  8.56199607e-02  7.94216149e-01  1.24101960e-02  1.06663507e+07 
 2.60215330e+14  3.30621680e+33  1.89321000e+01  1.93894251e-01  6.11860000e+00  8.69392179e-02  8.59204790e-02  7.92848158e-01  1.25105443e-02  1.05442058e+07 
 2.60952289e+14  3.32244602e+33  1.88971000e+01  1.94282759e-01  6.12760000e+00  8.74308723e-02  8.62136206e-02  7.91474300e-01  1.26086764e-02  1.04241913e+07 
 2.61689248e+14  3.33867524e+33  1.88621000e+01  1.94669584e-01  6.13660000e+00  8.79234183e-02  8.65084243e-02  7.90094570e-01  1.27078762e-02  1.03062594e+07 
 2.62426208e+14  3.35490446e+33  1.88271000e+01  1.95054729e-01  6.14560000e+00  8.84168500e-02  8.68048996e-02  7.88708956e-01  1.28081557e-02  1.01903642e+07 
 2.63163167e+14  3.37113368e+33  1.87931000e+01  1.95438201e-01  6.15460000e+00  8.89111606e-02  8.70937859e-02  7.87317449e-01  1.29060928e-02  1.00764604e+07 
 2.63900126e+14  3.38738704e+33  1.87601000e+01  1.95820574e-01  6.16360000e+00  8.94066445e-02  8.73749117e-02  7.85919852e-01  1.30015748e-02  9.96433895e+06 
 2.64637086e+14  3.40369976e+33  1.87261000e+01  1.96202683e-01  6.17160000e+00  8.98709960e-02  8.76668150e-02  7.84658106e-01  1.31014710e-02  9.85372461e+06 
 2.65374045e+14  3.42001247e+33  1.86931000e+01  1.96583143e-01  6.18060000e+00  9.03688687e-02  8.79509187e-02  7.83248815e-01  1.31988959e-02  9.74498691e+06 
 2.66111004e+14  3.43632518e+33  1.86601000e+01  1.96961958e-01  6.18960000e+00  9.08676047e-02  8.82365472e-02  7.81833595e-01  1.32973259e-02  9.63808517e+06 
 2.66847963e+14  3.45263790e+33  1.86281000e+01  1.97339135e-01  6.19760000e+00  9.13341804e-02  8.85142040e-02  7.80556389e-01  1.33931761e-02  9.53297960e+06 
 2.67584923e+14  3.46895061e+33  1.85951000e+01  1.97714680e-01  6.20560000e+00  9.18014258e-02  8.88028607e-02  7.79274387e-01  1.34936156e-02  9.42963162e+06 
 2.68321882e+14  3.48526333e+33  1.85641000e+01  1.98088598e-01  6.21460000e+00  9.23025297e-02  8.90738706e-02  7.77842538e-01  1.35877710e-02  9.32800345e+06 
 2.69058841e+14  3.50157604e+33  1.85321000e+01  1.98460897e-01  6.22260000e+00  9.27711878e-02  8.93558950e-02  7.76550367e-01  1.36865356e-02  9.22805849e+06 
 2.69795800e+14  3.51788876e+33  1.85011000e+01  1.98831581e-01  6.23060000e+00  9.32404996e-02  8.96297007e-02  7.75253376e-01  1.37825667e-02  9.12976089e+06 
 2.70532760e+14  3.53420147e+33  1.84701000e+01  1.99200658e-01  6.23860000e+00  9.37104603e-02  8.99048923e-02  7.73951558e-01  1.38795340e-02  9.03307581e+06 
 2.71269719e+14  3.55051418e+33  1.84401000e+01  1.99568132e-01  6.24660000e+00  9.41810646e-02  9.01716952e-02  7.72644905e-01  1.39736570e-02  8.93796921e+06 
 2.72006678e+14  3.56682690e+33  1.84101000e+01  1.99934011e-01  6.25460000e+00  9.46523071e-02  9.04398070e-02  7.71333417e-01  1.40686702e-02  8.84440807e+06 
 2.72743637e+14  3.58314878e+33  1.83801000e+01  2.00298505e-01  6.26260000e+00  9.51242967e-02  9.07092192e-02  7.70017012e-01  1.41645712e-02  8.75230855e+06 
 2.73480597e+14  3.59947796e+33  1.83501000e+01  2.00661580e-01  6.27060000e+00  9.55970061e-02  9.09799416e-02  7.68695702e-01  1.42613709e-02  8.66165133e+06 
 2.74217556e+14  3.61580713e+33  1.83211000e+01  2.01023078e-01  6.27760000e+00  9.60364621e-02  9.12420304e-02  7.67518882e-01  1.43551684e-02  8.57244694e+06 
 2.74954515e+14  3.63213630e+33  1.82921000e+01  2.01383005e-01  6.28560000e+00  9.65103320e-02  9.15053630e-02  7.66188394e-01  1.44498255e-02  8.48466562e+06 
 2.75691475e+14  3.64846548e+33  1.82631000e+01  2.01741368e-01  6.29360000e+00  9.69848159e-02  9.17699458e-02  7.64853043e-01  1.45453503e-02  8.39827800e+06 
 2.76428434e+14  3.66479465e+33  1.82351000e+01  2.02098174e-01  6.30060000e+00  9.74257841e-02  9.20256909e-02  7.63663733e-01  1.46377373e-02  8.31325549e+06 
 2.77165393e+14  3.68112383e+33  1.82071000e+01  2.02453427e-01  6.30860000e+00  9.79013983e-02  9.22826089e-02  7.62319186e-01  1.47309436e-02  8.22957042e+06 
 2.77902352e+14  3.69745300e+33  1.81791000e+01  2.02807136e-01  6.31560000e+00  9.83433261e-02  9.25407059e-02  7.61121686e-01  1.48249771e-02  8.14719561e+06 
 2.78639312e+14  3.71378218e+33  1.81511000e+01  2.03159306e-01  6.32260000e+00  9.87856874e-02  9.27999877e-02  7.59920329e-01  1.49198454e-02  8.06610460e+06 
 2.79376271e+14  3.73011135e+33  1.81241000e+01  2.03509942e-01  6.32960000e+00  9.92284788e-02  9.30501894e-02  7.58715105e-01  1.50114139e-02  7.98627150e+06 
 2.80113230e+14  3.74644052e+33  1.80971000e+01  2.03859052e-01  6.33760000e+00  9.97062162e-02  9.33014986e-02  7.57352652e-01  1.51037676e-02  7.90767121e+06 
 2.80850189e+14  3.76276970e+33  1.80701000e+01  2.04206642e-01  6.34460000e+00  1.00149933e-01  9.35539210e-02  7.56139212e-01  1.51969137e-02  7.83027907e+06 
 2.81587149e+14  3.76813750e+33  1.80621000e+01  2.04320402e-01  6.34660000e+00  1.00285363e-01  9.36280751e-02  7.55785912e-01  1.52240259e-02  7.80513524e+06 
 2.82324108e+14  3.77102964e+33  1.80571000e+01  2.04381040e-01  6.34760000e+00  1.00355331e-01  9.36752572e-02  7.55607560e-01  1.52416013e-02  7.79176715e+06 
 2.83061067e+14  3.77392177e+33  1.80521000e+01  2.04441114e-01  6.34960000e+00  1.00459676e-01  9.37225000e-02  7.55275086e-01  1.52592270e-02  7.77854505e+06 
 2.83798026e+14  3.77681390e+33  1.80481000e+01  2.04500627e-01  6.35060000e+00  1.00529115e-01  9.37594088e-02  7.55096768e-01  1.52726698e-02  7.76546684e+06 
 2.84534986e+14  3.77970603e+33  1.80431000e+01  2.04559579e-01  6.35160000e+00  1.00598291e-01  9.38067548e-02  7.54918482e-01  1.52903857e-02  7.75253066e+06 
 2.85271945e+14  3.78259817e+33  1.80391000e+01  2.04617974e-01  6.35260000e+00  1.00667209e-01  9.38437451e-02  7.54740211e-01  1.53039049e-02  7.73973455e+06 
 2.86008904e+14  3.78549030e+33  1.80341000e+01  2.04675815e-01  6.35360000e+00  1.00735873e-01  9.38911812e-02  7.54561949e-01  1.53217056e-02  7.72707667e+06 
 2.86745864e+14  3.78838243e+33  1.80301000e+01  2.04733105e-01  6.35460000e+00  1.00804286e-01  9.39282427e-02  7.54383686e-01  1.53352969e-02  7.71455505e+06 
 2.87482823e+14  3.79127457e+33  1.80261000e+01  2.04789849e-01  6.35660000e+00  1.00907180e-01  9.39653343e-02  7.54050762e-01  1.53489208e-02  7.70216779e+06 
 2.88219782e+14  3.79416670e+33  1.80211000e+01  2.04846050e-01  6.35760000e+00  1.00975116e-01  9.40128871e-02  7.53872416e-01  1.53668392e-02  7.68991327e+06 
 2.88956741e+14  3.79705883e+33  1.80171000e+01  2.04901711e-01  6.35860000e+00  1.01042814e-01  9.40500386e-02  7.53694048e-01  1.53805301e-02  7.67778952e+06 
 2.89693701e+14  3.79995096e+33  1.80131000e+01  2.04956837e-01  6.35960000e+00  1.01110275e-01  9.40872144e-02  7.53515652e-01  1.53942511e-02  7.66579490e+06 
 2.90430660e+14  3.80555470e+33  1.80051000e+01  2.05062487e-01  6.36160000e+00  1.01242702e-01  9.41618972e-02  7.53160090e-01  1.54219697e-02  7.64284084e+06 
 2.91167619e+14  3.81478124e+33  1.79911000e+01  2.05235166e-01  6.36560000e+00  1.01485192e-01  9.42935672e-02  7.52463555e-01  1.54712658e-02  7.60543270e+06 
 2.91904578e+14  3.82400778e+33  1.79781000e+01  2.05406467e-01  6.36860000e+00  1.01692716e-01  9.44148339e-02  7.51920678e-01  1.55164036e-02  7.56846569e+06 
 2.92641538e+14  3.83323431e+33  1.79651000e+01  2.05576431e-01  6.37260000e+00  1.01934952e-01  9.45361823e-02  7.51220707e-01  1.55616762e-02  7.53193117e+06 
 2.93378497e+14  3.84246085e+33  1.79521000e+01  2.05745087e-01  6.37560000e+00  1.02142128e-01  9.46576276e-02  7.50675012e-01  1.56070896e-02  7.49582136e+06 
 2.94115456e+14  3.85168393e+33  1.79401000e+01  2.05912394e-01  6.37860000e+00  1.02349066e-01  9.47686181e-02  7.50128092e-01  1.56482896e-02  7.46014230e+06 
 2.94852415e+14  3.86090571e+33  1.79271000e+01  2.06078410e-01  6.38260000e+00  1.02590798e-01  9.48902705e-02  7.49423498e-01  1.56939854e-02  7.42487848e+06 
 2.95589375e+14  3.87012750e+33  1.79141000e+01  2.06243175e-01  6.38560000e+00  1.02797353e-01  9.50120420e-02  7.48873944e-01  1.57398314e-02  7.39001792e+06 
 2.96326334e+14  3.87934929e+33  1.79021000e+01  2.06406704e-01  6.38860000e+00  1.03003705e-01  9.51233083e-02  7.48323190e-01  1.57814209e-02  7.35555385e+06 
 2.97063293e+14  3.88857094e+33  1.78901000e+01  2.06569007e-01  6.39160000e+00  1.03209852e-01  9.52346612e-02  7.47771248e-01  1.58231336e-02  7.32148041e+06 
 2.97800253e+14  3.89778803e+33  1.78771000e+01  2.06730020e-01  6.39560000e+00  1.03450901e-01  9.53567794e-02  7.47060785e-01  1.58694141e-02  7.28780746e+06 
 2.98537212e+14  3.90700512e+33  1.78651000e+01  2.06889835e-01  6.39860000e+00  1.03656630e-01  9.54683408e-02  7.46506308e-01  1.59113968e-02  7.25451163e+06 
 2.99274171e+14  3.91622221e+33  1.78531000e+01  2.07048464e-01  6.40160000e+00  1.03862158e-01  9.55799964e-02  7.45950661e-01  1.59535061e-02  7.22158696e+06 
 3.00011130e+14  3.92543930e+33  1.78411000e+01  2.07205919e-01  6.40460000e+00  1.04067486e-01  9.56917477e-02  7.45393845e-01  1.59957426e-02  7.18902748e+06 
 3.00748090e+14  3.93465487e+33  1.78291000e+01  2.07362183e-01  6.40760000e+00  1.04272601e-01  9.58035989e-02  7.44835875e-01  1.60381090e-02  7.15683274e+06 
 3.01485049e+14  3.94386732e+33  1.78171000e+01  2.07517241e-01  6.41060000e+00  1.04477485e-01  9.59155548e-02  7.44276767e-01  1.60806080e-02  7.12500225e+06 
 3.02222008e+14  3.95307977e+33  1.78061000e+01  2.07671158e-01  6.41360000e+00  1.04682175e-01  9.60168243e-02  7.43716494e-01  1.61187093e-02  7.09351944e+06 
 3.02958967e+14  3.96229222e+33  1.77941000e+01  2.07823940e-01  6.41660000e+00  1.04886671e-01  9.61289621e-02  7.43155063e-01  1.61614528e-02  7.06237933e+06 
 3.03695927e+14  3.97150467e+33  1.77831000e+01  2.07975602e-01  6.41960000e+00  1.05090974e-01  9.62303780e-02  7.42592468e-01  1.61997712e-02  7.03157583e+06 
 3.04432886e+14  3.98071425e+33  1.77711000e+01  2.08126103e-01  6.42260000e+00  1.05295057e-01  9.63427077e-02  7.42028742e-01  1.62427650e-02  7.00111377e+06 
 3.05169845e+14  3.98992212e+33  1.77601000e+01  2.08275473e-01  6.42560000e+00  1.05498932e-01  9.64442831e-02  7.41463873e-01  1.62813083e-02  6.97098364e+06 
 3.05906804e+14  3.99912999e+33  1.77491000e+01  2.08423749e-01  6.42860000e+00  1.05702620e-01  9.65459257e-02  7.40897841e-01  1.63199546e-02  6.94117492e+06 
 3.06643764e+14  4.00833786e+33  1.77371000e+01  2.08570942e-01  6.43060000e+00  1.05870572e-01  9.66585361e-02  7.40490618e-01  1.63633169e-02  6.91168257e+06 
 3.07380723e+14  4.01754572e+33  1.77261000e+01  2.08717058e-01  6.43360000e+00  1.06073858e-01  9.67603350e-02  7.39922486e-01  1.64021849e-02  6.88250177e+06 
 3.08117682e+14  4.02674940e+33  1.77151000e+01  2.08862043e-01  6.43660000e+00  1.06276917e-01  9.68622124e-02  7.39353237e-01  1.64411629e-02  6.85364083e+06 
 3.08854642e+14  4.03595274e+33  1.77041000e+01  2.09005967e-01  6.43960000e+00  1.06479791e-01  9.69641627e-02  7.38782842e-01  1.64802467e-02  6.82508285e+06 
 3.09591601e+14  4.04515608e+33  1.76941000e+01  2.09148843e-01  6.44260000e+00  1.06682484e-01  9.70552123e-02  7.38211285e-01  1.65147679e-02  6.79682224e+06 
 3.10328560e+14  4.05435942e+33  1.76831000e+01  2.09290676e-01  6.44460000e+00  1.06849296e-01  9.71572880e-02  7.37799554e-01  1.65540484e-02  6.76885492e+06 
 3.11065519e+14  4.06356176e+33  1.76721000e+01  2.09431466e-01  6.44760000e+00  1.07051594e-01  9.72594395e-02  7.37225910e-01  1.65934363e-02  6.74117888e+06 
 3.11802479e+14  4.07276062e+33  1.76621000e+01  2.09571181e-01  6.45060000e+00  1.07253680e-01  9.73506477e-02  7.36651148e-01  1.66282273e-02  6.71379731e+06 
 3.12539438e+14  4.08195949e+33  1.76511000e+01  2.09709881e-01  6.45260000e+00  1.07419800e-01  9.74529376e-02  7.36236805e-01  1.66678191e-02  6.68669585e+06 
 3.13276397e+14  4.09115835e+33  1.76411000e+01  2.09847575e-01  6.45560000e+00  1.07621508e-01  9.75442430e-02  7.35659944e-01  1.67027831e-02  6.65987007e+06 
 3.14013356e+14  4.10035721e+33  1.76301000e+01  2.09984272e-01  6.45760000e+00  1.07787196e-01  9.76466674e-02  7.35243886e-01  1.67425756e-02  6.63331610e+06 
 3.14750316e+14  4.10955378e+33  1.76201000e+01  2.10119945e-01  6.46060000e+00  1.07988510e-01  9.77380782e-02  7.34664958e-01  1.67777172e-02  6.60703641e+06 
 3.15487275e+14  4.11874821e+33  1.76101000e+01  2.10254606e-01  6.46360000e+00  1.08189633e-01  9.78295366e-02  7.34084898e-01  1.68129431e-02  6.58102648e+06 
 3.16224234e+14  4.12794265e+33  1.76001000e+01  2.10388297e-01  6.46560000e+00  1.08354655e-01  9.79210395e-02  7.33666232e-01  1.68482509e-02  6.55527610e+06 
 3.16961193e+14  4.13713708e+33  1.75901000e+01  2.10521019e-01  6.46860000e+00  1.08555415e-01  9.80125863e-02  7.33084083e-01  1.68836404e-02  6.52978228e+06 
 3.17698153e+14  4.14633151e+33  1.75801000e+01  2.10652785e-01  6.47060000e+00  1.08720021e-01  9.81041788e-02  7.32663704e-01  1.69191123e-02  6.50454073e+06 
 3.18435112e+14  4.15552239e+33  1.75701000e+01  2.10783548e-01  6.47260000e+00  1.08884372e-01  9.81958246e-02  7.32242585e-01  1.69546716e-02  6.47955785e+06 
 3.19172071e+14  4.16471245e+33  1.75601000e+01  2.10913360e-01  6.47560000e+00  1.09084540e-01  9.82875197e-02  7.31657466e-01  1.69903151e-02  6.45482222e+06 
 3.19909031e+14  4.17390251e+33  1.75501000e+01  2.11042236e-01  6.47760000e+00  1.09248477e-01  9.83792616e-02  7.31234647e-01  1.70260416e-02  6.43032837e+06 
 3.20645990e+14  4.18309257e+33  1.75401000e+01  2.11170185e-01  6.48060000e+00  1.09448294e-01  9.84710527e-02  7.30647449e-01  1.70618520e-02  6.40607280e+06 
 3.21382949e+14  4.19228216e+33  1.75311000e+01  2.11297209e-01  6.48260000e+00  1.09611825e-01  9.85516482e-02  7.30222930e-01  1.70928706e-02  6.38205317e+06 
 3.22119908e+14  4.20146789e+33  1.75211000e+01  2.11423265e-01  6.48460000e+00  1.09775107e-01  9.86435305e-02  7.29797686e-01  1.71288419e-02  6.35827550e+06 
 3.22856868e+14  4.21065363e+33  1.75121000e+01  2.11548418e-01  6.48760000e+00  1.09974352e-01  9.87241867e-02  7.29207522e-01  1.71599973e-02  6.33472585e+06 
 3.23593827e+14  4.21983936e+33  1.75021000e+01  2.11672672e-01  6.48960000e+00  1.10137241e-01  9.88161537e-02  7.28780577e-01  1.71961247e-02  6.31140158e+06 
 3.24330786e+14  4.22902509e+33  1.74931000e+01  2.11796034e-01  6.49160000e+00  1.10299923e-01  9.88968640e-02  7.28352865e-01  1.72274123e-02  6.28829928e+06 
 3.25067745e+14  4.23820910e+33  1.74831000e+01  2.11918491e-01  6.49360000e+00  1.10462383e-01  9.89889237e-02  7.27924414e-01  1.72637000e-02  6.26542019e+06 
 3.25804705e+14  4.24739056e+33  1.74741000e+01  2.12040037e-01  6.49660000e+00  1.10660888e-01  9.90697012e-02  7.27330368e-01  1.72951271e-02  6.24276331e+06 
 3.26541664e+14  4.25657201e+33  1.74651000e+01  2.12160710e-01  6.49860000e+00  1.10822941e-01  9.91505004e-02  7.26900242e-01  1.73266153e-02  6.22031962e+06 
 3.27278623e+14  4.26575347e+33  1.74561000e+01  2.12280523e-01  6.50060000e+00  1.10984793e-01  9.92313238e-02  7.26469361e-01  1.73581657e-02  6.19808563e+06 
 3.28015582e+14  4.27493492e+33  1.74471000e+01  2.12399480e-01  6.50260000e+00  1.11146444e-01  9.93121709e-02  7.26037719e-01  1.73897779e-02  6.17605884e+06 
 3.28752542e+14  4.28411344e+33  1.74381000e+01  2.12517548e-01  6.50460000e+00  1.11307868e-01  9.93930492e-02  7.25605348e-01  1.74214565e-02  6.15424357e+06 
 3.29489501e+14  4.29329066e+33  1.74291000e+01  2.12634755e-01  6.50660000e+00  1.11469082e-01  9.94739552e-02  7.25172228e-01  1.74531993e-02  6.13263304e+06 
 3.30226460e+14  4.30246788e+33  1.74201000e+01  2.12751126e-01  6.50960000e+00  1.11666519e-01  9.95548872e-02  7.24572484e-01  1.74850048e-02  6.11122136e+06 
 3.30963420e+14  4.31164511e+33  1.74111000e+01  2.12866668e-01  6.51160000e+00  1.11827366e-01  9.96358459e-02  7.24137689e-01  1.75168733e-02  6.09000575e+06 
 3.31700379e+14  4.32082233e+33  1.74021000e+01  2.12981386e-01  6.51360000e+00  1.11988018e-01  9.97168322e-02  7.23702142e-01  1.75488053e-02  6.06898404e+06 
 3.32437338e+14  4.32999542e+33  1.73931000e+01  2.13095236e-01  6.51560000e+00  1.12148438e-01  9.97978570e-02  7.23265889e-01  1.75808070e-02  6.04816249e+06 
 3.33174297e+14  4.33916846e+33  1.73851000e+01  2.13208273e-01  6.51760000e+00  1.12308666e-01  9.98674196e-02  7.22828880e-01  1.76078075e-02  6.02752971e+06 
 3.33911257e+14  4.34834150e+33  1.73761000e+01  2.13320507e-01  6.51960000e+00  1.12468704e-01  9.99484875e-02  7.22391124e-01  1.76399255e-02  6.00708299e+06 
 3.34648216e+14  4.35751454e+33  1.73671000e+01  2.13431942e-01  6.52160000e+00  1.12628552e-01  1.00029586e-01  7.21952618e-01  1.76721081e-02  5.98681975e+06 
 3.35385175e+14  4.36668641e+33  1.73591000e+01  2.13542571e-01  6.52360000e+00  1.12788201e-01  1.00099184e-01  7.21513374e-01  1.76992581e-02  5.96674017e+06 
 3.36122134e+14  4.37585531e+33  1.73501000e+01  2.13652376e-01  6.52560000e+00  1.12947635e-01  1.00180340e-01  7.21073420e-01  1.77315646e-02  5.94684627e+06 
 3.36859094e+14  4.38502421e+33  1.73421000e+01  2.13761405e-01  6.52760000e+00  1.13106883e-01  1.00249965e-01  7.20632720e-01  1.77588155e-02  5.92712833e+06 
 3.37596053e+14  4.39419311e+33  1.73341000e+01  2.13869656e-01  6.52960000e+00  1.13265946e-01  1.00319595e-01  7.20191275e-01  1.77861096e-02  5.90758504e+06 
 3.38333012e+14  4.40336201e+33  1.73251000e+01  2.13977138e-01  6.53060000e+00  1.13388160e-01  1.00400821e-01  7.19916725e-01  1.78185892e-02  5.88821386e+06 
 3.39069972e+14  4.41252857e+33  1.73171000e+01  2.14083833e-01  6.53260000e+00  1.13546813e-01  1.00470482e-01  7.19473988e-01  1.78459850e-02  5.86901697e+06 
 3.39806931e+14  4.42169337e+33  1.73091000e+01  2.14189749e-01  6.53460000e+00  1.13705267e-01  1.00540154e-01  7.19030530e-01  1.78734274e-02  5.84999166e+06 
 3.40543890e+14  4.43085818e+33  1.73011000e+01  2.14294917e-01  6.53660000e+00  1.13863541e-01  1.00609833e-01  7.18586337e-01  1.79009145e-02  5.83113144e+06 
 3.41280849e+14  4.44002298e+33  1.72931000e+01  2.14399339e-01  6.53860000e+00  1.14021635e-01  1.00679522e-01  7.18141410e-01  1.79284464e-02  5.81243476e+06 
 3.42017809e+14  4.44918779e+33  1.72851000e+01  2.14503020e-01  6.54060000e+00  1.14179549e-01  1.00749218e-01  7.17695748e-01  1.79560231e-02  5.79389958e+06 
 3.42754768e+14  4.45834909e+33  1.72771000e+01  2.14605928e-01  6.54160000e+00  1.14300464e-01  1.00818934e-01  7.17417941e-01  1.79836505e-02  5.77553073e+06 
 3.43491727e+14  4.46750984e+33  1.72691000e+01  2.14708105e-01  6.54360000e+00  1.14457967e-01  1.00888662e-01  7.16971030e-01  1.80113244e-02  5.75731980e+06 
 3.44228686e+14  4.47667060e+33  1.72611000e+01  2.14809555e-01  6.54560000e+00  1.14615292e-01  1.00958400e-01  7.16523383e-01  1.80390437e-02  5.73926477e+06 
 3.44965646e+14  4.48583135e+33  1.72531000e+01  2.14910288e-01  6.54760000e+00  1.14772442e-01  1.01028150e-01  7.16075010e-01  1.80668091e-02  5.72136298e+06 
 3.45702605e+14  4.49499149e+33  1.72451000e+01  2.15010302e-01  6.54960000e+00  1.14929411e-01  1.01097915e-01  7.15625924e-01  1.80946219e-02  5.70361404e+06 
 3.46439564e+14  4.50414823e+33  1.72371000e+01  2.15109575e-01  6.55060000e+00  1.15049290e-01  1.01167702e-01  7.15345452e-01  1.81224866e-02  5.68602099e+06 
 3.47176523e+14  4.51330497e+33  1.72291000e+01  2.15208143e-01  6.55260000e+00  1.15205862e-01  1.01237502e-01  7.14895117e-01  1.81503977e-02  5.66857608e+06 
 3.47913483e+14  4.52246171e+33  1.72221000e+01  2.15306017e-01  6.55460000e+00  1.15362264e-01  1.01295552e-01  7.14444061e-01  1.81730788e-02  5.65127687e+06 
 3.48650442e+14  4.53161846e+33  1.72141000e+01  2.15403199e-01  6.55560000e+00  1.15481549e-01  1.01365369e-01  7.14162018e-01  1.82010742e-02  5.63412221e+06 
 3.49387401e+14  4.54077344e+33  1.72061000e+01  2.15499681e-01  6.55760000e+00  1.15637574e-01  1.01435208e-01  7.13709718e-01  1.82291200e-02  5.61711271e+06 
 3.50124361e+14  4.54992622e+33  1.71991000e+01  2.15595453e-01  6.55960000e+00  1.15793409e-01  1.01493264e-01  7.13256718e-01  1.82519094e-02  5.60024858e+06 
 3.50861320e+14  4.55907899e+33  1.71911000e+01  2.15690552e-01  6.56060000e+00  1.15912075e-01  1.01563129e-01  7.12973171e-01  1.82800441e-02  5.58352344e+06 
 3.51598279e+14  4.56823177e+33  1.71841000e+01  2.15784980e-01  6.56260000e+00  1.16067556e-01  1.01621182e-01  7.12518915e-01  1.83029003e-02  5.56693548e+06 
 3.52335238e+14  4.57738454e+33  1.71761000e+01  2.15878743e-01  6.56360000e+00  1.16185833e-01  1.01691070e-01  7.12234368e-01  1.83311212e-02  5.55048334e+06 
 3.53072198e+14  4.58653444e+33  1.71691000e+01  2.15971816e-01  6.56560000e+00  1.16340935e-01  1.01749132e-01  7.11778899e-01  1.83540497e-02  5.53417042e+06 
 3.53809157e+14  4.59568329e+33  1.71621000e+01  2.16064222e-01  6.56760000e+00  1.16495863e-01  1.01807190e-01  7.11322727e-01  1.83770090e-02  5.51799185e+06 
 3.54546116e+14  4.60483214e+33  1.71541000e+01  2.16155978e-01  6.56860000e+00  1.16613536e-01  1.01877123e-01  7.11036710e-01  1.84053628e-02  5.50194434e+06 
 3.55283075e+14  4.61398098e+33  1.71471000e+01  2.16247086e-01  6.57060000e+00  1.16768117e-01  1.01935185e-01  7.10579296e-01  1.84283911e-02  5.48602628e+06 
 3.56020035e+14  4.62312975e+33  1.71401000e+01  2.16337555e-01  6.57160000e+00  1.16885410e-01  1.01993246e-01  7.10292301e-01  1.84514502e-02  5.47023590e+06 
 3.56756994e+14  4.63227471e+33  1.71331000e+01  2.16427345e-01  6.57360000e+00  1.17039612e-01  1.02051314e-01  7.09833701e-01  1.84745456e-02  5.45457904e+06 
 3.57493953e+14  4.64141967e+33  1.71261000e+01  2.16516504e-01  6.57460000e+00  1.17156495e-01  1.02109380e-01  7.09545785e-01  1.84976719e-02  5.43904680e+06 
 3.58230912e+14  4.65056463e+33  1.71181000e+01  2.16605040e-01  6.57660000e+00  1.17310357e-01  1.02179385e-01  7.09085964e-01  1.85262404e-02  5.42363785e+06 
 3.58967872e+14  4.65970959e+33  1.71111000e+01  2.16692949e-01  6.57760000e+00  1.17426867e-01  1.02237462e-01  7.08797089e-01  1.85494380e-02  5.40835115e+06 
 3.59704831e+14  4.66885337e+33  1.71041000e+01  2.16780228e-01  6.57960000e+00  1.17580380e-01  1.02295543e-01  7.08336055e-01  1.85726692e-02  5.39318718e+06 
 3.60441790e+14  4.67799448e+33  1.70971000e+01  2.16866870e-01  6.58060000e+00  1.17696488e-01  1.02353632e-01  7.08046282e-01  1.85959364e-02  5.37814656e+06 
 3.61178750e+14  4.68713559e+33  1.70901000e+01  2.16952903e-01  6.58160000e+00  1.17812404e-01  1.02411724e-01  7.07756091e-01  1.86192359e-02  5.36322387e+06 
 3.61915709e+14  4.69627671e+33  1.70831000e+01  2.17038328e-01  6.58360000e+00  1.17965384e-01  1.02469817e-01  7.07293352e-01  1.86425672e-02  5.34841795e+06 
 3.62652668e+14  4.70541782e+33  1.70771000e+01  2.17123152e-01  6.58460000e+00  1.18080936e-01  1.02515905e-01  7.07002213e-01  1.86604661e-02  5.33372719e+06 
 3.63389627e+14  4.71455666e+33  1.70701000e+01  2.17207361e-01  6.58660000e+00  1.18233566e-01  1.02574000e-01  7.06538303e-01  1.86838574e-02  5.31915382e+06 
 3.64126587e+14  4.72369397e+33  1.70631000e+01  2.17290965e-01  6.58760000e+00  1.18348725e-01  1.02632104e-01  7.06246287e-01  1.87072841e-02  5.30469550e+06 
 3.64863546e+14  4.73283127e+33  1.70561000e+01  2.17373977e-01  6.58860000e+00  1.18463695e-01  1.02690212e-01  7.05953862e-01  1.87307438e-02  5.29034888e+06 
 3.65600505e+14  4.74196857e+33  1.70491000e+01  2.17456409e-01  6.59060000e+00  1.18615814e-01  1.02748326e-01  7.05488260e-01  1.87542370e-02  5.27611203e+06 
 3.66337464e+14  4.75110587e+33  1.70431000e+01  2.17538262e-01  6.59160000e+00  1.18730429e-01  1.02794382e-01  7.05194913e-01  1.87722554e-02  5.26198395e+06 
 3.67074424e+14  4.76023985e+33  1.70361000e+01  2.17619506e-01  6.59260000e+00  1.18844831e-01  1.02852506e-01  7.04901205e-01  1.87958121e-02  5.24796919e+06 
 3.67811383e+14  4.76937338e+33  1.70291000e+01  2.17700181e-01  6.59460000e+00  1.18996425e-01  1.02910641e-01  7.04433960e-01  1.88194042e-02  5.23406095e+06 
 3.68548342e+14  4.77850691e+33  1.70231000e+01  2.17780287e-01  6.59560000e+00  1.19110472e-01  1.02956685e-01  7.04139351e-01  1.88374963e-02  5.22025819e+06 
 3.69285301e+14  4.78764044e+33  1.70161000e+01  2.17859831e-01  6.59660000e+00  1.19224338e-01  1.03014824e-01  7.03844345e-01  1.88611480e-02  5.20655950e+06 
 3.70022261e+14  4.79677335e+33  1.70101000e+01  2.17938809e-01  6.59860000e+00  1.19375440e-01  1.03060854e-01  7.03375426e-01  1.88792846e-02  5.19296475e+06 
 3.70759220e+14  4.80590314e+33  1.70031000e+01  2.18017207e-01  6.59960000e+00  1.19488927e-01  1.03119012e-01  7.03079575e-01  1.89030031e-02  5.17947660e+06 
 3.71496179e+14  4.81503294e+33  1.69971000e+01  2.18095050e-01  6.60060000e+00  1.19602234e-01  1.03165038e-01  7.02783321e-01  1.89211892e-02  5.16608930e+06 
 3.72233139e+14  4.82416273e+33  1.69901000e+01  2.18172347e-01  6.60160000e+00  1.19715363e-01  1.03223205e-01  7.02486678e-01  1.89449687e-02  5.15280172e+06 
 3.72970098e+14  4.83329253e+33  1.69841000e+01  2.18249101e-01  6.60360000e+00  1.19865793e-01  1.03269221e-01  7.02015645e-01  1.89632002e-02  5.13961253e+06 
 3.73707057e+14  4.84242065e+33  1.69771000e+01  2.18325307e-01  6.60460000e+00  1.19978567e-01  1.03327407e-01  7.01718153e-01  1.89870457e-02  5.12652305e+06 
 3.74444016e+14  4.85154675e+33  1.69711000e+01  2.18400956e-01  6.60560000e+00  1.20091148e-01  1.03373426e-01  7.01420291e-01  1.90053296e-02  5.11353311e+06 
 3.75180976e+14  4.86067284e+33  1.69651000e+01  2.18476072e-01  6.60660000e+00  1.20203553e-01  1.03419436e-01  7.01122042e-01  1.90236329e-02  5.10063870e+06 
 3.75917935e+14  4.86979894e+33  1.69581000e+01  2.18550661e-01  6.60760000e+00  1.20315783e-01  1.03477644e-01  7.00823416e-01  1.90475717e-02  5.08783868e+06 
 3.76654894e+14  4.87892503e+33  1.69521000e+01  2.18624728e-01  6.60960000e+00  1.20465386e-01  1.03523651e-01  7.00349827e-01  1.90659230e-02  5.07513184e+06 
 3.77391853e+14  4.88804843e+33  1.69461000e+01  2.18698252e-01  6.61060000e+00  1.20577259e-01  1.03569660e-01  7.00050377e-01  1.90842991e-02  5.06252125e+06 
 3.78128813e+14  4.89717086e+33  1.69401000e+01  2.18771253e-01  6.61160000e+00  1.20688952e-01  1.03615666e-01  6.99750562e-01  1.91026974e-02  5.05000320e+06 
 3.78865772e+14  4.90629330e+33  1.69341000e+01  2.18843735e-01  6.61260000e+00  1.20800473e-01  1.03661666e-01  6.99450365e-01  1.91211157e-02  5.03757607e+06 
 3.79602731e+14  4.91541573e+33  1.69281000e+01  2.18915711e-01  6.61360000e+00  1.20911823e-01  1.03707662e-01  6.99149799e-01  1.91395553e-02  5.02523817e+06 
 3.80339690e+14  4.92453809e+33  1.69211000e+01  2.18987177e-01  6.61460000e+00  1.21023001e-01  1.03765918e-01  6.98848864e-01  1.91636779e-02  5.01298924e+06 
 3.81076650e+14  4.93365689e+33  1.69151000e+01  2.19058119e-01  6.61560000e+00  1.21133981e-01  1.03811929e-01  6.98547617e-01  1.91821740e-02  5.00083217e+06 
 3.81813609e+14  4.94277569e+33  1.69091000e+01  2.19128560e-01  6.61760000e+00  1.21282429e-01  1.03857936e-01  6.98070614e-01  1.92006915e-02  4.98876198e+06 
 3.82550568e+14  4.95189450e+33  1.69031000e+01  2.19198504e-01  6.61860000e+00  1.21393083e-01  1.03903941e-01  6.97768523e-01  1.92192305e-02  4.97677778e+06 
 3.83287528e+14  4.96101330e+33  1.68971000e+01  2.19267955e-01  6.61960000e+00  1.21503568e-01  1.03949944e-01  6.97466068e-01  1.92377914e-02  4.96487862e+06 
 3.84024487e+14  4.97013101e+33  1.68911000e+01  2.19336907e-01  6.62060000e+00  1.21613879e-01  1.03995948e-01  6.97163264e-01  1.92563760e-02  4.95306497e+06 
 3.84761446e+14  4.97924622e+33  1.68851000e+01  2.19405356e-01  6.62160000e+00  1.21724002e-01  1.04041959e-01  6.96860134e-01  1.92749873e-02  4.94133771e+06 
 3.85498405e+14  4.98836143e+33  1.68801000e+01  2.19473325e-01  6.62260000e+00  1.21833960e-01  1.04075638e-01  6.96556645e-01  1.92879066e-02  4.92969256e+06 
 3.86235365e+14  4.99747664e+33  1.68741000e+01  2.19540817e-01  6.62360000e+00  1.21943754e-01  1.04121641e-01  6.96252806e-01  1.93065559e-02  4.91812880e+06 
 3.86972324e+14  5.00659185e+33  1.68681000e+01  2.19607830e-01  6.62460000e+00  1.22053381e-01  1.04167644e-01  6.95948607e-01  1.93252277e-02  4.90664610e+06 
 3.87709283e+14  5.01570497e+33  1.68621000e+01  2.19674354e-01  6.62560000e+00  1.22162829e-01  1.04213654e-01  6.95644085e-01  1.93439260e-02  4.89524589e+06 
 3.88446242e+14  5.02481662e+33  1.68561000e+01  2.19740403e-01  6.62660000e+00  1.22272101e-01  1.04259673e-01  6.95339237e-01  1.93626507e-02  4.88392630e+06 
 3.89183202e+14  5.03392827e+33  1.68501000e+01  2.19805980e-01  6.62760000e+00  1.22381210e-01  1.04305692e-01  6.95034033e-01  1.93813981e-02  4.87268542e+06 
 3.89920161e+14  5.04303992e+33  1.68451000e+01  2.19871104e-01  6.62860000e+00  1.22490158e-01  1.04339327e-01  6.94728490e-01  1.93944121e-02  4.86152117e+06 
 3.90657120e+14  5.05215157e+33  1.68391000e+01  2.19935756e-01  6.62960000e+00  1.22598943e-01  1.04385342e-01  6.94422591e-01  1.94131993e-02  4.85043474e+06 
 3.91394079e+14  5.06126015e+33  1.68331000e+01  2.19999942e-01  6.63060000e+00  1.22707545e-01  1.04431374e-01  6.94116403e-01  1.94320168e-02  4.83942701e+06 
 3.92131039e+14  5.07036828e+33  1.68281000e+01  2.20063664e-01  6.63160000e+00  1.22815981e-01  1.04464993e-01  6.93809869e-01  1.94450798e-02  4.82849550e+06 
 3.92867998e+14  5.07947640e+33  1.68221000e+01  2.20126939e-01  6.63260000e+00  1.22924258e-01  1.04511025e-01  6.93503001e-01  1.94639387e-02  4.81763827e+06 
 3.93604957e+14  5.08858452e+33  1.68161000e+01  2.20189765e-01  6.63360000e+00  1.23032375e-01  1.04557062e-01  6.93195792e-01  1.94828221e-02  4.80685493e+06 
 3.94341917e+14  5.09769211e+33  1.68111000e+01  2.20252150e-01  6.63460000e+00  1.23140332e-01  1.04590664e-01  6.92888260e-01  1.94959321e-02  4.79614444e+06 
 3.95078876e+14  5.10679674e+33  1.68051000e+01  2.20314068e-01  6.63560000e+00  1.23248105e-01  1.04636716e-01  6.92580430e-01  1.95148637e-02  4.78551035e+06 
 3.95815835e+14  5.11590137e+33  1.68001000e+01  2.20375545e-01  6.63660000e+00  1.23355721e-01  1.04670311e-01  6.92272258e-01  1.95280069e-02  4.77494789e+06 
 3.96552794e+14  5.12500599e+33  1.67941000e+01  2.20436591e-01  6.63660000e+00  1.23425317e-01  1.04716367e-01  6.92141280e-01  1.95469815e-02  4.76445604e+06 
 3.97289754e+14  5.13411062e+33  1.67891000e+01  2.20497206e-01  6.63760000e+00  1.23532611e-01  1.04749951e-01  6.91832558e-01  1.95601550e-02  4.75403417e+06 
 3.98026713e+14  5.14321375e+33  1.67831000e+01  2.20557381e-01  6.63860000e+00  1.23639737e-01  1.04796020e-01  6.91523531e-01  1.95791758e-02  4.74368363e+06 
 3.98763672e+14  5.15231491e+33  1.67781000e+01  2.20617116e-01  6.63960000e+00  1.23746693e-01  1.04829605e-01  6.91214202e-01  1.95923857e-02  4.73340401e+06 
 3.99500631e+14  5.16141608e+33  1.67721000e+01  2.20676429e-01  6.64060000e+00  1.23853495e-01  1.04875688e-01  6.90904552e-01  1.96114542e-02  4.72319259e+06 
 4.00237591e+14  5.17051724e+33  1.67671000e+01  2.20735322e-01  6.64160000e+00  1.23960142e-01  1.04909265e-01  6.90594576e-01  1.96246955e-02  4.71304846e+06 
 4.00974550e+14  5.17961841e+33  1.67621000e+01  2.20793796e-01  6.64260000e+00  1.24066636e-01  1.04942835e-01  6.90284276e-01  1.96379496e-02  4.70297128e+06 
 4.01711509e+14  5.18871712e+33  1.67561000e+01  2.20851836e-01  6.64360000e+00  1.24172958e-01  1.04988937e-01  6.89973692e-01  1.96570858e-02  4.69296329e+06 
 4.02448468e+14  5.19781486e+33  1.67511000e+01  2.20909460e-01  6.64360000e+00  1.24241177e-01  1.05022512e-01  6.89841114e-01  1.96703779e-02  4.68302171e+06 
 4.03185428e+14  5.20691259e+33  1.67461000e+01  2.20966676e-01  6.64460000e+00  1.24347178e-01  1.05056083e-01  6.89530016e-01  1.96836838e-02  4.67314489e+06 
 4.03922387e+14  5.21601032e+33  1.67401000e+01  2.21023482e-01  6.64560000e+00  1.24453026e-01  1.05102204e-01  6.89218602e-01  1.97028872e-02  4.66333278e+06 
 4.04659346e+14  5.22510805e+33  1.67351000e+01  2.21079887e-01  6.64660000e+00  1.24558725e-01  1.05135771e-01  6.88906874e-01  1.97162261e-02  4.65358399e+06 
 4.05396306e+14  5.23420241e+33  1.67301000e+01  2.21135875e-01  6.64760000e+00  1.24664249e-01  1.05169347e-01  6.88594888e-01  1.97295855e-02  4.64390160e+06 
 4.06133265e+14  5.24329674e+33  1.67251000e+01  2.21191452e-01  6.64760000e+00  1.24731631e-01  1.05202915e-01  6.88461370e-01  1.97429577e-02  4.63428258e+06 
 4.06870224e+14  5.25239107e+33  1.67201000e+01  2.21246642e-01  6.64860000e+00  1.24836846e-01  1.05236482e-01  6.88148864e-01  1.97563451e-02  4.62472479e+06 
 4.07607183e+14  5.26148540e+33  1.67141000e+01  2.21301435e-01  6.64960000e+00  1.24941911e-01  1.05282643e-01  6.87836054e-01  1.97756618e-02  4.61522879e+06 
 4.08344143e+14  5.27057881e+33  1.67091000e+01  2.21355834e-01  6.65060000e+00  1.25046821e-01  1.05316215e-01  6.87522951e-01  1.97890854e-02  4.60579424e+06 
 4.09081102e+14  5.27966977e+33  1.67041000e+01  2.21409828e-01  6.65160000e+00  1.25151565e-01  1.05349791e-01  6.87209578e-01  1.98025280e-02  4.59642256e+06 
 4.09818061e+14  5.28876073e+33  1.66991000e+01  2.21463435e-01  6.65160000e+00  1.25218128e-01  1.05383366e-01  6.87075165e-01  1.98159852e-02  4.58711062e+06 
 4.10555020e+14  5.29785169e+33  1.66941000e+01  2.21516665e-01  6.65260000e+00  1.25322570e-01  1.05416941e-01  6.86761295e-01  1.98294580e-02  4.57785732e+06 
 4.11291980e+14  5.30694265e+33  1.66891000e+01  2.21569507e-01  6.65360000e+00  1.25426864e-01  1.05450512e-01  6.86447121e-01  1.98429453e-02  4.56866320e+06 
 4.12028939e+14  5.32763548e+33  1.66771000e+01  2.21688861e-01  6.65560000e+00  1.25653730e-01  1.05534553e-01  6.85779541e-01  1.98772729e-02  4.54787461e+06 
 4.12765898e+14  5.35778196e+33  1.66611000e+01  2.21862119e-01  6.65760000e+00  1.25950942e-01  1.05637216e-01  6.84964031e-01  1.99180048e-02  4.51769371e+06 
 4.13502857e+14  5.38792845e+33  1.66441000e+01  2.22035024e-01  6.65960000e+00  1.26249899e-01  1.05751541e-01  6.84140979e-01  1.99642589e-02  4.48761634e+06 
 4.14239817e+14  5.41807493e+33  1.66271000e+01  2.22207789e-01  6.66260000e+00  1.26588702e-01  1.05865021e-01  6.83130338e-01  2.00101403e-02  4.45763663e+06 
 4.14976776e+14  5.44822142e+33  1.66101000e+01  2.22380597e-01  6.66460000e+00  1.26891023e-01  1.05977784e-01  6.82293431e-01  2.00557051e-02  4.42774997e+06 
 4.15713735e+14  5.51639940e+33  1.65721000e+01  2.22774050e-01  6.66960000e+00  1.27600805e-01  1.06224186e-01  6.80288211e-01  2.01546574e-02  4.36022118e+06 
 4.16450695e+14  5.59241110e+33  1.65281000e+01  2.23220869e-01  6.67560000e+00  1.28423011e-01  1.06515684e-01  6.77932718e-01  2.02728036e-02  4.28472425e+06 
 4.17187654e+14  5.66842280e+33  1.64841000e+01  2.23677925e-01  6.68160000e+00  1.29259960e-01  1.06804346e-01  6.75537176e-01  2.03894407e-02  4.20905174e+06 
 4.17924613e+14  5.74443450e+33  1.64391000e+01  2.24146332e-01  6.68760000e+00  1.30111002e-01  1.07104392e-01  6.73105876e-01  2.05113401e-02  4.13327611e+06 
 4.18661572e+14  5.82088725e+33  1.63931000e+01  2.24629664e-01  6.69360000e+00  1.30979243e-01  1.07415344e-01  6.70634447e-01  2.06381757e-02  4.05704278e+06 
 4.19398532e+14  5.90114524e+33  1.63451000e+01  2.25150984e-01  6.70060000e+00  1.31931956e-01  1.07738425e-01  6.67878097e-01  2.07695334e-02  3.97707506e+06 
 4.20135491e+14  5.98140323e+33  1.62951000e+01  2.25687147e-01  6.70760000e+00  1.32898789e-01  1.08089340e-01  6.65091216e-01  2.09141432e-02  3.89726086e+06 
 4.20872450e+14  6.06166122e+33  1.62461000e+01  2.26238486e-01  6.71460000e+00  1.33879153e-01  1.08429352e-01  6.62276843e-01  2.10533334e-02  3.81770556e+06 
 4.21609409e+14  6.14191921e+33  1.61961000e+01  2.26805257e-01  6.72060000e+00  1.34833675e-01  1.08785829e-01  6.59626182e-01  2.12003696e-02  3.73850937e+06 
 4.22346369e+14  6.22383819e+33  1.61451000e+01  2.27399822e-01  6.72860000e+00  1.35893644e-01  1.09153201e-01  6.56544651e-01  2.13520386e-02  3.65814422e+06 
 4.23083328e+14  6.30853772e+33  1.60911000e+01  2.28031899e-01  6.73560000e+00  1.36953469e-01  1.09555180e-01  6.53576876e-01  2.15195841e-02  3.57563268e+06 
 4.23820287e+14  6.39323726e+33  1.60381000e+01  2.28681700e-01  6.74360000e+00  1.38065358e-01  1.09949302e-01  6.50399012e-01  2.16831873e-02  3.49380792e+06 
 4.24557246e+14  6.47793680e+33  1.59841000e+01  2.29349194e-01  6.75160000e+00  1.39189881e-01  1.10363532e-01  6.47202851e-01  2.18566384e-02  3.41276667e+06 
 4.25294206e+14  6.56263634e+33  1.59301000e+01  2.30034312e-01  6.75960000e+00  1.40326548e-01  1.10784849e-01  6.43990769e-01  2.20335801e-02  3.33259746e+06 
 4.26031165e+14  6.65030439e+33  1.58741000e+01  2.30761933e-01  6.76760000e+00  1.41504372e-01  1.11230465e-01  6.40706032e-01  2.22214710e-02  3.25061772e+06 
 4.26768124e+14  6.73964752e+33  1.58171000e+01  2.31522867e-01  6.77660000e+00  1.42750724e-01  1.11692560e-01  6.37180707e-01  2.24169606e-02  3.16818073e+06 
 4.27505084e+14  6.82899065e+33  1.57601000e+01  2.32303213e-01  6.78460000e+00  1.43969901e-01  1.12164250e-01  6.33839491e-01  2.26173280e-02  3.08694177e+06 
 4.28242043e+14  6.91833378e+33  1.57031000e+01  2.33102768e-01  6.79360000e+00  1.45240476e-01  1.12646088e-01  6.30293491e-01  2.28229132e-02  3.00697130e+06 
 4.28979002e+14  7.00767690e+33  1.56461000e+01  2.33921258e-01  6.80260000e+00  1.46522528e-01  1.13138569e-01  6.26739919e-01  2.30340364e-02  2.92833316e+06 
 4.29715961e+14  7.10138518e+33  1.55861000e+01  2.34799927e-01  6.81260000e+00  1.47901574e-01  1.13670173e-01  6.22895054e-01  2.32633510e-02  2.84733231e+06 
 4.30452921e+14  7.19558085e+33  1.55271000e+01  2.35703873e-01  6.82260000e+00  1.49297943e-01  1.14198075e-01  6.19035122e-01  2.34907730e-02  2.76747585e+06 
 4.31189880e+14  7.28977652e+33  1.54671000e+01  2.36628237e-01  6.83260000e+00  1.50706104e-01  1.14753865e-01  6.15172057e-01  2.37328117e-02  2.68923776e+06 
 4.31926839e+14  7.38397218e+33  1.54081000e+01  2.37572654e-01  6.84260000e+00  1.52125623e-01  1.15308469e-01  6.11307962e-01  2.39745765e-02  2.61265772e+06 
 4.32663798e+14  7.47895141e+33  1.53491000e+01  2.38544846e-01  6.85260000e+00  1.53564676e-01  1.15874414e-01  6.07429585e-01  2.42222030e-02  2.53715155e+06 
 4.33400758e+14  7.57821560e+33  1.52871000e+01  2.39582107e-01  6.86360000e+00  1.55102536e-01  1.16486504e-01  6.03267109e-01  2.44922139e-02  2.46008468e+06 
 4.34137717e+14  7.67747979e+33  1.52261000e+01  2.40640707e-01  6.87460000e+00  1.56652128e-01  1.17099540e-01  5.99108472e-01  2.47632242e-02  2.38491819e+06 
 4.34874676e+14  7.77674398e+33  1.51661000e+01  2.41720210e-01  6.88560000e+00  1.58213024e-01  1.17713557e-01  5.94955786e-01  2.50352534e-02  2.31166624e+06 
 4.35611635e+14  7.87600817e+33  1.51061000e+01  2.42820140e-01  6.89660000e+00  1.59784817e-01  1.18344204e-01  5.90810949e-01  2.53166728e-02  2.24033653e+06 
 4.36348595e+14  7.97741085e+33  1.50451000e+01  2.43964405e-01  6.90760000e+00  1.61391632e-01  1.19001378e-01  5.86636148e-01  2.56117277e-02  2.16945336e+06 
 4.37085554e+14  8.08196669e+33  1.49831000e+01  2.45165871e-01  6.91960000e+00  1.63086804e-01  1.19683516e-01  5.82206275e-01  2.59191218e-02  2.09844209e+06 
 4.37822513e+14  8.18652254e+33  1.49221000e+01  2.46388824e-01  6.93160000e+00  1.64793286e-01  1.20368795e-01  5.77789647e-01  2.62289700e-02  2.02952462e+06 
 4.38559473e+14  8.29107838e+33  1.48611000e+01  2.47632740e-01  6.94360000e+00  1.66510674e-01  1.21073433e-01  5.73388164e-01  2.65501877e-02  1.96268429e+06 
 4.39296432e+14  8.39563423e+33  1.48011000e+01  2.48897057e-01  6.95560000e+00  1.68238586e-01  1.21781323e-01  5.69003448e-01  2.68740839e-02  1.89789948e+06 
 4.40033391e+14  8.50376781e+33  1.47401000e+01  2.50225606e-01  6.96860000e+00  1.70060996e-01  1.22516656e-01  5.64362112e-01  2.72117947e-02  1.83302745e+06 
 4.40770350e+14  8.61384571e+33  1.46791000e+01  2.51599695e-01  6.98160000e+00  1.71917704e-01  1.23268399e-01  5.59707687e-01  2.75583465e-02  1.76916415e+06 
 4.41507310e+14  8.72392361e+33  1.46181000e+01  2.52995052e-01  6.99460000e+00  1.73785382e-01  1.24041926e-01  5.55075868e-01  2.79181657e-02  1.70745695e+06 
 4.42244269e+14  8.83400150e+33  1.45591000e+01  2.54411051e-01  7.00760000e+00  1.75663651e-01  1.24803257e-01  5.50468117e-01  2.82722463e-02  1.64786444e+06 
 4.42981228e+14  8.94407940e+33  1.45001000e+01  2.55847093e-01  7.02060000e+00  1.77552145e-01  1.25586286e-01  5.45885873e-01  2.86397691e-02  1.59034168e+06 
 4.43718187e+14  9.05925850e+33  1.44401000e+01  2.57370721e-01  7.03460000e+00  1.79555812e-01  1.26398754e-01  5.41033163e-01  2.90217001e-02  1.53230965e+06 
 4.44455147e+14  9.17509623e+33  1.43801000e+01  2.58924339e-01  7.04860000e+00  1.81578596e-01  1.27233645e-01  5.36199976e-01  2.94173666e-02  1.47610524e+06 
 4.45192106e+14  9.29093395e+33  1.43211000e+01  2.60498682e-01  7.06260000e+00  1.83612084e-01  1.28074754e-01  5.31398245e-01  2.98180664e-02  1.42200817e+06 
 4.45929065e+14  9.40677167e+33  1.42641000e+01  2.62093077e-01  7.07660000e+00  1.85655908e-01  1.28903681e-01  5.26629125e-01  3.02130904e-02  1.36995928e+06 
 4.46666024e+14  9.52331263e+33  1.42071000e+01  2.63716737e-01  7.09160000e+00  1.87761776e-01  1.29754970e-01  5.21662324e-01  3.06221125e-02  1.31959982e+06 
 4.47402984e+14  9.64515542e+33  1.41481000e+01  2.65434909e-01  7.10560000e+00  1.89901493e-01  1.30659468e-01  5.16879357e-01  3.10599496e-02  1.26902311e+06 
 4.48139943e+14  9.76699822e+33  1.40911000e+01  2.67173683e-01  7.12060000e+00  1.92095295e-01  1.31552601e-01  5.11913359e-01  3.14927333e-02  1.22049171e+06 
 4.48876902e+14  9.88884101e+33  1.40341000e+01  2.68932363e-01  7.13560000e+00  1.94299589e-01  1.32471126e-01  5.06986860e-01  3.19424704e-02  1.17393588e+06 
 4.49613862e+14  1.00106838e+34  1.39791000e+01  2.70710227e-01  7.15060000e+00  1.96514027e-01  1.33377038e-01  5.02100536e-01  3.23864161e-02  1.12928617e+06 
 4.50350821e+14  1.01346666e+34  1.39251000e+01  2.72538404e-01  7.16660000e+00  1.98809975e-01  1.34286520e-01  4.97004433e-01  3.28324144e-02  1.08573608e+06 
 4.51087780e+14  1.02627673e+34  1.38691000e+01  2.74447185e-01  7.18160000e+00  2.01125260e-01  1.35256609e-01  4.92129218e-01  3.33137151e-02  1.04265095e+06 
 4.51824739e+14  1.03908680e+34  1.38151000e+01  2.76375573e-01  7.19760000e+00  2.03495381e-01  1.36214308e-01  4.87074462e-01  3.37893952e-02  1.00143020e+06 
 4.52561699e+14  1.05189687e+34  1.37621000e+01  2.78322837e-01  7.21360000e+00  2.05875835e-01  1.37178388e-01  4.82066103e-01  3.42710141e-02  9.61999109e+05 
 4.53298658e+14  1.06470694e+34  1.37101000e+01  2.80288271e-01  7.22960000e+00  2.08266287e-01  1.38148305e-01  4.77104540e-01  3.47583155e-02  9.24284332e+05 
 4.54035617e+14  1.07788201e+34  1.36571000e+01  2.82328034e-01  7.24560000e+00  2.10714452e-01  1.39162793e-01  4.72154936e-01  3.52723770e-02  8.87208170e+05 
 4.54772576e+14  1.09134392e+34  1.36051000e+01  2.84431128e-01  7.26260000e+00  2.13255954e-01  1.40182869e-01  4.67000097e-01  3.57894801e-02  8.51033867e+05 
 4.55509536e+14  1.10480583e+34  1.35551000e+01  2.86552646e-01  7.27860000e+00  2.15762472e-01  1.41188556e-01  4.62127061e-01  3.62995847e-02  8.16510083e+05 
 4.56246495e+14  1.11826773e+34  1.35051000e+01  2.88691861e-01  7.29560000e+00  2.18324547e-01  1.42220672e-01  4.57076714e-01  3.68289185e-02  7.83562547e+05 
 4.56983454e+14  1.13172964e+34  1.34571000e+01  2.90848020e-01  7.31260000e+00  2.20896515e-01  1.43236639e-01  4.52078207e-01  3.73500906e-02  7.52119551e+05 
 4.57720413e+14  1.14571463e+34  1.34081000e+01  2.93105424e-01  7.32960000e+00  2.23548225e-01  1.44300544e-01  4.47093297e-01  3.78994077e-02  7.20970883e+05 
 4.58457373e+14  1.15985520e+34  1.33591000e+01  2.95405674e-01  7.34660000e+00  2.26231060e-01  1.45392065e-01  4.42153815e-01  3.84677508e-02  6.90966537e+05 
 4.59194332e+14  1.17399577e+34  1.33121000e+01  2.97723030e-01  7.36360000e+00  2.28923924e-01  1.46467123e-01  4.37271643e-01  3.90277715e-02  6.62388589e+05 
 4.59931291e+14  1.18813633e+34  1.32661000e+01  3.00056770e-01  7.38160000e+00  2.31673327e-01  1.47546519e-01  4.32213721e-01  3.95931923e-02  6.35167226e+05 
 4.60668251e+14  1.20227690e+34  1.32221000e+01  3.02406160e-01  7.39860000e+00  2.34385498e-01  1.48606998e-01  4.27444489e-01  4.01483694e-02  6.09235658e+05 
 4.61405210e+14  1.21710541e+34  1.31761000e+01  3.04886227e-01  7.41660000e+00  2.37247818e-01  1.49742779e-01  4.22462680e-01  4.07492004e-02  5.83354904e+05 
 4.62142169e+14  1.23195224e+34  1.31321000e+01  3.07385826e-01  7.43460000e+00  2.40122914e-01  1.50860231e-01  4.17540684e-01  4.13400428e-02  5.58715887e+05 
 4.62879128e+14  1.24679907e+34  1.30891000e+01  3.09901085e-01  7.45260000e+00  2.43007962e-01  1.51980871e-01  4.12678586e-01  4.19356883e-02  5.35285652e+05 
 4.63616088e+14  1.26164590e+34  1.30471000e+01  3.12431310e-01  7.47060000e+00  2.45902639e-01  1.53103885e-01  4.07875747e-01  4.25356210e-02  5.13001182e+05 
 4.64353047e+14  1.27661727e+34  1.30061000e+01  3.14997185e-01  7.48860000e+00  2.48823764e-01  1.54229792e-01  4.03127097e-01  4.31387183e-02  4.91629234e+05 
 4.65090006e+14  1.29219876e+34  1.29641000e+01  3.17682745e-01  7.50760000e+00  2.51886897e-01  1.55411941e-01  3.98184399e-01  4.37764677e-02  4.70492626e+05 
 4.65826965e+14  1.30778025e+34  1.29241000e+01  3.20383265e-01  7.52560000e+00  2.54911565e-01  1.56572179e-01  3.93538986e-01  4.44016043e-02  4.50421877e+05 
 4.66563925e+14  1.32336174e+34  1.28851000e+01  3.23097947e-01  7.54460000e+00  2.57994582e-01  1.57733286e-01  3.88719905e-01  4.50300759e-02  4.31359165e+05 
 4.67300884e+14  1.33894323e+34  1.28461000e+01  3.25826100e-01  7.56360000e+00  2.61087179e-01  1.58919100e-01  3.83960927e-01  4.56790263e-02  4.13249519e+05 
 4.68037843e+14  1.35479725e+34  1.28091000e+01  3.28615117e-01  7.58160000e+00  2.64177592e-01  1.60083783e-01  3.79492726e-01  4.63120788e-02  3.95747376e+05 
 4.68774802e+14  1.37114258e+34  1.27711000e+01  3.31504333e-01  7.60160000e+00  2.67444942e-01  1.61305912e-01  3.74609545e-01  4.69830462e-02  3.78621292e+05 
 4.69511762e+14  1.38748792e+34  1.27351000e+01  3.34406880e-01  7.62060000e+00  2.70672565e-01  1.62502149e-01  3.70024077e-01  4.76380281e-02  3.62374753e+05 
 4.70248721e+14  1.40383326e+34  1.27001000e+01  3.37322073e-01  7.63960000e+00  2.73909540e-01  1.63696542e-01  3.65499812e-01  4.82943964e-02  3.46958094e+05 
 4.70985680e+14  1.42017859e+34  1.26661000e+01  3.40249189e-01  7.65860000e+00  2.77155567e-01  1.64888088e-01  3.61035237e-01  4.89513836e-02  3.32324544e+05 
 4.71722640e+14  1.43694904e+34  1.26321000e+01  3.43264246e-01  7.67760000e+00  2.80470164e-01  1.66110723e-01  3.56631532e-01  4.96283381e-02  3.18077562e+05 
 4.72459599e+14  1.45408821e+34  1.25981000e+01  3.46357858e-01  7.69760000e+00  2.83896798e-01  1.67364195e-01  3.52055858e-01  5.03260427e-02  3.04271443e+05 
 4.73196558e+14  1.47122738e+34  1.25661000e+01  3.49463206e-01  7.71760000e+00  2.87333069e-01  1.68587436e-01  3.47541269e-01  5.10038378e-02  2.91183330e+05 
 4.73933517e+14  1.48836655e+34  1.25341000e+01  3.52579598e-01  7.73660000e+00  2.90727193e-01  1.69832821e-01  3.43321634e-01  5.17011606e-02  2.78771618e+05 
 4.74670477e+14  1.50550572e+34  1.25041000e+01  3.55706374e-01  7.75660000e+00  2.94181529e-01  1.71045384e-01  3.38924672e-01  5.23762374e-02  2.66997153e+05 
 4.75407436e+14  1.52322654e+34  1.24731000e+01  3.58949654e-01  7.77660000e+00  2.97727147e-01  1.72320254e-01  3.34597342e-01  5.30932180e-02  2.55453439e+05 
 4.76144395e+14  1.54119033e+34  1.24441000e+01  3.62248143e-01  7.79660000e+00  3.01316492e-01  1.73567262e-01  3.30335104e-01  5.37878510e-02  2.44365109e+05 
 4.76881354e+14  1.55915411e+34  1.24151000e+01  3.65556722e-01  7.81660000e+00  3.04914895e-01  1.74835132e-01  3.26131304e-01  5.45012974e-02  2.33858123e+05 
 4.77618314e+14  1.57711790e+34  1.23871000e+01  3.68874719e-01  7.83660000e+00  3.08522044e-01  1.76095156e-01  3.21984254e-01  5.52113410e-02  2.23898113e+05 
 4.78355273e+14  1.59508169e+34  1.23601000e+01  3.72201496e-01  7.85660000e+00  3.12137639e-01  1.77346267e-01  3.17892327e-01  5.59170334e-02  2.14452865e+05 
 4.79092232e+14  1.61378689e+34  1.23331000e+01  3.75674551e-01  7.87760000e+00  3.15920697e-01  1.78636932e-01  3.13647433e-01  5.66450046e-02  2.05131510e+05 
 4.79829191e+14  1.63260689e+34  1.23071000e+01  3.79178032e-01  7.89760000e+00  3.19675811e-01  1.79921420e-01  3.09697474e-01  5.73688608e-02  1.96248982e+05 
 4.80566151e+14  1.65142689e+34  1.22821000e+01  3.82689990e-01  7.91860000e+00  3.23493274e-01  1.81195529e-01  3.05568753e-01  5.80869389e-02  1.87834128e+05 
 4.81303110e+14  1.67024690e+34  1.22571000e+01  3.86209711e-01  7.93860000e+00  3.27265256e-01  1.82487888e-01  3.01726754e-01  5.88221741e-02  1.79858989e+05 
 4.82040069e+14  1.68908182e+34  1.22341000e+01  3.89739421e-01  7.95860000e+00  3.31047221e-01  1.83738598e-01  2.97936731e-01  5.95260341e-02  1.72291472e+05 
 4.82777029e+14  1.70879044e+34  1.22101000e+01  3.93440360e-01  7.98060000e+00  3.35071792e-01  1.85063173e-01  2.93774510e-01  6.02778157e-02  1.64788708e+05 
 4.83513988e+14  1.72849905e+34  1.21871000e+01  3.97148741e-01  8.00060000e+00  3.38995577e-01  1.86375170e-01  2.90130328e-01  6.10218227e-02  1.57684672e+05 
 4.84250947e+14  1.74820767e+34  1.21661000e+01  4.00863914e-01  8.02160000e+00  3.42982491e-01  1.87642611e-01  2.86304335e-01  6.17315897e-02  1.50955152e+05 
 4.84987906e+14  1.76791629e+34  1.21441000e+01  4.04585238e-01  8.04260000e+00  3.46977483e-01  1.88956931e-01  2.82527453e-01  6.24821522e-02  1.44577553e+05 
 4.85724866e+14  1.78777017e+34  1.21241000e+01  4.08339616e-01  8.06360000e+00  3.51001149e-01  1.90229236e-01  2.78806410e-01  6.31977517e-02  1.38487308e+05 
 4.86461825e+14  1.80840061e+34  1.21031000e+01  4.12246766e-01  8.08460000e+00  3.55144495e-01  1.91573919e-01  2.75178443e-01  6.39623260e-02  1.32491938e+05 
 4.87198784e+14  1.82903104e+34  1.20841000e+01  4.16159695e-01  8.10560000e+00  3.59295871e-01  1.92870668e-01  2.71598319e-01  6.46890061e-02  1.26814913e+05 
 4.87935743e+14  1.84966148e+34  1.20651000e+01  4.20077710e-01  8.12660000e+00  3.63454976e-01  1.94181892e-01  2.68064008e-01  6.54298057e-02  1.21436838e+05 
 4.88672703e+14  1.87029192e+34  1.20471000e+01  4.24000264e-01  8.14760000e+00  3.67621495e-01  1.95474854e-01  2.64574021e-01  6.61571895e-02  1.16339548e+05 
 4.89409662e+14  1.89119752e+34  1.20291000e+01  4.27979120e-01  8.16860000e+00  3.71834842e-01  1.96790761e-01  2.61144724e-01  6.69010530e-02  1.11443336e+05 
 4.90146621e+14  1.91278379e+34  1.20121000e+01  4.32091911e-01  8.19060000e+00  3.76211381e-01  1.98111241e-01  2.57575569e-01  6.76384835e-02  1.06653781e+05 
 4.90883580e+14  1.93437005e+34  1.19951000e+01  4.36208733e-01  8.21160000e+00  3.80537884e-01  1.99444835e-01  2.54277827e-01  6.83888998e-02  1.02117831e+05 
 4.91620540e+14  1.95595632e+34  1.19791000e+01  4.40328979e-01  8.23360000e+00  3.84929695e-01  2.00757699e-01  2.50793086e-01  6.91233098e-02  9.78199677e+04 
 4.92357499e+14  1.97754258e+34  1.19641000e+01  4.44452063e-01  8.25460000e+00  3.89270263e-01  2.02048717e-01  2.47575355e-01  6.98405307e-02  9.37457206e+04 
 4.93094458e+14  1.99953228e+34  1.19491000e+01  4.48654633e-01  8.27560000e+00  3.93675540e-01  2.03365751e-01  2.44424812e-01  7.05743687e-02  8.98112156e+04 
 4.93831418e+14  2.02210919e+34  1.19341000e+01  4.52972143e-01  8.29760000e+00  3.98231505e-01  2.04715888e-01  2.41129354e-01  7.13275981e-02  8.59838465e+04 
 4.94568377e+14  2.04468609e+34  1.19201000e+01  4.57292000e-01  8.31960000e+00  4.02794678e-01  2.06042804e-01  2.37871933e-01  7.20621091e-02  8.23581957e+04 
 4.95305336e+14  2.06726300e+34  1.19071000e+01  4.61613568e-01  8.34060000e+00  4.07304952e-01  2.07345354e-01  2.34875672e-01  7.27766703e-02  7.89219378e+04 
 4.96042295e+14  2.08983991e+34  1.18941000e+01  4.65936287e-01  8.36260000e+00  4.11881360e-01  2.08657538e-01  2.31688525e-01  7.35009926e-02  7.56635718e+04 
 4.96779255e+14  2.11294555e+34  1.18821000e+01  4.70361069e-01  8.38360000e+00  4.16480036e-01  2.09964066e-01  2.28800499e-01  7.42114956e-02  7.25017909e+04 
 4.97516214e+14  2.13654871e+34  1.18701000e+01  4.74882178e-01  8.40560000e+00  4.21217280e-01  2.11298816e-01  2.25760988e-01  7.49385015e-02  6.94409918e+04 
 4.98253173e+14  2.16015187e+34  1.18581000e+01  4.79403868e-01  8.42760000e+00  4.25960980e-01  2.12642522e-01  2.22753937e-01  7.56746084e-02  6.65405577e+04 
 4.98990132e+14  2.18375504e+34  1.18471000e+01  4.83925582e-01  8.44960000e+00  4.30710828e-01  2.13958758e-01  2.19777867e-01  7.63873830e-02  6.37907015e+04 
 4.99727092e+14  2.20735820e+34  1.18371000e+01  4.88446793e-01  8.47060000e+00  4.35404846e-01  2.15246461e-01  2.17052869e-01  7.70756445e-02  6.11823019e+04 
 5.00464051e+14  2.23161098e+34  1.18271000e+01  4.93091586e-01  8.49260000e+00  4.40259549e-01  2.16566913e-01  2.14187897e-01  7.77813227e-02  5.86404222e+04 
 5.01201010e+14  2.25627680e+34  1.18171000e+01  4.97814821e-01  8.51460000e+00  4.45179670e-01  2.17910973e-01  2.11385446e-01  7.85008663e-02  5.61899012e+04 
 5.01937969e+14  2.28094262e+34  1.18081000e+01  5.02536922e-01  8.53660000e+00  4.50105433e-01  2.19225004e-01  2.08610255e-01  7.91941384e-02  5.38668593e+04 
 5.02674929e+14  2.30560844e+34  1.17991000e+01  5.07257328e-01  8.55860000e+00  4.55036545e-01  2.20545332e-01  2.05860909e-01  7.98938125e-02  5.16635547e+04 
 5.03411888e+14  2.33027426e+34  1.17911000e+01  5.11975551e-01  8.58060000e+00  4.59972719e-01  2.21834052e-01  2.03136172e-01  8.05655231e-02  4.95727615e+04 
 5.04148847e+14  2.35570456e+34  1.17831000e+01  5.16837416e-01  8.60260000e+00  4.65023743e-01  2.23158844e-01  2.00499803e-01  8.12551189e-02  4.75277434e+04 
 5.04885807e+14  2.38147023e+34  1.17761000e+01  5.21761072e-01  8.62460000e+00  4.70128028e-01  2.24464520e-01  1.97915559e-01  8.19209420e-02  4.55630065e+04 
 5.05622766e+14  2.40723589e+34  1.17681000e+01  5.26681774e-01  8.64660000e+00  4.75237123e-01  2.25813273e-01  1.95353273e-01  8.26265281e-02  4.36996727e+04 
 5.06359725e+14  2.43300156e+34  1.17621000e+01  5.31599114e-01  8.66860000e+00  4.80350707e-01  2.27089772e-01  1.92812133e-01  8.32664326e-02  4.19315999e+04 
 5.07096684e+14  2.45876723e+34  1.17551000e+01  5.36512531e-01  8.69060000e+00  4.85468526e-01  2.28408840e-01  1.90290741e-01  8.39457083e-02  4.02530848e+04 
 5.07833644e+14  2.48540448e+34  1.17491000e+01  5.41587906e-01  8.71260000e+00  4.90715315e-01  2.29728389e-01  1.87863573e-01  8.46077498e-02  3.86061715e+04 
 5.08570603e+14  2.51230796e+34  1.17441000e+01  5.46709851e-01  8.73460000e+00  4.96004436e-01  2.31023065e-01  1.85477841e-01  8.52414874e-02  3.70282856e+04 
 5.09307562e+14  2.53921143e+34  1.17391000e+01  5.51827135e-01  8.75660000e+00  5.01297461e-01  2.32320652e-01  1.83109544e-01  8.58779791e-02  3.55311240e+04 
 5.10044521e+14  2.56611491e+34  1.17341000e+01  5.56939280e-01  8.77860000e+00  5.06594098e-01  2.33620907e-01  1.80757696e-01  8.65170297e-02  3.41098382e+04 
 5.10781481e+14  2.59301839e+34  1.17291000e+01  5.62045799e-01  8.80060000e+00  5.11894089e-01  2.34923577e-01  1.78421189e-01  8.71584265e-02  3.27599081e+04 
 5.11518440e+14  2.62089088e+34  1.17251000e+01  5.67330250e-01  8.82260000e+00  5.17335498e-01  2.36228008e-01  1.76183282e-01  8.77810587e-02  3.14320182e+04 
 5.12255399e+14  2.64897090e+34  1.17211000e+01  5.72648114e-01  8.84460000e+00  5.22809747e-01  2.37542776e-01  1.73977406e-01  8.84087894e-02  3.01624424e+04 
 5.12992358e+14  2.67705091e+34  1.17181000e+01  5.77959489e-01  8.86660000e+00  5.28286994e-01  2.38818326e-01  1.71784315e-01  8.89998776e-02  2.89572154e+04 
 5.13729318e+14  2.70513093e+34  1.17151000e+01  5.83264003e-01  8.88860000e+00  5.33766921e-01  2.40094807e-01  1.69603548e-01  8.95916406e-02  2.78124981e+04 
 5.14466277e+14  2.73321095e+34  1.17121000e+01  5.88561157e-01  8.91060000e+00  5.39249285e-01  2.41371962e-01  1.67434020e-01  9.01838581e-02  2.67247140e+04 
 5.15203236e+14  2.76234566e+34  1.17091000e+01  5.94049521e-01  8.93360000e+00  5.44952093e-01  2.42693035e-01  1.65158314e-01  9.07943117e-02  2.56525974e+04 
 5.15940196e+14  2.79164170e+34  1.17071000e+01  5.99560482e-01  8.95560000e+00  5.50611823e-01  2.43979528e-01  1.63114609e-01  9.13686235e-02  2.46290183e+04 
 5.16677155e+14  2.82093774e+34  1.17051000e+01  6.05063242e-01  8.97760000e+00  5.56273534e-01  2.45265884e-01  1.61080061e-01  9.19424408e-02  2.36568111e+04 
 5.17414114e+14  2.85023379e+34  1.17031000e+01  6.10557330e-01  8.99960000e+00  5.61936966e-01  2.46551886e-01  1.59053798e-01  9.25155757e-02  2.27329381e+04 
 5.18151073e+14  2.87952983e+34  1.17021000e+01  6.16042300e-01  9.02160000e+00  5.67601875e-01  2.47794959e-01  1.57034964e-01  9.30480757e-02  2.18545633e+04 
 5.18888033e+14  2.90995224e+34  1.17011000e+01  6.21728576e-01  9.04360000e+00  5.73426767e-01  2.49083053e-01  1.55118877e-01  9.35979826e-02  2.09876676e+04 
 5.19624992e+14  2.94050453e+34  1.17001000e+01  6.27429549e-01  9.06560000e+00  5.79271203e-01  2.50375256e-01  1.53219925e-01  9.41483994e-02  2.01606415e+04 
 5.20361951e+14  2.97105682e+34  1.17001000e+01  6.33120489e-01  9.08760000e+00  5.85116620e-01  2.51623048e-01  1.51326361e-01  9.46565326e-02  1.93747005e+04 
 5.21098910e+14  3.00160911e+34  1.17001000e+01  6.38800938e-01  9.10960000e+00  5.90962775e-01  2.52868811e-01  1.49437410e-01  9.52059016e-02  1.86359868e+04 
 5.21835870e+14  3.03216140e+34  1.17001000e+01  6.44470537e-01  9.13160000e+00  5.96809396e-01  2.54112405e-01  1.47552666e-01  9.57093029e-02  1.79248308e+04 
 5.22572829e+14  3.06389531e+34  1.17001000e+01  6.50348007e-01  9.15360000e+00  6.02821447e-01  2.55401739e-01  1.45770130e-01  9.61851269e-02  1.72145273e+04 
 5.23309788e+14  3.09574479e+34  1.17001000e+01  6.56235446e-01  9.17560000e+00  6.08849850e-01  2.56693343e-01  1.43999868e-01  9.67038580e-02  1.65448039e+04 
 5.24046747e+14  3.12759427e+34  1.17011000e+01  6.62111020e-01  9.19760000e+00  6.14878183e-01  2.57938268e-01  1.42231705e-01  9.71779834e-02  1.59080019e+04 
 5.24783707e+14  3.15944376e+34  1.17021000e+01  6.67974323e-01  9.21960000e+00  6.20906196e-01  2.59180024e-01  1.40465115e-01  9.76484952e-02  1.53022085e+04 
 5.25520666e+14  3.19129324e+34  1.17031000e+01  6.73824943e-01  9.24160000e+00  6.26933669e-01  2.60418442e-01  1.38699471e-01  9.81152560e-02  1.47256367e+04 
 5.26257625e+14  3.22436057e+34  1.17051000e+01  6.79886064e-01  9.26360000e+00  6.33129036e-01  2.61657702e-01  1.37033718e-01  9.85553844e-02  1.41561019e+04 
 5.26994585e+14  3.25754890e+34  1.17071000e+01  6.85956026e-01  9.28560000e+00  6.39340296e-01  2.62897793e-01  1.35377224e-01  9.90386841e-02  1.36187893e+04 
 5.27731544e+14  3.29073722e+34  1.17081000e+01  6.92012310e-01  9.30760000e+00  6.45550372e-01  2.64178898e-01  1.33720101e-01  9.94683093e-02  1.30953205e+04 
 5.28468503e+14  3.32392555e+34  1.17111000e+01  6.98054470e-01  9.32960000e+00  6.51759062e-01  2.65365453e-01  1.32061575e-01  9.99003180e-02  1.26088981e+04 
 5.29205462e+14  3.35711387e+34  1.17131000e+01  7.04082213e-01  9.35060000e+00  6.57890914e-01  2.66592761e-01  1.30596522e-01  1.00277508e-01  1.21342882e+04 
 5.29942422e+14  3.39153444e+34  1.17151000e+01  7.10318617e-01  9.37360000e+00  6.64340283e-01  2.67864375e-01  1.28836828e-01  1.00714775e-01  1.16714706e+04 
 5.30679381e+14  3.42610395e+34  1.17181000e+01  7.16566831e-01  9.39560000e+00  6.70732862e-01  2.69091260e-01  1.27280726e-01  1.01105955e-01  1.12291688e+04 
 5.31416340e+14  3.46067345e+34  1.17211000e+01  7.22799473e-01  9.41660000e+00  6.77046902e-01  2.70312937e-01  1.25914145e-01  1.01491533e-01  1.08081387e+04 
 5.32153299e+14  3.49524296e+34  1.17241000e+01  7.29016200e-01  9.43860000e+00  6.83434316e-01  2.71529303e-01  1.24350335e-01  1.01871450e-01  1.04071674e+04 
 5.32890259e+14  3.52981246e+34  1.17281000e+01  7.35216658e-01  9.45960000e+00  6.89742026e-01  2.72693727e-01  1.22974140e-01  1.02249630e-01  1.00297875e+04 
 5.33627218e+14  3.56560378e+34  1.17311000e+01  7.41619253e-01  9.48160000e+00  6.96289096e-01  2.73946512e-01  1.21494519e-01  1.02587900e-01  9.64835390e+03 
 5.34364177e+14  3.60159746e+34  1.17351000e+01  7.48040988e-01  9.50360000e+00  7.02860411e-01  2.75154535e-01  1.20024928e-01  1.02926668e-01  9.28759553e+03 
 5.35101137e+14  3.63759114e+34  1.17391000e+01  7.54445292e-01  9.52560000e+00  7.09428269e-01  2.76356349e-01  1.18549758e-01  1.03307163e-01  8.94816658e+03 
 5.35838096e+14  3.67358482e+34  1.17431000e+01  7.60831800e-01  9.54660000e+00  7.15914093e-01  2.77551843e-01  1.17257622e-01  1.03633147e-01  8.62060175e+03 
 5.36575055e+14  3.70957850e+34  1.17471000e+01  7.67200287e-01  9.56860000e+00  7.22474005e-01  2.78740992e-01  1.15770129e-01  1.03904082e-01  8.30444347e+03 
 5.37312014e+14  3.74675555e+34  1.17511000e+01  7.73759217e-01  9.59060000e+00  7.29188415e-01  2.79968785e-01  1.14362991e-01  1.04232851e-01  7.99717191e+03 
 5.38048974e+14  3.78421704e+34  1.17561000e+01  7.80349380e-01  9.61160000e+00  7.35857110e-01  2.81152876e-01  1.13156327e-01  1.04514094e-01  7.70218861e+03 
 5.38785933e+14  3.82167853e+34  1.17611000e+01  7.86920201e-01  9.63360000e+00  7.42600254e-01  2.82329789e-01  1.11754354e-01  1.04837220e-01  7.42454973e+03 
 5.39522892e+14  3.85914003e+34  1.17651000e+01  7.93471430e-01  9.65460000e+00  7.49258358e-01  2.83547700e-01  1.10530609e-01  1.05099691e-01  7.15305334e+03 
 5.40259851e+14  3.89660152e+34  1.17701000e+01  8.00002729e-01  9.67560000e+00  7.55910699e-01  2.84710285e-01  1.09297738e-01  1.05359482e-01  6.89740026e+03 
 5.40996811e+14  3.93517651e+34  1.17761000e+01  8.06707372e-01  9.69760000e+00  7.62785217e-01  2.85858460e-01  1.07949346e-01  1.05630879e-01  6.64946295e+03 
 5.41733770e+14  3.97415006e+34  1.17811000e+01  8.13460492e-01  9.71860000e+00  7.69625547e-01  2.87062291e-01  1.06804031e-01  1.05895162e-01  6.40754087e+03 
 5.42470729e+14  4.01312362e+34  1.17861000e+01  8.20192357e-01  9.74060000e+00  7.76540936e-01  2.88258399e-01  1.05464778e-01  1.06101970e-01  6.17396050e+03 
 5.43207688e+14  4.05209717e+34  1.17921000e+01  8.26902745e-01  9.76160000e+00  7.83368287e-01  2.89397676e-01  1.04298907e-01  1.06355845e-01  5.95680444e+03 
 5.43944648e+14  4.09107073e+34  1.17981000e+01  8.33591385e-01  9.78260000e+00  7.90188667e-01  2.90528822e-01  1.03122500e-01  1.06552173e-01  5.74678524e+03 
 5.44681607e+14  4.13105287e+34  1.18031000e+01  8.40430503e-01  9.80360000e+00  7.97133399e-01  2.91737909e-01  1.02003339e-01  1.06747639e-01  5.53857525e+03 
 5.45418566e+14  4.17158332e+34  1.18091000e+01  8.47340656e-01  9.82560000e+00  8.04225066e-01  2.92909220e-01  1.00728579e-01  1.06946494e-01  5.33984571e+03 
 5.46155526e+14  4.21211377e+34  1.18161000e+01  8.54227710e-01  9.84660000e+00  8.11226249e-01  2.94022215e-01  9.96232721e-02  1.07142479e-01  5.15267301e+03 
 5.46892485e+14  4.25264422e+34  1.18221000e+01  8.61091415e-01  9.86760000e+00  8.18219394e-01  2.95176262e-01  9.85061926e-02  1.07325387e-01  4.97161729e+03 
 5.47629444e+14  4.29317467e+34  1.18281000e+01  8.67931496e-01  9.88860000e+00  8.25204359e-01  2.96321701e-01  9.73771950e-02  1.07500348e-01  4.79872589e+03 
 5.48366403e+14  4.33456995e+34  1.18341000e+01  8.74893113e-01  9.90960000e+00  8.32292039e-01  2.97489163e-01  9.62919133e-02  1.07625896e-01  4.62792535e+03 
 5.49103363e+14  4.37670268e+34  1.18411000e+01  8.81954105e-01  9.93060000e+00  8.39465606e-01  2.98623415e-01  9.52411600e-02  1.07807340e-01  4.46629109e+03 
 5.49840322e+14  4.41883541e+34  1.18481000e+01  8.88990103e-01  9.95160000e+00  8.46630056e-01  2.99748354e-01  9.41773913e-02  1.07929613e-01  4.30990728e+03 
 5.50577281e+14  4.46096814e+34  1.18541000e+01  8.96000863e-01  9.97260000e+00  8.53785222e-01  3.00914733e-01  9.31006725e-02  1.08038086e-01  4.15858954e+03 
 5.51314240e+14  4.50310088e+34  1.18611000e+01  9.02986155e-01  9.99260000e+00  8.60845110e-01  3.02021148e-01  9.21868602e-02  1.08143867e-01  4.01596256e+03 
 5.52051200e+14  4.54591178e+34  1.18681000e+01  9.10057730e-01  1.00136000e+01  8.68066619e-01  3.03141587e-01  9.11252598e-02  1.08248220e-01  3.87748756e+03 
 5.52788159e+14  4.58969270e+34  1.18751000e+01  9.17262979e-01  1.00346000e+01  8.75400619e-01  3.04285840e-01  9.01093481e-02  1.08353724e-01  3.74221960e+03 
 5.53525118e+14  4.63347362e+34  1.18821000e+01  9.24441320e-01  1.00556000e+01  8.82724246e-01  3.05420361e-01  8.90793516e-02  1.08450784e-01  3.61301981e+03 
 5.54262077e+14  4.67725454e+34  1.18901000e+01  9.31592539e-01  1.00756000e+01  8.89950036e-01  3.06493577e-01  8.82089519e-02  1.08545363e-01  3.49121974e+03 
 5.54999037e+14  4.72103546e+34  1.18971000e+01  9.38716518e-01  1.00966000e+01  8.97252025e-01  3.07608516e-01  8.71508497e-02  1.08625920e-01  3.37314574e+03 
 5.55735996e+14  4.76526073e+34  1.19041000e+01  9.45884942e-01  1.01166000e+01  9.04510400e-01  3.08728594e-01  8.62773366e-02  1.08650612e-01  3.25755557e+03 
 5.56472955e+14  4.81073624e+34  1.19121000e+01  9.53227508e-01  1.01376000e+01  9.12000440e-01  3.09828501e-01  8.52890595e-02  1.08735639e-01  3.14701715e+03 
 5.57209915e+14  4.85621174e+34  1.19191000e+01  9.60541279e-01  1.01576000e+01  9.19390085e-01  3.10970178e-01  8.44572420e-02  1.08754432e-01  3.03845279e+03 
 5.57946874e+14  4.90168724e+34  1.19271000e+01  9.67826116e-01  1.01786000e+01  9.26856225e-01  3.12049451e-01  8.34390135e-02  1.08770962e-01  2.93608731e+03 
 5.58683833e+14  4.94716275e+34  1.19351000e+01  9.75081834e-01  1.01986000e+01  9.34220957e-01  3.13118364e-01  8.25765273e-02  1.08831110e-01  2.83952974e+03 
 5.59420792e+14  4.99279716e+34  1.19431000e+01  9.82333491e-01  1.02186000e+01  9.41592264e-01  3.14182090e-01  8.17074616e-02  1.08832628e-01  2.74547874e+03 
 5.60157752e+14  5.04001408e+34  1.19501000e+01  9.89806163e-01  1.02386000e+01  9.49143454e-01  3.15339352e-01  8.09096786e-02  1.08832060e-01  2.65113692e+03 
 5.60894711e+14  5.08723101e+34  1.19591000e+01  9.97248178e-01  1.02586000e+01  9.56680912e-01  3.16380323e-01  8.00953384e-02  1.08835826e-01  2.56340064e+03 
 5.61631670e+14  5.13444794e+34  1.19671000e+01  1.00465941e+00  1.02786000e+01  9.64204505e-01  3.17463383e-01  7.92648053e-02  1.08824980e-01  2.47826242e+03 
 5.62368629e+14  5.18166487e+34  1.19751000e+01  1.01203972e+00  1.02986000e+01  9.71714116e-01  3.18535783e-01  7.84182617e-02  1.08806019e-01  2.39678598e+03 
 5.63105589e+14  5.22888180e+34  1.19831000e+01  1.01938894e+00  1.03186000e+01  9.79209673e-01  3.19597533e-01  7.75557830e-02  1.08779055e-01  2.31878240e+03 
 5.63842548e+14  5.27770454e+34  1.19911000e+01  1.02695584e+00  1.03386000e+01  9.86883032e-01  3.20698921e-01  7.67610589e-02  1.08755298e-01  2.24158436e+03 
 5.64579507e+14  5.32671015e+34  1.19991000e+01  1.03451858e+00  1.03586000e+01  9.94563311e-01  3.21794997e-01  7.59587715e-02  1.08672513e-01  2.16640661e+03 
 5.65316466e+14  5.37571575e+34  1.20081000e+01  1.04204877e+00  1.03786000e+01  1.00222835e+00  3.22826343e-01  7.51400559e-02  1.08640444e-01  2.09648215e+03 
 5.66053426e+14  5.42472136e+34  1.20161000e+01  1.04954618e+00  1.03986000e+01  1.00987817e+00  3.23900367e-01  7.43048033e-02  1.08593669e-01  2.02853632e+03 
 5.66790385e+14  5.47372697e+34  1.20241000e+01  1.05701076e+00  1.04176000e+01  1.01741929e+00  3.24963491e-01  7.36176792e-02  1.08539072e-01  1.96345218e+03 
 5.67527344e+14  5.52398298e+34  1.20331000e+01  1.06463191e+00  1.04376000e+01  1.02518453e+00  3.25999394e-01  7.28111610e-02  1.08439251e-01  1.89952550e+03 
 5.68264304e+14  5.57482489e+34  1.20411000e+01  1.07230768e+00  1.04566000e+01  1.03290820e+00  3.27095848e-01  7.21796075e-02  1.08328077e-01  1.83672077e+03 
 5.69001263e+14  5.62566681e+34  1.20501000e+01  1.07994905e+00  1.04766000e+01  1.04070908e+00  3.28126596e-01  7.13673754e-02  1.08268090e-01  1.77830307e+03 
 5.69738222e+14  5.67650872e+34  1.20581000e+01  1.08755589e+00  1.04956000e+01  1.04839868e+00  3.29200482e-01  7.07006832e-02  1.08141339e-01  1.72066614e+03 
 5.70475181e+14  5.72735063e+34  1.20671000e+01  1.09512817e+00  1.05146000e+01  1.05607090e+00  3.30208502e-01  7.00166819e-02  1.08066182e-01  1.66704760e+03 
 5.71212141e+14  5.77902148e+34  1.20761000e+01  1.10278851e+00  1.05346000e+01  1.06391639e+00  3.31229393e-01  6.91926195e-02  1.07936044e-01  1.61401370e+03 
 5.71949100e+14  5.83174764e+34  1.20851000e+01  1.11056934e+00  1.05536000e+01  1.07176986e+00  3.32269465e-01  6.85612193e-02  1.07803870e-01  1.56216022e+03 
 5.72686059e+14  5.88447381e+34  1.20931000e+01  1.11831402e+00  1.05726000e+01  1.07960477e+00  3.33352961e-01  6.79119667e-02  1.07656873e-01  1.51174842e+03 
 5.73423018e+14  5.93719997e+34  1.21021000e+01  1.12602240e+00  1.05926000e+01  1.08751766e+00  3.34369764e-01  6.70850039e-02  1.07561678e-01  1.46485447e+03 
 5.74159978e+14  5.98992613e+34  1.21111000e+01  1.13369448e+00  1.06106000e+01  1.09521901e+00  3.35374953e-01  6.65600307e-02  1.07407441e-01  1.41919001e+03 
 5.74896937e+14  6.04298833e+34  1.21201000e+01  1.14137878e+00  1.06296000e+01  1.10303596e+00  3.36378077e-01  6.58727702e-02  1.07247698e-01  1.37511306e+03 
 5.75633896e+14  6.09764697e+34  1.21291000e+01  1.14925653e+00  1.06486000e+01  1.11101302e+00  3.37414468e-01  6.52375975e-02  1.07087895e-01  1.33157839e+03 
 5.76370855e+14  6.15230561e+34  1.21381000e+01  1.15709633e+00  1.06676000e+01  1.11897033e+00  3.38438921e-01  6.45842431e-02  1.06920918e-01  1.28984354e+03 
 5.77107815e+14  6.20696425e+34  1.21471000e+01  1.16489817e+00  1.06866000e+01  1.12690780e+00  3.39451521e-01  6.39131236e-02  1.06746955e-01  1.24981894e+03 
 5.77844774e+14  6.26162289e+34  1.21561000e+01  1.17266200e+00  1.07056000e+01  1.13482543e+00  3.40452324e-01  6.32244363e-02  1.06566166e-01  1.21142013e+03 
 5.78581733e+14  6.31628153e+34  1.21651000e+01  1.18038784e+00  1.07236000e+01  1.14262425e+00  3.41441418e-01  6.26750268e-02  1.06378732e-01  1.17456745e+03 
 5.79318693e+14  6.37268719e+34  1.21741000e+01  1.18832123e+00  1.07426000e+01  1.15069322e+00  3.42466187e-01  6.20232619e-02  1.06191069e-01  1.13807641e+03 
 5.80055652e+14  6.42932677e+34  1.21831000e+01  1.19624792e+00  1.07606000e+01  1.15866728e+00  3.43485215e-01  6.15185217e-02  1.05997464e-01  1.10292738e+03 
 5.80792611e+14  6.48596636e+34  1.21921000e+01  1.20413498e+00  1.07796000e+01  1.16671948e+00  3.44492230e-01  6.08401150e-02  1.05797245e-01  1.06920122e+03 
 5.81529570e+14  6.54260594e+34  1.22011000e+01  1.21198238e+00  1.07976000e+01  1.17465032e+00  3.45487288e-01  6.02987788e-02  1.05590569e-01  1.03682846e+03 
 5.82266530e+14  6.59924553e+34  1.22101000e+01  1.21979017e+00  1.08156000e+01  1.18255934e+00  3.46470484e-01  5.97394567e-02  1.05377623e-01  1.00574349e+03 
 5.83003489e+14  6.65702794e+34  1.22191000e+01  1.22771487e+00  1.08336000e+01  1.19056894e+00  3.47471727e-01  5.92064510e-02  1.05161903e-01  9.75293500e+02 
 5.83740448e+14  6.71569711e+34  1.22281000e+01  1.23572008e+00  1.08526000e+01  1.19875208e+00  3.48483997e-01  5.85358159e-02  1.04891454e-01  9.45154629e+02 
 5.84477407e+14  6.77436629e+34  1.22381000e+01  1.24368401e+00  1.08706000e+01  1.20681124e+00  3.49426978e-01  5.80003256e-02  1.04674035e-01  9.17121932e+02 
 5.85214367e+14  6.83303546e+34  1.22471000e+01  1.25160663e+00  1.08886000e+01  1.21484745e+00  3.50414854e-01  5.74464729e-02  1.04442441e-01  8.89759086e+02 
 5.85951326e+14  6.89170463e+34  1.22561000e+01  1.25948814e+00  1.09066000e+01  1.22286051e+00  3.51390778e-01  5.68750869e-02  1.04205011e-01  8.63471572e+02 
 5.86688285e+14  6.95082370e+34  1.22651000e+01  1.26738842e+00  1.09236000e+01  1.23079509e+00  3.52366068e-01  5.64537066e-02  1.03962889e-01  8.38018317e+02 
 5.87425244e+14  7.01157124e+34  1.22741000e+01  1.27546369e+00  1.09416000e+01  1.23897838e+00  3.53370192e-01  5.59216359e-02  1.03718750e-01  8.12893105e+02 
 5.88162204e+14  7.07231878e+34  1.22831000e+01  1.28349602e+00  1.09596000e+01  1.24713755e+00  3.54361993e-01  5.53709473e-02  1.03418289e-01  7.88375356e+02 
 5.88899163e+14  7.13306632e+34  1.22931000e+01  1.29148555e+00  1.09776000e+01  1.25527245e+00  3.55283792e-01  5.48023494e-02  1.03171236e-01  7.65572491e+02 
 5.89636122e+14  7.19381386e+34  1.23021000e+01  1.29943236e+00  1.09946000e+01  1.26327915e+00  3.56251193e-01  5.43659831e-02  1.02910358e-01  7.43284949e+02 
 5.90373082e+14  7.25456141e+34  1.23111000e+01  1.30733655e+00  1.10126000e+01  1.27136527e+00  3.57206592e-01  5.37621501e-02  1.02644217e-01  7.21855289e+02 
 5.91110041e+14  7.31709812e+34  1.23201000e+01  1.31542942e+00  1.10296000e+01  1.27950461e+00  3.58193143e-01  5.33506921e-02  1.02375911e-01  7.00647480e+02 
 5.91847000e+14  7.37997289e+34  1.23291000e+01  1.32352175e+00  1.10476000e+01  1.28775725e+00  3.59175498e-01  5.27833555e-02  1.02052850e-01  6.79821643e+02 
 5.92583959e+14  7.44284766e+34  1.23391000e+01  1.33156978e+00  1.10646000e+01  1.29587914e+00  3.60087198e-01  5.23465502e-02  1.01783366e-01  6.60454569e+02 
 5.93320919e+14  7.50572242e+34  1.23481000e+01  1.33957353e+00  1.10816000e+01  1.30397513e+00  3.61044932e-01  5.18912722e-02  1.01500259e-01  6.41510014e+02 
 5.94057878e+14  7.56859719e+34  1.23571000e+01  1.34753324e+00  1.10986000e+01  1.31204503e+00  3.61990605e-01  5.14184050e-02  1.01212349e-01  6.23285829e+02 
 5.94794837e+14  7.63242061e+34  1.23661000e+01  1.35556812e+00  1.11156000e+01  1.32018307e+00  3.62946233e-01  5.09580268e-02  1.00920847e-01  6.05489075e+02 
 5.95531796e+14  7.69747149e+34  1.23751000e+01  1.36371192e+00  1.11326000e+01  1.32841582e+00  3.63918007e-01  5.05185911e-02  1.00576542e-01  5.87753856e+02 
 5.96268756e+14  7.76252237e+34  1.23851000e+01  1.37180996e+00  1.11496000e+01  1.33662135e+00  3.64818489e-01  5.00609494e-02  1.00285914e-01  5.71263069e+02 
 5.97005715e+14  7.82757325e+34  1.23941000e+01  1.37986233e+00  1.11666000e+01  1.34479977e+00  3.65765512e-01  4.95853594e-02  9.99819434e-02  5.55119055e+02 
 5.97742674e+14  7.89262414e+34  1.24031000e+01  1.38786921e+00  1.11836000e+01  1.35295109e+00  3.66700367e-01  4.90922438e-02  9.96735962e-02  5.39581477e+02 
