# rhoc (cgs) 	 Pc (cgs) 	 R (km) 	 M (msol) 	 R_core (km) 	 M_core (msol) 	 I/(MR^2) 	 I_crust/(M_crust R_crust^2)/(I/(MR^2)) 	 k_2 	 Lambda 
 2.30000000e+14  3.39556970e+33  1.74731000e+01  2.18305352e-01  8.23860000e+00  1.69352652e-01  1.06263813e-01  4.01918840e-01  2.04903056e-02  6.39211696e+06 
 2.31616016e+14  3.44697466e+33  1.73841000e+01  2.20234852e-01  8.26260000e+00  1.71470577e-01  1.07546883e-01  3.97641950e-01  2.10583282e-02  6.12806116e+06 
 2.33232032e+14  3.49837962e+33  1.72991000e+01  2.22146359e-01  8.28560000e+00  1.73551050e-01  1.08797123e-01  3.93581248e-01  2.16188623e-02  5.87926131e+06 
 2.34848048e+14  3.55047644e+33  1.72161000e+01  2.24065464e-01  8.30760000e+00  1.75609529e-01  1.10040446e-01  3.89760288e-01  2.21835016e-02  5.64154108e+06 
 2.36464064e+14  3.60306321e+33  1.71351000e+01  2.25985013e-01  8.33060000e+00  1.77717942e-01  1.11275215e-01  3.85670738e-01  2.27514559e-02  5.41517621e+06 
 2.38080080e+14  3.65564998e+33  1.70561000e+01  2.27886997e-01  8.35160000e+00  1.79749063e-01  1.12498687e-01  3.82050872e-01  2.33216759e-02  5.20150562e+06 
 2.39696096e+14  3.70823674e+33  1.69811000e+01  2.29771444e-01  8.37360000e+00  1.81818349e-01  1.13683098e-01  3.78147059e-01  2.38793617e-02  4.99965372e+06 
 2.41312112e+14  3.76082351e+33  1.69081000e+01  2.31638390e-01  8.39460000e+00  1.83847961e-01  1.14853450e-01  3.74462767e-01  2.44370254e-02  4.80881498e+06 
 2.42928127e+14  3.81363614e+33  1.68381000e+01  2.33495816e-01  8.41460000e+00  1.85842357e-01  1.15995764e-01  3.71005463e-01  2.49866051e-02  4.62749058e+06 
 2.44544143e+14  3.86721267e+33  1.67681000e+01  2.35362820e-01  8.43460000e+00  1.87852905e-01  1.17152303e-01  3.67539703e-01  2.55499312e-02  4.45336301e+06 
 2.46160159e+14  3.92078919e+33  1.67011000e+01  2.37212734e-01  8.45460000e+00  1.89862089e-01  1.18278112e-01  3.64043131e-01  2.61033801e-02  4.28845163e+06 
 2.47776175e+14  3.97436571e+33  1.66371000e+01  2.39045610e-01  8.47460000e+00  1.91869773e-01  1.19371645e-01  3.60516131e-01  2.66455053e-02  4.13215505e+06 
 2.49392191e+14  4.02794224e+33  1.65741000e+01  2.40861514e-01  8.49360000e+00  1.93835757e-01  1.20460444e-01  3.57211471e-01  2.71912531e-02  3.98391733e+06 
 2.51008207e+14  4.08151876e+33  1.65131000e+01  2.42660512e-01  8.51260000e+00  1.95799640e-01  1.21529371e-01  3.53877328e-01  2.77319117e-02  3.84322396e+06 
 2.52624223e+14  4.13576740e+33  1.64541000e+01  2.44465177e-01  8.53060000e+00  1.97736020e-01  1.22579656e-01  3.50784502e-01  2.82669939e-02  3.70794808e+06 
 2.54240239e+14  4.19012175e+33  1.63961000e+01  2.46256784e-01  8.54860000e+00  1.99672353e-01  1.23623592e-01  3.47665811e-01  2.88040115e-02  3.57917664e+06 
 2.55856255e+14  4.24447610e+33  1.63401000e+01  2.48031882e-01  8.56660000e+00  2.01606176e-01  1.24645162e-01  3.44518821e-01  2.93335704e-02  3.45676071e+06 
 2.57472271e+14  4.29883045e+33  1.62851000e+01  2.49790554e-01  8.58360000e+00  2.03496466e-01  1.25658854e-01  3.41596438e-01  2.98638972e-02  3.34031142e+06 
 2.59088287e+14  4.35318480e+33  1.62331000e+01  2.51532887e-01  8.60060000e+00  2.05383736e-01  1.26633032e-01  3.38646624e-01  3.03758942e-02  3.22946735e+06 
 2.60704303e+14  4.40780909e+33  1.61811000e+01  2.53267555e-01  8.61760000e+00  2.07273814e-01  1.27614392e-01  3.35676307e-01  3.08968207e-02  3.12337832e+06 
 2.62320319e+14  4.46271074e+33  1.61311000e+01  2.54994964e-01  8.63360000e+00  2.09125496e-01  1.28571167e-01  3.32938378e-01  3.14073772e-02  3.02177380e+06 
 2.63936335e+14  4.51761238e+33  1.60821000e+01  2.56706413e-01  8.64960000e+00  2.10973777e-01  1.29517716e-01  3.30174136e-01  3.19163724e-02  2.92490730e+06 
 2.65552351e+14  4.57251403e+33  1.60341000e+01  2.58402001e-01  8.66560000e+00  2.12818591e-01  1.30453629e-01  3.27384038e-01  3.24233977e-02  2.83250364e+06 
 2.67168366e+14  4.62741567e+33  1.59881000e+01  2.60081831e-01  8.68160000e+00  2.14659877e-01  1.31362056e-01  3.24568512e-01  3.29177385e-02  2.74430627e+06 
 2.68784382e+14  4.68235190e+33  1.59431000e+01  2.61747053e-01  8.69660000e+00  2.16456306e-01  1.32258796e-01  3.21980909e-01  3.34089125e-02  2.66002408e+06 
 2.70400398e+14  4.73755242e+33  1.58991000e+01  2.63404737e-01  8.71160000e+00  2.18254462e-01  1.33144081e-01  3.19374265e-01  3.38965864e-02  2.57910570e+06 
 2.72016414e+14  4.79275294e+33  1.58561000e+01  2.65047029e-01  8.72560000e+00  2.20006430e-01  1.34016776e-01  3.16995290e-01  3.43802176e-02  2.50175155e+06 
 2.73632430e+14  4.84795346e+33  1.58141000e+01  2.66674042e-01  8.74060000e+00  2.21796611e-01  1.34876486e-01  3.14340367e-01  3.48593748e-02  2.42776506e+06 
 2.75248446e+14  4.90315398e+33  1.57741000e+01  2.68285888e-01  8.75460000e+00  2.23540247e-01  1.35705603e-01  3.11913795e-01  3.53224207e-02  2.35696232e+06 
 2.76864462e+14  4.95835450e+33  1.57341000e+01  2.69882685e-01  8.76760000e+00  2.25236896e-01  1.36538005e-01  3.09715765e-01  3.57911385e-02  2.28917141e+06 
 2.78480478e+14  5.10650252e+33  1.56311000e+01  2.74167529e-01  8.80460000e+00  2.29907366e-01  1.38721860e-01  3.03240207e-01  3.70298426e-02  2.11830193e+06 
 2.80096494e+14  5.28519309e+33  1.55111000e+01  2.79430582e-01  8.84760000e+00  2.35577158e-01  1.41352130e-01  2.95888877e-01  3.85428864e-02  1.92910528e+06 
 2.81712510e+14  5.39496741e+33  1.54401000e+01  2.82697133e-01  8.87360000e+00  2.39083041e-01  1.42958458e-01  2.91509732e-01  3.94782192e-02  1.82208846e+06 
 2.83328526e+14  5.50474173e+33  1.53721000e+01  2.85969737e-01  8.89960000e+00  2.42605919e-01  1.44536517e-01  2.87142393e-01  4.04039014e-02  1.72209580e+06 
 2.84944542e+14  5.61755918e+33  1.53041000e+01  2.89338244e-01  8.92660000e+00  2.46255452e-01  1.46150254e-01  2.82596725e-01  4.13595465e-02  1.62612495e+06 
 2.86560558e+14  5.73075140e+33  1.52391000e+01  2.92722649e-01  8.95260000e+00  2.49884874e-01  1.47734726e-01  2.78322151e-01  4.23035933e-02  1.53624540e+06 
 2.88176574e+14  5.84648256e+33  1.51741000e+01  2.96186568e-01  8.97860000e+00  2.53584589e-01  1.49353447e-01  2.74111309e-01  4.32776459e-02  1.45050730e+06 
 2.89792590e+14  5.96315321e+33  1.51121000e+01  2.99682011e-01  9.00560000e+00  2.57364357e-01  1.50942535e-01  2.69685316e-01  4.42381804e-02  1.36989209e+06 
 2.91408606e+14  6.08183203e+33  1.50511000e+01  3.03239728e-01  9.03160000e+00  2.61156853e-01  1.52543786e-01  2.65563154e-01  4.52134807e-02  1.29344223e+06 
 2.93024621e+14  6.20204177e+33  1.49911000e+01  3.06845379e-01  9.05760000e+00  2.64996237e-01  1.54155594e-01  2.61487205e-01  4.62032322e-02  1.22126611e+06 
 2.94640637e+14  6.32370181e+33  1.49331000e+01  3.10495215e-01  9.08360000e+00  2.68879699e-01  1.55756448e-01  2.57455577e-01  4.71914071e-02  1.15320525e+06 
 2.96256653e+14  6.44751143e+33  1.48771000e+01  3.14210153e-01  9.11060000e+00  2.72868773e-01  1.57347551e-01  2.53235985e-01  4.81771670e-02  1.08867933e+06 
 2.97872669e+14  6.57218573e+33  1.48221000e+01  3.17950366e-01  9.13660000e+00  2.76842031e-01  1.58944697e-01  2.49296409e-01  4.91747002e-02  1.02816341e+06 
 2.99488685e+14  6.69965613e+33  1.47681000e+01  3.21773582e-01  9.16260000e+00  2.80888102e-01  1.60554153e-01  2.45427955e-01  5.01852314e-02  9.70544618e+05 
 3.01104701e+14  6.82737729e+33  1.47161000e+01  3.25602377e-01  9.18960000e+00  2.84996443e-01  1.62144506e-01  2.41334939e-01  5.11889195e-02  9.16790620e+05 
 3.02720717e+14  6.95856947e+33  1.46651000e+01  3.29532789e-01  9.21560000e+00  2.89144936e-01  1.63748156e-01  2.37570931e-01  5.22047381e-02  8.65386821e+05 
 3.04336733e+14  7.08976165e+33  1.46161000e+01  3.33460045e-01  9.24160000e+00  2.93302265e-01  1.65329469e-01  2.33821426e-01  5.32109140e-02  8.17537348e+05 
 3.05952749e+14  7.22434464e+33  1.45681000e+01  3.37484790e-01  9.26860000e+00  2.97591224e-01  1.66922279e-01  2.29909799e-01  5.42275199e-02  7.71847794e+05 
 3.07568765e+14  7.35931969e+33  1.45221000e+01  3.41516894e-01  9.29460000e+00  3.01849434e-01  1.68491730e-01  2.26262761e-01  5.52320723e-02  7.29198674e+05 
 3.09184781e+14  7.49707439e+33  1.44771000e+01  3.45626525e-01  9.32060000e+00  3.06176854e-01  1.70068714e-01  2.22682724e-01  5.62445805e-02  6.88686563e+05 
 3.10800797e+14  7.63589349e+33  1.44331000e+01  3.49762288e-01  9.34660000e+00  3.10535081e-01  1.71646140e-01  2.19135594e-01  5.72626242e-02  6.50688035e+05 
 3.12416813e+14  7.77685101e+33  1.43901000e+01  3.53954854e-01  9.37260000e+00  3.14947177e-01  1.73227359e-01  2.15641100e-01  5.82866531e-02  6.14776415e+05 
 3.14032829e+14  7.91957540e+33  1.43491000e+01  3.58193047e-01  9.39860000e+00  3.19404838e-01  1.74785971e-01  2.12191494e-01  5.92949113e-02  5.80929399e+05 
 3.15648845e+14  8.06376631e+33  1.43091000e+01  3.62466586e-01  9.42460000e+00  3.23900411e-01  1.76343725e-01  2.08779583e-01  6.03060612e-02  5.49099504e+05 
 3.17264860e+14  8.21045730e+33  1.42701000e+01  3.66805942e-01  9.45060000e+00  3.28456924e-01  1.77904126e-01  2.05424761e-01  6.13206165e-02  5.18953165e+05 
 3.18880876e+14  8.35791160e+33  1.42321000e+01  3.71158481e-01  9.47660000e+00  3.33034796e-01  1.79459281e-01  2.02092212e-01  6.23355092e-02  4.90740475e+05 
 3.20496892e+14  8.50863053e+33  1.41951000e+01  3.75597694e-01  9.50260000e+00  3.37689581e-01  1.81018697e-01  1.98829106e-01  6.33531343e-02  4.63889111e+05 
 3.22112908e+14  8.65937763e+33  1.41601000e+01  3.80027258e-01  9.52860000e+00  3.42348576e-01  1.82542402e-01  1.95572522e-01  6.43455533e-02  4.38878978e+05 
 3.23728924e+14  8.81418588e+33  1.41261000e+01  3.84564999e-01  9.55460000e+00  3.47101040e-01  1.84071572e-01  1.92397891e-01  6.53392102e-02  4.14958697e+05 
 3.25344940e+14  8.96899412e+33  1.40931000e+01  3.89091163e-01  9.58060000e+00  3.51856354e-01  1.85588433e-01  1.89227574e-01  6.63275577e-02  3.92679489e+05 
 3.26960956e+14  9.12721357e+33  1.40601000e+01  3.93704510e-01  9.60560000e+00  3.56638270e-01  1.87133059e-01  1.86356433e-01  6.73383171e-02  3.71467426e+05 
 3.28576972e+14  9.28617254e+33  1.40291000e+01  3.98326759e-01  9.63160000e+00  3.61489677e-01  1.88640406e-01  1.83268587e-01  6.83192092e-02  3.51611321e+05 
 3.30192988e+14  9.44780324e+33  1.39991000e+01  4.03012861e-01  9.65760000e+00  3.66401471e-01  1.90144083e-01  1.80231422e-01  6.92954978e-02  3.32797035e+05 
 3.31809004e+14  9.61097434e+33  1.39701000e+01  4.07729827e-01  9.68260000e+00  3.71296552e-01  1.91638494e-01  1.77452941e-01  7.02645141e-02  3.15093602e+05 
 3.33425020e+14  9.77604386e+33  1.39421000e+01  4.12486664e-01  9.70760000e+00  3.76233413e-01  1.93124180e-01  1.74706859e-01  7.12256578e-02  2.98398237e+05 
 3.35041036e+14  9.94348852e+33  1.39141000e+01  4.17296953e-01  9.73360000e+00  3.81275164e-01  1.94630415e-01  1.71773417e-01  7.22045657e-02  2.82606779e+05 
 3.36657052e+14  1.01120238e+34  1.38881000e+01  4.22122508e-01  9.75860000e+00  3.86287707e-01  1.96094945e-01  1.69084392e-01  7.31466072e-02  2.67783733e+05 
 3.38273068e+14  1.02838034e+34  1.38621000e+01  4.27024706e-01  9.78360000e+00  3.91370492e-01  1.97582558e-01  1.66448580e-01  7.41063322e-02  2.53690279e+05 
 3.39889084e+14  1.04558307e+34  1.38381000e+01  4.31916967e-01  9.80860000e+00  3.96457240e-01  1.99022468e-01  1.63812135e-01  7.50248123e-02  2.40521717e+05 
 3.41505099e+14  1.06320066e+34  1.38141000e+01  4.36909640e-01  9.83360000e+00  4.01632745e-01  2.00488144e-01  1.61241906e-01  7.59609288e-02  2.27936296e+05 
 3.43121115e+14  1.08081826e+34  1.37911000e+01  4.41884364e-01  9.85860000e+00  4.06806169e-01  2.01932009e-01  1.58665281e-01  7.68802051e-02  2.16189342e+05 
 3.44737131e+14  1.09881851e+34  1.37691000e+01  4.46948291e-01  9.88360000e+00  4.12060033e-01  2.03369905e-01  1.56146442e-01  7.77875865e-02  2.04984038e+05 
 3.46353147e+14  1.11688188e+34  1.37471000e+01  4.52011075e-01  9.90860000e+00  4.17324845e-01  2.04816770e-01  1.53630574e-01  7.87054326e-02  1.94483683e+05 
 3.47969163e+14  1.13524251e+34  1.37261000e+01  4.57137185e-01  9.93360000e+00  4.22650411e-01  2.06252605e-01  1.51155584e-01  7.96084295e-02  1.84514492e+05 
 3.49585179e+14  1.15375778e+34  1.37061000e+01  4.62286575e-01  9.95760000e+00  4.27950813e-01  2.07670343e-01  1.48916188e-01  8.04931428e-02  1.75121851e+05 
 3.51201195e+14  1.17248120e+34  1.36871000e+01  4.67472838e-01  9.98260000e+00  4.33346553e-01  2.09071320e-01  1.46480892e-01  8.13592136e-02  1.66245698e+05 
 3.52817211e+14  1.19145450e+34  1.36691000e+01  4.72707359e-01  1.00066000e+01  4.38736087e-01  2.10456584e-01  1.44292843e-01  8.22062089e-02  1.57837715e+05 
 3.54433227e+14  1.21054304e+34  1.36511000e+01  4.77951756e-01  1.00306000e+01  4.44144823e-01  2.11850276e-01  1.42110390e-01  8.30611596e-02  1.49928537e+05 
 3.56049243e+14  1.22998048e+34  1.36331000e+01  4.83269915e-01  1.00556000e+01  4.49678632e-01  2.13262559e-01  1.39754549e-01  8.39277868e-02  1.42396217e+05 
 3.57665259e+14  1.24943641e+34  1.36171000e+01  4.88570431e-01  1.00796000e+01  4.55154451e-01  2.14615692e-01  1.37604037e-01  8.47383375e-02  1.35342925e+05 
 3.59281275e+14  1.26934412e+34  1.36011000e+01  4.93970723e-01  1.01036000e+01  4.60719662e-01  2.15990561e-01  1.35508678e-01  8.55605755e-02  1.28589704e+05 
 3.60897291e+14  1.28925182e+34  1.35861000e+01  4.99347476e-01  1.01276000e+01  4.66278273e-01  2.17335295e-01  1.33398761e-01  8.63552867e-02  1.22269194e+05 
 3.62513307e+14  1.30955369e+34  1.35711000e+01  5.04806255e-01  1.01516000e+01  4.71912711e-01  2.18698360e-01  1.31332699e-01  8.71597653e-02  1.16234767e+05 
 3.64129323e+14  1.32993776e+34  1.35561000e+01  5.10262762e-01  1.01746000e+01  4.77499700e-01  2.20066116e-01  1.29473753e-01  8.79689044e-02  1.10561012e+05 
 3.65745338e+14  1.35061740e+34  1.35431000e+01  5.15772977e-01  1.01986000e+01  4.83197854e-01  2.21382133e-01  1.27430748e-01  8.87203717e-02  1.05169361e+05 
 3.67361354e+14  1.37148393e+34  1.35301000e+01  5.21307715e-01  1.02226000e+01  4.88927145e-01  2.22706125e-01  1.25398682e-01  8.94765819e-02  1.00071875e+05 
 3.68977370e+14  1.39254337e+34  1.35171000e+01  5.26867352e-01  1.02456000e+01  4.94629624e-01  2.24038078e-01  1.23584808e-01  9.02374274e-02  9.52502844e+04 
 3.70593386e+14  1.41389843e+34  1.35051000e+01  5.32478781e-01  1.02686000e+01  5.00384260e-01  2.25348932e-01  1.21793800e-01  9.09706926e-02  9.06666087e+04 
 3.72209402e+14  1.43533962e+34  1.34931000e+01  5.38085835e-01  1.02916000e+01  5.06146961e-01  2.26662424e-01  1.19995768e-01  9.17060149e-02  8.63509460e+04 
 3.73825418e+14  1.45718929e+34  1.34821000e+01  5.43772404e-01  1.03156000e+01  5.12042944e-01  2.27958314e-01  1.18029782e-01  9.24139053e-02  8.22257049e+04 
 3.75441434e+14  1.47903896e+34  1.34711000e+01  5.49431311e-01  1.03376000e+01  5.17810483e-01  2.29252491e-01  1.16453408e-01  9.31216667e-02  7.83551226e+04 
 3.77057450e+14  1.50136441e+34  1.34611000e+01  5.55185026e-01  1.03606000e+01  5.23723601e-01  2.30530559e-01  1.14715911e-01  9.38014222e-02  7.46434727e+04 
 3.78673466e+14  1.52371474e+34  1.34511000e+01  5.60916730e-01  1.03836000e+01  5.29631001e-01  2.31807282e-01  1.12961899e-01  9.44805731e-02  7.11554119e+04 
 3.80289482e+14  1.54643161e+34  1.34421000e+01  5.66713085e-01  1.04066000e+01  5.35601252e-01  2.33062010e-01  1.11234992e-01  9.51285610e-02  6.78263919e+04 
 3.81905498e+14  1.56928865e+34  1.34331000e+01  5.72516024e-01  1.04286000e+01  5.41528032e-01  2.34319508e-01  1.09705594e-01  9.57767974e-02  6.46802509e+04 
 3.83521514e+14  1.59239862e+34  1.34251000e+01  5.78353023e-01  1.04516000e+01  5.47553755e-01  2.35549075e-01  1.07986759e-01  9.63907858e-02  6.16916657e+04 
 3.85137530e+14  1.61576840e+34  1.34161000e+01  5.84225617e-01  1.04736000e+01  5.53558601e-01  2.36820905e-01  1.06477565e-01  9.70420364e-02  5.88513912e+04 
 3.86753546e+14  1.63927305e+34  1.34091000e+01  5.90101280e-01  1.04956000e+01  5.59577183e-01  2.38023732e-01  1.04962347e-01  9.76201249e-02  5.61659494e+04 
 3.88369562e+14  1.66316158e+34  1.34011000e+01  5.96041940e-01  1.05176000e+01  5.65658840e-01  2.39273483e-01  1.03470738e-01  9.82368092e-02  5.35995038e+04 
 3.89985577e+14  1.68706242e+34  1.33941000e+01  6.01954302e-01  1.05396000e+01  5.71729291e-01  2.40483737e-01  1.01958187e-01  9.88138204e-02  5.11842263e+04 
 3.91601593e+14  1.71147569e+34  1.33871000e+01  6.07961430e-01  1.05616000e+01  5.77886758e-01  2.41709913e-01  1.00482561e-01  9.93940701e-02  4.88631265e+04 
 3.93217609e+14  1.73588897e+34  1.33811000e+01  6.13936518e-01  1.05836000e+01  5.84030042e-01  2.42895094e-01  9.89844127e-02  9.99332997e-02  4.66788722e+04 
 3.94833625e+14  1.76071813e+34  1.33751000e+01  6.19980518e-01  1.06046000e+01  5.90177412e-01  2.44091492e-01  9.77027935e-02  1.00473615e-01  4.45877320e+04 
 3.96449641e+14  1.78566213e+34  1.33691000e+01  6.26019778e-01  1.06266000e+01  5.96394670e-01  2.45287151e-01  9.62181838e-02  1.01011050e-01  4.26096388e+04 
 3.98065657e+14  1.81089618e+34  1.33641000e+01  6.32095656e-01  1.06476000e+01  6.02589788e-01  2.46451807e-01  9.49331463e-02  1.01509623e-01  4.07249117e+04 
 3.99681673e+14  1.83637685e+34  1.33591000e+01  6.38197475e-01  1.06686000e+01  6.08816725e-01  2.47620204e-01  9.36504307e-02  1.02006244e-01  3.89319120e+04 
 4.01297689e+14  1.86201700e+34  1.33541000e+01  6.44303288e-01  1.06896000e+01  6.15057884e-01  2.48788760e-01  9.23603164e-02  1.02499704e-01  3.72316579e+04 
 4.02913705e+14  1.88804030e+34  1.33491000e+01  6.50466055e-01  1.07116000e+01  6.21419661e-01  2.49965952e-01  9.08980105e-02  1.02992497e-01  3.56049772e+04 
 4.04529721e+14  1.91408767e+34  1.33451000e+01  6.56599874e-01  1.07316000e+01  6.27641675e-01  2.51100302e-01  8.97900364e-02  1.03441578e-01  3.40697310e+04 
 4.06145737e+14  1.94065950e+34  1.33411000e+01  6.62821968e-01  1.07526000e+01  6.34009709e-01  2.52247834e-01  8.85229404e-02  1.03890831e-01  3.25926242e+04 
 4.07761753e+14  1.96723132e+34  1.33371000e+01  6.69008821e-01  1.07736000e+01  6.40360373e-01  2.53388732e-01  8.72319799e-02  1.04334321e-01  3.11991950e+04 
 4.09377769e+14  1.99424138e+34  1.33341000e+01  6.75261677e-01  1.07936000e+01  6.46710780e-01  2.54500957e-01  8.61443455e-02  1.04737360e-01  2.98626281e+04 
 4.10993785e+14  2.02136763e+34  1.33301000e+01  6.81505606e-01  1.08146000e+01  6.53129571e-01  2.55648700e-01  8.48589124e-02  1.05174824e-01  2.85956550e+04 
 4.12609801e+14  2.04879275e+34  1.33271000e+01  6.87781660e-01  1.08346000e+01  6.59520307e-01  2.56761925e-01  8.37608364e-02  1.05569736e-01  2.73862862e+04 
 4.14225817e+14  2.07647930e+34  1.33241000e+01  6.94081040e-01  1.08546000e+01  6.65940624e-01  2.57877383e-01  8.26620178e-02  1.05960898e-01  2.62332756e+04 
 4.15841832e+14  2.10432030e+34  1.33221000e+01  7.00378402e-01  1.08746000e+01  6.72369967e-01  2.58952138e-01  8.15523110e-02  1.06307232e-01  2.51380110e+04 
 4.17457848e+14  2.13257299e+34  1.33191000e+01  7.06731607e-01  1.08946000e+01  6.78855405e-01  2.60072910e-01  8.04548727e-02  1.06690755e-01  2.40877920e+04 
 4.19073864e+14  2.16083060e+34  1.33171000e+01  7.13048409e-01  1.09146000e+01  6.85321882e-01  2.61147171e-01  7.93333122e-02  1.07027633e-01  2.30949767e+04 
 4.20689880e+14  2.18965525e+34  1.33151000e+01  7.19453812e-01  1.09346000e+01  6.91871271e-01  2.62233470e-01  7.82365822e-02  1.07362750e-01  2.21375513e+04 
 4.22305896e+14  2.21847990e+34  1.33131000e+01  7.25821139e-01  1.09536000e+01  6.98333660e-01  2.63311856e-01  7.72933650e-02  1.07690993e-01  2.12322328e+04 
 4.23921912e+14  2.24773249e+34  1.33121000e+01  7.32244166e-01  1.09736000e+01  7.04918686e-01  2.64357293e-01  7.61833166e-02  1.07975377e-01  2.03632158e+04 
 4.25537928e+14  2.27713490e+34  1.33101000e+01  7.38661495e-01  1.09926000e+01  7.11442654e-01  2.65439434e-01  7.52380398e-02  1.08294508e-01  1.95368301e+04 
 4.27153944e+14  2.30681102e+34  1.33091000e+01  7.45099214e-01  1.10116000e+01  7.17993568e-01  2.66482717e-01  7.42896606e-02  1.08568063e-01  1.87475009e+04 
 4.28769960e+14  2.33679695e+34  1.33081000e+01  7.51564919e-01  1.10306000e+01  7.24577692e-01  2.67528033e-01  7.33410225e-02  1.08836815e-01  1.79925194e+04 
 4.30385976e+14  2.36689700e+34  1.33071000e+01  7.58015510e-01  1.10496000e+01  7.31159683e-01  2.68568667e-01  7.23764754e-02  1.09099214e-01  1.72749438e+04 
 4.32001992e+14  2.39747219e+34  1.33061000e+01  7.64527966e-01  1.10686000e+01  7.37802772e-01  2.69616530e-01  7.14240500e-02  1.09357829e-01  1.65846111e+04 
 4.33618008e+14  2.42804739e+34  1.33051000e+01  7.71000375e-01  1.10876000e+01  7.44423197e-01  2.70655851e-01  7.04472434e-02  1.09609226e-01  1.59306413e+04 
 4.35234024e+14  2.45916664e+34  1.33051000e+01  7.77547219e-01  1.11056000e+01  7.51046669e-01  2.71663422e-01  6.96584227e-02  1.09815780e-01  1.52999490e+04 
 4.36850040e+14  2.49033680e+34  1.33041000e+01  7.84064237e-01  1.11246000e+01  7.57724166e-01  2.72704712e-01  6.86769968e-02  1.10056614e-01  1.47012345e+04 
 4.38466056e+14  2.52188616e+34  1.33041000e+01  7.90619279e-01  1.11426000e+01  7.64374330e-01  2.73708288e-01  6.78692621e-02  1.10251153e-01  1.41267423e+04 
 4.40082071e+14  2.55365698e+34  1.33041000e+01  7.97179301e-01  1.11606000e+01  7.71038450e-01  2.74709920e-01  6.70523009e-02  1.10439651e-01  1.35781574e+04 
 4.41698087e+14  2.58563652e+34  1.33041000e+01  8.03740780e-01  1.11786000e+01  7.77713617e-01  2.75709065e-01  6.62251155e-02  1.10621996e-01  1.30544132e+04 
 4.43314103e+14  2.61801365e+34  1.33041000e+01  8.10342191e-01  1.11966000e+01  7.84431680e-01  2.76711569e-01  6.54007745e-02  1.10799215e-01  1.25513462e+04 
 4.44930119e+14  2.65042334e+34  1.33051000e+01  8.16908380e-01  1.12146000e+01  7.91130395e-01  2.77664272e-01  6.45544087e-02  1.10927597e-01  1.20734654e+04 
 4.46546135e+14  2.68341238e+34  1.33051000e+01  8.23549573e-01  1.12326000e+01  7.97901163e-01  2.78667193e-01  6.37225136e-02  1.11093279e-01  1.16117626e+04 
 4.48162151e+14  2.71640142e+34  1.33051000e+01  8.30148496e-01  1.12496000e+01  8.04576349e-01  2.79661018e-01  6.30325899e-02  1.11251678e-01  1.11734358e+04 
 4.49778167e+14  2.74985863e+34  1.33061000e+01  8.36798134e-01  1.12676000e+01  8.11373653e-01  2.80617555e-01  6.21826794e-02  1.11363160e-01  1.07512838e+04 
 4.51394183e+14  2.78346518e+34  1.33071000e+01  8.43434781e-01  1.12846000e+01  8.18099215e-01  2.81569133e-01  6.14833097e-02  1.11467997e-01  1.03485177e+04 
 4.53010199e+14  2.81735772e+34  1.33081000e+01  8.50084604e-01  1.13026000e+01  8.24916138e-01  2.82519669e-01  6.06136393e-02  1.11612777e-01  9.96670991e+03 
 4.54626215e+14  2.85158732e+34  1.33081000e+01  8.56757382e-01  1.13196000e+01  8.31690836e-01  2.83513228e-01  5.99047704e-02  1.11701656e-01  9.59221700e+03 
 4.56242231e+14  2.88591481e+34  1.33091000e+01  8.63405732e-01  1.13366000e+01  8.38454530e-01  2.84457685e-01  5.91779469e-02  1.11787803e-01  9.23914115e+03 
 4.57858247e+14  2.92077298e+34  1.33111000e+01  8.70113057e-01  1.13536000e+01  8.45276891e-01  2.85364993e-01  5.84588001e-02  1.11872943e-01  8.90194164e+03 
 4.59474263e+14  2.95563115e+34  1.33121000e+01  8.76776619e-01  1.13696000e+01  8.52000204e-01  2.86305585e-01  5.78772731e-02  1.11900528e-01  8.57410055e+03 
 4.61090279e+14  2.99102717e+34  1.33131000e+01  8.83498604e-01  1.13866000e+01  8.58853442e-01  2.87251791e-01  5.71417453e-02  1.11969031e-01  8.26100587e+03 
 4.62706295e+14  3.02651939e+34  1.33141000e+01  8.90194727e-01  1.14036000e+01  8.65694378e-01  2.88191207e-01  5.63889020e-02  1.12030831e-01  7.96232537e+03 
 4.64322310e+14  3.06235476e+34  1.33161000e+01  8.96910850e-01  1.14196000e+01  8.72489018e-01  2.89087140e-01  5.57912224e-02  1.12091067e-01  7.67853258e+03 
 4.65938326e+14  3.09848647e+34  1.33171000e+01  9.03637977e-01  1.14356000e+01  8.79301830e-01  2.90024998e-01  5.51861432e-02  1.12094305e-01  7.39993426e+03 
 4.67554342e+14  3.13476045e+34  1.33191000e+01  9.10346673e-01  1.14516000e+01  8.86108091e-01  2.90913511e-01  5.45653909e-02  1.12142061e-01  7.13965562e+03 
 4.69170358e+14  3.17153707e+34  1.33201000e+01  9.17103245e-01  1.14686000e+01  8.93036669e-01  2.91849572e-01  5.37910186e-02  1.12133098e-01  6.88253575e+03 
 4.70786374e+14  3.20831369e+34  1.33221000e+01  9.23814760e-01  1.14836000e+01  8.99790051e-01  2.92732204e-01  5.33078954e-02  1.12121944e-01  6.64045689e+03 
 4.72402390e+14  3.24567572e+34  1.33241000e+01  9.30587454e-01  1.14996000e+01  9.06677025e-01  2.93620459e-01  5.26749361e-02  1.12151983e-01  6.40883053e+03 
 4.74018406e+14  3.28310261e+34  1.33251000e+01  9.37326511e-01  1.15156000e+01  9.13544537e-01  2.94544884e-01  5.20231325e-02  1.12124209e-01  6.18252178e+03 
 4.75634422e+14  3.32090683e+34  1.33271000e+01  9.44087550e-01  1.15316000e+01  9.20439517e-01  2.95425190e-01  5.13678483e-02  1.12095164e-01  5.96722185e+03 
 4.77250438e+14  3.35898932e+34  1.33291000e+01  9.50852629e-01  1.15466000e+01  9.27272743e-01  2.96302900e-01  5.08581252e-02  1.12060087e-01  5.76046322e+03 
 4.78866454e+14  3.39723463e+34  1.33311000e+01  9.57600542e-01  1.15616000e+01  9.34099900e-01  2.97174999e-01  5.03336503e-02  1.12018877e-01  5.56246907e+03 
 4.80482470e+14  3.43597802e+34  1.33331000e+01  9.64390125e-01  1.15776000e+01  9.41045350e-01  2.98049870e-01  4.96574049e-02  1.11971919e-01  5.37117633e+03 
 4.82098486e+14  3.47472141e+34  1.33351000e+01  9.71133539e-01  1.15926000e+01  9.47885831e-01  2.98915058e-01  4.91124783e-02  1.11918785e-01  5.18869313e+03 
 4.83714502e+14  3.51407278e+34  1.33371000e+01  9.77936050e-01  1.16076000e+01  9.54784942e-01  2.99785470e-01  4.85730223e-02  1.11859982e-01  5.01184789e+03 
 4.85330518e+14  3.55348231e+34  1.33391000e+01  9.84702154e-01  1.16226000e+01  9.61661575e-01  3.00647632e-01  4.80148053e-02  1.11795174e-01  4.84283465e+03 
 4.86946534e+14  3.59327751e+34  1.33411000e+01  9.91487500e-01  1.16366000e+01  9.68487757e-01  3.01509394e-01  4.76023129e-02  1.11724579e-01  4.67992708e+03 
 4.88562549e+14  3.63335839e+34  1.33441000e+01  9.98274809e-01  1.16516000e+01  9.75399143e-01  3.02323016e-01  4.70303267e-02  1.11653260e-01  4.52517799e+03 
 4.90178565e+14  3.67359598e+34  1.33461000e+01  1.00504162e+00  1.16666000e+01  9.82301453e-01  3.03175905e-01  4.64444556e-02  1.11571156e-01  4.37493855e+03 
 4.91794581e+14  3.71435339e+34  1.33481000e+01  1.01184867e+00  1.16806000e+01  9.89170694e-01  3.04031331e-01  4.60080360e-02  1.11436415e-01  4.22780501e+03 
 4.93410597e+14  3.75511079e+34  1.33501000e+01  1.01860863e+00  1.16946000e+01  9.96007734e-01  3.04877178e-01  4.55506315e-02  1.11342976e-01  4.08899936e+03 
 4.95026613e+14  3.79647087e+34  1.33531000e+01  1.02542093e+00  1.17096000e+01  1.00297373e+00  3.05681434e-01  4.49487966e-02  1.11249057e-01  3.95607345e+03 
 4.96642629e+14  3.83790992e+34  1.33551000e+01  1.03219890e+00  1.17236000e+01  1.00984236e+00  3.06523608e-01  4.44774207e-02  1.11097560e-01  3.82553051e+03 
 4.98258645e+14  3.87971426e+34  1.33571000e+01  1.03898883e+00  1.17376000e+01  1.01672922e+00  3.07364421e-01  4.39997048e-02  1.10987386e-01  3.70125071e+03 
 4.99874661e+14  3.92184004e+34  1.33601000e+01  1.04578338e+00  1.17516000e+01  1.02362802e+00  3.08156734e-01  4.35140684e-02  1.10877071e-01  3.58302628e+03 
 5.01490677e+14  3.96408684e+34  1.33621000e+01  1.05254967e+00  1.17646000e+01  1.03043361e+00  3.08988237e-01  4.31583894e-02  1.10709314e-01  3.46667496e+03 
 5.03106693e+14  4.00690439e+34  1.33651000e+01  1.05935939e+00  1.17786000e+01  1.03736120e+00  3.09776331e-01  4.26581868e-02  1.10588204e-01  3.35677040e+03 
 5.04722709e+14  4.04972194e+34  1.33671000e+01  1.06612127e+00  1.17926000e+01  1.04425561e+00  3.10601229e-01  4.21389374e-02  1.10456682e-01  3.25022416e+03 
 5.06338725e+14  4.09310605e+34  1.33691000e+01  1.07292429e+00  1.18056000e+01  1.05111588e+00  3.11428771e-01  4.17640223e-02  1.10272779e-01  3.14559038e+03 
 5.07954741e+14  4.13662036e+34  1.33721000e+01  1.07969970e+00  1.18186000e+01  1.05795994e+00  3.12202961e-01  4.13739313e-02  1.10136223e-01  3.04776675e+03 
 5.09570757e+14  4.18044794e+34  1.33741000e+01  1.08647549e+00  1.18326000e+01  1.06488969e+00  3.13020897e-01  4.08325290e-02  1.09942241e-01  2.95091112e+03 
 5.11186773e+14  4.22466396e+34  1.33771000e+01  1.09326306e+00  1.18456000e+01  1.07175950e+00  3.13790602e-01  4.04278237e-02  1.09795378e-01  2.85982160e+03 
 5.12802789e+14  4.26893284e+34  1.33791000e+01  1.10001044e+00  1.18586000e+01  1.07860212e+00  3.14598881e-01  4.00060908e-02  1.09591630e-01  2.77010497e+03 
 5.14418804e+14  4.31385547e+34  1.33821000e+01  1.10680881e+00  1.18716000e+01  1.08549631e+00  3.15363971e-01  3.95865877e-02  1.09434645e-01  2.68523023e+03 
 5.16034820e+14  4.35877809e+34  1.33841000e+01  1.11355875e+00  1.18836000e+01  1.09227762e+00  3.16166808e-01  3.92892091e-02  1.09221026e-01  2.60168562e+03 
 5.17650836e+14  4.40419747e+34  1.33871000e+01  1.12033449e+00  1.18966000e+01  1.09916708e+00  3.16922889e-01  3.88480829e-02  1.09054528e-01  2.52293520e+03 
 5.19266852e+14  4.44983155e+34  1.33891000e+01  1.12709369e+00  1.19096000e+01  1.10604966e+00  3.17721230e-01  3.83957359e-02  1.08831149e-01  2.44499752e+03 
 5.20882868e+14  4.49569238e+34  1.33921000e+01  1.13383767e+00  1.19216000e+01  1.11284750e+00  3.18467206e-01  3.80714806e-02  1.08655549e-01  2.37197057e+03 
 5.22498884e+14  4.54204273e+34  1.33951000e+01  1.14060482e+00  1.19346000e+01  1.11975170e+00  3.19213247e-01  3.76048409e-02  1.08428511e-01  2.30020028e+03 
 5.24114900e+14  4.58839309e+34  1.33971000e+01  1.14732329e+00  1.19466000e+01  1.12654172e+00  3.19997720e-01  3.72591656e-02  1.08191787e-01  2.23042493e+03 
 5.25730916e+14  4.63541386e+34  1.34001000e+01  1.15408980e+00  1.19586000e+01  1.13338057e+00  3.20737853e-01  3.69145838e-02  1.08001925e-01  2.16442263e+03 
 5.27346932e+14  4.68248524e+34  1.34021000e+01  1.16081475e+00  1.19706000e+01  1.14019032e+00  3.21517620e-01  3.65539433e-02  1.07756029e-01  2.09922815e+03 
 5.28962948e+14  4.72994699e+34  1.34051000e+01  1.16754630e+00  1.19826000e+01  1.14701287e+00  3.22247452e-01  3.61866334e-02  1.07557753e-01  2.03793262e+03 
 5.30578964e+14  4.77774411e+34  1.34071000e+01  1.17427648e+00  1.19946000e+01  1.15384124e+00  3.23022400e-01  3.58113254e-02  1.07302906e-01  1.97698012e+03 
 5.32194980e+14  4.82564404e+34  1.34101000e+01  1.18097211e+00  1.20056000e+01  1.16056636e+00  3.23741923e-01  3.55575983e-02  1.07096541e-01  1.92001974e+03 
 5.33810996e+14  4.87417157e+34  1.34121000e+01  1.18770625e+00  1.20176000e+01  1.16741207e+00  3.24511943e-01  3.51674705e-02  1.06832969e-01  1.86299797e+03 
 5.35427012e+14  4.92269909e+34  1.34151000e+01  1.19439138e+00  1.20296000e+01  1.17422193e+00  3.25224529e-01  3.47611012e-02  1.06618271e-01  1.80982374e+03 
 5.37043028e+14  4.97176931e+34  1.34171000e+01  1.20110190e+00  1.20406000e+01  1.18098037e+00  3.25986141e-01  3.44864121e-02  1.06346772e-01  1.75665593e+03 
 5.38659043e+14  5.02103184e+34  1.34201000e+01  1.20778963e+00  1.20516000e+01  1.18772551e+00  3.26693535e-01  3.41997358e-02  1.06123672e-01  1.70687973e+03 
 5.40275059e+14  5.07053890e+34  1.34221000e+01  1.21446130e+00  1.20636000e+01  1.19454407e+00  3.27444892e-01  3.37691947e-02  1.05844869e-01  1.65738020e+03 
 5.41891075e+14  5.12054101e+34  1.34251000e+01  1.22115043e+00  1.20746000e+01  1.20130385e+00  3.28147000e-01  3.34678470e-02  1.05613593e-01  1.61075691e+03 
 5.43507091e+14  5.17054311e+34  1.34271000e+01  1.22779049e+00  1.20856000e+01  1.20802712e+00  3.28889133e-01  3.31506141e-02  1.05327619e-01  1.56458957e+03 
 5.45123107e+14  5.22122792e+34  1.34301000e+01  1.23447174e+00  1.20966000e+01  1.21479315e+00  3.29584837e-01  3.28331264e-02  1.05088595e-01  1.52094827e+03 
 5.46739123e+14  5.27197411e+34  1.34321000e+01  1.24111191e+00  1.21076000e+01  1.22152964e+00  3.30321834e-01  3.25015403e-02  1.04794917e-01  1.47765643e+03 
 5.48355139e+14  5.32309379e+34  1.34351000e+01  1.24775155e+00  1.21176000e+01  1.22819057e+00  3.31006973e-01  3.22939805e-02  1.04549240e-01  1.43698816e+03 
 5.49971155e+14  5.37458851e+34  1.34371000e+01  1.25439068e+00  1.21286000e+01  1.23493908e+00  3.31738743e-01  3.19478959e-02  1.04248095e-01  1.39636890e+03 
 5.51587171e+14  5.42613965e+34  1.34401000e+01  1.26098793e+00  1.21396000e+01  1.24165715e+00  3.32413337e-01  3.15882636e-02  1.03996089e-01  1.35844870e+03 
 5.53203187e+14  5.47838732e+34  1.34421000e+01  1.26762488e+00  1.21496000e+01  1.24833472e+00  3.33139795e-01  3.13583229e-02  1.03732797e-01  1.32088894e+03 
 5.54819203e+14  5.53063498e+34  1.34441000e+01  1.27421268e+00  1.21596000e+01  1.25497506e+00  3.33857708e-01  3.11132324e-02  1.03422199e-01  1.28419570e+03 
 5.56435219e+14  5.58337135e+34  1.34471000e+01  1.28081266e+00  1.21706000e+01  1.26171468e+00  3.34524937e-01  3.07338377e-02  1.03159252e-01  1.24965946e+03 
 5.58051235e+14  5.63637631e+34  1.34491000e+01  1.28739709e+00  1.21806000e+01  1.26836452e+00  3.35237504e-01  3.04744609e-02  1.02841820e-01  1.21518285e+03 
 5.59667251e+14  5.68954129e+34  1.34521000e+01  1.29395220e+00  1.21906000e+01  1.27499454e+00  3.35894119e-01  3.02036508e-02  1.02573264e-01  1.18293759e+03 
 5.61283267e+14  5.74330784e+34  1.34541000e+01  1.30053218e+00  1.22006000e+01  1.28165273e+00  3.36601264e-01  2.99299229e-02  1.02293885e-01  1.15102777e+03 
 5.62899282e+14  5.79707440e+34  1.34561000e+01  1.30706310e+00  1.22106000e+01  1.28827352e+00  3.37300041e-01  2.96421207e-02  1.01968047e-01  1.11981362e+03 
 5.64515298e+14  5.85143006e+34  1.34581000e+01  1.31361620e+00  1.22196000e+01  1.29483708e+00  3.37999181e-01  2.94782188e-02  1.01682778e-01  1.08991358e+03 
 5.66131314e+14  5.90596246e+34  1.34611000e+01  1.32014155e+00  1.22296000e+01  1.30146498e+00  3.38642283e-01  2.91763154e-02  1.01401796e-01  1.06148601e+03 
 5.67747330e+14  5.96074327e+34  1.34631000e+01  1.32664748e+00  1.22396000e+01  1.30808163e+00  3.39330945e-01  2.88653943e-02  1.01111496e-01  1.03351456e+03 
 5.69363346e+14  6.01604570e+34  1.34651000e+01  1.33316623e+00  1.22486000e+01  1.31463235e+00  3.40018860e-01  2.86760660e-02  1.00773349e-01  1.00586678e+03 
 5.70979362e+14  6.07134813e+34  1.34681000e+01  1.33963608e+00  1.22586000e+01  1.32122881e+00  3.40647987e-01  2.83474394e-02  1.00484768e-01  9.80090322e+02 
 5.72595378e+14  6.12732425e+34  1.34701000e+01  1.34613551e+00  1.22676000e+01  1.32777400e+00  3.41328916e-01  2.81422634e-02  1.00185289e-01  9.54514495e+02 
 5.74211394e+14  6.18340085e+34  1.34721000e+01  1.35259772e+00  1.22766000e+01  1.33429171e+00  3.42003115e-01  2.79253368e-02  9.98840348e-02  9.29817463e+02 
 5.75827410e+14  6.23979805e+34  1.34741000e+01  1.35904785e+00  1.22856000e+01  1.34080434e+00  3.42673631e-01  2.77003524e-02  9.95801935e-02  9.05871181e+02 
 5.77443426e+14  6.29665291e+34  1.34761000e+01  1.36550142e+00  1.22956000e+01  1.34740980e+00  3.43342335e-01  2.73455482e-02  9.92732558e-02  8.82594042e+02 
 5.79059442e+14  6.35350777e+34  1.34781000e+01  1.37190631e+00  1.23036000e+01  1.35380935e+00  3.44003031e-01  2.72259389e-02  9.89215602e-02  8.59766353e+02 
 5.80675458e+14  6.41110406e+34  1.34801000e+01  1.37834570e+00  1.23126000e+01  1.36032947e+00  3.44665635e-01  2.69809485e-02  9.86094332e-02  8.37841042e+02 
 5.82291474e+14  6.46874120e+34  1.34821000e+01  1.38474098e+00  1.23216000e+01  1.36681576e+00  3.45320825e-01  2.67241029e-02  9.82961254e-02  8.16675958e+02 
 5.83907490e+14  6.52675390e+34  1.34851000e+01  1.39112913e+00  1.23306000e+01  1.37330128e+00  3.45921692e-01  2.64604998e-02  9.79872882e-02  7.96474268e+02 
 5.85523506e+14  6.58517729e+34  1.34871000e+01  1.39751387e+00  1.23386000e+01  1.37970468e+00  3.46571235e-01  2.63129839e-02  9.76689009e-02  7.76491903e+02 
 5.87139521e+14  6.64360188e+34  1.34891000e+01  1.40385033e+00  1.23476000e+01  1.38615491e+00  3.47212967e-01  2.60310338e-02  9.73497127e-02  7.57205719e+02 
 5.88755537e+14  6.70281544e+34  1.34911000e+01  1.41022361e+00  1.23556000e+01  1.39255887e+00  3.47856900e-01  2.58698532e-02  9.70264461e-02  7.38338301e+02 
 5.90371553e+14  6.76202900e+34  1.34931000e+01  1.41654850e+00  1.23646000e+01  1.39900969e+00  3.48493058e-01  2.55752488e-02  9.67025067e-02  7.20124470e+02 
 5.91987569e+14  6.82165487e+34  1.34941000e+01  1.42286890e+00  1.23726000e+01  1.40537689e+00  3.49178356e-01  2.53956380e-02  9.63691324e-02  7.02104113e+02 
 5.93603585e+14  6.88166246e+34  1.34961000e+01  1.42918144e+00  1.23806000e+01  1.41174231e+00  3.49808990e-01  2.52091591e-02  9.60406337e-02  6.84901298e+02 
 5.95219601e+14  6.94169469e+34  1.34981000e+01  1.43544847e+00  1.23886000e+01  1.41807199e+00  3.50432278e-01  2.50113622e-02  9.57541388e-02  6.68576505e+02 
 5.96835617e+14  7.00250011e+34  1.35001000e+01  1.44174781e+00  1.23966000e+01  1.42443606e+00  3.51057257e-01  2.48118217e-02  9.54212080e-02  6.52306507e+02 
 5.98451633e+14  7.06330553e+34  1.35021000e+01  1.44799910e+00  1.24046000e+01  1.43076203e+00  3.51674646e-01  2.46009348e-02  9.50879237e-02  6.36588633e+02 
 6.00067649e+14  7.12454083e+34  1.35041000e+01  1.45424642e+00  1.24126000e+01  1.43708964e+00  3.52289552e-01  2.43841107e-02  9.47524901e-02  6.21294096e+02 
 6.01683665e+14  7.18614782e+34  1.35061000e+01  1.46048370e+00  1.24206000e+01  1.44341339e+00  3.52901293e-01  2.41607568e-02  9.44152089e-02  6.06424274e+02 
 6.03299681e+14  7.24778336e+34  1.35071000e+01  1.46667611e+00  1.24286000e+01  1.44970172e+00  3.53558253e-01  2.39269990e-02  9.40704311e-02  5.91780971e+02 
 6.04915697e+14  7.31019561e+34  1.35091000e+01  1.47289856e+00  1.24356000e+01  1.45593643e+00  3.54164390e-01  2.38096134e-02  9.37712704e-02  5.77971031e+02 
 6.06531713e+14  7.37260786e+34  1.35111000e+01  1.47907334e+00  1.24436000e+01  1.46221902e+00  3.54763116e-01  2.35632388e-02  9.34300112e-02  5.64364616e+02 
 6.08147729e+14  7.43544743e+34  1.35121000e+01  1.48524263e+00  1.24506000e+01  1.46841555e+00  3.55411870e-01  2.34288418e-02  9.30796367e-02  5.50871464e+02 
 6.09763745e+14  7.49866857e+34  1.35141000e+01  1.49140184e+00  1.24586000e+01  1.47469416e+00  3.56005004e-01  2.31705541e-02  9.27764816e-02  5.38230798e+02 
 6.11379760e+14  7.56190166e+34  1.35161000e+01  1.49751489e+00  1.24656000e+01  1.48084957e+00  3.56590984e-01  2.30192684e-02  9.24316755e-02  5.25763506e+02 
 6.12995776e+14  7.62593526e+34  1.35171000e+01  1.50365775e+00  1.24726000e+01  1.48703690e+00  3.57231271e-01  2.28659536e-02  9.21176064e-02  5.13551104e+02 
 6.14611792e+14  7.68996886e+34  1.35191000e+01  1.50975338e+00  1.24796000e+01  1.49318617e+00  3.57811546e-01  2.27022684e-02  9.17695471e-02  5.01736648e+02 
 6.16227808e+14  7.75440613e+34  1.35201000e+01  1.51584013e+00  1.24876000e+01  1.49941891e+00  3.58441958e-01  2.24165774e-02  9.14126630e-02  4.90012609e+02 
 6.17843824e+14  7.81925570e+34  1.35221000e+01  1.52191873e+00  1.24946000e+01  1.50556246e+00  3.59016624e-01  2.22411635e-02  9.11026444e-02  4.79030061e+02 
 6.19459840e+14  7.88410528e+34  1.35231000e+01  1.52795048e+00  1.25006000e+01  1.51158123e+00  3.59637374e-01  2.21712506e-02  9.07444842e-02  4.67975938e+02 
 6.21075856e+14  7.94974820e+34  1.35251000e+01  1.53400891e+00  1.25076000e+01  1.51771593e+00  3.60206132e-01  2.19835375e-02  9.04314331e-02  4.57562896e+02 
 6.22691872e+14  8.01541721e+34  1.35261000e+01  1.54002299e+00  1.25146000e+01  1.52381495e+00  3.60821456e-01  2.17865009e-02  9.00704189e-02  4.47072043e+02 
 6.24307888e+14  8.08144421e+34  1.35281000e+01  1.54602308e+00  1.25216000e+01  1.52990593e+00  3.61380119e-01  2.15833507e-02  8.97563183e-02  4.37257799e+02 
 6.25923904e+14  8.14793603e+34  1.35291000e+01  1.55201880e+00  1.25276000e+01  1.53591036e+00  3.61989990e-01  2.14892891e-02  8.94331050e-02  4.27490374e+02 
 6.27539920e+14  8.21442786e+34  1.35301000e+01  1.55796815e+00  1.25346000e+01  1.54196433e+00  3.62593091e-01  2.12716513e-02  8.90698902e-02  4.17841389e+02 
 6.29155936e+14  8.28165939e+34  1.35321000e+01  1.56393711e+00  1.25406000e+01  1.54795346e+00  3.63143028e-01  2.11650052e-02  8.87517652e-02  4.08766166e+02 
 6.30771952e+14  8.34897737e+34  1.35331000e+01  1.56986751e+00  1.25476000e+01  1.55399936e+00  3.63740692e-01  2.09363731e-02  8.84262770e-02  3.99780095e+02 
 6.32387968e+14  8.41658479e+34  1.35341000e+01  1.57577721e+00  1.25536000e+01  1.55994331e+00  3.64334472e-01  2.08144650e-02  8.80600137e-02  3.90858855e+02 
 6.34003984e+14  8.48473220e+34  1.35361000e+01  1.58168801e+00  1.25596000e+01  1.56589273e+00  3.64872834e-01  2.06878136e-02  8.77395367e-02  3.82496426e+02 
 6.35620000e+14  8.55287962e+34  1.35371000e+01  1.58755297e+00  1.25666000e+01  1.57189233e+00  3.65458440e-01  2.04397893e-02  8.74121700e-02  3.74220305e+02 
 6.37236015e+14  8.62168964e+34  1.35381000e+01  1.59342895e+00  1.25726000e+01  1.57781881e+00  3.66043657e-01  2.03007681e-02  8.70825536e-02  3.66120970e+02 
 6.38852031e+14  8.69066971e+34  1.35391000e+01  1.59927378e+00  1.25786000e+01  1.58372107e+00  3.66623910e-01  2.01543451e-02  8.67528597e-02  3.58250721e+02 
 6.40468047e+14  8.75984685e+34  1.35401000e+01  1.60508973e+00  1.25846000e+01  1.58960117e+00  3.67199465e-01  2.00008297e-02  8.64230160e-02  3.50598922e+02 
 6.42084063e+14  8.82966272e+34  1.35411000e+01  1.61091381e+00  1.25906000e+01  1.59549314e+00  3.67774341e-01  1.98435929e-02  8.60518389e-02  3.42954679e+02 
 6.43700079e+14  8.89947860e+34  1.35421000e+01  1.61669262e+00  1.25956000e+01  1.60125957e+00  3.68342782e-01  1.97890423e-02  8.57208717e-02  3.35697237e+02 
 6.45316095e+14  8.96985563e+34  1.35441000e+01  1.62247250e+00  1.26016000e+01  1.60711951e+00  3.68855317e-01  1.96189372e-02  8.53958714e-02  3.28752675e+02 
 6.46932111e+14  9.04051041e+34  1.35451000e+01  1.62823009e+00  1.26076000e+01  1.61296319e+00  3.69418331e-01  1.94427533e-02  8.50629901e-02  3.21840893e+02 
 6.48548127e+14  9.11124526e+34  1.35461000e+01  1.63394930e+00  1.26126000e+01  1.61868730e+00  3.69975715e-01  1.93694394e-02  8.47306547e-02  3.15128327e+02 
 6.50164143e+14  9.18274198e+34  1.35461000e+01  1.63968511e+00  1.26186000e+01  1.62451947e+00  3.70588080e-01  1.91828728e-02  8.43884231e-02  3.08404261e+02 
 6.51780159e+14  9.25423871e+34  1.35471000e+01  1.64537622e+00  1.26236000e+01  1.63022594e+00  3.71139532e-01  1.90983552e-02  8.40547207e-02  3.02020270e+02 
 6.53396175e+14  9.32616995e+34  1.35481000e+01  1.65105722e+00  1.26296000e+01  1.63601594e+00  3.71688417e-01  1.88989961e-02  8.37586852e-02  2.95923584e+02 
 6.55012191e+14  9.39851160e+34  1.35491000e+01  1.65672613e+00  1.26346000e+01  1.64171017e+00  3.72234534e-01  1.88040386e-02  8.34233176e-02  2.89837429e+02 
 6.56628207e+14  9.47085324e+34  1.35501000e+01  1.66235081e+00  1.26406000e+01  1.64745638e+00  3.72774493e-01  1.85922666e-02  8.30890091e-02  2.83929857e+02 
 6.58244223e+14  9.54398031e+34  1.35511000e+01  1.66799216e+00  1.26456000e+01  1.65313337e+00  3.73314746e-01  1.84866820e-02  8.27525011e-02  2.78132815e+02 
 6.59860239e+14  9.61716979e+34  1.35521000e+01  1.67359425e+00  1.26506000e+01  1.65877799e+00  3.73849401e-01  1.83738521e-02  8.24168548e-02  2.72500012e+02 
 6.61476254e+14  9.69064115e+34  1.35521000e+01  1.67917395e+00  1.26556000e+01  1.66440583e+00  3.74435514e-01  1.82552122e-02  8.20735555e-02  2.66886239e+02 
 6.63092270e+14  9.76468132e+34  1.35531000e+01  1.68475295e+00  1.26606000e+01  1.67003706e+00  3.74964926e-01  1.81323957e-02  8.17745181e-02  2.61636581e+02 
 6.64708286e+14  9.83872150e+34  1.35541000e+01  1.69028833e+00  1.26656000e+01  1.67563176e+00  3.75488339e-01  1.80022938e-02  8.14387644e-02  2.56418297e+02 
 6.66324302e+14  9.91338397e+34  1.35551000e+01  1.69582656e+00  1.26706000e+01  1.68123310e+00  3.76010625e-01  1.78684363e-02  8.11016919e-02  2.51307101e+02 
 6.67940318e+14  9.98827764e+34  1.35551000e+01  1.70133851e+00  1.26756000e+01  1.68681396e+00  3.76584321e-01  1.77287744e-02  8.07947402e-02  2.46326666e+02 
 6.69556334e+14  1.00632737e+35  1.35561000e+01  1.70681480e+00  1.26806000e+01  1.69236554e+00  3.77097409e-01  1.75827157e-02  8.04587419e-02  2.41481259e+02 
 6.71172350e+14  1.01390236e+35  1.35561000e+01  1.71230286e+00  1.26846000e+01  1.69784256e+00  3.77666040e-01  1.75404430e-02  8.01133216e-02  2.36615953e+02 
 6.72788366e+14  1.02147735e+35  1.35571000e+01  1.71774795e+00  1.26896000e+01  1.70337286e+00  3.78173180e-01  1.73844148e-02  7.98140408e-02  2.32104990e+02 
 6.74404382e+14  1.02909553e+35  1.35581000e+01  1.72318115e+00  1.26946000e+01  1.70889595e+00  3.78677706e-01  1.72239097e-02  7.94771566e-02  2.27588437e+02 
 6.76020398e+14  1.03675641e+35  1.35581000e+01  1.72860205e+00  1.26986000e+01  1.71432178e+00  3.79235535e-01  1.71649882e-02  7.91691499e-02  2.23173905e+02 
 6.77636414e+14  1.04441729e+35  1.35591000e+01  1.73398047e+00  1.27036000e+01  1.71980139e+00  3.79731757e-01  1.69933779e-02  7.88332509e-02  2.18882541e+02 
 6.79252430e+14  1.05215386e+35  1.35591000e+01  1.73936945e+00  1.27076000e+01  1.72520494e+00  3.80283793e-01  1.69245277e-02  7.85247359e-02  2.14669328e+02 
 6.80868446e+14  1.05990089e+35  1.35601000e+01  1.74472341e+00  1.27116000e+01  1.73057944e+00  3.80774862e-01  1.68494278e-02  7.81881984e-02  2.10567386e+02 
 6.82484462e+14  1.06766926e+35  1.35601000e+01  1.75005000e+00  1.27166000e+01  1.73602192e+00  3.81318040e-01  1.66636399e-02  7.78810338e-02  2.06567631e+02 
 6.84100478e+14  1.07550269e+35  1.35601000e+01  1.75537909e+00  1.27206000e+01  1.74138060e+00  3.81860278e-01  1.65795115e-02  7.75725808e-02  2.02645270e+02 
 6.85716493e+14  1.08333613e+35  1.35611000e+01  1.76066639e+00  1.27246000e+01  1.74670373e+00  3.82340681e-01  1.64889884e-02  7.72369451e-02  1.98830357e+02 
 6.87332509e+14  1.09122224e+35  1.35611000e+01  1.76594742e+00  1.27286000e+01  1.75202465e+00  3.82875592e-01  1.63943860e-02  7.69291785e-02  1.95094591e+02 
 6.88948525e+14  1.09914233e+35  1.35611000e+01  1.77120962e+00  1.27326000e+01  1.75733154e+00  3.83407425e-01  1.62949827e-02  7.66214335e-02  1.91444739e+02 
 6.90564541e+14  1.10706242e+35  1.35621000e+01  1.77643052e+00  1.27366000e+01  1.76260322e+00  3.83877298e-01  1.61894826e-02  7.62869190e-02  1.87893622e+02 
 6.92180557e+14  1.11506603e+35  1.35621000e+01  1.78166504e+00  1.27406000e+01  1.76789136e+00  3.84403930e-01  1.60812477e-02  7.59788180e-02  1.84401877e+02 
 6.93796573e+14  1.12307302e+35  1.35621000e+01  1.78686065e+00  1.27446000e+01  1.77314648e+00  3.84925494e-01  1.59672208e-02  7.56719948e-02  1.81002617e+02 
 6.95412589e+14  1.13110673e+35  1.35621000e+01  1.79203261e+00  1.27486000e+01  1.77838290e+00  3.85443540e-01  1.58483946e-02  7.53655762e-02  1.77683283e+02 
 6.97028605e+14  1.13920086e+35  1.35621000e+01  1.79720257e+00  1.27526000e+01  1.78362103e+00  3.85960239e-01  1.57260299e-02  7.50228896e-02  1.74345893e+02 
 6.98644621e+14  1.14729498e+35  1.35631000e+01  1.80233192e+00  1.27566000e+01  1.78882438e+00  3.86414753e-01  1.55980411e-02  7.47249284e-02  1.71259564e+02 
 7.00260637e+14  1.15544542e+35  1.35631000e+01  1.80745632e+00  1.27596000e+01  1.79393609e+00  3.86924561e-01  1.55691452e-02  7.44185853e-02  1.68153362e+02 
 7.01876653e+14  1.16362691e+35  1.35631000e+01  1.81255986e+00  1.27636000e+01  1.79912213e+00  3.87431170e-01  1.54329410e-02  7.41125731e-02  1.65117574e+02 
 7.03492669e+14  1.17180841e+35  1.35631000e+01  1.81762329e+00  1.27666000e+01  1.80418307e+00  3.87932681e-01  1.53936916e-02  7.38080701e-02  1.62161463e+02 
 7.05108685e+14  1.18007527e+35  1.35631000e+01  1.82269934e+00  1.27706000e+01  1.80935013e+00  3.88434327e-01  1.52493660e-02  7.35019272e-02  1.59252680e+02 
 7.06724701e+14  1.18834436e+35  1.35631000e+01  1.82773682e+00  1.27746000e+01  1.81448410e+00  3.88931052e-01  1.50999777e-02  7.31972465e-02  1.56419048e+02 
 7.08340717e+14  1.19663951e+35  1.35631000e+01  1.83275042e+00  1.27776000e+01  1.81950819e+00  3.89424321e-01  1.50478553e-02  7.28931667e-02  1.53650287e+02 
 7.09956732e+14  1.20499641e+35  1.35631000e+01  1.83776166e+00  1.27806000e+01  1.82453335e+00  3.89916257e-01  1.49922123e-02  7.25884011e-02  1.50933102e+02 
 7.11572748e+14  1.21335330e+35  1.35631000e+01  1.84273348e+00  1.27846000e+01  1.82961540e+00  3.90403235e-01  1.48299314e-02  7.22852233e-02  1.48285980e+02 
 7.13188764e+14  1.22176400e+35  1.35631000e+01  1.84769792e+00  1.27876000e+01  1.83460294e+00  3.90888400e-01  1.47653473e-02  7.19817007e-02  1.45690236e+02 
 7.14804780e+14  1.23020892e+35  1.35631000e+01  1.85264340e+00  1.27906000e+01  1.83957576e+00  3.91370629e-01  1.46965600e-02  7.16785602e-02  1.43150645e+02 
 7.16420796e+14  1.23865384e+35  1.35631000e+01  1.85754997e+00  1.27936000e+01  1.84451491e+00  3.91847991e-01  1.46226577e-02  7.13770449e-02  1.40675747e+02 
 7.18036812e+14  1.24717972e+35  1.35621000e+01  1.86246461e+00  1.27966000e+01  1.84946503e+00  3.92382928e-01  1.45458952e-02  7.10665319e-02  1.38174554e+02 
 7.19652828e+14  1.25571287e+35  1.35621000e+01  1.86734474e+00  1.27996000e+01  1.85438560e+00  3.92855652e-01  1.44643371e-02  7.07990238e-02  1.35865078e+02 
 7.21268844e+14  1.26426512e+35  1.35621000e+01  1.87219730e+00  1.28026000e+01  1.85928318e+00  3.93324643e-01  1.43783719e-02  7.04985396e-02  1.33544233e+02 
 7.22884860e+14  1.27288670e+35  1.35621000e+01  1.87705074e+00  1.28056000e+01  1.86418486e+00  3.93792659e-01  1.42893138e-02  7.01973001e-02  1.31263335e+02 
 7.24500876e+14  1.28150828e+35  1.35621000e+01  1.88186599e+00  1.28086000e+01  1.86905337e+00  3.94255937e-01  1.41954955e-02  6.98977453e-02  1.29039536e+02 
 7.26116892e+14  1.29017472e+35  1.35611000e+01  1.88666818e+00  1.28116000e+01  1.87391263e+00  3.94775138e-01  1.40981232e-02  6.96240049e-02  1.26859896e+02 
 7.27732908e+14  1.29888493e+35  1.35611000e+01  1.89145668e+00  1.28146000e+01  1.87876205e+00  3.95233820e-01  1.39971293e-02  6.93246797e-02  1.24723662e+02 
 7.29348924e+14  1.30759514e+35  1.35611000e+01  1.89620751e+00  1.28176000e+01  1.88357865e+00  3.95687856e-01  1.38916302e-02  6.90270695e-02  1.22640271e+02 
 7.30964940e+14  1.31637534e+35  1.35601000e+01  1.90095881e+00  1.28206000e+01  1.88839890e+00  3.96199339e-01  1.37832367e-02  6.87210515e-02  1.20533871e+02 
 7.32580956e+14  1.32517437e+35  1.35601000e+01  1.90568285e+00  1.28226000e+01  1.89310478e+00  3.96648818e-01  1.37695940e-02  6.84568685e-02  1.18589638e+02 
 7.34196971e+14  1.33397890e+35  1.35601000e+01  1.91037266e+00  1.28256000e+01  1.89787246e+00  3.97094018e-01  1.36528233e-02  6.81611418e-02  1.16635089e+02 
 7.35812987e+14  1.34286692e+35  1.35591000e+01  1.91506970e+00  1.28286000e+01  1.90265021e+00  3.97597526e-01  1.35335211e-02  6.78894028e-02  1.14710128e+02 
 7.37429003e+14  1.35175494e+35  1.35591000e+01  1.91972978e+00  1.28306000e+01  1.90730410e+00  3.98037932e-01  1.35082150e-02  6.75942827e-02  1.12831966e+02 
 7.39045019e+14  1.36067216e+35  1.35581000e+01  1.92436836e+00  1.28336000e+01  1.91203199e+00  3.98534085e-01  1.33810134e-02  6.73247893e-02  1.10993235e+02 
 7.40661035e+14  1.36964935e+35  1.35581000e+01  1.92900142e+00  1.28356000e+01  1.91666609e+00  3.98969976e-01  1.33486796e-02  6.70301578e-02  1.09186777e+02 
 7.42277051e+14  1.37862655e+35  1.35571000e+01  1.93359805e+00  1.28376000e+01  1.92126816e+00  3.99460369e-01  1.33120713e-02  6.67619303e-02  1.07423740e+02 
 7.43893067e+14  1.38765596e+35  1.35571000e+01  1.93818501e+00  1.28406000e+01  1.92595569e+00  3.99889982e-01  1.31745696e-02  6.64690615e-02  1.05692890e+02 
 7.45509083e+14  1.39672250e+35  1.35561000e+01  1.94275463e+00  1.28426000e+01  1.93053787e+00  4.00376044e-01  1.31311935e-02  6.62012030e-02  1.03996402e+02 
 7.47125099e+14  1.40578904e+35  1.35561000e+01  1.94728831e+00  1.28446000e+01  1.93508841e+00  4.00798745e-01  1.30836795e-02  6.59106172e-02  1.02340206e+02 
 7.48741115e+14  1.41493015e+35  1.35551000e+01  1.95182333e+00  1.28476000e+01  1.93973503e+00  4.01279790e-01  1.29363345e-02  6.56436690e-02  1.00709939e+02 
 7.50357131e+14  1.42408620e+35  1.35551000e+01  1.95633003e+00  1.28496000e+01  1.94426556e+00  4.01698062e-01  1.28823151e-02  6.53537368e-02  9.91155559e+01 
 7.51973147e+14  1.43324882e+35  1.35541000e+01  1.96080451e+00  1.28516000e+01  1.94876794e+00  4.02171712e-01  1.28244755e-02  6.50894212e-02  9.75575148e+01 
 7.53589163e+14  1.44249454e+35  1.35531000e+01  1.96528408e+00  1.28536000e+01  1.95327818e+00  4.02644986e-01  1.27639789e-02  6.48241165e-02  9.60221706e+01 
 7.55205179e+14  1.45174026e+35  1.35531000e+01  1.96972842e+00  1.28556000e+01  1.95775731e+00  4.03054669e-01  1.26996241e-02  6.45366183e-02  9.45226835e+01 
 7.56821195e+14  1.46101335e+35  1.35521000e+01  1.97415086e+00  1.28576000e+01  1.96221818e+00  4.03520918e-01  1.26319199e-02  6.42738134e-02  9.30537219e+01 
 7.58437211e+14  1.47034889e+35  1.35511000e+01  1.97856810e+00  1.28596000e+01  1.96667694e+00  4.03985850e-01  1.25613297e-02  6.40107161e-02  9.16091381e+01 
 7.60053226e+14  1.47968443e+35  1.35501000e+01  1.98295063e+00  1.28616000e+01  1.97110499e+00  4.04446766e-01  1.24870873e-02  6.37180301e-02  9.01537326e+01 
 7.61669242e+14  1.48906745e+35  1.35501000e+01  1.98732080e+00  1.28636000e+01  1.97552395e+00  4.04845946e-01  1.24098243e-02  6.34645644e-02  8.88121313e+01 
 7.63285258e+14  1.49849295e+35  1.35491000e+01  1.99167629e+00  1.28656000e+01  1.97993155e+00  4.05302656e-01  1.23295611e-02  6.32037541e-02  8.74519963e+01 
 7.64901274e+14  1.50791846e+35  1.35481000e+01  1.99599757e+00  1.28676000e+01  1.98430881e+00  4.05755428e-01  1.22458486e-02  6.29445921e-02  8.61229166e+01 
 7.66517290e+14  1.51741082e+35  1.35471000e+01  2.00031529e+00  1.28696000e+01  1.98868545e+00  4.06207050e-01  1.21594564e-02  6.26850840e-02  8.48148706e+01 
 7.68133306e+14  1.52692644e+35  1.35461000e+01  2.00460960e+00  1.28706000e+01  1.99295007e+00  4.06655727e-01  1.21648948e-02  6.23958140e-02  8.34922558e+01 
 7.69749322e+14  1.53644205e+35  1.35461000e+01  2.00887020e+00  1.28726000e+01  1.99727689e+00  4.07040426e-01  1.20718453e-02  6.21467028e-02  8.22807947e+01 
 7.71365338e+14  1.54604316e+35  1.35451000e+01  2.01313531e+00  1.28746000e+01  2.00161086e+00  4.07484757e-01  1.19764688e-02  6.18890603e-02  8.10454274e+01 
 7.72981354e+14  1.55564902e+35  1.35441000e+01  2.01736903e+00  1.28756000e+01  2.00582485e+00  4.07925450e-01  1.19724241e-02  6.16329442e-02  7.98372017e+01 
 7.74597370e+14  1.56526787e+35  1.35431000e+01  2.02157519e+00  1.28776000e+01  2.01010707e+00  4.08362854e-01  1.18706109e-02  6.13781125e-02  7.86543677e+01 
 7.76213386e+14  1.57496411e+35  1.35421000e+01  2.02578192e+00  1.28796000e+01  2.01439252e+00  4.08799503e-01  1.17664949e-02  6.11227222e-02  7.74885786e+01 
 7.77829402e+14  1.58466035e+35  1.35411000e+01  2.02995563e+00  1.28806000e+01  2.01855632e+00  4.09232391e-01  1.17532627e-02  6.08690002e-02  7.63486820e+01 
 7.79445418e+14  1.59438657e+35  1.35401000e+01  2.03410939e+00  1.28826000e+01  2.02279561e+00  4.09662695e-01  1.16431547e-02  6.06160947e-02  7.52305382e+01 
 7.81061434e+14  1.60417331e+35  1.35391000e+01  2.03825621e+00  1.28836000e+01  2.02693860e+00  4.10091579e-01  1.16242187e-02  6.03631508e-02  7.41302362e+01 
 7.82677450e+14  1.61396004e+35  1.35381000e+01  2.04237052e+00  1.28846000e+01  2.03105240e+00  4.10516777e-01  1.16021691e-02  6.01118796e-02  7.30541028e+01 
 7.84293465e+14  1.62379299e+35  1.35371000e+01  2.04647181e+00  1.28866000e+01  2.03524865e+00  4.10940025e-01  1.14837610e-02  5.98609926e-02  7.19965428e+01 
 7.85909481e+14  1.63367034e+35  1.35361000e+01  2.05055935e+00  1.28876000e+01  2.03934167e+00  4.11361261e-01  1.14561804e-02  5.96105491e-02  7.09573779e+01 
 7.87525497e+14  1.64354769e+35  1.35351000e+01  2.05461484e+00  1.28896000e+01  2.04349839e+00  4.11778880e-01  1.13324298e-02  5.93617779e-02  6.99407880e+01 
 7.89141513e+14  1.65348669e+35  1.35341000e+01  2.05866364e+00  1.28906000e+01  2.04755886e+00  4.12195118e-01  1.12992514e-02  5.91129954e-02  6.89399998e+01 
 7.90757529e+14  1.66345477e+35  1.35331000e+01  2.06269249e+00  1.28916000e+01  2.05160237e+00  4.12608816e-01  1.12633017e-02  5.88650977e-02  6.79579500e+01 
 7.92373545e+14  1.67342284e+35  1.35321000e+01  2.06668978e+00  1.28926000e+01  2.05561752e+00  4.13018968e-01  1.12244611e-02  5.86188720e-02  6.69970020e+01 
 7.93989561e+14  1.68346722e+35  1.35301000e+01  2.07068611e+00  1.28936000e+01  2.05963432e+00  4.13489374e-01  1.11831832e-02  5.83938542e-02  6.60494498e+01 
 7.95605577e+14  1.69352613e+35  1.35291000e+01  2.07465688e+00  1.28956000e+01  2.06372118e+00  4.13895709e-01  1.10466880e-02  5.81484548e-02  6.51207945e+01 
 7.97221593e+14  1.70358504e+35  1.35281000e+01  2.07859658e+00  1.28966000e+01  2.06768759e+00  4.14298565e-01  1.09999438e-02  5.79047249e-02  6.42118773e+01 
 7.98837609e+14  1.71373408e+35  1.35271000e+01  2.08254046e+00  1.28976000e+01  2.07166068e+00  4.14701003e-01  1.09508618e-02  5.76602983e-02  6.33142587e+01 
 8.00453625e+14  1.72388393e+35  1.35261000e+01  2.08645378e+00  1.28986000e+01  2.07560628e+00  4.15100018e-01  1.08990726e-02  5.74175230e-02  6.24355530e+01 
 8.02069641e+14  1.73404589e+35  1.35241000e+01  2.09034112e+00  1.28996000e+01  2.07952882e+00  4.15557481e-01  1.08447310e-02  5.71972487e-02  6.15743121e+01 
 8.03685657e+14  1.74428676e+35  1.35231000e+01  2.09422800e+00  1.29006000e+01  2.08345349e+00  4.15952729e-01  1.07880112e-02  5.69553732e-02  6.07245867e+01 
 8.05301673e+14  1.75452764e+35  1.35221000e+01  2.09808449e+00  1.29016000e+01  2.08735069e+00  4.16344599e-01  1.07287436e-02  5.67151685e-02  5.98926395e+01 
 8.06917689e+14  1.76479272e+35  1.35211000e+01  2.10191986e+00  1.29026000e+01  2.09122959e+00  4.16733890e-01  1.06670121e-02  5.64760113e-02  5.90760908e+01 
 8.08533704e+14  1.77512471e+35  1.35191000e+01  2.10575007e+00  1.29026000e+01  2.09501326e+00  4.17183692e-01  1.06942889e-02  5.62576343e-02  5.82712891e+01 
 8.10149720e+14  1.78545671e+35  1.35181000e+01  2.10955035e+00  1.29036000e+01  2.09886253e+00  4.17568518e-01  1.06276457e-02  5.60200273e-02  5.74831410e+01 
 8.11765736e+14  1.79582416e+35  1.35171000e+01  2.11333387e+00  1.29046000e+01  2.10269772e+00  4.17951155e-01  1.05586815e-02  5.57831954e-02  5.67085886e+01 
 8.13381752e+14  1.80624736e+35  1.35151000e+01  2.11710803e+00  1.29056000e+01  2.10652613e+00  4.18394153e-01  1.04875005e-02  5.55671986e-02  5.59458792e+01 
 8.14997768e+14  1.81667056e+35  1.35141000e+01  2.12085272e+00  1.29066000e+01  2.11032783e+00  4.18772038e-01  1.04139726e-02  5.53322140e-02  5.51987848e+01 
 8.16613784e+14  1.82713962e+35  1.35131000e+01  2.12458451e+00  1.29066000e+01  2.11402651e+00  4.19148075e-01  1.04288177e-02  5.50977621e-02  5.44637121e+01 
 8.18229800e+14  1.83765410e+35  1.35111000e+01  2.12830326e+00  1.29076000e+01  2.11780745e+00  4.19584370e-01  1.03507419e-02  5.48841703e-02  5.37404718e+01 
 8.19845816e+14  1.84816858e+35  1.35101000e+01  2.13199299e+00  1.29086000e+01  2.12156201e+00  4.19955420e-01  1.02704528e-02  5.46518304e-02  5.30318827e+01 
 8.21461832e+14  1.85873847e+35  1.35081000e+01  2.13567323e+00  1.29086000e+01  2.12521684e+00  4.20387166e-01  1.02782638e-02  5.44399604e-02  5.23339481e+01 
 8.23077848e+14  1.86934431e+35  1.35071000e+01  2.13933719e+00  1.29096000e+01  2.12895070e+00  4.20754611e-01  1.01935665e-02  5.42086438e-02  5.16477363e+01 
 8.24693864e+14  1.87995014e+35  1.35051000e+01  2.14297260e+00  1.29106000e+01  2.13265854e+00  4.21181306e-01  1.01068415e-02  5.39714857e-02  5.09493544e+01 
 8.26309880e+14  1.89062007e+35  1.35041000e+01  2.14660145e+00  1.29106000e+01  2.13626956e+00  4.21544383e-01  1.01077824e-02  5.37693296e-02  5.03122954e+01 
 8.27925896e+14  1.90131732e+35  1.35021000e+01  2.15021127e+00  1.29116000e+01  2.13995673e+00  4.21967642e-01  1.00168242e-02  5.35332324e-02  4.96355435e+01 
 8.29541912e+14  1.91201458e+35  1.35011000e+01  2.15379297e+00  1.29116000e+01  2.14352557e+00  4.22325379e-01  1.00133408e-02  5.33334476e-02  4.90223396e+01 
 8.31157928e+14  1.92278372e+35  1.34991000e+01  2.15737066e+00  1.29126000e+01  2.14718548e+00  4.22744678e-01  9.91827934e-03  5.30988858e-02  4.83675427e+01 
 8.32773943e+14  1.93357245e+35  1.34981000e+01  2.16092695e+00  1.29126000e+01  2.15073371e+00  4.23098890e-01  9.91046358e-03  5.28999992e-02  4.77734736e+01 
 8.34389959e+14  1.94436119e+35  1.34961000e+01  2.16445558e+00  1.29126000e+01  2.15425661e+00  4.23512857e-01  9.90058207e-03  5.26951234e-02  4.71668484e+01 
 8.36005975e+14  1.95522873e+35  1.34951000e+01  2.16798232e+00  1.29136000e+01  2.15787281e+00  4.23863220e-01  9.79940471e-03  5.24704858e-02  4.65677564e+01 
 8.37621991e+14  1.96610900e+35  1.34931000e+01  2.17148573e+00  1.29136000e+01  2.16137523e+00  4.24273827e-01  9.78530863e-03  5.22665445e-02  4.59796818e+01 
 8.39238007e+14  1.97698928e+35  1.34921000e+01  2.17496192e+00  1.29146000e+01  2.16494548e+00  4.24618649e-01  9.68041181e-03  5.20447614e-02  4.54030336e+01 
 8.40854023e+14  1.98795436e+35  1.34901000e+01  2.17843796e+00  1.29146000e+01  2.16842518e+00  4.25025735e-01  9.66222914e-03  5.18419249e-02  4.48331611e+01 
 8.42470039e+14  1.99892623e+35  1.34881000e+01  2.18188912e+00  1.29146000e+01  2.17188225e+00  4.25430197e-01  9.64206862e-03  5.16138500e-02  4.42512081e+01 
 8.44086055e+14  2.00989809e+35  1.34871000e+01  2.18531349e+00  1.29146000e+01  2.17531473e+00  4.25768731e-01  9.61996027e-03  5.14212286e-02  4.37255201e+01 
 8.45702071e+14  2.02095987e+35  1.34851000e+01  2.18873910e+00  1.29156000e+01  2.17884356e+00  4.26169840e-01  9.50748025e-03  5.12207050e-02  4.31831981e+01 
 8.47318087e+14  2.03202337e+35  1.34841000e+01  2.19213865e+00  1.29156000e+01  2.18225574e+00  4.26504967e-01  9.48144583e-03  5.10026648e-02  4.26511728e+01 
 8.48934103e+14  2.04308930e+35  1.34821000e+01  2.19551255e+00  1.29156000e+01  2.18564443e+00  4.26900647e-01  9.45358682e-03  5.08049960e-02  4.21291695e+01 
 8.50550119e+14  2.05424447e+35  1.34801000e+01  2.19888728e+00  1.29156000e+01  2.18903621e+00  4.27295779e-01  9.42367252e-03  5.06068647e-02  4.16129536e+01 
 8.52166135e+14  2.06539965e+35  1.34781000e+01  2.20223583e+00  1.29156000e+01  2.19240390e+00  4.27688221e-01  9.39197152e-03  5.03841114e-02  4.10852780e+01 
 8.53782151e+14  2.07656047e+35  1.34771000e+01  2.20556012e+00  1.29156000e+01  2.19574940e+00  4.28014597e-01  9.35848358e-03  5.01961339e-02  4.06093843e+01 
 8.55398167e+14  2.08780736e+35  1.34751000e+01  2.20888407e+00  1.29156000e+01  2.19909679e+00  4.28403806e-01  9.32301969e-03  5.00004361e-02  4.01178401e+01 
 8.57014183e+14  2.09905425e+35  1.34731000e+01  2.21218225e+00  1.29156000e+01  2.20242048e+00  4.28790375e-01  9.28583064e-03  4.98061557e-02  3.96355187e+01 
 8.58630198e+14  2.11030908e+35  1.34721000e+01  2.21545722e+00  1.29156000e+01  2.20572296e+00  4.29110790e-01  9.24690752e-03  4.95947059e-02  3.91618636e+01 
 8.60246214e+14  2.12164771e+35  1.34701000e+01  2.21873101e+00  1.29156000e+01  2.20902649e+00  4.29494161e-01  9.20605742e-03  4.94014408e-02  3.86935720e+01 
 8.61862230e+14  2.13298633e+35  1.34681000e+01  2.22197946e+00  1.29156000e+01  2.21230663e+00  4.29874946e-01  9.16357404e-03  4.92095804e-02  3.82339794e+01 
 8.63478246e+14  2.14433427e+35  1.34661000e+01  2.22520543e+00  1.29156000e+01  2.21556626e+00  4.30253375e-01  9.11945898e-03  4.90189291e-02  3.77825113e+01 
 8.65094262e+14  2.15576466e+35  1.34641000e+01  2.22842970e+00  1.29156000e+01  2.21882637e+00  4.30631066e-01  9.07344136e-03  4.88280268e-02  3.73361475e+01 
 8.66710278e+14  2.16719505e+35  1.34631000e+01  2.23162903e+00  1.29156000e+01  2.22206344e+00  4.30942180e-01  9.02584243e-03  4.86204509e-02  3.68979896e+01 
 8.68326294e+14  2.17863518e+35  1.34611000e+01  2.23480635e+00  1.29156000e+01  2.22528037e+00  4.31314968e-01  8.97673382e-03  4.84322001e-02  3.64674876e+01 
 8.69942310e+14  2.19015735e+35  1.34591000e+01  2.23798173e+00  1.29156000e+01  2.22849748e+00  4.31687000e-01  8.92579038e-03  4.82437263e-02  3.60418137e+01 
 8.71558326e+14  2.20167952e+35  1.34571000e+01  2.24113257e+00  1.29156000e+01  2.23169186e+00  4.32056544e-01  8.87338737e-03  4.80566302e-02  3.56238911e+01 
 8.73174342e+14  2.21321090e+35  1.34551000e+01  2.24426158e+00  1.29156000e+01  2.23486624e+00  4.32423816e-01  8.81951700e-03  4.78707258e-02  3.52132138e+01 
 8.74790358e+14  2.22482487e+35  1.34531000e+01  2.24738869e+00  1.29146000e+01  2.23794797e+00  4.32790340e-01  8.85007485e-03  4.76846076e-02  3.48070718e+01 
 8.76406374e+14  2.23643883e+35  1.34521000e+01  2.25049166e+00  1.29146000e+01  2.24110023e+00  4.33090015e-01  8.79280781e-03  4.74821966e-02  3.44082498e+01 
 8.78022390e+14  2.24806052e+35  1.34501000e+01  2.25357273e+00  1.29146000e+01  2.24423234e+00  4.33451775e-01  8.73417866e-03  4.72987170e-02  3.40163264e+01 
 8.79638406e+14  2.25976629e+35  1.34481000e+01  2.25665219e+00  1.29146000e+01  2.24736483e+00  4.33812813e-01  8.67385839e-03  4.71150142e-02  3.36286334e+01 
 8.81254422e+14  2.27147207e+35  1.34461000e+01  2.25970789e+00  1.29136000e+01  2.25038247e+00  4.34171457e-01  8.69798772e-03  4.69326606e-02  3.32478626e+01 
 8.82870437e+14  2.28318311e+35  1.34441000e+01  2.26274142e+00  1.29136000e+01  2.25347251e+00  4.34527839e-01  8.63482716e-03  4.67515502e-02  3.28736885e+01 
 8.84486453e+14  2.29498069e+35  1.34421000e+01  2.26577383e+00  1.29136000e+01  2.25656343e+00  4.34883533e-01  8.56998926e-03  4.65701873e-02  3.25034302e+01 
 8.86102469e+14  2.30677827e+35  1.34401000e+01  2.26878288e+00  1.29126000e+01  2.25953977e+00  4.35236887e-01  8.58941415e-03  4.63901608e-02  3.21397190e+01 
 8.87718485e+14  2.31857770e+35  1.34381000e+01  2.27176924e+00  1.29126000e+01  2.26258796e+00  4.35587952e-01  8.52191363e-03  4.62114255e-02  3.17823504e+01 
 8.89334501e+14  2.33046709e+35  1.34361000e+01  2.27475523e+00  1.29126000e+01  2.26563770e+00  4.35938391e-01  8.45280639e-03  4.60323948e-02  3.14285775e+01 
 8.90950517e+14  2.34235648e+35  1.34341000e+01  2.27771824e+00  1.29116000e+01  2.26857330e+00  4.36286530e-01  8.46761401e-03  4.58546845e-02  3.10809996e+01 
 8.92566533e+14  2.35424588e+35  1.34321000e+01  2.28065847e+00  1.29116000e+01  2.27158045e+00  4.36632396e-01  8.39600304e-03  4.56782849e-02  3.07394773e+01 
 8.94182549e+14  2.36622451e+35  1.34301000e+01  2.28359801e+00  1.29106000e+01  2.27449609e+00  4.36977612e-01  8.40773291e-03  4.55016201e-02  3.04013725e+01 
 8.95798565e+14  2.37820571e+35  1.34281000e+01  2.28651557e+00  1.29106000e+01  2.27748415e+00  4.37320619e-01  8.33317167e-03  4.53262153e-02  3.00690600e+01 
 8.97414581e+14  2.39018690e+35  1.34261000e+01  2.28941074e+00  1.29096000e+01  2.28035841e+00  4.37661398e-01  8.34238111e-03  4.51521067e-02  2.97424818e+01 
 8.99030597e+14  2.40225194e+35  1.34241000e+01  2.29230378e+00  1.29096000e+01  2.28332538e+00  4.38001424e-01  8.26502331e-03  4.49778418e-02  2.94192793e+01 
 9.00646613e+14  2.41432493e+35  1.34221000e+01  2.29517651e+00  1.29086000e+01  2.28618067e+00  4.38339381e-01  8.27121293e-03  4.48047311e-02  2.91014182e+01 
 9.02262629e+14  2.42639791e+35  1.34201000e+01  2.29802720e+00  1.29086000e+01  2.28910818e+00  4.38675152e-01  8.19163992e-03  4.46329009e-02  2.87889899e+01 
 9.03878645e+14  2.43854836e+35  1.34181000e+01  2.30087418e+00  1.29076000e+01  2.29194107e+00  4.39010057e-01  8.19494164e-03  4.44610363e-02  2.84799176e+01 
 9.05494661e+14  2.45071312e+35  1.34161000e+01  2.30370265e+00  1.29076000e+01  2.29484968e+00  4.39343038e-01  8.11269700e-03  4.42902048e-02  2.81757437e+01 
 9.07110676e+14  2.46287788e+35  1.34141000e+01  2.30650946e+00  1.29066000e+01  2.29764531e+00  4.39673878e-01  8.11359447e-03  4.41206390e-02  2.78767197e+01 
 9.08726692e+14  2.47511271e+35  1.34121000e+01  2.30931081e+00  1.29056000e+01  2.30043721e+00  4.40003732e-01  8.11293747e-03  4.39511721e-02  2.75810512e+01 
 9.10342708e+14  2.48736922e+35  1.34101000e+01  2.31209563e+00  1.29056000e+01  2.30330688e+00  4.40331817e-01  8.02693828e-03  4.37826056e-02  2.72898473e+01 
 9.11958724e+14  2.49962574e+35  1.34081000e+01  2.31485913e+00  1.29046000e+01  2.30606378e+00  4.40657803e-01  8.02394645e-03  4.36152893e-02  2.70035274e+01 
 9.13574740e+14  2.51194393e+35  1.34051000e+01  2.31761529e+00  1.29036000e+01  2.30881501e+00  4.41048484e-01  8.01949653e-03  4.34644285e-02  2.67205816e+01 
 9.15190756e+14  2.52429218e+35  1.34031000e+01  2.32035704e+00  1.29036000e+01  2.31164613e+00  4.41371806e-01  7.92994882e-03  4.32980514e-02  2.64416737e+01 
 9.16806772e+14  2.53664042e+35  1.34011000e+01  2.32307783e+00  1.29026000e+01  2.31436480e+00  4.41693071e-01  7.92317782e-03  4.31329096e-02  2.61674002e+01 
 9.18422788e+14  2.54904094e+35  1.33991000e+01  2.32578924e+00  1.29016000e+01  2.31707570e+00  4.42013088e-01  7.91501096e-03  4.29681643e-02  2.58965274e+01 
 9.20038804e+14  2.56148089e+35  1.33971000e+01  2.32848850e+00  1.29016000e+01  2.31986863e+00  4.42331664e-01  7.82212890e-03  4.28040204e-02  2.56292825e+01 
 9.21654820e+14  2.57392083e+35  1.33951000e+01  2.33116714e+00  1.29006000e+01  2.32254956e+00  4.42648222e-01  7.81167318e-03  4.26410953e-02  2.53664368e+01 
 9.23270836e+14  2.58640264e+35  1.33931000e+01  2.33383428e+00  1.28996000e+01  2.32522045e+00  4.42963394e-01  7.79996369e-03  4.24787300e-02  2.51070329e+01 
 9.24886852e+14  2.59893424e+35  1.33901000e+01  2.33649162e+00  1.28986000e+01  2.32788308e+00  4.43343526e-01  7.78697197e-03  4.23326103e-02  2.48508581e+01 
 9.26502868e+14  2.61146585e+35  1.33881000e+01  2.33912869e+00  1.28976000e+01  2.33052660e+00  4.43655511e-01  7.77300726e-03  4.21718277e-02  2.45988587e+01 
 9.28118884e+14  2.62402789e+35  1.33861000e+01  2.34175201e+00  1.28976000e+01  2.33325038e+00  4.43965965e-01  7.67491312e-03  4.20117760e-02  2.43503518e+01 
 9.29734900e+14  2.63665112e+35  1.33841000e+01  2.34436801e+00  1.28966000e+01  2.33587587e+00  4.44275328e-01  7.65843567e-03  4.18519871e-02  2.41046813e+01 
 9.31350915e+14  2.64927435e+35  1.33821000e+01  2.34696407e+00  1.28956000e+01  2.33848252e+00  4.44582753e-01  7.64108494e-03  4.16933865e-02  2.38629810e+01 
 9.32966931e+14  2.66191556e+35  1.33801000e+01  2.34954403e+00  1.28946000e+01  2.34107429e+00  4.44888501e-01  7.62271884e-03  4.15356956e-02  2.36248315e+01 
 9.34582947e+14  2.67463037e+35  1.33771000e+01  2.35211926e+00  1.28936000e+01  2.34366301e+00  4.45259915e-01  7.60294077e-03  4.13935581e-02  2.33891433e+01 
 9.36198963e+14  2.68734518e+35  1.33751000e+01  2.35467488e+00  1.28926000e+01  2.34623319e+00  4.45562907e-01  7.58228774e-03  4.12370638e-02  2.31572268e+01 
 9.37814979e+14  2.70006449e+35  1.33731000e+01  2.35721196e+00  1.28916000e+01  2.34878591e+00  4.45864075e-01  7.56076550e-03  4.10816656e-02  2.29289257e+01 
 9.39430995e+14  2.71287083e+35  1.33711000e+01  2.35974697e+00  1.28906000e+01  2.35133832e+00  4.46164513e-01  7.53773591e-03  4.09261586e-02  2.27027182e+01 
 9.41047011e+14  2.72567717e+35  1.33681000e+01  2.36226270e+00  1.28896000e+01  2.35387248e+00  4.46529897e-01  7.51391692e-03  4.07870632e-02  2.24801024e+01 
 9.42663027e+14  2.73848351e+35  1.33661000e+01  2.36475932e+00  1.28886000e+01  2.35638853e+00  4.46826681e-01  7.48930013e-03  4.06338041e-02  2.22609998e+01 
 9.44279043e+14  2.75137133e+35  1.33641000e+01  2.36725273e+00  1.28876000e+01  2.35890307e+00  4.47122660e-01  7.46322460e-03  4.04805229e-02  2.20439771e+01 
 9.45895059e+14  2.76426915e+35  1.33621000e+01  2.36972912e+00  1.28866000e+01  2.36140165e+00  4.47416940e-01  7.43632002e-03  4.03282401e-02  2.18302000e+01 
 9.47511075e+14  2.77716697e+35  1.33591000e+01  2.37218671e+00  1.28856000e+01  2.36388240e+00  4.47776453e-01  7.40869593e-03  4.01921317e-02  2.16197708e+01 
 9.49127091e+14  2.79013067e+35  1.33571000e+01  2.37463811e+00  1.28846000e+01  2.36635848e+00  4.48067987e-01  7.37977310e-03  4.00411299e-02  2.14115656e+01 
 9.50743107e+14  2.80311991e+35  1.33551000e+01  2.37707570e+00  1.28836000e+01  2.36882191e+00  4.48358038e-01  7.34991020e-03  3.98908950e-02  2.12061983e+01 
 9.52359123e+14  2.81610915e+35  1.33521000e+01  2.37949482e+00  1.28826000e+01  2.37126778e+00  4.48713539e-01  7.31939523e-03  3.97566652e-02  2.10040186e+01 
 9.53975139e+14  2.82914764e+35  1.33501000e+01  2.38190469e+00  1.28816000e+01  2.37370575e+00  4.49000692e-01  7.28773980e-03  3.96079270e-02  2.08042080e+01 
 9.55591154e+14  2.84222823e+35  1.33481000e+01  2.38430403e+00  1.28806000e+01  2.37613447e+00  4.49286583e-01  7.25504665e-03  3.94597204e-02  2.06068437e+01 
 9.57207170e+14  2.85530883e+35  1.33461000e+01  2.38668520e+00  1.28796000e+01  2.37854588e+00  4.49570739e-01  7.22171135e-03  3.93126147e-02  2.04125135e+01 
 9.58823186e+14  2.86842100e+35  1.33431000e+01  2.38905404e+00  1.28786000e+01  2.38094611e+00  4.49920975e-01  7.18749675e-03  3.91808606e-02  2.02207001e+01 
 9.60439202e+14  2.88159289e+35  1.33411000e+01  2.39141566e+00  1.28776000e+01  2.38334052e+00  4.50202773e-01  7.15210019e-03  3.90346620e-02  2.00309550e+01 
 9.62055218e+14  2.89476478e+35  1.33391000e+01  2.39375941e+00  1.28766000e+01  2.38571788e+00  4.50482868e-01  7.11609242e-03  3.88895481e-02  1.98441010e+01 
 9.63671234e+14  2.90794953e+35  1.33361000e+01  2.39608771e+00  1.28756000e+01  2.38808070e+00  4.50829036e-01  7.07942921e-03  3.87598751e-02  1.96599047e+01 
 9.65287250e+14  2.92121264e+35  1.33341000e+01  2.39841214e+00  1.28736000e+01  2.39034893e+00  4.51106805e-01  7.12237235e-03  3.86156634e-02  1.94774164e+01 
 9.66903266e+14  2.93447575e+35  1.33321000e+01  2.40071900e+00  1.28726000e+01  2.39269273e+00  4.51382905e-01  7.08367747e-03  3.84725213e-02  1.92976842e+01 
 9.68519282e+14  2.94773885e+35  1.33291000e+01  2.40300843e+00  1.28716000e+01  2.39501986e+00  4.51725140e-01  7.04447718e-03  3.83448244e-02  1.91206561e+01 
 9.70135298e+14  2.96108621e+35  1.33271000e+01  2.40529501e+00  1.28706000e+01  2.39734571e+00  4.51998871e-01  7.00394047e-03  3.82026663e-02  1.89451735e+01 
 9.71751314e+14  2.97444046e+35  1.33241000e+01  2.40756549e+00  1.28696000e+01  2.39965625e+00  4.52338945e-01  6.96286549e-03  3.80757640e-02  1.87722303e+01 
 9.73367330e+14  2.98779472e+35  1.33221000e+01  2.40981885e+00  1.28686000e+01  2.40195037e+00  4.52609545e-01  6.92124997e-03  3.79355671e-02  1.86018622e+01 
 9.74983346e+14  3.00121233e+35  1.33201000e+01  2.41206581e+00  1.28666000e+01  2.40414737e+00  4.52879170e-01  6.95890770e-03  3.77956133e-02  1.84332299e+01 
 9.76599362e+14  3.01465765e+35  1.33171000e+01  2.41430043e+00  1.28656000e+01  2.40642517e+00  4.53215541e-01  6.91535343e-03  3.76704947e-02  1.82667568e+01 
 9.78215378e+14  3.02810297e+35  1.33151000e+01  2.41651821e+00  1.28646000e+01  2.40868679e+00  4.53482302e-01  6.87130255e-03  3.75322118e-02  1.81027411e+01 
 9.79831394e+14  3.04158972e+35  1.33131000e+01  2.41872606e+00  1.28636000e+01  2.41093956e+00  4.53747888e-01  6.82641848e-03  3.73944423e-02  1.79406427e+01 
 9.81447409e+14  3.05512602e+35  1.33101000e+01  2.42092532e+00  1.28616000e+01  2.41309291e+00  4.54080616e-01  6.86067464e-03  3.72710877e-02  1.77803405e+01 
 9.83063425e+14  3.06866232e+35  1.33081000e+01  2.42310803e+00  1.28606000e+01  2.41532245e+00  4.54343601e-01  6.81428750e-03  3.71346973e-02  1.76223842e+01 
 9.84679441e+14  3.08221706e+35  1.33051000e+01  2.42527726e+00  1.28596000e+01  2.41753929e+00  4.54673568e-01  6.76735658e-03  3.70130024e-02  1.74665222e+01 
 9.86295457e+14  3.09584425e+35  1.33031000e+01  2.42744167e+00  1.28576000e+01  2.41966070e+00  4.54934361e-01  6.79913134e-03  3.68774816e-02  1.73121058e+01 
 9.87911473e+14  3.10947145e+35  1.33001000e+01  2.42958980e+00  1.28566000e+01  2.42185854e+00  4.55262097e-01  6.75052874e-03  3.67363734e-02  1.71504063e+01 
 9.89527489e+14  3.12309865e+35  1.32981000e+01  2.43172179e+00  1.28556000e+01  2.42404079e+00  4.55519905e-01  6.70154026e-03  3.66232048e-02  1.70099591e+01 
 9.91143505e+14  3.13681104e+35  1.32961000e+01  2.43385097e+00  1.28536000e+01  2.42612975e+00  4.55776961e-01  6.73097913e-03  3.64896131e-02  1.68612237e+01 
 9.92759521e+14  3.15052904e+35  1.32931000e+01  2.43596502e+00  1.28526000e+01  2.42829629e+00  4.56101201e-01  6.68023447e-03  3.63706226e-02  1.67145712e+01 
 9.94375537e+14  3.16424704e+35  1.32911000e+01  2.43806319e+00  1.28516000e+01  2.43044744e+00  4.56355381e-01  6.62914783e-03  3.62388807e-02  1.65700186e+01 
 9.95991553e+14  3.17802504e+35  1.32881000e+01  2.44015471e+00  1.28496000e+01  2.43250128e+00  4.56677342e-01  6.65652946e-03  3.61210113e-02  1.64269111e+01 
 9.97607569e+14  3.19183375e+35  1.32861000e+01  2.44223516e+00  1.28486000e+01  2.43463685e+00  4.56929404e-01  6.60373965e-03  3.59901186e-02  1.62855280e+01 
 9.99223585e+14  3.20564245e+35  1.32831000e+01  2.44430000e+00  1.28466000e+01  2.43666539e+00  4.57248870e-01  6.62997258e-03  3.58736937e-02  1.61461560e+01 
 1.00083960e+15  3.21948491e+35  1.32811000e+01  2.44635436e+00  1.28456000e+01  2.43877642e+00  4.57498364e-01  6.57602543e-03  3.57442916e-02  1.60084203e+01 
 1.00245562e+15  3.23338423e+35  1.32791000e+01  2.44840169e+00  1.28446000e+01  2.44088143e+00  4.57746882e-01  6.52129590e-03  3.56152027e-02  1.58720731e+01 
 1.00407163e+15  3.24728354e+35  1.32761000e+01  2.45043367e+00  1.28426000e+01  2.44287984e+00  4.58062994e-01  6.54527935e-03  3.55004339e-02  1.57376492e+01 
 1.00568765e+15  3.26118930e+35  1.32741000e+01  2.45245137e+00  1.28416000e+01  2.44495634e+00  4.58308785e-01  6.48977426e-03  3.53731177e-02  1.56050484e+01 
 1.00730366e+15  3.27517912e+35  1.32711000e+01  2.45446606e+00  1.28396000e+01  2.44693943e+00  4.58622944e-01  6.51209489e-03  3.52590962e-02  1.54735159e+01 
 1.00891968e+15  3.28916893e+35  1.32691000e+01  2.45646566e+00  1.28386000e+01  2.44899979e+00  4.58866633e-01  6.45505320e-03  3.51326777e-02  1.53438196e+01 
 1.01053570e+15  3.30315875e+35  1.32661000e+01  2.45845029e+00  1.28366000e+01  2.45095379e+00  4.59178179e-01  6.47661719e-03  3.50203867e-02  1.52159297e+01 
 1.01215171e+15  3.31721704e+35  1.32641000e+01  2.46042971e+00  1.28356000e+01  2.45299570e+00  4.59419672e-01  6.41825492e-03  3.48950311e-02  1.50891957e+01 
 1.01376773e+15  3.33129726e+35  1.32611000e+01  2.46239739e+00  1.28336000e+01  2.45493470e+00  4.59729304e-01  6.43818711e-03  3.47834745e-02  1.49640235e+01 
 1.01538374e+15  3.34537747e+35  1.32591000e+01  2.46435035e+00  1.28326000e+01  2.45695132e+00  4.59968289e-01  6.37899710e-03  3.46596697e-02  1.48405767e+01 
 1.01699976e+15  3.35949662e+35  1.32561000e+01  2.46629408e+00  1.28306000e+01  2.45886772e+00  4.60275661e-01  6.39784123e-03  3.45493917e-02  1.47184930e+01 
 1.01861578e+15  3.37366712e+35  1.32541000e+01  2.46823029e+00  1.28296000e+01  2.46086947e+00  4.60512649e-01  6.33719416e-03  3.44263976e-02  1.45976447e+01 
 1.02023179e+15  3.38783762e+35  1.32511000e+01  2.47015204e+00  1.28276000e+01  2.46276536e+00  4.60817877e-01  6.35484535e-03  3.43172531e-02  1.44784520e+01 
 1.02184781e+15  3.40201646e+35  1.32491000e+01  2.47206056e+00  1.28266000e+01  2.46474033e+00  4.61052333e-01  6.29360363e-03  3.41959189e-02  1.43608128e+01 
 1.02346382e+15  3.41627713e+35  1.32461000e+01  2.47396577e+00  1.28246000e+01  2.46662157e+00  4.61355699e-01  6.30968585e-03  3.40874947e-02  1.42441055e+01 
 1.02507984e+15  3.43053780e+35  1.32441000e+01  2.47585675e+00  1.28236000e+01  2.46858068e+00  4.61588146e-01  6.24717301e-03  3.39670440e-02  1.41289805e+01 
 1.02669586e+15  3.44479847e+35  1.32411000e+01  2.47773362e+00  1.28216000e+01  2.47043445e+00  4.61889080e-01  6.26259145e-03  3.38602574e-02  1.40154128e+01 
 1.02831187e+15  3.45912588e+35  1.32391000e+01  2.47960522e+00  1.28206000e+01  2.47237563e+00  4.62119439e-01  6.19900890e-03  3.37408380e-02  1.39028503e+01 
 1.02992789e+15  3.47347660e+35  1.32361000e+01  2.48146587e+00  1.28186000e+01  2.47421503e+00  4.62418551e-01  6.21290743e-03  3.36347593e-02  1.37916227e+01 
 1.03154390e+15  3.48782732e+35  1.32341000e+01  2.48331267e+00  1.28176000e+01  2.47613232e+00  4.62646573e-01  6.14871440e-03  3.35167962e-02  1.36818844e+01 
 1.03315992e+15  3.50221194e+35  1.32311000e+01  2.48515002e+00  1.28156000e+01  2.47794961e+00  4.62943535e-01  6.16168800e-03  3.34119809e-02  1.35733581e+01 
 1.03477594e+15  3.51665259e+35  1.32291000e+01  2.48698081e+00  1.28136000e+01  2.47976116e+00  4.63169655e-01  6.17391173e-03  3.32947975e-02  1.34658598e+01 
 1.03639195e+15  3.53109324e+35  1.32261000e+01  2.48879794e+00  1.28126000e+01  2.48165097e+00  4.63464628e-01  6.10811975e-03  3.31910130e-02  1.33597922e+01 
