# rhoc (cgs) 	 Pc (cgs) 	 R (km) 	 M (msol) 	 R_core (km) 	 M_core (msol) 	 I/(MR^2) 	 I_crust/(M_crust R_crust^2)/(I/(MR^2)) 	 k_2 	 Lambda 
 2.30000000e+14  2.92934639e+33  1.76171000e+01  1.60116429e-01  6.98060000e+00  1.17504094e-01  8.00556792e-02  4.57933614e-01  1.06464790e-02  1.63029800e+07 
 2.31091018e+14  2.97157076e+33  1.74791000e+01  1.61814421e-01  7.00860000e+00  1.19292117e-01  8.15892704e-02  4.53002554e-01  1.11320185e-02  1.55471759e+07 
 2.32182035e+14  3.01379514e+33  1.73471000e+01  1.63507085e-01  7.03560000e+00  1.21054776e-01  8.31038511e-02  4.48335648e-01  1.16233972e-02  1.48372356e+07 
 2.33273053e+14  3.05601951e+33  1.72211000e+01  1.65194174e-01  7.06260000e+00  1.22825913e-01  8.45959635e-02  4.43645496e-01  1.21189468e-02  1.41698112e+07 
 2.34364071e+14  3.09824388e+33  1.71001000e+01  1.66875459e-01  7.08960000e+00  1.24605375e-01  8.60721561e-02  4.38931201e-01  1.26205502e-02  1.35418361e+07 
 2.35455089e+14  3.14046826e+33  1.69841000e+01  1.68550725e-01  7.11560000e+00  1.26357672e-01  8.75295853e-02  4.34481588e-01  1.31267898e-02  1.29504982e+07 
 2.36546106e+14  3.18450177e+33  1.68681000e+01  1.70291538e-01  7.14260000e+00  1.28189179e-01  8.90301833e-02  4.29849020e-01  1.36594659e-02  1.23699401e+07 
 2.37637124e+14  3.22985981e+33  1.67541000e+01  1.72079522e-01  7.16960000e+00  1.30055929e-01  9.05505505e-02  4.25289030e-01  1.42108372e-02  1.18072187e+07 
 2.38728142e+14  3.27521785e+33  1.66441000e+01  1.73862145e-01  7.19660000e+00  1.31931534e-01  9.20591654e-02  4.20705118e-01  1.47699057e-02  1.12777514e+07 
 2.39819159e+14  3.32057589e+33  1.65391000e+01  1.75639148e-01  7.22260000e+00  1.33779374e-01  9.35423949e-02  4.16388288e-01  1.53308234e-02  1.07792020e+07 
 2.40910177e+14  3.36593393e+33  1.64381000e+01  1.77410293e-01  7.24860000e+00  1.35635153e-01  9.50086855e-02  4.12047252e-01  1.58965091e-02  1.03094184e+07 
 2.42001195e+14  3.41129197e+33  1.63411000e+01  1.79175355e-01  7.27460000e+00  1.37498706e-01  9.64556328e-02  4.07681406e-01  1.64655421e-02  9.86641729e+06 
 2.43092213e+14  3.45665001e+33  1.62481000e+01  1.80934127e-01  7.29960000e+00  1.39332680e-01  9.78808035e-02  4.03582898e-01  1.70364096e-02  9.44837072e+06 
 2.44183230e+14  3.50200805e+33  1.61581000e+01  1.82686417e-01  7.32460000e+00  1.41173611e-01  9.92940368e-02  3.99459262e-01  1.76129629e-02  9.05359304e+06 
 2.45274248e+14  3.54957235e+33  1.60681000e+01  1.84517310e-01  7.35060000e+00  1.43103522e-01  1.00746899e-01  3.95171950e-01  1.82160014e-02  8.66280408e+06 
 2.46365266e+14  3.59816982e+33  1.59791000e+01  1.86382314e-01  7.37660000e+00  1.45062388e-01  1.02219333e-01  3.90932277e-01  1.88383587e-02  8.28608763e+06 
 2.47456283e+14  3.64676728e+33  1.58941000e+01  1.88241450e-01  7.40160000e+00  1.46991116e-01  1.03664676e-01  3.86961373e-01  1.94596919e-02  7.93063108e+06 
 2.48547301e+14  3.69536474e+33  1.58121000e+01  1.90094481e-01  7.42660000e+00  1.48927228e-01  1.05093634e-01  3.82965552e-01  2.00844508e-02  7.59501361e+06 
 2.49638319e+14  3.74396221e+33  1.57331000e+01  1.91941190e-01  7.45160000e+00  1.50870546e-01  1.06504347e-01  3.78944476e-01  2.07113436e-02  7.27791950e+06 
 2.50729337e+14  3.79255967e+33  1.56561000e+01  1.93781375e-01  7.47560000e+00  1.52781899e-01  1.07908723e-01  3.75192196e-01  2.13458268e-02  6.97813120e+06 
 2.51820354e+14  3.84115713e+33  1.55831000e+01  1.95614845e-01  7.49960000e+00  1.54699636e-01  1.09277543e-01  3.71414349e-01  2.19730771e-02  6.69452087e+06 
 2.52911372e+14  3.88975460e+33  1.55121000e+01  1.97441425e-01  7.52260000e+00  1.56584110e-01  1.10636719e-01  3.67905234e-01  2.26054814e-02  6.42604460e+06 
 2.54002390e+14  3.94091771e+33  1.54411000e+01  1.99357464e-01  7.54760000e+00  1.58605716e-01  1.12033035e-01  3.63952642e-01  2.32640264e-02  6.15859919e+06 
 2.55093407e+14  3.99283997e+33  1.53711000e+01  2.01295834e-01  7.57160000e+00  1.60610102e-01  1.13439216e-01  3.60320029e-01  2.39372493e-02  5.90192147e+06 
 2.56184425e+14  4.04476223e+33  1.53031000e+01  2.03227879e-01  7.59660000e+00  1.62661585e-01  1.14834255e-01  3.56367149e-01  2.46150498e-02  5.65913117e+06 
 2.57275443e+14  4.09668449e+33  1.52381000e+01  2.05153384e-01  7.61960000e+00  1.64639147e-01  1.16201670e-01  3.52978243e-01  2.52882013e-02  5.42933944e+06 
 2.58366461e+14  4.14860675e+33  1.51751000e+01  2.07072150e-01  7.64360000e+00  1.66663444e-01  1.17554978e-01  3.49268805e-01  2.59635098e-02  5.21172066e+06 
 2.59457478e+14  4.20052901e+33  1.51141000e+01  2.08983991e-01  7.66660000e+00  1.68653012e-01  1.18892928e-01  3.45828335e-01  2.66399492e-02  5.00550769e+06 
 2.60548496e+14  4.25245127e+33  1.50561000e+01  2.10888737e-01  7.68960000e+00  1.70648232e-01  1.20198291e-01  3.42361887e-01  2.73073812e-02  4.80998758e+06 
 2.61639514e+14  4.30437353e+33  1.49991000e+01  2.12786228e-01  7.71160000e+00  1.72607454e-01  1.21501510e-01  3.39164137e-01  2.79825833e-02  4.62449817e+06 
 2.62730531e+14  4.35917596e+33  1.49411000e+01  2.14781684e-01  7.73460000e+00  1.74671868e-01  1.22856528e-01  3.35826812e-01  2.86929946e-02  4.43885443e+06 
 2.63821549e+14  4.41449196e+33  1.48851000e+01  2.16789320e-01  7.75860000e+00  1.76794895e-01  1.24196894e-01  3.32201367e-01  2.94036272e-02  4.26126610e+06 
 2.64912567e+14  4.46980795e+33  1.48311000e+01  2.18790213e-01  7.78060000e+00  1.78839939e-01  1.25517511e-01  3.29139205e-01  3.01117857e-02  4.09291051e+06 
 2.66003585e+14  4.52512394e+33  1.47791000e+01  2.20784167e-01  7.80360000e+00  1.80932866e-01  1.26817089e-01  3.25756584e-01  3.08162332e-02  3.93322006e+06 
 2.67094602e+14  4.58043994e+33  1.47281000e+01  2.22771001e-01  7.82560000e+00  1.82988732e-01  1.28111738e-01  3.22642404e-01  3.15264030e-02  3.78166580e+06 
 2.68185620e+14  4.63575593e+33  1.46791000e+01  2.24750544e-01  7.84760000e+00  1.85049659e-01  1.29383228e-01  3.19502115e-01  3.22308404e-02  3.63775459e+06 
 2.69276638e+14  4.69107192e+33  1.46321000e+01  2.26722640e-01  7.86960000e+00  1.87115502e-01  1.30630270e-01  3.16335752e-01  3.29282178e-02  3.50102697e+06 
 2.70367655e+14  4.74638792e+33  1.45861000e+01  2.28687143e-01  7.89060000e+00  1.89142656e-01  1.31869663e-01  3.13437147e-01  3.36287125e-02  3.37105474e+06 
 2.71458673e+14  4.80484701e+33  1.45391000e+01  2.30755687e-01  7.91360000e+00  1.91325254e-01  1.33161041e-01  3.10109847e-01  3.43656529e-02  3.24054855e+06 
 2.72549691e+14  4.86361087e+33  1.44931000e+01  2.32828089e-01  7.93560000e+00  1.93475988e-01  1.34447184e-01  3.07068152e-01  3.51071452e-02  3.11597147e+06 
 2.73640709e+14  4.92237472e+33  1.44491000e+01  2.34893363e-01  7.95760000e+00  1.95631979e-01  1.35706438e-01  3.04000561e-01  3.58392540e-02  2.99762704e+06 
 2.74731726e+14  4.98113858e+33  1.44071000e+01  2.36951330e-01  7.97860000e+00  1.97748620e-01  1.36937501e-01  3.01200122e-01  3.65605205e-02  2.88514636e+06 
 2.75822744e+14  5.03990243e+33  1.43661000e+01  2.39001820e-01  7.99960000e+00  1.99869720e-01  1.38158311e-01  2.98373470e-01  3.72824427e-02  2.77818477e+06 
 2.76913762e+14  5.09866629e+33  1.43261000e+01  2.41044682e-01  8.02060000e+00  2.01995127e-01  1.39368257e-01  2.95520822e-01  3.80043913e-02  2.67642007e+06 
 2.78004779e+14  5.15743014e+33  1.42871000e+01  2.43079775e-01  8.04160000e+00  2.04124701e-01  1.40566721e-01  2.92642313e-01  3.87257177e-02  2.57955119e+06 
 2.79095797e+14  5.21619400e+33  1.42501000e+01  2.45106959e-01  8.06160000e+00  2.06212953e-01  1.41733183e-01  2.90029881e-01  3.94319142e-02  2.48729667e+06 
 2.80186815e+14  5.23348005e+33  1.42391000e+01  2.45699081e-01  8.06760000e+00  2.06831672e-01  1.42079337e-01  2.89217933e-01  3.96431688e-02  2.46111427e+06 
 2.81277832e+14  5.24903875e+33  1.42291000e+01  2.46225437e-01  8.07260000e+00  2.07367228e-01  1.42391970e-01  2.88591854e-01  3.98348652e-02  2.43811565e+06 
 2.82368850e+14  5.26459745e+33  1.42201000e+01  2.46745591e-01  8.07760000e+00  2.07899860e-01  1.42683613e-01  2.87954040e-01  4.00126085e-02  2.41563598e+06 
 2.83459868e+14  5.30771387e+33  1.41951000e+01  2.48173164e-01  8.09260000e+00  2.09423669e-01  1.43491674e-01  2.85821662e-01  4.05077527e-02  2.35518334e+06 
 2.84550886e+14  5.35399584e+33  1.41681000e+01  2.49696766e-01  8.10660000e+00  2.10963617e-01  1.44363804e-01  2.84118694e-01  4.10463295e-02  2.29264168e+06 
 2.85641903e+14  5.40027781e+33  1.41421000e+01  2.51211334e-01  8.12160000e+00  2.12549413e-01  1.45217135e-01  2.82098084e-01  4.15753509e-02  2.23242909e+06 
 2.86732921e+14  5.44705678e+33  1.41171000e+01  2.52733101e-01  8.13660000e+00  2.14144883e-01  1.46054733e-01  2.80076913e-01  4.20958899e-02  2.17382659e+06 
 2.87823939e+14  5.49403689e+33  1.40921000e+01  2.54252506e-01  8.15060000e+00  2.15697949e-01  1.46895013e-01  2.78331291e-01  4.26215736e-02  2.11714319e+06 
 2.88914956e+14  5.54101700e+33  1.40671000e+01  2.55763029e-01  8.16560000e+00  2.17297279e-01  1.47736646e-01  2.76270067e-01  4.31518214e-02  2.06253608e+06 
 2.90005974e+14  5.58836457e+33  1.40431000e+01  2.57276462e-01  8.17960000e+00  2.18856965e-01  1.48560990e-01  2.74492428e-01  4.36723063e-02  2.00950538e+06 
 2.91096992e+14  5.63604455e+33  1.40201000e+01  2.58791765e-01  8.19360000e+00  2.20422760e-01  1.49367392e-01  2.72706258e-01  4.41823446e-02  1.95803492e+06 
 2.92188010e+14  5.68372453e+33  1.39971000e+01  2.60298347e-01  8.20760000e+00  2.21988285e-01  1.50174662e-01  2.70895818e-01  4.46962719e-02  1.90841559e+06 
 2.93279027e+14  5.73164049e+33  1.39741000e+01  2.61803650e-01  8.22160000e+00  2.23557997e-01  1.50984382e-01  2.69072443e-01  4.52148642e-02  1.86033160e+06 
 2.94370045e+14  5.78002206e+33  1.39521000e+01  2.63314956e-01  8.23560000e+00  2.25136307e-01  1.51776327e-01  2.67246951e-01  4.57224939e-02  1.81350414e+06 
 2.95461063e+14  5.82840362e+33  1.39301000e+01  2.64817698e-01  8.24960000e+00  2.26714366e-01  1.52568944e-01  2.65398043e-01  4.62337283e-02  1.76833050e+06 
 2.96552080e+14  5.87688775e+33  1.39081000e+01  2.66315068e-01  8.26260000e+00  2.28246418e-01  1.53362923e-01  2.63819400e-01  4.67489188e-02  1.72464723e+06 
 2.97643098e+14  5.92597257e+33  1.38871000e+01  2.67822484e-01  8.27660000e+00  2.29837043e-01  1.54139262e-01  2.61955729e-01  4.72525997e-02  1.68196412e+06 
 2.98734116e+14  5.97505739e+33  1.38661000e+01  2.69321485e-01  8.28960000e+00  2.31379474e-01  1.54916073e-01  2.60357644e-01  4.77595851e-02  1.64076190e+06 
 2.99825134e+14  6.02414221e+33  1.38461000e+01  2.70812097e-01  8.30260000e+00  2.32921342e-01  1.55670894e-01  2.58736762e-01  4.82524777e-02  1.60097673e+06 
 3.00916151e+14  6.07389917e+33  1.38261000e+01  2.72314726e-01  8.31560000e+00  2.34475208e-01  1.56430132e-01  2.57122244e-01  4.87503233e-02  1.56202762e+06 
 3.02007169e+14  6.12368890e+33  1.38061000e+01  2.73810074e-01  8.32860000e+00  2.36029173e-01  1.57189842e-01  2.55486777e-01  4.92512554e-02  1.52438143e+06 
 3.03098187e+14  6.17347863e+33  1.37871000e+01  2.75297174e-01  8.34160000e+00  2.37582598e-01  1.57926936e-01  2.53829308e-01  4.97371655e-02  1.48800801e+06 
 3.04189204e+14  6.22380487e+33  1.37681000e+01  2.76792031e-01  8.35460000e+00  2.39145410e-01  1.58667318e-01  2.52172285e-01  5.02272679e-02  1.45247973e+06 
 3.05280222e+14  6.27430113e+33  1.37491000e+01  2.78283805e-01  8.36660000e+00  2.40662004e-01  1.59408794e-01  2.50787278e-01  5.07205286e-02  1.41802483e+06 
 3.06371240e+14  6.32479738e+33  1.37311000e+01  2.79767472e-01  8.37960000e+00  2.42226797e-01  1.60127044e-01  2.49094206e-01  5.11978394e-02  1.38471555e+06 
 3.07462258e+14  6.37569259e+33  1.37131000e+01  2.81254723e-01  8.39160000e+00  2.43749207e-01  1.60847490e-01  2.47682099e-01  5.16785901e-02  1.35225355e+06 
 3.08553275e+14  6.42689697e+33  1.36951000e+01  2.82743000e-01  8.40460000e+00  2.45325823e-01  1.61569626e-01  2.45975139e-01  5.21625513e-02  1.32066886e+06 
 3.09644293e+14  6.47810136e+33  1.36781000e+01  2.84223296e-01  8.41660000e+00  2.46852480e-01  1.62267931e-01  2.44533161e-01  5.26296340e-02  1.29011744e+06 
 3.10735311e+14  6.52956517e+33  1.36601000e+01  2.85703095e-01  8.42860000e+00  2.48383029e-01  1.62991247e-01  2.43080462e-01  5.31188613e-02  1.26040990e+06 
 3.11826328e+14  6.58147926e+33  1.36431000e+01  2.87187942e-01  8.44060000e+00  2.49920995e-01  1.63693088e-01  2.41624366e-01  5.35920874e-02  1.23141194e+06 
 3.12917346e+14  6.63339334e+33  1.36271000e+01  2.88664931e-01  8.45260000e+00  2.51458181e-01  1.64370508e-01  2.40147930e-01  5.40475110e-02  1.20334778e+06 
 3.14008364e+14  6.68542541e+33  1.36101000e+01  2.90137422e-01  8.46460000e+00  2.52996688e-01  1.65072317e-01  2.38655858e-01  5.45249434e-02  1.17611947e+06 
 3.15099382e+14  6.73805074e+33  1.35941000e+01  2.91618897e-01  8.47660000e+00  2.54545118e-01  1.65752793e-01  2.37165769e-01  5.49857961e-02  1.14945742e+06 
 3.16190399e+14  6.79067607e+33  1.35781000e+01  2.93092634e-01  8.48860000e+00  2.56092774e-01  1.66432790e-01  2.35656087e-01  5.54483516e-02  1.12364083e+06 
 3.17281417e+14  6.84330141e+33  1.35621000e+01  2.94558661e-01  8.49960000e+00  2.57589191e-01  1.67112337e-01  2.34410700e-01  5.59126342e-02  1.09863659e+06 
 3.18372435e+14  6.89661410e+33  1.35471000e+01  2.96036112e-01  8.51160000e+00  2.59147417e-01  1.67770397e-01  2.32886706e-01  5.63596144e-02  1.07409976e+06 
 3.19463452e+14  6.94995220e+33  1.35321000e+01  2.97506649e-01  8.52260000e+00  2.60654624e-01  1.68427933e-01  2.31627672e-01  5.68080344e-02  1.05031786e+06 
 3.20554470e+14  7.00329031e+33  1.35171000e+01  2.98969589e-01  8.53360000e+00  2.62160764e-01  1.69084836e-01  2.30349504e-01  5.72578489e-02  1.02727322e+06 
 3.21645488e+14  7.05717194e+33  1.35021000e+01  3.00439814e-01  8.54560000e+00  2.63726457e-01  1.69743984e-01  2.28788559e-01  5.77104215e-02  1.00471249e+06 
 3.22736506e+14  7.11122431e+33  1.34871000e+01  3.01907194e-01  8.55660000e+00  2.65243305e-01  1.70403438e-01  2.27497290e-01  5.81648412e-02  9.82775912e+05 
 3.23827523e+14  7.16527668e+33  1.34731000e+01  3.03367089e-01  8.56760000e+00  2.66759096e-01  1.71036934e-01  2.26187550e-01  5.85989533e-02  9.61509507e+05 
 3.24918541e+14  7.21972679e+33  1.34591000e+01  3.04830211e-01  8.57860000e+00  2.68280809e-01  1.71671674e-01  2.24872628e-01  5.90351014e-02  9.40738162e+05 
 3.26009559e+14  7.27449491e+33  1.34451000e+01  3.06294474e-01  8.58960000e+00  2.69807084e-01  1.72307270e-01  2.23550024e-01  5.94731043e-02  9.20477894e+05 
 3.27100576e+14  7.32926303e+33  1.34311000e+01  3.07751358e-01  8.60060000e+00  2.71332313e-01  1.72942122e-01  2.22209591e-01  5.99122198e-02  9.00827875e+05 
 3.28191594e+14  7.38428114e+33  1.34181000e+01  3.09207491e-01  8.61060000e+00  2.72809059e-01  1.73551623e-01  2.21140093e-01  6.03305541e-02  8.81679583e+05 
 3.29282612e+14  7.43976645e+33  1.34041000e+01  3.10668673e-01  8.62160000e+00  2.74344553e-01  1.74188495e-01  2.19787044e-01  6.07734055e-02  8.62944638e+05 
 3.30373630e+14  7.49525177e+33  1.33911000e+01  3.12122577e-01  8.63260000e+00  2.75878998e-01  1.74798577e-01  2.18416812e-01  6.11945571e-02  8.44766184e+05 
 3.31464647e+14  7.55083737e+33  1.33781000e+01  3.13571831e-01  8.64260000e+00  2.77361961e-01  1.75408251e-01  2.17312397e-01  6.16167368e-02  8.27092442e+05 
 3.32555665e+14  7.60704131e+33  1.33651000e+01  3.15029963e-01  8.65360000e+00  2.78906580e-01  1.76020037e-01  2.15930050e-01  6.20411023e-02  8.09747535e+05 
 3.33646683e+14  7.66324525e+33  1.33521000e+01  3.16480919e-01  8.66360000e+00  2.80397765e-01  1.76630972e-01  2.14810210e-01  6.24662959e-02  7.92910845e+05 
 3.34737700e+14  7.71944919e+33  1.33401000e+01  3.17924710e-01  8.67360000e+00  2.81887627e-01  1.77214501e-01  2.13673468e-01  6.28687616e-02  7.76564071e+05 
 3.35828718e+14  7.77632179e+33  1.33281000e+01  3.19378506e-01  8.68360000e+00  2.83387631e-01  1.77800134e-01  2.12539634e-01  6.32731551e-02  7.60502518e+05 
 3.36919736e+14  7.83324576e+33  1.33151000e+01  3.20826536e-01  8.69360000e+00  2.84887225e-01  1.78411787e-01  2.11390767e-01  6.37020847e-02  7.44891082e+05 
 3.38010754e+14  7.89016973e+33  1.33031000e+01  3.22267498e-01  8.70360000e+00  2.86385502e-01  1.78995756e-01  2.10225602e-01  6.41077955e-02  7.29727921e+05 
 3.39101771e+14  7.94761014e+33  1.32911000e+01  3.23714447e-01  8.71360000e+00  2.87891239e-01  1.79581109e-01  2.09058899e-01  6.45151008e-02  7.14864908e+05 
 3.40192789e+14  8.00525553e+33  1.32801000e+01  3.25159570e-01  8.72360000e+00  2.89399167e-01  1.80139300e-01  2.07881995e-01  6.48989255e-02  7.00373828e+05 
 3.41283807e+14  8.06290091e+33  1.32681000e+01  3.26597722e-01  8.73360000e+00  2.90905780e-01  1.80723579e-01  2.06689424e-01  6.53075792e-02  6.86293503e+05 
 3.42374824e+14  8.12090854e+33  1.32571000e+01  3.28037914e-01  8.74360000e+00  2.92417165e-01  1.81281197e-01  2.05491197e-01  6.56927321e-02  6.72524576e+05 
 3.43465842e+14  8.17927670e+33  1.32451000e+01  3.29480154e-01  8.75360000e+00  2.93933327e-01  1.81866756e-01  2.04287407e-01  6.61037784e-02  6.59059417e+05 
 3.44556860e+14  8.23764487e+33  1.32341000e+01  3.30915511e-01  8.76260000e+00  2.95394563e-01  1.82423866e-01  2.03344550e-01  6.64902940e-02  6.45971070e+05 
 3.45647878e+14  8.29621911e+33  1.32231000e+01  3.32349036e-01  8.77260000e+00  2.96911393e-01  1.82980787e-01  2.02115826e-01  6.68774595e-02  6.33202239e+05 
 3.46738895e+14  8.35531139e+33  1.32121000e+01  3.33788409e-01  8.78160000e+00  2.98381737e-01  1.83538885e-01  2.01161283e-01  6.72658670e-02  6.20677677e+05 
 3.47829913e+14  8.41440367e+33  1.32021000e+01  3.35220981e-01  8.79160000e+00  2.99904480e-01  1.84068049e-01  1.99916432e-01  6.76289346e-02  6.08499259e+05 
 3.48920931e+14  8.47354390e+33  1.31911000e+01  3.36647929e-01  8.80060000e+00  3.01372609e-01  1.84624183e-01  1.98933291e-01  6.80178422e-02  5.96645757e+05 
 3.50011948e+14  8.53336162e+33  1.31811000e+01  3.38084445e-01  8.80960000e+00  3.02850412e-01  1.85154052e-01  1.97952346e-01  6.83823151e-02  5.84984700e+05 
 3.51102966e+14  8.59317933e+33  1.31701000e+01  3.39514246e-01  8.81860000e+00  3.04326663e-01  1.85710929e-01  1.96956779e-01  6.87728802e-02  5.73642006e+05 
 3.52193984e+14  8.65299704e+33  1.31601000e+01  3.40937351e-01  8.82760000e+00  3.05801341e-01  1.86238536e-01  1.95946805e-01  6.91375018e-02  5.62606953e+05 
 3.53285002e+14  8.71342935e+33  1.31501000e+01  3.42368363e-01  8.83760000e+00  3.07339078e-01  1.86767492e-01  1.94663867e-01  6.95031787e-02  5.51759972e+05 
 3.54376019e+14  8.77397380e+33  1.31401000e+01  3.43795401e-01  8.84660000e+00  3.08822697e-01  1.87295762e-01  1.93643401e-01  6.98690608e-02  5.41185714e+05 
 3.55467037e+14  8.83451824e+33  1.31301000e+01  3.45215826e-01  8.85560000e+00  3.10304740e-01  1.87822918e-01  1.92609070e-01  7.02349771e-02  5.30894845e+05 
 3.56558055e+14  8.89551651e+33  1.31201000e+01  3.46640259e-01  8.86360000e+00  3.11737751e-01  1.88350770e-01  1.91844244e-01  7.06016702e-02  5.20803724e+05 
 3.57649072e+14  8.95678896e+33  1.31111000e+01  3.48064542e-01  8.87260000e+00  3.13228419e-01  1.88849806e-01  1.90799235e-01  7.09417885e-02  5.10936870e+05 
 3.58740090e+14  9.01806142e+33  1.31011000e+01  3.49482291e-01  8.88160000e+00  3.14717508e-01  1.89376491e-01  1.89740873e-01  7.13088714e-02  5.01331371e+05 
 3.59831108e+14  9.07962494e+33  1.30921000e+01  3.50900216e-01  8.89060000e+00  3.16209715e-01  1.89874235e-01  1.88675805e-01  7.16491014e-02  4.91934767e+05 
 3.60922126e+14  9.14162666e+33  1.30821000e+01  3.52321750e-01  8.89860000e+00  3.17652159e-01  1.90401542e-01  1.87878899e-01  7.20172911e-02  4.82719910e+05 
 3.62013143e+14  9.20362838e+33  1.30731000e+01  3.53736830e-01  8.90760000e+00  3.19148196e-01  1.90898629e-01  1.86797427e-01  7.23578923e-02  4.73746275e+05 
 3.63104161e+14  9.26575643e+33  1.30641000e+01  3.55148318e-01  8.91560000e+00  3.20589170e-01  1.91394988e-01  1.85976685e-01  7.26984642e-02  4.64988577e+05 
 3.64195179e+14  9.32848865e+33  1.30551000e+01  3.56567105e-01  8.92460000e+00  3.22093637e-01  1.91892429e-01  1.84885387e-01  7.30397136e-02  4.56375244e+05 
 3.65286196e+14  9.39122087e+33  1.30461000e+01  3.57979505e-01  8.93260000e+00  3.23540826e-01  1.92388705e-01  1.84051750e-01  7.33807659e-02  4.47984845e+05 
 3.66377214e+14  9.45395310e+33  1.30371000e+01  3.59385536e-01  8.94160000e+00  3.25041999e-01  1.92883842e-01  1.82935508e-01  7.37216442e-02  4.39810309e+05 
 3.67468232e+14  9.51737666e+33  1.30281000e+01  3.60800675e-01  8.94960000e+00  3.26496670e-01  1.93380360e-01  1.82091032e-01  7.40632961e-02  4.31757736e+05 
 3.68559249e+14  9.58084060e+33  1.30201000e+01  3.62210401e-01  8.95760000e+00  3.27950189e-01  1.93846124e-01  1.81234784e-01  7.43762636e-02  4.23906180e+05 
 3.69650267e+14  9.64430454e+33  1.30111000e+01  3.63613830e-01  8.96560000e+00  3.29401889e-01  1.94340483e-01  1.80366203e-01  7.47175021e-02  4.16254395e+05 
 3.70741285e+14  9.70829235e+33  1.30031000e+01  3.65022522e-01  8.97360000e+00  3.30860034e-01  1.94805644e-01  1.79495869e-01  7.50304164e-02  4.08735110e+05 
 3.71832303e+14  9.77248920e+33  1.29941000e+01  3.66429578e-01  8.98160000e+00  3.32319685e-01  1.95300349e-01  1.78617591e-01  7.53721707e-02  4.01381930e+05 
 3.72923320e+14  9.83668606e+33  1.29861000e+01  3.67830403e-01  8.98960000e+00  3.33777523e-01  1.95763848e-01  1.77727334e-01  7.56846499e-02  3.94213765e+05 
 3.74014338e+14  9.90123731e+33  1.29781000e+01  3.69232712e-01  8.99760000e+00  3.35239078e-01  1.96227347e-01  1.76832137e-01  7.59971583e-02  3.87186730e+05 
 3.75105356e+14  9.96616826e+33  1.29701000e+01  3.70637088e-01  9.00560000e+00  3.36704771e-01  1.96690942e-01  1.75932560e-01  7.63097258e-02  3.80294914e+05 
 3.76196373e+14  1.00310992e+34  1.29621000e+01  3.72035305e-01  9.01360000e+00  3.38168649e-01  1.97153347e-01  1.75021452e-01  7.66219044e-02  3.73574640e+05 
 3.77287391e+14  1.00962131e+34  1.29541000e+01  3.73431293e-01  9.02160000e+00  3.39633530e-01  1.97615193e-01  1.74102414e-01  7.69339190e-02  3.67002414e+05 
 3.78378409e+14  1.01618793e+34  1.29461000e+01  3.74832992e-01  9.02960000e+00  3.41105163e-01  1.98077722e-01  1.73182393e-01  7.72461905e-02  3.60538118e+05 
 3.79469427e+14  1.02275455e+34  1.29381000e+01  3.76228597e-01  9.03660000e+00  3.42517968e-01  1.98539104e-01  1.72517393e-01  7.75580975e-02  3.54233011e+05 
 3.80560444e+14  1.02932212e+34  1.29301000e+01  3.77618319e-01  9.04460000e+00  3.43985997e-01  1.98999391e-01  1.71575159e-01  7.78696658e-02  3.48081416e+05 
 3.81651462e+14  1.03596238e+34  1.29231000e+01  3.79017333e-01  9.05160000e+00  3.45406169e-01  1.99430051e-01  1.70900679e-01  7.81514210e-02  3.42013640e+05 
 3.82742480e+14  1.04260264e+34  1.29151000e+01  3.80410315e-01  9.05960000e+00  3.46881641e-01  1.99890386e-01  1.69949582e-01  7.84629422e-02  3.36093733e+05 
 3.83833497e+14  1.04924290e+34  1.29081000e+01  3.81797285e-01  9.06660000e+00  3.48297866e-01  2.00318596e-01  1.69252917e-01  7.87436318e-02  3.30317247e+05 
 3.84924515e+14  1.05594031e+34  1.29001000e+01  3.83190153e-01  9.07460000e+00  3.49778281e-01  2.00778492e-01  1.68290430e-01  7.90549462e-02  3.24631839e+05 
 3.86015533e+14  1.06265433e+34  1.28931000e+01  3.84580513e-01  9.08160000e+00  3.51201807e-01  2.01206635e-01  1.67584843e-01  7.93353387e-02  3.19069612e+05 
 3.87106551e+14  1.06936834e+34  1.28851000e+01  3.85964918e-01  9.08960000e+00  3.52680987e-01  2.01664862e-01  1.66604432e-01  7.96460675e-02  3.13640781e+05 
 3.88197568e+14  1.07612188e+34  1.28781000e+01  3.87351493e-01  9.09660000e+00  3.54106526e-01  2.02091878e-01  1.65884245e-01  7.99258310e-02  3.08310515e+05 
 3.89288586e+14  1.08290975e+34  1.28711000e+01  3.88739218e-01  9.10360000e+00  3.55535229e-01  2.02518762e-01  1.65159306e-01  8.02053659e-02  3.03080744e+05 
 3.90379604e+14  1.08969762e+34  1.28641000e+01  3.90121049e-01  9.11060000e+00  3.56961910e-01  2.02944467e-01  1.64423900e-01  8.04843588e-02  2.97975108e+05 
 3.91470621e+14  1.09650719e+34  1.28571000e+01  3.91501392e-01  9.11760000e+00  3.58389800e-01  2.03369658e-01  1.63681721e-01  8.07630112e-02  2.92974240e+05 
 3.92561639e+14  1.10336904e+34  1.28501000e+01  3.92886472e-01  9.12560000e+00  3.59881641e-01  2.03795260e-01  1.62675265e-01  8.10415882e-02  2.88053718e+05 
 3.93652657e+14  1.11023088e+34  1.28431000e+01  3.94265722e-01  9.13260000e+00  3.61313409e-01  2.04219726e-01  1.61921550e-01  8.13196503e-02  2.83248815e+05 
 3.94743675e+14  1.11709639e+34  1.28361000e+01  3.95639880e-01  9.13960000e+00  3.62743672e-01  2.04643176e-01  1.61158508e-01  8.15972386e-02  2.78553738e+05 
 3.95834692e+14  1.12403231e+34  1.28291000e+01  3.97022305e-01  9.14660000e+00  3.64182369e-01  2.05067561e-01  1.60396572e-01  8.18748883e-02  2.73921119e+05 
 3.96925710e+14  1.13096823e+34  1.28231000e+01  3.98398963e-01  9.15260000e+00  3.65560547e-01  2.05458797e-01  1.59886193e-01  8.21200174e-02  2.69396259e+05 
 3.98016728e+14  1.13790415e+34  1.28161000e+01  3.99769856e-01  9.15960000e+00  3.66995076e-01  2.05880918e-01  1.59104696e-01  8.23965725e-02  2.64976126e+05 
 3.99107745e+14  1.14489970e+34  1.28091000e+01  4.01146753e-01  9.16660000e+00  3.68436349e-01  2.06303653e-01  1.58322675e-01  8.26730936e-02  2.60620902e+05 
 4.00198763e+14  1.15190980e+34  1.28031000e+01  4.02520806e-01  9.17360000e+00  3.69877734e-01  2.06693445e-01  1.57533461e-01  8.29168619e-02  2.56357043e+05 
 4.01289781e+14  1.15891990e+34  1.27961000e+01  4.03889152e-01  9.18060000e+00  3.71317074e-01  2.07114400e-01  1.56734993e-01  8.31924390e-02  2.52190906e+05 
 4.02380799e+14  1.16597131e+34  1.27901000e+01  4.05259829e-01  9.18660000e+00  3.72701473e-01  2.07503000e-01  1.56193103e-01  8.34352180e-02  2.48095964e+05 
 4.03471816e+14  1.17305570e+34  1.27841000e+01  4.06631268e-01  9.19360000e+00  3.74147492e-01  2.07891330e-01  1.55386932e-01  8.36775442e-02  2.44075534e+05 
 4.04562834e+14  1.18014008e+34  1.27771000e+01  4.07997054e-01  9.20060000e+00  3.75591455e-01  2.08311095e-01  1.54571867e-01  8.39520482e-02  2.40146361e+05 
 4.05653852e+14  1.18724725e+34  1.27711000e+01  4.09361567e-01  9.20660000e+00  3.76977492e-01  2.08697781e-01  1.54009980e-01  8.41932961e-02  2.36293669e+05 
 4.06744869e+14  1.19440603e+34  1.27651000e+01  4.10730375e-01  9.21360000e+00  3.78428041e-01  2.09084705e-01  1.53187498e-01  8.44342081e-02  2.32500457e+05 
 4.07835887e+14  1.20156480e+34  1.27591000e+01  4.12093589e-01  9.21960000e+00  3.79817210e-01  2.09470492e-01  1.52614609e-01  8.46744740e-02  2.28792509e+05 
 4.08926905e+14  1.20872763e+34  1.27521000e+01  4.13451984e-01  9.22660000e+00  3.81264138e-01  2.09888184e-01  1.51775323e-01  8.49474337e-02  2.25165469e+05 
 4.10017923e+14  1.21596089e+34  1.27461000e+01  4.14818149e-01  9.23260000e+00  3.82659641e-01  2.10273756e-01  1.51194688e-01  8.51869592e-02  2.21584490e+05 
 4.11108940e+14  1.22319416e+34  1.27401000e+01  4.16178776e-01  9.23860000e+00  3.84052913e-01  2.10658229e-01  1.50605223e-01  8.54258650e-02  2.18083247e+05 
 4.12199958e+14  1.23042742e+34  1.27341000e+01  4.17533872e-01  9.24560000e+00  3.85503627e-01  2.11041615e-01  1.49749924e-01  8.56641615e-02  2.14659574e+05 
 4.13290976e+14  1.23772040e+34  1.27281000e+01  4.18894607e-01  9.25160000e+00  3.86901037e-01  2.11425440e-01  1.49151035e-01  8.59021511e-02  2.11283929e+05 
 4.14381993e+14  1.24502825e+34  1.27231000e+01  4.20252634e-01  9.25760000e+00  3.88298342e-01  2.11775277e-01  1.48545491e-01  8.61057662e-02  2.07975941e+05 
 4.15473011e+14  1.25233610e+34  1.27171000e+01  4.21605185e-01  9.26360000e+00  3.89693413e-01  2.12157284e-01  1.47931505e-01  8.63425364e-02  2.04740565e+05 
 4.16564029e+14  1.25968464e+34  1.27111000e+01  4.22959765e-01  9.26960000e+00  3.91091995e-01  2.12539251e-01  1.47314234e-01  8.65789055e-02  2.01558385e+05 
 4.17655047e+14  1.26706717e+34  1.27051000e+01  4.24315177e-01  9.27660000e+00  3.92553238e-01  2.12921025e-01  1.46437344e-01  8.68148501e-02  1.98431221e+05 
 4.18746064e+14  1.27444970e+34  1.26991000e+01  4.25665162e-01  9.28260000e+00  3.93952255e-01  2.13301777e-01  1.45808135e-01  8.70502291e-02  1.95372070e+05 
 4.19837082e+14  1.28185370e+34  1.26941000e+01  4.27013637e-01  9.28860000e+00  3.95352035e-01  2.13648369e-01  1.45173446e-01  8.72507625e-02  1.92370495e+05 
 4.20928100e+14  1.28931101e+34  1.26881000e+01  4.28366421e-01  9.29460000e+00  3.96757061e-01  2.14028832e-01  1.44537191e-01  8.74852170e-02  1.89412624e+05 
 4.22019117e+14  1.29676832e+34  1.26831000e+01  4.29713827e-01  9.30060000e+00  3.98159854e-01  2.14374493e-01  1.43893013e-01  8.76845496e-02  1.86518493e+05 
 4.23110135e+14  1.30422766e+34  1.26771000e+01  4.31056232e-01  9.30660000e+00  3.99560681e-01  2.14752961e-01  1.43241301e-01  8.79178291e-02  1.83685670e+05 
 4.24201153e+14  1.31175984e+34  1.26721000e+01  4.32406374e-01  9.31160000e+00  4.00908861e-01  2.15098209e-01  1.42844148e-01  8.81160466e-02  1.80886395e+05 
 4.25292171e+14  1.31929202e+34  1.26661000e+01  4.33751189e-01  9.31760000e+00  4.02315279e-01  2.15476377e-01  1.42185224e-01  8.83484118e-02  1.78146911e+05 
 4.26383188e+14  1.32682420e+34  1.26611000e+01  4.35090680e-01  9.32360000e+00  4.03719449e-01  2.15819494e-01  1.41518748e-01  8.85452860e-02  1.75465652e+05 
 4.27474206e+14  1.33441375e+34  1.26551000e+01  4.36435048e-01  9.32960000e+00  4.05129274e-01  2.16197012e-01  1.40851352e-01  8.87766962e-02  1.72821260e+05 
 4.28565224e+14  1.34202090e+34  1.26501000e+01  4.37777257e-01  9.33560000e+00  4.06539289e-01  2.16539757e-01  1.40178544e-01  8.89724779e-02  1.70226778e+05 
 4.29656241e+14  1.34962804e+34  1.26451000e+01  4.39114191e-01  9.34060000e+00  4.07886145e-01  2.16881437e-01  1.39750786e-01  8.91675688e-02  1.67686957e+05 
 4.30747259e+14  1.35727282e+34  1.26401000e+01  4.40452452e-01  9.34660000e+00  4.09296748e-01  2.17222901e-01  1.39067224e-01  8.93620685e-02  1.65188185e+05 
 4.31838277e+14  1.36495501e+34  1.26341000e+01  4.41792036e-01  9.35260000e+00  4.10710210e-01  2.17598602e-01  1.38380715e-01  8.95914344e-02  1.62729768e+05 
 4.32929295e+14  1.37263721e+34  1.26291000e+01  4.43126392e-01  9.35760000e+00  4.12060296e-01  2.17938888e-01  1.37938604e-01  8.97847702e-02  1.60322687e+05 
 4.34020312e+14  1.38033710e+34  1.26241000e+01  4.44458595e-01  9.36360000e+00  4.13471597e-01  2.18278537e-01  1.37239609e-01  8.99774853e-02  1.57960251e+05 
 4.35111330e+14  1.38809444e+34  1.26191000e+01  4.45795544e-01  9.36860000e+00  4.14827143e-01  2.18618419e-01  1.36790772e-01  9.01696599e-02  1.55629565e+05 
 4.36202348e+14  1.39585178e+34  1.26141000e+01  4.47127298e-01  9.37460000e+00  4.16241673e-01  2.18957283e-01  1.36083792e-01  9.03611757e-02  1.53347137e+05 
 4.37293365e+14  1.40360912e+34  1.26091000e+01  4.48453904e-01  9.37960000e+00  4.17592500e-01  2.19295167e-01  1.35620621e-01  9.05520719e-02  1.51111728e+05 
 4.38384383e+14  1.41143925e+34  1.26041000e+01  4.49787772e-01  9.38560000e+00  4.19012230e-01  2.19633592e-01  1.34907440e-01  9.07424337e-02  1.48901743e+05 
 4.39475401e+14  1.41927182e+34  1.25991000e+01  4.51116925e-01  9.39060000e+00  4.20368459e-01  2.19971091e-01  1.34437794e-01  9.09321749e-02  1.46736436e+05 
 4.40566419e+14  1.42710439e+34  1.25941000e+01  4.52440959e-01  9.39560000e+00  4.21722300e-01  2.20307624e-01  1.33961069e-01  9.11213031e-02  1.44615358e+05 
 4.41657436e+14  1.43498949e+34  1.25891000e+01  4.53768738e-01  9.40160000e+00  4.23142449e-01  2.20644279e-01  1.33233349e-01  9.13098781e-02  1.42523573e+05 
 4.42748454e+14  1.44289738e+34  1.25841000e+01  4.55095270e-01  9.40660000e+00  4.24501604e-01  2.20980452e-01  1.32750460e-01  9.14978718e-02  1.40468377e+05 
 4.43839472e+14  1.45080526e+34  1.25791000e+01  4.56416716e-01  9.41160000e+00  4.25858370e-01  2.21315679e-01  1.32260694e-01  9.16852655e-02  1.38454815e+05 
 4.44930489e+14  1.45874522e+34  1.25751000e+01  4.57738441e-01  9.41760000e+00  4.27278883e-01  2.21615367e-01  1.31518929e-01  9.18355721e-02  1.36473906e+05 
 4.46021507e+14  1.46672851e+34  1.25701000e+01  4.59062335e-01  9.42260000e+00  4.28640887e-01  2.21950187e-01  1.31023233e-01  9.20217598e-02  1.34522296e+05 
 4.47112525e+14  1.47471179e+34  1.25651000e+01  4.60381182e-01  9.42760000e+00  4.30000495e-01  2.22284084e-01  1.30520907e-01  9.22073654e-02  1.32609893e+05 
 4.48203543e+14  1.48270650e+34  1.25601000e+01  4.61696891e-01  9.43260000e+00  4.31359197e-01  2.22617308e-01  1.30013160e-01  9.23924168e-02  1.30733065e+05 
 4.49294560e+14  1.49076527e+34  1.25561000e+01  4.63018122e-01  9.43760000e+00  4.32723906e-01  2.22915362e-01  1.29504745e-01  9.25400507e-02  1.28878952e+05 
 4.50385578e+14  1.49882403e+34  1.25511000e+01  4.64334353e-01  9.44260000e+00  4.34086221e-01  2.23247971e-01  1.28989951e-01  9.27238987e-02  1.27061780e+05 
 4.51476596e+14  1.50688280e+34  1.25471000e+01  4.65645610e-01  9.44760000e+00  4.35446130e-01  2.23544064e-01  1.28468908e-01  9.28701890e-02  1.25280634e+05 
 4.52567613e+14  1.51500770e+34  1.25421000e+01  4.66962634e-01  9.45260000e+00  4.36812231e-01  2.23876115e-01  1.27947473e-01  9.30528557e-02  1.23520412e+05 
 4.53658631e+14  1.52314203e+34  1.25371000e+01  4.68276241e-01  9.45760000e+00  4.38177171e-01  2.24207480e-01  1.27420686e-01  9.32349836e-02  1.21792939e+05 
 4.54749649e+14  1.53127636e+34  1.25331000e+01  4.69584906e-01  9.46260000e+00  4.39539712e-01  2.24502154e-01  1.26887799e-01  9.33793212e-02  1.20099437e+05 
 4.55840667e+14  1.53945584e+34  1.25281000e+01  4.70895879e-01  9.46760000e+00  4.40905665e-01  2.24832582e-01  1.26352748e-01  9.35602889e-02  1.18429948e+05 
 4.56931684e+14  1.54766582e+34  1.25241000e+01  4.72206839e-01  9.47260000e+00  4.42273157e-01  2.25126777e-01  1.25814317e-01  9.37033017e-02  1.16787011e+05 
 4.58022702e+14  1.55587580e+34  1.25191000e+01  4.73512896e-01  9.47760000e+00  4.43638248e-01  2.25456031e-01  1.25270027e-01  9.38831414e-02  1.15176129e+05 
 4.59113720e+14  1.56410974e+34  1.25151000e+01  4.74817861e-01  9.48260000e+00  4.45003997e-01  2.25748810e-01  1.24721877e-01  9.40248834e-02  1.13591953e+05 
 4.60204737e+14  1.57239544e+34  1.25111000e+01  4.76126149e-01  9.48660000e+00  4.46311125e-01  2.26041577e-01  1.24416605e-01  9.41659184e-02  1.12028735e+05 
 4.61295755e+14  1.58068114e+34  1.25061000e+01  4.77429587e-01  9.49160000e+00  4.47678641e-01  2.26369617e-01  1.23860972e-01  9.43440287e-02  1.10495765e+05 
 4.62386773e+14  1.58896943e+34  1.25021000e+01  4.78728573e-01  9.49660000e+00  4.49044077e-01  2.26660630e-01  1.23299907e-01  9.44838542e-02  1.08991863e+05 
 4.63477790e+14  1.59733093e+34  1.24981000e+01  4.80034176e-01  9.50160000e+00  4.50416385e-01  2.26952007e-01  1.22739060e-01  9.46229452e-02  1.07503853e+05 
 4.64568808e+14  1.60569243e+34  1.24931000e+01  4.81334968e-01  9.50560000e+00  4.51723210e-01  2.27278862e-01  1.22416070e-01  9.47993518e-02  1.06044406e+05 
 4.65659826e+14  1.61405393e+34  1.24891000e+01  4.82630949e-01  9.51060000e+00  4.53090665e-01  2.27568489e-01  1.21844033e-01  9.49372776e-02  1.04612849e+05 
 4.66750844e+14  1.62247232e+34  1.24851000e+01  4.83930924e-01  9.51560000e+00  4.54462856e-01  2.27858194e-01  1.21270985e-01  9.50744968e-02  1.03199041e+05 
 4.67841861e+14  1.63090969e+34  1.24811000e+01  4.85229052e-01  9.51960000e+00  4.55771770e-01  2.28147331e-01  1.20936536e-01  9.52110747e-02  1.01809003e+05 
 4.68932879e+14  1.63934707e+34  1.24761000e+01  4.86522414e-01  9.52460000e+00  4.57141494e-01  2.28472218e-01  1.20354119e-01  9.53852818e-02  1.00445323e+05 
 4.70023897e+14  1.64781962e+34  1.24721000e+01  4.87816386e-01  9.52860000e+00  4.58449802e-01  2.28760251e-01  1.20011028e-01  9.55206747e-02  9.91018495e+04 
 4.71114914e+14  1.65633295e+34  1.24681000e+01  4.89111839e-01  9.53360000e+00  4.59824124e-01  2.29048095e-01  1.19423593e-01  9.56553945e-02  9.77773708e+04 
 4.72205932e+14  1.66484627e+34  1.24641000e+01  4.90402562e-01  9.53760000e+00  4.61132539e-01  2.29335080e-01  1.19072464e-01  9.57895376e-02  9.64778080e+04 
 4.73296950e+14  1.67337286e+34  1.24601000e+01  4.91690560e-01  9.54260000e+00  4.62503635e-01  2.29621430e-01  1.18475635e-01  9.59230814e-02  9.52006223e+04 
 4.74387968e+14  1.68196222e+34  1.24561000e+01  4.92983329e-01  9.54660000e+00  4.63816459e-01  2.29907959e-01  1.18119157e-01  9.60559119e-02  9.39380941e+04 
 4.75478985e+14  1.69055157e+34  1.24521000e+01  4.94271391e-01  9.55160000e+00  4.65190446e-01  2.30193643e-01  1.17516664e-01  9.61881764e-02  9.26991389e+04 
 4.76570003e+14  1.69914092e+34  1.24481000e+01  4.95554770e-01  9.55560000e+00  4.66498298e-01  2.30478497e-01  1.17149599e-01  9.63198922e-02  9.14832121e+04 
 4.77661021e+14  1.70779752e+34  1.24441000e+01  4.96843507e-01  9.55960000e+00  4.67811849e-01  2.30763598e-01  1.16781911e-01  9.64508833e-02  9.02805007e+04 
 4.78752038e+14  1.71646296e+34  1.24401000e+01  4.98128904e-01  9.56460000e+00  4.69187849e-01  2.31048019e-01  1.16169730e-01  9.65813071e-02  8.90988509e+04 
 4.79843056e+14  1.72512841e+34  1.24361000e+01  4.99409650e-01  9.56860000e+00  4.70497530e-01  2.31331629e-01  1.15792360e-01  9.67111962e-02  8.79389982e+04 
 4.80934074e+14  1.73383887e+34  1.24321000e+01  5.00692390e-01  9.57260000e+00  4.71810139e-01  2.31615133e-01  1.15412901e-01  9.68404263e-02  8.67945778e+04 
 4.82025092e+14  1.74258048e+34  1.24281000e+01  5.01975099e-01  9.57760000e+00  4.73188063e-01  2.31898320e-01  1.14791404e-01  9.69690375e-02  8.56671442e+04 
 4.83116109e+14  1.75132209e+34  1.24241000e+01  5.03253194e-01  9.58160000e+00  4.74499509e-01  2.32180715e-01  1.14404046e-01  9.70971308e-02  8.45603493e+04 
 4.84207127e+14  1.76008627e+34  1.24201000e+01  5.04529966e-01  9.58560000e+00  4.75811149e-01  2.32462665e-01  1.14013152e-01  9.72246400e-02  8.34709501e+04 
 4.85298145e+14  1.76890412e+34  1.24161000e+01  5.05809973e-01  9.58960000e+00  4.77126728e-01  2.32744651e-01  1.13620828e-01  9.73514710e-02  8.23948304e+04 
 4.86389162e+14  1.77772197e+34  1.24131000e+01  5.07085398e-01  9.59360000e+00  4.78439798e-01  2.32988313e-01  1.13223574e-01  9.74385374e-02  8.13382606e+04 
 4.87480180e+14  1.78653982e+34  1.24091000e+01  5.08356260e-01  9.59760000e+00  4.79750358e-01  2.33268705e-01  1.12821515e-01  9.75643145e-02  8.03008085e+04 
 4.88571198e+14  1.79543389e+34  1.24051000e+01  5.09633525e-01  9.60260000e+00  4.81131884e-01  2.33549453e-01  1.12181927e-01  9.76893241e-02  7.92732906e+04 
 4.89662216e+14  1.80432804e+34  1.24011000e+01  5.10906274e-01  9.60660000e+00  4.82446601e-01  2.33829457e-01  1.11775304e-01  9.78138580e-02  7.82642878e+04 
 4.90753233e+14  1.81322219e+34  1.23981000e+01  5.12174475e-01  9.61060000e+00  4.83758804e-01  2.34070937e-01  1.11363946e-01  9.78984147e-02  7.72734064e+04 
 4.91844251e+14  1.82216979e+34  1.23941000e+01  5.13445757e-01  9.61460000e+00  4.85074818e-01  2.34350158e-01  1.10951189e-01  9.80217303e-02  7.62944376e+04 
 4.92935269e+14  1.83114031e+34  1.23901000e+01  5.14715799e-01  9.61860000e+00  4.86391044e-01  2.34628976e-01  1.10535230e-01  9.81444930e-02  7.53305052e+04 
 4.94026286e+14  1.84011083e+34  1.23861000e+01  5.15981341e-01  9.62260000e+00  4.87704763e-01  2.34907065e-01  1.10114738e-01  9.82667965e-02  7.43837557e+04 
 4.95117304e+14  1.84911181e+34  1.23831000e+01  5.17246674e-01  9.62660000e+00  4.89019542e-01  2.35146871e-01  1.09691514e-01  9.83487995e-02  7.34506781e+04 
 4.96208322e+14  1.85815877e+34  1.23791000e+01  5.18513994e-01  9.63060000e+00  4.90337214e-01  2.35424533e-01  1.09266517e-01  9.84698232e-02  7.25294664e+04 
 4.97299340e+14  1.86720573e+34  1.23751000e+01  5.19776852e-01  9.63360000e+00  4.91587579e-01  2.35701485e-01  1.09072461e-01  9.85904039e-02  7.16245552e+04 
 4.98390357e+14  1.87625997e+34  1.23721000e+01  5.21036266e-01  9.63760000e+00  4.92901037e-01  2.35939685e-01  1.08638874e-01  9.86706304e-02  7.07348809e+04 
 4.99481375e+14  1.88538343e+34  1.23681000e+01  5.22300855e-01  9.64160000e+00  4.94220047e-01  2.36216222e-01  1.08204865e-01  9.87899484e-02  6.98541795e+04 
 5.00572393e+14  1.89450689e+34  1.23651000e+01  5.23561006e-01  9.64560000e+00  4.95536563e-01  2.36453806e-01  1.07766538e-01  9.88688407e-02  6.89889473e+04 
 5.01663410e+14  1.90363035e+34  1.23611000e+01  5.24816744e-01  9.64960000e+00  4.96850577e-01  2.36728908e-01  1.07324058e-01  9.89872492e-02  6.81388533e+04 
 5.02754428e+14  1.91281426e+34  1.23571000e+01  5.26076373e-01  9.65360000e+00  4.98169057e-01  2.37004133e-01  1.06880692e-01  9.91049646e-02  6.72980701e+04 
 5.03845446e+14  1.92201428e+34  1.23541000e+01  5.27333805e-01  9.65660000e+00  4.99421786e-01  2.37240471e-01  1.06667800e-01  9.91820288e-02  6.64704878e+04 
 5.04936464e+14  1.93121431e+34  1.23501000e+01  5.28586867e-01  9.66060000e+00  5.00737081e-01  2.37514511e-01  1.06216884e-01  9.92987939e-02  6.56572792e+04 
 5.06027481e+14  1.94045125e+34  1.23471000e+01  5.29840544e-01  9.66460000e+00  5.02054096e-01  2.37749835e-01  1.05763797e-01  9.93747158e-02  6.48549555e+04 
 5.07118499e+14  1.94972790e+34  1.23431000e+01  5.31095253e-01  9.66860000e+00  5.03373159e-01  2.38023483e-01  1.05308822e-01  9.94902458e-02  6.40631106e+04 
 5.08209517e+14  1.95900455e+34  1.23401000e+01  5.32345611e-01  9.67160000e+00  5.04624419e-01  2.38257855e-01  1.05082659e-01  9.95650324e-02  6.32849183e+04 
 5.09300534e+14  1.96829440e+34  1.23361000e+01  5.33593383e-01  9.67560000e+00  5.05939932e-01  2.38530309e-01  1.04620268e-01  9.96796584e-02  6.25190186e+04 
 5.10391552e+14  1.97764773e+34  1.23331000e+01  5.34845339e-01  9.67960000e+00  5.07260152e-01  2.38764194e-01  1.04157185e-01  9.97531259e-02  6.17611083e+04 
 5.11482570e+14  1.98700107e+34  1.23301000e+01  5.36092978e-01  9.68260000e+00  5.08512428e-01  2.38997341e-01  1.03922293e-01  9.98261204e-02  6.10161743e+04 
 5.12573588e+14  1.99635441e+34  1.23261000e+01  5.37336301e-01  9.68660000e+00  5.09827615e-01  2.39268576e-01  1.03451420e-01  9.99391804e-02  6.02839483e+04 
 5.13664605e+14  2.00577375e+34  1.23231000e+01  5.38584075e-01  9.68960000e+00  5.11082168e-01  2.39501118e-01  1.03211513e-01  1.00010933e-01  5.95591079e+04 
 5.14755623e+14  2.01520384e+34  1.23191000e+01  5.39828981e-01  9.69360000e+00  5.12400964e-01  2.39771993e-01  1.02736661e-01  1.00122798e-01  5.88457742e+04 
 5.15846641e+14  2.02463392e+34  1.23161000e+01  5.41069603e-01  9.69660000e+00  5.13651599e-01  2.40003268e-01  1.02489201e-01  1.00193618e-01  5.81445198e+04 
 5.16937658e+14  2.03410594e+34  1.23131000e+01  5.42311452e-01  9.70060000e+00  5.14970041e-01  2.40234335e-01  1.02008796e-01  1.00263762e-01  5.74520498e+04 
 5.18028676e+14  2.04361282e+34  1.23091000e+01  5.43553611e-01  9.70360000e+00  5.16224117e-01  2.40504187e-01  1.01757038e-01  1.00374032e-01  5.67687489e+04 
 5.19119694e+14  2.05311971e+34  1.23061000e+01  5.44791515e-01  9.70760000e+00  5.17541429e-01  2.40734302e-01  1.01270901e-01  1.00443134e-01  5.60969386e+04 
 5.20210712e+14  2.06264426e+34  1.23031000e+01  5.46027471e-01  9.71060000e+00  5.18792343e-01  2.40963929e-01  1.01012173e-01  1.00511709e-01  5.54351644e+04 
 5.21301729e+14  2.07222801e+34  1.22991000e+01  5.47266871e-01  9.71460000e+00  5.20113130e-01  2.41232785e-01  1.00522372e-01  1.00620415e-01  5.47804193e+04 
 5.22392747e+14  2.08181175e+34  1.22961000e+01  5.48502041e-01  9.71760000e+00  5.21365482e-01  2.41461762e-01  1.00258682e-01  1.00687829e-01  5.41366091e+04 
 5.23483765e+14  2.09139550e+34  1.22931000e+01  5.49733013e-01  9.72160000e+00  5.22681249e-01  2.41690066e-01  9.97618695e-02  1.00754835e-01  5.35035081e+04 
 5.24574782e+14  2.10104935e+34  1.22901000e+01  5.50968750e-01  9.72460000e+00  5.23936182e-01  2.41918481e-01  9.94937806e-02  1.00821005e-01  5.28763718e+04 
 5.25665800e+14  2.11071002e+34  1.22861000e+01  5.52201188e-01  9.72760000e+00  5.25189292e-01  2.42185735e-01  9.92222616e-02  1.00927801e-01  5.22591973e+04 
 5.26756818e+14  2.12037068e+34  1.22831000e+01  5.53429431e-01  9.73160000e+00  5.26505958e-01  2.42412932e-01  9.87183694e-02  1.00993154e-01  5.16522210e+04 
 5.27847836e+14  2.13007683e+34  1.22801000e+01  5.54659269e-01  9.73460000e+00  5.27758906e-01  2.42639976e-01  9.84415347e-02  1.01057838e-01  5.10524427e+04 
 5.28938853e+14  2.13981447e+34  1.22771000e+01  5.55888942e-01  9.73760000e+00  5.29012718e-01  2.42866714e-01  9.81623324e-02  1.01121937e-01  5.04606161e+04 
 5.30029871e+14  2.14955210e+34  1.22741000e+01  5.57114460e-01  9.74160000e+00  5.30330220e-01  2.43092793e-01  9.76516593e-02  1.01185642e-01  4.98785024e+04 
 5.31120889e+14  2.15931040e+34  1.22701000e+01  5.58338416e-01  9.74460000e+00  5.31581161e-01  2.43358112e-01  9.73663292e-02  1.01290101e-01  4.93047027e+04 
 5.32211906e+14  2.16912506e+34  1.22671000e+01  5.59565309e-01  9.74760000e+00  5.32835621e-01  2.43583780e-01  9.70796809e-02  1.01352596e-01  4.87370095e+04 
 5.33302924e+14  2.17893972e+34  1.22641000e+01  5.60788080e-01  9.75060000e+00  5.34087521e-01  2.43808805e-01  9.67895069e-02  1.01414715e-01  4.81785691e+04 
 5.34393942e+14  2.18875438e+34  1.22611000e+01  5.62006735e-01  9.75360000e+00  5.35336853e-01  2.44033194e-01  9.64958508e-02  1.01476462e-01  4.76291976e+04 
 5.35484960e+14  2.19864176e+34  1.22581000e+01  5.63230299e-01  9.75760000e+00  5.36657867e-01  2.44257725e-01  9.59749963e-02  1.01537379e-01  4.70847295e+04 
 5.36575977e+14  2.20853350e+34  1.22551000e+01  5.64450310e-01  9.76060000e+00  5.37910362e-01  2.44481673e-01  9.56777336e-02  1.01597903e-01  4.65488376e+04 
 5.37666995e+14  2.21842524e+34  1.22521000e+01  5.65666236e-01  9.76360000e+00  5.39160306e-01  2.44704998e-01  9.53770631e-02  1.01658069e-01  4.60215896e+04 
 5.38758013e+14  2.22836452e+34  1.22491000e+01  5.66883907e-01  9.76660000e+00  5.40412726e-01  2.44928195e-01  9.50748403e-02  1.01717569e-01  4.55003370e+04 
 5.39849030e+14  2.23833339e+34  1.22451000e+01  5.68101139e-01  9.76960000e+00  5.41665731e-01  2.45191131e-01  9.47704272e-02  1.01818091e-01  4.49859309e+04 
 5.40940048e+14  2.24830226e+34  1.22421000e+01  5.69314318e-01  9.77260000e+00  5.42916185e-01  2.45413457e-01  9.44627215e-02  1.01876736e-01  4.44797651e+04 
 5.42031066e+14  2.25829329e+34  1.22391000e+01  5.70526137e-01  9.77560000e+00  5.44166413e-01  2.45635403e-01  9.41525905e-02  1.01934896e-01  4.39805803e+04 
 5.43122084e+14  2.26833934e+34  1.22361000e+01  5.71740577e-01  9.77860000e+00  5.45419867e-01  2.45857299e-01  9.38412365e-02  1.01992343e-01  4.34866506e+04 
 5.44213101e+14  2.27838539e+34  1.22331000e+01  5.72950997e-01  9.78160000e+00  5.46670778e-01  2.46078601e-01  9.35267141e-02  1.02049461e-01  4.30005815e+04 
 5.45304119e+14  2.28843145e+34  1.22301000e+01  5.74157397e-01  9.78460000e+00  5.47919143e-01  2.46299312e-01  9.32090410e-02  1.02106254e-01  4.25222209e+04 
 5.46395137e+14  2.29855131e+34  1.22271000e+01  5.75368625e-01  9.78760000e+00  5.49172650e-01  2.46520157e-01  9.28908233e-02  1.02162212e-01  4.20479769e+04 
 5.47486154e+14  2.30867459e+34  1.22241000e+01  5.76576274e-01  9.79060000e+00  5.50423978e-01  2.46740458e-01  9.25696573e-02  1.02217831e-01  4.15810712e+04 
 5.48577172e+14  2.31879787e+34  1.22211000e+01  5.77779921e-01  9.79360000e+00  5.51672763e-01  2.46960171e-01  9.22454031e-02  1.02273129e-01  4.11215226e+04 
 5.49668190e+14  2.32896923e+34  1.22181000e+01  5.78985286e-01  9.79660000e+00  5.52923973e-01  2.47179773e-01  9.19197686e-02  1.02327783e-01  4.06670517e+04 
 5.50759207e+14  2.33916980e+34  1.22151000e+01  5.80190148e-01  9.79960000e+00  5.54175666e-01  2.47399089e-01  9.15921472e-02  1.02381929e-01  4.02184262e+04 
 5.51850225e+14  2.34937036e+34  1.22121000e+01  5.81391029e-01  9.80260000e+00  5.55424823e-01  2.47617825e-01  9.12615092e-02  1.02435760e-01  3.97768240e+04 
 5.52941243e+14  2.35959306e+34  1.22101000e+01  5.82590559e-01  9.80560000e+00  5.56673704e-01  2.47795614e-01  9.09287012e-02  1.02447178e-01  3.93411700e+04 
 5.54032261e+14  2.36987095e+34  1.22071000e+01  5.83792616e-01  9.80860000e+00  5.57925704e-01  2.48013916e-01  9.05948311e-02  1.02499842e-01  3.89099880e+04 
 5.55123278e+14  2.38014884e+34  1.22041000e+01  5.84990735e-01  9.81160000e+00  5.59175171e-01  2.48231660e-01  9.02580865e-02  1.02552212e-01  3.84855113e+04 
 5.56214296e+14  2.39042672e+34  1.22011000e+01  5.86184922e-01  9.81360000e+00  5.60354848e-01  2.48448850e-01  9.01406700e-02  1.02604295e-01  3.80676123e+04 
 5.57305314e+14  2.40077799e+34  1.21981000e+01  5.87383695e-01  9.81660000e+00  5.61606684e-01  2.48666164e-01  8.98002958e-02  1.02655560e-01  3.76532415e+04 
 5.58396331e+14  2.41113325e+34  1.21951000e+01  5.88579021e-01  9.81960000e+00  5.62856401e-01  2.48882968e-01  8.94572575e-02  1.02706515e-01  3.72451143e+04 
 5.59487349e+14  2.42148851e+34  1.21921000e+01  5.89770446e-01  9.82260000e+00  5.64103589e-01  2.49099232e-01  8.91114809e-02  1.02757196e-01  3.68432705e+04 
 5.60578367e+14  2.43189087e+34  1.21891000e+01  5.90963380e-01  9.82560000e+00  5.65352979e-01  2.49315384e-01  8.87644726e-02  1.02807261e-01  3.64458024e+04 
 5.61669385e+14  2.44232354e+34  1.21861000e+01  5.92155907e-01  9.82760000e+00  5.66535455e-01  2.49531272e-01  8.86367028e-02  1.02856831e-01  3.60532879e+04 
 5.62760402e+14  2.45275622e+34  1.21841000e+01  5.93344557e-01  9.83060000e+00  5.67782843e-01  2.49705629e-01  8.82849198e-02  1.02863909e-01  3.56667767e+04 
 5.63851420e+14  2.46320950e+34  1.21811000e+01  5.94531677e-01  9.83360000e+00  5.69029762e-01  2.49920595e-01  8.79311391e-02  1.02912769e-01  3.52854120e+04 
 5.64942438e+14  2.47371964e+34  1.21781000e+01  5.95721393e-01  9.83660000e+00  5.70279830e-01  2.50135538e-01  8.75764663e-02  1.02960949e-01  3.49078108e+04 
 5.66033455e+14  2.48422978e+34  1.21751000e+01  5.96907261e-01  9.83860000e+00  5.71459794e-01  2.50349963e-01  8.74393071e-02  1.03008875e-01  3.45359492e+04 
 5.67124473e+14  2.49473992e+34  1.21721000e+01  5.98089278e-01  9.84160000e+00  5.72704813e-01  2.50563866e-01  8.70791857e-02  1.03056545e-01  3.41697210e+04 
 5.68215491e+14  2.50532147e+34  1.21691000e+01  5.99275480e-01  9.84460000e+00  5.73954379e-01  2.50777871e-01  8.67185942e-02  1.03103430e-01  3.38065811e+04 
 5.69306509e+14  2.51590911e+34  1.21671000e+01  6.00458553e-01  9.84660000e+00  5.75134333e-01  2.50950164e-01  8.65751329e-02  1.03107647e-01  3.34487172e+04 
 5.70397526e+14  2.52649676e+34  1.21641000e+01  6.01637795e-01  9.84960000e+00  5.76379460e-01  2.51163160e-01  8.62094595e-02  1.03153970e-01  3.30962418e+04 
 5.71488544e+14  2.53712897e+34  1.21611000e+01  6.02818184e-01  9.85160000e+00  5.77558659e-01  2.51376032e-01  8.60616141e-02  1.03199721e-01  3.27476002e+04 
 5.72579562e+14  2.54779416e+34  1.21581000e+01  6.03998439e-01  9.85460000e+00  5.78806350e-01  2.51588681e-01  8.56929943e-02  1.03244986e-01  3.24031196e+04 
 5.73670579e+14  2.55845935e+34  1.21561000e+01  6.05174897e-01  9.85760000e+00  5.80051536e-01  2.51759400e-01  8.53219279e-02  1.03247536e-01  3.20637912e+04 
 5.74761597e+14  2.56914205e+34  1.21531000e+01  6.06349501e-01  9.85960000e+00  5.81228032e-01  2.51971163e-01  8.51673433e-02  1.03292182e-01  3.17289768e+04 
 5.75852615e+14  2.57988484e+34  1.21501000e+01  6.07526930e-01  9.86260000e+00  5.82475736e-01  2.52182926e-01  8.47934020e-02  1.03336137e-01  3.13972922e+04 
 5.76943633e+14  2.59062762e+34  1.21471000e+01  6.08700589e-01  9.86460000e+00  5.83652980e-01  2.52394202e-01  8.46350324e-02  1.03379869e-01  3.10705387e+04 
 5.78034650e+14  2.60137040e+34  1.21451000e+01  6.09870499e-01  9.86760000e+00  5.84895657e-01  2.52563401e-01  8.42562278e-02  1.03380818e-01  3.07486243e+04 
 5.79125668e+14  2.61218107e+34  1.21421000e+01  6.11044030e-01  9.86960000e+00  5.86074360e-01  2.52774217e-01  8.40943413e-02  1.03423563e-01  3.04294691e+04 
 5.80216686e+14  2.62300148e+34  1.21391000e+01  6.12214879e-01  9.87260000e+00  5.87319508e-01  2.52984633e-01  8.37127588e-02  1.03466020e-01  3.01147434e+04 
 5.81307703e+14  2.63382189e+34  1.21361000e+01  6.13382001e-01  9.87460000e+00  5.88494069e-01  2.53194584e-01  8.35459827e-02  1.03508275e-01  2.98046513e+04 
 5.82398721e+14  2.64468277e+34  1.21341000e+01  6.14549748e-01  9.87760000e+00  5.89738072e-01  2.53362610e-01  8.31607432e-02  1.03507342e-01  2.94979722e+04 
 5.83489739e+14  2.65558085e+34  1.21311000e+01  6.15717778e-01  9.87960000e+00  5.90914993e-01  2.53572186e-01  8.29908099e-02  1.03548550e-01  2.91947557e+04 
 5.84580757e+14  2.66647893e+34  1.21281000e+01  6.16882097e-01  9.88260000e+00  5.92157549e-01  2.53781299e-01  8.26019331e-02  1.03589558e-01  2.88959764e+04 
 5.85671774e+14  2.67738987e+34  1.21261000e+01  6.18044085e-01  9.88460000e+00  5.93330623e-01  2.53948158e-01  8.24273279e-02  1.03587547e-01  2.86012086e+04 
 5.86762792e+14  2.68836565e+34  1.21231000e+01  6.19209281e-01  9.88660000e+00  5.94507295e-01  2.54156906e-01  8.22517495e-02  1.03627525e-01  2.83090085e+04 
 5.87853810e+14  2.69934144e+34  1.21201000e+01  6.20370793e-01  9.88960000e+00  5.95749723e-01  2.54365202e-01  8.18579288e-02  1.03667315e-01  2.80210580e+04 
 5.88944827e+14  2.71031723e+34  1.21181000e+01  6.21528629e-01  9.89160000e+00  5.96921347e-01  2.54531030e-01  8.16775035e-02  1.03664136e-01  2.77372807e+04 
 5.90035845e+14  2.72135580e+34  1.21151000e+01  6.22689406e-01  9.89360000e+00  5.98096322e-01  2.54738854e-01  8.14960999e-02  1.03703029e-01  2.74560116e+04 
 5.91126863e+14  2.73240933e+34  1.21131000e+01  6.23848099e-01  9.89660000e+00  5.99338580e-01  2.54904248e-01  8.10974415e-02  1.03698803e-01  2.71784293e+04 
 5.92217881e+14  2.74346286e+34  1.21101000e+01  6.25003132e-01  9.89860000e+00  6.00509932e-01  2.55111252e-01  8.09116593e-02  1.03737190e-01  2.69048476e+04 
 5.93308898e+14  2.75455120e+34  1.21071000e+01  6.26158149e-01  9.90060000e+00  6.01681986e-01  2.55318074e-01  8.07242651e-02  1.03775124e-01  2.66343501e+04 
 5.94399916e+14  2.76568251e+34  1.21051000e+01  6.27314009e-01  9.90360000e+00  6.02924026e-01  2.55482554e-01  8.03209504e-02  1.03769664e-01  2.63666993e+04 
 5.95490934e+14  2.77681383e+34  1.21021000e+01  6.28466243e-01  9.90560000e+00  6.04095074e-01  2.55688783e-01  8.01299483e-02  1.03806889e-01  2.61028821e+04 
 5.96581951e+14  2.78795177e+34  1.21001000e+01  6.29615542e-01  9.90760000e+00  6.05264195e-01  2.55852333e-01  7.99367686e-02  1.03800993e-01  2.58426762e+04 
 5.97672969e+14  2.79916090e+34  1.20971000e+01  6.30768549e-01  9.91060000e+00  6.06505968e-01  2.56058209e-01  7.95289433e-02  1.03837221e-01  2.55845414e+04 
 5.98763987e+14  2.81037003e+34  1.20941000e+01  6.31917961e-01  9.91260000e+00  6.07676677e-01  2.56263668e-01  7.93328150e-02  1.03873297e-01  2.53300809e+04 
 5.99855005e+14  2.82157916e+34  1.20921000e+01  6.33063785e-01  9.91460000e+00  6.08844850e-01  2.56426292e-01  7.91344652e-02  1.03866265e-01  2.50792298e+04 
 6.00946022e+14  2.83284439e+34  1.20891000e+01  6.34211722e-01  9.91660000e+00  6.10015653e-01  2.56631256e-01  7.89349618e-02  1.03901541e-01  2.48306962e+04 
 6.02037040e+14  2.84413137e+34  1.20871000e+01  6.35358307e-01  9.91860000e+00  6.11185936e-01  2.56793462e-01  7.87336809e-02  1.03893503e-01  2.45852021e+04 
 6.03128058e+14  2.85541835e+34  1.20841000e+01  6.36501316e-01  9.92160000e+00  6.12422450e-01  2.56997715e-01  7.83174503e-02  1.03928284e-01  2.43431715e+04 
 6.04219075e+14  2.86673289e+34  1.20821000e+01  6.37643533e-01  9.92360000e+00  6.13590252e-01  2.57159164e-01  7.81124726e-02  1.03919670e-01  2.41039640e+04 
 6.05310093e+14  2.87809775e+34  1.20791000e+01  6.38787282e-01  9.92560000e+00  6.14760109e-01  2.57363091e-01  7.79064152e-02  1.03953496e-01  2.38670673e+04 
 6.06401111e+14  2.88946262e+34  1.20771000e+01  6.39927469e-01  9.92760000e+00  6.15927467e-01  2.57523951e-01  7.76981259e-02  1.03944129e-01  2.36334919e+04 
 6.07492129e+14  2.90082749e+34  1.20741000e+01  6.41064119e-01  9.92960000e+00  6.17092318e-01  2.57727031e-01  7.74877549e-02  1.03977656e-01  2.34031814e+04 
 6.08583146e+14  2.91226908e+34  1.20711000e+01  6.42204896e-01  9.93160000e+00  6.18261588e-01  2.57930221e-01  7.72767252e-02  1.04010406e-01  2.31745522e+04 
 6.09674164e+14  2.92371187e+34  1.20691000e+01  6.43342253e-01  9.93460000e+00  6.19497381e-01  2.58090238e-01  7.68520914e-02  1.03999910e-01  2.29490860e+04 
 6.10765182e+14  2.93515466e+34  1.20661000e+01  6.44476101e-01  9.93660000e+00  6.20661796e-01  2.58292609e-01  7.66371213e-02  1.04032370e-01  2.27267528e+04 
 6.11856199e+14  2.94664526e+34  1.20641000e+01  6.45611157e-01  9.93860000e+00  6.21827989e-01  2.58452041e-01  7.64209501e-02  1.04021174e-01  2.25065868e+04 
 6.12947217e+14  2.95816599e+34  1.20611000e+01  6.46745679e-01  9.94060000e+00  6.22994379e-01  2.58654090e-01  7.62033197e-02  1.04052698e-01  2.22889000e+04 
 6.14038235e+14  2.96968673e+34  1.20591000e+01  6.47876710e-01  9.94260000e+00  6.24158278e-01  2.58812827e-01  7.59836774e-02  1.04040956e-01  2.20742194e+04 
 6.15129253e+14  2.98122617e+34  1.20571000e+01  6.49006079e-01  9.94460000e+00  6.25321343e-01  2.58971224e-01  7.57623816e-02  1.04028914e-01  2.18621532e+04 
 6.16220270e+14  2.99282489e+34  1.20541000e+01  6.50137761e-01  9.94660000e+00  6.26487183e-01  2.59172540e-01  7.55401590e-02  1.04059381e-01  2.16519300e+04 
 6.17311288e+14  3.00442361e+34  1.20521000e+01  6.51265964e-01  9.94860000e+00  6.27650541e-01  2.59330434e-01  7.53159465e-02  1.04046556e-01  2.14445933e+04 
 6.18402306e+14  3.01602232e+34  1.20491000e+01  6.52390700e-01  9.95060000e+00  6.28811414e-01  2.59530959e-01  7.50898380e-02  1.04076781e-01  2.12400956e+04 
 6.19493323e+14  3.02768844e+34  1.20471000e+01  6.53518497e-01  9.95260000e+00  6.29975737e-01  2.59688405e-01  7.48629185e-02  1.04063118e-01  2.10372209e+04 
 6.20584341e+14  3.03936517e+34  1.20441000e+01  6.54643867e-01  9.95460000e+00  6.31138517e-01  2.59888629e-01  7.46343010e-02  1.04092439e-01  2.08369337e+04 
 6.21675359e+14  3.05104190e+34  1.20421000e+01  6.55765791e-01  9.95660000e+00  6.32298819e-01  2.60045288e-01  7.44037961e-02  1.04078432e-01  2.06393721e+04 
 6.22766377e+14  3.06275656e+34  1.20391000e+01  6.56887907e-01  9.95860000e+00  6.33459955e-01  2.60244969e-01  7.41720624e-02  1.04107206e-01  2.04438623e+04 
 6.23857394e+14  3.07451133e+34  1.20371000e+01  6.58010434e-01  9.96060000e+00  6.34622124e-01  2.60401254e-01  7.39391061e-02  1.04092285e-01  2.02503421e+04 
 6.24948412e+14  3.08626610e+34  1.20351000e+01  6.59129536e-01  9.96260000e+00  6.35781823e-01  2.60557105e-01  7.37043305e-02  1.04077246e-01  2.00594408e+04 
 6.26039430e+14  3.09802911e+34  1.20321000e+01  6.60246002e-01  9.96460000e+00  6.36939765e-01  2.60755918e-01  7.34679096e-02  1.04105277e-01  1.98709845e+04 
 6.27130447e+14  3.10986195e+34  1.20301000e+01  6.61365678e-01  9.96660000e+00  6.38101288e-01  2.60911399e-01  7.32307500e-02  1.04089337e-01  1.96839632e+04 
 6.28221465e+14  3.12169479e+34  1.20271000e+01  6.62481950e-01  9.96760000e+00  6.39190965e-01  2.61109875e-01  7.31998754e-02  1.04116564e-01  1.94994591e+04 
 6.29312483e+14  3.13352764e+34  1.20251000e+01  6.63594818e-01  9.96960000e+00  6.40347546e-01  2.61264535e-01  7.29589620e-02  1.04100403e-01  1.93174298e+04 
 6.30403501e+14  3.14541694e+34  1.20221000e+01  6.64709596e-01  9.97160000e+00  6.41506503e-01  2.61462596e-01  7.27172064e-02  1.04126948e-01  1.91369824e+04 
 6.31494518e+14  3.15732788e+34  1.20201000e+01  6.65823032e-01  9.97360000e+00  6.42664862e-01  2.61616901e-01  7.24740636e-02  1.04109909e-01  1.89586226e+04 
 6.32585536e+14  3.16923882e+34  1.20181000e+01  6.66933095e-01  9.97560000e+00  6.43820765e-01  2.61770793e-01  7.22292363e-02  1.04092772e-01  1.87826418e+04 
 6.33676554e+14  3.18117616e+34  1.20151000e+01  6.68042238e-01  9.97760000e+00  6.44976460e-01  2.61968023e-01  7.19831226e-02  1.04118627e-01  1.86086192e+04 
 6.34767571e+14  3.19316523e+34  1.20131000e+01  6.69152812e-01  9.97960000e+00  6.46134118e-01  2.62121546e-01  7.17359864e-02  1.04100606e-01  1.84361641e+04 
 6.35858589e+14  3.20515429e+34  1.20111000e+01  6.70260044e-01  9.98060000e+00  6.47219768e-01  2.62274669e-01  7.16938806e-02  1.04082501e-01  1.82659961e+04 
 6.36949607e+14  3.21714336e+34  1.20081000e+01  6.71363931e-01  9.98260000e+00  6.48372521e-01  2.62471104e-01  7.14433081e-02  1.04107649e-01  1.80980787e+04 
 6.38040625e+14  3.22920673e+34  1.20061000e+01  6.72471296e-01  9.98460000e+00  6.49529089e-01  2.62623846e-01  7.11921125e-02  1.04088710e-01  1.79313518e+04 
 6.39131642e+14  3.24127394e+34  1.20041000e+01  6.73575697e-01  9.98660000e+00  6.50683536e-01  2.62776217e-01  7.09394343e-02  1.04069661e-01  1.77667708e+04 
 6.40222660e+14  3.25334116e+34  1.20011000e+01  6.74676763e-01  9.98860000e+00  6.51835548e-01  2.62972008e-01  7.06851600e-02  1.04093886e-01  1.76043547e+04 
 6.41313678e+14  3.26545226e+34  1.19991000e+01  6.75778500e-01  9.98960000e+00  6.52919123e-01  2.63123841e-01  7.06354926e-02  1.04074282e-01  1.74434873e+04 
 6.42404695e+14  3.27759765e+34  1.19971000e+01  6.76880053e-01  9.99160000e+00  6.54072808e-01  2.63275465e-01  7.03788554e-02  1.04054302e-01  1.72842777e+04 
 6.43495713e+14  3.28974304e+34  1.19941000e+01  6.77978292e-01  9.99360000e+00  6.55224037e-01  2.63470626e-01  7.01207595e-02  1.04077622e-01  1.71271508e+04 
 6.44586731e+14  3.30190169e+34  1.19921000e+01  6.79074439e-01  9.99560000e+00  6.56373938e-01  2.63621572e-01  6.98613167e-02  1.04057379e-01  1.69719033e+04 
 6.45677748e+14  3.31412528e+34  1.19901000e+01  6.80173132e-01  9.99660000e+00  6.57457043e-01  2.63772457e-01  6.98059785e-02  1.04036485e-01  1.68178592e+04 
 6.46768766e+14  3.32634888e+34  1.19871000e+01  6.81268546e-01  9.99860000e+00  6.58607485e-01  2.63967004e-01  6.95441026e-02  1.04058922e-01  1.66658187e+04 
 6.47859784e+14  3.33857247e+34  1.19851000e+01  6.82360687e-01  1.00006000e+01  6.59755475e-01  2.64117161e-01  6.92808388e-02  1.04037899e-01  1.65157490e+04 
 6.48950802e+14  3.35085673e+34  1.19831000e+01  6.83454953e-01  1.00016000e+01  6.60836208e-01  2.64267234e-01  6.92210526e-02  1.04016268e-01  1.63668872e+04 
 6.50041819e+14  3.36315854e+34  1.19801000e+01  6.84547527e-01  1.00036000e+01  6.61985817e-01  2.64461172e-01  6.89555225e-02  1.04037836e-01  1.62197395e+04 
 6.51132837e+14  3.37546036e+34  1.19781000e+01  6.85636846e-01  1.00056000e+01  6.63132980e-01  2.64610617e-01  6.86886431e-02  1.04015932e-01  1.60744889e+04 
 6.52223855e+14  3.38779184e+34  1.19761000e+01  6.86725526e-01  1.00066000e+01  6.64210242e-01  2.64759830e-01  6.86243795e-02  1.03993703e-01  1.59307616e+04 
 6.53314872e+14  3.40017191e+34  1.19731000e+01  6.87815252e-01  1.00086000e+01  6.65358982e-01  2.64953169e-01  6.83553019e-02  1.04014419e-01  1.57883217e+04 
 6.54405890e+14  3.41255197e+34  1.19711000e+01  6.88901742e-01  1.00106000e+01  6.66505281e-01  2.65101912e-01  6.80849255e-02  1.03991651e-01  1.56477080e+04 
 6.55496908e+14  3.42493204e+34  1.19691000e+01  6.89985002e-01  1.00116000e+01  6.67579206e-01  2.65250289e-01  6.80162954e-02  1.03968833e-01  1.55088921e+04 
 6.56587926e+14  3.43738885e+34  1.19671000e+01  6.91071738e-01  1.00136000e+01  6.68726921e-01  2.65398664e-01  6.77437348e-02  1.03945282e-01  1.53709992e+04 
 6.57678943e+14  3.44984718e+34  1.19641000e+01  6.92155393e-01  1.00146000e+01  6.69802284e-01  2.65591085e-01  6.76727978e-02  1.03965114e-01  1.52348488e+04 
 6.58769961e+14  3.46230551e+34  1.19621000e+01  6.93235834e-01  1.00166000e+01  6.70945310e-01  2.65738774e-01  6.73973819e-02  1.03941454e-01  1.51004292e+04 
 6.59860979e+14  3.48359616e+34  1.19581000e+01  6.95077758e-01  1.00196000e+01  6.72866452e-01  2.66016469e-01  6.70088634e-02  1.03926002e-01  1.48743004e+04 
 6.60951996e+14  3.51129470e+34  1.19531000e+01  6.97475236e-01  1.00226000e+01  6.75305465e-01  2.66368684e-01  6.66830382e-02  1.03896092e-01  1.45856703e+04 
 6.62043014e+14  3.53899324e+34  1.19481000e+01  6.99874724e-01  1.00266000e+01  6.77818208e-01  2.66721391e-01  6.61531379e-02  1.03865570e-01  1.43031826e+04 
 6.63134032e+14  3.56933347e+34  1.19431000e+01  7.02505604e-01  1.00296000e+01  6.80477588e-01  2.67087358e-01  6.58494000e-02  1.03811119e-01  1.40006639e+04 
 6.64225050e+14  3.61207941e+34  1.19351000e+01  7.06224082e-01  1.00356000e+01  6.84362148e-01  2.67648619e-01  6.50648982e-02  1.03775637e-01  1.35856833e+04 
 6.65316067e+14  3.65482534e+34  1.19281000e+01  7.09959182e-01  1.00406000e+01  6.88193501e-01  2.68169597e-01  6.44838520e-02  1.03697245e-01  1.31833278e+04 
 6.66407085e+14  3.69757128e+34  1.19201000e+01  7.13710539e-01  1.00456000e+01  6.92040908e-01  2.68740867e-01  6.39069911e-02  1.03663791e-01  1.27933538e+04 
 6.67498103e+14  3.74139397e+34  1.19131000e+01  7.17572944e-01  1.00506000e+01  6.95992180e-01  2.69278436e-01  6.33462602e-02  1.03579478e-01  1.24061137e+04 
 6.68589120e+14  3.78554844e+34  1.19061000e+01  7.21481391e-01  1.00566000e+01  7.00056946e-01  2.69824273e-01  6.25977247e-02  1.03542379e-01  1.20339577e+04 
 6.69680138e+14  3.82970292e+34  1.18981000e+01  7.25406010e-01  1.00616000e+01  7.04065818e-01  2.70422550e-01  6.20553332e-02  1.03457531e-01  1.16630683e+04 
 6.70771156e+14  3.87435603e+34  1.18911000e+01  7.29390659e-01  1.00676000e+01  7.08200668e-01  2.70985517e-01  6.13297949e-02  1.03375995e-01  1.13056947e+04 
 6.71862174e+14  3.91995424e+34  1.18841000e+01  7.33475663e-01  1.00726000e+01  7.12357249e-01  2.71561550e-01  6.08202075e-02  1.03290607e-01  1.09529764e+04 
 6.72953191e+14  3.96555246e+34  1.18771000e+01  7.37576144e-01  1.00786000e+01  7.16597954e-01  2.72145750e-01  6.01250146e-02  1.03257285e-01  1.06171227e+04 
 6.74044209e+14  4.01115067e+34  1.18701000e+01  7.41691243e-01  1.00846000e+01  7.20850950e-01  2.72738260e-01  5.94412008e-02  1.03181497e-01  1.02878906e+04 
 6.75135227e+14  4.05810713e+34  1.18631000e+01  7.45943565e-01  1.00896000e+01  7.25158994e-01  2.73347587e-01  5.89773692e-02  1.03099695e-01  9.96063111e+03 
 6.76226244e+14  4.10518475e+34  1.18561000e+01  7.50221293e-01  1.00956000e+01  7.29560012e-01  2.73966658e-01  5.83325112e-02  1.03022468e-01  9.64412134e+03 
 6.77317262e+14  4.15226237e+34  1.18491000e+01  7.54512542e-01  1.01016000e+01  7.33971803e-01  2.74594778e-01  5.76999189e-02  1.02903452e-01  9.33453807e+03 
 6.78408280e+14  4.20007105e+34  1.18421000e+01  7.58883358e-01  1.01076000e+01  7.38455589e-01  2.75236836e-01  5.70877947e-02  1.02832019e-01  9.03577099e+03 
 6.79499298e+14  4.24866418e+34  1.18361000e+01  7.63338864e-01  1.01136000e+01  7.43015912e-01  2.75846999e-01  5.64971827e-02  1.02764749e-01  8.74719492e+03 
 6.80590315e+14  4.29725732e+34  1.18291000e+01  7.67806559e-01  1.01206000e+01  7.47656951e-01  2.76513204e-01  5.57289340e-02  1.02652066e-01  8.46126895e+03 
 6.81681333e+14  4.34590939e+34  1.18231000e+01  7.72290908e-01  1.01266000e+01  7.52239811e-01  2.77142422e-01  5.51648722e-02  1.02597015e-01  8.19323310e+03 
 6.82772351e+14  4.39605459e+34  1.18161000e+01  7.76924061e-01  1.01326000e+01  7.56958204e-01  2.77838914e-01  5.46311692e-02  1.02485597e-01  7.91970752e+03 
 6.83863368e+14  4.44619979e+34  1.18101000e+01  7.81567920e-01  1.01396000e+01  7.61755941e-01  2.78498125e-01  5.39219692e-02  1.02385070e-01  7.66018503e+03 
 6.84954386e+14  4.49634499e+34  1.18041000e+01  7.86221482e-01  1.01456000e+01  7.66488599e-01  2.79166818e-01  5.34139714e-02  1.02291182e-01  7.41048182e+03 
 6.86045404e+14  4.54741917e+34  1.17981000e+01  7.90970355e-01  1.01526000e+01  7.71378921e-01  2.79852224e-01  5.27430465e-02  1.02197489e-01  7.16585364e+03 
 6.87136422e+14  4.59915342e+34  1.17931000e+01  7.95789551e-01  1.01586000e+01  7.76259843e-01  2.80504955e-01  5.22799816e-02  1.02110467e-01  6.93086415e+03 
 6.88227439e+14  4.65088767e+34  1.17871000e+01  8.00616818e-01  1.01656000e+01  7.81217926e-01  2.81214746e-01  5.16436703e-02  1.01978195e-01  6.69864551e+03 
 6.89318457e+14  4.70282042e+34  1.17821000e+01  8.05469738e-01  1.01726000e+01  7.86197378e-01  2.81887778e-01  5.10230517e-02  1.01903501e-01  6.48074396e+03 
 6.90409475e+14  4.75618111e+34  1.17761000e+01  8.10463024e-01  1.01796000e+01  7.91303908e-01  2.82630153e-01  5.04340061e-02  1.01774229e-01  6.25961463e+03 
 6.91500492e+14  4.80954181e+34  1.17711000e+01  8.15462621e-01  1.01866000e+01  7.96413932e-01  2.83334003e-01  4.98576997e-02  1.01656323e-01  6.05017209e+03 
 6.92591510e+14  4.86290250e+34  1.17661000e+01  8.20467570e-01  1.01936000e+01  8.01526588e-01  2.84046984e-01  4.92938113e-02  1.01545192e-01  5.84902292e+03 
 6.93682528e+14  4.91734494e+34  1.17611000e+01  8.25578666e-01  1.02006000e+01  8.06734595e-01  2.84778690e-01  4.87565771e-02  1.01434249e-01  5.65197725e+03 
 6.94773546e+14  4.97236988e+34  1.17561000e+01  8.30748860e-01  1.02076000e+01  8.11994628e-01  2.85524835e-01  4.82391571e-02  1.01326621e-01  5.46084096e+03 
 6.95864563e+14  5.02739482e+34  1.17521000e+01  8.35922572e-01  1.02156000e+01  8.17328514e-01  2.86231267e-01  4.75531938e-02  1.01230388e-01  5.27990864e+03 
 6.96955581e+14  5.08270608e+34  1.17471000e+01  8.41125789e-01  1.02226000e+01  8.22614511e-01  2.86997750e-01  4.70630421e-02  1.01086641e-01  5.10047627e+03 
 6.98046599e+14  5.13943346e+34  1.17431000e+01  8.46464492e-01  1.02296000e+01  8.28022569e-01  2.87737536e-01  4.66034894e-02  1.00994112e-01  4.92872408e+03 
 6.99137616e+14  5.19616083e+34  1.17381000e+01  8.51804805e-01  1.02376000e+01  8.33503122e-01  2.88534996e-01  4.59766462e-02  1.00855590e-01  4.75945199e+03 
 7.00228634e+14  5.25288820e+34  1.17341000e+01  8.57145804e-01  1.02456000e+01  8.38982342e-01  2.89291687e-01  4.53614151e-02  1.00728270e-01  4.59933627e+03 
 7.01319652e+14  5.31079308e+34  1.17311000e+01  8.62597595e-01  1.02526000e+01  8.44487762e-01  2.90018744e-01  4.49502571e-02  1.00606042e-01  4.44472518e+03 
 7.02410670e+14  5.36926145e+34  1.17271000e+01  8.68102075e-01  1.02606000e+01  8.50112803e-01  2.90808950e-01  4.43811237e-02  1.00482415e-01  4.29296763e+03 
 7.03501687e+14  5.42772981e+34  1.17231000e+01  8.73605273e-01  1.02686000e+01  8.55734851e-01  2.91607102e-01  4.38224201e-02  1.00317185e-01  4.14552778e+03 
 7.04592705e+14  5.48650820e+34  1.17201000e+01  8.79135485e-01  1.02766000e+01  8.61379833e-01  2.92366254e-01  4.32781717e-02  1.00209252e-01  4.00731732e+03 
 7.05683723e+14  5.54675647e+34  1.17161000e+01  8.84801388e-01  1.02846000e+01  8.67147085e-01  2.93198184e-01  4.27649265e-02  1.00047512e-01  3.86777362e+03 
 7.06774740e+14  5.60700474e+34  1.17131000e+01  8.90464040e-01  1.02926000e+01  8.72909642e-01  2.93987520e-01  4.22609746e-02  9.98967922e-02  3.73591725e+03 
 7.07865758e+14  5.66725301e+34  1.17101000e+01  8.96122564e-01  1.03006000e+01  8.78666798e-01  2.94783870e-01  4.17658349e-02  9.97518581e-02  3.60956885e+03 
 7.08956776e+14  5.72870448e+34  1.17071000e+01  9.01889141e-01  1.03086000e+01  8.84520987e-01  2.95600033e-01  4.12966889e-02  9.96072056e-02  3.48610117e+03 
 7.10047794e+14  5.79077192e+34  1.17041000e+01  9.07708236e-01  1.03166000e+01  8.90421457e-01  2.96429742e-01  4.08447955e-02  9.94654803e-02  3.36666188e+03 
 7.11138811e+14  5.85283935e+34  1.17021000e+01  9.13521190e-01  1.03256000e+01  8.96389332e-01  2.97215247e-01  4.02308480e-02  9.93344883e-02  3.25382608e+03 
 7.12229829e+14  5.91516275e+34  1.16991000e+01  9.19351125e-01  1.03336000e+01  9.02296946e-01  2.98060580e-01  3.97981002e-02  9.91547634e-02  3.14222420e+03 
 7.13320847e+14  5.97908893e+34  1.16971000e+01  9.25323435e-01  1.03416000e+01  9.08332784e-01  2.98878973e-01  3.93959729e-02  9.90267142e-02  3.03559588e+03 
 7.14411864e+14  6.04301510e+34  1.16951000e+01  9.31287572e-01  1.03506000e+01  9.14434715e-01  2.99703225e-01  3.88327852e-02  9.88561900e-02  2.93206038e+03 
 7.15502882e+14  6.10694128e+34  1.16931000e+01  9.37242757e-01  1.03586000e+01  9.20452471e-01  3.00533051e-01  3.84437551e-02  9.86906960e-02  2.83290783e+03 
 7.16593900e+14  6.17201192e+34  1.16911000e+01  9.43294732e-01  1.03676000e+01  9.26632177e-01  3.01381325e-01  3.79112842e-02  9.85256685e-02  2.73626150e+03 
 7.17684918e+14  6.23783672e+34  1.16891000e+01  9.49406607e-01  1.03756000e+01  9.32790220e-01  3.02243578e-01  3.75617579e-02  9.83625865e-02  2.64266700e+03 
 7.18775935e+14  6.30366152e+34  1.16871000e+01  9.55507525e-01  1.03846000e+01  9.39012476e-01  3.03110944e-01  3.70527264e-02  9.81566075e-02  2.55182661e+03 
 7.19866953e+14  6.36959554e+34  1.16861000e+01  9.61606800e-01  1.03936000e+01  9.45232493e-01  3.03932356e-01  3.65510255e-02  9.80078974e-02  2.46711739e+03 
 7.20957971e+14  6.43735912e+34  1.16841000e+01  9.67862798e-01  1.04026000e+01  9.51594145e-01  3.04831758e-01  3.60817903e-02  9.78039232e-02  2.38139807e+03 
 7.22048988e+14  6.50512271e+34  1.16831000e+01  9.74105793e-01  1.04106000e+01  9.57867550e-01  3.05683434e-01  3.57798362e-02  9.76574966e-02  2.30162097e+03 
 7.23140006e+14  6.57288630e+34  1.16821000e+01  9.80335048e-01  1.04196000e+01  9.64203468e-01  3.06539113e-01  3.53195867e-02  9.74677843e-02  2.22413643e+03 
 7.24231024e+14  6.64163557e+34  1.16811000e+01  9.86640291e-01  1.04286000e+01  9.70607780e-01  3.07410291e-01  3.48781058e-02  9.72788345e-02  2.14887531e+03 
 7.25322042e+14  6.71137837e+34  1.16801000e+01  9.93021571e-01  1.04376000e+01  9.77080574e-01  3.08297025e-01  3.44550720e-02  9.70905868e-02  2.07579708e+03 
 7.26413059e+14  6.78112118e+34  1.16791000e+01  9.99387107e-01  1.04466000e+01  9.83538619e-01  3.09187260e-01  3.40356071e-02  9.68588693e-02  2.00486875e+03 
 7.27504077e+14  6.85086398e+34  1.16791000e+01  1.00573624e+00  1.04556000e+01  9.89981424e-01  3.10027607e-01  3.36192782e-02  9.66841372e-02  1.93887586e+03 
 7.28595095e+14  6.92248026e+34  1.16781000e+01  1.01223858e+00  1.04646000e+01  9.96562783e-01  3.10946592e-01  3.32329912e-02  9.65012154e-02  1.87304273e+03 
 7.29686112e+14  6.99424295e+34  1.16781000e+01  1.01873646e+00  1.04736000e+01  1.00313981e+00  3.11816902e-01  3.28512352e-02  9.62801105e-02  1.80990869e+03 
 7.30777130e+14  7.06600565e+34  1.16771000e+01  1.02521594e+00  1.04826000e+01  1.00969996e+00  3.12743176e-01  3.24716166e-02  9.60564758e-02  1.74861127e+03 
 7.31868148e+14  7.13847823e+34  1.16771000e+01  1.03174030e+00  1.04916000e+01  1.01630063e+00  3.13626841e-01  3.21039226e-02  9.58400706e-02  1.69020168e+03 
 7.32959165e+14  7.21230172e+34  1.16771000e+01  1.03836647e+00  1.05016000e+01  1.02307046e+00  3.14529054e-01  3.16017865e-02  9.56229359e-02  1.63324817e+03 
 7.34050183e+14  7.28612521e+34  1.16771000e+01  1.04497225e+00  1.05106000e+01  1.02974487e+00  3.15433141e-01  3.12565841e-02  9.54089728e-02  1.57873344e+03 
 7.35141201e+14  7.35994870e+34  1.16781000e+01  1.05155710e+00  1.05196000e+01  1.03640034e+00  3.16284671e-01  3.09121790e-02  9.52042315e-02  1.52728922e+03 
 7.36232219e+14  7.43534558e+34  1.16781000e+01  1.05826035e+00  1.05286000e+01  1.04316306e+00  3.17210978e-01  3.05903971e-02  9.49917545e-02  1.47622521e+03 
 7.37323236e+14  7.51127095e+34  1.16781000e+01  1.06498827e+00  1.05386000e+01  1.05002585e+00  3.18145110e-01  3.01237371e-02  9.47337426e-02  1.42629681e+03 
 7.38414254e+14  7.58719632e+34  1.16791000e+01  1.07169328e+00  1.05476000e+01  1.05679064e+00  3.19025697e-01  2.98099365e-02  9.45316794e-02  1.37987614e+03 
 7.39505272e+14  7.66342051e+34  1.16791000e+01  1.07840117e+00  1.05566000e+01  1.06355827e+00  3.19965340e-01  2.94999547e-02  9.42783068e-02  1.33390620e+03 
 7.40596289e+14  7.74148904e+34  1.16801000e+01  1.08524696e+00  1.05666000e+01  1.07052896e+00  3.20873507e-01  2.90642034e-02  9.40756584e-02  1.29013621e+03 
 7.41687307e+14  7.81955756e+34  1.16811000e+01  1.09206791e+00  1.05756000e+01  1.07739967e+00  3.21781948e-01  2.87783753e-02  9.38288359e-02  1.24759951e+03 
 7.42778325e+14  7.89762608e+34  1.16821000e+01  1.09886356e+00  1.05856000e+01  1.08432615e+00  3.22690451e-01  2.83423865e-02  9.35844716e-02  1.20686286e+03 
 7.43869343e+14  7.97682341e+34  1.16831000e+01  1.10573125e+00  1.05946000e+01  1.09124018e+00  3.23612734e-01  2.80696154e-02  9.33395130e-02  1.16728380e+03 
 7.44960360e+14  8.05707651e+34  1.16841000e+01  1.11266381e+00  1.06046000e+01  1.09829184e+00  3.24547795e-01  2.76616192e-02  9.30941118e-02  1.12887825e+03 
 7.46051378e+14  8.13732961e+34  1.16851000e+01  1.11956916e+00  1.06136000e+01  1.10524112e+00  3.25482400e-01  2.73997370e-02  9.28508869e-02  1.09209892e+03 
 7.47142396e+14  8.21758271e+34  1.16861000e+01  1.12644688e+00  1.06226000e+01  1.11216599e+00  3.26416349e-01  2.71357469e-02  9.25634280e-02  1.05633634e+03 
 7.48233413e+14  8.29979490e+34  1.16881000e+01  1.13346380e+00  1.06326000e+01  1.11929641e+00  3.27317602e-01  2.67489588e-02  9.23261265e-02  1.02229050e+03 
 7.49324431e+14  8.38227412e+34  1.16891000e+01  1.14047446e+00  1.06416000e+01  1.12634294e+00  3.28277067e-01  2.65094483e-02  9.20834133e-02  9.89070694e+02 
 7.50415449e+14  8.46475334e+34  1.16911000e+01  1.14745565e+00  1.06516000e+01  1.13344300e+00  3.29179054e-01  2.61222102e-02  9.18032336e-02  9.57246269e+02 
 7.51506467e+14  8.54775199e+34  1.16921000e+01  1.15445073e+00  1.06606000e+01  1.14047720e+00  3.30142264e-01  2.58838179e-02  9.15169125e-02  9.26094551e+02 
 7.52597484e+14  8.63249899e+34  1.16941000e+01  1.16156225e+00  1.06706000e+01  1.14769715e+00  3.31068834e-01  2.55207293e-02  9.12809503e-02  8.96540876e+02 
 7.53688502e+14  8.71724599e+34  1.16961000e+01  1.16864248e+00  1.06796000e+01  1.15481022e+00  3.31993475e-01  2.52980182e-02  9.10008302e-02  8.67782217e+02 
 7.54779520e+14  8.80199299e+34  1.16981000e+01  1.17569109e+00  1.06896000e+01  1.16197563e+00  3.32916010e-01  2.49293643e-02  9.07224434e-02  8.40221181e+02 
 7.55870537e+14  8.88804100e+34  1.17001000e+01  1.18281539e+00  1.06986000e+01  1.16913066e+00  3.33852150e-01  2.47155738e-02  9.04426456e-02  8.13400956e+02 
 7.56961555e+14  8.97509750e+34  1.17021000e+01  1.18999017e+00  1.07086000e+01  1.17641256e+00  3.34798184e-01  2.43690484e-02  9.01620879e-02  7.87398328e+02 
 7.58052573e+14  9.06215400e+34  1.17041000e+01  1.19713156e+00  1.07186000e+01  1.18366567e+00  3.35741643e-01  2.40193475e-02  8.98830679e-02  7.62477426e+02 
 7.59143591e+14  9.14921050e+34  1.17061000e+01  1.20423930e+00  1.07276000e+01  1.19080937e+00  3.36682392e-01  2.38060517e-02  8.96055208e-02  7.38584706e+02 
 7.60234608e+14  9.23834202e+34  1.17081000e+01  1.21148164e+00  1.07376000e+01  1.19815647e+00  3.37645372e-01  2.34737555e-02  8.93245970e-02  7.15133912e+02 
 7.61325626e+14  9.32774979e+34  1.17101000e+01  1.21871133e+00  1.07466000e+01  1.20541292e+00  3.38608676e-01  2.32794622e-02  8.89992034e-02  6.92234562e+02 
 7.62416644e+14  9.41715756e+34  1.17131000e+01  1.22590564e+00  1.07566000e+01  1.21271958e+00  3.39510828e-01  2.29422509e-02  8.87276259e-02  6.70967196e+02 
 7.63507661e+14  9.50701089e+34  1.17151000e+01  1.23309995e+00  1.07656000e+01  1.21994684e+00  3.40472850e-01  2.27436075e-02  8.84490949e-02  6.50130254e+02 
 7.64598679e+14  9.59881173e+34  1.17181000e+01  1.24041342e+00  1.07756000e+01  1.22736429e+00  3.41396471e-01  2.24253019e-02  8.81297466e-02  6.29715846e+02 
 7.65689697e+14  9.69061256e+34  1.17201000e+01  1.24768981e+00  1.07846000e+01  1.23466863e+00  3.42374627e-01  2.22388062e-02  8.78493046e-02  6.10140913e+02 
 7.66780715e+14  9.78241340e+34  1.17231000e+01  1.25492895e+00  1.07946000e+01  1.24202221e+00  3.43290476e-01  2.19112048e-02  8.75326138e-02  5.91364076e+02 
 7.67871732e+14  9.87536821e+34  1.17251000e+01  1.26222104e+00  1.08036000e+01  1.24934384e+00  3.44274576e-01  2.17269679e-02  8.72072839e-02  5.72831422e+02 
 7.68962750e+14  9.96960390e+34  1.17281000e+01  1.26957502e+00  1.08136000e+01  1.25680463e+00  3.45210955e-01  2.14166193e-02  8.69322775e-02  5.55387232e+02 
 7.70053768e+14  1.00638396e+35  1.17311000e+01  1.27689011e+00  1.08226000e+01  1.26415029e+00  3.46142904e-01  2.12352608e-02  8.66139217e-02  5.38371621e+02 
 7.71144785e+14  1.01580753e+35  1.17341000e+01  1.28416617e+00  1.08316000e+01  1.27146228e+00  3.47070315e-01  2.10479755e-02  8.62967815e-02  5.22042410e+02 
 7.72235803e+14  1.02541569e+35  1.17371000e+01  1.29154469e+00  1.08416000e+01  1.27895067e+00  3.48014634e-01  2.07415773e-02  8.59767839e-02  5.06065131e+02 
 7.73326821e+14  1.03508692e+35  1.17401000e+01  1.29893123e+00  1.08506000e+01  1.28636600e+00  3.48961491e-01  2.05688654e-02  8.56565638e-02  4.90633517e+02 
 7.74417839e+14  1.04475815e+35  1.17421000e+01  1.30627718e+00  1.08606000e+01  1.29382878e+00  3.49963037e-01  2.02582163e-02  8.53298613e-02  4.75577823e+02 
