# rhoc (cgs) 	 Pc (cgs) 	 R (km) 	 M (msol) 	 R_core (km) 	 M_core (msol) 	 I/(MR^2) 	 I_crust/(M_crust R_crust^2)/(I/(MR^2)) 	 k_2 	 Lambda 
 2.30000000e+14  2.03177345e+33  2.59061000e+01  1.42694631e-01  7.07360000e+00  9.00297546e-02  4.49019639e-02  6.27452415e-01  2.78642912e-03  5.21901331e+07 
 2.30488130e+14  2.03779971e+33  2.58631000e+01  1.42811895e-01  7.07560000e+00  9.01878914e-02  4.50267332e-02  6.26766882e-01  2.80413082e-03  5.18737491e+07 
 2.30976261e+14  2.04382598e+33  2.58221000e+01  1.42928663e-01  7.07760000e+00  9.03458027e-02  4.51451698e-02  6.26081386e-01  2.82091918e-03  5.15608608e+07 
 2.31464391e+14  2.04985224e+33  2.57801000e+01  1.43044943e-01  7.08060000e+00  9.05264255e-02  4.52677254e-02  6.25213189e-01  2.83842139e-03  5.12513946e+07 
 2.31952522e+14  2.05587850e+33  2.57391000e+01  1.43160738e-01  7.08260000e+00  9.06838946e-02  4.53873944e-02  6.24527714e-01  2.85554286e-03  5.09453097e+07 
 2.32440652e+14  2.06190477e+33  2.56981000e+01  1.43276043e-01  7.08460000e+00  9.08411403e-02  4.55076738e-02  6.23842258e-01  2.87283050e-03  5.06425492e+07 
 2.32928783e+14  2.06793103e+33  2.56581000e+01  1.43390870e-01  7.08760000e+00  9.10211413e-02  4.56250146e-02  6.22973529e-01  2.88972374e-03  5.03430670e+07 
 2.33416913e+14  2.07395729e+33  2.56181000e+01  1.43505216e-01  7.08960000e+00  9.11779471e-02  4.57429442e-02  6.22288078e-01  2.90677793e-03  5.00468077e+07 
 2.33905043e+14  2.07998356e+33  2.55781000e+01  1.43619082e-01  7.09160000e+00  9.13345294e-02  4.58614644e-02  6.21602659e-01  2.92399438e-03  4.97537239e+07 
 2.34393174e+14  2.08600958e+33  2.55381000e+01  1.43732469e-01  7.09360000e+00  9.14908801e-02  4.59805821e-02  6.20917351e-01  2.94137515e-03  4.94637776e+07 
 2.34881304e+14  2.09203479e+33  2.54991000e+01  1.43845368e-01  7.09660000e+00  9.16700360e-02  4.60966849e-02  6.20047957e-01  2.95834210e-03  4.91769546e+07 
 2.35369435e+14  2.09806001e+33  2.54601000e+01  1.43957794e-01  7.09860000e+00  9.18259402e-02  4.62133582e-02  6.19362594e-01  2.97546713e-03  4.88931653e+07 
 2.35857565e+14  2.10408523e+33  2.54211000e+01  1.44069752e-01  7.10060000e+00  9.19816193e-02  4.63306067e-02  6.18677307e-01  2.99275183e-03  4.86123631e+07 
 2.36345696e+14  2.11011045e+33  2.53831000e+01  1.44181243e-01  7.10260000e+00  9.21370760e-02  4.64447718e-02  6.17992058e-01  3.00960487e-03  4.83345112e+07 
 2.36833826e+14  2.11613566e+33  2.53451000e+01  1.44292270e-01  7.10460000e+00  9.22923107e-02  4.65594869e-02  6.17306847e-01  3.02661151e-03  4.80595590e+07 
 2.37321956e+14  2.12216088e+33  2.53071000e+01  1.44402833e-01  7.10660000e+00  9.24473239e-02  4.66747547e-02  6.16621671e-01  3.04377315e-03  4.77874657e+07 
 2.37810087e+14  2.12818610e+33  2.52691000e+01  1.44512938e-01  7.10960000e+00  9.26252420e-02  4.67905790e-02  6.15751260e-01  3.06109118e-03  4.75181875e+07 
 2.38298217e+14  2.13421131e+33  2.52321000e+01  1.44622584e-01  7.11160000e+00  9.27798263e-02  4.69032429e-02  6.15065985e-01  3.07795711e-03  4.72516904e+07 
 2.38786348e+14  2.14023653e+33  2.51951000e+01  1.44731773e-01  7.11360000e+00  9.29341904e-02  4.70164382e-02  6.14380737e-01  3.09497327e-03  4.69879285e+07 
 2.39274478e+14  2.14626175e+33  2.51591000e+01  1.44840509e-01  7.11560000e+00  9.30883349e-02  4.71264207e-02  6.13695511e-01  3.11152272e-03  4.67268663e+07 
 2.39762609e+14  2.15228697e+33  2.51221000e+01  1.44948792e-01  7.11760000e+00  9.32422603e-02  4.72406718e-02  6.13010307e-01  3.12883876e-03  4.64684575e+07 
 2.40250739e+14  2.15831218e+33  2.50861000e+01  1.45056627e-01  7.11960000e+00  9.33959667e-02  4.73516865e-02  6.12325123e-01  3.14568209e-03  4.62126729e+07 
 2.40738869e+14  2.16433740e+33  2.50501000e+01  1.45164013e-01  7.12160000e+00  9.35494549e-02  4.74632136e-02  6.11639957e-01  3.16267193e-03  4.59594700e+07 
 2.41227000e+14  2.17036262e+33  2.50141000e+01  1.45270956e-01  7.12360000e+00  9.37027239e-02  4.75752565e-02  6.10954828e-01  3.17980961e-03  4.57088114e+07 
 2.41715130e+14  2.17638784e+33  2.49791000e+01  1.45377456e-01  7.12560000e+00  9.38557756e-02  4.76839983e-02  6.10269709e-01  3.19645670e-03  4.54606679e+07 
 2.42203261e+14  2.18241305e+33  2.49441000e+01  1.45483515e-01  7.12760000e+00  9.40086107e-02  4.77932308e-02  6.09584594e-01  3.21324516e-03  4.52149978e+07 
 2.42691391e+14  2.18843827e+33  2.49091000e+01  1.45589134e-01  7.12960000e+00  9.41612297e-02  4.79029564e-02  6.08899482e-01  3.23017623e-03  4.49717684e+07 
 2.43179522e+14  2.19445425e+33  2.48741000e+01  1.45694154e-01  7.13160000e+00  9.43134705e-02  4.80132150e-02  6.08214848e-01  3.24725965e-03  4.47313122e+07 
 2.43667652e+14  2.20046520e+33  2.48401000e+01  1.45798652e-01  7.13360000e+00  9.44654070e-02  4.81201171e-02  6.07530472e-01  3.26383601e-03  4.44934278e+07 
 2.44155783e+14  2.20647614e+33  2.48061000e+01  1.45902717e-01  7.13560000e+00  9.46171279e-02  4.82274910e-02  6.06846095e-01  3.28054976e-03  4.42578762e+07 
 2.44643913e+14  2.21248709e+33  2.47721000e+01  1.46006350e-01  7.13760000e+00  9.47686339e-02  4.83353385e-02  6.06161715e-01  3.29740197e-03  4.40246259e+07 
 2.45132043e+14  2.21849804e+33  2.47391000e+01  1.46109554e-01  7.13860000e+00  9.48966037e-02  4.84397453e-02  6.05665247e-01  3.31372414e-03  4.37936487e+07 
 2.45620174e+14  2.22450899e+33  2.47051000e+01  1.46212332e-01  7.14060000e+00  9.50476692e-02  4.85485322e-02  6.04981023e-01  3.33085200e-03  4.35649059e+07 
 2.46108304e+14  2.23051993e+33  2.46721000e+01  1.46314686e-01  7.14260000e+00  9.51985196e-02  4.86538555e-02  6.04296813e-01  3.34744356e-03  4.33383755e+07 
 2.46596435e+14  2.23653088e+33  2.46391000e+01  1.46416618e-01  7.14460000e+00  9.53491566e-02  4.87596329e-02  6.03612596e-01  3.36416910e-03  4.31140229e+07 
 2.47084565e+14  2.24254183e+33  2.46071000e+01  1.46518128e-01  7.14660000e+00  9.54995808e-02  4.88618942e-02  6.02928365e-01  3.38034297e-03  4.28918228e+07 
 2.47572696e+14  2.24855277e+33  2.45741000e+01  1.46619221e-01  7.14860000e+00  9.56497926e-02  4.89685712e-02  6.02244124e-01  3.39733516e-03  4.26717394e+07 
 2.48060826e+14  2.25456372e+33  2.45421000e+01  1.46719894e-01  7.14960000e+00  9.57764011e-02  4.90717074e-02  6.01748739e-01  3.41376885e-03  4.24537511e+07 
 2.48548956e+14  2.26057467e+33  2.45101000e+01  1.46820151e-01  7.15160000e+00  9.59261816e-02  4.91752764e-02  6.01064581e-01  3.43033167e-03  4.22378272e+07 
 2.49037087e+14  2.26658562e+33  2.44781000e+01  1.46919996e-01  7.15360000e+00  9.60757515e-02  4.92792809e-02  6.00380398e-01  3.44702471e-03  4.20239400e+07 
 2.49525217e+14  2.27259656e+33  2.44471000e+01  1.47019430e-01  7.15560000e+00  9.62251097e-02  4.93796833e-02  5.99696211e-01  3.46314092e-03  4.18120649e+07 
 2.50013348e+14  2.27860751e+33  2.44151000e+01  1.47118458e-01  7.15660000e+00  9.63508168e-02  4.94845527e-02  5.99201569e-01  3.48009329e-03  4.16021698e+07 
 2.50501478e+14  2.28461846e+33  2.43841000e+01  1.47217077e-01  7.15860000e+00  9.64997448e-02  4.95857942e-02  5.98517500e-01  3.49646170e-03  4.13942352e+07 
 2.50989609e+14  2.29062941e+33  2.43531000e+01  1.47315288e-01  7.16060000e+00  9.66484661e-02  4.96874495e-02  5.97833368e-01  3.51295514e-03  4.11882324e+07 
 2.51477739e+14  2.29663863e+33  2.43221000e+01  1.47413067e-01  7.16160000e+00  9.67734777e-02  4.97895284e-02  5.97339273e-01  3.52957636e-03  4.09841947e+07 
 2.51965869e+14  2.30261681e+33  2.42921000e+01  1.47509945e-01  7.16360000e+00  9.69212140e-02  4.98880490e-02  5.96656968e-01  3.54562572e-03  4.07830835e+07 
 2.52454000e+14  2.30859499e+33  2.42621000e+01  1.47606421e-01  7.16560000e+00  9.70687443e-02  4.99869618e-02  5.95974589e-01  3.56179438e-03  4.05838187e+07 
 2.52942130e+14  2.31457317e+33  2.42321000e+01  1.47702498e-01  7.16660000e+00  9.71925625e-02  5.00862689e-02  5.95482594e-01  3.57808322e-03  4.03863761e+07 
 2.53430261e+14  2.32055135e+33  2.42021000e+01  1.47798180e-01  7.16860000e+00  9.73396663e-02  5.01859743e-02  5.94800313e-01  3.59449352e-03  4.01907317e+07 
 2.53918391e+14  2.32652953e+33  2.41731000e+01  1.47893469e-01  7.17060000e+00  9.74865614e-02  5.02819184e-02  5.94118014e-01  3.61027942e-03  3.99968656e+07 
 2.54406522e+14  2.33250771e+33  2.41431000e+01  1.47988362e-01  7.17160000e+00  9.76097158e-02  5.03824077e-02  5.93626526e-01  3.62693010e-03  3.98047507e+07 
 2.54894652e+14  2.33848588e+33  2.41141000e+01  1.48082867e-01  7.17360000e+00  9.77561891e-02  5.04791125e-02  5.92944291e-01  3.64294950e-03  3.96143691e+07 
 2.55382782e+14  2.34446406e+33  2.40851000e+01  1.48176984e-01  7.17460000e+00  9.78788981e-02  5.05761938e-02  5.92453201e-01  3.65908481e-03  3.94256965e+07 
 2.55870913e+14  2.35044224e+33  2.40561000e+01  1.48270711e-01  7.17660000e+00  9.80249524e-02  5.06736515e-02  5.91771011e-01  3.67533646e-03  3.92387116e+07 
 2.56359043e+14  2.35642042e+33  2.40281000e+01  1.48364056e-01  7.17860000e+00  9.81707988e-02  5.07672640e-02  5.91088822e-01  3.69093801e-03  3.90533958e+07 
 2.56847174e+14  2.36239860e+33  2.39991000e+01  1.48457014e-01  7.17960000e+00  9.82928553e-02  5.08654685e-02  5.90598173e-01  3.70742100e-03  3.88697233e+07 
 2.57335304e+14  2.36837678e+33  2.39711000e+01  1.48549591e-01  7.18160000e+00  9.84382869e-02  5.09598022e-02  5.89916001e-01  3.72324639e-03  3.86876785e+07 
 2.57823435e+14  2.37435495e+33  2.39431000e+01  1.48641791e-01  7.18260000e+00  9.85599045e-02  5.10544947e-02  5.89425725e-01  3.73918320e-03  3.85072386e+07 
 2.58311565e+14  2.38033313e+33  2.39151000e+01  1.48733609e-01  7.18460000e+00  9.87049207e-02  5.11495438e-02  5.88743607e-01  3.75523146e-03  3.83283841e+07 
 2.58799695e+14  2.38631131e+33  2.38871000e+01  1.48825054e-01  7.18560000e+00  9.88261047e-02  5.12449540e-02  5.88253655e-01  3.77139253e-03  3.81510954e+07 
 2.59287826e+14  2.39228949e+33  2.38601000e+01  1.48916122e-01  7.18760000e+00  9.89707071e-02  5.13364203e-02  5.87571590e-01  3.78687317e-03  3.79753554e+07 
 2.59775956e+14  2.39826767e+33  2.38321000e+01  1.49006818e-01  7.18860000e+00  9.90914602e-02  5.14325398e-02  5.87081948e-01  3.80325694e-03  3.78011408e+07 
 2.60264087e+14  2.40422029e+33  2.38051000e+01  1.49096757e-01  7.19060000e+00  9.92352367e-02  5.15247987e-02  5.86401203e-01  3.81897871e-03  3.76291742e+07 
 2.60752217e+14  2.41014160e+33  2.37781000e+01  1.49185853e-01  7.19160000e+00  9.93546372e-02  5.16175262e-02  5.85914706e-01  3.83483850e-03  3.74595879e+07 
 2.61240348e+14  2.41606290e+33  2.37521000e+01  1.49274582e-01  7.19260000e+00  9.94738163e-02  5.17062411e-02  5.85428437e-01  3.84999596e-03  3.72914610e+07 
 2.61728478e+14  2.42198421e+33  2.37251000e+01  1.49362945e-01  7.19460000e+00  9.96164620e-02  5.17996399e-02  5.84749403e-01  3.86606790e-03  3.71247706e+07 
 2.62216608e+14  2.42790552e+33  2.36991000e+01  1.49450944e-01  7.19560000e+00  9.97352112e-02  5.18890032e-02  5.84263461e-01  3.88143042e-03  3.69595049e+07 
 2.62704739e+14  2.43382682e+33  2.36731000e+01  1.49538579e-01  7.19760000e+00  9.98774465e-02  5.19786854e-02  5.83584466e-01  3.89689419e-03  3.67956443e+07 
 2.63192869e+14  2.43974813e+33  2.36471000e+01  1.49625853e-01  7.19860000e+00  9.99957694e-02  5.20686884e-02  5.83098825e-01  3.91245993e-03  3.66331719e+07 
 2.63681000e+14  2.44566943e+33  2.36211000e+01  1.49712769e-01  7.19960000e+00  1.00113874e-01  5.21590132e-02  5.82613407e-01  3.92812830e-03  3.64720712e+07 
 2.64169130e+14  2.45159074e+33  2.35951000e+01  1.49799324e-01  7.20160000e+00  1.00255495e-01  5.22496593e-02  5.81934524e-01  3.94389960e-03  3.63123264e+07 
 2.64657261e+14  2.45751204e+33  2.35701000e+01  1.49885527e-01  7.20260000e+00  1.00373176e-01  5.23361898e-02  5.81449425e-01  3.95893541e-03  3.61539230e+07 
 2.65145391e+14  2.46343335e+33  2.35451000e+01  1.49971372e-01  7.20360000e+00  1.00490643e-01  5.24230181e-02  5.80964480e-01  3.97406679e-03  3.59968437e+07 
 2.65633522e+14  2.46935465e+33  2.35191000e+01  1.50056864e-01  7.20560000e+00  1.00631654e-01  5.25146135e-02  5.80285725e-01  3.99014269e-03  3.58410701e+07 
 2.66121652e+14  2.47527596e+33  2.34941000e+01  1.50142007e-01  7.20660000e+00  1.00748700e-01  5.26020583e-02  5.79801107e-01  4.00547214e-03  3.56865918e+07 
 2.66609782e+14  2.48119727e+33  2.34691000e+01  1.50226797e-01  7.20760000e+00  1.00865536e-01  5.26898039e-02  5.79316639e-01  4.02089885e-03  3.55333919e+07 
 2.67097913e+14  2.48711857e+33  2.34451000e+01  1.50311242e-01  7.20960000e+00  1.01005939e-01  5.27733526e-02  5.78637998e-01  4.03556360e-03  3.53814568e+07 
 2.67586043e+14  2.49303988e+33  2.34201000e+01  1.50395339e-01  7.21060000e+00  1.01122358e-01  5.28616956e-02  5.78153838e-01  4.05118330e-03  3.52307682e+07 
 2.68074174e+14  2.49896118e+33  2.33961000e+01  1.50479089e-01  7.21160000e+00  1.01238567e-01  5.29458161e-02  5.77669830e-01  4.06603318e-03  3.50813160e+07 
 2.68562304e+14  2.50488249e+33  2.33711000e+01  1.50562498e-01  7.21260000e+00  1.01354563e-01  5.30347590e-02  5.77186057e-01  4.08184782e-03  3.49330815e+07 
 2.69050435e+14  2.51073081e+33  2.33471000e+01  1.50644542e-01  7.21460000e+00  1.01493029e-01  5.31197605e-02  5.76511149e-01  4.09695955e-03  3.47878645e+07 
 2.69538565e+14  2.51656508e+33  2.33241000e+01  1.50726045e-01  7.21560000e+00  1.01607260e-01  5.32005412e-02  5.76031863e-01  4.11129703e-03  3.46441727e+07 
 2.70026695e+14  2.52239934e+33  2.33001000e+01  1.50807209e-01  7.21660000e+00  1.01721279e-01  5.32861591e-02  5.75552776e-01  4.12660526e-03  3.45016385e+07 
 2.70514826e+14  2.52823360e+33  2.32771000e+01  1.50888041e-01  7.21760000e+00  1.01835083e-01  5.33674819e-02  5.75073961e-01  4.14111895e-03  3.43602520e+07 
 2.71002956e+14  2.53406786e+33  2.32541000e+01  1.50968537e-01  7.21960000e+00  1.01972527e-01  5.34490682e-02  5.74399927e-01  4.15571889e-03  3.42199991e+07 
 2.71491087e+14  2.53990212e+33  2.32301000e+01  1.51048695e-01  7.22060000e+00  1.02085924e-01  5.35355271e-02  5.73921315e-01  4.17130282e-03  3.40808652e+07 
 2.71979217e+14  2.54573638e+33  2.32071000e+01  1.51128520e-01  7.22160000e+00  1.02199113e-01  5.36176544e-02  5.73442886e-01  4.18608069e-03  3.39428414e+07 
 2.72467348e+14  2.55157064e+33  2.31851000e+01  1.51208018e-01  7.22260000e+00  1.02312090e-01  5.36954183e-02  5.72964700e-01  4.20004117e-03  3.38059145e+07 
 2.72955478e+14  2.55740490e+33  2.31621000e+01  1.51287187e-01  7.22360000e+00  1.02424859e-01  5.37780711e-02  5.72486713e-01  4.21499158e-03  3.36700693e+07 
 2.73443608e+14  2.56323916e+33  2.31391000e+01  1.51366026e-01  7.22460000e+00  1.02537423e-01  5.38609905e-02  5.72008873e-01  4.23003040e-03  3.35352958e+07 
 2.73931739e+14  2.56907342e+33  2.31171000e+01  1.51444536e-01  7.22560000e+00  1.02649784e-01  5.39395104e-02  5.71531182e-01  4.24424028e-03  3.34015837e+07 
 2.74419869e+14  2.57490768e+33  2.30941000e+01  1.51522720e-01  7.22760000e+00  1.02785841e-01  5.40229553e-02  5.70857475e-01  4.25945343e-03  3.32689175e+07 
 2.74908000e+14  2.58074194e+33  2.30721000e+01  1.51600584e-01  7.22860000e+00  1.02897798e-01  5.41019817e-02  5.70380064e-01  4.27383100e-03  3.31372898e+07 
 2.75396130e+14  2.58657620e+33  2.30501000e+01  1.51678126e-01  7.22960000e+00  1.03009549e-01  5.41812569e-02  5.69902851e-01  4.28829098e-03  3.30066862e+07 
 2.75884261e+14  2.59241047e+33  2.30281000e+01  1.51755347e-01  7.23060000e+00  1.03121097e-01  5.42607803e-02  5.69425803e-01  4.30283366e-03  3.28770968e+07 
 2.76372391e+14  2.59824473e+33  2.30061000e+01  1.51832248e-01  7.23160000e+00  1.03232443e-01  5.43405527e-02  5.68948921e-01  4.31745935e-03  3.27485094e+07 
 2.76860521e+14  2.60407899e+33  2.29851000e+01  1.51908829e-01  7.23260000e+00  1.03343589e-01  5.44158379e-02  5.68472169e-01  4.33122629e-03  3.26209163e+07 
 2.77348652e+14  2.62922953e+33  2.28911000e+01  1.52238688e-01  7.23760000e+00  1.03840404e-01  5.47588001e-02  5.66273081e-01  4.39456531e-03  3.20769044e+07 
 2.77836782e+14  2.72286081e+33  2.25421000e+01  1.53511568e-01  7.25460000e+00  1.05706926e-01  5.60570879e-02  5.58221577e-01  4.63890257e-03  3.00780694e+07 
 2.78324913e+14  2.81649209e+33  2.21891000e+01  1.54867996e-01  7.27260000e+00  1.07680680e-01  5.74299328e-02  5.49771416e-01  4.90573594e-03  2.81295379e+07 
 2.78813043e+14  2.91012338e+33  2.18361000e+01  1.56314447e-01  7.29160000e+00  1.09755578e-01  5.88714323e-02  5.41000334e-01  5.19519559e-03  2.62452103e+07 
 2.79301174e+14  2.99655372e+33  2.15121000e+01  1.57731585e-01  7.30960000e+00  1.11745717e-01  6.02625562e-02  5.32756777e-01  5.48360717e-03  2.45728440e+07 
 2.79789304e+14  3.03113974e+33  2.13831000e+01  1.58319191e-01  7.31660000e+00  1.12551714e-01  6.08366356e-02  5.29498930e-01  5.60528408e-03  2.39249773e+07 
 2.80277434e+14  3.06572577e+33  2.12561000e+01  1.58916655e-01  7.32460000e+00  1.13388614e-01  6.14120862e-02  5.26042148e-01  5.72869752e-03  2.32913746e+07 
 2.80765565e+14  3.10031180e+33  2.11301000e+01  1.59523793e-01  7.33160000e+00  1.14207173e-01  6.19946291e-02  5.22798012e-01  5.85521186e-03  2.26720826e+07 
 2.81253695e+14  3.13489782e+33  2.10051000e+01  1.60140432e-01  7.33960000e+00  1.15056350e-01  6.25843877e-02  5.19356345e-01  5.98492037e-03  2.20671140e+07 
 2.81741826e+14  3.16948385e+33  2.08811000e+01  1.60766401e-01  7.34760000e+00  1.15911405e-01  6.31814837e-02  5.15923882e-01  6.11791843e-03  2.14764493e+07 
 2.82229956e+14  3.20406988e+33  2.07581000e+01  1.61401530e-01  7.35560000e+00  1.16772154e-01  6.37860340e-02  5.12501878e-01  6.25430251e-03  2.09000358e+07 
 2.82718087e+14  3.23879298e+33  2.06371000e+01  1.62048220e-01  7.36260000e+00  1.17616266e-01  6.43913417e-02  5.09293021e-01  6.39243634e-03  2.03355915e+07 
 2.83206217e+14  3.27570057e+33  2.05091000e+01  1.62745520e-01  7.37160000e+00  1.18558208e-01  6.50459901e-02  5.05571474e-01  6.54385448e-03  1.97510333e+07 
 2.83694347e+14  3.31260816e+33  2.03831000e+01  1.63452987e-01  7.37960000e+00  1.19481456e-01  6.57036633e-02  5.02074209e-01  6.69793362e-03  1.91820973e+07 
 2.84182478e+14  3.34951575e+33  2.02591000e+01  1.64170425e-01  7.38860000e+00  1.20435596e-01  6.63642022e-02  4.98384035e-01  6.85466492e-03  1.86286223e+07 
 2.84670608e+14  3.38642333e+33  2.01361000e+01  1.64897637e-01  7.39760000e+00  1.21395566e-01  6.70340868e-02  4.94711220e-01  7.01577429e-03  1.80904191e+07 
 2.85158739e+14  3.42333092e+33  2.00151000e+01  1.65634419e-01  7.40560000e+00  1.22336078e-01  6.77066730e-02  4.91268125e-01  7.17959850e-03  1.75672755e+07 
 2.85646869e+14  3.46023851e+33  1.98961000e+01  1.66380570e-01  7.41460000e+00  1.23307098e-01  6.83817453e-02  4.87633878e-01  7.34610950e-03  1.70589584e+07 
 2.86135000e+14  3.49714609e+33  1.97781000e+01  1.67135887e-01  7.42360000e+00  1.24283411e-01  6.90660549e-02  4.84020141e-01  7.51717158e-03  1.65652170e+07 
 2.86623130e+14  3.53647169e+33  1.96551000e+01  1.67950721e-01  7.43360000e+00  1.25339863e-01  6.97938515e-02  4.80105590e-01  7.70138262e-03  1.60547672e+07 
 2.87111261e+14  3.57582368e+33  1.95331000e+01  1.68776407e-01  7.44260000e+00  1.26377514e-01  7.05327824e-02  4.76427533e-01  7.89107152e-03  1.55597114e+07 
 2.87599391e+14  3.61517567e+33  1.94141000e+01  1.69612167e-01  7.45260000e+00  1.27446266e-01  7.12683864e-02  4.72562121e-01  8.08227816e-03  1.50800739e+07 
 2.88087521e+14  3.65452766e+33  1.92961000e+01  1.70457763e-01  7.46260000e+00  1.28520646e-01  7.20149754e-02  4.68723088e-01  8.27907868e-03  1.46155167e+07 
 2.88575652e+14  3.69387965e+33  1.91801000e+01  1.71312959e-01  7.47160000e+00  1.29574929e-01  7.27650542e-02  4.65126007e-01  8.47941971e-03  1.41656911e+07 
 2.89063782e+14  3.73323164e+33  1.90661000e+01  1.72177519e-01  7.48160000e+00  1.30659974e-01  7.35183282e-02  4.61342599e-01  8.68325742e-03  1.37302411e+07 
 2.89551913e+14  3.77258363e+33  1.89541000e+01  1.73051209e-01  7.49160000e+00  1.31750135e-01  7.42744832e-02  4.57587806e-01  8.89053755e-03  1.33088045e+07 
 2.90040043e+14  3.81428124e+33  1.88381000e+01  1.73986850e-01  7.50160000e+00  1.32895477e-01  7.50745350e-02  4.53769663e-01  9.11265587e-03  1.28770598e+07 
 2.90528174e+14  3.85620507e+33  1.87231000e+01  1.74937767e-01  7.51260000e+00  1.34077148e-01  7.58863777e-02  4.49759838e-01  9.34120464e-03  1.24578231e+07 
 2.91016304e+14  3.89812889e+33  1.86101000e+01  1.75898647e-01  7.52360000e+00  1.35264470e-01  7.67024990e-02  4.45783765e-01  9.57409483e-03  1.20530553e+07 
 2.91504434e+14  3.94005272e+33  1.85001000e+01  1.76869221e-01  7.53360000e+00  1.36431287e-01  7.75141681e-02  4.42059269e-01  9.80862179e-03  1.16623328e+07 
 2.91992565e+14  3.98197654e+33  1.83911000e+01  1.77849233e-01  7.54460000e+00  1.37629308e-01  7.83376381e-02  4.38152740e-01  1.00499416e-02  1.12852314e+07 
 2.92480695e+14  4.02390036e+33  1.82851000e+01  1.78838416e-01  7.55560000e+00  1.38832463e-01  7.91556103e-02  4.34281435e-01  1.02925875e-02  1.09213311e+07 
 2.92968826e+14  4.06582419e+33  1.81801000e+01  1.79836519e-01  7.56660000e+00  1.40040595e-01  7.99848481e-02  4.30445711e-01  1.05420118e-02  1.05702138e+07 
 2.93456956e+14  4.10998463e+33  1.80721000e+01  1.80897390e-01  7.57760000e+00  1.41303103e-01  8.08568817e-02  4.26572282e-01  1.08076832e-02  1.02136880e+07 
 2.93945087e+14  4.15461238e+33  1.79661000e+01  1.81979392e-01  7.58960000e+00  1.42607802e-01  8.17319748e-02  4.22504994e-01  1.10776259e-02  9.86672637e+06 
 2.94433217e+14  4.19924014e+33  1.78611000e+01  1.83071073e-01  7.60060000e+00  1.43891590e-01  8.26198867e-02  4.18697555e-01  1.13554850e-02  9.53271144e+06 
 2.94921347e+14  4.24386790e+33  1.77591000e+01  1.84172146e-01  7.61260000e+00  1.45207091e-01  8.35018005e-02  4.14712036e-01  1.16348904e-02  9.21118898e+06 
 2.95409478e+14  4.28849565e+33  1.76591000e+01  1.85282330e-01  7.62460000e+00  1.46527777e-01  8.43863239e-02  4.10767504e-01  1.19187978e-02  8.90171421e+06 
 2.95897608e+14  4.33312341e+33  1.75611000e+01  1.86401349e-01  7.63560000e+00  1.47826809e-01  8.52729434e-02  4.07083992e-01  1.22070626e-02  8.60385093e+06 
 2.96385739e+14  4.37775117e+33  1.74651000e+01  1.87528932e-01  7.64760000e+00  1.49157314e-01  8.61611224e-02  4.03221793e-01  1.24995222e-02  8.31717375e+06 
 2.96873869e+14  4.42446452e+33  1.73661000e+01  1.88718225e-01  7.65960000e+00  1.50540110e-01  8.70984518e-02  3.99346481e-01  1.28123623e-02  8.02860068e+06 
 2.97362000e+14  4.47193305e+33  1.72691000e+01  1.89936213e-01  7.67260000e+00  1.51972397e-01  8.80377804e-02  3.95276526e-01  1.31295173e-02  7.74687926e+06 
 2.97850130e+14  4.51940157e+33  1.71731000e+01  1.91163462e-01  7.68460000e+00  1.53383099e-01  8.89897279e-02  3.91473135e-01  1.34555037e-02  7.47631171e+06 
 2.98338260e+14  4.56687009e+33  1.70801000e+01  1.92399662e-01  7.69760000e+00  1.54826015e-01  8.99331281e-02  3.87494714e-01  1.37824084e-02  7.21645688e+06 
 2.98826391e+14  4.61433861e+33  1.69891000e+01  1.93644533e-01  7.70960000e+00  1.56246830e-01  9.08775672e-02  3.83782853e-01  1.41138236e-02  6.96688640e+06 
 2.99314521e+14  4.66180713e+33  1.69001000e+01  1.94897784e-01  7.72260000e+00  1.57699709e-01  9.18223974e-02  3.79895321e-01  1.44495120e-02  6.72718586e+06 
 2.99802652e+14  4.70927566e+33  1.68121000e+01  1.96159140e-01  7.73460000e+00  1.59130008e-01  9.27779910e-02  3.76273903e-01  1.47936155e-02  6.49695384e+06 
 3.00290782e+14  4.75863087e+33  1.67241000e+01  1.97479027e-01  7.74860000e+00  1.60663845e-01  9.37554533e-02  3.72218659e-01  1.51493776e-02  6.26717842e+06 
 3.00778913e+14  4.80908179e+33  1.66361000e+01  1.98837139e-01  7.76160000e+00  1.62201120e-01  9.47558267e-02  3.68412696e-01  1.55180785e-02  6.04194001e+06 
 3.01267043e+14  4.85953270e+33  1.65501000e+01  2.00203985e-01  7.77460000e+00  1.63743595e-01  9.57564371e-02  3.64655944e-01  1.58914859e-02  5.82602587e+06 
 3.01755173e+14  4.90998362e+33  1.64651000e+01  2.01579264e-01  7.78860000e+00  1.65318849e-01  9.67683098e-02  3.60726621e-01  1.62742401e-02  5.61903429e+06 
 3.02243304e+14  4.96043454e+33  1.63831000e+01  2.02962676e-01  7.80160000e+00  1.66871310e-01  9.77673549e-02  3.57066916e-01  1.66562680e-02  5.42057784e+06 
 3.02731434e+14  5.01088546e+33  1.63031000e+01  2.04353933e-01  7.81460000e+00  1.68428479e-01  9.87643697e-02  3.53454895e-01  1.70420175e-02  5.23028495e+06 
 3.03219565e+14  5.06133638e+33  1.62251000e+01  2.05752748e-01  7.82860000e+00  1.70018263e-01  9.97585527e-02  3.49668433e-01  1.74311061e-02  5.04779852e+06 
 3.03707695e+14  5.11342070e+33  1.61461000e+01  2.07204569e-01  7.84160000e+00  1.71623518e-01  1.00788246e-01  3.46129802e-01  1.78390290e-02  4.86722187e+06 
 3.04195826e+14  5.16700051e+33  1.60671000e+01  2.08706362e-01  7.85660000e+00  1.73325885e-01  1.01842192e-01  3.42180251e-01  1.82613636e-02  4.68932820e+06 
 3.04683956e+14  5.22058032e+33  1.59901000e+01  2.10216298e-01  7.87060000e+00  1.75005262e-01  1.02893600e-01  3.38502717e-01  1.86876359e-02  4.51904557e+06 
 3.05172086e+14  5.27416013e+33  1.59151000e+01  2.11734068e-01  7.88460000e+00  1.76689625e-01  1.03941596e-01  3.34875081e-01  1.91174005e-02  4.35602509e+06 
 3.05660217e+14  5.32773994e+33  1.58421000e+01  2.13259386e-01  7.89860000e+00  1.78378804e-01  1.04985300e-01  3.31296736e-01  1.95501888e-02  4.19993251e+06 
 3.06148347e+14  5.38131974e+33  1.57711000e+01  2.14791944e-01  7.91260000e+00  1.80072665e-01  1.06023784e-01  3.27766571e-01  1.99854897e-02  4.05044892e+06 
 3.06636478e+14  5.43489955e+33  1.57011000e+01  2.16331472e-01  7.92660000e+00  1.81771054e-01  1.07069770e-01  3.24283908e-01  2.04292820e-02  3.90726941e+06 
 3.07124608e+14  5.48979801e+33  1.56321000e+01  2.17915875e-01  7.94160000e+00  1.83534745e-01  1.08125580e-01  3.20619304e-01  2.08814930e-02  3.76679689e+06 
 3.07612739e+14  5.54665812e+33  1.55621000e+01  2.19564477e-01  7.95660000e+00  1.85351179e-01  1.09220886e-01  3.16992627e-01  2.13560474e-02  3.62760405e+06 
 3.08100869e+14  5.60351823e+33  1.54941000e+01  2.21220591e-01  7.97060000e+00  1.87143659e-01  1.10310102e-01  3.13636850e-01  2.18330176e-02  3.49450913e+06 
 3.08589000e+14  5.66037833e+33  1.54271000e+01  2.22883901e-01  7.98560000e+00  1.88970070e-01  1.11406659e-01  3.10110237e-01  2.23190208e-02  3.36722000e+06 
 3.09077130e+14  5.71723844e+33  1.53621000e+01  2.24554110e-01  8.00060000e+00  1.90801287e-01  1.12495501e-01  3.06632230e-01  2.28065562e-02  3.24545798e+06 
 3.09565260e+14  5.77409854e+33  1.52991000e+01  2.26230936e-01  8.01560000e+00  1.92637160e-01  1.13575595e-01  3.03201854e-01  2.32949550e-02  3.12895783e+06 
 3.10053391e+14  5.83095865e+33  1.52381000e+01  2.27914101e-01  8.03060000e+00  1.94477545e-01  1.14645895e-01  2.99818115e-01  2.37835179e-02  3.01746744e+06 
 3.10541521e+14  5.88875347e+33  1.51771000e+01  2.29631166e-01  8.04560000e+00  1.96345383e-01  1.15738628e-01  2.96479471e-01  2.42879031e-02  2.90903016e+06 
 3.11029652e+14  5.94905024e+33  1.51161000e+01  2.31429407e-01  8.06060000e+00  1.98279748e-01  1.16859244e-01  2.93187435e-01  2.48095010e-02  2.80086694e+06 
 3.11517782e+14  6.00934702e+33  1.50561000e+01  2.33234483e-01  8.07660000e+00  2.00248864e-01  1.17985109e-01  2.89725412e-01  2.53394763e-02  2.69752000e+06 
 3.12005913e+14  6.06964379e+33  1.49971000e+01  2.35046091e-01  8.09160000e+00  2.02192971e-01  1.19115742e-01  2.86529713e-01  2.58776621e-02  2.59875114e+06 
 3.12494043e+14  6.12994056e+33  1.49401000e+01  2.36863944e-01  8.10760000e+00  2.04171721e-01  1.20234551e-01  2.83162607e-01  2.64150307e-02  2.50433393e+06 
 3.12982173e+14  6.19023733e+33  1.48851000e+01  2.38687748e-01  8.12260000e+00  2.06124943e-01  1.21340379e-01  2.80058765e-01  2.69507190e-02  2.41405347e+06 
 3.13470304e+14  6.25053410e+33  1.48311000e+01  2.40517235e-01  8.13760000e+00  2.08082441e-01  1.22448599e-01  2.76999085e-01  2.74931183e-02  2.32770629e+06 
 3.13958434e+14  6.31130406e+33  1.47791000e+01  2.42366565e-01  8.15360000e+00  2.10086342e-01  1.23543785e-01  2.73767526e-01  2.80329014e-02  2.24446496e+06 
 3.14446565e+14  6.37519887e+33  1.47251000e+01  2.44317045e-01  8.16960000e+00  2.12173101e-01  1.24703279e-01  2.70594517e-01  2.86106294e-02  2.16081814e+06 
 3.14934695e+14  6.43909369e+33  1.46721000e+01  2.46273675e-01  8.18560000e+00  2.14264746e-01  1.25865355e-01  2.67467638e-01  2.91956862e-02  2.08093492e+06 
 3.15422826e+14  6.50298850e+33  1.46211000e+01  2.48236155e-01  8.20160000e+00  2.16361123e-01  1.27012068e-01  2.64385590e-01  2.97775966e-02  2.00462473e+06 
 3.15910956e+14  6.56688332e+33  1.45721000e+01  2.50204193e-01  8.21760000e+00  2.18462073e-01  1.28142190e-01  2.61347184e-01  3.03553421e-02  1.93170725e+06 
 3.16399086e+14  6.63077813e+33  1.45231000e+01  2.52177520e-01  8.23360000e+00  2.20567438e-01  1.29290107e-01  2.58351393e-01  3.09491884e-02  1.86201183e+06 
 3.16887217e+14  6.69467295e+33  1.44771000e+01  2.54155860e-01  8.24960000e+00  2.22677086e-01  1.30401804e-01  2.55396893e-01  3.15268052e-02  1.79537668e+06 
 3.17375347e+14  6.75856776e+33  1.44311000e+01  2.56138954e-01  8.26560000e+00  2.24790880e-01  1.31530099e-01  2.52482576e-01  3.21197732e-02  1.73164904e+06 
 3.17863478e+14  6.82615193e+33  1.43841000e+01  2.58241782e-01  8.28260000e+00  2.27033749e-01  1.32711135e-01  2.49426315e-01  3.27452026e-02  1.66723561e+06 
 3.18351608e+14  6.89381120e+33  1.43391000e+01  2.60352399e-01  8.29860000e+00  2.29251900e-01  1.33873217e-01  2.46626735e-01  3.33645679e-02  1.60566682e+06 
 3.18839739e+14  6.96147048e+33  1.42941000e+01  2.62468168e-01  8.31560000e+00  2.31506184e-01  1.35052486e-01  2.43655178e-01  3.40003617e-02  1.54686637e+06 
 3.19327869e+14  7.02912976e+33  1.42511000e+01  2.64588812e-01  8.33260000e+00  2.33765040e-01  1.36210735e-01  2.40724158e-01  3.46286152e-02  1.49069248e+06 
 3.19815999e+14  7.09678903e+33  1.42101000e+01  2.66714065e-01  8.34860000e+00  2.35996423e-01  1.37346664e-01  2.38044252e-01  3.52480972e-02  1.43701114e+06 
 3.20304130e+14  7.16444831e+33  1.41691000e+01  2.68843650e-01  8.36560000e+00  2.38263877e-01  1.38498061e-01  2.35190142e-01  3.58828690e-02  1.38569596e+06 
 3.20792260e+14  7.23210759e+33  1.41301000e+01  2.70977325e-01  8.38160000e+00  2.40503322e-01  1.39625405e-01  2.32583937e-01  3.65073683e-02  1.33662729e+06 
 3.21280391e+14  7.30298272e+33  1.40901000e+01  2.73216771e-01  8.39860000e+00  2.42861183e-01  1.40804969e-01  2.29840952e-01  3.71661659e-02  1.28750743e+06 
 3.21768521e+14  7.37457795e+33  1.40501000e+01  2.75483681e-01  8.41560000e+00  2.45242058e-01  1.42004318e-01  2.27144698e-01  3.78425341e-02  1.24012734e+06 
 3.22256652e+14  7.44617318e+33  1.40121000e+01  2.77755050e-01  8.43260000e+00  2.47627425e-01  1.43178695e-01  2.24485532e-01  3.85079074e-02  1.19488091e+06 
 3.22744782e+14  7.51776841e+33  1.39751000e+01  2.80030597e-01  8.44960000e+00  2.50017123e-01  1.44347399e-01  2.21862274e-01  3.91749095e-02  1.15165811e+06 
 3.23232912e+14  7.58936364e+33  1.39391000e+01  2.82310062e-01  8.46660000e+00  2.52410994e-01  1.45509746e-01  2.19273882e-01  3.98429598e-02  1.11035500e+06 
 3.23721043e+14  7.66095886e+33  1.39041000e+01  2.84593187e-01  8.48360000e+00  2.54808906e-01  1.46665044e-01  2.16719141e-01  4.05114543e-02  1.07087340e+06 
 3.24209173e+14  7.73255409e+33  1.38701000e+01  2.86879724e-01  8.50060000e+00  2.57210720e-01  1.47812600e-01  2.14196961e-01  4.11797755e-02  1.03312065e+06 
 3.24697304e+14  7.80678935e+33  1.38361000e+01  2.89254081e-01  8.51760000e+00  2.59684389e-01  1.48989332e-01  2.11744589e-01  4.18689036e-02  9.95705605e+05 
 3.25185434e+14  7.88249711e+33  1.38031000e+01  2.91679488e-01  8.53560000e+00  2.62233618e-01  1.50167000e-01  2.09140522e-01  4.25612761e-02  9.59260909e+05 
 3.25673565e+14  7.95820487e+33  1.37701000e+01  2.94108644e-01  8.55260000e+00  2.64753864e-01  1.51358048e-01  2.06775211e-01  4.32684285e-02  9.24455539e+05 
 3.26161695e+14  8.03391263e+33  1.37381000e+01  2.96541286e-01  8.57060000e+00  2.67311799e-01  1.52540221e-01  2.04236151e-01  4.39745550e-02  8.91204491e+05 
 3.26649825e+14  8.10962039e+33  1.37081000e+01  2.98977158e-01  8.58760000e+00  2.69840146e-01  1.53690376e-01  2.01932714e-01  4.46626698e-02  8.59427666e+05 
 3.27137956e+14  8.18532815e+33  1.36781000e+01  3.01415997e-01  8.60460000e+00  2.72372280e-01  1.54852413e-01  1.99658105e-01  4.53643489e-02  8.29049472e+05 
 3.27626086e+14  8.26103591e+33  1.36491000e+01  3.03857573e-01  8.62260000e+00  2.74942057e-01  1.56003423e-01  1.97208505e-01  4.60628804e-02  7.99998600e+05 
 3.28114217e+14  8.33869393e+33  1.36201000e+01  3.06364724e-01  8.63960000e+00  2.77532018e-01  1.57178629e-01  1.95021445e-01  4.67803832e-02  7.71506958e+05 
 3.28602347e+14  8.41869591e+33  1.35911000e+01  3.08950708e-01  8.65760000e+00  2.80220944e-01  1.58381104e-01  1.92698606e-01  4.75186102e-02  7.43462681e+05 
 3.29090478e+14  8.49869789e+33  1.35641000e+01  3.11539742e-01  8.67560000e+00  2.82914091e-01  1.59548464e-01  1.90404276e-01  4.82354721e-02  7.16675488e+05 
 3.29578608e+14  8.57869987e+33  1.35371000e+01  3.14131560e-01  8.69360000e+00  2.85611297e-01  1.60726806e-01  1.88137476e-01  4.89654542e-02  6.91080272e+05 
 3.30066739e+14  8.65870185e+33  1.35111000e+01  3.16725901e-01  8.71160000e+00  2.88312407e-01  1.61892080e-01  1.85897173e-01  4.96902790e-02  6.66615572e+05 
 3.30554869e+14  8.73870382e+33  1.34851000e+01  3.19322529e-01  8.72860000e+00  2.90982406e-01  1.63067743e-01  1.83881943e-01  5.04278445e-02  6.43223404e+05 
 3.31042999e+14  8.81870580e+33  1.34611000e+01  3.21921207e-01  8.74660000e+00  2.93690762e-01  1.64204908e-01  1.81691220e-01  5.11402473e-02  6.20849044e+05 
 3.31531130e+14  8.89984182e+33  1.34371000e+01  3.24558605e-01  8.76460000e+00  2.96432116e-01  1.65359384e-01  1.79544302e-01  5.18681469e-02  5.99144001e+05 
 3.32019260e+14  8.98432481e+33  1.34131000e+01  3.27307132e-01  8.78260000e+00  2.99264393e-01  1.66547019e-01  1.77480585e-01  5.26193895e-02  5.77540776e+05 
 3.32507391e+14  9.06880781e+33  1.33891000e+01  3.30057995e-01  8.80060000e+00  3.02100599e-01  1.67744512e-01  1.75440599e-01  5.33831202e-02  5.56900969e+05 
 3.32995521e+14  9.15329080e+33  1.33671000e+01  3.32810928e-01  8.81860000e+00  3.04940561e-01  1.68901216e-01  1.73423417e-01  5.41189170e-02  5.37174731e+05 
 3.33483652e+14  9.23777379e+33  1.33451000e+01  3.35565686e-01  8.83660000e+00  3.07784118e-01  1.70066724e-01  1.71428274e-01  5.48660934e-02  5.18315094e+05 
 3.33971782e+14  9.32225678e+33  1.33231000e+01  3.38322035e-01  8.85460000e+00  3.10631135e-01  1.71240947e-01  1.69454256e-01  5.56247088e-02  5.00277700e+05 
 3.34459912e+14  9.40673978e+33  1.33031000e+01  3.41079736e-01  8.87260000e+00  3.13481474e-01  1.72371945e-01  1.67500432e-01  5.63524351e-02  4.83020713e+05 
 3.34948043e+14  9.49140065e+33  1.32831000e+01  3.43844383e-01  8.89060000e+00  3.16339640e-01  1.73511924e-01  1.65569371e-01  5.70911046e-02  4.66470699e+05 
 3.35436173e+14  9.58055656e+33  1.32631000e+01  3.46757261e-01  8.90960000e+00  3.19354829e-01  1.74692772e-01  1.63547685e-01  5.78570542e-02  4.49802739e+05 
 3.35924304e+14  9.66971247e+33  1.32431000e+01  3.49671761e-01  8.92760000e+00  3.22337425e-01  1.75881699e-01  1.61739256e-01  5.86339361e-02  4.33873296e+05 
 3.36412434e+14  9.75886837e+33  1.32251000e+01  3.52587608e-01  8.94560000e+00  3.25323459e-01  1.77025037e-01  1.59949130e-01  5.93768550e-02  4.18644290e+05 
 3.36900565e+14  9.84802428e+33  1.32061000e+01  3.55504571e-01  8.96460000e+00  3.28349558e-01  1.78202382e-01  1.57985347e-01  6.01522488e-02  4.04079865e+05 
 3.37388695e+14  9.93718019e+33  1.31891000e+01  3.58422410e-01  8.98260000e+00  3.31342157e-01  1.79332668e-01  1.56230351e-01  6.08918111e-02  3.90146124e+05 
 3.37876825e+14  1.00263361e+34  1.31721000e+01  3.61340902e-01  9.00060000e+00  3.34337738e-01  1.80469356e-01  1.54491561e-01  6.16404666e-02  3.76811171e+05 
 3.38364956e+14  1.01154920e+34  1.31551000e+01  3.64259836e-01  9.01860000e+00  3.37336178e-01  1.81612353e-01  1.52768232e-01  6.23982195e-02  3.64044864e+05 
 3.38853086e+14  1.02085851e+34  1.31391000e+01  3.67308194e-01  9.03760000e+00  3.40477835e-01  1.82763801e-01  1.50945971e-01  6.31570843e-02  3.51289736e+05 
 3.39341217e+14  1.03026109e+34  1.31231000e+01  3.70387946e-01  9.05660000e+00  3.43647408e-01  1.83928514e-01  1.49157706e-01  6.39286706e-02  3.38970591e+05 
 3.39829347e+14  1.03966367e+34  1.31071000e+01  3.73468330e-01  9.07460000e+00  3.46782679e-01  1.85099322e-01  1.47572521e-01  6.47092247e-02  3.27189037e+05 
 3.40317478e+14  1.04906625e+34  1.30921000e+01  3.76549103e-01  9.09360000e+00  3.49958728e-01  1.86247668e-01  1.45814117e-01  6.54737250e-02  3.15917668e+05 
 3.40805608e+14  1.05846884e+34  1.30781000e+01  3.79630032e-01  9.11160000e+00  3.53099858e-01  1.87372824e-01  1.44256139e-01  6.62211906e-02  3.05130643e+05 
 3.41293738e+14  1.06787142e+34  1.30641000e+01  3.82710902e-01  9.13060000e+00  3.56281780e-01  1.88502943e-01  1.42524987e-01  6.69762884e-02  2.94803591e+05 
 3.41781869e+14  1.07727400e+34  1.30511000e+01  3.85791493e-01  9.14860000e+00  3.59428204e-01  1.89608860e-01  1.40991704e-01  6.77130363e-02  2.84913497e+05 
 3.42269999e+14  1.08696245e+34  1.30381000e+01  3.88965386e-01  9.16760000e+00  3.62690288e-01  1.90741438e-01  1.39340203e-01  6.84690888e-02  2.75156447e+05 
 3.42758130e+14  1.09687223e+34  1.30251000e+01  3.92211832e-01  9.18660000e+00  3.66013365e-01  1.91895867e-01  1.37743411e-01  6.92419666e-02  2.65607081e+05 
 3.43246260e+14  1.10678201e+34  1.30121000e+01  3.95458160e-01  9.20560000e+00  3.69339462e-01  1.93054879e-01  1.36158443e-01  7.00221642e-02  2.56470941e+05 
 3.43734391e+14  1.11669178e+34  1.30001000e+01  3.98704139e-01  9.22360000e+00  3.72629479e-01  1.94188497e-01  1.34767041e-01  7.07824171e-02  2.47727098e+05 
 3.44222521e+14  1.12660156e+34  1.29891000e+01  4.01949538e-01  9.24260000e+00  3.75960998e-01  1.95296014e-01  1.33203328e-01  7.15217243e-02  2.39355817e+05 
 3.44710651e+14  1.13651134e+34  1.29781000e+01  4.05194139e-01  9.26160000e+00  3.79295101e-01  1.96407006e-01  1.31649671e-01  7.22669436e-02  2.31338478e+05 
 3.45198782e+14  1.14642112e+34  1.29671000e+01  4.08437749e-01  9.27960000e+00  3.82592194e-01  1.97521395e-01  1.30286274e-01  7.30180388e-02  2.23657504e+05 
 3.45686912e+14  1.15649075e+34  1.29571000e+01  4.11732489e-01  9.29860000e+00  3.85972638e-01  1.98621030e-01  1.28781313e-01  7.37536837e-02  2.16179974e+05 
 3.46175043e+14  1.16692844e+34  1.29471000e+01  4.15146816e-01  9.31760000e+00  3.89451847e-01  1.99752756e-01  1.27355230e-01  7.45113033e-02  2.08758657e+05 
 3.46663173e+14  1.17736612e+34  1.29371000e+01  4.18560260e-01  9.33660000e+00  3.92933688e-01  2.00887527e-01  1.25937483e-01  7.52743710e-02  2.01655573e+05 
 3.47151304e+14  1.18780380e+34  1.29281000e+01  4.21972601e-01  9.35560000e+00  3.96417990e-01  2.01994002e-01  1.24527697e-01  7.60134294e-02  1.94854732e+05 
 3.47639434e+14  1.19824149e+34  1.29191000e+01  4.25383613e-01  9.37460000e+00  3.99904596e-01  2.03102947e-01  1.23125430e-01  7.67571943e-02  1.88341052e+05 
 3.48127564e+14  1.20867917e+34  1.29101000e+01  4.28793084e-01  9.39260000e+00  4.03352979e-01  2.04214269e-01  1.21906817e-01  7.75056000e-02  1.82100289e+05 
 3.48615695e+14  1.21911685e+34  1.29021000e+01  4.32200806e-01  9.41160000e+00  4.06843628e-01  2.05296043e-01  1.20517526e-01  7.82282518e-02  1.76118979e+05 
 3.49103825e+14  1.22956844e+34  1.28941000e+01  4.35611122e-01  9.42960000e+00  4.10299093e-01  2.06380736e-01  1.19312386e-01  7.89554427e-02  1.70376945e+05 
 3.49591956e+14  1.24055524e+34  1.28861000e+01  4.39194260e-01  9.44960000e+00  4.13977517e-01  2.07509775e-01  1.17862454e-01  7.97114107e-02  1.64593653e+05 
 3.50080086e+14  1.25154203e+34  1.28791000e+01  4.42775735e-01  9.46860000e+00  4.17617444e-01  2.08608314e-01  1.16593124e-01  8.04401930e-02  1.59055978e+05 
 3.50568217e+14  1.26252883e+34  1.28721000e+01  4.46355333e-01  9.48760000e+00  4.21259392e-01  2.09708296e-01  1.15328861e-01  8.11723553e-02  1.53751695e+05 
 3.51056347e+14  1.27351563e+34  1.28651000e+01  4.49932823e-01  9.50660000e+00  4.24903226e-01  2.10809624e-01  1.14069180e-01  8.19078135e-02  1.48669254e+05 
 3.51544478e+14  1.28450242e+34  1.28591000e+01  4.53508004e-01  9.52560000e+00  4.28548797e-01  2.11879255e-01  1.12813740e-01  8.26143643e-02  1.43797731e+05 
 3.52032608e+14  1.29548922e+34  1.28531000e+01  4.57080671e-01  9.54460000e+00  4.32195963e-01  2.12949695e-01  1.11562223e-01  8.33234688e-02  1.39126824e+05 
 3.52520738e+14  1.30647602e+34  1.28471000e+01  4.60650636e-01  9.56260000e+00  4.35802740e-01  2.14020862e-01  1.10485252e-01  8.40350525e-02  1.34646789e+05 
 3.53008869e+14  1.31787973e+34  1.28421000e+01  4.64353270e-01  9.58160000e+00  4.39560958e-01  2.15092296e-01  1.09315840e-01  8.47357055e-02  1.30188471e+05 
 3.53496999e+14  1.32943734e+34  1.28371000e+01  4.68103393e-01  9.60160000e+00  4.43403077e-01  2.16176322e-01  1.08007314e-01  8.54455395e-02  1.25858761e+05 
 3.53985130e+14  1.34099495e+34  1.28321000e+01  4.71850832e-01  9.62060000e+00  4.47204744e-01  2.17260665e-01  1.06871487e-01  8.61572522e-02  1.21709721e+05 
 3.54473260e+14  1.35255256e+34  1.28271000e+01  4.75595379e-01  9.63960000e+00  4.51007811e-01  2.18345252e-01  1.05737859e-01  8.68707709e-02  1.17732489e+05 
 3.54961391e+14  1.36411017e+34  1.28231000e+01  4.79336824e-01  9.65860000e+00  4.54812158e-01  2.19395771e-01  1.04605994e-01  8.75518626e-02  1.13918681e+05 
 3.55449521e+14  1.37566778e+34  1.28191000e+01  4.83074965e-01  9.67760000e+00  4.58617648e-01  2.20446016e-01  1.03475628e-01  8.82340265e-02  1.10260384e+05 
 3.55937651e+14  1.38722540e+34  1.28151000e+01  4.86809617e-01  9.69660000e+00  4.62424142e-01  2.21495915e-01  1.02346539e-01  8.89171866e-02  1.06750114e+05 
 3.56425782e+14  1.39903043e+34  1.28111000e+01  4.90620518e-01  9.71560000e+00  4.66295501e-01  2.22564909e-01  1.01262072e-01  8.96129440e-02  1.03310080e+05 
 3.56913912e+14  1.41118104e+34  1.28081000e+01  4.94539589e-01  9.73460000e+00  4.70257363e-01  2.23625834e-01  1.00238772e-01  9.02906897e-02  9.99147446e+04 
 3.57402043e+14  1.42333166e+34  1.28051000e+01  4.98455148e-01  9.75360000e+00  4.74220322e-01  2.24685975e-01  9.92154739e-02  9.09687727e-02  9.66596372e+04 
 3.57890173e+14  1.43548227e+34  1.28021000e+01  5.02366993e-01  9.77260000e+00  4.78184178e-01  2.25745272e-01  9.81921907e-02  9.16471271e-02  9.35379450e+04 
 3.58378304e+14  1.44763288e+34  1.27991000e+01  5.06274919e-01  9.79160000e+00  4.82148825e-01  2.26803649e-01  9.71685426e-02  9.23256695e-02  9.05432215e+04 
 3.58866434e+14  1.45978349e+34  1.27971000e+01  5.10178737e-01  9.81060000e+00  4.86114120e-01  2.27825430e-01  9.61443410e-02  9.29679922e-02  8.76693687e+04 
 3.59354564e+14  1.47193411e+34  1.27951000e+01  5.14078258e-01  9.82960000e+00  4.90079926e-01  2.28845824e-01  9.51194238e-02  9.36098233e-02  8.49106267e+04 
 3.59842695e+14  1.48413710e+34  1.27931000e+01  5.17990085e-01  9.84860000e+00  4.94059570e-01  2.29868848e-01  9.41024780e-02  9.42535344e-02  8.22503514e+04 
 3.60330825e+14  1.49690338e+34  1.27911000e+01  5.22078047e-01  9.86760000e+00  4.98184503e-01  2.30934283e-01  9.31792826e-02  9.49229426e-02  7.95796246e+04 
 3.60818956e+14  1.50966966e+34  1.27901000e+01  5.26161652e-01  9.88760000e+00  5.02354752e-01  2.31961932e-01  9.20933964e-02  9.55543202e-02  7.70180369e+04 
 3.61307086e+14  1.52243594e+34  1.27891000e+01  5.30240698e-01  9.90660000e+00  5.06480821e-01  2.32987687e-01  9.11668694e-02  9.61844524e-02  7.45603400e+04 
 3.61795217e+14  1.53520222e+34  1.27881000e+01  5.34314983e-01  9.92560000e+00  5.10607147e-01  2.34011484e-01  9.02381490e-02  9.68132654e-02  7.22015634e+04 
 3.62283347e+14  1.54796850e+34  1.27871000e+01  5.38384323e-01  9.94460000e+00  5.14733589e-01  2.35033270e-01  8.93071221e-02  9.74406929e-02  6.99370043e+04 
 3.62771477e+14  1.56073478e+34  1.27861000e+01  5.42448530e-01  9.96360000e+00  5.18860010e-01  2.36052987e-01  8.83736691e-02  9.80666647e-02  6.77622136e+04 
 3.63259608e+14  1.57350106e+34  1.27861000e+01  5.46507439e-01  9.98160000e+00  5.22940672e-01  2.37033501e-01  8.75955704e-02  9.86525299e-02  6.56729763e+04 
 3.63747738e+14  1.58673561e+34  1.27861000e+01  5.50709731e-01  1.00016000e+01  5.27231919e-01  2.38047429e-01  8.65743686e-02  9.92577577e-02  6.35930377e+04 
 3.64235869e+14  1.60014069e+34  1.27861000e+01  5.54960938e-01  1.00206000e+01  5.31521080e-01  2.39071892e-01  8.57349932e-02  9.98686189e-02  6.15709463e+04 
 3.64723999e+14  1.61354578e+34  1.27861000e+01  5.59206712e-01  1.00396000e+01  5.35810075e-01  2.40093771e-01  8.48919790e-02  1.00477251e-01  5.96299893e+04 
 3.65212130e+14  1.62695086e+34  1.27861000e+01  5.63446866e-01  1.00586000e+01  5.40098772e-01  2.41113023e-01  8.40452241e-02  1.01083599e-01  5.77663229e+04 
 3.65700260e+14  1.64035594e+34  1.27871000e+01  5.67681207e-01  1.00776000e+01  5.44387027e-01  2.42091721e-01  8.31946170e-02  1.01647841e-01  5.59763087e+04 
 3.66188390e+14  1.65376102e+34  1.27881000e+01  5.71909564e-01  1.00966000e+01  5.48674703e-01  2.43067387e-01  8.23401260e-02  1.02209226e-01  5.42565034e+04 
 3.66676521e+14  1.66716610e+34  1.27891000e+01  5.76131760e-01  1.01156000e+01  5.52961668e-01  2.44039976e-01  8.14816801e-02  1.02767699e-01  5.26036456e+04 
 3.67164651e+14  1.68080986e+34  1.27901000e+01  5.80422710e-01  1.01346000e+01  5.57308258e-01  2.45027382e-01  8.06557643e-02  1.03333804e-01  5.09868891e+04 
 3.67652782e+14  1.69487734e+34  1.27911000e+01  5.84840696e-01  1.01536000e+01  5.61761460e-01  2.46043440e-01  7.98900762e-02  1.03915625e-01  4.93856505e+04 
 3.68140912e+14  1.70894482e+34  1.27921000e+01  5.89252348e-01  1.01726000e+01  5.66213927e-01  2.47056252e-01  7.91192833e-02  1.04494261e-01  4.78479616e+04 
 3.68629043e+14  1.72301229e+34  1.27941000e+01  5.93657483e-01  1.01916000e+01  5.70665504e-01  2.48027005e-01  7.83433872e-02  1.05028614e-01  4.63708423e+04 
 3.69117173e+14  1.73707977e+34  1.27961000e+01  5.98055919e-01  1.02106000e+01  5.75116049e-01  2.48994140e-01  7.75623748e-02  1.05559270e-01  4.49514721e+04 
 3.69605303e+14  1.75114725e+34  1.27981000e+01  6.02447484e-01  1.02296000e+01  5.79565426e-01  2.49957624e-01  7.67762284e-02  1.06086188e-01  4.35871772e+04 
 3.70093434e+14  1.76521473e+34  1.28001000e+01  6.06832014e-01  1.02486000e+01  5.84013503e-01  2.50917423e-01  7.59849430e-02  1.06609327e-01  4.22754241e+04 
 3.70581564e+14  1.77928221e+34  1.28021000e+01  6.11209349e-01  1.02666000e+01  5.88411900e-01  2.51873504e-01  7.53381807e-02  1.07128647e-01  4.10138116e+04 
 3.71069695e+14  1.79401277e+34  1.28051000e+01  6.15785611e-01  1.02866000e+01  5.93071786e-01  2.52834973e-01  7.44826253e-02  1.07630305e-01  3.97438690e+04 
 3.71557825e+14  1.80876668e+34  1.28071000e+01  6.20361877e-01  1.03056000e+01  5.97687916e-01  2.53833634e-01  7.37739281e-02  1.08170712e-01  3.85217993e+04 
 3.72045956e+14  1.82352060e+34  1.28101000e+01  6.24930719e-01  1.03246000e+01  6.02302504e-01  2.54788618e-01  7.30591365e-02  1.08664592e-01  3.73473391e+04 
 3.72534086e+14  1.83827451e+34  1.28131000e+01  6.29491936e-01  1.03436000e+01  6.06915452e-01  2.55739381e-01  7.23380680e-02  1.09153936e-01  3.62182949e+04 
 3.73022217e+14  1.85302843e+34  1.28161000e+01  6.34045379e-01  1.03626000e+01  6.11526624e-01  2.56685908e-01  7.16107913e-02  1.09638729e-01  3.51325846e+04 
 3.73510347e+14  1.86778234e+34  1.28191000e+01  6.38590875e-01  1.03816000e+01  6.16135868e-01  2.57628168e-01  7.08773715e-02  1.10118937e-01  3.40882358e+04 
 3.73998477e+14  1.88253626e+34  1.28221000e+01  6.43128283e-01  1.03996000e+01  6.20693554e-01  2.58566146e-01  7.02839246e-02  1.10594544e-01  3.30833771e+04 
 3.74486608e+14  1.89768055e+34  1.28261000e+01  6.47777316e-01  1.04186000e+01  6.25395402e-01  2.59487227e-01  6.95910573e-02  1.11038068e-01  3.20911076e+04 
 3.74974738e+14  1.91314537e+34  1.28291000e+01  6.52516537e-01  1.04376000e+01  6.30174792e-01  2.60467110e-01  6.89351110e-02  1.11532881e-01  3.11167793e+04 
 3.75462869e+14  1.92861020e+34  1.28331000e+01  6.57247375e-01  1.04566000e+01  6.34952021e-01  2.61401760e-01  6.82719922e-02  1.11979131e-01  3.01799881e+04 
 3.75950999e+14  1.94407502e+34  1.28371000e+01  6.61969660e-01  1.04756000e+01  6.39726938e-01  2.62331636e-01  6.76018053e-02  1.12420106e-01  2.92790222e+04 
 3.76439130e+14  1.95953985e+34  1.28411000e+01  6.66683229e-01  1.04946000e+01  6.44499406e-01  2.63256720e-01  6.69246041e-02  1.12855795e-01  2.84122571e+04 
 3.76927260e+14  1.97500467e+34  1.28451000e+01  6.71387916e-01  1.05126000e+01  6.49218728e-01  2.64176988e-01  6.63833729e-02  1.13286178e-01  2.75781515e+04 
 3.77415390e+14  1.99046950e+34  1.28491000e+01  6.76083582e-01  1.05316000e+01  6.53985823e-01  2.65092432e-01  6.56915316e-02  1.13711252e-01  2.67752428e+04 
 3.77903521e+14  2.00601438e+34  1.28531000e+01  6.80794330e-01  1.05496000e+01  6.58718752e-01  2.66008601e-01  6.51454088e-02  1.14134091e-01  2.59982158e+04 
 3.78391651e+14  2.02221501e+34  1.28581000e+01  6.85694407e-01  1.05696000e+01  6.63711776e-01  2.66923830e-01  6.43921902e-02  1.14532097e-01  2.52189240e+04 
 3.78879782e+14  2.03841564e+34  1.28621000e+01  6.90585129e-01  1.05886000e+01  6.68651006e-01  2.67875418e-01  6.37731560e-02  1.14968856e-01  2.44693193e+04 
 3.79367912e+14  2.05461627e+34  1.28671000e+01  6.95466329e-01  1.06066000e+01  6.73535747e-01  2.68780172e-01  6.32868895e-02  1.15355138e-01  2.37480613e+04 
 3.79856043e+14  2.07081690e+34  1.28721000e+01  7.00337858e-01  1.06256000e+01  6.78468708e-01  2.69679620e-01  6.26517222e-02  1.15735504e-01  2.30538783e+04 
 3.80344173e+14  2.08701753e+34  1.28761000e+01  7.05199549e-01  1.06446000e+01  6.83398428e-01  2.70615779e-01  6.20088511e-02  1.16155047e-01  2.23855639e+04 
 3.80832303e+14  2.10321816e+34  1.28811000e+01  7.10051269e-01  1.06626000e+01  6.88272731e-01  2.71504701e-01  6.14975930e-02  1.16523711e-01  2.17419707e+04 
 3.81320434e+14  2.11941878e+34  1.28861000e+01  7.14892873e-01  1.06806000e+01  6.93143220e-01  2.72388286e-01  6.09777887e-02  1.16886466e-01  2.11220106e+04 
 3.81808564e+14  2.13610959e+34  1.28921000e+01  7.19870466e-01  1.06996000e+01  6.98180987e-01  2.73257086e-01  6.03705917e-02  1.17215465e-01  2.05068919e+04 
 3.82296695e+14  2.15307132e+34  1.28971000e+01  7.24918531e-01  1.07186000e+01  7.03280855e-01  2.74180862e-01  5.97878388e-02  1.17593360e-01  1.99051524e+04 
 3.82784825e+14  2.17003305e+34  1.29021000e+01  7.29956088e-01  1.07376000e+01  7.08377032e-01  2.75099092e-01  5.91966559e-02  1.17965029e-01  1.93259121e+04 
 3.83272956e+14  2.18699478e+34  1.29081000e+01  7.34982979e-01  1.07556000e+01  7.13416427e-01  2.75968999e-01  5.87339943e-02  1.18284654e-01  1.87681722e+04 
 3.83761086e+14  2.20395651e+34  1.29141000e+01  7.39999060e-01  1.07746000e+01  7.18504671e-01  2.76833114e-01  5.81256800e-02  1.18597859e-01  1.82309842e+04 
 3.84249216e+14  2.22091824e+34  1.29191000e+01  7.45004188e-01  1.07926000e+01  7.23535516e-01  2.77734434e-01  5.76452431e-02  1.18950697e-01  1.77134477e+04 
 3.84737347e+14  2.23787997e+34  1.29251000e+01  7.49998242e-01  1.08106000e+01  7.28561835e-01  2.78587083e-01  5.71558146e-02  1.19251234e-01  1.72147053e+04 
 3.85225477e+14  2.25496271e+34  1.29311000e+01  7.55016603e-01  1.08296000e+01  7.33666137e-01  2.79441815e-01  5.65361327e-02  1.19549474e-01  1.67305758e+04 
 3.85713608e+14  2.27271123e+34  1.29371000e+01  7.60219039e-01  1.08476000e+01  7.38871377e-01  2.80333946e-01  5.61183669e-02  1.19863471e-01  1.62459905e+04 
 3.86201738e+14  2.29045974e+34  1.29431000e+01  7.65409956e-01  1.08666000e+01  7.44125878e-01  2.81220063e-01  5.55565849e-02  1.20170773e-01  1.57793181e+04 
 3.86689869e+14  2.30820825e+34  1.29491000e+01  7.70589200e-01  1.08846000e+01  7.49321592e-01  2.82100167e-01  5.51197397e-02  1.20471410e-01  1.53297724e+04 
 3.87177999e+14  2.32595677e+34  1.29551000e+01  7.75756632e-01  1.09036000e+01  7.54566687e-01  2.82974266e-01  5.45400023e-02  1.20765418e-01  1.48966060e+04 
 3.87666129e+14  2.34370528e+34  1.29611000e+01  7.80912118e-01  1.09216000e+01  7.59752404e-01  2.83842366e-01  5.40845274e-02  1.21052828e-01  1.44791082e+04 
 3.88154260e+14  2.36145380e+34  1.29681000e+01  7.86055535e-01  1.09396000e+01  7.64932857e-01  2.84660563e-01  5.36197071e-02  1.21286898e-01  1.40766032e+04 
 3.88642390e+14  2.37920231e+34  1.29741000e+01  7.91186757e-01  1.09576000e+01  7.70107938e-01  2.85516573e-01  5.31457030e-02  1.21561128e-01  1.36884495e+04 
 3.89130521e+14  2.39746867e+34  1.29811000e+01  7.96455065e-01  1.09756000e+01  7.75399476e-01  2.86354972e-01  5.27176801e-02  1.21849267e-01  1.33089068e+04 
 3.89618651e+14  2.41603002e+34  1.29871000e+01  8.01795918e-01  1.09946000e+01  7.80810350e-01  2.87249701e-01  5.21796302e-02  1.22083789e-01  1.29261175e+04 
 3.90106782e+14  2.43459137e+34  1.29941000e+01  8.07124085e-01  1.10126000e+01  7.86160315e-01  2.88093877e-01  5.17633901e-02  1.22315770e-01  1.25626228e+04 
 3.90594912e+14  2.45315272e+34  1.30011000e+01  8.12439414e-01  1.10316000e+01  7.91560256e-01  2.88931632e-01  5.12067587e-02  1.22540809e-01  1.22122221e+04 
 3.91083042e+14  2.47171407e+34  1.30071000e+01  8.17741783e-01  1.10496000e+01  7.96898752e-01  2.89807543e-01  5.07711982e-02  1.22806161e-01  1.18743539e+04 
 3.91571173e+14  2.49027542e+34  1.30141000e+01  8.23031077e-01  1.10676000e+01  8.02231215e-01  2.90632610e-01  5.03260685e-02  1.23017539e-01  1.15484830e+04 
 3.92059303e+14  2.50883677e+34  1.30211000e+01  8.28307177e-01  1.10856000e+01  8.07557576e-01  2.91451300e-01  4.98714324e-02  1.23222128e-01  1.12341012e+04 
 3.92547434e+14  2.52747599e+34  1.30281000e+01  8.33592030e-01  1.11026000e+01  8.12839325e-01  2.92268341e-01  4.95439549e-02  1.23422187e-01  1.09294741e+04 
 3.93035564e+14  2.54687657e+34  1.30351000e+01  8.39079004e-01  1.11216000e+01  8.18404093e-01  2.93124964e-01  4.90250027e-02  1.23636888e-01  1.06236563e+04 
 3.93523695e+14  2.56627715e+34  1.30421000e+01  8.44552240e-01  1.11396000e+01  8.23905962e-01  2.93974979e-01  4.86245465e-02  1.23844505e-01  1.03288069e+04 
 3.94011825e+14  2.58567773e+34  1.30501000e+01  8.50011603e-01  1.11576000e+01  8.29401281e-01  2.94773213e-01  4.82139113e-02  1.23997572e-01  1.00444576e+04 
 3.94499956e+14  2.60507832e+34  1.30571000e+01  8.55456970e-01  1.11756000e+01  8.34889906e-01  2.95609955e-01  4.77933716e-02  1.24191144e-01  9.77016305e+03 
 3.94988086e+14  2.62447890e+34  1.30641000e+01  8.60888247e-01  1.11936000e+01  8.40371726e-01  2.96440152e-01  4.73631100e-02  1.24377819e-01  9.50549867e+03 
 3.95476216e+14  2.64387948e+34  1.30721000e+01  8.66305305e-01  1.12116000e+01  8.45846665e-01  2.97218326e-01  4.69231514e-02  1.24562682e-01  9.25397383e+03 
 3.95964347e+14  2.66328007e+34  1.30791000e+01  8.71708045e-01  1.12286000e+01  8.51256959e-01  2.98035365e-01  4.65994808e-02  1.24683001e-01  9.00346450e+03 
 3.96452477e+14  2.68313078e+34  1.30861000e+01  8.77221365e-01  1.12466000e+01  8.56820257e-01  2.98872089e-01  4.61818909e-02  1.24860810e-01  8.75991104e+03 
 3.96940608e+14  2.70339732e+34  1.30941000e+01  8.82835418e-01  1.12646000e+01  8.62471026e-01  2.99680514e-01  4.57927694e-02  1.24994518e-01  8.51998578e+03 
 3.97428738e+14  2.72366386e+34  1.31021000e+01  8.88434549e-01  1.12826000e+01  8.68114431e-01  3.00481994e-01  4.53934064e-02  1.25174083e-01  8.29201642e+03 
 3.97916869e+14  2.74393040e+34  1.31091000e+01  8.94018639e-01  1.13006000e+01  8.73750367e-01  3.01322525e-01  4.49839650e-02  1.25288414e-01  8.06511948e+03 
 3.98404999e+14  2.76419694e+34  1.31171000e+01  8.99587593e-01  1.13186000e+01  8.79378691e-01  3.02110287e-01  4.45646787e-02  1.25400994e-01  7.84948603e+03 
 3.98893129e+14  2.78446349e+34  1.31251000e+01  9.05141302e-01  1.13356000e+01  8.84940540e-01  3.02891179e-01  4.42591787e-02  1.25559853e-01  7.64452261e+03 
 3.99381260e+14  2.80473003e+34  1.31321000e+01  9.10679663e-01  1.13526000e+01  8.90494277e-01  3.03711477e-01  4.39432812e-02  1.25653349e-01  7.44020948e+03 
 3.99869390e+14  2.82499657e+34  1.31401000e+01  9.16202613e-01  1.13706000e+01  8.96098999e-01  3.04478800e-01  4.34943250e-02  1.25745454e-01  7.24596773e+03 
 4.00357521e+14  2.84608198e+34  1.31481000e+01  9.21932676e-01  1.13886000e+01  9.01878940e-01  3.05285017e-01  4.31065341e-02  1.25849693e-01  7.05081782e+03 
 4.00845651e+14  2.86724151e+34  1.31561000e+01  9.27666916e-01  1.14056000e+01  9.07607710e-01  3.06088299e-01  4.28370095e-02  1.25948563e-01  6.86178466e+03 
 4.01333782e+14  2.88840103e+34  1.31641000e+01  9.33385067e-01  1.14236000e+01  9.13387545e-01  3.06884533e-01  4.24349192e-02  1.26040431e-01  6.67928355e+03 
 4.01821912e+14  2.90956056e+34  1.31721000e+01  9.39087018e-01  1.14416000e+01  9.19159020e-01  3.07673739e-01  4.20227807e-02  1.26125371e-01  6.50304482e+03 
 4.02310042e+14  2.93072009e+34  1.31801000e+01  9.44772692e-01  1.14586000e+01  9.24861889e-01  3.08455959e-01  4.17219121e-02  1.26203474e-01  6.33281146e+03 
 4.02798173e+14  2.95187961e+34  1.31881000e+01  9.50441989e-01  1.14756000e+01  9.30555856e-01  3.09231211e-01  4.14106053e-02  1.26274812e-01  6.16833848e+03 
 4.03286303e+14  2.97303914e+34  1.31961000e+01  9.56094832e-01  1.14926000e+01  9.36240802e-01  3.09999529e-01  4.10891203e-02  1.26339468e-01  6.00939237e+03 
 4.03774434e+14  2.99445929e+34  1.32041000e+01  9.61800505e-01  1.15096000e+01  9.41973857e-01  3.10774924e-01  4.07785609e-02  1.26402914e-01  5.85388905e+03 
 4.04262564e+14  3.01653911e+34  1.32131000e+01  9.67664832e-01  1.15276000e+01  9.47903228e-01  3.11531454e-01  4.03908022e-02  1.26479019e-01  5.70145485e+03 
 4.04750695e+14  3.03861893e+34  1.32211000e+01  9.73512005e-01  1.15456000e+01  9.53823444e-01  3.12327894e-01  3.99930085e-02  1.26488670e-01  5.54946862e+03 
 4.05238825e+14  3.06069875e+34  1.32291000e+01  9.79341921e-01  1.15626000e+01  9.59673260e-01  3.13117195e-01  3.97040971e-02  1.26545190e-01  5.40497628e+03 
 4.05726955e+14  3.08277857e+34  1.32381000e+01  9.85154504e-01  1.15796000e+01  9.65513399e-01  3.13851967e-01  3.94046886e-02  1.26600948e-01  5.26758907e+03 
 4.06215086e+14  3.10485839e+34  1.32461000e+01  9.90949674e-01  1.15966000e+01  9.71343800e-01  3.14627011e-01  3.90949573e-02  1.26590306e-01  5.13039710e+03 
 4.06703216e+14  3.12693820e+34  1.32541000e+01  9.96727354e-01  1.16136000e+01  9.77164394e-01  3.15395017e-01  3.87750281e-02  1.26626883e-01  4.99992657e+03 
 4.07191347e+14  3.14901802e+34  1.32631000e+01  1.00248747e+00  1.16306000e+01  9.82975109e-01  3.16108338e-01  3.84450463e-02  1.26663080e-01  4.87583353e+03 
 4.07679477e+14  3.17168284e+34  1.32711000e+01  1.00838207e+00  1.16476000e+01  9.88901619e-01  3.16892326e-01  3.81489188e-02  1.26643623e-01  4.74854692e+03 
 4.08167608e+14  3.19471051e+34  1.32801000e+01  1.01435288e+00  1.16646000e+01  9.94895850e-01  3.17639889e-01  3.78692990e-02  1.26684120e-01  4.62755886e+03 
 4.08655738e+14  3.21773818e+34  1.32881000e+01  1.02030538e+00  1.16816000e+01  1.00087965e+00  3.18427979e-01  3.75791309e-02  1.26657881e-01  4.50675717e+03 
 4.09143868e+14  3.24076585e+34  1.32971000e+01  1.02623948e+00  1.16986000e+01  1.00685296e+00  3.19160854e-01  3.72785138e-02  1.26685199e-01  4.39374996e+03 
 4.09631999e+14  3.26379352e+34  1.33051000e+01  1.03215512e+00  1.17156000e+01  1.01281573e+00  3.19934498e-01  3.69675881e-02  1.26645861e-01  4.28080287e+03 
 4.10120129e+14  3.28682119e+34  1.33141000e+01  1.03805224e+00  1.17326000e+01  1.01876785e+00  3.20652833e-01  3.66465672e-02  1.26660370e-01  4.17515079e+03 
 4.10608260e+14  3.30984887e+34  1.33221000e+01  1.04393077e+00  1.17496000e+01  1.02470925e+00  3.21412176e-01  3.63156810e-02  1.26608316e-01  4.06944865e+03 
 4.11096390e+14  3.33287654e+34  1.33311000e+01  1.04979065e+00  1.17656000e+01  1.03057657e+00  3.22116122e-01  3.60897521e-02  1.26610381e-01  3.97058164e+03 
 4.11584521e+14  3.35679954e+34  1.33391000e+01  1.05585900e+00  1.17826000e+01  1.03668451e+00  3.22905287e-01  3.58011222e-02  1.26560240e-01  3.86784162e+03 
 4.12072651e+14  3.38080285e+34  1.33481000e+01  1.06192835e+00  1.17996000e+01  1.04279812e+00  3.23642575e-01  3.55075081e-02  1.26511389e-01  3.76980752e+03 
 4.12560781e+14  3.40480617e+34  1.33571000e+01  1.06797828e+00  1.18166000e+01  1.04890038e+00  3.24372425e-01  3.52036228e-02  1.26456214e-01  3.67500003e+03 
 4.13048912e+14  3.42880948e+34  1.33661000e+01  1.07400869e+00  1.18326000e+01  1.05492709e+00  3.25094871e-01  3.50032567e-02  1.26448707e-01  3.58481984e+03 
 4.13537042e+14  3.45281279e+34  1.33741000e+01  1.08001952e+00  1.18496000e+01  1.06100632e+00  3.25858684e-01  3.46788977e-02  1.26374512e-01  3.49456133e+03 
 4.14025173e+14  3.47681610e+34  1.33831000e+01  1.08601074e+00  1.18656000e+01  1.06700954e+00  3.26566515e-01  3.44576810e-02  1.26300888e-01  3.40869226e+03 
 4.14513303e+14  3.50081941e+34  1.33921000e+01  1.09198230e+00  1.18826000e+01  1.07306553e+00  3.27267068e-01  3.41134352e-02  1.26275197e-01  3.32699270e+03 
 4.15001434e+14  3.52500683e+34  1.34001000e+01  1.09797975e+00  1.18986000e+01  1.07908285e+00  3.28018011e-01  3.38841386e-02  1.26185597e-01  3.24449200e+03 
 4.15489564e+14  3.55001377e+34  1.34091000e+01  1.10415997e+00  1.19156000e+01  1.08532157e+00  3.28751257e-01  3.35849959e-02  1.26108154e-01  3.16336792e+03 
 4.15977695e+14  3.57502070e+34  1.34181000e+01  1.11031969e+00  1.19316000e+01  1.09148286e+00  3.29476991e-01  3.33875573e-02  1.26024617e-01  3.08488287e+03 
 4.16465825e+14  3.60002764e+34  1.34271000e+01  1.11645886e+00  1.19486000e+01  1.09769694e+00  3.30195257e-01  3.30680082e-02  1.25935091e-01  3.00893382e+03 
 4.16953955e+14  3.62503458e+34  1.34361000e+01  1.12257743e+00  1.19646000e+01  1.10383315e+00  3.30906099e-01  3.28498014e-02  1.25893443e-01  2.93667646e+03 
 4.17442086e+14  3.65004151e+34  1.34451000e+01  1.12867534e+00  1.19806000e+01  1.10995670e+00  3.31609555e-01  3.26212041e-02  1.25792214e-01  2.86547839e+03 
 4.17930216e+14  3.67504845e+34  1.34541000e+01  1.13475258e+00  1.19966000e+01  1.11606749e+00  3.32305672e-01  3.23825000e-02  1.25685300e-01  2.79653486e+03 
 4.18418347e+14  3.70005538e+34  1.34621000e+01  1.14080910e+00  1.20126000e+01  1.12216547e+00  3.33043974e-01  3.21338859e-02  1.25565771e-01  2.72859344e+03 
 4.18906477e+14  3.72548857e+34  1.34711000e+01  1.14694766e+00  1.20286000e+01  1.12833623e+00  3.33744786e-01  3.19009561e-02  1.25452840e-01  2.66284678e+03 
 4.19394608e+14  3.75152729e+34  1.34801000e+01  1.15321092e+00  1.20456000e+01  1.13468174e+00  3.34465374e-01  3.15844390e-02  1.25341441e-01  2.59767549e+03 
 4.19882738e+14  3.77756600e+34  1.34891000e+01  1.15945257e+00  1.20616000e+01  1.14094763e+00  3.35178428e-01  3.13672684e-02  1.25224309e-01  2.53458554e+03 
 4.20370868e+14  3.80360471e+34  1.34981000e+01  1.16567260e+00  1.20776000e+01  1.14720003e+00  3.35884010e-01  3.11398531e-02  1.25101565e-01  2.47349703e+03 
 4.20858999e+14  3.82964343e+34  1.35071000e+01  1.17187096e+00  1.20936000e+01  1.15343887e+00  3.36582160e-01  3.09023732e-02  1.25026807e-01  2.41536707e+03 
 4.21347129e+14  3.85568214e+34  1.35161000e+01  1.17804762e+00  1.21096000e+01  1.15966411e+00  3.37272925e-01  3.06550026e-02  1.24893101e-01  2.35803133e+03 
 4.21835260e+14  3.88172086e+34  1.35251000e+01  1.18420258e+00  1.21246000e+01  1.16580842e+00  3.37956352e-01  3.05060960e-02  1.24754089e-01  2.30247845e+03 
 4.22323390e+14  3.90775957e+34  1.35341000e+01  1.19033579e+00  1.21406000e+01  1.17200632e+00  3.38632472e-01  3.02388714e-02  1.24609859e-01  2.24864157e+03 
 4.22811521e+14  3.93444001e+34  1.35431000e+01  1.19659776e+00  1.21566000e+01  1.17831619e+00  3.39328886e-01  2.99978554e-02  1.24466979e-01  2.19518952e+03 
 4.23299651e+14  3.96153879e+34  1.35521000e+01  1.20293541e+00  1.21726000e+01  1.18469381e+00  3.40035759e-01  2.97700181e-02  1.24322960e-01  2.14260030e+03 
 4.23787781e+14  3.98863757e+34  1.35611000e+01  1.20925041e+00  1.21886000e+01  1.19105708e+00  3.40735113e-01  2.95321650e-02  1.24173617e-01  2.09166000e+03 
 4.24275912e+14  4.01573636e+34  1.35701000e+01  1.21554273e+00  1.22036000e+01  1.19733776e+00  3.41426997e-01  2.93913060e-02  1.24019056e-01  2.04230639e+03 
 4.24764042e+14  4.04283514e+34  1.35791000e+01  1.22181235e+00  1.22196000e+01  1.20367216e+00  3.42111457e-01  2.91334528e-02  1.23859380e-01  1.99447990e+03 
 4.25252173e+14  4.06993392e+34  1.35871000e+01  1.22805926e+00  1.22346000e+01  1.20992353e+00  3.42839003e-01  2.89724103e-02  1.23687150e-01  1.94728809e+03 
 4.25740303e+14  4.09703271e+34  1.35961000e+01  1.23428345e+00  1.22506000e+01  1.21622884e+00  3.43508822e-01  2.86953303e-02  1.23517521e-01  1.90236637e+03 
 4.26228434e+14  4.12413149e+34  1.36051000e+01  1.24048493e+00  1.22656000e+01  1.22245075e+00  3.44171355e-01  2.85148234e-02  1.23343080e-01  1.85880743e+03 
 4.26716564e+14  4.15205614e+34  1.36141000e+01  1.24685190e+00  1.22816000e+01  1.22888452e+00  3.44860454e-01  2.82614423e-02  1.23170813e-01  1.81529210e+03 
 4.27204694e+14  4.18024339e+34  1.36231000e+01  1.25325516e+00  1.22966000e+01  1.23528402e+00  3.45552791e-01  2.81171173e-02  1.22995769e-01  1.77272256e+03 
 4.27692825e+14  4.20843064e+34  1.36321000e+01  1.25963474e+00  1.23126000e+01  1.24173744e+00  3.46237621e-01  2.78575433e-02  1.22815819e-01  1.73146356e+03 
 4.28180955e+14  4.23661789e+34  1.36411000e+01  1.26599065e+00  1.23276000e+01  1.24810601e+00  3.46915005e-01  2.76932568e-02  1.22631076e-01  1.69146644e+03 
 4.28669086e+14  4.26480514e+34  1.36501000e+01  1.27232287e+00  1.23426000e+01  1.25445907e+00  3.47584977e-01  2.75189487e-02  1.22441631e-01  1.65268463e+03 
 4.29157216e+14  4.29299239e+34  1.36591000e+01  1.27863141e+00  1.23576000e+01  1.26079644e+00  3.48247602e-01  2.73350646e-02  1.22247598e-01  1.61507351e+03 
 4.29645347e+14  4.32117964e+34  1.36681000e+01  1.28491627e+00  1.23726000e+01  1.26711822e+00  3.48902916e-01  2.71415863e-02  1.22101567e-01  1.57926938e+03 
 4.30133477e+14  4.34936689e+34  1.36771000e+01  1.29117745e+00  1.23876000e+01  1.27342440e+00  3.49550966e-01  2.69386619e-02  1.21898563e-01  1.54385823e+03 
 4.30621607e+14  4.37852792e+34  1.36861000e+01  1.29763038e+00  1.24026000e+01  1.27989570e+00  3.50229794e-01  2.67727483e-02  1.21697858e-01  1.50832466e+03 
 4.31109738e+14  4.40783211e+34  1.36951000e+01  1.30409039e+00  1.24186000e+01  1.28644794e+00  3.50906703e-01  2.65004968e-02  1.21493567e-01  1.47370048e+03 
 4.31597868e+14  4.43713630e+34  1.37041000e+01  1.31052575e+00  1.24336000e+01  1.29291336e+00  3.51576137e-01  2.63218918e-02  1.21284802e-01  1.44012295e+03 
 4.32085999e+14  4.46644048e+34  1.37131000e+01  1.31693646e+00  1.24486000e+01  1.29936238e+00  3.52238149e-01  2.61336584e-02  1.21071668e-01  1.40755385e+03 
 4.32574129e+14  4.49574467e+34  1.37221000e+01  1.32332253e+00  1.24636000e+01  1.30579500e+00  3.52892790e-01  2.59359603e-02  1.20854266e-01  1.37595657e+03 
 4.33062260e+14  4.52504886e+34  1.37311000e+01  1.32968399e+00  1.24776000e+01  1.31213991e+00  3.53540108e-01  2.58311320e-02  1.20632694e-01  1.34529603e+03 
 4.33550390e+14  4.55435304e+34  1.37401000e+01  1.33602084e+00  1.24926000e+01  1.31853957e+00  3.54180151e-01  2.56146652e-02  1.20407049e-01  1.31553860e+03 
 4.34038520e+14  4.58365723e+34  1.37481000e+01  1.34233311e+00  1.25066000e+01  1.32485112e+00  3.54864594e-01  2.54909930e-02  1.20169314e-01  1.28609740e+03 
 4.34526651e+14  4.61404174e+34  1.37571000e+01  1.34885255e+00  1.25216000e+01  1.33141281e+00  3.55530441e-01  2.53037834e-02  1.19941571e-01  1.25704320e+03 
 4.35014781e+14  4.64449137e+34  1.37661000e+01  1.35536038e+00  1.25366000e+01  1.33796910e+00  3.56191230e-01  2.51099229e-02  1.19710052e-01  1.22879567e+03 
 4.35502912e+14  4.67494100e+34  1.37751000e+01  1.36184263e+00  1.25516000e+01  1.34450820e+00  3.56844588e-01  2.49067131e-02  1.19474504e-01  1.20138663e+03 
 4.35991042e+14  4.70539063e+34  1.37841000e+01  1.36829931e+00  1.25666000e+01  1.35103012e+00  3.57490562e-01  2.46942851e-02  1.19235025e-01  1.17478598e+03 
 4.36479173e+14  4.73584027e+34  1.37931000e+01  1.37473046e+00  1.25806000e+01  1.35746236e+00  3.58129204e-01  2.45733082e-02  1.18991713e-01  1.14896485e+03 
 4.36967303e+14  4.76628990e+34  1.38021000e+01  1.38113610e+00  1.25946000e+01  1.36387707e+00  3.58760566e-01  2.44429562e-02  1.18795979e-01  1.12438124e+03 
 4.37455434e+14  4.79673953e+34  1.38111000e+01  1.38751625e+00  1.26096000e+01  1.37034712e+00  3.59384698e-01  2.42033044e-02  1.18545196e-01  1.10002688e+03 
 4.37943564e+14  4.82718916e+34  1.38201000e+01  1.39387095e+00  1.26236000e+01  1.37672702e+00  3.60001645e-01  2.40548232e-02  1.18290858e-01  1.07637263e+03 
 4.38431694e+14  4.85877888e+34  1.38281000e+01  1.40043714e+00  1.26376000e+01  1.38328931e+00  3.60703976e-01  2.39436341e-02  1.18029367e-01  1.05209005e+03 
 4.38919825e+14  4.89040246e+34  1.38371000e+01  1.40698388e+00  1.26526000e+01  1.38991258e+00  3.61347960e-01  2.37248954e-02  1.17772670e-01  1.02894624e+03 
 4.39407955e+14  4.92202605e+34  1.38461000e+01  1.41350415e+00  1.26666000e+01  1.39644442e+00  3.61984554e-01  2.35962790e-02  1.17512380e-01  1.00647707e+03 
 4.39896086e+14  4.95364964e+34  1.38551000e+01  1.41999799e+00  1.26806000e+01  1.40295793e+00  3.62613822e-01  2.34584945e-02  1.17299376e-01  9.85085101e+02 
 4.40384216e+14  4.98527323e+34  1.38641000e+01  1.42646543e+00  1.26946000e+01  1.40945319e+00  3.63235805e-01  2.33115409e-02  1.17032100e-01  9.63885692e+02 
 4.40872347e+14  5.01689682e+34  1.38731000e+01  1.43290651e+00  1.27086000e+01  1.41593022e+00  3.63850558e-01  2.31556005e-02  1.16761518e-01  9.43292572e+02 
 4.41360477e+14  5.04852041e+34  1.38811000e+01  1.43932128e+00  1.27226000e+01  1.42238902e+00  3.64510655e-01  2.29908528e-02  1.16479201e-01  9.22884685e+02 
 4.41848607e+14  5.08014400e+34  1.38901000e+01  1.44570979e+00  1.27366000e+01  1.42882963e+00  3.65111151e-01  2.28173490e-02  1.16252636e-01  9.03841856e+02 
 4.42336738e+14  5.11291503e+34  1.38991000e+01  1.45230283e+00  1.27506000e+01  1.43544717e+00  3.65743228e-01  2.26783922e-02  1.15975958e-01  8.84267851e+02 
 4.42824868e+14  5.14574105e+34  1.39081000e+01  1.45887959e+00  1.27646000e+01  1.44205508e+00  3.66369778e-01  2.25323216e-02  1.15696201e-01  8.65225388e+02 
 4.43312999e+14  5.17856708e+34  1.39161000e+01  1.46542906e+00  1.27786000e+01  1.44864396e+00  3.67041752e-01  2.23772735e-02  1.15404676e-01  8.46360712e+02 
 4.43801129e+14  5.21139310e+34  1.39251000e+01  1.47195127e+00  1.27926000e+01  1.45521384e+00  3.67653754e-01  2.22133630e-02  1.15168680e-01  8.28757021e+02 
 4.44289260e+14  5.24421913e+34  1.39341000e+01  1.47844627e+00  1.28066000e+01  1.46176479e+00  3.68258532e-01  2.20406692e-02  1.14879617e-01  8.11293959e+02 
 4.44777390e+14  5.27704515e+34  1.39421000e+01  1.48491413e+00  1.28196000e+01  1.46822139e+00  3.68909063e-01  2.19562926e-02  1.14578988e-01  7.93976475e+02 
 4.45265520e+14  5.30987117e+34  1.39511000e+01  1.49135490e+00  1.28336000e+01  1.47473424e+00  3.69499606e-01  2.17664940e-02  1.14333918e-01  7.77822859e+02 
 4.45753651e+14  5.34269720e+34  1.39591000e+01  1.49776862e+00  1.28466000e+01  1.48115260e+00  3.70136106e-01  2.16646673e-02  1.14027605e-01  7.61450796e+02 
 4.46241781e+14  5.37661977e+34  1.39681000e+01  1.50436859e+00  1.28606000e+01  1.48780833e+00  3.70747763e-01  2.14961656e-02  1.13779036e-01  7.45668892e+02 
 4.46729912e+14  5.41067664e+34  1.39771000e+01  1.51096659e+00  1.28746000e+01  1.49446654e+00  3.71356422e-01  2.13235821e-02  1.13478344e-01  7.29948847e+02 
 4.47218042e+14  5.44473351e+34  1.39861000e+01  1.51753650e+00  1.28876000e+01  1.50102890e+00  3.71957815e-01  2.12381365e-02  1.13174933e-01  7.14670808e+02 
 4.47706173e+14  5.47879037e+34  1.39941000e+01  1.52407840e+00  1.29016000e+01  1.50764748e+00  3.72605260e-01  2.10484342e-02  1.12909235e-01  6.99819705e+02 
 4.48194303e+14  5.51284724e+34  1.40031000e+01  1.53059234e+00  1.29146000e+01  1.51417003e+00  3.73192339e-01  2.09456093e-02  1.12600516e-01  6.85380962e+02 
 4.48682433e+14  5.54690411e+34  1.40111000e+01  1.53707838e+00  1.29276000e+01  1.52067265e+00  3.73825676e-01  2.08342146e-02  1.12329417e-01  6.71340708e+02 
 4.49170564e+14  5.58096098e+34  1.40201000e+01  1.54353660e+00  1.29416000e+01  1.52723207e+00  3.74398648e-01  2.06195335e-02  1.12015723e-01  6.57685481e+02 
 4.49658694e+14  5.61501785e+34  1.40281000e+01  1.54996708e+00  1.29546000e+01  1.53369504e+00  3.75018088e-01  2.04916654e-02  1.11739553e-01  6.44402475e+02 
 4.50146825e+14  5.65005604e+34  1.40371000e+01  1.55655421e+00  1.29676000e+01  1.54029488e+00  3.75607081e-01  2.03870194e-02  1.11422291e-01  6.31111628e+02 
 4.50634955e+14  5.68537205e+34  1.40451000e+01  1.56316478e+00  1.29806000e+01  1.54691853e+00  3.76250915e-01  2.02825472e-02  1.11142544e-01  6.18086262e+02 
 4.51123086e+14  5.72068807e+34  1.40541000e+01  1.56974653e+00  1.29936000e+01  1.55352148e+00  3.76834025e-01  2.01694945e-02  1.10820797e-01  6.05420589e+02 
 4.51611216e+14  5.75600408e+34  1.40621000e+01  1.57629956e+00  1.30066000e+01  1.56010371e+00  3.77463688e-01  2.00481045e-02  1.10536139e-01  5.93102581e+02 
 4.52099346e+14  5.79132010e+34  1.40711000e+01  1.58282392e+00  1.30196000e+01  1.56666536e+00  3.78032625e-01  1.99183626e-02  1.10209907e-01  5.81120555e+02 
 4.52587477e+14  5.82663611e+34  1.40791000e+01  1.58931971e+00  1.30326000e+01  1.57320646e+00  3.78648323e-01  1.97804610e-02  1.09920658e-01  5.69463395e+02 
 4.53075607e+14  5.86195212e+34  1.40871000e+01  1.59578702e+00  1.30456000e+01  1.57972697e+00  3.79257145e-01  1.96346086e-02  1.09629166e-01  5.58120329e+02 
 4.53563738e+14  5.89726814e+34  1.40951000e+01  1.60222590e+00  1.30586000e+01  1.58622700e+00  3.79859136e-01  1.94808697e-02  1.09287667e-01  5.46841671e+02 
 4.54051868e+14  5.93337965e+34  1.41041000e+01  1.60878068e+00  1.30706000e+01  1.59275132e+00  3.80423462e-01  1.94356601e-02  1.09001368e-01  5.36096554e+02 
 4.54539999e+14  5.96998296e+34  1.41121000e+01  1.61539529e+00  1.30836000e+01  1.59940863e+00  3.81048951e-01  1.93036788e-02  1.08703988e-01  5.25264460e+02 
 4.55028129e+14  6.00658628e+34  1.41211000e+01  1.62198045e+00  1.30966000e+01  1.60604464e+00  3.81613371e-01  1.91635198e-02  1.08366069e-01  5.14726187e+02 
 4.55516259e+14  6.04318959e+34  1.41291000e+01  1.62853621e+00  1.31096000e+01  1.61265931e+00  3.82224836e-01  1.90154314e-02  1.08064576e-01  5.04472076e+02 
 4.56004390e+14  6.07979291e+34  1.41371000e+01  1.63506269e+00  1.31216000e+01  1.61917381e+00  3.82829403e-01  1.89517394e-02  1.07761081e-01  4.94492751e+02 
 4.56492520e+14  6.11639622e+34  1.41451000e+01  1.64155994e+00  1.31346000e+01  1.62574611e+00  3.83427105e-01  1.87876415e-02  1.07455646e-01  4.84779223e+02 
 4.56980651e+14  6.15299954e+34  1.41531000e+01  1.64802810e+00  1.31466000e+01  1.63221791e+00  3.84018008e-01  1.87079691e-02  1.07101328e-01  4.75114249e+02 
 4.57468781e+14  6.18960285e+34  1.41611000e+01  1.65446722e+00  1.31596000e+01  1.63874782e+00  3.84602149e-01  1.85286563e-02  1.06792350e-01  4.65910643e+02 
 4.57956912e+14  6.22673878e+34  1.41701000e+01  1.66097054e+00  1.31716000e+01  1.64525692e+00  3.85139899e-01  1.84477965e-02  1.06490687e-01  4.57019714e+02 
 4.58445042e+14  6.26465737e+34  1.41781000e+01  1.66758093e+00  1.31836000e+01  1.65186081e+00  3.85746671e-01  1.83804736e-02  1.06177814e-01  4.47979077e+02 
 4.58933173e+14  6.30257595e+34  1.41861000e+01  1.67416123e+00  1.31966000e+01  1.65852252e+00  3.86346504e-01  1.82137179e-02  1.05863161e-01  4.39179357e+02 
 4.59421303e+14  6.34049454e+34  1.41941000e+01  1.68071156e+00  1.32086000e+01  1.66508226e+00  3.86939463e-01  1.81304731e-02  1.05546808e-01  4.30612720e+02 
 4.59909433e+14  6.37841312e+34  1.42021000e+01  1.68723200e+00  1.32206000e+01  1.67162003e+00  3.87525590e-01  1.80392597e-02  1.05228820e-01  4.22271622e+02 
 4.60397564e+14  6.41633171e+34  1.42101000e+01  1.69372265e+00  1.32336000e+01  1.67821607e+00  3.88104936e-01  1.78497267e-02  1.04909264e-01  4.14148803e+02 
 4.60885694e+14  6.45425029e+34  1.42181000e+01  1.70018364e+00  1.32456000e+01  1.68471009e+00  3.88677558e-01  1.77433233e-02  1.04588212e-01  4.06237274e+02 
 4.61373825e+14  6.49216888e+34  1.42261000e+01  1.70661506e+00  1.32566000e+01  1.69110171e+00  3.89243497e-01  1.77196132e-02  1.04265721e-01  3.98530307e+02 
 4.61861955e+14  6.53027350e+34  1.42341000e+01  1.71304836e+00  1.32686000e+01  1.69757876e+00  3.89807689e-01  1.76028740e-02  1.03941702e-01  3.90985051e+02 
 4.62350086e+14  6.56953510e+34  1.42421000e+01  1.71964643e+00  1.32806000e+01  1.70420053e+00  3.90395452e-01  1.75076115e-02  1.03615284e-01  3.83412742e+02 
 4.62838216e+14  6.60879670e+34  1.42501000e+01  1.72621388e+00  1.32926000e+01  1.71079957e+00  3.90976364e-01  1.74046754e-02  1.03287458e-01  3.76038669e+02 
 4.63326346e+14  6.64805830e+34  1.42581000e+01  1.73275081e+00  1.33046000e+01  1.71737595e+00  3.91550478e-01  1.72941800e-02  1.02958290e-01  3.68856491e+02 
 4.63814477e+14  6.68731990e+34  1.42661000e+01  1.73925734e+00  1.33166000e+01  1.72392974e+00  3.92117848e-01  1.71762538e-02  1.02627846e-01  3.61860096e+02 
 4.64302607e+14  6.72658151e+34  1.42741000e+01  1.74573357e+00  1.33286000e+01  1.73046107e+00  3.92678519e-01  1.70509407e-02  1.02296188e-01  3.55043601e+02 
 4.64790738e+14  6.76584311e+34  1.42811000e+01  1.75217961e+00  1.33406000e+01  1.73697005e+00  3.93287624e-01  1.69183329e-02  1.01953984e-01  3.48247305e+02 
 4.65278868e+14  6.80510471e+34  1.42891000e+01  1.75859561e+00  1.33516000e+01  1.74337492e+00  3.93835103e-01  1.68675300e-02  1.01665044e-01  3.41927859e+02 
 4.65766999e+14  6.84436631e+34  1.42971000e+01  1.76498165e+00  1.33636000e+01  1.74983914e+00  3.94376031e-01  1.67206281e-02  1.01329968e-01  3.35617873e+02 
 4.66255129e+14  6.88474737e+34  1.43051000e+01  1.77151890e+00  1.33746000e+01  1.75635474e+00  3.94938235e-01  1.66811499e-02  1.00992369e-01  3.29292988e+02 
 4.66743259e+14  6.92537947e+34  1.43121000e+01  1.77806575e+00  1.33866000e+01  1.76296384e+00  3.95555213e-01  1.65516654e-02  1.00643942e-01  3.22948851e+02 
 4.67231390e+14  6.96601157e+34  1.43201000e+01  1.78458160e+00  1.33976000e+01  1.76946771e+00  3.96110243e-01  1.65029775e-02  1.00348419e-01  3.17049528e+02 
 4.67719520e+14  7.00664367e+34  1.43281000e+01  1.79106660e+00  1.34096000e+01  1.77603056e+00  3.96658620e-01  1.63590124e-02  1.00007353e-01  3.11160642e+02 
 4.68207651e+14  7.04727577e+34  1.43361000e+01  1.79752083e+00  1.34206000e+01  1.78248809e+00  3.97200381e-01  1.62957164e-02  9.96654022e-02  3.05420547e+02 
 4.68695781e+14  7.08790787e+34  1.43431000e+01  1.80394445e+00  1.34326000e+01  1.78900500e+00  3.97791056e-01  1.61377487e-02  9.93572621e-02  2.99824647e+02 
 4.69183912e+14  7.12853997e+34  1.43511000e+01  1.81033757e+00  1.34436000e+01  1.79541638e+00  3.98319798e-01  1.60604926e-02  9.90135826e-02  2.94368463e+02 
 4.69672042e+14  7.16917207e+34  1.43581000e+01  1.81670032e+00  1.34546000e+01  1.80180482e+00  3.98897640e-01  1.59762353e-02  9.87035528e-02  2.89047738e+02 
 4.70160172e+14  7.21041631e+34  1.43661000e+01  1.82312806e+00  1.34656000e+01  1.80825245e+00  3.99427985e-01  1.58980911e-02  9.83572737e-02  2.83781061e+02 
 4.70648303e+14  7.25244608e+34  1.43731000e+01  1.82964686e+00  1.34766000e+01  1.81478173e+00  4.00025928e-01  1.58295793e-02  9.80430101e-02  2.78548534e+02 
 4.71136433e+14  7.29447586e+34  1.43811000e+01  1.83613426e+00  1.34876000e+01  1.82128710e+00  4.00561632e-01  1.57540107e-02  9.76938302e-02  2.73447446e+02 
 4.71624564e+14  7.33650564e+34  1.43881000e+01  1.84259038e+00  1.34996000e+01  1.82785232e+00  4.01146526e-01  1.55846118e-02  9.73778636e-02  2.68473773e+02 
 4.72112694e+14  7.37853541e+34  1.43961000e+01  1.84901536e+00  1.35106000e+01  1.83431055e+00  4.01669184e-01  1.54951769e-02  9.70273552e-02  2.63623581e+02 
 4.72600825e+14  7.42056519e+34  1.44031000e+01  1.85540933e+00  1.35206000e+01  1.84066150e+00  4.02241231e-01  1.54853517e-02  9.67099010e-02  2.58893126e+02 
 4.73088955e+14  7.46259496e+34  1.44101000e+01  1.86177242e+00  1.35316000e+01  1.84707269e+00  4.02806948e-01  1.53821824e-02  9.63487179e-02  2.54165341e+02 
 4.73577085e+14  7.50462474e+34  1.44181000e+01  1.86810478e+00  1.35426000e+01  1.85346057e+00  4.03310424e-01  1.52723473e-02  9.60395241e-02  2.49776969e+02 
