# rhoc (cgs) 	 Pc (cgs) 	 R (km) 	 M (msol) 	 R_core (km) 	 M_core (msol) 	 I/(MR^2) 	 I_crust/(M_crust R_crust^2)/(I/(MR^2)) 	 k_2 	 Lambda 
 2.30000000e+14  2.73573823e+33  2.18261000e+01  1.53646229e-01  5.83560000e+00  7.67575911e-02  5.52719680e-02  7.49949150e-01  4.46242931e-03  2.45138153e+07 
 2.31520712e+14  2.79602643e+33  2.14451000e+01  1.55826392e-01  5.88860000e+00  7.91898818e-02  5.72674786e-02  7.41138125e-01  4.84228548e-03  2.27014748e+07 
 2.33041424e+14  2.85631463e+33  2.10901000e+01  1.58009196e-01  5.94060000e+00  8.16282651e-02  5.92413407e-02  7.32402903e-01  5.23595292e-03  2.10642256e+07 
 2.34562135e+14  2.92164292e+33  2.07311000e+01  1.60377708e-01  5.99560000e+00  8.42686443e-02  6.13601689e-02  7.23076523e-01  5.67860243e-03  1.94626316e+07 
 2.36082847e+14  2.98846233e+33  2.03881000e+01  1.62806144e-01  6.05060000e+00  8.69720230e-02  6.35105729e-02  7.13667540e-01  6.14930233e-03  1.79855636e+07 
 2.37603559e+14  3.05528175e+33  2.00681000e+01  1.65238805e-01  6.10460000e+00  8.96844690e-02  6.56382414e-02  7.04350723e-01  6.63636780e-03  1.66521333e+07 
 2.39124271e+14  3.12210116e+33  1.97681000e+01  1.67673992e-01  6.15660000e+00  9.23694453e-02  6.77486512e-02  6.95336691e-01  7.14070997e-03  1.54456398e+07 
 2.40644983e+14  3.18892057e+33  1.94881000e+01  1.70110129e-01  6.20760000e+00  9.50579428e-02  6.98287011e-02  6.86440305e-01  7.65836558e-03  1.43516256e+07 
 2.42165694e+14  3.25645548e+33  1.92221000e+01  1.72571891e-01  6.25760000e+00  9.77579193e-02  7.19109947e-02  6.77686520e-01  8.19735335e-03  1.33473764e+07 
 2.43686406e+14  3.33022359e+33  1.89501000e+01  1.75262649e-01  6.31160000e+00  1.00726902e-01  7.41567818e-02  6.68170923e-01  8.80189202e-03  1.23525063e+07 
 2.45207118e+14  3.40399171e+33  1.86951000e+01  1.77956017e-01  6.36360000e+00  1.03665862e-01  7.63780263e-02  6.59001950e-01  9.42371575e-03  1.14515992e+07 
 2.46727830e+14  3.47775983e+33  1.84561000e+01  1.80650293e-01  6.41460000e+00  1.06607840e-01  7.85704635e-02  6.49979099e-01  1.00607687e-02  1.06342257e+07 
 2.48248542e+14  3.55152795e+33  1.82321000e+01  1.83343913e-01  6.46360000e+00  1.09512770e-01  8.07306156e-02  6.41330126e-01  1.07110466e-02  9.89125221e+06 
 2.49769254e+14  3.62529607e+33  1.80211000e+01  1.86035448e-01  6.51260000e+00  1.12453487e-01  8.28651027e-02  6.32621931e-01  1.13758427e-02  9.21467279e+06 
 2.51289965e+14  3.70217368e+33  1.78151000e+01  1.88837410e-01  6.56160000e+00  1.15475557e-01  8.50508198e-02  6.23949616e-01  1.20792227e-02  8.57252018e+06 
 2.52810677e+14  3.78327552e+33  1.76101000e+01  1.91793338e-01  6.61260000e+00  1.18676783e-01  8.73318058e-02  6.14901814e-01  1.28380678e-02  7.95627106e+06 
 2.54331389e+14  3.86437735e+33  1.74181000e+01  1.94748605e-01  6.66260000e+00  1.21878219e-01  8.95734027e-02  6.06029242e-01  1.36080800e-02  7.39600760e+06 
 2.55852101e+14  3.94547919e+33  1.72371000e+01  1.97701656e-01  6.71160000e+00  1.25077455e-01  9.17855353e-02  5.97337001e-01  1.43918190e-02  6.88578628e+06 
 2.57372813e+14  4.02658103e+33  1.70671000e+01  2.00651063e-01  6.75860000e+00  1.28230860e-01  9.39587005e-02  5.89067231e-01  1.51844786e-02  6.42036326e+06 
 2.58893524e+14  4.10768286e+33  1.69071000e+01  2.03595515e-01  6.80460000e+00  1.31376395e-01  9.60945159e-02  5.80991107e-01  1.59854246e-02  5.99510967e+06 
 2.60414236e+14  4.19442999e+33  1.67451000e+01  2.06739897e-01  6.85360000e+00  1.34768910e-01  9.83505855e-02  5.72354002e-01  1.68553794e-02  5.57987102e+06 
 2.61934948e+14  4.28322179e+33  1.65891000e+01  2.09956009e-01  6.90260000e+00  1.38231584e-01  1.00620857e-01  5.63747694e-01  1.77551053e-02  5.19235307e+06 
 2.63455660e+14  4.37201359e+33  1.64421000e+01  2.13168358e-01  6.94960000e+00  1.41645241e-01  1.02854057e-01  5.55588716e-01  1.86638673e-02  4.83885654e+06 
 2.64976372e+14  4.46080538e+33  1.63031000e+01  2.16375521e-01  6.99560000e+00  1.45049979e-01  1.05054505e-01  5.47637665e-01  1.95823640e-02  4.51589493e+06 
 2.66497083e+14  4.54959718e+33  1.61721000e+01  2.19576197e-01  7.04160000e+00  1.48488360e-01  1.07214603e-01  5.39646504e-01  2.05058175e-02  4.22037719e+06 
 2.68017795e+14  4.63865046e+33  1.60481000e+01  2.22778583e-01  7.08560000e+00  1.51873134e-01  1.09341631e-01  5.32127187e-01  2.14360902e-02  3.94879763e+06 
 2.69538507e+14  4.73545986e+33  1.59211000e+01  2.26253363e-01  7.13360000e+00  1.55596357e-01  1.11609728e-01  5.23870430e-01  2.24506485e-02  3.67864096e+06 
 2.71059219e+14  4.83226926e+33  1.58011000e+01  2.29722855e-01  7.17960000e+00  1.59264339e-01  1.13840463e-01  5.16084118e-01  2.34713206e-02  3.43179622e+06 
 2.72579931e+14  4.92907867e+33  1.56871000e+01  2.33185624e-01  7.22560000e+00  1.62967229e-01  1.16041544e-01  5.08260266e-01  2.45008146e-02  3.20592503e+06 
 2.74100642e+14  5.02588807e+33  1.55801000e+01  2.36640382e-01  7.26960000e+00  1.66608750e-01  1.18191762e-01  5.00913887e-01  2.55266145e-02  2.99894509e+06 
 2.75621354e+14  5.12269747e+33  1.54781000e+01  2.40085932e-01  7.31360000e+00  1.70281636e-01  1.20314970e-01  4.93529949e-01  2.65600714e-02  2.80900359e+06 
 2.77142066e+14  5.18905135e+33  1.54121000e+01  2.42441605e-01  7.34260000e+00  1.72760407e-01  1.21735854e-01  4.88748204e-01  2.72618357e-02  2.68779918e+06 
 2.78662778e+14  5.19033060e+33  1.54111000e+01  2.42486217e-01  7.34260000e+00  1.72780713e-01  1.21759016e-01  4.88801007e-01  2.72731199e-02  2.68556769e+06 
 2.80183490e+14  5.19160985e+33  1.54101000e+01  2.42529919e-01  7.34360000e+00  1.72849402e-01  1.21782026e-01  4.88591440e-01  2.72843554e-02  2.68338355e+06 
 2.81704202e+14  5.19288910e+33  1.54081000e+01  2.42572731e-01  7.34360000e+00  1.72868908e-01  1.21820698e-01  4.88642056e-01  2.73044019e-02  2.68124563e+06 
 2.83224913e+14  5.19416835e+33  1.54071000e+01  2.42614670e-01  7.34460000e+00  1.72936832e-01  1.21843412e-01  4.88430293e-01  2.73155442e-02  2.67915266e+06 
 2.84745625e+14  5.19544760e+33  1.54061000e+01  2.42655754e-01  7.34460000e+00  1.72955578e-01  1.21865979e-01  4.88478767e-01  2.73266383e-02  2.67710364e+06 
 2.86266337e+14  5.19672685e+33  1.54051000e+01  2.42695999e-01  7.34560000e+00  1.73022774e-01  1.21888399e-01  4.88264870e-01  2.73376840e-02  2.67509757e+06 
 2.87787049e+14  5.19800610e+33  1.54041000e+01  2.42735423e-01  7.34560000e+00  1.73040796e-01  1.21910676e-01  4.88311271e-01  2.73486821e-02  2.67313342e+06 
 2.89307761e+14  5.19928535e+33  1.54031000e+01  2.42774042e-01  7.34660000e+00  1.73107296e-01  1.21932811e-01  4.88095304e-01  2.73596326e-02  2.67121024e+06 
 2.90828472e+14  5.20056460e+33  1.54021000e+01  2.42811871e-01  7.34660000e+00  1.73124625e-01  1.21954805e-01  4.88139695e-01  2.73705364e-02  2.66932714e+06 
 2.92349184e+14  5.20184385e+33  1.54011000e+01  2.42848926e-01  7.34760000e+00  1.73190460e-01  1.21976662e-01  4.87921720e-01  2.73813935e-02  2.66748320e+06 
 2.93869896e+14  5.20312310e+33  1.54001000e+01  2.42885223e-01  7.34760000e+00  1.73207128e-01  1.21998383e-01  4.87964168e-01  2.73922051e-02  2.66567752e+06 
 2.95390608e+14  5.20440235e+33  1.53991000e+01  2.42920775e-01  7.34860000e+00  1.73272326e-01  1.22019969e-01  4.87744248e-01  2.74029709e-02  2.66390933e+06 
 2.96911320e+14  5.20568160e+33  1.53981000e+01  2.42955597e-01  7.34860000e+00  1.73288359e-01  1.22041424e-01  4.87784814e-01  2.74136925e-02  2.66217775e+06 
 2.98432031e+14  5.20696085e+33  1.53971000e+01  2.42989703e-01  7.34960000e+00  1.73352946e-01  1.22062748e-01  4.87563018e-01  2.74243695e-02  2.66048202e+06 
 2.99952743e+14  5.20824010e+33  1.53961000e+01  2.43023108e-01  7.34960000e+00  1.73368373e-01  1.22083945e-01  4.87601761e-01  2.74350032e-02  2.65882136e+06 
 3.01473455e+14  5.20951935e+33  1.53951000e+01  2.43055822e-01  7.34960000e+00  1.73383501e-01  1.22105016e-01  4.87639614e-01  2.74455937e-02  2.65719505e+06 
 3.02994167e+14  5.21079860e+33  1.53941000e+01  2.43087862e-01  7.35060000e+00  1.73447219e-01  1.22125963e-01  4.87415125e-01  2.74561418e-02  2.65560232e+06 
 3.04514879e+14  5.21207785e+33  1.53931000e+01  2.43119238e-01  7.35060000e+00  1.73461777e-01  1.22146788e-01  4.87451249e-01  2.74666483e-02  2.65404246e+06 
 3.06035590e+14  5.21335710e+33  1.53921000e+01  2.43149964e-01  7.35160000e+00  1.73524944e-01  1.22167493e-01  4.87225032e-01  2.74771135e-02  2.65251484e+06 
 3.07556302e+14  5.21463635e+33  1.53911000e+01  2.43180051e-01  7.35160000e+00  1.73538954e-01  1.22188080e-01  4.87259481e-01  2.74875382e-02  2.65101873e+06 
 3.09077014e+14  5.21591560e+33  1.53911000e+01  2.43209511e-01  7.35160000e+00  1.73552694e-01  1.22192670e-01  4.87293111e-01  2.74889902e-02  2.64955347e+06 
 3.10597726e+14  5.21719485e+33  1.53901000e+01  2.43238357e-01  7.35260000e+00  1.73615077e-01  1.22213023e-01  4.87064413e-01  2.74993314e-02  2.64811850e+06 
 3.12118438e+14  5.21847410e+33  1.53891000e+01  2.43266599e-01  7.35260000e+00  1.73628302e-01  1.22233264e-01  4.87096459e-01  2.75096341e-02  2.64671319e+06 
 3.13639150e+14  5.21975335e+33  1.53881000e+01  2.43294249e-01  7.35260000e+00  1.73641272e-01  1.22253395e-01  4.87127733e-01  2.75198987e-02  2.64533691e+06 
 3.15159861e+14  5.22103260e+33  1.53881000e+01  2.43321317e-01  7.35360000e+00  1.73702914e-01  1.22257523e-01  4.86896670e-01  2.75211804e-02  2.64398898e+06 
 3.16680573e+14  5.22231185e+33  1.53871000e+01  2.43347816e-01  7.35360000e+00  1.73715400e-01  1.22277435e-01  4.86926436e-01  2.75313668e-02  2.64266899e+06 
 3.18201285e+14  5.22359110e+33  1.53861000e+01  2.43373753e-01  7.35360000e+00  1.73727645e-01  1.22297242e-01  4.86955462e-01  2.75415164e-02  2.64137635e+06 
 3.19721997e+14  5.22487035e+33  1.53851000e+01  2.43399139e-01  7.35460000e+00  1.73788588e-01  1.22316944e-01  4.86722168e-01  2.75516300e-02  2.64011053e+06 
 3.21242709e+14  5.22614960e+33  1.53851000e+01  2.43423985e-01  7.35460000e+00  1.73800375e-01  1.22320641e-01  4.86749752e-01  2.75527520e-02  2.63887085e+06 
 3.22763420e+14  5.22742885e+33  1.53841000e+01  2.43448302e-01  7.35460000e+00  1.73811937e-01  1.22340140e-01  4.86776644e-01  2.75627922e-02  2.63765698e+06 
 3.24284132e+14  5.22870810e+33  1.53831000e+01  2.43472097e-01  7.35460000e+00  1.73823277e-01  1.22359539e-01  4.86802847e-01  2.75727981e-02  2.63646832e+06 
 3.25804844e+14  5.22998735e+33  1.53831000e+01  2.43495380e-01  7.35560000e+00  1.73883348e-01  1.22362931e-01  4.86566744e-01  2.75738059e-02  2.63530435e+06 
 3.27325556e+14  5.23126660e+33  1.53821000e+01  2.43518161e-01  7.35560000e+00  1.73894263e-01  1.22382135e-01  4.86591606e-01  2.75837417e-02  2.63416474e+06 
 3.28846268e+14  5.23254585e+33  1.53811000e+01  2.43540448e-01  7.35560000e+00  1.73904969e-01  1.22401246e-01  4.86615816e-01  2.75936450e-02  2.63304891e+06 
 3.30366979e+14  5.23382510e+33  1.53811000e+01  2.43562251e-01  7.35660000e+00  1.73964427e-01  1.22404347e-01  4.86377719e-01  2.75945436e-02  2.63195632e+06 
 3.31887691e+14  5.23510435e+33  1.53801000e+01  2.43583577e-01  7.35660000e+00  1.73974731e-01  1.22423272e-01  4.86400656e-01  2.76043801e-02  2.63088674e+06 
 3.33408403e+14  5.23638360e+33  1.53791000e+01  2.43604436e-01  7.35660000e+00  1.73984837e-01  1.22442109e-01  4.86422968e-01  2.76141856e-02  2.62983963e+06 
 3.34929115e+14  5.23766285e+33  1.53791000e+01  2.43624835e-01  7.35660000e+00  1.73994748e-01  1.22444933e-01  4.86444668e-01  2.76149804e-02  2.62881445e+06 
 3.36449827e+14  5.23894210e+33  1.53781000e+01  2.43644782e-01  7.35760000e+00  1.74053439e-01  1.22463593e-01  4.86204080e-01  2.76247219e-02  2.62781099e+06 
 3.37970538e+14  5.24022135e+33  1.53781000e+01  2.43664286e-01  7.35760000e+00  1.74062977e-01  1.22466239e-01  4.86224589e-01  2.76254500e-02  2.62682867e+06 
 3.39491250e+14  5.24150060e+33  1.53771000e+01  2.43683354e-01  7.35760000e+00  1.74072332e-01  1.22484729e-01  4.86244521e-01  2.76351300e-02  2.62586723e+06 
 3.41011962e+14  5.24277985e+33  1.53771000e+01  2.43701995e-01  7.35760000e+00  1.74081505e-01  1.22487204e-01  4.86263880e-01  2.76357933e-02  2.62492615e+06 
 3.42532674e+14  5.24405911e+33  1.53761000e+01  2.43720212e-01  7.35760000e+00  1.74090501e-01  1.22505528e-01  4.86282678e-01  2.76454133e-02  2.62400526e+06 
 3.44053386e+14  5.24533836e+33  1.53761000e+01  2.43738018e-01  7.35860000e+00  1.74148308e-01  1.22507836e-01  4.86039200e-01  2.76460139e-02  2.62310394e+06 
 3.45574098e+14  5.24661761e+33  1.53751000e+01  2.43755417e-01  7.35860000e+00  1.74156963e-01  1.22526002e-01  4.86056909e-01  2.76555765e-02  2.62222200e+06 
 3.47094809e+14  5.24789686e+33  1.53751000e+01  2.43772416e-01  7.35860000e+00  1.74165449e-01  1.22528150e-01  4.86074075e-01  2.76561163e-02  2.62135905e+06 
 3.48615521e+14  5.24917611e+33  1.53741000e+01  2.43789022e-01  7.35860000e+00  1.74173770e-01  1.22546161e-01  4.86090724e-01  2.76656228e-02  2.62051478e+06 
 3.50136233e+14  5.25045536e+33  1.53741000e+01  2.43805242e-01  7.35860000e+00  1.74181928e-01  1.22548153e-01  4.86106848e-01  2.76661036e-02  2.61968872e+06 
 3.51656945e+14  5.25173461e+33  1.53731000e+01  2.43821083e-01  7.35960000e+00  1.74238926e-01  1.22566015e-01  4.85860721e-01  2.76755562e-02  2.61888069e+06 
 3.53177657e+14  5.25301386e+33  1.53731000e+01  2.43836552e-01  7.35960000e+00  1.74246772e-01  1.22567857e-01  4.85875841e-01  2.76759803e-02  2.61809022e+06 
 3.54698368e+14  5.25429311e+33  1.53721000e+01  2.43851654e-01  7.35960000e+00  1.74254463e-01  1.22585575e-01  4.85890479e-01  2.76853806e-02  2.61731717e+06 
 3.56219080e+14  5.25557236e+33  1.53721000e+01  2.43866394e-01  7.35960000e+00  1.74262003e-01  1.22587272e-01  4.85904625e-01  2.76857494e-02  2.61656113e+06 
 3.57739792e+14  5.25685161e+33  1.53711000e+01  2.43880781e-01  7.35960000e+00  1.74269394e-01  1.22604850e-01  4.85918303e-01  2.76950990e-02  2.61582180e+06 
 3.59260504e+14  5.25813086e+33  1.53711000e+01  2.43894818e-01  7.35960000e+00  1.74276639e-01  1.22606405e-01  4.85931503e-01  2.76954141e-02  2.61509891e+06 
 3.60781216e+14  5.25941011e+33  1.53711000e+01  2.43908515e-01  7.36060000e+00  1.74332753e-01  1.22607893e-01  4.85682467e-01  2.76957038e-02  2.61439204e+06 
 3.62301927e+14  5.26068936e+33  1.53701000e+01  2.43921873e-01  7.36060000e+00  1.74339715e-01  1.22625269e-01  4.85694768e-01  2.77049790e-02  2.61370123e+06 
 3.63822639e+14  5.26196861e+33  1.53701000e+01  2.43934900e-01  7.36060000e+00  1.74346538e-01  1.22626622e-01  4.85706620e-01  2.77052174e-02  2.61302585e+06 
 3.65343351e+14  5.26324786e+33  1.53691000e+01  2.43947603e-01  7.36060000e+00  1.74353225e-01  1.22643870e-01  4.85718042e-01  2.77144463e-02  2.61236581e+06 
 3.66864063e+14  5.26452711e+33  1.53691000e+01  2.43959984e-01  7.36060000e+00  1.74359778e-01  1.22645093e-01  4.85729026e-01  2.77146354e-02  2.61172080e+06 
 3.68384775e+14  5.26580636e+33  1.53691000e+01  2.43972050e-01  7.36060000e+00  1.74366198e-01  1.22646253e-01  4.85739585e-01  2.77148002e-02  2.61109059e+06 
 3.69905486e+14  5.26708561e+33  1.53681000e+01  2.43983805e-01  7.36160000e+00  1.74421511e-01  1.22663314e-01  4.85487910e-01  2.77239603e-02  2.61047497e+06 
 3.71426198e+14  5.26836486e+33  1.53681000e+01  2.43995258e-01  7.36160000e+00  1.74427676e-01  1.22664352e-01  4.85497654e-01  2.77240788e-02  2.60987353e+06 
 3.72946910e+14  5.26964411e+33  1.53681000e+01  2.44006411e-01  7.36160000e+00  1.74433715e-01  1.22665329e-01  4.85506991e-01  2.77241740e-02  2.60928611e+06 
 3.74467622e+14  5.27092336e+33  1.53671000e+01  2.44017267e-01  7.36160000e+00  1.74439630e-01  1.22682213e-01  4.85515937e-01  2.77332691e-02  2.60871264e+06 
 3.75988334e+14  5.27220261e+33  1.53671000e+01  2.44027833e-01  7.36160000e+00  1.74445423e-01  1.22683072e-01  4.85524487e-01  2.77333196e-02  2.60815265e+06 
 3.77509046e+14  5.27348186e+33  1.53661000e+01  2.44038114e-01  7.36160000e+00  1.74451097e-01  1.22699844e-01  4.85532661e-01  2.77423743e-02  2.60760604e+06 
 3.79029757e+14  5.27476111e+33  1.53661000e+01  2.44048117e-01  7.36160000e+00  1.74456654e-01  1.22700590e-01  4.85540453e-01  2.77423815e-02  2.60707237e+06 
 3.80550469e+14  5.27604036e+33  1.53661000e+01  2.44057840e-01  7.36160000e+00  1.74462094e-01  1.22701280e-01  4.85547870e-01  2.77423672e-02  2.60655179e+06 
 3.82071181e+14  5.27731961e+33  1.53661000e+01  2.44067294e-01  7.36160000e+00  1.74467421e-01  1.22701915e-01  4.85554926e-01  2.77423324e-02  2.60604373e+06 
 3.83591893e+14  5.27859886e+33  1.53651000e+01  2.44076479e-01  7.36260000e+00  1.74521672e-01  1.22718471e-01  4.85299771e-01  2.77513069e-02  2.60554829e+06 
 3.85112605e+14  5.27987811e+33  1.53651000e+01  2.44085404e-01  7.36260000e+00  1.74526778e-01  1.22719001e-01  4.85306120e-01  2.77512318e-02  2.60506495e+06 
 3.86633316e+14  5.28115736e+33  1.53651000e+01  2.44094066e-01  7.36260000e+00  1.74531775e-01  1.22719478e-01  4.85312117e-01  2.77511367e-02  2.60459378e+06 
 3.88154028e+14  5.28243661e+33  1.53641000e+01  2.44102477e-01  7.36260000e+00  1.74536666e-01  1.22735881e-01  4.85317783e-01  2.77600554e-02  2.60413441e+06 
 3.89674740e+14  5.28371586e+33  1.53641000e+01  2.44110637e-01  7.36260000e+00  1.74541452e-01  1.22736257e-01  4.85323104e-01  2.77599216e-02  2.60368670e+06 
 3.91195452e+14  5.28499511e+33  1.53641000e+01  2.44118548e-01  7.36260000e+00  1.74546133e-01  1.22736583e-01  4.85328093e-01  2.77597690e-02  2.60325050e+06 
 3.92716164e+14  5.28627436e+33  1.53641000e+01  2.44126219e-01  7.36260000e+00  1.74550713e-01  1.22736861e-01  4.85332759e-01  2.77595980e-02  2.60282552e+06 
 3.94236875e+14  5.28755361e+33  1.53631000e+01  2.44133651e-01  7.36260000e+00  1.74555193e-01  1.22753071e-01  4.85337112e-01  2.77684452e-02  2.60241169e+06 
 3.95757587e+14  5.28883286e+33  1.53631000e+01  2.44140848e-01  7.36260000e+00  1.74559575e-01  1.22753254e-01  4.85341143e-01  2.77682379e-02  2.60200870e+06 
 3.97278299e+14  5.29011211e+33  1.53631000e+01  2.44147814e-01  7.36260000e+00  1.74563859e-01  1.22753391e-01  4.85344864e-01  2.77680130e-02  2.60161646e+06 
 3.98799011e+14  5.29139136e+33  1.53631000e+01  2.44154551e-01  7.36260000e+00  1.74568048e-01  1.22753482e-01  4.85348280e-01  2.77677708e-02  2.60123484e+06 
 4.00319723e+14  5.29267061e+33  1.53621000e+01  2.44161065e-01  7.36360000e+00  1.74621192e-01  1.22769511e-01  4.85089496e-01  2.77765512e-02  2.60086366e+06 
 4.01840434e+14  5.29394986e+33  1.53621000e+01  2.44167360e-01  7.36360000e+00  1.74625195e-01  1.22769514e-01  4.85092328e-01  2.77762756e-02  2.60050262e+06 
 4.03361146e+14  5.29522911e+33  1.53621000e+01  2.44173436e-01  7.36360000e+00  1.74629106e-01  1.22769473e-01  4.85094860e-01  2.77759831e-02  2.60015168e+06 
 4.04881858e+14  5.29650836e+33  1.53621000e+01  2.44179298e-01  7.36360000e+00  1.74632928e-01  1.22769388e-01  4.85097106e-01  2.77756744e-02  2.59981068e+06 
 4.06402570e+14  5.29778761e+33  1.53611000e+01  2.44184951e-01  7.36360000e+00  1.74636661e-01  1.22785249e-01  4.85099077e-01  2.77843925e-02  2.59947948e+06 
 4.07923282e+14  5.29906686e+33  1.53611000e+01  2.44190397e-01  7.36360000e+00  1.74640307e-01  1.22785082e-01  4.85100766e-01  2.77840521e-02  2.59915779e+06 
 4.09443993e+14  5.30034611e+33  1.53611000e+01  2.44195640e-01  7.36360000e+00  1.74643869e-01  1.22784874e-01  4.85102184e-01  2.77836963e-02  2.59884549e+06 
 4.10964705e+14  5.30162536e+33  1.53611000e+01  2.44200683e-01  7.36360000e+00  1.74647346e-01  1.22784626e-01  4.85103335e-01  2.77833254e-02  2.59854244e+06 
 4.12485417e+14  5.30290461e+33  1.53611000e+01  2.44205526e-01  7.36360000e+00  1.74650738e-01  1.22784338e-01  4.85104218e-01  2.77829393e-02  2.59824871e+06 
 4.14006129e+14  5.30418386e+33  1.53601000e+01  2.44210176e-01  7.36360000e+00  1.74654049e-01  1.22800002e-01  4.85104851e-01  2.77915844e-02  2.59796396e+06 
 4.15526841e+14  5.30546311e+33  1.53601000e+01  2.44214637e-01  7.36360000e+00  1.74657281e-01  1.22799638e-01  4.85105226e-01  2.77911695e-02  2.59768789e+06 
 4.17047553e+14  5.30674236e+33  1.53601000e+01  2.44218905e-01  7.36360000e+00  1.74660431e-01  1.22799236e-01  4.85105343e-01  2.77907400e-02  2.59742076e+06 
 4.18568264e+14  5.30802161e+33  1.53601000e+01  2.44222991e-01  7.36360000e+00  1.74663504e-01  1.22798798e-01  4.85105218e-01  2.77902969e-02  2.59716205e+06 
 4.20088976e+14  5.30930086e+33  1.53601000e+01  2.44226893e-01  7.36360000e+00  1.74666500e-01  1.22798323e-01  4.85104847e-01  2.77898398e-02  2.59691189e+06 
 4.21609688e+14  5.31058011e+33  1.53601000e+01  2.44230616e-01  7.36360000e+00  1.74669420e-01  1.22797813e-01  4.85104238e-01  2.77893694e-02  2.59666999e+06 
 4.23130400e+14  5.31185936e+33  1.53591000e+01  2.44234162e-01  7.36360000e+00  1.74672265e-01  1.22813260e-01  4.85103399e-01  2.77979339e-02  2.59643641e+06 
 4.24651112e+14  5.31313861e+33  1.53591000e+01  2.44237534e-01  7.36360000e+00  1.74675037e-01  1.22812680e-01  4.85102325e-01  2.77974371e-02  2.59621074e+06 
 4.26171823e+14  5.31441786e+33  1.53591000e+01  2.44240732e-01  7.36360000e+00  1.74677736e-01  1.22812066e-01  4.85101018e-01  2.77969273e-02  2.59599315e+06 
 4.27692535e+14  5.31569711e+33  1.53591000e+01  2.44243766e-01  7.36360000e+00  1.74680364e-01  1.22811419e-01  4.85099493e-01  2.77964051e-02  2.59578320e+06 
 4.29213247e+14  5.31697636e+33  1.53591000e+01  2.44246628e-01  7.36360000e+00  1.74682921e-01  1.22810738e-01  4.85097742e-01  2.77958703e-02  2.59558113e+06 
 4.30733959e+14  5.31825561e+33  1.53591000e+01  2.44249329e-01  7.36360000e+00  1.74685409e-01  1.22810026e-01  4.85095776e-01  2.77953234e-02  2.59538658e+06 
 4.32254671e+14  5.31953486e+33  1.53591000e+01  2.44251871e-01  7.36360000e+00  1.74687829e-01  1.22809282e-01  4.85093599e-01  2.77947648e-02  2.59519939e+06 
 4.33775382e+14  5.32081412e+33  1.53581000e+01  2.44254250e-01  7.36360000e+00  1.74690180e-01  1.22824501e-01  4.85091214e-01  2.78032447e-02  2.59501978e+06 
 4.35296094e+14  5.32209337e+33  1.53581000e+01  2.44256473e-01  7.36360000e+00  1.74692466e-01  1.22823694e-01  4.85088615e-01  2.78026623e-02  2.59484733e+06 
 4.36816806e+14  5.32337262e+33  1.53581000e+01  2.44258543e-01  7.36360000e+00  1.74694686e-01  1.22822857e-01  4.85085815e-01  2.78020685e-02  2.59468196e+06 
 4.38337518e+14  5.32465187e+33  1.53581000e+01  2.44260463e-01  7.36360000e+00  1.74696843e-01  1.22821991e-01  4.85082816e-01  2.78014637e-02  2.59452356e+06 
 4.39858230e+14  5.32593112e+33  1.53581000e+01  2.44262232e-01  7.36360000e+00  1.74698936e-01  1.22821096e-01  4.85079618e-01  2.78008479e-02  2.59437212e+06 
 4.41378941e+14  5.32721037e+33  1.53581000e+01  2.44263852e-01  7.36360000e+00  1.74700965e-01  1.22820171e-01  4.85076223e-01  2.78002210e-02  2.59422759e+06 
 4.42899653e+14  5.32848962e+33  1.53581000e+01  2.44265328e-01  7.36360000e+00  1.74702933e-01  1.22819217e-01  4.85072637e-01  2.77995836e-02  2.59408974e+06 
 4.44420365e+14  5.32976887e+33  1.53581000e+01  2.44266661e-01  7.36360000e+00  1.74704840e-01  1.22818236e-01  4.85068864e-01  2.77989358e-02  2.59395849e+06 
 4.45941077e+14  5.33104812e+33  1.53581000e+01  2.44267854e-01  7.36360000e+00  1.74706688e-01  1.22817228e-01  4.85064907e-01  2.77982777e-02  2.59383374e+06 
 4.47461789e+14  5.33232737e+33  1.53571000e+01  2.44268909e-01  7.36360000e+00  1.74708476e-01  1.22832190e-01  4.85060774e-01  2.78066619e-02  2.59371548e+06 
 4.48982501e+14  5.33360662e+33  1.53571000e+01  2.44269827e-01  7.36360000e+00  1.74710207e-01  1.22831128e-01  4.85056454e-01  2.78059836e-02  2.59360347e+06 
 4.50503212e+14  5.36863015e+33  1.53551000e+01  2.44270836e-01  7.36360000e+00  1.74752148e-01  1.22824862e-01  4.84886400e-01  2.78010680e-02  2.59140332e+06 
 4.52023924e+14  5.46019931e+33  1.53491000e+01  2.44218033e-01  7.36160000e+00  1.74775686e-01  1.22777180e-01  4.84744591e-01  2.77714400e-02  2.58638224e+06 
 4.53544636e+14  5.55200737e+33  1.53411000e+01  2.44164947e-01  7.35960000e+00  1.74837854e-01  1.22725945e-01  4.84439798e-01  2.77385962e-02  2.57940054e+06 
 4.55065348e+14  5.64639368e+33  1.53301000e+01  2.44130914e-01  7.35760000e+00  1.74944613e-01  1.22693207e-01  4.84005716e-01  2.77143547e-02  2.56971055e+06 
 4.56586060e+14  5.74077998e+33  1.53181000e+01  2.44122000e-01  7.35460000e+00  1.75039639e-01  1.22657510e-01  4.83753533e-01  2.76866915e-02  2.55758071e+06 
 4.58106771e+14  5.83745509e+33  1.53031000e+01  2.44139737e-01  7.35260000e+00  1.75224571e-01  1.22648539e-01  4.83146659e-01  2.76722076e-02  2.54282753e+06 
 4.59627483e+14  5.93472153e+33  1.52871000e+01  2.44184897e-01  7.35060000e+00  1.75444039e-01  1.22640792e-01  4.82476045e-01  2.76566997e-02  2.52580763e+06 
 4.61148195e+14  6.03346984e+33  1.52681000e+01  2.44258195e-01  7.34860000e+00  1.75699293e-01  1.22665864e-01  4.81738130e-01  2.76579258e-02  2.50649733e+06 
 4.62668907e+14  6.13368022e+33  1.52481000e+01  2.44360195e-01  7.34660000e+00  1.75989328e-01  1.22693160e-01  4.80938407e-01  2.76586559e-02  2.48499657e+06 
 4.64189619e+14  6.23452483e+33  1.52261000e+01  2.44490230e-01  7.34560000e+00  1.76358563e-01  1.22742643e-01  4.79829128e-01  2.76702987e-02  2.46160332e+06 
 4.65710330e+14  6.33774379e+33  1.52021000e+01  2.44650993e-01  7.34360000e+00  1.76715931e-01  1.22810232e-01  4.78917956e-01  2.76902884e-02  2.43600889e+06 
 4.67231042e+14  6.44096275e+33  1.51771000e+01  2.44839054e-01  7.34260000e+00  1.77147773e-01  1.22888335e-01  4.77713737e-01  2.77147856e-02  2.40890913e+06 
 4.68751754e+14  6.54700056e+33  1.51501000e+01  2.45059905e-01  7.34160000e+00  1.77617834e-01  1.22985287e-01  4.76443700e-01  2.77479723e-02  2.37966502e+06 
 4.70272466e+14  6.65329356e+33  1.51211000e+01  2.45308710e-01  7.34060000e+00  1.78113205e-01  1.23110397e-01  4.75147977e-01  2.77956334e-02  2.34907585e+06 
 4.71793178e+14  6.76153945e+33  1.50911000e+01  2.45589466e-01  7.33960000e+00  1.78641853e-01  1.23242928e-01  4.73804824e-01  2.78457380e-02  2.31677000e+06 
 4.73313889e+14  6.87097279e+33  1.50601000e+01  2.45900824e-01  7.33960000e+00  1.79248239e-01  1.23386310e-01  4.72162120e-01  2.79003949e-02  2.28306402e+06 
 4.74834601e+14  6.98144995e+33  1.50271000e+01  2.46242397e-01  7.33860000e+00  1.79833447e-01  1.23558418e-01  4.70757274e-01  2.79697793e-02  2.24811827e+06 
 4.76355313e+14  7.09409073e+33  1.49931000e+01  2.46618145e-01  7.33860000e+00  1.80501197e-01  1.23740024e-01  4.69042718e-01  2.80427496e-02  2.21167356e+06 
 4.77876025e+14  7.20682208e+33  1.49581000e+01  2.47021298e-01  7.33860000e+00  1.81189959e-01  1.23939046e-01  4.67319276e-01  2.81243666e-02  2.17450945e+06 
 4.79396737e+14  7.32273825e+33  1.49211000e+01  2.47463300e-01  7.33960000e+00  1.81967184e-01  1.24162548e-01  4.65273820e-01  2.82178067e-02  2.13570782e+06 
 4.80917449e+14  7.43865442e+33  1.48841000e+01  2.47932542e-01  7.33960000e+00  1.82715238e-01  1.24388981e-01  4.63493719e-01  2.83117658e-02  2.09643099e+06 
 4.82438160e+14  7.55700673e+33  1.48451000e+01  2.48438881e-01  7.34060000e+00  1.83546870e-01  1.24644379e-01  4.61407245e-01  2.84203555e-02  2.05596491e+06 
 4.83958872e+14  7.67626704e+33  1.48051000e+01  2.48976381e-01  7.34160000e+00  1.84403189e-01  1.24918169e-01  4.59308666e-01  2.85380668e-02  2.01492509e+06 
 4.85479584e+14  7.79698807e+33  1.47631000e+01  2.49547547e-01  7.34360000e+00  1.85336275e-01  1.25226403e-01  4.56921963e-01  2.86739621e-02  1.97322845e+06 
 4.87000296e+14  7.91966211e+33  1.47211000e+01  2.50155074e-01  7.34460000e+00  1.86251917e-01  1.25534459e-01  4.54781534e-01  2.88081114e-02  1.93080272e+06 
 4.88521008e+14  8.04277469e+33  1.46791000e+01  2.50791553e-01  7.34660000e+00  1.87236610e-01  1.25848062e-01  4.52372374e-01  2.89443147e-02  1.88827079e+06 
 4.90041719e+14  8.16893285e+33  1.46341000e+01  2.51470963e-01  7.34860000e+00  1.88260318e-01  1.26211064e-01  4.49927728e-01  2.91068987e-02  1.84482503e+06 
 4.91562431e+14  8.29509102e+33  1.45901000e+01  2.52176991e-01  7.35060000e+00  1.89300442e-01  1.26565498e-01  4.47495667e-01  2.92636727e-02  1.80161198e+06 
 4.93083143e+14  8.42417295e+33  1.45441000e+01  2.52926263e-01  7.35360000e+00  1.90427510e-01  1.26954708e-01  4.44762465e-01  2.94385798e-02  1.75772068e+06 
 4.94603855e+14  8.55388645e+33  1.44981000e+01  2.53705866e-01  7.35560000e+00  1.91526279e-01  1.27352170e-01  4.42309623e-01  2.96172199e-02  1.71401879e+06 
 4.96124567e+14  8.68547656e+33  1.44511000e+01  2.54523143e-01  7.35860000e+00  1.92703827e-01  1.27772273e-01  4.39574986e-01  2.98075075e-02  1.67017579e+06 
 4.97645278e+14  8.81881742e+33  1.44031000e+01  2.55377921e-01  7.36160000e+00  1.93910309e-01  1.28216496e-01  4.36836100e-01  3.00104248e-02  1.62631125e+06 
 4.99165990e+14  8.95293826e+33  1.43551000e+01  2.56263640e-01  7.36560000e+00  1.95186653e-01  1.28670795e-01  4.33833919e-01  3.02182613e-02  1.58282905e+06 
 5.00686702e+14  9.08997931e+33  1.43061000e+01  2.57195003e-01  7.36860000e+00  1.96452024e-01  1.29147545e-01  4.31090295e-01  3.04373731e-02  1.53910836e+06 
 5.02207414e+14  9.22702036e+33  1.42581000e+01  2.58152022e-01  7.37260000e+00  1.97780512e-01  1.29619971e-01  4.28097780e-01  3.06533433e-02  1.49615591e+06 
 5.03728126e+14  9.36746794e+33  1.42081000e+01  2.59158764e-01  7.37660000e+00  1.99151047e-01  1.30133480e-01  4.25087144e-01  3.08914744e-02  1.45297299e+06 
 5.05248837e+14  9.50828282e+33  1.41581000e+01  2.60193744e-01  7.38160000e+00  2.00587503e-01  1.30661296e-01  4.21825124e-01  3.11374585e-02  1.41056195e+06 
 5.06769549e+14  9.65137948e+33  1.41071000e+01  2.61270915e-01  7.38560000e+00  2.02007173e-01  1.31217346e-01  4.18842105e-01  3.13987703e-02  1.36840423e+06 
 5.08290261e+14  9.79604264e+33  1.40571000e+01  2.62384986e-01  7.39060000e+00  2.03502594e-01  1.31767080e-01  4.15594755e-01  3.16551564e-02  1.32677295e+06 
 5.09810973e+14  9.94181050e+33  1.40061000e+01  2.63532515e-01  7.39560000e+00  2.05020187e-01  1.32349855e-01  4.12369183e-01  3.19304961e-02  1.28584650e+06 
 5.11331685e+14  1.00903972e+34  1.39551000e+01  2.64727103e-01  7.40160000e+00  2.06624429e-01  1.32943230e-01  4.08866904e-01  3.22104980e-02  1.24519838e+06 
 5.12852397e+14  1.02389839e+34  1.39041000e+01  2.65946000e-01  7.40660000e+00  2.08191194e-01  1.33554955e-01  4.05682176e-01  3.25014094e-02  1.20564008e+06 
 5.14373108e+14  1.03914441e+34  1.38521000e+01  2.67221105e-01  7.41260000e+00  2.09853972e-01  1.34195593e-01  4.02212678e-01  3.28076709e-02  1.16618673e+06 
 5.15893820e+14  1.05440304e+34  1.38011000e+01  2.68521257e-01  7.41860000e+00  2.11529597e-01  1.34836167e-01  3.98783739e-01  3.31137384e-02  1.12785105e+06 
 5.17414532e+14  1.06992815e+34  1.37501000e+01  2.69867829e-01  7.42460000e+00  2.13240675e-01  1.35490608e-01  3.95368156e-01  3.34267272e-02  1.09002370e+06 
 5.18935244e+14  1.08559442e+34  1.36991000e+01  2.71250180e-01  7.43160000e+00  2.15025779e-01  1.36162388e-01  3.91701483e-01  3.37495550e-02  1.05304380e+06 
 5.20455956e+14  1.10140076e+34  1.36471000e+01  2.72667938e-01  7.43760000e+00  2.16784637e-01  1.36872175e-01  3.88347016e-01  3.40952081e-02  1.01693508e+06 
 5.21976667e+14  1.11748243e+34  1.35961000e+01  2.74133303e-01  7.44460000e+00  2.18629739e-01  1.37577814e-01  3.84730390e-01  3.44367629e-02  9.81416724e+05 
 5.23497379e+14  1.13357211e+34  1.35461000e+01  2.75621971e-01  7.45160000e+00  2.20486034e-01  1.38284848e-01  3.81162637e-01  3.47792582e-02  9.47089254e+05 
 5.25018091e+14  1.15007701e+34  1.34941000e+01  2.77171398e-01  7.45960000e+00  2.22441843e-01  1.39047215e-01  3.77322491e-01  3.51541683e-02  9.13109307e+05 
 5.26538803e+14  1.16658191e+34  1.34441000e+01  2.78742710e-01  7.46660000e+00  2.24357423e-01  1.39791208e-01  3.73816000e-01  3.55177844e-02  8.80349915e+05 
 5.28059515e+14  1.18338812e+34  1.33941000e+01  2.80364357e-01  7.47460000e+00  2.26361811e-01  1.40552907e-01  3.70052651e-01  3.58909497e-02  8.48217081e+05 
 5.29580226e+14  1.20032418e+34  1.33441000e+01  2.82019934e-01  7.48260000e+00  2.28388356e-01  1.41335843e-01  3.66331906e-01  3.62771556e-02  8.17050712e+05 
 5.31100938e+14  1.21742573e+34  1.32941000e+01  2.83712460e-01  7.49060000e+00  2.30440117e-01  1.42139903e-01  3.62651914e-01  3.66762605e-02  7.86785027e+05 
 5.32621650e+14  1.23480094e+34  1.32441000e+01  2.85452831e-01  7.49860000e+00  2.32527536e-01  1.42964106e-01  3.59005826e-01  3.70870031e-02  7.57234867e+05 
 5.34142362e+14  1.25219986e+34  1.31961000e+01  2.87215690e-01  7.50660000e+00  2.34626129e-01  1.43768974e-01  3.55414954e-01  3.74855673e-02  7.28818947e+05 
 5.35663074e+14  1.27002229e+34  1.31471000e+01  2.89041286e-01  7.51560000e+00  2.36825771e-01  1.44614297e-01  3.51566300e-01  3.79079952e-02  7.00889618e+05 
 5.37183785e+14  1.28784472e+34  1.30991000e+01  2.90886536e-01  7.52460000e+00  2.39034163e-01  1.45462488e-01  3.47776865e-01  3.83329463e-02  6.74108442e+05 
 5.38704497e+14  1.30599830e+34  1.30511000e+01  2.92785120e-01  7.53360000e+00  2.41283486e-01  1.46331682e-01  3.44023858e-01  3.87699603e-02  6.47969137e+05 
 5.40225209e+14  1.32427610e+34  1.30031000e+01  2.94715603e-01  7.54260000e+00  2.43553375e-01  1.47224859e-01  3.40323177e-01  3.92227128e-02  6.22765966e+05 
 5.41745921e+14  1.34273908e+34  1.29571000e+01  2.96683807e-01  7.55260000e+00  2.45901112e-01  1.48095979e-01  3.36387615e-01  3.96601298e-02  5.98401049e+05 
 5.43266633e+14  1.36148046e+34  1.29101000e+01  2.98699820e-01  7.56160000e+00  2.48232884e-01  1.49012700e-01  3.32780733e-01  4.01266930e-02  5.74744700e+05 
 5.44787345e+14  1.38025473e+34  1.28651000e+01  3.00736951e-01  7.57160000e+00  2.50627299e-01  1.49908379e-01  3.28950371e-01  4.05796946e-02  5.52088907e+05 
 5.46308056e+14  1.39946800e+34  1.28191000e+01  3.02838811e-01  7.58160000e+00  2.53073226e-01  1.50849351e-01  3.25158592e-01  4.10606883e-02  5.29937460e+05 
 5.47828768e+14  1.41868128e+34  1.27751000e+01  3.04957557e-01  7.59160000e+00  2.55526544e-01  1.51768830e-01  3.21429671e-01  4.15279947e-02  5.08784514e+05 
 5.49349480e+14  1.43824891e+34  1.27301000e+01  3.07131687e-01  7.60160000e+00  2.58022619e-01  1.52735435e-01  3.17747054e-01  4.20255742e-02  4.88222716e+05 
 5.50870192e+14  1.45794244e+34  1.26871000e+01  3.09335946e-01  7.61260000e+00  2.60590839e-01  1.53679018e-01  3.13839063e-01  4.25072733e-02  4.68480474e+05 
 5.52390904e+14  1.47783338e+34  1.26441000e+01  3.11577843e-01  7.62260000e+00  2.63133373e-01  1.54647085e-01  3.10269827e-01  4.30052103e-02  4.49465365e+05 
 5.53911615e+14  1.49801560e+34  1.26011000e+01  3.13867670e-01  7.63360000e+00  2.65764741e-01  1.55639543e-01  3.06469502e-01  4.35186865e-02  4.31075692e+05 
 5.55432327e+14  1.51823160e+34  1.25601000e+01  3.16176078e-01  7.64460000e+00  2.68406037e-01  1.56607838e-01  3.02731691e-01  4.40160790e-02  4.13523485e+05 
 5.56953039e+14  1.53891104e+34  1.25181000e+01  3.18551764e-01  7.65560000e+00  2.71100969e-01  1.57625304e-01  2.99042931e-01  4.45449879e-02  3.96423359e+05 
 5.58473751e+14  1.55959048e+34  1.24781000e+01  3.20941283e-01  7.66660000e+00  2.73802044e-01  1.58617579e-01  2.95416940e-01  4.50572888e-02  3.80143722e+05 
 5.59994463e+14  1.58063900e+34  1.24381000e+01  3.23387108e-01  7.67760000e+00  2.76546800e-01  1.59634615e-01  2.91845557e-01  4.55848993e-02  3.64372915e+05 
 5.61515174e+14  1.60182424e+34  1.23981000e+01  3.25861941e-01  7.68860000e+00  2.79311348e-01  1.60676714e-01  2.88333762e-01  4.61303962e-02  3.49271409e+05 
 5.63035886e+14  1.62320976e+34  1.23601000e+01  3.28372595e-01  7.70060000e+00  2.82155547e-01  1.61691725e-01  2.84598616e-01  4.66557995e-02  3.34772217e+05 
 5.64556598e+14  1.64490945e+34  1.23221000e+01  3.30932586e-01  7.71260000e+00  2.85037788e-01  1.62731624e-01  2.80921392e-01  4.71972987e-02  3.20783114e+05 
 5.66077310e+14  1.66663354e+34  1.22841000e+01  3.33507143e-01  7.72360000e+00  2.87873881e-01  1.63795992e-01  2.77586125e-01  4.77576425e-02  3.07469665e+05 
 5.67598022e+14  1.68885642e+34  1.22471000e+01  3.36152165e-01  7.73560000e+00  2.90820524e-01  1.64859360e-01  2.74025893e-01  4.83136974e-02  2.94527200e+05 
 5.69118733e+14  1.71107930e+34  1.22111000e+01  3.38808326e-01  7.74760000e+00  2.93772177e-01  1.65919857e-01  2.70527395e-01  4.88689454e-02  2.82231129e+05 
 5.70639445e+14  1.73367545e+34  1.21761000e+01  3.41519412e-01  7.75960000e+00  2.96767182e-01  1.66978086e-01  2.67086482e-01  4.94200082e-02  2.70355527e+05 
 5.72160157e+14  1.75643031e+34  1.21411000e+01  3.44260056e-01  7.77260000e+00  2.99837976e-01  1.68060614e-01  2.63427488e-01  4.99886882e-02  2.58998426e+05 
 5.73680869e+14  1.77937682e+34  1.21071000e+01  3.47032997e-01  7.78460000e+00  3.02878423e-01  1.69139322e-01  2.60104868e-01  5.05538860e-02  2.48124540e+05 
 5.75201581e+14  1.80267252e+34  1.20731000e+01  3.49857835e-01  7.79760000e+00  3.06014405e-01  1.70243273e-01  2.56564870e-01  5.11356229e-02  2.37644571e+05 
 5.76722293e+14  1.82597079e+34  1.20401000e+01  3.52691586e-01  7.80960000e+00  3.09099708e-01  1.71341564e-01  2.53359676e-01  5.17144803e-02  2.27696063e+05 
 5.78243004e+14  1.84981626e+34  1.20081000e+01  3.55600471e-01  7.82260000e+00  3.12301073e-01  1.72437618e-01  2.49938441e-01  5.22871017e-02  2.18033282e+05 
 5.79763716e+14  1.87366174e+34  1.19761000e+01  3.58517255e-01  7.83460000e+00  3.15450818e-01  1.73555552e-01  2.46849516e-01  5.28776366e-02  2.08865723e+05 
 5.81284428e+14  1.89787184e+34  1.19451000e+01  3.61486308e-01  7.84760000e+00  3.18697551e-01  1.74669336e-01  2.43544517e-01  5.34623920e-02  2.00035212e+05 
 5.82805140e+14  1.92227609e+34  1.19151000e+01  3.64486357e-01  7.86060000e+00  3.21968101e-01  1.75776735e-01  2.40296736e-01  5.40413843e-02  1.91591800e+05 
 5.84325852e+14  1.94684953e+34  1.18851000e+01  3.67513804e-01  7.87360000e+00  3.25259491e-01  1.76906561e-01  2.37105353e-01  5.46370357e-02  1.83527618e+05 
 5.85846563e+14  1.97182161e+34  1.18561000e+01  3.70596952e-01  7.88660000e+00  3.28595637e-01  1.78031323e-01  2.33974217e-01  5.52255915e-02  1.75755453e+05 
 5.87367275e+14  1.99679369e+34  1.18281000e+01  3.73685835e-01  7.90060000e+00  3.31991114e-01  1.79145970e-01  2.30622123e-01  5.58075278e-02  1.68384815e+05 
 5.88887987e+14  2.02230861e+34  1.17991000e+01  3.76847351e-01  7.91360000e+00  3.35389613e-01  1.80316880e-01  2.27605191e-01  5.64284062e-02  1.61243879e+05 
 5.90408699e+14  2.04785765e+34  1.17721000e+01  3.80018382e-01  7.92660000e+00  3.38794223e-01  1.81446867e-01  2.24639787e-01  5.70181956e-02  1.54464449e+05 
 5.91929411e+14  2.07374735e+34  1.17451000e+01  3.83236365e-01  7.94060000e+00  3.42293621e-01  1.82600076e-01  2.21461226e-01  5.76235078e-02  1.47951067e+05 
 5.93450122e+14  2.09988253e+34  1.17191000e+01  3.86488922e-01  7.95360000e+00  3.45763965e-01  1.83743811e-01  2.18606605e-01  5.82196941e-02  1.41717782e+05 
 5.94970834e+14  2.12614806e+34  1.16941000e+01  3.89761761e-01  7.96760000e+00  3.49307136e-01  1.84876213e-01  2.15534604e-01  5.88064991e-02  1.35778678e+05 
 5.96491546e+14  2.15287864e+34  1.16691000e+01  3.93095977e-01  7.98060000e+00  3.52843315e-01  1.86032570e-01  2.12790510e-01  5.94079318e-02  1.30048883e+05 
 5.98012258e+14  2.17960922e+34  1.16441000e+01  3.96433149e-01  7.99460000e+00  3.56438805e-01  1.87206603e-01  2.09823438e-01  6.00247000e-02  1.24617260e+05 
 5.99532970e+14  2.20685621e+34  1.16201000e+01  3.99837485e-01  8.00860000e+00  3.60089756e-01  1.88373219e-01  2.06917396e-01  6.06304831e-02  1.19368902e+05 
 6.01053681e+14  2.23419150e+34  1.15971000e+01  4.03255108e-01  8.02260000e+00  3.63751447e-01  1.89525430e-01  2.04058057e-01  6.12246863e-02  1.14378020e+05 
 6.02574393e+14  2.26182543e+34  1.15741000e+01  4.06711940e-01  8.03660000e+00  3.67445420e-01  1.90698552e-01  2.01251953e-01  6.18332010e-02  1.09595229e+05 
 6.04095105e+14  2.28977480e+34  1.15521000e+01  4.10209749e-01  8.05060000e+00  3.71173394e-01  1.91859553e-01  1.98498226e-01  6.24290417e-02  1.05009806e+05 
 6.05615817e+14  2.31779646e+34  1.15301000e+01  4.13717495e-01  8.06460000e+00  3.74909701e-01  1.93037226e-01  1.95787426e-01  6.30386005e-02  1.00651645e+05 
 6.07136529e+14  2.34636933e+34  1.15091000e+01  4.17295045e-01  8.07860000e+00  3.78704020e-01  1.94205561e-01  1.93136339e-01  6.36346403e-02  9.64389894e+04 
 6.08657241e+14  2.37494221e+34  1.14891000e+01  4.20872962e-01  8.09260000e+00  3.82498817e-01  1.95354820e-01  1.90524278e-01  6.42159541e-02  9.24455976e+04 
 6.10177952e+14  2.40398523e+34  1.14681000e+01  4.24509229e-01  8.10660000e+00  3.86342636e-01  1.96560148e-01  1.87965948e-01  6.48383624e-02  8.85976278e+04 
 6.11698664e+14  2.43319109e+34  1.14491000e+01  4.28165843e-01  8.12060000e+00  3.90203464e-01  1.97714059e-01  1.85451922e-01  6.54172145e-02  8.49292089e+04 
 6.13219376e+14  2.46263257e+34  1.14301000e+01  4.31850724e-01  8.13460000e+00  3.94088507e-01  1.98885262e-01  1.82981333e-01  6.60081797e-02  8.14231736e+04 
 6.14740088e+14  2.49248097e+34  1.14111000e+01  4.35585589e-01  8.14960000e+00  3.98075495e-01  2.00077083e-01  1.80304058e-01  6.66118534e-02  7.80530611e+04 
 6.16260800e+14  2.52232937e+34  1.13931000e+01  4.39318462e-01  8.16360000e+00  4.02002050e-01  2.01246474e-01  1.77917695e-01  6.71977140e-02  7.48574713e+04 
 6.17781511e+14  2.55282189e+34  1.13751000e+01  4.43129953e-01  8.17760000e+00  4.05994389e-01  2.02440072e-01  1.75590392e-01  6.77961681e-02  7.17619302e+04 
 6.19302223e+14  2.58332242e+34  1.13581000e+01  4.46940209e-01  8.19260000e+00  4.10047362e-01  2.03610422e-01  1.73039609e-01  6.83758107e-02  6.88259426e+04 
 6.20822935e+14  2.61422386e+34  1.13411000e+01  4.50797276e-01  8.20660000e+00  4.14079954e-01  2.04799586e-01  1.70790441e-01  6.89667011e-02  6.60050732e+04 
 6.22343647e+14  2.64538617e+34  1.13251000e+01  4.54684226e-01  8.22160000e+00  4.18199244e-01  2.05969101e-01  1.68329471e-01  6.95382583e-02  6.33071810e+04 
 6.23864359e+14  2.67669681e+34  1.13091000e+01  4.58585797e-01  8.23560000e+00  4.22271260e-01  2.07152068e-01  1.66156142e-01  7.01198548e-02  6.07360592e+04 
 6.25385070e+14  2.70853059e+34  1.12941000e+01  4.62548916e-01  8.25060000e+00  4.26456822e-01  2.08319063e-01  1.63781822e-01  7.06815266e-02  5.82564618e+04 
 6.26905782e+14  2.74036437e+34  1.12791000e+01  4.66507564e-01  8.26460000e+00  4.30579100e-01  2.09495931e-01  1.61685095e-01  7.12521384e-02  5.59042812e+04 
 6.28426494e+14  2.77276557e+34  1.12641000e+01  4.70532148e-01  8.27960000e+00  4.34819241e-01  2.10693855e-01  1.59389062e-01  7.18335920e-02  5.36329819e+04 
 6.29947206e+14  2.80528057e+34  1.12501000e+01  4.74565908e-01  8.29360000e+00  4.39006925e-01  2.11866076e-01  1.57372683e-01  7.23921334e-02  5.14705716e+04 
 6.31467918e+14  2.83810093e+34  1.12361000e+01  4.78632005e-01  8.30860000e+00  4.43285579e-01  2.13053365e-01  1.55144668e-01  7.29599085e-02  4.93994328e+04 
 6.32988629e+14  2.87130695e+34  1.12231000e+01  4.82740312e-01  8.32260000e+00  4.47538568e-01  2.14219196e-01  1.53205507e-01  7.35044881e-02  4.74109399e+04 
 6.34509341e+14  2.90454637e+34  1.12101000e+01  4.86846552e-01  8.33760000e+00  4.51854899e-01  2.15393838e-01  1.51042171e-01  7.40565929e-02  4.55217604e+04 
 6.36030053e+14  2.93845327e+34  1.11971000e+01  4.91028752e-01  8.35260000e+00  4.56236224e-01  2.16590157e-01  1.48931579e-01  7.46185777e-02  4.36926631e+04 
 6.37550765e+14  2.97236016e+34  1.11851000e+01  4.95204194e-01  8.36660000e+00  4.60551305e-01  2.17755447e-01  1.47086210e-01  7.51542230e-02  4.19565290e+04 
 6.39071477e+14  3.00672920e+34  1.11731000e+01  4.99429305e-01  8.38160000e+00  4.64973040e-01  2.18937534e-01  1.45037284e-01  7.56983135e-02  4.02858843e+04 
 6.40592189e+14  3.04134685e+34  1.11621000e+01  5.03677624e-01  8.39660000e+00  4.69416616e-01  2.20092489e-01  1.43019389e-01  7.62157852e-02  3.86882927e+04 
 6.42112900e+14  3.07614431e+34  1.11511000e+01  5.07939907e-01  8.41060000e+00  4.73810684e-01  2.21257479e-01  1.41269037e-01  7.67397126e-02  3.71633987e+04 
 6.43633612e+14  3.11148266e+34  1.11401000e+01  5.12260421e-01  8.42560000e+00  4.78319222e-01  2.22440215e-01  1.39319799e-01  7.72717283e-02  3.56927855e+04 
 6.45154324e+14  3.14682101e+34  1.11291000e+01  5.16572309e-01  8.44060000e+00  4.82823849e-01  2.23628979e-01  1.37386758e-01  7.78092607e-02  3.42960641e+04 
 6.46675036e+14  3.18277711e+34  1.11191000e+01  5.20950442e-01  8.45560000e+00  4.87386143e-01  2.24796233e-01  1.35498024e-01  7.83196526e-02  3.29461946e+04 
 6.48195748e+14  3.21884614e+34  1.11101000e+01  5.25333353e-01  8.46960000e+00  4.91890494e-01  2.25930654e-01  1.33868002e-01  7.87999956e-02  3.16598999e+04 
 6.49716459e+14  3.25523961e+34  1.11001000e+01  5.29745853e-01  8.48460000e+00  4.96487258e-01  2.27117446e-01  1.32028376e-01  7.93215995e-02  3.04268133e+04 
 6.51237171e+14  3.29204933e+34  1.10911000e+01  5.34198907e-01  8.49960000e+00  5.01120762e-01  2.28276935e-01  1.30221529e-01  7.98136292e-02  2.92417639e+04 
 6.52757883e+14  3.32887946e+34  1.10821000e+01  5.38644241e-01  8.51360000e+00  5.05685718e-01  2.29441229e-01  1.28663380e-01  8.03097004e-02  2.81149039e+04 
 6.54278595e+14  3.36643993e+34  1.10741000e+01  5.43167021e-01  8.52860000e+00  5.10383201e-01  2.30583745e-01  1.26915549e-01  8.07764398e-02  2.70226742e+04 
 6.55799307e+14  3.40400041e+34  1.10661000e+01  5.47679036e-01  8.54360000e+00  5.15075334e-01  2.31729898e-01  1.25179430e-01  8.12464140e-02  2.59845348e+04 
 6.57320018e+14  3.44202716e+34  1.10581000e+01  5.52235625e-01  8.55860000e+00  5.19807749e-01  2.32889471e-01  1.23475537e-01  8.17215867e-02  2.49853614e+04 
 6.58840730e+14  3.48034848e+34  1.10501000e+01  5.56815786e-01  8.57260000e+00  5.24496997e-01  2.34058530e-01  1.22025294e-01  8.22009275e-02  2.40280453e+04 
 6.60361442e+14  3.51882010e+34  1.10431000e+01  5.61402155e-01  8.58760000e+00  5.29261197e-01  2.35191475e-01  1.20360155e-01  8.26464593e-02  2.31141156e+04 
 6.61882154e+14  3.55791241e+34  1.10361000e+01  5.66050235e-01  8.60260000e+00  5.34079966e-01  2.36340357e-01  1.18732277e-01  8.30971202e-02  2.22309291e+04 
 6.63402866e+14  3.59700471e+34  1.10291000e+01  5.70685574e-01  8.61660000e+00  5.38825226e-01  2.37491414e-01  1.17339639e-01  8.35496979e-02  2.13909053e+04 
 6.64923577e+14  3.63670120e+34  1.10221000e+01  5.75379845e-01  8.63160000e+00  5.43689524e-01  2.38658003e-01  1.15754258e-01  8.40072928e-02  2.05794554e+04 
 6.66444289e+14  3.67657465e+34  1.10161000e+01  5.80081708e-01  8.64660000e+00  5.48564335e-01  2.39786808e-01  1.14182822e-01  8.44290755e-02  1.98040452e+04 
 6.67965001e+14  3.71672372e+34  1.10101000e+01  5.84802459e-01  8.66060000e+00  5.53390871e-01  2.40923034e-01  1.12855559e-01  8.48534179e-02  1.90611055e+04 
 6.69485713e+14  3.75738853e+34  1.10041000e+01  5.89570144e-01  8.67560000e+00  5.58327692e-01  2.42071867e-01  1.11331400e-01  8.52814091e-02  1.83450110e+04 
 6.71006425e+14  3.79805333e+34  1.09991000e+01  5.94323644e-01  8.68960000e+00  5.63188782e-01  2.43177578e-01  1.10035600e-01  8.56713828e-02  1.76634230e+04 
 6.72527137e+14  3.83945510e+34  1.09941000e+01  5.99148559e-01  8.70460000e+00  5.68181144e-01  2.44299776e-01  1.08552326e-01  8.61071516e-02  1.70111402e+04 
 6.74047848e+14  3.88092149e+34  1.09891000e+01  6.03966330e-01  8.71960000e+00  5.73171926e-01  2.45423849e-01  1.07076053e-01  8.65019204e-02  1.63810266e+04 
 6.75568560e+14  3.92278302e+34  1.09841000e+01  6.08814708e-01  8.73360000e+00  5.78123311e-01  2.46556718e-01  1.05841337e-01  8.68563118e-02  1.57676320e+04 
 6.77089272e+14  3.96506124e+34  1.09791000e+01  6.13696121e-01  8.74860000e+00  5.83175018e-01  2.47698891e-01  1.04406673e-01  8.72549894e-02  1.51853730e+04 
 6.78609984e+14  4.00738075e+34  1.09751000e+01  6.18566368e-01  8.76260000e+00  5.88152769e-01  2.48796469e-01  1.03194449e-01  8.76137559e-02  1.46302448e+04 
 6.80130696e+14  4.05048110e+34  1.09711000e+01  6.23510810e-01  8.77760000e+00  5.93264923e-01  2.49910710e-01  1.01800145e-01  8.80190462e-02  1.40985994e+04 
 6.81651407e+14  4.09358146e+34  1.09671000e+01  6.28438511e-01  8.79160000e+00  5.98298474e-01  2.51023956e-01  1.00622688e-01  8.83371522e-02  1.35786576e+04 
 6.83172119e+14  4.13718942e+34  1.09631000e+01  6.33407632e-01  8.80660000e+00  6.03440346e-01  2.52147439e-01  9.92506477e-02  8.87000623e-02  1.30840659e+04 
 6.84692831e+14  4.18112222e+34  1.09591000e+01  6.38396993e-01  8.82060000e+00  6.08533086e-01  2.53277074e-01  9.81089940e-02  8.90636470e-02  1.26092467e+04 
 6.86213543e+14  4.22519440e+34  1.09561000e+01  6.43384958e-01  8.83460000e+00  6.13628921e-01  2.54362229e-01  9.69718626e-02  8.93861042e-02  1.21552476e+04 
 6.87734255e+14  4.26996998e+34  1.09531000e+01  6.48434822e-01  8.84960000e+00  6.18851159e-01  2.55460780e-01  9.56482328e-02  8.97102313e-02  1.17155849e+04 
 6.89254966e+14  4.31474555e+34  1.09501000e+01  6.53466718e-01  8.86360000e+00  6.23992576e-01  2.56557483e-01  9.45360201e-02  9.00327113e-02  1.12964444e+04 
 6.90775678e+14  4.36013280e+34  1.09471000e+01  6.58549603e-01  8.87860000e+00  6.29251180e-01  2.57665745e-01  9.32367535e-02  9.03565788e-02  1.08913352e+04 
 6.92296390e+14  4.40576151e+34  1.09451000e+01  6.63640807e-01  8.89260000e+00  6.34450520e-01  2.58729659e-01  9.21555529e-02  9.06829934e-02  1.05081795e+04 
 6.93817102e+14  4.45161859e+34  1.09421000e+01  6.68738836e-01  8.90660000e+00  6.39659886e-01  2.59843499e-01  9.10807845e-02  9.09601548e-02  1.01307184e+04 
 6.95337814e+14  4.49811081e+34  1.09401000e+01  6.73888513e-01  8.92060000e+00  6.44916379e-01  2.60920938e-01  9.00283344e-02  9.12412963e-02  9.77070765e+03 
 6.96858525e+14  4.54460303e+34  1.09381000e+01  6.79019007e-01  8.93560000e+00  6.50233896e-01  2.61995710e-01  8.87633468e-02  9.15201590e-02  9.42724813e+03 
 6.98379237e+14  4.59180120e+34  1.09361000e+01  6.84207721e-01  8.94960000e+00  6.55532114e-01  2.63082530e-01  8.77316603e-02  9.17995854e-02  9.09455825e+03 
 6.99899949e+14  4.63916733e+34  1.09341000e+01  6.89395043e-01  8.96360000e+00  6.60833979e-01  2.64169919e-01  8.67016636e-02  9.20771709e-02  8.77596277e+03 
 7.01420661e+14  4.68684024e+34  1.09331000e+01  6.94595816e-01  8.97760000e+00  6.66151615e-01  2.65212208e-01  8.56790219e-02  9.23572654e-02  8.47413216e+03 
 7.02941373e+14  4.73509069e+34  1.09311000e+01  6.99839185e-01  8.99160000e+00  6.71509275e-01  2.66311732e-01  8.46736248e-02  9.25870722e-02  8.17422878e+03 
 7.04462084e+14  4.78334115e+34  1.09301000e+01  7.05062132e-01  9.00560000e+00  6.76854637e-01  2.67359252e-01  8.36634713e-02  9.28178230e-02  7.89193473e+03 
 7.05982796e+14  4.83238053e+34  1.09291000e+01  7.10349077e-01  9.01960000e+00  6.82258165e-01  2.68419153e-01  8.26766082e-02  9.30949524e-02  7.62179755e+03 
 7.07503508e+14  4.88152573e+34  1.09281000e+01  7.15626689e-01  9.03360000e+00  6.87658358e-01  2.69477722e-01  8.16893838e-02  9.33232390e-02  7.35950899e+03 
 7.09024220e+14  4.93104405e+34  1.09271000e+01  7.20922608e-01  9.04760000e+00  6.93078840e-01  2.70539919e-01  8.07093143e-02  9.35027780e-02  7.10353060e+03 
 7.10544932e+14  4.98109444e+34  1.09261000e+01  7.26253603e-01  9.06160000e+00  6.98533451e-01  2.71608950e-01  7.97422875e-02  9.37276804e-02  6.85994451e+03 
 7.12065644e+14  5.03114483e+34  1.09261000e+01  7.31562658e-01  9.07560000e+00  7.03974860e-01  2.72624010e-01  7.87686906e-02  9.39534779e-02  6.63054839e+03 
 7.13586355e+14  5.08205432e+34  1.09251000e+01  7.36940434e-01  9.08960000e+00  7.09478218e-01  2.73702037e-01  7.78197778e-02  9.41275032e-02  6.40103340e+03 
 7.15107067e+14  5.13302034e+34  1.09251000e+01  7.42301852e-01  9.10260000e+00  7.14897872e-01  2.74726771e-01  7.70652197e-02  9.43498547e-02  6.18776768e+03 
 7.16627779e+14  5.18441220e+34  1.09251000e+01  7.47685145e-01  9.11660000e+00  7.20415541e-01  2.75755325e-01  7.61191351e-02  9.45226566e-02  5.97912512e+03 
 7.18148491e+14  5.23630432e+34  1.09241000e+01  7.53097503e-01  9.13060000e+00  7.25962834e-01  2.76839581e-01  7.51823055e-02  9.46888267e-02  5.77483275e+03 
 7.19669203e+14  5.28819643e+34  1.09251000e+01  7.58487010e-01  9.14360000e+00  7.31420097e-01  2.77817869e-01  7.44359110e-02  9.48602884e-02  5.58520588e+03 
 7.21189914e+14  5.34100340e+34  1.09251000e+01  7.63947738e-01  9.15760000e+00  7.37017253e-01  2.78859946e-01  7.35161141e-02  9.50264026e-02  5.39785887e+03 
 7.22710626e+14  5.39383207e+34  1.09251000e+01  7.69386834e-01  9.17160000e+00  7.42601767e-01  2.79897365e-01  7.25888332e-02  9.51886675e-02  5.21863568e+03 
 7.24231338e+14  5.44712405e+34  1.09251000e+01  7.74849585e-01  9.18460000e+00  7.48134628e-01  2.80938850e-01  7.18640225e-02  9.53002609e-02  5.04315772e+03 
 7.25752050e+14  5.50089973e+34  1.09261000e+01  7.80337532e-01  9.19860000e+00  7.53769973e-01  2.81932930e-01  7.09520777e-02  9.54621287e-02  4.87879838e+03 
 7.27272762e+14  5.55467542e+34  1.09261000e+01  7.85800795e-01  9.21160000e+00  7.59313508e-01  2.82973086e-01  7.02238878e-02  9.55667980e-02  4.71670755e+03 
 7.28793473e+14  5.60940565e+34  1.09271000e+01  7.91336339e-01  9.22460000e+00  7.64921711e-01  2.83974540e-01  6.95182939e-02  9.57234717e-02  4.56358204e+03 
 7.30314185e+14  5.66413882e+34  1.09281000e+01  7.96847387e-01  9.23860000e+00  7.70591396e-01  2.84970450e-01  6.86124422e-02  9.58276161e-02  4.41475494e+03 
 7.31834897e+14  5.71935584e+34  1.09291000e+01  8.02381377e-01  9.25160000e+00  7.76208556e-01  2.85969543e-01  6.79026668e-02  9.59286754e-02  4.27104971e+03 
 7.33355609e+14  5.77505696e+34  1.09301000e+01  8.07938577e-01  9.26460000e+00  7.81849742e-01  2.86972103e-01  6.71989393e-02  9.60268932e-02  4.13228444e+03 
 7.34876321e+14  5.83075808e+34  1.09311000e+01  8.13469985e-01  9.27860000e+00  7.87552470e-01  2.87968667e-01  6.62956109e-02  9.61208397e-02  3.99942546e+03 
 7.36397032e+14  5.88743564e+34  1.09321000e+01  8.19072523e-01  9.29160000e+00  7.93241358e-01  2.88977791e-01  6.56034338e-02  9.62131014e-02  3.86998058e+03 
 7.37917744e+14  5.94411518e+34  1.09331000e+01  8.24648889e-01  9.30460000e+00  7.98913690e-01  2.89980779e-01  6.49001553e-02  9.63009975e-02  3.74602245e+03 
 7.39438456e+14  6.00128044e+34  1.09341000e+01  8.30246412e-01  9.31760000e+00  8.04608803e-01  2.90986635e-01  6.42010373e-02  9.63364367e-02  3.62442510e+03 
 7.40959168e+14  6.05894886e+34  1.09361000e+01  8.35866485e-01  9.33060000e+00  8.10327888e-01  2.91942195e-01  6.35063829e-02  9.64230954e-02  3.51056689e+03 
 7.42479880e+14  6.11661728e+34  1.09371000e+01  8.41459707e-01  9.34360000e+00  8.16029649e-01  2.92944753e-01  6.28011375e-02  9.65002559e-02  3.39970422e+03 
 7.44000592e+14  6.17526445e+34  1.09391000e+01  8.47120807e-01  9.35660000e+00  8.21792919e-01  2.93905317e-01  6.21150495e-02  9.65311147e-02  3.29167476e+03 
 7.45521303e+14  6.23393220e+34  1.09401000e+01  8.52756489e-01  9.36960000e+00  8.27540183e-01  2.94913440e-01  6.14185541e-02  9.65521895e-02  3.18648443e+03 
 7.47042015e+14  6.29306707e+34  1.09421000e+01  8.58409287e-01  9.38260000e+00  8.33307013e-01  2.95869463e-01  6.07245305e-02  9.66247457e-02  3.08807688e+03 
 7.48562727e+14  6.35274459e+34  1.09441000e+01  8.64086476e-01  9.39460000e+00  8.39019112e-01  2.96828655e-01  6.02190258e-02  9.66445395e-02  2.99129968e+03 
 7.50083439e+14  6.41242211e+34  1.09451000e+01  8.69735536e-01  9.40760000e+00  8.44792868e-01  2.97835328e-01  5.95185351e-02  9.66542981e-02  2.89702435e+03 
 7.51604151e+14  6.47305930e+34  1.09471000e+01  8.75446960e-01  9.42060000e+00  8.50624199e-01  2.98797828e-01  5.88336586e-02  9.66668138e-02  2.80667428e+03 
 7.53124862e+14  6.53375703e+34  1.09491000e+01  8.81135863e-01  9.43260000e+00  8.56361039e-01  2.99754585e-01  5.83209966e-02  9.66751560e-02  2.71995040e+03 
 7.54645574e+14  6.59488095e+34  1.09511000e+01  8.86836126e-01  9.44560000e+00  8.62192872e-01  3.00711931e-01  5.76280317e-02  9.66798967e-02  2.63618812e+03 
 7.56166286e+14  6.65660931e+34  1.09531000e+01  8.92563881e-01  9.45860000e+00  8.68053024e-01  3.01672795e-01  5.69404728e-02  9.66811878e-02  2.55504808e+03 
 7.57686998e+14  6.71833766e+34  1.09551000e+01  8.98262563e-01  9.47060000e+00  8.73813050e-01  3.02626555e-01  5.64202873e-02  9.66781050e-02  2.47720382e+03 
 7.59207710e+14  6.78098330e+34  1.09581000e+01  9.04016664e-01  9.48360000e+00  8.79705646e-01  3.03533680e-01  5.57345114e-02  9.66779239e-02  2.40264614e+03 
 7.60728421e+14  6.84375269e+34  1.09601000e+01  9.09752593e-01  9.49560000e+00  8.85506922e-01  3.04490967e-01  5.52178839e-02  9.66676806e-02  2.32973085e+03 
 7.62249133e+14  6.90688311e+34  1.09621000e+01  9.15491887e-01  9.50760000e+00  8.91315772e-01  3.05447267e-01  5.46987162e-02  9.66536349e-02  2.25934664e+03 
 7.63769845e+14  6.97070391e+34  1.09651000e+01  9.21264389e-01  9.51960000e+00  8.97157020e-01  3.06352327e-01  5.41859584e-02  9.65921964e-02  2.19104846e+03 
 7.65290557e+14  7.03452471e+34  1.09671000e+01  9.27006675e-01  9.53260000e+00  9.03060484e-01  3.07305730e-01  5.34844375e-02  9.65704624e-02  2.12548186e+03 
 7.66811269e+14  7.09919517e+34  1.09691000e+01  9.32794994e-01  9.54460000e+00  9.08925642e-01  3.08265989e-01  5.29679229e-02  9.64951807e-02  2.06062018e+03 
 7.68331980e+14  7.16407776e+34  1.09721000e+01  9.38572116e-01  9.55660000e+00  9.14786057e-01  3.09166207e-01  5.24450887e-02  9.64723116e-02  2.00023771e+03 
 7.69852692e+14  7.22923004e+34  1.09741000e+01  9.44342619e-01  9.56860000e+00  9.20645924e-01  3.10119722e-01  5.19165962e-02  9.63891372e-02  1.93996140e+03 
 7.71373404e+14  7.29518475e+34  1.09771000e+01  9.50153337e-01  9.58060000e+00  9.26544744e-01  3.11022290e-01  5.13950525e-02  9.63589211e-02  1.88334517e+03 
 7.72894116e+14  7.36113946e+34  1.09801000e+01  9.55933295e-01  9.59260000e+00  9.32422427e-01  3.11917242e-01  5.08619243e-02  9.62745085e-02  1.82798752e+03 
 7.74414828e+14  7.42784897e+34  1.09821000e+01  9.61747961e-01  9.60460000e+00  9.38334697e-01  3.12873500e-01  5.03337661e-02  9.61801012e-02  1.77326731e+03 
 7.75935540e+14  7.49488614e+34  1.09851000e+01  9.67560303e-01  9.61660000e+00  9.44249424e-01  3.13770660e-01  4.98025523e-02  9.61386531e-02  1.72225033e+03 
 7.77456251e+14  7.56207345e+34  1.09881000e+01  9.73353887e-01  9.62760000e+00  9.50069956e-01  3.14662229e-01  4.94323522e-02  9.60429526e-02  1.67221864e+03 
 7.78976963e+14  7.63020335e+34  1.09901000e+01  9.79197101e-01  9.63960000e+00  9.56021104e-01  3.15618381e-01  4.89003902e-02  9.59372854e-02  1.62260732e+03 
 7.80497675e+14  7.69833325e+34  1.09931000e+01  9.85008753e-01  9.65160000e+00  9.61950279e-01  3.16509539e-01  4.83573197e-02  9.58343224e-02  1.57575938e+03 
 7.82018387e+14  7.76709383e+34  1.09961000e+01  9.90842065e-01  9.66360000e+00  9.67902927e-01  3.17402638e-01  4.78160826e-02  9.57779269e-02  1.53110522e+03 
 7.83539099e+14  7.83632673e+34  1.09991000e+01  9.96683294e-01  9.67460000e+00  9.73782699e-01  3.18295167e-01  4.74415847e-02  9.56676312e-02  1.48707632e+03 
 7.85059810e+14  7.90556001e+34  1.10021000e+01  1.00249239e+00  9.68660000e+00  9.79724831e-01  3.19179842e-01  4.68865283e-02  9.55535699e-02  1.44473374e+03 
 7.86580522e+14  7.97590615e+34  1.10051000e+01  1.00836232e+00  9.69760000e+00  9.85638374e-01  3.20073631e-01  4.65108291e-02  9.54360399e-02  1.40335553e+03 
 7.88101234e+14  8.04625230e+34  1.10081000e+01  1.01419959e+00  9.70860000e+00  9.91529019e-01  3.20959449e-01  4.61221992e-02  9.53147629e-02  1.36355676e+03 
 7.89621946e+14  8.11707365e+34  1.10111000e+01  1.02004367e+00  9.72060000e+00  9.97515423e-01  3.21844589e-01  4.55651036e-02  9.51899692e-02  1.32501037e+03 
 7.91142658e+14  8.18854323e+34  1.10141000e+01  1.02590797e+00  9.73160000e+00  1.00343890e+00  3.22731265e-01  4.51742088e-02  9.50614339e-02  1.28758466e+03 
 7.92663369e+14  8.26001281e+34  1.10171000e+01  1.03173984e+00  9.74260000e+00  1.00933867e+00  3.23610295e-01  4.47727391e-02  9.49295632e-02  1.25157051e+03 
 7.94184081e+14  8.33243425e+34  1.10201000e+01  1.03761570e+00  9.75460000e+00  1.01536724e+00  3.24495167e-01  4.42119410e-02  9.47939707e-02  1.21644953e+03 
 7.95704793e+14  8.40503743e+34  1.10231000e+01  1.04347291e+00  9.76560000e+00  1.02129892e+00  3.25374646e-01  4.38070899e-02  9.46548233e-02  1.18256215e+03 
 7.97225505e+14  8.47792689e+34  1.10261000e+01  1.04931985e+00  9.77660000e+00  1.02722640e+00  3.26250346e-01  4.33959412e-02  9.45122502e-02  1.14981159e+03 
 7.98746217e+14  8.55167381e+34  1.10291000e+01  1.05520192e+00  9.78760000e+00  1.03318847e+00  3.27130414e-01  4.29890655e-02  9.43661203e-02  1.11791036e+03 
 8.00266928e+14  8.62542072e+34  1.10321000e+01  1.06105052e+00  9.79860000e+00  1.03912641e+00  3.28002576e-01  4.25708390e-02  9.41668290e-02  1.08661818e+03 
 8.01787640e+14  8.69992313e+34  1.10361000e+01  1.06692480e+00  9.80960000e+00  1.04509138e+00  3.28817688e-01  4.21537607e-02  9.40211030e-02  1.05731114e+03 
 8.03308352e+14  8.77482386e+34  1.10391000e+01  1.07279651e+00  9.81960000e+00  1.05097156e+00  3.29689855e-01  4.18935572e-02  9.38647866e-02  1.02837770e+03 
 8.04829064e+14  8.84978632e+34  1.10421000e+01  1.07863902e+00  9.83060000e+00  1.05691875e+00  3.30554839e-01  4.14606518e-02  9.37052497e-02  1.00048379e+03 
 8.06349776e+14  8.92585091e+34  1.10451000e+01  1.08453304e+00  9.84160000e+00  1.06291461e+00  3.31427096e-01  4.10357334e-02  9.35420849e-02  9.73217135e+02 
 8.07870488e+14  9.00191549e+34  1.10481000e+01  1.09039261e+00  9.85260000e+00  1.06888601e+00  3.32291221e-01  4.05987274e-02  9.33260953e-02  9.46444068e+02 
 8.09391199e+14  9.07850243e+34  1.10521000e+01  1.09625824e+00  9.86260000e+00  1.07477856e+00  3.33094351e-01  4.03199906e-02  9.31641216e-02  9.21460547e+02 
 8.10911911e+14  9.15574088e+34  1.10551000e+01  1.10213865e+00  9.87360000e+00  1.08077725e+00  3.33958144e-01  3.98793374e-02  9.29911528e-02  8.96689804e+02 
 8.12432623e+14  9.23297932e+34  1.10581000e+01  1.10798453e+00  9.88360000e+00  1.08666258e+00  3.34813926e-01  3.95859995e-02  9.28152840e-02  8.72814533e+02 
 8.13953335e+14  9.31120097e+34  1.10611000e+01  1.11386977e+00  9.89460000e+00  1.09267467e+00  3.35674761e-01  3.91387558e-02  9.25864024e-02  8.49053556e+02 
 8.15474047e+14  9.38962323e+34  1.10651000e+01  1.11973533e+00  9.90460000e+00  1.09858561e+00  3.36469421e-01  3.88414215e-02  9.24117138e-02  8.26980387e+02 
 8.16994758e+14  9.46829570e+34  1.10681000e+01  1.12558454e+00  9.91460000e+00  1.10448700e+00  3.37319977e-01  3.85359789e-02  9.22264631e-02  8.05190618e+02 
 8.18515470e+14  9.54791167e+34  1.10711000e+01  1.13146849e+00  9.92560000e+00  1.11051199e+00  3.38174712e-01  3.80767095e-02  9.20376743e-02  7.83926909e+02 
 8.20036182e+14  9.62752764e+34  1.10751000e+01  1.13731726e+00  9.93560000e+00  1.11642219e+00  3.38960145e-01  3.77624955e-02  9.18047460e-02  7.63420196e+02 
 8.21556894e+14  9.70784423e+34  1.10781000e+01  1.14318196e+00  9.94560000e+00  1.12235059e+00  3.39807573e-01  3.74471828e-02  9.16101280e-02  7.43466586e+02 
 8.23077606e+14  9.78866376e+34  1.10811000e+01  1.14904807e+00  9.95560000e+00  1.12828431e+00  3.40653434e-01  3.71284148e-02  9.14125340e-02  7.24098278e+02 
 8.24598317e+14  9.86948329e+34  1.10851000e+01  1.15487851e+00  9.96560000e+00  1.13419225e+00  3.41429460e-01  3.67971812e-02  9.11711844e-02  7.05411542e+02 
 8.26119029e+14  9.95145306e+34  1.10881000e+01  1.16075605e+00  9.97560000e+00  1.14014515e+00  3.42273355e-01  3.64715380e-02  9.09674835e-02  6.87124524e+02 
 8.27639741e+14  1.00334860e+35  1.10911000e+01  1.16660268e+00  9.98560000e+00  1.14607533e+00  3.43110106e-01  3.61364164e-02  9.07614063e-02  6.69464954e+02 
 8.29160453e+14  1.01158944e+35  1.10951000e+01  1.17244008e+00  9.99560000e+00  1.15200228e+00  3.43881333e-01  3.57948416e-02  9.05117089e-02  6.52342950e+02 
 8.30681165e+14  1.01991505e+35  1.10981000e+01  1.17830144e+00  1.00056000e+01  1.15795440e+00  3.44716758e-01  3.54540253e-02  9.02996840e-02  6.35646601e+02 
 8.32201876e+14  1.02824065e+35  1.11011000e+01  1.18412674e+00  1.00146000e+01  1.16378935e+00  3.45544023e-01  3.52538571e-02  9.00853467e-02  6.19529028e+02 
 8.33722588e+14  1.03664753e+35  1.11051000e+01  1.18997269e+00  1.00246000e+01  1.16973722e+00  3.46310670e-01  3.49010846e-02  8.98274247e-02  6.03816143e+02 
 8.35243300e+14  1.04509641e+35  1.11081000e+01  1.19581166e+00  1.00346000e+01  1.17568343e+00  3.47136550e-01  3.45432911e-02  8.96074295e-02  5.88568990e+02 
 8.36764012e+14  1.05354587e+35  1.11111000e+01  1.20161515e+00  1.00436000e+01  1.18151174e+00  3.47954563e-01  3.43264367e-02  8.93854161e-02  5.73843347e+02 
 8.38284724e+14  1.06211899e+35  1.11151000e+01  1.20746682e+00  1.00536000e+01  1.18747772e+00  3.48716266e-01  3.39630593e-02  8.91196574e-02  5.59413228e+02 
 8.39805436e+14  1.07069212e+35  1.11181000e+01  1.21328212e+00  1.00626000e+01  1.19332496e+00  3.49532537e-01  3.37392786e-02  8.88921262e-02  5.45475896e+02 
 8.41326147e+14  1.07930819e+35  1.11211000e+01  1.21909016e+00  1.00726000e+01  1.19926173e+00  3.50345813e-01  3.33602120e-02  8.86621485e-02  5.31944398e+02 
 8.42846859e+14  1.08800650e+35  1.11251000e+01  1.22491685e+00  1.00816000e+01  1.20512743e+00  3.51097329e-01  3.31298271e-02  8.83894064e-02  5.18746486e+02 
 8.44367571e+14  1.09670482e+35  1.11281000e+01  1.23070700e+00  1.00906000e+01  1.21096559e+00  3.51903795e-01  3.28882488e-02  8.81546814e-02  5.05994164e+02 
 8.45888283e+14  1.10548820e+35  1.11311000e+01  1.23651698e+00  1.00996000e+01  1.21682501e+00  3.52711924e-01  3.26462022e-02  8.79170397e-02  4.93550311e+02 
 8.47408995e+14  1.11431267e+35  1.11351000e+01  1.24231753e+00  1.01096000e+01  1.22277275e+00  3.53453226e-01  3.22503548e-02  8.76377717e-02  4.81467808e+02 
 8.48929706e+14  1.12313713e+35  1.11381000e+01  1.24808126e+00  1.01186000e+01  1.22860066e+00  3.54249802e-01  3.19915217e-02  8.73962638e-02  4.69788619e+02 
 8.50450418e+14  1.13208848e+35  1.11411000e+01  1.25389088e+00  1.01276000e+01  1.23447233e+00  3.55052521e-01  3.17373034e-02  8.71513550e-02  4.58336204e+02 
 8.51971130e+14  1.14104003e+35  1.11451000e+01  1.25966398e+00  1.01366000e+01  1.24031596e+00  3.55783503e-01  3.14731073e-02  8.68659601e-02  4.47264357e+02 
 8.53491842e+14  1.15003193e+35  1.11481000e+01  1.26542601e+00  1.01456000e+01  1.24615436e+00  3.56574578e-01  3.12025270e-02  8.66175273e-02  4.36510458e+02 
 8.55012554e+14  1.15911151e+35  1.11511000e+01  1.27120688e+00  1.01546000e+01  1.25201381e+00  3.57367059e-01  3.09305335e-02  8.63662332e-02  4.26009951e+02 
 8.56533265e+14  1.16819110e+35  1.11541000e+01  1.27695109e+00  1.01626000e+01  1.25775127e+00  3.58151738e-01  3.07949507e-02  8.60665098e-02  4.15627158e+02 
 8.58053977e+14  1.17735120e+35  1.11581000e+01  1.28270874e+00  1.01716000e+01  1.26359857e+00  3.58872558e-01  3.05108266e-02  8.58198822e-02  4.05945062e+02 
 8.59574689e+14  1.18655974e+35  1.11611000e+01  1.28845985e+00  1.01806000e+01  1.26944399e+00  3.59654875e-01  3.02223263e-02  8.55627211e-02  3.96308620e+02 
 8.61095401e+14  1.19576828e+35  1.11641000e+01  1.29417382e+00  1.01896000e+01  1.27526140e+00  3.60429204e-01  2.99233539e-02  8.53042715e-02  3.86985504e+02 
 8.62616113e+14  1.20509713e+35  1.11671000e+01  1.29992520e+00  1.01976000e+01  1.28102094e+00  3.61208264e-01  2.97719872e-02  8.49960604e-02  3.77639482e+02 
 8.64136824e+14  1.21443555e+35  1.11711000e+01  1.30564512e+00  1.02066000e+01  1.28685152e+00  3.61915503e-01  2.94665981e-02  8.47419742e-02  3.68995360e+02 
 8.65657536e+14  1.22380282e+35  1.11741000e+01  1.31134549e+00  1.02146000e+01  1.29257459e+00  3.62682510e-01  2.92978737e-02  8.44776892e-02  3.60402285e+02 
 8.67178248e+14  1.23327203e+35  1.11771000e+01  1.31707047e+00  1.02236000e+01  1.29841761e+00  3.63452037e-01  2.89861191e-02  8.42106926e-02  3.51994789e+02 
 8.68698960e+14  1.24274124e+35  1.11801000e+01  1.32275795e+00  1.02316000e+01  1.30413763e+00  3.64213553e-01  2.88065514e-02  8.39426160e-02  3.43856644e+02 
 8.70219672e+14  1.25227726e+35  1.11831000e+01  1.32844803e+00  1.02396000e+01  1.30986393e+00  3.64973869e-01  2.86230199e-02  8.36262825e-02  3.35737130e+02 
 8.71740384e+14  1.26187817e+35  1.11871000e+01  1.33413981e+00  1.02486000e+01  1.31568971e+00  3.65667631e-01  2.82952875e-02  8.33631599e-02  3.28188560e+02 
 8.73261095e+14  1.27147908e+35  1.11901000e+01  1.33979418e+00  1.02566000e+01  1.32139185e+00  3.66418771e-01  2.80993128e-02  8.30903794e-02  3.20699683e+02 
 8.74781807e+14  1.28118422e+35  1.11931000e+01  1.34547198e+00  1.02646000e+01  1.32711908e+00  3.67172116e-01  2.79020662e-02  8.28149084e-02  3.13368642e+02 
 8.76302519e+14  1.29091773e+35  1.11961000e+01  1.35112943e+00  1.02726000e+01  1.33283118e+00  3.67920676e-01  2.76993494e-02  8.25383515e-02  3.06247990e+02 
 8.77823231e+14  1.30065886e+35  1.11991000e+01  1.35675368e+00  1.02806000e+01  1.33851863e+00  3.68662029e-01  2.74865245e-02  8.22608587e-02  2.99345126e+02 
 8.79343943e+14  1.31052586e+35  1.12021000e+01  1.36241285e+00  1.02886000e+01  1.34424068e+00  3.69407613e-01  2.72752430e-02  8.19804936e-02  2.92571812e+02 
 8.80864654e+14  1.32039286e+35  1.12051000e+01  1.36803470e+00  1.02966000e+01  1.34993342e+00  3.70145500e-01  2.70549157e-02  8.16541785e-02  2.85851128e+02 
 8.82385366e+14  1.33030287e+35  1.12091000e+01  1.37364350e+00  1.03046000e+01  1.35561864e+00  3.70813474e-01  2.68286702e-02  8.13809545e-02  2.79624169e+02 
 8.83906078e+14  1.34030424e+35  1.12121000e+01  1.37926636e+00  1.03126000e+01  1.36132007e+00  3.71548318e-01  2.66009771e-02  8.10966614e-02  2.73379186e+02 
 8.85426790e+14  1.35030561e+35  1.12151000e+01  1.38485176e+00  1.03206000e+01  1.36699242e+00  3.72275426e-01  2.63638739e-02  8.08118786e-02  2.67327046e+02 
 8.86947502e+14  1.36038475e+35  1.12181000e+01  1.39044300e+00  1.03276000e+01  1.37257704e+00  3.73002001e-01  2.62626231e-02  8.05252847e-02  2.61415443e+02 
 8.88468213e+14  1.37052137e+35  1.12211000e+01  1.39602859e+00  1.03356000e+01  1.37825686e+00  3.73726157e-01  2.60185228e-02  8.02372803e-02  2.55652582e+02 
 8.89988925e+14  1.38065798e+35  1.12241000e+01  1.40157686e+00  1.03436000e+01  1.38390742e+00  3.74442687e-01  2.57656810e-02  7.99489498e-02  2.50065738e+02 
 8.91509637e+14  1.39090646e+35  1.12271000e+01  1.40714821e+00  1.03506000e+01  1.38948616e+00  3.75161375e-01  2.56487396e-02  7.96581633e-02  2.44589278e+02 
 8.93030349e+14  1.40117919e+35  1.12301000e+01  1.41269573e+00  1.03586000e+01  1.39514332e+00  3.75874856e-01  2.53891084e-02  7.93668313e-02  2.39266762e+02 
 8.94551061e+14  1.41146018e+35  1.12331000e+01  1.41821005e+00  1.03656000e+01  1.40067840e+00  3.76581308e-01  2.52569868e-02  7.90750443e-02  2.34100936e+02 
 8.96071772e+14  1.42186987e+35  1.12361000e+01  1.42375592e+00  1.03736000e+01  1.40634171e+00  3.77291560e-01  2.49901033e-02  7.87807989e-02  2.29028232e+02 
 8.97592484e+14  1.43227956e+35  1.12391000e+01  1.42926395e+00  1.03806000e+01  1.41187871e+00  3.77994029e-01  2.48493188e-02  7.84863121e-02  2.24108214e+02 
 8.99113196e+14  1.44272930e+35  1.12421000e+01  1.43475617e+00  1.03876000e+01  1.41740413e+00  3.78692633e-01  2.47040953e-02  7.81911345e-02  2.19317161e+02 
 9.00633908e+14  1.45327680e+35  1.12441000e+01  1.44026210e+00  1.03946000e+01  1.42294532e+00  3.79459523e-01  2.45569976e-02  7.78849179e-02  2.14505078e+02 
 9.02154620e+14  1.46382431e+35  1.12471000e+01  1.44573034e+00  1.04026000e+01  1.42855548e+00  3.80151326e-01  2.42646478e-02  7.76314399e-02  2.10074012e+02 
 9.03675332e+14  1.47444283e+35  1.12501000e+01  1.45119795e+00  1.04096000e+01  1.43407057e+00  3.80841634e-01  2.41042389e-02  7.73328814e-02  2.05627506e+02 
 9.05196043e+14  1.48512899e+35  1.12531000e+01  1.45666298e+00  1.04166000e+01  1.43958668e+00  3.81530145e-01  2.39402126e-02  7.70331594e-02  2.01285072e+02 
 9.06716755e+14  1.49581514e+35  1.12561000e+01  1.46209090e+00  1.04236000e+01  1.44507299e+00  3.82211281e-01  2.37681442e-02  7.67335949e-02  1.97070570e+02 
 9.08237467e+14  1.50660247e+35  1.12591000e+01  1.46753252e+00  1.04306000e+01  1.45057534e+00  3.82893200e-01  2.35939813e-02  7.64322530e-02  1.92941099e+02 
 9.09758179e+14  1.51742810e+35  1.12611000e+01  1.47295609e+00  1.04376000e+01  1.45606519e+00  3.83638941e-01  2.34139496e-02  7.61211229e-02  1.88811586e+02 
 9.11278891e+14  1.52825374e+35  1.12641000e+01  1.47834252e+00  1.04446000e+01  1.46152547e+00  3.84309264e-01  2.32256510e-02  7.58624076e-02  1.85012957e+02 
 9.12799602e+14  1.53920982e+35  1.12671000e+01  1.48375631e+00  1.04506000e+01  1.46691472e+00  3.84982639e-01  2.31705312e-02  7.55584332e-02  1.81175375e+02 
 9.14320314e+14  1.55017576e+35  1.12701000e+01  1.48913782e+00  1.04576000e+01  1.47237736e+00  3.85649473e-01  2.29748981e-02  7.52546027e-02  1.77445844e+02 
 9.15841026e+14  1.56115938e+35  1.12721000e+01  1.49449083e+00  1.04646000e+01  1.47781825e+00  3.86378900e-01  2.27721980e-02  7.49840196e-02  1.73818099e+02 
 9.17361738e+14  1.57226643e+35  1.12751000e+01  1.49986666e+00  1.04716000e+01  1.48328279e+00  3.87042229e-01  2.25694772e-02  7.46781067e-02  1.70255221e+02 
 9.18882450e+14  1.58337347e+35  1.12781000e+01  1.50520511e+00  1.04776000e+01  1.48861870e+00  3.87698118e-01  2.24897223e-02  7.43725331e-02  1.66794695e+02 
 9.20403161e+14  1.59452480e+35  1.12801000e+01  1.51052823e+00  1.04846000e+01  1.49404254e+00  3.88419259e-01  2.22745181e-02  7.40573555e-02  1.63326667e+02 
 9.21923873e+14  1.60577375e+35  1.12831000e+01  1.51586052e+00  1.04906000e+01  1.49937885e+00  3.89071712e-01  2.21879253e-02  7.37921528e-02  1.60112240e+02 
 9.23444585e+14  1.61702270e+35  1.12861000e+01  1.52115568e+00  1.04976000e+01  1.50478549e+00  3.89716840e-01  2.19616011e-02  7.34852293e-02  1.56898787e+02 
 9.24965297e+14  1.62834155e+35  1.12881000e+01  1.52644672e+00  1.05036000e+01  1.51009188e+00  3.90429205e-01  2.18626146e-02  7.32099766e-02  1.53756908e+02 
 9.26486009e+14  1.63973320e+35  1.12911000e+01  1.53173481e+00  1.05096000e+01  1.51539867e+00  3.91070742e-01  2.17599907e-02  7.29013763e-02  1.50684114e+02 
 9.28006720e+14  1.65112484e+35  1.12931000e+01  1.53698618e+00  1.05166000e+01  1.52077587e+00  3.91774545e-01  2.15196514e-02  7.25840123e-02  1.47613272e+02 
 9.29527432e+14  1.66261096e+35  1.12961000e+01  1.54224420e+00  1.05226000e+01  1.52606190e+00  3.92408873e-01  2.14073802e-02  7.23163432e-02  1.44771059e+02 
 9.31048144e+14  1.67414608e+35  1.12991000e+01  1.54748756e+00  1.05286000e+01  1.53133860e+00  3.93039515e-01  2.12892323e-02  7.20068198e-02  1.41914066e+02 
 9.32568856e+14  1.68568120e+35  1.13011000e+01  1.55269419e+00  1.05346000e+01  1.53658588e+00  3.93732695e-01  2.11630829e-02  7.17297078e-02  1.39136600e+02 
 9.34089568e+14  1.69733429e+35  1.13031000e+01  1.55791732e+00  1.05416000e+01  1.54195145e+00  3.94427507e-01  2.09071751e-02  7.14098486e-02  1.36330274e+02 
 9.35610280e+14  1.70901365e+35  1.13061000e+01  1.56311576e+00  1.05476000e+01  1.54719697e+00  3.95047514e-01  2.07750841e-02  7.11406427e-02  1.33750240e+02 
 9.37130991e+14  1.72069301e+35  1.13081000e+01  1.56827744e+00  1.05536000e+01  1.55241353e+00  3.95730338e-01  2.06344926e-02  7.08624419e-02  1.31165076e+02 
 9.38651703e+14  1.73251273e+35  1.13111000e+01  1.57346464e+00  1.05596000e+01  1.55765552e+00  3.96346167e-01  2.04945938e-02  7.05510384e-02  1.28620757e+02 
 9.40172415e+14  1.74433708e+35  1.13131000e+01  1.57861724e+00  1.05656000e+01  1.56286996e+00  3.97025436e-01  2.03472086e-02  7.02714206e-02  1.26145289e+02 
 9.41693127e+14  1.75617727e+35  1.13161000e+01  1.58374044e+00  1.05706000e+01  1.56795992e+00  3.97628739e-01  2.03210465e-02  6.99611889e-02  1.23734102e+02 
 9.43213839e+14  1.76814738e+35  1.13181000e+01  1.58888328e+00  1.05766000e+01  1.57317184e+00  3.98304335e-01  2.01662814e-02  6.96802386e-02  1.21362822e+02 
 9.44734550e+14  1.78011748e+35  1.13201000e+01  1.59398977e+00  1.05826000e+01  1.57835437e+00  3.98973158e-01  2.00042767e-02  6.93999293e-02  1.19055944e+02 
 9.46255262e+14  1.79212270e+35  1.13231000e+01  1.59907531e+00  1.05886000e+01  1.58352047e+00  3.99567176e-01  1.98379603e-02  6.90892002e-02  1.16804795e+02 
 9.47775974e+14  1.80423928e+35  1.13251000e+01  1.60417157e+00  1.05936000e+01  1.58859798e+00  4.00232350e-01  1.97962470e-02  6.88077563e-02  1.14594011e+02 
 9.49296686e+14  1.81635586e+35  1.13271000e+01  1.60923170e+00  1.05996000e+01  1.59374794e+00  4.00890822e-01  1.96205102e-02  6.85270316e-02  1.12442651e+02 
 9.50817398e+14  1.82852561e+35  1.13291000e+01  1.61427796e+00  1.06056000e+01  1.59888847e+00  4.01546130e-01  1.94405698e-02  6.82460908e-02  1.10339655e+02 
 9.52338109e+14  1.84078940e+35  1.13321000e+01  1.61932701e+00  1.06106000e+01  1.60393301e+00  4.02129875e-01  1.93835528e-02  6.79342031e-02  1.08276959e+02 
 9.53858821e+14  1.85305319e+35  1.13341000e+01  1.62434010e+00  1.06166000e+01  1.60905039e+00  4.02777854e-01  1.91935717e-02  6.76532150e-02  1.06269147e+02 
 9.55379533e+14  1.86538691e+35  1.13361000e+01  1.62934614e+00  1.06216000e+01  1.61406166e+00  4.03423862e-01  1.91263676e-02  6.73718516e-02  1.04303389e+02 
 9.56900245e+14  1.87779862e+35  1.13381000e+01  1.63434821e+00  1.06276000e+01  1.61917383e+00  4.04068372e-01  1.89314315e-02  6.70899835e-02  1.02377502e+02 
 9.58420957e+14  1.89021032e+35  1.13401000e+01  1.63931422e+00  1.06326000e+01  1.62415543e+00  4.04706133e-01  1.88533120e-02  6.68088916e-02  1.00502309e+02 
 9.59941668e+14  1.90270742e+35  1.13421000e+01  1.64427878e+00  1.06376000e+01  1.62913829e+00  4.05342759e-01  1.87724321e-02  6.65271850e-02  9.86637522e+01 
 9.61462380e+14  1.91526774e+35  1.13451000e+01  1.64923310e+00  1.06436000e+01  1.63421666e+00  4.05905357e-01  1.85639933e-02  6.62161277e-02  9.68642653e+01 
 9.62983092e+14  1.92782807e+35  1.13471000e+01  1.65415168e+00  1.06486000e+01  1.63916417e+00  4.06532792e-01  1.84721806e-02  6.59352540e-02  9.51116748e+01 
 9.64503804e+14  1.94048788e+35  1.13491000e+01  1.65907396e+00  1.06536000e+01  1.64411717e+00  4.07159973e-01  1.83787643e-02  6.56536324e-02  9.33911057e+01 
 9.66024516e+14  1.95319751e+35  1.13511000e+01  1.66398035e+00  1.06586000e+01  1.64905833e+00  4.07783791e-01  1.82812281e-02  6.53721315e-02  9.17085463e+01 
 9.67545228e+14  1.96590715e+35  1.13531000e+01  1.66885111e+00  1.06636000e+01  1.65397149e+00  4.08400970e-01  1.81755184e-02  6.50915220e-02  9.00693781e+01 
 9.69065939e+14  1.97872896e+35  1.13551000e+01  1.67373001e+00  1.06686000e+01  1.65889364e+00  4.09018661e-01  1.80693712e-02  6.48100580e-02  8.84583011e+01 
 9.70586651e+14  1.99158858e+35  1.13571000e+01  1.67858812e+00  1.06736000e+01  1.66379996e+00  4.09632199e-01  1.79581868e-02  6.45289613e-02  8.68839534e+01 
 9.72107363e+14  2.00444821e+35  1.13591000e+01  1.68341131e+00  1.06786000e+01  1.66867763e+00  4.10239388e-01  1.78405652e-02  6.42489107e-02  8.53498112e+01 
 9.73628075e+14  2.01743126e+35  1.13611000e+01  1.68824574e+00  1.06836000e+01  1.67356832e+00  4.10847440e-01  1.77214191e-02  6.39677926e-02  8.38404007e+01 
 9.75148787e+14  2.03044154e+35  1.13631000e+01  1.69305543e+00  1.06886000e+01  1.67843944e+00  4.11450758e-01  1.75971180e-02  6.36872963e-02  8.23662807e+01 
 9.76669498e+14  2.04345181e+35  1.13641000e+01  1.69783050e+00  1.06936000e+01  1.68328193e+00  4.12120364e-01  1.74668977e-02  6.34358232e-02  8.09294402e+01 
 9.78190210e+14  2.05659529e+35  1.13661000e+01  1.70261970e+00  1.06986000e+01  1.68813991e+00  4.12718856e-01  1.73356200e-02  6.31551606e-02  7.95144979e+01 
 9.79710922e+14  2.06975688e+35  1.13681000e+01  1.70738092e+00  1.07026000e+01  1.69287140e+00  4.13312153e-01  1.73208344e-02  6.28753431e-02  7.81332806e+01 
 9.81231634e+14  2.08291846e+35  1.13701000e+01  1.71210777e+00  1.07076000e+01  1.69767839e+00  4.13899258e-01  1.71781073e-02  6.25966825e-02  7.67866340e+01 
 9.82752346e+14  2.09622149e+35  1.13721000e+01  1.71685068e+00  1.07126000e+01  1.70250322e+00  4.14487925e-01  1.70339222e-02  6.23167613e-02  7.54595101e+01 
 9.84273057e+14  2.10953503e+35  1.13741000e+01  1.72156333e+00  1.07166000e+01  1.70719822e+00  4.15071173e-01  1.70066239e-02  6.20379294e-02  7.41644649e+01 
 9.85793769e+14  2.12284857e+35  1.13751000e+01  1.72624174e+00  1.07216000e+01  1.71196953e+00  4.15721327e-01  1.68516928e-02  6.17874289e-02  7.29015138e+01 
 9.87314481e+14  2.13631023e+35  1.13771000e+01  1.73093792e+00  1.07256000e+01  1.71665532e+00  4.16300364e-01  1.68168223e-02  6.15083834e-02  7.16560907e+01 
 9.88835193e+14  2.14977635e+35  1.13791000e+01  1.73560177e+00  1.07306000e+01  1.72141832e+00  4.16873640e-01  1.66561697e-02  6.12305441e-02  7.04410210e+01 
