# rhoc (cgs) 	 Pc (cgs) 	 R (km) 	 M (msol) 	 R_core (km) 	 M_core (msol) 	 I/(MR^2) 	 I_crust/(M_crust R_crust^2)/(I/(MR^2)) 	 k_2 	 Lambda 
 2.30000000e+14  1.14157954e+33  1.95244610e+03  1.11591083e-01  2.60160000e+00  7.50811804e-03  3.82507186e-02  9.99998779e-01 -4.43213624e-05 -6.90127438e+15 
 2.31792278e+14  1.16560109e+33  1.44499210e+03  9.95118400e-02  2.65660000e+00  8.02958985e-03  2.16815339e-02  9.99995085e-01  1.10599284e-04  6.78069602e+15 
 2.33584556e+14  1.18962263e+33  1.08267910e+03  9.32753055e-02  2.70860000e+00  8.54790928e-03  1.29579350e-02  9.99982716e-01 -1.02644924e-03 -2.05386182e+16 
 2.35376834e+14  1.21584601e+33  8.18145100e+02  8.96286182e-02  2.76460000e+00  9.12958806e-03  8.20860204e-03  9.99944710e-01  1.07677881e-02  6.48056760e+16 
 2.37169113e+14  1.24381878e+33  6.31962100e+02  8.74234247e-02  2.82060000e+00  9.74281733e-03  5.64570910e-03  9.99846655e-01  1.03965658e-03  1.94883188e+15 
 2.38961391e+14  1.27179155e+33  5.05884100e+02  8.60777784e-02  2.87560000e+00  1.03708054e-02  4.26300426e-03  9.99644118e-01  9.53056532e-04  6.34580821e+14 
 2.40753669e+14  1.29976432e+33  4.16790100e+02  8.52011032e-02  2.92860000e+00  1.10031708e-02  3.46050062e-03  9.99282383e-01  7.56227448e-04  2.01178561e+14 
 2.42545947e+14  1.32773709e+33  3.51401100e+02  8.46075278e-02  2.97960000e+00  1.16379855e-02  2.97257405e-03  9.98705022e-01  5.94891561e-04  6.98195015e+13 
 2.44338225e+14  1.35936054e+33  2.96203100e+02  8.41561615e-02  3.03460000e+00  1.23539054e-02  2.64109720e-03  9.97730600e-01  4.78947361e-04  2.45682696e+13 
 2.46130503e+14  1.39187698e+33  2.53312100e+02  8.38575770e-02  3.09060000e+00  1.31105589e-02  2.45125037e-03  9.96309133e-01  3.95706784e-04  9.45170162e+12 
 2.47922781e+14  1.42439342e+33  2.20118100e+02  8.36796276e-02  3.14360000e+00  1.38607584e-02  2.36298653e-03  9.94445255e-01  3.37553662e-04  4.03730246e+12 
 2.49715060e+14  1.45690986e+33  1.93830100e+02  8.35927051e-02  3.19460000e+00  1.46125675e-02  2.34740166e-03  9.92144983e-01  2.94827469e-04  1.87672451e+12 
 2.51507338e+14  1.48966664e+33  1.72459100e+02  8.35775538e-02  3.24460000e+00  1.53768939e-02  2.38787476e-03  9.89415374e-01  2.62627957e-04  9.33021461e+11 
 2.53299616e+14  1.52734403e+33  1.52538100e+02  8.36327681e-02  3.30060000e+00  1.62656403e-02  2.49058650e-03  9.85818507e-01  2.34652123e-04  4.49782105e+11 
 2.55091894e+14  1.56502143e+33  1.36334100e+02  8.37526258e-02  3.35460000e+00  1.71582929e-02  2.64422046e-03  9.81815056e-01  2.13549680e-04  2.31791562e+11 
 2.56884172e+14  1.60269883e+33  1.22956100e+02  8.39270997e-02  3.40760000e+00  1.80652417e-02  2.84231476e-03  9.77463574e-01  1.97396576e-04  1.26516543e+11 
 2.58676450e+14  1.64037623e+33  1.11767100e+02  8.41485497e-02  3.45760000e+00  1.89588831e-02  3.08051346e-03  9.72892576e-01  1.84931800e-04  7.25966720e+10 
 2.60468728e+14  1.67971666e+33  1.01916100e+02  8.44236373e-02  3.50960000e+00  1.99147433e-02  3.36867864e-03  9.67857921e-01  1.74917485e-04  4.25887888e+10 
 2.62261007e+14  1.72320512e+33  9.27241000e+01  8.47744460e-02  3.56460000e+00  2.09675104e-02  3.73181975e-03  9.62106020e-01  1.66631155e-04  2.47721053e+10 
 2.64053285e+14  1.76669358e+33  8.49421000e+01  8.51696143e-02  3.61760000e+00  2.20216825e-02  4.13971397e-03  9.56190838e-01  1.60715800e-04  1.50597763e+10 
 2.65845563e+14  1.81018205e+33  7.82921000e+01  8.56044596e-02  3.66960000e+00  2.30895318e-02  4.59000636e-03  9.50102352e-01  1.56795244e-04  9.52815967e+09 
 2.67637841e+14  1.85367051e+33  7.25611000e+01  8.60752134e-02  3.71960000e+00  2.41543714e-02  5.08059569e-03  9.43923257e-01  1.54626827e-04  6.25146739e+09 
 2.69430119e+14  1.90054989e+33  6.72211000e+01  8.66189232e-02  3.77160000e+00  2.53016722e-02  5.65268170e-03  9.37173146e-01  1.54108910e-04  4.11964981e+09 
 2.71222397e+14  1.95053564e+33  6.23011000e+01  8.72380932e-02  3.82660000e+00  2.65500469e-02  6.31095025e-03  9.29770327e-01  1.55524847e-04  2.74356917e+09 
 2.73014675e+14  2.00052139e+33  5.80351000e+01  8.78947546e-02  3.87860000e+00  2.77812465e-02  7.01726304e-03  9.22364315e-01  1.59003338e-04  1.89501878e+09 
 2.74806954e+14  2.05050715e+33  5.43121000e+01  8.85855849e-02  3.93060000e+00  2.90422457e-02  7.76875390e-03  9.14742665e-01  1.64595804e-04  1.35411276e+09 
 2.76599232e+14  2.10049290e+33  5.10421000e+01  8.93073099e-02  3.97960000e+00  3.02805235e-02  8.56297080e-03  9.07180457e-01  1.72430990e-04  9.98599468e+08 
 2.78391510e+14  2.16100223e+33  4.75831000e+01  9.02207271e-02  4.03860000e+00  3.18108406e-02  9.57937441e-03  8.97794365e-01  1.85127110e-04  7.17414993e+08 
 2.80183788e+14  2.21641312e+33  4.48111000e+01  9.10938240e-02  4.09060000e+00  3.32102790e-02  1.05619064e-02  8.89160176e-01  2.00176996e-04  5.47603105e+08 
 2.81976066e+14  2.27230537e+33  4.23421000e+01  9.20054257e-02  4.14160000e+00  3.46262118e-02  1.15973217e-02  8.80394144e-01  2.18927991e-04  4.29204673e+08 
 2.83768344e+14  2.32970220e+33  4.00941000e+01  9.29717666e-02  4.19260000e+00  3.60854186e-02  1.27044575e-02  8.71341783e-01  2.42284391e-04  3.43194836e+08 
 2.85560622e+14  2.38777443e+33  3.80711000e+01  9.39780084e-02  4.24260000e+00  3.75614132e-02  1.38668070e-02  8.62179758e-01  2.70539464e-04  2.80314102e+08 
 2.87352901e+14  2.44720260e+33  3.62251000e+01  9.50352244e-02  4.29260000e+00  3.90794082e-02  1.50959779e-02  8.52762624e-01  3.04634202e-04  2.32794108e+08 
 2.89145179e+14  2.50750682e+33  3.45501000e+01  9.61341390e-02  4.34260000e+00  4.06355030e-02  1.63809754e-02  8.43120763e-01  3.45026048e-04  1.96462019e+08 
 2.90937457e+14  2.56901212e+33  3.30181000e+01  9.72800196e-02  4.39160000e+00  4.22117191e-02  1.77273117e-02  8.33393749e-01  3.92683958e-04  1.67978494e+08 
 2.92729735e+14  2.63160073e+33  3.16171000e+01  9.84698408e-02  4.44060000e+00  4.38276284e-02  1.91303730e-02  8.23459832e-01  4.48311498e-04  1.45292181e+08 
 2.94522013e+14  2.69522936e+33  3.03331000e+01  9.97023948e-02  4.48860000e+00  4.54609374e-02  2.05884914e-02  8.13490925e-01  5.12755295e-04  1.26921316e+08 
 2.96314291e+14  2.76015512e+33  2.91501000e+01  1.00981742e-01  4.53660000e+00  4.71355705e-02  2.21047746e-02  8.03337805e-01  5.87118149e-04  1.11758314e+08 
 2.98106569e+14  2.82595372e+33  2.80651000e+01  1.02299110e-01  4.58360000e+00  4.88247884e-02  2.36673216e-02  7.93198422e-01  6.71789274e-04  9.91459878e+07 
 2.99898848e+14  2.89326973e+33  2.70581000e+01  1.03666549e-01  4.63060000e+00  5.05570756e-02  2.52902022e-02  7.82900296e-01  7.68602507e-04  8.84226376e+07 
 3.01691126e+14  2.96128531e+33  2.61331000e+01  1.05067004e-01  4.67760000e+00  5.23251213e-02  2.69517998e-02  7.72476550e-01  8.77319283e-04  7.93138382e+07 
 3.03483404e+14  3.03104502e+33  2.52701000e+01  1.06521195e-01  4.72360000e+00  5.41144165e-02  2.86731501e-02  7.62101691e-01  1.00039587e-03  7.13830221e+07 
 3.05275682e+14  3.10132501e+33  2.44771000e+01  1.08003127e-01  4.76960000e+00  5.59372823e-02  3.04232216e-02  7.51633477e-01  1.13669245e-03  6.45400813e+07 
 3.07067960e+14  3.17358219e+33  2.37321000e+01  1.09542838e-01  4.81560000e+00  5.78079990e-02  3.22363983e-02  7.41051060e-01  1.29004149e-03  5.84699825e+07 
 3.08860238e+14  3.24617442e+33  2.30471000e+01  1.11104821e-01  4.86060000e+00  5.96847833e-02  3.40690155e-02  7.30602863e-01  1.45784059e-03  5.31735103e+07 
 3.10652516e+14  3.32098313e+33  2.24011000e+01  1.12728926e-01  4.90560000e+00  6.16115045e-02  3.59628846e-02  7.20069945e-01  1.64500162e-03  4.84066016e+07 
 3.12444795e+14  3.39598871e+33  2.18051000e+01  1.14370766e-01  4.94960000e+00  6.35413336e-02  3.78725126e-02  7.09707329e-01  1.84823278e-03  4.42120147e+07 
 3.14237073e+14  3.47335044e+33  2.12411000e+01  1.16077040e-01  4.99460000e+00  6.55497760e-02  3.98417846e-02  6.99065166e-01  2.07323746e-03  4.03990191e+07 
 3.16029351e+14  3.55096761e+33  2.07201000e+01  1.17800846e-01  5.03760000e+00  6.75332373e-02  4.18192102e-02  6.88843800e-01  2.31525055e-03  3.70154957e+07 
 3.17821629e+14  3.63078736e+33  2.02261000e+01  1.19585021e-01  5.08160000e+00  6.95943503e-02  4.38521873e-02  6.78364586e-01  2.58112281e-03  3.39276574e+07 
 3.19613907e+14  3.71107068e+33  1.97671000e+01  1.21389985e-01  5.12560000e+00  7.16880034e-02  4.58956896e-02  6.67864283e-01  2.86608232e-03  3.11643123e+07 
 3.21406185e+14  3.79339779e+33  1.93331000e+01  1.23250881e-01  5.16860000e+00  7.38012759e-02  4.79810464e-02  6.57592138e-01  3.17535575e-03  2.86363787e+07 
 3.23198463e+14  3.87640206e+33  1.89281000e+01  1.25136091e-01  5.21060000e+00  7.59186693e-02  5.00768087e-02  6.47565005e-01  3.50529440e-03  2.63581581e+07 
 3.24990742e+14  3.96128627e+33  1.85441000e+01  1.27072659e-01  5.25360000e+00  7.81125298e-02  5.22124096e-02  6.37299987e-01  3.86148065e-03  2.42711558e+07 
 3.26783020e+14  4.04706655e+33  1.81851000e+01  1.29037476e-01  5.29560000e+00  8.03120602e-02  5.43542213e-02  6.27298502e-01  4.23909871e-03  2.23790206e+07 
 3.28575298e+14  4.13455793e+33  1.78441000e+01  1.31048776e-01  5.33760000e+00  8.25563628e-02  5.65320752e-02  6.17319757e-01  4.64439563e-03  2.06445765e+07 
 3.30367576e+14  4.22316951e+33  1.75241000e+01  1.33092388e-01  5.37960000e+00  8.48390610e-02  5.87167066e-02  6.07364145e-01  5.07259508e-03  1.90638716e+07 
 3.32159854e+14  4.31331850e+33  1.72211000e+01  1.35177711e-01  5.42060000e+00  8.71324881e-02  6.09236238e-02  5.97708258e-01  5.52746924e-03  1.76146380e+07 
 3.33952132e+14  4.40481688e+33  1.69351000e+01  1.37299660e-01  5.46160000e+00  8.94661091e-02  6.31427113e-02  5.88091806e-01  6.00759368e-03  1.62877255e+07 
 3.35744410e+14  4.49767427e+33  1.66641000e+01  1.39458068e-01  5.50260000e+00  9.18405348e-02  6.53785985e-02  5.78513971e-01  6.51468749e-03  1.50713814e+07 
 3.37536689e+14  4.59211517e+33  1.64071000e+01  1.41657577e-01  5.54360000e+00  9.42580760e-02  6.76305431e-02  5.68983759e-01  7.04919573e-03  1.39530141e+07 
 3.39328967e+14  4.68773209e+33  1.61651000e+01  1.43888569e-01  5.58360000e+00  9.66800523e-02  6.98799666e-02  5.59777482e-01  7.60692730e-03  1.29282027e+07 
 3.41121245e+14  4.78517139e+33  1.59341000e+01  1.46165325e-01  5.62360000e+00  9.91471366e-02  7.21532297e-02  5.50633550e-01  8.19512801e-03  1.19822958e+07 
 3.42913523e+14  4.88359933e+33  1.57161000e+01  1.48468038e-01  5.66360000e+00  1.01650509e-01  7.44222976e-02  5.41532098e-01  8.80683774e-03  1.11159720e+07 
 3.44705801e+14  4.98409309e+33  1.55081000e+01  1.50821314e-01  5.70360000e+00  1.04202083e-01  7.67094910e-02  5.32501053e-01  9.44837762e-03  1.03134740e+07 
 3.46498079e+14  5.08538386e+33  1.53121000e+01  1.53195388e-01  5.74260000e+00  1.06751294e-01  7.89838635e-02  5.23804443e-01  1.01112050e-02  9.57892173e+06 
 3.48290357e+14  5.18898831e+33  1.51231000e+01  1.55624700e-01  5.78160000e+00  1.09351185e-01  8.12930281e-02  5.15186826e-01  1.08099773e-02  8.89620209e+06 
 3.50082636e+14  5.29319405e+33  1.49461000e+01  1.58069482e-01  5.82060000e+00  1.11981880e-01  8.35722044e-02  5.06612786e-01  1.15246127e-02  8.27168499e+06 
 3.51874914e+14  5.39996554e+33  1.47751000e+01  1.60574814e-01  5.85960000e+00  1.14666185e-01  8.58859725e-02  4.98130360e-01  1.22760313e-02  7.68938092e+06 
 3.53667192e+14  5.50713871e+33  1.46151000e+01  1.63089543e-01  5.89760000e+00  1.17341311e-01  8.81628557e-02  4.89975272e-01  1.30403615e-02  7.15708846e+06 
 3.55459470e+14  5.61713374e+33  1.44601000e+01  1.65670135e-01  5.93660000e+00  1.20111084e-01  9.04760078e-02  4.81623898e-01  1.38427708e-02  6.65927209e+06 
 3.57251748e+14  5.72733561e+33  1.43141000e+01  1.68254947e-01  5.97360000e+00  1.22828759e-01  9.27608704e-02  4.73903839e-01  1.46607403e-02  6.20447889e+06 
 3.59044026e+14  5.84060228e+33  1.41731000e+01  1.70910457e-01  6.01160000e+00  1.25644240e-01  9.50732487e-02  4.65994779e-01  1.55141119e-02  5.77798454e+06 
 3.60836304e+14  5.95408757e+33  1.40411000e+01  1.73569461e-01  6.04960000e+00  1.28485854e-01  9.73426171e-02  4.58105147e-01  1.63761311e-02  5.38789059e+06 
 3.62628583e+14  6.07048093e+33  1.39131000e+01  1.76294532e-01  6.08660000e+00  1.31344085e-01  9.96422061e-02  4.50630738e-01  1.72750003e-02  5.02240540e+06 
 3.64420861e+14  6.18730612e+33  1.37921000e+01  1.79027280e-01  6.12360000e+00  1.34229946e-01  1.01914435e-01  4.43182053e-01  1.81879023e-02  4.68712904e+06 
 3.66213139e+14  6.30687985e+33  1.36751000e+01  1.81821539e-01  6.16060000e+00  1.37170718e-01  1.04207927e-01  4.35835656e-01  1.91343242e-02  4.37328131e+06 
 3.68005417e+14  6.42710148e+33  1.35641000e+01  1.84627774e-01  6.19760000e+00  1.40141612e-01  1.06478744e-01  4.28519356e-01  2.00958886e-02  4.08456051e+06 
 3.69797695e+14  6.54990956e+33  1.34581000e+01  1.87491014e-01  6.23460000e+00  1.43165537e-01  1.08745797e-01  4.21299970e-01  2.10792583e-02  3.81452243e+06 
 3.71589973e+14  6.67358420e+33  1.33571000e+01  1.90370563e-01  6.27060000e+00  1.46178695e-01  1.10996031e-01  4.14430334e-01  2.20791127e-02  3.56542994e+06 
 3.73382251e+14  6.79968091e+33  1.32601000e+01  1.93302229e-01  6.30660000e+00  1.49242422e-01  1.13248643e-01  4.07646926e-01  2.31031610e-02  3.33264822e+06 
 3.75174530e+14  6.92686519e+33  1.31671000e+01  1.96254580e-01  6.34260000e+00  1.52340420e-01  1.15493449e-01  4.00904600e-01  2.41472253e-02  3.11736233e+06 
 3.76966808e+14  7.05630506e+33  1.30781000e+01  1.99254280e-01  6.37860000e+00  1.55487234e-01  1.17731947e-01  3.94238079e-01  2.52106111e-02  2.91633043e+06 
 3.78759086e+14  7.18705563e+33  1.29931000e+01  2.02279000e-01  6.41360000e+00  1.58625618e-01  1.19955442e-01  3.87934285e-01  2.62890651e-02  2.72994212e+06 
 3.80551364e+14  7.31989346e+33  1.29121000e+01  2.05346243e-01  6.44960000e+00  1.61856019e-01  1.22163345e-01  3.81377205e-01  2.73807791e-02  2.55602315e+06 
 3.82343642e+14  7.45426695e+33  1.28341000e+01  2.08443217e-01  6.48460000e+00  1.65079161e-01  1.24368474e-01  3.75194805e-01  2.84929178e-02  2.39438269e+06 
 3.84135920e+14  7.59055784e+33  1.27591000e+01  2.11577873e-01  6.51960000e+00  1.68346544e-01  1.26569026e-01  3.69066111e-01  2.96237421e-02  2.24366118e+06 
 3.85928198e+14  7.72861087e+33  1.26871000e+01  2.14746332e-01  6.55460000e+00  1.71655406e-01  1.28761423e-01  3.62991699e-01  3.07709475e-02  2.10325677e+06 
 3.87720477e+14  7.86841014e+33  1.26191000e+01  2.17948158e-01  6.58860000e+00  1.74957750e-01  1.30921684e-01  3.57290227e-01  3.19194361e-02  1.97242039e+06 
 3.89512755e+14  8.01019931e+33  1.25531000e+01  2.21188156e-01  6.62360000e+00  1.78351810e-01  1.33088799e-01  3.51326972e-01  3.30918253e-02  1.85026828e+06 
 3.91305033e+14  8.15356255e+33  1.24901000e+01  2.24456261e-01  6.65760000e+00  1.81737206e-01  1.35236376e-01  3.45716610e-01  3.42718985e-02  1.73651084e+06 
 3.93097311e+14  8.29914440e+33  1.24301000e+01  2.27767342e-01  6.69160000e+00  1.85167790e-01  1.37365534e-01  3.40178611e-01  3.54587461e-02  1.63007504e+06 
 3.94889589e+14  8.44612744e+33  1.23721000e+01  2.31101952e-01  6.72560000e+00  1.88635269e-01  1.39490042e-01  3.34665883e-01  3.66615135e-02  1.53100924e+06 
 3.96681867e+14  8.59555844e+33  1.23171000e+01  2.34483302e-01  6.75960000e+00  1.92151771e-01  1.41590799e-01  3.29218399e-01  3.78657791e-02  1.43812953e+06 
 3.98474145e+14  8.74621735e+33  1.22631000e+01  2.37883578e-01  6.79260000e+00  1.95651863e-01  1.43704218e-01  3.24109539e-01  3.90967906e-02  1.35172557e+06 
 4.00266424e+14  8.89955389e+33  1.22121000e+01  2.41334993e-01  6.82660000e+00  1.99253999e-01  1.45790062e-01  3.18751381e-01  4.03250821e-02  1.27055628e+06 
 4.02058702e+14  9.05394496e+33  1.21641000e+01  2.44800947e-01  6.85960000e+00  2.02835967e-01  1.47835620e-01  3.13727761e-01  4.15426909e-02  1.19508130e+06 
 4.03850980e+14  9.21124332e+33  1.21171000e+01  2.48322232e-01  6.89260000e+00  2.06471317e-01  1.49897264e-01  3.08779524e-01  4.27857874e-02  1.12404412e+06 
 4.05643258e+14  9.36942308e+33  1.20721000e+01  2.51853192e-01  6.92460000e+00  2.10082763e-01  1.51937041e-01  3.04150925e-01  4.40299538e-02  1.05801892e+06 
 4.07435536e+14  9.53073944e+33  1.20281000e+01  2.55443567e-01  6.95760000e+00  2.13802989e-01  1.53991280e-01  2.99279157e-01  4.52977943e-02  9.95762427e+05 
 4.09227814e+14  9.69276461e+33  1.19871000e+01  2.59038911e-01  6.99060000e+00  2.17550394e-01  1.55992605e-01  2.94394174e-01  4.65427483e-02  9.37920480e+05 
 4.11020092e+14  9.85815500e+33  1.19471000e+01  2.62698080e-01  7.02260000e+00  2.21301607e-01  1.58006271e-01  2.89917817e-01  4.78083876e-02  8.83284229e+05 
 4.12812371e+14  1.00240825e+34  1.19091000e+01  2.66357735e-01  7.05460000e+00  2.25076744e-01  1.59987312e-01  2.85419248e-01  4.90645904e-02  8.32539222e+05 
 4.14604649e+14  1.01936028e+34  1.18731000e+01  2.70085284e-01  7.08660000e+00  2.28911637e-01  1.61951777e-01  2.81014083e-01  5.03179499e-02  7.84525989e+05 
 4.16396927e+14  1.03634899e+34  1.18381000e+01  2.73808768e-01  7.11860000e+00  2.32768525e-01  1.63905408e-01  2.76575715e-01  5.15772311e-02  7.39945387e+05 
 4.18189205e+14  1.05371958e+34  1.18041000e+01  2.77603771e-01  7.15060000e+00  2.36688423e-01  1.65867662e-01  2.72228738e-01  5.28519386e-02  6.97697058e+05 
 4.19981483e+14  1.07110996e+34  1.17721000e+01  2.81390688e-01  7.18160000e+00  2.40570383e-01  1.67787621e-01  2.68165243e-01  5.41068424e-02  6.58478618e+05 
 4.21773761e+14  1.08890467e+34  1.17411000e+01  2.85252923e-01  7.21260000e+00  2.44516892e-01  1.69714374e-01  2.64195887e-01  5.53742551e-02  6.21254716e+05 
 4.23566039e+14  1.10671581e+34  1.17121000e+01  2.89105527e-01  7.24360000e+00  2.48481285e-01  1.71594492e-01  2.60184365e-01  5.66164804e-02  5.86682502e+05 
 4.25358318e+14  1.12492684e+34  1.16831000e+01  2.93031036e-01  7.27460000e+00  2.52510335e-01  1.73507307e-01  2.56254575e-01  5.78917039e-02  5.53869029e+05 
 4.27150596e+14  1.14316734e+34  1.16561000e+01  2.96949613e-01  7.30560000e+00  2.56557393e-01  1.75371674e-01  2.52295832e-01  5.91385191e-02  5.23348915e+05 
 4.28942874e+14  1.16179736e+34  1.16301000e+01  3.00937829e-01  7.33660000e+00  2.60667408e-01  1.77236121e-01  2.48413431e-01  6.03904753e-02  4.94390544e+05 
 4.30735152e+14  1.18047270e+34  1.16061000e+01  3.04921744e-01  7.36660000e+00  2.64737453e-01  1.79049000e-01  2.44817750e-01  6.16089828e-02  4.67414287e+05 
 4.32527430e+14  1.19952752e+34  1.15821000e+01  3.08971696e-01  7.39760000e+00  2.68929380e-01  1.80889056e-01  2.40969258e-01  6.28549277e-02  4.41825498e+05 
 4.34319708e+14  1.21864313e+34  1.15591000e+01  3.13020142e-01  7.42760000e+00  2.73081581e-01  1.82707130e-01  2.37412891e-01  6.40914510e-02  4.17952729e+05 
 4.36111986e+14  1.23812857e+34  1.15371000e+01  3.17131694e-01  7.45760000e+00  2.77293167e-01  1.84519161e-01  2.33916052e-01  6.53262102e-02  3.95312812e+05 
 4.37904265e+14  1.25768987e+34  1.15161000e+01  3.21243927e-01  7.48760000e+00  2.81527437e-01  1.86307382e-01  2.30393217e-01  6.65484483e-02  3.74161259e+05 
 4.39696543e+14  1.27761175e+34  1.14961000e+01  3.25416343e-01  7.51760000e+00  2.85819343e-01  1.88086737e-01  2.26926529e-01  6.77654825e-02  3.54105588e+05 
 4.41488821e+14  1.29762413e+34  1.14771000e+01  3.29591659e-01  7.54660000e+00  2.90072986e-01  1.89840629e-01  2.23744202e-01  6.89669729e-02  3.35343051e+05 
 4.43281099e+14  1.31798831e+34  1.14591000e+01  3.33824185e-01  7.57560000e+00  2.94382017e-01  1.91582696e-01  2.20610187e-01  7.01595878e-02  3.17555008e+05 
 4.45073377e+14  1.33845712e+34  1.14421000e+01  3.38062225e-01  7.60560000e+00  2.98778965e-01  1.93298220e-01  2.17150313e-01  7.13341206e-02  3.00892358e+05 
 4.46865655e+14  1.35926946e+34  1.14251000e+01  3.42354666e-01  7.63460000e+00  3.03166575e-01  1.95033199e-01  2.14043190e-01  7.25278508e-02  2.85096562e+05 
 4.48657933e+14  1.38020002e+34  1.14091000e+01  3.46654262e-01  7.66360000e+00  3.07580798e-01  1.96740356e-01  2.10913037e-01  7.37012055e-02  2.70282037e+05 
 4.50450212e+14  1.40146640e+34  1.13941000e+01  3.51005640e-01  7.69160000e+00  3.11982297e-01  1.98430776e-01  2.08128827e-01  7.48594958e-02  2.56238825e+05 
 4.52242490e+14  1.42286400e+34  1.13801000e+01  3.55366245e-01  7.72060000e+00  3.16476129e-01  2.00092014e-01  2.05019692e-01  7.59945527e-02  2.43052655e+05 
 4.54034768e+14  1.44459030e+34  1.13661000e+01  3.59775881e-01  7.74960000e+00  3.21022058e-01  2.01769054e-01  2.01940897e-01  7.71445729e-02  2.30553062e+05 
 4.55827046e+14  1.46646019e+34  1.13531000e+01  3.64196865e-01  7.77760000e+00  3.25528579e-01  2.03416442e-01  1.99159065e-01  7.82698010e-02  2.18803323e+05 
 4.57619324e+14  1.48865230e+34  1.13411000e+01  3.68664112e-01  7.80560000e+00  3.30086326e-01  2.05041725e-01  1.96393838e-01  7.93730686e-02  2.07664918e+05 
 4.59411602e+14  1.51099971e+34  1.13291000e+01  3.73144208e-01  7.83360000e+00  3.34671783e-01  2.06672221e-01  1.93620377e-01  8.04839617e-02  1.97183809e+05 
 4.61203880e+14  1.53366354e+34  1.13181000e+01  3.77668913e-01  7.86160000e+00  3.39305564e-01  2.08279281e-01  1.90871668e-01  8.15709149e-02  1.87247124e+05 
 4.62996159e+14  1.55649363e+34  1.13081000e+01  3.82207329e-01  7.88960000e+00  3.43969710e-01  2.09853596e-01  1.88105705e-01  8.26274393e-02  1.77887659e+05 
 4.64788437e+14  1.57963510e+34  1.12981000e+01  3.86788506e-01  7.91660000e+00  3.48611204e-01  2.11439640e-01  1.85665726e-01  8.36937438e-02  1.69013208e+05 
 4.66580715e+14  1.60295300e+34  1.12881000e+01  3.91384644e-01  7.94460000e+00  3.53352515e-01  2.13029793e-01  1.82910310e-01  8.47652174e-02  1.60646545e+05 
 4.68372993e+14  1.62657804e+34  1.12791000e+01  3.96021298e-01  7.97160000e+00  3.58070487e-01  2.14592702e-01  1.80468940e-01  8.58075615e-02  1.52712104e+05 
 4.70165271e+14  1.65038885e+34  1.12711000e+01  4.00673961e-01  7.99860000e+00  3.62819125e-01  2.16121042e-01  1.78013647e-01  8.68155632e-02  1.45225168e+05 
 4.71957549e+14  1.67450338e+34  1.12631000e+01  4.05365719e-01  8.02560000e+00  3.67611796e-01  2.17658772e-01  1.75576059e-01  8.78303365e-02  1.38123486e+05 
 4.73749827e+14  1.69881213e+34  1.12561000e+01  4.10074180e-01  8.05260000e+00  3.72436120e-01  2.19160819e-01  1.73123506e-01  8.88086582e-02  1.31416918e+05 
 4.75542106e+14  1.72342210e+34  1.12491000e+01  4.14819963e-01  8.07960000e+00  3.77304594e-01  2.20670964e-01  1.70681531e-01  8.97920730e-02  1.25053838e+05 
 4.77334384e+14  1.74823381e+34  1.12421000e+01  4.19583367e-01  8.10560000e+00  3.82131404e-01  2.22184257e-01  1.68526179e-01  9.07777692e-02  1.19040238e+05 
 4.79126662e+14  1.77334515e+34  1.12361000e+01  4.24382626e-01  8.13260000e+00  3.87074304e-01  2.23665300e-01  1.66082321e-01  9.17271294e-02  1.13332947e+05 
 4.80918940e+14  1.79866475e+34  1.12301000e+01  4.29199718e-01  8.15860000e+00  3.91975531e-01  2.25148827e-01  1.63920630e-01  9.26775107e-02  1.07935354e+05 
 4.82711218e+14  1.82428343e+34  1.12251000e+01  4.34051386e-01  8.18460000e+00  3.96919783e-01  2.26598489e-01  1.61759130e-01  9.35891962e-02  1.02810970e+05 
 4.84503496e+14  1.85011583e+34  1.12201000e+01  4.38921251e-01  8.21060000e+00  4.01894344e-01  2.28050306e-01  1.59590894e-01  9.45010328e-02  9.79615241e+04 
 4.86295774e+14  1.87624779e+34  1.12161000e+01  4.43824978e-01  8.23660000e+00  4.06910629e-01  2.29467094e-01  1.57426489e-01  9.53723027e-02  9.33558015e+04 
 4.88088053e+14  1.90259784e+34  1.12111000e+01  4.48746564e-01  8.26160000e+00  4.11882866e-01  2.30926384e-01  1.55538504e-01  9.62852905e-02  8.89946249e+04 
 4.89880331e+14  1.92924904e+34  1.12081000e+01  4.53701540e-01  8.28760000e+00  4.16970449e-01  2.32308666e-01  1.53369651e-01  9.71134382e-02  8.48508954e+04 
 4.91672609e+14  1.95612152e+34  1.12041000e+01  4.58673536e-01  8.31260000e+00  4.22015109e-01  2.33732832e-01  1.51464456e-01  9.79824519e-02  8.09250822e+04 
 4.93464887e+14  1.98329794e+34  1.12011000e+01  4.63678645e-01  8.33860000e+00  4.27174838e-01  2.35120460e-01  1.49284921e-01  9.88082830e-02  7.71933041e+04 
 4.95257165e+14  2.01069759e+34  1.11981000e+01  4.68700409e-01  8.36360000e+00  4.32289843e-01  2.36508270e-01  1.47370440e-01  9.96311266e-02  7.36560571e+04 
 4.97049443e+14  2.03840517e+34  1.11961000e+01  4.73754464e-01  8.38860000e+00  4.37445105e-01  2.37857893e-01  1.45456589e-01  1.00408417e-01  7.02919786e+04 
 4.98841721e+14  2.06633667e+34  1.11931000e+01  4.78824893e-01  8.41360000e+00  4.42629572e-01  2.39250217e-01  1.43531113e-01  1.01227376e-01  6.71018783e+04 
 5.00634000e+14  2.09458140e+34  1.11921000e+01  4.83927646e-01  8.43760000e+00  4.47775173e-01  2.40560903e-01  1.41890656e-01  1.01954332e-01  6.40663243e+04 
 5.02426278e+14  2.12304937e+34  1.11901000e+01  4.89045409e-01  8.46260000e+00  4.53029136e-01  2.41913700e-01  1.39948044e-01  1.02722238e-01  6.11866620e+04 
 5.04218556e+14  2.15183720e+34  1.11881000e+01  4.94195337e-01  8.48660000e+00  4.58244809e-01  2.43270082e-01  1.38283018e-01  1.03488016e-01  5.84449405e+04 
 5.06010834e+14  2.18084620e+34  1.11871000e+01  4.99359594e-01  8.51160000e+00  4.63566501e-01  2.44582328e-01  1.36328829e-01  1.04203167e-01  5.58431501e+04 
 5.07803112e+14  2.21018310e+34  1.11871000e+01  5.04556464e-01  8.53560000e+00  4.68849003e-01  2.45853845e-01  1.34652552e-01  1.04868510e-01  5.33644708e+04 
 5.09595390e+14  2.23973763e+34  1.11861000e+01  5.09765521e-01  8.55960000e+00  4.74159375e-01  2.47167242e-01  1.32952495e-01  1.05574670e-01  5.10116430e+04 
 5.11387668e+14  2.26962956e+34  1.11861000e+01  5.15007971e-01  8.58360000e+00  4.79509861e-01  2.48439734e-01  1.31254874e-01  1.06230432e-01  4.87686867e+04 
 5.13179947e+14  2.29973406e+34  1.11851000e+01  5.20261250e-01  8.60660000e+00  4.84803430e-01  2.49754534e-01  1.29816178e-01  1.06927640e-01  4.66391171e+04 
 5.14972225e+14  2.33018697e+34  1.11851000e+01  5.25548384e-01  8.63060000e+00  4.90220948e-01  2.51027794e-01  1.28096859e-01  1.07573334e-01  4.46075980e+04 
 5.16764503e+14  2.36084581e+34  1.11861000e+01  5.30844040e-01  8.65360000e+00  4.95580762e-01  2.52252853e-01  1.26627484e-01  1.08163620e-01  4.26784217e+04 
 5.18556781e+14  2.39186567e+34  1.11861000e+01  5.36175338e-01  8.67760000e+00  5.01062905e-01  2.53526581e-01  1.24895116e-01  1.08798600e-01  4.08367345e+04 
 5.20349059e+14  2.42308314e+34  1.11871000e+01  5.41512762e-01  8.70060000e+00  5.06485621e-01  2.54751034e-01  1.23406933e-01  1.09377101e-01  3.90875911e+04 
 5.22141337e+14  2.45467591e+34  1.11881000e+01  5.46886461e-01  8.72360000e+00  5.11951661e-01  2.55978495e-01  1.21916155e-01  1.09950936e-01  3.74164990e+04 
 5.23933615e+14  2.48645624e+34  1.11891000e+01  5.52264195e-01  8.74660000e+00  5.17437377e-01  2.57201629e-01  1.20403267e-01  1.10516693e-01  3.58292402e+04 
 5.25725894e+14  2.51862787e+34  1.11901000e+01  5.57680057e-01  8.76960000e+00  5.22966125e-01  2.58428381e-01  1.18895385e-01  1.11078057e-01  3.43115962e+04 
 5.27518172e+14  2.55097522e+34  1.11921000e+01  5.63097166e-01  8.79260000e+00  5.28512678e-01  2.59603785e-01  1.17363815e-01  1.11581066e-01  3.28700289e+04 
 5.29310450e+14  2.58373166e+34  1.11931000e+01  5.68553724e-01  8.81460000e+00  5.34020190e-01  2.60828963e-01  1.16096417e-01  1.12128831e-01  3.14905358e+04 
 5.31102728e+14  2.61665012e+34  1.11951000e+01  5.74008416e-01  8.83660000e+00  5.39542967e-01  2.62001657e-01  1.14800510e-01  1.12617322e-01  3.01802032e+04 
 5.32895006e+14  2.64999730e+34  1.11971000e+01  5.79504971e-01  8.85960000e+00  5.45198150e-01  2.63178296e-01  1.13243317e-01  1.13100888e-01  2.89251985e+04 
 5.34687284e+14  2.68349088e+34  1.11991000e+01  5.84996347e-01  8.88160000e+00  5.50780129e-01  2.64348143e-01  1.11922091e-01  1.13574650e-01  2.77331775e+04 
 5.36479562e+14  2.71743473e+34  1.12011000e+01  5.90531922e-01  8.90360000e+00  5.56409210e-01  2.65522469e-01  1.10608027e-01  1.14043585e-01  2.65904519e+04 
 5.38271841e+14  2.75150739e+34  1.12031000e+01  5.96058493e-01  8.92560000e+00  5.62050378e-01  2.66689031e-01  1.09256345e-01  1.14502084e-01  2.55051824e+04 
 5.40064119e+14  2.78605383e+34  1.12061000e+01  6.01631823e-01  8.94760000e+00  5.67740489e-01  2.67812821e-01  1.07914111e-01  1.14904559e-01  2.44638107e+04 
 5.41856397e+14  2.82070941e+34  1.12091000e+01  6.07192314e-01  8.96860000e+00  5.73351280e-01  2.68927664e-01  1.06793239e-01  1.15295870e-01  2.34749416e+04 
 5.43648675e+14  2.85586437e+34  1.12111000e+01  6.12802746e-01  8.99060000e+00  5.79099452e-01  2.70096273e-01  1.05429806e-01  1.15734161e-01  2.25251435e+04 
 5.45440953e+14  2.89110666e+34  1.12141000e+01  6.18395956e-01  9.01160000e+00  5.84766260e-01  2.71206855e-01  1.04278046e-01  1.16109217e-01  2.16234006e+04 
 5.47233231e+14  2.92687604e+34  1.12171000e+01  6.24042166e-01  9.03260000e+00  5.90483307e-01  2.72323671e-01  1.03146425e-01  1.16479774e-01  2.07564070e+04 
 5.49025509e+14  2.96270875e+34  1.12201000e+01  6.29667081e-01  9.05360000e+00  5.96203366e-01  2.73429823e-01  1.01968887e-01  1.16838476e-01  1.99334723e+04 
 5.50817788e+14  2.99909844e+34  1.12241000e+01  6.35347782e-01  9.07460000e+00  6.01979053e-01  2.74493538e-01  1.00803273e-01  1.17196702e-01  1.91506632e+04 
 5.52610066e+14  3.03552518e+34  1.12271000e+01  6.41002891e-01  9.09560000e+00  6.07752768e-01  2.75594684e-01  9.95959945e-02  1.17481964e-01  1.83898248e+04 
 5.54402344e+14  3.07254107e+34  1.12301000e+01  6.46717358e-01  9.11660000e+00  6.13584681e-01  2.76703071e-01  9.84034301e-02  1.17819110e-01  1.76656511e+04 
 5.56194622e+14  3.10956538e+34  1.12341000e+01  6.52401035e-01  9.13660000e+00  6.19320798e-01  2.77749461e-01  9.74147121e-02  1.18091206e-01  1.69786892e+04 
 5.57986900e+14  3.14721335e+34  1.12371000e+01  6.58148348e-01  9.15760000e+00  6.25207111e-01  2.78853549e-01  9.61975042e-02  1.18411643e-01  1.63160504e+04 
 5.59779178e+14  3.18486131e+34  1.12411000e+01  6.63863009e-01  9.17760000e+00  6.30996470e-01  2.79894910e-01  9.51794474e-02  1.18666661e-01  1.56873219e+04 
 5.61571456e+14  3.22312459e+34  1.12451000e+01  6.69638522e-01  9.19860000e+00  6.36935075e-01  2.80943681e-01  9.39324825e-02  1.18916961e-01  1.50808787e+04 
 5.63363735e+14  3.26141048e+34  1.12491000e+01  6.75384553e-01  9.21860000e+00  6.42776998e-01  2.81980101e-01  9.28895589e-02  1.19212787e-01  1.45119071e+04 
 5.65156013e+14  3.30028400e+34  1.12531000e+01  6.81185434e-01  9.23860000e+00  6.48673180e-01  2.83022378e-01  9.18580930e-02  1.19445333e-01  1.39563449e+04 
 5.66948291e+14  3.33921367e+34  1.12571000e+01  6.86961550e-01  9.25760000e+00  6.54473234e-01  2.84053527e-01  9.10347837e-02  1.19666241e-01  1.34279743e+04 
 5.68740569e+14  3.37870069e+34  1.12611000e+01  6.92786604e-01  9.27760000e+00  6.60418024e-01  2.85089244e-01  8.99686261e-02  1.19822740e-01  1.29126178e+04 
 5.70532847e+14  3.41827998e+34  1.12651000e+01  6.98591605e-01  9.29760000e+00  6.66365512e-01  2.86114875e-01  8.88632096e-02  1.20026112e-01  1.24280378e+04 
 5.72325125e+14  3.45838369e+34  1.12691000e+01  7.04439853e-01  9.31660000e+00  6.72260198e-01  2.87144145e-01  8.80178849e-02  1.20223231e-01  1.19614369e+04 
 5.74117403e+14  3.49861840e+34  1.12731000e+01  7.10272742e-01  9.33560000e+00  6.78162929e-01  2.88164181e-01  8.71278136e-02  1.20409270e-01  1.15164695e+04 
 5.75909682e+14  3.53934189e+34  1.12781000e+01  7.16142422e-01  9.35560000e+00  6.84200459e-01  2.89135205e-01  8.59996770e-02  1.20535106e-01  1.10882915e+04 
 5.77701960e+14  3.58023782e+34  1.12821000e+01  7.22002543e-01  9.37460000e+00  6.90150654e-01  2.90149685e-01  8.50860805e-02  1.20704130e-01  1.06793937e+04 
 5.79494238e+14  3.62158408e+34  1.12871000e+01  7.27892321e-01  9.39360000e+00  6.96137000e-01  2.91113119e-01  8.41672796e-02  1.20870990e-01  1.02912145e+04 
 5.81286516e+14  3.66314702e+34  1.12911000e+01  7.33778183e-01  9.41260000e+00  7.02136256e-01  2.92121587e-01  8.32215775e-02  1.20963752e-01  9.91016590e+03 
 5.83078794e+14  3.70511895e+34  1.12961000e+01  7.39686726e-01  9.43060000e+00  7.08068567e-01  2.93077285e-01  8.25087909e-02  1.21053868e-01  9.54883894e+03 
 5.84871072e+14  3.74735467e+34  1.13011000e+01  7.45597254e-01  9.44960000e+00  7.14115885e-01  2.94027573e-01  8.15306468e-02  1.21193904e-01  9.20727777e+03 
 5.86663350e+14  3.78995508e+34  1.13051000e+01  7.51523636e-01  9.46760000e+00  7.20087614e-01  2.95027759e-01  8.07882900e-02  1.21261087e-01  8.87051139e+03 
 5.88455629e+14  3.83286932e+34  1.13101000e+01  7.57457757e-01  9.48660000e+00  7.26182261e-01  2.95971502e-01  7.97784280e-02  1.21324723e-01  8.55180573e+03 
 5.90247907e+14  3.87610091e+34  1.13151000e+01  7.63400239e-01  9.50460000e+00  7.32195348e-01  2.96911474e-01  7.89986237e-02  1.21439368e-01  8.25008458e+03 
 5.92040185e+14  3.91969940e+34  1.13191000e+01  7.69357278e-01  9.52260000e+00  7.38233469e-01  2.97901369e-01  7.82043237e-02  1.21480482e-01  7.95232347e+03 
 5.93832463e+14  3.96356481e+34  1.13241000e+01  7.75314534e-01  9.54060000e+00  7.44286576e-01  2.98833188e-01  7.73870663e-02  1.21518322e-01  7.67077062e+03 
 5.95624741e+14  4.00785326e+34  1.13291000e+01  7.81293010e-01  9.55860000e+00  7.50369449e-01  2.99763687e-01  7.65599225e-02  1.21548271e-01  7.39987734e+03 
 5.97417019e+14  4.05235498e+34  1.13341000e+01  7.87263720e-01  9.57660000e+00  7.56461657e-01  3.00687088e-01  7.57059172e-02  1.21568925e-01  7.14043990e+03 
 5.99209297e+14  4.09733907e+34  1.13391000e+01  7.93262562e-01  9.59460000e+00  7.62588521e-01  3.01610593e-01  7.48467335e-02  1.21582112e-01  6.89042800e+03 
 6.01001576e+14  4.14247954e+34  1.13441000e+01  7.99245553e-01  9.61160000e+00  7.68615711e-01  3.02525568e-01  7.41942004e-02  1.21585907e-01  6.65121069e+03 
 6.02793854e+14  4.18816494e+34  1.13491000e+01  8.05263934e-01  9.62960000e+00  7.74783654e-01  3.03442171e-01  7.33078462e-02  1.21582709e-01  6.42031101e+03 
 6.04586132e+14  4.23394646e+34  1.13541000e+01  8.11257971e-01  9.64660000e+00  7.80845320e-01  3.04348658e-01  7.26221251e-02  1.21569922e-01  6.19959343e+03 
 6.06378410e+14  4.28033882e+34  1.13591000e+01  8.17294355e-01  9.66360000e+00  7.86953819e-01  3.05257923e-01  7.19322195e-02  1.21550176e-01  5.98619813e+03 
 6.08170688e+14  4.32676361e+34  1.13641000e+01  8.23297947e-01  9.68060000e+00  7.93050005e-01  3.06155673e-01  7.12095877e-02  1.21520903e-01  5.78241740e+03 
 6.09962966e+14  4.37386854e+34  1.13691000e+01  8.29351841e-01  9.69760000e+00  7.99196121e-01  3.07057940e-01  7.04938652e-02  1.21485263e-01  5.58506645e+03 
 6.11755244e+14  4.42097347e+34  1.13741000e+01  8.35368091e-01  9.71460000e+00  8.05329324e-01  3.07947681e-01  6.97367348e-02  1.21439898e-01  5.39666639e+03 
 6.13547523e+14  4.46876181e+34  1.13791000e+01  8.41433642e-01  9.73160000e+00  8.11511829e-01  3.08841748e-01  6.89862086e-02  1.21388151e-01  5.21416638e+03 
 6.15339801e+14  4.51658492e+34  1.13851000e+01  8.47466061e-01  9.74760000e+00  8.17576220e-01  3.09670077e-01  6.84342394e-02  1.21333954e-01  5.04223873e+03 
 6.17132079e+14  4.56502622e+34  1.13901000e+01  8.53537794e-01  9.76460000e+00  8.23790823e-01  3.10554901e-01  6.76465679e-02  1.21266267e-01  4.87340265e+03 
 6.18924357e+14  4.61357307e+34  1.13951000e+01  8.59584946e-01  9.78060000e+00  8.29892622e-01  3.11430160e-01  6.70616661e-02  1.21190084e-01  4.71174919e+03 
 6.20716635e+14  4.66266922e+34  1.14001000e+01  8.65661581e-01  9.79660000e+00  8.36032154e-01  3.12305785e-01  6.64646018e-02  1.21106694e-01  4.55553214e+03 
 6.22508913e+14  4.71194535e+34  1.14051000e+01  8.71722423e-01  9.81360000e+00  8.42276774e-01  3.13173619e-01  6.56205706e-02  1.20955460e-01  4.40350261e+03 
 6.24301191e+14  4.76169811e+34  1.14101000e+01  8.77803060e-01  9.82960000e+00  8.48442778e-01  3.14040224e-01  6.49940079e-02  1.20856948e-01  4.25894276e+03 
 6.26093470e+14  4.81170905e+34  1.14161000e+01  8.83876547e-01  9.84560000e+00  8.54616766e-01  3.14845387e-01  6.43446160e-02  1.20757531e-01  4.12205115e+03 
 6.27885748e+14  4.86212010e+34  1.14211000e+01  8.89959558e-01  9.86160000e+00  8.60810845e-01  3.15702495e-01  6.36812091e-02  1.20643987e-01  3.98806634e+03 
 6.29678026e+14  4.91287134e+34  1.14261000e+01  8.96044653e-01  9.87660000e+00  8.66911786e-01  3.16555144e-01  6.32236765e-02  1.20523054e-01  3.85904948e+03 
 6.31470304e+14  4.96394223e+34  1.14311000e+01  9.02129155e-01  9.89260000e+00  8.73129634e-01  3.17403062e-01  6.25308253e-02  1.20335288e-01  3.73299931e+03 
 6.33262582e+14  5.01543923e+34  1.14361000e+01  9.08224829e-01  9.90760000e+00  8.79263502e-01  3.18248086e-01  6.20405637e-02  1.20199999e-01  3.61323088e+03 
 6.35054860e+14  5.06717141e+34  1.14421000e+01  9.14309221e-01  9.92360000e+00  8.85507190e-01  3.19030699e-01  6.13115509e-02  1.20064701e-01  3.49982977e+03 
 6.36847138e+14  5.11941961e+34  1.14471000e+01  9.20414452e-01  9.93860000e+00  8.91673305e-01  3.19867916e-01  6.07891343e-02  1.19915376e-01  3.38846879e+03 
 6.38639417e+14  5.17181442e+34  1.14521000e+01  9.26497522e-01  9.95360000e+00  8.97832214e-01  3.20696602e-01  6.02451901e-02  1.19758882e-01  3.28156082e+03 
 6.40431695e+14  5.22481924e+34  1.14571000e+01  9.32611644e-01  9.96860000e+00  9.04026357e-01  3.21526322e-01  5.96979282e-02  1.19596003e-01  3.17800368e+03 
 6.42223973e+14  5.27787790e+34  1.14621000e+01  9.38692181e-01  9.98360000e+00  9.10208168e-01  3.22345354e-01  5.91174938e-02  1.19366316e-01  3.07719582e+03 
 6.44016251e+14  5.33164471e+34  1.14671000e+01  9.44813833e-01  9.99860000e+00  9.16432661e-01  3.23167274e-01  5.85387846e-02  1.19189996e-01  2.98088325e+03 
 6.45808529e+14  5.38541151e+34  1.14731000e+01  9.50895515e-01  1.00136000e+01  9.22639992e-01  3.23920985e-01  5.79248959e-02  1.19013934e-01  2.89005489e+03 
 6.47600807e+14  5.43990249e+34  1.14781000e+01  9.57018877e-01  1.00276000e+01  9.28778720e-01  3.24734097e-01  5.75314300e-02  1.18824460e-01  2.80041069e+03 
 6.49393085e+14  5.49443662e+34  1.14831000e+01  9.63107171e-01  1.00426000e+01  9.35012380e-01  3.25536606e-01  5.68930187e-02  1.18628267e-01  2.71443357e+03 
 6.51185364e+14  5.54959890e+34  1.14881000e+01  9.69224805e-01  1.00566000e+01  9.41171082e-01  3.26339787e-01  5.64616007e-02  1.18425792e-01  2.63107431e+03 
 6.52977642e+14  5.60490569e+34  1.14931000e+01  9.75318477e-01  1.00716000e+01  9.47432440e-01  3.27134506e-01  5.57943616e-02  1.18157960e-01  2.54967621e+03 
 6.54769920e+14  5.66074013e+34  1.14981000e+01  9.81429621e-01  1.00856000e+01  9.53606549e-01  3.27927977e-01  5.53338596e-02  1.17943183e-01  2.47215572e+03 
 6.56562198e+14  5.71682485e+34  1.15031000e+01  9.87527546e-01  1.00996000e+01  9.59783386e-01  3.28714759e-01  5.48493443e-02  1.17722130e-01  2.39747934e+03 
 6.58354476e+14  5.77333220e+34  1.15091000e+01  9.93630591e-01  1.01136000e+01  9.65975886e-01  3.29440892e-01  5.43504504e-02  1.17502832e-01  2.32647700e+03 
 6.60146754e+14  5.83020011e+34  1.15141000e+01  9.99732062e-01  1.01276000e+01  9.72176946e-01  3.30219756e-01  5.38387790e-02  1.17269963e-01  2.25676870e+03 
 6.61939032e+14  5.88738101e+34  1.15191000e+01  1.00582628e+00  1.01416000e+01  9.78383097e-01  3.30993200e-01  5.33106038e-02  1.17031271e-01  2.18951610e+03 
 6.63731311e+14  5.94503731e+34  1.15241000e+01  1.01193013e+00  1.01556000e+01  9.84609602e-01  3.31764073e-01  5.27680730e-02  1.16786731e-01  2.12443935e+03 
 6.65523589e+14  6.00289228e+34  1.15291000e+01  1.01801398e+00  1.01686000e+01  9.90718323e-01  3.32527343e-01  5.24132427e-02  1.16536479e-01  2.06176229e+03 
 6.67315867e+14  6.06134217e+34  1.15341000e+01  1.02411965e+00  1.01826000e+01  9.96965475e-01  3.33290445e-01  5.18478886e-02  1.16280840e-01  2.00097476e+03 
 6.69108145e+14  6.11987160e+34  1.15391000e+01  1.03019220e+00  1.01956000e+01  1.00308770e+00  3.34043614e-01  5.14578546e-02  1.16019510e-01  1.94253031e+03 
 6.70900423e+14  6.17912023e+34  1.15441000e+01  1.03629842e+00  1.02086000e+01  1.00924263e+00  3.34798689e-01  5.10727764e-02  1.15752898e-01  1.88571680e+03 
 6.72692701e+14  6.23836886e+34  1.15491000e+01  1.04236346e+00  1.02226000e+01  1.01549287e+00  3.35542714e-01  5.04476481e-02  1.15481052e-01  1.83114999e+03 
 6.74484979e+14  6.29837689e+34  1.15541000e+01  1.04846458e+00  1.02356000e+01  1.02166817e+00  3.36288823e-01  5.00270096e-02  1.15203698e-01  1.77806077e+03 
 6.76277258e+14  6.35842937e+34  1.15591000e+01  1.05452907e+00  1.02486000e+01  1.02782467e+00  3.37024847e-01  4.95810993e-02  1.14921437e-01  1.72701756e+03 
 6.78069536e+14  6.41911742e+34  1.15641000e+01  1.06061624e+00  1.02616000e+01  1.03400835e+00  3.37760842e-01  4.91312219e-02  1.14634008e-01  1.67745043e+03 
 6.79861814e+14  6.47997882e+34  1.15691000e+01  1.06667953e+00  1.02736000e+01  1.04006626e+00  3.38489001e-01  4.88676734e-02  1.14341815e-01  1.62967700e+03 
 6.81654092e+14  6.54134689e+34  1.15731000e+01  1.07275143e+00  1.02866000e+01  1.04626005e+00  3.39273310e-01  4.83827864e-02  1.14036226e-01  1.58257473e+03 
 6.83446370e+14  6.60302226e+34  1.15781000e+01  1.07881222e+00  1.02996000e+01  1.05245606e+00  3.39993407e-01  4.78803035e-02  1.13791635e-01  1.53863606e+03 
 6.85238648e+14  6.66507026e+34  1.15831000e+01  1.08486822e+00  1.03116000e+01  1.05853794e+00  3.40709075e-01  4.75740752e-02  1.13484932e-01  1.49535971e+03 
 6.87030926e+14  6.72756460e+34  1.15881000e+01  1.09092582e+00  1.03246000e+01  1.06475259e+00  3.41421109e-01  4.70436789e-02  1.13173356e-01  1.45344181e+03 
 6.88823205e+14  6.79029231e+34  1.15931000e+01  1.09696459e+00  1.03366000e+01  1.07084177e+00  3.42126449e-01  4.67037704e-02  1.12857587e-01  1.41297345e+03 
 6.90615483e+14  6.85361059e+34  1.15971000e+01  1.10301843e+00  1.03486000e+01  1.07695272e+00  3.42889723e-01  4.63554453e-02  1.12528635e-01  1.37298123e+03 
 6.92407761e+14  6.91701768e+34  1.16021000e+01  1.10903877e+00  1.03606000e+01  1.08305059e+00  3.43584663e-01  4.59771378e-02  1.12260907e-01  1.33581498e+03 
 6.94200039e+14  6.98116482e+34  1.16071000e+01  1.11508764e+00  1.03726000e+01  1.08917832e+00  3.44280760e-01  4.55996238e-02  1.11931526e-01  1.29895593e+03 
 6.95992317e+14  7.04531196e+34  1.16111000e+01  1.12109480e+00  1.03846000e+01  1.09528329e+00  3.45025872e-01  4.51957321e-02  1.11589934e-01  1.26284062e+03 
 6.97784595e+14  7.11023172e+34  1.16161000e+01  1.12713236e+00  1.03966000e+01  1.10142056e+00  3.45713096e-01  4.47917468e-02  1.11308823e-01  1.22892418e+03 
 6.99576873e+14  7.17521262e+34  1.16211000e+01  1.13313387e+00  1.04086000e+01  1.10753859e+00  3.46390952e-01  4.43652720e-02  1.10967588e-01  1.19562397e+03 
 7.01369152e+14  7.24081558e+34  1.16251000e+01  1.13915053e+00  1.04196000e+01  1.11356062e+00  3.47127386e-01  4.41275354e-02  1.10613261e-01  1.16266199e+03 
 7.03161430e+14  7.30663507e+34  1.16301000e+01  1.14514515e+00  1.04316000e+01  1.11969550e+00  3.47797132e-01  4.36695502e-02  1.10320171e-01  1.13197765e+03 
 7.04953708e+14  7.37292051e+34  1.16341000e+01  1.15114042e+00  1.04426000e+01  1.12571632e+00  3.48523588e-01  4.34056024e-02  1.09958333e-01  1.10108025e+03 
 7.06745986e+14  7.43958341e+34  1.16391000e+01  1.15712760e+00  1.04546000e+01  1.13186436e+00  3.49185372e-01  4.29223301e-02  1.09657314e-01  1.07225162e+03 
 7.08538264e+14  7.50655046e+34  1.16431000e+01  1.16310023e+00  1.04656000e+01  1.13788720e+00  3.49901625e-01  4.26253268e-02  1.09288144e-01  1.04327513e+03 
 7.10330542e+14  7.57406154e+34  1.16481000e+01  1.16907939e+00  1.04766000e+01  1.14392384e+00  3.50555556e-01  4.23192842e-02  1.08979611e-01  1.01617630e+03 
 7.12122820e+14  7.64170924e+34  1.16521000e+01  1.17502862e+00  1.04876000e+01  1.14994642e+00  3.51261666e-01  4.19916812e-02  1.08603528e-01  9.88988176e+02 
 7.13915099e+14  7.71007322e+34  1.16571000e+01  1.18099872e+00  1.04986000e+01  1.15599459e+00  3.51907574e-01  4.16589367e-02  1.08287656e-01  9.63502428e+02 
 7.15707377e+14  7.77843720e+34  1.16611000e+01  1.18692684e+00  1.05096000e+01  1.16201920e+00  3.52604016e-01  4.13013722e-02  1.07960135e-01  9.38446765e+02 
 7.17499655e+14  7.84762205e+34  1.16651000e+01  1.19288393e+00  1.05206000e+01  1.16807574e+00  3.53301967e-01  4.09415756e-02  1.07573139e-01  9.13531677e+02 
 7.19291933e+14  7.91684361e+34  1.16701000e+01  1.19880217e+00  1.05316000e+01  1.17411102e+00  3.53930060e-01  4.05585185e-02  1.07247680e-01  8.90413148e+02 
 7.21084211e+14  7.98671146e+34  1.16741000e+01  1.20473346e+00  1.05426000e+01  1.18016571e+00  3.54617755e-01  4.01686245e-02  1.06909377e-01  8.67453815e+02 
 7.22876489e+14  8.05679524e+34  1.16781000e+01  1.21064137e+00  1.05526000e+01  1.18608428e+00  3.55298914e-01  3.99610307e-02  1.06513693e-01  8.44806446e+02 
 7.24668767e+14  8.12734472e+34  1.16831000e+01  1.21654607e+00  1.05636000e+01  1.19213613e+00  3.55915516e-01  3.95412195e-02  1.06178384e-01  8.23667932e+02 
 7.26461046e+14  8.19829533e+34  1.16871000e+01  1.22244261e+00  1.05736000e+01  1.19806327e+00  3.56588875e-01  3.93078171e-02  1.05831062e-01  8.02736347e+02 
 7.28253324e+14  8.26952493e+34  1.16911000e+01  1.22831998e+00  1.05836000e+01  1.20398738e+00  3.57256200e-01  3.90519112e-02  1.05480857e-01  7.82458525e+02 
 7.30045602e+14  8.34134692e+34  1.16951000e+01  1.23420443e+00  1.05946000e+01  1.21004651e+00  3.57921838e-01  3.86003344e-02  1.05127362e-01  7.62725641e+02 
 7.31837880e+14  8.41325506e+34  1.16991000e+01  1.24005397e+00  1.06046000e+01  1.21596247e+00  3.58579203e-01  3.83207908e-02  1.04771755e-01  7.43655727e+02 
 7.33630158e+14  8.48595293e+34  1.17031000e+01  1.24592565e+00  1.06146000e+01  1.22190451e+00  3.59237126e-01  3.80370989e-02  1.04412389e-01  7.25044007e+02 
 7.35422436e+14  8.55865080e+34  1.17071000e+01  1.25175540e+00  1.06246000e+01  1.22782178e+00  3.59885765e-01  3.77310191e-02  1.04051290e-01  7.07074419e+02 
 7.37214714e+14  8.63211608e+34  1.17111000e+01  1.25760457e+00  1.06346000e+01  1.23376299e+00  3.60534572e-01  3.74202471e-02  1.03686617e-01  6.89539257e+02 
 7.39006993e+14  8.70569431e+34  1.17151000e+01  1.26342083e+00  1.06436000e+01  1.23956111e+00  3.61175556e-01  3.72802075e-02  1.03320097e-01  6.72578552e+02 
 7.40799271e+14  8.77983896e+34  1.17191000e+01  1.26923983e+00  1.06536000e+01  1.24549510e+00  3.61814191e-01  3.69404639e-02  1.02950652e-01  6.56070219e+02 
 7.42591549e+14  8.85430195e+34  1.17231000e+01  1.27504222e+00  1.06636000e+01  1.25142044e+00  3.62447679e-01  3.65924372e-02  1.02579119e-01  6.40054371e+02 
 7.44383827e+14  8.92912397e+34  1.17271000e+01  1.28083036e+00  1.06726000e+01  1.25722048e+00  3.63076164e-01  3.64138438e-02  1.02205218e-01  6.24505866e+02 
 7.46176105e+14  9.00447611e+34  1.17311000e+01  1.28661794e+00  1.06826000e+01  1.26315062e+00  3.63701984e-01  3.60423073e-02  1.01828814e-01  6.09375156e+02 
 7.47968383e+14  9.07997334e+34  1.17351000e+01  1.29237458e+00  1.06916000e+01  1.26894154e+00  3.64320343e-01  3.58353455e-02  1.01450769e-01  5.94724259e+02 
 7.49760661e+14  9.15621896e+34  1.17381000e+01  1.29814671e+00  1.07016000e+01  1.27487570e+00  3.65000690e-01  3.54411151e-02  1.01112835e-01  5.80423266e+02 
 7.51552940e+14  9.23246457e+34  1.17421000e+01  1.30387716e+00  1.07106000e+01  1.28065785e+00  3.65610036e-01  3.52137545e-02  1.00730686e-01  5.66598817e+02 
 7.53345218e+14  9.30953254e+34  1.17461000e+01  1.30962728e+00  1.07196000e+01  1.28646745e+00  3.66219598e-01  3.49762411e-02  1.00345262e-01  5.53089178e+02 
 7.55137496e+14  9.38667591e+34  1.17491000e+01  1.31534167e+00  1.07286000e+01  1.29225231e+00  3.66883805e-01  3.47258472e-02  9.99494910e-02  5.39733133e+02 
 7.56929774e+14  9.46441872e+34  1.17531000e+01  1.32105871e+00  1.07376000e+01  1.29804710e+00  3.67483462e-01  3.44668664e-02  9.96125706e-02  5.27271255e+02 
 7.58722052e+14  9.54246408e+34  1.17571000e+01  1.32675643e+00  1.07466000e+01  1.30383411e+00  3.68077697e-01  3.41938134e-02  9.92221392e-02  5.14898964e+02 
 7.60514330e+14  9.62087920e+34  1.17601000e+01  1.33243957e+00  1.07556000e+01  1.30961660e+00  3.68729970e-01  3.39089009e-02  9.88721282e-02  5.02874622e+02 
 7.62306608e+14  9.69983073e+34  1.17641000e+01  1.33812028e+00  1.07636000e+01  1.31527373e+00  3.69316826e-01  3.38033320e-02  9.84779452e-02  4.91162422e+02 
 7.64098887e+14  9.77891550e+34  1.17671000e+01  1.34376891e+00  1.07726000e+01  1.32104409e+00  3.69959249e-01  3.34911093e-02  9.81245379e-02  4.79811089e+02 
 7.65891165e+14  9.85877735e+34  1.17711000e+01  1.34943154e+00  1.07816000e+01  1.32683347e+00  3.70538456e-01  3.31738756e-02  9.77266512e-02  4.68718777e+02 
 7.67683443e+14  9.93863921e+34  1.17741000e+01  1.35505316e+00  1.07896000e+01  1.33246448e+00  3.71172363e-01  3.30272526e-02  9.73699273e-02  4.57983843e+02 
 7.69475721e+14  1.00193053e+35  1.17781000e+01  1.36068967e+00  1.07986000e+01  1.33824780e+00  3.71742929e-01  3.26866002e-02  9.69690002e-02  4.47488665e+02 
 7.71267999e+14  1.01000815e+35  1.17811000e+01  1.36629294e+00  1.08066000e+01  1.34387857e+00  3.72369561e-01  3.25180028e-02  9.66086995e-02  4.37315334e+02 
 7.73060277e+14  1.01814156e+35  1.17841000e+01  1.37189357e+00  1.08146000e+01  1.34951479e+00  3.72993569e-01  3.23394414e-02  9.61958721e-02  4.27173993e+02 
 7.74852555e+14  1.02631103e+35  1.17881000e+01  1.37747772e+00  1.08236000e+01  1.35527744e+00  3.73549489e-01  3.19622738e-02  9.58417408e-02  4.17752658e+02 
 7.76644834e+14  1.03451094e+35  1.17911000e+01  1.38304179e+00  1.08316000e+01  1.36089799e+00  3.74163714e-01  3.17589799e-02  9.54768917e-02  4.08377452e+02 
 7.78437112e+14  1.04277266e+35  1.17941000e+01  1.38860674e+00  1.08396000e+01  1.36652637e+00  3.74775893e-01  3.15475887e-02  9.51099657e-02  3.99229003e+02 
 7.80229390e+14  1.05103875e+35  1.17971000e+01  1.39413377e+00  1.08476000e+01  1.37213080e+00  3.75380444e-01  3.13192985e-02  9.46929126e-02  3.90157471e+02 
 7.82021668e+14  1.05939310e+35  1.18011000e+01  1.39967879e+00  1.08556000e+01  1.37775709e+00  3.75921713e-01  3.10869997e-02  9.43327567e-02  3.81681801e+02 
 7.83813946e+14  1.06774746e+35  1.18041000e+01  1.40518303e+00  1.08636000e+01  1.38335695e+00  3.76518646e-01  3.08376113e-02  9.39628752e-02  3.73271300e+02 
 7.85606224e+14  1.07617243e+35  1.18071000e+01  1.41069291e+00  1.08706000e+01  1.38883779e+00  3.77114278e-01  3.07609411e-02  9.35908828e-02  3.65052819e+02 
 7.87398502e+14  1.08461981e+35  1.18101000e+01  1.41617705e+00  1.08786000e+01  1.39443118e+00  3.77704246e-01  3.04966486e-02  9.32183734e-02  3.57067247e+02 
 7.89190781e+14  1.09311069e+35  1.18131000e+01  1.42164848e+00  1.08866000e+01  1.40002493e+00  3.78290221e-01  3.02165946e-02  9.28445788e-02  3.49287630e+02 
 7.90983059e+14  1.10165148e+35  1.18161000e+01  1.42711152e+00  1.08936000e+01  1.40548749e+00  3.78872942e-01  3.01054040e-02  9.24694532e-02  3.41702298e+02 
 7.92775337e+14  1.11020789e+35  1.18191000e+01  1.43254436e+00  1.09016000e+01  1.41105926e+00  3.79449441e-01  2.98073262e-02  9.20941836e-02  3.34335294e+02 
 7.94567615e+14  1.11884248e+35  1.18221000e+01  1.43798609e+00  1.09086000e+01  1.41651762e+00  3.80025064e-01  2.96758871e-02  9.17167452e-02  3.27127259e+02 
 7.96359893e+14  1.12747706e+35  1.18251000e+01  1.44338781e+00  1.09156000e+01  1.42194529e+00  3.80593132e-01  2.95338645e-02  9.13397393e-02  3.20137895e+02 
 7.98152171e+14  1.13619282e+35  1.18281000e+01  1.44879994e+00  1.09236000e+01  1.42752045e+00  3.81160664e-01  2.92092053e-02  9.09606732e-02  3.13296027e+02 
 7.99944449e+14  1.14492157e+35  1.18301000e+01  1.45417979e+00  1.09306000e+01  1.43294650e+00  3.81786143e-01  2.90432075e-02  9.05717946e-02  3.06487596e+02 
 8.01736728e+14  1.15370249e+35  1.18331000e+01  1.45955178e+00  1.09376000e+01  1.43837017e+00  3.82344143e-01  2.88713456e-02  9.02395926e-02  3.00165407e+02 
 8.03529006e+14  1.16252577e+35  1.18361000e+01  1.46490973e+00  1.09446000e+01  1.44378782e+00  3.82898244e-01  2.86903812e-02  8.98585854e-02  2.93843958e+02 
 8.05321284e+14  1.17137147e+35  1.18391000e+01  1.47024137e+00  1.09516000e+01  1.44919002e+00  3.83446735e-01  2.84968382e-02  8.94774957e-02  2.87695091e+02 
 8.07113562e+14  1.18028965e+35  1.18411000e+01  1.47557679e+00  1.09586000e+01  1.45460186e+00  3.84058699e-01  2.82969073e-02  8.90850349e-02  2.81529755e+02 
 8.08905840e+14  1.18920783e+35  1.18441000e+01  1.48087253e+00  1.09656000e+01  1.45998698e+00  3.84598444e-01  2.80820487e-02  8.87503701e-02  2.75842064e+02 
 8.10698118e+14  1.19821314e+35  1.18471000e+01  1.48618021e+00  1.09726000e+01  1.46538848e+00  3.85137949e-01  2.78626450e-02  8.83663576e-02  2.70120926e+02 
 8.12490396e+14  1.20722658e+35  1.18491000e+01  1.49145337e+00  1.09796000e+01  1.47076342e+00  3.85736005e-01  2.76351585e-02  8.80201050e-02  2.64562742e+02 
 8.14282675e+14  1.21629619e+35  1.18521000e+01  1.49671958e+00  1.09856000e+01  1.47600933e+00  3.86266096e-01  2.75677906e-02  8.76355918e-02  2.59133311e+02 
 8.16074953e+14  1.22540524e+35  1.18541000e+01  1.50196927e+00  1.09926000e+01  1.48138123e+00  3.86857332e-01  2.73166483e-02  8.72409027e-02  2.53703361e+02 
 8.17867231e+14  1.23453872e+35  1.18571000e+01  1.50719399e+00  1.09986000e+01  1.48660039e+00  3.87378191e-01  2.72327099e-02  8.69028372e-02  2.48684651e+02 
 8.19659509e+14  1.24374373e+35  1.18591000e+01  1.51242009e+00  1.10056000e+01  1.49196498e+00  3.87962747e-01  2.69637962e-02  8.65069536e-02  2.43509473e+02 
 8.21451787e+14  1.25294873e+35  1.18621000e+01  1.51760739e+00  1.10116000e+01  1.49716475e+00  3.88474916e-01  2.68591355e-02  8.61682079e-02  2.38740545e+02 
 8.23244065e+14  1.26224194e+35  1.18641000e+01  1.52280499e+00  1.10186000e+01  1.50251766e+00  3.89052183e-01  2.65721407e-02  8.58175854e-02  2.33936077e+02 
 8.25036343e+14  1.27154324e+35  1.18671000e+01  1.52796845e+00  1.10246000e+01  1.50770940e+00  3.89557586e-01  2.64497100e-02  8.54315422e-02  2.29264966e+02 
 8.26828622e+14  1.28089976e+35  1.18691000e+01  1.53312365e+00  1.10306000e+01  1.51290002e+00  3.90125832e-01  2.63191724e-02  8.50808107e-02  2.24699979e+02 
 8.28620900e+14  1.29029770e+35  1.18711000e+01  1.53826292e+00  1.10366000e+01  1.51808304e+00  3.90690307e-01  2.61792084e-02  8.47296736e-02  2.20244904e+02 
 8.30413178e+14  1.29971705e+35  1.18741000e+01  1.54337526e+00  1.10426000e+01  1.52324935e+00  3.91183623e-01  2.60276381e-02  8.43432327e-02  2.15905873e+02 
 8.32205456e+14  1.30921196e+35  1.18761000e+01  1.54848988e+00  1.10486000e+01  1.52842576e+00  3.91741431e-01  2.58670800e-02  8.39910980e-02  2.11655236e+02 
 8.33997734e+14  1.31870687e+35  1.18781000e+01  1.55356628e+00  1.10546000e+01  1.53357269e+00  3.92292580e-01  2.56972865e-02  8.36399574e-02  2.07523909e+02 
 8.35790012e+14  1.32828587e+35  1.18801000e+01  1.55864925e+00  1.10606000e+01  1.53872986e+00  3.92843072e-01  2.55238896e-02  8.32873347e-02  2.03472561e+02 
 8.37582290e+14  1.33787808e+35  1.18821000e+01  1.56370098e+00  1.10666000e+01  1.54386683e+00  3.93387802e-01  2.53382662e-02  8.28905103e-02  1.99420895e+02 
 8.39374569e+14  1.34751927e+35  1.18851000e+01  1.56874027e+00  1.10726000e+01  1.54899987e+00  3.93862998e-01  2.51432956e-02  8.25481552e-02  1.95674725e+02 
 8.41166847e+14  1.35720910e+35  1.18871000e+01  1.57376694e+00  1.10786000e+01  1.55412786e+00  3.94401194e-01  2.49403347e-02  8.21955385e-02  1.91908461e+02 
 8.42959125e+14  1.36691196e+35  1.18891000e+01  1.57876249e+00  1.10836000e+01  1.55909895e+00  3.94933716e-01  2.48948711e-02  8.18436506e-02  1.88241025e+02 
 8.44751403e+14  1.37669972e+35  1.18911000e+01  1.58376408e+00  1.10896000e+01  1.56421285e+00  3.95465623e-01  2.46808564e-02  8.14905058e-02  1.84643108e+02 
 8.46543681e+14  1.38648748e+35  1.18931000e+01  1.58872779e+00  1.10956000e+01  1.56930396e+00  3.95990900e-01  2.44499487e-02  8.11384599e-02  1.81143617e+02 
 8.48335959e+14  1.39634975e+35  1.18951000e+01  1.59369180e+00  1.11006000e+01  1.57426059e+00  3.96514816e-01  2.43860623e-02  8.07855337e-02  1.77713644e+02 
 8.50128237e+14  1.40623576e+35  1.18971000e+01  1.59863007e+00  1.11066000e+01  1.57934103e+00  3.97033751e-01  2.41396720e-02  8.04330836e-02  1.74368798e+02 
 8.51920516e+14  1.41615895e+35  1.18981000e+01  1.60354973e+00  1.11116000e+01  1.58427049e+00  3.97615689e-01  2.40568095e-02  8.00709663e-02  1.71009154e+02 
 8.53712794e+14  1.42614351e+35  1.19001000e+01  1.60846229e+00  1.11166000e+01  1.58920313e+00  3.98128370e-01  2.39618671e-02  7.97616814e-02  1.67904108e+02 
 8.55505072e+14  1.43612807e+35  1.19021000e+01  1.61333800e+00  1.11226000e+01  1.59424225e+00  3.98634844e-01  2.36940720e-02  7.94101867e-02  1.64791859e+02 
 8.57297350e+14  1.44621051e+35  1.19041000e+01  1.61822435e+00  1.11276000e+01  1.59915911e+00  3.99141269e-01  2.35886284e-02  7.90572518e-02  1.61733232e+02 
 8.59089628e+14  1.45629392e+35  1.19061000e+01  1.62307425e+00  1.11326000e+01  1.60404979e+00  3.99641481e-01  2.34718988e-02  7.87056590e-02  1.58755955e+02 
 8.60881906e+14  1.46643650e+35  1.19081000e+01  1.62791571e+00  1.11376000e+01  1.60893878e+00  4.00139157e-01  2.33478119e-02  7.83537872e-02  1.55840800e+02 
 8.62674184e+14  1.47661905e+35  1.19091000e+01  1.63273942e+00  1.11426000e+01  1.61381993e+00  4.00700350e-01  2.32127422e-02  7.80349362e-02  1.52991669e+02 
 8.64466463e+14  1.48682119e+35  1.19111000e+01  1.63753597e+00  1.11476000e+01  1.61868045e+00  4.01189426e-01  2.30710360e-02  7.76841059e-02  1.50212356e+02 
 8.66258741e+14  1.49710317e+35  1.19131000e+01  1.64233360e+00  1.11526000e+01  1.62354581e+00  4.01677269e-01  2.29256499e-02  7.73325365e-02  1.47484942e+02 
 8.68051019e+14  1.50738516e+35  1.19141000e+01  1.64709499e+00  1.11576000e+01  1.62838363e+00  4.02226576e-01  2.27712443e-02  7.70147983e-02  1.44829001e+02 
 8.69843297e+14  1.51774600e+35  1.19161000e+01  1.65185645e+00  1.11626000e+01  1.63322893e+00  4.02707007e-01  2.26087739e-02  7.66638866e-02  1.42222528e+02 
 8.71635575e+14  1.52812770e+35  1.19171000e+01  1.65659138e+00  1.11676000e+01  1.63805629e+00  4.03250318e-01  2.24373833e-02  7.63459679e-02  1.39678776e+02 
 8.73427853e+14  1.53854723e+35  1.19191000e+01  1.66130754e+00  1.11716000e+01  1.64273437e+00  4.03722233e-01  2.24215324e-02  7.59963883e-02  1.37191900e+02 
 8.75220131e+14  1.54902892e+35  1.19201000e+01  1.66601602e+00  1.11766000e+01  1.64754720e+00  4.04259675e-01  2.22379208e-02  7.56367937e-02  1.34680625e+02 
 8.77012410e+14  1.55951062e+35  1.19221000e+01  1.67068885e+00  1.11816000e+01  1.65233330e+00  4.04723437e-01  2.20452124e-02  7.53302412e-02  1.32380395e+02 
 8.78804688e+14  1.57008848e+35  1.19231000e+01  1.67536868e+00  1.11856000e+01  1.65699452e+00  4.05254695e-01  2.20082456e-02  7.50124616e-02  1.30045632e+02 
 8.80596966e+14  1.58067044e+35  1.19251000e+01  1.68001503e+00  1.11906000e+01  1.66176577e+00  4.05712503e-01  2.18039246e-02  7.46646646e-02  1.27769683e+02 
 8.82389244e+14  1.59130603e+35  1.19261000e+01  1.68464926e+00  1.11946000e+01  1.66639686e+00  4.06235490e-01  2.17503235e-02  7.43481974e-02  1.25540420e+02 
 8.84181522e+14  1.60198853e+35  1.19281000e+01  1.68926886e+00  1.11986000e+01  1.67101560e+00  4.06687314e-01  2.16946272e-02  7.40008921e-02  1.23358140e+02 
 8.85973800e+14  1.61268123e+35  1.19291000e+01  1.69385755e+00  1.12036000e+01  1.67575547e+00  4.07202095e-01  2.14627836e-02  7.36858350e-02  1.21228954e+02 
 8.87766078e+14  1.62346451e+35  1.19301000e+01  1.69845022e+00  1.12076000e+01  1.68036034e+00  4.07716310e-01  2.13933623e-02  7.33698642e-02  1.19135831e+02 
 8.89558357e+14  1.63424780e+35  1.19321000e+01  1.70300801e+00  1.12116000e+01  1.68493924e+00  4.08156519e-01  2.13143755e-02  7.30247240e-02  1.17095248e+02 
 8.91350635e+14  1.64509802e+35  1.19331000e+01  1.70755924e+00  1.12166000e+01  1.68965662e+00  4.08663113e-01  2.10685126e-02  7.27100386e-02  1.15093359e+02 
 8.93142913e+14  1.65598235e+35  1.19341000e+01  1.71208990e+00  1.12206000e+01  1.69422546e+00  4.09165894e-01  2.09713614e-02  7.23958839e-02  1.13135211e+02 
 8.94935191e+14  1.66688865e+35  1.19351000e+01  1.71659540e+00  1.12246000e+01  1.69877261e+00  4.09664459e-01  2.08711245e-02  7.20827096e-02  1.11221838e+02 
 8.96727469e+14  1.67787428e+35  1.19361000e+01  1.72109921e+00  1.12286000e+01  1.70332294e+00  4.10161689e-01  2.07658341e-02  7.17689918e-02  1.09342233e+02 
 8.98519747e+14  1.68885991e+35  1.19381000e+01  1.72556878e+00  1.12326000e+01  1.70784766e+00  4.10584695e-01  2.06515539e-02  7.14268695e-02  1.07508965e+02 
 9.00312025e+14  1.69992317e+35  1.19391000e+01  1.73003569e+00  1.12366000e+01  1.71237469e+00  4.11074989e-01  2.05322504e-02  7.11143620e-02  1.05708116e+02 
 9.02104304e+14  1.71101035e+35  1.19401000e+01  1.73447823e+00  1.12406000e+01  1.71688475e+00  4.11561132e-01  2.04053745e-02  7.08027987e-02  1.03947573e+02 
 9.03896582e+14  1.72212859e+35  1.19411000e+01  1.73889932e+00  1.12446000e+01  1.72138040e+00  4.12043498e-01  2.02713582e-02  7.04920146e-02  1.02225158e+02 
 9.05688860e+14  1.73331755e+35  1.19421000e+01  1.74331470e+00  1.12486000e+01  1.72587554e+00  4.12524062e-01  2.01321577e-02  7.01810272e-02  1.00533929e+02 
 9.07481138e+14  1.74450651e+35  1.19431000e+01  1.74769669e+00  1.12516000e+01  1.73020116e+00  4.12999465e-01  2.01480000e-02  6.98716847e-02  9.88836794e+01 
 9.09273416e+14  1.75578108e+35  1.19441000e+01  1.75207840e+00  1.12556000e+01  1.73467549e+00  4.13473676e-01  1.99956359e-02  6.95617598e-02  9.72609299e+01 
 9.11065694e+14  1.76707206e+35  1.19451000e+01  1.75643309e+00  1.12596000e+01  1.73913026e+00  4.13943462e-01  1.98358737e-02  6.92530454e-02  9.56749308e+01 
 9.12857972e+14  1.77840048e+35  1.19461000e+01  1.76076907e+00  1.12626000e+01  1.74342960e+00  4.14409914e-01  1.98306708e-02  6.89450680e-02  9.41218186e+01 
 9.14650251e+14  1.78979369e+35  1.19471000e+01  1.76509662e+00  1.12666000e+01  1.74786767e+00  4.14874242e-01  1.96606858e-02  6.86371254e-02  9.25971328e+01 
 9.16442529e+14  1.80118691e+35  1.19471000e+01  1.76939116e+00  1.12706000e+01  1.75228210e+00  4.15402961e-01  1.94813189e-02  6.83209889e-02  9.10575069e+01 
 9.18234807e+14  1.81267095e+35  1.19481000e+01  1.77368716e+00  1.12736000e+01  1.75655741e+00  4.15861410e-01  1.94596838e-02  6.80524871e-02  8.96440606e+01 
 9.20027085e+14  1.82416663e+35  1.19491000e+01  1.77795456e+00  1.12776000e+01  1.76095641e+00  4.16315221e-01  1.92688183e-02  6.77468925e-02  8.82125652e+01 
 9.21819363e+14  1.83570332e+35  1.19501000e+01  1.78220475e+00  1.12806000e+01  1.76519932e+00  4.16765959e-01  1.92333719e-02  6.74420439e-02  8.68098114e+01 
 9.23611641e+14  1.84730168e+35  1.19511000e+01  1.78644496e+00  1.12836000e+01  1.76944112e+00  4.17214369e-01  1.91882778e-02  6.71373680e-02  8.54326526e+01 
 9.25403919e+14  1.85890004e+35  1.19521000e+01  1.79065302e+00  1.12876000e+01  1.77379632e+00  4.17657882e-01  1.89827970e-02  6.68344282e-02  8.40877059e+01 
 9.27196198e+14  1.87059156e+35  1.19521000e+01  1.79486259e+00  1.12906000e+01  1.77801547e+00  4.18170541e-01  1.89300836e-02  6.65588447e-02  8.27635707e+01 
 9.28988476e+14  1.88229281e+35  1.19531000e+01  1.79904352e+00  1.12936000e+01  1.78221385e+00  4.18608764e-01  1.88691957e-02  6.62567678e-02  8.14691244e+01 
 9.30780754e+14  1.89403573e+35  1.19541000e+01  1.80320723e+00  1.12966000e+01  1.78640335e+00  4.19043835e-01  1.87995260e-02  6.59554139e-02  8.02001264e+01 
 9.32573032e+14  1.90584008e+35  1.19541000e+01  1.80736100e+00  1.13006000e+01  1.79072637e+00  4.19546949e-01  1.85729853e-02  6.56818742e-02  7.89539390e+01 
 9.34365310e+14  1.91764442e+35  1.19551000e+01  1.81148313e+00  1.13036000e+01  1.79488350e+00  4.19975093e-01  1.84946550e-02  6.53824729e-02  7.77363814e+01 
 9.36157588e+14  1.92954131e+35  1.19561000e+01  1.81560590e+00  1.13066000e+01  1.79904532e+00  4.20402314e-01  1.84122518e-02  6.50826930e-02  7.65373920e+01 
 9.37949866e+14  1.94144895e+35  1.19561000e+01  1.81970095e+00  1.13096000e+01  1.80318619e+00  4.20895606e-01  1.83231247e-02  6.48115250e-02  7.53647391e+01 
 9.39742145e+14  1.95339595e+35  1.19571000e+01  1.82377821e+00  1.13126000e+01  1.80731504e+00  4.21315415e-01  1.82282344e-02  6.45139926e-02  7.42149662e+01 
 9.41534423e+14  1.96540708e+35  1.19571000e+01  1.82784613e+00  1.13156000e+01  1.81143949e+00  4.21803674e-01  1.81284953e-02  6.42436415e-02  7.30852384e+01 
 9.43326701e+14  1.97741821e+35  1.19581000e+01  1.83188305e+00  1.13186000e+01  1.81553988e+00  4.22216737e-01  1.80219196e-02  6.39480709e-02  7.19810221e+01 
 9.45118979e+14  1.98951823e+35  1.19581000e+01  1.83591884e+00  1.13216000e+01  1.81964326e+00  4.22699388e-01  1.79113648e-02  6.36789204e-02  7.08936903e+01 
 9.46911257e+14  2.00163304e+35  1.19591000e+01  1.83992877e+00  1.13246000e+01  1.82372713e+00  4.23107332e-01  1.77946077e-02  6.33844738e-02  6.98294638e+01 
 9.48703535e+14  2.01378182e+35  1.19591000e+01  1.84391928e+00  1.13266000e+01  1.82765529e+00  4.23582836e-01  1.78254473e-02  6.31174538e-02  6.87861205e+01 
 9.50495813e+14  2.02600049e+35  1.19601000e+01  1.84790232e+00  1.13296000e+01  1.83171930e+00  4.23985761e-01  1.77021382e-02  6.28242152e-02  6.77601640e+01 
 9.52288092e+14  2.03821916e+35  1.19601000e+01  1.85185489e+00  1.13326000e+01  1.83576214e+00  4.24455042e-01  1.75695703e-02  6.25588968e-02  6.67569902e+01 
 9.54080370e+14  2.05051995e+35  1.19601000e+01  1.85580365e+00  1.13346000e+01  1.83966369e+00  4.24923039e-01  1.75848866e-02  6.22933585e-02  6.57694260e+01 
 9.55872648e+14  2.06284266e+35  1.19611000e+01  1.85972931e+00  1.13376000e+01  1.84369076e+00  4.25316341e-01  1.74413578e-02  6.20029870e-02  6.48019272e+01 
 9.57664926e+14  2.07519082e+35  1.19611000e+01  1.86363327e+00  1.13406000e+01  1.84769747e+00  4.25777403e-01  1.72972745e-02  6.17397282e-02  6.38537532e+01 
 9.59457204e+14  2.08761774e+35  1.19611000e+01  1.86753201e+00  1.13426000e+01  1.85156494e+00  4.26236969e-01  1.72965422e-02  6.14763304e-02  6.29204255e+01 
 9.61249482e+14  2.10004466e+35  1.19621000e+01  1.87140123e+00  1.13456000e+01  1.85554768e+00  4.26620968e-01  1.71421176e-02  6.11889665e-02  6.20074814e+01 
 9.63041760e+14  2.11254374e+35  1.19621000e+01  1.87526306e+00  1.13476000e+01  1.85938885e+00  4.27074503e-01  1.71307724e-02  6.09273300e-02  6.11092112e+01 
 9.64834039e+14  2.12507504e+35  1.19621000e+01  1.87910553e+00  1.13506000e+01  1.86335477e+00  4.27525035e-01  1.69670089e-02  6.06666495e-02  6.02281715e+01 
 9.66626317e+14  2.13762004e+35  1.19621000e+01  1.88292271e+00  1.13526000e+01  1.86716251e+00  4.27971738e-01  1.69445850e-02  6.04072349e-02  5.93652098e+01 
 9.68418595e+14  2.15025588e+35  1.19631000e+01  1.88673843e+00  1.13556000e+01  1.87111132e+00  4.28345909e-01  1.67717743e-02  6.01224405e-02  5.85147249e+01 
 9.70210873e+14  2.16289171e+35  1.19631000e+01  1.89052491e+00  1.13576000e+01  1.87489792e+00  4.28787376e-01  1.67400134e-02  5.98644576e-02  5.76825001e+01 
 9.72003151e+14  2.17558650e+35  1.19631000e+01  1.89430021e+00  1.13596000e+01  1.87867443e+00  4.29226805e-01  1.67073817e-02  5.96069039e-02  5.68642842e+01 
 9.73795429e+14  2.18832702e+35  1.19631000e+01  1.89806027e+00  1.13626000e+01  1.88258325e+00  4.29663683e-01  1.65200215e-02  5.93500297e-02  5.60606323e+01 
 9.75587707e+14  2.20106755e+35  1.19631000e+01  1.90179170e+00  1.13646000e+01  1.88632638e+00  4.30096455e-01  1.64773226e-02  5.90947559e-02  5.52740447e+01 
 9.77379986e+14  2.21391161e+35  1.19631000e+01  1.90552463e+00  1.13666000e+01  1.89007864e+00  4.30528551e-01  1.64266815e-02  5.88389810e-02  5.44978483e+01 
 9.79172264e+14  2.22675697e+35  1.19631000e+01  1.90922968e+00  1.13686000e+01  1.89380444e+00  4.30956713e-01  1.63750791e-02  5.85848264e-02  5.37379766e+01 
 9.80964542e+14  2.23964476e+35  1.19631000e+01  1.91291864e+00  1.13706000e+01  1.89751895e+00  4.31382241e-01  1.63187927e-02  5.83314415e-02  5.29916275e+01 
 9.82756820e+14  2.25259511e+35  1.19631000e+01  1.91659730e+00  1.13726000e+01  1.90122749e+00  4.31805810e-01  1.62582869e-02  5.80784392e-02  5.22573783e+01 
 9.84549098e+14  2.26554546e+35  1.19631000e+01  1.92024796e+00  1.13756000e+01  1.90505718e+00  4.32225386e-01  1.60431253e-02  5.78270452e-02  5.15384654e+01 
 9.86341376e+14  2.27858126e+35  1.19631000e+01  1.92389473e+00  1.13776000e+01  1.90874343e+00  4.32643747e-01  1.59736154e-02  5.75756081e-02  5.08298769e+01 
 9.88133654e+14  2.29163674e+35  1.19631000e+01  1.92751920e+00  1.13796000e+01  1.91241245e+00  4.33058788e-01  1.58992764e-02  5.73254051e-02  5.01349531e+01 
 9.89925933e+14  2.30471471e+35  1.19631000e+01  1.93112228e+00  1.13816000e+01  1.91606508e+00  4.33470618e-01  1.58201829e-02  5.70763821e-02  4.94532234e+01 
 9.91718211e+14  2.31787544e+35  1.19631000e+01  1.93472059e+00  1.13836000e+01  1.91971677e+00  4.33881142e-01  1.57374513e-02  5.68273999e-02  4.87813219e+01 
 9.93510489e+14  2.33103617e+35  1.19631000e+01  1.93829151e+00  1.13846000e+01  1.92320276e+00  4.34287787e-01  1.57978736e-02  5.65800297e-02  4.81232275e+01 
 9.95302767e+14  2.34426084e+35  1.19631000e+01  1.94185247e+00  1.13866000e+01  1.92682667e+00  4.34692542e-01  1.57059208e-02  5.63330727e-02  4.74754755e+01 
 9.97095045e+14  2.35752696e+35  1.19631000e+01  1.94539744e+00  1.13886000e+01  1.93043909e+00  4.35094726e-01  1.56097689e-02  5.60869559e-02  4.68389573e+01 
 9.98887323e+14  2.37079307e+35  1.19631000e+01  1.94891545e+00  1.13906000e+01  1.93402973e+00  4.35493104e-01  1.55088236e-02  5.58424471e-02  4.62153768e+01 
 1.00067960e+15  2.38416381e+35  1.19631000e+01  1.95243427e+00  1.13926000e+01  1.93762393e+00  4.35890835e-01  1.54054143e-02  5.55976312e-02  4.55996203e+01 
 1.00247188e+15  2.39753543e+35  1.19621000e+01  1.95592668e+00  1.13936000e+01  1.94104972e+00  4.36357846e-01  1.54479255e-02  5.53775818e-02  4.49962849e+01 
 1.00426416e+15  2.41094599e+35  1.19621000e+01  1.95940248e+00  1.13956000e+01  1.94461115e+00  4.36749286e-01  1.53348107e-02  5.51351561e-02  4.44033632e+01 
 1.00605644e+15  2.42442323e+35  1.19621000e+01  1.96286902e+00  1.13976000e+01  1.94816722e+00  4.37138941e-01  1.52181480e-02  5.48931360e-02  4.38194536e+01 
 1.00784871e+15  2.43790047e+35  1.19621000e+01  1.96630940e+00  1.13996000e+01  1.95169770e+00  4.37524982e-01  1.51015449e-02  5.46527549e-02  4.32472307e+01 
 1.00964099e+15  2.45145568e+35  1.19621000e+01  1.96974321e+00  1.14006000e+01  1.95508568e+00  4.37909483e-01  1.51235145e-02  5.44125588e-02  4.26831645e+01 
 1.01143327e+15  2.46503866e+35  1.19611000e+01  1.97315792e+00  1.14026000e+01  1.95860307e+00  4.38364415e-01  1.49948066e-02  5.41961316e-02  4.21291843e+01 
 1.01322555e+15  2.47863201e+35  1.19611000e+01  1.97654946e+00  1.14036000e+01  1.96195339e+00  4.38742850e-01  1.50126159e-02  5.39584000e-02  4.15857577e+01 
 1.01501783e+15  2.49232083e+35  1.19611000e+01  1.97993871e+00  1.14056000e+01  1.96545352e+00  4.39120231e-01  1.48763540e-02  5.37205711e-02  4.10493109e+01 
 1.01681010e+15  2.50600964e+35  1.19601000e+01  1.98330240e+00  1.14066000e+01  1.96878405e+00  4.39567615e-01  1.48863887e-02  5.35067431e-02  4.05234363e+01 
 1.01860238e+15  2.51974618e+35  1.19601000e+01  1.98665201e+00  1.14086000e+01  1.97225330e+00  4.39939193e-01  1.47421843e-02  5.32711899e-02  4.00060638e+01 
 1.02039466e+15  2.53354093e+35  1.19601000e+01  1.98999047e+00  1.14096000e+01  1.97556651e+00  4.40308872e-01  1.47446000e-02  5.30362676e-02  3.94966628e+01 
 1.02218694e+15  2.54733569e+35  1.19591000e+01  1.99330343e+00  1.14116000e+01  1.97900756e+00  4.40748657e-01  1.45928376e-02  5.28249899e-02  3.89971811e+01 
 1.02397922e+15  2.56121470e+35  1.19591000e+01  1.99661151e+00  1.14126000e+01  1.98229847e+00  4.41113590e-01  1.45875737e-02  5.25917293e-02  3.85044093e+01 
 1.02577150e+15  2.57511549e+35  1.19581000e+01  1.99989959e+00  1.14146000e+01  1.98571936e+00  4.41549432e-01  1.44319916e-02  5.23815838e-02  3.80204235e+01 
 1.02756377e+15  2.58903011e+35  1.19581000e+01  2.00316594e+00  1.14156000e+01  1.98898002e+00  4.41908346e-01  1.44157321e-02  5.21507805e-02  3.75452902e+01 
 1.02935605e+15  2.60303702e+35  1.19581000e+01  2.00642913e+00  1.14166000e+01  1.99223787e+00  4.42266239e-01  1.43992653e-02  5.19200541e-02  3.70762069e+01 
 1.03114833e+15  2.61704394e+35  1.19571000e+01  2.00966759e+00  1.14176000e+01  1.99547520e+00  4.42694760e-01  1.43788493e-02  5.17125322e-02  3.66161223e+01 
 1.03294061e+15  2.63109947e+35  1.19571000e+01  2.01289248e+00  1.14196000e+01  1.99885182e+00  4.43047025e-01  1.42059618e-02  5.14840418e-02  3.61632479e+01 
 1.03473289e+15  2.64521259e+35  1.19561000e+01  2.01610624e+00  1.14206000e+01  2.00207202e+00  4.43471617e-01  1.41785183e-02  5.12776671e-02  3.57171882e+01 
 1.03652516e+15  2.65932571e+35  1.19561000e+01  2.01929566e+00  1.14216000e+01  2.00527205e+00  4.43818712e-01  1.41471395e-02  5.10513211e-02  3.52795880e+01 
 1.03831744e+15  2.67352138e+35  1.19551000e+01  2.02247943e+00  1.14226000e+01  2.00846975e+00  4.44238811e-01  1.41126316e-02  5.08464883e-02  3.48477585e+01 
 1.04010972e+15  2.68774079e+35  1.19551000e+01  2.02564425e+00  1.14236000e+01  2.01165567e+00  4.44581829e-01  1.40711552e-02  5.06214601e-02  3.44233581e+01 
 1.04190200e+15  2.70196946e+35  1.19541000e+01  2.02878726e+00  1.14256000e+01  2.01496633e+00  4.44996272e-01  1.38847767e-02  5.04189485e-02  3.40066650e+01 
 1.04369428e+15  2.71629522e+35  1.19531000e+01  2.03192781e+00  1.14266000e+01  2.01813200e+00  4.45409893e-01  1.38400220e-02  5.02163032e-02  3.35949893e+01 
 1.04548655e+15  2.73062099e+35  1.19531000e+01  2.03504460e+00  1.14276000e+01  2.02127788e+00  4.45745768e-01  1.37915806e-02  4.99941130e-02  3.31910013e+01 
 1.04727883e+15  2.74498815e+35  1.19521000e+01  2.03814674e+00  1.14286000e+01  2.02441272e+00  4.46154031e-01  1.37398486e-02  4.97936630e-02  3.27933889e+01 
 1.04907111e+15  2.75942034e+35  1.19521000e+01  2.04123937e+00  1.14296000e+01  2.02754147e+00  4.46485962e-01  1.36849216e-02  4.95728365e-02  3.24013835e+01 
 1.05086339e+15  2.77385254e+35  1.19511000e+01  2.04430863e+00  1.14306000e+01  2.03065070e+00  4.46889483e-01  1.36265258e-02  4.93742092e-02  3.20166307e+01 
 1.05265567e+15  2.78835737e+35  1.19501000e+01  2.04737001e+00  1.14316000e+01  2.03375534e+00  4.47291593e-01  1.35651239e-02  4.91758471e-02  3.16370689e+01 
 1.05444795e+15  2.80289606e+35  1.19501000e+01  2.05041536e+00  1.14326000e+01  2.03684751e+00  4.47616481e-01  1.35004546e-02  4.89578429e-02  3.12636099e+01 
 1.05624022e+15  2.81743475e+35  1.19491000e+01  2.05343771e+00  1.14336000e+01  2.03992043e+00  4.48013221e-01  1.34324647e-02  4.87617715e-02  3.08969899e+01 
 1.05803250e+15  2.83207642e+35  1.19481000e+01  2.05645848e+00  1.14346000e+01  2.04299478e+00  4.48409227e-01  1.33617196e-02  4.85655269e-02  3.05345133e+01 
 1.05982478e+15  2.84672165e+35  1.19481000e+01  2.05945717e+00  1.14346000e+01  2.04590581e+00  4.48727182e-01  1.34294278e-02  4.83503390e-02  3.01785470e+01 
 1.06161706e+15  2.86139271e+35  1.19471000e+01  2.06243863e+00  1.14356000e+01  2.04894384e+00  4.49117877e-01  1.33562818e-02  4.81564717e-02  2.98284275e+01 
 1.06340934e+15  2.87614455e+35  1.19461000e+01  2.06541374e+00  1.14366000e+01  2.05198289e+00  4.49507275e-01  1.32761024e-02  4.79627471e-02  2.94827406e+01 
 1.06520161e+15  2.89089639e+35  1.19451000e+01  2.06836640e+00  1.14376000e+01  2.05500303e+00  4.49893742e-01  1.31928168e-02  4.77703645e-02  2.91432856e+01 
 1.06699389e+15  2.90570252e+35  1.19451000e+01  2.07130757e+00  1.14386000e+01  2.05801487e+00  4.50203030e-01  1.31066755e-02  4.75586220e-02  2.88086976e+01 
 1.06878617e+15  2.92056102e+35  1.19441000e+01  2.07423690e+00  1.14386000e+01  2.06087301e+00  4.50585847e-01  1.31587649e-02  4.73674638e-02  2.84789441e+01 
 1.07057845e+15  2.93541951e+35  1.19431000e+01  2.07714431e+00  1.14396000e+01  2.06385368e+00  4.50965864e-01  1.30706966e-02  4.71776609e-02  2.81550805e+01 
 1.07237073e+15  2.95035983e+35  1.19421000e+01  2.08004555e+00  1.14406000e+01  2.06683536e+00  4.51344615e-01  1.29758337e-02  4.69880073e-02  2.78352227e+01 
 1.07416301e+15  2.96532502e+35  1.19411000e+01  2.08292972e+00  1.14406000e+01  2.06965791e+00  4.51721023e-01  1.30189239e-02  4.67993296e-02  2.75205182e+01 
 1.07595528e+15  2.98029191e+35  1.19411000e+01  2.08579264e+00  1.14416000e+01  2.07260453e+00  4.52018972e-01  1.29214751e-02  4.65924464e-02  2.72113395e+01 
 1.07774756e+15  2.99536383e+35  1.19401000e+01  2.08865383e+00  1.14426000e+01  2.07555506e+00  4.52391809e-01  1.28188208e-02  4.64050096e-02  2.69054790e+01 
 1.07953984e+15  3.01043574e+35  1.19391000e+01  2.09149347e+00  1.14426000e+01  2.07834260e+00  4.52761839e-01  1.28530265e-02  4.62188806e-02  2.66049955e+01 
 1.08133212e+15  3.02553499e+35  1.19381000e+01  2.09431700e+00  1.14436000e+01  2.08125847e+00  4.53129705e-01  1.27480928e-02  4.60337102e-02  2.63092419e+01 
 1.08312440e+15  3.04071367e+35  1.19371000e+01  2.09713389e+00  1.14446000e+01  2.08417464e+00  4.53496267e-01  1.26366922e-02  4.58487443e-02  2.60171186e+01 
 1.08491667e+15  3.05589235e+35  1.19361000e+01  2.09992965e+00  1.14446000e+01  2.08692615e+00  4.53860117e-01  1.26637620e-02  4.56650862e-02  2.57300825e+01 
 1.08670895e+15  3.07112302e+35  1.19351000e+01  2.10271393e+00  1.14456000e+01  2.08981331e+00  4.54222244e-01  1.25495053e-02  4.54820343e-02  2.54470597e+01 
 1.08850123e+15  3.08640849e+35  1.19341000e+01  2.10548714e+00  1.14456000e+01  2.09254982e+00  4.54582641e-01  1.25694785e-02  4.52995314e-02  2.51679291e+01 
 1.09029351e+15  3.10169396e+35  1.19341000e+01  2.10823968e+00  1.14466000e+01  2.09540964e+00  4.54864167e-01  1.24515418e-02  4.50994324e-02  2.48936111e+01 
 1.09208579e+15  3.11705513e+35  1.19331000e+01  2.11098492e+00  1.14466000e+01  2.09812410e+00  4.55220524e-01  1.24660823e-02  4.49185808e-02  2.46226706e+01 
 1.09387806e+15  3.13244741e+35  1.19321000e+01  2.11371522e+00  1.14476000e+01  2.10096744e+00  4.55574862e-01  1.23431912e-02  4.47386273e-02  2.43558385e+01 
 1.09567034e+15  3.14783969e+35  1.19311000e+01  2.11642503e+00  1.14476000e+01  2.10364817e+00  4.55926562e-01  1.23564896e-02  4.45599428e-02  2.40935606e+01 
 1.09746262e+15  3.16333039e+35  1.19301000e+01  2.11913156e+00  1.14476000e+01  2.10633230e+00  4.56277317e-01  1.23633298e-02  4.43812432e-02  2.38340950e+01 
 1.09925490e+15  3.17882950e+35  1.19291000e+01  2.12181939e+00  1.14486000e+01  2.10914215e+00  4.56625681e-01  1.22326593e-02  4.42037242e-02  2.35789015e+01 
 1.10104718e+15  3.19434192e+35  1.19281000e+01  2.12448921e+00  1.14486000e+01  2.11179552e+00  4.56971617e-01  1.22341696e-02  4.40272701e-02  2.33278032e+01 
 1.10283946e+15  3.20994787e+35  1.19271000e+01  2.12715516e+00  1.14496000e+01  2.11458879e+00  4.57316667e-01  1.20990024e-02  4.38509212e-02  2.30794556e+01 
 1.10463173e+15  3.22555382e+35  1.19261000e+01  2.12980111e+00  1.14496000e+01  2.11721974e+00  4.57659152e-01  1.20994958e-02  4.36758216e-02  2.28352856e+01 
 1.10642401e+15  3.24119381e+35  1.19251000e+01  2.13243283e+00  1.14496000e+01  2.11984332e+00  4.57999601e-01  1.20934752e-02  4.35015213e-02  2.25946788e+01 
 1.10821629e+15  3.25690661e+35  1.19241000e+01  2.13505715e+00  1.14496000e+01  2.12245774e+00  4.58338815e-01  1.20892614e-02  4.33275901e-02  2.23569952e+01 
 1.11000857e+15  3.27261942e+35  1.19231000e+01  2.13766183e+00  1.14506000e+01  2.12520108e+00  4.58675515e-01  1.19444431e-02  4.31548933e-02  2.21232713e+01 
 1.11180085e+15  3.28838598e+35  1.19211000e+01  2.14025581e+00  1.14506000e+01  2.12779217e+00  4.59087611e-01  1.19339443e-02  4.30008044e-02  2.18926427e+01 
 1.11359312e+15  3.30420563e+35  1.19201000e+01  2.14283901e+00  1.14506000e+01  2.13037660e+00  4.59421095e-01  1.19195800e-02  4.28291869e-02  2.16650646e+01 
 1.11538540e+15  3.32002529e+35  1.19191000e+01  2.14540298e+00  1.14506000e+01  2.13294143e+00  4.59752162e-01  1.19057469e-02  4.26588050e-02  2.14412441e+01 
 1.11717768e+15  3.33591742e+35  1.19181000e+01  2.14795945e+00  1.14516000e+01  2.13564710e+00  4.60081937e-01  1.17520462e-02  4.24887787e-02  2.12200968e+01 
 1.11896996e+15  3.35184392e+35  1.19171000e+01  2.15050230e+00  1.14516000e+01  2.13819625e+00  4.60409815e-01  1.17333947e-02  4.23195586e-02  2.10021073e+01 
 1.12076224e+15  3.36777042e+35  1.19161000e+01  2.15302607e+00  1.14516000e+01  2.14073151e+00  4.60735232e-01  1.17099734e-02  4.21515298e-02  2.07876779e+01 
 1.12255452e+15  3.38378709e+35  1.19151000e+01  2.15554520e+00  1.14516000e+01  2.14326352e+00  4.61059660e-01  1.16853318e-02  4.19836594e-02  2.05755502e+01 
 1.12434679e+15  3.39982044e+35  1.19141000e+01  2.15804818e+00  1.14516000e+01  2.14578031e+00  4.61381976e-01  1.16599835e-02  4.18168021e-02  2.03666555e+01 
