# rhoc (cgs) 	 Pc (cgs) 	 R (km) 	 M (msol) 	 R_core (km) 	 M_core (msol) 	 I/(MR^2) 	 I_crust/(M_crust R_crust^2)/(I/(MR^2)) 	 k_2 	 Lambda 
 2.30000000e+14  1.58804655e+33  4.74551000e+01  1.09531871e-01  5.47860000e+00  4.71744944e-02  1.34729544e-02  8.45800277e-01  3.02561468e-04  4.38625547e+08 
 2.30693608e+14  1.59634245e+33  4.71751000e+01  1.09636036e-01  5.48460000e+00  4.74023660e-02  1.35954733e-02  8.44496748e-01  3.05480458e-04  4.27906945e+08 
 2.31387217e+14  1.60463835e+33  4.68991000e+01  1.09740071e-01  5.49060000e+00  4.76303856e-02  1.37181864e-02  8.43190553e-01  3.08454628e-04  4.17595705e+08 
 2.32080825e+14  1.61293425e+33  4.66271000e+01  1.09843975e-01  5.49560000e+00  4.78411385e-02  1.38410394e-02  8.41989785e-01  3.11481350e-04  4.07672340e+08 
 2.32774434e+14  1.62123016e+33  4.63591000e+01  1.09947742e-01  5.50160000e+00  4.80694010e-02  1.39639760e-02  8.40678902e-01  3.14557834e-04  3.98118431e+08 
 2.33468042e+14  1.62963332e+33  4.60921000e+01  1.10052711e-01  5.50660000e+00  4.82819161e-02  1.40882915e-02  8.39466172e-01  3.17708714e-04  3.88799998e+08 
 2.34161651e+14  1.63850251e+33  4.58151000e+01  1.10163407e-01  5.51260000e+00  4.85190015e-02  1.42192144e-02  8.38104835e-01  3.21067088e-04  3.79332941e+08 
 2.34855259e+14  1.64737171e+33  4.55421000e+01  1.10274038e-01  5.51860000e+00  4.87562929e-02  1.43503419e-02  8.36740475e-01  3.24486050e-04  3.70222906e+08 
 2.35548868e+14  1.65624091e+33  4.52721000e+01  1.10384603e-01  5.52360000e+00  4.89761932e-02  1.44822563e-02  8.35484446e-01  3.27998512e-04  3.61452266e+08 
 2.36242476e+14  1.66511010e+33  4.50071000e+01  1.10495103e-01  5.52960000e+00  4.92138324e-02  1.46136279e-02  8.34114787e-01  3.31530868e-04  3.53006218e+08 
 2.36936085e+14  1.67397930e+33  4.47461000e+01  1.10605533e-01  5.53560000e+00  4.94516520e-02  1.47450246e-02  8.32742158e-01  3.35115076e-04  3.44868899e+08 
 2.37629693e+14  1.68284849e+33  4.44891000e+01  1.10715889e-01  5.54060000e+00  4.96719507e-02  1.48763833e-02  8.31479850e-01  3.38747959e-04  3.37025999e+08 
 2.38323302e+14  1.69171769e+33  4.42351000e+01  1.10826172e-01  5.54660000e+00  4.99100737e-02  1.50083177e-02  8.30101987e-01  3.42464358e-04  3.29463389e+08 
 2.39016910e+14  1.70058689e+33  4.39851000e+01  1.10936376e-01  5.55160000e+00  5.01305914e-02  1.51401019e-02  8.28835755e-01  3.46223986e-04  3.22168876e+08 
 2.39710519e+14  1.70945608e+33  4.37391000e+01  1.11046497e-01  5.55660000e+00  5.03511924e-02  1.52716674e-02  8.27567876e-01  3.50023234e-04  3.15130286e+08 
 2.40404127e+14  1.71832528e+33  4.34971000e+01  1.11156533e-01  5.56260000e+00  5.05897041e-02  1.54029446e-02  8.26182560e-01  3.53858415e-04  3.08336154e+08 
 2.41097736e+14  1.72719448e+33  4.32581000e+01  1.11266480e-01  5.56760000e+00  5.08104888e-02  1.55345800e-02  8.24910790e-01  3.57766400e-04  3.01775095e+08 
 2.41791344e+14  1.73606367e+33  4.30221000e+01  1.11376334e-01  5.57260000e+00  5.10313393e-02  1.56665308e-02  8.23637401e-01  3.61745252e-04  2.95436847e+08 
 2.42484953e+14  1.74547226e+33  4.27761000e+01  1.11492797e-01  5.57860000e+00  5.12782114e-02  1.58059965e-02  8.22202657e-01  3.65994143e-04  2.88944474e+08 
 2.43178561e+14  1.75497477e+33  4.25301000e+01  1.11610413e-01  5.58460000e+00  5.15266893e-02  1.59477838e-02  8.20757374e-01  3.70396843e-04  2.82614283e+08 
 2.43872170e+14  1.76447727e+33  4.22891000e+01  1.11728018e-01  5.58960000e+00  5.17573652e-02  1.60885538e-02  8.19427925e-01  3.74800091e-04  2.76502977e+08 
 2.44565778e+14  1.77397978e+33  4.20501000e+01  1.11845609e-01  5.59460000e+00  5.19881686e-02  1.62305129e-02  8.18096581e-01  3.79331087e-04  2.70599689e+08 
 2.45259387e+14  1.78348228e+33  4.18161000e+01  1.11963186e-01  5.60060000e+00  5.22371676e-02  1.63713006e-02  8.16643069e-01  3.83854217e-04  2.64896412e+08 
 2.45952995e+14  1.79298479e+33  4.15841000e+01  1.12080744e-01  5.60560000e+00  5.24682353e-02  1.65131856e-02  8.15307397e-01  3.88501061e-04  2.59383352e+08 
 2.46646603e+14  1.80248729e+33  4.13561000e+01  1.12198280e-01  5.61160000e+00  5.27175536e-02  1.66545429e-02  8.13848294e-01  3.93177910e-04  2.54053025e+08 
 2.47340212e+14  1.81198979e+33  4.11311000e+01  1.12315790e-01  5.61660000e+00  5.29488563e-02  1.67961052e-02  8.12508381e-01  3.97927759e-04  2.48897285e+08 
 2.48033820e+14  1.82149230e+33  4.09091000e+01  1.12433270e-01  5.62160000e+00  5.31802490e-02  1.69378216e-02  8.11166691e-01  4.02748032e-04  2.43908661e+08 
 2.48727429e+14  1.83099480e+33  4.06901000e+01  1.12550715e-01  5.62660000e+00  5.34117263e-02  1.70796392e-02  8.09823230e-01  4.07636213e-04  2.39080212e+08 
 2.49421037e+14  1.84049731e+33  4.04741000e+01  1.12668121e-01  5.63160000e+00  5.36432817e-02  1.72215039e-02  8.08478019e-01  4.12589489e-04  2.34405225e+08 
 2.50114646e+14  1.84999981e+33  4.02611000e+01  1.12785485e-01  5.63760000e+00  5.38932240e-02  1.73633606e-02  8.07006317e-01  4.17604963e-04  2.29877338e+08 
 2.50808254e+14  1.85985587e+33  4.00431000e+01  1.12907178e-01  5.64260000e+00  5.41301750e-02  1.75106351e-02  8.05630066e-01  4.22881681e-04  2.25329443e+08 
 2.51501863e+14  1.87005169e+33  3.98211000e+01  1.13033101e-01  5.64760000e+00  5.43722804e-02  1.76627162e-02  8.04225911e-01  4.28393344e-04  2.20774620e+08 
 2.52195471e+14  1.88024751e+33  3.96021000e+01  1.13159074e-01  5.65360000e+00  5.46329517e-02  1.78149612e-02  8.02693035e-01  4.33985394e-04  2.16365323e+08 
 2.52889080e+14  1.89044333e+33  3.93861000e+01  1.13285090e-01  5.65860000e+00  5.48753767e-02  1.79673126e-02  8.01284257e-01  4.39654868e-04  2.12095470e+08 
 2.53582688e+14  1.90063915e+33  3.91731000e+01  1.13411150e-01  5.66360000e+00  5.51179298e-02  1.81197129e-02  7.99873557e-01  4.45398838e-04  2.07959321e+08 
 2.54276297e+14  1.91083497e+33  3.89621000e+01  1.13537248e-01  5.66860000e+00  5.53606039e-02  1.82730393e-02  7.98460953e-01  4.51271523e-04  2.03951203e+08 
 2.54969905e+14  1.92103079e+33  3.87551000e+01  1.13663381e-01  5.67360000e+00  5.56033905e-02  1.84253673e-02  7.97046485e-01  4.57155836e-04  2.00066376e+08 
 2.55663514e+14  1.93122661e+33  3.85501000e+01  1.13789543e-01  5.67960000e+00  5.58648732e-02  1.85785220e-02  7.95500235e-01  4.63164054e-04  1.96299419e+08 
 2.56357122e+14  1.94142243e+33  3.83481000e+01  1.13915728e-01  5.68460000e+00  5.61078974e-02  1.87315009e-02  7.94081484e-01  4.69235163e-04  1.92645880e+08 
 2.57050731e+14  1.95161825e+33  3.81491000e+01  1.14041934e-01  5.68960000e+00  5.63510128e-02  1.88842374e-02  7.92660950e-01  4.75365318e-04  1.89101290e+08 
 2.57744339e+14  1.96181407e+33  3.79531000e+01  1.14168155e-01  5.69460000e+00  5.65942121e-02  1.90366639e-02  7.91238669e-01  4.81550365e-04  1.85661333e+08 
 2.58437948e+14  1.97200989e+33  3.77591000e+01  1.14294384e-01  5.69960000e+00  5.68374897e-02  1.91897270e-02  7.89814657e-01  4.87850180e-04  1.82321785e+08 
 2.59131556e+14  1.98232750e+33  3.75651000e+01  1.14422127e-01  5.70460000e+00  5.70826278e-02  1.93449443e-02  7.88379836e-01  4.94322639e-04  1.79040611e+08 
 2.59825165e+14  1.99327705e+33  3.73621000e+01  1.14557764e-01  5.70960000e+00  5.73371731e-02  1.95096091e-02  7.86895900e-01  5.01271159e-04  1.75660800e+08 
 2.60518773e+14  2.00422659e+33  3.71621000e+01  1.14693509e-01  5.71460000e+00  5.75918779e-02  1.96741008e-02  7.85409966e-01  5.08293925e-04  1.72381372e+08 
 2.61212381e+14  2.01517614e+33  3.69651000e+01  1.14829362e-01  5.72060000e+00  5.78655904e-02  1.98383483e-02  7.83787055e-01  5.15386651e-04  1.69198388e+08 
 2.61905990e+14  2.02612568e+33  3.67701000e+01  1.14965316e-01  5.72560000e+00  5.81206177e-02  2.00033664e-02  7.82296650e-01  5.22615485e-04  1.66107993e+08 
 2.62599598e+14  2.03707523e+33  3.65781000e+01  1.15101368e-01  5.73060000e+00  5.83757750e-02  2.01680211e-02  7.80804405e-01  5.29907731e-04  1.63106748e+08 
 2.63293207e+14  2.04802478e+33  3.63881000e+01  1.15237512e-01  5.73560000e+00  5.86310544e-02  2.03333531e-02  7.79310357e-01  5.37331869e-04  1.60191150e+08 
 2.63986815e+14  2.05897432e+33  3.62011000e+01  1.15373742e-01  5.74060000e+00  5.88864477e-02  2.04981956e-02  7.77814543e-01  5.44812054e-04  1.57358077e+08 
 2.64680424e+14  2.06992387e+33  3.60161000e+01  1.15510052e-01  5.74560000e+00  5.91419472e-02  2.06636160e-02  7.76317006e-01  5.52419158e-04  1.54604322e+08 
 2.65374032e+14  2.08087341e+33  3.58331000e+01  1.15646437e-01  5.75060000e+00  5.93975453e-02  2.08295771e-02  7.74817780e-01  5.60151833e-04  1.51926927e+08 
 2.66067641e+14  2.09182296e+33  3.56531000e+01  1.15782891e-01  5.75560000e+00  5.96532346e-02  2.09948633e-02  7.73316905e-01  5.67929500e-04  1.49323218e+08 
 2.66761249e+14  2.10277250e+33  3.54761000e+01  1.15919408e-01  5.76060000e+00  5.99090083e-02  2.11593895e-02  7.71814413e-01  5.75746041e-04  1.46790490e+08 
 2.67454858e+14  2.11372205e+33  3.53001000e+01  1.16055981e-01  5.76560000e+00  6.01648594e-02  2.13254852e-02  7.70310338e-01  5.83759484e-04  1.44325935e+08 
 2.68148466e+14  2.12532869e+33  3.51161000e+01  1.16200841e-01  5.77060000e+00  6.04304248e-02  2.15014547e-02  7.68756527e-01  5.92346852e-04  1.41784742e+08 
 2.68842075e+14  2.13709313e+33  3.49331000e+01  1.16347838e-01  5.77560000e+00  6.06984666e-02  2.16786205e-02  7.67189329e-01  6.01071678e-04  1.39279976e+08 
 2.69535683e+14  2.14885757e+33  3.47511000e+01  1.16495003e-01  5.78060000e+00  6.09666689e-02  2.18576446e-02  7.65620341e-01  6.10028769e-04  1.36843757e+08 
 2.70229292e+14  2.16062201e+33  3.45721000e+01  1.16642330e-01  5.78560000e+00  6.12350214e-02  2.20359879e-02  7.64049625e-01  6.19043912e-04  1.34473809e+08 
 2.70922900e+14  2.17238645e+33  3.43961000e+01  1.16789814e-01  5.79060000e+00  6.15035140e-02  2.22135583e-02  7.62477240e-01  6.28110167e-04  1.32167717e+08 
 2.71616509e+14  2.18415089e+33  3.42211000e+01  1.16937448e-01  5.79560000e+00  6.17721376e-02  2.23928793e-02  7.60903242e-01  6.37405740e-04  1.29923022e+08 
 2.72310117e+14  2.19591533e+33  3.40491000e+01  1.17085226e-01  5.80060000e+00  6.20408839e-02  2.25713053e-02  7.59327673e-01  6.46745086e-04  1.27737733e+08 
 2.73003726e+14  2.20767977e+33  3.38791000e+01  1.17233141e-01  5.80560000e+00  6.23097444e-02  2.27500816e-02  7.57750580e-01  6.56216775e-04  1.25609657e+08 
 2.73697334e+14  2.21944421e+33  3.37111000e+01  1.17381185e-01  5.81060000e+00  6.25787110e-02  2.29291604e-02  7.56172012e-01  6.65818499e-04  1.23536819e+08 
 2.74390943e+14  2.23120865e+33  3.35461000e+01  1.17529351e-01  5.81560000e+00  6.28477760e-02  2.31071147e-02  7.54592009e-01  6.75447288e-04  1.21517363e+08 
 2.75084551e+14  2.24297309e+33  3.33821000e+01  1.17677633e-01  5.82060000e+00  6.31169316e-02  2.32866317e-02  7.53010615e-01  6.85298909e-04  1.19549309e+08 
 2.75778160e+14  2.25473753e+33  3.32201000e+01  1.17826023e-01  5.82460000e+00  6.33666131e-02  2.34662993e-02  7.51576237e-01  6.95272052e-04  1.17630987e+08 
 2.76471768e+14  2.29047945e+33  3.27381000e+01  1.18281429e-01  5.83960000e+00  6.41852684e-02  2.40145344e-02  7.46771223e-01  7.26353413e-04  1.12047172e+08 
 2.77165376e+14  2.35624941e+33  3.18691000e+01  1.19154617e-01  5.86660000e+00  6.57109115e-02  2.50616519e-02  7.37865089e-01  7.88672760e-04  1.02508492e+08 
 2.77858985e+14  2.42201938e+33  3.10261000e+01  1.20076231e-01  5.89360000e+00  6.72739962e-02  2.61573945e-02  7.28792244e-01  8.58056046e-04  9.38501005e+07 
 2.78552593e+14  2.48778935e+33  3.02121000e+01  1.21047291e-01  5.92160000e+00  6.88919287e-02  2.72991834e-02  7.19425447e-01  9.34927840e-04  8.59954887e+07 
 2.79246202e+14  2.53484101e+33  2.96471000e+01  1.21771920e-01  5.94160000e+00  7.00684891e-02  2.81459356e-02  7.12661986e-01  9.95037305e-04  8.08319521e+07 
 2.79939810e+14  2.57029515e+33  2.92341000e+01  1.22332046e-01  5.95660000e+00  7.09618814e-02  2.87948972e-02  7.07555565e-01  1.04286898e-03  7.71872518e+07 
 2.80633419e+14  2.60574930e+33  2.88311000e+01  1.22903586e-01  5.97160000e+00  7.18617587e-02  2.94545907e-02  7.02435511e-01  1.09310829e-03  7.37419910e+07 
 2.81327027e+14  2.64120344e+33  2.84381000e+01  1.23486276e-01  5.98660000e+00  7.27679147e-02  3.01245366e-02  6.97304523e-01  1.14580556e-03  7.04837046e+07 
 2.82020636e+14  2.67665759e+33  2.80561000e+01  1.24079858e-01  6.00160000e+00  7.36801413e-02  3.08019895e-02  6.92165302e-01  1.20078800e-03  6.74007591e+07 
 2.82714244e+14  2.71342824e+33  2.76701000e+01  1.24706779e-01  6.01760000e+00  7.46417589e-02  3.15148543e-02  6.86752860e-01  1.26053842e-03  6.43765652e+07 
 2.83407853e+14  2.75086397e+33  2.72881000e+01  1.25356812e-01  6.03360000e+00  7.56213575e-02  3.22498047e-02  6.81286579e-01  1.32416656e-03  6.14664025e+07 
 2.84101461e+14  2.78829970e+33  2.69171000e+01  1.26018442e-01  6.04860000e+00  7.65863085e-02  3.29933113e-02  6.75993288e-01  1.39063999e-03  5.87156535e+07 
 2.84795070e+14  2.82573542e+33  2.65561000e+01  1.26691365e-01  6.06460000e+00  7.75784672e-02  3.37469099e-02  6.70526778e-01  1.46021972e-03  5.61142274e+07 
 2.85488678e+14  2.86317115e+33  2.62061000e+01  1.27375273e-01  6.08060000e+00  7.85766489e-02  3.45071264e-02  6.65063205e-01  1.53263007e-03  5.36527582e+07 
 2.86182287e+14  2.90206867e+33  2.58521000e+01  1.28097284e-01  6.09760000e+00  7.96281087e-02  3.53081299e-02  6.59323906e-01  1.61141825e-03  5.12337548e+07 
 2.86875895e+14  2.94156963e+33  2.55041000e+01  1.28842307e-01  6.11360000e+00  8.06752902e-02  3.61281977e-02  6.53731951e-01  1.69468143e-03  4.89118406e+07 
 2.87569504e+14  2.98107059e+33  2.51661000e+01  1.29598896e-01  6.13060000e+00  8.17503180e-02  3.69581185e-02  6.47969145e-01  1.78169363e-03  4.67169499e+07 
 2.88263112e+14  3.02057155e+33  2.48391000e+01  1.30366701e-01  6.14660000e+00  8.28097797e-02  3.77937288e-02  6.42404003e-01  1.87206272e-03  4.46410776e+07 
 2.88956721e+14  3.06007251e+33  2.45221000e+01  1.31145367e-01  6.16360000e+00  8.38969264e-02  3.86366142e-02  6.36669249e-01  1.96607288e-03  4.26767681e+07 
 2.89650329e+14  3.10118171e+33  2.42021000e+01  1.31967015e-01  6.18060000e+00  8.50193921e-02  3.95223820e-02  6.30848831e-01  2.06799204e-03  4.07432377e+07 
 2.90343938e+14  3.14283385e+33  2.38881000e+01  1.32811142e-01  6.19860000e+00  8.61802681e-02  4.04275540e-02  6.24825424e-01  2.17546086e-03  3.88915399e+07 
 2.91037546e+14  3.18448599e+33  2.35841000e+01  1.33666601e-01  6.21560000e+00  8.73253238e-02  4.13399433e-02  6.19015521e-01  2.28720116e-03  3.71410999e+07 
 2.91731154e+14  3.22613813e+33  2.32901000e+01  1.34533000e-01  6.23260000e+00  8.84763843e-02  4.22579387e-02  6.13232160e-01  2.40309419e-03  3.54855720e+07 
 2.92424763e+14  3.26779027e+33  2.30051000e+01  1.35409960e-01  6.24960000e+00  8.96332628e-02  4.31835500e-02  6.07477124e-01  2.52352580e-03  3.39190517e+07 
 2.93118371e+14  3.31119728e+33  2.27181000e+01  1.36334841e-01  6.26760000e+00  9.08514290e-02  4.41529508e-02  6.01455285e-01  2.65348743e-03  3.23751038e+07 
 2.93811980e+14  3.35508889e+33  2.24381000e+01  1.37281321e-01  6.28560000e+00  9.20850919e-02  4.51368251e-02  5.95438859e-01  2.78940717e-03  3.08996418e+07 
 2.94505588e+14  3.39898049e+33  2.21671000e+01  1.38238730e-01  6.30360000e+00  9.33250154e-02  4.61274770e-02  5.89457716e-01  2.93042865e-03  2.95049754e+07 
 2.95199197e+14  3.44287210e+33  2.19051000e+01  1.39206660e-01  6.32160000e+00  9.45710121e-02  4.71231334e-02  5.83513283e-01  3.07637982e-03  2.81860666e+07 
 2.95892805e+14  3.48676371e+33  2.16511000e+01  1.40184708e-01  6.33960000e+00  9.58229032e-02  4.81263302e-02  5.77606820e-01  3.22778025e-03  2.69382241e+07 
 2.96586414e+14  3.53255585e+33  2.13961000e+01  1.41215635e-01  6.35760000e+00  9.71170757e-02  4.91724859e-02  5.71644735e-01  3.39021432e-03  2.57071966e+07 
 2.97280022e+14  3.57877755e+33  2.11471000e+01  1.42267012e-01  6.37660000e+00  9.84491667e-02  5.02346012e-02  5.65501757e-01  3.56000526e-03  2.45330789e+07 
 2.97973631e+14  3.62499925e+33  2.09061000e+01  1.43328800e-01  6.39460000e+00  9.97640496e-02  5.13030625e-02  5.59609729e-01  3.73580734e-03  2.34234385e+07 
 2.98667239e+14  3.67122095e+33  2.06741000e+01  1.44400576e-01  6.41360000e+00  1.01108546e-01  5.23709152e-02  5.53558108e-01  3.91644403e-03  2.23742630e+07 
 2.99360848e+14  3.71744266e+33  2.04501000e+01  1.45481926e-01  6.43160000e+00  1.02435206e-01  5.34408810e-02  5.47761507e-01  4.10245786e-03  2.13818105e+07 
 3.00054456e+14  3.76570837e+33  2.02231000e+01  1.46621072e-01  6.45060000e+00  1.03831519e-01  5.45668862e-02  5.41717866e-01  4.30377368e-03  2.04020827e+07 
 3.00748065e+14  3.81435316e+33  2.00031000e+01  1.47779361e-01  6.46960000e+00  1.05241620e-01  5.56998520e-02  5.35711712e-01  4.51194591e-03  1.94692795e+07 
 3.01441673e+14  3.86299794e+33  1.97911000e+01  1.48947454e-01  6.48860000e+00  1.06657934e-01  5.68328738e-02  5.29760049e-01  4.72581979e-03  1.85878768e+07 
 3.02135282e+14  3.91164273e+33  1.95861000e+01  1.50124923e-01  6.50760000e+00  1.08080285e-01  5.79693978e-02  5.23863104e-01  4.94616159e-03  1.77546670e+07 
 3.02828890e+14  3.96028752e+33  1.93881000e+01  1.51311355e-01  6.52660000e+00  1.09508501e-01  5.91073537e-02  5.18021004e-01  5.17260529e-03  1.69666604e+07 
 3.03522499e+14  4.01111622e+33  1.91891000e+01  1.52560404e-01  6.54560000e+00  1.10986026e-01  6.02929688e-02  5.12158784e-01  5.41467430e-03  1.61884251e+07 
 3.04216107e+14  4.06227946e+33  1.89951000e+01  1.53827219e-01  6.56560000e+00  1.12501293e-01  6.14918646e-02  5.06130054e-01  5.66601282e-03  1.54485566e+07 
 3.04909716e+14  4.11344270e+33  1.88081000e+01  1.55103177e-01  6.58460000e+00  1.13997934e-01  6.26898158e-02  5.00378657e-01  5.92365921e-03  1.47495783e+07 
 3.05603324e+14  4.16460593e+33  1.86281000e+01  1.56387851e-01  6.60460000e+00  1.15525612e-01  6.38843345e-02  4.94470378e-01  6.18702492e-03  1.40889291e+07 
 3.06296933e+14  4.21576917e+33  1.84541000e+01  1.57680831e-01  6.62360000e+00  1.17034028e-01  6.50798675e-02  4.88840584e-01  6.45718128e-03  1.34642202e+07 
 3.06990541e+14  4.26925115e+33  1.82781000e+01  1.59041088e-01  6.64360000e+00  1.18620473e-01  6.63321914e-02  4.82989499e-01  6.74727429e-03  1.28471059e+07 
 3.07684149e+14  4.32303060e+33  1.81081000e+01  1.60417767e-01  6.66360000e+00  1.20219338e-01  6.75851758e-02  4.77195731e-01  7.04464129e-03  1.22610976e+07 
 3.08377758e+14  4.37681004e+33  1.79441000e+01  1.61802895e-01  6.68360000e+00  1.21824444e-01  6.88365894e-02  4.71466969e-01  7.34886360e-03  1.17075367e+07 
 3.09071366e+14  4.43058949e+33  1.77861000e+01  1.63196051e-01  6.70260000e+00  1.23409720e-01  7.00840284e-02  4.66024815e-01  7.65928385e-03  1.11843814e+07 
 3.09764975e+14  4.48436893e+33  1.76331000e+01  1.64596827e-01  6.72260000e+00  1.25026643e-01  7.13330792e-02  4.60424326e-01  7.97741615e-03  1.06897289e+07 
 3.10458583e+14  4.54059520e+33  1.74791000e+01  1.66069316e-01  6.74260000e+00  1.26699615e-01  7.26334508e-02  4.54839199e-01  8.31625709e-03  1.02010443e+07 
 3.11152192e+14  4.59709100e+33  1.73301000e+01  1.67557010e-01  6.76360000e+00  1.28410761e-01  7.39350819e-02  4.49092949e-01  8.66325556e-03  9.73737360e+06 
 3.11845800e+14  4.65358681e+33  1.71861000e+01  1.69052441e-01  6.78360000e+00  1.30101816e-01  7.52357019e-02  4.43638118e-01  9.01792201e-03  9.29938655e+06 
 3.12539409e+14  4.71008261e+33  1.70471000e+01  1.70555200e-01  6.80360000e+00  1.31798809e-01  7.65331113e-02  4.38249801e-01  9.37958943e-03  8.88546021e+06 
 3.13233017e+14  4.76657841e+33  1.69131000e+01  1.72064889e-01  6.82360000e+00  1.33501582e-01  7.78250197e-02  4.32926646e-01  9.74750170e-03  8.49408268e+06 
 3.13926626e+14  4.82564057e+33  1.67781000e+01  1.73650424e-01  6.84460000e+00  1.35290388e-01  7.91696275e-02  4.27409105e-01  1.01386703e-02  8.10744539e+06 
 3.14620234e+14  4.88495529e+33  1.66471000e+01  1.75250166e-01  6.86460000e+00  1.37063753e-01  8.05176393e-02  4.22183884e-01  1.05393812e-02  7.74077135e+06 
 3.15313843e+14  4.94427002e+33  1.65211000e+01  1.76856934e-01  6.88560000e+00  1.38870433e-01  8.18569831e-02  4.16799436e-01  1.09458422e-02  7.39438246e+06 
 3.16007451e+14  5.00358474e+33  1.63991000e+01  1.78470326e-01  6.90560000e+00  1.40655764e-01  8.31952086e-02  4.11708615e-01  1.13604709e-02  7.06699359e+06 
 3.16701060e+14  5.06289947e+33  1.62821000e+01  1.80089956e-01  6.92560000e+00  1.42446746e-01  8.45199724e-02  4.06682813e-01  1.17789658e-02  6.75740845e+06 
 3.17394668e+14  5.12488952e+33  1.61641000e+01  1.81789191e-01  6.94660000e+00  1.44327320e-01  8.58985050e-02  4.01475674e-01  1.22231653e-02  6.45162953e+06 
 3.18088277e+14  5.18712815e+33  1.60491000e+01  1.83501949e-01  6.96760000e+00  1.46219471e-01  8.72841667e-02  3.96334718e-01  1.26788624e-02  6.16167338e+06 
 3.18781885e+14  5.24936677e+33  1.59391000e+01  1.85221027e-01  6.98860000e+00  1.48117815e-01  8.86527674e-02  3.91260036e-01  1.31374369e-02  5.88771205e+06 
 3.19475494e+14  5.31160540e+33  1.58321000e+01  1.86946031e-01  7.00960000e+00  1.50022178e-01  9.00240998e-02  3.86249903e-01  1.36060107e-02  5.62873183e+06 
 3.20169102e+14  5.37384402e+33  1.57291000e+01  1.88676590e-01  7.02960000e+00  1.51903908e-01  9.13850214e-02  3.81532070e-01  1.40796010e-02  5.38378859e+06 
 3.20862711e+14  5.43885426e+33  1.56261000e+01  1.90490053e-01  7.05160000e+00  1.53907182e-01  9.27892096e-02  3.76414914e-01  1.45769575e-02  5.14193699e+06 
 3.21556319e+14  5.50412418e+33  1.55251000e+01  1.92316763e-01  7.07260000e+00  1.55893706e-01  9.42062916e-02  3.71592531e-01  1.50887101e-02  4.91254819e+06 
 3.22249927e+14  5.56939410e+33  1.54291000e+01  1.94149096e-01  7.09360000e+00  1.57886292e-01  9.55974379e-02  3.66833954e-01  1.55995210e-02  4.69575838e+06 
 3.22943536e+14  5.63466402e+33  1.53351000e+01  1.95986672e-01  7.11460000e+00  1.59884771e-01  9.69973362e-02  3.62137241e-01  1.61232295e-02  4.49076973e+06 
 3.23637144e+14  5.69993394e+33  1.52451000e+01  1.97829126e-01  7.13460000e+00  1.61859634e-01  9.83791800e-02  3.57730595e-01  1.66487074e-02  4.29683945e+06 
 3.24330753e+14  5.76805675e+33  1.51551000e+01  1.99757246e-01  7.15660000e+00  1.63959859e-01  9.98038127e-02  3.52934363e-01  1.71993139e-02  4.10545057e+06 
 3.25024361e+14  5.83646778e+33  1.50671000e+01  2.01698831e-01  7.17760000e+00  1.66042994e-01  1.01236131e-01  3.48431338e-01  1.77627211e-02  3.92382225e+06 
 3.25717970e+14  5.90487881e+33  1.49821000e+01  2.03645355e-01  7.19960000e+00  1.68161938e-01  1.02660293e-01  3.43758254e-01  1.83322893e-02  3.75211376e+06 
 3.26411578e+14  5.97328984e+33  1.49001000e+01  2.05596450e-01  7.22060000e+00  1.70256940e-01  1.04074366e-01  3.39373464e-01  1.89069608e-02  3.58969838e+06 
 3.27105187e+14  6.04170087e+33  1.48221000e+01  2.07551762e-01  7.24160000e+00  1.72357538e-01  1.05462147e-01  3.35044820e-01  1.94790292e-02  3.43599292e+06 
 3.27798795e+14  6.11302852e+33  1.47421000e+01  2.09594872e-01  7.26260000e+00  1.74526485e-01  1.06920714e-01  3.30795416e-01  2.00906713e-02  3.28440216e+06 
 3.28492404e+14  6.18469291e+33  1.46651000e+01  2.11652253e-01  7.28460000e+00  1.76739225e-01  1.08367704e-01  3.26376340e-01  2.07065611e-02  3.14041486e+06 
 3.29186012e+14  6.25635729e+33  1.45911000e+01  2.13713903e-01  7.30560000e+00  1.78927343e-01  1.09799600e-01  3.22242891e-01  2.13250373e-02  3.00423890e+06 
 3.29879621e+14  6.32802168e+33  1.45201000e+01  2.15779463e-01  7.32760000e+00  1.81152030e-01  1.11214288e-01  3.17933402e-01  2.19447069e-02  2.87538271e+06 
 3.30573229e+14  6.39968606e+33  1.44511000e+01  2.17848594e-01  7.34860000e+00  1.83351400e-01  1.12625231e-01  3.13905357e-01  2.25719185e-02  2.75338905e+06 
 3.31266838e+14  6.47431053e+33  1.43821000e+01  2.20006936e-01  7.37060000e+00  1.85651616e-01  1.14077588e-01  3.09733565e-01  2.32263932e-02  2.63317552e+06 
 3.31960446e+14  6.54934293e+33  1.43141000e+01  2.22181035e-01  7.39160000e+00  1.87935343e-01  1.15543595e-01  3.05848437e-01  2.38973365e-02  2.51885508e+06 
 3.32654055e+14  6.62437534e+33  1.42491000e+01  2.24358742e-01  7.41360000e+00  1.90256392e-01  1.16987853e-01  3.01785044e-01  2.45669188e-02  2.41068939e+06 
 3.33347663e+14  6.69940774e+33  1.41871000e+01  2.26539715e-01  7.43460000e+00  1.92551408e-01  1.18408110e-01  2.97999319e-01  2.52334237e-02  2.30829313e+06 
 3.34041272e+14  6.77444014e+33  1.41271000e+01  2.28723624e-01  7.45660000e+00  1.94883771e-01  1.19819075e-01  2.94032062e-01  2.59042403e-02  2.21130791e+06 
 3.34734880e+14  6.85245291e+33  1.40661000e+01  2.30997345e-01  7.47760000e+00  1.97254426e-01  1.21287449e-01  2.90382864e-01  2.66121808e-02  2.11583795e+06 
 3.35428489e+14  6.93097041e+33  1.40071000e+01  2.33289075e-01  7.49960000e+00  1.99674134e-01  1.22748816e-01  2.86560324e-01  2.73255312e-02  2.02491189e+06 
 3.36122097e+14  7.00948791e+33  1.39511000e+01  2.35583774e-01  7.52160000e+00  2.02099698e-01  1.24181141e-01  2.82783670e-01  2.80322684e-02  1.93884016e+06 
 3.36815706e+14  7.08800540e+33  1.38961000e+01  2.37881098e-01  7.54360000e+00  2.04530937e-01  1.25618226e-01  2.79051078e-01  2.87510452e-02  1.85732112e+06 
 3.37509314e+14  7.16652290e+33  1.38431000e+01  2.40180731e-01  7.56460000e+00  2.06934702e-01  1.27041013e-01  2.75587522e-01  2.94709139e-02  1.78007356e+06 
 3.38202922e+14  7.24801474e+33  1.37901000e+01  2.42569873e-01  7.58660000e+00  2.09441781e-01  1.28502989e-01  2.71988821e-01  3.02190746e-02  1.70412842e+06 
 3.38896531e+14  7.33013682e+33  1.37391000e+01  2.44980141e-01  7.60860000e+00  2.11968485e-01  1.29953157e-01  2.68443081e-01  3.09689450e-02  1.63166804e+06 
 3.39590139e+14  7.41225890e+33  1.36901000e+01  2.47392740e-01  7.63060000e+00  2.14500877e-01  1.31386235e-01  2.64937981e-01  3.17178577e-02  1.56304175e+06 
 3.40283748e+14  7.49438098e+33  1.36421000e+01  2.49807342e-01  7.65260000e+00  2.17038776e-01  1.32820103e-01  2.61471847e-01  3.24763350e-02  1.49801287e+06 
 3.40977356e+14  7.57650306e+33  1.35961000e+01  2.52223633e-01  7.67360000e+00  2.19548075e-01  1.34234238e-01  2.58267785e-01  3.32316827e-02  1.43636091e+06 
 3.41670965e+14  7.66156379e+33  1.35501000e+01  2.54728118e-01  7.69560000e+00  2.22160909e-01  1.35685793e-01  2.54930221e-01  3.40150315e-02  1.37583809e+06 
 3.42364573e+14  7.74741234e+33  1.35051000e+01  2.57257807e-01  7.71760000e+00  2.24796689e-01  1.37141479e-01  2.51644414e-01  3.48090064e-02  1.31797209e+06 
 3.43058182e+14  7.83326089e+33  1.34621000e+01  2.59789198e-01  7.73960000e+00  2.27437978e-01  1.38574967e-01  2.48394050e-01  3.55978869e-02  1.26313919e+06 
 3.43751790e+14  7.91910944e+33  1.34201000e+01  2.62321971e-01  7.76160000e+00  2.30084599e-01  1.40005471e-01  2.45177520e-01  3.63936361e-02  1.21115369e+06 
 3.44445399e+14  8.00495799e+33  1.33801000e+01  2.64855822e-01  7.78260000e+00  2.32701455e-01  1.41411035e-01  2.42215929e-01  3.71817378e-02  1.16184244e+06 
 3.45139007e+14  8.09367624e+33  1.33401000e+01  2.67475442e-01  7.80560000e+00  2.35456403e-01  1.42852066e-01  2.38898654e-01  3.79972946e-02  1.11351716e+06 
 3.45832616e+14  8.18337554e+33  1.33011000e+01  2.70125401e-01  7.82760000e+00  2.38203470e-01  1.44294814e-01  2.35855582e-01  3.88211434e-02  1.06720382e+06 
 3.46526224e+14  8.27307483e+33  1.32641000e+01  2.72776439e-01  7.84960000e+00  2.40955852e-01  1.45709972e-01  2.32842879e-01  3.96348791e-02  1.02329436e+06 
 3.47219833e+14  8.36277413e+33  1.32271000e+01  2.75428240e-01  7.87160000e+00  2.43713370e-01  1.47140361e-01  2.29859119e-01  4.04673072e-02  9.81642916e+05 
 3.47913441e+14  8.45247343e+33  1.31921000e+01  2.78080514e-01  7.89260000e+00  2.46439944e-01  1.48540913e-01  2.27122999e-01  4.12874318e-02  9.42113304e+05 
 3.48607050e+14  8.54493638e+33  1.31581000e+01  2.80814916e-01  7.91460000e+00  2.49268041e-01  1.49952026e-01  2.24251673e-01  4.21182706e-02  9.03449658e+05 
 3.49300658e+14  8.63861308e+33  1.31241000e+01  2.83585944e-01  7.93760000e+00  2.52164450e-01  1.51385624e-01  2.21213888e-01  4.29709091e-02  8.66297515e+05 
 3.49994267e+14  8.73228978e+33  1.30911000e+01  2.86357431e-01  7.95960000e+00  2.55029853e-01  1.52809951e-01  2.18421222e-01  4.38250759e-02  8.31054430e+05 
 3.50687875e+14  8.82596648e+33  1.30601000e+01  2.89129071e-01  7.98060000e+00  2.57863462e-01  1.54200516e-01  2.15870746e-01  4.46628112e-02  7.97605508e+05 
 3.51381484e+14  8.91964318e+33  1.30301000e+01  2.91900572e-01  8.00260000e+00  2.60738347e-01  1.55579527e-01  2.13124849e-01  4.54996137e-02  7.65843628e+05 
 3.52075092e+14  9.01593633e+33  1.30001000e+01  2.94749237e-01  8.02460000e+00  2.63675637e-01  1.56989095e-01  2.10458428e-01  4.63615445e-02  7.34845926e+05 
 3.52768701e+14  9.11371944e+33  1.29701000e+01  2.97642078e-01  8.04660000e+00  2.66650803e-01  1.58421519e-01  2.07846828e-01  4.72453347e-02  7.04972689e+05 
 3.53462309e+14  9.21150255e+33  1.29421000e+01  3.00534753e-01  8.06960000e+00  2.69668396e-01  1.59816708e-01  2.05040564e-01  4.81088950e-02  6.76618734e+05 
 3.54155917e+14  9.30928566e+33  1.29151000e+01  3.03426970e-01  8.09060000e+00  2.72615618e-01  1.61197947e-01  2.02685530e-01  4.89691070e-02  6.49693514e+05 
 3.54849526e+14  9.40706878e+33  1.28891000e+01  3.06318441e-01  8.11260000e+00  2.75604910e-01  1.62564362e-01  2.00133642e-01  4.98249931e-02  6.24112495e+05 
 3.55543134e+14  9.50727562e+33  1.28631000e+01  3.09280683e-01  8.13460000e+00  2.78652127e-01  1.63958423e-01  1.97653757e-01  5.07043424e-02  5.99208254e+05 
 3.56236743e+14  9.60929649e+33  1.28381000e+01  3.12295994e-01  8.15660000e+00  2.81744138e-01  1.65350189e-01  1.95232033e-01  5.15853238e-02  5.75130294e+05 
 3.56930351e+14  9.71131737e+33  1.28131000e+01  3.15310524e-01  8.17960000e+00  2.84879360e-01  1.66751563e-01  1.92614518e-01  5.24807144e-02  5.52264167e+05 
 3.57623960e+14  9.81333824e+33  1.27901000e+01  3.18323977e-01  8.20060000e+00  2.87941909e-01  1.68109869e-01  1.90438239e-01  5.33488924e-02  5.30538286e+05 
 3.58317568e+14  9.91535911e+33  1.27681000e+01  3.21336074e-01  8.22260000e+00  2.91047314e-01  1.69450006e-01  1.88064167e-01  5.42089032e-02  5.09885850e+05 
 3.59011177e+14  1.00195609e+34  1.27461000e+01  3.24411011e-01  8.24460000e+00  2.94205011e-01  1.70814244e-01  1.85753113e-01  5.50899330e-02  4.89834423e+05 
 3.59704785e+14  1.01259532e+34  1.27241000e+01  3.27549375e-01  8.26660000e+00  2.97415518e-01  1.72202884e-01  1.83504933e-01  5.59924497e-02  4.70380533e+05 
 3.60398394e+14  1.02323455e+34  1.27031000e+01  3.30686331e-01  8.28860000e+00  3.00630414e-01  1.73572224e-01  1.81269767e-01  5.68855785e-02  4.51895404e+05 
 3.61092002e+14  1.03387378e+34  1.26831000e+01  3.33821591e-01  8.31060000e+00  3.03849514e-01  1.74921391e-01  1.79046749e-01  5.77682062e-02  4.34322406e+05 
 3.61785611e+14  1.04451301e+34  1.26641000e+01  3.36954883e-01  8.33260000e+00  3.07072639e-01  1.76249525e-01  1.76835083e-01  5.86392185e-02  4.17608606e+05 
 3.62479219e+14  1.05534055e+34  1.26451000e+01  3.40141428e-01  8.35460000e+00  3.10341168e-01  1.77598109e-01  1.74676082e-01  5.95288319e-02  4.01429633e+05 
 3.63172828e+14  1.06643052e+34  1.26271000e+01  3.43403322e-01  8.37660000e+00  3.13671725e-01  1.78944573e-01  1.72585831e-01  6.04165241e-02  3.85673462e+05 
 3.63866436e+14  1.07752048e+34  1.26091000e+01  3.46663178e-01  8.39860000e+00  3.17006389e-01  1.80296922e-01  1.70505150e-01  6.13147282e-02  3.70693579e+05 
 3.64560045e+14  1.08861045e+34  1.25921000e+01  3.49920708e-01  8.42060000e+00  3.20344983e-01  1.81626201e-01  1.68433214e-01  6.21987429e-02  3.56445045e+05 
 3.65253653e+14  1.09970042e+34  1.25761000e+01  3.53175648e-01  8.44260000e+00  3.23687326e-01  1.82931566e-01  1.66369349e-01  6.30674124e-02  3.42885838e+05 
 3.65947262e+14  1.11094291e+34  1.25601000e+01  3.56472504e-01  8.46460000e+00  3.27066831e-01  1.84253131e-01  1.64346666e-01  6.39515805e-02  3.29803275e+05 
 3.66640870e+14  1.12249743e+34  1.25441000e+01  3.59858296e-01  8.48660000e+00  3.30518861e-01  1.85603149e-01  1.62399838e-01  6.48583288e-02  3.17010812e+05 
 3.67334479e+14  1.13405196e+34  1.25291000e+01  3.63241405e-01  8.50860000e+00  3.33974710e-01  1.86928044e-01  1.60459334e-01  6.57481555e-02  3.04841857e+05 
 3.68028087e+14  1.14560649e+34  1.25151000e+01  3.66621560e-01  8.53060000e+00  3.37434189e-01  1.88226986e-01  1.58524573e-01  6.66198800e-02  2.93260682e+05 
 3.68721695e+14  1.15716101e+34  1.25021000e+01  3.69998493e-01  8.55160000e+00  3.40854957e-01  1.89499149e-01  1.56796974e-01  6.74723243e-02  2.82233862e+05 
 3.69415304e+14  1.16882571e+34  1.24881000e+01  3.73404130e-01  8.57360000e+00  3.44345166e-01  1.90813237e-01  1.54895212e-01  6.83638937e-02  2.71632309e+05 
 3.70108912e+14  1.18085884e+34  1.24751000e+01  3.76914061e-01  8.59560000e+00  3.47919752e-01  1.92128115e-01  1.53077554e-01  6.92517421e-02  2.61220684e+05 
 3.70802521e+14  1.19289197e+34  1.24631000e+01  3.80420661e-01  8.61760000e+00  3.51497850e-01  1.93414994e-01  1.51263353e-01  7.01186105e-02  2.51311058e+05 
 3.71496129e+14  1.20492510e+34  1.24511000e+01  3.83923659e-01  8.63960000e+00  3.55079274e-01  1.94704348e-01  1.49452126e-01  7.09918233e-02  2.41874973e+05 
 3.72189738e+14  1.21695823e+34  1.24401000e+01  3.87422797e-01  8.66160000e+00  3.58663838e-01  1.95964572e-01  1.47643406e-01  7.18424371e-02  2.32885759e+05 
 3.72883346e+14  1.22905205e+34  1.24291000e+01  3.90935460e-01  8.68260000e+00  3.62221187e-01  1.97231236e-01  1.46047880e-01  7.27012403e-02  2.24276250e+05 
 3.73576955e+14  1.24157804e+34  1.24181000e+01  3.94569634e-01  8.70460000e+00  3.65919507e-01  1.98532588e-01  1.44346746e-01  7.35849060e-02  2.15781690e+05 
 3.74270563e+14  1.25410404e+34  1.24081000e+01  3.98199820e-01  8.72660000e+00  3.69621009e-01  1.99803588e-01  1.42646556e-01  7.44441918e-02  2.07692268e+05 
 3.74964172e+14  1.26663004e+34  1.23981000e+01  4.01825749e-01  8.74860000e+00  3.73325503e-01  2.01075892e-01  1.40946912e-01  7.53082814e-02  1.99985256e+05 
 3.75657780e+14  1.27915603e+34  1.23891000e+01  4.05447173e-01  8.77060000e+00  3.77032804e-01  2.02316750e-01  1.39247456e-01  7.61463647e-02  1.92639331e+05 
 3.76351389e+14  1.29168550e+34  1.23811000e+01  4.09064851e-01  8.79160000e+00  3.80698945e-01  2.03525664e-01  1.37743467e-01  7.69574361e-02  1.85632625e+05 
 3.77044997e+14  1.30471885e+34  1.23721000e+01  4.12823233e-01  8.81360000e+00  3.84522029e-01  2.04805959e-01  1.36147288e-01  7.78258660e-02  1.78685288e+05 
 3.77738606e+14  1.31775219e+34  1.23641000e+01  4.16576956e-01  8.83560000e+00  3.88347946e-01  2.06053591e-01  1.34549797e-01  7.86664591e-02  1.72065704e+05 
 3.78432214e+14  1.33078553e+34  1.23561000e+01  4.20325763e-01  8.85760000e+00  3.92176497e-01  2.07301372e-01  1.32950741e-01  7.95102282e-02  1.65755674e+05 
 3.79125823e+14  1.34381888e+34  1.23491000e+01  4.24069401e-01  8.87860000e+00  3.95962063e-01  2.08515438e-01  1.31542140e-01  8.03245554e-02  1.59738118e+05 
 3.79819431e+14  1.35685222e+34  1.23421000e+01  4.27807632e-01  8.89960000e+00  3.99749481e-01  2.09729051e-01  1.30130080e-01  8.11411754e-02  1.53997028e+05 
 3.80513040e+14  1.37034548e+34  1.23351000e+01  4.31672240e-01  8.92160000e+00  4.03684511e-01  2.10976595e-01  1.28615135e-01  8.19808029e-02  1.48328060e+05 
 3.81206648e+14  1.38390086e+34  1.23291000e+01  4.35549304e-01  8.94360000e+00  4.07635484e-01  2.12193868e-01  1.27109347e-01  8.27919261e-02  1.42898155e+05 
 3.81900257e+14  1.39745624e+34  1.23231000e+01  4.39420771e-01  8.96560000e+00  4.11588730e-01  2.13410146e-01  1.25600049e-01  8.36045445e-02  1.37719431e+05 
 3.82593865e+14  1.41101163e+34  1.23171000e+01  4.43286399e-01  8.98660000e+00  4.15497505e-01  2.14625361e-01  1.24276239e-01  8.44185747e-02  1.32778176e+05 
 3.83287474e+14  1.42456701e+34  1.23121000e+01  4.47145951e-01  9.00760000e+00  4.19407763e-01  2.15804373e-01  1.22947202e-01  8.51993145e-02  1.28061516e+05 
 3.83981082e+14  1.43852258e+34  1.23071000e+01  4.51113159e-01  9.02960000e+00  4.23452907e-01  2.17011372e-01  1.21502183e-01  8.59985835e-02  1.23427192e+05 
 3.84674690e+14  1.45261489e+34  1.23021000e+01  4.55113203e-01  9.05160000e+00  4.27529650e-01  2.18226856e-01  1.20078633e-01  8.68045426e-02  1.18962456e+05 
 3.85368299e+14  1.46670721e+34  1.22981000e+01  4.59106959e-01  9.07260000e+00  4.31560829e-01  2.19404964e-01  1.18836513e-01  8.75753656e-02  1.14702019e+05 
 3.86061907e+14  1.48079953e+34  1.22941000e+01  4.63094192e-01  9.09360000e+00  4.35593249e-01  2.20580914e-01  1.17587899e-01  8.83459246e-02  1.10634846e+05 
 3.86755516e+14  1.49489185e+34  1.22901000e+01  4.67074671e-01  9.11560000e+00  4.39674668e-01  2.21754640e-01  1.16147146e-01  8.91161300e-02  1.06750569e+05 
 3.87449124e+14  1.50931508e+34  1.22871000e+01  4.71141587e-01  9.13660000e+00  4.43780497e-01  2.22913911e-01  1.14947136e-01  8.98639854e-02  1.02954141e+05 
 3.88142733e+14  1.52395944e+34  1.22841000e+01  4.75264082e-01  9.15860000e+00  4.47983345e-01  2.24086577e-01  1.13596507e-01  9.06205027e-02  9.92742449e+04 
 3.88836341e+14  1.53860379e+34  1.22811000e+01  4.79379593e-01  9.17960000e+00  4.52139094e-01  2.25256479e-01  1.12422811e-01  9.13758189e-02  9.57609157e+04 
 3.89529950e+14  1.55324815e+34  1.22781000e+01  4.83487876e-01  9.20060000e+00  4.56295685e-01  2.26423557e-01  1.11241175e-01  9.21298508e-02  9.24052481e+04 
 3.90223558e+14  1.56789251e+34  1.22761000e+01  4.87588714e-01  9.22160000e+00  4.60452955e-01  2.27550679e-01  1.10051523e-01  9.28446950e-02  8.91988672e+04 
 3.90917167e+14  1.58278823e+34  1.22741000e+01  4.91752188e-01  9.24260000e+00  4.64664431e-01  2.28692498e-01  1.08898782e-01  9.35684164e-02  8.60824148e+04 
 3.91610775e+14  1.59799992e+34  1.22721000e+01  4.95996440e-01  9.26460000e+00  4.68993563e-01  2.29853583e-01  1.07612610e-01  9.43037245e-02  8.30422019e+04 
 3.92304384e+14  1.61321161e+34  1.22701000e+01  5.00232987e-01  9.28560000e+00  4.73274028e-01  2.31011251e-01  1.06499067e-01  9.50368109e-02  8.01381122e+04 
 3.92997992e+14  1.62842331e+34  1.22691000e+01  5.04461599e-01  9.30660000e+00  4.77554905e-01  2.32127607e-01  1.05376419e-01  9.57285806e-02  7.73629406e+04 
 3.93691601e+14  1.64363500e+34  1.22671000e+01  5.08682060e-01  9.32760000e+00  4.81836038e-01  2.33278112e-01  1.04244655e-01  9.64567114e-02  7.47099165e+04 
 3.94385209e+14  1.65900747e+34  1.22671000e+01  5.12938674e-01  9.34860000e+00  4.86151356e-01  2.34359924e-01  1.03131301e-01  9.71100296e-02  7.21464174e+04 
 3.95078818e+14  1.67480198e+34  1.22661000e+01  5.17303806e-01  9.36960000e+00  4.90556358e-01  2.35505444e-01  1.02080587e-01  9.78174279e-02  6.96287750e+04 
 3.95772426e+14  1.69059650e+34  1.22651000e+01  5.21660503e-01  9.39160000e+00  4.95012379e-01  2.36646916e-01  1.00842233e-01  9.85216057e-02  6.72226376e+04 
 3.96466035e+14  1.70639102e+34  1.22651000e+01  5.26008541e-01  9.41260000e+00  4.99417740e-01  2.37745529e-01  9.97718285e-02  9.91820593e-02  6.49221643e+04 
 3.97159643e+14  1.72218554e+34  1.22651000e+01  5.30347712e-01  9.43260000e+00  5.03771593e-01  2.38839661e-01  9.88676568e-02  9.98386235e-02  6.27218609e+04 
 3.97853252e+14  1.73803838e+34  1.22651000e+01  5.34693786e-01  9.45360000e+00  5.08188451e-01  2.39933290e-01  9.77861364e-02  1.00493642e-01  6.06089484e+04 
 3.98546860e+14  1.75443141e+34  1.22661000e+01  5.39178739e-01  9.47460000e+00  5.12718662e-01  2.41020216e-01  9.67827053e-02  1.01125605e-01  5.85191790e+04 
 3.99240468e+14  1.77082443e+34  1.22661000e+01  5.43654520e-01  9.49560000e+00  5.17248561e-01  2.42141618e-01  9.57682854e-02  1.01794353e-01  5.65209632e+04 
 3.99934077e+14  1.78721745e+34  1.22671000e+01  5.48120910e-01  9.51660000e+00  5.21777965e-01  2.43218684e-01  9.47429248e-02  1.02417122e-01  5.46095534e+04 
 4.00627685e+14  1.80361047e+34  1.22681000e+01  5.52577694e-01  9.53760000e+00  5.26306712e-01  2.44290690e-01  9.37066716e-02  1.03035100e-01  5.27804835e+04 
 4.01321294e+14  1.82000350e+34  1.22691000e+01  5.57024677e-01  9.55760000e+00  5.30781963e-01  2.45357612e-01  9.28323715e-02  1.03648247e-01  5.10295448e+04 
 4.02014902e+14  1.83695406e+34  1.22711000e+01  5.61612829e-01  9.57860000e+00  5.35425179e-01  2.46416758e-01  9.18610275e-02  1.04236154e-01  4.92968463e+04 
 4.02708511e+14  1.85396145e+34  1.22721000e+01  5.66206444e-01  9.59960000e+00  5.40079456e-01  2.47514500e-01  9.08868699e-02  1.04863473e-01  4.76335561e+04 
 4.03402119e+14  1.87096883e+34  1.22741000e+01  5.70789916e-01  9.62060000e+00  5.44732763e-01  2.48566484e-01  8.99010298e-02  1.05442712e-01  4.60417449e+04 
 4.04095728e+14  1.88797622e+34  1.22761000e+01  5.75363039e-01  9.64060000e+00  5.49331322e-01  2.49612865e-01  8.90741333e-02  1.06016329e-01  4.45177730e+04 
 4.04789336e+14  1.90498360e+34  1.22781000e+01  5.79925623e-01  9.66160000e+00  5.53981967e-01  2.50653627e-01  8.80647254e-02  1.06584298e-01  4.30582079e+04 
 4.05482945e+14  1.92243584e+34  1.22801000e+01  5.84596664e-01  9.68160000e+00  5.58669194e-01  2.51717968e-01  8.72796671e-02  1.07163551e-01  4.16239533e+04 
 4.06176553e+14  1.94007362e+34  1.22821000e+01  5.89306682e-01  9.70260000e+00  5.63447319e-01  2.52788736e-01  8.63401502e-02  1.07743989e-01  4.02362732e+04 
 4.06870162e+14  1.95771140e+34  1.22851000e+01  5.94005794e-01  9.72360000e+00  5.68223969e-01  2.53812386e-01  8.53883862e-02  1.08274412e-01  3.89075864e+04 
 4.07563770e+14  1.97534917e+34  1.22871000e+01  5.98693803e-01  9.74360000e+00  5.72944239e-01  2.54871407e-01  8.45922009e-02  1.08842743e-01  3.76349207e+04 
 4.08257379e+14  1.99298695e+34  1.22901000e+01  6.03370519e-01  9.76360000e+00  5.77662263e-01  2.55882966e-01  8.37828963e-02  1.09360598e-01  3.64154688e+04 
 4.08950987e+14  2.01094258e+34  1.22931000e+01  6.08119867e-01  9.78460000e+00  5.82498243e-01  2.56908749e-01  8.28393386e-02  1.09883651e-01  3.52259387e+04 
 4.09644596e+14  2.02922695e+34  1.22961000e+01  6.12944666e-01  9.80460000e+00  5.87344316e-01  2.57949327e-01  8.20958833e-02  1.10412088e-01  3.40655641e+04 
 4.10338204e+14  2.04751132e+34  1.23001000e+01  6.17757793e-01  9.82560000e+00  5.92243583e-01  2.58941499e-01  8.11732526e-02  1.10888769e-01  3.29539888e+04 
 4.11031813e+14  2.06579569e+34  1.23031000e+01  6.22559047e-01  9.84560000e+00  5.97084820e-01  2.59969329e-01  8.04029553e-02  1.11403668e-01  3.18887796e+04 
 4.11725421e+14  2.08408006e+34  1.23071000e+01  6.27348251e-01  9.86560000e+00  6.01923292e-01  2.60948443e-01  7.96191855e-02  1.11866439e-01  3.08676367e+04 
 4.12419030e+14  2.10254001e+34  1.23101000e+01  6.32171082e-01  9.88560000e+00  6.06794487e-01  2.61974468e-01  7.88459021e-02  1.12373910e-01  2.98791782e+04 
 4.13112638e+14  2.12148733e+34  1.23141000e+01  6.37108868e-01  9.90560000e+00  6.11761657e-01  2.62981765e-01  7.81247398e-02  1.12845641e-01  2.89066856e+04 
 4.13806247e+14  2.14043466e+34  1.23181000e+01  6.42034193e-01  9.92660000e+00  6.16782666e-01  2.63982289e-01  7.72266741e-02  1.13310060e-01  2.79746515e+04 
 4.14499855e+14  2.15938198e+34  1.23221000e+01  6.46946870e-01  9.94660000e+00  6.21743956e-01  2.64976046e-01  7.64779393e-02  1.13767184e-01  2.70810783e+04 
 4.15193463e+14  2.17832930e+34  1.23261000e+01  6.51846728e-01  9.96560000e+00  6.26644674e-01  2.65963043e-01  7.58771811e-02  1.14217034e-01  2.62240790e+04 
 4.15887072e+14  2.19729367e+34  1.23311000e+01  6.56737992e-01  9.98560000e+00  6.31602438e-01  2.66901020e-01  7.51027808e-02  1.14613702e-01  2.54011462e+04 
 4.16580680e+14  2.21692046e+34  1.23351000e+01  6.61786778e-01  1.00056000e+01  6.36689676e-01  2.67915507e-01  7.43997543e-02  1.15071126e-01  2.45842909e+04 
 4.17274289e+14  2.23654724e+34  1.23401000e+01  6.66822312e-01  1.00256000e+01  6.41773391e-01  2.68879477e-01  7.36823260e-02  1.15474212e-01  2.38010528e+04 
 4.17967897e+14  2.25617402e+34  1.23441000e+01  6.71844417e-01  1.00456000e+01  6.46853425e-01  2.69879975e-01  7.29507562e-02  1.15916433e-01  2.30497903e+04 
 4.18661506e+14  2.27580081e+34  1.23491000e+01  6.76852918e-01  1.00656000e+01  6.51929624e-01  2.70829693e-01  7.22051972e-02  1.16304070e-01  2.23289501e+04 
 4.19355114e+14  2.29542759e+34  1.23541000e+01  6.81847660e-01  1.00856000e+01  6.57001833e-01  2.71772235e-01  7.14459158e-02  1.16683966e-01  2.16370653e+04 
 4.20048723e+14  2.31559173e+34  1.23591000e+01  6.86964966e-01  1.01046000e+01  6.62117761e-01  2.72739238e-01  7.08964984e-02  1.17072761e-01  2.09548967e+04 
 4.20742331e+14  2.33591464e+34  1.23641000e+01  6.92108539e-01  1.01246000e+01  6.67319767e-01  2.73708251e-01  7.01933458e-02  1.17458478e-01  2.02952430e+04 
 4.21435940e+14  2.35623755e+34  1.23691000e+01  6.97237892e-01  1.01446000e+01  6.72517526e-01  2.74669931e-01  6.94759017e-02  1.17836226e-01  1.96622313e+04 
 4.22129548e+14  2.37656045e+34  1.23751000e+01  7.02352854e-01  1.01636000e+01  6.77651291e-01  2.75579741e-01  6.89009918e-02  1.18158290e-01  1.90545810e+04 
 4.22823157e+14  2.39688336e+34  1.23801000e+01  7.07453267e-01  1.01836000e+01  6.82839918e-01  2.76526658e-01  6.81549988e-02  1.18520092e-01  1.84710823e+04 
 4.23516765e+14  2.41756625e+34  1.23851000e+01  7.12629079e-01  1.02026000e+01  6.88034433e-01  2.77486872e-01  6.75926489e-02  1.18884528e-01  1.79008481e+04 
 4.24210374e+14  2.43860207e+34  1.23911000e+01  7.17878350e-01  1.02226000e+01  6.93353322e-01  2.78414879e-01  6.69005190e-02  1.19203040e-01  1.73440590e+04 
 4.24903982e+14  2.45963790e+34  1.23971000e+01  7.23112596e-01  1.02426000e+01  6.98667366e-01  2.79335164e-01  6.61940663e-02  1.19513226e-01  1.68095171e+04 
 4.25597591e+14  2.48067372e+34  1.24031000e+01  7.28331654e-01  1.02616000e+01  7.03915752e-01  2.80247747e-01  6.56274956e-02  1.19867743e-01  1.63033183e+04 
 4.26291199e+14  2.50170954e+34  1.24081000e+01  7.33535380e-01  1.02806000e+01  7.09158570e-01  2.81197981e-01  6.50460689e-02  1.20157272e-01  1.58029998e+04 
 4.26984808e+14  2.52290866e+34  1.24141000e+01  7.38763878e-01  1.02996000e+01  7.14427340e-01  2.82104423e-01  6.44678578e-02  1.20447391e-01  1.53254669e+04 
 4.27678416e+14  2.54467432e+34  1.24201000e+01  7.44116331e-01  1.03196000e+01  7.19861523e-01  2.83034520e-01  6.37838913e-02  1.20744619e-01  1.48544798e+04 
 4.28372025e+14  2.56643999e+34  1.24261000e+01  7.49452949e-01  1.03386000e+01  7.25228658e-01  2.83956784e-01  6.32377373e-02  1.21033446e-01  1.44021105e+04 
 4.29065633e+14  2.58820565e+34  1.24321000e+01  7.54773580e-01  1.03576000e+01  7.30589793e-01  2.84871243e-01  6.26764355e-02  1.21313947e-01  1.39674825e+04 
 4.29759241e+14  2.60997132e+34  1.24391000e+01  7.60078084e-01  1.03766000e+01  7.35944804e-01  2.85731972e-01  6.21001904e-02  1.21537322e-01  1.35497658e+04 
 4.30452850e+14  2.63173698e+34  1.24451000e+01  7.65366330e-01  1.03956000e+01  7.41293567e-01  2.86630783e-01  6.15092945e-02  1.21801296e-01  1.31481751e+04 
 4.31146458e+14  2.65419568e+34  1.24511000e+01  7.70806223e-01  1.04146000e+01  7.46768461e-01  2.87559049e-01  6.09756136e-02  1.22074588e-01  1.27498828e+04 
 4.31840067e+14  2.67670823e+34  1.24581000e+01  7.76242529e-01  1.04336000e+01  7.52247201e-01  2.88435964e-01  6.04321642e-02  1.22291717e-01  1.23662300e+04 
 4.32533675e+14  2.69922078e+34  1.24641000e+01  7.81662043e-01  1.04526000e+01  7.57719350e-01  2.89351174e-01  5.98736526e-02  1.22549508e-01  1.19974640e+04 
 4.33227284e+14  2.72173333e+34  1.24711000e+01  7.87064632e-01  1.04716000e+01  7.63184784e-01  2.90211965e-01  5.93002685e-02  1.22749797e-01  1.16428951e+04 
 4.33920892e+14  2.74424588e+34  1.24771000e+01  7.92450168e-01  1.04906000e+01  7.68643375e-01  2.91111353e-01  5.87123152e-02  1.22991045e-01  1.13018708e+04 
 4.34614501e+14  2.76722983e+34  1.24841000e+01  7.97930959e-01  1.05086000e+01  7.74120232e-01  2.91980660e-01  5.83042445e-02  1.23185845e-01  1.09670242e+04 
 4.35308109e+14  2.79050642e+34  1.24911000e+01  8.03464110e-01  1.05276000e+01  7.79708674e-01  2.92856973e-01  5.77613191e-02  1.23379001e-01  1.06409559e+04 
 4.36001718e+14  2.81378302e+34  1.24981000e+01  8.08979656e-01  1.05466000e+01  7.85289932e-01  2.93725068e-01  5.72033807e-02  1.23563691e-01  1.03274055e+04 
 4.36695326e+14  2.83705961e+34  1.25051000e+01  8.14477477e-01  1.05656000e+01  7.90863860e-01  2.94584987e-01  5.66307437e-02  1.23740018e-01  1.00257992e+04 
 4.37388935e+14  2.86033620e+34  1.25121000e+01  8.19957454e-01  1.05836000e+01  7.96365780e-01  2.95436767e-01  5.61898522e-02  1.23962749e-01  9.73988931e+03 
 4.38082543e+14  2.88383982e+34  1.25191000e+01  8.25472705e-01  1.06016000e+01  8.01901896e-01  2.96291877e-01  5.57549726e-02  1.24127618e-01  9.45777022e+03 
 4.38776152e+14  2.90789771e+34  1.25261000e+01  8.31099702e-01  1.06206000e+01  8.07597986e-01  2.97166658e-01  5.52105887e-02  1.24296113e-01  9.17993631e+03 
 4.39469760e+14  2.93195561e+34  1.25331000e+01  8.36708280e-01  1.06396000e+01  8.13286282e-01  2.98033150e-01  5.46513207e-02  1.24401255e-01  8.90872043e+03 
 4.40163369e+14  2.95601350e+34  1.25401000e+01  8.42298338e-01  1.06576000e+01  8.18901144e-01  2.98891404e-01  5.42220368e-02  1.24552962e-01  8.65162569e+03 
 4.40856977e+14  2.98007139e+34  1.25471000e+01  8.47869753e-01  1.06756000e+01  8.24507533e-01  2.99741455e-01  5.37775201e-02  1.24696472e-01  8.40414679e+03 
 4.41550586e+14  3.00412929e+34  1.25541000e+01  8.53422423e-01  1.06936000e+01  8.30105344e-01  3.00583341e-01  5.33180370e-02  1.24831881e-01  8.16585314e+03 
 4.42244194e+14  3.02894447e+34  1.25621000e+01  8.59130594e-01  1.07126000e+01  8.35899302e-01  3.01405898e-01  5.27667625e-02  1.24979678e-01  7.93273759e+03 
 4.42937803e+14  3.05380102e+34  1.25691000e+01  8.64829072e-01  1.07306000e+01  8.41626012e-01  3.02270014e-01  5.23473222e-02  1.25059228e-01  7.70111534e+03 
 4.43631411e+14  3.07865757e+34  1.25761000e+01  8.70508217e-01  1.07486000e+01  8.47343752e-01  3.03125829e-01  5.19125758e-02  1.25185814e-01  7.48150611e+03 
 4.44325020e+14  3.10351412e+34  1.25841000e+01  8.76167927e-01  1.07666000e+01  8.53052400e-01  3.03925073e-01  5.14628113e-02  1.25309956e-01  7.27324147e+03 
 4.45018628e+14  3.12837066e+34  1.25911000e+01  8.81808104e-01  1.07846000e+01  8.58751862e-01  3.04764310e-01  5.09983081e-02  1.25365019e-01  7.06630999e+03 
 4.45712236e+14  3.15370826e+34  1.25991000e+01  8.87537421e-01  1.08026000e+01  8.64528771e-01  3.05569475e-01  5.05591164e-02  1.25482043e-01  6.86932729e+03 
 4.46405845e+14  3.17938089e+34  1.26061000e+01  8.93322516e-01  1.08206000e+01  8.70356624e-01  3.06430456e-01  5.01325731e-02  1.25535709e-01  6.67110838e+03 
 4.47099453e+14  3.20505353e+34  1.26141000e+01  8.99087474e-01  1.08386000e+01  8.76174873e-01  3.07234363e-01  4.96909669e-02  1.25587042e-01  6.48313139e+03 
 4.47793062e+14  3.23072616e+34  1.26221000e+01  9.04832202e-01  1.08566000e+01  8.81983423e-01  3.08029767e-01  4.92345652e-02  1.25686088e-01  6.30483073e+03 
 4.48486670e+14  3.25639880e+34  1.26291000e+01  9.10556613e-01  1.08736000e+01  8.87714013e-01  3.08865629e-01  4.89031565e-02  1.25715725e-01  6.12752695e+03 
 4.49180279e+14  3.28224969e+34  1.26371000e+01  9.16300192e-01  1.08916000e+01  8.93534285e-01  3.09652372e-01  4.84315505e-02  1.25802214e-01  5.96080460e+03 
 4.49873887e+14  3.30875592e+34  1.26451000e+01  9.22168497e-01  1.09096000e+01  8.99460783e-01  3.10460375e-01  4.79966400e-02  1.25835896e-01  5.79339123e+03 
 4.50567496e+14  3.33526215e+34  1.26521000e+01  9.28015864e-01  1.09266000e+01  9.05308222e-01  3.11308997e-01  4.76852610e-02  1.25855596e-01  5.62959289e+03 
 4.51261104e+14  3.36176838e+34  1.26601000e+01  9.33842214e-01  1.09446000e+01  9.11213977e-01  3.12099966e-01  4.72205758e-02  1.25873555e-01  5.47420487e+03 
 4.51954713e+14  3.38827461e+34  1.26681000e+01  9.39647467e-01  1.09616000e+01  9.17040021e-01  3.12882449e-01  4.68791940e-02  1.25939734e-01  5.32676858e+03 
 4.52648321e+14  3.41478084e+34  1.26761000e+01  9.45431554e-01  1.09786000e+01  9.22855130e-01  3.13656498e-01  4.65230217e-02  1.25942525e-01  5.18225279e+03 
 4.53341930e+14  3.44198578e+34  1.26831000e+01  9.51346352e-01  1.09966000e+01  9.28850866e-01  3.14502350e-01  4.60668921e-02  1.25941907e-01  5.03700569e+03 
 4.54035538e+14  3.46934318e+34  1.26911000e+01  9.57272615e-01  1.10136000e+01  9.34792376e-01  3.15296783e-01  4.57439946e-02  1.25942084e-01  4.89843569e+03 
 4.54729147e+14  3.49670058e+34  1.26991000e+01  9.63177071e-01  1.10316000e+01  9.40792720e-01  3.16082651e-01  4.52699581e-02  1.25934689e-01  4.76483419e+03 
 4.55422755e+14  3.52405797e+34  1.27071000e+01  9.69059649e-01  1.10486000e+01  9.46711641e-01  3.16860006e-01  4.49175486e-02  1.25919847e-01  4.63598750e+03 
 4.56116364e+14  3.55141537e+34  1.27151000e+01  9.74920296e-01  1.10656000e+01  9.52619020e-01  3.17628907e-01  4.45506353e-02  1.25897688e-01  4.51169235e+03 
 4.56809972e+14  3.57912908e+34  1.27231000e+01  9.80834923e-01  1.10826000e+01  9.58575895e-01  3.18404481e-01  4.41942538e-02  1.25873056e-01  4.39021971e+03 
 4.57503581e+14  3.60735526e+34  1.27311000e+01  9.86836451e-01  1.10996000e+01  9.64608798e-01  3.19193190e-01  4.38588759e-02  1.25847866e-01  4.27088592e+03 
 4.58197189e+14  3.63558145e+34  1.27391000e+01  9.92815390e-01  1.11166000e+01  9.70629711e-01  3.19973314e-01  4.35087337e-02  1.25815330e-01  4.15578594e+03 
 4.58890798e+14  3.66380763e+34  1.27471000e+01  9.98771684e-01  1.11336000e+01  9.76638557e-01  3.20744910e-01  4.31440952e-02  1.25775577e-01  4.04473950e+03 
 4.59584406e+14  3.69203382e+34  1.27551000e+01  1.00470528e+00  1.11506000e+01  9.82635257e-01  3.21508035e-01  4.27652263e-02  1.25728736e-01  3.93757507e+03 
 4.60278014e+14  3.72026001e+34  1.27631000e+01  1.01061612e+00  1.11666000e+01  9.88547812e-01  3.22262739e-01  4.25054621e-02  1.25674926e-01  3.83412940e+03 
 4.60971623e+14  3.74935585e+34  1.27711000e+01  1.01668568e+00  1.11836000e+01  9.94666210e-01  3.23044506e-01  4.21553929e-02  1.25624451e-01  3.73121735e+03 
 4.61665231e+14  3.77846849e+34  1.27791000e+01  1.02273539e+00  1.12006000e+01  1.00077485e+00  3.23818360e-01  4.17919396e-02  1.25567071e-01  3.63185973e+03 
 4.62358840e+14  3.80758113e+34  1.27881000e+01  1.02876169e+00  1.12176000e+01  1.00687080e+00  3.24532906e-01  4.14142961e-02  1.25509570e-01  3.53754057e+03 
 4.63052448e+14  3.83669376e+34  1.27961000e+01  1.03476453e+00  1.12336000e+01  1.01288117e+00  3.25289653e-01  4.11544455e-02  1.25438421e-01  3.44492222e+03 
 4.63746057e+14  3.86580640e+34  1.28041000e+01  1.04074388e+00  1.12506000e+01  1.01895137e+00  3.26037976e-01  4.07487988e-02  1.25360556e-01  3.35548461e+03 
 4.64439665e+14  3.89540112e+34  1.28121000e+01  1.04679825e+00  1.12666000e+01  1.02501512e+00  3.26796895e-01  4.04905853e-02  1.25281129e-01  3.26768880e+03 
 4.65133274e+14  3.92541790e+34  1.28201000e+01  1.05291492e+00  1.12836000e+01  1.03120855e+00  3.27563882e-01  4.01131800e-02  1.25143505e-01  3.18029465e+03 
 4.65826882e+14  3.95543469e+34  1.28281000e+01  1.05900743e+00  1.12996000e+01  1.03731496e+00  3.28322332e-01  3.98522996e-02  1.25055041e-01  3.09732106e+03 
 4.66520491e+14  3.98545147e+34  1.28361000e+01  1.06507573e+00  1.13166000e+01  1.04348152e+00  3.29072291e-01  3.94470533e-02  1.24959995e-01  3.01718811e+03 
 4.67214099e+14  4.01546826e+34  1.28451000e+01  1.07111981e+00  1.13326000e+01  1.04956059e+00  3.29762468e-01  3.91579940e-02  1.24865646e-01  2.94109156e+03 
 4.67907708e+14  4.04554588e+34  1.28531000e+01  1.07715180e+00  1.13486000e+01  1.05563563e+00  3.30497862e-01  3.88587172e-02  1.24758431e-01  2.86611196e+03 
 4.68601316e+14  4.07648453e+34  1.28611000e+01  1.08333156e+00  1.13646000e+01  1.06183625e+00  3.31257505e-01  3.85958657e-02  1.24652779e-01  2.79160485e+03 
 4.69294925e+14  4.10742317e+34  1.28691000e+01  1.08948640e+00  1.13806000e+01  1.06802255e+00  3.32008603e-01  3.83187379e-02  1.24485043e-01  2.71842500e+03 
 4.69988533e+14  4.13836181e+34  1.28771000e+01  1.09561631e+00  1.13966000e+01  1.07419448e+00  3.32751220e-01  3.80276144e-02  1.24366688e-01  2.64892915e+03 
 4.70682142e+14  4.16930046e+34  1.28861000e+01  1.10172127e+00  1.14126000e+01  1.08035199e+00  3.33433651e-01  3.77227347e-02  1.24249512e-01  2.58292559e+03 
 4.71375750e+14  4.20023910e+34  1.28941000e+01  1.10780125e+00  1.14286000e+01  1.08649503e+00  3.34159402e-01  3.74043698e-02  1.24118984e-01  2.51798139e+03 
 4.72069359e+14  4.23172174e+34  1.29021000e+01  1.11396263e+00  1.14446000e+01  1.09271006e+00  3.34896719e-01  3.71026295e-02  1.23986847e-01  2.45410364e+03 
 4.72762967e+14  4.26359997e+34  1.29101000e+01  1.12017588e+00  1.14606000e+01  1.09897314e+00  3.35640011e-01  3.68089266e-02  1.23796350e-01  2.39052433e+03 
 4.73456576e+14  4.29547819e+34  1.29181000e+01  1.12636347e+00  1.14766000e+01  1.10522124e+00  3.36374828e-01  3.65015727e-02  1.23655311e-01  2.33013769e+03 
 4.74150184e+14  4.32735641e+34  1.29271000e+01  1.13252539e+00  1.14916000e+01  1.11137812e+00  3.37049076e-01  3.63071093e-02  1.23515937e-01  2.27277887e+03 
 4.74843793e+14  4.35923463e+34  1.29351000e+01  1.13866163e+00  1.15076000e+01  1.11759594e+00  3.37767050e-01  3.59728720e-02  1.23363304e-01  2.21630684e+03 
 4.75537401e+14  4.39118140e+34  1.29431000e+01  1.14478531e+00  1.15226000e+01  1.12373276e+00  3.38479145e-01  3.57549021e-02  1.23205509e-01  2.16157250e+03 
 4.76231009e+14  4.42401692e+34  1.29511000e+01  1.15105297e+00  1.15386000e+01  1.13006920e+00  3.39214195e-01  3.54440434e-02  1.22993000e-01  2.10622859e+03 
 4.76924618e+14  4.45685243e+34  1.29601000e+01  1.15729427e+00  1.15546000e+01  1.13639009e+00  3.39888315e-01  3.51198272e-02  1.22837674e-01  2.05457841e+03 
 4.77618226e+14  4.48968795e+34  1.29681000e+01  1.16350920e+00  1.15696000e+01  1.14261814e+00  3.40606425e-01  3.49072944e-02  1.22669115e-01  2.00371646e+03 
 4.78311835e+14  4.52252347e+34  1.29761000e+01  1.16969775e+00  1.15846000e+01  1.14883015e+00  3.41316197e-01  3.46812911e-02  1.22495098e-01  1.95451825e+03 
 4.79005443e+14  4.55535899e+34  1.29841000e+01  1.17585995e+00  1.16006000e+01  1.15510372e+00  3.42017692e-01  3.43180023e-02  1.22315748e-01  1.90691799e+03 
 4.79699052e+14  4.58872423e+34  1.29921000e+01  1.18209470e+00  1.16156000e+01  1.16136463e+00  3.42728921e-01  3.40919007e-02  1.22079401e-01  1.85928595e+03 
 4.80392660e+14  4.62253474e+34  1.30001000e+01  1.18838569e+00  1.16306000e+01  1.16767701e+00  3.43446859e-01  3.38741329e-02  1.21895181e-01  1.81343217e+03 
 4.81086269e+14  4.65634525e+34  1.30091000e+01  1.19464962e+00  1.16456000e+01  1.17397281e+00  3.44103500e-01  3.36430046e-02  1.21713593e-01  1.76986843e+03 
 4.81779877e+14  4.69015577e+34  1.30171000e+01  1.20088650e+00  1.16606000e+01  1.18025199e+00  3.44804663e-01  3.33987982e-02  1.21518981e-01  1.72692663e+03 
 4.82473486e+14  4.72396628e+34  1.30251000e+01  1.20709637e+00  1.16756000e+01  1.18651454e+00  3.45497573e-01  3.31417362e-02  1.21319343e-01  1.68536529e+03 
 4.83167094e+14  4.75777679e+34  1.30331000e+01  1.21327922e+00  1.16906000e+01  1.19276046e+00  3.46182284e-01  3.28719992e-02  1.21114791e-01  1.64513068e+03 
 4.83860703e+14  4.79257359e+34  1.30411000e+01  1.21961468e+00  1.17056000e+01  1.19913692e+00  3.46890971e-01  3.26349331e-02  1.20855707e-01  1.60432905e+03 
 4.84554311e+14  4.82737677e+34  1.30501000e+01  1.22592358e+00  1.17206000e+01  1.20549719e+00  3.47538230e-01  3.23851464e-02  1.20654235e-01  1.56625745e+03 
 4.85247920e+14  4.86217994e+34  1.30581000e+01  1.23220478e+00  1.17356000e+01  1.21184027e+00  3.48230398e-01  3.21226425e-02  1.20439878e-01  1.52870676e+03 
 4.85941528e+14  4.89698312e+34  1.30661000e+01  1.23845831e+00  1.17496000e+01  1.21808651e+00  3.48914335e-01  3.19687291e-02  1.20220801e-01  1.49235083e+03 
 4.86635137e+14  4.93178630e+34  1.30741000e+01  1.24468419e+00  1.17646000e+01  1.22439503e+00  3.49590105e-01  3.16810940e-02  1.19997122e-01  1.45714364e+03 
 4.87328745e+14  4.96701564e+34  1.30821000e+01  1.25095825e+00  1.17796000e+01  1.23074861e+00  3.50271149e-01  3.13998235e-02  1.19770621e-01  1.42262987e+03 
 4.88022354e+14  5.00282911e+34  1.30901000e+01  1.25730807e+00  1.17936000e+01  1.23708978e+00  3.50962291e-01  3.12515818e-02  1.19541831e-01  1.38865572e+03 
 4.88715962e+14  5.03864258e+34  1.30981000e+01  1.26362955e+00  1.18086000e+01  1.24349328e+00  3.51645164e-01  3.09704132e-02  1.19254697e-01  1.35514736e+03 
 4.89409571e+14  5.07445606e+34  1.31061000e+01  1.26992272e+00  1.18226000e+01  1.24979837e+00  3.52319837e-01  3.07967830e-02  1.19017055e-01  1.32330059e+03 
 4.90103179e+14  5.11026953e+34  1.31141000e+01  1.27618761e+00  1.18366000e+01  1.25608534e+00  3.52986368e-01  3.06106155e-02  1.18775121e-01  1.29244981e+03 
 4.90796788e+14  5.14608301e+34  1.31221000e+01  1.28242428e+00  1.18516000e+01  1.26243526e+00  3.53644818e-01  3.02929908e-02  1.18529007e-01  1.26255724e+03 
 4.91490396e+14  5.18274702e+34  1.31301000e+01  1.28878016e+00  1.18656000e+01  1.26880764e+00  3.54320909e-01  3.01171485e-02  1.18281405e-01  1.23290841e+03 
 4.92184004e+14  5.21958837e+34  1.31381000e+01  1.29513787e+00  1.18796000e+01  1.27518674e+00  3.54994135e-01  2.99359269e-02  1.18030147e-01  1.20404892e+03 
 4.92877613e+14  5.25642972e+34  1.31471000e+01  1.30146665e+00  1.18936000e+01  1.28154718e+00  3.55605078e-01  2.97422972e-02  1.17783249e-01  1.17662078e+03 
 4.93571221e+14  5.29327107e+34  1.31541000e+01  1.30776657e+00  1.19076000e+01  1.28788898e+00  3.56316136e-01  2.95365511e-02  1.17515456e-01  1.14899440e+03 
 4.94264830e+14  5.33011241e+34  1.31621000e+01  1.31403766e+00  1.19216000e+01  1.29421214e+00  3.56965036e-01  2.93188094e-02  1.17252251e-01  1.12273288e+03 
 4.94958438e+14  5.36717326e+34  1.31701000e+01  1.32031711e+00  1.19356000e+01  1.30054732e+00  3.57612342e-01  2.90977437e-02  1.16985803e-01  1.09712383e+03 
 4.95652047e+14  5.40505999e+34  1.31781000e+01  1.32670700e+00  1.19496000e+01  1.30697893e+00  3.58275582e-01  2.88963106e-02  1.16717490e-01  1.07174930e+03 
 4.96345655e+14  5.44294673e+34  1.31861000e+01  1.33306738e+00  1.19636000e+01  1.31339136e+00  3.58930686e-01  2.86828490e-02  1.16445393e-01  1.04715750e+03 
 4.97039264e+14  5.48083346e+34  1.31941000e+01  1.33939831e+00  1.19776000e+01  1.31978462e+00  3.59577721e-01  2.84576000e-02  1.16169626e-01  1.02331915e+03 
 4.97732872e+14  5.51872020e+34  1.32021000e+01  1.34569983e+00  1.19916000e+01  1.32615873e+00  3.60216746e-01  2.82207194e-02  1.15942857e-01  1.00065986e+03 
 4.98426481e+14  5.55660693e+34  1.32101000e+01  1.35197202e+00  1.20046000e+01  1.33243058e+00  3.60847823e-01  2.80885499e-02  1.15659964e-01  9.78235546e+02 
 4.99120089e+14  5.59509810e+34  1.32181000e+01  1.35831443e+00  1.20186000e+01  1.33884866e+00  3.61487900e-01  2.78504946e-02  1.15374700e-01  9.56142349e+02 
 4.99813698e+14  5.63404765e+34  1.32261000e+01  1.36470239e+00  1.20316000e+01  1.34522618e+00  3.62132739e-01  2.77329366e-02  1.15086750e-01  9.34464808e+02 
 5.00507306e+14  5.67299721e+34  1.32341000e+01  1.37106033e+00  1.20456000e+01  1.35166737e+00  3.62769548e-01  2.74880336e-02  1.14795436e-01  9.13444633e+02 
 5.01200915e+14  5.71194676e+34  1.32411000e+01  1.37738833e+00  1.20586000e+01  1.35800500e+00  3.63453289e-01  2.73470115e-02  1.14492079e-01  8.92651957e+02 
 5.01894523e+14  5.75089632e+34  1.32491000e+01  1.38368643e+00  1.20726000e+01  1.36440672e+00  3.64074285e-01  2.70795258e-02  1.14246252e-01  8.73280605e+02 
 5.02588132e+14  5.78984588e+34  1.32571000e+01  1.38995474e+00  1.20856000e+01  1.37070459e+00  3.64687439e-01  2.69157640e-02  1.13945337e-01  8.54091303e+02 
 5.03281740e+14  5.82977090e+34  1.32651000e+01  1.39634948e+00  1.20986000e+01  1.37711228e+00  3.65318959e-01  2.67735483e-02  1.13642406e-01  8.35008308e+02 
 5.03975349e+14  5.86980062e+34  1.32721000e+01  1.40273047e+00  1.21116000e+01  1.38351333e+00  3.66000466e-01  2.66233817e-02  1.13327641e-01  8.16077295e+02 
 5.04668957e+14  5.90983034e+34  1.32801000e+01  1.40908097e+00  1.21256000e+01  1.38997876e+00  3.66618950e-01  2.63478101e-02  1.13070258e-01  7.98442663e+02 
 5.05362566e+14  5.94986006e+34  1.32881000e+01  1.41540108e+00  1.21386000e+01  1.39633907e+00  3.67229575e-01  2.61751561e-02  1.12758428e-01  7.80969761e+02 
 5.06056174e+14  5.98988978e+34  1.32951000e+01  1.42169086e+00  1.21516000e+01  1.40267895e+00  3.67887743e-01  2.59914738e-02  1.12434883e-01  7.63662804e+02 
 5.06749782e+14  6.03015266e+34  1.33031000e+01  1.42798679e+00  1.21636000e+01  1.40894336e+00  3.68488911e-01  2.59174607e-02  1.12168855e-01  7.47453177e+02 
 5.07443391e+14  6.07127979e+34  1.33111000e+01  1.43438689e+00  1.21776000e+01  1.41547009e+00  3.69104584e-01  2.56335688e-02  1.11849288e-01  7.31037743e+02 
 5.08136999e+14  6.11240692e+34  1.33181000e+01  1.44075599e+00  1.21896000e+01  1.42180475e+00  3.69767906e-01  2.55644090e-02  1.11518037e-01  7.14780481e+02 
 5.08830608e+14  6.15353405e+34  1.33261000e+01  1.44709418e+00  1.22026000e+01  1.42820406e+00  3.70367938e-01  2.53714070e-02  1.11244011e-01  6.99642796e+02 
 5.09524216e+14  6.19466118e+34  1.33341000e+01  1.45340157e+00  1.22156000e+01  1.43458249e+00  3.70960216e-01  2.51677096e-02  1.10916613e-01  6.84629167e+02 
 5.10217825e+14  6.23578831e+34  1.33411000e+01  1.45967823e+00  1.22276000e+01  1.44085373e+00  3.71600513e-01  2.50655418e-02  1.10628302e-01  6.70049933e+02 
 5.10911433e+14  6.27746852e+34  1.33491000e+01  1.46600815e+00  1.22406000e+01  1.44726042e+00  3.72191245e-01  2.48571610e-02  1.10296065e-01  6.55701848e+02 
 5.11605042e+14  6.31971018e+34  1.33561000e+01  1.47239197e+00  1.22536000e+01  1.45371690e+00  3.72843974e-01  2.46549854e-02  1.10002646e-01  6.41582654e+02 
 5.12298650e+14  6.36195185e+34  1.33641000e+01  1.47874441e+00  1.22656000e+01  1.46006520e+00  3.73433155e-01  2.45534717e-02  1.09665626e-01  6.27873138e+02 
 5.12992259e+14  6.40419351e+34  1.33711000e+01  1.48506556e+00  1.22786000e+01  1.46647885e+00  3.74070585e-01  2.43300813e-02  1.09367321e-01  6.14558880e+02 
 5.13685867e+14  6.44643517e+34  1.33781000e+01  1.49135554e+00  1.22906000e+01  1.47278405e+00  3.74700491e-01  2.42073071e-02  1.09016691e-01  6.01350403e+02 
 5.14379476e+14  6.48867683e+34  1.33861000e+01  1.49761444e+00  1.23026000e+01  1.47906767e+00  3.75266848e-01  2.40740549e-02  1.08723050e-01  5.89060960e+02 
 5.15073084e+14  6.53177144e+34  1.33931000e+01  1.50396800e+00  1.23156000e+01  1.48552250e+00  3.75902126e-01  2.38439366e-02  1.08417552e-01  5.76607860e+02 
 5.15766693e+14  6.57514463e+34  1.34011000e+01  1.51033087e+00  1.23276000e+01  1.49190232e+00  3.76480264e-01  2.37214565e-02  1.08069307e-01  5.64433123e+02 
 5.16460301e+14  6.61851782e+34  1.34081000e+01  1.51666202e+00  1.23396000e+01  1.49826001e+00  3.77107003e-01  2.35885537e-02  1.07759346e-01  5.52605848e+02 
 5.17153910e+14  6.66189101e+34  1.34151000e+01  1.52296154e+00  1.23516000e+01  1.50459567e+00  3.77726264e-01  2.34453162e-02  1.07447280e-01  5.41113901e+02 
 5.17847518e+14  6.70526420e+34  1.34231000e+01  1.52922956e+00  1.23636000e+01  1.51090939e+00  3.78281728e-01  2.32918825e-02  1.07093284e-01  5.29945636e+02 
 5.18541127e+14  6.74863739e+34  1.34301000e+01  1.53546619e+00  1.23756000e+01  1.51720120e+00  3.78886148e-01  2.31284824e-02  1.06777390e-01  5.19089962e+02 
 5.19234735e+14  6.79314112e+34  1.34371000e+01  1.54183319e+00  1.23876000e+01  1.52360687e+00  3.79509097e-01  2.29847973e-02  1.06458557e-01  5.08264466e+02 
 5.19928344e+14  6.83766270e+34  1.34441000e+01  1.54817060e+00  1.23996000e+01  1.52999222e+00  3.80124963e-01  2.28313911e-02  1.06137781e-01  4.97740495e+02 
 5.20621952e+14  6.88218427e+34  1.34511000e+01  1.55447598e+00  1.24116000e+01  1.53635512e+00  3.80733402e-01  2.26679990e-02  1.05766461e-01  4.87287516e+02 
 5.21315561e+14  6.92670584e+34  1.34591000e+01  1.56074944e+00  1.24236000e+01  1.54269565e+00  3.81277800e-01  2.24947746e-02  1.05451594e-01  4.77568512e+02 
 5.22009169e+14  6.97122742e+34  1.34661000e+01  1.56699111e+00  1.24346000e+01  1.54892473e+00  3.81871498e-01  2.24199700e-02  1.05125668e-01  4.67900661e+02 
 5.22702777e+14  7.01596755e+34  1.34731000e+01  1.57323154e+00  1.24466000e+01  1.55524620e+00  3.82462761e-01  2.22327542e-02  1.04797859e-01  4.58453442e+02 
 5.23396386e+14  7.06165420e+34  1.34801000e+01  1.57957155e+00  1.24576000e+01  1.56156638e+00  3.83067530e-01  2.21669485e-02  1.04467242e-01  4.49073641e+02 
 5.24089994e+14  7.10734086e+34  1.34871000e+01  1.58587914e+00  1.24696000e+01  1.56795319e+00  3.83664922e-01  2.19834917e-02  1.04135038e-01  4.39954447e+02 
 5.24783603e+14  7.15302752e+34  1.34941000e+01  1.59215443e+00  1.24806000e+01  1.57422730e+00  3.84254994e-01  2.18978854e-02  1.03801323e-01  4.31087008e+02 
 5.25477211e+14  7.19871418e+34  1.35011000e+01  1.59839757e+00  1.24926000e+01  1.58056858e+00  3.84837810e-01  2.16953099e-02  1.03466173e-01  4.22462813e+02 
 5.26170820e+14  7.24440084e+34  1.35081000e+01  1.60460866e+00  1.25036000e+01  1.58679702e+00  3.85413426e-01  2.15904702e-02  1.03129659e-01  4.14073686e+02 
 5.26864428e+14  7.29051583e+34  1.35151000e+01  1.61084568e+00  1.25146000e+01  1.59305137e+00  3.85990951e-01  2.14861110e-02  1.02791173e-01  4.05836252e+02 
 5.27558037e+14  7.33738411e+34  1.35221000e+01  1.61715192e+00  1.25266000e+01  1.59945889e+00  3.86577144e-01  2.12829637e-02  1.02450193e-01  3.97692839e+02 
 5.28251645e+14  7.38425238e+34  1.35291000e+01  1.62342551e+00  1.25376000e+01  1.60575259e+00  3.87156071e-01  2.11768906e-02  1.02107945e-01  3.89771985e+02 
 5.28945254e+14  7.43112066e+34  1.35361000e+01  1.62966658e+00  1.25486000e+01  1.61202296e+00  3.87727793e-01  2.10613640e-02  1.01764502e-01  3.82066241e+02 
 5.29638862e+14  7.47798894e+34  1.35421000e+01  1.63587527e+00  1.25596000e+01  1.61827007e+00  3.88349728e-01  2.09365579e-02  1.01410374e-01  3.74394885e+02 
 5.30332471e+14  7.52485722e+34  1.35491000e+01  1.64205173e+00  1.25706000e+01  1.62449403e+00  3.88907268e-01  2.08025613e-02  1.01111617e-01  3.67271734e+02 
 5.31026079e+14  7.57233466e+34  1.35561000e+01  1.64827581e+00  1.25816000e+01  1.63076237e+00  3.89470127e-01  2.06727412e-02  1.00763717e-01  3.60078297e+02 
 5.31719688e+14  7.62040092e+34  1.35631000e+01  1.65454423e+00  1.25926000e+01  1.63707234e+00  3.90037770e-01  2.05464703e-02  1.00413716e-01  3.52991563e+02 
 5.32413296e+14  7.66846717e+34  1.35691000e+01  1.66077981e+00  1.26036000e+01  1.64335865e+00  3.90655845e-01  2.04110578e-02  1.00053144e-01  3.45934640e+02 
 5.33106905e+14  7.71653343e+34  1.35761000e+01  1.66698269e+00  1.26146000e+01  1.64962138e+00  3.91209296e-01  2.02666157e-02  9.97476257e-02  3.39383435e+02 
 5.33800513e+14  7.76459968e+34  1.35831000e+01  1.67315302e+00  1.26246000e+01  1.65576860e+00  3.91755716e-01  2.02180857e-02  9.93947861e-02  3.32849695e+02 
 5.34494122e+14  7.81266594e+34  1.35891000e+01  1.67929095e+00  1.26356000e+01  1.66198439e+00  3.92352906e-01  2.00558163e-02  9.90776268e-02  3.26488367e+02 
 5.35187730e+14  7.86149092e+34  1.35961000e+01  1.68549286e+00  1.26466000e+01  1.66825845e+00  3.92900233e-01  1.99004075e-02  9.87215655e-02  3.20197238e+02 
 5.35881339e+14  7.91077131e+34  1.36031000e+01  1.69171959e+00  1.26566000e+01  1.67446518e+00  3.93449367e-01  1.98496330e-02  9.83638290e-02  3.14015706e+02 
 5.36574947e+14  7.96005170e+34  1.36091000e+01  1.69791332e+00  1.26676000e+01  1.68074047e+00  3.94049375e-01  1.96856931e-02  9.80414325e-02  3.07997704e+02 
 5.37268555e+14  8.00933210e+34  1.36161000e+01  1.70407422e+00  1.26776000e+01  1.68689907e+00  3.94584544e-01  1.96170785e-02  9.76822546e-02  3.02137886e+02 
 5.37962164e+14  8.05861249e+34  1.36221000e+01  1.71020243e+00  1.26886000e+01  1.69312674e+00  3.95170814e-01  1.94359558e-02  9.73582526e-02  2.96431173e+02 
 5.38655772e+14  8.10789288e+34  1.36291000e+01  1.71629812e+00  1.26986000e+01  1.69923768e+00  3.95692248e-01  1.93499978e-02  9.69978700e-02  2.90872611e+02 
 5.39349381e+14  8.15804790e+34  1.36351000e+01  1.72246891e+00  1.27086000e+01  1.70541619e+00  3.96281320e-01  1.92721724e-02  9.66704835e-02  2.85362534e+02 
 5.40042989e+14  8.20855839e+34  1.36411000e+01  1.72865025e+00  1.27196000e+01  1.71170099e+00  3.96870185e-01  1.90892009e-02  9.62965103e-02  2.79827389e+02 
 5.40736598e+14  8.25906888e+34  1.36481000e+01  1.73479851e+00  1.27296000e+01  1.71786813e+00  3.97393988e-01  1.90008367e-02  9.59767273e-02  2.74694585e+02 
 5.41430206e+14  8.30957937e+34  1.36541000e+01  1.74091382e+00  1.27396000e+01  1.72401100e+00  3.97969225e-01  1.89039918e-02  9.56465883e-02  2.69567106e+02 
 5.42123815e+14  8.36008986e+34  1.36601000e+01  1.74699635e+00  1.27496000e+01  1.73012974e+00  3.98537759e-01  1.87987430e-02  9.52712362e-02  2.64447570e+02 
 5.42817423e+14  8.41060036e+34  1.36671000e+01  1.75304628e+00  1.27596000e+01  1.73622444e+00  3.99041235e-01  1.86852271e-02  9.49498599e-02  2.59703419e+02 
 5.43511032e+14  8.46206530e+34  1.36731000e+01  1.75917730e+00  1.27696000e+01  1.74239202e+00  3.99613551e-01  1.85805848e-02  9.46159107e-02  2.54870422e+02 
 5.44204640e+14  8.51382163e+34  1.36791000e+01  1.76530978e+00  1.27796000e+01  1.74856466e+00  4.00184346e-01  1.84727581e-02  9.42807524e-02  2.50134969e+02 
 5.44898249e+14  8.56557797e+34  1.36851000e+01  1.77140909e+00  1.27896000e+01  1.75471277e+00  4.00748443e-01  1.83567178e-02  9.39010602e-02  2.45405567e+02 
 5.45591857e+14  8.61733430e+34  1.36921000e+01  1.77747539e+00  1.27996000e+01  1.76083651e+00  4.01247263e-01  1.82325119e-02  9.35749743e-02  2.41024077e+02 
 5.46285466e+14  8.66909063e+34  1.36981000e+01  1.78350886e+00  1.28096000e+01  1.76693592e+00  4.01798063e-01  1.81004032e-02  9.32387760e-02  2.36641140e+02 
 5.46979074e+14  8.72084696e+34  1.37041000e+01  1.78950967e+00  1.28186000e+01  1.77291627e+00  4.02342326e-01  1.80617368e-02  9.29022829e-02  2.32368426e+02 
 5.47672683e+14  8.77359908e+34  1.37101000e+01  1.79559265e+00  1.28286000e+01  1.77906539e+00  4.02897193e-01  1.79304012e-02  9.25629528e-02  2.28123272e+02 
 5.48366291e+14  8.82661677e+34  1.37161000e+01  1.80167295e+00  1.28386000e+01  1.78521597e+00  4.03449993e-01  1.77955615e-02  9.22226783e-02  2.23964681e+02 
 5.49059900e+14  8.87963446e+34  1.37221000e+01  1.80772005e+00  1.28476000e+01  1.79124658e+00  4.03996205e-01  1.77536894e-02  9.18821955e-02  2.19910910e+02 
 5.49753508e+14  8.93265214e+34  1.37281000e+01  1.81373411e+00  1.28576000e+01  1.79734789e+00  4.04535879e-01  1.76031252e-02  9.15415489e-02  2.15958700e+02 
 5.50447117e+14  8.98566983e+34  1.37341000e+01  1.81971532e+00  1.28666000e+01  1.80332916e+00  4.05069072e-01  1.75454512e-02  9.12007854e-02  2.12104911e+02 
 5.51140725e+14  9.03868752e+34  1.37401000e+01  1.82566385e+00  1.28756000e+01  1.80928589e+00  4.05595833e-01  1.74799481e-02  9.08599464e-02  2.08346516e+02 
 5.51834334e+14  9.09270138e+34  1.37461000e+01  1.83169088e+00  1.28856000e+01  1.81540920e+00  4.06132621e-01  1.73221976e-02  9.05163801e-02  2.04612488e+02 
 5.52527942e+14  9.14699569e+34  1.37521000e+01  1.83771589e+00  1.28946000e+01  1.82143852e+00  4.06667513e-01  1.72612035e-02  9.01720223e-02  2.00952516e+02 
 5.53221550e+14  9.20129001e+34  1.37571000e+01  1.84370769e+00  1.29046000e+01  1.82753899e+00  4.07255135e-01  1.70926875e-02  8.98603295e-02  1.97383352e+02 
 5.53915159e+14  9.25558432e+34  1.37631000e+01  1.84966647e+00  1.29136000e+01  1.83351859e+00  4.07777170e-01  1.70163745e-02  8.95158896e-02  1.93902192e+02 
 5.54608767e+14  9.30987863e+34  1.37691000e+01  1.85559242e+00  1.29226000e+01  1.83947340e+00  4.08292837e-01  1.69325723e-02  8.91715438e-02  1.90506365e+02 
 5.55302376e+14  9.36417295e+34  1.37751000e+01  1.86148569e+00  1.29316000e+01  1.84540359e+00  4.08802177e-01  1.68413190e-02  8.88273263e-02  1.87193283e+02 
 5.55995984e+14  9.41942041e+34  1.37801000e+01  1.86744922e+00  1.29406000e+01  1.85139754e+00  4.09379726e-01  1.67567039e-02  8.85127349e-02  1.83904340e+02 
 5.56689593e+14  9.47500637e+34  1.37861000e+01  1.87341601e+00  1.29496000e+01  1.85739778e+00  4.09896851e-01  1.66694934e-02  8.81651177e-02  1.80676286e+02 
 5.57383201e+14  9.53059233e+34  1.37921000e+01  1.87934964e+00  1.29586000e+01  1.86337294e+00  4.10407609e-01  1.65748935e-02  8.78177116e-02  1.77527058e+02 
 5.58076810e+14  9.58617829e+34  1.37971000e+01  1.88525029e+00  1.29676000e+01  1.86932317e+00  4.10971629e-01  1.64730158e-02  8.75022622e-02  1.74454287e+02 
 5.58770418e+14  9.64176426e+34  1.38031000e+01  1.89111813e+00  1.29766000e+01  1.87524859e+00  4.11469854e-01  1.63639493e-02  8.71552499e-02  1.71455654e+02 
 5.59464027e+14  9.69735022e+34  1.38081000e+01  1.89695337e+00  1.29846000e+01  1.88105197e+00  4.12021551e-01  1.63461527e-02  8.67987010e-02  1.68448810e+02 
 5.60157635e+14  9.75380040e+34  1.38141000e+01  1.90284625e+00  1.29936000e+01  1.88700561e+00  4.12520544e-01  1.62347326e-02  8.64910655e-02  1.65628135e+02 
 5.60851244e+14  9.81069277e+34  1.38201000e+01  1.90875210e+00  1.30026000e+01  1.89297388e+00  4.13019958e-01  1.61222177e-02  8.61412304e-02  1.62775014e+02 
 5.61544852e+14  9.86758514e+34  1.38251000e+01  1.91462485e+00  1.30116000e+01  1.89891704e+00  4.13572948e-01  1.60027055e-02  8.58228296e-02  1.59990488e+02 
 5.62238461e+14  9.92447750e+34  1.38301000e+01  1.92046469e+00  1.30196000e+01  1.90473738e+00  4.14119837e-01  1.59739107e-02  8.54638197e-02  1.57197505e+02 
 5.62932069e+14  9.98136987e+34  1.38361000e+01  1.92627181e+00  1.30286000e+01  1.91063059e+00  4.14600726e-01  1.58404750e-02  8.51557757e-02  1.54619086e+02 
 5.63625678e+14  1.00382622e+35  1.38411000e+01  1.93204641e+00  1.30366000e+01  1.91640099e+00  4.15135503e-01  1.57977104e-02  8.48380991e-02  1.52028347e+02 
 5.64319286e+14  1.00958815e+35  1.38471000e+01  1.93786189e+00  1.30456000e+01  1.92230806e+00  4.15614842e-01  1.56600797e-02  8.44880603e-02  1.49466462e+02 
 5.65012895e+14  1.01540948e+35  1.38521000e+01  1.94370425e+00  1.30536000e+01  1.92814341e+00  4.16156749e-01  1.56203654e-02  8.41672239e-02  1.46939498e+02 
 5.65706503e+14  1.02123080e+35  1.38571000e+01  1.94951361e+00  1.30616000e+01  1.93395335e+00  4.16692610e-01  1.55736927e-02  8.38466904e-02  1.44472338e+02 
 5.66400112e+14  1.02705213e+35  1.38621000e+01  1.95529017e+00  1.30706000e+01  1.93983673e+00  4.17222473e-01  1.54233305e-02  8.34864980e-02  1.41995204e+02 
 5.67093720e+14  1.03287345e+35  1.38681000e+01  1.96103412e+00  1.30786000e+01  1.94559651e+00  4.17686135e-01  1.53630876e-02  8.31766578e-02  1.39710458e+02 
 5.67787328e+14  1.03869478e+35  1.38731000e+01  1.96674565e+00  1.30866000e+01  1.95133132e+00  4.18204099e-01  1.52962152e-02  8.28573446e-02  1.37412417e+02 
 5.68480937e+14  1.04456998e+35  1.38781000e+01  1.97247741e+00  1.30946000e+01  1.95708674e+00  4.18723721e-01  1.52292011e-02  8.25368792e-02  1.35146963e+02 
 5.69174545e+14  1.05052482e+35  1.38831000e+01  1.97825393e+00  1.31026000e+01  1.96288405e+00  4.19248506e-01  1.51650291e-02  8.22145241e-02  1.32904291e+02 
 5.69868154e+14  1.05647965e+35  1.38881000e+01  1.98399758e+00  1.31106000e+01  1.96865600e+00  4.19767351e-01  1.50942195e-02  8.18926319e-02  1.30713876e+02 
 5.70561762e+14  1.06243448e+35  1.38931000e+01  1.98970856e+00  1.31186000e+01  1.97440278e+00  4.20280304e-01  1.50168341e-02  8.15712293e-02  1.28574206e+02 
 5.71255371e+14  1.06838932e+35  1.38981000e+01  1.99538707e+00  1.31266000e+01  1.98012451e+00  4.20787414e-01  1.49329892e-02  8.12503440e-02  1.26483822e+02 
 5.71948979e+14  1.07434415e+35  1.39031000e+01  2.00103331e+00  1.31346000e+01  1.98582131e+00  4.21288729e-01  1.48428074e-02  8.09300029e-02  1.24441311e+02 
 5.72642588e+14  1.08032871e+35  1.39081000e+01  2.00667543e+00  1.31426000e+01  1.99151760e+00  4.21788270e-01  1.47496996e-02  8.06093576e-02  1.22435455e+02 
 5.73336196e+14  1.08641844e+35  1.39131000e+01  2.01238394e+00  1.31506000e+01  1.99727465e+00  4.22296060e-01  1.46620151e-02  8.02862136e-02  1.20441091e+02 
 5.74029805e+14  1.09250817e+35  1.39181000e+01  2.01805973e+00  1.31586000e+01  2.00300639e+00  4.22798012e-01  1.45680134e-02  7.99636767e-02  1.18492486e+02 
 5.74723413e+14  1.09859791e+35  1.39231000e+01  2.02370303e+00  1.31666000e+01  2.00871293e+00  4.23294179e-01  1.44678192e-02  7.96417729e-02  1.16588336e+02 
 5.75417022e+14  1.10468764e+35  1.39281000e+01  2.02931402e+00  1.31736000e+01  2.01429432e+00  4.23784608e-01  1.44563438e-02  7.93205261e-02  1.14727379e+02 
 5.76110630e+14  1.11077737e+35  1.39331000e+01  2.03489290e+00  1.31816000e+01  2.01995092e+00  4.24269342e-01  1.43437935e-02  7.89999582e-02  1.12908394e+02 
