# rhoc (cgs) 	 Pc (cgs) 	 R (km) 	 M (msol) 	 R_core (km) 	 M_core (msol) 	 I/(MR^2) 	 I_crust/(M_crust R_crust^2)/(I/(MR^2)) 	 k_2 	 Lambda 
 2.30000000e+14  2.88631237e+33  1.93201000e+01  1.87060202e-01  6.48660000e+00  9.36066515e-02  8.27019917e-02  7.40225930e-01  1.14653189e-02  1.27965935e+07 
 2.31606902e+14  2.92669594e+33  1.92041000e+01  1.88364749e-01  6.51460000e+00  9.51328427e-02  8.37248493e-02  7.35783255e-01  1.17965727e-02  1.23394517e+07 
 2.33213804e+14  2.96707951e+33  1.90931000e+01  1.89657554e-01  6.54160000e+00  9.66349053e-02  8.47219969e-02  7.31458450e-01  1.21241534e-02  1.19056006e+07 
 2.34820706e+14  3.00746308e+33  1.89851000e+01  1.90938641e-01  6.56860000e+00  9.81454006e-02  8.57095184e-02  7.27087540e-01  1.24534937e-02  1.14935686e+07 
 2.36427608e+14  3.04784665e+33  1.88801000e+01  1.92208033e-01  6.59460000e+00  9.96303380e-02  8.66863482e-02  7.22840726e-01  1.27840586e-02  1.11019921e+07 
 2.38034510e+14  3.08823022e+33  1.87791000e+01  1.93465759e-01  6.61960000e+00  1.01088773e-01  8.76420697e-02  7.18722528e-01  1.31117934e-02  1.07296066e+07 
 2.39641412e+14  3.12941824e+33  1.86791000e+01  1.94736804e-01  6.64460000e+00  1.02566401e-01  8.86040139e-02  7.14567119e-01  1.34461885e-02  1.03682896e+07 
 2.41248314e+14  3.17090409e+33  1.85821000e+01  1.96005741e-01  6.66960000e+00  1.04055716e-01  8.95525027e-02  7.10372531e-01  1.37801078e-02  1.00219216e+07 
 2.42855216e+14  3.21238994e+33  1.84881000e+01  1.97263401e-01  6.69460000e+00  1.05552072e-01  9.04862989e-02  7.06137577e-01  1.41130690e-02  9.69211750e+06 
 2.44462117e+14  3.25387579e+33  1.83961000e+01  1.98509816e-01  6.71860000e+00  1.07020200e-01  9.14142377e-02  7.02039957e-01  1.44483457e-02  9.37789516e+06 
 2.46069019e+14  3.29536164e+33  1.83071000e+01  1.99745022e-01  6.74160000e+00  1.08459215e-01  9.23255644e-02  6.98083861e-01  1.47815545e-02  9.07833975e+06 
 2.47675921e+14  3.33722668e+33  1.82211000e+01  2.00980245e-01  6.76460000e+00  1.09909630e-01  9.32193406e-02  6.94094152e-01  1.51118005e-02  8.79003691e+06 
 2.49282823e+14  3.37977964e+33  1.81351000e+01  2.02224802e-01  6.78760000e+00  1.11376272e-01  9.41257577e-02  6.90071882e-01  1.54509749e-02  8.51043876e+06 
 2.50889725e+14  3.42233259e+33  1.80521000e+01  2.03458515e-01  6.80960000e+00  1.12812565e-01  9.50131265e-02  6.86197828e-01  1.57865997e-02  8.24358791e+06 
 2.52496627e+14  3.46488554e+33  1.79711000e+01  2.04681424e-01  6.83160000e+00  1.14253974e-01  9.58910003e-02  6.82291513e-01  1.61224153e-02  7.98876492e+06 
 2.54103529e+14  3.50743850e+33  1.78921000e+01  2.05893564e-01  6.85360000e+00  1.15700375e-01  9.67586862e-02  6.78352901e-01  1.64579967e-02  7.74529710e+06 
 2.55710431e+14  3.54999145e+33  1.78161000e+01  2.07094978e-01  6.87460000e+00  1.17114878e-01  9.76045282e-02  6.74568868e-01  1.67881921e-02  7.51255521e+06 
 2.57317333e+14  3.59354125e+33  1.77401000e+01  2.08313822e-01  6.89560000e+00  1.18548945e-01  9.84611325e-02  6.70757901e-01  1.71261182e-02  7.28479262e+06 
 2.58924235e+14  3.63711608e+33  1.76661000e+01  2.09522943e-01  6.91660000e+00  1.19987899e-01  9.93057741e-02  6.66917199e-01  1.74626556e-02  7.06682213e+06 
 2.60531137e+14  3.68069092e+33  1.75941000e+01  2.10721681e-01  6.93660000e+00  1.21393796e-01  1.00137750e-01  6.63237201e-01  1.77973486e-02  6.85824283e+06 
 2.62138039e+14  3.72426576e+33  1.75241000e+01  2.11910075e-01  6.95660000e+00  1.22803516e-01  1.00956357e-01  6.59529815e-01  1.81297118e-02  6.65855315e+06 
 2.63744941e+14  3.76784060e+33  1.74561000e+01  2.13088170e-01  6.97560000e+00  1.24179091e-01  1.01760892e-01  6.55987726e-01  1.84592492e-02  6.46728226e+06 
 2.65351843e+14  3.81198698e+33  1.73881000e+01  2.14271374e-01  6.99560000e+00  1.25604601e-01  1.02574453e-01  6.52228102e-01  1.87959091e-02  6.28161904e+06 
 2.66958745e+14  3.85653006e+33  1.73221000e+01  2.15455173e-01  7.01460000e+00  1.27001591e-01  1.03373234e-01  6.48636927e-01  1.91289253e-02  6.10206784e+06 
 2.68565647e+14  3.90107313e+33  1.72581000e+01  2.16628990e-01  7.03260000e+00  1.28363357e-01  1.04156401e-01  6.45216547e-01  1.94580191e-02  5.92992274e+06 
 2.70172549e+14  3.94561621e+33  1.71951000e+01  2.17792871e-01  7.05160000e+00  1.29766549e-01  1.04935460e-01  6.41576383e-01  1.97884155e-02  5.76480513e+06 
 2.71779450e+14  3.99015928e+33  1.71331000e+01  2.18946860e-01  7.06960000e+00  1.31133909e-01  1.05710113e-01  6.38109183e-01  2.01199250e-02  5.60635869e+06 
 2.73386352e+14  4.02863121e+33  1.70821000e+01  2.19935525e-01  7.08460000e+00  1.32295553e-01  1.06353669e-01  6.35204769e-01  2.03965777e-02  5.47463361e+06 
 2.74993254e+14  4.04278916e+33  1.70631000e+01  2.20293613e-01  7.08960000e+00  1.32700958e-01  1.06594572e-01  6.34234660e-01  2.05010148e-02  5.42780063e+06 
 2.76600156e+14  4.05729495e+33  1.70451000e+01  2.20653671e-01  7.09560000e+00  1.33147751e-01  1.06823427e-01  6.33062375e-01  2.05998521e-02  5.38114214e+06 
 2.78207058e+14  4.07337437e+33  1.70241000e+01  2.21045602e-01  7.10160000e+00  1.33614734e-01  1.07090568e-01  6.31887772e-01  2.07164236e-02  5.33082681e+06 
 2.79813960e+14  4.08945233e+33  1.70051000e+01  2.21430433e-01  7.10760000e+00  1.34079045e-01  1.07332807e-01  6.30708067e-01  2.08214733e-02  5.28188870e+06 
 2.81420862e+14  4.10546976e+33  1.69851000e+01  2.21806888e-01  7.11260000e+00  1.34500589e-01  1.07587839e-01  6.29723303e-01  2.09332726e-02  5.23444824e+06 
 2.83027764e+14  4.12148719e+33  1.69671000e+01  2.22176531e-01  7.11860000e+00  1.34958972e-01  1.07817633e-01  6.28533169e-01  2.10332777e-02  5.18826944e+06 
 2.84634666e+14  4.13745184e+33  1.69481000e+01  2.22538288e-01  7.12360000e+00  1.35374770e-01  1.08060169e-01  6.27538363e-01  2.11399970e-02  5.14345185e+06 
 2.86241568e+14  4.15340829e+33  1.69301000e+01  2.22893302e-01  7.12960000e+00  1.35827581e-01  1.08289963e-01  6.26337368e-01  2.12409506e-02  5.09982007e+06 
 2.87848470e+14  4.16932228e+33  1.69131000e+01  2.23240954e-01  7.13460000e+00  1.36237999e-01  1.08506881e-01  6.25332157e-01  2.13360447e-02  5.05742006e+06 
 2.89455372e+14  4.18521869e+33  1.68951000e+01  2.23581919e-01  7.13960000e+00  1.36645912e-01  1.08736536e-01  6.24321809e-01  2.14378348e-02  5.01614100e+06 
 2.91062274e+14  4.20108268e+33  1.68781000e+01  2.23916018e-01  7.14460000e+00  1.37051196e-01  1.08953218e-01  6.23306285e-01  2.15336727e-02  4.97597805e+06 
 2.92669176e+14  4.21692000e+33  1.68621000e+01  2.24243498e-01  7.14960000e+00  1.37453989e-01  1.09156803e-01  6.22285560e-01  2.16234447e-02  4.93687653e+06 
 2.94276078e+14  4.23273464e+33  1.68461000e+01  2.24564577e-01  7.15360000e+00  1.37814596e-01  1.09360163e-01  6.21462175e-01  2.17134888e-02  4.89878754e+06 
 2.95882980e+14  4.24851378e+33  1.68301000e+01  2.24879115e-01  7.15860000e+00  1.38212488e-01  1.09563300e-01  6.20431295e-01  2.18038116e-02  4.86170569e+06 
 2.97489882e+14  4.26427970e+33  1.68141000e+01  2.25187688e-01  7.16260000e+00  1.38568326e-01  1.09766208e-01  6.19598252e-01  2.18943928e-02  4.82554320e+06 
 2.99096784e+14  4.28000154e+33  1.67991000e+01  2.25489808e-01  7.16760000e+00  1.38961559e-01  1.09955807e-01  6.18557233e-01  2.19787130e-02  4.79033765e+06 
 3.00703685e+14  4.29571936e+33  1.67841000e+01  2.25786369e-01  7.17160000e+00  1.39312857e-01  1.10145108e-01  6.17714560e-01  2.20632158e-02  4.75596756e+06 
 3.02310587e+14  4.31138477e+33  1.67691000e+01  2.26076574e-01  7.17560000e+00  1.39661596e-01  1.10334135e-01  6.16867271e-01  2.21479431e-02  4.72250838e+06 
 3.03917489e+14  4.32705018e+33  1.67551000e+01  2.26361509e-01  7.17960000e+00  1.40008459e-01  1.10509676e-01  6.16015279e-01  2.22262132e-02  4.68981891e+06 
 3.05524391e+14  4.34266490e+33  1.67411000e+01  2.26640366e-01  7.18360000e+00  1.40352888e-01  1.10684892e-01  6.15158733e-01  2.23046470e-02  4.65797739e+06 
 3.07131293e+14  4.35827472e+33  1.67271000e+01  2.26914072e-01  7.18760000e+00  1.40695468e-01  1.10859762e-01  6.14297551e-01  2.23832025e-02  4.62686392e+06 
 3.08738195e+14  4.37384335e+33  1.67131000e+01  2.27182099e-01  7.19160000e+00  1.41035820e-01  1.11034318e-01  6.13431863e-01  2.24619148e-02  4.59652555e+06 
 3.10345097e+14  4.38939839e+33  1.67001000e+01  2.27445025e-01  7.19460000e+00  1.41334031e-01  1.11195230e-01  6.12766533e-01  2.25340105e-02  4.56688445e+06 
 3.11951999e+14  4.40492149e+33  1.66871000e+01  2.27702645e-01  7.19860000e+00  1.41670437e-01  1.11355776e-01  6.11892063e-01  2.26062009e-02  4.53795230e+06 
 3.13558901e+14  4.42042256e+33  1.66741000e+01  2.27955223e-01  7.20160000e+00  1.41964603e-01  1.11515961e-01  6.11218483e-01  2.26784788e-02  4.50968878e+06 
 3.15165803e+14  4.43590067e+33  1.66611000e+01  2.28202843e-01  7.20560000e+00  1.42297222e-01  1.11675791e-01  6.10335392e-01  2.27508456e-02  4.48207406e+06 
 3.16772705e+14  4.45134854e+33  1.66491000e+01  2.28445482e-01  7.20860000e+00  1.42587509e-01  1.11821851e-01  6.09653724e-01  2.28164589e-02  4.45510109e+06 
 3.18379607e+14  4.46678221e+33  1.66371000e+01  2.28683489e-01  7.21160000e+00  1.42876028e-01  1.11967511e-01  6.08968112e-01  2.28821048e-02  4.42872216e+06 
 3.19986509e+14  4.48217763e+33  1.66251000e+01  2.28916582e-01  7.21460000e+00  1.43162553e-01  1.12112806e-01  6.08278712e-01  2.29478123e-02  4.40295994e+06 
 3.21593411e+14  4.49756737e+33  1.66131000e+01  2.29145346e-01  7.21760000e+00  1.43447467e-01  1.12257713e-01  6.07585423e-01  2.30135480e-02  4.37774183e+06 
 3.23200313e+14  4.51291109e+33  1.66011000e+01  2.29369268e-01  7.22060000e+00  1.43730375e-01  1.12402287e-01  6.06888491e-01  2.30793601e-02  4.35311687e+06 
 3.24807215e+14  4.52825481e+33  1.65901000e+01  2.29589107e-01  7.22360000e+00  1.44011791e-01  1.12532916e-01  6.06187724e-01  2.31382239e-02  4.32899441e+06 
 3.26414117e+14  4.54355016e+33  1.65791000e+01  2.29804254e-01  7.22660000e+00  1.44291244e-01  1.12663186e-01  6.05483433e-01  2.31971262e-02  4.30543465e+06 
 3.28021018e+14  4.55884290e+33  1.65671000e+01  2.30015435e-01  7.22960000e+00  1.44569234e-01  1.12806671e-01  6.04775419e-01  2.32630367e-02  4.28235193e+06 
 3.29627920e+14  4.57409605e+33  1.65571000e+01  2.30222219e-01  7.23260000e+00  1.44845413e-01  1.12922571e-01  6.04063916e-01  2.33149415e-02  4.25978709e+06 
 3.31234822e+14  4.58933851e+33  1.65461000e+01  2.30425076e-01  7.23460000e+00  1.45079379e-01  1.13051716e-01  6.03556201e-01  2.33738699e-02  4.23768358e+06 
 3.32841724e+14  4.60454994e+33  1.65351000e+01  2.30623814e-01  7.23760000e+00  1.45352369e-01  1.13180526e-01  6.02837885e-01  2.34328299e-02  4.21605719e+06 
 3.34448626e+14  4.61974280e+33  1.65251000e+01  2.30818667e-01  7.23960000e+00  1.45583060e-01  1.13295279e-01  6.02323810e-01  2.34847014e-02  4.19487725e+06 
 3.36055528e+14  4.63491298e+33  1.65151000e+01  2.31009660e-01  7.24260000e+00  1.45852968e-01  1.13409659e-01  6.01598850e-01  2.35365582e-02  4.17413670e+06 
 3.37662430e+14  4.65005692e+33  1.65051000e+01  2.31196817e-01  7.24460000e+00  1.46080499e-01  1.13523684e-01  6.01078618e-01  2.35884082e-02  4.15382852e+06 
 3.39269332e+14  4.66518630e+33  1.64951000e+01  2.31380353e-01  7.24760000e+00  1.46347428e-01  1.13637345e-01  6.00347208e-01  2.36402395e-02  4.13392526e+06 
 3.40876234e+14  4.68028197e+33  1.64851000e+01  2.31560105e-01  7.24960000e+00  1.46571905e-01  1.13750684e-01  5.99821012e-01  2.36920809e-02  4.11444091e+06 
 3.42483136e+14  4.69537101e+33  1.64751000e+01  2.31736461e-01  7.25160000e+00  1.46795042e-01  1.13863666e-01  5.99291846e-01  2.37438996e-02  4.09532971e+06 
 3.44090038e+14  4.71041906e+33  1.64661000e+01  2.31909087e-01  7.25360000e+00  1.47016540e-01  1.13962516e-01  5.98760009e-01  2.37885199e-02  4.07662456e+06 
 3.45696940e+14  4.72546710e+33  1.64571000e+01  2.32078517e-01  7.25560000e+00  1.47236803e-01  1.14060977e-01  5.98225243e-01  2.38330776e-02  4.05826447e+06 
 3.47303842e+14  4.74046923e+33  1.64471000e+01  2.32244295e-01  7.25760000e+00  1.47455430e-01  1.14173022e-01  5.97687955e-01  2.38848989e-02  4.04029593e+06 
 3.48910744e+14  4.75547027e+33  1.64381000e+01  2.32406983e-01  7.25960000e+00  1.47672852e-01  1.14270835e-01  5.97147830e-01  2.39294227e-02  4.02265538e+06 
 3.50517646e+14  4.77043355e+33  1.64291000e+01  2.32566239e-01  7.26160000e+00  1.47888757e-01  1.14368356e-01  5.96605212e-01  2.39739459e-02  4.00537718e+06 
 3.52124548e+14  4.78538819e+33  1.64211000e+01  2.32722434e-01  7.26360000e+00  1.48103427e-01  1.14451600e-01  5.96059907e-01  2.40111185e-02  3.98841872e+06 
 3.53731450e+14  4.80031302e+33  1.64121000e+01  2.32875405e-01  7.26560000e+00  1.48316694e-01  1.14548481e-01  5.95512144e-01  2.40555819e-02  3.97179570e+06 
 3.55338351e+14  4.81522187e+33  1.64031000e+01  2.33025350e-01  7.26760000e+00  1.48528697e-01  1.14645059e-01  5.94961846e-01  2.41000246e-02  3.95548450e+06 
 3.56945253e+14  4.83010867e+33  1.63951000e+01  2.33172260e-01  7.26960000e+00  1.48739403e-01  1.14727358e-01  5.94409094e-01  2.41370950e-02  3.93948382e+06 
 3.58552155e+14  4.84497230e+33  1.63871000e+01  2.33316181e-01  7.27060000e+00  1.48907694e-01  1.14809351e-01  5.94063857e-01  2.41741294e-02  3.92378723e+06 
 3.60159057e+14  4.85982145e+33  1.63781000e+01  2.33457250e-01  7.27260000e+00  1.49115895e-01  1.14905063e-01  5.93506458e-01  2.42185110e-02  3.90837819e+06 
 3.61765959e+14  4.87464044e+33  1.63701000e+01  2.33595368e-01  7.27360000e+00  1.49281619e-01  1.14986488e-01  5.93156955e-01  2.42554954e-02  3.89326580e+06 
 3.63372861e+14  4.88945235e+33  1.63621000e+01  2.33730802e-01  7.27560000e+00  1.49487389e-01  1.15067601e-01  5.92595043e-01  2.42924291e-02  3.87841956e+06 
 3.64979763e+14  4.90422725e+33  1.63541000e+01  2.33863330e-01  7.27760000e+00  1.49691822e-01  1.15148477e-01  5.92031060e-01  2.43293613e-02  3.86386274e+06 
 3.66586665e+14  4.91900216e+33  1.63471000e+01  2.33993327e-01  7.27860000e+00  1.49854029e-01  1.15214943e-01  5.91675191e-01  2.43587853e-02  3.84955244e+06 
 3.68193567e+14  4.93373365e+33  1.63391000e+01  2.34120466e-01  7.27960000e+00  1.50014850e-01  1.15295287e-01  5.91317652e-01  2.43956621e-02  3.83552437e+06 
 3.69800469e+14  4.94846502e+33  1.63311000e+01  2.34245161e-01  7.28160000e+00  1.50215900e-01  1.15375338e-01  5.90747295e-01  2.44324894e-02  3.82173127e+06 
 3.71407371e+14  4.96316056e+33  1.63241000e+01  2.34367161e-01  7.28260000e+00  1.50374431e-01  1.15441038e-01  5.90385888e-01  2.44618318e-02  3.80820041e+06 
 3.73014273e+14  4.97784892e+33  1.63171000e+01  2.34486744e-01  7.28460000e+00  1.50573193e-01  1.15506447e-01  5.89811576e-01  2.44911151e-02  3.79489997e+06 
 3.74621175e+14  4.99250887e+33  1.63091000e+01  2.34603784e-01  7.28560000e+00  1.50729496e-01  1.15585795e-01  5.89446465e-01  2.45278942e-02  3.78184352e+06 
 3.76228077e+14  5.00715474e+33  1.63021000e+01  2.34718437e-01  7.28660000e+00  1.50884727e-01  1.15650723e-01  5.89079565e-01  2.45571242e-02  3.76901295e+06 
 3.77834979e+14  5.02177945e+33  1.62951000e+01  2.34830690e-01  7.28760000e+00  1.51038848e-01  1.15715417e-01  5.88710994e-01  2.45863259e-02  3.75640916e+06 
 3.79441881e+14  5.03638335e+33  1.62881000e+01  2.34940587e-01  7.28860000e+00  1.51191875e-01  1.15779883e-01  5.88340781e-01  2.46155019e-02  3.74402689e+06 
 3.81048783e+14  5.05097316e+33  1.62811000e+01  2.35048219e-01  7.29060000e+00  1.51385218e-01  1.15844112e-01  5.87757359e-01  2.46446437e-02  3.73185553e+06 
 3.82655685e+14  5.06553559e+33  1.62741000e+01  2.35153526e-01  7.29160000e+00  1.51536113e-01  1.15908146e-01  5.87383868e-01  2.46737764e-02  3.71990139e+06 
 3.84262586e+14  5.08009085e+33  1.62671000e+01  2.35256694e-01  7.29260000e+00  1.51686057e-01  1.15971940e-01  5.87008687e-01  2.47028691e-02  3.70814331e+06 
 3.85869488e+14  5.09461230e+33  1.62611000e+01  2.35357572e-01  7.29360000e+00  1.51834863e-01  1.16021298e-01  5.86632152e-01  2.47243647e-02  3.69659818e+06 
 3.87476390e+14  5.10913335e+33  1.62541000e+01  2.35456431e-01  7.29460000e+00  1.51982794e-01  1.16084673e-01  5.86253924e-01  2.47534069e-02  3.68523523e+06 
 3.89083292e+14  5.12361429e+33  1.62481000e+01  2.35553035e-01  7.29560000e+00  1.52129568e-01  1.16133616e-01  5.85874481e-01  2.47748466e-02  3.67408116e+06 
 3.90690194e+14  5.13809524e+33  1.62411000e+01  2.35647688e-01  7.29660000e+00  1.52275492e-01  1.16196614e-01  5.85493400e-01  2.48038585e-02  3.66310114e+06 
 3.92297096e+14  5.15254237e+33  1.62351000e+01  2.35740206e-01  7.29760000e+00  1.52420332e-01  1.16245154e-01  5.85111101e-01  2.48252413e-02  3.65231653e+06 
 3.93903998e+14  5.16698328e+33  1.62281000e+01  2.35830798e-01  7.29760000e+00  1.52522864e-01  1.16307804e-01  5.84939642e-01  2.48542339e-02  3.64170309e+06 
 3.95510900e+14  5.18139732e+33  1.62221000e+01  2.35919369e-01  7.29860000e+00  1.52665812e-01  1.16355966e-01  5.84554707e-01  2.48755690e-02  3.63127205e+06 
 3.97117802e+14  5.19579866e+33  1.62161000e+01  2.36006038e-01  7.29960000e+00  1.52807862e-01  1.16403933e-01  5.84168403e-01  2.48968730e-02  3.62100964e+06 
 3.98724704e+14  5.21017991e+33  1.62101000e+01  2.36090795e-01  7.30060000e+00  1.52948974e-01  1.16451731e-01  5.83780847e-01  2.49181605e-02  3.61091744e+06 
 4.00331606e+14  5.22454213e+33  1.62041000e+01  2.36173678e-01  7.30160000e+00  1.53089165e-01  1.16499365e-01  5.83392062e-01  2.49394328e-02  3.60099124e+06 
 4.01938508e+14  5.23889090e+33  1.61981000e+01  2.36254746e-01  7.30160000e+00  1.53187006e-01  1.16546823e-01  5.83214801e-01  2.49606815e-02  3.59122397e+06 
 4.03545410e+14  5.25321444e+33  1.61921000e+01  2.36333968e-01  7.30260000e+00  1.53325377e-01  1.16594146e-01  5.82823742e-01  2.49819307e-02  3.58162024e+06 
 4.05152312e+14  5.26753104e+33  1.61861000e+01  2.36411474e-01  7.30360000e+00  1.53462940e-01  1.16641289e-01  5.82431386e-01  2.50031503e-02  3.57216455e+06 
 4.06759214e+14  5.28181634e+33  1.61811000e+01  2.36487160e-01  7.30360000e+00  1.53558041e-01  1.16673901e-01  5.82251128e-01  2.50166528e-02  3.56286989e+06 
 4.08366116e+14  5.29610105e+33  1.61751000e+01  2.36561218e-01  7.30460000e+00  1.53693891e-01  1.16720739e-01  5.81856575e-01  2.50378416e-02  3.55371342e+06 
 4.09973018e+14  5.31034853e+33  1.61691000e+01  2.36633488e-01  7.30560000e+00  1.53828762e-01  1.16767499e-01  5.81461197e-01  2.50590613e-02  3.54471550e+06 
 4.11579919e+14  5.32459601e+33  1.61641000e+01  2.36704186e-01  7.30560000e+00  1.53921386e-01  1.16799627e-01  5.81277858e-01  2.50724896e-02  3.53584968e+06 
 4.13186821e+14  5.33881173e+33  1.61581000e+01  2.36773180e-01  7.30660000e+00  1.54054603e-01  1.16846117e-01  5.80880445e-01  2.50936916e-02  3.52713317e+06 
 4.14793723e+14  5.35302181e+33  1.61531000e+01  2.36840627e-01  7.30660000e+00  1.54145541e-01  1.16877982e-01  5.80695365e-01  2.51071010e-02  3.51854695e+06 
 4.16400625e+14  5.36720664e+33  1.61481000e+01  2.36906457e-01  7.30760000e+00  1.54277149e-01  1.16909737e-01  5.80296003e-01  2.51205121e-02  3.51010032e+06 
 4.18007527e+14  5.38137973e+33  1.61421000e+01  2.36970761e-01  7.30760000e+00  1.54366442e-01  1.16955842e-01  5.80109278e-01  2.51416901e-02  3.50178277e+06 
 4.19614429e+14  5.39553393e+33  1.61371000e+01  2.37033529e-01  7.30860000e+00  1.54496476e-01  1.16987346e-01  5.79708067e-01  2.51550821e-02  3.49359582e+06 
 4.21221331e+14  5.40967043e+33  1.61321000e+01  2.37094792e-01  7.30860000e+00  1.54584164e-01  1.17018735e-01  5.79519773e-01  2.51684688e-02  3.48553646e+06 
 4.22828233e+14  5.42379429e+33  1.61271000e+01  2.37154597e-01  7.30960000e+00  1.54712659e-01  1.17049999e-01  5.79116806e-01  2.51818424e-02  3.47759932e+06 
 4.24435135e+14  5.43789460e+33  1.61211000e+01  2.37212921e-01  7.30960000e+00  1.54798782e-01  1.17095703e-01  5.78927041e-01  2.52030410e-02  3.46978829e+06 
 4.26042037e+14  5.45198838e+33  1.61161000e+01  2.37269860e-01  7.30960000e+00  1.54884201e-01  1.17126754e-01  5.78736453e-01  2.52164103e-02  3.46209147e+06 
 4.27648939e+14  5.46605287e+33  1.61111000e+01  2.37325342e-01  7.31060000e+00  1.55010365e-01  1.17157743e-01  5.78331248e-01  2.52298022e-02  3.45451926e+06 
 4.29255841e+14  5.48011683e+33  1.61071000e+01  2.37379504e-01  7.31060000e+00  1.55094306e-01  1.17174038e-01  5.78139226e-01  2.52353312e-02  3.44705388e+06 
 4.30862743e+14  5.49414589e+33  1.61021000e+01  2.37432238e-01  7.31060000e+00  1.55177400e-01  1.17204842e-01  5.77946831e-01  2.52487265e-02  3.43971155e+06 
 4.32469645e+14  5.50817495e+33  1.60971000e+01  2.37483694e-01  7.31160000e+00  1.55301449e-01  1.17235510e-01  5.77539267e-01  2.52620960e-02  3.43247189e+06 
 4.34076547e+14  5.52217430e+33  1.60921000e+01  2.37533787e-01  7.31160000e+00  1.55383114e-01  1.17266136e-01  5.77345573e-01  2.52754970e-02  3.42534824e+06 
 4.35683449e+14  5.53616830e+33  1.60871000e+01  2.37582624e-01  7.31160000e+00  1.55464129e-01  1.17296652e-01  5.77151155e-01  2.52888860e-02  3.41832627e+06 
 4.37290351e+14  5.55013871e+33  1.60831000e+01  2.37630161e-01  7.31260000e+00  1.55585993e-01  1.17312524e-01  5.76741731e-01  2.52944318e-02  3.41141310e+06 
 4.38897252e+14  5.56409802e+33  1.60781000e+01  2.37676461e-01  7.31260000e+00  1.55665596e-01  1.17342894e-01  5.76546195e-01  2.53078387e-02  3.40460084e+06 
 4.40504154e+14  5.57803973e+33  1.60731000e+01  2.37721526e-01  7.31260000e+00  1.55744501e-01  1.17373203e-01  5.76350172e-01  2.53212612e-02  3.39789062e+06 
 4.42111056e+14  5.59196471e+33  1.60691000e+01  2.37765374e-01  7.31260000e+00  1.55822719e-01  1.17388838e-01  5.76153653e-01  2.53268161e-02  3.39128043e+06 
 4.43717958e+14  5.60587797e+33  1.60641000e+01  2.37808042e-01  7.31260000e+00  1.55900288e-01  1.17419007e-01  5.75956597e-01  2.53402544e-02  3.38476608e+06 
 4.45324860e+14  5.61976896e+33  1.60601000e+01  2.37849514e-01  7.31360000e+00  1.56018762e-01  1.17434512e-01  5.75544276e-01  2.53458280e-02  3.37835081e+06 
 4.46931762e+14  5.63365402e+33  1.60551000e+01  2.37889862e-01  7.31360000e+00  1.56095025e-01  1.17464554e-01  5.75346205e-01  2.53592879e-02  3.37202538e+06 
 4.48538664e+14  5.64751137e+33  1.60511000e+01  2.37929037e-01  7.31360000e+00  1.56170571e-01  1.17479945e-01  5.75147867e-01  2.53648861e-02  3.36579812e+06 
 4.50145566e+14  5.66136845e+33  1.60471000e+01  2.37967135e-01  7.31360000e+00  1.56245555e-01  1.17495228e-01  5.74948895e-01  2.53704655e-02  3.35965513e+06 
 4.51752468e+14  5.67519251e+33  1.60421000e+01  2.38004085e-01  7.31360000e+00  1.56319807e-01  1.17525163e-01  5.74749780e-01  2.53840000e-02  3.35360941e+06 
 4.53359370e+14  5.68901656e+33  1.60381000e+01  2.38039992e-01  7.31360000e+00  1.56393511e-01  1.17540351e-01  5.74550053e-01  2.53896108e-02  3.34764483e+06 
 4.54966272e+14  5.70281293e+33  1.60341000e+01  2.38074801e-01  7.31360000e+00  1.56466527e-01  1.17555528e-01  5.74350134e-01  2.53952585e-02  3.34177194e+06 
 4.56573174e+14  5.71660402e+33  1.60301000e+01  2.38108586e-01  7.31360000e+00  1.56538978e-01  1.17570628e-01  5.74149718e-01  2.54009022e-02  3.33597974e+06 
 4.58180076e+14  5.73037320e+33  1.60261000e+01  2.38141320e-01  7.31360000e+00  1.56610784e-01  1.17585705e-01  5.73949057e-01  2.54065743e-02  3.33027384e+06 
 4.59786978e+14  5.74413166e+33  1.60211000e+01  2.38173047e-01  7.31360000e+00  1.56682009e-01  1.17615411e-01  5.73748008e-01  2.54201875e-02  3.32464836e+06 
 4.61393880e+14  5.75787387e+33  1.60171000e+01  2.38203773e-01  7.31360000e+00  1.56752631e-01  1.17630407e-01  5.73546663e-01  2.54258925e-02  3.31910384e+06 
 4.63000782e+14  5.77160001e+33  1.60131000e+01  2.38233510e-01  7.31360000e+00  1.56822656e-01  1.17645372e-01  5.73345036e-01  2.54316187e-02  3.31363916e+06 
 4.64607684e+14  5.78531548e+33  1.60091000e+01  2.38262288e-01  7.31360000e+00  1.56892118e-01  1.17660292e-01  5.73143063e-01  2.54373571e-02  3.30825074e+06 
 4.66214586e+14  5.79900962e+33  1.60051000e+01  2.38290096e-01  7.31360000e+00  1.56960968e-01  1.17675204e-01  5.72940912e-01  2.54431289e-02  3.30294162e+06 
 4.67821487e+14  5.81269854e+33  1.60021000e+01  2.38316987e-01  7.31360000e+00  1.57029295e-01  1.17675350e-01  5.72738361e-01  2.54409538e-02  3.29770401e+06 
 4.69428389e+14  5.82636100e+33  1.59981000e+01  2.38342927e-01  7.31360000e+00  1.57096996e-01  1.17690213e-01  5.72535737e-01  2.54467713e-02  3.29254533e+06 
 4.71035291e+14  5.84002346e+33  1.59941000e+01  2.38367984e-01  7.31360000e+00  1.57164208e-01  1.17705009e-01  5.72332662e-01  2.54525851e-02  3.28745407e+06 
 4.72642193e+14  5.85365467e+33  1.59901000e+01  2.38392116e-01  7.31360000e+00  1.57230784e-01  1.17719842e-01  5.72129617e-01  2.54584559e-02  3.28244072e+06 
 4.74249095e+14  5.86728575e+33  1.59861000e+01  2.38415392e-01  7.31360000e+00  1.57296881e-01  1.17734611e-01  5.71926148e-01  2.54643253e-02  3.27749271e+06 
 4.75855997e+14  5.88089115e+33  1.59831000e+01  2.38437779e-01  7.31360000e+00  1.57362380e-01  1.17734669e-01  5.71722644e-01  2.54622754e-02  3.27261814e+06 
 4.77462899e+14  5.89449115e+33  1.59791000e+01  2.38459326e-01  7.31360000e+00  1.57427384e-01  1.17749417e-01  5.71518824e-01  2.54681998e-02  3.26780882e+06 
 4.79069801e+14  5.90807092e+33  1.59751000e+01  2.38480022e-01  7.31360000e+00  1.57491827e-01  1.17764175e-01  5.71314917e-01  2.54741639e-02  3.26306881e+06 
 4.80676703e+14  5.92164014e+33  1.59721000e+01  2.38499895e-01  7.31360000e+00  1.57555761e-01  1.17764166e-01  5.71110788e-01  2.54721746e-02  3.25839364e+06 
 4.82283605e+14  5.93519450e+33  1.59681000e+01  2.38518951e-01  7.31260000e+00  1.57577563e-01  1.17778898e-01  5.71122751e-01  2.54781889e-02  3.25378385e+06 
 4.83890507e+14  5.94873322e+33  1.59641000e+01  2.38537203e-01  7.31260000e+00  1.57640450e-01  1.17793635e-01  5.70918426e-01  2.54842374e-02  3.24923865e+06 
 4.85497409e+14  5.96226235e+33  1.59611000e+01  2.38554666e-01  7.31260000e+00  1.57702846e-01  1.17793592e-01  5.70713885e-01  2.54823236e-02  3.24475511e+06 
 4.87104311e+14  5.97577087e+33  1.59571000e+01  2.38571343e-01  7.31260000e+00  1.57764706e-01  1.17808332e-01  5.70509332e-01  2.54884363e-02  3.24033586e+06 
 4.88711213e+14  5.98927496e+33  1.59541000e+01  2.38587266e-01  7.31260000e+00  1.57826107e-01  1.17808275e-01  5.70304522e-01  2.54865747e-02  3.23597453e+06 
 4.90318115e+14  6.00275356e+33  1.59501000e+01  2.38602420e-01  7.31260000e+00  1.57886959e-01  1.17823028e-01  5.70099790e-01  2.54927550e-02  3.23167728e+06 
 4.91925017e+14  6.01623215e+33  1.59471000e+01  2.38616845e-01  7.31160000e+00  1.57905788e-01  1.17822964e-01  5.70111287e-01  2.54909492e-02  3.22743479e+06 
 4.93531919e+14  6.02968176e+33  1.59441000e+01  2.38630523e-01  7.31160000e+00  1.57965659e-01  1.17822953e-01  5.69906455e-01  2.54892030e-02  3.22325541e+06 
 4.95138820e+14  6.04313070e+33  1.59401000e+01  2.38643490e-01  7.31160000e+00  1.58025106e-01  1.17837687e-01  5.69701347e-01  2.54954590e-02  3.21912960e+06 
 4.96745722e+14  6.05655592e+33  1.59371000e+01  2.38655741e-01  7.31160000e+00  1.58084032e-01  1.17837680e-01  5.69496333e-01  2.54937713e-02  3.21506327e+06 
 4.98352624e+14  6.06997549e+33  1.59341000e+01  2.38667300e-01  7.31160000e+00  1.58142519e-01  1.17837654e-01  5.69291145e-01  2.54921011e-02  3.21105028e+06 
 4.99959526e+14  6.08337651e+33  1.59301000e+01  2.38678164e-01  7.31060000e+00  1.58158936e-01  1.17852450e-01  5.69302767e-01  2.54984755e-02  3.20709382e+06 
 5.01566428e+14  6.09676697e+33  1.59271000e+01  2.38688352e-01  7.31060000e+00  1.58216486e-01  1.17852454e-01  5.69097574e-01  2.54968765e-02  3.20319048e+06 
 5.03173330e+14  6.11014397e+33  1.59241000e+01  2.38697873e-01  7.31060000e+00  1.58273577e-01  1.17852471e-01  5.68892352e-01  2.54953119e-02  3.19934037e+06 
 5.04780232e+14  6.12350559e+33  1.59211000e+01  2.38706736e-01  7.30960000e+00  1.58288632e-01  1.17852511e-01  5.68904056e-01  2.54937865e-02  3.19554328e+06 
 5.06387134e+14  6.13685873e+33  1.59181000e+01  2.38714954e-01  7.30960000e+00  1.58344833e-01  1.17852551e-01  5.68698823e-01  2.54922872e-02  3.19179650e+06 
 5.07994036e+14  6.15019177e+33  1.59141000e+01  2.38722529e-01  7.30960000e+00  1.58400560e-01  1.17867444e-01  5.68493681e-01  2.54988469e-02  3.18810266e+06 
 5.09600938e+14  6.16352124e+33  1.59111000e+01  2.38729483e-01  7.30960000e+00  1.58455885e-01  1.17867515e-01  5.68288396e-01  2.54974156e-02  3.18445624e+06 
 5.11207840e+14  6.17682595e+33  1.59081000e+01  2.38735812e-01  7.30860000e+00  1.58469165e-01  1.17867646e-01  5.68300396e-01  2.54960436e-02  3.18086241e+06 
 5.12814742e+14  6.19013065e+33  1.59051000e+01  2.38741537e-01  7.30860000e+00  1.58523629e-01  1.17867756e-01  5.68095170e-01  2.54946840e-02  3.17731375e+06 
 5.14421644e+14  6.20340855e+33  1.59021000e+01  2.38746658e-01  7.30860000e+00  1.58577608e-01  1.17867936e-01  5.67890179e-01  2.54933886e-02  3.17381673e+06 
 5.16028546e+14  6.21668518e+33  1.58991000e+01  2.38751189e-01  7.30760000e+00  1.58589659e-01  1.17868103e-01  5.67902264e-01  2.54921093e-02  3.17036407e+06 
 5.17635448e+14  6.22993999e+33  1.58961000e+01  2.38755137e-01  7.30760000e+00  1.58642806e-01  1.17868326e-01  5.67697359e-01  2.54908857e-02  3.16696026e+06 
 5.19242350e+14  6.24318879e+33  1.58931000e+01  2.38758514e-01  7.30760000e+00  1.58695564e-01  1.17868555e-01  5.67492388e-01  2.54896885e-02  3.16360060e+06 
 5.20849252e+14  6.25642068e+33  1.58901000e+01  2.38761325e-01  7.30660000e+00  1.58706354e-01  1.17868828e-01  5.67504889e-01  2.54885390e-02  3.16028736e+06 
 5.22456153e+14  6.26964189e+33  1.58871000e+01  2.38763580e-01  7.30660000e+00  1.58758284e-01  1.17869124e-01  5.67300121e-01  2.54874256e-02  3.15701824e+06 
 5.24063055e+14  6.28285103e+33  1.58851000e+01  2.38765287e-01  7.30660000e+00  1.58809811e-01  1.17854610e-01  5.67095396e-01  2.54783297e-02  3.15379283e+06 
 5.25669957e+14  6.29604490e+33  1.58821000e+01  2.38766454e-01  7.30560000e+00  1.58819400e-01  1.17854976e-01  5.67108273e-01  2.54773007e-02  3.15061165e+06 
 5.27276859e+14  6.30923144e+33  1.58791000e+01  2.38767091e-01  7.30560000e+00  1.58870141e-01  1.17855360e-01  5.66903722e-01  2.54763029e-02  3.14747187e+06 
 5.28883761e+14  6.32239819e+33  1.58761000e+01  2.38767203e-01  7.30460000e+00  1.58878944e-01  1.17855803e-01  5.66916902e-01  2.54753603e-02  3.14437610e+06 
 5.30490663e+14  6.33556230e+33  1.58731000e+01  2.38766800e-01  7.30460000e+00  1.58928912e-01  1.17856252e-01  5.66712549e-01  2.54744418e-02  3.14131957e+06 
 5.32097565e+14  6.34870218e+33  1.58711000e+01  2.38765891e-01  7.30460000e+00  1.58978450e-01  1.17841926e-01  5.66508454e-01  2.54655629e-02  3.13830664e+06 
 5.33704467e+14  6.36184206e+33  1.58681000e+01  2.38764477e-01  7.30360000e+00  1.58986146e-01  1.17842447e-01  5.66521943e-01  2.54647268e-02  3.13533158e+06 
 5.35311369e+14  6.38424292e+33  1.58631000e+01  2.38760982e-01  7.30360000e+00  1.59069602e-01  1.17841364e-01  5.66172492e-01  2.54622736e-02  3.13032255e+06 
 5.36918271e+14  6.40737220e+33  1.58581000e+01  2.38756112e-01  7.30260000e+00  1.59114078e-01  1.17837258e-01  5.66026572e-01  2.54581640e-02  3.12520659e+06 
 5.38525173e+14  6.49476719e+33  1.58401000e+01  2.38729298e-01  7.29960000e+00  1.59318234e-01  1.17800195e-01  5.65265457e-01  2.54311413e-02  3.10595542e+06 
 5.40132075e+14  6.60297980e+33  1.58161000e+01  2.38686478e-01  7.29560000e+00  1.59573751e-01  1.17761423e-01  5.64294592e-01  2.54014930e-02  3.08166591e+06 
 5.41738977e+14  6.71305055e+33  1.57921000e+01  2.38639380e-01  7.29160000e+00  1.59853733e-01  1.17698807e-01  5.63205053e-01  2.53586259e-02  3.05620841e+06 
 5.43345879e+14  6.82445091e+33  1.57651000e+01  2.38593099e-01  7.28660000e+00  1.60115617e-01  1.17661252e-01  5.62233498e-01  2.53288121e-02  3.02954539e+06 
 5.44952781e+14  6.93718555e+33  1.57381000e+01  2.38551269e-01  7.28260000e+00  1.60442483e-01  1.17605891e-01  5.60949063e-01  2.52888776e-02  3.00158592e+06 
 5.46559683e+14  7.05184487e+33  1.57091000e+01  2.38516661e-01  7.27760000e+00  1.60754817e-01  1.17561640e-01  5.59784001e-01  2.52542514e-02  2.97211628e+06 
 5.48166585e+14  7.16728657e+33  1.56791000e+01  2.38492060e-01  7.27260000e+00  1.61088914e-01  1.17519759e-01  5.58546835e-01  2.52202766e-02  2.94140108e+06 
 5.49773487e+14  7.28527710e+33  1.56471000e+01  2.38479300e-01  7.26760000e+00  1.61453339e-01  1.17488916e-01  5.57205608e-01  2.51913636e-02  2.90894766e+06 
 5.51380388e+14  7.40346920e+33  1.56141000e+01  2.38480488e-01  7.26360000e+00  1.61877848e-01  1.17465516e-01  5.55591895e-01  2.51657728e-02  2.87540601e+06 
 5.52987290e+14  7.52486421e+33  1.55791000e+01  2.38497425e-01  7.25860000e+00  1.62295449e-01  1.17452492e-01  5.54087304e-01  2.51446865e-02  2.83993208e+06 
 5.54594192e+14  7.64625923e+33  1.55431000e+01  2.38531258e-01  7.25360000e+00  1.62730910e-01  1.17450135e-01  5.52543338e-01  2.51285772e-02  2.80348340e+06 
 5.56201094e+14  7.77072403e+33  1.55061000e+01  2.38584251e-01  7.24960000e+00  1.63241331e-01  1.17445676e-01  5.50673523e-01  2.51101959e-02  2.76517434e+06 
 5.57807996e+14  7.89559786e+33  1.54671000e+01  2.38656687e-01  7.24460000e+00  1.63730614e-01  1.17467333e-01  5.48984336e-01  2.51049189e-02  2.72586054e+06 
 5.59414898e+14  8.02297554e+33  1.54271000e+01  2.38750941e-01  7.24060000e+00  1.64292031e-01  1.17491468e-01  5.46986245e-01  2.50997863e-02  2.68493894e+06 
 5.61021800e+14  8.15140354e+33  1.53851000e+01  2.38867199e-01  7.23660000e+00  1.64876557e-01  1.17540960e-01  5.44937399e-01  2.51071765e-02  2.64292772e+06 
 5.62628702e+14  8.28173893e+33  1.53421000e+01  2.39007236e-01  7.23260000e+00  1.65489056e-01  1.17597710e-01  5.42821306e-01  2.51172581e-02  2.59961721e+06 
 5.64235604e+14  8.41379750e+33  1.52981000e+01  2.39172000e-01  7.22860000e+00  1.66128551e-01  1.17663499e-01  5.40644718e-01  2.51309670e-02  2.55513223e+06 
 5.65842506e+14  8.54713552e+33  1.52521000e+01  2.39361803e-01  7.22460000e+00  1.66792191e-01  1.17756851e-01  5.38421126e-01  2.51582339e-02  2.50970404e+06 
 5.67449408e+14  8.68290212e+33  1.52051000e+01  2.39579335e-01  7.22060000e+00  1.67487197e-01  1.17858086e-01  5.36126107e-01  2.51883158e-02  2.46301546e+06 
 5.69056310e+14  8.81928778e+33  1.51581000e+01  2.39822471e-01  7.21760000e+00  1.68242507e-01  1.17961023e-01  5.33578307e-01  2.52181981e-02  2.41577735e+06 
 5.70663212e+14  8.95884090e+33  1.51081000e+01  2.40096702e-01  7.21360000e+00  1.68993479e-01  1.18101633e-01  5.31173716e-01  2.52666006e-02  2.36719195e+06 
 5.72270114e+14  9.09839403e+33  1.50581000e+01  2.40396531e-01  7.21060000e+00  1.69800282e-01  1.18248770e-01  5.28535701e-01  2.53174621e-02  2.31845383e+06 
 5.73877016e+14  9.24173852e+33  1.50061000e+01  2.40730934e-01  7.20860000e+00  1.70688021e-01  1.18417533e-01  5.25574967e-01  2.53780759e-02  2.26833268e+06 
 5.75483918e+14  9.38515772e+33  1.49541000e+01  2.41092093e-01  7.20560000e+00  1.71550725e-01  1.18594354e-01  5.22840498e-01  2.54419197e-02  2.21822105e+06 
 5.77090820e+14  9.53172072e+33  1.49001000e+01  2.41488302e-01  7.20260000e+00  1.72449735e-01  1.18798137e-01  5.20033788e-01  2.55184544e-02  2.16714601e+06 
 5.78697721e+14  9.67908660e+33  1.48451000e+01  2.41914031e-01  7.20060000e+00  1.73409138e-01  1.19024650e-01  5.16982627e-01  2.56059300e-02  2.11601761e+06 
 5.80304623e+14  9.82891438e+33  1.47901000e+01  2.42374555e-01  7.19860000e+00  1.74400049e-01  1.19251543e-01  5.13880413e-01  2.56919346e-02  2.06436087e+06 
 5.81911525e+14  9.98030858e+33  1.47331000e+01  2.42867873e-01  7.19660000e+00  1.75416122e-01  1.19516024e-01  5.10751429e-01  2.57967008e-02  2.01257875e+06 
 5.83518427e+14  1.01334474e+34  1.46761000e+01  2.43394969e-01  7.19560000e+00  1.76498703e-01  1.19786128e-01  5.07361858e-01  2.59029682e-02  1.96070943e+06 
 5.85125329e+14  1.02889527e+34  1.46181000e+01  2.43958684e-01  7.19460000e+00  1.77612094e-01  1.20076462e-01  5.03931689e-01  2.60184432e-02  1.90863515e+06 
 5.86732231e+14  1.04454489e+34  1.45591000e+01  2.44554370e-01  7.19360000e+00  1.78745866e-01  1.20394046e-01  5.00496769e-01  2.61473269e-02  1.85691140e+06 
 5.88339133e+14  1.06051489e+34  1.45001000e+01  2.45191077e-01  7.19260000e+00  1.79916653e-01  1.20714165e-01  4.97008401e-01  2.62755924e-02  1.80489763e+06 
 5.89946035e+14  1.07650488e+34  1.44401000e+01  2.45857147e-01  7.19160000e+00  1.81101474e-01  1.21066854e-01  4.93540100e-01  2.64204441e-02  1.75365963e+06 
 5.91552937e+14  1.09290284e+34  1.43791000e+01  2.46569270e-01  7.19160000e+00  1.82370269e-01  1.21437588e-01  4.89769075e-01  2.65728593e-02  1.70204267e+06 
 5.93159839e+14  1.10930080e+34  1.43181000e+01  2.47310184e-01  7.19160000e+00  1.83651146e-01  1.21826954e-01  4.86027652e-01  2.67344238e-02  1.65141475e+06 
 5.94766741e+14  1.12607233e+34  1.42561000e+01  2.48097053e-01  7.19160000e+00  1.84973125e-01  1.22238287e-01  4.82234089e-01  2.69058247e-02  1.60070140e+06 
 5.96373643e+14  1.14290684e+34  1.41941000e+01  2.48915785e-01  7.19260000e+00  1.86351968e-01  1.22667606e-01  4.78223907e-01  2.70859148e-02  1.55091859e+06 
 5.97980545e+14  1.16003666e+34  1.41321000e+01  2.49777830e-01  7.19360000e+00  1.87765682e-01  1.23106986e-01  4.74185578e-01  2.72695665e-02  1.50144934e+06 
 5.99587447e+14  1.17731641e+34  1.40691000e+01  2.50676319e-01  7.19460000e+00  1.89202635e-01  1.23580296e-01  4.70154799e-01  2.74705249e-02  1.45278174e+06 
 6.01194349e+14  1.19480925e+34  1.40061000e+01  2.51614624e-01  7.19560000e+00  1.90667674e-01  1.24068848e-01  4.66121377e-01  2.76782848e-02  1.40479926e+06 
 6.02801251e+14  1.21254304e+34  1.39431000e+01  2.52594651e-01  7.19760000e+00  1.92203400e-01  1.24572553e-01  4.61842121e-01  2.78927082e-02  1.35748496e+06 
 6.04408153e+14  1.23040360e+34  1.38801000e+01  2.53610108e-01  7.19860000e+00  1.93719594e-01  1.25096263e-01  4.57825667e-01  2.81169922e-02  1.31119540e+06 
 6.06015054e+14  1.24860034e+34  1.38171000e+01  2.54673257e-01  7.20060000e+00  1.95314192e-01  1.25633771e-01  4.53549545e-01  2.83468712e-02  1.26543926e+06 
 6.07621956e+14  1.26683332e+34  1.37541000e+01  2.55766589e-01  7.20360000e+00  1.96962079e-01  1.26195883e-01  4.49078214e-01  2.85896989e-02  1.22101160e+06 
 6.09228858e+14  1.28550200e+34  1.36901000e+01  2.56914309e-01  7.20560000e+00  1.98615951e-01  1.26789132e-01  4.44817003e-01  2.88476418e-02  1.17698338e+06 
 6.10835760e+14  1.30417068e+34  1.36271000e+01  2.58089780e-01  7.20860000e+00  2.00319730e-01  1.27391251e-01  4.40372828e-01  2.91099744e-02  1.13441870e+06 
 6.12442662e+14  1.32326181e+34  1.35641000e+01  2.59319621e-01  7.21160000e+00  2.02068698e-01  1.28008540e-01  4.35907178e-01  2.93784799e-02  1.09238499e+06 
 6.14049564e+14  1.34241156e+34  1.35011000e+01  2.60580634e-01  7.21560000e+00  2.03872300e-01  1.28652723e-01  4.31250803e-01  2.96615674e-02  1.05171378e+06 
 6.15656466e+14  1.36189367e+34  1.34381000e+01  2.61890712e-01  7.21860000e+00  2.05672788e-01  1.29316745e-01  4.26842061e-01  2.99540569e-02  1.01184244e+06 
 6.17263368e+14  1.38153369e+34  1.33761000e+01  2.63238334e-01  7.22260000e+00  2.07536176e-01  1.29986921e-01  4.22228679e-01  3.02488795e-02  9.73149441e+05 
 6.18870270e+14  1.40141153e+34  1.33141000e+01  2.64628797e-01  7.22660000e+00  2.09428599e-01  1.30680971e-01  4.17643232e-01  3.05560048e-02  9.35488625e+05 
 6.20477172e+14  1.42155115e+34  1.32521000e+01  2.66063957e-01  7.23160000e+00  2.11392839e-01  1.31399139e-01  4.12839000e-01  3.08755728e-02  8.98828218e+05 
 6.22084074e+14  1.44182943e+34  1.31911000e+01  2.67534818e-01  7.23560000e+00  2.13336532e-01  1.32125270e-01  4.08331803e-01  3.11988209e-02  8.63396081e+05 
 6.23690976e+14  1.46247808e+34  1.31301000e+01  2.69058314e-01  7.24060000e+00  2.15361433e-01  1.32874253e-01  4.03593046e-01  3.15333739e-02  8.28794585e+05 
 6.25297878e+14  1.48316150e+34  1.30701000e+01  2.70609453e-01  7.24560000e+00  2.17397013e-01  1.33634177e-01  3.98928200e-01  3.18740454e-02  7.95582644e+05 
 6.26904780e+14  1.50432872e+34  1.30091000e+01  2.72221965e-01  7.25060000e+00  2.19482967e-01  1.34436589e-01  3.94265887e-01  3.22373443e-02  7.63041347e+05 
 6.28511682e+14  1.52549593e+34  1.29501000e+01  2.73858908e-01  7.25660000e+00  2.21617104e-01  1.35230611e-01  3.89440527e-01  3.25956001e-02  7.31911565e+05 
 6.30118584e+14  1.54711736e+34  1.28911000e+01  2.75555238e-01  7.26160000e+00  2.23757889e-01  1.36048622e-01  3.84876572e-01  3.29657314e-02  7.01516074e+05 
 6.31725486e+14  1.56881277e+34  1.28331000e+01  2.77281136e-01  7.26760000e+00  2.25953221e-01  1.36877498e-01  3.80141524e-01  3.33420738e-02  6.72383826e+05 
 6.33332387e+14  1.59085838e+34  1.27751000e+01  2.79058245e-01  7.27460000e+00  2.28227841e-01  1.37733671e-01  3.75195922e-01  3.37331241e-02  6.44128022e+05 
 6.34939289e+14  1.61309172e+34  1.27181000e+01  2.80873513e-01  7.28060000e+00  2.30484830e-01  1.38598984e-01  3.70560539e-01  3.41288593e-02  6.16946355e+05 
 6.36546191e+14  1.63556623e+34  1.26621000e+01  2.82730901e-01  7.28760000e+00  2.32811123e-01  1.39472474e-01  3.65735309e-01  3.45284004e-02  5.90754650e+05 
 6.38153093e+14  1.65834734e+34  1.26061000e+01  2.84635848e-01  7.29360000e+00  2.35130088e-01  1.40375415e-01  3.61208387e-01  3.49445762e-02  5.65462638e+05 
 6.39759995e+14  1.68125542e+34  1.25511000e+01  2.86572931e-01  7.30060000e+00  2.37507804e-01  1.41288554e-01  3.56510876e-01  3.53667290e-02  5.41248111e+05 
 6.41366897e+14  1.70459424e+34  1.24971000e+01  2.88567801e-01  7.30860000e+00  2.39972160e-01  1.42207642e-01  3.51605684e-01  3.57902479e-02  5.17773673e+05 
 6.42973799e+14  1.72794052e+34  1.24441000e+01  2.90583917e-01  7.31560000e+00  2.42401202e-01  1.43138003e-01  3.47042297e-01  3.62212910e-02  4.95440953e+05 
 6.44580701e+14  1.75184710e+34  1.23911000e+01  2.92668863e-01  7.32360000e+00  2.44928632e-01  1.44096115e-01  3.42261074e-01  3.66666890e-02  4.73703703e+05 
 6.46187603e+14  1.77575367e+34  1.23391000e+01  2.94773633e-01  7.33160000e+00  2.47461346e-01  1.45065415e-01  3.37577130e-01  3.71198690e-02  4.53053059e+05 
 6.47794505e+14  1.80012064e+34  1.22871000e+01  2.96938363e-01  7.33960000e+00  2.50041440e-01  1.46064645e-01  3.32939574e-01  3.75897769e-02  4.33065459e+05 
 6.49401407e+14  1.82460512e+34  1.22371000e+01  2.99132511e-01  7.34760000e+00  2.52637262e-01  1.47049611e-01  3.28387619e-01  3.80504688e-02  4.14002398e+05 
 6.51008309e+14  1.84942967e+34  1.21871000e+01  3.01375519e-01  7.35560000e+00  2.55269041e-01  1.48065862e-01  3.23898765e-01  3.85297901e-02  3.95664456e+05 
 6.52615211e+14  1.87450229e+34  1.21391000e+01  3.03659047e-01  7.36460000e+00  2.57970453e-01  1.49065585e-01  3.19237755e-01  3.89973848e-02  3.78098703e+05 
 6.54222113e+14  1.89978900e+34  1.20911000e+01  3.05979451e-01  7.37260000e+00  2.60653711e-01  1.50097464e-01  3.14901095e-01  3.94853021e-02  3.61303031e+05 
 6.55829015e+14  1.92546012e+34  1.20431000e+01  3.08352283e-01  7.38160000e+00  2.63419084e-01  1.51161012e-01  3.10382159e-01  3.99922130e-02  3.45143291e+05 
 6.57435917e+14  1.95121354e+34  1.19971000e+01  3.10749125e-01  7.39060000e+00  2.66196003e-01  1.52207430e-01  3.05954779e-01  4.04882587e-02  3.29783785e+05 
 6.59042819e+14  1.97749359e+34  1.19511000e+01  3.13211169e-01  7.40060000e+00  2.69068316e-01  1.53284906e-01  3.01336962e-01  4.10019772e-02  3.14938952e+05 
 6.60649721e+14  2.00377364e+34  1.19071000e+01  3.15688705e-01  7.40960000e+00  2.71901651e-01  1.54343899e-01  2.97062668e-01  4.15044472e-02  3.00883102e+05 
 6.62256622e+14  2.03061774e+34  1.18621000e+01  3.18234558e-01  7.41960000e+00  2.74833707e-01  1.55460125e-01  2.92598850e-01  4.20421306e-02  2.87292510e+05 
 6.63863524e+14  2.05751727e+34  1.18191000e+01  3.20800303e-01  7.42860000e+00  2.77731372e-01  1.56556489e-01  2.88472916e-01  4.25672483e-02  2.74405076e+05 
 6.65470426e+14  2.08484763e+34  1.17771000e+01  3.23421229e-01  7.43860000e+00  2.80715163e-01  1.57657816e-01  2.84170495e-01  4.30934593e-02  2.62016678e+05 
 6.67077328e+14  2.11237728e+34  1.17361000e+01  3.26074984e-01  7.44860000e+00  2.83720564e-01  1.58763808e-01  2.79951887e-01  4.36224292e-02  2.50212973e+05 
 6.68684230e+14  2.14019835e+34  1.16951000e+01  3.28769889e-01  7.45860000e+00  2.86755836e-01  1.59901185e-01  2.75810989e-01  4.41718565e-02  2.38931582e+05 
 6.70291132e+14  2.16836886e+34  1.16551000e+01  3.31511410e-01  7.46960000e+00  2.89869783e-01  1.61042715e-01  2.71503066e-01  4.47226033e-02  2.28130355e+05 
 6.71898034e+14  2.19668504e+34  1.16161000e+01  3.34279178e-01  7.47960000e+00  2.92956280e-01  1.62187434e-01  2.67523150e-01  4.52757353e-02  2.17865755e+05 
 6.73504936e+14  2.22550725e+34  1.15781000e+01  3.37108200e-01  7.49060000e+00  2.96135938e-01  1.63335554e-01  2.63369160e-01  4.58282503e-02  2.07989569e+05 
 6.75111838e+14  2.25432945e+34  1.15401000e+01  3.39948333e-01  7.50060000e+00  2.99273877e-01  1.64513461e-01  2.59548189e-01  4.64031462e-02  1.98654811e+05 
 6.76718740e+14  2.28380768e+34  1.15031000e+01  3.42863912e-01  7.51160000e+00  3.02518827e-01  1.65694904e-01  2.55548073e-01  4.69762934e-02  1.89632479e+05 
 6.78325642e+14  2.31329251e+34  1.14681000e+01  3.45790394e-01  7.52260000e+00  3.05766093e-01  1.66847497e-01  2.51639082e-01  4.75303563e-02  1.81105726e+05 
 6.79932544e+14  2.34328543e+34  1.14321000e+01  3.48777039e-01  7.53360000e+00  3.09062378e-01  1.68060132e-01  2.47798685e-01  4.81241072e-02  1.72910637e+05 
 6.81539446e+14  2.37344391e+34  1.13981000e+01  3.51789547e-01  7.54560000e+00  3.12419789e-01  1.69243041e-01  2.43803821e-01  4.86966304e-02  1.65125807e+05 
 6.83146348e+14  2.40395578e+34  1.13641000e+01  3.54846076e-01  7.55660000e+00  3.15767105e-01  1.70455597e-01  2.40120866e-01  4.92887679e-02  1.57685419e+05 
 6.84753250e+14  2.43479902e+34  1.13321000e+01  3.57944245e-01  7.56760000e+00  3.19146359e-01  1.71637276e-01  2.36512689e-01  4.98569828e-02  1.50580745e+05 
 6.86360152e+14  2.46583402e+34  1.12991000e+01  3.61069423e-01  7.57960000e+00  3.22588803e-01  1.72877124e-01  2.32748272e-01  5.04671985e-02  1.43827946e+05 
 6.87967054e+14  2.49737325e+34  1.12681000e+01  3.64252884e-01  7.59160000e+00  3.26079183e-01  1.74085906e-01  2.29053866e-01  5.10515568e-02  1.37345943e+05 
 6.89573955e+14  2.52893547e+34  1.12381000e+01  3.67445497e-01  7.60260000e+00  3.29527144e-01  1.75289121e-01  2.25674915e-01  5.16330531e-02  1.31218781e+05 
 6.91180857e+14  2.56118197e+34  1.12071000e+01  3.70713836e-01  7.61460000e+00  3.33084208e-01  1.76554710e-01  2.22127005e-01  5.22554727e-02  1.25306160e+05 
 6.92787759e+14  2.59342847e+34  1.11781000e+01  3.73988181e-01  7.62660000e+00  3.36641300e-01  1.77782045e-01  2.18659392e-01  5.28511975e-02  1.19721949e+05 
 6.94394661e+14  2.62624058e+34  1.11501000e+01  3.77325452e-01  7.63860000e+00  3.40251000e-01  1.79006827e-01  2.15258910e-01  5.34409321e-02  1.14355146e+05 
 6.96001563e+14  2.65920576e+34  1.11221000e+01  3.80683429e-01  7.65060000e+00  3.43874641e-01  1.80256527e-01  2.11932771e-01  5.40492101e-02  1.09262679e+05 
 6.97608465e+14  2.69256447e+34  1.10951000e+01  3.84086023e-01  7.66260000e+00  3.47534290e-01  1.81500904e-01  2.08675690e-01  5.46510835e-02  1.04395252e+05 
 6.99215367e+14  2.72625979e+34  1.10681000e+01  3.87527208e-01  7.67560000e+00  3.51270398e-01  1.82771539e-01  2.05259682e-01  5.52708480e-02  9.97513732e+04 
 7.00822269e+14  2.76016902e+34  1.10421000e+01  3.90993841e-01  7.68760000e+00  3.54979591e-01  1.84033629e-01  2.02142038e-01  5.58835271e-02  9.53368916e+04 
 7.02429171e+14  2.79460606e+34  1.10171000e+01  3.94517778e-01  7.70060000e+00  3.58782830e-01  1.85290026e-01  1.98863166e-01  5.64879393e-02  9.11019511e+04 
 7.04036073e+14  2.82906957e+34  1.09931000e+01  3.98047160e-01  7.71260000e+00  3.62540992e-01  1.86533623e-01  1.95879999e-01  5.70836665e-02  8.70980608e+04 
 7.05642975e+14  2.86425999e+34  1.09691000e+01  4.01653365e-01  7.72560000e+00  3.66411400e-01  1.87806579e-01  1.92734479e-01  5.76956988e-02  8.32357217e+04 
 7.07249877e+14  2.89945040e+34  1.09461000e+01  4.05261508e-01  7.73860000e+00  3.70280169e-01  1.89064961e-01  1.89656533e-01  5.82978660e-02  7.95868500e+04 
 7.08856779e+14  2.93523701e+34  1.09231000e+01  4.08932183e-01  7.75060000e+00  3.74155534e-01  1.90350516e-01  1.86864621e-01  5.89160895e-02  7.60808555e+04 
 7.10463681e+14  2.97119254e+34  1.09011000e+01  4.12621304e-01  7.76360000e+00  3.78091096e-01  1.91622297e-01  1.83913077e-01  5.95231869e-02  7.27525025e+04 
 7.12070583e+14  3.00755253e+34  1.08791000e+01  4.16352417e-01  7.77660000e+00  3.82061663e-01  1.92917995e-01  1.81023604e-01  6.01458947e-02  6.95718840e+04 
 7.13677485e+14  3.04428499e+34  1.08581000e+01  4.20122013e-01  7.78960000e+00  3.86064164e-01  1.94201396e-01  1.78195299e-01  6.07563309e-02  6.65352688e+04 
 7.15284387e+14  3.08122190e+34  1.08381000e+01  4.23912226e-01  7.80260000e+00  3.90082683e-01  1.95468983e-01  1.75426599e-01  6.13533901e-02  6.36492079e+04 
 7.16891288e+14  3.11874321e+34  1.08181000e+01  4.27761765e-01  7.81560000e+00  3.94152092e-01  1.96761854e-01  1.72717340e-01  6.19651393e-02  6.08780807e+04 
 7.18498190e+14  3.15626452e+34  1.07991000e+01  4.31610152e-01  7.82860000e+00  3.98218265e-01  1.98034341e-01  1.70064219e-01  6.25619603e-02  5.82583643e+04 
 7.20105092e+14  3.19458260e+34  1.07801000e+01  4.35538686e-01  7.84260000e+00  4.02402001e-01  1.99334737e-01  1.67253803e-01  6.31732502e-02  5.57290792e+04 
 7.21711994e+14  3.23290474e+34  1.07621000e+01  4.39465703e-01  7.85560000e+00  4.06534776e-01  2.00613290e-01  1.64713587e-01  6.37682333e-02  5.33375353e+04 
 7.23318896e+14  3.27181853e+34  1.07441000e+01  4.43450871e-01  7.86860000e+00  4.10717734e-01  2.01915866e-01  1.62229256e-01  6.43768368e-02  5.10411747e+04 
 7.24925798e+14  3.31095357e+34  1.07271000e+01  4.47455958e-01  7.88160000e+00  4.14916854e-01  2.03198533e-01  1.59796804e-01  6.49680972e-02  4.88572139e+04 
 7.26532700e+14  3.35046630e+34  1.07111000e+01  4.51496359e-01  7.89560000e+00  4.19194500e-01  2.04462774e-01  1.57204093e-01  6.55413091e-02  4.67716400e+04 
 7.28139602e+14  3.39042639e+34  1.06941000e+01  4.55578961e-01  7.90860000e+00  4.23460022e-01  2.05785778e-01  1.54876279e-01  6.61575197e-02  4.47765368e+04 
 7.29746504e+14  3.43054117e+34  1.06791000e+01  4.59673223e-01  7.92260000e+00  4.27783581e-01  2.07046954e-01  1.52385294e-01  6.67231735e-02  4.28817312e+04 
 7.31353406e+14  3.47133853e+34  1.06641000e+01  4.63832731e-01  7.93560000e+00  4.32115368e-01  2.08331599e-01  1.50157854e-01  6.73007934e-02  4.10584592e+04 
 7.32960308e+14  3.51213589e+34  1.06491000e+01  4.67987349e-01  7.94960000e+00  4.36491067e-01  2.09627803e-01  1.47764693e-01  6.78885044e-02  3.93331367e+04 
 7.34567210e+14  3.55370526e+34  1.06351000e+01  4.72215261e-01  7.96260000e+00  4.40881961e-01  2.10909182e-01  1.45632471e-01  6.84561941e-02  3.76694196e+04 
 7.36174112e+14  3.59535218e+34  1.06211000e+01  4.76445431e-01  7.97660000e+00  4.45323669e-01  2.12202542e-01  1.43334977e-01  6.90333733e-02  3.60918492e+04 
 7.37781014e+14  3.63754177e+34  1.06071000e+01  4.80724539e-01  7.99060000e+00  4.49808490e-01  2.13515911e-01  1.41085983e-01  6.96213342e-02  3.45790118e+04 
 7.39387916e+14  3.68005063e+34  1.05941000e+01  4.85029617e-01  8.00360000e+00  4.54266336e-01  2.14804646e-01  1.39085476e-01  7.01861809e-02  3.31359206e+04 
 7.40994818e+14  3.72286319e+34  1.05821000e+01  4.89358484e-01  8.01760000e+00  4.58794906e-01  2.16067395e-01  1.36922240e-01  7.07268393e-02  3.17596952e+04 
 7.42601720e+14  3.76624643e+34  1.05701000e+01  4.93737843e-01  8.03160000e+00  4.63368219e-01  2.17349153e-01  1.34805054e-01  7.12769367e-02  3.04390302e+04 
 7.44208622e+14  3.80968455e+34  1.05581000e+01  4.98115049e-01  8.04560000e+00  4.67939842e-01  2.18640321e-01  1.32724107e-01  7.18345918e-02  2.91865357e+04 
 7.45815523e+14  3.85395468e+34  1.05471000e+01  5.02568014e-01  8.05960000e+00  4.72578692e-01  2.19913307e-01  1.30691812e-01  7.23681036e-02  2.79773559e+04 
 7.47422425e+14  3.89822481e+34  1.05361000e+01  5.07012556e-01  8.07260000e+00  4.77159824e-01  2.21193754e-01  1.28892014e-01  7.29081183e-02  2.68318189e+04 
 7.49029327e+14  3.94319040e+34  1.05251000e+01  5.11517989e-01  8.08660000e+00  4.81845738e-01  2.22494369e-01  1.26936152e-01  7.34570448e-02  2.57293271e+04 
 7.50636229e+14  3.98835999e+34  1.05151000e+01  5.16034715e-01  8.10060000e+00  4.86542239e-01  2.23763307e-01  1.25014669e-01  7.39777623e-02  2.46798214e+04 
 7.52243131e+14  4.03396850e+34  1.05051000e+01  5.20585624e-01  8.11460000e+00  4.91269588e-01  2.25046754e-01  1.23131001e-01  7.45056281e-02  2.36754128e+04 
 7.53850033e+14  4.08005022e+34  1.04951000e+01  5.25173839e-01  8.12860000e+00  4.96030622e-01  2.26345241e-01  1.21284903e-01  7.50406608e-02  2.27134191e+04 
 7.55456935e+14  4.12630382e+34  1.04861000e+01  5.29768750e-01  8.14260000e+00  5.00798466e-01  2.27609448e-01  1.19469372e-01  7.55455049e-02  2.17979324e+04 
 7.57063837e+14  4.17331035e+34  1.04771000e+01  5.34427711e-01  8.15660000e+00  5.05623717e-01  2.28893088e-01  1.17695077e-01  7.60577912e-02  2.09157137e+04 
 7.58670739e+14  4.22031689e+34  1.04691000e+01  5.39075602e-01  8.16960000e+00  5.10388347e-01  2.30137742e-01  1.16138969e-01  7.65378349e-02  2.00790384e+04 
 7.60277641e+14  4.26815517e+34  1.04611000e+01  5.43794132e-01  8.18360000e+00  5.15268093e-01  2.31402449e-01  1.14430092e-01  7.70248406e-02  1.92714047e+04 
 7.61884543e+14  4.31609931e+34  1.04531000e+01  5.48511297e-01  8.19760000e+00  5.20147904e-01  2.32673240e-01  1.12746584e-01  7.75157422e-02  1.85035873e+04 
 7.63491445e+14  4.36459933e+34  1.04451000e+01  5.53270828e-01  8.21160000e+00  5.25066293e-01  2.33958522e-01  1.11096991e-01  7.80122341e-02  1.77666376e+04 
 7.65098347e+14  4.41349389e+34  1.04381000e+01  5.58056540e-01  8.22560000e+00  5.30009131e-01  2.35209986e-01  1.09476972e-01  7.84758987e-02  1.70616462e+04 
 7.66705249e+14  4.46265735e+34  1.04311000e+01  5.62855530e-01  8.23960000e+00  5.34965153e-01  2.36469541e-01  1.07882964e-01  7.89431511e-02  1.63888582e+04 
 7.68312151e+14  4.51251523e+34  1.04251000e+01  5.67709018e-01  8.25360000e+00  5.39970618e-01  2.37699630e-01  1.06323408e-01  7.94181939e-02  1.57492751e+04 
 7.69919053e+14  4.56237311e+34  1.04181000e+01  5.72548820e-01  8.26760000e+00  5.44965749e-01  2.38977643e-01  1.04782344e-01  7.98519366e-02  1.51263388e+04 
 7.71525955e+14  4.61317777e+34  1.04121000e+01  5.77466382e-01  8.28160000e+00  5.50030909e-01  2.40230135e-01  1.03279528e-01  8.02937195e-02  1.45314207e+04 
 7.73132856e+14  4.66401192e+34  1.04061000e+01  5.82372436e-01  8.29560000e+00  5.55087769e-01  2.41484931e-01  1.01794298e-01  8.07370168e-02  1.39661595e+04 
 7.74739758e+14  4.71549583e+34  1.04011000e+01  5.87326317e-01  8.30960000e+00  5.60188491e-01  2.42707084e-01  1.00339374e-01  8.11870510e-02  1.34293255e+04 
 7.76346660e+14  4.76731925e+34  1.03951000e+01  5.92297818e-01  8.32360000e+00  5.65306628e-01  2.43983594e-01  9.89072871e-02  8.15947448e-02  1.29024820e+04 
 7.77953562e+14  4.81948358e+34  1.03901000e+01  5.97286441e-01  8.33760000e+00  5.70441830e-01  2.45220636e-01  9.74971439e-02  8.20071199e-02  1.24052436e+04 
 7.79560464e+14  4.87230931e+34  1.03861000e+01  6.02322530e-01  8.35160000e+00  5.75620763e-01  2.46423478e-01  9.61154378e-02  8.24255570e-02  1.19329337e+04 
 7.81167366e+14  4.92515502e+34  1.03811000e+01  6.07344379e-01  8.36560000e+00  5.80789339e-01  2.47674283e-01  9.47473427e-02  8.27984466e-02  1.14718209e+04 
 7.82774268e+14  4.97899618e+34  1.03771000e+01  6.12444195e-01  8.37960000e+00  5.86028558e-01  2.48896398e-01  9.34135427e-02  8.32212092e-02  1.10369683e+04 
 7.84381170e+14  5.03283733e+34  1.03731000e+01  6.17527181e-01  8.39260000e+00  5.91200471e-01  2.50118067e-01  9.22700871e-02  8.36005493e-02  1.06179321e+04 
 7.85988072e+14  5.08739375e+34  1.03691000e+01  6.22660353e-01  8.40660000e+00  5.96473384e-01  2.51352793e-01  9.09740315e-02  8.39384561e-02  1.02088918e+04 
 7.87594974e+14  5.14226347e+34  1.03651000e+01  6.27805505e-01  8.42060000e+00  6.01759219e-01  2.52592757e-01  8.96952938e-02  8.43202994e-02  9.82296068e+03 
 7.89201876e+14  5.19751575e+34  1.03621000e+01  6.32968546e-01  8.43460000e+00  6.07063196e-01  2.53790097e-01  8.84347843e-02  8.46619115e-02  9.45332737e+03 
 7.90808778e+14  5.25342724e+34  1.03591000e+01  6.38174974e-01  8.44860000e+00  6.12407747e-01  2.54998436e-01  8.71979915e-02  8.50491803e-02  9.10227167e+03 
 7.92415680e+14  5.30937575e+34  1.03561000e+01  6.43366313e-01  8.46260000e+00  6.17741622e-01  2.56205788e-01  8.59706867e-02  8.53908751e-02  8.76333544e+03 
 7.94022582e+14  5.36634225e+34  1.03531000e+01  6.48633090e-01  8.47660000e+00  6.23144313e-01  2.57430563e-01  8.47736494e-02  8.56899534e-02  8.43052905e+03 
 7.95629484e+14  5.42330874e+34  1.03501000e+01  6.53880671e-01  8.48960000e+00  6.28476754e-01  2.58653377e-01  8.37568999e-02  8.60319481e-02  8.11817423e+03 
 7.97236386e+14  5.48102190e+34  1.03481000e+01  6.59177325e-01  8.50360000e+00  6.33910887e-01  2.59837895e-01  8.25897290e-02  8.63331715e-02  7.81695948e+03 
 7.98843288e+14  5.53905667e+34  1.03461000e+01  6.64483659e-01  8.51760000e+00  6.39356288e-01  2.61025745e-01  8.14360452e-02  8.66788776e-02  7.53257548e+03 
 8.00450189e+14  5.59747943e+34  1.03441000e+01  6.69805155e-01  8.53060000e+00  6.44761172e-01  2.62217985e-01  8.04670623e-02  8.69782148e-02  7.25604542e+03 
 8.02057091e+14  5.65659580e+34  1.03421000e+01  6.75169272e-01  8.54460000e+00  6.50262826e-01  2.63420187e-01  7.93472270e-02  8.72315213e-02  6.98589650e+03 
 8.03663993e+14  5.71572786e+34  1.03401000e+01  6.80514020e-01  8.55860000e+00  6.55750373e-01  2.64619598e-01  7.82329247e-02  8.75280800e-02  6.73215474e+03 
 8.05270895e+14  5.77593917e+34  1.03391000e+01  6.85934959e-01  8.57260000e+00  6.61307797e-01  2.65784323e-01  7.71459349e-02  8.78296866e-02  6.48946217e+03 
 8.06877797e+14  5.83615049e+34  1.03381000e+01  6.91334444e-01  8.58560000e+00  6.66792022e-01  2.66945242e-01  7.62303890e-02  8.80819414e-02  6.25486480e+03 
 8.08484699e+14  5.89709966e+34  1.03361000e+01  6.96778108e-01  8.59960000e+00  6.72375291e-01  2.68167660e-01  7.51660585e-02  8.83294413e-02  6.02538622e+03 
 8.10091601e+14  5.95841931e+34  1.03351000e+01  7.02232781e-01  8.61260000e+00  6.77913587e-01  2.69341177e-01  7.42784724e-02  8.85789397e-02  5.80853724e+03 
 8.11698503e+14  6.02008990e+34  1.03351000e+01  7.07696135e-01  8.62660000e+00  6.83520215e-01  2.70464558e-01  7.32346368e-02  8.88304482e-02  5.60363099e+03 
 8.13305405e+14  6.08253129e+34  1.03341000e+01  7.13204980e-01  8.63960000e+00  6.89111884e-01  2.71649805e-01  7.23733955e-02  8.90768693e-02  5.40287337e+03 
 8.14912307e+14  6.14497268e+34  1.03331000e+01  7.18690801e-01  8.65360000e+00  6.94744502e-01  2.72830662e-01  7.13494522e-02  8.92721852e-02  5.20867519e+03 
 8.16519209e+14  6.20849890e+34  1.03331000e+01  7.24248385e-01  8.66660000e+00  7.00384959e-01  2.73973533e-01  7.05119774e-02  8.95191049e-02  5.02573512e+03 
 8.18126111e+14  6.27207547e+34  1.03331000e+01  7.29786734e-01  8.68060000e+00  7.06070113e-01  2.75112261e-01  6.95136630e-02  8.97147060e-02  4.84847719e+03 
 8.19733013e+14  6.33633434e+34  1.03331000e+01  7.35360395e-01  8.69360000e+00  7.11730801e-01  2.76258017e-01  6.86913956e-02  8.99084152e-02  4.67757441e+03 
 8.21339915e+14  6.40105956e+34  1.03331000e+01  7.40950213e-01  8.70760000e+00  7.17467759e-01  2.77406805e-01  6.77172266e-02  9.00994542e-02  4.51334534e+03 
 8.22946817e+14  6.46604960e+34  1.03331000e+01  7.46538301e-01  8.72060000e+00  7.23147409e-01  2.78554939e-01  6.69086713e-02  9.02871862e-02  4.35599318e+03 
 8.24553719e+14  6.53193697e+34  1.03331000e+01  7.52178592e-01  8.73360000e+00  7.28876039e-01  2.79713449e-01  6.61164967e-02  9.04733205e-02  4.20375338e+03 
 8.26160621e+14  6.59782433e+34  1.03331000e+01  7.57793741e-01  8.74660000e+00  7.34585727e-01  2.80866405e-01  6.53228354e-02  9.06065711e-02  4.05626357e+03 
 8.27767523e+14  6.66471945e+34  1.03341000e+01  7.63469124e-01  8.76060000e+00  7.40411282e-01  2.81976719e-01  6.43891570e-02  9.07916696e-02  3.91760179e+03 
 8.29374424e+14  6.73178246e+34  1.03341000e+01  7.69133042e-01  8.77360000e+00  7.46170397e-01  2.83138603e-01  6.36151369e-02  9.09191651e-02  3.78076577e+03 
 8.30981326e+14  6.79941851e+34  1.03351000e+01  7.74819177e-01  8.78660000e+00  7.51952300e-01  2.84249539e-01  6.28496895e-02  9.10485044e-02  3.65100818e+03 
 8.32588228e+14  6.86767070e+34  1.03361000e+01  7.80530772e-01  8.79960000e+00  7.57759880e-01  2.85364747e-01  6.20933428e-02  9.12240283e-02  3.52785714e+03 
 8.34195130e+14  6.93604539e+34  1.03371000e+01  7.86226026e-01  8.81260000e+00  7.63556378e-01  2.86475640e-01  6.13366679e-02  9.13462226e-02  3.40812474e+03 
 8.35802032e+14  7.00550030e+34  1.03381000e+01  7.91984223e-01  8.82560000e+00  7.69411611e-01  2.87598418e-01  6.05969775e-02  9.14663865e-02  3.29193230e+03 
 8.37408934e+14  7.07495520e+34  1.03391000e+01  7.97715283e-01  8.83860000e+00  7.75246321e-01  2.88714621e-01  5.98542383e-02  9.15323651e-02  3.17919510e+03 
 8.39015836e+14  7.14528226e+34  1.03411000e+01  8.03490681e-01  8.85160000e+00  7.81123465e-01  2.89782774e-01  5.91239300e-02  9.16503626e-02  3.07349164e+03 
 8.40622738e+14  7.21595344e+34  1.03421000e+01  8.09266639e-01  8.86460000e+00  7.87004526e-01  2.90905821e-01  5.83963750e-02  9.17591641e-02  2.97032044e+03 
 8.42229640e+14  7.28702731e+34  1.03431000e+01  8.15047428e-01  8.87760000e+00  7.92893305e-01  2.92028756e-01  5.76722953e-02  9.18142575e-02  2.86957591e+03 
 8.43836542e+14  7.35892831e+34  1.03451000e+01  8.20867176e-01  8.89060000e+00  7.98819882e-01  2.93101840e-01  5.69589174e-02  9.19215394e-02  2.77520254e+03 
 8.45443444e+14  7.43082931e+34  1.03471000e+01  8.26658467e-01  8.90360000e+00  8.04724873e-01  2.94167589e-01  5.62416394e-02  9.19741647e-02  2.68347078e+03 
 8.47050346e+14  7.50389027e+34  1.03481000e+01  8.32514190e-01  8.91560000e+00  8.10628331e-01  2.95301962e-01  5.56898262e-02  9.20185698e-02  2.59291763e+03 
 8.48657248e+14  7.57703466e+34  1.03501000e+01  8.38347555e-01  8.92860000e+00  8.16577350e-01  2.96373323e-01  5.49848073e-02  9.21140068e-02  2.50897465e+03 
 8.50264150e+14  7.65084946e+34  1.03521000e+01  8.44204935e-01  8.94160000e+00  8.22551107e-01  2.97447973e-01  5.42867241e-02  9.21557012e-02  2.42657348e+03 
 8.51871052e+14  7.72525082e+34  1.03541000e+01  8.50079265e-01  8.95360000e+00  8.28481043e-01  2.98524442e-01  5.37416186e-02  9.21935446e-02  2.34711059e+03 
 8.53477954e+14  7.79981573e+34  1.03561000e+01  8.55936711e-01  8.96660000e+00  8.34461914e-01  2.99595873e-01  5.30462344e-02  9.22268198e-02  2.27090268e+03 
 8.55084856e+14  7.87548763e+34  1.03581000e+01  8.61850871e-01  8.97860000e+00  8.40433765e-01  3.00677137e-01  5.25106166e-02  9.22570014e-02  2.19688633e+03 
 8.56691757e+14  7.95115952e+34  1.03601000e+01  8.67734753e-01  8.99160000e+00  8.46445130e-01  3.01750629e-01  5.18229814e-02  9.22318046e-02  2.12487734e+03 
 8.58298659e+14  8.02775464e+34  1.03631000e+01  8.73659637e-01  9.00360000e+00  8.52433322e-01  3.02772278e-01  5.12903291e-02  9.22596260e-02  2.05739252e+03 
 8.59905561e+14  8.10471064e+34  1.03651000e+01  8.79581642e-01  9.01660000e+00  8.58485601e-01  3.03849930e-01  5.06123978e-02  9.22771263e-02  1.99135707e+03 
 8.61512463e+14  8.18206110e+34  1.03671000e+01  8.85502878e-01  9.02860000e+00  8.64477493e-01  3.04925744e-01  5.00796200e-02  9.22903355e-02  1.92779637e+03 
 8.63119365e+14  8.26031475e+34  1.03701000e+01  8.91461859e-01  9.04060000e+00  8.70506153e-01  3.05948431e-01  4.95543018e-02  9.22553749e-02  1.86621186e+03 
 8.64726267e+14  8.33856841e+34  1.03721000e+01  8.97389363e-01  9.05360000e+00  8.76574240e-01  3.07021909e-01  4.88794193e-02  9.22601186e-02  1.80722105e+03 
 8.66333169e+14  8.41798077e+34  1.03751000e+01  9.03372670e-01  9.06560000e+00  8.82631495e-01  3.08045490e-01  4.83590134e-02  9.22169642e-02  1.74987054e+03 
 8.67940071e+14  8.49754563e+34  1.03771000e+01  9.09335454e-01  9.07760000e+00  8.88674097e-01  3.09122426e-01  4.78341802e-02  9.21628180e-02  1.69388340e+03 
 8.69546973e+14  8.57771726e+34  1.03801000e+01  9.15311360e-01  9.08960000e+00  8.94731799e-01  3.10140491e-01  4.73115424e-02  9.21618209e-02  1.64165862e+03 
 8.71153875e+14  8.65860688e+34  1.03831000e+01  9.21308299e-01  9.10160000e+00  9.00811606e-01  3.11160664e-01  4.67926494e-02  9.21060154e-02  1.59025453e+03 
 8.72760777e+14  8.73953248e+34  1.03861000e+01  9.27275298e-01  9.11360000e+00  9.06868448e-01  3.12172743e-01  4.62674425e-02  9.20456022e-02  1.54095682e+03 
 8.74367679e+14  8.82176038e+34  1.03881000e+01  9.33305200e-01  9.12560000e+00  9.12984555e-01  3.13255572e-01  4.57538961e-02  9.19750459e-02  1.49210908e+03 
 8.75974581e+14  8.90398827e+34  1.03911000e+01  9.39301999e-01  9.13760000e+00  9.19074904e-01  3.14269547e-01  4.52333885e-02  9.19064810e-02  1.44609194e+03 
 8.77581483e+14  8.98701400e+34  1.03941000e+01  9.45323478e-01  9.14960000e+00  9.25190716e-01  3.15286311e-01  4.47169760e-02  9.18849118e-02  1.40231253e+03 
 8.79188385e+14  9.07059368e+34  1.03971000e+01  9.51351566e-01  9.16160000e+00  9.31315985e-01  3.16302266e-01  4.42011738e-02  9.18082526e-02  1.35927090e+03 
 8.80795287e+14  9.15437530e+34  1.04001000e+01  9.57360490e-01  9.17260000e+00  9.37362371e-01  3.17312298e-01  4.38186715e-02  9.17272514e-02  1.31788293e+03 
 8.82402189e+14  9.23932025e+34  1.04031000e+01  9.63418708e-01  9.18460000e+00  9.43521460e-01  3.18329972e-01  4.33065857e-02  9.15915003e-02  1.27691516e+03 
 8.84009090e+14  9.32426519e+34  1.04061000e+01  9.69442814e-01  9.19660000e+00  9.49653907e-01  3.19338772e-01  4.27874697e-02  9.15023118e-02  1.23831018e+03 
 8.85615992e+14  9.41017513e+34  1.04101000e+01  9.75500791e-01  9.20760000e+00  9.55754083e-01  3.20290589e-01  4.24098146e-02  9.14162489e-02  1.20151211e+03 
 8.87222894e+14  9.49649880e+34  1.04131000e+01  9.81553359e-01  9.21960000e+00  9.61918983e-01  3.21300586e-01  4.18938729e-02  9.13190425e-02  1.16536067e+03 
 8.88829796e+14  9.58316511e+34  1.04161000e+01  9.87595161e-01  9.23060000e+00  9.68011671e-01  3.22306340e-01  4.15101783e-02  9.12176881e-02  1.13052033e+03 
 8.90436698e+14  9.67088095e+34  1.04191000e+01  9.93675046e-01  9.24260000e+00  9.74208071e-01  3.23317472e-01  4.09970600e-02  9.11124236e-02  1.09666780e+03 
 8.92043600e+14  9.75859679e+34  1.04231000e+01  9.99719861e-01  9.25360000e+00  9.80310340e-01  3.24257355e-01  4.06107942e-02  9.09593180e-02  1.06416384e+03 
 8.93650502e+14  9.84741803e+34  1.04261000e+01  1.00580530e+00  9.26460000e+00  9.86452120e-01  3.25265160e-01  4.02299893e-02  9.08460224e-02  1.03255723e+03 
 8.95257404e+14  9.93653944e+34  1.04291000e+01  1.01187578e+00  9.27660000e+00  9.92651038e-01  3.26267915e-01  3.97116069e-02  9.07286686e-02  1.00210003e+03 
 8.96864306e+14  1.00261161e+35  1.04331000e+01  1.01794151e+00  9.28760000e+00  9.98782316e-01  3.27204891e-01  3.93240562e-02  9.05639049e-02  9.72694000e+02 
 8.98471208e+14  1.01166564e+35  1.04361000e+01  1.02403653e+00  9.29860000e+00  1.00494308e+00  3.28208060e-01  3.89398438e-02  9.04387039e-02  9.44140483e+02 
 9.00078110e+14  1.02071968e+35  1.04391000e+01  1.03009557e+00  9.30960000e+00  1.01107529e+00  3.29202100e-01  3.85474890e-02  9.02587954e-02  9.16190134e+02 
 9.01685012e+14  1.02989533e+35  1.04431000e+01  1.03619955e+00  9.32060000e+00  1.01725096e+00  3.30139567e-01  3.81610778e-02  9.01333120e-02  8.89987463e+02 
 9.03291914e+14  1.03909259e+35  1.04461000e+01  1.04228151e+00  9.33160000e+00  1.02341051e+00  3.31133724e-01  3.77690411e-02  8.99964528e-02  8.64250205e+02 
 9.04898816e+14  1.04834353e+35  1.04501000e+01  1.04836234e+00  9.34260000e+00  1.02957252e+00  3.32062006e-01  3.73749643e-02  8.98127581e-02  8.39366417e+02 
 9.06505718e+14  1.05768535e+35  1.04531000e+01  1.05446608e+00  9.35360000e+00  1.03575846e+00  3.33056057e-01  3.69829655e-02  8.96682572e-02  8.15210128e+02 
 9.08112620e+14  1.06702717e+35  1.04571000e+01  1.06053302e+00  9.36460000e+00  1.04191512e+00  3.33977005e-01  3.65829103e-02  8.94772754e-02  7.91984081e+02 
 9.09719522e+14  1.07649843e+35  1.04601000e+01  1.06664678e+00  9.37560000e+00  1.04811700e+00  3.34968682e-01  3.61889827e-02  8.92747605e-02  7.68905781e+02 
 9.11326423e+14  1.08598613e+35  1.04641000e+01  1.07273392e+00  9.38560000e+00  1.05423011e+00  3.35888924e-01  3.59170835e-02  8.91269984e-02  7.47527189e+02 
 9.12933325e+14  1.09553227e+35  1.04681000e+01  1.07882114e+00  9.39660000e+00  1.06041525e+00  3.36806813e-01  3.55146235e-02  8.89252531e-02  7.26416271e+02 
 9.14540227e+14  1.10516717e+35  1.04711000e+01  1.08492739e+00  9.40760000e+00  1.06662088e+00  3.37790532e-01  3.51136079e-02  8.87623248e-02  7.05919574e+02 
 9.16147129e+14  1.11480207e+35  1.04751000e+01  1.09099606e+00  9.41760000e+00  1.07272752e+00  3.38700281e-01  3.48316198e-02  8.85537055e-02  6.86199022e+02 
 9.17754031e+14  1.12457068e+35  1.04781000e+01  1.09711095e+00  9.42860000e+00  1.07894787e+00  3.39681413e-01  3.44279755e-02  8.83333558e-02  6.66581201e+02 
 9.19360933e+14  1.13435410e+35  1.04821000e+01  1.10319718e+00  9.43860000e+00  1.08507681e+00  3.40590012e-01  3.41441381e-02  8.81679837e-02  6.48418012e+02 
 9.20967835e+14  1.14419700e+35  1.04861000e+01  1.10928227e+00  9.44960000e+00  1.09127752e+00  3.41496067e-01  3.37317989e-02  8.79491098e-02  6.30462762e+02 
 9.22574737e+14  1.15413025e+35  1.04891000e+01  1.11538493e+00  9.45960000e+00  1.09742786e+00  3.42468468e-01  3.34459097e-02  8.77686421e-02  6.13020538e+02 
 9.24181639e+14  1.16406350e+35  1.04931000e+01  1.12144936e+00  9.46960000e+00  1.10354728e+00  3.43366095e-01  3.31514526e-02  8.75433448e-02  5.96227831e+02 
 9.25788541e+14  1.17413083e+35  1.04971000e+01  1.12755696e+00  9.48060000e+00  1.10977860e+00  3.44269666e-01  3.27367453e-02  8.73144215e-02  5.79840549e+02 
 9.27395443e+14  1.18421521e+35  1.05001000e+01  1.13363631e+00  9.49060000e+00  1.11591813e+00  3.45231318e-01  3.24400947e-02  8.70743400e-02  5.63711646e+02 
 9.29002345e+14  1.19435611e+35  1.05041000e+01  1.13971097e+00  9.50060000e+00  1.12205676e+00  3.46124190e-01  3.21402744e-02  8.68891485e-02  5.48724701e+02 
 9.30609247e+14  1.20459292e+35  1.05081000e+01  1.14580418e+00  9.51060000e+00  1.12821529e+00  3.47018320e-01  3.18409092e-02  8.66508852e-02  5.33839082e+02 
 9.32216149e+14  1.21482973e+35  1.05111000e+01  1.15185851e+00  9.52060000e+00  1.13434236e+00  3.47969022e-01  3.15332051e-02  8.64016470e-02  5.19201048e+02 
 9.33823051e+14  1.22519682e+35  1.05151000e+01  1.15795066e+00  9.53060000e+00  1.14050659e+00  3.48858585e-01  3.12289121e-02  8.62067590e-02  5.05506179e+02 
 9.35429953e+14  1.23558736e+35  1.05191000e+01  1.16401740e+00  9.54060000e+00  1.14665137e+00  3.49741104e-01  3.09184787e-02  8.59597167e-02  4.91992980e+02 
 9.37036855e+14  1.24602709e+35  1.05231000e+01  1.17007356e+00  9.54960000e+00  1.15271902e+00  3.50619390e-01  3.07258225e-02  8.57099100e-02  4.78907993e+02 
 9.38643757e+14  1.25657264e+35  1.05261000e+01  1.17615160e+00  9.55960000e+00  1.15888052e+00  3.51566399e-01  3.04120508e-02  8.54975197e-02  4.66168410e+02 
 9.40250658e+14  1.26711818e+35  1.05301000e+01  1.18219025e+00  9.56960000e+00  1.16501001e+00  3.52437125e-01  3.00902308e-02  8.52421590e-02  4.53887715e+02 
 9.41857560e+14  1.27778569e+35  1.05341000e+01  1.18825897e+00  9.57960000e+00  1.17116983e+00  3.53311323e-01  2.97705979e-02  8.49835367e-02  4.41911038e+02 
 9.43464462e+14  1.28848752e+35  1.05371000e+01  1.19430754e+00  9.58860000e+00  1.17724333e+00  3.54246793e-01  2.95660680e-02  8.47138052e-02  4.30077988e+02 
 9.45071364e+14  1.29922658e+35  1.05411000e+01  1.20033738e+00  9.59860000e+00  1.18337483e+00  3.55109481e-01  2.92360705e-02  8.44991398e-02  4.19115458e+02 
 9.46678266e+14  1.31008597e+35  1.05451000e+01  1.20639480e+00  9.60760000e+00  1.18946259e+00  3.55975187e-01  2.90273806e-02  8.42324262e-02  4.08182064e+02 
 9.48285168e+14  1.32094537e+35  1.05491000e+01  1.21241235e+00  9.61760000e+00  1.19558960e+00  3.56831287e-01  2.86910846e-02  8.39638079e-02  3.97636093e+02 
 9.49892070e+14  1.33191355e+35  1.05521000e+01  1.21844999e+00  9.62660000e+00  1.20166590e+00  3.57756825e-01  2.84743323e-02  8.37319133e-02  3.87360514e+02 
 9.51498972e+14  1.34293177e+35  1.05561000e+01  1.22447504e+00  9.63560000e+00  1.20773397e+00  3.58610225e-01  2.82530256e-02  8.34579016e-02  3.77401504e+02 
 9.53105874e+14  1.35397024e+35  1.05601000e+01  1.23047105e+00  9.64560000e+00  1.21385144e+00  3.59456099e-01  2.79069353e-02  8.31819632e-02  3.67773718e+02 
 9.54712776e+14  1.36514854e+35  1.05631000e+01  1.23650258e+00  9.65460000e+00  1.21993171e+00  3.60374734e-01  2.76814665e-02  8.29421182e-02  3.58364779e+02 
 9.56319678e+14  1.37632685e+35  1.05671000e+01  1.24249382e+00  9.66360000e+00  1.22597878e+00  3.61215695e-01  2.74478069e-02  8.26612827e-02  3.49283776e+02 
 9.57926580e+14  1.38759559e+35  1.05711000e+01  1.24849303e+00  9.67260000e+00  1.23203613e+00  3.62056070e-01  2.72126341e-02  8.23779133e-02  3.40446961e+02 
 9.59533482e+14  1.39893523e+35  1.05741000e+01  1.25448945e+00  9.68160000e+00  1.23809409e+00  3.62962525e-01  2.69745172e-02  8.20832450e-02  3.31669016e+02 
 9.61140384e+14  1.41027486e+35  1.05781000e+01  1.26044549e+00  9.69060000e+00  1.24411878e+00  3.63790936e-01  2.67284017e-02  8.18439185e-02  3.23573387e+02 
 9.62747286e+14  1.42177501e+35  1.05821000e+01  1.26644504e+00  9.69960000e+00  1.25018578e+00  3.64625374e-01  2.64856513e-02  8.15535160e-02  3.15455893e+02 
 9.64354188e+14  1.43327721e+35  1.05851000e+01  1.27240500e+00  9.70860000e+00  1.25622021e+00  3.65519539e-01  2.62351851e-02  8.13002090e-02  3.07615377e+02 
 9.65961090e+14  1.44484600e+35  1.05891000e+01  1.27835869e+00  9.71660000e+00  1.26217860e+00  3.66341604e-01  2.60966833e-02  8.10063328e-02  2.99998410e+02 
 9.67567991e+14  1.45651200e+35  1.05931000e+01  1.28432161e+00  9.72560000e+00  1.26822181e+00  3.67163384e-01  2.58414164e-02  8.07101206e-02  2.92578755e+02 
 9.69174893e+14  1.46817801e+35  1.05961000e+01  1.29024381e+00  9.73460000e+00  1.27423140e+00  3.68045158e-01  2.55785270e-02  8.04507776e-02  2.85410499e+02 
 9.70781795e+14  1.47997901e+35  1.06001000e+01  1.29619352e+00  9.74360000e+00  1.28026894e+00  3.68860681e-01  2.53168711e-02  8.01506015e-02  2.78404182e+02 
 9.72388697e+14  1.49181004e+35  1.06031000e+01  1.30211746e+00  9.75160000e+00  1.28621229e+00  3.69739266e-01  2.51635957e-02  7.98398163e-02  2.71457210e+02 
 9.73995599e+14  1.50367793e+35  1.06071000e+01  1.30801897e+00  9.76060000e+00  1.29221239e+00  3.70542176e-01  2.48909374e-02  7.95836817e-02  2.65036393e+02 
 9.75602501e+14  1.51567520e+35  1.06111000e+01  1.31394370e+00  9.76860000e+00  1.29816234e+00  3.71347409e-01  2.47322840e-02  7.92780928e-02  2.58606734e+02 
 9.77209403e+14  1.52767247e+35  1.06141000e+01  1.31982747e+00  9.77660000e+00  1.30407810e+00  3.72213375e-01  2.45657412e-02  7.90089296e-02  2.52391433e+02 
 9.78816305e+14  1.53977316e+35  1.06181000e+01  1.32572082e+00  9.78560000e+00  1.31007997e+00  3.73009173e-01  2.42848824e-02  7.87002991e-02  2.46330640e+02 
 9.80423207e+14  1.55193787e+35  1.06211000e+01  1.33160424e+00  9.79360000e+00  1.31600127e+00  3.73871676e-01  2.41131349e-02  7.84270586e-02  2.40439576e+02 
 9.82030109e+14  1.56410352e+35  1.06251000e+01  1.33744716e+00  9.80160000e+00  1.32188881e+00  3.74654635e-01  2.39336704e-02  7.81161108e-02  2.34742082e+02 
 9.83637011e+14  1.57643686e+35  1.06281000e+01  1.34332930e+00  9.81060000e+00  1.32788967e+00  3.75513539e-01  2.36446201e-02  7.78389550e-02  2.29155927e+02 
 9.85243913e+14  1.58877021e+35  1.06321000e+01  1.34917031e+00  9.81860000e+00  1.33378133e+00  3.76292565e-01  2.34600146e-02  7.75245159e-02  2.23752983e+02 
 9.86850815e+14  1.60116901e+35  1.06351000e+01  1.35500111e+00  9.82660000e+00  1.33966662e+00  3.77138826e-01  2.32716540e-02  7.72450461e-02  2.18498594e+02 
 9.88457717e+14  1.61367217e+35  1.06391000e+01  1.36083974e+00  9.83460000e+00  1.34556188e+00  3.77913873e-01  2.30816719e-02  7.69272663e-02  2.13372386e+02 
 9.90064619e+14  1.62617534e+35  1.06421000e+01  1.36663728e+00  9.84260000e+00  1.35142274e+00  3.78750842e-01  2.28843501e-02  7.66451558e-02  2.08412354e+02 
 9.91671521e+14  1.63880796e+35  1.06461000e+01  1.37245348e+00  9.85060000e+00  1.35730344e+00  3.79518321e-01  2.26867221e-02  7.63247808e-02  2.03562836e+02 
 9.93278423e+14  1.65148211e+35  1.06491000e+01  1.37824758e+00  9.85760000e+00  1.36309126e+00  3.80351457e-01  2.25941563e-02  7.60392928e-02  1.98854208e+02 
 9.94885324e+14  1.66417702e+35  1.06521000e+01  1.38401005e+00  9.86560000e+00  1.36892880e+00  3.81177359e-01  2.23852541e-02  7.57078856e-02  1.94173271e+02 
 9.96492226e+14  1.67702332e+35  1.06561000e+01  1.38979987e+00  9.87360000e+00  1.37479405e+00  3.81934969e-01  2.21771280e-02  7.54287680e-02  1.89817173e+02 
 9.98099128e+14  1.68986963e+35  1.06591000e+01  1.39554848e+00  9.88160000e+00  1.38062475e+00  3.82755223e-01  2.19619988e-02  7.51396750e-02  1.85487965e+02 
 9.99706030e+14  1.70279835e+35  1.06631000e+01  1.40129270e+00  9.88860000e+00  1.38637820e+00  3.83501243e-01  2.18529222e-02  7.48139734e-02  1.81269279e+02 
 1.00131293e+15  1.71581796e+35  1.06661000e+01  1.40703603e+00  9.89660000e+00  1.39220971e+00  3.84317443e-01  2.16324505e-02  7.45219252e-02  1.77155486e+02 
 1.00291983e+15  1.72883757e+35  1.06691000e+01  1.41273828e+00  9.90360000e+00  1.39793036e+00  3.85124799e-01  2.15134600e-02  7.42296429e-02  1.73171380e+02 
 1.00452674e+15  1.74200058e+35  1.06731000e+01  1.41846196e+00  9.91160000e+00  1.40374964e+00  3.85862209e-01  2.12861101e-02  7.39004610e-02  1.69269982e+02 
 1.00613364e+15  1.75519463e+35  1.06761000e+01  1.42415794e+00  9.91860000e+00  1.40946999e+00  3.86665402e-01  2.11613173e-02  7.36054717e-02  1.65482041e+02 
 1.00774054e+15  1.76841676e+35  1.06791000e+01  1.42982495e+00  9.92560000e+00  1.41516658e+00  3.87461974e-01  2.10307558e-02  7.33099829e-02  1.61804430e+02 
 1.00934744e+15  1.78178638e+35  1.06821000e+01  1.43551389e+00  9.93360000e+00  1.42096261e+00  3.88261045e-01  2.07927948e-02  7.30123018e-02  1.58201508e+02 
 1.01095434e+15  1.79515600e+35  1.06861000e+01  1.44116171e+00  9.94060000e+00  1.42664713e+00  3.88978518e-01  2.06551975e-02  7.26805887e-02  1.54710368e+02 
 1.01256125e+15  1.80861204e+35  1.06891000e+01  1.44680487e+00  9.94760000e+00  1.43233000e+00  3.89766459e-01  2.05147041e-02  7.23818360e-02  1.51305203e+02 
 1.01416815e+15  1.82215835e+35  1.06921000e+01  1.45244472e+00  9.95460000e+00  1.43801251e+00  3.90552408e-01  2.03713464e-02  7.20818443e-02  1.47982808e+02 
 1.01577505e+15  1.83570465e+35  1.06951000e+01  1.45804364e+00  9.96160000e+00  1.44366029e+00  3.91329687e-01  2.02212431e-02  7.17819906e-02  1.44762313e+02 
 1.01738195e+15  1.84939486e+35  1.06981000e+01  1.46366084e+00  9.96860000e+00  1.44932738e+00  3.92108845e-01  2.00706787e-02  7.14801997e-02  1.41607132e+02 
 1.01898885e+15  1.86311896e+35  1.07011000e+01  1.46925091e+00  9.97560000e+00  1.45497238e+00  3.92881806e-01  1.99148459e-02  7.11781254e-02  1.38540643e+02 
 1.02059576e+15  1.87686466e+35  1.07041000e+01  1.47480891e+00  9.98260000e+00  1.46059072e+00  3.93647726e-01  1.97533773e-02  7.08759998e-02  1.35562509e+02 
 1.02220266e+15  1.89076763e+35  1.07081000e+01  1.48038942e+00  9.98960000e+00  1.46623223e+00  3.94342611e-01  1.95919148e-02  7.05389044e-02  1.32641469e+02 
 1.02380956e+15  1.90467061e+35  1.07111000e+01  1.48592902e+00  9.99660000e+00  1.47183901e+00  3.95102467e-01  1.94240116e-02  7.02352583e-02  1.29808642e+02 
 1.02541646e+15  1.91864972e+35  1.07141000e+01  1.49145809e+00  1.00036000e+01  1.47743875e+00  3.95859136e-01  1.92528651e-02  6.99308788e-02  1.27045877e+02 
 1.02702336e+15  1.93273265e+35  1.07171000e+01  1.49698732e+00  1.00096000e+01  1.48296319e+00  3.96614521e-01  1.91840230e-02  6.96253940e-02  1.24346008e+02 
 1.02863027e+15  1.94681558e+35  1.07201000e+01  1.50247586e+00  1.00166000e+01  1.48853103e+00  3.97361407e-01  1.90041599e-02  6.93203717e-02  1.21726725e+02 
 1.03023717e+15  1.96102815e+35  1.07231000e+01  1.50797406e+00  1.00236000e+01  1.49411032e+00  3.98108703e-01  1.88231732e-02  6.90139414e-02  1.19161958e+02 
 1.03184407e+15  1.97529210e+35  1.07261000e+01  1.51345143e+00  1.00296000e+01  1.49959476e+00  3.98851042e-01  1.87417998e-02  6.87072980e-02  1.16664309e+02 
