# rhoc (cgs) 	 Pc (cgs) 	 R (km) 	 M (msol) 	 R_core (km) 	 M_core (msol) 	 I/(MR^2) 	 I_crust/(M_crust R_crust^2)/(I/(MR^2)) 	 k_2 	 Lambda 
 2.30000000e+14  2.50747167e+33  2.24011000e+01  1.44566029e-01  5.65660000e+00  6.70990041e-02  5.12683126e-02  7.78025491e-01  3.73516045e-03  3.16878741e+07 
 2.33066483e+14  2.59383110e+33  2.18281000e+01  1.47397573e-01  5.73160000e+00  7.03034806e-02  5.39961801e-02  7.66062545e-01  4.21095270e-03  2.84824110e+07 
 2.36132967e+14  2.68019053e+33  2.13111000e+01  1.50206991e-01  5.80360000e+00  7.34911638e-02  5.66679830e-02  7.54310633e-01  4.70992749e-03  2.57135008e+07 
 2.39199450e+14  2.77103057e+33  2.08191000e+01  1.53138329e-01  5.87560000e+00  7.68034201e-02  5.94184377e-02  7.42313988e-01  5.25808012e-03  2.31892030e+07 
 2.42265933e+14  2.86289873e+33  2.03671000e+01  1.56080975e-01  5.94560000e+00  8.01356039e-02  6.21447377e-02  7.30420666e-01  5.83637902e-03  2.09704623e+07 
 2.45332416e+14  2.95480535e+33  1.99551000e+01  1.59000120e-01  6.01260000e+00  8.34374586e-02  6.48145380e-02  7.18838471e-01  6.43674005e-03  1.90334113e+07 
 2.48398900e+14  3.05231582e+33  1.95571000e+01  1.62072059e-01  6.08060000e+00  8.69061979e-02  6.75790315e-02  7.06896713e-01  7.09404755e-03  1.72362987e+07 
 2.51465383e+14  3.14982630e+33  1.91931000e+01  1.65119676e-01  6.14460000e+00  9.03052805e-02  7.02832573e-02  6.95519563e-01  7.77246907e-03  1.56624204e+07 
 2.54531866e+14  3.24846720e+33  1.88561000e+01  1.68175433e-01  6.20760000e+00  9.37409667e-02  7.29516820e-02  6.84159865e-01  8.47635574e-03  1.42634357e+07 
 2.57598350e+14  3.35171805e+33  1.85321000e+01  1.71347935e-01  6.27160000e+00  9.73284885e-02  7.56807175e-02  6.72467281e-01  9.23183136e-03  1.29743332e+07 
 2.60664833e+14  3.45496889e+33  1.82341000e+01  1.74493958e-01  6.33160000e+00  1.00831744e-01  7.83454906e-02  6.61427311e-01  1.00043467e-02  1.18379585e+07 
 2.63731316e+14  3.56044713e+33  1.79541000e+01  1.77678760e-01  6.39160000e+00  1.04414775e-01  8.09967222e-02  6.50255391e-01  1.08070233e-02  1.08122255e+07 
 2.66797799e+14  3.66950438e+33  1.76871000e+01  1.80944500e-01  6.45060000e+00  1.08061541e-01  8.36694685e-02  6.39198002e-01  1.16506656e-02  9.87359568e+06 
 2.69864283e+14  3.77856164e+33  1.74401000e+01  1.84181867e-01  6.50660000e+00  1.11645329e-01  8.62779846e-02  6.28654251e-01  1.25074583e-02  9.04165532e+06 
 2.72930766e+14  3.89093028e+33  1.72051000e+01  1.87486994e-01  6.56360000e+00  1.15356375e-01  8.88916000e-02  6.17804874e-01  1.33987432e-02  8.28061735e+06 
 2.75997249e+14  4.00583000e+33  1.69831000e+01  1.90838195e-01  6.61860000e+00  1.19072252e-01  9.14886908e-02  6.07319654e-01  1.43166971e-02  7.58873774e+06 
 2.79063733e+14  4.12072973e+33  1.67761000e+01  1.94159348e-01  6.67160000e+00  1.22751920e-01  9.40290963e-02  5.97171315e-01  1.52461796e-02  6.97257063e+06 
 2.82130216e+14  4.29975835e+33  1.64801000e+01  1.99320235e-01  6.75160000e+00  1.28478942e-01  9.78839180e-02  5.81776880e-01  1.67149626e-02  6.13360847e+06 
 2.85196699e+14  4.45588534e+33  1.62431000e+01  2.03849702e-01  6.81960000e+00  1.33506785e-01  1.01183772e-01  5.68663903e-01  1.80280405e-02  5.49934657e+06 
 2.88263182e+14  4.60405434e+33  1.60361000e+01  2.08132777e-01  6.88060000e+00  1.38199629e-01  1.04237216e-01  5.56965698e-01  1.92884800e-02  4.97345018e+06 
 2.91329666e+14  4.75538750e+33  1.58411000e+01  2.12488925e-01  6.94160000e+00  1.42998280e-01  1.07274048e-01  5.45242050e-01  2.05846729e-02  4.50150286e+06 
 2.94396149e+14  4.90991392e+33  1.56571000e+01  2.16916954e-01  7.00160000e+00  1.47860050e-01  1.10295013e-01  5.33744892e-01  2.19158083e-02  4.07769758e+06 
 2.97462632e+14  5.06766250e+33  1.54841000e+01  2.21415678e-01  7.06060000e+00  1.52782751e-01  1.13287775e-01  5.22485139e-01  2.32743785e-02  3.69687240e+06 
 3.00529116e+14  5.22866193e+33  1.53211000e+01  2.25983939e-01  7.11960000e+00  1.57808358e-01  1.16254611e-01  5.11220107e-01  2.46597724e-02  3.35443447e+06 
 3.03595599e+14  5.39294070e+33  1.51661000e+01  2.30620581e-01  7.17660000e+00  1.62846990e-01  1.19215171e-01  5.00461719e-01  2.60810197e-02  3.04629678e+06 
 3.06662082e+14  5.56097249e+33  1.50201000e+01  2.35336909e-01  7.23360000e+00  1.67992311e-01  1.22145804e-01  4.89720934e-01  2.75235395e-02  2.76813047e+06 
 3.09728565e+14  5.73242895e+33  1.48811000e+01  2.40121605e-01  7.28960000e+00  1.73192477e-01  1.25067895e-01  4.79249352e-01  2.89981452e-02  2.51743107e+06 
 3.12795049e+14  5.90726352e+33  1.47501000e+01  2.44971451e-01  7.34460000e+00  1.78444103e-01  1.27955704e-01  4.69051469e-01  3.04886741e-02  2.29141823e+06 
 3.15861532e+14  6.08550394e+33  1.46271000e+01  2.49885328e-01  7.39960000e+00  1.83792698e-01  1.30799154e-01  4.58871186e-01  3.19868094e-02  2.08750089e+06 
 3.18928015e+14  6.26717774e+33  1.45091000e+01  2.54862132e-01  7.45260000e+00  1.89141248e-01  1.33643187e-01  4.49233917e-01  3.35181171e-02  1.90337256e+06 
 3.21994499e+14  6.45231221e+33  1.43981000e+01  2.59900774e-01  7.50560000e+00  1.94583676e-01  1.36444142e-01  4.39619849e-01  3.50540424e-02  1.73697892e+06 
 3.25060982e+14  6.64093443e+33  1.42931000e+01  2.65000172e-01  7.55860000e+00  2.00119813e-01  1.39212349e-01  4.30028708e-01  3.65988600e-02  1.58648992e+06 
 3.28127465e+14  6.83307127e+33  1.41941000e+01  2.70159258e-01  7.60960000e+00  2.05648482e-01  1.41940083e-01  4.20991305e-01  3.81453629e-02  1.45027433e+06 
 3.31193948e+14  7.02907935e+33  1.40991000e+01  2.75385726e-01  7.66060000e+00  2.11272828e-01  1.44661871e-01  4.11987270e-01  3.97144446e-02  1.32668158e+06 
 3.34260432e+14  7.22892155e+33  1.40091000e+01  2.80676606e-01  7.71060000e+00  2.16939778e-01  1.47351555e-01  4.03281145e-01  4.12870238e-02  1.21451268e+06 
 3.37326915e+14  7.43237285e+33  1.39241000e+01  2.86024123e-01  7.76060000e+00  2.22695684e-01  1.50001570e-01  3.94600649e-01  4.28561291e-02  1.11276556e+06 
 3.40393398e+14  7.63945930e+33  1.38431000e+01  2.91427233e-01  7.80860000e+00  2.28433949e-01  1.52627338e-01  3.86480718e-01  4.44307869e-02  1.02039543e+06 
 3.43459882e+14  7.85020670e+33  1.37661000e+01  2.96884915e-01  7.85760000e+00  2.34311805e-01  1.55223683e-01  3.78117977e-01  4.60056276e-02  9.36468738e+05 
 3.46526365e+14  8.06464062e+33  1.36931000e+01  3.02396138e-01  7.90460000e+00  2.40167496e-01  1.57785349e-01  3.70315996e-01  4.75749727e-02  8.60150858e+05 
 3.49592848e+14  8.28278639e+33  1.36241000e+01  3.07959895e-01  7.95160000e+00  2.46107058e-01  1.60307047e-01  3.62537623e-01  4.91328928e-02  7.90695033e+05 
 3.52659331e+14  8.50466910e+33  1.35581000e+01  3.13575184e-01  7.99760000e+00  2.52074395e-01  1.62807479e-01  3.55050571e-01  5.06919177e-02  7.27432724e+05 
 3.55725815e+14  8.73069116e+33  1.34951000e+01  3.19250436e-01  8.04360000e+00  2.58129460e-01  1.65284323e-01  3.47593069e-01  5.22482588e-02  6.69673700e+05 
 3.58792298e+14  8.96078678e+33  1.34351000e+01  3.24982130e-01  8.08860000e+00  2.64213402e-01  1.67733249e-01  3.40430499e-01  5.37972086e-02  6.16929068e+05 
 3.61858781e+14  9.19470919e+33  1.33781000e+01  3.30762447e-01  8.13360000e+00  2.70377441e-01  1.70149171e-01  3.33286917e-01  5.53336115e-02  5.68785620e+05 
 3.64925265e+14  9.43248260e+33  1.33241000e+01  3.36590397e-01  8.17760000e+00  2.76562891e-01  1.72528117e-01  3.26429755e-01  5.68525868e-02  5.24806759e+05 
 3.67991748e+14  9.67413097e+33  1.32731000e+01  3.42465004e-01  8.22060000e+00  2.82767487e-01  1.74866122e-01  3.19857294e-01  5.83491423e-02  4.84600318e+05 
 3.71058231e+14  9.91967801e+33  1.32241000e+01  3.48385304e-01  8.26360000e+00  2.89048506e-01  1.77186040e-01  3.13299586e-01  5.98408275e-02  4.47813786e+05 
 3.74124714e+14  1.01691472e+34  1.31771000e+01  3.54350332e-01  8.30560000e+00  2.95345377e-01  1.79485268e-01  3.07023298e-01  6.13244067e-02  4.14130030e+05 
 3.77191198e+14  1.04225617e+34  1.31331000e+01  3.60359132e-01  8.34760000e+00  3.01716608e-01  1.81733512e-01  3.00758895e-01  6.27726568e-02  3.83263519e+05 
 3.80257681e+14  1.06805838e+34  1.30901000e+01  3.66425697e-01  8.38860000e+00  3.08109984e-01  1.83985692e-01  2.94784645e-01  6.42304000e-02  3.54890370e+05 
 3.83324164e+14  1.09426970e+34  1.30501000e+01  3.72536128e-01  8.42960000e+00  3.14577019e-01  1.86181175e-01  2.88820817e-01  6.56448784e-02  3.28848936e+05 
 3.86390648e+14  1.12088403e+34  1.30111000e+01  3.78687517e-01  8.46960000e+00  3.21053421e-01  1.88373678e-01  2.83130912e-01  6.70621685e-02  3.04937684e+05 
 3.89457131e+14  1.14790362e+34  1.29751000e+01  3.84878929e-01  8.50960000e+00  3.27600073e-01  1.90503140e-01  2.77447120e-01  6.84278495e-02  2.82965938e+05 
 3.92523614e+14  1.17533065e+34  1.29401000e+01  3.91109427e-01  8.54860000e+00  3.34152771e-01  1.92625326e-01  2.72033381e-01  6.97905434e-02  2.62761480e+05 
 3.95590097e+14  1.20316732e+34  1.29071000e+01  3.97378088e-01  8.58760000e+00  3.40773567e-01  1.94708745e-01  2.66623007e-01  7.11209594e-02  2.44168581e+05 
 3.98656581e+14  1.23141575e+34  1.28751000e+01  4.03683993e-01  8.62560000e+00  3.47397078e-01  1.96781462e-01  2.61478838e-01  7.24437198e-02  2.27046354e+05 
 4.01723064e+14  1.26011461e+34  1.28451000e+01  4.10034257e-01  8.66360000e+00  3.54091877e-01  1.98812603e-01  2.56341446e-01  7.37288806e-02  2.11248074e+05 
 4.04789547e+14  1.28927323e+34  1.28161000e+01  4.16429287e-01  8.70060000e+00  3.60792384e-01  2.00831280e-01  2.51473167e-01  7.50023009e-02  1.96660019e+05 
 4.07856031e+14  1.31885166e+34  1.27881000e+01  4.22858816e-01  8.73760000e+00  3.67556742e-01  2.02834568e-01  2.46602716e-01  7.62615461e-02  1.83200711e+05 
 4.10922514e+14  1.34999947e+34  1.27611000e+01  4.29570191e-01  8.77560000e+00  3.74619131e-01  2.04864424e-01  2.41651796e-01  7.75213496e-02  1.70317620e+05 
 4.13988997e+14  1.40135837e+34  1.27191000e+01  4.40580307e-01  8.83560000e+00  3.86135948e-01  2.08141824e-01  2.34084080e-01  7.95432232e-02  1.51470504e+05 
 4.17055480e+14  1.47802626e+34  1.26641000e+01  4.57207396e-01  8.92360000e+00  4.03517979e-01  2.12886737e-01  2.23301592e-01  8.24113582e-02  1.27602996e+05 
 4.20121964e+14  1.55803751e+34  1.26141000e+01  4.74786397e-01  9.01360000e+00  4.21868233e-01  2.17731686e-01  2.12716738e-01  8.52872472e-02  1.07211775e+05 
 4.23188447e+14  1.64173645e+34  1.25711000e+01  4.93370434e-01  9.10560000e+00  4.41225686e-01  2.22619751e-01  2.02392425e-01  8.81037422e-02  8.98594055e+04 
 4.26254930e+14  1.72951362e+34  1.25331000e+01  5.13021381e-01  9.19960000e+00  4.61640640e-01  2.27627918e-01  1.92376430e-01  9.09231683e-02  7.51377415e+04 
 4.29321414e+14  1.82100352e+34  1.25021000e+01  5.33628981e-01  9.29560000e+00  4.83047529e-01  2.32655226e-01  1.82586159e-01  9.36500908e-02  6.27761078e+04 
 4.32387897e+14  1.91630812e+34  1.24781000e+01  5.55184071e-01  9.39160000e+00  5.05298228e-01  2.37684847e-01  1.73490501e-01  9.62604408e-02  5.24292385e+04 
 4.35454380e+14  2.01552906e+34  1.24591000e+01  5.77675212e-01  9.48960000e+00  5.28545703e-01  2.42775166e-01  1.64565887e-01  9.88069273e-02  4.37895486e+04 
 4.38520863e+14  2.11876743e+34  1.24471000e+01  6.01088763e-01  9.58760000e+00  5.52634545e-01  2.47830012e-01  1.56258551e-01  1.01186057e-01  3.65878509e+04 
 4.41587347e+14  2.22612354e+34  1.24401000e+01  6.25408928e-01  9.68660000e+00  5.77640826e-01  2.52907430e-01  1.48284781e-01  1.03451581e-01  3.05917615e+04 
 4.44653830e+14  2.33846570e+34  1.24381000e+01  6.50790950e-01  9.78660000e+00  6.03684058e-01  2.58022353e-01  1.40709131e-01  1.05593166e-01  2.55721290e+04 
 4.47720313e+14  2.45547046e+34  1.24421000e+01  6.77116977e-01  9.88760000e+00  6.30693477e-01  2.63092835e-01  1.33424373e-01  1.07534662e-01  2.13927579e+04 
 4.50786797e+14  2.57698890e+34  1.24501000e+01  7.04308007e-01  9.98860000e+00  6.58538128e-01  2.68170153e-01  1.26577787e-01  1.09332571e-01  1.79212793e+04 
 4.53853280e+14  2.70312125e+34  1.24631000e+01  7.32339803e-01  1.00896000e+01  6.87207098e-01  2.73191169e-01  1.20119835e-01  1.10920758e-01  1.50365572e+04 
 4.56919763e+14  2.83396580e+34  1.24791000e+01  7.61186114e-01  1.01906000e+01  7.16688097e-01  2.78223278e-01  1.14002799e-01  1.12367004e-01  1.26377343e+04 
 4.59986246e+14  2.96961855e+34  1.25001000e+01  7.90818780e-01  1.02906000e+01  7.46874903e-01  2.83158490e-01  1.08395437e-01  1.13562628e-01  1.06410964e+04 
 4.63052730e+14  3.11114416e+34  1.25241000e+01  8.21416222e-01  1.03916000e+01  7.78083790e-01  2.88108353e-01  1.02931593e-01  1.14645161e-01  8.97098985e+03 
 4.66119213e+14  3.25816105e+34  1.25511000e+01  8.52837841e-01  1.04926000e+01  8.10130840e-01  2.93033771e-01  9.77250268e-02  1.15490690e-01  7.57167552e+03 
 4.69185696e+14  3.41038680e+34  1.25811000e+01  8.84967745e-01  1.05926000e+01  8.42841495e-01  2.97901407e-01  9.28990186e-02  1.16130115e-01  6.40426207e+03 
 4.72252180e+14  3.55312583e+34  1.26101000e+01  9.14700143e-01  1.06826000e+01  8.73084781e-01  3.02292266e-01  8.87846720e-02  1.16508322e-01  5.50965298e+03 
 4.75318663e+14  3.66417163e+34  1.26331000e+01  9.37485961e-01  1.07496000e+01  8.96207958e-01  3.05580643e-01  8.59136794e-02  1.16730808e-01  4.92583292e+03 
 4.78385146e+14  3.71162606e+34  1.26431000e+01  9.47039403e-01  1.07776000e+01  9.05931988e-01  3.06929582e-01  8.46941439e-02  1.16786854e-01  4.70316225e+03 
 4.81451629e+14  3.75941275e+34  1.26531000e+01  9.56478522e-01  1.08056000e+01  9.15599522e-01  3.08246092e-01  8.33975497e-02  1.16820988e-01  4.49467035e+03 
 4.84518113e+14  3.80746553e+34  1.26631000e+01  9.65793548e-01  1.08316000e+01  9.25000155e-01  3.09527239e-01  8.24117329e-02  1.16831682e-01  4.29939842e+03 
 4.87584596e+14  3.85578362e+34  1.26731000e+01  9.74987728e-01  1.08576000e+01  9.34339630e-01  3.10773030e-01  8.13423422e-02  1.16870660e-01  4.11805781e+03 
 4.90651079e+14  3.90436626e+34  1.26821000e+01  9.84064064e-01  1.08836000e+01  9.43620711e-01  3.12032864e-01  8.01914326e-02  1.16827925e-01  3.94415567e+03 
 4.93717563e+14  3.95321269e+34  1.26911000e+01  9.93025384e-01  1.09086000e+01  9.52742034e-01  3.13258146e-01  7.91552994e-02  1.16813505e-01  3.78230039e+03 
 4.96784046e+14  4.00239072e+34  1.27011000e+01  1.00188658e+00  1.09326000e+01  9.61713339e-01  3.14401984e-01  7.82390199e-02  1.16782255e-01  3.63127475e+03 
 4.99850529e+14  4.05184358e+34  1.27101000e+01  1.01063968e+00  1.09566000e+01  9.70632311e-01  3.15561729e-01  7.72456008e-02  1.16721868e-01  3.48725510e+03 
 5.02917012e+14  4.10155826e+34  1.27191000e+01  1.01928489e+00  1.09796000e+01  9.79394075e-01  3.16688081e-01  7.63682917e-02  1.16638698e-01  3.35131326e+03 
 5.05983496e+14  4.15153398e+34  1.27271000e+01  1.02782453e+00  1.10026000e+01  9.88104604e-01  3.17831496e-01  7.54161969e-02  1.16526914e-01  3.22141749e+03 
 5.09049979e+14  4.20177000e+34  1.27361000e+01  1.03626085e+00  1.10246000e+01  9.96659551e-01  3.18892743e-01  7.45820103e-02  1.16451603e-01  3.10134944e+03 
 5.12116462e+14  4.25231900e+34  1.27441000e+01  1.04460470e+00  1.10466000e+01  1.00517202e+00  3.19973941e-01  7.36796937e-02  1.16348812e-01  2.98618218e+03 
 5.15182946e+14  4.30315616e+34  1.27521000e+01  1.05285379e+00  1.10676000e+01  1.01353348e+00  3.21024875e-01  7.28986736e-02  1.16173147e-01  2.87569190e+03 
 5.18249429e+14  4.35425164e+34  1.27601000e+01  1.06100526e+00  1.10886000e+01  1.02184764e+00  3.22045238e-01  7.20489233e-02  1.16029092e-01  2.77215793e+03 
 5.21315912e+14  4.40560466e+34  1.27681000e+01  1.06906104e+00  1.11086000e+01  1.03000824e+00  3.23035583e-01  7.13203128e-02  1.15917111e-01  2.67506785e+03 
 5.24382395e+14  4.45721446e+34  1.27751000e+01  1.07702296e+00  1.11286000e+01  1.03812326e+00  3.24047203e-01  7.05260196e-02  1.15727188e-01  2.58048004e+03 
 5.27448879e+14  4.50912725e+34  1.27831000e+01  1.08489989e+00  1.11476000e+01  1.04609080e+00  3.24980495e-01  6.98571511e-02  1.15577100e-01  2.49271588e+03 
 5.30515362e+14  4.56133288e+34  1.27901000e+01  1.09269176e+00  1.11666000e+01  1.05401829e+00  3.25937261e-01  6.91272071e-02  1.15350234e-01  2.40695637e+03 
 5.33581845e+14  4.61379332e+34  1.27971000e+01  1.10039455e+00  1.11856000e+01  1.06190254e+00  3.26866336e-01  6.83359975e-02  1.15157364e-01  2.32635376e+03 
 5.36648328e+14  4.66650779e+34  1.28041000e+01  1.10800989e+00  1.12036000e+01  1.06963503e+00  3.27768252e-01  6.76703015e-02  1.14998892e-01  2.25055246e+03 
 5.39714812e+14  4.71947555e+34  1.28111000e+01  1.11553936e+00  1.12216000e+01  1.07732544e+00  3.28643543e-01  6.69460803e-02  1.14771868e-01  2.17726577e+03 
 5.42781295e+14  4.77274480e+34  1.28171000e+01  1.12299127e+00  1.12386000e+01  1.08486976e+00  3.29545249e-01  6.63510567e-02  1.14521769e-01  2.10631531e+03 
 5.45847778e+14  4.82630304e+34  1.28241000e+01  1.13036514e+00  1.12556000e+01  1.09237687e+00  3.30370790e-01  6.57013918e-02  1.14314369e-01  2.04037454e+03 
 5.48914262e+14  4.88011258e+34  1.28301000e+01  1.13765721e+00  1.12726000e+01  1.09984368e+00  3.31222779e-01  6.49970407e-02  1.14084626e-01  1.97646256e+03 
 5.51980745e+14  4.93417266e+34  1.28361000e+01  1.14486889e+00  1.12886000e+01  1.10715980e+00  3.32050291e-01  6.44218302e-02  1.13839968e-01  1.91535748e+03 
 5.55047228e+14  4.98848252e+34  1.28411000e+01  1.15200153e+00  1.13046000e+01  1.11443654e+00  3.32905657e-01  6.37941949e-02  1.13573828e-01  1.85606207e+03 
 5.58113711e+14  5.04310079e+34  1.28471000e+01  1.15906410e+00  1.13196000e+01  1.12156874e+00  3.33686920e-01  6.32992137e-02  1.13300805e-01  1.80007096e+03 
 5.61180195e+14  5.09799576e+34  1.28531000e+01  1.16605356e+00  1.13346000e+01  1.12866507e+00  3.34445604e-01  6.27547346e-02  1.13065446e-01  1.74721043e+03 
 5.64246678e+14  5.15313853e+34  1.28581000e+01  1.17296754e+00  1.13496000e+01  1.13572332e+00  3.35233753e-01  6.21613154e-02  1.12809758e-01  1.69577833e+03 
 5.67313161e+14  5.20852834e+34  1.28631000e+01  1.17980725e+00  1.13646000e+01  1.14274420e+00  3.35999859e-01  6.15203058e-02  1.12541309e-01  1.64646793e+03 
 5.70379645e+14  5.26416445e+34  1.28681000e+01  1.18657390e+00  1.13786000e+01  1.14961541e+00  3.36744358e-01  6.10122554e-02  1.12260557e-01  1.59916675e+03 
 5.73446128e+14  5.32012420e+34  1.28731000e+01  1.19327793e+00  1.13926000e+01  1.15645726e+00  3.37469031e-01  6.04610753e-02  1.11967832e-01  1.55370773e+03 
 5.76512611e+14  5.37634002e+34  1.28781000e+01  1.19991220e+00  1.14056000e+01  1.16315042e+00  3.38173059e-01  6.00438233e-02  1.11663635e-01  1.51005148e+03 
 5.79579094e+14  5.43280016e+34  1.28821000e+01  1.20647653e+00  1.14196000e+01  1.16992106e+00  3.38909283e-01  5.94047287e-02  1.11391646e-01  1.46811456e+03 
 5.82645578e+14  5.48950386e+34  1.28861000e+01  1.21297198e+00  1.14326000e+01  1.17654262e+00  3.39625661e-01  5.89008125e-02  1.11058289e-01  1.42716109e+03 
 5.85712061e+14  5.54646471e+34  1.28911000e+01  1.21940124e+00  1.14446000e+01  1.18301613e+00  3.40270003e-01  5.85323893e-02  1.10772432e-01  1.38904652e+03 
 5.88778544e+14  5.60374395e+34  1.28951000e+01  1.22577209e+00  1.14576000e+01  1.18957572e+00  3.40949145e-01  5.79484646e-02  1.10468926e-01  1.35170972e+03 
 5.91845028e+14  5.66126478e+34  1.28991000e+01  1.23207689e+00  1.14696000e+01  1.19598641e+00  3.41609514e-01  5.75008585e-02  1.10155692e-01  1.31578010e+03 
 5.94911511e+14  5.71902645e+34  1.29021000e+01  1.23831664e+00  1.14816000e+01  1.20236282e+00  3.42304547e-01  5.70141208e-02  1.09825610e-01  1.28060585e+03 
 5.97977994e+14  5.77702820e+34  1.29061000e+01  1.24449231e+00  1.14926000e+01  1.20859033e+00  3.42928553e-01  5.66643060e-02  1.09543977e-01  1.24787455e+03 
 6.01044477e+14  5.83531711e+34  1.29091000e+01  1.25060983e+00  1.15046000e+01  1.21490363e+00  3.43588765e-01  5.61030843e-02  1.09195940e-01  1.21519367e+03 
 6.04110961e+14  5.89388901e+34  1.29131000e+01  1.25666954e+00  1.15156000e+01  1.22107208e+00  3.44179029e-01  5.56810866e-02  1.08896734e-01  1.18475995e+03 
 6.07177444e+14  5.95269903e+34  1.29161000e+01  1.26266769e+00  1.15266000e+01  1.22720752e+00  3.44805618e-01  5.52232338e-02  1.08581732e-01  1.15487984e+03 
 6.10243927e+14  6.01174641e+34  1.29191000e+01  1.26860517e+00  1.15366000e+01  1.23319439e+00  3.45415615e-01  5.49038588e-02  1.08258804e-01  1.12605736e+03 
 6.13310411e+14  6.07103043e+34  1.29221000e+01  1.27448287e+00  1.15476000e+01  1.23926510e+00  3.46009342e-01  5.43764801e-02  1.07928268e-01  1.09824459e+03 
 6.16376894e+14  6.13063963e+34  1.29251000e+01  1.28031027e+00  1.15576000e+01  1.24519474e+00  3.46588202e-01  5.39907257e-02  1.07590109e-01  1.07135681e+03 
 6.19443377e+14  6.19048839e+34  1.29281000e+01  1.28607973e+00  1.15676000e+01  1.25109287e+00  3.47151404e-01  5.35719843e-02  1.07244916e-01  1.04539192e+03 
 6.22509860e+14  6.24027602e+34  1.29301000e+01  1.29081638e+00  1.15756000e+01  1.25592259e+00  3.47632449e-01  5.32496882e-02  1.06973867e-01  1.02454998e+03 
 6.25576344e+14  6.27694003e+34  1.29311000e+01  1.29425121e+00  1.15806000e+01  1.25933838e+00  3.48001652e-01  5.31447089e-02  1.06742600e-01  1.00923107e+03 
 6.28642827e+14  6.31171132e+34  1.29331000e+01  1.29746026e+00  1.15866000e+01  1.26269124e+00  3.48285829e-01  5.28104854e-02  1.06573623e-01  9.96003712e+02 
 6.31709310e+14  6.34650471e+34  1.29341000e+01  1.30062353e+00  1.15916000e+01  1.26589532e+00  3.48614790e-01  5.26303752e-02  1.06395006e-01  9.82681229e+02 
 6.34775794e+14  6.38131615e+34  1.29351000e+01  1.30374123e+00  1.15966000e+01  1.26906792e+00  3.48934664e-01  5.24324855e-02  1.06214417e-01  9.69714315e+02 
 6.37842277e+14  6.41614555e+34  1.29361000e+01  1.30681400e+00  1.16016000e+01  1.27220957e+00  3.49245495e-01  5.22170127e-02  1.05983075e-01  9.56649446e+02 
 6.40908760e+14  6.45099287e+34  1.29371000e+01  1.30984252e+00  1.16066000e+01  1.27532085e+00  3.49547351e-01  5.19842065e-02  1.05798521e-01  9.44359210e+02 
 6.43975243e+14  6.48586521e+34  1.29391000e+01  1.31282809e+00  1.16116000e+01  1.27840277e+00  3.49786305e-01  5.17344335e-02  1.05619703e-01  9.32812504e+02 
 6.47041727e+14  6.52075520e+34  1.29391000e+01  1.31577077e+00  1.16156000e+01  1.28133765e+00  3.50124624e-01  5.16383797e-02  1.05423308e-01  9.20712839e+02 
 6.50108210e+14  6.55566277e+34  1.29401000e+01  1.31867122e+00  1.16206000e+01  1.28436133e+00  3.50400165e-01  5.13551244e-02  1.05232712e-01  9.09336577e+02 
 6.53174693e+14  6.59058784e+34  1.29411000e+01  1.32153015e+00  1.16246000e+01  1.28723880e+00  3.50667121e-01  5.12257459e-02  1.05040155e-01  8.98243994e+02 
 6.56241177e+14  6.62553460e+34  1.29421000e+01  1.32434857e+00  1.16286000e+01  1.29008857e+00  3.50925646e-01  5.10801664e-02  1.04893994e-01  8.87832879e+02 
 6.59307660e+14  6.66050161e+34  1.29431000e+01  1.32712703e+00  1.16336000e+01  1.29302906e+00  3.51175844e-01  5.07489264e-02  1.04697515e-01  8.77271077e+02 
 6.62374143e+14  6.69548583e+34  1.29431000e+01  1.32986595e+00  1.16376000e+01  1.29582455e+00  3.51472117e-01  5.05719237e-02  1.04491341e-01  8.66564492e+02 
 6.65440626e+14  6.73048719e+34  1.29441000e+01  1.33256598e+00  1.16406000e+01  1.29847523e+00  3.51705997e-01  5.05489287e-02  1.04339332e-01  8.56903916e+02 
 6.68507110e+14  6.76550710e+34  1.29451000e+01  1.33522787e+00  1.16446000e+01  1.30121803e+00  3.51931898e-01  5.03412982e-02  1.04137325e-01  8.47080931e+02 
 6.71573593e+14  6.80054965e+34  1.29451000e+01  1.33785256e+00  1.16486000e+01  1.30393551e+00  3.52204391e-01  5.01189969e-02  1.03973723e-01  8.37486372e+02 
 6.74640076e+14  6.83560905e+34  1.29461000e+01  1.34044024e+00  1.16526000e+01  1.30662770e+00  3.52414749e-01  4.98822227e-02  1.03768201e-01  8.28114087e+02 
 6.77706560e+14  6.87068525e+34  1.29461000e+01  1.34299151e+00  1.16556000e+01  1.30917655e+00  3.52671965e-01  4.97999670e-02  1.03601055e-01  8.18956833e+02 
 6.80773043e+14  6.90577815e+34  1.29461000e+01  1.34550697e+00  1.16596000e+01  1.31181938e+00  3.52921747e-01  4.95349761e-02  1.03432175e-01  8.10007537e+02 
 6.83839526e+14  6.94089381e+34  1.29471000e+01  1.34798764e+00  1.16626000e+01  1.31431994e+00  3.53109689e-01  4.94247673e-02  1.03221697e-01  8.01257907e+02 
 6.86906009e+14  6.97602698e+34  1.29471000e+01  1.35043372e+00  1.16656000e+01  1.31679676e+00  3.53344959e-01  4.93009458e-02  1.03049515e-01  7.92702954e+02 
 6.89972493e+14  7.01117661e+34  1.29471000e+01  1.35284571e+00  1.16686000e+01  1.31925016e+00  3.53573147e-01  4.91637854e-02  1.02875740e-01  7.84336683e+02 
 6.93038976e+14  7.04634261e+34  1.29471000e+01  1.35522415e+00  1.16716000e+01  1.32168055e+00  3.53794367e-01  4.90135060e-02  1.02700416e-01  7.76153159e+02 
 6.96105459e+14  7.08152877e+34  1.29471000e+01  1.35756986e+00  1.16746000e+01  1.32408853e+00  3.54008757e-01  4.88504212e-02  1.02523570e-01  7.68145825e+02 
 6.99171943e+14  7.11673434e+34  1.29471000e+01  1.35988330e+00  1.16776000e+01  1.32647442e+00  3.54216420e-01  4.86747429e-02  1.02345249e-01  7.60309436e+02 
 7.02238426e+14  7.15195604e+34  1.29471000e+01  1.36216479e+00  1.16806000e+01  1.32883833e+00  3.54417458e-01  4.84867947e-02  1.02165520e-01  7.52639472e+02 
 7.05304909e+14  7.18719380e+34  1.29471000e+01  1.36441484e+00  1.16836000e+01  1.33118062e+00  3.54611975e-01  4.82868002e-02  1.01984424e-01  7.45130895e+02 
 7.08371392e+14  7.22244938e+34  1.29471000e+01  1.36663407e+00  1.16856000e+01  1.33338264e+00  3.54800094e-01  4.82421951e-02  1.01801999e-01  7.37778481e+02 
 7.11437876e+14  7.29514245e+34  1.29461000e+01  1.37114488e+00  1.16906000e+01  1.33798727e+00  3.55226551e-01  4.79723613e-02  1.01412334e-01  7.22665313e+02 
 7.14504359e+14  7.37983507e+34  1.29461000e+01  1.37633420e+00  1.16966000e+01  1.34333960e+00  3.55638919e-01  4.75878493e-02  1.01004956e-01  7.06295341e+02 
 7.17570842e+14  7.47030076e+34  1.29451000e+01  1.38181556e+00  1.17026000e+01  1.34897933e+00  3.56114396e-01  4.72045029e-02  1.00548833e-01  6.89004527e+02 
 7.20637326e+14  7.56135147e+34  1.29431000e+01  1.38727374e+00  1.17086000e+01  1.35462284e+00  3.56629722e-01  4.67877940e-02  1.00073313e-01  6.71842341e+02 
 7.23703809e+14  7.65323900e+34  1.29421000e+01  1.39272584e+00  1.17136000e+01  1.36016410e+00  3.57077451e-01  4.65076829e-02  9.96408018e-02  6.55693968e+02 
 7.26770292e+14  7.74570670e+34  1.29411000e+01  1.39815791e+00  1.17186000e+01  1.36570851e+00  3.57512743e-01  4.61986791e-02  9.91528537e-02  6.39658890e+02 
 7.29836775e+14  7.83875349e+34  1.29391000e+01  1.40357102e+00  1.17236000e+01  1.37125569e+00  3.57992002e-01  4.58629186e-02  9.86952695e-02  6.24040958e+02 
 7.32903259e+14  7.93237829e+34  1.29371000e+01  1.40896592e+00  1.17286000e+01  1.37680523e+00  3.58460929e-01  4.55021099e-02  9.82304379e-02  6.08830917e+02 
 7.35969742e+14  8.02681288e+34  1.29351000e+01  1.41435633e+00  1.17336000e+01  1.38236882e+00  3.58921130e-01  4.51188334e-02  9.77120023e-02  5.93705477e+02 
 7.39036225e+14  8.12186572e+34  1.29331000e+01  1.41973151e+00  1.17386000e+01  1.38793581e+00  3.59372509e-01  4.47133437e-02  9.72334961e-02  5.79250423e+02 
 7.42102709e+14  8.21749631e+34  1.29311000e+01  1.42508947e+00  1.17426000e+01  1.39338318e+00  3.59815516e-01  4.44503887e-02  9.67952656e-02  5.65443467e+02 
 7.45169192e+14  8.31370344e+34  1.29291000e+01  1.43043037e+00  1.17466000e+01  1.39883062e+00  3.60250664e-01  4.41666558e-02  9.63068367e-02  5.51738582e+02 
 7.48235675e+14  8.41069753e+34  1.29271000e+01  1.43576590e+00  1.17516000e+01  1.40440880e+00  3.60679109e-01  4.37011502e-02  9.58131099e-02  5.38369797e+02 
 7.51302158e+14  8.50833708e+34  1.29241000e+01  1.44108811e+00  1.17556000e+01  1.40986893e+00  3.61156661e-01  4.33802409e-02  9.53522785e-02  5.25349503e+02 
 7.54368642e+14  8.60655262e+34  1.29221000e+01  1.44639324e+00  1.17596000e+01  1.41532739e+00  3.61571770e-01  4.30412167e-02  9.48512251e-02  5.12678252e+02 
 7.57435125e+14  8.70534284e+34  1.29191000e+01  1.45168124e+00  1.17626000e+01  1.42066289e+00  3.62036651e-01  4.28467524e-02  9.43839621e-02  5.00347304e+02 
 7.60501608e+14  8.80491397e+34  1.29171000e+01  1.45696300e+00  1.17666000e+01  1.42612654e+00  3.62440201e-01  4.24742020e-02  9.38764252e-02  4.88323270e+02 
 7.63568092e+14  8.90514031e+34  1.29141000e+01  1.46223157e+00  1.17706000e+01  1.43159078e+00  3.62894491e-01  4.20860103e-02  9.34025789e-02  4.76614439e+02 
 7.66634575e+14  9.00594046e+34  1.29111000e+01  1.46748256e+00  1.17736000e+01  1.43693026e+00  3.63343496e-01  4.18431658e-02  9.29266880e-02  4.65222087e+02 
 7.69701058e+14  9.10731301e+34  1.29081000e+01  1.47271586e+00  1.17776000e+01  1.44238605e+00  3.63787477e-01  4.14246438e-02  9.24490672e-02  4.54137847e+02 
 7.72767541e+14  9.20947794e+34  1.29051000e+01  1.47794258e+00  1.17806000e+01  1.44772662e+00  3.64227230e-01  4.11525122e-02  9.19687268e-02  4.43330500e+02 
 7.75834025e+14  9.31228963e+34  1.29021000e+01  1.48315496e+00  1.17836000e+01  1.45306516e+00  3.64662557e-01  4.08661662e-02  9.14867800e-02  4.32808818e+02 
 7.78900508e+14  9.41567258e+34  1.28991000e+01  1.48834902e+00  1.17866000e+01  1.45839754e+00  3.65093456e-01  4.05660173e-02  9.10039053e-02  4.22572793e+02 
 7.81966991e+14  9.51962526e+34  1.28961000e+01  1.49352461e+00  1.17896000e+01  1.46372329e+00  3.65520113e-01  4.02525784e-02  9.05203403e-02  4.12614607e+02 
 7.85033475e+14  9.62439989e+34  1.28931000e+01  1.49869400e+00  1.17926000e+01  1.46905392e+00  3.65943298e-01  3.99266264e-02  9.00348774e-02  4.02903522e+02 
 7.88099958e+14  9.72979408e+34  1.28901000e+01  1.50384688e+00  1.17956000e+01  1.47437926e+00  3.66362660e-01  3.95882824e-02  8.95488763e-02  3.93452094e+02 
 7.91166441e+14  9.83575656e+34  1.28861000e+01  1.50898060e+00  1.17976000e+01  1.47957523e+00  3.66835161e-01  3.93958967e-02  8.90973797e-02  3.84257644e+02 
 7.94232924e+14  9.94228573e+34  1.28831000e+01  1.51409501e+00  1.18006000e+01  1.48488400e+00  3.67247145e-01  3.90334347e-02  8.86112548e-02  3.75312925e+02 
 7.97299408e+14  1.00496852e+35  1.28801000e+01  1.51920435e+00  1.18026000e+01  1.49007633e+00  3.67656266e-01  3.88174593e-02  8.81237512e-02  3.66586578e+02 
 8.00365891e+14  1.01576576e+35  1.28761000e+01  1.52429415e+00  1.18056000e+01  1.49538100e+00  3.68119149e-01  3.84326873e-02  8.76707202e-02  3.58097046e+02 
 8.03432374e+14  1.02661949e+35  1.28731000e+01  1.52936396e+00  1.18076000e+01  1.50055432e+00  3.68521603e-01  3.81940224e-02  8.71840812e-02  3.49838044e+02 
 8.06498858e+14  1.03753522e+35  1.28691000e+01  1.53441622e+00  1.18096000e+01  1.50571975e+00  3.68978311e-01  3.79446732e-02  8.67315981e-02  3.41798933e+02 
 8.09565341e+14  1.04853341e+35  1.28661000e+01  1.53946007e+00  1.18116000e+01  1.51088620e+00  3.69375156e-01  3.76847706e-02  8.62447401e-02  3.33959239e+02 
 8.12631824e+14  1.05958790e+35  1.28621000e+01  1.54448326e+00  1.18136000e+01  1.51604153e+00  3.69826465e-01  3.74145268e-02  8.57922667e-02  3.26332182e+02 
 8.15698307e+14  1.07069852e+35  1.28581000e+01  1.54948563e+00  1.18156000e+01  1.52118539e+00  3.70274982e-01  3.71342270e-02  8.53406041e-02  3.18911600e+02 
 8.18764791e+14  1.08187906e+35  1.28551000e+01  1.55447324e+00  1.18176000e+01  1.52632353e+00  3.70663369e-01  3.68441663e-02  8.48561183e-02  3.11682617e+02 
 8.21831274e+14  1.09313419e+35  1.28511000e+01  1.55944786e+00  1.18196000e+01  1.53145753e+00  3.71107058e-01  3.65446485e-02  8.44048906e-02  3.04637398e+02 
 8.24897757e+14  1.10444523e+35  1.28471000e+01  1.56440103e+00  1.18216000e+01  1.53657892e+00  3.71548164e-01  3.62359057e-02  8.39548082e-02  2.97782387e+02 
 8.27964241e+14  1.11581200e+35  1.28431000e+01  1.56933265e+00  1.18226000e+01  1.54156530e+00  3.71986762e-01  3.60727433e-02  8.34654382e-02  2.90970749e+02 
 8.31030724e+14  1.12725866e+35  1.28401000e+01  1.57425296e+00  1.18246000e+01  1.54667082e+00  3.72365320e-01  3.57459718e-02  8.30248890e-02  2.84607360e+02 
 8.34097207e+14  1.13876993e+35  1.28361000e+01  1.57915511e+00  1.18266000e+01  1.55176646e+00  3.72799565e-01  3.54107708e-02  8.25772932e-02  2.78272652e+02 
 8.37163690e+14  1.15033669e+35  1.28321000e+01  1.58403514e+00  1.18276000e+01  1.55672611e+00  3.73231465e-01  3.52207715e-02  8.21312093e-02  2.72107939e+02 
 8.40230174e+14  1.16196143e+35  1.28281000e+01  1.58889403e+00  1.18286000e+01  1.56167259e+00  3.73661111e-01  3.50221530e-02  8.16865743e-02  2.66106867e+02 
 8.43296657e+14  1.17367271e+35  1.28241000e+01  1.59374345e+00  1.18306000e+01  1.56673961e+00  3.74089029e-01  3.46620703e-02  8.12420697e-02  2.60250618e+02 
 8.46363140e+14  1.18543921e+35  1.28201000e+01  1.59857022e+00  1.18316000e+01  1.57166953e+00  3.74514737e-01  3.44469993e-02  8.07993049e-02  2.54550809e+02 
 8.49429624e+14  1.19726072e+35  1.28161000e+01  1.60337422e+00  1.18326000e+01  1.57658429e+00  3.74938280e-01  3.42239431e-02  8.03583407e-02  2.49002838e+02 
 8.52496107e+14  1.20915355e+35  1.28121000e+01  1.60816197e+00  1.18336000e+01  1.58149027e+00  3.75359957e-01  3.39929869e-02  7.99184526e-02  2.43594853e+02 
 8.55562590e+14  1.22111948e+35  1.28081000e+01  1.61293393e+00  1.18346000e+01  1.58638784e+00  3.75779827e-01  3.37542834e-02  7.94796296e-02  2.38322403e+02 
 8.58629073e+14  1.23314014e+35  1.28041000e+01  1.61768266e+00  1.18356000e+01  1.59126941e+00  3.76197636e-01  3.35081739e-02  7.90427887e-02  2.33189649e+02 
 8.61695557e+14  1.24521531e+35  1.28001000e+01  1.62240808e+00  1.18366000e+01  1.59613479e+00  3.76613423e-01  3.32548374e-02  7.86079775e-02  2.28192474e+02 
 8.64762040e+14  1.25737733e+35  1.27961000e+01  1.62712264e+00  1.18376000e+01  1.60099637e+00  3.77027699e-01  3.29941905e-02  7.81737613e-02  2.23314064e+02 
 8.67828523e+14  1.26959677e+35  1.27921000e+01  1.63181472e+00  1.18386000e+01  1.60584236e+00  3.77440049e-01  3.27266521e-02  7.77415434e-02  2.18562947e+02 
 8.70895007e+14  1.28187041e+35  1.27881000e+01  1.63648308e+00  1.18386000e+01  1.61054912e+00  3.77850462e-01  3.26024953e-02  7.73115002e-02  2.13936557e+02 
 8.73961490e+14  1.29421244e+35  1.27831000e+01  1.64113308e+00  1.18396000e+01  1.61536642e+00  3.78318369e-01  3.23214429e-02  7.69131175e-02  2.09426065e+02 
 8.77027973e+14  1.30663024e+35  1.27791000e+01  1.64576725e+00  1.18406000e+01  1.62017462e+00  3.78725570e-01  3.20336640e-02  7.64857871e-02  2.05025738e+02 
 8.80094456e+14  1.31910192e+35  1.27751000e+01  1.65037735e+00  1.18406000e+01  1.62484285e+00  3.79130908e-01  3.18888952e-02  7.60607559e-02  2.00740166e+02 
 8.83160940e+14  1.33162725e+35  1.27711000e+01  1.65496335e+00  1.18416000e+01  1.62961558e+00  3.79534411e-01  3.15886886e-02  7.56380517e-02  1.96565975e+02 
 8.86227423e+14  1.34424010e+35  1.27661000e+01  1.65953745e+00  1.18416000e+01  1.63426053e+00  3.79996072e-01  3.14307637e-02  7.52083110e-02  1.92393387e+02 
 8.89293906e+14  1.35690934e+35  1.27621000e+01  1.66408821e+00  1.18416000e+01  1.63888824e+00  3.80396513e-01  3.12664919e-02  7.48260374e-02  1.88516830e+02 
 8.92360390e+14  1.36963187e+35  1.27581000e+01  1.66861454e+00  1.18426000e+01  1.64361994e+00  3.80795174e-01  3.09480292e-02  7.44087779e-02  1.84647078e+02 
 8.95426873e+14  1.38242576e+35  1.27541000e+01  1.67312284e+00  1.18426000e+01  1.64821730e+00  3.81192299e-01  3.07716030e-02  7.39932046e-02  1.80871512e+02 
 8.98493356e+14  1.39529203e+35  1.27491000e+01  1.67761328e+00  1.18426000e+01  1.65280279e+00  3.81647785e-01  3.05890469e-02  7.36081767e-02  1.77187387e+02 
 9.01559839e+14  1.40821124e+35  1.27451000e+01  1.68207904e+00  1.18426000e+01  1.65736929e+00  3.82041747e-01  3.04007895e-02  7.31966294e-02  1.73597594e+02 
 9.04626323e+14  1.42118653e+35  1.27401000e+01  1.68652127e+00  1.18426000e+01  1.66191793e+00  3.82494088e-01  3.02069252e-02  7.27795614e-02  1.70013293e+02 
 9.07692806e+14  1.43424928e+35  1.27361000e+01  1.69095055e+00  1.18426000e+01  1.66645949e+00  3.82885160e-01  3.00070263e-02  7.24078613e-02  1.66679375e+02 
 9.10759289e+14  1.44736457e+35  1.27321000e+01  1.69535493e+00  1.18426000e+01  1.67098164e+00  3.83274541e-01  2.98017692e-02  7.20022467e-02  1.63347115e+02 
 9.13825773e+14  1.46053218e+35  1.27271000e+01  1.69973442e+00  1.18426000e+01  1.67548428e+00  3.83722558e-01  2.95913497e-02  7.16273459e-02  1.60099207e+02 
 9.16892256e+14  1.47378023e+35  1.27231000e+01  1.70409829e+00  1.18426000e+01  1.67997689e+00  3.84109000e-01  2.93753572e-02  7.12256452e-02  1.56926492e+02 
 9.19958739e+14  1.48709099e+35  1.27181000e+01  1.70844059e+00  1.18426000e+01  1.68445323e+00  3.84554384e-01  2.91542696e-02  7.08182821e-02  1.53753685e+02 
 9.23025222e+14  1.50045365e+35  1.27141000e+01  1.71275782e+00  1.18426000e+01  1.68890964e+00  3.84937731e-01  2.89283149e-02  7.04569749e-02  1.50813662e+02 
 9.26091706e+14  1.51388394e+35  1.27101000e+01  1.71705509e+00  1.18426000e+01  1.69335125e+00  3.85319622e-01  2.86974376e-02  7.00619769e-02  1.47868087e+02 
 9.29158189e+14  1.52738949e+35  1.27051000e+01  1.72133472e+00  1.18416000e+01  1.69765809e+00  3.85760869e-01  2.86062136e-02  6.96961677e-02  1.44991010e+02 
 9.32224672e+14  1.54094654e+35  1.27011000e+01  1.72558914e+00  1.18416000e+01  1.70206703e+00  3.86139855e-01  2.83654866e-02  6.93054386e-02  1.42185524e+02 
 9.35291156e+14  1.55455935e+35  1.26961000e+01  1.72981980e+00  1.18416000e+01  1.70645701e+00  3.86578197e-01  2.81204106e-02  6.89443545e-02  1.39448690e+02 
 9.38357639e+14  1.56825900e+35  1.26921000e+01  1.73403625e+00  1.18406000e+01  1.71071562e+00  3.86954476e-01  2.80141927e-02  6.85573491e-02  1.36772554e+02 
 9.41424122e+14  1.58200971e+35  1.26871000e+01  1.73822741e+00  1.18406000e+01  1.71507593e+00  3.87390248e-01  2.77597421e-02  6.81999018e-02  1.34162447e+02 
 9.44490605e+14  1.59581121e+35  1.26821000e+01  1.74239333e+00  1.18396000e+01  1.71929324e+00  3.87824626e-01  2.76445529e-02  6.78103122e-02  1.31549437e+02 
 9.47557089e+14  1.60969832e+35  1.26781000e+01  1.74654444e+00  1.18396000e+01  1.72362302e+00  3.88196678e-01  2.73811528e-02  6.74643894e-02  1.29126576e+02 
 9.50623572e+14  1.62364192e+35  1.26731000e+01  1.75067197e+00  1.18386000e+01  1.72781143e+00  3.88628565e-01  2.72565787e-02  6.71128851e-02  1.26696527e+02 
 9.53690055e+14  1.63763588e+35  1.26691000e+01  1.75477420e+00  1.18376000e+01  1.73197889e+00  3.88997655e-01  2.71277384e-02  6.67374583e-02  1.24325627e+02 
 9.56756539e+14  1.65170616e+35  1.26641000e+01  1.75885875e+00  1.18376000e+01  1.73625562e+00  3.89426940e-01  2.68519470e-02  6.63900444e-02  1.22007963e+02 
 9.59823022e+14  1.66584187e+35  1.26601000e+01  1.76292237e+00  1.18366000e+01  1.74039358e+00  3.89793401e-01  2.67142816e-02  6.60184659e-02  1.19743939e+02 
 9.62889505e+14  1.68002745e+35  1.26551000e+01  1.76696068e+00  1.18356000e+01  1.74451037e+00  3.90220017e-01  2.65726675e-02  6.56755383e-02  1.17534536e+02 
 9.65955988e+14  1.69428113e+35  1.26501000e+01  1.77097890e+00  1.18346000e+01  1.74861144e+00  3.90645440e-01  2.64267887e-02  6.53344370e-02  1.15375444e+02 
 9.69022472e+14  1.70860811e+35  1.26461000e+01  1.77497843e+00  1.18336000e+01  1.75269817e+00  3.91007856e-01  2.62766125e-02  6.49693018e-02  1.13264611e+02 
 9.72088955e+14  1.72298448e+35  1.26411000e+01  1.77895265e+00  1.18326000e+01  1.75676356e+00  3.91430708e-01  2.61227683e-02  6.46324352e-02  1.11204227e+02 
 9.75155438e+14  1.73742175e+35  1.26361000e+01  1.78290482e+00  1.18316000e+01  1.76081096e+00  3.91852331e-01  2.59650815e-02  6.42644741e-02  1.09134939e+02 
 9.78221922e+14  1.75193912e+35  1.26321000e+01  1.78684016e+00  1.18306000e+01  1.76484581e+00  3.92210753e-01  2.58031966e-02  6.39389654e-02  1.07221835e+02 
 9.81288405e+14  1.76650540e+35  1.26271000e+01  1.79075021e+00  1.18296000e+01  1.76885917e+00  3.92629886e-01  2.56378752e-02  6.36081840e-02  1.05299044e+02 
 9.84354888e+14  1.78112644e+35  1.26231000e+01  1.79463666e+00  1.18286000e+01  1.77285275e+00  3.92985475e-01  2.54690161e-02  6.32545824e-02  1.03420779e+02 
 9.87421371e+14  1.79583331e+35  1.26181000e+01  1.79850777e+00  1.18276000e+01  1.77683518e+00  3.93402231e-01  2.52961581e-02  6.29274576e-02  1.01582009e+02 
 9.90487855e+14  1.81058858e+35  1.26131000e+01  1.80235364e+00  1.18266000e+01  1.78079594e+00  3.93817686e-01  2.51201142e-02  6.26027708e-02  9.97863388e+01 
 9.93554338e+14  1.82539355e+35  1.26081000e+01  1.80617478e+00  1.18256000e+01  1.78473550e+00  3.94231866e-01  2.49409381e-02  6.22481081e-02  9.79814554e+01 
 9.96620821e+14  1.84028896e+35  1.26041000e+01  1.80998168e+00  1.18246000e+01  1.78866493e+00  3.94582422e-01  2.47578138e-02  6.19347419e-02  9.63143537e+01 
 9.99687305e+14  1.85523227e+35  1.25991000e+01  1.81376344e+00  1.18236000e+01  1.79257260e+00  3.94994239e-01  2.45717858e-02  6.16161453e-02  9.46362019e+01 
 1.00275379e+15  1.87022318e+35  1.25941000e+01  1.81752016e+00  1.18216000e+01  1.79633667e+00  3.95404789e-01  2.45212652e-02  6.12999683e-02  9.29968269e+01 
 1.00582027e+15  1.88530430e+35  1.25901000e+01  1.82126250e+00  1.18206000e+01  1.80021228e+00  3.95751460e-01  2.43283307e-02  6.09607461e-02  9.13906621e+01 
 1.00888675e+15  1.90043465e+35  1.25851000e+01  1.82498028e+00  1.18196000e+01  1.80406653e+00  3.96159680e-01  2.41327067e-02  6.06482245e-02  8.98212186e+01 
 1.01195324e+15  1.91561208e+35  1.25801000e+01  1.82867312e+00  1.18176000e+01  1.80777720e+00  3.96566643e-01  2.40720868e-02  6.03381060e-02  8.82876820e+01 
 1.01501972e+15  1.93087745e+35  1.25751000e+01  1.83235098e+00  1.18166000e+01  1.81159854e+00  3.96972605e-01  2.38700466e-02  5.99977741e-02  8.67396039e+01 
 1.01808620e+15  1.94619383e+35  1.25711000e+01  1.83600496e+00  1.18146000e+01  1.81527721e+00  3.97314120e-01  2.38027447e-02  5.96988910e-02  8.53162586e+01 
 1.02115269e+15  1.96155675e+35  1.25661000e+01  1.83963413e+00  1.18136000e+01  1.81905609e+00  3.97717538e-01  2.35953109e-02  5.93948026e-02  8.38807078e+01 
 1.02421917e+15  1.97700645e+35  1.25611000e+01  1.84324804e+00  1.18116000e+01  1.82270139e+00  3.98119951e-01  2.35216231e-02  5.90919922e-02  8.24738898e+01 
 1.02728565e+15  1.99250782e+35  1.25561000e+01  1.84683845e+00  1.18106000e+01  1.82644814e+00  3.98521168e-01  2.33082602e-02  5.87604542e-02  8.10555598e+01 
 1.03035214e+15  2.00805516e+35  1.25521000e+01  1.85040423e+00  1.18086000e+01  1.83005118e+00  3.98857595e-01  2.32291827e-02  5.84699088e-02  7.97534883e+01 
 1.03341862e+15  2.02368928e+35  1.25471000e+01  1.85395473e+00  1.18076000e+01  1.83376433e+00  3.99256503e-01  2.30102716e-02  5.81730862e-02  7.84353157e+01 
 1.03648510e+15  2.03937454e+35  1.25421000e+01  1.85748190e+00  1.18056000e+01  1.83733529e+00  3.99654232e-01  2.29250596e-02  5.78784805e-02  7.71460768e+01 
 1.03955159e+15  2.05510522e+35  1.25371000e+01  1.86098459e+00  1.18036000e+01  1.84088433e+00  4.00050760e-01  2.28375249e-02  5.75862209e-02  7.58854520e+01 
 1.04261807e+15  2.07092380e+35  1.25331000e+01  1.86447228e+00  1.18026000e+01  1.84454361e+00  4.00382384e-01  2.26108671e-02  5.72723420e-02  7.46493770e+01 
 1.04568455e+15  2.08679186e+35  1.25281000e+01  1.86793653e+00  1.18006000e+01  1.84806048e+00  4.00776659e-01  2.25174839e-02  5.69836535e-02  7.34402504e+01 
 1.04875104e+15  2.10270476e+35  1.25231000e+01  1.87137650e+00  1.17986000e+01  1.85155547e+00  4.01169755e-01  2.24219888e-02  5.66972875e-02  7.22576863e+01 
 1.05181752e+15  2.11870784e+35  1.25181000e+01  1.87480199e+00  1.17976000e+01  1.85516099e+00  4.01561872e-01  2.21882301e-02  5.64120972e-02  7.10977208e+01 
 1.05488400e+15  2.13475755e+35  1.25141000e+01  1.87820371e+00  1.17956000e+01  1.85862377e+00  4.01888571e-01  2.20871687e-02  5.61067366e-02  6.99629350e+01 
 1.05795049e+15  2.15085289e+35  1.25091000e+01  1.88158164e+00  1.17936000e+01  1.86206518e+00  4.02278275e-01  2.19839927e-02  5.58261697e-02  6.88527353e+01 
 1.06101697e+15  2.16703912e+35  1.25041000e+01  1.88494530e+00  1.17916000e+01  1.86549550e+00  4.02667014e-01  2.18777543e-02  5.55467571e-02  6.77634528e+01 
 1.06408345e+15  2.18326932e+35  1.24991000e+01  1.88828495e+00  1.17896000e+01  1.86890411e+00  4.03054597e-01  2.17695283e-02  5.52696271e-02  6.66977170e+01 
 1.06714994e+15  2.19954918e+35  1.24941000e+01  1.89160194e+00  1.17876000e+01  1.87229249e+00  4.03441051e-01  2.16591545e-02  5.49946210e-02  6.56545349e+01 
 1.07021642e+15  2.21591531e+35  1.24901000e+01  1.89490375e+00  1.17856000e+01  1.87566878e+00  4.03761850e-01  2.15458085e-02  5.46989609e-02  6.46310570e+01 
 1.07328290e+15  2.23232481e+35  1.24851000e+01  1.89818179e+00  1.17836000e+01  1.87902348e+00  4.04146097e-01  2.14306549e-02  5.44275622e-02  6.36294807e+01 
 1.07634939e+15  2.24878917e+35  1.24801000e+01  1.90143851e+00  1.17816000e+01  1.88235923e+00  4.04529258e-01  2.13134288e-02  5.41581302e-02  6.26485387e+01 
 1.07941587e+15  2.26533399e+35  1.24751000e+01  1.90467897e+00  1.17796000e+01  1.88568156e+00  4.04911418e-01  2.11935607e-02  5.38900707e-02  6.16862511e+01 
 1.08248235e+15  2.28192157e+35  1.24701000e+01  1.90789592e+00  1.17776000e+01  1.88898241e+00  4.05292465e-01  2.10720291e-02  5.36242358e-02  6.07443356e+01 
 1.08554884e+15  2.29857042e+35  1.24651000e+01  1.91109304e+00  1.17756000e+01  1.89226581e+00  4.05672458e-01  2.09484093e-02  5.33601880e-02  5.98212401e+01 
 1.08861532e+15  2.31529269e+35  1.24611000e+01  1.91427271e+00  1.17736000e+01  1.89553434e+00  4.05986262e-01  2.08224419e-02  5.30763459e-02  5.89158649e+01 
 1.09168180e+15  2.33205710e+35  1.24561000e+01  1.91742909e+00  1.17716000e+01  1.89878148e+00  4.06364059e-01  2.06949698e-02  5.28160979e-02  5.80294641e+01 
 1.09474829e+15  2.34889039e+35  1.24511000e+01  1.92056732e+00  1.17696000e+01  1.90201296e+00  4.06740841e-01  2.05653017e-02  5.25574401e-02  5.71601699e+01 
 1.09781477e+15  2.36578885e+35  1.24461000e+01  1.92368675e+00  1.17676000e+01  1.90522793e+00  4.07116601e-01  2.04336374e-02  5.23004491e-02  5.63077869e+01 
 1.10088125e+15  2.38272884e+35  1.24411000e+01  1.92678315e+00  1.17656000e+01  1.90842164e+00  4.07491280e-01  2.03005942e-02  5.20456162e-02  5.54730756e+01 
 1.10394774e+15  2.39974651e+35  1.24361000e+01  1.92986321e+00  1.17626000e+01  1.91148059e+00  4.07864984e-01  2.02966548e-02  5.17640585e-02  5.46242009e+01 
 1.10701422e+15  2.41681988e+35  1.24321000e+01  1.93292299e+00  1.17606000e+01  1.91464217e+00  4.08171972e-01  2.01595854e-02  5.15198140e-02  5.38508270e+01 
 1.11008070e+15  2.43393415e+35  1.24271000e+01  1.93596000e+00  1.17586000e+01  1.91778264e+00  4.08543492e-01  2.00212829e-02  5.12704119e-02  5.30642769e+01 
 1.11314719e+15  2.45113612e+35  1.24221000e+01  1.93898261e+00  1.17566000e+01  1.92091139e+00  4.08914072e-01  1.98805434e-02  5.10221603e-02  5.22916995e+01 
 1.11621367e+15  2.46838309e+35  1.24171000e+01  1.94198336e+00  1.17546000e+01  1.92401988e+00  4.09283610e-01  1.97386276e-02  5.07759258e-02  5.15346822e+01 
 1.11928015e+15  2.48567718e+35  1.24121000e+01  1.94496279e+00  1.17516000e+01  1.92698813e+00  4.09652124e-01  1.97256464e-02  5.05316458e-02  5.07927426e+01 
 1.12234664e+15  2.50305651e+35  1.24071000e+01  1.94792751e+00  1.17496000e+01  1.93006477e+00  4.10019696e-01  1.95800780e-02  5.02610707e-02  5.00365744e+01 
 1.12541312e+15  2.52047576e+35  1.24031000e+01  1.95086987e+00  1.17476000e+01  1.93312058e+00  4.10320050e-01  1.94333526e-02  5.00273477e-02  4.93498206e+01 
 1.12847960e+15  2.53795401e+35  1.23981000e+01  1.95379324e+00  1.17446000e+01  1.93603867e+00  4.10685522e-01  1.94149633e-02  4.97880948e-02  4.86492948e+01 
 1.13154609e+15  2.55550491e+35  1.23931000e+01  1.95669994e+00  1.17426000e+01  1.93906272e+00  4.11050036e-01  1.92649391e-02  4.95502490e-02  4.79615086e+01 
 1.13461257e+15  2.57309509e+35  1.23881000e+01  1.95958457e+00  1.17396000e+01  1.94194576e+00  4.11413541e-01  1.92431709e-02  4.93144420e-02  4.72874571e+01 
 1.13767905e+15  2.59075737e+35  1.23831000e+01  1.96245263e+00  1.17376000e+01  1.94493450e+00  4.11776105e-01  1.90904700e-02  4.90800348e-02  4.66255781e+01 
 1.14074554e+15  2.60847849e+35  1.23781000e+01  1.96530198e+00  1.17356000e+01  1.94790641e+00  4.12137695e-01  1.89362511e-02  4.88203926e-02  4.59508044e+01 
 1.14381202e+15  2.62623823e+35  1.23741000e+01  1.96812957e+00  1.17326000e+01  1.95073747e+00  4.12431622e-01  1.89100055e-02  4.85968590e-02  4.53394502e+01 
 1.14687850e+15  2.64408442e+35  1.23691000e+01  1.97094307e+00  1.17306000e+01  1.95367696e+00  4.12791233e-01  1.87529701e-02  4.83672892e-02  4.47136611e+01 
 1.14994499e+15  2.66197437e+35  1.23641000e+01  1.97373578e+00  1.17276000e+01  1.95647685e+00  4.13149869e-01  1.87233675e-02  4.81396021e-02  4.40999755e+01 
 1.15301147e+15  2.67991246e+35  1.23591000e+01  1.97650858e+00  1.17256000e+01  1.95937832e+00  4.13507552e-01  1.85643645e-02  4.79137004e-02  4.34979518e+01 
 1.15607795e+15  2.69793223e+35  1.23541000e+01  1.97926670e+00  1.17226000e+01  1.96214716e+00  4.13864330e-01  1.85315626e-02  4.76889732e-02  4.29062269e+01 
 1.15914444e+15  2.71598961e+35  1.23491000e+01  1.98200347e+00  1.17206000e+01  1.96501577e+00  4.14220148e-01  1.83700512e-02  4.74399027e-02  4.23025599e+01 
 1.16221092e+15  2.73411137e+35  1.23451000e+01  1.98472311e+00  1.17176000e+01  1.96774895e+00  4.14507872e-01  1.83348170e-02  4.72257399e-02  4.17561625e+01 
 1.16527740e+15  2.75229783e+35  1.23401000e+01  1.98742571e+00  1.17156000e+01  1.97058666e+00  4.14861776e-01  1.81706561e-02  4.70059524e-02  4.11964802e+01 
 1.16834389e+15  2.77052122e+35  1.23351000e+01  1.99010727e+00  1.17126000e+01  1.97328444e+00  4.15214744e-01  1.81332311e-02  4.67880785e-02  4.06475643e+01 
 1.17141037e+15  2.78882649e+35  1.23301000e+01  1.99277451e+00  1.17096000e+01  1.97597006e+00  4.15566823e-01  1.80937041e-02  4.65713350e-02  4.01078388e+01 
 1.17447685e+15  2.80717820e+35  1.23251000e+01  1.99542232e+00  1.17076000e+01  1.97875693e+00  4.15917992e-01  1.79265599e-02  4.63563198e-02  3.95781468e+01 
 1.17754334e+15  2.82557514e+35  1.23201000e+01  1.99805068e+00  1.17046000e+01  1.98140597e+00  4.16268250e-01  1.78852178e-02  4.61173013e-02  3.90365055e+01 
 1.18060982e+15  2.84405475e+35  1.23161000e+01  2.00066500e+00  1.17016000e+01  1.98404286e+00  4.16549968e-01  1.78420570e-02  4.59121917e-02  3.85469983e+01 
 1.18367630e+15  2.86257026e+35  1.23111000e+01  2.00325876e+00  1.16996000e+01  1.98677954e+00  4.16898372e-01  1.76720328e-02  4.57019400e-02  3.80453910e+01 
 1.18674278e+15  2.88115043e+35  1.23061000e+01  2.00583612e+00  1.16966000e+01  1.98938192e+00  4.17245895e-01  1.76269117e-02  4.54930595e-02  3.75524678e+01 
 1.18980927e+15  2.89979306e+35  1.23011000e+01  2.00839683e+00  1.16936000e+01  1.99196900e+00  4.17592543e-01  1.75805960e-02  4.52855798e-02  3.70681084e+01 
 1.19287575e+15  2.91847091e+35  1.22961000e+01  2.01093730e+00  1.16916000e+01  1.99465597e+00  4.17938322e-01  1.74079810e-02  4.50799261e-02  3.65928181e+01 
 1.19594223e+15  2.93723409e+35  1.22921000e+01  2.01346441e+00  1.16886000e+01  1.99721216e+00  4.18215168e-01  1.73593499e-02  4.48570299e-02  3.61251395e+01 
 1.19900872e+15  2.95603827e+35  1.22871000e+01  2.01597225e+00  1.16856000e+01  1.99975002e+00  4.18559135e-01  1.73100128e-02  4.46541719e-02  3.56660186e+01 
 1.20207520e+15  2.97489286e+35  1.22821000e+01  2.01846227e+00  1.16836000e+01  2.00239014e+00  4.18902257e-01  1.71347416e-02  4.44528589e-02  3.52150287e+01 
 1.20514168e+15  2.99382294e+35  1.22771000e+01  2.02093781e+00  1.16806000e+01  2.00489819e+00  4.19244536e-01  1.70833708e-02  4.42526942e-02  3.47714108e+01 
 1.20820817e+15  3.01278718e+35  1.22721000e+01  2.02339357e+00  1.16776000e+01  2.00738732e+00  4.19585965e-01  1.70313279e-02  4.40542960e-02  3.43359638e+01 
 1.21127465e+15  3.03182444e+35  1.22681000e+01  2.02583472e+00  1.16746000e+01  2.00986328e+00  4.19858094e-01  1.69779623e-02  4.38391883e-02  3.39076247e+01 
 1.21434113e+15  3.05091378e+35  1.22631000e+01  2.02825863e+00  1.16716000e+01  2.01232287e+00  4.20197782e-01  1.69239455e-02  4.36435047e-02  3.34867261e+01 
 1.21740762e+15  3.07004228e+35  1.22581000e+01  2.03066379e+00  1.16696000e+01  2.01488342e+00  4.20536651e-01  1.67449564e-02  4.34494711e-02  3.30733774e+01 
 1.22047410e+15  3.08925626e+35  1.22531000e+01  2.03305611e+00  1.16666000e+01  2.01731388e+00  4.20874693e-01  1.66889103e-02  4.32563936e-02  3.26664363e+01 
 1.22354058e+15  3.10850333e+35  1.22481000e+01  2.03542914e+00  1.16636000e+01  2.01972571e+00  4.21211932e-01  1.66324410e-02  4.30650321e-02  3.22668694e+01 
 1.22660707e+15  3.12781413e+35  1.22431000e+01  2.03778680e+00  1.16606000e+01  2.02212336e+00  4.21548361e-01  1.65749479e-02  4.28506008e-02  3.18558027e+01 
 1.22967355e+15  3.14718503e+35  1.22391000e+01  2.04012872e+00  1.16576000e+01  2.02450621e+00  4.21815041e-01  1.65166515e-02  4.26686818e-02  3.14874271e+01 
 1.23274003e+15  3.16658831e+35  1.22341000e+01  2.04245167e+00  1.16546000e+01  2.02687057e+00  4.22149809e-01  1.64581296e-02  4.24816287e-02  3.11079022e+01 
 1.23580652e+15  3.18608114e+35  1.22291000e+01  2.04476257e+00  1.16526000e+01  2.02934316e+00  4.22483768e-01  1.62746231e-02  4.22954392e-02  3.07340621e+01 
 1.23887300e+15  3.20560741e+35  1.22241000e+01  2.04705485e+00  1.16496000e+01  2.03167900e+00  4.22816959e-01  1.62144090e-02  4.21108920e-02  3.03668602e+01 
 1.24193948e+15  3.22519116e+35  1.22201000e+01  2.04933147e+00  1.16466000e+01  2.03400015e+00  4.23080107e-01  1.61533573e-02  4.19104807e-02  3.00057006e+01 
 1.24500597e+15  3.24483996e+35  1.22151000e+01  2.05159338e+00  1.16436000e+01  2.03630772e+00  4.23411661e-01  1.60913830e-02  4.17284760e-02  2.96503344e+01 
 1.24807245e+15  3.26452006e+35  1.22101000e+01  2.05383681e+00  1.16406000e+01  2.03859720e+00  4.23742473e-01  1.60292517e-02  4.15480994e-02  2.93012383e+01 
 1.25113893e+15  3.28428542e+35  1.22051000e+01  2.05606801e+00  1.16376000e+01  2.04087589e+00  4.24072500e-01  1.59658090e-02  4.13686121e-02  2.89573399e+01 
 1.25420542e+15  3.30408720e+35  1.22001000e+01  2.05828153e+00  1.16346000e+01  2.04313733e+00  4.24401794e-01  1.59021504e-02  4.11906609e-02  2.86193792e+01 
 1.25727190e+15  3.32394325e+35  1.21961000e+01  2.06047951e+00  1.16316000e+01  2.04538398e+00  4.24660683e-01  1.58379010e-02  4.09971779e-02  2.82869241e+01 
 1.26033838e+15  3.34386625e+35  1.21911000e+01  2.06266340e+00  1.16286000e+01  2.04761760e+00  4.24988396e-01  1.57728043e-02  4.08216862e-02  2.79596655e+01 
 1.26340487e+15  3.36381944e+35  1.21861000e+01  2.06482933e+00  1.16256000e+01  2.04983350e+00  4.25315406e-01  1.57076678e-02  4.06477711e-02  2.76380887e+01 
 1.26647135e+15  3.38385666e+35  1.21811000e+01  2.06698318e+00  1.16226000e+01  2.05203869e+00  4.25641651e-01  1.56413218e-02  4.04747265e-02  2.73212226e+01 
 1.26953783e+15  3.40393021e+35  1.21771000e+01  2.06911994e+00  1.16196000e+01  2.05422714e+00  4.25897224e-01  1.55747936e-02  4.02866055e-02  2.70097203e+01 
 1.27260432e+15  3.42405788e+35  1.21721000e+01  2.07124162e+00  1.16166000e+01  2.05640123e+00  4.26221977e-01  1.55077764e-02  4.01163336e-02  2.67032023e+01 
 1.27567080e+15  3.44425131e+35  1.21671000e+01  2.07334950e+00  1.16136000e+01  2.05856244e+00  4.26545999e-01  1.54400006e-02  3.99471412e-02  2.64013956e+01 
 1.27873728e+15  3.46447382e+35  1.21621000e+01  2.07543990e+00  1.16106000e+01  2.06070634e+00  4.26869357e-01  1.53722783e-02  3.97794741e-02  2.61047449e+01 
 1.28180377e+15  3.48478218e+35  1.21581000e+01  2.07751875e+00  1.16076000e+01  2.06283997e+00  4.27121683e-01  1.53033785e-02  3.95963285e-02  2.58123232e+01 
 1.28487025e+15  3.50512370e+35  1.21531000e+01  2.07958075e+00  1.16046000e+01  2.06495696e+00  4.27443557e-01  1.52345145e-02  3.94309909e-02  2.55248083e+01 
 1.28793673e+15  3.52552228e+35  1.21481000e+01  2.08162843e+00  1.16016000e+01  2.06706033e+00  4.27764740e-01  1.51651417e-02  3.92668014e-02  2.52417607e+01 
 1.29100322e+15  3.54598231e+35  1.21431000e+01  2.08366230e+00  1.15986000e+01  2.06915064e+00  4.28085230e-01  1.50951865e-02  3.90810300e-02  2.49485648e+01 
 1.29406970e+15  3.56647102e+35  1.21391000e+01  2.08567924e+00  1.15956000e+01  2.07122409e+00  4.28334492e-01  1.50253331e-02  3.89260230e-02  2.46889868e+01 
 1.29713618e+15  3.58704907e+35  1.21341000e+01  2.08768529e+00  1.15926000e+01  2.07328794e+00  4.28653541e-01  1.49543752e-02  3.87651895e-02  2.44187252e+01 
 1.30020267e+15  3.60765471e+35  1.21291000e+01  2.08967450e+00  1.15896000e+01  2.07533497e+00  4.28971971e-01  1.48836003e-02  3.86058127e-02  2.41529815e+01 
 1.30326915e+15  3.62832343e+35  1.21251000e+01  2.09165042e+00  1.15866000e+01  2.07736942e+00  4.29218906e-01  1.48122606e-02  3.84316114e-02  2.38912079e+01 
 1.30633563e+15  3.64904620e+35  1.21201000e+01  2.09361227e+00  1.15836000e+01  2.07939029e+00  4.29535936e-01  1.47406544e-02  3.82744554e-02  2.36334506e+01 
 1.30940212e+15  3.66980478e+35  1.21151000e+01  2.09555844e+00  1.15806000e+01  2.08139561e+00  4.29852352e-01  1.46690950e-02  3.81186230e-02  2.33798500e+01 
 1.31246860e+15  3.69064419e+35  1.21111000e+01  2.09749320e+00  1.15776000e+01  2.08339055e+00  4.30097028e-01  1.45966362e-02  3.79479231e-02  2.31297816e+01 
 1.31553508e+15  3.71151006e+35  1.21061000e+01  2.09941162e+00  1.15736000e+01  2.08525212e+00  4.30412092e-01  1.46439212e-02  3.77943637e-02  2.28838305e+01 
 1.31860157e+15  3.73244811e+35  1.21011000e+01  2.10131799e+00  1.15706000e+01  2.08721961e+00  4.30726495e-01  1.45708465e-02  3.76416941e-02  2.26413799e+01 
 1.32166805e+15  3.75342972e+35  1.20961000e+01  2.10320977e+00  1.15676000e+01  2.08917275e+00  4.31040288e-01  1.44976934e-02  3.74902200e-02  2.24026947e+01 
 1.32473453e+15  3.77445736e+35  1.20921000e+01  2.10508732e+00  1.15646000e+01  2.09111196e+00  4.31282131e-01  1.44244042e-02  3.73244634e-02  2.21676687e+01 
 1.32780102e+15  3.79555420e+35  1.20871000e+01  2.10695278e+00  1.15616000e+01  2.09303978e+00  4.31594607e-01  1.43505999e-02  3.71751051e-02  2.19359856e+01 
 1.33086750e+15  3.81667637e+35  1.20821000e+01  2.10880235e+00  1.15586000e+01  2.09495157e+00  4.31906536e-01  1.42771316e-02  3.70271065e-02  2.17080544e+01 
 1.33393398e+15  3.83788291e+35  1.20781000e+01  2.11064131e+00  1.15556000e+01  2.09685370e+00  4.32146221e-01  1.42028283e-02  3.68645631e-02  2.14831720e+01 
 1.33700047e+15  3.85911940e+35  1.20731000e+01  2.11246500e+00  1.15526000e+01  2.09874040e+00  4.32456867e-01  1.41289128e-02  3.67186344e-02  2.12618611e+01 
 1.34006695e+15  3.88041525e+35  1.20681000e+01  2.11427605e+00  1.15486000e+01  2.10049850e+00  4.32766907e-01  1.41730156e-02  3.65736760e-02  2.10437454e+01 
 1.34313343e+15  3.90176556e+35  1.20641000e+01  2.11607412e+00  1.15456000e+01  2.10236067e+00  4.33004554e-01  1.40982281e-02  3.64146318e-02  2.08288150e+01 
 1.34619992e+15  3.92315061e+35  1.20591000e+01  2.11785768e+00  1.15426000e+01  2.10420829e+00  4.33313403e-01  1.40237032e-02  3.62719498e-02  2.06172102e+01 
 1.34926640e+15  3.94461422e+35  1.20541000e+01  2.11963044e+00  1.15396000e+01  2.10604591e+00  4.33621620e-01  1.39485145e-02  3.61300204e-02  2.04084395e+01 
 1.35233288e+15  3.96610163e+35  1.20501000e+01  2.12138795e+00  1.15366000e+01  2.10786805e+00  4.33857305e-01  1.38737165e-02  3.59744522e-02  2.02029754e+01 
 1.35539937e+15  3.98766478e+35  1.20451000e+01  2.12313458e+00  1.15336000e+01  2.10967993e+00  4.34164336e-01  1.37984761e-02  3.58346408e-02  2.00002702e+01 
 1.35846585e+15  4.00926457e+35  1.20411000e+01  2.12486722e+00  1.15296000e+01  2.11136163e+00  4.34398675e-01  1.38410382e-02  3.56811539e-02  1.98006343e+01 
 1.36153233e+15  4.03091662e+35  1.20361000e+01  2.12658722e+00  1.15266000e+01  2.11314732e+00  4.34704565e-01  1.37656313e-02  3.55435268e-02  1.96038708e+01 
 1.36459882e+15  4.05262827e+35  1.20311000e+01  2.12829525e+00  1.15236000e+01  2.11492142e+00  4.35009896e-01  1.36899919e-02  3.54068060e-02  1.94098613e+01 
 1.36766530e+15  4.07436913e+35  1.20271000e+01  2.12998901e+00  1.15206000e+01  2.11668104e+00  4.35242346e-01  1.36146932e-02  3.52566088e-02  1.92188198e+01 
 1.37073178e+15  4.09619212e+35  1.20221000e+01  2.13167270e+00  1.15176000e+01  2.11843137e+00  4.35546515e-01  1.35388109e-02  3.51218031e-02  1.90302391e+01 
 1.37379827e+15  4.11803736e+35  1.20181000e+01  2.13334180e+00  1.15136000e+01  2.12005077e+00  4.35777697e-01  1.35805261e-02  3.49736767e-02  1.88445827e+01 
 1.37686475e+15  4.13995548e+35  1.20131000e+01  2.13500023e+00  1.15106000e+01  2.12177619e+00  4.36080766e-01  1.35045437e-02  3.48409064e-02  1.86613754e+01 
 1.37993123e+15  4.16191113e+35  1.20081000e+01  2.13664542e+00  1.15076000e+01  2.12348829e+00  4.36383362e-01  1.34287921e-02  3.47092105e-02  1.84808658e+01 
 1.38299772e+15  4.18391774e+35  1.20041000e+01  2.13827847e+00  1.15046000e+01  2.12518840e+00  4.36612687e-01  1.33530051e-02  3.45640487e-02  1.83028912e+01 
 1.38606420e+15  4.20598327e+35  1.19991000e+01  2.13990003e+00  1.15016000e+01  2.12687731e+00  4.36914179e-01  1.32771112e-02  3.44341994e-02  1.81273497e+01 
 1.38913068e+15  4.22807824e+35  1.19951000e+01  2.14150805e+00  1.14976000e+01  2.12843677e+00  4.37142333e-01  1.33181004e-02  3.42911686e-02  1.79544238e+01 
 1.39219717e+15  4.25025314e+35  1.19901000e+01  2.14310625e+00  1.14946000e+01  2.13010286e+00  4.37442741e-01  1.32418984e-02  3.41631402e-02  1.77836816e+01 
 1.39526365e+15  4.27244873e+35  1.19851000e+01  2.14469045e+00  1.14916000e+01  2.13175450e+00  4.37742753e-01  1.31663202e-02  3.40362908e-02  1.76155345e+01 
 1.39833013e+15  4.29472011e+35  1.19811000e+01  2.14626469e+00  1.14886000e+01  2.13339672e+00  4.37969084e-01  1.30902854e-02  3.38959677e-02  1.74495198e+01 
 1.40139661e+15  4.31702411e+35  1.19761000e+01  2.14782596e+00  1.14856000e+01  2.13502566e+00  4.38268053e-01  1.30147707e-02  3.37708999e-02  1.72859257e+01 
 1.40446310e+15  4.33938352e+35  1.19721000e+01  2.14937597e+00  1.14816000e+01  2.13652841e+00  4.38493260e-01  1.30548013e-02  3.36326224e-02  1.71245373e+01 
 1.40752958e+15  4.36179542e+35  1.19671000e+01  2.15091457e+00  1.14786000e+01  2.13813518e+00  4.38791202e-01  1.29790086e-02  3.35093103e-02  1.69653436e+01 
 1.41059606e+15  4.38424274e+35  1.19631000e+01  2.15244070e+00  1.14756000e+01  2.13972924e+00  4.39015315e-01  1.29035508e-02  3.33730438e-02  1.68084197e+01 
 1.41366255e+15  4.40676200e+35  1.19581000e+01  2.15395688e+00  1.14726000e+01  2.14131377e+00  4.39312246e-01  1.28278408e-02  3.32514618e-02  1.66534799e+01 
 1.41672903e+15  4.42930039e+35  1.19541000e+01  2.15545970e+00  1.14686000e+01  2.14276946e+00  4.39535280e-01  1.28680338e-02  3.31171456e-02  1.65008442e+01 
 1.41979551e+15  4.45192321e+35  1.19491000e+01  2.15695353e+00  1.14656000e+01  2.14433194e+00  4.39831242e-01  1.27922437e-02  3.29972986e-02  1.63500394e+01 
 1.42286200e+15  4.47456801e+35  1.19451000e+01  2.15843434e+00  1.14626000e+01  2.14588089e+00  4.40053158e-01  1.27170700e-02  3.28647689e-02  1.62014433e+01 
 1.42592848e+15  4.49727840e+35  1.19401000e+01  2.15990505e+00  1.14596000e+01  2.14742003e+00  4.40348215e-01  1.26417752e-02  3.27467584e-02  1.60547378e+01 
 1.42899496e+15  4.52002907e+35  1.19361000e+01  2.16136412e+00  1.14556000e+01  2.14883265e+00  4.40569042e-01  1.26815548e-02  3.26159924e-02  1.59100494e+01 
 1.43206145e+15  4.54282691e+35  1.19311000e+01  2.16281208e+00  1.14526000e+01  2.15034895e+00  4.40863229e-01  1.26065563e-02  3.24997888e-02  1.57673032e+01 
 1.43512793e+15  4.56568292e+35  1.19271000e+01  2.16424966e+00  1.14496000e+01  2.15185500e+00  4.41082981e-01  1.25315160e-02  3.23707597e-02  1.56263946e+01 
 1.43819441e+15  4.58856810e+35  1.19221000e+01  2.16567515e+00  1.14456000e+01  2.15323408e+00  4.41376309e-01  1.25714793e-02  3.22563301e-02  1.54874733e+01 
 1.44126090e+15  4.61152890e+35  1.19181000e+01  2.16709151e+00  1.14426000e+01  2.15471899e+00  4.41595017e-01  1.24965647e-02  3.21290156e-02  1.53502223e+01 
 1.44432738e+15  4.63450687e+35  1.19131000e+01  2.16849521e+00  1.14396000e+01  2.15619071e+00  4.41887491e-01  1.24223544e-02  3.20162865e-02  1.52149643e+01 
 1.44739386e+15  4.65756636e+35  1.19091000e+01  2.16989024e+00  1.14366000e+01  2.15765428e+00  4.42105187e-01  1.23476955e-02  3.18907041e-02  1.50812856e+01 
 1.45046035e+15  4.68064816e+35  1.19041000e+01  2.17127310e+00  1.14326000e+01  2.15899090e+00  4.42396787e-01  1.23877306e-02  3.17795603e-02  1.49495057e+01 
 1.45352683e+15  4.70379462e+35  1.19001000e+01  2.17264642e+00  1.14296000e+01  2.16043251e+00  4.42613542e-01  1.23135268e-02  3.16557732e-02  1.48193476e+01 
 1.45659331e+15  4.72697972e+35  1.18951000e+01  2.17400870e+00  1.14266000e+01  2.16186286e+00  4.42904288e-01  1.22396889e-02  3.15461924e-02  1.46909346e+01 
 1.45965980e+15  4.75021302e+35  1.18911000e+01  2.17536059e+00  1.14236000e+01  2.16328272e+00  4.43120112e-01  1.21660441e-02  3.14241678e-02  1.45641799e+01 
 1.46272628e+15  4.77350089e+35  1.18861000e+01  2.17670254e+00  1.14196000e+01  2.16457865e+00  4.43410032e-01  1.22060880e-02  3.13161297e-02  1.44390273e+01 
 1.46579276e+15  4.79682091e+35  1.18821000e+01  2.17803333e+00  1.14166000e+01  2.16597715e+00  4.43624954e-01  1.21328773e-02  3.11958393e-02  1.43155639e+01 
 1.46885925e+15  4.82021098e+35  1.18771000e+01  2.17935518e+00  1.14136000e+01  2.16736698e+00  4.43914063e-01  1.20595497e-02  3.10703135e-02  1.41848910e+01 
 1.47192573e+15  4.84361760e+35  1.18731000e+01  2.18066516e+00  1.14096000e+01  2.16863050e+00  4.44128100e-01  1.21001537e-02  3.09707342e-02  1.40732884e+01 
 1.47499221e+15  4.86710934e+35  1.18691000e+01  2.18196714e+00  1.14066000e+01  2.17000036e+00  4.44341513e-01  1.20270681e-02  3.08527080e-02  1.39543491e+01 
 1.47805870e+15  4.89061586e+35  1.18641000e+01  2.18325734e+00  1.14036000e+01  2.17135777e+00  4.44629543e-01  1.19548070e-02  3.07487075e-02  1.38370845e+01 
 1.48112518e+15  4.91419529e+35  1.18601000e+01  2.18453899e+00  1.14006000e+01  2.17270692e+00  4.44842098e-01  1.18823039e-02  3.06323384e-02  1.37211745e+01 
 1.48419166e+15  4.93780252e+35  1.18551000e+01  2.18580970e+00  1.13966000e+01  2.17393115e+00  4.45129366e-01  1.19231891e-02  3.05298013e-02  1.36068226e+01 
 1.48725815e+15  4.96146816e+35  1.18511000e+01  2.18707121e+00  1.13936000e+01  2.17525981e+00  4.45341088e-01  1.18512253e-02  3.04150714e-02  1.34938511e+01 
 1.49032463e+15  4.98517554e+35  1.18471000e+01  2.18832268e+00  1.13906000e+01  2.17657818e+00  4.45552369e-01  1.17796034e-02  3.03011808e-02  1.33823196e+01 
 1.49339111e+15  5.00892727e+35  1.18421000e+01  2.18956435e+00  1.13866000e+01  2.17777322e+00  4.45838522e-01  1.18207754e-02  3.02008586e-02  1.32721942e+01 
 1.49645760e+15  5.03273426e+35  1.18381000e+01  2.19079682e+00  1.13836000e+01  2.17907239e+00  4.46048952e-01  1.17495267e-02  3.00884730e-02  1.31633987e+01 
 1.49952408e+15  5.05657195e+35  1.18341000e+01  2.19201891e+00  1.13806000e+01  2.18036076e+00  4.46259001e-01  1.16787912e-02  2.99769808e-02  1.30560246e+01 
 1.50259056e+15  5.08047799e+35  1.18291000e+01  2.19323262e+00  1.13776000e+01  2.18164089e+00  4.46544040e-01  1.16080481e-02  2.98787515e-02  1.29498835e+01 
 1.50565705e+15  5.10440150e+35  1.18251000e+01  2.19443541e+00  1.13736000e+01  2.18279643e+00  4.46753310e-01  1.16500027e-02  2.97688160e-02  1.28451754e+01 
 1.50872353e+15  5.12840606e+35  1.18201000e+01  2.19563057e+00  1.13706000e+01  2.18405780e+00  4.47037674e-01  1.15796303e-02  2.96719704e-02  1.27416061e+01 
 1.51179001e+15  5.15242302e+35  1.18161000e+01  2.19681474e+00  1.13676000e+01  2.18530740e+00  4.47246161e-01  1.15100834e-02  2.95635158e-02  1.26394473e+01 
 1.51485650e+15  5.17651778e+35  1.18121000e+01  2.19799120e+00  1.13636000e+01  2.18643677e+00  4.47454107e-01  1.15519915e-02  2.94556088e-02  1.25384027e+01 
 1.51792298e+15  5.20063229e+35  1.18071000e+01  2.19915718e+00  1.13606000e+01  2.18766790e+00  4.47737596e-01  1.14829225e-02  2.93610595e-02  1.24386991e+01 
 1.52098946e+15  5.22481247e+35  1.18031000e+01  2.20031496e+00  1.13576000e+01  2.18889098e+00  4.47944806e-01  1.14137465e-02  2.92546492e-02  1.23401220e+01 
 1.52405595e+15  5.24902396e+35  1.17991000e+01  2.20146298e+00  1.13546000e+01  2.19010379e+00  4.48151679e-01  1.13451758e-02  2.91490726e-02  1.22427956e+01 
 1.52712243e+15  5.27328943e+35  1.17941000e+01  2.20260238e+00  1.13506000e+01  2.19119533e+00  4.48434177e-01  1.13880794e-02  2.90564971e-02  1.21466116e+01 
 1.53018891e+15  5.29759737e+35  1.17901000e+01  2.20373265e+00  1.13476000e+01  2.19239007e+00  4.48640296e-01  1.13199606e-02  2.89523083e-02  1.20515939e+01 
 1.53325540e+15  5.32194800e+35  1.17861000e+01  2.20485390e+00  1.13446000e+01  2.19357552e+00  4.48846047e-01  1.12522102e-02  2.88488603e-02  1.19577249e+01 
 1.53632188e+15  5.34635183e+35  1.17821000e+01  2.20596666e+00  1.13406000e+01  2.19463995e+00  4.49051381e-01  1.12956477e-02  2.87460810e-02  1.18649475e+01 
 1.53938836e+15  5.37078747e+35  1.17771000e+01  2.20707004e+00  1.13376000e+01  2.19580696e+00  4.49332715e-01  1.12286276e-02  2.86562651e-02  1.17733268e+01 
 1.54245485e+15  5.39528663e+35  1.17731000e+01  2.20816549e+00  1.13346000e+01  2.19696612e+00  4.49537335e-01  1.11615654e-02  2.85548341e-02  1.16827235e+01 
 1.54552133e+15  5.41980716e+35  1.17691000e+01  2.20925123e+00  1.13316000e+01  2.19811485e+00  4.49741696e-01  1.10953026e-02  2.84542507e-02  1.15932786e+01 
 1.54858781e+15  5.44440111e+35  1.17641000e+01  2.21032959e+00  1.13276000e+01  2.19914438e+00  4.50022085e-01  1.11394494e-02  2.83662474e-02  1.15047879e+01 
 1.55165430e+15  5.46900637e+35  1.17601000e+01  2.21139794e+00  1.13246000e+01  2.20027517e+00  4.50225805e-01  1.10738624e-02  2.82670412e-02  1.14174547e+01 
 1.55472078e+15  5.49369455e+35  1.17561000e+01  2.21245944e+00  1.13216000e+01  2.20139944e+00  4.50429010e-01  1.10080164e-02  2.81682925e-02  1.13310113e+01 
 1.55778726e+15  5.51839194e+35  1.17521000e+01  2.21351096e+00  1.13176000e+01  2.20240098e+00  4.50632010e-01  1.10533616e-02  2.80704335e-02  1.12457005e+01 
 1.56085375e+15  5.54316627e+35  1.17471000e+01  2.21455546e+00  1.13146000e+01  2.20350774e+00  4.50911313e-01  1.09882093e-02  2.79849732e-02  1.11612746e+01 
 1.56392023e+15  5.56795693e+35  1.17431000e+01  2.21559045e+00  1.13116000e+01  2.20460421e+00  4.51113677e-01  1.09238432e-02  2.78883972e-02  1.10779220e+01 
 1.56698671e+15  5.59281559e+35  1.17391000e+01  2.21661814e+00  1.13086000e+01  2.20569343e+00  4.51315601e-01  1.08594990e-02  2.77923484e-02  1.09954555e+01 
 1.57005320e+15  5.61769895e+35  1.17351000e+01  2.21763678e+00  1.13046000e+01  2.20666141e+00  4.51517277e-01  1.09056661e-02  2.76970725e-02  1.09140047e+01 
 1.57311968e+15  5.64264179e+35  1.17311000e+01  2.21864788e+00  1.13016000e+01  2.20773344e+00  4.51718561e-01  1.08420427e-02  2.76023644e-02  1.08334414e+01 
 1.57618616e+15  5.66761731e+35  1.17261000e+01  2.21965040e+00  1.12986000e+01  2.20879641e+00  4.51996673e-01  1.07790095e-02  2.75201071e-02  1.07538402e+01 
 1.57925265e+15  5.69264419e+35  1.17221000e+01  2.22064516e+00  1.12946000e+01  2.20973992e+00  4.52197397e-01  1.08258301e-02  2.74266815e-02  1.06751238e+01 
 1.58231913e+15  5.71771131e+35  1.17181000e+01  2.22163175e+00  1.12916000e+01  2.21078647e+00  4.52397822e-01  1.07633604e-02  2.73339169e-02  1.05973159e+01 
 1.58538561e+15  5.74282208e+35  1.17141000e+01  2.22261038e+00  1.12886000e+01  2.21182472e+00  4.52597939e-01  1.07012837e-02  2.72417882e-02  1.05203923e+01 
 1.58845210e+15  5.76798025e+35  1.17101000e+01  2.22358124e+00  1.12856000e+01  2.21285490e+00  4.52797733e-01  1.06395670e-02  2.71502698e-02  1.04443288e+01 
 1.59151858e+15  5.79317478e+35  1.17051000e+01  2.22454398e+00  1.12816000e+01  2.21376533e+00  4.53074684e-01  1.06876221e-02  2.70709825e-02  1.03691476e+01 
 1.59458506e+15  5.81842345e+35  1.17011000e+01  2.22549931e+00  1.12786000e+01  2.21477945e+00  4.53273926e-01  1.06265321e-02  2.69806585e-02  1.02947797e+01 
 1.59765155e+15  5.84370158e+35  1.16971000e+01  2.22644637e+00  1.12756000e+01  2.21578475e+00  4.53472938e-01  1.05660628e-02  2.68910258e-02  1.02212866e+01 
 1.60071803e+15  5.86904019e+35  1.16931000e+01  2.22738638e+00  1.12726000e+01  2.21678286e+00  4.53671590e-01  1.05057802e-02  2.68019143e-02  1.01485668e+01 
 1.60378451e+15  5.89440179e+35  1.16891000e+01  2.22831799e+00  1.12686000e+01  2.21766104e+00  4.53870044e-01  1.05550119e-02  2.67135169e-02  1.00767152e+01 
 1.60685099e+15  5.91982978e+35  1.16851000e+01  2.22924285e+00  1.12656000e+01  2.21864346e+00  4.54068117e-01  1.04953628e-02  2.66255999e-02  1.00055977e+01 
 1.60991748e+15  5.94527470e+35  1.16801000e+01  2.23015922e+00  1.12626000e+01  2.21961663e+00  4.54343837e-01  1.04365758e-02  2.65497846e-02  9.93534239e+00 
 1.61298396e+15  5.97079151e+35  1.16761000e+01  2.23106912e+00  1.12586000e+01  2.22047262e+00  4.54541409e-01  1.04863651e-02  2.64630121e-02  9.86578287e+00 
 1.61605044e+15  5.99631961e+35  1.16721000e+01  2.23197047e+00  1.12556000e+01  2.22143014e+00  4.54738854e-01  1.04282449e-02  2.63769916e-02  9.79707472e+00 
 1.61911693e+15  6.02192470e+35  1.16681000e+01  2.23286562e+00  1.12526000e+01  2.22238155e+00  4.54935885e-01  1.03700929e-02  2.62913811e-02  9.72903044e+00 
 1.62218341e+15  6.04753582e+35  1.16641000e+01  2.23375214e+00  1.12496000e+01  2.22332340e+00  4.55132821e-01  1.03129253e-02  2.62065374e-02  9.66182757e+00 
 1.62524989e+15  6.07322863e+35  1.16601000e+01  2.23463273e+00  1.12456000e+01  2.22414901e+00  4.55329330e-01  1.03638651e-02  2.61220731e-02  9.59525709e+00 
 1.62831638e+15  6.09892588e+35  1.16561000e+01  2.23550475e+00  1.12426000e+01  2.22507578e+00  4.55525752e-01  1.03073594e-02  2.60383701e-02  9.52950872e+00 
 1.63138286e+15  6.12470261e+35  1.16521000e+01  2.23637083e+00  1.12396000e+01  2.22599673e+00  4.55721762e-01  1.02507814e-02  2.59550503e-02  9.46438017e+00 
 1.63444934e+15  6.15048662e+35  1.16481000e+01  2.23722858e+00  1.12366000e+01  2.22690841e+00  4.55917690e-01  1.01951828e-02  2.58724675e-02  9.40004397e+00 
 1.63751583e+15  6.17634593e+35  1.16431000e+01  2.23808032e+00  1.12326000e+01  2.22770395e+00  4.56191596e-01  1.02474679e-02  2.58013623e-02  9.33632186e+00 
 1.64058231e+15  6.20221615e+35  1.16391000e+01  2.23892398e+00  1.12296000e+01  2.22860095e+00  4.56387102e-01  1.01925432e-02  2.57198520e-02  9.27335964e+00 
 1.64364879e+15  6.22815789e+35  1.16351000e+01  2.23976159e+00  1.12266000e+01  2.22949190e+00  4.56582242e-01  1.01376595e-02  2.56387496e-02  9.21100164e+00 
 1.64671528e+15  6.25411376e+35  1.16311000e+01  2.24059133e+00  1.12236000e+01  2.23037415e+00  4.56777280e-01  1.00836444e-02  2.55583276e-02  9.14937653e+00 
 1.64978176e+15  6.28013779e+35  1.16271000e+01  2.24141500e+00  1.12196000e+01  2.23114032e+00  4.56971976e-01  1.01372620e-02  2.54783229e-02  9.08834661e+00 
 1.65284824e+15  6.30617876e+35  1.16231000e+01  2.24223101e+00  1.12166000e+01  2.23200822e+00  4.57166563e-01  1.00839350e-02  2.53989739e-02  9.02802293e+00 
 1.65591473e+15  6.33228492e+35  1.16191000e+01  2.24304093e+00  1.12136000e+01  2.23286995e+00  4.57360830e-01  1.00307445e-02  2.53200494e-02  8.96828458e+00 
 1.65898121e+15  6.35841045e+35  1.16151000e+01  2.24384338e+00  1.12106000e+01  2.23372343e+00  4.57554986e-01  9.97835901e-03  2.52417594e-02  8.90922785e+00 
 1.66204769e+15  6.38459859e+35  1.16111000e+01  2.24463974e+00  1.12066000e+01  2.23446096e+00  4.57748833e-01  1.00333714e-02  2.51638974e-02  8.85074589e+00 
 1.66511418e+15  6.41080810e+35  1.16071000e+01  2.24542882e+00  1.12036000e+01  2.23530042e+00  4.57942576e-01  9.98169995e-03  2.50866518e-02  8.79292256e+00 
 1.66818066e+15  6.43707807e+35  1.16031000e+01  2.24621180e+00  1.12006000e+01  2.23613365e+00  4.58136019e-01  9.93020106e-03  2.50098356e-02  8.73566288e+00 
 1.67124714e+15  6.46337104e+35  1.15991000e+01  2.24698765e+00  1.11976000e+01  2.23695902e+00  4.58329353e-01  9.87946614e-03  2.49336180e-02  8.67904055e+00 
 1.67431363e+15  6.48972268e+35  1.15951000e+01  2.24775746e+00  1.11946000e+01  2.23777817e+00  4.58522415e-01  9.82895958e-03  2.48578327e-02  8.62297028e+00 
 1.67738011e+15  6.51609854e+35  1.15911000e+01  2.24852028e+00  1.11906000e+01  2.23848028e+00  4.58715366e-01  9.88591061e-03  2.47826305e-02  8.56751754e+00 
 1.68044659e+15  6.54253171e+35  1.15871000e+01  2.24927709e+00  1.11876000e+01  2.23928573e+00  4.58908053e-01  9.83615624e-03  2.47078586e-02  8.51260470e+00 
 1.68351308e+15  6.56898991e+35  1.15831000e+01  2.25002702e+00  1.11846000e+01  2.24008363e+00  4.59100632e-01  9.78709364e-03  2.46336571e-02  8.45829122e+00 
 1.68657956e+15  6.59550445e+35  1.15791000e+01  2.25077100e+00  1.11816000e+01  2.24087536e+00  4.59292953e-01  9.73829652e-03  2.45598823e-02  8.40450489e+00 
 1.68964604e+15  6.62204445e+35  1.15751000e+01  2.25150823e+00  1.11776000e+01  2.24155048e+00  4.59485180e-01  9.79670300e-03  2.44866681e-02  8.35130113e+00 
 1.69271253e+15  6.64864020e+35  1.15711000e+01  2.25223957e+00  1.11746000e+01  2.24232885e+00  4.59677162e-01  9.74867903e-03  2.44138766e-02  8.29861153e+00 
 1.69577901e+15  6.67526144e+35  1.15671000e+01  2.25296425e+00  1.11716000e+01  2.24309989e+00  4.59869044e-01  9.70133921e-03  2.43416353e-02  8.24648894e+00 
 1.69884549e+15  6.70193826e+35  1.15631000e+01  2.25368312e+00  1.11686000e+01  2.24386493e+00  4.60060690e-01  9.65423561e-03  2.42698104e-02  8.19486704e+00 
 1.70191198e+15  6.72864019e+35  1.15591000e+01  2.25439541e+00  1.11656000e+01  2.24462270e+00  4.60252248e-01  9.60785275e-03  2.41985289e-02  8.14379790e+00 
 1.70497846e+15  6.75539791e+35  1.15551000e+01  2.25510199e+00  1.11616000e+01  2.24526563e+00  4.60443575e-01  9.66785213e-03  2.41276567e-02  8.09321585e+00 
 1.70804494e+15  6.78217999e+35  1.15511000e+01  2.25580206e+00  1.11586000e+01  2.24601043e+00  4.60634821e-01  9.62224965e-03  2.40573217e-02  8.04317337e+00 
 1.71111143e+15  6.80901846e+35  1.15471000e+01  2.25649650e+00  1.11556000e+01  2.24674940e+00  4.60825838e-01  9.57689444e-03  2.39873862e-02  7.99360383e+00 
 1.71417791e+15  6.83588014e+35  1.15441000e+01  2.25718451e+00  1.11526000e+01  2.24748126e+00  4.60936900e-01  9.53218036e-03  2.39076228e-02  7.94456044e+00 
 1.71724439e+15  6.86279920e+35  1.15401000e+01  2.25786699e+00  1.11496000e+01  2.24820734e+00  4.61127562e-01  9.48780062e-03  2.38386367e-02  7.89597727e+00 
 1.72031088e+15  6.88973993e+35  1.15361000e+01  2.25854308e+00  1.11456000e+01  2.24881775e+00  4.61318170e-01  9.54987287e-03  2.37701825e-02  7.84791088e+00 
 1.72337736e+15  6.91673943e+35  1.15321000e+01  2.25921376e+00  1.11426000e+01  2.24953131e+00  4.61508550e-01  9.50625383e-03  2.37021050e-02  7.80028859e+00 
 1.72644384e+15  6.94375866e+35  1.15281000e+01  2.25987810e+00  1.11396000e+01  2.25023780e+00  4.61698890e-01  9.46338587e-03  2.36345584e-02  7.75317310e+00 
 1.72951033e+15  6.97083845e+35  1.15241000e+01  2.26053715e+00  1.11366000e+01  2.25093886e+00  4.61889003e-01  9.42068483e-03  2.35673758e-02  7.70648705e+00 
 1.73257681e+15  6.99793564e+35  1.15201000e+01  2.26118990e+00  1.11336000e+01  2.25163281e+00  4.62079095e-01  9.37880386e-03  2.35007256e-02  7.66029882e+00 
 1.73564329e+15  7.02509554e+35  1.15161000e+01  2.26183746e+00  1.11306000e+01  2.25232145e+00  4.62268945e-01  9.33708313e-03  2.34344232e-02  7.61452504e+00 
 1.73870978e+15  7.05227014e+35  1.15121000e+01  2.26247876e+00  1.11266000e+01  2.25289483e+00  4.62458797e-01  9.40143522e-03  2.33686561e-02  7.56924100e+00 
 1.74177626e+15  7.07951002e+35  1.15091000e+01  2.26311499e+00  1.11236000e+01  2.25357139e+00  4.62567984e-01  9.36044515e-03  2.32930942e-02  7.52435489e+00 
 1.74484274e+15  7.10676149e+35  1.15051000e+01  2.26374500e+00  1.11206000e+01  2.25424089e+00  4.62757554e-01  9.32035595e-03  2.32282237e-02  7.47995267e+00 
 1.74790923e+15  7.13408116e+35  1.15011000e+01  2.26437008e+00  1.11176000e+01  2.25490545e+00  4.62946865e-01  9.28030475e-03  2.31636679e-02  7.43593477e+00 
 1.75097571e+15  7.16140896e+35  1.14971000e+01  2.26498891e+00  1.11146000e+01  2.25556282e+00  4.63136218e-01  9.24120783e-03  2.30996557e-02  7.39239267e+00 
 1.75404219e+15  7.18880828e+35  1.14931000e+01  2.26560298e+00  1.11116000e+01  2.25621540e+00  4.63325307e-01  9.20216037e-03  2.30359414e-02  7.34921979e+00 
 1.75710868e+15  7.21621186e+35  1.14891000e+01  2.26621082e+00  1.11076000e+01  2.25675300e+00  4.63514467e-01  9.26886914e-03  2.29727773e-02  7.30651679e+00 
 1.76017516e+15  7.24369067e+35  1.14861000e+01  2.26681403e+00  1.11046000e+01  2.25739396e+00  4.63622587e-01  9.23056200e-03  2.28999159e-02  7.26416628e+00 
