# rhoc (cgs) 	 Pc (cgs) 	 R (km) 	 M (msol) 	 R_core (km) 	 M_core (msol) 	 I/(MR^2) 	 I_crust/(M_crust R_crust^2)/(I/(MR^2)) 	 k_2 	 Lambda 
 2.30000000e+14  2.47071339e+33  2.27891000e+01  1.53094003e-01  8.41860000e+00  1.31238294e-01  5.48474690e-02  3.08049321e-01  4.39893857e-03  3.05324214e+07 
 2.43639027e+14  2.89232336e+33  2.06231000e+01  1.65392520e-01  8.52660000e+00  1.45185096e-01  6.61013159e-02  2.67251025e-01  6.78209910e-03  1.94143530e+07 
 2.57278053e+14  3.39382551e+33  1.88631000e+01  1.80077409e-01  8.64360000e+00  1.61423988e-01  7.85723863e-02  2.29145198e-01  1.01234850e-02  1.21246047e+07 
 2.70917080e+14  3.97275932e+33  1.74701000e+01  1.97066588e-01  8.76860000e+00  1.79839632e-01  9.18083506e-02  1.95010159e-01  1.44827172e-02  7.53061411e+06 
 2.84556106e+14  5.47984471e+33  1.53351000e+01  2.44896671e-01  9.08660000e+00  2.30270740e-01  1.23458608e-01  1.34069133e-01  2.81906584e-02  2.57746187e+06 
 2.98195133e+14  7.58577304e+33  1.40211000e+01  3.21215629e-01  9.55560000e+00  3.08710349e-01  1.62222240e-01  8.63029796e-02  5.04668867e-02  7.59454895e+05 
 3.11834159e+14  1.03246535e+34  1.34381000e+01  4.25525731e-01  1.01196000e+01  4.14497257e-01  2.01295760e-01  5.61332718e-02  7.66914851e-02  2.28757708e+05 
 3.25473186e+14  1.38291078e+34  1.32991000e+01  5.59203624e-01  1.07406000e+01  5.49249162e-01  2.37958625e-01  3.76075658e-02  1.01066089e-01  7.30188878e+04 
 3.39112212e+14  1.82544721e+34  1.34161000e+01  7.22628927e-01  1.13866000e+01  7.13506386e-01  2.71373744e-01  2.60856303e-02  1.19126336e-01  2.49534664e+04 
 3.52751239e+14  2.37528641e+34  1.36781000e+01  9.13852838e-01  1.20306000e+01  9.05438315e-01  3.01392360e-01  1.86882705e-02  1.28766688e-01  9.18585223e+03 
 3.66390265e+14  3.04731468e+34  1.40111000e+01  1.12869233e+00  1.26496000e+01  1.12088081e+00  3.28487483e-01  1.38546123e-02  1.30236122e-01  3.64571851e+03 
 3.80029292e+14  3.31711505e+34  1.41361000e+01  1.20821161e+00  1.28566000e+01  1.20059603e+00  3.37281270e-01  1.25693852e-02  1.29138371e-01  2.68878884e+03 
 3.93668318e+14  3.44207882e+34  1.41841000e+01  1.24035337e+00  1.29356000e+01  1.23279765e+00  3.40685417e-01  1.21318734e-02  1.28384176e-01  2.38430405e+03 
 4.07307345e+14  3.56723262e+34  1.42251000e+01  1.26923062e+00  1.30046000e+01  1.26177198e+00  3.43630298e-01  1.16946366e-02  1.27577005e-01  2.14246989e+03 
 4.20946371e+14  3.69257516e+34  1.42601000e+01  1.29527452e+00  1.30636000e+01  1.28789102e+00  3.46170097e-01  1.13390797e-02  1.26725569e-01  1.94641920e+03 
 4.34585398e+14  3.81809412e+34  1.42891000e+01  1.31883750e+00  1.31136000e+01  1.31149619e+00  3.48395209e-01  1.10706974e-02  1.25777408e-01  1.78335974e+03 
 4.48224424e+14  3.94378851e+34  1.43131000e+01  1.34021595e+00  1.31576000e+01  1.33296475e+00  3.50335499e-01  1.07625155e-02  1.24785920e-01  1.64637433e+03 
 4.61863451e+14  4.06964900e+34  1.43331000e+01  1.35965882e+00  1.31946000e+01  1.35246555e+00  3.52009072e-01  1.05275790e-02  1.23746789e-01  1.52986551e+03 
 4.75502477e+14  4.19567308e+34  1.43481000e+01  1.37737939e+00  1.32266000e+01  1.37026361e+00  3.53522786e-01  1.02863944e-02  1.22736310e-01  1.42970194e+03 
 4.89141504e+14  4.32185394e+34  1.43601000e+01  1.39356032e+00  1.32526000e+01  1.38647061e+00  3.54827804e-01  1.01362861e-02  1.21696352e-01  1.34277858e+03 
 5.02780530e+14  4.44818836e+34  1.43691000e+01  1.40836000e+00  1.32756000e+01  1.40134879e+00  3.55966626e-01  9.92784152e-03  1.20651047e-01  1.26671496e+03 
 5.16419557e+14  4.57467081e+34  1.43751000e+01  1.42191599e+00  1.32946000e+01  1.41497189e+00  3.56976081e-01  9.74895560e-03  1.19620409e-01  1.19966047e+03 
 5.30058583e+14  4.70129829e+34  1.43791000e+01  1.43434882e+00  1.33096000e+01  1.42744199e+00  3.57838447e-01  9.62266897e-03  1.18579736e-01  1.14015391e+03 
 5.43697610e+14  4.82806556e+34  1.43801000e+01  1.44576420e+00  1.33226000e+01  1.43893497e+00  3.58631269e-01  9.45108973e-03  1.17535877e-01  1.08657831e+03 
 5.57336636e+14  4.95497058e+34  1.43801000e+01  1.45625566e+00  1.33316000e+01  1.44944401e+00  3.59279107e-01  9.36980865e-03  1.16565340e-01  1.03934375e+03 
 5.70975663e+14  5.08200758e+34  1.43781000e+01  1.46590577e+00  1.33396000e+01  1.45916929e+00  3.59853011e-01  9.21798668e-03  1.15573240e-01  9.96329273e+02 
 5.84614689e+14  5.20917613e+34  1.43741000e+01  1.47478833e+00  1.33446000e+01  1.46808706e+00  3.60371732e-01  9.12671490e-03  1.14569049e-01  9.56952853e+02 
 5.98253716e+14  5.33646924e+34  1.43691000e+01  1.48296869e+00  1.33486000e+01  1.47634000e+00  3.60801588e-01  8.99118968e-03  1.13616183e-01  9.21502479e+02 
 6.11892742e+14  5.46388860e+34  1.43631000e+01  1.49050589e+00  1.33506000e+01  1.48393528e+00  3.61157027e-01  8.88035488e-03  1.12720396e-01  8.89494619e+02 
 6.25531769e+14  5.59142676e+34  1.43561000e+01  1.49745237e+00  1.33506000e+01  1.49091791e+00  3.61450873e-01  8.80328260e-03  1.11792819e-01  8.59804212e+02 
 6.39170795e+14  5.71908405e+34  1.43471000e+01  1.50385574e+00  1.33496000e+01  1.49737224e+00  3.61744967e-01  8.71058030e-03  1.10877780e-01  8.32151953e+02 
 6.52809822e+14  5.84685616e+34  1.43381000e+01  1.50975870e+00  1.33466000e+01  1.50329168e+00  3.61948698e-01  8.66707398e-03  1.10041336e-01  8.07317845e+02 
 6.66448848e+14  5.97474060e+34  1.43281000e+01  1.51519995e+00  1.33436000e+01  1.50879649e+00  3.62121535e-01  8.56456414e-03  1.09140219e-01  7.83693939e+02 
 6.80087875e+14  6.10273650e+34  1.43181000e+01  1.52021461e+00  1.33386000e+01  1.51383031e+00  3.62221025e-01  8.52348478e-03  1.08323783e-01  7.62420637e+02 
 6.93726901e+14  6.23083890e+34  1.43061000e+01  1.52483445e+00  1.33336000e+01  1.51850740e+00  3.62355666e-01  8.43488759e-03  1.07487064e-01  7.42023025e+02 
 7.07365928e+14  6.35904857e+34  1.42951000e+01  1.52908857e+00  1.33276000e+01  1.52280969e+00  3.62380056e-01  8.36053131e-03  1.06701348e-01  7.23620844e+02 
 7.21004954e+14  6.48736111e+34  1.42821000e+01  1.53300330e+00  1.33206000e+01  1.52676020e+00  3.62452130e-01  8.30460522e-03  1.05899908e-01  7.05844210e+02 
 7.34643981e+14  6.61577465e+34  1.42701000e+01  1.53660283e+00  1.33126000e+01  1.53037997e+00  3.62424978e-01  8.27088132e-03  1.05152726e-01  6.89788355e+02 
 7.48283007e+14  6.74428904e+34  1.42571000e+01  1.53990928e+00  1.33046000e+01  1.53373172e+00  3.62404876e-01  8.20602366e-03  1.04400843e-01  6.74454535e+02 
 7.61922034e+14  6.87289986e+34  1.42431000e+01  1.54294285e+00  1.32966000e+01  1.53683297e+00  3.62396231e-01  8.11342302e-03  1.03689922e-01  6.60052295e+02 
 7.75561060e+14  7.00160692e+34  1.42291000e+01  1.54572217e+00  1.32866000e+01  1.53961397e+00  3.62352099e-01  8.10865650e-03  1.02940498e-01  6.46226288e+02 
 7.89200087e+14  7.13040833e+34  1.42151000e+01  1.54826433e+00  1.32776000e+01  1.54221902e+00  3.62275977e-01  8.02499833e-03  1.02241618e-01  6.33461380e+02 
 8.02839113e+14  7.25930100e+34  1.42011000e+01  1.55058506e+00  1.32676000e+01  1.54457579e+00  3.62171064e-01  7.97762011e-03  1.01593508e-01  6.21679129e+02 
 8.16478140e+14  7.38828524e+34  1.41871000e+01  1.55269889e+00  1.32566000e+01  1.54669734e+00  3.62040242e-01  7.96838718e-03  1.00909883e-01  6.10286860e+02 
 8.30117166e+14  7.51735838e+34  1.41721000e+01  1.55461921e+00  1.32466000e+01  1.54868121e+00  3.61937239e-01  7.88696189e-03  1.00270413e-01  5.99503988e+02 
 8.43756193e+14  7.64651811e+34  1.41571000e+01  1.55635839e+00  1.32356000e+01  1.55045270e+00  3.61813452e-01  7.84731327e-03  9.95971412e-02  5.89031737e+02 
 8.57395219e+14  7.77576484e+34  1.41431000e+01  1.55792792e+00  1.32236000e+01  1.55202223e+00  3.61619905e-01  7.85081273e-03  9.89837390e-02  5.79586803e+02 
 8.71034246e+14  7.90509592e+34  1.41281000e+01  1.55933843e+00  1.32126000e+01  1.55348452e+00  3.61460884e-01  7.78712238e-03  9.83725491e-02  5.70373306e+02 
 8.84673273e+14  8.03450934e+34  1.41131000e+01  1.56059974e+00  1.32006000e+01  1.55476315e+00  3.61287097e-01  7.76928992e-03  9.77714316e-02  5.61609949e+02 
 8.98312299e+14  8.14369268e+34  1.41001000e+01  1.56155073e+00  1.31906000e+01  1.55573853e+00  3.61149768e-01  7.74186979e-03  9.72866165e-02  5.54564361e+02 
 9.11951326e+14  8.24104063e+34  1.40891000e+01  1.56229969e+00  1.31816000e+01  1.55650633e+00  3.60995319e-01  7.72158215e-03  9.68483684e-02  5.48599256e+02 
 9.25590352e+14  8.33811187e+34  1.40771000e+01  1.56295196e+00  1.31726000e+01  1.55717713e+00  3.60891956e-01  7.70205259e-03  9.64182117e-02  5.42706823e+02 
 9.39229379e+14  8.43490828e+34  1.40661000e+01  1.56351065e+00  1.31646000e+01  1.55779649e+00  3.60736689e-01  7.62730140e-03  9.60515291e-02  5.37572383e+02 
 9.52868405e+14  8.53143343e+34  1.40551000e+01  1.56397961e+00  1.31556000e+01  1.55828376e+00  3.60580628e-01  7.60862585e-03  9.56568642e-02  5.32474468e+02 
 9.66507432e+14  8.62769645e+34  1.40441000e+01  1.56436298e+00  1.31466000e+01  1.55868536e+00  3.60423753e-01  7.59033269e-03  9.52751742e-02  5.27630686e+02 
 9.80146458e+14  8.72370150e+34  1.40331000e+01  1.56466495e+00  1.31376000e+01  1.55900541e+00  3.60266184e-01  7.57250814e-03  9.48647242e-02  5.22798651e+02 
 9.93785485e+14  8.81944681e+34  1.40221000e+01  1.56488963e+00  1.31286000e+01  1.55924789e+00  3.60108148e-01  7.55530571e-03  9.45074738e-02  5.18419427e+02 
 1.00742451e+15  8.91494327e+34  1.40121000e+01  1.56504107e+00  1.31196000e+01  1.55941677e+00  3.59898421e-01  7.53878321e-03  9.41689406e-02  5.14474091e+02 
 1.02106354e+15  9.01019494e+34  1.40011000e+01  1.56512317e+00  1.31106000e+01  1.55951580e+00  3.59739998e-01  7.52318110e-03  9.38340922e-02  5.10501735e+02 
 1.03470256e+15  9.10520228e+34  1.39901000e+01  1.56513964e+00  1.31016000e+01  1.55954857e+00  3.59581778e-01  7.50860872e-03  9.34692136e-02  5.06495517e+02 
 1.04834159e+15  9.19997008e+34  1.39801000e+01  1.56509407e+00  1.30926000e+01  1.55951854e+00  3.59372585e-01  7.49520817e-03  9.31626776e-02  5.03106006e+02 
 1.06198062e+15  9.29450485e+34  1.39691000e+01  1.56498986e+00  1.30836000e+01  1.55942901e+00  3.59215481e-01  7.48315420e-03  9.28183769e-02  4.99444043e+02 
 1.07561964e+15  9.38881020e+34  1.39591000e+01  1.56483024e+00  1.30746000e+01  1.55928308e+00  3.59007848e-01  7.47254729e-03  9.25315202e-02  4.96373984e+02 
 1.08925867e+15  9.48288437e+34  1.39491000e+01  1.56461831e+00  1.30656000e+01  1.55908372e+00  3.58801390e-01  7.46357782e-03  9.22137975e-02  4.93234202e+02 
 1.10289770e+15  9.57673590e+34  1.39381000e+01  1.56435697e+00  1.30566000e+01  1.55883374e+00  3.58647759e-01  7.45637547e-03  9.18981946e-02  4.90020148e+02 
 1.11653672e+15  9.67036849e+34  1.39281000e+01  1.56404897e+00  1.30476000e+01  1.55853582e+00  3.58444245e-01  7.45101648e-03  9.16388782e-02  4.87366629e+02 
 1.13017575e+15  9.76378452e+34  1.39181000e+01  1.56369696e+00  1.30386000e+01  1.55819247e+00  3.58242521e-01  7.44765575e-03  9.13482178e-02  4.84624390e+02 
 1.14381478e+15  9.85698373e+34  1.39081000e+01  1.56330341e+00  1.30306000e+01  1.55784747e+00  3.58042805e-01  7.39106374e-03  9.10661636e-02  4.82001140e+02 
 1.15745380e+15  9.94997364e+34  1.38981000e+01  1.56287067e+00  1.30216000e+01  1.55742029e+00  3.57845245e-01  7.39202832e-03  9.07924694e-02  4.79490674e+02 
 1.17109283e+15  1.00427572e+35  1.38881000e+01  1.56240096e+00  1.30126000e+01  1.55695450e+00  3.57650015e-01  7.39528247e-03  9.05269299e-02  4.77087313e+02 
 1.18473186e+15  1.01353363e+35  1.38781000e+01  1.56189637e+00  1.30036000e+01  1.55645212e+00  3.57457281e-01  7.40094462e-03  9.02297623e-02  4.74577535e+02 
 1.19837088e+15  1.02277113e+35  1.38691000e+01  1.56135893e+00  1.29956000e+01  1.55595628e+00  3.57215689e-01  7.35375202e-03  8.99871167e-02  4.72581110e+02 
 1.21200991e+15  1.03198886e+35  1.38591000e+01  1.56079050e+00  1.29866000e+01  1.55538643e+00  3.57028393e-01  7.36442578e-03  8.97449854e-02  4.70468606e+02 
 1.22564894e+15  1.04118710e+35  1.38491000e+01  1.56019286e+00  1.29776000e+01  1.55478545e+00  3.56844003e-01  7.37778096e-03  8.94709288e-02  4.68238000e+02 
 1.23928796e+15  1.05036604e+35  1.38401000e+01  1.55956769e+00  1.29696000e+01  1.55419610e+00  3.56611098e-01  7.33838587e-03  8.92505356e-02  4.66502745e+02 
 1.25292699e+15  1.05952565e+35  1.38301000e+01  1.55891664e+00  1.29606000e+01  1.55353779e+00  3.56432898e-01  7.35715867e-03  8.89910506e-02  4.64437050e+02 
 1.26656601e+15  1.06866654e+35  1.38211000e+01  1.55824116e+00  1.29526000e+01  1.55289403e+00  3.56206376e-01  7.32330766e-03  8.87847066e-02  4.62856351e+02 
 1.28020504e+15  1.07778897e+35  1.38121000e+01  1.55754272e+00  1.29436000e+01  1.55218425e+00  3.55983177e-01  7.34769413e-03  8.85460825e-02  4.61143901e+02 
 1.29384407e+15  1.08689317e+35  1.38031000e+01  1.55682265e+00  1.29356000e+01  1.55149170e+00  3.55763384e-01  7.31951751e-03  8.83142004e-02  4.59500918e+02 
 1.30748309e+15  1.09597903e+35  1.37931000e+01  1.55608228e+00  1.29276000e+01  1.55077658e+00  3.55598666e-01  7.29439213e-03  8.80820094e-02  4.57722465e+02 
 1.32112212e+15  1.10504709e+35  1.37841000e+01  1.55532281e+00  1.29186000e+01  1.54999947e+00  3.55385945e-01  7.32751697e-03  8.78632166e-02  4.56210055e+02 
 1.33476115e+15  1.11409762e+35  1.37751000e+01  1.55454537e+00  1.29106000e+01  1.54924299e+00  3.55176844e-01  7.30821460e-03  8.76507412e-02  4.54758434e+02 
 1.34840017e+15  1.12313083e+35  1.37661000e+01  1.55375107e+00  1.29026000e+01  1.54846743e+00  3.54971420e-01  7.29190813e-03  8.74444501e-02  4.53365039e+02 
 1.36203920e+15  1.13214680e+35  1.37581000e+01  1.55294096e+00  1.28946000e+01  1.54767378e+00  3.54718159e-01  7.27865467e-03  8.72510891e-02  4.52227352e+02 
 1.37567823e+15  1.14114567e+35  1.37491000e+01  1.55211603e+00  1.28866000e+01  1.54686307e+00  3.54520266e-01  7.26846595e-03  8.70567950e-02  4.50942838e+02 
 1.38931725e+15  1.15012786e+35  1.37401000e+01  1.55127718e+00  1.28786000e+01  1.54603621e+00  3.54326191e-01  7.26131779e-03  8.68683138e-02  4.49709657e+02 
 1.40295628e+15  1.15909356e+35  1.37321000e+01  1.55042533e+00  1.28706000e+01  1.54519410e+00  3.54084391e-01  7.25720656e-03  8.66539669e-02  4.48525711e+02 
 1.41659531e+15  1.16804298e+35  1.37231000e+01  1.54956128e+00  1.28626000e+01  1.54433756e+00  3.53898054e-01  7.25617504e-03  8.64768103e-02  4.47389100e+02 
 1.43023433e+15  1.17697607e+35  1.37141000e+01  1.54868588e+00  1.28546000e+01  1.54346741e+00  3.53715653e-01  7.25823243e-03  8.62668856e-02  4.46100142e+02 
 1.44387336e+15  1.18589317e+35  1.37061000e+01  1.54779987e+00  1.28466000e+01  1.54258437e+00  3.53485607e-01  7.26340967e-03  8.61074155e-02  4.45250472e+02 
 1.45751239e+15  1.19479455e+35  1.36981000e+01  1.54690395e+00  1.28386000e+01  1.54168919e+00  3.53259518e-01  7.27166499e-03  8.59150445e-02  4.44244975e+02 
 1.47115141e+15  1.20368040e+35  1.36891000e+01  1.54599879e+00  1.28316000e+01  1.54082273e+00  3.53088990e-01  7.22760728e-03  8.57211731e-02  4.43083126e+02 
 1.48479044e+15  1.21255088e+35  1.36811000e+01  1.54508507e+00  1.28236000e+01  1.53990531e+00  3.52870859e-01  7.24195093e-03  8.55772153e-02  4.42353666e+02 
 1.49842947e+15  1.22140593e+35  1.36731000e+01  1.54416341e+00  1.28156000e+01  1.53897764e+00  3.52656740e-01  7.25950490e-03  8.54002464e-02  4.41464889e+02 
 1.51206849e+15  1.23024590e+35  1.36651000e+01  1.54323438e+00  1.28086000e+01  1.53808049e+00  3.52446629e-01  7.22463297e-03  8.52282302e-02  4.40612150e+02 
 1.52570752e+15  1.23907103e+35  1.36571000e+01  1.54229854e+00  1.28006000e+01  1.53713420e+00  3.52240527e-01  7.24831764e-03  8.50610712e-02  4.39794145e+02 
 1.53934655e+15  1.24788147e+35  1.36491000e+01  1.54135639e+00  1.27936000e+01  1.53621943e+00  3.52038433e-01  7.21956387e-03  8.48986745e-02  4.39009610e+02 
 1.55298557e+15  1.25667738e+35  1.36411000e+01  1.54040846e+00  1.27856000e+01  1.53525666e+00  3.51840350e-01  7.24936973e-03  8.47409541e-02  4.38257355e+02 
 1.56662460e+15  1.26545873e+35  1.36331000e+01  1.53945524e+00  1.27786000e+01  1.53432634e+00  3.51646285e-01  7.22671666e-03  8.45501574e-02  4.37341383e+02 
 1.58026362e+15  1.27422578e+35  1.36261000e+01  1.53849717e+00  1.27716000e+01  1.53338890e+00  3.51404639e-01  7.20710953e-03  8.44082303e-02  4.36845162e+02 
 1.59390265e+15  1.28297876e+35  1.36181000e+01  1.53753466e+00  1.27636000e+01  1.53240505e+00  3.51218577e-01  7.24601641e-03  8.42640718e-02  4.36183107e+02 
 1.60754168e+15  1.29171782e+35  1.36101000e+01  1.53656814e+00  1.27566000e+01  1.53145481e+00  3.51036504e-01  7.23243977e-03  8.40867395e-02  4.35354819e+02 
 1.62118070e+15  1.30044310e+35  1.36031000e+01  1.53559799e+00  1.27496000e+01  1.53049876e+00  3.50806820e-01  7.22182017e-03  8.39578308e-02  4.34942022e+02 
 1.63481973e+15  1.30915469e+35  1.35951000e+01  1.53462459e+00  1.27426000e+01  1.52953731e+00  3.50632696e-01  7.21418641e-03  8.37890850e-02  4.34167286e+02 
 1.64845876e+15  1.31785260e+35  1.35881000e+01  1.53364830e+00  1.27356000e+01  1.52857080e+00  3.50410949e-01  7.20950411e-03  8.36684905e-02  4.33805542e+02 
 1.66209778e+15  1.32653716e+35  1.35811000e+01  1.53266945e+00  1.27286000e+01  1.52759960e+00  3.50193146e-01  7.20777338e-03  8.35145920e-02  4.33274351e+02 
 1.67573681e+15  1.33520849e+35  1.35731000e+01  1.53168834e+00  1.27216000e+01  1.52662403e+00  3.50030848e-01  7.20899470e-03  8.33581796e-02  4.32573410e+02 
 1.68937584e+15  1.34386674e+35  1.35661000e+01  1.53070528e+00  1.27146000e+01  1.52564442e+00  3.49820876e-01  7.21311646e-03  8.32495129e-02  4.32282099e+02 
 1.70301486e+15  1.35251202e+35  1.35591000e+01  1.52972056e+00  1.27076000e+01  1.52466110e+00  3.49614797e-01  7.22010675e-03  8.31074734e-02  4.31819503e+02 
 1.71665389e+15  1.36114434e+35  1.35521000e+01  1.52873448e+00  1.27006000e+01  1.52367435e+00  3.49412599e-01  7.22996938e-03  8.29692659e-02  4.31378320e+02 
 1.73029292e+15  1.36976387e+35  1.35451000e+01  1.52774727e+00  1.26946000e+01  1.52272380e+00  3.49214259e-01  7.18709948e-03  8.28348224e-02  4.30957875e+02 
 1.74393194e+15  1.37837080e+35  1.35381000e+01  1.52675919e+00  1.26876000e+01  1.52173097e+00  3.49019754e-01  7.20266883e-03  8.27040770e-02  4.30557512e+02 
 1.75757097e+15  1.38696528e+35  1.35311000e+01  1.52577047e+00  1.26806000e+01  1.52073551e+00  3.48829062e-01  7.22104893e-03  8.25769642e-02  4.30176597e+02 
 1.77121000e+15  1.39554740e+35  1.35241000e+01  1.52478134e+00  1.26746000e+01  1.51977690e+00  3.48642159e-01  7.18657882e-03  8.24534222e-02  4.29814532e+02 
 1.78484902e+15  1.40411730e+35  1.35171000e+01  1.52379200e+00  1.26676000e+01  1.51877684e+00  3.48459027e-01  7.21056100e-03  8.23333935e-02  4.29470740e+02 
 1.79848805e+15  1.41267498e+35  1.35111000e+01  1.52280267e+00  1.26616000e+01  1.51781403e+00  3.48228084e-01  7.18158904e-03  8.21863934e-02  4.29144637e+02 
 1.81212708e+15  1.42122056e+35  1.35041000e+01  1.52181356e+00  1.26546000e+01  1.51681033e+00  3.48052433e-01  7.21105243e-03  8.20732473e-02  4.28835746e+02 
 1.82576610e+15  1.42975425e+35  1.34971000e+01  1.52082481e+00  1.26486000e+01  1.51584419e+00  3.47880478e-01  7.18752704e-03  8.19634392e-02  4.28543519e+02 
 1.83940513e+15  1.43827616e+35  1.34911000e+01  1.51983663e+00  1.26416000e+01  1.51483762e+00  3.47660649e-01  7.22238731e-03  8.18265792e-02  4.28267431e+02 
 1.85304415e+15  1.44678640e+35  1.34841000e+01  1.51884916e+00  1.26356000e+01  1.51386889e+00  3.47496020e-01  7.20425881e-03  8.17233116e-02  4.28007065e+02 
 1.86668318e+15  1.45528506e+35  1.34781000e+01  1.51786256e+00  1.26296000e+01  1.51289916e+00  3.47283469e-01  7.18870056e-03  8.15929415e-02  4.27761901e+02 
 1.88032221e+15  1.46377224e+35  1.34711000e+01  1.51687699e+00  1.26236000e+01  1.51192854e+00  3.47126066e-01  7.17583288e-03  8.14960029e-02  4.27531553e+02 
 1.89396123e+15  1.47224790e+35  1.34651000e+01  1.51589261e+00  1.26166000e+01  1.51091841e+00  3.46920709e-01  7.22124692e-03  8.13719219e-02  4.27315540e+02 
 1.90760026e+15  1.48071229e+35  1.34581000e+01  1.51490954e+00  1.26106000e+01  1.50994662e+00  3.46770440e-01  7.21356077e-03  8.12445649e-02  4.26921429e+02 
 1.92123929e+15  1.48916552e+35  1.34521000e+01  1.51392789e+00  1.26046000e+01  1.50897445e+00  3.46572157e-01  7.20840978e-03  8.11631159e-02  4.26924990e+02 
 1.93487831e+15  1.49760768e+35  1.34461000e+01  1.51294780e+00  1.25986000e+01  1.50800203e+00  3.46377377e-01  7.20579771e-03  8.10480985e-02  4.26749643e+02 
 1.94851734e+15  1.50603886e+35  1.34401000e+01  1.51196939e+00  1.25926000e+01  1.50702950e+00  3.46186071e-01  7.20569717e-03  8.09360156e-02  4.26587090e+02 
 1.96215637e+15  1.51445917e+35  1.34341000e+01  1.51099275e+00  1.25866000e+01  1.50605699e+00  3.45998212e-01  7.20808804e-03  8.08268203e-02  4.26436980e+02 
 1.97579539e+15  1.52286866e+35  1.34281000e+01  1.51001801e+00  1.25806000e+01  1.50508463e+00  3.45813782e-01  7.21296248e-03  8.07204721e-02  4.26298964e+02 
 1.98943442e+15  1.53126733e+35  1.34221000e+01  1.50904525e+00  1.25746000e+01  1.50411254e+00  3.45632748e-01  7.22028765e-03  8.06169237e-02  4.26172713e+02 
 2.00307345e+15  1.53965540e+35  1.34161000e+01  1.50807458e+00  1.25696000e+01  1.50317938e+00  3.45455085e-01  7.17425354e-03  8.05161326e-02  4.26057896e+02 
 2.01671247e+15  1.54803295e+35  1.34101000e+01  1.50710607e+00  1.25636000e+01  1.50220814e+00  3.45280762e-01  7.18640335e-03  8.04180537e-02  4.25954213e+02 
 2.03035150e+15  1.55640007e+35  1.34041000e+01  1.50613983e+00  1.25576000e+01  1.50123744e+00  3.45109757e-01  7.20101204e-03  8.03226481e-02  4.25861355e+02 
 2.04399053e+15  1.56475685e+35  1.33981000e+01  1.50517590e+00  1.25516000e+01  1.50026747e+00  3.44942036e-01  7.21793706e-03  8.02298718e-02  4.25779032e+02 
 2.05762955e+15  1.57310337e+35  1.33921000e+01  1.50421439e+00  1.25466000e+01  1.49933670e+00  3.44777579e-01  7.18135549e-03  8.01396885e-02  4.25706966e+02 
 2.07126858e+15  1.58143972e+35  1.33861000e+01  1.50325535e+00  1.25406000e+01  1.49836831e+00  3.44616358e-01  7.20302414e-03  8.00159238e-02  4.25452746e+02 
 2.08490761e+15  1.58976584e+35  1.33811000e+01  1.50229888e+00  1.25346000e+01  1.49740094e+00  3.44406861e-01  7.22692253e-03  7.99370659e-02  4.25592485e+02 
 2.09854663e+15  1.59808195e+35  1.33751000e+01  1.50134502e+00  1.25296000e+01  1.49647290e+00  3.44252041e-01  7.19727723e-03  7.98544525e-02  4.25549583e+02 
 2.11218566e+15  1.60638812e+35  1.33691000e+01  1.50039382e+00  1.25236000e+01  1.49550764e+00  3.44100374e-01  7.22578283e-03  7.97382384e-02  4.25323656e+02 
 2.12582468e+15  1.61468444e+35  1.33641000e+01  1.49944536e+00  1.25186000e+01  1.49458182e+00  3.43900358e-01  7.20061097e-03  7.96666944e-02  4.25491162e+02 
 2.13946371e+15  1.62297098e+35  1.33581000e+01  1.49849968e+00  1.25136000e+01  1.49365720e+00  3.43754927e-01  7.17768020e-03  7.95553375e-02  4.25282865e+02 
 2.15310274e+15  1.63124782e+35  1.33531000e+01  1.49755682e+00  1.25076000e+01  1.49269567e+00  3.43561102e-01  7.21285939e-03  7.94884982e-02  4.25467732e+02 
 2.16674176e+15  1.63951503e+35  1.33471000e+01  1.49661685e+00  1.25026000e+01  1.49177371e+00  3.43421799e-01  7.19427394e-03  7.93818538e-02  4.25276158e+02 
 2.18038079e+15  1.64777269e+35  1.33421000e+01  1.49567980e+00  1.24966000e+01  1.49081502e+00  3.43234060e-01  7.23383466e-03  7.93195846e-02  4.25477521e+02 
 2.19401982e+15  1.65602076e+35  1.33371000e+01  1.49474573e+00  1.24916000e+01  1.48989593e+00  3.43049334e-01  7.21958152e-03  7.92236745e-02  4.25494339e+02 
 2.20765884e+15  1.66425942e+35  1.33311000e+01  1.49381468e+00  1.24866000e+01  1.48897837e+00  3.42919040e-01  7.20746081e-03  7.91238651e-02  4.25326258e+02 
 2.22129787e+15  1.67248875e+35  1.33261000e+01  1.49288665e+00  1.24816000e+01  1.48806239e+00  3.42740241e-01  7.19738580e-03  7.90682167e-02  4.25550875e+02 
 2.23493690e+15  1.68070882e+35  1.33211000e+01  1.49196171e+00  1.24766000e+01  1.48714802e+00  3.42564375e-01  7.18942536e-03  7.89789169e-02  4.25590191e+02 
 2.24857592e+15  1.68891969e+35  1.33161000e+01  1.49103988e+00  1.24706000e+01  1.48619737e+00  3.42391414e-01  7.23957642e-03  7.88917664e-02  4.25636634e+02 
 2.26221495e+15  1.69712143e+35  1.33111000e+01  1.49012119e+00  1.24656000e+01  1.48528642e+00  3.42221331e-01  7.23574573e-03  7.88067328e-02  4.25690033e+02 
 2.27585398e+15  1.70531411e+35  1.33061000e+01  1.48920567e+00  1.24606000e+01  1.48437723e+00  3.42054103e-01  7.23394328e-03  7.87237886e-02  4.25750215e+02 
 2.28949300e+15  1.71349780e+35  1.33001000e+01  1.48829334e+00  1.24556000e+01  1.48346985e+00  3.41941124e-01  7.23417343e-03  7.86368101e-02  4.25623998e+02 
 2.30313203e+15  1.72167252e+35  1.32951000e+01  1.48738424e+00  1.24506000e+01  1.48256431e+00  3.41779525e-01  7.23637509e-03  7.85579637e-02  4.25697174e+02 
 2.31677106e+15  1.72983832e+35  1.32901000e+01  1.48647838e+00  1.24456000e+01  1.48166067e+00  3.41620710e-01  7.24055584e-03  7.84811216e-02  4.25776647e+02 
 2.33041008e+15  1.73799532e+35  1.32851000e+01  1.48557578e+00  1.24406000e+01  1.48075895e+00  3.41464650e-01  7.24669331e-03  7.84062535e-02  4.25862268e+02 
 2.34404911e+15  1.74614359e+35  1.32811000e+01  1.48467647e+00  1.24366000e+01  1.47989692e+00  3.41259917e-01  7.19861722e-03  7.83393928e-02  4.26147243e+02 
 2.35768814e+15  1.75428318e+35  1.32761000e+01  1.48378046e+00  1.24316000e+01  1.47899912e+00  3.41109301e-01  7.20861234e-03  7.82683873e-02  4.26244808e+02 
 2.37132716e+15  1.76241416e+35  1.32711000e+01  1.48288776e+00  1.24266000e+01  1.47810331e+00  3.40961367e-01  7.22054915e-03  7.81992772e-02  4.26348093e+02 
 2.38496619e+15  1.77053659e+35  1.32661000e+01  1.48199839e+00  1.24216000e+01  1.47720956e+00  3.40816095e-01  7.23436142e-03  7.81320385e-02  4.26456962e+02 
 2.39860522e+15  1.77865053e+35  1.32611000e+01  1.48111236e+00  1.24166000e+01  1.47631791e+00  3.40673460e-01  7.25002616e-03  7.80666449e-02  4.26571275e+02 
 2.41224424e+15  1.78675604e+35  1.32571000e+01  1.48022969e+00  1.24126000e+01  1.47546595e+00  3.40482057e-01  7.21132514e-03  7.79736523e-02  4.26690886e+02 
 2.42588327e+15  1.79485317e+35  1.32521000e+01  1.47935038e+00  1.24076000e+01  1.47457846e+00  3.40344630e-01  7.23074810e-03  7.79118923e-02  4.26815729e+02 
 2.43952229e+15  1.80294190e+35  1.32471000e+01  1.47847445e+00  1.24026000e+01  1.47369317e+00  3.40209774e-01  7.25193220e-03  7.78519067e-02  4.26945640e+02 
 2.45316132e+15  1.81102237e+35  1.32431000e+01  1.47760191e+00  1.23986000e+01  1.47284755e+00  3.40026101e-01  7.21867757e-03  7.77643013e-02  4.27080485e+02 
 2.46680035e+15  1.81909463e+35  1.32381000e+01  1.47673275e+00  1.23936000e+01  1.47196657e+00  3.39896315e-01  7.24351132e-03  7.77078065e-02  4.27220203e+02 
 2.48043937e+15  1.82715875e+35  1.32331000e+01  1.47586700e+00  1.23896000e+01  1.47112529e+00  3.39769036e-01  7.21381497e-03  7.76177004e-02  4.27170263e+02 
 2.49407840e+15  1.83521478e+35  1.32291000e+01  1.47500463e+00  1.23846000e+01  1.47024872e+00  3.39592879e-01  7.24216673e-03  7.75705869e-02  4.27513692e+02 
 2.50771743e+15  1.84326277e+35  1.32241000e+01  1.47414568e+00  1.23806000e+01  1.46941183e+00  3.39470536e-01  7.21594674e-03  7.74838827e-02  4.27472677e+02 
 2.52135645e+15  1.85130278e+35  1.32201000e+01  1.47329014e+00  1.23756000e+01  1.46853977e+00  3.39299289e-01  7.24777012e-03  7.74400706e-02  4.27825252e+02 
 2.53499548e+15  1.85933485e+35  1.32151000e+01  1.47243799e+00  1.23716000e+01  1.46770735e+00  3.39181796e-01  7.22495113e-03  7.73566796e-02  4.27792733e+02 
 2.54863451e+15  1.86735904e+35  1.32111000e+01  1.47158926e+00  1.23666000e+01  1.46683983e+00  3.39015369e-01  7.26020408e-03  7.73160844e-02  4.28154073e+02 
 2.56227353e+15  1.87537540e+35  1.32071000e+01  1.47074395e+00  1.23626000e+01  1.46601193e+00  3.38851323e-01  7.24076602e-03  7.72418646e-02  4.28324690e+02 
 2.57591256e+15  1.88338395e+35  1.32021000e+01  1.46990204e+00  1.23586000e+01  1.46518628e+00  3.38740955e-01  7.22300560e-03  7.71633018e-02  4.28304179e+02 
 2.58955159e+15  1.89138473e+35  1.31981000e+01  1.46906355e+00  1.23536000e+01  1.46432569e+00  3.38581607e-01  7.26325033e-03  7.71273865e-02  4.28677951e+02 
 2.60319061e+15  1.89937784e+35  1.31941000e+01  1.46822847e+00  1.23496000e+01  1.46350465e+00  3.38424577e-01  7.24874945e-03  7.70578522e-02  4.28860378e+02 
 2.61682964e+15  1.90736333e+35  1.31901000e+01  1.46739679e+00  1.23456000e+01  1.46268593e+00  3.38269843e-01  7.23582351e-03  7.69898444e-02  4.29046567e+02 
 2.63046867e+15  1.91534123e+35  1.31851000e+01  1.46656852e+00  1.23406000e+01  1.46183234e+00  3.38168690e-01  7.28099408e-03  7.69174463e-02  4.29040784e+02 
 2.64410769e+15  1.92331160e+35  1.31811000e+01  1.46574365e+00  1.23366000e+01  1.46101824e+00  3.38018488e-01  7.27130658e-03  7.68875036e-02  4.29429931e+02 
 2.65774672e+15  1.93127449e+35  1.31771000e+01  1.46492217e+00  1.23326000e+01  1.46020648e+00  3.37870527e-01  7.26319571e-03  7.68239519e-02  4.29626909e+02 
 2.67138575e+15  1.93922995e+35  1.31731000e+01  1.46410408e+00  1.23286000e+01  1.45939707e+00  3.37724786e-01  7.25661302e-03  7.67618542e-02  4.29827323e+02 
 2.68502477e+15  1.94717801e+35  1.31691000e+01  1.46328938e+00  1.23246000e+01  1.45858999e+00  3.37581242e-01  7.25157223e-03  7.67011910e-02  4.30031101e+02 
 2.69866380e+15  1.95511873e+35  1.31651000e+01  1.46247805e+00  1.23206000e+01  1.45778525e+00  3.37439881e-01  7.24806899e-03  7.66419468e-02  4.30238165e+02 
 2.71230282e+15  1.96305215e+35  1.31611000e+01  1.46167010e+00  1.23166000e+01  1.45698287e+00  3.37300683e-01  7.24609813e-03  7.65841041e-02  4.30448442e+02 
 2.72594185e+15  1.97097831e+35  1.31571000e+01  1.46086552e+00  1.23126000e+01  1.45618282e+00  3.37163627e-01  7.24564247e-03  7.65276450e-02  4.30661865e+02 
 2.73958088e+15  1.97889722e+35  1.31531000e+01  1.46006430e+00  1.23086000e+01  1.45538515e+00  3.37028697e-01  7.24667461e-03  7.64725551e-02  4.30878363e+02 
 2.75321990e+15  1.98680895e+35  1.31491000e+01  1.45926642e+00  1.23046000e+01  1.45458984e+00  3.36895873e-01  7.24917910e-03  7.64188161e-02  4.31097869e+02 
 2.76685893e+15  1.99471356e+35  1.31451000e+01  1.45847190e+00  1.23006000e+01  1.45379690e+00  3.36765137e-01  7.25314450e-03  7.63664123e-02  4.31320314e+02 
 2.78049796e+15  2.00261110e+35  1.31411000e+01  1.45768071e+00  1.22966000e+01  1.45300633e+00  3.36636473e-01  7.25856759e-03  7.63153288e-02  4.31545637e+02 
 2.79413698e+15  2.01050159e+35  1.31371000e+01  1.45689284e+00  1.22926000e+01  1.45221811e+00  3.36509857e-01  7.26545216e-03  7.62655483e-02  4.31773780e+02 
 2.80777601e+15  2.01926921e+35  1.31331000e+01  1.45602029e+00  1.22876000e+01  1.45132379e+00  3.36348358e-01  7.30593674e-03  7.61986356e-02  4.32030780e+02 
 2.82141504e+15  2.06135118e+35  1.31121000e+01  1.45174761e+00  1.22666000e+01  1.44707013e+00  3.35635154e-01  7.31126425e-03  7.59174343e-02  4.33326817e+02 
 2.83505406e+15  2.08293338e+35  1.31011000e+01  1.44949850e+00  1.22556000e+01  1.44483296e+00  3.35256863e-01  7.31108490e-03  7.57685006e-02  4.34017289e+02 
 2.84869309e+15  2.09309086e+35  1.30961000e+01  1.44844049e+00  1.22506000e+01  1.44378699e+00  3.35069846e-01  7.30103228e-03  7.56934602e-02  4.34343535e+02 
 2.86233212e+15  2.10324895e+35  1.30911000e+01  1.44738645e+00  1.22456000e+01  1.44274420e+00  3.34884598e-01  7.29214325e-03  7.56194470e-02  4.34670394e+02 
 2.87597114e+15  2.11340765e+35  1.30851000e+01  1.44633616e+00  1.22406000e+01  1.44170434e+00  3.34752256e-01  7.28449955e-03  7.55407270e-02  4.34799006e+02 
 2.88961017e+15  2.12356696e+35  1.30801000e+01  1.44528952e+00  1.22346000e+01  1.44063080e+00  3.34570467e-01  7.33481426e-03  7.54687865e-02  4.35127766e+02 
 2.90324920e+15  2.13372687e+35  1.30751000e+01  1.44424644e+00  1.22296000e+01  1.43959659e+00  3.34390393e-01  7.32953895e-03  7.54324415e-02  4.35657410e+02 
 2.91688822e+15  2.14388738e+35  1.30701000e+01  1.44320688e+00  1.22246000e+01  1.43856510e+00  3.34212024e-01  7.32544399e-03  7.53625368e-02  4.35988956e+02 
 2.93052725e+15  2.15404848e+35  1.30651000e+01  1.44217079e+00  1.22196000e+01  1.43753630e+00  3.34035354e-01  7.32252553e-03  7.52936587e-02  4.36321890e+02 
 2.94416628e+15  2.16421019e+35  1.30601000e+01  1.44113814e+00  1.22146000e+01  1.43651018e+00  3.33860374e-01  7.32076371e-03  7.52258032e-02  4.36656233e+02 
 2.95780530e+15  2.17437248e+35  1.30551000e+01  1.44010893e+00  1.22096000e+01  1.43548672e+00  3.33687083e-01  7.32017233e-03  7.51589679e-02  4.36992000e+02 
 2.97144433e+15  2.18453536e+35  1.30501000e+01  1.43908312e+00  1.22046000e+01  1.43446590e+00  3.33515472e-01  7.32075264e-03  7.50931470e-02  4.37329205e+02 
 2.98508336e+15  2.19469883e+35  1.30451000e+01  1.43806073e+00  1.21996000e+01  1.43344772e+00  3.33345540e-01  7.32250653e-03  7.50283383e-02  4.37667834e+02 
 2.99872238e+15  2.20486288e+35  1.30401000e+01  1.43704173e+00  1.21946000e+01  1.43243217e+00  3.33177276e-01  7.32542635e-03  7.49645339e-02  4.38007893e+02 
 3.01236141e+15  2.21502751e+35  1.30351000e+01  1.43602613e+00  1.21896000e+01  1.43141925e+00  3.33010683e-01  7.32951594e-03  7.48673473e-02  4.38148124e+02 
 3.02600043e+15  2.22519271e+35  1.30301000e+01  1.43501390e+00  1.21846000e+01  1.43040896e+00  3.32845752e-01  7.33476940e-03  7.48055618e-02  4.38490783e+02 
 3.03963946e+15  2.23535849e+35  1.30261000e+01  1.43400506e+00  1.21796000e+01  1.42940130e+00  3.32631392e-01  7.34116166e-03  7.47504072e-02  4.39036433e+02 
 3.05327849e+15  2.24552484e+35  1.30211000e+01  1.43299961e+00  1.21746000e+01  1.42839628e+00  3.32469779e-01  7.34873369e-03  7.46905915e-02  4.39382030e+02 
 3.06691751e+15  2.25569176e+35  1.30161000e+01  1.43199752e+00  1.21696000e+01  1.42739390e+00  3.32309808e-01  7.35744186e-03  7.46317536e-02  4.39728977e+02 
 3.08055654e+15  2.26585925e+35  1.30111000e+01  1.43099881e+00  1.21646000e+01  1.42639415e+00  3.32151485e-01  7.36730513e-03  7.45738923e-02  4.40077236e+02 
 3.09419557e+15  2.27602729e+35  1.30061000e+01  1.43000347e+00  1.21596000e+01  1.42539704e+00  3.31994800e-01  7.37832151e-03  7.44827460e-02  4.40224332e+02 
 3.10783459e+15  2.28619590e+35  1.30021000e+01  1.42901151e+00  1.21556000e+01  1.42443862e+00  3.31788697e-01  7.33337733e-03  7.44324372e-02  4.40777586e+02 
 3.12147362e+15  2.29636507e+35  1.29971000e+01  1.42802291e+00  1.21506000e+01  1.42344676e+00  3.31635279e-01  7.34667116e-03  7.43774795e-02  4.41129666e+02 
 3.13511265e+15  2.30653479e+35  1.29921000e+01  1.42703767e+00  1.21456000e+01  1.42245752e+00  3.31483482e-01  7.36113802e-03  7.43234736e-02  4.41482976e+02 
 3.14875167e+15  2.31670506e+35  1.29871000e+01  1.42605579e+00  1.21406000e+01  1.42147094e+00  3.31333299e-01  7.37670938e-03  7.42362421e-02  4.41634200e+02 
 3.16239070e+15  2.32687589e+35  1.29831000e+01  1.42507728e+00  1.21356000e+01  1.42048702e+00  3.31133708e-01  7.39338512e-03  7.41897126e-02  4.42193140e+02 
 3.17602973e+15  2.33704726e+35  1.29781000e+01  1.42410212e+00  1.21316000e+01  1.41954165e+00  3.30986749e-01  7.35403546e-03  7.41385405e-02  4.42549985e+02 
 3.18966875e+15  2.34721917e+35  1.29731000e+01  1.42313031e+00  1.21266000e+01  1.41856296e+00  3.30841391e-01  7.37303309e-03  7.40541895e-02  4.42704060e+02 
 3.20330778e+15  2.35739163e+35  1.29691000e+01  1.42216184e+00  1.21216000e+01  1.41758694e+00  3.30646622e-01  7.39308215e-03  7.40104352e-02  4.43267024e+02 
 3.21694681e+15  2.36756463e+35  1.29641000e+01  1.42119672e+00  1.21176000e+01  1.41664939e+00  3.30504451e-01  7.35704482e-03  7.39620456e-02  4.43627203e+02 
 3.23058583e+15  2.37773817e+35  1.29601000e+01  1.42023494e+00  1.21126000e+01  1.41567862e+00  3.30312873e-01  7.37934899e-03  7.38860514e-02  4.43988417e+02 
 3.24422486e+15  2.38791225e+35  1.29551000e+01  1.41927648e+00  1.21076000e+01  1.41471050e+00  3.30173861e-01  7.40276963e-03  7.38394884e-02  4.44350707e+02 
 3.25786389e+15  2.39808685e+35  1.29511000e+01  1.41832136e+00  1.21036000e+01  1.41378080e+00  3.29985450e-01  7.36996654e-03  7.37653386e-02  4.44713983e+02 
 3.27150291e+15  2.40826199e+35  1.29461000e+01  1.41736956e+00  1.20986000e+01  1.41281791e+00  3.29849576e-01  7.39564882e-03  7.37205819e-02  4.45078298e+02 
 3.28514194e+15  2.41843766e+35  1.29421000e+01  1.41642106e+00  1.20936000e+01  1.41185770e+00  3.29664299e-01  7.42232981e-03  7.36482487e-02  4.45443553e+02 
 3.29878096e+15  2.42861385e+35  1.29371000e+01  1.41547589e+00  1.20896000e+01  1.41093578e+00  3.29531540e-01  7.39284163e-03  7.36052757e-02  4.45809807e+02 
 3.31241999e+15  2.43879056e+35  1.29331000e+01  1.41453401e+00  1.20846000e+01  1.40998081e+00  3.29349378e-01  7.42173275e-03  7.35347384e-02  4.46176957e+02 
 3.32605902e+15  2.44896780e+35  1.29281000e+01  1.41359543e+00  1.20806000e+01  1.40906408e+00  3.29219701e-01  7.39436239e-03  7.34935229e-02  4.46545072e+02 
 3.33969804e+15  2.45914556e+35  1.29241000e+01  1.41266013e+00  1.20756000e+01  1.40811434e+00  3.29040622e-01  7.42543430e-03  7.34247559e-02  4.46914046e+02 
 3.35333707e+15  2.46932383e+35  1.29191000e+01  1.41172811e+00  1.20716000e+01  1.40720279e+00  3.28914005e-01  7.40018544e-03  7.33514074e-02  4.47077500e+02 
 3.36697610e+15  2.47950261e+35  1.29151000e+01  1.41079937e+00  1.20666000e+01  1.40625828e+00  3.28737988e-01  7.43341175e-03  7.33182584e-02  4.47654647e+02 
 3.38061512e+15  2.48968191e+35  1.29111000e+01  1.40987389e+00  1.20626000e+01  1.40535189e+00  3.28563494e-01  7.41026006e-03  7.32521134e-02  4.48026207e+02 
 3.39425415e+15  2.49986172e+35  1.29061000e+01  1.40895166e+00  1.20576000e+01  1.40441259e+00  3.28441413e-01  7.44562677e-03  7.32151964e-02  4.48398626e+02 
 3.40789318e+15  2.51004204e+35  1.29021000e+01  1.40803269e+00  1.20536000e+01  1.40351134e+00  3.28269937e-01  7.42459701e-03  7.31507635e-02  4.48771816e+02 
 3.42153220e+15  2.52022286e+35  1.28981000e+01  1.40711694e+00  1.20496000e+01  1.40261268e+00  3.28099959e-01  7.40451807e-03  7.30871821e-02  4.49145792e+02 
 3.43517123e+15  2.53040419e+35  1.28931000e+01  1.40620444e+00  1.20446000e+01  1.40168113e+00  3.27982362e-01  7.44309917e-03  7.30527832e-02  4.49520582e+02 
 3.44881026e+15  2.54058601e+35  1.28891000e+01  1.40529515e+00  1.20406000e+01  1.40078758e+00  3.27815363e-01  7.42513578e-03  7.29908808e-02  4.49896084e+02 
 3.46244928e+15  2.55076834e+35  1.28851000e+01  1.40438906e+00  1.20366000e+01  1.39989655e+00  3.27649841e-01  7.40819713e-03  7.29298142e-02  4.50272332e+02 
 3.47608831e+15  2.56095116e+35  1.28801000e+01  1.40348618e+00  1.20316000e+01  1.39897274e+00  3.27536659e-01  7.44988117e-03  7.28641738e-02  4.50440977e+02 
 3.48972734e+15  2.57113448e+35  1.28761000e+01  1.40258649e+00  1.20276000e+01  1.39808681e+00  3.27374071e-01  7.43498216e-03  7.28384554e-02  4.51027020e+02 
 3.50336636e+15  2.58131830e+35  1.28721000e+01  1.40168997e+00  1.20236000e+01  1.39720342e+00  3.27212942e-01  7.42107515e-03  7.27798508e-02  4.51405382e+02 
 3.51700539e+15  2.59150260e+35  1.28681000e+01  1.40079663e+00  1.20186000e+01  1.39628728e+00  3.27053270e-01  7.46584484e-03  7.27220636e-02  4.51784433e+02 
 3.53064442e+15  2.60168739e+35  1.28641000e+01  1.39990645e+00  1.20146000e+01  1.39540893e+00  3.26895044e-01  7.45399713e-03  7.26650847e-02  4.52164144e+02 
 3.54428344e+15  2.61187267e+35  1.28601000e+01  1.39901942e+00  1.20106000e+01  1.39453310e+00  3.26738253e-01  7.44310385e-03  7.26089067e-02  4.52544503e+02 
 3.55792247e+15  2.62205844e+35  1.28551000e+01  1.39813553e+00  1.20066000e+01  1.39365977e+00  3.26633715e-01  7.43324557e-03  7.25481597e-02  4.52715870e+02 
 3.57156150e+15  2.63224468e+35  1.28511000e+01  1.39725476e+00  1.20016000e+01  1.39275377e+00  3.26479774e-01  7.48207282e-03  7.24935793e-02  4.53097271e+02 
 3.58520052e+15  2.64243141e+35  1.28471000e+01  1.39637711e+00  1.19976000e+01  1.39188544e+00  3.26327249e-01  7.47419595e-03  7.24733431e-02  4.53689355e+02 
 3.59883955e+15  2.65261862e+35  1.28431000e+01  1.39550256e+00  1.19936000e+01  1.39101958e+00  3.26176132e-01  7.46729841e-03  7.24203091e-02  4.54072171e+02 
 3.61247857e+15  2.66280630e+35  1.28391000e+01  1.39463111e+00  1.19896000e+01  1.39015621e+00  3.26026418e-01  7.46134847e-03  7.23680501e-02  4.54455561e+02 
 3.62611760e+15  2.67299446e+35  1.28351000e+01  1.39376274e+00  1.19856000e+01  1.38929532e+00  3.25878101e-01  7.45637105e-03  7.23165623e-02  4.54839516e+02 
 3.63975663e+15  2.68318310e+35  1.28311000e+01  1.39289744e+00  1.19816000e+01  1.38843688e+00  3.25731171e-01  7.45237324e-03  7.22658386e-02  4.55224032e+02 
 3.65339565e+15  2.69337220e+35  1.28271000e+01  1.39203520e+00  1.19776000e+01  1.38758086e+00  3.25585623e-01  7.44937510e-03  7.22158756e-02  4.55609090e+02 
 3.66703468e+15  2.70356178e+35  1.28231000e+01  1.39117601e+00  1.19736000e+01  1.38672730e+00  3.25441449e-01  7.44733171e-03  7.21666659e-02  4.55994676e+02 
 3.68067371e+15  2.71375182e+35  1.28191000e+01  1.39031985e+00  1.19686000e+01  1.38584125e+00  3.25298641e-01  7.50401620e-03  7.21182045e-02  4.56380782e+02 
 3.69431273e+15  2.72394233e+35  1.28151000e+01  1.38946672e+00  1.19646000e+01  1.38499260e+00  3.25157193e-01  7.50386926e-03  7.20704878e-02  4.56767398e+02 
 3.70795176e+15  2.73413330e+35  1.28111000e+01  1.38861660e+00  1.19606000e+01  1.38414637e+00  3.25017098e-01  7.50466782e-03  7.20235092e-02  4.57154502e+02 
 3.72159079e+15  2.74432474e+35  1.28071000e+01  1.38776948e+00  1.19566000e+01  1.38330255e+00  3.24878347e-01  7.50640767e-03  7.19772638e-02  4.57542098e+02 
 3.73522981e+15  2.75451663e+35  1.28031000e+01  1.38692535e+00  1.19526000e+01  1.38246114e+00  3.24740936e-01  7.50908644e-03  7.18983722e-02  4.57717694e+02 
 3.74886884e+15  2.76470899e+35  1.27991000e+01  1.38608419e+00  1.19486000e+01  1.38162213e+00  3.24604857e-01  7.51269991e-03  7.18535942e-02  4.58106004e+02 
 3.76250787e+15  2.77490180e+35  1.27961000e+01  1.38524601e+00  1.19446000e+01  1.38078552e+00  3.24419384e-01  7.51721902e-03  7.18148083e-02  4.58707644e+02 
 3.77614689e+15  2.78509506e+35  1.27921000e+01  1.38441077e+00  1.19406000e+01  1.37995129e+00  3.24285951e-01  7.52268632e-03  7.17714558e-02  4.59097069e+02 
 3.78978592e+15  2.79528878e+35  1.27881000e+01  1.38357847e+00  1.19366000e+01  1.37911943e+00  3.24153829e-01  7.52907386e-03  7.17288123e-02  4.59486929e+02 
 3.80342495e+15  2.80548295e+35  1.27841000e+01  1.38274910e+00  1.19336000e+01  1.37832468e+00  3.24023011e-01  7.47842143e-03  7.16868729e-02  4.59877210e+02 
 3.81706397e+15  2.81567757e+35  1.27801000e+01  1.38192265e+00  1.19296000e+01  1.37749754e+00  3.23893492e-01  7.48660178e-03  7.16456339e-02  4.60267907e+02 
 3.83070300e+15  2.82587264e+35  1.27761000e+01  1.38109910e+00  1.19256000e+01  1.37667276e+00  3.23765263e-01  7.49568999e-03  7.15718252e-02  4.60445007e+02 
 3.84434203e+15  2.83606816e+35  1.27731000e+01  1.38027845e+00  1.19216000e+01  1.37585030e+00  3.23587635e-01  7.50570379e-03  7.15372186e-02  4.61050462e+02 
 3.85798105e+15  2.84626412e+35  1.27691000e+01  1.37946066e+00  1.19176000e+01  1.37503016e+00  3.23461968e-01  7.51664863e-03  7.14980551e-02  4.61442345e+02 
 3.87162008e+15  2.85646052e+35  1.27651000e+01  1.37864575e+00  1.19136000e+01  1.37421235e+00  3.23337570e-01  7.52847955e-03  7.14595720e-02  4.61834606e+02 
 3.88525910e+15  2.86665737e+35  1.27611000e+01  1.37783368e+00  1.19096000e+01  1.37339687e+00  3.23214434e-01  7.54118435e-03  7.13885627e-02  4.62012358e+02 
 3.89889813e+15  2.87685465e+35  1.27581000e+01  1.37702446e+00  1.19066000e+01  1.37261827e+00  3.23041900e-01  7.49669184e-03  7.13566508e-02  4.62620180e+02 
 3.91253716e+15  2.88705238e+35  1.27541000e+01  1.37621807e+00  1.19026000e+01  1.37180742e+00  3.22921272e-01  7.51110227e-03  7.13201864e-02  4.63013509e+02 
 3.92617618e+15  2.89725054e+35  1.27501000e+01  1.37541449e+00  1.18986000e+01  1.37099881e+00  3.22801890e-01  7.52646559e-03  7.12843863e-02  4.63407190e+02 
 3.93981521e+15  2.90744913e+35  1.27471000e+01  1.37461373e+00  1.18946000e+01  1.37019248e+00  3.22633111e-01  7.54270268e-03  7.12212967e-02  4.63801162e+02 
 3.95345424e+15  2.91764816e+35  1.27431000e+01  1.37381576e+00  1.18906000e+01  1.36938845e+00  3.22516198e-01  7.55980016e-03  7.11868140e-02  4.64195503e+02 
 3.96709326e+15  2.92784762e+35  1.27391000e+01  1.37302055e+00  1.18876000e+01  1.36862115e+00  3.22400504e-01  7.51957943e-03  7.11198684e-02  4.64373971e+02 
 3.98073229e+15  2.93804751e+35  1.27361000e+01  1.37222812e+00  1.18836000e+01  1.36782162e+00  3.22235411e-01  7.53837073e-03  7.10918660e-02  4.64985091e+02 
 3.99437132e+15  2.94824783e+35  1.27321000e+01  1.37143844e+00  1.18796000e+01  1.36702431e+00  3.22122148e-01  7.55807511e-03  7.10593215e-02  4.65380365e+02 
 4.00801034e+15  2.95844857e+35  1.27281000e+01  1.37065151e+00  1.18766000e+01  1.36626366e+00  3.22010090e-01  7.52041663e-03  7.09943460e-02  4.65559078e+02 
 4.02164937e+15  2.96864974e+35  1.27251000e+01  1.36986730e+00  1.18726000e+01  1.36547086e+00  3.21848631e-01  7.54171276e-03  7.09682432e-02  4.66171755e+02 
 4.03528840e+15  2.97885134e+35  1.27211000e+01  1.36908581e+00  1.18686000e+01  1.36468022e+00  3.21738960e-01  7.56398030e-03  7.09045625e-02  4.66350606e+02 
 4.04892742e+15  2.98905336e+35  1.27181000e+01  1.36830702e+00  1.18656000e+01  1.36392614e+00  3.21579888e-01  7.52877673e-03  7.08797014e-02  4.66964273e+02 
 4.06256645e+15  2.99925579e+35  1.27141000e+01  1.36753093e+00  1.18616000e+01  1.36313996e+00  3.21472582e-01  7.55262264e-03  7.08503063e-02  4.67360963e+02 
 4.07620548e+15  3.00945865e+35  1.27111000e+01  1.36675752e+00  1.18576000e+01  1.36235591e+00  3.21315878e-01  7.57736943e-03  7.07936679e-02  4.67757872e+02 
 4.08984450e+15  3.01966193e+35  1.27071000e+01  1.36598678e+00  1.18546000e+01  1.36160837e+00  3.21210910e-01  7.54461031e-03  7.07655027e-02  4.68155069e+02 
 4.10348353e+15  3.02986562e+35  1.27041000e+01  1.36521869e+00  1.18506000e+01  1.36082869e+00  3.21056544e-01  7.57098385e-03  7.07101042e-02  4.68552482e+02 
 4.11712256e+15  3.04006972e+35  1.27001000e+01  1.36445325e+00  1.18466000e+01  1.36005117e+00  3.20953887e-01  7.59819751e-03  7.06831534e-02  4.68950179e+02 
 4.13076158e+15  3.05027425e+35  1.26971000e+01  1.36369044e+00  1.18436000e+01  1.35931007e+00  3.20801834e-01  7.56781548e-03  7.06289784e-02  4.69348063e+02 
 4.14440061e+15  3.06047918e+35  1.26931000e+01  1.36293025e+00  1.18396000e+01  1.35853684e+00  3.20701468e-01  7.59668906e-03  7.05703040e-02  4.69527167e+02 
 4.15803964e+15  3.07068452e+35  1.26901000e+01  1.36217265e+00  1.18366000e+01  1.35779997e+00  3.20551698e-01  7.56786983e-03  7.05502562e-02  4.70144553e+02 
 4.17167866e+15  3.08089027e+35  1.26861000e+01  1.36141767e+00  1.18326000e+01  1.35703099e+00  3.20453599e-01  7.59837899e-03  7.04927930e-02  4.70323674e+02 
 4.18531769e+15  3.09109643e+35  1.26831000e+01  1.36066526e+00  1.18296000e+01  1.35629832e+00  3.20306092e-01  7.57113859e-03  7.04739102e-02  4.70941922e+02 
 4.19895671e+15  3.10130300e+35  1.26801000e+01  1.35991542e+00  1.18256000e+01  1.35553357e+00  3.20159721e-01  7.60321423e-03  7.04227318e-02  4.71340916e+02 
 4.21259574e+15  3.11150997e+35  1.26761000e+01  1.35916814e+00  1.18226000e+01  1.35480506e+00  3.20064962e-01  7.57755223e-03  7.03999060e-02  4.71740124e+02 
 4.22623477e+15  3.12171734e+35  1.26731000e+01  1.35842341e+00  1.18186000e+01  1.35404449e+00  3.19920813e-01  7.61120773e-03  7.03498915e-02  4.72139505e+02 
 4.23987379e+15  3.13192512e+35  1.26701000e+01  1.35768121e+00  1.18156000e+01  1.35332013e+00  3.19777771e-01  7.58706967e-03  7.03004595e-02  4.72539069e+02 
 4.25351282e+15  3.14213330e+35  1.26661000e+01  1.35694153e+00  1.18116000e+01  1.35256371e+00  3.19686312e-01  7.62231621e-03  7.02793493e-02  4.72938856e+02 
 4.26715185e+15  3.15234187e+35  1.26631000e+01  1.35620437e+00  1.18086000e+01  1.35184343e+00  3.19545457e-01  7.59972664e-03  7.02310590e-02  4.73338779e+02 
 4.28079087e+15  3.16255085e+35  1.26601000e+01  1.35546971e+00  1.18056000e+01  1.35112513e+00  3.19405697e-01  7.57797054e-03  7.01833433e-02  4.73738883e+02 
 4.29442990e+15  3.17276022e+35  1.26561000e+01  1.35473752e+00  1.18016000e+01  1.35037490e+00  3.19317479e-01  7.61546973e-03  7.01639122e-02  4.74139203e+02 
 4.30806893e+15  3.18296998e+35  1.26531000e+01  1.35400782e+00  1.17986000e+01  1.34966069e+00  3.19179867e-01  7.59513142e-03  7.01173135e-02  4.74539634e+02 
 4.32170795e+15  3.19318014e+35  1.26501000e+01  1.35328058e+00  1.17946000e+01  1.34891451e+00  3.19043331e-01  7.63418696e-03  7.00712775e-02  4.74940230e+02 
 4.33534698e+15  3.20339069e+35  1.26461000e+01  1.35255579e+00  1.17916000e+01  1.34820431e+00  3.18958305e-01  7.61538404e-03  7.00207574e-02  4.75118892e+02 
 4.34898601e+15  3.21360164e+35  1.26431000e+01  1.35183344e+00  1.17886000e+01  1.34749607e+00  3.18823884e-01  7.59733043e-03  7.00085538e-02  4.75741919e+02 
 4.36262503e+15  3.22381297e+35  1.26401000e+01  1.35111353e+00  1.17846000e+01  1.34675593e+00  3.18690522e-01  7.63862808e-03  6.99641660e-02  4.76142971e+02 
 4.37626406e+15  3.23402469e+35  1.26371000e+01  1.35039602e+00  1.17816000e+01  1.34605167e+00  3.18558203e-01  7.62199751e-03  6.99203204e-02  4.76544161e+02 
 4.38990309e+15  3.24423681e+35  1.26331000e+01  1.34968093e+00  1.17786000e+01  1.34534934e+00  3.18477352e-01  7.60617386e-03  6.98719976e-02  4.76722506e+02 
 4.40354211e+15  3.25444930e+35  1.26301000e+01  1.34896823e+00  1.17746000e+01  1.34461515e+00  3.18347109e-01  7.64970429e-03  6.98619099e-02  4.77346973e+02 
 4.41718114e+15  3.26466219e+35  1.26271000e+01  1.34825791e+00  1.17716000e+01  1.34391676e+00  3.18217895e-01  7.63526596e-03  6.98196684e-02  4.77748555e+02 
 4.43082017e+15  3.27487545e+35  1.26241000e+01  1.34754996e+00  1.17686000e+01  1.34322030e+00  3.18089709e-01  7.62154212e-03  6.97779589e-02  4.78150255e+02 
 4.44445919e+15  3.28508910e+35  1.26211000e+01  1.34684437e+00  1.17646000e+01  1.34249196e+00  3.17962542e-01  7.66730353e-03  6.97367771e-02  4.78552085e+02 
 4.45809822e+15  3.29530313e+35  1.26181000e+01  1.34614114e+00  1.17616000e+01  1.34179936e+00  3.17836395e-01  7.65503860e-03  6.96961210e-02  4.78954024e+02 
 4.47173724e+15  3.30551754e+35  1.26141000e+01  1.34544023e+00  1.17586000e+01  1.34110867e+00  3.17761635e-01  7.64345984e-03  6.96509919e-02  4.79131785e+02 
 4.48537627e+15  3.31573232e+35  1.26111000e+01  1.34474166e+00  1.17556000e+01  1.34041987e+00  3.17637489e-01  7.63258888e-03  6.96439734e-02  4.79758272e+02 
 4.49901530e+15  3.32594749e+35  1.26081000e+01  1.34404540e+00  1.17526000e+01  1.33973293e+00  3.17514344e-01  7.62248044e-03  6.96048590e-02  4.80160538e+02 
 4.51265432e+15  3.33616303e+35  1.26051000e+01  1.34335145e+00  1.17486000e+01  1.33901424e+00  3.17392190e-01  7.67177732e-03  6.95662534e-02  4.80562890e+02 
 4.52629335e+15  3.34637895e+35  1.26021000e+01  1.34265979e+00  1.17456000e+01  1.33833111e+00  3.17271025e-01  7.66300917e-03  6.95281568e-02  4.80965353e+02 
 4.53993238e+15  3.35659524e+35  1.25991000e+01  1.34197041e+00  1.17426000e+01  1.33764987e+00  3.17150839e-01  7.65488883e-03  6.94905615e-02  4.81367897e+02 
 4.55357140e+15  3.36681190e+35  1.25961000e+01  1.34128331e+00  1.17396000e+01  1.33697047e+00  3.17031634e-01  7.64749862e-03  6.94534688e-02  4.81770523e+02 
 4.56721043e+15  3.37702893e+35  1.25931000e+01  1.34059845e+00  1.17366000e+01  1.33629289e+00  3.16913396e-01  7.64082434e-03  6.94168724e-02  4.82173254e+02 
 4.58084946e+15  3.38724633e+35  1.25901000e+01  1.33991586e+00  1.17326000e+01  1.33558360e+00  3.16796130e-01  7.69366294e-03  6.93807725e-02  4.82576057e+02 
 4.59448848e+15  3.39746411e+35  1.25871000e+01  1.33923550e+00  1.17296000e+01  1.33490975e+00  3.16679822e-01  7.68832023e-03  6.93451610e-02  4.82978930e+02 
 4.60812751e+15  3.40768225e+35  1.25841000e+01  1.33855738e+00  1.17266000e+01  1.33423772e+00  3.16564471e-01  7.68365337e-03  6.93100384e-02  4.83381878e+02 
 4.62176654e+15  3.41790075e+35  1.25811000e+01  1.33788146e+00  1.17236000e+01  1.33356752e+00  3.16450068e-01  7.67962977e-03  6.92753994e-02  4.83784908e+02 
 4.63540556e+15  3.42811963e+35  1.25781000e+01  1.33720775e+00  1.17206000e+01  1.33289914e+00  3.16336614e-01  7.67627188e-03  6.92412429e-02  4.84187997e+02 
 4.64904459e+15  3.43833886e+35  1.25751000e+01  1.33653624e+00  1.17176000e+01  1.33223255e+00  3.16224099e-01  7.67358220e-03  6.92075652e-02  4.84591159e+02 
 4.66268362e+15  3.44855846e+35  1.25721000e+01  1.33586692e+00  1.17146000e+01  1.33156775e+00  3.16112521e-01  7.67158765e-03  6.91743636e-02  4.84994381e+02 
 4.67632264e+15  3.45877842e+35  1.25691000e+01  1.33519978e+00  1.17116000e+01  1.33090474e+00  3.16001874e-01  7.67025249e-03  6.91416338e-02  4.85397645e+02 
 4.68996167e+15  3.46899875e+35  1.25661000e+01  1.33453480e+00  1.17086000e+01  1.33024350e+00  3.15892150e-01  7.66956662e-03  6.91093726e-02  4.85800971e+02 
 4.70360070e+15  3.47921943e+35  1.25631000e+01  1.33387197e+00  1.17056000e+01  1.32958404e+00  3.15783349e-01  7.66953320e-03  6.90775801e-02  4.86204357e+02 
 4.71723972e+15  3.48944047e+35  1.25601000e+01  1.33321129e+00  1.17026000e+01  1.32892634e+00  3.15675462e-01  7.67014350e-03  6.90462495e-02  4.86607781e+02 
 4.73087875e+15  3.49966187e+35  1.25571000e+01  1.33255274e+00  1.16996000e+01  1.32827041e+00  3.15568489e-01  7.67139868e-03  6.90153816e-02  4.87011261e+02 
 4.74451778e+15  3.50988363e+35  1.25541000e+01  1.33189631e+00  1.16966000e+01  1.32761622e+00  3.15462418e-01  7.67329012e-03  6.89849699e-02  4.87414788e+02 
 4.75815680e+15  3.52010574e+35  1.25511000e+01  1.33124201e+00  1.16936000e+01  1.32696379e+00  3.15357250e-01  7.67581943e-03  6.89550131e-02  4.87818325e+02 
 4.77179583e+15  3.53032821e+35  1.25481000e+01  1.33058979e+00  1.16906000e+01  1.32631307e+00  3.15252979e-01  7.67898427e-03  6.88931584e-02  4.87992775e+02 
 4.78543485e+15  3.54055103e+35  1.25451000e+01  1.32993968e+00  1.16876000e+01  1.32566410e+00  3.15149599e-01  7.68277949e-03  6.88641133e-02  4.88396176e+02 
 4.79907388e+15  3.55077420e+35  1.25431000e+01  1.32929166e+00  1.16846000e+01  1.32501685e+00  3.14996868e-01  7.68717831e-03  6.88403958e-02  4.89029173e+02 
 4.81271291e+15  3.56099772e+35  1.25401000e+01  1.32864569e+00  1.16816000e+01  1.32437130e+00  3.14895262e-01  7.69222692e-03  6.88122383e-02  4.89432879e+02 
 4.82635193e+15  3.57122159e+35  1.25371000e+01  1.32800181e+00  1.16786000e+01  1.32372748e+00  3.14794535e-01  7.69789853e-03  6.87845208e-02  4.89836573e+02 
 4.83999096e+15  3.58144582e+35  1.25341000e+01  1.32735997e+00  1.16756000e+01  1.32308533e+00  3.14694679e-01  7.70419043e-03  6.87572429e-02  4.90240325e+02 
 4.85362999e+15  3.59167039e+35  1.25311000e+01  1.32672017e+00  1.16726000e+01  1.32244489e+00  3.14595694e-01  7.71110115e-03  6.87304013e-02  4.90644090e+02 
 4.86726901e+15  3.60189530e+35  1.25281000e+01  1.32608242e+00  1.16696000e+01  1.32180613e+00  3.14497573e-01  7.71862730e-03  6.86717149e-02  4.90817160e+02 
 4.88090804e+15  3.61212056e+35  1.25261000e+01  1.32544669e+00  1.16666000e+01  1.32116902e+00  3.14350103e-01  7.72677504e-03  6.86505974e-02  4.91451603e+02 
 4.89454707e+15  3.62234617e+35  1.25231000e+01  1.32481297e+00  1.16636000e+01  1.32053358e+00  3.14253701e-01  7.73556815e-03  6.86250530e-02  4.91855419e+02 
 4.90818609e+15  3.63257212e+35  1.25201000e+01  1.32418126e+00  1.16606000e+01  1.31989979e+00  3.14158149e-01  7.74497384e-03  6.85999338e-02  4.92259248e+02 
 4.92182512e+15  3.64279842e+35  1.25171000e+01  1.32355154e+00  1.16576000e+01  1.31926768e+00  3.14063442e-01  7.75495658e-03  6.85752362e-02  4.92663074e+02 
 4.93546415e+15  3.65302505e+35  1.25141000e+01  1.32292381e+00  1.16546000e+01  1.31863720e+00  3.13969576e-01  7.76554606e-03  6.85187331e-02  4.92835120e+02 
 4.94910317e+15  3.66325203e+35  1.25121000e+01  1.32229806e+00  1.16526000e+01  1.31804149e+00  3.13826372e-01  7.71745821e-03  6.84997151e-02  4.93470701e+02 
 4.96274220e+15  3.67347934e+35  1.25091000e+01  1.32167427e+00  1.16496000e+01  1.31741430e+00  3.13734179e-01  7.72919160e-03  6.84762738e-02  4.93874539e+02 
 4.97638123e+15  3.68370700e+35  1.25061000e+01  1.32105245e+00  1.16466000e+01  1.31678873e+00  3.13642816e-01  7.74152486e-03  6.84532467e-02  4.94278372e+02 
 4.99002025e+15  3.69393500e+35  1.25041000e+01  1.32043258e+00  1.16436000e+01  1.31616474e+00  3.13502124e-01  7.75450086e-03  6.84032677e-02  4.94682170e+02 
 5.00365928e+15  3.70416333e+35  1.25011000e+01  1.31981464e+00  1.16406000e+01  1.31554236e+00  3.13412407e-01  7.76807870e-03  6.83810619e-02  4.95086015e+02 
 5.01729831e+15  3.71439199e+35  1.24981000e+01  1.31919864e+00  1.16376000e+01  1.31492160e+00  3.13323509e-01  7.78222140e-03  6.83592631e-02  4.95489842e+02 
 5.03093733e+15  3.72462099e+35  1.24951000e+01  1.31858456e+00  1.16356000e+01  1.31433546e+00  3.13235421e-01  7.73759218e-03  6.83057134e-02  4.95660338e+02 
 5.04457636e+15  3.73485033e+35  1.24931000e+01  1.31797239e+00  1.16326000e+01  1.31371791e+00  3.13098003e-01  7.75280740e-03  6.82895269e-02  4.96297408e+02 
 5.05821538e+15  3.74508000e+35  1.24901000e+01  1.31736212e+00  1.16296000e+01  1.31310188e+00  3.13011527e-01  7.76870248e-03  6.82689312e-02  4.96701198e+02 
 5.07185441e+15  3.75531000e+35  1.24871000e+01  1.31675376e+00  1.16266000e+01  1.31248745e+00  3.12925856e-01  7.78518450e-03  6.82166124e-02  4.96870995e+02 
 5.08549344e+15  3.76554033e+35  1.24851000e+01  1.31614727e+00  1.16246000e+01  1.31190754e+00  3.12790858e-01  7.74280530e-03  6.82016072e-02  4.97508693e+02 
 5.09913246e+15  3.77577099e+35  1.24821000e+01  1.31554266e+00  1.16216000e+01  1.31129626e+00  3.12706771e-01  7.76032757e-03  6.81821967e-02  4.97912438e+02 
 5.11277149e+15  3.78600198e+35  1.24791000e+01  1.31493992e+00  1.16186000e+01  1.31068650e+00  3.12623472e-01  7.77848713e-03  6.81310809e-02  4.98081517e+02 
 5.12641052e+15  3.79623330e+35  1.24771000e+01  1.31433905e+00  1.16156000e+01  1.31007828e+00  3.12490853e-01  7.79721116e-03  6.81172324e-02  4.98719782e+02 
 5.14004954e+15  3.80646494e+35  1.24741000e+01  1.31374002e+00  1.16136000e+01  1.30950451e+00  3.12409121e-01  7.75704737e-03  6.80989877e-02  4.99123469e+02 
 5.15368857e+15  3.81669691e+35  1.24721000e+01  1.31314283e+00  1.16106000e+01  1.30889939e+00  3.12278072e-01  7.77679262e-03  6.80538296e-02  4.99527076e+02 
 5.16732760e+15  3.82692921e+35  1.24691000e+01  1.31254748e+00  1.16076000e+01  1.30829575e+00  3.12197887e-01  7.79724780e-03  6.80363482e-02  4.99930689e+02 
 5.18096662e+15  3.83716183e+35  1.24661000e+01  1.31195396e+00  1.16046000e+01  1.30769365e+00  3.12118469e-01  7.81820337e-03  6.79872002e-02  5.00098558e+02 
 5.19460565e+15  3.84739478e+35  1.24641000e+01  1.31136225e+00  1.16026000e+01  1.30712595e+00  3.11989738e-01  7.78012132e-03  6.79752367e-02  5.00737763e+02 
 5.20824468e+15  3.85762805e+35  1.24611000e+01  1.31077235e+00  1.15996000e+01  1.30652684e+00  3.11911848e-01  7.80220135e-03  6.79268647e-02  5.00905158e+02 
 5.22188370e+15  3.86786164e+35  1.24591000e+01  1.31018424e+00  1.15966000e+01  1.30592925e+00  3.11784647e-01  7.82479236e-03  6.79156411e-02  5.01544745e+02 
 5.23552273e+15  3.87809555e+35  1.24561000e+01  1.30959793e+00  1.15946000e+01  1.30536599e+00  3.11708261e-01  7.78833150e-03  6.79000304e-02  5.01948172e+02 
 5.24916176e+15  3.88832978e+35  1.24541000e+01  1.30901340e+00  1.15916000e+01  1.30477136e+00  3.11582579e-01  7.81201862e-03  6.78575372e-02  5.02351552e+02 
 5.26280078e+15  3.89856433e+35  1.24511000e+01  1.30843066e+00  1.15896000e+01  1.30421099e+00  3.11507693e-01  7.77669947e-03  6.78426650e-02  5.02754913e+02 
 5.27643981e+15  3.90879920e+35  1.24491000e+01  1.30784967e+00  1.15866000e+01  1.30361937e+00  3.11383503e-01  7.80133238e-03  6.78009094e-02  5.03158188e+02 
 5.29007884e+15  3.91903439e+35  1.24461000e+01  1.30727044e+00  1.15836000e+01  1.30302914e+00  3.11310093e-01  7.82667556e-03  6.77867619e-02  5.03561480e+02 
 5.30371786e+15  3.92926989e+35  1.24441000e+01  1.30669296e+00  1.15816000e+01  1.30247314e+00  3.11187390e-01  7.79284824e-03  6.77457411e-02  5.03964655e+02 
 5.31735689e+15  3.93950571e+35  1.24411000e+01  1.30611723e+00  1.15786000e+01  1.30188587e+00  3.11115446e-01  7.81916262e-03  6.77323125e-02  5.04367857e+02 
 5.33099591e+15  3.94974184e+35  1.24391000e+01  1.30554323e+00  1.15756000e+01  1.30130002e+00  3.10994210e-01  7.84605040e-03  6.76920158e-02  5.04770940e+02 
 5.34463494e+15  3.95997829e+35  1.24361000e+01  1.30497096e+00  1.15736000e+01  1.30074835e+00  3.10923719e-01  7.81374322e-03  6.76792978e-02  5.05174031e+02 
 5.35827397e+15  3.97021505e+35  1.24341000e+01  1.30440040e+00  1.15706000e+01  1.30016536e+00  3.10803935e-01  7.84168876e-03  6.76397174e-02  5.05577028e+02 
 5.37191299e+15  3.98045212e+35  1.24311000e+01  1.30383155e+00  1.15686000e+01  1.29961649e+00  3.10734874e-01  7.81041818e-03  6.76276981e-02  5.05980015e+02 
 5.38555202e+15  3.99068950e+35  1.24291000e+01  1.30326440e+00  1.15656000e+01  1.29903637e+00  3.10616532e-01  7.83936655e-03  6.75888272e-02  5.06382904e+02 
 5.39919105e+15  4.00092720e+35  1.24261000e+01  1.30269895e+00  1.15636000e+01  1.29849029e+00  3.10548893e-01  7.80913361e-03  6.75456082e-02  5.06546591e+02 
 5.41283007e+15  4.01116520e+35  1.24241000e+01  1.30213519e+00  1.15606000e+01  1.29791302e+00  3.10431974e-01  7.83905227e-03  6.75393298e-02  5.07188553e+02 
 5.42646910e+15  4.02140352e+35  1.24211000e+01  1.30157311e+00  1.15586000e+01  1.29736970e+00  3.10365746e-01  7.80986608e-03  6.74968149e-02  5.07351692e+02 
 5.44010813e+15  4.03164214e+35  1.24191000e+01  1.30101270e+00  1.15556000e+01  1.29679525e+00  3.10250236e-01  7.84076428e-03  6.74912110e-02  5.07993957e+02 
 5.45374715e+15  4.04188106e+35  1.24171000e+01  1.30045395e+00  1.15526000e+01  1.29622213e+00  3.10135435e-01  7.87231168e-03  6.74540796e-02  5.08396556e+02 
 5.46738618e+15  4.05212030e+35  1.24141000e+01  1.29989685e+00  1.15506000e+01  1.29568301e+00  3.10071287e-01  7.84448147e-03  6.74444551e-02  5.08799134e+02 
 5.48102521e+15  4.06235984e+35  1.24121000e+01  1.29934141e+00  1.15476000e+01  1.29511265e+00  3.09957871e-01  7.87703596e-03  6.74080005e-02  5.09201590e+02 
 5.49466423e+15  4.07259968e+35  1.24091000e+01  1.29878761e+00  1.15456000e+01  1.29457625e+00  3.09895098e-01  7.85018429e-03  6.73672111e-02  5.09363344e+02 
 5.50830326e+15  4.08283983e+35  1.24071000e+01  1.29823544e+00  1.15436000e+01  1.29404111e+00  3.09783057e-01  7.82393241e-03  6.73632628e-02  5.10006383e+02 
 5.52194229e+15  4.09308028e+35  1.24051000e+01  1.29768490e+00  1.15406000e+01  1.29347492e+00  3.09671706e-01  7.85783253e-03  6.73278192e-02  5.10408649e+02 
 5.53558131e+15  4.10332104e+35  1.24021000e+01  1.29713597e+00  1.15386000e+01  1.29294249e+00  3.09610966e-01  7.83254639e-03  6.72880436e-02  5.10569553e+02 
 5.54922034e+15  4.11356209e+35  1.24001000e+01  1.29658866e+00  1.15356000e+01  1.29237899e+00  3.09500970e-01  7.86745996e-03  6.72850663e-02  5.11213013e+02 
 5.56285937e+15  4.12380345e+35  1.23981000e+01  1.29604295e+00  1.15336000e+01  1.29184924e+00  3.09391648e-01  7.84306306e-03  6.72506140e-02  5.11615079e+02 
 5.57649839e+15  4.13404511e+35  1.23951000e+01  1.29549884e+00  1.15306000e+01  1.29128840e+00  3.09332916e-01  7.87902715e-03  6.72118373e-02  5.11775124e+02 
 5.59013742e+15  4.14428706e+35  1.23931000e+01  1.29495632e+00  1.15286000e+01  1.29076133e+00  3.09224929e-01  7.85552245e-03  6.72098136e-02  5.12419019e+02 
 5.60377645e+15  4.15452932e+35  1.23911000e+01  1.29441539e+00  1.15256000e+01  1.29020312e+00  3.09117610e-01  7.89245752e-03  6.71763375e-02  5.12820856e+02 
 5.61741547e+15  4.16477187e+35  1.23881000e+01  1.29387602e+00  1.15236000e+01  1.28967869e+00  3.09060852e-01  7.86988360e-03  6.71385389e-02  5.12980024e+02 
 5.63105450e+15  4.17501472e+35  1.23861000e+01  1.29333823e+00  1.15216000e+01  1.28915548e+00  3.08954847e-01  7.84789200e-03  6.71374556e-02  5.13624340e+02 
 5.64469352e+15  4.18525786e+35  1.23841000e+01  1.29280200e+00  1.15186000e+01  1.28860127e+00  3.08849499e-01  7.88616623e-03  6.71049371e-02  5.14025934e+02 
 5.65833255e+15  4.19550130e+35  1.23811000e+01  1.29226732e+00  1.15166000e+01  1.28808068e+00  3.08794687e-01  7.86504999e-03  6.70681016e-02  5.14184226e+02 
 5.67197158e+15  4.20574504e+35  1.23791000e+01  1.29173419e+00  1.15136000e+01  1.28752903e+00  3.08690636e-01  7.90434892e-03  6.70679434e-02  5.14828945e+02 
 5.68561060e+15  4.21598907e+35  1.23771000e+01  1.29120259e+00  1.15116000e+01  1.28701105e+00  3.08587230e-01  7.88404968e-03  6.70363674e-02  5.15230310e+02 
 5.69924963e+15  4.22623339e+35  1.23751000e+01  1.29067253e+00  1.15096000e+01  1.28649427e+00  3.08484470e-01  7.86434278e-03  6.70051059e-02  5.15631599e+02 
 5.71288866e+15  4.23647801e+35  1.23721000e+01  1.29014401e+00  1.15066000e+01  1.28594650e+00  3.08432214e-01  7.90503087e-03  6.69695357e-02  5.15788710e+02 
 5.72652768e+15  4.24672291e+35  1.23701000e+01  1.28961699e+00  1.15046000e+01  1.28543231e+00  3.08330721e-01  7.88610949e-03  6.69705842e-02  5.16433960e+02 
 5.74016671e+15  4.25696811e+35  1.23681000e+01  1.28909150e+00  1.15026000e+01  1.28491932e+00  3.08229870e-01  7.86775651e-03  6.69402459e-02  5.16834982e+02 
 5.75380574e+15  4.26721359e+35  1.23661000e+01  1.28856750e+00  1.14996000e+01  1.28437538e+00  3.08129645e-01  7.90976519e-03  6.69102113e-02  5.17235921e+02 
 5.76744476e+15  4.27745937e+35  1.23631000e+01  1.28804501e+00  1.14976000e+01  1.28386495e+00  3.08079892e-01  7.89223591e-03  6.68758747e-02  5.17391824e+02 
 5.78108379e+15  4.28770543e+35  1.23611000e+01  1.28752402e+00  1.14946000e+01  1.28332347e+00  3.07980916e-01  7.93526736e-03  6.68781095e-02  5.18037590e+02 
 5.79472282e+15  4.29795179e+35  1.23591000e+01  1.28700450e+00  1.14926000e+01  1.28281552e+00  3.07882561e-01  7.91858682e-03  6.68489765e-02  5.18438258e+02 
 5.80836184e+15  4.30819843e+35  1.23571000e+01  1.28648648e+00  1.14906000e+01  1.28230881e+00  3.07784827e-01  7.90234650e-03  6.68201445e-02  5.18838822e+02 
 5.82200087e+15  4.31844535e+35  1.23551000e+01  1.28596991e+00  1.14886000e+01  1.28180325e+00  3.07687710e-01  7.88663008e-03  6.67916114e-02  5.19239333e+02 
 5.83563990e+15  4.32869257e+35  1.23521000e+01  1.28545482e+00  1.14856000e+01  1.28126678e+00  3.07641022e-01  7.93141849e-03  6.67587845e-02  5.19393730e+02 
 5.84927892e+15  4.33894007e+35  1.23501000e+01  1.28494119e+00  1.14836000e+01  1.28076374e+00  3.07545120e-01  7.91644829e-03  6.67624612e-02  5.20040093e+02 
 5.86291795e+15  4.34918785e+35  1.23481000e+01  1.28442902e+00  1.14816000e+01  1.28026185e+00  3.07449826e-01  7.90202012e-03  6.67348038e-02  5.20440291e+02 
 5.87655698e+15  4.35943591e+35  1.23461000e+01  1.28391829e+00  1.14786000e+01  1.27972903e+00  3.07355141e-01  7.94815330e-03  6.67074411e-02  5.20840419e+02 
 5.89019600e+15  4.36968426e+35  1.23441000e+01  1.28340900e+00  1.14766000e+01  1.27922960e+00  3.07261054e-01  7.93450263e-03  6.66803670e-02  5.21240450e+02 
 5.90383503e+15  4.37993289e+35  1.23421000e+01  1.28290115e+00  1.14746000e+01  1.27873135e+00  3.07167566e-01  7.92128722e-03  6.66535796e-02  5.21640366e+02 
 5.91747405e+15  4.39018180e+35  1.23391000e+01  1.28239472e+00  1.14726000e+01  1.27823424e+00  3.07124458e-01  7.90859688e-03  6.66225096e-02  5.21792914e+02 
 5.93111308e+15  4.40043099e+35  1.23371000e+01  1.28188973e+00  1.14696000e+01  1.27770627e+00  3.07032154e-01  7.95646060e-03  6.66278697e-02  5.22439972e+02 
 5.94475211e+15  4.41068047e+35  1.23351000e+01  1.28138613e+00  1.14676000e+01  1.27721158e+00  3.06940439e-01  7.94449645e-03  6.66019333e-02  5.22839620e+02 
 5.95839113e+15  4.42093022e+35  1.23331000e+01  1.28088396e+00  1.14656000e+01  1.27671806e+00  3.06849313e-01  7.93297310e-03  6.65762791e-02  5.23239151e+02 
 5.97203016e+15  4.43118025e+35  1.23311000e+01  1.28038320e+00  1.14636000e+01  1.27622569e+00  3.06758774e-01  7.92192831e-03  6.65509061e-02  5.23638563e+02 
 5.98566919e+15  4.44143056e+35  1.23291000e+01  1.27988381e+00  1.14606000e+01  1.27570243e+00  3.06668814e-01  7.97152630e-03  6.65258130e-02  5.24037933e+02 
 5.99930821e+15  4.45168115e+35  1.23271000e+01  1.27938583e+00  1.14586000e+01  1.27521242e+00  3.06579435e-01  7.96125765e-03  6.65009953e-02  5.24437130e+02 
 6.01294724e+15  4.46193202e+35  1.23251000e+01  1.27888923e+00  1.14566000e+01  1.27472358e+00  3.06490634e-01  7.95135253e-03  6.64764568e-02  5.24836275e+02 
 6.02658627e+15  4.47218316e+35  1.23221000e+01  1.27839402e+00  1.14546000e+01  1.27423585e+00  3.06452147e-01  7.94196143e-03  6.64476444e-02  5.24986290e+02 
 6.04022529e+15  4.48243457e+35  1.23201000e+01  1.27790018e+00  1.14526000e+01  1.27374926e+00  3.06364485e-01  7.93296532e-03  6.64236565e-02  5.25384995e+02 
 6.05386432e+15  4.49268626e+35  1.23181000e+01  1.27740771e+00  1.14496000e+01  1.27323184e+00  3.06277392e-01  7.98467445e-03  6.63999408e-02  5.25783600e+02 
 6.06750335e+15  4.50293822e+35  1.23161000e+01  1.27691659e+00  1.14476000e+01  1.27274755e+00  3.06190865e-01  7.97645118e-03  6.64079913e-02  5.26431786e+02 
 6.08114237e+15  4.51319046e+35  1.23141000e+01  1.27642684e+00  1.14456000e+01  1.27226443e+00  3.06104898e-01  7.96859070e-03  6.63848033e-02  5.26830364e+02 
 6.09478140e+15  4.52344297e+35  1.23121000e+01  1.27593842e+00  1.14436000e+01  1.27178239e+00  3.06019492e-01  7.96116123e-03  6.63618854e-02  5.27228886e+02 
 6.10842043e+15  4.53369576e+35  1.23101000e+01  1.27545137e+00  1.14416000e+01  1.27130148e+00  3.05934647e-01  7.95417577e-03  6.63392331e-02  5.27627240e+02 
 6.12205945e+15  4.54394881e+35  1.23081000e+01  1.27496564e+00  1.14396000e+01  1.27082167e+00  3.05850358e-01  7.94758838e-03  6.63168480e-02  5.28025549e+02 
 6.13569848e+15  4.55420214e+35  1.23061000e+01  1.27448125e+00  1.14376000e+01  1.27034298e+00  3.05766620e-01  7.94138884e-03  6.62947232e-02  5.28423692e+02 
 6.14933751e+15  4.56445573e+35  1.23041000e+01  1.27399819e+00  1.14346000e+01  1.26983353e+00  3.05683434e-01  7.99593863e-03  6.62728624e-02  5.28821754e+02 
 6.16297653e+15  4.57470960e+35  1.23021000e+01  1.27351645e+00  1.14326000e+01  1.26935709e+00  3.05600796e-01  7.99049789e-03  6.62512629e-02  5.29219711e+02 
 6.17661556e+15  4.58496373e+35  1.23001000e+01  1.27303603e+00  1.14306000e+01  1.26888176e+00  3.05518703e-01  7.98542254e-03  6.62299209e-02  5.29617531e+02 
 6.19025459e+15  4.59521813e+35  1.22981000e+01  1.27255690e+00  1.14286000e+01  1.26840750e+00  3.05437151e-01  7.98076381e-03  6.62088379e-02  5.30015276e+02 
 6.20389361e+15  4.60547280e+35  1.22961000e+01  1.27207909e+00  1.14266000e+01  1.26793432e+00  3.05356139e-01  7.97651636e-03  6.61880101e-02  5.30412878e+02 
 6.21753264e+15  4.61572774e+35  1.22941000e+01  1.27160259e+00  1.14246000e+01  1.26746224e+00  3.05275668e-01  7.97265682e-03  6.61674388e-02  5.30810367e+02 
 6.23117166e+15  4.62598295e+35  1.22921000e+01  1.27112736e+00  1.14226000e+01  1.26699122e+00  3.05195732e-01  7.96918447e-03  6.61471235e-02  5.31207781e+02 
 6.24481069e+15  4.63623842e+35  1.22901000e+01  1.27065345e+00  1.14206000e+01  1.26652130e+00  3.05116331e-01  7.96609433e-03  6.61270601e-02  5.31605035e+02 
 6.25844972e+15  4.64649415e+35  1.22881000e+01  1.27018080e+00  1.14176000e+01  1.26602066e+00  3.05037457e-01  8.02386710e-03  6.61072461e-02  5.32002170e+02 
 6.27208874e+15  4.65675015e+35  1.22861000e+01  1.26970942e+00  1.14156000e+01  1.26555288e+00  3.04959111e-01  8.02152199e-03  6.60876848e-02  5.32399256e+02 
 6.28572777e+15  4.66700641e+35  1.22841000e+01  1.26923933e+00  1.14136000e+01  1.26508619e+00  3.04881292e-01  8.01955546e-03  6.60683699e-02  5.32796156e+02 
 6.29936680e+15  4.67726294e+35  1.22821000e+01  1.26877050e+00  1.14116000e+01  1.26462055e+00  3.04803994e-01  8.01796422e-03  6.60493025e-02  5.33192954e+02 
 6.31300582e+15  4.68751972e+35  1.22801000e+01  1.26830293e+00  1.14096000e+01  1.26415598e+00  3.04727222e-01  8.01673877e-03  6.60304854e-02  5.33589665e+02 
 6.32664485e+15  4.69777678e+35  1.22781000e+01  1.26783662e+00  1.14076000e+01  1.26369246e+00  3.04650968e-01  8.01588853e-03  6.60119122e-02  5.33986235e+02 
 6.34028388e+15  4.70803409e+35  1.22761000e+01  1.26737156e+00  1.14056000e+01  1.26322998e+00  3.04575225e-01  8.01540776e-03  6.59935798e-02  5.34382680e+02 
 6.35392290e+15  4.71829167e+35  1.22741000e+01  1.26690774e+00  1.14036000e+01  1.26276855e+00  3.04500000e-01  8.01530392e-03  6.59754926e-02  5.34779018e+02 
 6.36756193e+15  4.72854950e+35  1.22721000e+01  1.26644516e+00  1.14016000e+01  1.26230815e+00  3.04425286e-01  8.01558545e-03  6.59263040e-02  5.34920927e+02 
 6.38120096e+15  4.73880759e+35  1.22701000e+01  1.26598382e+00  1.13996000e+01  1.26184878e+00  3.04351083e-01  8.01623450e-03  6.59087050e-02  5.35316823e+02 
 6.39483998e+15  4.74906595e+35  1.22681000e+01  1.26552372e+00  1.13976000e+01  1.26139046e+00  3.04277386e-01  8.01724765e-03  6.58913433e-02  5.35712565e+02 
 6.40847901e+15  4.75932456e+35  1.22671000e+01  1.26506483e+00  1.13956000e+01  1.26093315e+00  3.04154588e-01  8.01859617e-03  6.58786812e-02  5.36363113e+02 
 6.42211804e+15  4.76958343e+35  1.22651000e+01  1.26460716e+00  1.13936000e+01  1.26047687e+00  3.04081902e-01  8.02033806e-03  6.58617923e-02  5.36758846e+02 
 6.43575706e+15  4.77984255e+35  1.22631000e+01  1.26415071e+00  1.13916000e+01  1.26002161e+00  3.04009720e-01  8.02244483e-03  6.58451419e-02  5.37154486e+02 
 6.44939609e+15  4.79010194e+35  1.22611000e+01  1.26369547e+00  1.13896000e+01  1.25956737e+00  3.03938034e-01  8.02490963e-03  6.58287239e-02  5.37549978e+02 
 6.46303512e+15  4.80036158e+35  1.22591000e+01  1.26324143e+00  1.13876000e+01  1.25911414e+00  3.03866841e-01  8.02772973e-03  6.58125366e-02  5.37945324e+02 
 6.47667414e+15  4.81062148e+35  1.22571000e+01  1.26278860e+00  1.13856000e+01  1.25866192e+00  3.03796142e-01  8.03090792e-03  6.57965825e-02  5.38340560e+02 
 6.49031317e+15  4.82088163e+35  1.22551000e+01  1.26233695e+00  1.13836000e+01  1.25821070e+00  3.03725938e-01  8.03444381e-03  6.57808612e-02  5.38735694e+02 
 6.50395219e+15  4.83114203e+35  1.22531000e+01  1.26188651e+00  1.13816000e+01  1.25776049e+00  3.03656224e-01  8.03833574e-03  6.57340925e-02  5.38874279e+02 
 6.51759122e+15  4.84140269e+35  1.22511000e+01  1.26143723e+00  1.13796000e+01  1.25731126e+00  3.03586993e-01  8.04257644e-03  6.57188325e-02  5.39268956e+02 
 6.53123025e+15  4.85166360e+35  1.22501000e+01  1.26098914e+00  1.13776000e+01  1.25686303e+00  3.03468688e-01  8.04714455e-03  6.57082382e-02  5.39920280e+02 
 6.54486927e+15  4.86192477e+35  1.22481000e+01  1.26054224e+00  1.13756000e+01  1.25641580e+00  3.03400432e-01  8.05209679e-03  6.56934314e-02  5.40314889e+02 
 6.55850830e+15  4.87218619e+35  1.22461000e+01  1.26009650e+00  1.13736000e+01  1.25596954e+00  3.03332656e-01  8.05741217e-03  6.56788499e-02  5.40709386e+02 
 6.57214733e+15  4.88244786e+35  1.22441000e+01  1.25965192e+00  1.13716000e+01  1.25552425e+00  3.03265356e-01  8.06307656e-03  6.56644914e-02  5.41103750e+02 
 6.58578635e+15  4.89270978e+35  1.22421000e+01  1.25920850e+00  1.13696000e+01  1.25507995e+00  3.03198535e-01  8.06909204e-03  6.56503571e-02  5.41497986e+02 
 6.59942538e+15  4.90297195e+35  1.22401000e+01  1.25876625e+00  1.13676000e+01  1.25463662e+00  3.03132189e-01  8.07544880e-03  6.56052109e-02  5.41634225e+02 
 6.61306441e+15  4.91323437e+35  1.22391000e+01  1.25832515e+00  1.13656000e+01  1.25419427e+00  3.03016786e-01  8.08211620e-03  6.55959451e-02  5.42286025e+02 
 6.62670343e+15  4.92349704e+35  1.22371000e+01  1.25788518e+00  1.13636000e+01  1.25375287e+00  3.02951383e-01  8.08915254e-03  6.55824756e-02  5.42679900e+02 
 6.64034246e+15  4.93375996e+35  1.22351000e+01  1.25744636e+00  1.13626000e+01  1.25334392e+00  3.02886452e-01  8.03570256e-03  6.55692266e-02  5.43073642e+02 
 6.65398149e+15  4.94402313e+35  1.22331000e+01  1.25700868e+00  1.13606000e+01  1.25290446e+00  3.02821989e-01  8.04339465e-03  6.55561964e-02  5.43467245e+02 
 6.66762051e+15  4.95428654e+35  1.22311000e+01  1.25657212e+00  1.13586000e+01  1.25246594e+00  3.02757984e-01  8.05141685e-03  6.55121778e-02  5.43601819e+02 
 6.68125954e+15  4.96455021e+35  1.22301000e+01  1.25613670e+00  1.13566000e+01  1.25202837e+00  3.02644940e-01  8.05975516e-03  6.55039896e-02  5.44254024e+02 
 6.69489857e+15  4.97481412e+35  1.22281000e+01  1.25570241e+00  1.13546000e+01  1.25159176e+00  3.02581865e-01  8.06845871e-03  6.54916075e-02  5.44647232e+02 
 6.70853759e+15  4.98507827e+35  1.22261000e+01  1.25526923e+00  1.13526000e+01  1.25115609e+00  3.02519246e-01  8.07749851e-03  6.54794381e-02  5.45040320e+02 
 6.72217662e+15  4.99534267e+35  1.22241000e+01  1.25483717e+00  1.13506000e+01  1.25072134e+00  3.02457085e-01  8.08689398e-03  6.54674824e-02  5.45433269e+02 
 6.73581565e+15  5.00560732e+35  1.22221000e+01  1.25440622e+00  1.13486000e+01  1.25028753e+00  3.02395381e-01  8.09665822e-03  6.54245662e-02  5.45566137e+02 
 6.74945467e+15  5.01587221e+35  1.22211000e+01  1.25397637e+00  1.13466000e+01  1.24985465e+00  3.02284644e-01  8.10670466e-03  6.54174305e-02  5.46218726e+02 
 6.76309370e+15  5.02613735e+35  1.22191000e+01  1.25354763e+00  1.13456000e+01  1.24945410e+00  3.02223843e-01  8.05617398e-03  6.54061084e-02  5.46611281e+02 
 6.77673273e+15  5.03640273e+35  1.22171000e+01  1.25311998e+00  1.13436000e+01  1.24902308e+00  3.02163491e-01  8.06685783e-03  6.53949958e-02  5.47003711e+02 
 6.79037175e+15  5.04666835e+35  1.22151000e+01  1.25269342e+00  1.13416000e+01  1.24859300e+00  3.02103586e-01  8.07786671e-03  6.53529426e-02  5.47135225e+02 
 6.80401078e+15  5.05693421e+35  1.22141000e+01  1.25226795e+00  1.13396000e+01  1.24816383e+00  3.01994661e-01  8.08917793e-03  6.53466304e-02  5.47788106e+02 
 6.81764980e+15  5.06720032e+35  1.22121000e+01  1.25184357e+00  1.13376000e+01  1.24773557e+00  3.01935645e-01  8.10084525e-03  6.53361386e-02  5.48180135e+02 
 6.83128883e+15  5.07746667e+35  1.22101000e+01  1.25142027e+00  1.13356000e+01  1.24730820e+00  3.01877072e-01  8.11290346e-03  6.53258536e-02  5.48572024e+02 
 6.84492786e+15  5.08773326e+35  1.22081000e+01  1.25099804e+00  1.13336000e+01  1.24688175e+00  3.01818937e-01  8.12526396e-03  6.52846458e-02  5.48702175e+02 
 6.85856688e+15  5.09800009e+35  1.22071000e+01  1.25057688e+00  1.13326000e+01  1.24648753e+00  3.01711793e-01  8.07688778e-03  6.52791427e-02  5.49355355e+02 
 6.87220591e+15  5.10826716e+35  1.22051000e+01  1.25015679e+00  1.13306000e+01  1.24606290e+00  3.01654534e-01  8.08982688e-03  6.52694669e-02  5.49746840e+02 
 6.88584494e+15  5.11853447e+35  1.22031000e+01  1.24973775e+00  1.13286000e+01  1.24563917e+00  3.01597707e-01  8.10308725e-03  6.52599922e-02  5.50138195e+02 
 6.89948396e+15  5.12880202e+35  1.22021000e+01  1.24931978e+00  1.13266000e+01  1.24521633e+00  3.01491883e-01  8.11664976e-03  6.52239802e-02  5.50529368e+02 
 6.91312299e+15  5.13906980e+35  1.22001000e+01  1.24890287e+00  1.13246000e+01  1.24479434e+00  3.01435923e-01  8.13064182e-03  6.52149076e-02  5.50920457e+02 
 6.92676202e+15  5.14933783e+35  1.21981000e+01  1.24848700e+00  1.13236000e+01  1.24440452e+00  3.01380388e-01  8.08384320e-03  6.52060327e-02  5.51311418e+02 
 6.94040104e+15  5.15960609e+35  1.21961000e+01  1.24807218e+00  1.13216000e+01  1.24398435e+00  3.01325283e-01  8.09836035e-03  6.51662707e-02  5.51439182e+02 
 6.95404007e+15  5.16987459e+35  1.21951000e+01  1.24765840e+00  1.13196000e+01  1.24356505e+00  3.01221186e-01  8.11316461e-03  6.51621470e-02  5.52092851e+02 
 6.96767910e+15  5.18014332e+35  1.21931000e+01  1.24724565e+00  1.13176000e+01  1.24314663e+00  3.01166926e-01  8.12831388e-03  6.51538618e-02  5.52483396e+02 
 6.98131812e+15  5.19041230e+35  1.21911000e+01  1.24683395e+00  1.13156000e+01  1.24272905e+00  3.01113091e-01  8.14386538e-03  6.51147059e-02  5.52610130e+02 
 6.99495715e+15  5.20068150e+35  1.21901000e+01  1.24642326e+00  1.13146000e+01  1.24234358e+00  3.01010274e-01  8.09853169e-03  6.51111597e-02  5.53264008e+02 
 7.00859618e+15  5.21095094e+35  1.21881000e+01  1.24601361e+00  1.13126000e+01  1.24192777e+00  3.00957276e-01  8.11459562e-03  6.51034584e-02  5.53654148e+02 
 7.02223520e+15  5.22122062e+35  1.21861000e+01  1.24560497e+00  1.13106000e+01  1.24151282e+00  3.00904695e-01  8.13097181e-03  6.50648993e-02  5.53779869e+02 
 7.03587423e+15  5.23149053e+35  1.21851000e+01  1.24519735e+00  1.13086000e+01  1.24109871e+00  3.00803142e-01  8.14768353e-03  6.50619247e-02  5.54433973e+02 
