# rhoc (cgs) 	 Pc (cgs) 	 R (km) 	 M (msol) 	 R_core (km) 	 M_core (msol) 	 I/(MR^2) 	 I_crust/(M_crust R_crust^2)/(I/(MR^2)) 	 k_2 	 Lambda 
 2.30000000e+14  4.28539360e+33  1.53681000e+01  2.71926640e-01  9.04560000e+00  2.37994761e-01  1.47979836e-01  2.28914860e-01  4.37645785e-02  2.39625614e+06 
 2.31273246e+14  4.34314048e+33  1.53281000e+01  2.74541793e-01  9.07060000e+00  2.40683811e-01  1.49313578e-01  2.26458537e-01  4.46246597e-02  2.29901918e+06 
 2.32546492e+14  4.40088735e+33  1.52891000e+01  2.77136578e-01  9.09560000e+00  2.43375793e-01  1.50630527e-01  2.23923203e-01  4.54811050e-02  2.20719012e+06 
 2.33819737e+14  4.45939641e+33  1.52511000e+01  2.79745121e-01  9.11960000e+00  2.46039537e-01  1.51937348e-01  2.21668991e-01  4.63368349e-02  2.11927827e+06 
 2.35092983e+14  4.51828045e+33  1.52141000e+01  2.82350361e-01  9.14360000e+00  2.48715152e-01  1.53229825e-01  2.19368311e-01  4.71892104e-02  2.03563864e+06 
 2.36366229e+14  4.57716448e+33  1.51791000e+01  2.84935602e-01  9.16660000e+00  2.51342412e-01  1.54483502e-01  2.17286059e-01  4.80197814e-02  1.95652359e+06 
 2.37639475e+14  4.63604851e+33  1.51451000e+01  2.87500882e-01  9.18960000e+00  2.53971367e-01  1.55717772e-01  2.15128937e-01  4.88429300e-02  1.88163295e+06 
 2.38912721e+14  4.69493254e+33  1.51121000e+01  2.90046250e-01  9.21260000e+00  2.56601887e-01  1.56932101e-01  2.12898820e-01  4.96578368e-02  1.81068957e+06 
 2.40185967e+14  4.75381658e+33  1.50801000e+01  2.92571762e-01  9.23460000e+00  2.59182382e-01  1.58125959e-01  2.10889908e-01  5.04636798e-02  1.74343743e+06 
 2.41459212e+14  4.81270061e+33  1.50491000e+01  2.95077486e-01  9.25660000e+00  2.61763707e-01  1.59298827e-01  2.08810507e-01  5.12596370e-02  1.67963985e+06 
 2.42732458e+14  4.87232636e+33  1.50191000e+01  2.97594950e-01  9.27860000e+00  2.64364036e-01  1.60456676e-01  2.06716074e-01  5.20483029e-02  1.61832860e+06 
 2.44005704e+14  4.93209059e+33  1.49901000e+01  3.00098787e-01  9.29960000e+00  2.66916447e-01  1.61593722e-01  2.04854389e-01  5.28261037e-02  1.55997776e+06 
 2.45278950e+14  4.99185481e+33  1.49611000e+01  3.02583204e-01  9.32060000e+00  2.69469145e-01  1.62730019e-01  2.02925348e-01  5.36095107e-02  1.50454010e+06 
 2.46552196e+14  5.05161904e+33  1.49341000e+01  3.05048274e-01  9.34160000e+00  2.72022021e-01  1.63821764e-01  2.00930648e-01  5.43621754e-02  1.45183620e+06 
 2.47825442e+14  5.11138326e+33  1.49071000e+01  3.07494078e-01  9.36160000e+00  2.74522093e-01  1.64912171e-01  1.99160854e-01  5.51194082e-02  1.40169967e+06 
 2.49098687e+14  5.17114749e+33  1.48821000e+01  3.09920701e-01  9.38160000e+00  2.77021696e-01  1.65956700e-01  1.97327545e-01  5.58437215e-02  1.35397579e+06 
 2.50371933e+14  5.23091327e+33  1.48571000e+01  3.12328297e-01  9.40060000e+00  2.79467451e-01  1.66999334e-01  1.95720218e-01  5.65715830e-02  1.30851973e+06 
 2.51645179e+14  5.29127133e+33  1.48321000e+01  3.14740707e-01  9.42060000e+00  2.81979966e-01  1.68044880e-01  1.93801805e-01  5.73055379e-02  1.26477599e+06 
 2.52918425e+14  5.35162939e+33  1.48091000e+01  3.17134302e-01  9.43960000e+00  2.84438156e-01  1.69042986e-01  1.92110598e-01  5.80039358e-02  1.22307497e+06 
 2.54191671e+14  5.41198745e+33  1.47861000e+01  3.19509175e-01  9.45760000e+00  2.86841292e-01  1.70038709e-01  1.90646464e-01  5.87049130e-02  1.18329861e+06 
 2.55464916e+14  5.47234551e+33  1.47631000e+01  3.21865426e-01  9.47660000e+00  2.89297058e-01  1.71032130e-01  1.88838121e-01  5.94085098e-02  1.14533677e+06 
 2.56738162e+14  5.53270357e+33  1.47411000e+01  3.24203157e-01  9.49460000e+00  2.91697209e-01  1.71999982e-01  1.87258657e-01  6.00943757e-02  1.10908663e+06 
 2.58011408e+14  5.59306163e+33  1.47201000e+01  3.26522476e-01  9.51260000e+00  2.94095667e-01  1.72941843e-01  1.85623392e-01  6.07617585e-02  1.07445223e+06 
 2.59284654e+14  5.65346165e+33  1.47001000e+01  3.28825086e-01  9.52960000e+00  2.96438557e-01  1.73857611e-01  1.84219967e-01  6.14100837e-02  1.04132142e+06 
 2.60557900e+14  5.71409881e+33  1.46801000e+01  3.31118538e-01  9.54660000e+00  2.98784829e-01  1.74772117e-01  1.82775573e-01  6.20605110e-02  1.00951161e+06 
 2.61831146e+14  5.77473596e+33  1.46601000e+01  3.33393942e-01  9.56360000e+00  3.01128915e-01  1.75683700e-01  1.81278101e-01  6.27121623e-02  9.79075762e+05 
 2.63104391e+14  5.83537311e+33  1.46411000e+01  3.35651411e-01  9.58060000e+00  3.03470765e-01  1.76568310e-01  1.79728845e-01  6.33434324e-02  9.49939882e+05 
 2.64377637e+14  5.89601027e+33  1.46221000e+01  3.37891062e-01  9.59660000e+00  3.05754758e-01  1.77449834e-01  1.78410858e-01  6.39754953e-02  9.22034701e+05 
 2.65650883e+14  5.95664742e+33  1.46041000e+01  3.40113013e-01  9.61260000e+00  3.08036051e-01  1.78303920e-01  1.77042534e-01  6.45862623e-02  8.95295244e+05 
 2.66924129e+14  6.01728458e+33  1.45871000e+01  3.42317385e-01  9.62860000e+00  3.10314612e-01  1.79130199e-01  1.75625082e-01  6.51750539e-02  8.69660609e+05 
 2.68197375e+14  6.07790301e+33  1.45701000e+01  3.44503626e-01  9.64360000e+00  3.12533848e-01  1.79952894e-01  1.74439013e-01  6.57637163e-02  8.45081123e+05 
 2.69470621e+14  6.13847472e+33  1.45531000e+01  3.46670850e-01  9.65960000e+00  3.14805166e-01  1.80771890e-01  1.72923141e-01  6.63521845e-02  8.21513206e+05 
 2.70743866e+14  6.19904644e+33  1.45361000e+01  3.48820861e-01  9.67460000e+00  3.17017159e-01  1.81587566e-01  1.71640895e-01  6.69406450e-02  7.98887328e+05 
 2.72017112e+14  6.25961815e+33  1.45211000e+01  3.50953789e-01  9.68860000e+00  3.19169282e-01  1.82349743e-01  1.70591847e-01  6.74826305e-02  7.77156151e+05 
 2.73290358e+14  6.32018987e+33  1.45051000e+01  3.53069760e-01  9.70360000e+00  3.21374656e-01  1.83133441e-01  1.69219140e-01  6.80472367e-02  7.56275270e+05 
 2.74563604e+14  6.38076158e+33  1.44901000e+01  3.55168905e-01  9.71760000e+00  3.23519781e-01  1.83888358e-01  1.68080801e-01  6.85877953e-02  7.36202782e+05 
 2.75836850e+14  6.44133329e+33  1.44751000e+01  3.57251353e-01  9.73160000e+00  3.25661302e-01  1.84639679e-01  1.66899130e-01  6.91275759e-02  7.16899303e+05 
 2.77110096e+14  6.59802367e+33  1.44371000e+01  3.62627162e-01  9.76760000e+00  3.31212031e-01  1.86560341e-01  1.63800757e-01  7.05092081e-02  6.69749482e+05 
 2.78383341e+14  6.69172260e+33  1.44161000e+01  3.65853192e-01  9.78860000e+00  3.34526236e-01  1.87668893e-01  1.62061366e-01  7.13007022e-02  6.43230868e+05 
 2.79656587e+14  6.78542153e+33  1.43951000e+01  3.69068939e-01  9.80960000e+00  3.37846908e-01  1.88777212e-01  1.60274895e-01  7.20954648e-02  6.18033871e+05 
 2.80929833e+14  6.88051633e+33  1.43741000e+01  3.72321749e-01  9.83060000e+00  3.41204956e-01  1.89893663e-01  1.58500755e-01  7.28976161e-02  5.93735455e+05 
 2.82203079e+14  6.97659861e+33  1.43541000e+01  3.75597763e-01  9.85060000e+00  3.44532700e-01  1.90989401e-01  1.56995210e-01  7.36804862e-02  5.70408142e+05 
 2.83476325e+14  7.07268088e+33  1.43341000e+01  3.78862751e-01  9.87160000e+00  3.47924293e-01  1.92084953e-01  1.55171412e-01  7.44664640e-02  5.48241266e+05 
 2.84749570e+14  7.17075992e+33  1.43151000e+01  3.82184196e-01  9.89160000e+00  3.51306948e-01  1.93165073e-01  1.53655630e-01  7.52349714e-02  5.26740184e+05 
 2.86022816e+14  7.26925387e+33  1.42961000e+01  3.85508503e-01  9.91260000e+00  3.54762958e-01  1.94247347e-01  1.51841130e-01  7.60074317e-02  5.06223751e+05 
 2.87296062e+14  7.36791227e+33  1.42771000e+01  3.88826655e-01  9.93260000e+00  3.58167774e-01  1.95330400e-01  1.50260947e-01  7.67832686e-02  4.86692703e+05 
 2.88569308e+14  7.46884609e+33  1.42591000e+01  3.92209512e-01  9.95260000e+00  3.61627807e-01  1.96398851e-01  1.48725356e-01  7.75411019e-02  4.67703169e+05 
 2.89842554e+14  7.56977991e+33  1.42411000e+01  3.95580527e-01  9.97260000e+00  3.65091753e-01  1.97467011e-01  1.47147391e-01  7.83014992e-02  4.49657262e+05 
 2.91115800e+14  7.67146395e+33  1.42241000e+01  3.98964221e-01  9.99260000e+00  3.68575954e-01  1.98511230e-01  1.45555758e-01  7.90387318e-02  4.32376995e+05 
 2.92389045e+14  7.77486570e+33  1.42071000e+01  4.02392846e-01  1.00126000e+01  3.72102179e-01  1.99564597e-01  1.43986445e-01  7.97826210e-02  4.15673760e+05 
 2.93662291e+14  7.87826744e+33  1.41911000e+01  4.05809010e-01  1.00326000e+01  3.75631567e-01  2.00589277e-01  1.42376753e-01  8.05003826e-02  3.99795775e+05 
 2.94935537e+14  7.98301113e+33  1.41741000e+01  4.09256551e-01  1.00516000e+01  3.79132804e-01  2.01649080e-01  1.41040330e-01  8.12519458e-02  3.84504487e+05 
 2.96208783e+14  8.08890872e+33  1.41591000e+01  4.12729382e-01  1.00716000e+01  3.82723504e-01  2.02657708e-01  1.39439325e-01  8.19509257e-02  3.69805661e+05 
 2.97482029e+14  8.19480631e+33  1.41431000e+01  4.16189157e-01  1.00906000e+01  3.86255215e-01  2.03694196e-01  1.38063474e-01  8.26804249e-02  3.55828173e+05 
 2.98755275e+14  8.30264308e+33  1.41281000e+01  4.19698840e-01  1.01106000e+01  3.89893688e-01  2.04711662e-01  1.36451086e-01  8.33871091e-02  3.42292398e+05 
 3.00028520e+14  8.41106430e+33  1.41131000e+01  4.23214340e-01  1.01296000e+01  3.93485550e-01  2.05731467e-01  1.35082920e-01  8.40966297e-02  3.29349638e+05 
 3.01301766e+14  8.51948552e+33  1.40991000e+01  4.26716219e-01  1.01486000e+01  3.97078778e-01  2.06721126e-01  1.33676238e-01  8.47775120e-02  3.17037220e+05 
 3.02575012e+14  8.63044823e+33  1.40851000e+01  4.30286329e-01  1.01676000e+01  4.00729848e-01  2.07723222e-01  1.32314355e-01  8.54654041e-02  3.05049744e+05 
 3.03848258e+14  8.74142072e+33  1.40711000e+01  4.33842989e-01  1.01866000e+01  4.04382338e-01  2.08724305e-01  1.30914990e-01  8.61542712e-02  2.93644939e+05 
 3.05121504e+14  8.85296286e+33  1.40581000e+01  4.37403669e-01  1.02056000e+01  4.08048243e-01  2.09697470e-01  1.29496460e-01  8.68145578e-02  2.82736559e+05 
 3.06394749e+14  8.96651411e+33  1.40451000e+01  4.41014309e-01  1.02246000e+01  4.11759519e-01  2.10679820e-01  1.28104013e-01  8.74799776e-02  2.72168474e+05 
 3.07667995e+14  9.08006536e+33  1.40321000e+01  4.44610647e-01  1.02436000e+01  4.15471404e-01  2.11660839e-01  1.26675255e-01  8.81458862e-02  2.62110543e+05 
 3.08941241e+14  9.19477002e+33  1.40191000e+01  4.48228746e-01  1.02616000e+01  4.19145461e-01  2.12646478e-01  1.25502129e-01  8.88149003e-02  2.52438944e+05 
 3.10214487e+14  9.31092738e+33  1.40071000e+01  4.51878120e-01  1.02806000e+01  4.22915276e-01  2.13607822e-01  1.24079738e-01  8.94557644e-02  2.43114740e+05 
 3.11487733e+14  9.42708475e+33  1.39951000e+01  4.55512683e-01  1.02986000e+01  4.26621126e-01  2.14567556e-01  1.22877427e-01  9.00966425e-02  2.34236542e+05 
 3.12760979e+14  9.54498313e+33  1.39841000e+01  4.59186497e-01  1.03176000e+01  4.30428820e-01  2.15503688e-01  1.21435220e-01  9.07088970e-02  2.25655189e+05 
 3.14034224e+14  9.66377380e+33  1.39721000e+01  4.62873156e-01  1.03356000e+01  4.34191529e-01  2.16473441e-01  1.20237876e-01  9.13553055e-02  2.17420559e+05 
 3.15307470e+14  9.78256448e+33  1.39621000e+01  4.66544517e-01  1.03536000e+01  4.37953304e-01  2.17379321e-01  1.19005374e-01  9.19358749e-02  2.09576057e+05 
 3.16580716e+14  9.90368719e+33  1.39511000e+01  4.70272343e-01  1.03716000e+01  4.41764988e-01  2.18325930e-01  1.17802708e-01  9.25535766e-02  2.01955950e+05 
 3.17853962e+14  1.00251382e+34  1.39401000e+01  4.73994858e-01  1.03896000e+01  4.45582783e-01  2.19272312e-01  1.16574547e-01  9.31715036e-02  1.94676162e+05 
 3.19127208e+14  1.01468280e+34  1.39301000e+01  4.77708892e-01  1.04076000e+01  4.49404337e-01  2.20186366e-01  1.15318875e-01  9.37557978e-02  1.87724544e+05 
 3.20400454e+14  1.02709663e+34  1.39201000e+01  4.81481751e-01  1.04256000e+01  4.53277669e-01  2.21110250e-01  1.14094633e-01  9.43441173e-02  1.80965516e+05 
 3.21673699e+14  1.03951046e+34  1.39101000e+01  4.85238723e-01  1.04426000e+01  4.57083624e-01  2.22031968e-01  1.13085739e-01  9.49314867e-02  1.74522998e+05 
 3.22946945e+14  1.05200513e+34  1.39011000e+01  4.89003861e-01  1.04606000e+01  4.60970763e-01  2.22923320e-01  1.11815359e-01  9.54851394e-02  1.68340481e+05 
 3.24220191e+14  1.06469036e+34  1.38921000e+01  4.92810238e-01  1.04776000e+01  4.64830979e-01  2.23821391e-01  1.10808154e-01  9.60410992e-02  1.62355272e+05 
 3.25493437e+14  1.07737558e+34  1.38831000e+01  4.96600293e-01  1.04956000e+01  4.68755207e-01  2.24716993e-01  1.09520968e-01  9.65956399e-02  1.56647442e+05 
 3.26766683e+14  1.09019884e+34  1.38741000e+01  5.00414853e-01  1.05126000e+01  4.72640068e-01  2.25616652e-01  1.08481644e-01  9.71513582e-02  1.51143822e+05 
 3.28039928e+14  1.10315812e+34  1.38661000e+01  5.04253375e-01  1.05296000e+01  4.76551465e-01  2.26487617e-01  1.07442606e-01  9.76729619e-02  1.45837868e+05 
 3.29313174e+14  1.11611741e+34  1.38571000e+01  5.08075163e-01  1.05466000e+01  4.80459936e-01  2.27388637e-01  1.06371152e-01  9.82281360e-02  1.40775219e+05 
 3.30586420e+14  1.12927208e+34  1.38491000e+01  5.11937462e-01  1.05636000e+01  4.84406962e-01  2.28263298e-01  1.05313640e-01  9.87497312e-02  1.35871229e+05 
 3.31859666e+14  1.14250806e+34  1.38411000e+01  5.15806781e-01  1.05806000e+01  4.88368263e-01  2.29138982e-01  1.04243334e-01  9.92708942e-02  1.31162024e+05 
 3.33132912e+14  1.15574404e+34  1.38341000e+01  5.19658970e-01  1.05976000e+01  4.92326202e-01  2.29978639e-01  1.03141763e-01  9.97541017e-02  1.26666437e+05 
 3.34406158e+14  1.16923289e+34  1.38261000e+01  5.23567329e-01  1.06146000e+01  4.96334231e-01  2.30860184e-01  1.02066320e-01  1.00275631e-01  1.22292426e+05 
 3.35679403e+14  1.18274820e+34  1.38191000e+01  5.27466121e-01  1.06316000e+01  5.00344379e-01  2.31706633e-01  1.00966073e-01  1.00759226e-01  1.18107955e+05 
 3.36952649e+14  1.19629199e+34  1.38121000e+01  5.31355571e-01  1.06476000e+01  5.04288311e-01  2.32551293e-01  1.00081230e-01  1.01240972e-01  1.14103000e+05 
 3.38225895e+14  1.21008923e+34  1.38051000e+01  5.35300148e-01  1.06646000e+01  5.08349955e-01  2.33404258e-01  9.89811946e-02  1.01724565e-01  1.10205988e+05 
 3.39499141e+14  1.22388647e+34  1.37981000e+01  5.39227106e-01  1.06806000e+01  5.12338849e-01  2.34254164e-01  9.80893629e-02  1.02205807e-01  1.06483377e+05 
 3.40772387e+14  1.23776718e+34  1.37921000e+01  5.43159840e-01  1.06966000e+01  5.16340568e-01  2.35070574e-01  9.71843261e-02  1.02648796e-01  1.02904879e+05 
 3.42045633e+14  1.25184895e+34  1.37861000e+01  5.47131658e-01  1.07136000e+01  5.20448978e-01  2.35892493e-01  9.60542508e-02  1.03092211e-01  9.94356534e+04 
 3.43318878e+14  1.26593071e+34  1.37801000e+01  5.51085498e-01  1.07296000e+01  5.24483597e-01  2.36711066e-01  9.51312217e-02  1.03532879e-01  9.61199655e+04 
 3.44592124e+14  1.28015094e+34  1.37741000e+01  5.55059867e-01  1.07456000e+01  5.28541943e-01  2.37532263e-01  9.42063145e-02  1.03972887e-01  9.29192087e+04 
 3.45865370e+14  1.29451980e+34  1.37681000e+01  5.59057642e-01  1.07616000e+01  5.32626180e-01  2.38356529e-01  9.32815799e-02  1.04412351e-01  8.98270980e+04 
 3.47138616e+14  1.30888866e+34  1.37621000e+01  5.63037101e-01  1.07776000e+01  5.36705301e-01  2.39177438e-01  9.23279019e-02  1.04849048e-01  8.68703055e+04 
 3.48411862e+14  1.32345092e+34  1.37571000e+01  5.67051460e-01  1.07926000e+01  5.40748571e-01  2.39968285e-01  9.16153053e-02  1.05247475e-01  8.40044266e+04 
 3.49685108e+14  1.33810944e+34  1.37511000e+01  5.71073937e-01  1.08086000e+01  5.44876484e-01  2.40794611e-01  9.06593631e-02  1.05682564e-01  8.12451085e+04 
 3.50958353e+14  1.35276796e+34  1.37461000e+01  5.75077774e-01  1.08246000e+01  5.48998904e-01  2.41582411e-01  8.96755328e-02  1.06076271e-01  7.86051866e+04 
 3.52231599e+14  1.36767472e+34  1.37411000e+01  5.79130485e-01  1.08396000e+01  5.53095398e-01  2.42376898e-01  8.89401309e-02  1.06470212e-01  7.60364561e+04 
 3.53504845e+14  1.38262544e+34  1.37361000e+01  5.83176420e-01  1.08556000e+01  5.57265966e-01  2.43169577e-01  8.79542655e-02  1.06861596e-01  7.35711381e+04 
 3.54778091e+14  1.39758436e+34  1.37321000e+01  5.87205626e-01  1.08706000e+01  5.61361027e-01  2.43923421e-01  8.71718931e-02  1.07210910e-01  7.12100204e+04 
 3.56051337e+14  1.41282980e+34  1.37271000e+01  5.91292847e-01  1.08856000e+01  5.65507687e-01  2.44720706e-01  8.64119448e-02  1.07599628e-01  6.89064717e+04 
 3.57324582e+14  1.42807524e+34  1.37231000e+01  5.95361029e-01  1.09006000e+01  5.69647988e-01  2.45478568e-01  8.56241406e-02  1.07945847e-01  6.67011687e+04 
 3.58597828e+14  1.44338087e+34  1.37181000e+01  5.99425946e-01  1.09156000e+01  5.73793761e-01  2.46270844e-01  8.48192379e-02  1.08328839e-01  6.45809754e+04 
 3.59871074e+14  1.45892353e+34  1.37141000e+01  6.03534503e-01  1.09306000e+01  5.77980436e-01  2.47032913e-01  8.40272465e-02  1.08671889e-01  6.25189449e+04 
 3.61144320e+14  1.47446620e+34  1.37101000e+01  6.07623729e-01  1.09456000e+01  5.82160418e-01  2.47791085e-01  8.32083965e-02  1.09011484e-01  6.05438616e+04 
 3.62417566e+14  1.49012081e+34  1.37061000e+01  6.11722763e-01  1.09606000e+01  5.86355717e-01  2.48549743e-01  8.23814253e-02  1.09348915e-01  5.86379975e+04 
 3.63690812e+14  1.50596319e+34  1.37031000e+01  6.15851459e-01  1.09756000e+01  5.90581422e-01  2.49275463e-01  8.15586577e-02  1.09644988e-01  5.67899426e+04 
 3.64964057e+14  1.52180557e+34  1.36991000e+01  6.19960550e-01  1.09906000e+01  5.94800084e-01  2.50033551e-01  8.07100752e-02  1.09977495e-01  5.50189263e+04 
 3.66237303e+14  1.53781139e+34  1.36951000e+01  6.24092105e-01  1.10046000e+01  5.98970608e-01  2.50794009e-01  8.00840068e-02  1.10308303e-01  5.33039237e+04 
 3.67510549e+14  1.55395595e+34  1.36921000e+01  6.28239762e-01  1.10196000e+01  6.03234150e-01  2.51519141e-01  7.92310595e-02  1.10596717e-01  5.16456593e+04 
 3.68783795e+14  1.57010052e+34  1.36891000e+01  6.32367560e-01  1.10336000e+01  6.07416860e-01  2.52240137e-01  7.85742719e-02  1.10881444e-01  5.00557325e+04 
 3.70057041e+14  1.58645967e+34  1.36851000e+01  6.36530051e-01  1.10476000e+01  6.11633510e-01  2.53002036e-01  7.79237436e-02  1.11205245e-01  4.85108593e+04 
 3.71330287e+14  1.60290887e+34  1.36821000e+01  6.40695516e-01  1.10626000e+01  6.15933737e-01  2.53726319e-01  7.70411261e-02  1.11485723e-01  4.70211249e+04 
 3.72603532e+14  1.61935807e+34  1.36791000e+01  6.44840879e-01  1.10766000e+01  6.20152230e-01  2.54446469e-01  7.63535910e-02  1.11762534e-01  4.55920832e+04 
 3.73876778e+14  1.63607265e+34  1.36761000e+01  6.49032736e-01  1.10906000e+01  6.24413824e-01  2.55172252e-01  7.56791226e-02  1.12038122e-01  4.41990083e+04 
 3.75150024e+14  1.65282891e+34  1.36741000e+01  6.53214874e-01  1.11046000e+01  6.28675315e-01  2.55858003e-01  7.49857248e-02  1.12269346e-01  4.28590959e+04 
 3.76423270e+14  1.66959143e+34  1.36711000e+01  6.57378225e-01  1.11186000e+01  6.32929643e-01  2.56577164e-01  7.42688491e-02  1.12537933e-01  4.15726820e+04 
 3.77696516e+14  1.68665718e+34  1.36681000e+01  6.61596337e-01  1.11326000e+01  6.37233571e-01  2.57303123e-01  7.35695438e-02  1.12805451e-01  4.03156573e+04 
 3.78969761e+14  1.70372294e+34  1.36661000e+01  6.65794028e-01  1.11456000e+01  6.41454057e-01  2.57987187e-01  7.30618468e-02  1.13027946e-01  3.91090901e+04 
 3.80243007e+14  1.72084243e+34  1.36631000e+01  6.69984300e-01  1.11596000e+01  6.45750894e-01  2.58706673e-01  7.23215260e-02  1.13288504e-01  3.79469893e+04 
 3.81516253e+14  1.73822006e+34  1.36611000e+01  6.74217083e-01  1.11736000e+01  6.50087957e-01  2.59393157e-01  7.15919731e-02  1.13505897e-01  3.68142872e+04 
 3.82789499e+14  1.75559769e+34  1.36591000e+01  6.78429230e-01  1.11866000e+01  6.54340745e-01  2.60075299e-01  7.10529408e-02  1.13719477e-01  3.57265352e+04 
 3.84062745e+14  1.77307605e+34  1.36571000e+01  6.82644896e-01  1.12006000e+01  6.58678857e-01  2.60756583e-01  7.02898438e-02  1.13930006e-01  3.46756577e+04 
 3.85335991e+14  1.79076794e+34  1.36541000e+01  6.86891258e-01  1.12136000e+01  6.62972214e-01  2.61479206e-01  6.97435535e-02  1.14180081e-01  3.36538052e+04 
 3.86609236e+14  1.80845982e+34  1.36521000e+01  6.91116776e-01  1.12266000e+01  6.67256176e-01  2.62159299e-01  6.91737719e-02  1.14384659e-01  3.26720430e+04 
 3.87882482e+14  1.82629888e+34  1.36511000e+01  6.95356323e-01  1.12396000e+01  6.71557925e-01  2.62801531e-01  6.85988202e-02  1.14544500e-01  3.17207774e+04 
 3.89155728e+14  1.84430738e+34  1.36491000e+01  6.99615186e-01  1.12536000e+01  6.75958048e-01  2.63483568e-01  6.78111612e-02  1.14743579e-01  3.07978721e+04 
 3.90428974e+14  1.86231588e+34  1.36471000e+01  7.03853012e-01  1.12666000e+01  6.80272256e-01  2.64161283e-01  6.72118471e-02  1.14938930e-01  2.99107658e+04 
 3.91702220e+14  1.88051738e+34  1.36451000e+01  7.08114943e-01  1.12786000e+01  6.84535359e-01  2.64841073e-01  6.68218777e-02  1.15131734e-01  2.90488031e+04 
 3.92975466e+14  1.89884483e+34  1.36441000e+01  7.12385251e-01  1.12916000e+01  6.88888454e-01  2.65481787e-01  6.62146977e-02  1.15279310e-01  2.82143220e+04 
 3.94248711e+14  1.91717228e+34  1.36421000e+01  7.16634345e-01  1.13046000e+01  6.93231639e-01  2.66157013e-01  6.55857706e-02  1.15465390e-01  2.74118444e+04 
 3.95521957e+14  1.93573793e+34  1.36411000e+01  7.20917168e-01  1.13176000e+01  6.97608120e-01  2.66796524e-01  6.49620576e-02  1.15606701e-01  2.66300211e+04 
 3.96795203e+14  1.95438665e+34  1.36391000e+01  7.25197886e-01  1.13306000e+01  7.01989683e-01  2.67473445e-01  6.43263154e-02  1.15787102e-01  2.58746500e+04 
 3.98068449e+14  1.97303537e+34  1.36381000e+01  7.29457216e-01  1.13426000e+01  7.06283428e-01  2.68106746e-01  6.38754777e-02  1.15921366e-01  2.51479216e+04 
 3.99341695e+14  1.99196678e+34  1.36361000e+01  7.33759472e-01  1.13556000e+01  7.10695282e-01  2.68783940e-01  6.32278435e-02  1.16095808e-01  2.44380868e+04 
 4.00614940e+14  2.01093907e+34  1.36351000e+01  7.38049577e-01  1.13676000e+01  7.15026232e-01  2.69418615e-01  6.27686541e-02  1.16224197e-01  2.37535702e+04 
 4.01888186e+14  2.02991194e+34  1.36341000e+01  7.42318262e-01  1.13796000e+01  7.19346532e-01  2.70048833e-01  6.22881538e-02  1.16348900e-01  2.30946993e+04 
 4.03161432e+14  2.04921008e+34  1.36331000e+01  7.46638367e-01  1.13926000e+01  7.23792279e-01  2.70684664e-01  6.16166033e-02  1.16471295e-01  2.24496135e+04 
 4.04434678e+14  2.06850822e+34  1.36321000e+01  7.50936853e-01  1.14046000e+01  7.28149022e-01  2.71316026e-01  6.11280510e-02  1.16590016e-01  2.18286293e+04 
 4.05707924e+14  2.08784762e+34  1.36311000e+01  7.55222773e-01  1.14166000e+01  7.32502049e-01  2.71944187e-01  6.06230156e-02  1.16705270e-01  2.12294127e+04 
 4.06981170e+14  2.10747387e+34  1.36301000e+01  7.59550424e-01  1.14286000e+01  7.36894587e-01  2.72576593e-01  6.01259078e-02  1.16817952e-01  2.06438229e+04 
 4.08254415e+14  2.12710012e+34  1.36291000e+01  7.63856314e-01  1.14406000e+01  7.41276054e-01  2.73204554e-01  5.96085894e-02  1.16927035e-01  2.00798674e+04 
 4.09527661e+14  2.14680749e+34  1.36281000e+01  7.68158056e-01  1.14526000e+01  7.45660450e-01  2.73830491e-01  5.90791637e-02  1.17032820e-01  1.95343812e+04 
 4.10800907e+14  2.16676409e+34  1.36271000e+01  7.72492278e-01  1.14646000e+01  7.50077043e-01  2.74459384e-01  5.85536714e-02  1.17135825e-01  1.90022314e+04 
 4.12074153e+14  2.18672069e+34  1.36261000e+01  7.76804600e-01  1.14756000e+01  7.54402843e-01  2.75083857e-01  5.82079559e-02  1.17235303e-01  1.84895229e+04 
 4.13347399e+14  2.20679739e+34  1.36261000e+01  7.81120764e-01  1.14876000e+01  7.58817269e-01  2.75666933e-01  5.76542471e-02  1.17288563e-01  1.79924786e+04 
 4.14620645e+14  2.22708657e+34  1.36251000e+01  7.85460595e-01  1.14996000e+01  7.63256870e-01  2.76292138e-01  5.71009050e-02  1.17381899e-01  1.75083811e+04 
 4.15893890e+14  2.24737574e+34  1.36241000e+01  7.89778402e-01  1.15106000e+01  7.67604987e-01  2.76912947e-01  5.67263210e-02  1.17471784e-01  1.70417736e+04 
 4.17167136e+14  2.26782307e+34  1.36241000e+01  7.94107617e-01  1.15226000e+01  7.72048249e-01  2.77493115e-01  5.61491373e-02  1.17515457e-01  1.65884451e+04 
 4.18440382e+14  2.28844702e+34  1.36231000e+01  7.98452120e-01  1.15336000e+01  7.76429683e-01  2.78114556e-01  5.57653922e-02  1.17599188e-01  1.61476019e+04 
 4.19713628e+14  2.30907096e+34  1.36231000e+01  8.02774481e-01  1.15446000e+01  7.80799079e-01  2.78690702e-01  5.53625066e-02  1.17636359e-01  1.57225102e+04 
 4.20986874e+14  2.32989014e+34  1.36221000e+01  8.07115381e-01  1.15566000e+01  7.85269848e-01  2.79308737e-01  5.47620069e-02  1.17713670e-01  1.53086707e+04 
 4.22260119e+14  2.35085104e+34  1.36221000e+01  8.11463632e-01  1.15676000e+01  7.89671908e-01  2.79885238e-01  5.43503337e-02  1.17744639e-01  1.49068039e+04 
 4.23533365e+14  2.37181194e+34  1.36221000e+01  8.15789635e-01  1.15786000e+01  7.94061738e-01  2.80457222e-01  5.39202491e-02  1.17772276e-01  1.45191386e+04 
 4.24806611e+14  2.39300414e+34  1.36211000e+01  8.20140883e-01  1.15896000e+01  7.98477769e-01  2.81072239e-01  5.34906526e-02  1.17840136e-01  1.41410030e+04 
 4.26079857e+14  2.41430415e+34  1.36211000e+01  8.24491981e-01  1.16006000e+01  8.02899432e-01  2.81644484e-01  5.30516407e-02  1.17861585e-01  1.37742951e+04 
 4.27353103e+14  2.43560416e+34  1.36211000e+01  8.28820726e-01  1.16116000e+01  8.07308681e-01  2.82212240e-01  5.25948931e-02  1.17879789e-01  1.34204050e+04 
 4.28626349e+14  2.45717046e+34  1.36201000e+01  8.33181010e-01  1.16226000e+01  8.11749266e-01  2.82824108e-01  5.21412546e-02  1.17938265e-01  1.30745810e+04 
 4.29899594e+14  2.47881172e+34  1.36201000e+01  8.37534058e-01  1.16326000e+01  8.16108002e-01  2.83392033e-01  5.18672575e-02  1.17950300e-01  1.27396216e+04 
 4.31172840e+14  2.50045298e+34  1.36201000e+01  8.41864673e-01  1.16436000e+01  8.20535690e-01  2.83955505e-01  5.13843469e-02  1.17959184e-01  1.24162427e+04 
 4.32446086e+14  2.52239440e+34  1.36201000e+01  8.46232689e-01  1.16546000e+01  8.24999534e-01  2.84522303e-01  5.09068410e-02  1.17965032e-01  1.20996877e+04 
 4.33719332e+14  2.54437903e+34  1.36201000e+01  8.50586825e-01  1.16646000e+01  8.29375602e-01  2.85085774e-01  5.06054356e-02  1.17967773e-01  1.17934259e+04 
 4.34992578e+14  2.56636366e+34  1.36191000e+01  8.54918444e-01  1.16756000e+01  8.33820877e-01  2.85686778e-01  5.00974543e-02  1.18010773e-01  1.14976383e+04 
 4.36265824e+14  2.58868116e+34  1.36191000e+01  8.59292912e-01  1.16856000e+01  8.38224423e-01  2.86249918e-01  4.97854492e-02  1.18007376e-01  1.12076209e+04 
 4.37539069e+14  2.61101126e+34  1.36191000e+01  8.63647288e-01  1.16956000e+01  8.42616830e-01  2.86808967e-01  4.94572184e-02  1.18000956e-01  1.09273256e+04 
 4.38812315e+14  2.63335818e+34  1.36191000e+01  8.67982320e-01  1.17066000e+01  8.47081415e-01  2.87364042e-01  4.89257064e-02  1.17991557e-01  1.06563128e+04 
 4.40085561e+14  2.65603582e+34  1.36191000e+01  8.72358737e-01  1.17166000e+01  8.51502692e-01  2.87922915e-01  4.85881306e-02  1.17979041e-01  1.03905781e+04 
 4.41358807e+14  2.67871346e+34  1.36191000e+01  8.76712511e-01  1.17266000e+01  8.55910656e-01  2.88477411e-01  4.82340369e-02  1.17963595e-01  1.01338017e+04 
 4.42632053e+14  2.70143609e+34  1.36191000e+01  8.81052198e-01  1.17366000e+01  8.60312291e-01  2.89028639e-01  4.78666886e-02  1.17945235e-01  9.88513552e+03 
 4.43905299e+14  2.72446334e+34  1.36191000e+01  8.85427263e-01  1.17466000e+01  8.64748310e-01  2.89582882e-01  4.75031767e-02  1.17923746e-01  9.64155852e+03 
 4.45178544e+14  2.74749058e+34  1.36201000e+01  8.89779619e-01  1.17566000e+01  8.69170872e-01  2.90090175e-01  4.71237201e-02  1.17903833e-01  9.40991100e+03 
 4.46451790e+14  2.77058969e+34  1.36201000e+01  8.94122746e-01  1.17666000e+01  8.73591039e-01  2.90637374e-01  4.67331937e-02  1.17828962e-01  9.17774942e+03 
 4.47725036e+14  2.79396857e+34  1.36201000e+01  8.98495652e-01  1.17766000e+01  8.78041014e-01  2.91186867e-01  4.63447266e-02  1.17798666e-01  8.95427303e+03 
 4.48998282e+14  2.81734745e+34  1.36201000e+01  9.02845790e-01  1.17856000e+01  8.82393515e-01  2.91732053e-01  4.61244208e-02  1.17765629e-01  8.73817083e+03 
 4.50271528e+14  2.84082375e+34  1.36201000e+01  9.07191170e-01  1.17956000e+01  8.86830991e-01  2.92275208e-01  4.57109663e-02  1.17729756e-01  8.52829138e+03 
 4.51544773e+14  2.86455628e+34  1.36201000e+01  9.11561123e-01  1.18056000e+01  8.91293993e-01  2.92819995e-01  4.52980111e-02  1.17690800e-01  8.32306723e+03 
 4.52818019e+14  2.88828881e+34  1.36211000e+01  9.15908262e-01  1.18146000e+01  8.95658975e-01  2.93317434e-01  4.50522809e-02  1.17653779e-01  8.12784259e+03 
 4.54091265e+14  2.91214292e+34  1.36211000e+01  9.20254719e-01  1.18246000e+01  9.00112657e-01  2.93856370e-01  4.46166694e-02  1.17561616e-01  7.93148611e+03 
 4.55364511e+14  2.93623109e+34  1.36211000e+01  9.24620949e-01  1.18336000e+01  9.04503372e-01  2.94396340e-01  4.43611890e-02  1.17514185e-01  7.74285160e+03 
 4.56637757e+14  2.96031927e+34  1.36211000e+01  9.28964323e-01  1.18436000e+01  9.08964587e-01  2.94932079e-01  4.39100598e-02  1.17464208e-01  7.56031106e+03 
 4.57911003e+14  2.98455175e+34  1.36221000e+01  9.33310717e-01  1.18526000e+01  9.13348625e-01  2.95423407e-01  4.36330124e-02  1.17416103e-01  7.38558834e+03 
 4.59184248e+14  3.00899754e+34  1.36221000e+01  9.37672466e-01  1.18616000e+01  9.17750280e-01  2.95958531e-01  4.33530031e-02  1.17312593e-01  7.20904137e+03 
 4.60457494e+14  3.03344333e+34  1.36221000e+01  9.42011327e-01  1.18706000e+01  9.22137641e-01  2.96489464e-01  4.30584234e-02  1.17254412e-01  7.04104740e+03 
 4.61730740e+14  3.05805467e+34  1.36221000e+01  9.46356530e-01  1.18796000e+01  9.26535092e-01  2.97019792e-01  4.27583196e-02  1.17193416e-01  6.87730047e+03 
 4.63003986e+14  3.08286003e+34  1.36231000e+01  9.50713064e-01  1.18886000e+01  9.30946808e-01  2.97506438e-01  4.24542257e-02  1.17134333e-01  6.72024339e+03 
 4.64277232e+14  3.10766539e+34  1.36231000e+01  9.55046679e-01  1.18976000e+01  9.35344119e-01  2.98032539e-01  4.21360967e-02  1.17020348e-01  6.56275960e+03 
 4.65550478e+14  3.13265603e+34  1.36231000e+01  9.59389589e-01  1.19066000e+01  9.39753969e-01  2.98558407e-01  4.18136196e-02  1.16951321e-01  6.41177434e+03 
 4.66823723e+14  3.15782289e+34  1.36241000e+01  9.63740182e-01  1.19156000e+01  9.44175012e-01  2.99039937e-01  4.14863563e-02  1.16884375e-01  6.26706381e+03 
 4.68096969e+14  3.18298974e+34  1.36241000e+01  9.68067843e-01  1.19246000e+01  9.48581535e-01  2.99561188e-01  4.11455956e-02  1.16762567e-01  6.12184258e+03 
 4.69370215e+14  3.20836003e+34  1.36241000e+01  9.72407385e-01  1.19336000e+01  9.53002747e-01  3.00082526e-01  4.08015091e-02  1.16685689e-01  5.98251569e+03 
 4.70643461e+14  3.23389029e+34  1.36251000e+01  9.76751333e-01  1.19416000e+01  9.57346277e-01  3.00558923e-01  4.06273506e-02  1.16563330e-01  5.84667232e+03 
 4.71916707e+14  3.25942055e+34  1.36251000e+01  9.81072338e-01  1.19506000e+01  9.61761160e-01  3.01075304e-01  4.02643668e-02  1.16481628e-01  5.71503837e+03 
 4.73189952e+14  3.28517078e+34  1.36261000e+01  9.85407451e-01  1.19596000e+01  9.66192595e-01  3.01547771e-01  3.98989015e-02  1.16402079e-01  5.58866101e+03 
 4.74463198e+14  3.31106633e+34  1.36261000e+01  9.89744071e-01  1.19676000e+01  9.70543516e-01  3.02063295e-01  3.97015154e-02  1.16267270e-01  5.46096220e+03 
 4.75736444e+14  3.33696188e+34  1.36261000e+01  9.94057738e-01  1.19766000e+01  9.74966025e-01  3.02574787e-01  3.93171899e-02  1.16178101e-01  5.33940005e+03 
 4.77009690e+14  3.36309227e+34  1.36271000e+01  9.98387401e-01  1.19846000e+01  9.79319998e-01  3.03042381e-01  3.91041802e-02  1.16043490e-01  5.22048575e+03 
 4.78282936e+14  3.38935498e+34  1.36271000e+01  1.00271602e+00  1.19926000e+01  9.83677456e-01  3.03552965e-01  3.88840207e-02  1.15949016e-01  5.10461381e+03 
 4.79556182e+14  3.41561768e+34  1.36281000e+01  1.00702168e+00  1.20016000e+01  9.88106789e-01  3.04014928e-01  3.84786742e-02  1.15857694e-01  4.99431241e+03 
 4.80829427e+14  3.44212840e+34  1.36281000e+01  1.01134488e+00  1.20096000e+01  9.92468525e-01  3.04522219e-01  3.82439760e-02  1.15710800e-01  4.88227710e+03 
 4.82102673e+14  3.46876011e+34  1.36291000e+01  1.01566485e+00  1.20176000e+01  9.96831859e-01  3.04983085e-01  3.80018206e-02  1.15614323e-01  4.77709406e+03 
 4.83375919e+14  3.49539181e+34  1.36291000e+01  1.01996186e+00  1.20256000e+01  1.00118002e+00  3.05484689e-01  3.77472519e-02  1.15463255e-01  4.67119927e+03 
 4.84649165e+14  3.52228294e+34  1.36291000e+01  1.02427762e+00  1.20336000e+01  1.00554842e+00  3.05987211e-01  3.74911578e-02  1.15356899e-01  4.56940268e+03 
 4.85922411e+14  3.54928547e+34  1.36301000e+01  1.02858829e+00  1.20416000e+01  1.00991682e+00  3.06442903e-01  3.72274367e-02  1.15205999e-01  4.47023960e+03 
 4.87195657e+14  3.57628799e+34  1.36301000e+01  1.03287602e+00  1.20496000e+01  1.01426997e+00  3.06939587e-01  3.69517567e-02  1.15095625e-01  4.37402666e+03 
 4.88468902e+14  3.60355956e+34  1.36311000e+01  1.03718337e+00  1.20576000e+01  1.01864411e+00  3.07392179e-01  3.66749220e-02  1.14987675e-01  4.28150515e+03 
 4.89742148e+14  3.63093470e+34  1.36311000e+01  1.04148413e+00  1.20656000e+01  1.02301691e+00  3.07887806e-01  3.63904549e-02  1.14824844e-01  4.18789209e+03 
 4.91015394e+14  3.65830985e+34  1.36321000e+01  1.04576197e+00  1.20726000e+01  1.02728637e+00  3.08334315e-01  3.62628609e-02  1.14713119e-01  4.10044576e+03 
 4.92288640e+14  3.68596181e+34  1.36321000e+01  1.05005997e+00  1.20806000e+01  1.03166521e+00  3.08827086e-01  3.59655940e-02  1.14545837e-01  4.01135402e+03 
 4.93561886e+14  3.71371135e+34  1.36331000e+01  1.05435022e+00  1.20886000e+01  1.03604164e+00  3.09272360e-01  3.56607072e-02  1.14429270e-01  3.92784329e+03 
 4.94835131e+14  3.74146090e+34  1.36331000e+01  1.05861755e+00  1.20956000e+01  1.04031434e+00  3.09759111e-01  3.55119067e-02  1.14258417e-01  3.84356501e+03 
 4.96108377e+14  3.76949314e+34  1.36341000e+01  1.06290530e+00  1.21036000e+01  1.04469694e+00  3.10201464e-01  3.51948642e-02  1.14137492e-01  3.76405722e+03 
 4.97381623e+14  3.79761884e+34  1.36341000e+01  1.06718444e+00  1.21106000e+01  1.04898780e+00  3.10687073e-01  3.50367351e-02  1.13961929e-01  3.68352077e+03 
 4.98654869e+14  3.82574455e+34  1.36351000e+01  1.07144070e+00  1.21186000e+01  1.05335165e+00  3.11123246e-01  3.47011012e-02  1.13837600e-01  3.60832001e+03 
 4.99928115e+14  3.85415690e+34  1.36351000e+01  1.07571730e+00  1.21256000e+01  1.05764836e+00  3.11606100e-01  3.45305361e-02  1.13657818e-01  3.53157603e+03 
 5.01201361e+14  3.88266049e+34  1.36351000e+01  1.07998476e+00  1.21326000e+01  1.06194112e+00  3.12086734e-01  3.43519228e-02  1.13523350e-01  3.45825548e+03 
 5.02474606e+14  3.91116408e+34  1.36361000e+01  1.08422938e+00  1.21406000e+01  1.06630717e+00  3.12517772e-01  3.39973752e-02  1.13345884e-01  3.38703097e+03 
 5.03747852e+14  3.93995631e+34  1.36361000e+01  1.08849397e+00  1.21476000e+01  1.07060544e+00  3.12995652e-01  3.38067727e-02  1.13207253e-01  3.31713681e+03 
 5.05021098e+14  3.96883950e+34  1.36371000e+01  1.09274919e+00  1.21546000e+01  1.07489953e+00  3.13425333e-01  3.36083422e-02  1.13072383e-01  3.25036833e+03 
 5.06294344e+14  3.99772270e+34  1.36371000e+01  1.09698161e+00  1.21616000e+01  1.07917782e+00  3.13897215e-01  3.33992567e-02  1.12883609e-01  3.18282430e+03 
 5.07567590e+14  4.02689449e+34  1.36381000e+01  1.10123335e+00  1.21686000e+01  1.08347667e+00  3.14323985e-01  3.31888957e-02  1.12744754e-01  3.11915747e+03 
 5.08840836e+14  4.05615898e+34  1.36381000e+01  1.10547579e+00  1.21756000e+01  1.08777137e+00  3.14794602e-01  3.29710334e-02  1.12551618e-01  3.05452222e+03 
 5.10114081e+14  4.08542347e+34  1.36391000e+01  1.10969548e+00  1.21826000e+01  1.09205021e+00  3.15215322e-01  3.27428804e-02  1.12409845e-01  2.99420977e+03 
 5.11387327e+14  4.11497446e+34  1.36391000e+01  1.11393355e+00  1.21896000e+01  1.09634882e+00  3.15683097e-01  3.25134123e-02  1.12212913e-01  2.93253610e+03 
 5.12660573e+14  4.14462192e+34  1.36401000e+01  1.11816269e+00  1.21966000e+01  1.10064353e+00  3.16102390e-01  3.22768017e-02  1.12066851e-01  2.87480459e+03 
 5.13933819e+14  4.17426937e+34  1.36401000e+01  1.12236911e+00  1.22036000e+01  1.10492233e+00  3.16564348e-01  3.20303133e-02  1.11867187e-01  2.81630919e+03 
 5.15207065e+14  4.20419912e+34  1.36401000e+01  1.12659272e+00  1.22106000e+01  1.10921985e+00  3.17027067e-01  3.17823882e-02  1.11711692e-01  2.76006985e+03 
 5.16480311e+14  4.23423119e+34  1.36411000e+01  1.13080805e+00  1.22166000e+01  1.11342387e+00  3.17441206e-01  3.16882875e-02  1.11560303e-01  2.70632882e+03 
 5.17753556e+14  4.26426326e+34  1.36411000e+01  1.13500071e+00  1.22236000e+01  1.11770197e+00  3.17898246e-01  3.14237355e-02  1.11355460e-01  2.65183312e+03 
 5.19026802e+14  4.29457128e+34  1.36421000e+01  1.13920909e+00  1.22296000e+01  1.12190717e+00  3.18309212e-01  3.13174140e-02  1.11200553e-01  2.60054435e+03 
 5.20300048e+14  4.32498958e+34  1.36421000e+01  1.14341011e+00  1.22366000e+01  1.12619999e+00  3.18764884e-01  3.10446118e-02  1.10991705e-01  2.54832555e+03 
 5.21573294e+14  4.35540788e+34  1.36431000e+01  1.14758851e+00  1.22436000e+01  1.13047679e+00  3.19170211e-01  3.07626590e-02  1.10834249e-01  2.49963567e+03 
 5.22846540e+14  4.38609362e+34  1.36431000e+01  1.15178091e+00  1.22496000e+01  1.13467895e+00  3.19622695e-01  3.06376107e-02  1.10622125e-01  2.44977566e+03 
 5.24119785e+14  4.41689976e+34  1.36431000e+01  1.15596714e+00  1.22556000e+01  1.13887924e+00  3.20073425e-01  3.05061231e-02  1.10454839e-01  2.40209949e+03 
 5.25393031e+14  4.44770590e+34  1.36441000e+01  1.16013082e+00  1.22626000e+01  1.14315414e+00  3.20473662e-01  3.02070131e-02  1.10292523e-01  2.35669894e+03 
 5.26666277e+14  4.47876872e+34  1.36441000e+01  1.16430650e+00  1.22686000e+01  1.14735235e+00  3.20921034e-01  3.00635149e-02  1.10075737e-01  2.31019078e+03 
 5.27939523e+14  4.50996428e+34  1.36451000e+01  1.16847748e+00  1.22746000e+01  1.15154993e+00  3.21319724e-01  2.99140956e-02  1.09909588e-01  2.26665717e+03 
 5.29212769e+14  4.54115984e+34  1.36451000e+01  1.17262597e+00  1.22806000e+01  1.15573127e+00  3.21761994e-01  2.97554919e-02  1.09736663e-01  2.22334166e+03 
 5.30486015e+14  4.57259907e+34  1.36451000e+01  1.17678424e+00  1.22876000e+01  1.16001586e+00  3.22204243e-01  2.94371926e-02  1.09515428e-01  2.17993271e+03 
 5.31759260e+14  4.60418561e+34  1.36461000e+01  1.18093952e+00  1.22936000e+01  1.16421021e+00  3.22597831e-01  2.92704722e-02  1.09344724e-01  2.13929500e+03 
 5.33032506e+14  4.63577215e+34  1.36461000e+01  1.18507236e+00  1.22996000e+01  1.16838830e+00  3.23035217e-01  2.90948750e-02  1.09121249e-01  2.09795470e+03 
 5.34305752e+14  4.66758703e+34  1.36471000e+01  1.18921255e+00  1.23056000e+01  1.17257629e+00  3.23424926e-01  2.89159389e-02  1.08947819e-01  2.05916608e+03 
 5.35578998e+14  4.69956609e+34  1.36471000e+01  1.19335169e+00  1.23116000e+01  1.17676677e+00  3.23860833e-01  2.87322293e-02  1.08766712e-01  2.02033782e+03 
 5.36852244e+14  4.73154515e+34  1.36471000e+01  1.19746846e+00  1.23176000e+01  1.18094099e+00  3.24293354e-01  2.85399571e-02  1.08539050e-01  1.98169059e+03 
 5.38125490e+14  4.76373488e+34  1.36481000e+01  1.20158990e+00  1.23236000e+01  1.18512272e+00  3.24677745e-01  2.83440346e-02  1.08361484e-01  1.94546289e+03 
 5.39398735e+14  4.79610797e+34  1.36481000e+01  1.20571248e+00  1.23286000e+01  1.18921706e+00  3.25108757e-01  2.82981147e-02  1.08176138e-01  1.90915882e+03 
 5.40671981e+14  4.82848106e+34  1.36481000e+01  1.20981276e+00  1.23346000e+01  1.19338683e+00  3.25536425e-01  2.80893738e-02  1.07944479e-01  1.87300522e+03 
 5.41945227e+14  4.86104477e+34  1.36491000e+01  1.21391482e+00  1.23406000e+01  1.19756154e+00  3.25915496e-01  2.78766614e-02  1.07762975e-01  1.83914916e+03 
 5.43218473e+14  4.89381338e+34  1.36491000e+01  1.21802043e+00  1.23466000e+01  1.20174273e+00  3.26341632e-01  2.76603658e-02  1.07573577e-01  1.80518286e+03 
 5.44491719e+14  4.92658199e+34  1.36491000e+01  1.22210382e+00  1.23516000e+01  1.20581550e+00  3.26764459e-01  2.75889770e-02  1.07338108e-01  1.77133983e+03 
 5.45764964e+14  4.95951875e+34  1.36491000e+01  1.22618590e+00  1.23576000e+01  1.20998249e+00  3.27186155e-01  2.73600791e-02  1.07146679e-01  1.73894398e+03 
 5.47038210e+14  4.99268436e+34  1.36501000e+01  1.23027413e+00  1.23626000e+01  1.21406597e+00  3.27559483e-01  2.72803772e-02  1.06959593e-01  1.70788186e+03 
 5.48311456e+14  5.02584997e+34  1.36501000e+01  1.23434024e+00  1.23686000e+01  1.21822537e+00  3.27977489e-01  2.70404671e-02  1.06765824e-01  1.67689306e+03 
 5.49584702e+14  5.05915878e+34  1.36501000e+01  1.23840173e+00  1.23736000e+01  1.22229150e+00  3.28394038e-01  2.69474907e-02  1.06525477e-01  1.64586149e+03 
 5.50857948e+14  5.09272284e+34  1.36511000e+01  1.24247222e+00  1.23796000e+01  1.22646131e+00  3.28762350e-01  2.67001746e-02  1.06334749e-01  1.61677054e+03 
 5.52131194e+14  5.12628690e+34  1.36511000e+01  1.24652067e+00  1.23846000e+01  1.23052220e+00  3.29175552e-01  2.65964436e-02  1.06137355e-01  1.58773295e+03 
 5.53404439e+14  5.15996672e+34  1.36511000e+01  1.25056102e+00  1.23896000e+01  1.23457895e+00  3.29586959e-01  2.64870924e-02  1.05938874e-01  1.55932823e+03 
 5.54677685e+14  5.19393065e+34  1.36511000e+01  1.25461340e+00  1.23956000e+01  1.23874235e+00  3.29998623e-01  2.62249356e-02  1.05693301e-01  1.53075074e+03 
 5.55950931e+14  5.22789458e+34  1.36521000e+01  1.25864382e+00  1.24006000e+01  1.24279657e+00  3.30358688e-01  2.61056676e-02  1.05498753e-01  1.50417641e+03 
 5.57224177e+14  5.26194429e+34  1.36521000e+01  1.26266247e+00  1.24056000e+01  1.24684336e+00  3.30764955e-01  2.59804088e-02  1.05297059e-01  1.47756151e+03 
 5.58497423e+14  5.29630950e+34  1.36521000e+01  1.26669639e+00  1.24106000e+01  1.25090682e+00  3.31171813e-01  2.58533768e-02  1.05093167e-01  1.45136788e+03 
 5.59770669e+14  5.33067471e+34  1.36521000e+01  1.27070843e+00  1.24166000e+01  1.25504694e+00  3.31575517e-01  2.55697842e-02  1.04844200e-01  1.42521551e+03 
 5.61043914e+14  5.36509316e+34  1.36521000e+01  1.27470485e+00  1.24216000e+01  1.25908314e+00  3.31976712e-01  2.54291649e-02  1.04639465e-01  1.40027391e+03 
 5.62317160e+14  5.39986103e+34  1.36531000e+01  1.27871997e+00  1.24266000e+01  1.26313908e+00  3.32330147e-01  2.52873469e-02  1.04438775e-01  1.37628783e+03 
 5.63590406e+14  5.43462889e+34  1.36531000e+01  1.28271330e+00  1.24316000e+01  1.26717858e+00  3.32729104e-01  2.51383585e-02  1.04231468e-01  1.35230793e+03 
 5.64863652e+14  5.46941485e+34  1.36531000e+01  1.28668700e+00  1.24366000e+01  1.27120350e+00  3.33125174e-01  2.49826141e-02  1.04023834e-01  1.32890220e+03 
 5.66136898e+14  5.50458674e+34  1.36531000e+01  1.29068298e+00  1.24406000e+01  1.27515791e+00  3.33522536e-01  2.49738454e-02  1.03813690e-01  1.30581438e+03 
 5.67410143e+14  5.53975863e+34  1.36531000e+01  1.29465728e+00  1.24456000e+01  1.27918932e+00  3.33916820e-01  2.48102616e-02  1.03558979e-01  1.28273933e+03 
 5.68683389e+14  5.57493052e+34  1.36531000e+01  1.29860998e+00  1.24506000e+01  1.28320432e+00  3.34308054e-01  2.46398853e-02  1.03348554e-01  1.26076882e+03 
 5.69956635e+14  5.61048806e+34  1.36531000e+01  1.30258430e+00  1.24556000e+01  1.28724171e+00  3.34700512e-01  2.44689143e-02  1.03135676e-01  1.23909456e+03 
 5.71229881e+14  5.64606531e+34  1.36541000e+01  1.30653925e+00  1.24606000e+01  1.29126466e+00  3.35041057e-01  2.42915495e-02  1.02929037e-01  1.21845469e+03 
 5.72503127e+14  5.68164256e+34  1.36541000e+01  1.31047270e+00  1.24646000e+01  1.29517739e+00  3.35427620e-01  2.42537310e-02  1.02715824e-01  1.19779154e+03 
 5.73776373e+14  5.71756630e+34  1.36541000e+01  1.31442285e+00  1.24696000e+01  1.29920188e+00  3.35814921e-01  2.40682955e-02  1.02500446e-01  1.17742711e+03 
 5.75049618e+14  5.75355023e+34  1.36541000e+01  1.31835815e+00  1.24746000e+01  1.30321593e+00  3.36199870e-01  2.38773550e-02  1.02284635e-01  1.15751637e+03 
 5.76322864e+14  5.78953416e+34  1.36541000e+01  1.32227205e+00  1.24786000e+01  1.30711957e+00  3.36581839e-01  2.38252804e-02  1.02068775e-01  1.13807949e+03 
 5.77596110e+14  5.82582267e+34  1.36541000e+01  1.32619759e+00  1.24836000e+01  1.31113061e+00  3.36964055e-01  2.36258981e-02  1.01851058e-01  1.11894348e+03 
 5.78869356e+14  5.86221458e+34  1.36541000e+01  1.33011295e+00  1.24876000e+01  1.31504119e+00  3.37344397e-01  2.35664457e-02  1.01632701e-01  1.10020759e+03 
 5.80142602e+14  5.89860649e+34  1.36541000e+01  1.33400702e+00  1.24926000e+01  1.31902955e+00  3.37721796e-01  2.33559757e-02  1.01414350e-01  1.08191368e+03 
 5.81415848e+14  5.93525831e+34  1.36541000e+01  1.33790753e+00  1.24966000e+01  1.32293230e+00  3.38098942e-01  2.32871614e-02  1.01150817e-01  1.06346371e+03 
 5.82689093e+14  5.97205946e+34  1.36541000e+01  1.34180269e+00  1.25016000e+01  1.32692732e+00  3.38474700e-01  2.30701245e-02  1.00930136e-01  1.04583061e+03 
 5.83962339e+14  6.00886062e+34  1.36541000e+01  1.34567666e+00  1.25056000e+01  1.33081161e+00  3.38847552e-01  2.29906794e-02  1.00709512e-01  1.02860984e+03 
 5.85235585e+14  6.04587421e+34  1.36541000e+01  1.34955174e+00  1.25096000e+01  1.33469962e+00  3.39219645e-01  2.29077175e-02  1.00487687e-01  1.01169341e+03 
 5.86508831e+14  6.08308587e+34  1.36541000e+01  1.35342642e+00  1.25146000e+01  1.33868454e+00  3.39590840e-01  2.26781561e-02  1.00264761e-01  9.95081957e+02 
 5.87782077e+14  6.12029753e+34  1.36541000e+01  1.35728002e+00  1.25186000e+01  1.34255856e+00  3.39959164e-01  2.25855644e-02  1.00041943e-01  9.78855561e+02 
 5.89055323e+14  6.15767131e+34  1.36541000e+01  1.36112931e+00  1.25226000e+01  1.34643136e+00  3.40326224e-01  2.24889088e-02  9.98182770e-02  9.62934885e+02 
 5.90328568e+14  6.19529470e+34  1.36541000e+01  1.36498325e+00  1.25266000e+01  1.35031108e+00  3.40692879e-01  2.23893286e-02  9.95932530e-02  9.47277181e+02 
 5.91601814e+14  6.23291809e+34  1.36541000e+01  1.36881624e+00  1.25306000e+01  1.35417442e+00  3.41056701e-01  2.22837823e-02  9.94114710e-02  9.32383392e+02 
 5.92875060e+14  6.27065042e+34  1.36541000e+01  1.37263937e+00  1.25346000e+01  1.35803145e+00  3.41418747e-01  2.21736527e-02  9.91860520e-02  9.17386044e+02 
 5.94148306e+14  6.30868675e+34  1.36541000e+01  1.37647235e+00  1.25386000e+01  1.36190012e+00  3.41780889e-01  2.20613263e-02  9.89590006e-02  9.02613067e+02 
 5.95421552e+14  6.34672307e+34  1.36541000e+01  1.38028448e+00  1.25426000e+01  1.36575246e+00  3.42140230e-01  2.19432062e-02  9.87321499e-02  8.88176642e+02 
 5.96694797e+14  6.38481226e+34  1.36541000e+01  1.38408110e+00  1.25466000e+01  1.36959331e+00  3.42497283e-01  2.18200058e-02  9.85052023e-02  8.74047928e+02 
 5.97968043e+14  6.42326272e+34  1.36541000e+01  1.38789289e+00  1.25506000e+01  1.37345061e+00  3.42854936e-01  2.16953166e-02  9.82763329e-02  8.60107953e+02 
 5.99241289e+14  6.46171317e+34  1.36541000e+01  1.39168394e+00  1.25546000e+01  1.37729163e+00  3.43209820e-01  2.15650390e-02  9.80477084e-02  8.46482829e+02 
 6.00514535e+14  6.50016363e+34  1.36541000e+01  1.39545433e+00  1.25586000e+01  1.38111640e+00  3.43561958e-01  2.14292759e-02  9.78193458e-02  8.33163792e+02 
 6.01787781e+14  6.53902322e+34  1.36531000e+01  1.39924411e+00  1.25626000e+01  1.38496147e+00  3.43965479e-01  2.12926006e-02  9.75820575e-02  8.19647795e+02 
 6.03061027e+14  6.57788897e+34  1.36531000e+01  1.40301386e+00  1.25666000e+01  1.38879082e+00  3.44315986e-01  2.11506066e-02  9.73517852e-02  8.06786932e+02 
 6.04334272e+14  6.61675472e+34  1.36531000e+01  1.40676307e+00  1.25696000e+01  1.39250853e+00  3.44663778e-01  2.11425416e-02  9.71641901e-02  7.94559048e+02 
 6.05607518e+14  6.65596877e+34  1.36531000e+01  1.41052528e+00  1.25736000e+01  1.39633611e+00  3.45011974e-01  2.09933800e-02  9.69324079e-02  7.82148779e+02 
 6.06880764e+14  6.69525095e+34  1.36531000e+01  1.41427351e+00  1.25776000e+01  1.40015347e+00  3.45358072e-01  2.08397337e-02  9.67005499e-02  7.69992753e+02 
 6.08154010e+14  6.73453313e+34  1.36531000e+01  1.41800135e+00  1.25816000e+01  1.40395463e+00  3.45701495e-01  2.06810437e-02  9.64690402e-02  7.58105199e+02 
 6.09427256e+14  6.77409978e+34  1.36521000e+01  1.42173570e+00  1.25846000e+01  1.40766871e+00  3.46095430e-01  2.06583195e-02  9.62293820e-02  7.46069070e+02 
 6.10700502e+14  6.81379952e+34  1.36521000e+01  1.42546224e+00  1.25886000e+01  1.41147375e+00  3.46437199e-01  2.04934521e-02  9.59961348e-02  7.34582944e+02 
 6.11973747e+14  6.85349925e+34  1.36521000e+01  1.42916849e+00  1.25916000e+01  1.41516691e+00  3.46776325e-01  2.04613902e-02  9.58052117e-02  7.23665137e+02 
 6.13246993e+14  6.89341656e+34  1.36521000e+01  1.43287473e+00  1.25956000e+01  1.41895830e+00  3.47114666e-01  2.02885653e-02  9.55713989e-02  7.12610982e+02 
 6.14520239e+14  6.93353496e+34  1.36521000e+01  1.43657939e+00  1.25986000e+01  1.42265486e+00  3.47452083e-01  2.02500623e-02  9.53368186e-02  7.01743153e+02 
 6.15793485e+14  6.97365336e+34  1.36511000e+01  1.44026388e+00  1.26026000e+01  1.42643120e+00  3.47837851e-01  2.00693627e-02  9.50957819e-02  6.90808275e+02 
 6.17066731e+14  7.01391936e+34  1.36511000e+01  1.44394175e+00  1.26056000e+01  1.43010795e+00  3.48171333e-01  2.00220355e-02  9.49028413e-02  6.80671336e+02 
 6.18339976e+14  7.05445749e+34  1.36511000e+01  1.44762435e+00  1.26096000e+01  1.43388745e+00  3.48504470e-01  1.98355777e-02  9.46670380e-02  6.70387653e+02 
 6.19613222e+14  7.09499563e+34  1.36511000e+01  1.45128690e+00  1.26126000e+01  1.43755489e+00  3.48835028e-01  1.97807405e-02  9.44316951e-02  6.60325435e+02 
 6.20886468e+14  7.13560830e+34  1.36501000e+01  1.45493619e+00  1.26156000e+01  1.44121243e+00  3.49214798e-01  1.97216189e-02  9.41894796e-02  6.50174919e+02 
 6.22159714e+14  7.17656723e+34  1.36501000e+01  1.45859656e+00  1.26186000e+01  1.44488255e+00  3.49543683e-01  1.96605171e-02  9.39940002e-02  6.40725117e+02 
 6.23432960e+14  7.21752616e+34  1.36501000e+01  1.46223701e+00  1.26226000e+01  1.44863289e+00  3.49870019e-01  1.94589767e-02  9.37575861e-02  6.31197257e+02 
 6.24706206e+14  7.25848509e+34  1.36491000e+01  1.46585764e+00  1.26256000e+01  1.45227102e+00  3.50245156e-01  1.93884346e-02  9.35147419e-02  6.21597939e+02 
 6.25979451e+14  7.29986420e+34  1.36491000e+01  1.46949548e+00  1.26286000e+01  1.45592743e+00  3.50569799e-01  1.93165207e-02  9.33180596e-02  6.12650626e+02 
 6.27252697e+14  7.34124496e+34  1.36491000e+01  1.47311368e+00  1.26316000e+01  1.45956796e+00  3.50891943e-01  1.92399192e-02  9.30806896e-02  6.03624328e+02 
 6.28525943e+14  7.38262571e+34  1.36481000e+01  1.47671218e+00  1.26346000e+01  1.46319254e+00  3.51263068e-01  1.91587270e-02  9.28368958e-02  5.94525775e+02 
 6.29799189e+14  7.42434832e+34  1.36481000e+01  1.48032062e+00  1.26386000e+01  1.46692514e+00  3.51582901e-01  1.89412180e-02  9.26395644e-02  5.86066525e+02 
 6.31072435e+14  7.46615193e+34  1.36481000e+01  1.48391642e+00  1.26416000e+01  1.47055189e+00  3.51900874e-01  1.88543356e-02  9.24013438e-02  5.77511251e+02 
 6.32345681e+14  7.50795553e+34  1.36471000e+01  1.48749264e+00  1.26446000e+01  1.47416276e+00  3.52268013e-01  1.87630151e-02  9.21974754e-02  5.69134812e+02 
 6.33618926e+14  7.55001945e+34  1.36471000e+01  1.49107151e+00  1.26476000e+01  1.47777837e+00  3.52583071e-01  1.86691705e-02  9.19588484e-02  5.60881874e+02 
 6.34892172e+14  7.59224689e+34  1.36461000e+01  1.49464478e+00  1.26506000e+01  1.48139104e+00  3.52948634e-01  1.85721549e-02  9.17128827e-02  5.52524487e+02 
 6.36165418e+14  7.63447434e+34  1.36461000e+01  1.49819859e+00  1.26526000e+01  1.48489118e+00  3.53260077e-01  1.86039878e-02  9.15150568e-02  5.44824672e+02 
 6.37438664e+14  7.67687733e+34  1.36461000e+01  1.50174772e+00  1.26556000e+01  1.48848590e+00  3.53570387e-01  1.84993574e-02  9.12762351e-02  5.37011939e+02 
 6.38711910e+14  7.71952959e+34  1.36451000e+01  1.50529832e+00  1.26586000e+01  1.49208423e+00  3.53931984e-01  1.83922574e-02  9.10700031e-02  5.29315317e+02 
 6.39985155e+14  7.76218184e+34  1.36451000e+01  1.50882960e+00  1.26616000e+01  1.49566682e+00  3.54239343e-01  1.82809641e-02  9.08309471e-02  5.21776914e+02 
 6.41258401e+14  7.80492163e+34  1.36441000e+01  1.51234885e+00  1.26646000e+01  1.49924040e+00  3.54596922e-01  1.81661820e-02  9.06252525e-02  5.14377754e+02 
 6.42531647e+14  7.84799965e+34  1.36441000e+01  1.51587667e+00  1.26676000e+01  1.50282420e+00  3.54902595e-01  1.80495510e-02  9.03850234e-02  5.07072412e+02 
 6.43804893e+14  7.89107767e+34  1.36431000e+01  1.51938530e+00  1.26696000e+01  1.50629533e+00  3.55257977e-01  1.80607854e-02  9.01384044e-02  4.99693800e+02 
 6.45078139e+14  7.93415569e+34  1.36431000e+01  1.52287483e+00  1.26726000e+01  1.50984779e+00  3.55558967e-01  1.79359183e-02  8.99395168e-02  4.92904968e+02 
 6.46351385e+14  7.97765664e+34  1.36421000e+01  1.52637946e+00  1.26756000e+01  1.51341656e+00  3.55912734e-01  1.78098100e-02  8.96918026e-02  4.85752125e+02 
 6.47624630e+14  8.02116135e+34  1.36421000e+01  1.52986533e+00  1.26786000e+01  1.51696994e+00  3.56212045e-01  1.76798677e-02  8.94916806e-02  4.79171721e+02 
 6.48897876e+14  8.06466607e+34  1.36411000e+01  1.53333224e+00  1.26806000e+01  1.52041067e+00  3.56561315e-01  1.76770691e-02  8.92452293e-02  4.72301168e+02 
 6.50171122e+14  8.10850002e+34  1.36411000e+01  1.53680637e+00  1.26836000e+01  1.52395742e+00  3.56858269e-01  1.75412344e-02  8.90444641e-02  4.65936261e+02 
 6.51444368e+14  8.15243234e+34  1.36401000e+01  1.54026937e+00  1.26856000e+01  1.52739870e+00  3.57205953e-01  1.75328317e-02  8.88366310e-02  4.59478114e+02 
 6.52717614e+14  8.19636466e+34  1.36401000e+01  1.54371355e+00  1.26886000e+01  1.53092168e+00  3.57499009e-01  1.73899312e-02  8.85968697e-02  4.53148911e+02 
 6.53990860e+14  8.24052918e+34  1.36391000e+01  1.54715709e+00  1.26906000e+01  1.53434888e+00  3.57843799e-01  1.73749100e-02  8.83889752e-02  4.46912999e+02 
 6.55264105e+14  8.28488999e+34  1.36391000e+01  1.55059715e+00  1.26936000e+01  1.53787228e+00  3.58135173e-01  1.72269498e-02  8.81482600e-02  4.40773810e+02 
 6.56537351e+14  8.32925081e+34  1.36381000e+01  1.55401852e+00  1.26956000e+01  1.54128283e+00  3.58476854e-01  1.72052366e-02  8.79405292e-02  4.34756278e+02 
 6.57810597e+14  8.37374341e+34  1.36371000e+01  1.55743137e+00  1.26986000e+01  1.54478488e+00  3.58817232e-01  1.70507589e-02  8.76933939e-02  4.28647996e+02 
 6.59083843e+14  8.41853359e+34  1.36371000e+01  1.56084839e+00  1.27006000e+01  1.54819551e+00  3.59104698e-01  1.70236784e-02  8.74917273e-02  4.23001482e+02 
 6.60357089e+14  8.46332376e+34  1.36361000e+01  1.56424685e+00  1.27036000e+01  1.55168821e+00  3.59442647e-01  1.68636888e-02  8.72835477e-02  4.17277735e+02 
 6.61630334e+14  8.50814193e+34  1.36361000e+01  1.56762894e+00  1.27056000e+01  1.55507008e+00  3.59725872e-01  1.68293282e-02  8.70439015e-02  4.11662444e+02 
 6.62903580e+14  8.55336232e+34  1.36351000e+01  1.57102286e+00  1.27076000e+01  1.55846511e+00  3.60062233e-01  1.67932681e-02  8.68347313e-02  4.06107451e+02 
 6.64176826e+14  8.59858270e+34  1.36341000e+01  1.57439834e+00  1.27106000e+01  1.56194238e+00  3.60396479e-01  1.66250259e-02  8.66261882e-02  4.00660786e+02 
 6.65450072e+14  8.64380308e+34  1.36341000e+01  1.57775549e+00  1.27126000e+01  1.56530681e+00  3.60675705e-01  1.65817826e-02  8.63865859e-02  3.95319798e+02 
 6.66723318e+14  8.68937529e+34  1.36331000e+01  1.58112036e+00  1.27146000e+01  1.56868055e+00  3.61007870e-01  1.65365964e-02  8.61775284e-02  3.90041536e+02 
 6.67996564e+14  8.73502670e+34  1.36321000e+01  1.58447280e+00  1.27166000e+01  1.57204452e+00  3.61338436e-01  1.64882221e-02  8.59687010e-02  3.84856318e+02 
 6.69269809e+14  8.78067812e+34  1.36321000e+01  1.58780703e+00  1.27196000e+01  1.57549101e+00  3.61613862e-01  1.63086474e-02  8.57290701e-02  3.79770920e+02 
 6.70543055e+14  8.82657153e+34  1.36311000e+01  1.59114072e+00  1.27216000e+01  1.57884130e+00  3.61941696e-01  1.62545256e-02  8.55203629e-02  3.74756770e+02 
 6.71816301e+14  8.87265478e+34  1.36301000e+01  1.59447005e+00  1.27236000e+01  1.58218943e+00  3.62268606e-01  1.61977857e-02  8.53113282e-02  3.69818361e+02 
 6.73089547e+14  8.91873804e+34  1.36291000e+01  1.59778130e+00  1.27256000e+01  1.58552243e+00  3.62593472e-01  1.61376521e-02  8.50645695e-02  3.64809637e+02 
 6.74362793e+14  8.96494998e+34  1.36291000e+01  1.60108377e+00  1.27276000e+01  1.58884905e+00  3.62863798e-01  1.60746871e-02  8.48634701e-02  3.60209181e+02 
 6.75636039e+14  9.01146586e+34  1.36281000e+01  1.60438994e+00  1.27296000e+01  1.59218115e+00  3.63187079e-01  1.60096649e-02  8.46543037e-02  3.55503868e+02 
 6.76909284e+14  9.05798175e+34  1.36271000e+01  1.60767817e+00  1.27316000e+01  1.59549819e+00  3.63508340e-01  1.59413516e-02  8.44458272e-02  3.50887758e+02 
 6.78182530e+14  9.10450951e+34  1.36261000e+01  1.61094940e+00  1.27336000e+01  1.59880103e+00  3.63827668e-01  1.58698687e-02  8.41998838e-02  3.46200935e+02 
 6.79455776e+14  9.15145879e+34  1.36261000e+01  1.61423236e+00  1.27356000e+01  1.60211695e+00  3.64093942e-01  1.57967938e-02  8.39978529e-02  3.41872506e+02 
 6.80729022e+14  9.19840806e+34  1.36251000e+01  1.61749752e+00  1.27376000e+01  1.60541789e+00  3.64411628e-01  1.57205670e-02  8.37893358e-02  3.37471808e+02 
 6.82002268e+14  9.24535734e+34  1.36241000e+01  1.62074498e+00  1.27396000e+01  1.60870391e+00  3.64727336e-01  1.56412293e-02  8.35815309e-02  3.33153506e+02 
 6.83275514e+14  9.29263232e+34  1.36231000e+01  1.62399722e+00  1.27416000e+01  1.61199640e+00  3.65042883e-01  1.55599889e-02  8.33727921e-02  3.28886494e+02 
 6.84548759e+14  9.34001573e+34  1.36231000e+01  1.62723927e+00  1.27436000e+01  1.61528111e+00  3.65303421e-01  1.54760596e-02  8.31337037e-02  3.24689429e+02 
 6.85822005e+14  9.38739915e+34  1.36221000e+01  1.63046375e+00  1.27456000e+01  1.61855097e+00  3.65615601e-01  1.53891503e-02  8.29259414e-02  3.20570368e+02 
 6.87095251e+14  9.43498514e+34  1.36211000e+01  1.63368444e+00  1.27466000e+01  1.62172095e+00  3.65926938e-01  1.54249179e-02  8.27178958e-02  3.16510339e+02 
 6.88368497e+14  9.48280341e+34  1.36201000e+01  1.63690334e+00  1.27486000e+01  1.62498929e+00  3.66237591e-01  1.53333363e-02  8.25094248e-02  3.12505917e+02 
 6.89641743e+14  9.53062169e+34  1.36191000e+01  1.64010481e+00  1.27506000e+01  1.62824287e+00  3.66546319e-01  1.52388621e-02  8.23016980e-02  3.08575335e+02 
 6.90914988e+14  9.57851586e+34  1.36181000e+01  1.64329398e+00  1.27526000e+01  1.63148656e+00  3.66853537e-01  1.51418113e-02  8.20943426e-02  3.04710822e+02 
 6.92188234e+14  9.62676970e+34  1.36171000e+01  1.64648972e+00  1.27546000e+01  1.63473837e+00  3.67160740e-01  1.50430689e-02  8.18486589e-02  3.00751616e+02 
 6.93461480e+14  9.67502354e+34  1.36171000e+01  1.64966814e+00  1.27556000e+01  1.63787725e+00  3.67412059e-01  1.50654763e-02  8.16483359e-02  2.97136439e+02 
 6.94734726e+14  9.72327739e+34  1.36161000e+01  1.65282937e+00  1.27576000e+01  1.64109980e+00  3.67715425e-01  1.49609475e-02  8.14415430e-02  2.93452576e+02 
 6.96007972e+14  9.77191310e+34  1.36151000e+01  1.65599836e+00  1.27596000e+01  1.64433159e+00  3.68018869e-01  1.48548517e-02  8.12336436e-02  2.89807075e+02 
 6.97281218e+14  9.82060319e+34  1.36141000e+01  1.65915373e+00  1.27606000e+01  1.64745384e+00  3.68320719e-01  1.48696761e-02  8.10262505e-02  2.86223746e+02 
 6.98554463e+14  9.86929329e+34  1.36131000e+01  1.66229203e+00  1.27626000e+01  1.65065993e+00  3.68620702e-01  1.47581493e-02  8.08196294e-02  2.82705196e+02 
 6.99827709e+14  9.91823204e+34  1.36121000e+01  1.66542928e+00  1.27646000e+01  1.65386678e+00  3.68920082e-01  1.46447626e-02  8.06125835e-02  2.79232452e+02 
 7.01100955e+14  9.96735906e+34  1.36111000e+01  1.66856159e+00  1.27656000e+01  1.65697234e+00  3.69218551e-01  1.46521356e-02  8.04054087e-02  2.75809082e+02 
 7.02374201e+14  1.00164861e+35  1.36101000e+01  1.67167695e+00  1.27676000e+01  1.66016183e+00  3.69515181e-01  1.45338781e-02  8.01990201e-02  2.72447137e+02 
 7.03647447e+14  1.00657249e+35  1.36091000e+01  1.67478251e+00  1.27686000e+01  1.66324524e+00  3.69810532e-01  1.45359454e-02  7.99928856e-02  2.69137788e+02 
 7.04920693e+14  1.01152895e+35  1.36081000e+01  1.67789174e+00  1.27706000e+01  1.66643244e+00  3.70105648e-01  1.44135805e-02  7.97859874e-02  2.65865991e+02 
 7.06193938e+14  1.01648540e+35  1.36071000e+01  1.68098416e+00  1.27716000e+01  1.66950674e+00  3.70398949e-01  1.44109686e-02  7.95798870e-02  2.62652462e+02 
 7.07467184e+14  1.02144186e+35  1.36061000e+01  1.68405987e+00  1.27736000e+01  1.67266526e+00  3.70690446e-01  1.42835336e-02  7.93745851e-02  2.59495904e+02 
 7.08740430e+14  1.02643927e+35  1.36051000e+01  1.68714424e+00  1.27746000e+01  1.67573533e+00  3.70982097e-01  1.42765084e-02  7.91317959e-02  2.56251862e+02 
 7.10013676e+14  1.03143955e+35  1.36041000e+01  1.69021371e+00  1.27756000e+01  1.67879275e+00  3.71272092e-01  1.42668779e-02  7.89261094e-02  2.53180382e+02 
 7.11286922e+14  1.03643982e+35  1.36031000e+01  1.69326661e+00  1.27776000e+01  1.68193462e+00  3.71560309e-01  1.41329400e-02  7.87212328e-02  2.50162954e+02 
 7.12560167e+14  1.04146669e+35  1.36021000e+01  1.69631916e+00  1.27786000e+01  1.68497921e+00  3.71847990e-01  1.41186895e-02  7.85520726e-02  2.47296521e+02 
 7.13833413e+14  1.04651085e+35  1.36011000e+01  1.69936569e+00  1.27806000e+01  1.68811840e+00  3.72134704e-01  1.39809653e-02  7.83467088e-02  2.44357166e+02 
 7.15106659e+14  1.05155500e+35  1.36001000e+01  1.70239578e+00  1.27816000e+01  1.69114479e+00  3.72419662e-01  1.39619901e-02  7.81421650e-02  2.41469155e+02 
 7.16379905e+14  1.05661103e+35  1.35991000e+01  1.70541659e+00  1.27826000e+01  1.69416389e+00  3.72703412e-01  1.39407208e-02  7.79378955e-02  2.38624742e+02 
 7.17653151e+14  1.06169912e+35  1.35981000e+01  1.70844018e+00  1.27846000e+01  1.69728612e+00  3.72986871e-01  1.37968513e-02  7.77329766e-02  2.35812021e+02 
 7.18926397e+14  1.06678721e+35  1.35971000e+01  1.71144747e+00  1.27856000e+01  1.70029559e+00  3.73268598e-01  1.37713053e-02  7.75288878e-02  2.33048073e+02 
 7.20199642e+14  1.07187531e+35  1.35961000e+01  1.71443855e+00  1.27866000e+01  1.70329102e+00  3.73548604e-01  1.37433116e-02  7.73256286e-02  2.30331839e+02 
 7.21472888e+14  1.07700417e+35  1.35951000e+01  1.71743732e+00  1.27876000e+01  1.70629560e+00  3.73828687e-01  1.37135982e-02  7.71213482e-02  2.27641030e+02 
 7.22746134e+14  1.08213626e+35  1.35941000e+01  1.72042182e+00  1.27886000e+01  1.70928801e+00  3.74107202e-01  1.36815310e-02  7.69177591e-02  2.24994862e+02 
 7.24019380e+14  1.08726834e+35  1.35931000e+01  1.72339024e+00  1.27906000e+01  1.71236537e+00  3.74384023e-01  1.35271912e-02  7.67150103e-02  2.22394041e+02 
 7.25292626e+14  1.09242578e+35  1.35921000e+01  1.72635723e+00  1.27916000e+01  1.71534418e+00  3.74660240e-01  1.34909383e-02  7.65119620e-02  2.19825054e+02 
 7.26565872e+14  1.09760192e+35  1.35911000e+01  1.72931895e+00  1.27926000e+01  1.71831954e+00  3.74935572e-01  1.34526558e-02  7.63089205e-02  2.17290744e+02 
 7.27839117e+14  1.10277806e+35  1.35891000e+01  1.73226473e+00  1.27936000e+01  1.72128107e+00  3.75264464e-01  1.34121046e-02  7.60994386e-02  2.14699973e+02 
 7.29112363e+14  1.10796376e+35  1.35881000e+01  1.73520005e+00  1.27946000e+01  1.72423408e+00  3.75536899e-01  1.33693893e-02  7.59328924e-02  2.12346076e+02 
 7.30385609e+14  1.11318400e+35  1.35871000e+01  1.73813903e+00  1.27956000e+01  1.72719228e+00  3.75809117e-01  1.33249439e-02  7.57303703e-02  2.09918040e+02 
 7.31658855e+14  1.11840424e+35  1.35861000e+01  1.74106219e+00  1.27966000e+01  1.73013675e+00  3.76079679e-01  1.32782576e-02  7.55286999e-02  2.07531013e+02 
 7.32932101e+14  1.12362448e+35  1.35851000e+01  1.74396962e+00  1.27976000e+01  1.73306753e+00  3.76348599e-01  1.32293836e-02  7.53278829e-02  2.05184127e+02 
 7.34205346e+14  1.12888227e+35  1.35841000e+01  1.74688221e+00  1.27986000e+01  1.73600497e+00  3.76617413e-01  1.31788447e-02  7.51262819e-02  2.02860041e+02 
 7.35478592e+14  1.13414666e+35  1.35831000e+01  1.74978279e+00  1.27996000e+01  1.73893232e+00  3.76884862e-01  1.31262351e-02  7.49252513e-02  2.00572034e+02 
 7.36751838e+14  1.13941105e+35  1.35811000e+01  1.75266777e+00  1.28006000e+01  1.74184608e+00  3.77206242e-01  1.30715356e-02  7.47177880e-02  1.98229882e+02 
 7.38025084e+14  1.14469650e+35  1.35801000e+01  1.75554870e+00  1.28016000e+01  1.74475751e+00  3.77471339e-01  1.30149764e-02  7.45523102e-02  1.96101047e+02 
 7.39298330e+14  1.15000509e+35  1.35791000e+01  1.75842672e+00  1.28026000e+01  1.74766770e+00  3.77735742e-01  1.29566171e-02  7.43518873e-02  1.93907200e+02 
 7.40571576e+14  1.15531369e+35  1.35781000e+01  1.76128928e+00  1.28036000e+01  1.75056438e+00  3.77998545e-01  1.28962124e-02  7.41523295e-02  1.91749719e+02 
 7.41844821e+14  1.16062646e+35  1.35771000e+01  1.76413870e+00  1.28046000e+01  1.75344982e+00  3.78259923e-01  1.28338513e-02  7.39534589e-02  1.89626190e+02 
 7.43118067e+14  1.16597931e+35  1.35751000e+01  1.76699420e+00  1.28056000e+01  1.75634279e+00  3.78577039e-01  1.27699330e-02  7.37464590e-02  1.87434324e+02 
 7.44391313e+14  1.17133215e+35  1.35741000e+01  1.76983436e+00  1.28066000e+01  1.75922234e+00  3.78836839e-01  1.27040219e-02  7.35820200e-02  1.85452286e+02 
 7.45664559e+14  1.17668500e+35  1.35731000e+01  1.77265929e+00  1.28076000e+01  1.76208854e+00  3.79095074e-01  1.26361829e-02  7.33839832e-02  1.83416562e+02 
 7.46937805e+14  1.18206906e+35  1.35721000e+01  1.77548543e+00  1.28086000e+01  1.76495750e+00  3.79352922e-01  1.25667129e-02  7.31855081e-02  1.81402454e+02 
 7.48211051e+14  1.18746620e+35  1.35701000e+01  1.77830325e+00  1.28086000e+01  1.76772078e+00  3.79665662e-01  1.26123180e-02  7.29800650e-02  1.79332396e+02 
 7.49484296e+14  1.19286334e+35  1.35691000e+01  1.78110596e+00  1.28096000e+01  1.77056992e+00  3.79920939e-01  1.25390084e-02  7.28169164e-02  1.77462703e+02 
 7.50757542e+14  1.19827410e+35  1.35681000e+01  1.78390067e+00  1.28106000e+01  1.77341273e+00  3.80175179e-01  1.24640010e-02  7.26198825e-02  1.75535821e+02 
 7.52030788e+14  1.20371557e+35  1.35671000e+01  1.78669619e+00  1.28116000e+01  1.77625789e+00  3.80429007e-01  1.23874078e-02  7.24224565e-02  1.73629375e+02 
 7.53304034e+14  1.20915705e+35  1.35651000e+01  1.78947673e+00  1.28116000e+01  1.77899070e+00  3.80737445e-01  1.24252968e-02  7.22525393e-02  1.71753745e+02 
 7.54577280e+14  1.21459853e+35  1.35641000e+01  1.79224237e+00  1.28126000e+01  1.78180963e+00  3.80988271e-01  1.23449115e-02  7.20567972e-02  1.69908282e+02 
 7.55850526e+14  1.22008003e+35  1.35631000e+01  1.79501342e+00  1.28136000e+01  1.78463537e+00  3.81239011e-01  1.22630827e-02  7.18603025e-02  1.68079109e+02 
 7.57123771e+14  1.22556588e+35  1.35611000e+01  1.79777183e+00  1.28146000e+01  1.78745019e+00  3.81544673e-01  1.21795879e-02  7.16572193e-02  1.66199635e+02 
 7.58397017e+14  1.23105174e+35  1.35601000e+01  1.80051548e+00  1.28146000e+01  1.79015283e+00  3.81792610e-01  1.22099808e-02  7.14959660e-02  1.64505369e+02 
 7.59670263e+14  1.23655929e+35  1.35591000e+01  1.80325522e+00  1.28156000e+01  1.79295232e+00  3.82039809e-01  1.21230046e-02  7.13009942e-02  1.62754232e+02 
 7.60943509e+14  1.24208957e+35  1.35581000e+01  1.80599156e+00  1.28156000e+01  1.79565070e+00  3.82286308e-01  1.21499009e-02  7.11059929e-02  1.61023837e+02 
 7.62216755e+14  1.24761984e+35  1.35561000e+01  1.80871326e+00  1.28166000e+01  1.79843547e+00  3.82587784e-01  1.20595593e-02  7.09380413e-02  1.59320909e+02 
 7.63490000e+14  1.25315310e+35  1.35551000e+01  1.81142187e+00  1.28176000e+01  1.80120875e+00  3.82831483e-01  1.19676450e-02  7.07446179e-02  1.57643978e+02 
 7.64763246e+14  1.25872783e+35  1.35541000e+01  1.81413619e+00  1.28176000e+01  1.80388992e+00  3.83075121e-01  1.19892415e-02  7.05504373e-02  1.55981138e+02 
 7.66036492e+14  1.26430257e+35  1.35521000e+01  1.81683600e+00  1.28186000e+01  1.80665754e+00  3.83373881e-01  1.18941504e-02  7.03831092e-02  1.54344509e+02 
 7.67309738e+14  1.26987730e+35  1.35511000e+01  1.81952139e+00  1.28186000e+01  1.80931306e+00  3.83614655e-01  1.19121966e-02  7.01906293e-02  1.52733549e+02 
 7.68582984e+14  1.27548040e+35  1.35491000e+01  1.82220601e+00  1.28196000e+01  1.81206865e+00  3.83911594e-01  1.18139242e-02  6.99906390e-02  1.51068252e+02 
 7.69856230e+14  1.28109963e+35  1.35481000e+01  1.82488399e+00  1.28196000e+01  1.81471976e+00  3.84150991e-01  1.18286314e-02  6.98312515e-02  1.49566340e+02 
 7.71129475e+14  1.28671886e+35  1.35471000e+01  1.82754767e+00  1.28206000e+01  1.81745759e+00  3.84388958e-01  1.17271897e-02  6.96396225e-02  1.48017445e+02 
 7.72402721e+14  1.29234700e+35  1.35451000e+01  1.83020134e+00  1.28206000e+01  1.82008753e+00  3.84682601e-01  1.17385476e-02  6.94741823e-02  1.46490195e+02 
 7.73675967e+14  1.29801075e+35  1.35441000e+01  1.83285755e+00  1.28216000e+01  1.82282087e+00  3.84919197e-01  1.16341191e-02  6.92825439e-02  1.44977098e+02 
 7.74949213e+14  1.30367450e+35  1.35421000e+01  1.83549958e+00  1.28216000e+01  1.82544222e+00  3.85211279e-01  1.16421837e-02  6.90845121e-02  1.43419335e+02 
 7.76222459e+14  1.30933826e+35  1.35411000e+01  1.83812754e+00  1.28226000e+01  1.82815040e+00  3.85445109e-01  1.15347856e-02  6.89273813e-02  1.42020708e+02 
 7.77495705e+14  1.31503564e+35  1.35401000e+01  1.84075699e+00  1.28226000e+01  1.83076217e+00  3.85678590e-01  1.15395866e-02  6.87370597e-02  1.40567977e+02 
 7.78768950e+14  1.32074395e+35  1.35381000e+01  1.84337745e+00  1.28236000e+01  1.83346577e+00  3.85968042e-01  1.14293506e-02  6.85725378e-02  1.39134822e+02 
 7.80042196e+14  1.32645227e+35  1.35371000e+01  1.84598395e+00  1.28236000e+01  1.83605763e+00  3.86199129e-01  1.14309523e-02  6.83835096e-02  1.37723594e+02 
 7.81315442e+14  1.33217400e+35  1.35351000e+01  1.84858265e+00  1.28236000e+01  1.83864308e+00  3.86486366e-01  1.14310416e-02  6.82200668e-02  1.36330647e+02 
 7.82588688e+14  1.33792690e+35  1.35341000e+01  1.85118161e+00  1.28246000e+01  1.84132963e+00  3.86716098e-01  1.13164173e-02  6.80310785e-02  1.34951436e+02 
 7.83861934e+14  1.34367981e+35  1.35321000e+01  1.85376672e+00  1.28246000e+01  1.84390444e+00  3.87001670e-01  1.13133962e-02  6.78357062e-02  1.33529529e+02 
 7.85135179e+14  1.34943271e+35  1.35311000e+01  1.85633808e+00  1.28246000e+01  1.84646691e+00  3.87228726e-01  1.13088290e-02  6.76807721e-02  1.32255529e+02 
 7.86408425e+14  1.35522305e+35  1.35291000e+01  1.85891239e+00  1.28256000e+01  1.84913318e+00  3.87512824e-01  1.11900365e-02  6.74857281e-02  1.30867028e+02 
 7.87681671e+14  1.36102057e+35  1.35281000e+01  1.86147619e+00  1.28256000e+01  1.85169097e+00  3.87738536e-01  1.11824395e-02  6.73307318e-02  1.29621878e+02 
 7.88954917e+14  1.36681810e+35  1.35271000e+01  1.86402636e+00  1.28256000e+01  1.85423653e+00  3.87962914e-01  1.11733630e-02  6.71443994e-02  1.28333912e+02 
 7.90228163e+14  1.37263209e+35  1.35251000e+01  1.86657016e+00  1.28256000e+01  1.85677711e+00  3.88243851e-01  1.11628105e-02  6.69831158e-02  1.27061669e+02 
 7.91501409e+14  1.37847426e+35  1.35241000e+01  1.86911272e+00  1.28266000e+01  1.85941732e+00  3.88466890e-01  1.10385306e-02  6.67968683e-02  1.25802388e+02 
 7.92774654e+14  1.38431643e+35  1.35221000e+01  1.87164176e+00  1.28266000e+01  1.86194596e+00  3.88746114e-01  1.10250911e-02  6.66361457e-02  1.24561930e+02 
 7.94047900e+14  1.39015860e+35  1.35211000e+01  1.87415738e+00  1.28266000e+01  1.86446254e+00  3.88966565e-01  1.10101978e-02  6.64516002e-02  1.23339919e+02 
 7.95321146e+14  1.39604054e+35  1.35191000e+01  1.87667667e+00  1.28266000e+01  1.86698416e+00  3.89244405e-01  1.09938142e-02  6.62910347e-02  1.22127877e+02 
 7.96594392e+14  1.40192738e+35  1.35181000e+01  1.87918467e+00  1.28276000e+01  1.86959532e+00  3.89463531e-01  1.08643796e-02  6.61065963e-02  1.20932810e+02 
 7.97867638e+14  1.40781422e+35  1.35161000e+01  1.88167937e+00  1.28276000e+01  1.87209509e+00  3.89739042e-01  1.08453002e-02  6.59474372e-02  1.19755416e+02 
 7.99140884e+14  1.41371910e+35  1.35141000e+01  1.88416843e+00  1.28276000e+01  1.87459055e+00  3.90013842e-01  1.08247909e-02  6.57568105e-02  1.18534877e+02 
 8.00414129e+14  1.41965064e+35  1.35131000e+01  1.88665546e+00  1.28276000e+01  1.87708535e+00  3.90230391e-01  1.08028119e-02  6.56049054e-02  1.17440167e+02 
 8.01687375e+14  1.42558218e+35  1.35111000e+01  1.88912931e+00  1.28276000e+01  1.87956827e+00  3.90503474e-01  1.07795182e-02  6.54465099e-02  1.16305428e+02 
 8.02960621e+14  1.43151371e+35  1.35101000e+01  1.89159006e+00  1.28276000e+01  1.88203937e+00  3.90717526e-01  1.07549116e-02  6.52647110e-02  1.15187275e+02 
 8.04233867e+14  1.43748587e+35  1.35081000e+01  1.89405452e+00  1.28276000e+01  1.88451555e+00  3.90989272e-01  1.07288436e-02  6.51064818e-02  1.14077913e+02 
 8.05507113e+14  1.44346212e+35  1.35071000e+01  1.89650760e+00  1.28286000e+01  1.88708112e+00  3.91202009e-01  1.05907259e-02  6.49248261e-02  1.12983966e+02 
 8.06780358e+14  1.44943838e+35  1.35051000e+01  1.89894770e+00  1.28286000e+01  1.88953551e+00  3.91471481e-01  1.05621965e-02  6.47680298e-02  1.11905921e+02 
 8.08053604e+14  1.45543274e+35  1.35041000e+01  1.90138222e+00  1.28286000e+01  1.89198562e+00  3.91682230e-01  1.05322934e-02  6.45874463e-02  1.10840270e+02 
 8.09326850e+14  1.46145373e+35  1.35021000e+01  1.90381463e+00  1.28286000e+01  1.89443493e+00  3.91950479e-01  1.05010388e-02  6.44306918e-02  1.09785372e+02 
 8.10600096e+14  1.46747473e+35  1.35001000e+01  1.90623417e+00  1.28286000e+01  1.89687260e+00  3.92217583e-01  1.04685757e-02  6.42746962e-02  1.08745699e+02 
 8.11873342e+14  1.47349572e+35  1.34991000e+01  1.90864090e+00  1.28286000e+01  1.89929871e+00  3.92425385e-01  1.04348580e-02  6.40957024e-02  1.07720964e+02 
 8.13146588e+14  1.47955666e+35  1.34971000e+01  1.91105080e+00  1.28286000e+01  1.90172930e+00  3.92691157e-01  1.03997742e-02  6.39399297e-02  1.06704245e+02 
 8.14419833e+14  1.48562241e+35  1.34961000e+01  1.91344986e+00  1.28286000e+01  1.90415028e+00  3.92897667e-01  1.03634297e-02  6.37611169e-02  1.05701294e+02 
 8.15693079e+14  1.49168816e+35  1.34941000e+01  1.91583624e+00  1.28286000e+01  1.90655977e+00  3.93161253e-01  1.03259775e-02  6.36067469e-02  1.04712676e+02 
 8.16966325e+14  1.49777056e+35  1.34921000e+01  1.91821652e+00  1.28286000e+01  1.90896440e+00  3.93424118e-01  1.02872551e-02  6.34525758e-02  1.03735465e+02 
 8.18239571e+14  1.50388109e+35  1.34911000e+01  1.92059519e+00  1.28286000e+01  1.91136871e+00  3.93628175e-01  1.02471999e-02  6.32747690e-02  1.02767684e+02 
 8.19512817e+14  1.50999161e+35  1.34891000e+01  1.92296130e+00  1.28286000e+01  1.91376161e+00  3.93889446e-01  1.02060575e-02  6.31212294e-02  1.01813644e+02 
 8.20786063e+14  1.51610214e+35  1.34871000e+01  1.92531492e+00  1.28286000e+01  1.91614317e+00  3.94149615e-01  1.01638008e-02  6.29378835e-02  1.00824140e+02 
 8.22059308e+14  1.52225040e+35  1.34861000e+01  1.92767058e+00  1.28276000e+01  1.91842863e+00  3.94351073e-01  1.02292867e-02  6.27918804e-02  9.99400702e+01 
 8.23332554e+14  1.52840572e+35  1.34841000e+01  1.93001650e+00  1.28276000e+01  1.92080500e+00  3.94610050e-01  1.01844044e-02  6.26391860e-02  9.90191512e+01 
 8.24605800e+14  1.53456103e+35  1.34831000e+01  1.93235005e+00  1.28276000e+01  1.92317011e+00  3.94809361e-01  1.01384435e-02  6.24640663e-02  9.81111569e+01 
 8.25879046e+14  1.54073000e+35  1.34811000e+01  1.93467645e+00  1.28276000e+01  1.92552923e+00  3.95066440e-01  1.00913813e-02  6.23124825e-02  9.72138987e+01 
 8.27152292e+14  1.54693012e+35  1.34791000e+01  1.93700228e+00  1.28276000e+01  1.92788904e+00  3.95323146e-01  1.00430473e-02  6.21606483e-02  9.63247159e+01 
 8.28425538e+14  1.55313023e+35  1.34781000e+01  1.93931585e+00  1.28276000e+01  1.93023768e+00  3.95520072e-01  9.99366672e-03  6.19865552e-02  9.54479319e+01 
 8.29698783e+14  1.55933035e+35  1.34761000e+01  1.94161723e+00  1.28276000e+01  1.93257521e+00  3.95774597e-01  9.94331282e-03  6.18362639e-02  9.45833419e+01 
 8.30972029e+14  1.56556445e+35  1.34741000e+01  1.94391905e+00  1.28276000e+01  1.93491443e+00  3.96028811e-01  9.89169581e-03  6.16856431e-02  9.37260747e+01 
 8.32245275e+14  1.57180938e+35  1.34731000e+01  1.94621273e+00  1.28266000e+01  1.93714723e+00  3.96223374e-01  9.94710931e-03  6.15125882e-02  9.28792068e+01 
 8.33518521e+14  1.57805431e+35  1.34711000e+01  1.94849435e+00  1.28266000e+01  1.93946846e+00  3.96475676e-01  9.89329176e-03  6.13631652e-02  9.20440416e+01 
 8.34791767e+14  1.58430835e+35  1.34691000e+01  1.95076727e+00  1.28266000e+01  1.94178207e+00  3.96727131e-01  9.83847470e-03  6.12141984e-02  9.12191730e+01 
 8.36065012e+14  1.59059811e+35  1.34671000e+01  1.95304116e+00  1.28266000e+01  1.94409790e+00  3.96978308e-01  9.78241412e-03  6.10350144e-02  9.03568075e+01 
 8.37338258e+14  1.59688786e+35  1.34661000e+01  1.95530309e+00  1.28266000e+01  1.94640278e+00  3.97169445e-01  9.72540560e-03  6.08936478e-02  8.95940390e+01 
 8.38611504e+14  1.60317762e+35  1.34641000e+01  1.95755314e+00  1.28256000e+01  1.94859742e+00  3.97418516e-01  9.77503699e-03  6.07458411e-02  8.87981206e+01 
 8.39884750e+14  1.60949603e+35  1.34621000e+01  1.95980156e+00  1.28256000e+01  1.95089105e+00  3.97667158e-01  9.71581703e-03  6.05978933e-02  8.80094840e+01 
 8.41157996e+14  1.61583062e+35  1.34611000e+01  1.96204390e+00  1.28256000e+01  1.95317967e+00  3.97855986e-01  9.65556279e-03  6.04277335e-02  8.72295907e+01 
 8.42431242e+14  1.62216521e+35  1.34591000e+01  1.96427447e+00  1.28246000e+01  1.95535807e+00  3.98102885e-01  9.70172567e-03  6.02808148e-02  8.64602982e+01 
 8.43704487e+14  1.62872486e+35  1.34571000e+01  1.96657198e+00  1.28246000e+01  1.95770562e+00  3.98353290e-01  9.63733892e-03  6.01278578e-02  8.56746378e+01 
 8.44977733e+14  1.63843700e+35  1.34541000e+01  1.96995510e+00  1.28246000e+01  1.96116459e+00  3.98724710e-01  9.54045620e-03  5.98739763e-02  8.44885970e+01 
 8.46250979e+14  1.64814915e+35  1.34521000e+01  1.97331910e+00  1.28236000e+01  1.96450707e+00  3.99035213e-01  9.54855099e-03  5.96579620e-02  8.34066406e+01 
 8.47524225e+14  1.65786130e+35  1.34491000e+01  1.97666438e+00  1.28236000e+01  1.96793205e+00  3.99403565e-01  9.44813389e-03  5.94360639e-02  8.23037943e+01 
 8.48797471e+14  1.66808246e+35  1.34461000e+01  1.98016526e+00  1.28226000e+01  1.97141929e+00  3.99780458e-01  9.44733909e-03  5.92004667e-02  8.11648537e+01 
 8.50070717e+14  1.67884781e+35  1.34431000e+01  1.98383222e+00  1.28226000e+01  1.97517840e+00  4.00166531e-01  9.33268300e-03  5.89503454e-02  7.99884313e+01 
 8.51343962e+14  1.68961316e+35  1.34401000e+01  1.98747886e+00  1.28216000e+01  1.97881967e+00  4.00551311e-01  9.32260832e-03  5.86728764e-02  7.87962711e+01 
 8.52617208e+14  1.70037851e+35  1.34381000e+01  1.99110545e+00  1.28206000e+01  1.98244246e+00  4.00875219e-01  9.31094767e-03  5.84332346e-02  7.77045322e+01 
 8.53890454e+14  1.71128205e+35  1.34351000e+01  1.99475843e+00  1.28206000e+01  1.98619385e+00  4.01260235e-01  9.19048279e-03  5.81841657e-02  7.65819036e+01 
 8.55163700e+14  1.72220349e+35  1.34321000e+01  1.99839744e+00  1.28196000e+01  1.98983357e+00  4.01644539e-01  9.17426741e-03  5.79363170e-02  7.54795890e+01 
 8.56436946e+14  1.73312494e+35  1.34291000e+01  2.00201662e+00  1.28186000e+01  1.99345479e+00  4.02027859e-01  9.15678678e-03  5.76902253e-02  7.43989425e+01 
 8.57710191e+14  1.74408912e+35  1.34261000e+01  2.00563019e+00  1.28186000e+01  1.99717141e+00  4.02411046e-01  9.03239458e-03  5.74447008e-02  7.33353625e+01 
 8.58983437e+14  1.75516756e+35  1.34231000e+01  2.00926161e+00  1.28176000e+01  2.00080894e+00  4.02795464e-01  9.01083884e-03  5.71977665e-02  7.22818309e+01 
 8.60256683e+14  1.76624601e+35  1.34201000e+01  2.01287331e+00  1.28166000e+01  2.00442789e+00  4.03179041e-01  8.98822391e-03  5.69526681e-02  7.12490391e+01 
 8.61529929e+14  1.77732445e+35  1.34171000e+01  2.01646541e+00  1.28156000e+01  2.00802834e+00  4.03561821e-01  8.96461519e-03  5.67094130e-02  7.02365112e+01 
 8.62803175e+14  1.78850454e+35  1.34131000e+01  2.02007079e+00  1.28146000e+01  2.01164408e+00  4.04005937e-01  8.93892622e-03  5.64581474e-02  6.92002838e+01 
 8.64076421e+14  1.79974086e+35  1.34101000e+01  2.02367464e+00  1.28146000e+01  2.01535919e+00  4.04390171e-01  8.80727951e-03  5.62423412e-02  6.82477602e+01 
 8.65349666e+14  1.81097719e+35  1.34071000e+01  2.02725892e+00  1.28136000e+01  2.01895639e+00  4.04773705e-01  8.77928888e-03  5.60003077e-02  6.72801478e+01 
