# rhoc (cgs) 	 Pc (cgs) 	 R (km) 	 M (msol) 	 R_core (km) 	 M_core (msol) 	 I/(MR^2) 	 I_crust/(M_crust R_crust^2)/(I/(MR^2)) 	 k_2 	 Lambda 
 2.30000000e+14  2.17734615e+33  2.41281000e+01  1.25383912e-01  6.97560000e+00  9.46724166e-02  4.12558929e-02  4.56285723e-01  2.25208133e-03  5.64363597e+07 
 2.31784689e+14  2.21575068e+33  2.37751000e+01  1.26498330e-01  6.99560000e+00  9.59670643e-02  4.24581942e-02  4.50612802e-01  2.40559935e-03  5.35771343e+07 
 2.33569379e+14  2.25415520e+33  2.34411000e+01  1.27606046e-01  7.01460000e+00  9.72387144e-02  4.36476170e-02  4.45224112e-01  2.56358852e-03  5.09272668e+07 
 2.35354068e+14  2.29255972e+33  2.31241000e+01  1.28706817e-01  7.03360000e+00  9.85098724e-02  4.48260316e-02  4.39865561e-01  2.72619434e-03  4.84664969e+07 
 2.37138757e+14  2.33322304e+33  2.28061000e+01  1.29865434e-01  7.05260000e+00  9.98296860e-02  4.60595197e-02  4.34506613e-01  2.90290626e-03  4.60456556e+07 
 2.38923447e+14  2.37418129e+33  2.25021000e+01  1.31026372e-01  7.07260000e+00  1.01179471e-01  4.72897595e-02  4.28919613e-01  3.08585542e-03  4.37789791e+07 
 2.40708136e+14  2.41513955e+33  2.22121000e+01  1.32180959e-01  7.09060000e+00  1.02482436e-01  4.85127125e-02  4.23872529e-01  3.27447174e-03  4.16690147e+07 
 2.42492825e+14  2.45609780e+33  2.19371000e+01  1.33328938e-01  7.10960000e+00  1.03808418e-01  4.97193497e-02  4.18597749e-01  3.46711941e-03  3.97018876e+07 
 2.44277515e+14  2.49727330e+33  2.16731000e+01  1.34476111e-01  7.12760000e+00  1.05114722e-01  5.09231774e-02  4.13603679e-01  3.66593424e-03  3.78558080e+07 
 2.46062204e+14  2.54098575e+33  2.14071000e+01  1.35687493e-01  7.14660000e+00  1.06498704e-01  5.21835488e-02  4.08357657e-01  3.88111544e-03  3.60259164e+07 
 2.47846893e+14  2.58469819e+33  2.11531000e+01  1.36892909e-01  7.16460000e+00  1.07858834e-01  5.34340491e-02  4.03397213e-01  4.10185477e-03  3.43173707e+07 
 2.49631583e+14  2.62841063e+33  2.09111000e+01  1.38092079e-01  7.18260000e+00  1.09218557e-01  5.46704380e-02  3.98463651e-01  4.32719399e-03  3.27201512e+07 
 2.51416272e+14  2.67212307e+33  2.06801000e+01  1.39284752e-01  7.20060000e+00  1.10577596e-01  5.58936979e-02  3.93555653e-01  4.55713523e-03  3.12252264e+07 
 2.53200961e+14  2.71663010e+33  2.04551000e+01  1.40492264e-01  7.21760000e+00  1.11928160e-01  5.71276594e-02  3.88927095e-01  4.79620418e-03  2.97997086e+07 
 2.54985651e+14  2.76329809e+33  2.02311000e+01  1.41752365e-01  7.23560000e+00  1.13348239e-01  5.83998943e-02  3.84054637e-01  5.05007120e-03  2.83995723e+07 
 2.56770340e+14  2.80996608e+33  2.00161000e+01  1.43006616e-01  7.25360000e+00  1.14768112e-01  5.96642021e-02  3.79208385e-01  5.31000200e-03  2.70881734e+07 
 2.58555029e+14  2.85663407e+33  1.98101000e+01  1.44254740e-01  7.27060000e+00  1.16162781e-01  6.09172187e-02  3.74647401e-01  5.57512920e-03  2.58586710e+07 
 2.60339719e+14  2.90330206e+33  1.96141000e+01  1.45496453e-01  7.28760000e+00  1.17556472e-01  6.21490771e-02  3.70110220e-01  5.84296963e-03  2.47048322e+07 
 2.62124408e+14  2.95140404e+33  1.94201000e+01  1.46769619e-01  7.30460000e+00  1.18978844e-01  6.34081823e-02  3.65593914e-01  6.12429139e-03  2.35885208e+07 
 2.63909097e+14  3.00122877e+33  1.92271000e+01  1.48082682e-01  7.32260000e+00  1.20461678e-01  6.47019673e-02  3.60838815e-01  6.42134690e-03  2.25030857e+07 
 2.65693786e+14  3.05105350e+33  1.90431000e+01  1.49389990e-01  7.33960000e+00  1.21919054e-01  6.59756042e-02  3.56369502e-01  6.72156389e-03  2.14842133e+07 
 2.67478476e+14  3.10087823e+33  1.88671000e+01  1.50691252e-01  7.35660000e+00  1.23375608e-01  6.72322473e-02  3.51924232e-01  7.02541475e-03  2.05270198e+07 
 2.69263165e+14  3.15070296e+33  1.86981000e+01  1.51986197e-01  7.37260000e+00  1.24805677e-01  6.84757359e-02  3.47763125e-01  7.33363749e-03  1.96270245e+07 
 2.71047854e+14  3.20265893e+33  1.85291000e+01  1.53330012e-01  7.38960000e+00  1.26303681e-01  6.97569016e-02  3.43364992e-01  7.65904801e-03  1.87447196e+07 
 2.72832544e+14  3.25584010e+33  1.83621000e+01  1.54700048e-01  7.40660000e+00  1.27826438e-01  7.10614244e-02  3.38992325e-01  7.99873892e-03  1.78957294e+07 
 2.74617233e+14  3.30902126e+33  1.82031000e+01  1.56064396e-01  7.42360000e+00  1.29348563e-01  7.23410532e-02  3.34643913e-01  8.33983688e-03  1.70975360e+07 
 2.76401922e+14  3.36220242e+33  1.80501000e+01  1.57422763e-01  7.43960000e+00  1.30843901e-01  7.36082407e-02  3.30580175e-01  8.68554712e-03  1.63465450e+07 
 2.78186612e+14  3.41538358e+33  1.79031000e+01  1.58774853e-01  7.45560000e+00  1.32337836e-01  7.48602714e-02  3.26538319e-01  9.03483615e-03  1.56394420e+07 
 2.79971301e+14  3.42551154e+33  1.78761000e+01  1.59031599e-01  7.45860000e+00  1.32620928e-01  7.50941186e-02  3.25783284e-01  9.10086847e-03  1.55095059e+07 
 2.81755990e+14  3.42559377e+33  1.78761000e+01  1.59033617e-01  7.45860000e+00  1.32622542e-01  7.50941774e-02  3.25783498e-01  9.10084954e-03  1.55084899e+07 
 2.83540680e+14  3.42567601e+33  1.78751000e+01  1.59035585e-01  7.45860000e+00  1.32624116e-01  7.51026378e-02  3.25783712e-01  9.10337700e-03  1.55074986e+07 
 2.85325369e+14  3.42575824e+33  1.78751000e+01  1.59037506e-01  7.45860000e+00  1.32625652e-01  7.51026934e-02  3.25783913e-01  9.10335883e-03  1.55065315e+07 
 2.87110058e+14  3.42584047e+33  1.78751000e+01  1.59039379e-01  7.45860000e+00  1.32627151e-01  7.51027474e-02  3.25784107e-01  9.10334107e-03  1.55055880e+07 
 2.88894748e+14  3.42592271e+33  1.78751000e+01  1.59041206e-01  7.45860000e+00  1.32628613e-01  7.51027998e-02  3.25784293e-01  9.10332362e-03  1.55046676e+07 
 2.90679437e+14  3.42600494e+33  1.78751000e+01  1.59042988e-01  7.45860000e+00  1.32630040e-01  7.51028506e-02  3.25784472e-01  9.10330650e-03  1.55037697e+07 
 2.92464126e+14  3.42608717e+33  1.78751000e+01  1.59044727e-01  7.45860000e+00  1.32631431e-01  7.51028997e-02  3.25784644e-01  9.10328967e-03  1.55028939e+07 
 2.94248816e+14  3.42616941e+33  1.78741000e+01  1.59046422e-01  7.45860000e+00  1.32632789e-01  7.51113517e-02  3.25784815e-01  9.10581995e-03  1.55020395e+07 
 2.96033505e+14  3.42625164e+33  1.78741000e+01  1.59048076e-01  7.45860000e+00  1.32634112e-01  7.51113982e-02  3.25784987e-01  9.10580389e-03  1.55012063e+07 
 2.97818194e+14  3.42633387e+33  1.78741000e+01  1.59049688e-01  7.45860000e+00  1.32635403e-01  7.51114432e-02  3.25785157e-01  9.10578812e-03  1.55003938e+07 
 2.99602884e+14  3.42641610e+33  1.78741000e+01  1.59051260e-01  7.45860000e+00  1.32636661e-01  7.51114867e-02  3.25785318e-01  9.10577262e-03  1.54996012e+07 
 3.01387573e+14  3.42649834e+33  1.78741000e+01  1.59052793e-01  7.45860000e+00  1.32637889e-01  7.51115286e-02  3.25785472e-01  9.10575735e-03  1.54988283e+07 
 3.03172262e+14  3.42658057e+33  1.78731000e+01  1.59054288e-01  7.45860000e+00  1.32639086e-01  7.51199750e-02  3.25785626e-01  9.10828999e-03  1.54980746e+07 
 3.04956952e+14  3.42666280e+33  1.78731000e+01  1.59055745e-01  7.45860000e+00  1.32640254e-01  7.51200139e-02  3.25785765e-01  9.10827519e-03  1.54973396e+07 
 3.06741641e+14  3.42674504e+33  1.78731000e+01  1.59057165e-01  7.45860000e+00  1.32641392e-01  7.51200514e-02  3.25785897e-01  9.10826065e-03  1.54966231e+07 
 3.08526330e+14  3.42682727e+33  1.78731000e+01  1.59058549e-01  7.45860000e+00  1.32642502e-01  7.51200874e-02  3.25786021e-01  9.10824628e-03  1.54959245e+07 
 3.10311020e+14  3.42690950e+33  1.78731000e+01  1.59059898e-01  7.45860000e+00  1.32643585e-01  7.51201220e-02  3.25786138e-01  9.10823213e-03  1.54952432e+07 
 3.12095709e+14  3.42699174e+33  1.78731000e+01  1.59061212e-01  7.45860000e+00  1.32644640e-01  7.51201552e-02  3.25786248e-01  9.10821820e-03  1.54945794e+07 
 3.13880398e+14  3.42707397e+33  1.78731000e+01  1.59062493e-01  7.45860000e+00  1.32645668e-01  7.51201870e-02  3.25786351e-01  9.10820443e-03  1.54939321e+07 
 3.15665088e+14  3.42715620e+33  1.78721000e+01  1.59063741e-01  7.45860000e+00  1.32646671e-01  7.51286249e-02  3.25786454e-01  9.11073934e-03  1.54933016e+07 
 3.17449777e+14  3.42723844e+33  1.78721000e+01  1.59064956e-01  7.45860000e+00  1.32647648e-01  7.51286540e-02  3.25786544e-01  9.11072596e-03  1.54926867e+07 
 3.19234466e+14  3.42732067e+33  1.78721000e+01  1.59066140e-01  7.45860000e+00  1.32648600e-01  7.51286819e-02  3.25786627e-01  9.11071272e-03  1.54920878e+07 
 3.21019156e+14  3.42740290e+33  1.78721000e+01  1.59067293e-01  7.45860000e+00  1.32649528e-01  7.51287084e-02  3.25786703e-01  9.11069970e-03  1.54915044e+07 
 3.22803845e+14  3.42748513e+33  1.78721000e+01  1.59068415e-01  7.45860000e+00  1.32650432e-01  7.51287337e-02  3.25786773e-01  9.11068683e-03  1.54909359e+07 
 3.24588534e+14  3.42756737e+33  1.78721000e+01  1.59069508e-01  7.45860000e+00  1.32651312e-01  7.51287578e-02  3.25786836e-01  9.11067412e-03  1.54903822e+07 
 3.26373224e+14  3.42764960e+33  1.78721000e+01  1.59070572e-01  7.45860000e+00  1.32652170e-01  7.51287806e-02  3.25786894e-01  9.11066157e-03  1.54898428e+07 
 3.28157913e+14  3.42773183e+33  1.78721000e+01  1.59071607e-01  7.45860000e+00  1.32653005e-01  7.51288023e-02  3.25786945e-01  9.11064913e-03  1.54893175e+07 
 3.29942602e+14  3.42781407e+33  1.78721000e+01  1.59072615e-01  7.45860000e+00  1.32653819e-01  7.51288227e-02  3.25786989e-01  9.11063689e-03  1.54888060e+07 
 3.31727291e+14  3.42789630e+33  1.78711000e+01  1.59073596e-01  7.45860000e+00  1.32654612e-01  7.51372509e-02  3.25787035e-01  9.11317403e-03  1.54883078e+07 
 3.33511981e+14  3.42797853e+33  1.78711000e+01  1.59074549e-01  7.45860000e+00  1.32655382e-01  7.51372690e-02  3.25787067e-01  9.11316202e-03  1.54878234e+07 
 3.35296670e+14  3.42806077e+33  1.78711000e+01  1.59075477e-01  7.45860000e+00  1.32656132e-01  7.51372860e-02  3.25787094e-01  9.11315019e-03  1.54873519e+07 
 3.37081359e+14  3.42814300e+33  1.78711000e+01  1.59076379e-01  7.45860000e+00  1.32656863e-01  7.51373020e-02  3.25787116e-01  9.11313847e-03  1.54868927e+07 
 3.38866049e+14  3.42822523e+33  1.78711000e+01  1.59077256e-01  7.45860000e+00  1.32657574e-01  7.51373169e-02  3.25787131e-01  9.11312684e-03  1.54864460e+07 
 3.40650738e+14  3.42830747e+33  1.78711000e+01  1.59078108e-01  7.45860000e+00  1.32658265e-01  7.51373307e-02  3.25787141e-01  9.11311539e-03  1.54860119e+07 
 3.42435427e+14  3.42838970e+33  1.78711000e+01  1.59078937e-01  7.45860000e+00  1.32658938e-01  7.51373435e-02  3.25787146e-01  9.11310404e-03  1.54855889e+07 
 3.44220117e+14  3.42847193e+33  1.78711000e+01  1.59079741e-01  7.45860000e+00  1.32659591e-01  7.51373552e-02  3.25787145e-01  9.11309276e-03  1.54851785e+07 
 3.46004806e+14  3.42855417e+33  1.78711000e+01  1.59080524e-01  7.45860000e+00  1.32660228e-01  7.51373660e-02  3.25787139e-01  9.11308165e-03  1.54847787e+07 
 3.47789495e+14  3.42863640e+33  1.78711000e+01  1.59081282e-01  7.45860000e+00  1.32660845e-01  7.51373757e-02  3.25787127e-01  9.11307063e-03  1.54843910e+07 
 3.49574185e+14  3.42871863e+33  1.78711000e+01  1.59082020e-01  7.45860000e+00  1.32661447e-01  7.51373845e-02  3.25787111e-01  9.11305973e-03  1.54840134e+07 
 3.51358874e+14  3.42880086e+33  1.78701000e+01  1.59082734e-01  7.45860000e+00  1.32662030e-01  7.51458026e-02  3.25787096e-01  9.11559904e-03  1.54836473e+07 
 3.53143563e+14  3.42888310e+33  1.78701000e+01  1.59083428e-01  7.45860000e+00  1.32662597e-01  7.51458096e-02  3.25787070e-01  9.11558836e-03  1.54832915e+07 
 3.54928253e+14  3.42896533e+33  1.78701000e+01  1.59084103e-01  7.45860000e+00  1.32663148e-01  7.51458156e-02  3.25787040e-01  9.11557774e-03  1.54829453e+07 
 3.56712942e+14  3.42904756e+33  1.78701000e+01  1.59084754e-01  7.45860000e+00  1.32663682e-01  7.51458207e-02  3.25787004e-01  9.11556724e-03  1.54826104e+07 
 3.58497631e+14  3.43026854e+33  1.78691000e+01  1.59093746e-01  7.45960000e+00  1.32697098e-01  7.51542422e-02  3.25524753e-01  9.11795433e-03  1.54779576e+07 
 3.60282321e+14  3.43404629e+33  1.78661000e+01  1.59119827e-01  7.45960000e+00  1.32719034e-01  7.51790875e-02  3.25518316e-01  9.12500207e-03  1.54642432e+07 
 3.62067010e+14  3.43781361e+33  1.78631000e+01  1.59144614e-01  7.45960000e+00  1.32740291e-01  7.52035161e-02  3.25508701e-01  9.13194570e-03  1.54509832e+07 
 3.63851699e+14  3.44156374e+33  1.78611000e+01  1.59168355e-01  7.45960000e+00  1.32760976e-01  7.52192073e-02  3.25496734e-01  9.13625496e-03  1.54381039e+07 
 3.65636389e+14  3.44530171e+33  1.78581000e+01  1.59191149e-01  7.46060000e+00  1.32807148e-01  7.52430471e-02  3.25221329e-01  9.14305481e-03  1.54255754e+07 
 3.67421078e+14  3.44902466e+33  1.78551000e+01  1.59213039e-01  7.46060000e+00  1.32826813e-01  7.52666498e-02  3.25205174e-01  9.14979928e-03  1.54133921e+07 
 3.69205767e+14  3.45273380e+33  1.78531000e+01  1.59234053e-01  7.46060000e+00  1.32845958e-01  7.52816086e-02  3.25187364e-01  9.15393266e-03  1.54015537e+07 
 3.70990457e+14  3.45643002e+33  1.78501000e+01  1.59254252e-01  7.46060000e+00  1.32864600e-01  7.53048150e-02  3.25168243e-01  9.16058804e-03  1.53900422e+07 
 3.72775146e+14  3.46011084e+33  1.78481000e+01  1.59273631e-01  7.46060000e+00  1.32882734e-01  7.53194081e-02  3.25147757e-01  9.16463921e-03  1.53788655e+07 
 3.74559835e+14  3.46378076e+33  1.78461000e+01  1.59292241e-01  7.46060000e+00  1.32900393e-01  7.53338333e-02  3.25125984e-01  9.16865271e-03  1.53680018e+07 
 3.76344525e+14  3.46743374e+33  1.78431000e+01  1.59310069e-01  7.46160000e+00  1.32943573e-01  7.53565489e-02  3.24841667e-01  9.17520289e-03  1.53574629e+07 
 3.78129214e+14  3.47107779e+33  1.78411000e+01  1.59327178e-01  7.46160000e+00  1.32960293e-01  7.53706725e-02  3.24817456e-01  9.17915132e-03  1.53472202e+07 
 3.79913903e+14  3.47470341e+33  1.78391000e+01  1.59343535e-01  7.46160000e+00  1.32976517e-01  7.53846642e-02  3.24792250e-01  9.18307302e-03  1.53372990e+07 
 3.81698593e+14  3.47832201e+33  1.78371000e+01  1.59359230e-01  7.46160000e+00  1.32992317e-01  7.53985256e-02  3.24766077e-01  9.18696687e-03  1.53276528e+07 
 3.83483282e+14  3.48192072e+33  1.78351000e+01  1.59374230e-01  7.46160000e+00  1.33007645e-01  7.54122767e-02  3.24739130e-01  9.19083968e-03  1.53183084e+07 
 3.85267971e+14  3.48551427e+33  1.78331000e+01  1.59388581e-01  7.46160000e+00  1.33022554e-01  7.54259056e-02  3.24711246e-01  9.19468685e-03  1.53092361e+07 
 3.87052661e+14  3.48908654e+33  1.78311000e+01  1.59402253e-01  7.46160000e+00  1.33036998e-01  7.54394351e-02  3.24682609e-01  9.19851607e-03  1.53004620e+07 
 3.88837350e+14  3.49265542e+33  1.78291000e+01  1.59415349e-01  7.46160000e+00  1.33051071e-01  7.54528554e-02  3.24653131e-01  9.20232235e-03  1.52919281e+07 
 3.90622039e+14  3.49620169e+33  1.78271000e+01  1.59427791e-01  7.46160000e+00  1.33064689e-01  7.54661890e-02  3.24623000e-01  9.20611427e-03  1.52836856e+07 
 3.92406729e+14  3.49974627e+33  1.78251000e+01  1.59439671e-01  7.46160000e+00  1.33077941e-01  7.54794194e-02  3.24592074e-01  9.20988482e-03  1.52756785e+07 
 3.94191418e+14  3.50326698e+33  1.78231000e+01  1.59450953e-01  7.46260000e+00  1.33116790e-01  7.54925762e-02  3.24299295e-01  9.21364398e-03  1.52679393e+07 
 3.95976107e+14  3.50678604e+33  1.78221000e+01  1.59461679e-01  7.46260000e+00  1.33129258e-01  7.54971630e-02  3.24267036e-01  9.21479821e-03  1.52604353e+07 
 3.97760796e+14  3.51028321e+33  1.78201000e+01  1.59471812e-01  7.46260000e+00  1.33141303e-01  7.55101524e-02  3.24234273e-01  9.21852693e-03  1.52531992e+07 
 3.99545486e+14  3.51377716e+33  1.78191000e+01  1.59481448e-01  7.46260000e+00  1.33153016e-01  7.55145816e-02  3.24200867e-01  9.21965195e-03  1.52461744e+07 
 4.01330175e+14  3.51725115e+33  1.78171000e+01  1.59490546e-01  7.46260000e+00  1.33164346e-01  7.55274248e-02  3.24167015e-01  9.22335468e-03  1.52393922e+07 
 4.03114864e+14  3.52072039e+33  1.78151000e+01  1.59499161e-01  7.46260000e+00  1.33175349e-01  7.55401932e-02  3.24132593e-01  9.22704357e-03  1.52328180e+07 
 4.04899554e+14  3.52417155e+33  1.78141000e+01  1.59507246e-01  7.46260000e+00  1.33185970e-01  7.55444206e-02  3.24097731e-01  9.22813419e-03  1.52264840e+07 
 4.06684243e+14  3.52761649e+33  1.78131000e+01  1.59514855e-01  7.46260000e+00  1.33196265e-01  7.55485767e-02  3.24062353e-01  9.22921114e-03  1.52203563e+07 
 4.08468932e+14  3.53104516e+33  1.78111000e+01  1.59522015e-01  7.46260000e+00  1.33206236e-01  7.55611656e-02  3.24026614e-01  9.23287156e-03  1.52144322e+07 
 4.10253622e+14  3.53446616e+33  1.78101000e+01  1.59528691e-01  7.46260000e+00  1.33215869e-01  7.55652041e-02  3.23990390e-01  9.23392898e-03  1.52087211e+07 
 4.12038311e+14  3.53787268e+33  1.78091000e+01  1.59534908e-01  7.46260000e+00  1.33225171e-01  7.55691908e-02  3.23953802e-01  9.23497864e-03  1.52032174e+07 
 4.13823000e+14  3.54127014e+33  1.78071000e+01  1.59540697e-01  7.46260000e+00  1.33234172e-01  7.55816109e-02  3.23916823e-01  9.23861240e-03  1.51979035e+07 
 4.15607690e+14  3.54465482e+33  1.78061000e+01  1.59546110e-01  7.46160000e+00  1.33216885e-01  7.55855002e-02  3.24140832e-01  9.23964647e-03  1.51927597e+07 
 4.17392379e+14  3.54802909e+33  1.78051000e+01  1.59551028e-01  7.46160000e+00  1.33225259e-01  7.55893319e-02  3.24103139e-01  9.24067163e-03  1.51878383e+07 
 4.19177068e+14  3.55139226e+33  1.78041000e+01  1.59555568e-01  7.46160000e+00  1.33233361e-01  7.55931202e-02  3.24065122e-01  9.24169015e-03  1.51830872e+07 
 4.20961758e+14  3.55474371e+33  1.78031000e+01  1.59559694e-01  7.46160000e+00  1.33241166e-01  7.55968632e-02  3.24026767e-01  9.24270206e-03  1.51785230e+07 
 4.22746447e+14  3.55808567e+33  1.78021000e+01  1.59563450e-01  7.46160000e+00  1.33248703e-01  7.56005642e-02  3.23988112e-01  9.24370762e-03  1.51741253e+07 
 4.24531136e+14  3.56141465e+33  1.78011000e+01  1.59566856e-01  7.46160000e+00  1.33255983e-01  7.56042318e-02  3.23949222e-01  9.24470922e-03  1.51698885e+07 
 4.26315826e+14  3.56473571e+33  1.78001000e+01  1.59569900e-01  7.46160000e+00  1.33263001e-01  7.56078580e-02  3.23910036e-01  9.24570451e-03  1.51658144e+07 
 4.28100515e+14  3.56804255e+33  1.77991000e+01  1.59572541e-01  7.46160000e+00  1.33269719e-01  7.56114492e-02  3.23870610e-01  9.24669628e-03  1.51619264e+07 
 4.29885204e+14  3.57134301e+33  1.77981000e+01  1.59574860e-01  7.46160000e+00  1.33276206e-01  7.56150028e-02  3.23830912e-01  9.24768224e-03  1.51581823e+07 
 4.31669894e+14  3.57462805e+33  1.77971000e+01  1.59576837e-01  7.46160000e+00  1.33282433e-01  7.56185317e-02  3.23791050e-01  9.24866682e-03  1.51545994e+07 
 4.33454583e+14  3.57790820e+33  1.77961000e+01  1.59578496e-01  7.46160000e+00  1.33288430e-01  7.56220241e-02  3.23750947e-01  9.24964582e-03  1.51511581e+07 
 4.35239272e+14  3.58117176e+33  1.77951000e+01  1.59579770e-01  7.46160000e+00  1.33294128e-01  7.56254923e-02  3.23710732e-01  9.25062450e-03  1.51478996e+07 
 4.37023962e+14  3.58443188e+33  1.77951000e+01  1.59580755e-01  7.46160000e+00  1.33299619e-01  7.56204249e-02  3.23670260e-01  9.24899828e-03  1.51447696e+07 
 4.38808651e+14  3.58767429e+33  1.77941000e+01  1.59581474e-01  7.46160000e+00  1.33304898e-01  7.56238482e-02  3.23629749e-01  9.24997307e-03  1.51417693e+07 
 4.40593340e+14  3.59091465e+33  1.77931000e+01  1.59581886e-01  7.46060000e+00  1.33283951e-01  7.56272340e-02  3.23850308e-01  9.25094176e-03  1.51389047e+07 
 4.42378030e+14  3.59413621e+33  1.77921000e+01  1.59581933e-01  7.46060000e+00  1.33288731e-01  7.56306012e-02  3.23809381e-01  9.25191143e-03  1.51362152e+07 
 4.44162719e+14  3.59735645e+33  1.77921000e+01  1.59581757e-01  7.46060000e+00  1.33293357e-01  7.56254364e-02  3.23768189e-01  9.25027589e-03  1.51336230e+07 
 4.45947408e+14  3.60055811e+33  1.77911000e+01  1.59581301e-01  7.46060000e+00  1.33297757e-01  7.56287669e-02  3.23726979e-01  9.25124323e-03  1.51311687e+07 
 4.47732098e+14  3.60375784e+33  1.77911000e+01  1.59580540e-01  7.46060000e+00  1.33301938e-01  7.56235593e-02  3.23685507e-01  9.24960512e-03  1.51288502e+07 
 4.49516787e+14  3.60694055e+33  1.77901000e+01  1.59579501e-01  7.46060000e+00  1.33305896e-01  7.56268458e-02  3.23644006e-01  9.25056946e-03  1.51266683e+07 
 4.51301476e+14  3.61012007e+33  1.77891000e+01  1.59578292e-01  7.46060000e+00  1.33309722e-01  7.56301185e-02  3.23602469e-01  9.25153263e-03  1.51245645e+07 
 4.53086166e+14  3.61328408e+33  1.77891000e+01  1.59576708e-01  7.46060000e+00  1.33313253e-01  7.56248679e-02  3.23560839e-01  9.24989644e-03  1.51226402e+07 
 4.54870855e+14  3.61644368e+33  1.77881000e+01  1.59575034e-01  7.46060000e+00  1.33316713e-01  7.56281164e-02  3.23519189e-01  9.25086076e-03  1.51207596e+07 
 4.56655544e+14  3.61958924e+33  1.77881000e+01  1.59572967e-01  7.45960000e+00  1.33293871e-01  7.56228368e-02  3.23738745e-01  9.24922451e-03  1.51190643e+07 
 4.58440234e+14  3.62272920e+33  1.77871000e+01  1.59570705e-01  7.45960000e+00  1.33296892e-01  7.56260434e-02  3.23696727e-01  9.25018638e-03  1.51174584e+07 
 4.60224923e+14  3.62585655e+33  1.77871000e+01  1.59568254e-01  7.45960000e+00  1.33299758e-01  7.56207446e-02  3.23654708e-01  9.24855121e-03  1.51159468e+07 
 4.62009612e+14  3.62897715e+33  1.77871000e+01  1.59565566e-01  7.45960000e+00  1.33302443e-01  7.56154296e-02  3.23612582e-01  9.24691556e-03  1.51145463e+07 
 4.63794301e+14  3.63208653e+33  1.77861000e+01  1.59562662e-01  7.45960000e+00  1.33304952e-01  7.56186119e-02  3.23570445e-01  9.24788161e-03  1.51132520e+07 
 4.65578991e+14  3.63518804e+33  1.77861000e+01  1.59559558e-01  7.45960000e+00  1.33307294e-01  7.56132852e-02  3.23528380e-01  9.24625028e-03  1.51120557e+07 
 4.67363680e+14  3.63827969e+33  1.77851000e+01  1.59556202e-01  7.45960000e+00  1.33309438e-01  7.56164498e-02  3.23486252e-01  9.24721932e-03  1.51109807e+07 
 4.69148369e+14  3.64136237e+33  1.77851000e+01  1.59552697e-01  7.45860000e+00  1.33285466e-01  7.56111101e-02  3.23705518e-01  9.24559145e-03  1.51099799e+07 
 4.70933059e+14  3.64443652e+33  1.77851000e+01  1.59549013e-01  7.45860000e+00  1.33287357e-01  7.56057622e-02  3.23663237e-01  9.24396439e-03  1.51090650e+07 
 4.72717748e+14  3.64750063e+33  1.77841000e+01  1.59545040e-01  7.45860000e+00  1.33289022e-01  7.56089014e-02  3.23620859e-01  9.24493667e-03  1.51082878e+07 
 4.74502437e+14  3.65055750e+33  1.77841000e+01  1.59540959e-01  7.45860000e+00  1.33290596e-01  7.56035400e-02  3.23578507e-01  9.24331287e-03  1.51075660e+07 
 4.76287127e+14  3.65360330e+33  1.77841000e+01  1.59536705e-01  7.45860000e+00  1.33292019e-01  7.55981817e-02  3.23536246e-01  9.24169350e-03  1.51069330e+07 
 4.78071816e+14  3.65664311e+33  1.77841000e+01  1.59532171e-01  7.45860000e+00  1.33293221e-01  7.55928057e-02  3.23493945e-01  9.24007408e-03  1.51064326e+07 
 4.79856505e+14  3.65967084e+33  1.77841000e+01  1.59527545e-01  7.45760000e+00  1.33268348e-01  7.55874432e-02  3.23713172e-01  9.23846079e-03  1.51059849e+07 
 4.81641195e+14  3.66269382e+33  1.77831000e+01  1.59522773e-01  7.45760000e+00  1.33269354e-01  7.55905748e-02  3.23670871e-01  9.23944543e-03  1.51056072e+07 
 4.83425884e+14  3.66570372e+33  1.77831000e+01  1.59517820e-01  7.45760000e+00  1.33270213e-01  7.55852068e-02  3.23628551e-01  9.23783650e-03  1.51053214e+07 
 4.85210573e+14  3.66871007e+33  1.77831000e+01  1.59512687e-01  7.45760000e+00  1.33270931e-01  7.55798282e-02  3.23586163e-01  9.23622773e-03  1.51051211e+07 
 4.86995263e+14  3.67170238e+33  1.77831000e+01  1.59507401e-01  7.45760000e+00  1.33271509e-01  7.55744606e-02  3.23543918e-01  9.23462554e-03  1.51050033e+07 
 4.88779952e+14  3.67469231e+33  1.77831000e+01  1.59501957e-01  7.45760000e+00  1.33271955e-01  7.55690872e-02  3.23501730e-01  9.23302478e-03  1.51049625e+07 
 4.90564641e+14  3.67766727e+33  1.77831000e+01  1.59496383e-01  7.45660000e+00  1.33246300e-01  7.55637282e-02  3.23721104e-01  9.23143117e-03  1.51049945e+07 
 4.92349331e+14  3.68064098e+33  1.77821000e+01  1.59490675e-01  7.45660000e+00  1.33246533e-01  7.55668577e-02  3.23678887e-01  9.23243233e-03  1.51050883e+07 
 4.94134020e+14  3.68359882e+33  1.77821000e+01  1.59484808e-01  7.45660000e+00  1.33246626e-01  7.55614980e-02  3.23636720e-01  9.23084393e-03  1.51052680e+07 
 4.95918709e+14  3.68655558e+33  1.77821000e+01  1.59478814e-01  7.45660000e+00  1.33246620e-01  7.55561320e-02  3.23594514e-01  9.22925606e-03  1.51055080e+07 
 4.97703399e+14  3.68949745e+33  1.77821000e+01  1.59472653e-01  7.45660000e+00  1.33246458e-01  7.55507786e-02  3.23552502e-01  9.22767558e-03  1.51058386e+07 
 4.99488088e+14  3.69243733e+33  1.77821000e+01  1.59466432e-01  7.45660000e+00  1.33246235e-01  7.55454312e-02  3.23510600e-01  9.22609839e-03  1.51062032e+07 
 5.01272777e+14  3.69536357e+33  1.77821000e+01  1.59459995e-01  7.45560000e+00  1.33219862e-01  7.55400854e-02  3.23730180e-01  9.22452589e-03  1.51066771e+07 
 5.03057467e+14  3.69828680e+33  1.77821000e+01  1.59453557e-01  7.45560000e+00  1.33219463e-01  7.55347487e-02  3.23688245e-01  9.22295629e-03  1.51071558e+07 
 5.04842156e+14  3.70119760e+33  1.77821000e+01  1.59446880e-01  7.45560000e+00  1.33218867e-01  7.55294086e-02  3.23646307e-01  9.22139029e-03  1.51077539e+07 
 5.06626845e+14  3.70410438e+33  1.77821000e+01  1.59440057e-01  7.45560000e+00  1.33218153e-01  7.55240652e-02  3.23604368e-01  9.21982617e-03  1.51084237e+07 
 5.08411535e+14  3.70699993e+33  1.77821000e+01  1.59433267e-01  7.45560000e+00  1.33217424e-01  7.55187577e-02  3.23562836e-01  9.21827307e-03  1.51090954e+07 
 5.10196224e+14  3.70989047e+33  1.77821000e+01  1.59426371e-01  7.45460000e+00  1.33190637e-01  7.55134535e-02  3.23782818e-01  9.21672317e-03  1.51098224e+07 
 5.11980913e+14  3.71277095e+33  1.77821000e+01  1.59419254e-01  7.45460000e+00  1.33189649e-01  7.55081419e-02  3.23741194e-01  9.21517515e-03  1.51106573e+07 
 5.13765603e+14  3.71564547e+33  1.77821000e+01  1.59412031e-01  7.45460000e+00  1.33188573e-01  7.55028334e-02  3.23699554e-01  9.21363020e-03  1.51115470e+07 
 5.15550292e+14  3.71851105e+33  1.77831000e+01  1.59404721e-01  7.45460000e+00  1.33187414e-01  7.54890455e-02  3.23658012e-01  9.20950094e-03  1.51124866e+07 
 5.17334981e+14  3.72136974e+33  1.77831000e+01  1.59397330e-01  7.45460000e+00  1.33186167e-01  7.54837633e-02  3.23616702e-01  9.20796817e-03  1.51134748e+07 
 5.19119671e+14  3.72422060e+33  1.77831000e+01  1.59389864e-01  7.45360000e+00  1.33158882e-01  7.54784944e-02  3.23837035e-01  9.20644118e-03  1.51145081e+07 
 5.20904360e+14  3.72706366e+33  1.77831000e+01  1.59382324e-01  7.45360000e+00  1.33157494e-01  7.54732357e-02  3.23795898e-01  9.20491891e-03  1.51155836e+07 
 5.22689049e+14  3.72989997e+33  1.77831000e+01  1.59374700e-01  7.45360000e+00  1.33156035e-01  7.54679830e-02  3.23754731e-01  9.20340017e-03  1.51167052e+07 
 5.24473739e+14  3.73272760e+33  1.77831000e+01  1.59366908e-01  7.45360000e+00  1.33154436e-01  7.54627314e-02  3.23713590e-01  9.20188504e-03  1.51179117e+07 
 5.26258428e+14  3.73554954e+33  1.77831000e+01  1.59359032e-01  7.45360000e+00  1.33152751e-01  7.54574906e-02  3.23672626e-01  9.20037519e-03  1.51191668e+07 
 5.28043117e+14  3.73836192e+33  1.77831000e+01  1.59351086e-01  7.45360000e+00  1.33150986e-01  7.54522676e-02  3.23631875e-01  9.19887247e-03  1.51204665e+07 
 5.29827807e+14  3.74116964e+33  1.77841000e+01  1.59343131e-01  7.45260000e+00  1.33123253e-01  7.54385744e-02  3.23852706e-01  9.19478927e-03  1.51217788e+07 
 5.31612496e+14  3.74396696e+33  1.77841000e+01  1.59335043e-01  7.45260000e+00  1.33121366e-01  7.54333711e-02  3.23811969e-01  9.19329584e-03  1.51231607e+07 
 5.33397185e+14  3.74676063e+33  1.77841000e+01  1.59326852e-01  7.45260000e+00  1.33119391e-01  7.54281705e-02  3.23771262e-01  9.19180530e-03  1.51245958e+07 
 5.35181874e+14  3.74954308e+33  1.77841000e+01  1.59318650e-01  7.45260000e+00  1.33117373e-01  7.54229985e-02  3.23730859e-01  9.19032433e-03  1.51260519e+07 
 5.36966564e+14  3.75232285e+33  1.77841000e+01  1.59310326e-01  7.45260000e+00  1.33115248e-01  7.54178274e-02  3.23690550e-01  9.18884607e-03  1.51275704e+07 
 5.38751253e+14  3.75509061e+33  1.77851000e+01  1.59301971e-01  7.45160000e+00  1.33087135e-01  7.54041987e-02  3.23911916e-01  9.18479331e-03  1.51291170e+07 
 5.40535942e+14  3.75785665e+33  1.77851000e+01  1.59293504e-01  7.45160000e+00  1.33084888e-01  7.53990455e-02  3.23871605e-01  9.18332381e-03  1.51307171e+07 
 5.42320632e+14  3.76060988e+33  1.77851000e+01  1.59285003e-01  7.45160000e+00  1.33082590e-01  7.53939177e-02  3.23831499e-01  9.18186306e-03  1.51323474e+07 
 5.44105321e+14  3.76336219e+33  1.77851000e+01  1.59276425e-01  7.45160000e+00  1.33080217e-01  7.53887944e-02  3.23791512e-01  9.18040544e-03  1.51340199e+07 
 5.45890010e+14  3.76610123e+33  1.77861000e+01  1.59267762e-01  7.45160000e+00  1.33077747e-01  7.53752155e-02  3.23751777e-01  9.17637639e-03  1.51357470e+07 
 5.47674700e+14  3.76883921e+33  1.77861000e+01  1.59259137e-01  7.45060000e+00  1.33049361e-01  7.53701310e-02  3.23973680e-01  9.17493243e-03  1.51374637e+07 
 5.49459389e+14  3.77156497e+33  1.77861000e+01  1.59250342e-01  7.45060000e+00  1.33046779e-01  7.53650478e-02  3.23933950e-01  9.17349211e-03  1.51392670e+07 
 5.51244078e+14  3.77428879e+33  1.77861000e+01  1.59241467e-01  7.45060000e+00  1.33044128e-01  7.53599678e-02  3.23894253e-01  9.17205442e-03  1.51411129e+07 
 5.53028768e+14  3.77700142e+33  1.77871000e+01  1.59232749e-01  7.45060000e+00  1.33041551e-01  7.53464663e-02  3.23855031e-01  9.16805287e-03  1.51429070e+07 
 5.54813457e+14  3.77971125e+33  1.77871000e+01  1.59223784e-01  7.45060000e+00  1.33038778e-01  7.53414225e-02  3.23815781e-01  9.16662898e-03  1.51448182e+07 
 5.56598146e+14  3.78241088e+33  1.77871000e+01  1.59214773e-01  7.44960000e+00  1.33010027e-01  7.53363963e-02  3.24038187e-01  9.16521161e-03  1.51467621e+07 
 5.58382836e+14  3.78510689e+33  1.77881000e+01  1.59205696e-01  7.44960000e+00  1.33007156e-01  7.53229036e-02  3.23998954e-01  9.16122113e-03  1.51487414e+07 
 5.60167525e+14  3.78779368e+33  1.77881000e+01  1.59196671e-01  7.44960000e+00  1.33004299e-01  7.53179133e-02  3.23959973e-01  9.15981568e-03  1.51507110e+07 
 5.61952214e+14  3.79047601e+33  1.77881000e+01  1.59187623e-01  7.44960000e+00  1.33001397e-01  7.53129412e-02  3.23921238e-01  9.15841666e-03  1.51527025e+07 
 5.63736904e+14  3.79315009e+33  1.77881000e+01  1.59178520e-01  7.44860000e+00  1.32972505e-01  7.53079863e-02  3.24144286e-01  9.15702434e-03  1.51547314e+07 
 5.65521593e+14  3.79581891e+33  1.77891000e+01  1.59169341e-01  7.44860000e+00  1.32969476e-01  7.52945705e-02  3.24105724e-01  9.15306218e-03  1.51568024e+07 
 5.67306282e+14  3.79848042e+33  1.77891000e+01  1.59160086e-01  7.44860000e+00  1.32966384e-01  7.52896299e-02  3.24067154e-01  9.15167749e-03  1.51589158e+07 
 5.69090972e+14  3.80113589e+33  1.77901000e+01  1.59150799e-01  7.44860000e+00  1.32963249e-01  7.52762404e-02  3.24028702e-01  9.14772688e-03  1.51610544e+07 
 5.70875661e+14  3.80378496e+33  1.77901000e+01  1.59141488e-01  7.44860000e+00  1.32960066e-01  7.52713368e-02  3.23990548e-01  9.14635553e-03  1.51632165e+07 
 5.72660350e+14  3.80642722e+33  1.77901000e+01  1.59132150e-01  7.44760000e+00  1.32930924e-01  7.52664515e-02  3.24214177e-01  9.14499060e-03  1.51654024e+07 
 5.74445040e+14  3.80906399e+33  1.77911000e+01  1.59122730e-01  7.44760000e+00  1.32927635e-01  7.52531095e-02  3.24176153e-01  9.14105920e-03  1.51676326e+07 
 5.76229729e+14  3.81169319e+33  1.77911000e+01  1.59113270e-01  7.44760000e+00  1.32924306e-01  7.52482428e-02  3.24138180e-01  9.13970270e-03  1.51698905e+07 
 5.78014418e+14  3.81431778e+33  1.77911000e+01  1.59103766e-01  7.44760000e+00  1.32920929e-01  7.52433877e-02  3.24100304e-01  9.13835080e-03  1.51721772e+07 
 5.79799108e+14  3.81693407e+33  1.77921000e+01  1.59094240e-01  7.44760000e+00  1.32917499e-01  7.52300991e-02  3.24062763e-01  9.13443991e-03  1.51744888e+07 
 5.81583797e+14  3.81954662e+33  1.77921000e+01  1.59084674e-01  7.44660000e+00  1.32888114e-01  7.52252804e-02  3.24286951e-01  9.13310131e-03  1.51768275e+07 
 5.83368486e+14  3.82215014e+33  1.77931000e+01  1.59075163e-01  7.44660000e+00  1.32884671e-01  7.52120336e-02  3.24249615e-01  9.12920444e-03  1.51791523e+07 
 5.85153176e+14  3.82475076e+33  1.77931000e+01  1.59065690e-01  7.44660000e+00  1.32881243e-01  7.52072619e-02  3.24212388e-01  9.12787916e-03  1.51814688e+07 
 5.86937865e+14  3.82734166e+33  1.77931000e+01  1.59056039e-01  7.44660000e+00  1.32877668e-01  7.52024895e-02  3.24175183e-01  9.12655708e-03  1.51838754e+07 
 5.88722554e+14  3.82993049e+33  1.77941000e+01  1.59046345e-01  7.44660000e+00  1.32874032e-01  7.51892779e-02  3.24138232e-01  9.12267653e-03  1.51863123e+07 
 5.90507244e+14  3.83250890e+33  1.77941000e+01  1.59036646e-01  7.44560000e+00  1.32844469e-01  7.51845439e-02  3.24363113e-01  9.12136806e-03  1.51887645e+07 
 5.92291933e+14  3.83508605e+33  1.77951000e+01  1.59027091e-01  7.44560000e+00  1.32840911e-01  7.51713885e-02  3.24326433e-01  9.11750366e-03  1.51911593e+07 
 5.94076622e+14  3.83765211e+33  1.77951000e+01  1.59017332e-01  7.44560000e+00  1.32837190e-01  7.51666797e-02  3.24289727e-01  9.11620453e-03  1.51936560e+07 
 5.95861312e+14  3.84021740e+33  1.77951000e+01  1.59007544e-01  7.44560000e+00  1.32833433e-01  7.51619802e-02  3.24253130e-01  9.11490901e-03  1.51961732e+07 
 5.97646001e+14  3.84277156e+33  1.77961000e+01  1.58997902e-01  7.44560000e+00  1.32829740e-01  7.51488845e-02  3.24217039e-01  9.11106669e-03  1.51986435e+07 
 5.99430690e+14  3.84532464e+33  1.77961000e+01  1.58988078e-01  7.44460000e+00  1.32800014e-01  7.51442231e-02  3.24442516e-01  9.10978441e-03  1.52011998e+07 
 6.01215379e+14  3.84786747e+33  1.77971000e+01  1.58978261e-01  7.44460000e+00  1.32796183e-01  7.51311373e-02  3.24406345e-01  9.10594957e-03  1.52037640e+07 
 6.03000069e+14  3.85040849e+33  1.77971000e+01  1.58968501e-01  7.44460000e+00  1.32792379e-01  7.51265181e-02  3.24370343e-01  9.10467964e-03  1.52063106e+07 
 6.04784758e+14  3.85294012e+33  1.77981000e+01  1.58958655e-01  7.44460000e+00  1.32788488e-01  7.51134694e-02  3.24334495e-01  9.10085823e-03  1.52089086e+07 
 6.06569447e+14  3.85546919e+33  1.77981000e+01  1.58948848e-01  7.44460000e+00  1.32784599e-01  7.51088871e-02  3.24298944e-01  9.09960137e-03  1.52114998e+07 
 6.08354137e+14  3.85798973e+33  1.77991000e+01  1.58938983e-01  7.44360000e+00  1.32754763e-01  7.50958780e-02  3.24525140e-01  9.09579413e-03  1.52141281e+07 
 6.10138826e+14  3.86050699e+33  1.77991000e+01  1.58929123e-01  7.44360000e+00  1.32750821e-01  7.50913204e-02  3.24489631e-01  9.09454625e-03  1.52167603e+07 
 6.11923515e+14  3.86301654e+33  1.77991000e+01  1.58919237e-01  7.44360000e+00  1.32746841e-01  7.50867796e-02  3.24454258e-01  9.09330421e-03  1.52194149e+07 
 6.13708205e+14  3.86552212e+33  1.78001000e+01  1.58909339e-01  7.44360000e+00  1.32742830e-01  7.50738189e-02  3.24419082e-01  9.08951422e-03  1.52220856e+07 
 6.15492894e+14  3.86802079e+33  1.78001000e+01  1.58899453e-01  7.44360000e+00  1.32738799e-01  7.50693196e-02  3.24384192e-01  9.08828580e-03  1.52247636e+07 
 6.17277583e+14  3.87051481e+33  1.78011000e+01  1.58889522e-01  7.44260000e+00  1.32708845e-01  7.50563954e-02  3.24611017e-01  9.08450911e-03  1.52274699e+07 
 6.19062273e+14  3.87300271e+33  1.78011000e+01  1.58879630e-01  7.44260000e+00  1.32704796e-01  7.50519258e-02  3.24576204e-01  9.08329039e-03  1.52301673e+07 
 6.20846962e+14  3.87548528e+33  1.78021000e+01  1.58869666e-01  7.44260000e+00  1.32700680e-01  7.50390312e-02  3.24541445e-01  9.07952463e-03  1.52329060e+07 
 6.22631651e+14  3.87796252e+33  1.78021000e+01  1.58859743e-01  7.44260000e+00  1.32696568e-01  7.50345954e-02  3.24506985e-01  9.07831764e-03  1.52356384e+07 
 6.24416341e+14  3.88043377e+33  1.78031000e+01  1.58849804e-01  7.44260000e+00  1.32692419e-01  7.50217483e-02  3.24472734e-01  9.07456770e-03  1.52383892e+07 
 6.26201030e+14  3.88290046e+33  1.78031000e+01  1.58839805e-01  7.44160000e+00  1.32662344e-01  7.50173372e-02  3.24700194e-01  9.07337026e-03  1.52411750e+07 
 6.27985719e+14  3.88536050e+33  1.78041000e+01  1.58829936e-01  7.44160000e+00  1.32658230e-01  7.50045331e-02  3.24666100e-01  9.06963349e-03  1.52439123e+07 
 6.29770409e+14  3.88781673e+33  1.78041000e+01  1.58819913e-01  7.44160000e+00  1.32653994e-01  7.50001493e-02  3.24631971e-01  9.06844527e-03  1.52467250e+07 
 6.31555098e+14  3.89026568e+33  1.78051000e+01  1.58809893e-01  7.44160000e+00  1.32649732e-01  7.49873641e-02  3.24598116e-01  9.06471850e-03  1.52495496e+07 
 6.33339787e+14  3.89271155e+33  1.78051000e+01  1.58799999e-01  7.44160000e+00  1.32645536e-01  7.49830387e-02  3.24564591e-01  9.06354679e-03  1.52523291e+07 
 6.35124477e+14  3.89514953e+33  1.78061000e+01  1.58790022e-01  7.44060000e+00  1.32615404e-01  7.49702972e-02  3.24792773e-01  9.05983409e-03  1.52551547e+07 
 6.36909166e+14  3.89758514e+33  1.78061000e+01  1.58779973e-01  7.44060000e+00  1.32611089e-01  7.49659777e-02  3.24759153e-01  9.05866732e-03  1.52580176e+07 
 6.38693855e+14  3.90001225e+33  1.78071000e+01  1.58769932e-01  7.44060000e+00  1.32606759e-01  7.49532601e-02  3.24725697e-01  9.05496432e-03  1.52608885e+07 
 6.40478545e+14  3.90243771e+33  1.78071000e+01  1.58760104e-01  7.44060000e+00  1.32602555e-01  7.49490097e-02  3.24692701e-01  9.05381559e-03  1.52636759e+07 
 6.42263234e+14  3.96826214e+33  1.78231000e+01  1.58458551e-01  7.43460000e+00  1.32315403e-01  7.46877621e-02  3.25276797e-01  8.97928287e-03  1.53513951e+07 
 6.44047923e+14  4.04078570e+33  1.78431000e+01  1.58083249e-01  7.42660000e+00  1.31946934e-01  7.43607160e-02  3.26122458e-01  8.88643923e-03  1.54603185e+07 
 6.45832613e+14  4.12005261e+33  1.78651000e+01  1.57645113e-01  7.41760000e+00  1.31532969e-01  7.39844985e-02  3.26958996e-01  8.78035739e-03  1.55849449e+07 
 6.47617302e+14  4.19961442e+33  1.78871000e+01  1.57189295e-01  7.40860000e+00  1.31121255e-01  7.35926874e-02  3.27652617e-01  8.67058224e-03  1.57109152e+07 
 6.49401991e+14  4.28163307e+33  1.79091000e+01  1.56711270e-01  7.39760000e+00  1.30660614e-01  7.31814666e-02  3.28694664e-01  8.55614245e-03  1.58384999e+07 
 6.51186681e+14  4.36392532e+33  1.79291000e+01  1.56229131e-01  7.38760000e+00  1.30236025e-01  7.27745954e-02  3.29355525e-01  8.44381445e-03  1.59620776e+07 
 6.52971370e+14  4.44856574e+33  1.79481000e+01  1.55733761e-01  7.37660000e+00  1.29793840e-01  7.23585007e-02  3.30116032e-01  8.32977803e-03  1.60834920e+07 
 6.54756059e+14  4.53366344e+33  1.79661000e+01  1.55239576e-01  7.36460000e+00  1.29339956e-01  7.19397934e-02  3.31028569e-01  8.21579974e-03  1.61985093e+07 
 6.56540749e+14  4.62099431e+33  1.79821000e+01  1.54738406e-01  7.35260000e+00  1.28897895e-01  7.15212729e-02  3.31787720e-01  8.10279189e-03  1.63085185e+07 
 6.58325438e+14  4.70897394e+33  1.79961000e+01  1.54241096e-01  7.34060000e+00  1.28471147e-01  7.11084878e-02  3.32439245e-01  7.99218416e-03  1.64106332e+07 
 6.60110127e+14  4.79906529e+33  1.80081000e+01  1.53741161e-01  7.32760000e+00  1.28033565e-01  7.06966951e-02  3.33207117e-01  7.88269309e-03  1.65056139e+07 
 6.61894817e+14  4.89000486e+33  1.80181000e+01  1.53247205e-01  7.31460000e+00  1.27612805e-01  7.02905902e-02  3.33867910e-01  7.77551389e-03  1.65912699e+07 
 6.63679506e+14  4.98292812e+33  1.80261000e+01  1.52753867e-01  7.30160000e+00  1.27208064e-01  6.98861602e-02  3.34387625e-01  7.66957287e-03  1.66681488e+07 
 6.65464195e+14  5.07690712e+33  1.80311000e+01  1.52267504e-01  7.28860000e+00  1.26820869e-01  6.94947519e-02  3.34797538e-01  7.56787944e-03  1.67346852e+07 
 6.67248884e+14  5.17273514e+33  1.80331000e+01  1.51784966e-01  7.27460000e+00  1.26426465e-01  6.91133574e-02  3.35336936e-01  7.46957512e-03  1.67908408e+07 
 6.69033574e+14  5.26983460e+33  1.80331000e+01  1.51310177e-01  7.26060000e+00  1.26050502e-01  6.87365921e-02  3.35762483e-01  7.37311581e-03  1.68356811e+07 
 6.70818263e+14  5.36864166e+33  1.80301000e+01  1.50842422e-01  7.24660000e+00  1.25693587e-01  6.83705847e-02  3.36061271e-01  7.28011225e-03  1.68686235e+07 
 6.72602952e+14  5.46894413e+33  1.80241000e+01  1.50383377e-01  7.23160000e+00  1.25331569e-01  6.80161642e-02  3.36506529e-01  7.19070649e-03  1.68891862e+07 
 6.74387642e+14  5.57080593e+33  1.80151000e+01  1.49933419e-01  7.21760000e+00  1.25013726e-01  6.76730612e-02  3.36565942e-01  7.10476021e-03  1.68969753e+07 
 6.76172331e+14  5.67439551e+33  1.80021000e+01  1.49493707e-01  7.20260000e+00  1.24692270e-01  6.73484118e-02  3.36767945e-01  7.02405731e-03  1.68910914e+07 
 6.77957020e+14  5.77938925e+33  1.79861000e+01  1.49066089e-01  7.18760000e+00  1.24391671e-01  6.70359955e-02  3.36859090e-01  6.94687496e-03  1.68713019e+07 
 6.79741710e+14  5.88635158e+33  1.79671000e+01  1.48648991e-01  7.17260000e+00  1.24112515e-01  6.67336140e-02  3.36819626e-01  6.87260226e-03  1.68371927e+07 
 6.81526399e+14  5.99455593e+33  1.79441000e+01  1.48246026e-01  7.15760000e+00  1.23854552e-01  6.64518246e-02  3.36678096e-01  6.80385954e-03  1.67886903e+07 
 6.83311088e+14  6.10497822e+33  1.79181000e+01  1.47855055e-01  7.14260000e+00  1.23619403e-01  6.61794708e-02  3.36400029e-01  6.73772942e-03  1.67247966e+07 
 6.85095778e+14  6.21647335e+33  1.78881000e+01  1.47480856e-01  7.12760000e+00  1.23406046e-01  6.59289452e-02  3.36031136e-01  6.67726569e-03  1.66459986e+07 
 6.86880467e+14  6.33044438e+33  1.78541000e+01  1.47119634e-01  7.11160000e+00  1.23192986e-01  6.56945750e-02  3.35786065e-01  6.62098150e-03  1.65511201e+07 
 6.88665156e+14  6.44531195e+33  1.78161000e+01  1.46776891e-01  7.09660000e+00  1.23025390e-01  6.54832707e-02  3.35193715e-01  6.57050458e-03  1.64415171e+07 
 6.90449846e+14  6.56292209e+33  1.77741000e+01  1.46448953e-01  7.08060000e+00  1.22859961e-01  6.52877605e-02  3.34719782e-01  6.52395838e-03  1.63149709e+07 
 6.92234535e+14  6.68124533e+33  1.77281000e+01  1.46141444e-01  7.06560000e+00  1.22739772e-01  6.51169206e-02  3.33910919e-01  6.48346354e-03  1.61740749e+07 
 6.94019224e+14  6.80258651e+33  1.76781000e+01  1.45850279e-01  7.04960000e+00  1.22623470e-01  6.49616030e-02  3.33214480e-01  6.44669663e-03  1.60157479e+07 
 6.95803914e+14  6.92445018e+33  1.76241000e+01  1.45581921e-01  7.03360000e+00  1.22529227e-01  6.48330056e-02  3.32467365e-01  6.41634473e-03  1.58435894e+07 
 6.97588603e+14  7.04961596e+33  1.75651000e+01  1.45330857e-01  7.01860000e+00  1.22486517e-01  6.47270323e-02  3.31286493e-01  6.39136544e-03  1.56540240e+07 
 6.99373292e+14  7.17510638e+33  1.75031000e+01  1.45104185e-01  7.00260000e+00  1.22442368e-01  6.46425854e-02  3.30339475e-01  6.37140288e-03  1.54517838e+07 
 7.01157982e+14  7.30419191e+33  1.74361000e+01  1.44897789e-01  6.98760000e+00  1.22451902e-01  6.45813484e-02  3.28955361e-01  6.35683456e-03  1.52316608e+07 
 7.02942671e+14  7.43348975e+33  1.73661000e+01  1.44715132e-01  6.97160000e+00  1.22458876e-01  6.45430664e-02  3.27812591e-01  6.34758424e-03  1.50009448e+07 
 7.04727360e+14  7.56649901e+33  1.72901000e+01  1.44555591e-01  6.95660000e+00  1.22520950e-01  6.45369834e-02  3.26236417e-01  6.34584537e-03  1.47526800e+07 
 7.06512050e+14  7.69982058e+33  1.72121000e+01  1.44423044e-01  6.94160000e+00  1.22604695e-01  6.45486051e-02  3.24642460e-01  6.34805065e-03  1.44942449e+07 
 7.08296739e+14  7.83672514e+33  1.71281000e+01  1.44315564e-01  6.92560000e+00  1.22698516e-01  6.45951180e-02  3.23169797e-01  6.35838604e-03  1.42198614e+07 
 7.10081428e+14  7.97416880e+33  1.70411000e+01  1.44234449e-01  6.91060000e+00  1.22836447e-01  6.46675611e-02  3.21403285e-01  6.37469553e-03  1.39370528e+07 
 7.11866118e+14  8.11506140e+33  1.69501000e+01  1.44180396e-01  6.89560000e+00  1.23007019e-01  6.47628831e-02  3.19500986e-01  6.39617356e-03  1.36401415e+07 
 7.13650807e+14  8.25672709e+33  1.68551000e+01  1.44154231e-01  6.88160000e+00  1.23222442e-01  6.48934741e-02  3.17305629e-01  6.42594526e-03  1.33359851e+07 
 7.15435496e+14  8.40170215e+33  1.67571000e+01  1.44157354e-01  6.86660000e+00  1.23448507e-01  6.50427633e-02  3.15264017e-01  6.45987616e-03  1.30197566e+07 
 7.17220186e+14  8.54769143e+33  1.66551000e+01  1.44190751e-01  6.85260000e+00  1.23720825e-01  6.52297615e-02  3.12934637e-01  6.50275908e-03  1.26974132e+07 
 7.19004875e+14  8.69684502e+33  1.65491000e+01  1.44254483e-01  6.83760000e+00  1.24003529e-01  6.54467701e-02  3.10774652e-01  6.55270434e-03  1.23655734e+07 
 7.20789564e+14  8.84726106e+33  1.64401000e+01  1.44349321e-01  6.82360000e+00  1.24333132e-01  6.56958954e-02  3.08327261e-01  6.61034738e-03  1.20293238e+07 
 7.22574254e+14  9.00069092e+33  1.63281000e+01  1.44476816e-01  6.80960000e+00  1.24695132e-01  6.59715495e-02  3.05797409e-01  6.67430489e-03  1.16858920e+07 
 7.24358943e+14  9.15563848e+33  1.62141000e+01  1.44636427e-01  6.79660000e+00  1.25104684e-01  6.62735337e-02  3.02980571e-01  6.74465218e-03  1.13397569e+07 
 7.26143632e+14  9.31344406e+33  1.60961000e+01  1.44830316e-01  6.78360000e+00  1.25546214e-01  6.66146680e-02  3.00102036e-01  6.82469383e-03  1.09889822e+07 
 7.27928322e+14  9.47302953e+33  1.59761000e+01  1.45056977e-01  6.77060000e+00  1.26014440e-01  6.69845410e-02  2.97210050e-01  6.91196136e-03  1.06372759e+07 
 7.29713011e+14  9.63531198e+33  1.58531000e+01  1.45319924e-01  6.75760000e+00  1.26514563e-01  6.73905784e-02  2.94280886e-01  7.00842922e-03  1.02833414e+07 
 7.31497700e+14  9.79964334e+33  1.57291000e+01  1.45616789e-01  6.74460000e+00  1.27042570e-01  6.78195494e-02  2.91340338e-01  7.11086380e-03  9.93008241e+06 
 7.33282389e+14  9.96650554e+33  1.56021000e+01  1.45951686e-01  6.73260000e+00  1.27623378e-01  6.82900330e-02  2.88113781e-01  7.22420530e-03  9.57697092e+06 
 7.35067079e+14  1.01356924e+34  1.54741000e+01  1.46321572e-01  6.72060000e+00  1.28233141e-01  6.87861289e-02  2.84877388e-01  7.34450709e-03  9.22605915e+06 
 7.36851768e+14  1.03072390e+34  1.53441000e+01  1.46728638e-01  6.70960000e+00  1.28893923e-01  6.93193397e-02  2.81369729e-01  7.47497605e-03  8.87791231e+06 
 7.38636457e+14  1.04813925e+34  1.52131000e+01  1.47173954e-01  6.69860000e+00  1.29585820e-01  6.98820230e-02  2.77864249e-01  7.61374829e-03  8.53297962e+06 
 7.40421147e+14  1.06577298e+34  1.50811000e+01  1.47657113e-01  6.68760000e+00  1.30306768e-01  7.04778476e-02  2.74385201e-01  7.76204857e-03  8.19290591e+06 
 7.42205836e+14  1.08369628e+34  1.49481000e+01  1.48180231e-01  6.67660000e+00  1.31060458e-01  7.11063416e-02  2.70913445e-01  7.91991832e-03  7.85719830e+06 
 7.43990525e+14  1.10181990e+34  1.48151000e+01  1.48741642e-01  6.66660000e+00  1.31863064e-01  7.17634274e-02  2.67217383e-01  8.08651861e-03  7.52818100e+06 
 7.45775215e+14  1.12026258e+34  1.46811000e+01  1.49344788e-01  6.65660000e+00  1.32699994e-01  7.24564291e-02  2.63534358e-01  8.26404103e-03  7.20449379e+06 
 7.47559904e+14  1.13888708e+34  1.45471000e+01  1.49982291e-01  6.64760000e+00  1.33582748e-01  7.31803539e-02  2.59628491e-01  8.45152899e-03  6.88947088e+06 
 7.49344593e+14  1.15786075e+34  1.44121000e+01  1.50667133e-01  6.63860000e+00  1.34503176e-01  7.39459659e-02  2.55761769e-01  8.65210098e-03  6.58011774e+06 
 7.51129283e+14  1.17699730e+34  1.42791000e+01  1.51385701e-01  6.62960000e+00  1.35447304e-01  7.47261250e-02  2.51964003e-01  8.85842850e-03  6.28065525e+06 
 7.52913972e+14  1.19651370e+34  1.41451000e+01  1.52154072e-01  6.62160000e+00  1.36451717e-01  7.55515634e-02  2.47942388e-01  9.07944838e-03  5.98742454e+06 
 7.54698661e+14  1.21617367e+34  1.40121000e+01  1.52955251e-01  6.61360000e+00  1.37478219e-01  7.64054719e-02  2.44007546e-01  9.31093338e-03  5.70500176e+06 
 7.56483351e+14  1.23624471e+34  1.38801000e+01  1.53803413e-01  6.60560000e+00  1.38544312e-01  7.72832883e-02  2.40100031e-01  9.55133342e-03  5.42957072e+06 
 7.58268040e+14  1.25643962e+34  1.37491000e+01  1.54688922e-01  6.59860000e+00  1.39653717e-01  7.81962334e-02  2.36056523e-01  9.80476721e-03  5.16512648e+06 
 7.60052729e+14  1.27707738e+34  1.36181000e+01  1.55625106e-01  6.59260000e+00  1.40825662e-01  7.91481202e-02  2.31787362e-01  1.00723560e-02  4.90776482e+06 
 7.61837419e+14  1.29781895e+34  1.34901000e+01  1.56593544e-01  6.58560000e+00  1.41996885e-01  8.01125194e-02  2.27915630e-01  1.03466060e-02  4.66200651e+06 
 7.63622108e+14  1.31903564e+34  1.33611000e+01  1.57614900e-01  6.57960000e+00  1.43232751e-01  8.11305244e-02  2.23825469e-01  1.06403970e-02  4.42334625e+06 
 7.65406797e+14  1.34033578e+34  1.32361000e+01  1.58667164e-01  6.57460000e+00  1.44506703e-01  8.21507090e-02  2.19610107e-01  1.09380472e-02  4.19636320e+06 
 7.67191487e+14  1.36214378e+34  1.31101000e+01  1.59774730e-01  6.56960000e+00  1.45827210e-01  8.32277378e-02  2.15453489e-01  1.12571328e-02  3.97636029e+06 
 7.68976176e+14  1.38401457e+34  1.29881000e+01  1.60916223e-01  6.56460000e+00  1.47165698e-01  8.43111250e-02  2.11479953e-01  1.15819547e-02  3.76772513e+06 
 7.70760865e+14  1.40642642e+34  1.28661000e+01  1.62111525e-01  6.56060000e+00  1.48571563e-01  8.54386050e-02  2.07282403e-01  1.19247714e-02  3.56601858e+06 
 7.72545555e+14  1.42888014e+34  1.27471000e+01  1.63333933e-01  6.55660000e+00  1.49991469e-01  8.65822088e-02  2.03246968e-01  1.22773467e-02  3.37557507e+06 
 7.74330244e+14  1.45190850e+34  1.26291000e+01  1.64619362e-01  6.55260000e+00  1.51463742e-01  8.77638767e-02  1.99301063e-01  1.26464792e-02  3.19150442e+06 
 7.76114933e+14  1.47495813e+34  1.25151000e+01  1.65928374e-01  6.54960000e+00  1.52967597e-01  8.89463961e-02  1.95252798e-01  1.30204816e-02  3.01830947e+06 
 7.77899623e+14  1.49861532e+34  1.24011000e+01  1.67302649e-01  6.54660000e+00  1.54526046e-01  9.01823803e-02  1.91299899e-01  1.34173110e-02  2.85115497e+06 
 7.79684312e+14  1.52229441e+34  1.22901000e+01  1.68699522e-01  6.54460000e+00  1.56115525e-01  9.14326998e-02  1.87248270e-01  1.38245898e-02  2.69419150e+06 
 7.81469001e+14  1.54657250e+34  1.21801000e+01  1.70160222e-01  6.54260000e+00  1.57758501e-01  9.27236364e-02  1.83297300e-01  1.42509818e-02  2.54318067e+06 
 7.83253691e+14  1.57089399e+34  1.20741000e+01  1.71647396e-01  6.54060000e+00  1.59414864e-01  9.40150073e-02  1.79525821e-01  1.46829847e-02  2.40143302e+06 
 7.85038380e+14  1.59580601e+34  1.19681000e+01  1.73192977e-01  6.53960000e+00  1.61142110e-01  9.53596845e-02  1.75575971e-01  1.51399536e-02  2.26551836e+06 
 7.86823069e+14  1.62078295e+34  1.18661000e+01  1.74767747e-01  6.53860000e+00  1.62884638e-01  9.67045899e-02  1.71818050e-01  1.56028841e-02  2.13799579e+06 
 7.88607759e+14  1.64634215e+34  1.17661000e+01  1.76403503e-01  6.53860000e+00  1.64698598e-01  9.80741049e-02  1.67914077e-01  1.60801095e-02  2.01596985e+06 
 7.90392448e+14  1.67198775e+34  1.16681000e+01  1.78066634e-01  6.53860000e+00  1.66528006e-01  9.94721112e-02  1.64183392e-01  1.65751774e-02  1.90157969e+06 
 7.92177137e+14  1.69820754e+34  1.15721000e+01  1.79790073e-01  6.53860000e+00  1.68408148e-01  1.00894855e-01  1.60564693e-01  1.70853684e-02  1.79235929e+06 
 7.93961827e+14  1.72453514e+34  1.14791000e+01  1.81541390e-01  6.53960000e+00  1.70324801e-01  1.02327029e-01  1.56866100e-01  1.76060489e-02  1.69001748e+06 
 7.95746516e+14  1.75142915e+34  1.13871000e+01  1.83352334e-01  6.54060000e+00  1.72291501e-01  1.03801185e-01  1.53285610e-01  1.81499326e-02  1.59249054e+06 
 7.97531205e+14  1.77845222e+34  1.12991000e+01  1.85193163e-01  6.54160000e+00  1.74276387e-01  1.05265190e-01  1.49876847e-01  1.86961774e-02  1.50112106e+06 
 7.99315894e+14  1.80603425e+34  1.12121000e+01  1.87092793e-01  6.54360000e+00  1.76330586e-01  1.06770509e-01  1.46346043e-01  1.92660926e-02  1.41420233e+06 
 8.01100584e+14  1.83376641e+34  1.11271000e+01  1.89020664e-01  6.54560000e+00  1.78403273e-01  1.08298297e-01  1.42967351e-01  1.98533472e-02  1.33280205e+06 
 8.02885273e+14  1.86205048e+34  1.10451000e+01  1.91006701e-01  6.54760000e+00  1.80524642e-01  1.09828389e-01  1.39711863e-01  2.04473428e-02  1.25548203e+06 
 8.04669962e+14  1.89050545e+34  1.09651000e+01  1.93024757e-01  6.55060000e+00  1.82686819e-01  1.11381059e-01  1.36386518e-01  2.10591069e-02  1.18305854e+06 
 8.06454652e+14  1.91950576e+34  1.08871000e+01  1.95098333e-01  6.55360000e+00  1.84896319e-01  1.12951899e-01  1.33174534e-01  2.16853584e-02  1.11436702e+06 
 8.08239341e+14  1.94869740e+34  1.08111000e+01  1.97203459e-01  6.55660000e+00  1.87127338e-01  1.14541906e-01  1.30115522e-01  2.23283346e-02  1.05002948e+06 
 8.10024030e+14  1.97842836e+34  1.07371000e+01  1.99365458e-01  6.56060000e+00  1.89425907e-01  1.16150366e-01  1.26952491e-01  2.29864729e-02  9.89067969e+05 
 8.11808720e+14  2.00837066e+34  1.06651000e+01  2.01559491e-01  6.56460000e+00  1.91747011e-01  1.17775237e-01  1.23937319e-01  2.36604778e-02  9.31966471e+05 
 8.13593409e+14  2.03884687e+34  1.05951000e+01  2.03808131e-01  6.56960000e+00  1.94134612e-01  1.19414910e-01  1.20812398e-01  2.43482899e-02  8.77919324e+05 
 8.15378098e+14  2.06955393e+34  1.05281000e+01  2.06090156e-01  6.57360000e+00  1.96525924e-01  1.21045788e-01  1.18059560e-01  2.50393115e-02  8.27283813e+05 
 8.17162788e+14  2.10079017e+34  1.04621000e+01  2.08426277e-01  6.57860000e+00  1.98983269e-01  1.22711711e-01  1.15198920e-01  2.57547734e-02  7.79395861e+05 
 8.18947477e+14  2.13227620e+34  1.03981000e+01  2.10796264e-01  6.58360000e+00  2.01465491e-01  1.24388498e-01  1.12476735e-01  2.64838260e-02  7.34521494e+05 
 8.20732166e+14  2.16428749e+34  1.03361000e+01  2.13220091e-01  6.58960000e+00  2.04013451e-01  1.26075378e-01  1.09653631e-01  2.72247644e-02  6.92110443e+05 
 8.22516856e+14  2.19656682e+34  1.02761000e+01  2.15677821e-01  6.59560000e+00  2.06587123e-01  1.27769082e-01  1.06960782e-01  2.79771931e-02  6.52359057e+05 
 8.24301545e+14  2.22936834e+34  1.02171000e+01  2.18188657e-01  6.60160000e+00  2.09205768e-01  1.29494943e-01  1.04384370e-01  2.87538407e-02  6.14810976e+05 
 8.26086234e+14  2.26245539e+34  1.01611000e+01  2.20734070e-01  6.60760000e+00  2.11851087e-01  1.31199127e-01  1.01930542e-01  2.95262559e-02  5.79606876e+05 
 8.27870924e+14  2.29606255e+34  1.01061000e+01  2.23331891e-01  6.61460000e+00  2.14561330e-01  1.32932813e-01  9.93771904e-02  3.03216830e-02  5.46368836e+05 
 8.29655613e+14  2.32997186e+34  1.00531000e+01  2.25964901e-01  6.62160000e+00  2.17299202e-01  1.34666770e-01  9.69429406e-02  3.11249532e-02  5.15195632e+05 
 8.31440302e+14  2.36440026e+34  1.00011000e+01  2.28649760e-01  6.62860000e+00  2.20081225e-01  1.36428344e-01  9.46185276e-02  3.19506736e-02  4.85773145e+05 
 8.33224992e+14  2.39914645e+34  9.95110000e+00  2.31370372e-01  6.63560000e+00  2.22891696e-01  1.38187055e-01  9.24058367e-02  3.27823907e-02  4.58169034e+05 
 8.35009681e+14  2.43441187e+34  9.90310000e+00  2.34142150e-01  6.64360000e+00  2.25766531e-01  1.39942788e-01  9.00936684e-02  3.36185961e-02  4.32121388e+05 
 8.36794370e+14  2.47000968e+34  9.85610000e+00  2.36949026e-01  6.65160000e+00  2.28670246e-01  1.41718847e-01  8.78828388e-02  3.44743264e-02  4.07675901e+05 
 8.38579060e+14  2.50612812e+34  9.81110000e+00  2.39807617e-01  6.65960000e+00  2.31617871e-01  1.43489610e-01  8.57796613e-02  3.53329496e-02  3.84611195e+05 
 8.40363749e+14  2.54259235e+34  9.76710000e+00  2.42702913e-01  6.66760000e+00  2.34595332e-01  1.45279437e-01  8.37791956e-02  3.62104177e-02  3.62956969e+05 
 8.42148438e+14  2.57958001e+34  9.72510000e+00  2.45646798e-01  6.67660000e+00  2.37636500e-01  1.47057380e-01  8.16675762e-02  3.70862830e-02  3.42528356e+05 
 8.43933128e+14  2.61692556e+34  9.68410000e+00  2.48629190e-01  6.68460000e+00  2.40687712e-01  1.48853247e-01  7.98584808e-02  3.79802355e-02  3.23341751e+05 
 8.45717817e+14  2.65479884e+34  9.64410000e+00  2.51659770e-01  6.69360000e+00  2.43802573e-01  1.50664545e-01  7.79360083e-02  3.88896688e-02  3.05240514e+05 
 8.47502506e+14  2.69304067e+34  9.60610000e+00  2.54728976e-01  6.70360000e+00  2.46969718e-01  1.52460018e-01  7.59262186e-02  3.97954644e-02  2.88234340e+05 
 8.49287196e+14  2.73181616e+34  9.56810000e+00  2.57845918e-01  6.71260000e+00  2.50158700e-01  1.54299892e-01  7.41819826e-02  4.07355987e-02  2.72188459e+05 
 8.51071885e+14  2.77096932e+34  9.53310000e+00  2.61002090e-01  6.72260000e+00  2.53400468e-01  1.56088682e-01  7.23512907e-02  4.16482904e-02  2.57108464e+05 
 8.52856574e+14  2.81066382e+34  9.49810000e+00  2.64205553e-01  6.73160000e+00  2.56663957e-01  1.57919342e-01  7.07746652e-02  4.25936624e-02  2.42877533e+05 
 8.54641264e+14  2.85074342e+34  9.46510000e+00  2.67445738e-01  6.74160000e+00  2.59979734e-01  1.59724749e-01  6.90945670e-02  4.35278130e-02  2.29500084e+05 
 8.56425953e+14  2.89137393e+34  9.43310000e+00  2.70735587e-01  6.75260000e+00  2.63360644e-01  1.61539078e-01  6.73126774e-02  4.44722984e-02  2.16871966e+05 
 8.58210642e+14  2.93239513e+34  9.40210000e+00  2.74062295e-01  6.76260000e+00  2.66751558e-01  1.63358899e-01  6.57917028e-02  4.54259008e-02  2.04998086e+05 
 8.59995332e+14  2.97397884e+34  9.37210000e+00  2.77440448e-01  6.77260000e+00  2.70187056e-01  1.65187070e-01  6.43536749e-02  4.63892456e-02  1.93785543e+05 
 8.61780021e+14  3.01595688e+34  9.34310000e+00  2.80852612e-01  6.78360000e+00  2.73674401e-01  1.67015493e-01  6.27991241e-02  4.73577460e-02  1.83240746e+05 
 8.63564710e+14  3.05851118e+34  9.31510000e+00  2.84315102e-01  6.79460000e+00  2.77206621e-01  1.68848252e-01  6.13166283e-02  4.83327280e-02  1.73279685e+05 
 8.65349399e+14  3.10146132e+34  9.28810000e+00  2.87811049e-01  6.80560000e+00  2.80768903e-01  1.70678606e-01  5.98918711e-02  4.93105530e-02  1.63909964e+05 
 8.67134089e+14  3.14500381e+34  9.26210000e+00  2.91359233e-01  6.81660000e+00  2.84377112e-01  1.72512394e-01  5.85422503e-02  5.02937017e-02  1.55054860e+05 
 8.68918778e+14  3.18894135e+34  9.23810000e+00  2.94942627e-01  6.82860000e+00  2.88037228e-01  1.74305995e-01  5.70917968e-02  5.12515136e-02  1.46723829e+05 
 8.70703467e+14  3.23348982e+34  9.21410000e+00  2.98577485e-01  6.83960000e+00  2.91721987e-01  1.76136198e-01  5.58731311e-02  5.22381351e-02  1.38846640e+05 
 8.72488157e+14  3.27843012e+34  9.19110000e+00  3.02244854e-01  6.85160000e+00  2.95457554e-01  1.77959149e-01  5.45424009e-02  5.32230260e-02  1.31434937e+05 
 8.74272846e+14  3.32400256e+34  9.16810000e+00  3.05962983e-01  6.86360000e+00  2.99240271e-01  1.79816449e-01  5.32631343e-02  5.42351610e-02  1.24423264e+05 
 8.76057535e+14  3.36996099e+34  9.14710000e+00  3.09716305e-01  6.87560000e+00  3.03051924e-01  1.81628978e-01  5.20577864e-02  5.52169812e-02  1.17825103e+05 
 8.77842225e+14  3.41657557e+34  9.12710000e+00  3.13518852e-01  6.88760000e+00  3.06911319e-01  1.83431289e-01  5.08849390e-02  5.61914121e-02  1.11579413e+05 
 8.79626914e+14  3.46356752e+34  9.10710000e+00  3.17356630e-01  6.89960000e+00  3.10798723e-01  1.85266712e-01  4.97897731e-02  5.71941223e-02  1.05701810e+05 
 8.81411603e+14  3.51124263e+34  9.08910000e+00  3.21244741e-01  6.91160000e+00  3.14735228e-01  1.87049067e-01  4.87225121e-02  5.81555375e-02  1.00134498e+05 
 8.83196293e+14  3.55928350e+34  9.07110000e+00  3.25164574e-01  6.92460000e+00  3.18720233e-01  1.88860240e-01  4.75625778e-02  5.91416305e-02  9.48954361e+04 
 8.84980982e+14  3.60803771e+34  9.05310000e+00  3.29140228e-01  6.93660000e+00  3.22734535e-01  1.90703560e-01  4.66060752e-02  6.01520947e-02  8.99292341e+04 
 8.86765671e+14  3.65714291e+34  9.03710000e+00  3.33140914e-01  6.94960000e+00  3.26794643e-01  1.92484841e-01  4.55303541e-02  6.11156806e-02  8.52563249e+04 
 8.88550361e+14  3.70699498e+34  9.02110000e+00  3.37199646e-01  6.96260000e+00  3.30908534e-01  1.94297364e-01  4.45026537e-02  6.21021201e-02  8.08233305e+04 
 8.90335050e+14  3.75717992e+34  9.00610000e+00  3.41283212e-01  6.97560000e+00  3.35044226e-01  1.96089207e-01  4.35189140e-02  6.30737675e-02  7.66525050e+04 
 8.92119739e+14  3.80814882e+34  8.99210000e+00  3.45428434e-01  6.98860000e+00  3.39236111e-01  1.97869569e-01  4.25881397e-02  6.40333384e-02  7.26925233e+04 
 8.93904429e+14  3.85942888e+34  8.97810000e+00  3.49593213e-01  7.00160000e+00  3.43446916e-01  1.99667217e-01  4.16832938e-02  6.50082164e-02  6.89674009e+04 
 8.95689118e+14  3.91153376e+34  8.96510000e+00  3.53821747e-01  7.01460000e+00  3.47716124e-01  2.01451902e-01  4.08278712e-02  6.59688706e-02  6.54275271e+04 
 8.97473807e+14  3.96392431e+34  8.95210000e+00  3.58069690e-01  7.02860000e+00  3.52025358e-01  2.03254965e-01  3.98640832e-02  6.69458593e-02  6.20981877e+04 
 8.99258497e+14  4.01718450e+34  8.94010000e+00  3.62382838e-01  7.04160000e+00  3.56372312e-01  2.05042648e-01  3.90870025e-02  6.79055957e-02  5.89315298e+04 
 9.01043186e+14  4.07070089e+34  8.92910000e+00  3.66712424e-01  7.05560000e+00  3.60756546e-01  2.06800662e-01  3.82019588e-02  6.88417565e-02  5.59539353e+04 
 9.02827875e+14  4.12513593e+34  8.91810000e+00  3.71105901e-01  7.06860000e+00  3.65180492e-01  2.08583615e-01  3.74770348e-02  6.97928044e-02  5.31191864e+04 
 9.04612565e+14  4.17979346e+34  8.90810000e+00  3.75514171e-01  7.08260000e+00  3.69638936e-01  2.10335941e-01  3.66534593e-02  7.07192250e-02  5.04544683e+04 
 9.06397254e+14  4.23542305e+34  8.89910000e+00  3.79994647e-01  7.09660000e+00  3.74164499e-01  2.12070869e-01  3.58732618e-02  7.16240473e-02  4.79148659e+04 
 9.08181943e+14  4.29123697e+34  8.89010000e+00  3.84479855e-01  7.11060000e+00  3.78696679e-01  2.13812802e-01  3.51017722e-02  7.25354352e-02  4.55285564e+04 
 9.09966633e+14  4.34808101e+34  8.88110000e+00  3.89041940e-01  7.12460000e+00  3.83299609e-01  2.15586237e-01  3.43776440e-02  7.34656672e-02  4.32518307e+04 
 9.11751322e+14  4.40506653e+34  8.87310000e+00  3.93608427e-01  7.13860000e+00  3.87905886e-01  2.17320391e-01  3.36782663e-02  7.43634147e-02  4.11133292e+04 
 9.13536011e+14  4.46314511e+34  8.86610000e+00  3.98250028e-01  7.15260000e+00  3.92585750e-01  2.19030867e-01  3.29974228e-02  7.52761572e-02  3.90939789e+04 
 9.15320701e+14  4.52131735e+34  8.85810000e+00  4.02892104e-01  7.16660000e+00  3.97264796e-01  2.20798375e-01  3.23418780e-02  7.61497750e-02  3.71531910e+04 
 9.17105390e+14  4.58065073e+34  8.85210000e+00  4.07619989e-01  7.18060000e+00  4.02022397e-01  2.22498894e-01  3.17350531e-02  7.70000169e-02  3.53194062e+04 
 9.18890079e+14  4.64002475e+34  8.84610000e+00  4.12338924e-01  7.19560000e+00  4.06798198e-01  2.24199502e-01  3.09992419e-02  7.78513194e-02  3.35986567e+04 
 9.20674769e+14  4.70063337e+34  8.84010000e+00  4.17147923e-01  7.20960000e+00  4.11632694e-01  2.25932840e-01  3.04405490e-02  7.87195435e-02  3.19511435e+04 
 9.22459458e+14  4.76124200e+34  8.83510000e+00  4.21942390e-01  7.22360000e+00  4.16457336e-01  2.27611777e-01  2.98724491e-02  7.95415354e-02  3.04056230e+04 
 9.24244147e+14  4.82312863e+34  8.83010000e+00  4.26829066e-01  7.23860000e+00  4.21391353e-01  2.29323104e-01  2.92234422e-02  8.03793707e-02  2.89248529e+04 
 9.26028837e+14  4.88503312e+34  8.82510000e+00  4.31706067e-01  7.25260000e+00  4.26292253e-01  2.31035090e-01  2.87110312e-02  8.12186530e-02  2.75347778e+04 
 9.27813526e+14  4.94817215e+34  8.82110000e+00  4.36669154e-01  7.26760000e+00  4.31298216e-01  2.32723697e-01  2.81099723e-02  8.20250170e-02  2.62038958e+04 
 9.29598215e+14  5.01139330e+34  8.81810000e+00  4.41624672e-01  7.28260000e+00  4.36299375e-01  2.34357916e-01  2.75107788e-02  8.28329456e-02  2.49677807e+04 
 9.31382904e+14  5.07579969e+34  8.81410000e+00  4.46659361e-01  7.29660000e+00  4.41351274e-01  2.36070047e-01  2.70600311e-02  8.35976995e-02  2.37558390e+04 
 9.33167594e+14  5.14035846e+34  8.81110000e+00  4.51696674e-01  7.31160000e+00  4.46428134e-01  2.37733777e-01  2.65132217e-02  8.43683647e-02  2.26289393e+04 
 9.34952283e+14  5.20604702e+34  8.80910000e+00  4.56803546e-01  7.32660000e+00  4.51575026e-01  2.39361695e-01  2.59723442e-02  8.51465612e-02  2.15648210e+04 
 9.36736972e+14  5.27196456e+34  8.80610000e+00  4.61916323e-01  7.34160000e+00  4.56726681e-01  2.41047910e-01  2.54504174e-02  8.58713223e-02  2.05361035e+04 
 9.38521662e+14  5.33894996e+34  8.80410000e+00  4.67100106e-01  7.35660000e+00  4.61943324e-01  2.42703070e-01  2.49654060e-02  8.66084195e-02  1.95660653e+04 
 9.40306351e+14  5.40624757e+34  8.80310000e+00  4.72289052e-01  7.37060000e+00  4.67144068e-01  2.44301554e-01  2.45883618e-02  8.73443931e-02  1.86613129e+04 
 9.42091040e+14  5.47454437e+34  8.80110000e+00  4.77539060e-01  7.38560000e+00  4.72428736e-01  2.45973085e-01  2.41131224e-02  8.80283673e-02  1.77758880e+04 
 9.43875730e+14  5.54324351e+34  8.80010000e+00  4.82805702e-01  7.40060000e+00  4.77728904e-01  2.47594252e-01  2.36539172e-02  8.87157361e-02  1.69490408e+04 
 9.45660419e+14  5.61286609e+34  8.80010000e+00  4.88126553e-01  7.41560000e+00  4.83081095e-01  2.49173894e-01  2.32125465e-02  8.94098465e-02  1.61707291e+04 
 9.47445108e+14  5.68298840e+34  8.79910000e+00  4.93470234e-01  7.43060000e+00  4.88454776e-01  2.50816506e-01  2.27868333e-02  9.00454822e-02  1.54140502e+04 
 9.49229798e+14  5.75395098e+34  8.79910000e+00  4.98860843e-01  7.44560000e+00  4.93873407e-01  2.52414757e-01  2.23775442e-02  9.06860470e-02  1.47029012e+04 
 9.51014487e+14  5.82551826e+34  8.79910000e+00  5.04278996e-01  7.46060000e+00  4.99319872e-01  2.54018782e-01  2.19754095e-02  9.13245005e-02  1.40278966e+04 
 9.52799176e+14  5.89783489e+34  8.80010000e+00  5.09731579e-01  7.47560000e+00  5.04803668e-01  2.55570287e-01  2.15683518e-02  9.19630929e-02  1.33940614e+04 
 9.54583866e+14  5.97086907e+34  8.80010000e+00  5.15226261e-01  7.49060000e+00  5.10322386e-01  2.57194232e-01  2.11999533e-02  9.25456144e-02  1.27753353e+04 
 9.56368555e+14  6.04455361e+34  8.80110000e+00  5.20746044e-01  7.50560000e+00  5.15870390e-01  2.58761640e-01  2.08212097e-02  9.31255752e-02  1.21952927e+04 
 9.58153244e+14  6.11907679e+34  8.80310000e+00  5.26313345e-01  7.52060000e+00  5.21460560e-01  2.60283720e-01  2.04716498e-02  9.37123946e-02  1.16498861e+04 
 9.59937934e+14  6.19414289e+34  8.80410000e+00  5.31895966e-01  7.53560000e+00  5.27071532e-01  2.61862848e-01  2.01069042e-02  9.42863818e-02  1.11252224e+04 
 9.61722623e+14  6.27017733e+34  8.80510000e+00  5.37534910e-01  7.55160000e+00  5.32759109e-01  2.63458544e-01  1.96680980e-02  9.48052371e-02  1.06179041e+04 
 9.63507312e+14  6.34663842e+34  8.80710000e+00  5.43184569e-01  7.56660000e+00  5.38431813e-01  2.64994150e-01  1.93398575e-02  9.53225615e-02  1.01435881e+04 
 9.65292002e+14  6.42420652e+34  8.80910000e+00  5.48893799e-01  7.58160000e+00  5.44162780e-01  2.66542858e-01  1.90218175e-02  9.58383875e-02  9.69000396e+03 
 9.67076691e+14  6.50207581e+34  8.81210000e+00  5.54603496e-01  7.59660000e+00  5.49895925e-01  2.68027090e-01  1.87045165e-02  9.63517068e-02  9.26641747e+03 
 9.68861380e+14  6.58120011e+34  8.81410000e+00  5.60382344e-01  7.61160000e+00  5.55696058e-01  2.69587766e-01  1.84000678e-02  9.67995760e-02  8.84931156e+03 
 9.70646070e+14  6.66049058e+34  8.81710000e+00  5.66148840e-01  7.62660000e+00  5.61488347e-01  2.71078306e-01  1.80858306e-02  9.73017034e-02  8.46573259e+03 
 9.72430759e+14  6.74119375e+34  8.82010000e+00  5.71995699e-01  7.64160000e+00  5.67356805e-01  2.72588098e-01  1.77915375e-02  9.77444798e-02  8.09215790e+03 
 9.74215448e+14  6.82191811e+34  8.82310000e+00  5.77823500e-01  7.65660000e+00  5.73206561e-01  2.74089544e-01  1.75036712e-02  9.81789005e-02  7.73956493e+03 
 9.76000138e+14  6.90422297e+34  8.82610000e+00  5.83741462e-01  7.67260000e+00  5.79169801e-01  2.75612541e-01  1.71343449e-02  9.86140122e-02  7.40028628e+03 
 9.77784827e+14  6.98652782e+34  8.82910000e+00  5.89630664e-01  7.68760000e+00  5.85085134e-01  2.77119889e-01  1.68426262e-02  9.89727215e-02  7.07564061e+03 
 9.79569516e+14  7.07032317e+34  8.83310000e+00  5.95606894e-01  7.70260000e+00  5.91078384e-01  2.78587768e-01  1.65876339e-02  9.94020506e-02  6.77221724e+03 
 9.81354206e+14  7.15425266e+34  8.83710000e+00  6.01564907e-01  7.71760000e+00  5.97059180e-01  2.80043536e-01  1.63183136e-02  9.97568572e-02  6.48108204e+03 
 9.83138895e+14  7.23952961e+34  8.84010000e+00  6.07589393e-01  7.73260000e+00  6.03107412e-01  2.81574762e-01  1.60492089e-02  1.00100500e-01  6.19782913e+03 
 9.84923584e+14  7.32510680e+34  8.84410000e+00  6.13613452e-01  7.74760000e+00  6.09152756e-01  2.83039779e-01  1.57950030e-02  1.00443597e-01  5.93313868e+03 
 9.86708274e+14  7.41187736e+34  8.84910000e+00  6.19695064e-01  7.76260000e+00  6.15253523e-01  2.84451729e-01  1.55519408e-02  1.00788886e-01  5.68311385e+03 
 9.88492963e+14  7.49912545e+34  8.85310000e+00  6.25781613e-01  7.77760000e+00  6.21362637e-01  2.85922797e-01  1.53024110e-02  1.01117994e-01  5.44201435e+03 
 9.90277652e+14  7.58740131e+34  8.85810000e+00  6.31911908e-01  7.79260000e+00  6.27515045e-01  2.87335817e-01  1.50584987e-02  1.01383972e-01  5.21144163e+03 
 9.92062342e+14  7.67634362e+34  8.86210000e+00  6.38060866e-01  7.80760000e+00  6.33686747e-01  2.88813475e-01  1.48173347e-02  1.01699225e-01  4.99181761e+03 
 9.93847031e+14  7.76613616e+34  8.86710000e+00  6.44243595e-01  7.82260000e+00  6.39888423e-01  2.90231811e-01  1.45931885e-02  1.01952588e-01  4.78216019e+03 
 9.95631720e+14  7.85679612e+34  8.87210000e+00  6.50453225e-01  7.83760000e+00  6.46121652e-01  2.91649397e-01  1.43576666e-02  1.02195420e-01  4.58196320e+03 
 9.97416410e+14  7.94811637e+34  8.87710000e+00  6.56678797e-01  7.85260000e+00  6.52371906e-01  2.93065513e-01  1.41232816e-02  1.02429632e-01  4.39121379e+03 
 9.99201099e+14  8.04051752e+34  8.88210000e+00  6.62950204e-01  7.86760000e+00  6.58665208e-01  2.94489529e-01  1.39017311e-02  1.02658757e-01  4.20860463e+03 
 1.00098579e+15  8.13337617e+34  8.88710000e+00  6.69222892e-01  7.88260000e+00  6.64961456e-01  2.95908140e-01  1.36796197e-02  1.02813407e-01  4.03240852e+03 
 1.00277048e+15  8.22754216e+34  8.89310000e+00  6.75548139e-01  7.89760000e+00  6.71314681e-01  2.97265639e-01  1.34466444e-02  1.03030235e-01  3.86827587e+03 
 1.00455517e+15  8.32194953e+34  8.89810000e+00  6.81862327e-01  7.91160000e+00  6.77626481e-01  2.98682785e-01  1.33123388e-02  1.03231652e-01  3.71008778e+03 
 1.00633986e+15  8.41790410e+34  8.90410000e+00  6.88250107e-01  7.92660000e+00  6.84036689e-01  3.00047862e-01  1.31039620e-02  1.03371600e-01  3.55785566e+03 
 1.00812455e+15  8.51387014e+34  8.90910000e+00  6.94604258e-01  7.94160000e+00  6.90420744e-01  3.01463350e-01  1.28778581e-02  1.03555102e-01  3.41367244e+03 
 1.00990923e+15  8.61163715e+34  8.91510000e+00  7.01046148e-01  7.95660000e+00  6.96888008e-01  3.02829652e-01  1.26680560e-02  1.03677380e-01  3.27454115e+03 
 1.01169392e+15  8.70940415e+34  8.92110000e+00  7.07456138e-01  7.97160000e+00  7.03326862e-01  3.04181108e-01  1.24529339e-02  1.03787588e-01  3.14273846e+03 
 1.01347861e+15  8.80877477e+34  8.92710000e+00  7.13939697e-01  7.98560000e+00  7.09804918e-01  3.05547240e-01  1.23411564e-02  1.03893874e-01  3.01580091e+03 
 1.01526330e+15  8.90837814e+34  8.93310000e+00  7.20399869e-01  8.00060000e+00  7.16299114e-01  3.06897747e-01  1.21173639e-02  1.03985016e-01  2.89522283e+03 
 1.01704799e+15  9.00935014e+34  8.93910000e+00  7.26918036e-01  8.01560000e+00  7.22846010e-01  3.08259477e-01  1.19123824e-02  1.04072117e-01  2.77935821e+03 
 1.01883268e+15  9.11081389e+34  8.94510000e+00  7.33431595e-01  8.02960000e+00  7.29363012e-01  3.09612457e-01  1.17830186e-02  1.04147401e-01  2.66897645e+03 
 1.02061737e+15  9.21339609e+34  8.95210000e+00  7.39986115e-01  8.04460000e+00  7.35945996e-01  3.10902894e-01  1.15855835e-02  1.04159642e-01  2.56315358e+03 
 1.02240206e+15  9.31674433e+34  8.95810000e+00  7.46549368e-01  8.05860000e+00  7.42515057e-01  3.12255868e-01  1.14544049e-02  1.04217414e-01  2.46204249e+03 
 1.02418675e+15  9.42094508e+34  8.96410000e+00  7.53131095e-01  8.07360000e+00  7.49133972e-01  3.13607542e-01  1.12390683e-02  1.04266314e-01  2.36533671e+03 
 1.02597144e+15  9.52620199e+34  8.97110000e+00  7.59744306e-01  8.08760000e+00  7.55753196e-01  3.14891578e-01  1.11124082e-02  1.04249471e-01  2.27265473e+03 
 1.02775613e+15  9.63202920e+34  8.97710000e+00  7.66358761e-01  8.10260000e+00  7.62404178e-01  3.16240653e-01  1.09059381e-02  1.04282133e-01  2.18422799e+03 
 1.02954082e+15  9.73921903e+34  8.98410000e+00  7.73021498e-01  8.11660000e+00  7.69071806e-01  3.17525687e-01  1.07872730e-02  1.04249596e-01  2.09921918e+03 
 1.03132551e+15  9.84668014e+34  8.99110000e+00  7.79664065e-01  8.13060000e+00  7.75722540e-01  3.18798732e-01  1.06625069e-02  1.04206275e-01  2.01831432e+03 
 1.03311020e+15  9.95582720e+34  8.99710000e+00  7.86369086e-01  8.14560000e+00  7.82469816e-01  3.20150826e-01  1.04492812e-02  1.04212188e-01  1.94029368e+03 
 1.03489489e+15  1.00649743e+35  9.00410000e+00  7.93040585e-01  8.15960000e+00  7.89151469e-01  3.21418740e-01  1.03244438e-02  1.04151459e-01  1.86620015e+03 
 1.03667957e+15  1.01760578e+35  9.01110000e+00  7.99787487e-01  8.17360000e+00  7.95911369e-01  3.22697779e-01  1.01931337e-02  1.04082428e-01  1.79457584e+03 
 1.03846426e+15  1.02871865e+35  9.01810000e+00  8.06502861e-01  8.18760000e+00  8.02638197e-01  3.23964235e-01  1.00690509e-02  1.04005082e-01  1.72650807e+03 
 1.04024895e+15  1.03999418e+35  9.02510000e+00  8.13271121e-01  8.20160000e+00  8.09424347e-01  3.25235017e-01  9.92970590e-03  1.03917403e-01  1.66088676e+03 
 1.04203364e+15  1.05130765e+35  9.03110000e+00  8.20024369e-01  8.21560000e+00  8.16196457e-01  3.26568585e-01  9.79086719e-03  1.03811612e-01  1.59729002e+03 
 1.04381833e+15  1.06275096e+35  9.03810000e+00  8.26816963e-01  8.22960000e+00  8.23005078e-01  3.27834884e-01  9.66120862e-03  1.03708613e-01  1.53717044e+03 
 1.04560302e+15  1.07426748e+35  9.04610000e+00  8.33611560e-01  8.24360000e+00  8.29819285e-01  3.29021932e-01  9.52488455e-03  1.03605225e-01  1.48060195e+03 
 1.04738771e+15  1.08587911e+35  9.05310000e+00  8.40421214e-01  8.25760000e+00  8.36650105e-01  3.30278956e-01  9.38703779e-03  1.03484136e-01  1.42542284e+03 
 1.04917240e+15  1.09760113e+35  9.06010000e+00  8.47257422e-01  8.27160000e+00  8.43504145e-01  3.31537971e-01  9.25964159e-03  1.03356862e-01  1.37244751e+03 
 1.05095709e+15  1.10938158e+35  9.06710000e+00  8.54083254e-01  8.28560000e+00  8.50354559e-01  3.32786534e-01  9.11816577e-03  1.03218628e-01  1.32180520e+03 
 1.05274178e+15  1.12131155e+35  9.07410000e+00  8.60950550e-01  8.29960000e+00  8.57250346e-01  3.34037914e-01  8.96911117e-03  1.03071418e-01  1.27301464e+03 
 1.05452647e+15  1.13326125e+35  9.08110000e+00  8.67793311e-01  8.31260000e+00  8.64084743e-01  3.35279836e-01  8.91050847e-03  1.02918186e-01  1.22651059e+03 
 1.05631116e+15  1.14540164e+35  9.08810000e+00  8.74696929e-01  8.32660000e+00  8.71018209e-01  3.36528448e-01  8.76230620e-03  1.02689119e-01  1.18078352e+03 
 1.05809585e+15  1.15754204e+35  9.09610000e+00  8.81558928e-01  8.33960000e+00  8.77880598e-01  3.37686582e-01  8.68559398e-03  1.02527119e-01  1.13874510e+03 
 1.05988054e+15  1.16987424e+35  9.10310000e+00  8.88488489e-01  8.35360000e+00  8.84837563e-01  3.38931182e-01  8.54750108e-03  1.02350603e-01  1.09735293e+03 
 1.06166523e+15  1.18222751e+35  9.11010000e+00  8.95384346e-01  8.36760000e+00  8.91767807e-01  3.40160170e-01  8.39599984e-03  1.02097597e-01  1.05718778e+03 
 1.06344991e+15  1.19473212e+35  9.11810000e+00  9.02320116e-01  8.38060000e+00  8.98705479e-01  3.41318169e-01  8.32017191e-03  1.01913714e-01  1.01981070e+03 
 1.06523460e+15  1.20730073e+35  9.12510000e+00  9.09245860e-01  8.39360000e+00  9.05637515e-01  3.42541728e-01  8.23582473e-03  1.01710801e-01  9.83370000e+02 
 1.06701929e+15  1.21997801e+35  9.13210000e+00  9.16185881e-01  8.40660000e+00  9.12586296e-01  3.43762553e-01  8.14718397e-03  1.01499913e-01  9.48351570e+02 
 1.06880398e+15  1.23276442e+35  9.14010000e+00  9.23145319e-01  8.42060000e+00  9.19581899e-01  3.44909081e-01  7.99955016e-03  1.01228783e-01  9.14695990e+02 
 1.07058867e+15  1.24561458e+35  9.14710000e+00  9.30089617e-01  8.43360000e+00  9.26538667e-01  3.46119115e-01  7.90616151e-03  1.01002736e-01  8.82459278e+02 
 1.07237336e+15  1.25862125e+35  9.15410000e+00  9.37074051e-01  8.44660000e+00  9.33533371e-01  3.47333987e-01  7.81881507e-03  1.00705198e-01  8.50802918e+02 
 1.07415805e+15  1.27164442e+35  9.16210000e+00  9.44019477e-01  8.45960000e+00  9.40496448e-01  3.48456318e-01  7.71712240e-03  1.00474460e-01  8.21664313e+02 
 1.07594274e+15  1.28487382e+35  9.16910000e+00  9.51032616e-01  8.47260000e+00  9.47519138e-01  3.49667634e-01  7.63417003e-03  1.00229406e-01  7.92902935e+02 
 1.07772743e+15  1.29810322e+35  9.17710000e+00  9.57997158e-01  8.48560000e+00  9.54501277e-01  3.50783729e-01  7.53568520e-03  9.99206003e-02  7.65472569e+02 
 1.07951212e+15  1.31152466e+35  9.18410000e+00  9.65014025e-01  8.49860000e+00  9.61537127e-01  3.51982662e-01  7.43533182e-03  9.96594258e-02  7.38927201e+02 
 1.08129681e+15  1.32497925e+35  9.19210000e+00  9.72002380e-01  8.51160000e+00  9.68546342e-01  3.53092703e-01  7.33292258e-03  9.93372947e-02  7.13539088e+02 
 1.08308150e+15  1.33857624e+35  9.19910000e+00  9.79015612e-01  8.52460000e+00  9.75583138e-01  3.54279332e-01  7.22625015e-03  9.90621908e-02  6.89056638e+02 
 1.08486619e+15  1.35225848e+35  9.20610000e+00  9.86023513e-01  8.53660000e+00  9.82585222e-01  3.55458450e-01  7.18173060e-03  9.87794678e-02  6.65544572e+02 
 1.08665088e+15  1.36603095e+35  9.21410000e+00  9.93028500e-01  8.54960000e+00  9.89622241e-01  3.56553532e-01  7.06041358e-03  9.84361171e-02  6.42952509e+02 
 1.08843557e+15  1.37994330e+35  9.22110000e+00  1.00006304e+00  8.56260000e+00  9.96678748e-01  3.57730762e-01  6.96167748e-03  9.81435290e-02  6.21164769e+02 
 1.09022025e+15  1.39389113e+35  9.22810000e+00  1.00705800e+00  8.57460000e+00  1.00367944e+00  3.58888912e-01  6.89684706e-03  9.78397319e-02  6.00305984e+02 
 1.09200494e+15  1.40803604e+35  9.23610000e+00  1.01411008e+00  8.58760000e+00  1.01075900e+00  3.59980979e-01  6.78954492e-03  9.74808935e-02  5.80103525e+02 
 1.09378963e+15  1.42218095e+35  9.24310000e+00  1.02111124e+00  8.59960000e+00  1.01776103e+00  3.61132342e-01  6.73697473e-03  9.71675077e-02  5.60805697e+02 
 1.09557432e+15  1.43653894e+35  9.25110000e+00  1.02816292e+00  8.61160000e+00  1.02482068e+00  3.62210033e-01  6.67044252e-03  9.67936065e-02  5.42091069e+02 
 1.09735901e+15  1.45091886e+35  9.25810000e+00  1.03517847e+00  8.62360000e+00  1.03184395e+00  3.63353201e-01  6.60591442e-03  9.64673420e-02  5.24181723e+02 
 1.09914370e+15  1.46545418e+35  9.26510000e+00  1.04222021e+00  8.63660000e+00  1.03892791e+00  3.64497773e-01  6.47514525e-03  9.61356155e-02  5.06880749e+02 
 1.10092839e+15  1.48007156e+35  9.27310000e+00  1.04925335e+00  8.64860000e+00  1.04596793e+00  3.65557126e-01  6.41459477e-03  9.57473137e-02  4.90250302e+02 
 1.10271308e+15  1.49478385e+35  9.28010000e+00  1.05628024e+00  8.66060000e+00  1.05300615e+00  3.66688013e-01  6.34642884e-03  9.54045709e-02  4.74247506e+02 
 1.10449777e+15  1.50964114e+35  9.28710000e+00  1.06332227e+00  8.67260000e+00  1.06006595e+00  3.67816047e-01  6.26668031e-03  9.50548543e-02  4.58795068e+02 
 1.10628246e+15  1.52452996e+35  9.29510000e+00  1.07033221e+00  8.68460000e+00  1.06709127e+00  3.68853748e-01  6.19298417e-03  9.46505509e-02  4.43985591e+02 
 1.10806715e+15  1.53962960e+35  9.30210000e+00  1.07738641e+00  8.69560000e+00  1.07413066e+00  3.69974714e-01  6.17653123e-03  9.42904688e-02  4.29619249e+02 
 1.10985184e+15  1.55472923e+35  9.30910000e+00  1.08439311e+00  8.70760000e+00  1.08115640e+00  3.71081172e-01  6.09779184e-03  9.39269986e-02  4.15875714e+02 
 1.11163653e+15  1.57003887e+35  9.31610000e+00  1.09143951e+00  8.71960000e+00  1.08823117e+00  3.72189684e-01  6.00232127e-03  9.34937759e-02  4.02275353e+02 
 1.11342122e+15  1.58538328e+35  9.32410000e+00  1.09845280e+00  8.73160000e+00  1.09527231e+00  3.73206652e-01  5.90941221e-03  9.31310134e-02  3.89753764e+02 
 1.11520590e+15  1.60087079e+35  9.33110000e+00  1.10548018e+00  8.74260000e+00  1.10229140e+00  3.74302499e-01  5.88379110e-03  9.27519477e-02  3.77399071e+02 
 1.11699059e+15  1.61646240e+35  9.33810000e+00  1.11250160e+00  8.75460000e+00  1.10934407e+00  3.75391849e-01  5.78680943e-03  9.23678065e-02  3.65492441e+02 
 1.11877528e+15  1.63212713e+35  9.34510000e+00  1.11950288e+00  8.76560000e+00  1.11634484e+00  3.76471561e-01  5.74844642e-03  9.19789505e-02  3.54038525e+02 
 1.12055997e+15  1.64796834e+35  9.35310000e+00  1.12653399e+00  8.77760000e+00  1.12340517e+00  3.77474500e-01  5.65740550e-03  9.15380627e-02  3.42946595e+02 
