# rhoc (cgs) 	 Pc (cgs) 	 R (km) 	 M (msol) 	 R_core (km) 	 M_core (msol) 	 I/(MR^2) 	 I_crust/(M_crust R_crust^2)/(I/(MR^2)) 	 k_2 	 Lambda 
 2.30000000e+14  1.64376946e+33  1.04587100e+02  8.01844489e-02  4.69860000e+00  3.92413741e-02  2.91756635e-03  8.70814784e-01  1.71055047e-04  6.13259288e+10 
 2.31578767e+14  1.68130402e+33  9.04431000e+01  8.09512240e-02  4.74160000e+00  4.04999431e-02  3.41617144e-03  8.46488214e-01  1.58652517e-04  2.62286204e+10 
 2.33157533e+14  1.71951225e+33  7.96401000e+01  8.17883606e-02  4.78360000e+00  4.17663053e-02  4.00589725e-03  8.24691040e-01  1.51424799e-04  1.25882933e+10 
 2.34736300e+14  1.75840065e+33  7.11401000e+01  8.26844606e-02  4.82460000e+00  4.30396655e-02  4.67994891e-03  8.05099900e-01  1.48049383e-04  6.62869213e+09 
 2.36315066e+14  1.79797570e+33  6.42911000e+01  8.36318243e-02  4.86660000e+00  4.43600456e-02  5.43359336e-03  7.87007670e-01  1.47900149e-04  3.77079934e+09 
 2.37893833e+14  1.83824386e+33  5.86651000e+01  8.46250408e-02  4.90760000e+00  4.56872622e-02  6.26291696e-03  7.70403240e-01  1.50732294e-04  2.29181369e+09 
 2.39472600e+14  1.87921155e+33  5.39681000e+01  8.56601452e-02  4.94860000e+00  4.70416150e-02  7.16478501e-03  7.54844223e-01  1.56567139e-04  1.47591249e+09 
 2.41051366e+14  1.92088514e+33  4.99931000e+01  8.67341433e-02  4.98860000e+00  4.84019247e-02  8.13621686e-03  7.40317254e-01  1.65587150e-04  1.00044883e+09 
 2.42630133e+14  1.96327100e+33  4.65901000e+01  8.78447250e-02  5.02860000e+00  4.97891620e-02  9.17428829e-03  7.26465785e-01  1.78094802e-04  7.09756535e+08 
 2.44208900e+14  2.00637544e+33  4.36461000e+01  8.89900417e-02  5.06860000e+00  5.12035736e-02  1.02768499e-02  7.13158526e-01  1.94520691e-04  5.24269203e+08 
 2.45787666e+14  2.05020474e+33  4.10781000e+01  9.01686191e-02  5.10860000e+00  5.26453837e-02  1.14406080e-02  7.00294731e-01  2.15315778e-04  4.01253543e+08 
 2.47366433e+14  2.09476515e+33  3.88191000e+01  9.13792306e-02  5.14760000e+00  5.40920103e-02  1.26639348e-02  6.88032063e-01  2.41069594e-04  3.16738344e+08 
 2.48945199e+14  2.14006286e+33  3.68201000e+01  9.26208691e-02  5.18660000e+00  5.55657902e-02  1.39430164e-02  6.76086908e-01  2.72320473e-04  2.56761102e+08 
 2.50523966e+14  2.18613134e+33  3.50381000e+01  9.38934213e-02  5.22560000e+00  5.70673042e-02  1.52770479e-02  6.64409287e-01  3.09774712e-04  2.12883136e+08 
 2.52102733e+14  2.23286692e+33  3.34441000e+01  9.51930663e-02  5.26360000e+00  5.85714661e-02  1.66607053e-02  6.53218768e-01  3.54029169e-04  1.79961005e+08 
 2.53681499e+14  2.28159150e+33  3.19731000e+01  9.65563613e-02  5.30360000e+00  6.01673853e-02  1.81318507e-02  6.41692298e-01  4.07307649e-04  1.53996277e+08 
 2.55260266e+14  2.33057684e+33  3.06601000e+01  9.79347644e-02  5.34160000e+00  6.17367572e-02  1.96349560e-02  6.30884847e-01  4.68552155e-04  1.33816523e+08 
 2.56839033e+14  2.37956218e+33  2.94871000e+01  9.93194528e-02  5.37960000e+00  6.33236156e-02  2.11590313e-02  6.20256787e-01  5.37920129e-04  1.17835161e+08 
 2.58417799e+14  2.42854752e+33  2.84331000e+01  1.00709046e-01  5.41660000e+00  6.49024152e-02  2.27010305e-02  6.10048679e-01  6.15789396e-04  1.04900908e+08 
 2.59996566e+14  2.47753286e+33  2.74821000e+01  1.02102310e-01  5.45260000e+00  6.64718713e-02  2.42563786e-02  6.00245813e-01  7.02370649e-04  9.42337479e+07 
 2.61575332e+14  2.52838899e+33  2.65881000e+01  1.03551807e-01  5.48860000e+00  6.80819513e-02  2.58834266e-02  5.90574324e-01  8.01836101e-04  8.49771376e+07 
 2.63154099e+14  2.58143851e+33  2.57441000e+01  1.05068030e-01  5.52660000e+00  6.97906011e-02  2.75891053e-02  5.80476246e-01  9.16078909e-04  7.68310709e+07 
 2.64732866e+14  2.63448802e+33  2.49771000e+01  1.06587714e-01  5.56260000e+00  7.14638223e-02  2.93038074e-02  5.71052757e-01  1.04152075e-03  6.98892918e+07 
 2.66311632e+14  2.68753753e+33  2.42771000e+01  1.08109775e-01  5.59860000e+00  7.31531768e-02  3.10254094e-02  5.61722415e-01  1.17842245e-03  6.39040819e+07 
 2.67890399e+14  2.74058704e+33  2.36371000e+01  1.09633212e-01  5.63360000e+00  7.48310599e-02  3.27482420e-02  5.52764184e-01  1.32662267e-03  5.86916165e+07 
 2.69469166e+14  2.79377174e+33  2.30491000e+01  1.11161023e-01  5.66860000e+00  7.65257070e-02  3.44726937e-02  5.43878911e-01  1.48640327e-03  5.41018634e+07 
 2.71047932e+14  2.85112644e+33  2.24651000e+01  1.12809782e-01  5.70460000e+00  7.83215206e-02  3.63364417e-02  5.34887822e-01  1.67231643e-03  4.97387441e+07 
 2.72626699e+14  2.90848114e+33  2.19301000e+01  1.14460121e-01  5.73960000e+00  8.01057118e-02  3.81925428e-02  5.26268494e-01  1.87126080e-03  4.58811990e+07 
 2.74205465e+14  2.96583584e+33  2.14361000e+01  1.16111062e-01  5.77460000e+00  8.19056384e-02  4.00476431e-02  5.17709373e-01  2.08421215e-03  4.24493631e+07 
 2.75784232e+14  3.02319055e+33  2.09801000e+01  1.17761764e-01  5.80860000e+00  8.36919055e-02  4.18943819e-02  5.09509003e-01  2.31040031e-03  3.93796516e+07 
 2.77362999e+14  3.08054525e+33  2.05581000e+01  1.19411420e-01  5.84260000e+00  8.54926339e-02  4.37308815e-02  5.01352537e-01  2.54960661e-03  3.66207390e+07 
 2.78941765e+14  3.10484288e+33  2.03881000e+01  1.20109588e-01  5.85660000e+00  8.62477586e-02  4.45080711e-02  4.98034013e-01  2.65520811e-03  3.55354916e+07 
 2.80520532e+14  3.10671758e+33  2.03761000e+01  1.20162223e-01  5.85760000e+00  8.63031623e-02  4.45639431e-02  4.97801365e-01  2.66286933e-03  3.54555142e+07 
 2.82099299e+14  3.10859229e+33  2.03641000e+01  1.20213752e-01  5.85860000e+00  8.63580523e-02  4.46198394e-02  4.97566953e-01  2.67056182e-03  3.53774368e+07 
 2.83678065e+14  3.11046699e+33  2.03521000e+01  1.20264200e-01  5.85960000e+00  8.64124443e-02  4.46757581e-02  4.97330769e-01  2.67828500e-03  3.53012007e+07 
 2.85256832e+14  3.11234170e+33  2.03401000e+01  1.20313590e-01  5.86060000e+00  8.64663523e-02  4.47316982e-02  4.97092821e-01  2.68603844e-03  3.52267512e+07 
 2.86835598e+14  3.11421640e+33  2.03281000e+01  1.20361946e-01  5.86160000e+00  8.65197894e-02  4.47876592e-02  4.96853121e-01  2.69382177e-03  3.51540352e+07 
 2.88414365e+14  3.11609111e+33  2.03171000e+01  1.20409288e-01  5.86260000e+00  8.65727679e-02  4.48392261e-02  4.96611674e-01  2.70097012e-03  3.50830068e+07 
 2.89993132e+14  3.11796581e+33  2.03061000e+01  1.20455639e-01  5.86360000e+00  8.66252980e-02  4.48907985e-02  4.96368526e-01  2.70814349e-03  3.50136163e+07 
 2.91571898e+14  3.11984051e+33  2.02961000e+01  1.20501027e-01  5.86460000e+00  8.66773833e-02  4.49379515e-02  4.96123838e-01  2.71467353e-03  3.49458190e+07 
 2.93150665e+14  3.13572164e+33  2.02071000e+01  1.20877555e-01  5.87160000e+00  8.70725435e-02  4.53584706e-02  4.94491091e-01  2.77369548e-03  3.43889387e+07 
 2.94729431e+14  3.15571083e+33  2.00991000e+01  1.21346002e-01  5.88060000e+00  8.75753859e-02  4.58764776e-02  4.92358101e-01  2.84739474e-03  3.37110084e+07 
 2.96308198e+14  3.17572522e+33  1.99941000e+01  1.21809076e-01  5.88960000e+00  8.80780695e-02  4.63882773e-02  4.90207940e-01  2.92135590e-03  3.30570353e+07 
 2.97886965e+14  3.19575657e+33  1.98911000e+01  1.22266641e-01  5.89860000e+00  8.85803499e-02  4.68981486e-02  4.88041423e-01  2.99622717e-03  3.24262864e+07 
 2.99465731e+14  3.21580552e+33  1.97921000e+01  1.22718778e-01  5.90760000e+00  8.90821637e-02  4.73962543e-02  4.85859060e-01  3.07040654e-03  3.18176823e+07 
 3.01044498e+14  3.23587863e+33  1.96951000e+01  1.23165713e-01  5.91560000e+00  8.95534109e-02  4.78916063e-02  4.83977446e-01  3.14529589e-03  3.12299798e+07 
 3.02623265e+14  3.25596187e+33  1.96011000e+01  1.23607195e-01  5.92360000e+00  9.00238944e-02  4.83789373e-02  4.82080990e-01  3.22000805e-03  3.06625874e+07 
 3.04202031e+14  3.27607636e+33  1.95101000e+01  1.24043787e-01  5.93260000e+00  9.05241442e-02  4.88577559e-02  4.79853883e-01  3.29440408e-03  3.01139445e+07 
 3.05780798e+14  3.29619362e+33  1.94211000e+01  1.24474937e-01  5.94060000e+00  9.09933254e-02  4.93325655e-02  4.77928423e-01  3.36920810e-03  2.95839233e+07 
 3.07359564e+14  3.31634909e+33  1.93341000e+01  1.24901483e-01  5.94760000e+00  9.14315991e-02  4.98030877e-02  4.76307144e-01  3.44433854e-03  2.90707364e+07 
 3.08938331e+14  3.33650457e+33  1.92491000e+01  1.25322700e-01  5.95560000e+00  9.18994044e-02  5.02689472e-02  4.74353681e-01  3.51971540e-03  2.85745474e+07 
 3.10517098e+14  3.35669621e+33  1.91671000e+01  1.25739424e-01  5.96360000e+00  9.23667617e-02  5.07245662e-02  4.72386606e-01  3.59431321e-03  2.80937047e+07 
 3.12095864e+14  3.37689229e+33  1.90871000e+01  1.26151066e-01  5.97060000e+00  9.28026451e-02  5.11747201e-02  4.70724011e-01  3.66893401e-03  2.76282517e+07 
 3.13674631e+14  3.39711707e+33  1.90081000e+01  1.26558206e-01  5.97860000e+00  9.32686488e-02  5.16245402e-02  4.68728841e-01  3.74446920e-03  2.71769453e+07 
 3.15253398e+14  3.41735340e+33  1.89321000e+01  1.26960571e-01  5.98560000e+00  9.37031364e-02  5.20628730e-02  4.67039326e-01  3.81887847e-03  2.67395341e+07 
 3.16832164e+14  3.43761107e+33  1.88571000e+01  1.27358422e-01  5.99260000e+00  9.41369234e-02  5.25003234e-02  4.65336572e-01  3.89405633e-03  2.63152068e+07 
 3.18410931e+14  3.45788729e+33  1.87841000e+01  1.27751784e-01  5.99960000e+00  9.45699992e-02  5.29311195e-02  4.63620559e-01  3.96891811e-03  2.59034496e+07 
 3.19989697e+14  3.47817761e+33  1.87131000e+01  1.28140644e-01  6.00660000e+00  9.50023314e-02  5.33549185e-02  4.61891213e-01  4.04336150e-03  2.55038144e+07 
 3.21568464e+14  3.49849336e+33  1.86441000e+01  1.28525279e-01  6.01260000e+00  9.54029249e-02  5.37713925e-02  4.60470384e-01  4.11728050e-03  2.51155777e+07 
 3.23147231e+14  3.51881609e+33  1.85761000e+01  1.28905419e-01  6.01960000e+00  9.58337955e-02  5.41860224e-02  4.58714957e-01  4.19169786e-03  2.47386034e+07 
 3.24725997e+14  3.53917103e+33  1.85101000e+01  1.29281596e-01  6.02560000e+00  9.62328932e-02  5.45927907e-02  4.57269003e-01  4.26542238e-03  2.43719754e+07 
 3.26304764e+14  3.55952597e+33  1.84451000e+01  1.29653275e-01  6.03260000e+00  9.66623566e-02  5.49972951e-02  4.55487684e-01  4.33952230e-03  2.40158478e+07 
 3.27883531e+14  3.57991972e+33  1.83811000e+01  1.30021232e-01  6.03860000e+00  9.70600126e-02  5.53994279e-02  4.54016775e-01  4.41395426e-03  2.36691306e+07 
 3.29462297e+14  3.60031351e+33  1.83191000e+01  1.30384832e-01  6.04460000e+00  9.74567395e-02  5.57929195e-02  4.52533209e-01  4.48745547e-03  2.33321010e+07 
 3.31041064e+14  3.62073887e+33  1.82581000e+01  1.30744695e-01  6.05060000e+00  9.78528740e-02  5.61836177e-02  4.51037752e-01  4.56115675e-03  2.30038699e+07 
 3.32619830e+14  3.64117117e+33  1.81991000e+01  1.31100459e-01  6.05660000e+00  9.82481832e-02  5.65651429e-02  4.49529970e-01  4.63374326e-03  2.26844806e+07 
 3.34198597e+14  3.66162792e+33  1.81401000e+01  1.31452483e-01  6.06260000e+00  9.86428544e-02  5.69497353e-02  4.48010305e-01  4.70768988e-03  2.23733303e+07 
 3.35777364e+14  3.68209841e+33  1.80831000e+01  1.31800637e-01  6.06760000e+00  9.90050879e-02  5.73247440e-02  4.46803130e-01  4.78038026e-03  2.20702729e+07 
 3.37356130e+14  3.70258633e+33  1.80271000e+01  1.32145038e-01  6.07360000e+00  9.93982954e-02  5.76962415e-02  4.45259665e-01  4.85303879e-03  2.17749506e+07 
 3.38934897e+14  3.72309468e+33  1.79721000e+01  1.32485805e-01  6.07860000e+00  9.97590281e-02  5.80640939e-02  4.44029777e-01  4.92561840e-03  2.14870369e+07 
 3.40513664e+14  3.74361355e+33  1.79191000e+01  1.32822812e-01  6.08460000e+00  1.00150813e-01  5.84216167e-02  4.42462974e-01  4.99667368e-03  2.12064013e+07 
 3.42092430e+14  3.76415946e+33  1.78661000e+01  1.33156410e-01  6.08960000e+00  1.00510098e-01  5.87816735e-02  4.41210679e-01  5.06891962e-03  2.09325532e+07 
 3.43671197e+14  3.78470907e+33  1.78141000e+01  1.33486233e-01  6.09460000e+00  1.00868508e-01  5.91376252e-02  4.39946907e-01  5.14093368e-03  2.06655713e+07 
 3.45249963e+14  3.80529221e+33  1.77631000e+01  1.33812850e-01  6.10060000e+00  1.01258388e-01  5.94893579e-02  4.38346302e-01  5.21266264e-03  2.04048169e+07 
 3.46828730e+14  3.82587536e+33  1.77131000e+01  1.34135762e-01  6.10560000e+00  1.01615387e-01  5.98367042e-02  4.37060567e-01  5.28405688e-03  2.01505000e+07 
 3.48407497e+14  3.84649244e+33  1.76651000e+01  1.34455547e-01  6.11060000e+00  1.01971827e-01  6.01727228e-02  4.35764361e-01  5.35354269e-03  1.99019915e+07 
 3.49986263e+14  3.86711252e+33  1.76171000e+01  1.34771781e-01  6.11560000e+00  1.02327428e-01  6.05108273e-02  4.34457309e-01  5.42407680e-03  1.96594547e+07 
 3.51565030e+14  3.88775963e+33  1.75691000e+01  1.35084897e-01  6.11960000e+00  1.02650180e-01  6.08510616e-02  4.33467210e-01  5.49567432e-03  1.94224032e+07 
 3.53143796e+14  3.90841635e+33  1.75231000e+01  1.35394647e-01  6.12460000e+00  1.03004376e-01  6.11794682e-02  4.32139472e-01  5.56517714e-03  1.91908668e+07 
 3.54722563e+14  3.92909328e+33  1.74781000e+01  1.35701244e-01  6.12960000e+00  1.03357942e-01  6.15027765e-02  4.30801132e-01  5.63406603e-03  1.89645379e+07 
 3.56301330e+14  3.94978635e+33  1.74331000e+01  1.36004701e-01  6.13360000e+00  1.03678419e-01  6.18279590e-02  4.29780896e-01  5.70392588e-03  1.87432869e+07 
 3.57880096e+14  3.97049292e+33  1.73891000e+01  1.36305006e-01  6.13860000e+00  1.04030562e-01  6.21478769e-02  4.28422659e-01  5.77310915e-03  1.85269806e+07 
 3.59458863e+14  3.99122204e+33  1.73461000e+01  1.36602311e-01  6.14260000e+00  1.04349623e-01  6.24623827e-02  4.27382617e-01  5.84155474e-03  1.83153753e+07 
 3.61037630e+14  4.01195804e+33  1.73031000e+01  1.36896464e-01  6.14760000e+00  1.04700404e-01  6.27786003e-02  4.26004251e-01  5.91091761e-03  1.81084688e+07 
 3.62616396e+14  4.03272294e+33  1.72621000e+01  1.37187815e-01  6.15160000e+00  1.05018054e-01  6.30819451e-02  4.24945405e-01  5.97774638e-03  1.79059062e+07 
 3.64195163e+14  4.05348819e+33  1.72211000e+01  1.37475990e-01  6.15560000e+00  1.05334860e-01  6.33868186e-02  4.23876680e-01  6.04542189e-03  1.77078221e+07 
 3.65773929e+14  4.07428858e+33  1.71801000e+01  1.37761536e-01  6.15960000e+00  1.05651128e-01  6.36932626e-02  4.22798986e-01  6.11395366e-03  1.75137475e+07 
 3.67352696e+14  4.09508898e+33  1.71411000e+01  1.38043985e-01  6.16360000e+00  1.05966545e-01  6.39863494e-02  4.21711917e-01  6.17975331e-03  1.73238939e+07 
 3.68931463e+14  4.11591851e+33  1.71011000e+01  1.38323794e-01  6.16760000e+00  1.06281384e-01  6.42883537e-02  4.20615986e-01  6.24816542e-03  1.71378632e+07 
 3.70510229e+14  4.13675413e+33  1.70631000e+01  1.38600690e-01  6.17160000e+00  1.06595450e-01  6.45767354e-02  4.19511022e-01  6.31372635e-03  1.69557443e+07 
 3.72088996e+14  4.15761226e+33  1.70251000e+01  1.38874898e-01  6.17560000e+00  1.06908886e-01  6.48664396e-02  4.18397188e-01  6.38004761e-03  1.67772932e+07 
 3.73667763e+14  4.17848283e+33  1.69881000e+01  1.39146367e-01  6.17960000e+00  1.07221623e-01  6.51498263e-02  4.17274638e-01  6.44524748e-03  1.66024687e+07 
 3.75246529e+14  4.19936939e+33  1.69511000e+01  1.39415163e-01  6.18360000e+00  1.07533694e-01  6.54344785e-02  4.16143453e-01  6.51118461e-03  1.64311426e+07 
 3.76825296e+14  4.22027465e+33  1.69151000e+01  1.39681338e-01  6.18660000e+00  1.07812194e-01  6.57126272e-02  4.15333964e-01  6.57592054e-03  1.62631946e+07 
 3.78404062e+14  4.24118946e+33  1.68791000e+01  1.39944828e-01  6.19060000e+00  1.08122889e-01  6.59919810e-02  4.14185758e-01  6.64136956e-03  1.60986030e+07 
 3.79982829e+14  4.26212915e+33  1.68441000e+01  1.40205873e-01  6.19360000e+00  1.08399974e-01  6.62646850e-02  4.13360403e-01  6.70554623e-03  1.59371464e+07 
 3.81561596e+14  4.28307203e+33  1.68101000e+01  1.40464229e-01  6.19760000e+00  1.08709352e-01  6.65305972e-02  4.12195394e-01  6.76839147e-03  1.57788969e+07 
 3.83140362e+14  4.30404589e+33  1.67751000e+01  1.40720254e-01  6.20060000e+00  1.08985072e-01  6.68055279e-02  4.11354098e-01  6.83391517e-03  1.56235778e+07 
 3.84719129e+14  4.32501975e+33  1.67421000e+01  1.40973614e-01  6.20460000e+00  1.09293149e-01  6.70655852e-02  4.10172912e-01  6.89601864e-03  1.54713176e+07 
 3.86297896e+14  4.34602446e+33  1.67091000e+01  1.41224728e-01  6.20760000e+00  1.09567535e-01  6.73266328e-02  4.09315766e-01  6.95873475e-03  1.53218153e+07 
 3.87876662e+14  4.36703224e+33  1.66761000e+01  1.41473259e-01  6.21060000e+00  1.09841114e-01  6.75886750e-02  4.08450979e-01  7.02207525e-03  1.51752036e+07 
 3.89455429e+14  4.38806443e+33  1.66441000e+01  1.41719545e-01  6.21460000e+00  1.10147375e-01  6.78435788e-02  4.07246550e-01  7.08391554e-03  1.50312323e+07 
 3.91034195e+14  4.40910588e+33  1.66121000e+01  1.41963392e-01  6.21760000e+00  1.10419688e-01  6.80994095e-02  4.06366458e-01  7.14634773e-03  1.48899544e+07 
 3.92612962e+14  4.43016540e+33  1.65811000e+01  1.42204945e-01  6.22060000e+00  1.10691351e-01  6.83479386e-02  4.05479072e-01  7.20720445e-03  1.47512362e+07 
 3.94191729e+14  4.45124028e+33  1.65501000e+01  1.42444225e-01  6.22360000e+00  1.10962345e-01  6.85973437e-02  4.04584692e-01  7.26862426e-03  1.46150223e+07 
 3.95770495e+14  4.47232695e+33  1.65191000e+01  1.42681191e-01  6.22660000e+00  1.11232659e-01  6.88476227e-02  4.03682995e-01  7.33061102e-03  1.44812764e+07 
 3.97349262e+14  4.49343502e+33  1.64891000e+01  1.42916019e-01  6.22960000e+00  1.11502390e-01  6.90904175e-02  4.02774274e-01  7.39093044e-03  1.43498613e+07 
 3.98928029e+14  4.51454870e+33  1.64591000e+01  1.43148512e-01  6.23260000e+00  1.11771400e-01  6.93340184e-02  4.01858338e-01  7.45178589e-03  1.42208311e+07 
 4.00506795e+14  4.53568972e+33  1.64301000e+01  1.43378950e-01  6.23560000e+00  1.12039875e-01  6.95699631e-02  4.00935403e-01  7.51089174e-03  1.40939894e+07 
 4.02085562e+14  4.55683074e+33  1.64011000e+01  1.43607082e-01  6.23860000e+00  1.12307588e-01  6.98066695e-02  4.00005795e-01  7.57050794e-03  1.39694397e+07 
 4.03664328e+14  4.57800398e+33  1.63731000e+01  1.43833291e-01  6.24060000e+00  1.12541267e-01  7.00355784e-02  3.99402997e-01  7.62829969e-03  1.38469338e+07 
 4.05243095e+14  4.59917772e+33  1.63441000e+01  1.44057235e-01  6.24360000e+00  1.12807720e-01  7.02737733e-02  3.98460235e-01  7.68891825e-03  1.37266101e+07 
 4.06821862e+14  4.62037741e+33  1.63171000e+01  1.44279229e-01  6.24660000e+00  1.13073662e-01  7.04954556e-02  3.97510712e-01  7.74530478e-03  1.36082632e+07 
 4.08400628e+14  4.64158364e+33  1.62891000e+01  1.44499068e-01  6.24860000e+00  1.13305301e-01  7.07264365e-02  3.96888270e-01  7.80452533e-03  1.34919612e+07 
 4.09979395e+14  4.66280964e+33  1.62621000e+01  1.44716959e-01  6.25160000e+00  1.13569950e-01  7.09494206e-02  3.95926238e-01  7.86181903e-03  1.33775756e+07 
 4.11558161e+14  4.68404814e+33  1.62351000e+01  1.44932828e-01  6.25460000e+00  1.13834013e-01  7.11730361e-02  3.94957400e-01  7.91955892e-03  1.32650957e+07 
 4.13136928e+14  4.70530030e+33  1.62091000e+01  1.45146697e-01  6.25660000e+00  1.14063731e-01  7.13884952e-02  3.94316745e-01  7.97529384e-03  1.31544834e+07 
 4.14715695e+14  4.72657084e+33  1.61821000e+01  1.45358655e-01  6.25960000e+00  1.14326585e-01  7.16133760e-02  3.93335657e-01  8.03392335e-03  1.30456578e+07 
 4.16294461e+14  4.74784900e+33  1.61561000e+01  1.45568628e-01  6.26160000e+00  1.14555024e-01  7.18300470e-02  3.92683081e-01  8.09051798e-03  1.29386338e+07 
 4.17873228e+14  4.76915137e+33  1.61311000e+01  1.45776778e-01  6.26360000e+00  1.14782925e-01  7.20383608e-02  3.92024281e-01  8.14500473e-03  1.28332870e+07 
 4.19451995e+14  4.79045540e+33  1.61061000e+01  1.45982926e-01  6.26660000e+00  1.15043865e-01  7.22472247e-02  3.91025768e-01  8.19988919e-03  1.27296948e+07 
 4.21030761e+14  4.81178937e+33  1.60811000e+01  1.46187364e-01  6.26860000e+00  1.15270555e-01  7.24565973e-02  3.90355516e-01  8.25515422e-03  1.26276681e+07 
 4.22609528e+14  4.83312335e+33  1.60561000e+01  1.46389812e-01  6.27060000e+00  1.15496504e-01  7.26665188e-02  3.89679718e-01  8.31082007e-03  1.25273242e+07 
 4.24188294e+14  4.85448450e+33  1.60311000e+01  1.46590612e-01  6.27360000e+00  1.15755794e-01  7.28770119e-02  3.88664091e-01  8.36688940e-03  1.24284863e+07 
 4.25767061e+14  4.87584987e+33  1.60071000e+01  1.46789487e-01  6.27560000e+00  1.15980563e-01  7.30789160e-02  3.87977292e-01  8.42072970e-03  1.23312366e+07 
 4.27345828e+14  4.89723638e+33  1.59831000e+01  1.46986640e-01  6.27760000e+00  1.16204776e-01  7.32812977e-02  3.87285015e-01  8.47493183e-03  1.22354617e+07 
 4.28924594e+14  4.91863294e+33  1.59601000e+01  1.47181999e-01  6.27960000e+00  1.16428353e-01  7.34749702e-02  3.86587430e-01  8.52683396e-03  1.21411756e+07 
 4.30503361e+14  4.94004469e+33  1.59361000e+01  1.47375639e-01  6.28160000e+00  1.16651336e-01  7.36783203e-02  3.85884683e-01  8.58176162e-03  1.20483218e+07 
 4.32082128e+14  4.96147223e+33  1.59131000e+01  1.47567590e-01  6.28360000e+00  1.16873727e-01  7.38729041e-02  3.85176967e-01  8.63435558e-03  1.19568657e+07 
 4.33660894e+14  4.98290907e+33  1.58911000e+01  1.47757807e-01  6.28560000e+00  1.17095498e-01  7.40586138e-02  3.84464105e-01  8.68455877e-03  1.18668038e+07 
 4.35239661e+14  5.00436739e+33  1.58681000e+01  1.47946398e-01  6.28760000e+00  1.17316738e-01  7.42540446e-02  3.83746059e-01  8.73781261e-03  1.17780600e+07 
 4.36818427e+14  5.02582920e+33  1.58461000e+01  1.48133256e-01  6.28960000e+00  1.17537329e-01  7.44405520e-02  3.83023060e-01  8.78864615e-03  1.16906719e+07 
 4.38397194e+14  5.04731809e+33  1.58231000e+01  1.48318592e-01  6.29160000e+00  1.17757440e-01  7.46368723e-02  3.82295076e-01  8.84257718e-03  1.16045187e+07 
 4.39975961e+14  5.06880698e+33  1.58021000e+01  1.48502176e-01  6.29360000e+00  1.17976880e-01  7.48147296e-02  3.81562141e-01  8.89123860e-03  1.15196846e+07 
 4.41554727e+14  5.09032400e+33  1.57801000e+01  1.48684281e-01  6.29560000e+00  1.18195838e-01  7.50024164e-02  3.80824527e-01  8.94300486e-03  1.14360307e+07 
 4.43133494e+14  5.11184327e+33  1.57581000e+01  1.48864728e-01  6.29760000e+00  1.18414149e-01  7.51905383e-02  3.80082386e-01  8.99509967e-03  1.13536259e+07 
 4.44712261e+14  5.13338479e+33  1.57371000e+01  1.49043681e-01  6.29960000e+00  1.18631954e-01  7.53694923e-02  3.79335560e-01  9.04463971e-03  1.12723726e+07 
 4.46291027e+14  5.15493424e+33  1.57161000e+01  1.49221018e-01  6.30060000e+00  1.18814970e-01  7.55487969e-02  3.78920502e-01  9.09446646e-03  1.11923049e+07 
 4.47869794e+14  5.17650013e+33  1.56951000e+01  1.49396850e-01  6.30260000e+00  1.19031656e-01  7.57284513e-02  3.78164059e-01  9.14457818e-03  1.11133578e+07 
 4.49448560e+14  5.19807958e+33  1.56751000e+01  1.49571169e-01  6.30460000e+00  1.19247772e-01  7.58987928e-02  3.77403353e-01  9.19205149e-03  1.10355247e+07 
 4.51027327e+14  5.21966972e+33  1.56541000e+01  1.49743976e-01  6.30560000e+00  1.19429050e-01  7.60791711e-02  3.76975339e-01  9.24273770e-03  1.09587932e+07 
 4.52606094e+14  5.24127897e+33  1.56341000e+01  1.49915345e-01  6.30760000e+00  1.19644077e-01  7.62501604e-02  3.76205910e-01  9.29074491e-03  1.08831070e+07 
 4.54184860e+14  5.26289324e+33  1.56141000e+01  1.50085166e-01  6.30960000e+00  1.19858513e-01  7.64214639e-02  3.75431951e-01  9.33901501e-03  1.08084991e+07 
 4.55763627e+14  5.28453211e+33  1.55941000e+01  1.50253646e-01  6.31060000e+00  1.20038150e-01  7.65930977e-02  3.74991335e-01  9.38755045e-03  1.07348786e+07 
 4.57342394e+14  5.30617098e+33  1.55751000e+01  1.50420586e-01  6.31260000e+00  1.20251496e-01  7.67552022e-02  3.74208955e-01  9.43332608e-03  1.06623039e+07 
 4.58921160e+14  5.32783867e+33  1.55551000e+01  1.50586252e-01  6.31360000e+00  1.20430045e-01  7.69274676e-02  3.73760165e-01  9.48237954e-03  1.05906625e+07 
 4.60499927e+14  5.34950697e+33  1.55361000e+01  1.50750355e-01  6.31560000e+00  1.20642309e-01  7.70901269e-02  3.72969600e-01  9.52863517e-03  1.05200402e+07 
 4.62078693e+14  5.37119837e+33  1.55171000e+01  1.50913219e-01  6.31660000e+00  1.20819751e-01  7.72530892e-02  3.72512800e-01  9.57513258e-03  1.04503194e+07 
 4.63657460e+14  5.39289592e+33  1.54981000e+01  1.51074604e-01  6.31860000e+00  1.21030974e-01  7.74163163e-02  3.71714348e-01  9.62186547e-03  1.03815604e+07 
 4.65236227e+14  5.41461089e+33  1.54791000e+01  1.51234686e-01  6.31960000e+00  1.21207299e-01  7.75798417e-02  3.71249760e-01  9.66884214e-03  1.03136963e+07 
 4.66814993e+14  5.43633751e+33  1.54611000e+01  1.51393408e-01  6.32160000e+00  1.21417511e-01  7.77335958e-02  3.70443393e-01  9.71291836e-03  1.02467286e+07 
 4.68393760e+14  5.45807594e+33  1.54421000e+01  1.51550814e-01  6.32260000e+00  1.21592725e-01  7.78976997e-02  3.69971672e-01  9.76037283e-03  1.01806433e+07 
 4.69972526e+14  5.47983146e+33  1.54241000e+01  1.51706902e-01  6.32360000e+00  1.21767479e-01  7.80519502e-02  3.69495367e-01  9.80488467e-03  1.01154063e+07 
 4.71551293e+14  5.50159324e+33  1.54061000e+01  1.51861659e-01  6.32560000e+00  1.21976083e-01  7.82064724e-02  3.68678140e-01  9.84962025e-03  1.00510336e+07 
 4.73130060e+14  5.52337747e+33  1.53881000e+01  1.52015206e-01  6.32660000e+00  1.22149764e-01  7.83612395e-02  3.68195260e-01  9.89456858e-03  9.98746069e+06 
 4.74708826e+14  5.54516248e+33  1.53711000e+01  1.52167380e-01  6.32760000e+00  1.22322874e-01  7.85060447e-02  3.67708400e-01  9.93650383e-03  9.92473481e+06 
 4.76287593e+14  5.56697526e+33  1.53531000e+01  1.52318376e-01  6.32960000e+00  1.22530028e-01  7.86612707e-02  3.66880025e-01  9.98186442e-03  9.86277067e+06 
 4.77866360e+14  5.58878805e+33  1.53361000e+01  1.52468092e-01  6.33060000e+00  1.22702080e-01  7.88065333e-02  3.66386940e-01  1.00241965e-02  9.80161820e+06 
 4.79445126e+14  5.61062455e+33  1.53181000e+01  1.52616585e-01  6.33160000e+00  1.22873696e-01  7.89622607e-02  3.65889740e-01  1.00699857e-02  9.74121392e+06 
 4.81023893e+14  5.63246571e+33  1.53011000e+01  1.52763866e-01  6.33260000e+00  1.23044770e-01  7.91079607e-02  3.65389459e-01  1.01127094e-02  9.68157415e+06 
 4.82602659e+14  5.65432504e+33  1.52841000e+01  1.52909908e-01  6.33360000e+00  1.23215347e-01  7.92538392e-02  3.64885566e-01  1.01556135e-02  9.62267374e+06 
 4.84181426e+14  5.67619441e+33  1.52671000e+01  1.53054775e-01  6.33560000e+00  1.23419943e-01  7.93999689e-02  3.64040506e-01  1.01987220e-02  9.56450434e+06 
 4.85760193e+14  5.69807648e+33  1.52511000e+01  1.53198477e-01  6.33660000e+00  1.23589488e-01  7.95359016e-02  3.63530716e-01  1.02386721e-02  9.50704658e+06 
 4.87338959e+14  5.71997389e+33  1.52341000e+01  1.53341015e-01  6.33760000e+00  1.23758547e-01  7.96824571e-02  3.63017675e-01  1.02821569e-02  9.45028596e+06 
 4.88917726e+14  5.74187857e+33  1.52181000e+01  1.53482343e-01  6.33860000e+00  1.23927086e-01  7.98187519e-02  3.62501264e-01  1.03224493e-02  9.39423019e+06 
 4.90496493e+14  5.76380386e+33  1.52021000e+01  1.53622572e-01  6.33960000e+00  1.24095177e-01  7.99552131e-02  3.61981694e-01  1.03629035e-02  9.33883269e+06 
 4.92075259e+14  5.78573106e+33  1.51851000e+01  1.53761596e-01  6.34060000e+00  1.24262707e-01  8.01024238e-02  3.61459202e-01  1.04069596e-02  9.28412847e+06 
 4.93654026e+14  5.80768407e+33  1.51691000e+01  1.53899581e-01  6.34160000e+00  1.24429824e-01  8.02392836e-02  3.60933626e-01  1.04477694e-02  9.23004555e+06 
 4.95232792e+14  5.82963708e+33  1.51531000e+01  1.54036379e-01  6.34260000e+00  1.24596377e-01  8.03763567e-02  3.60405242e-01  1.04887606e-02  9.17663588e+06 
 4.96811559e+14  5.85161424e+33  1.51381000e+01  1.54172153e-01  6.34360000e+00  1.24762514e-01  8.05029749e-02  3.59873889e-01  1.05264419e-02  9.12382904e+06 
 4.98390326e+14  5.87359481e+33  1.51221000e+01  1.54306777e-01  6.34460000e+00  1.24928111e-01  8.06404136e-02  3.59339741e-01  1.05677650e-02  9.07166616e+06 
 4.99969092e+14  5.89559411e+33  1.51071000e+01  1.54440371e-01  6.34560000e+00  1.25093267e-01  8.07673593e-02  3.58802772e-01  1.06057527e-02  9.02009720e+06 
 5.01547859e+14  5.91760208e+33  1.50911000e+01  1.54572853e-01  6.34660000e+00  1.25257918e-01  8.09051744e-02  3.58262955e-01  1.06474129e-02  8.96914088e+06 
 5.03126626e+14  5.93962342e+33  1.50761000e+01  1.54704294e-01  6.34760000e+00  1.25422100e-01  8.10324550e-02  3.57720439e-01  1.06857106e-02  8.91877069e+06 
 5.04705392e+14  5.96165864e+33  1.50611000e+01  1.54834709e-01  6.34860000e+00  1.25585821e-01  8.11598989e-02  3.57175265e-01  1.07241583e-02  8.86897542e+06 
 5.06284159e+14  5.98370192e+33  1.50461000e+01  1.54964026e-01  6.34960000e+00  1.25749056e-01  8.12874905e-02  3.56627058e-01  1.07627523e-02  8.81976462e+06 
 5.07862925e+14  6.00576423e+33  1.50311000e+01  1.55092366e-01  6.34960000e+00  1.25877145e-01  8.14152428e-02  3.56415622e-01  1.08014951e-02  8.77109809e+06 
 5.09441692e+14  6.02782935e+33  1.50161000e+01  1.55219660e-01  6.35060000e+00  1.26039440e-01  8.15431931e-02  3.55862350e-01  1.08404015e-02  8.72299989e+06 
 5.11020459e+14  6.04991860e+33  1.50011000e+01  1.55346009e-01  6.35160000e+00  1.26201335e-01  8.16712965e-02  3.55306407e-01  1.08794543e-02  8.67542026e+06 
 5.12599225e+14  6.07200786e+33  1.49871000e+01  1.55471294e-01  6.35260000e+00  1.26362677e-01  8.17886874e-02  3.54748330e-01  1.09150324e-02  8.62840190e+06 
 5.14177992e+14  6.09412151e+33  1.49721000e+01  1.55595655e-01  6.35360000e+00  1.26523629e-01  8.19171259e-02  3.54187614e-01  1.09543851e-02  8.58188417e+06 
 5.15756759e+14  6.11623755e+33  1.49581000e+01  1.55718967e-01  6.35360000e+00  1.26649325e-01  8.20347790e-02  3.53963883e-01  1.09902242e-02  8.53590401e+06 
 5.17335525e+14  6.13837269e+33  1.49441000e+01  1.55841340e-01  6.35460000e+00  1.26809383e-01  8.21525469e-02  3.53397696e-01  1.10261844e-02  8.49041833e+06 
 5.18914292e+14  6.16051538e+33  1.49301000e+01  1.55962736e-01  6.35560000e+00  1.26968948e-01  8.22704677e-02  3.52829412e-01  1.10622807e-02  8.44544239e+06 
 5.20493058e+14  6.18267192e+33  1.49151000e+01  1.56083206e-01  6.35660000e+00  1.27128053e-01  8.23995881e-02  3.52259110e-01  1.11022329e-02  8.40095541e+06 
 5.22071825e+14  6.20484110e+33  1.49021000e+01  1.56202764e-01  6.35660000e+00  1.27251955e-01  8.25067589e-02  3.52026184e-01  1.11348756e-02  8.35694495e+06 
 5.23650592e+14  6.22701894e+33  1.48881000e+01  1.56321322e-01  6.35760000e+00  1.27410198e-01  8.26251003e-02  3.51450532e-01  1.11713660e-02  8.31342437e+06 
 5.25229358e+14  6.24921448e+33  1.48741000e+01  1.56439012e-01  6.35860000e+00  1.27567989e-01  8.27436062e-02  3.50873239e-01  1.12079960e-02  8.27036189e+06 
 5.26808125e+14  6.27141353e+33  1.48601000e+01  1.56555759e-01  6.35860000e+00  1.27690493e-01  8.28622841e-02  3.50633834e-01  1.12447697e-02  8.22777429e+06 
 5.28386891e+14  6.29363528e+33  1.48471000e+01  1.56671621e-01  6.35960000e+00  1.27847468e-01  8.29698937e-02  3.50051322e-01  1.12778649e-02  8.18562331e+06 
 5.29965658e+14  6.31585703e+33  1.48331000e+01  1.56786558e-01  6.36060000e+00  1.28003895e-01  8.30888663e-02  3.49467588e-01  1.13149018e-02  8.14394172e+06 
 5.31544425e+14  6.33810326e+33  1.48201000e+01  1.56900661e-01  6.36060000e+00  1.28125147e-01  8.31967369e-02  3.49221442e-01  1.13482355e-02  8.10267685e+06 
 5.33123191e+14  6.36035108e+33  1.48071000e+01  1.57013817e-01  6.36160000e+00  1.28280763e-01  8.33047280e-02  3.48632722e-01  1.13816836e-02  8.06186601e+06 
 5.34701958e+14  6.38261819e+33  1.47931000e+01  1.57126161e-01  6.36160000e+00  1.28401087e-01  8.34241273e-02  3.48383030e-01  1.14191063e-02  8.02146991e+06 
 5.36280725e+14  6.40489194e+33  1.47801000e+01  1.57237609e-01  6.36260000e+00  1.28555879e-01  8.35323807e-02  3.47790024e-01  1.14527936e-02  7.98150010e+06 
 5.37859491e+14  6.42717985e+33  1.47671000e+01  1.57348223e-01  6.36360000e+00  1.28710204e-01  8.36407723e-02  3.47195688e-01  1.14866008e-02  7.94194323e+06 
 5.39438258e+14  6.44947939e+33  1.47541000e+01  1.57457964e-01  6.36360000e+00  1.28829273e-01  8.37492675e-02  3.46939307e-01  1.15205157e-02  7.90279561e+06 
 5.41017024e+14  6.47178800e+33  1.47421000e+01  1.57566862e-01  6.36460000e+00  1.28982758e-01  8.38465279e-02  3.46340687e-01  1.15506338e-02  7.86405470e+06 
 5.42595791e+14  6.49411319e+33  1.47291000e+01  1.57674952e-01  6.36460000e+00  1.29100976e-01  8.39552622e-02  3.46080660e-01  1.15847690e-02  7.82570142e+06 
 5.44174558e+14  6.51644242e+33  1.47161000e+01  1.57782182e-01  6.36560000e+00  1.29253622e-01  8.40641435e-02  3.45478093e-01  1.16190285e-02  7.78775114e+06 
 5.45753324e+14  6.53879314e+33  1.47041000e+01  1.57888650e-01  6.36560000e+00  1.29371010e-01  8.41617005e-02  3.45214395e-01  1.16494402e-02  7.75016812e+06 
 5.47332091e+14  6.56114385e+33  1.46911000e+01  1.57994255e-01  6.36660000e+00  1.29522822e-01  8.42708414e-02  3.44608131e-01  1.16839285e-02  7.71298285e+06 
 5.48910858e+14  6.58351900e+33  1.46791000e+01  1.58099126e-01  6.36660000e+00  1.29639393e-01  8.43686083e-02  3.44340767e-01  1.17145392e-02  7.67614880e+06 
 5.50489624e+14  6.60589510e+33  1.46661000e+01  1.58203165e-01  6.36660000e+00  1.29755483e-01  8.44780194e-02  3.44071964e-01  1.17492600e-02  7.63969922e+06 
 5.52068391e+14  6.62829056e+33  1.46541000e+01  1.58306407e-01  6.36760000e+00  1.29906135e-01  8.45759877e-02  3.43459789e-01  1.17800683e-02  7.60360381e+06 
 5.53647157e+14  6.65069191e+33  1.46421000e+01  1.58408859e-01  6.36760000e+00  1.30021396e-01  8.46740862e-02  3.43187519e-01  1.18109840e-02  7.56787541e+06 
 5.55225924e+14  6.67310760e+33  1.46301000e+01  1.58510548e-01  6.36860000e+00  1.30171254e-01  8.47722667e-02  3.42571637e-01  1.18419874e-02  7.53249081e+06 
 5.56804691e+14  6.69553408e+33  1.46181000e+01  1.58611522e-01  6.36860000e+00  1.30285724e-01  8.48706010e-02  3.42296270e-01  1.18731058e-02  7.49745217e+06 
 5.58383457e+14  6.71796990e+33  1.46061000e+01  1.58711653e-01  6.36860000e+00  1.30399810e-01  8.49689956e-02  3.42018319e-01  1.19043069e-02  7.46276512e+06 
 5.59962224e+14  6.74042138e+33  1.45941000e+01  1.58811099e-01  6.36960000e+00  1.30548453e-01  8.50675247e-02  3.41397916e-01  1.19356148e-02  7.42840379e+06 
 5.61540991e+14  6.76287727e+33  1.45821000e+01  1.58909763e-01  6.36960000e+00  1.30661697e-01  8.51661824e-02  3.41117469e-01  1.19670305e-02  7.39438816e+06 
 5.63119757e+14  6.78535362e+33  1.45711000e+01  1.59007696e-01  6.37060000e+00  1.30809593e-01  8.52532027e-02  3.40493077e-01  1.19944118e-02  7.36068619e+06 
 5.64698524e+14  6.80782997e+33  1.45591000e+01  1.59104888e-01  6.37060000e+00  1.30922050e-01  8.53520786e-02  3.40209434e-01  1.20260204e-02  7.32732331e+06 
 5.66277290e+14  6.83033057e+33  1.45471000e+01  1.59201414e-01  6.37060000e+00  1.31034181e-01  8.54510528e-02  3.39924099e-01  1.20577229e-02  7.29425932e+06 
 5.67856057e+14  6.85283166e+33  1.45361000e+01  1.59297126e-01  6.37160000e+00  1.31180863e-01  8.55383587e-02  3.39295059e-01  1.20853664e-02  7.26152800e+06 
 5.69434824e+14  6.87535204e+33  1.45241000e+01  1.59392204e-01  6.37160000e+00  1.31292203e-01  8.56375615e-02  3.39006729e-01  1.21172668e-02  7.22909309e+06 
 5.71013590e+14  6.89787775e+33  1.45131000e+01  1.59486545e-01  6.37160000e+00  1.31403121e-01  8.57250832e-02  3.38716999e-01  1.21450919e-02  7.19697310e+06 
 5.72592357e+14  6.92041781e+33  1.45021000e+01  1.59580178e-01  6.37160000e+00  1.31513718e-01  8.58126608e-02  3.38425053e-01  1.21729859e-02  7.16514930e+06 
 5.74171124e+14  6.94296802e+33  1.44911000e+01  1.59673126e-01  6.37260000e+00  1.31658867e-01  8.59003417e-02  3.37790516e-01  1.22009670e-02  7.13362471e+06 
 5.75749890e+14  6.96552770e+33  1.44791000e+01  1.59765386e-01  6.37260000e+00  1.31768647e-01  8.60000022e-02  3.37496435e-01  1.22332583e-02  7.10239634e+06 
 5.77328657e+14  6.98810228e+33  1.44681000e+01  1.59856970e-01  6.37260000e+00  1.31878082e-01  8.60878795e-02  3.37200639e-01  1.22614146e-02  7.07145169e+06 
 5.78907423e+14  7.01068149e+33  1.44571000e+01  1.59947867e-01  6.37260000e+00  1.31987139e-01  8.61758636e-02  3.36903312e-01  1.22896594e-02  7.04079813e+06 
 5.80486190e+14  7.03328033e+33  1.44461000e+01  1.60038120e-01  6.37360000e+00  1.32130804e-01  8.62639317e-02  3.36263150e-01  1.23179840e-02  7.01041756e+06 
 5.82064957e+14  7.05587917e+33  1.44351000e+01  1.60127670e-01  6.37360000e+00  1.32239062e-01  8.63521214e-02  3.35963631e-01  1.23464038e-02  6.98032955e+06 
 5.83643723e+14  7.07850197e+33  1.44251000e+01  1.60216609e-01  6.37360000e+00  1.32347018e-01  8.64283968e-02  3.35662519e-01  1.23706085e-02  6.95049813e+06 
 5.85222490e+14  7.10112494e+33  1.44141000e+01  1.60304840e-01  6.37360000e+00  1.32454583e-01  8.65167433e-02  3.35359816e-01  1.23991789e-02  6.92095120e+06 
 5.86801257e+14  7.12376700e+33  1.44031000e+01  1.60392464e-01  6.37360000e+00  1.32561806e-01  8.66051857e-02  3.35055956e-01  1.24278331e-02  6.89166045e+06 
 5.88380023e+14  7.14641399e+33  1.43921000e+01  1.60479438e-01  6.37460000e+00  1.32703607e-01  8.66937583e-02  3.34409286e-01  1.24565855e-02  6.86264055e+06 
 5.89958790e+14  7.16907523e+33  1.43821000e+01  1.60565780e-01  6.37460000e+00  1.32810072e-01  8.67703566e-02  3.34103199e-01  1.24810818e-02  6.83387719e+06 
 5.91537556e+14  7.19174613e+33  1.43711000e+01  1.60651468e-01  6.37460000e+00  1.32916167e-01  8.68591033e-02  3.33795811e-01  1.25099925e-02  6.80537386e+06 
 5.93116323e+14  7.21442648e+33  1.43611000e+01  1.60736512e-01  6.37460000e+00  1.33021921e-01  8.69358388e-02  3.33486823e-01  1.25346238e-02  6.77712535e+06 
 5.94695090e+14  7.23712116e+33  1.43511000e+01  1.60820975e-01  6.37460000e+00  1.33127338e-01  8.70126542e-02  3.33176738e-01  1.25593233e-02  6.74911947e+06 
 5.96273856e+14  7.25982054e+33  1.43401000e+01  1.60904827e-01  6.37460000e+00  1.33232360e-01  8.71017216e-02  3.32865919e-01  1.25884901e-02  6.72136614e+06 
 5.97852623e+14  7.28253889e+33  1.43301000e+01  1.60988093e-01  6.37460000e+00  1.33337052e-01  8.71787180e-02  3.32553932e-01  1.26133403e-02  6.69384758e+06 
 5.99431389e+14  7.30525724e+33  1.43201000e+01  1.61070670e-01  6.37560000e+00  1.33476339e-01  8.72557857e-02  3.31898414e-01  1.26382589e-02  6.66658700e+06 
 6.01010156e+14  7.32799915e+33  1.43091000e+01  1.61152731e-01  6.37560000e+00  1.33580341e-01  8.73451360e-02  3.31584035e-01  1.26676683e-02  6.63954490e+06 
 6.02588923e+14  7.35074106e+33  1.42991000e+01  1.61234187e-01  6.37560000e+00  1.33683950e-01  8.74224148e-02  3.31268848e-01  1.26927477e-02  6.61274670e+06 
 6.04167689e+14  7.37350175e+33  1.42891000e+01  1.61315013e-01  6.37560000e+00  1.33787241e-01  8.74997175e-02  3.30951995e-01  1.27178761e-02  6.58617720e+06 
 6.05746456e+14  7.39626710e+33  1.42791000e+01  1.61395286e-01  6.37560000e+00  1.33890181e-01  8.75771434e-02  3.30634318e-01  1.27430895e-02  6.55983719e+06 
 6.07325223e+14  7.41904650e+33  1.42691000e+01  1.61474962e-01  6.37560000e+00  1.33992786e-01  8.76546305e-02  3.30315379e-01  1.27683657e-02  6.53372188e+06 
 6.08903989e+14  7.44183519e+33  1.42591000e+01  1.61554059e-01  6.37560000e+00  1.34095042e-01  8.77322067e-02  3.29995426e-01  1.27937150e-02  6.50783093e+06 
 6.10482756e+14  7.46463321e+33  1.42491000e+01  1.61632602e-01  6.37560000e+00  1.34196955e-01  8.78098864e-02  3.29674604e-01  1.28191425e-02  6.48215933e+06 
 6.12061522e+14  7.48744513e+33  1.42401000e+01  1.61710574e-01  6.37560000e+00  1.34298531e-01  8.78752961e-02  3.29352719e-01  1.28401281e-02  6.45670333e+06 
 6.13640289e+14  7.51026173e+33  1.42301000e+01  1.61787985e-01  6.37560000e+00  1.34399744e-01  8.79531454e-02  3.29030073e-01  1.28656943e-02  6.43146695e+06 
 6.15219056e+14  7.53309676e+33  1.42201000e+01  1.61864877e-01  6.37560000e+00  1.34500659e-01  8.80310781e-02  3.28706393e-01  1.28913304e-02  6.40643269e+06 
 6.16797822e+14  7.55593185e+33  1.42111000e+01  1.61941141e-01  6.37560000e+00  1.34601189e-01  8.80967001e-02  3.28381625e-01  1.29124978e-02  6.38162298e+06 
 6.18376589e+14  7.57878990e+33  1.42011000e+01  1.62016937e-01  6.37560000e+00  1.34701447e-01  8.81747963e-02  3.28055959e-01  1.29382699e-02  6.35700309e+06 
 6.19955356e+14  7.60164795e+33  1.41911000e+01  1.62092132e-01  6.37560000e+00  1.34801325e-01  8.82529957e-02  3.27729351e-01  1.29641224e-02  6.33260113e+06 
 6.21534122e+14  7.62452437e+33  1.41821000e+01  1.62166829e-01  6.37560000e+00  1.34900911e-01  8.83188292e-02  3.27401778e-01  1.29854686e-02  6.30839087e+06 
 6.23112889e+14  7.64740532e+33  1.41721000e+01  1.62240977e-01  6.37560000e+00  1.35000145e-01  8.83972138e-02  3.27073398e-01  1.30114651e-02  6.28438614e+06 
 6.24691655e+14  7.67029999e+33  1.41631000e+01  1.62314603e-01  6.37560000e+00  1.35099067e-01  8.84631969e-02  3.26744043e-01  1.30329340e-02  6.26057494e+06 
 6.26270422e+14  7.69320374e+33  1.41541000e+01  1.62387695e-01  6.37560000e+00  1.35197659e-01  8.85292454e-02  3.26413786e-01  1.30544589e-02  6.23696014e+06 
 6.27849189e+14  7.71611660e+33  1.41441000e+01  1.62460266e-01  6.37560000e+00  1.35295924e-01  8.86078948e-02  3.26082701e-01  1.30806653e-02  6.21353872e+06 
 6.29427955e+14  7.73904305e+33  1.41351000e+01  1.62532329e-01  6.37560000e+00  1.35393881e-01  8.86740936e-02  3.25750694e-01  1.31023127e-02  6.19030388e+06 
 6.31006722e+14  7.77991846e+33  1.41191000e+01  1.62659767e-01  6.37560000e+00  1.35567997e-01  8.87916180e-02  3.25156012e-01  1.31407928e-02  6.14928030e+06 
 6.32585489e+14  7.89233190e+33  1.40731000e+01  1.63012045e-01  6.37560000e+00  1.36052816e-01  8.91376321e-02  3.23482355e-01  1.32552602e-02  6.03680326e+06 
 6.34164255e+14  8.00474534e+33  1.40271000e+01  1.63369967e-01  6.37460000e+00  1.36512492e-01  8.94818062e-02  3.22107524e-01  1.33692930e-02  5.92454744e+06 
 6.35743022e+14  8.13869719e+33  1.39721000e+01  1.63806095e-01  6.37460000e+00  1.37115187e-01  8.98936579e-02  3.20014963e-01  1.35060974e-02  5.79103774e+06 
 6.37321788e+14  8.27266297e+33  1.39161000e+01  1.64254812e-01  6.37360000e+00  1.37697429e-01  9.03195527e-02  3.18230973e-01  1.36484627e-02  5.65782246e+06 
 6.38900555e+14  8.40990310e+33  1.38581000e+01  1.64728465e-01  6.37360000e+00  1.38344445e-01  9.07669877e-02  3.16024878e-01  1.37988432e-02  5.52187095e+06 
 6.40479322e+14  8.54797703e+33  1.37991000e+01  1.65220134e-01  6.37360000e+00  1.39009982e-01  9.12301834e-02  3.13788576e-01  1.39554650e-02  5.38581777e+06 
 6.42058088e+14  8.68854931e+33  1.37381000e+01  1.65736820e-01  6.37260000e+00  1.39667091e-01  9.17202676e-02  3.11847697e-01  1.41224408e-02  5.24827391e+06 
 6.43636855e+14  8.83083216e+33  1.36761000e+01  1.66276788e-01  6.37260000e+00  1.40382172e-01  9.22273660e-02  3.09532915e-01  1.42962100e-02  5.11025417e+06 
 6.45215622e+14  8.97479202e+33  1.36141000e+01  1.66840702e-01  6.37260000e+00  1.41120032e-01  9.27393979e-02  3.07195728e-01  1.44721558e-02  4.97205871e+06 
 6.46794388e+14  9.12138632e+33  1.35501000e+01  1.67433257e-01  6.37260000e+00  1.41885794e-01  9.32826864e-02  3.04826509e-01  1.46604502e-02  4.83303080e+06 
 6.48373155e+14  9.26878941e+33  1.34851000e+01  1.68047827e-01  6.37260000e+00  1.42669905e-01  9.38494189e-02  3.02461371e-01  1.48585197e-02  4.69515871e+06 
 6.49951921e+14  9.41979951e+33  1.34191000e+01  1.68696827e-01  6.37260000e+00  1.43487443e-01  9.44346510e-02  3.00060169e-01  1.50640580e-02  4.55609459e+06 
 6.51530688e+14  9.57080961e+33  1.33521000e+01  1.69365387e-01  6.37360000e+00  1.44353794e-01  9.50479896e-02  2.97342082e-01  1.52816889e-02  4.41941030e+06 
 6.53109455e+14  9.72623367e+33  1.32841000e+01  1.70073718e-01  6.37360000e+00  1.45223484e-01  9.56811134e-02  2.94931437e-01  1.55074294e-02  4.28137086e+06 
 6.54688221e+14  9.88176571e+33  1.32161000e+01  1.70802893e-01  6.37460000e+00  1.46142473e-01  9.63304368e-02  2.92211429e-01  1.57407711e-02  4.14605304e+06 
 6.56266988e+14  1.00408527e+34  1.31471000e+01  1.71569428e-01  6.37560000e+00  1.47095311e-01  9.70042319e-02  2.89478601e-01  1.59845481e-02  4.01068961e+06 
 6.57845754e+14  1.02010147e+34  1.30781000e+01  1.72362073e-01  6.37660000e+00  1.48067848e-01  9.76944467e-02  2.86775475e-01  1.62361085e-02  3.87761824e+06 
 6.59424521e+14  1.03638225e+34  1.30081000e+01  1.73188911e-01  6.37760000e+00  1.49069179e-01  9.84139537e-02  2.84083500e-01  1.65006333e-02  3.74574254e+06 
 6.61003288e+14  1.05287242e+34  1.29381000e+01  1.74047740e-01  6.37960000e+00  1.50131248e-01  9.91501867e-02  2.81070629e-01  1.67731789e-02  3.61571623e+06 
 6.62582054e+14  1.06953109e+34  1.28671000e+01  1.74936623e-01  6.38060000e+00  1.51181369e-01  9.99205069e-02  2.78435891e-01  1.70613803e-02  3.48804621e+06 
 6.64160821e+14  1.08650639e+34  1.27961000e+01  1.75863982e-01  6.38260000e+00  1.52298825e-01  1.00707970e-01  2.75474370e-01  1.73579130e-02  3.36178166e+06 
 6.65739588e+14  1.10354876e+34  1.27251000e+01  1.76816425e-01  6.38460000e+00  1.53433059e-01  1.01518418e-01  2.72568331e-01  1.76660677e-02  3.23892779e+06 
 6.67318354e+14  1.12102054e+34  1.26541000e+01  1.77814650e-01  6.38760000e+00  1.54641948e-01  1.02346268e-01  2.69330874e-01  1.79826863e-02  3.11703419e+06 
 6.68897121e+14  1.13849232e+34  1.25831000e+01  1.78834321e-01  6.38960000e+00  1.55828045e-01  1.03200270e-01  2.66507667e-01  1.83129115e-02  2.99922930e+06 
 6.70475887e+14  1.15643222e+34  1.25121000e+01  1.79903133e-01  6.39260000e+00  1.57091581e-01  1.04073499e-01  2.63358537e-01  1.86526477e-02  2.88247976e+06 
 6.72054654e+14  1.17441202e+34  1.24411000e+01  1.80995840e-01  6.39560000e+00  1.58369830e-01  1.04974189e-01  2.60281044e-01  1.90069739e-02  2.76969720e+06 
 6.73633421e+14  1.19275898e+34  1.23701000e+01  1.82132442e-01  6.39960000e+00  1.59719272e-01  1.05898194e-01  2.56898996e-01  1.93733645e-02  2.65890564e+06 
 6.75212187e+14  1.21125851e+34  1.23001000e+01  1.83300100e-01  6.40260000e+00  1.61055403e-01  1.06832694e-01  2.53925206e-01  1.97467559e-02  2.55148983e+06 
 6.76790954e+14  1.23001852e+34  1.22301000e+01  1.84505444e-01  6.40660000e+00  1.62455770e-01  1.07793919e-01  2.50665724e-01  2.01344761e-02  2.44688089e+06 
 6.78369721e+14  1.24904971e+34  1.21601000e+01  1.85749636e-01  6.41060000e+00  1.63885963e-01  1.08782998e-01  2.47466001e-01  2.05373087e-02  2.34508067e+06 
 6.79948487e+14  1.26822878e+34  1.20911000e+01  1.87024540e-01  6.41460000e+00  1.65337453e-01  1.09784487e-01  2.44340290e-01  2.09486243e-02  2.24677705e+06 
 6.81527254e+14  1.28780373e+34  1.20221000e+01  1.88346906e-01  6.41860000e+00  1.66827241e-01  1.10814045e-01  2.41268838e-01  2.13752279e-02  2.15074222e+06 
 6.83106020e+14  1.30740783e+34  1.19541000e+01  1.89691927e-01  6.42360000e+00  1.68365485e-01  1.11858417e-01  2.37946340e-01  2.18122685e-02  2.05877740e+06 
 6.84684787e+14  1.32753883e+34  1.18861000e+01  1.91093970e-01  6.42860000e+00  1.69951331e-01  1.12931405e-01  2.34674946e-01  2.22649095e-02  1.96857196e+06 
 6.86263554e+14  1.34766983e+34  1.18201000e+01  1.92516418e-01  6.43360000e+00  1.71547898e-01  1.14001043e-01  2.31498088e-01  2.27194976e-02  1.88249568e+06 
 6.87842320e+14  1.36827349e+34  1.17531000e+01  1.93992670e-01  6.43960000e+00  1.73224061e-01  1.15120906e-01  2.28046085e-01  2.32010949e-02  1.79850817e+06 
 6.89421087e+14  1.38897303e+34  1.16881000e+01  1.95495809e-01  6.44460000e+00  1.74881837e-01  1.16236631e-01  2.25020948e-01  2.36841776e-02  1.71814187e+06 
 6.90999854e+14  1.41002634e+34  1.16231000e+01  1.97044560e-01  6.45060000e+00  1.76610877e-01  1.17385898e-01  2.21735615e-01  2.41869657e-02  1.64035329e+06 
 6.92578620e+14  1.43130710e+34  1.15601000e+01  1.98629736e-01  6.45660000e+00  1.78366484e-01  1.18529682e-01  2.18535969e-01  2.46900956e-02  1.56558906e+06 
 6.94157387e+14  1.45281621e+34  1.14971000e+01  2.00251169e-01  6.46260000e+00  1.80148509e-01  1.19708732e-01  2.15422761e-01  2.52148291e-02  1.49379380e+06 
 6.95736153e+14  1.47469106e+34  1.14351000e+01  2.01919427e-01  6.46960000e+00  1.82003100e-01  1.20902279e-01  2.12057639e-01  2.57499971e-02  1.42447512e+06 
 6.97314920e+14  1.49666207e+34  1.13741000e+01  2.03613703e-01  6.47660000e+00  1.83874415e-01  1.22111620e-01  2.08788441e-01  2.62976462e-02  1.35842437e+06 
 6.98893687e+14  1.51914407e+34  1.13131000e+01  2.05366124e-01  6.48360000e+00  1.85792977e-01  1.23357014e-01  2.05599851e-01  2.68670682e-02  1.29435306e+06 
 7.00472453e+14  1.54162607e+34  1.12541000e+01  2.07136630e-01  6.49060000e+00  1.87720886e-01  1.24596756e-01  2.02510472e-01  2.74382252e-02  1.23365498e+06 
 7.02051220e+14  1.56468549e+34  1.11951000e+01  2.08970743e-01  6.49860000e+00  1.89737392e-01  1.25873454e-01  1.99173538e-01  2.80318399e-02  1.17471478e+06 
 7.03629987e+14  1.58778791e+34  1.11381000e+01  2.10825982e-01  6.50560000e+00  1.91729876e-01  1.27143411e-01  1.96264531e-01  2.86264780e-02  1.11884830e+06 
 7.05208753e+14  1.61133482e+34  1.10821000e+01  2.12734292e-01  6.51360000e+00  1.93801104e-01  1.28428190e-01  1.93116305e-01  2.92321573e-02  1.06500601e+06 
 7.06787520e+14  1.63507112e+34  1.10271000e+01  2.14675088e-01  6.52160000e+00  1.95895460e-01  1.29727802e-01  1.90064370e-01  2.98503262e-02  1.01371477e+06 
 7.08366286e+14  1.65911174e+34  1.09721000e+01  2.16657372e-01  6.53060000e+00  1.98058247e-01  1.31065868e-01  1.86780396e-01  3.04942796e-02  9.64646498e+05 
 7.09945053e+14  1.68349557e+34  1.09191000e+01  2.18684502e-01  6.53860000e+00  2.00219027e-01  1.32394995e-01  1.83915303e-01  3.11365183e-02  9.17661708e+05 
 7.11523820e+14  1.70803607e+34  1.08671000e+01  2.20740587e-01  6.54760000e+00  2.02436934e-01  1.33737917e-01  1.80821972e-01  3.17913000e-02  8.73039759e+05 
 7.13102586e+14  1.73308127e+34  1.08151000e+01  2.22854868e-01  6.55660000e+00  2.04701910e-01  1.35120530e-01  1.77823444e-01  3.24723148e-02  8.30087168e+05 
 7.14681353e+14  1.75812778e+34  1.07661000e+01  2.24984484e-01  6.56560000e+00  2.06974972e-01  1.36465531e-01  1.74919897e-01  3.31361895e-02  7.89587296e+05 
 7.16260119e+14  1.78384841e+34  1.07161000e+01  2.27186597e-01  6.57560000e+00  2.09345433e-01  1.37876364e-01  1.71792633e-01  3.38415219e-02  7.50392565e+05 
 7.17838886e+14  1.80956904e+34  1.06681000e+01  2.29403407e-01  6.58460000e+00  2.11686382e-01  1.39273176e-01  1.69077542e-01  3.45439995e-02  7.13472223e+05 
 7.19417653e+14  1.83581729e+34  1.06211000e+01  2.31680046e-01  6.59460000e+00  2.14113396e-01  1.40683901e-01  1.66141432e-01  3.52574598e-02  6.77990696e+05 
 7.20996419e+14  1.86222759e+34  1.05751000e+01  2.33984798e-01  6.60460000e+00  2.16560669e-01  1.42105752e-01  1.63298348e-01  3.59825477e-02  6.44383627e+05 
 7.22575186e+14  1.88900837e+34  1.05311000e+01  2.36335442e-01  6.61460000e+00  2.19044293e-01  1.43512391e-01  1.60549021e-01  3.67011708e-02  6.12311912e+05 
 7.24153953e+14  1.91612278e+34  1.04871000e+01  2.38728826e-01  6.62460000e+00  2.21561279e-01  1.44957319e-01  1.57893988e-01  3.74476577e-02  5.81762571e+05 
 7.25732719e+14  1.94344226e+34  1.04441000e+01  2.41153040e-01  6.63560000e+00  2.24139339e-01  1.46411700e-01  1.55017434e-01  3.82046735e-02  5.52810485e+05 
 7.27311486e+14  1.97127542e+34  1.04021000e+01  2.43635524e-01  6.64660000e+00  2.26765014e-01  1.47878038e-01  1.52238889e-01  3.89717642e-02  5.25073990e+05 
 7.28890252e+14  1.99913967e+34  1.03611000e+01  2.46132832e-01  6.65660000e+00  2.29361697e-01  1.49350707e-01  1.49850956e-01  3.97486547e-02  4.98967664e+05 
 7.30469019e+14  2.02770643e+34  1.03211000e+01  2.48704917e-01  6.66860000e+00  2.32097301e-01  1.50836216e-01  1.46949970e-01  4.05348826e-02  4.73811257e+05 
 7.32047786e+14  2.05627318e+34  1.02831000e+01  2.51288491e-01  6.67960000e+00  2.34801042e-01  1.52296499e-01  1.44436069e-01  4.13098047e-02  4.50172358e+05 
 7.33626552e+14  2.08543684e+34  1.02451000e+01  2.53937154e-01  6.69060000e+00  2.37558661e-01  1.53796698e-01  1.42017589e-01  4.21129808e-02  4.27498043e+05 
 7.35205319e+14  2.11475222e+34  1.02081000e+01  2.56610337e-01  6.70260000e+00  2.40373162e-01  1.55301271e-01  1.39379893e-01  4.29237743e-02  4.06087970e+05 
 7.36784086e+14  2.14448785e+34  1.01721000e+01  2.59332064e-01  6.71360000e+00  2.43188562e-01  1.56812832e-01  1.37129936e-01  4.37419055e-02  3.85689752e+05 
 7.38362852e+14  2.17456708e+34  1.01371000e+01  2.62095282e-01  6.72560000e+00  2.46076202e-01  1.58329620e-01  1.34666829e-01  4.45666695e-02  3.66312046e+05 
 7.39941619e+14  2.20488072e+34  1.01031000e+01  2.64889479e-01  6.73760000e+00  2.48988280e-01  1.59849099e-01  1.32283950e-01  4.53970947e-02  3.47973482e+05 
 7.41520385e+14  2.23573924e+34  1.00701000e+01  2.67743199e-01  6.75060000e+00  2.51989055e-01  1.61375100e-01  1.29698927e-01  4.62332815e-02  3.30445451e+05 
 7.43099152e+14  2.26663684e+34  1.00381000e+01  2.70609216e-01  6.76260000e+00  2.54959178e-01  1.62898799e-01  1.27475728e-01  4.70729659e-02  3.13967440e+05 
 7.44677919e+14  2.29829028e+34  1.00071000e+01  2.73553867e-01  6.77460000e+00  2.57995362e-01  1.64430788e-01  1.25350177e-01  4.79176909e-02  2.98120037e+05 
 7.46256685e+14  2.32994372e+34  9.97710000e+00  2.76506533e-01  6.78760000e+00  2.61076207e-01  1.65957682e-01  1.22997867e-01  4.87639556e-02  2.83244800e+05 
 7.47835452e+14  2.36224189e+34  9.94710000e+00  2.79526971e-01  6.80060000e+00  2.64214194e-01  1.67523012e-01  1.20737643e-01  4.96382478e-02  2.68997751e+05 
 7.49414219e+14  2.39470607e+34  9.91910000e+00  2.82570298e-01  6.81360000e+00  2.67370438e-01  1.69050611e-01  1.18546047e-01  5.04883422e-02  2.55557299e+05 
 7.50992985e+14  2.42761585e+34  9.89110000e+00  2.85662211e-01  6.82660000e+00  2.70567326e-01  1.70612079e-01  1.16433892e-01  5.13648512e-02  2.42769103e+05 
 7.52571752e+14  2.46090679e+34  9.86410000e+00  2.88796573e-01  6.83960000e+00  2.73799595e-01  1.72171617e-01  1.14396516e-01  5.22415892e-02  2.30627936e+05 
 7.54150518e+14  2.49443402e+34  9.83810000e+00  2.91959194e-01  6.85260000e+00  2.77055162e-01  1.73725289e-01  1.12423973e-01  5.31166876e-02  2.19151650e+05 
 7.55729285e+14  2.52856795e+34  9.81210000e+00  2.95184940e-01  6.86660000e+00  2.80404678e-01  1.75314971e-01  1.10256456e-01  5.40186878e-02  2.08185873e+05 
 7.57308052e+14  2.56271835e+34  9.78810000e+00  2.98417457e-01  6.87960000e+00  2.83718770e-01  1.76856750e-01  1.08417243e-01  5.48884474e-02  1.97888331e+05 
 7.58886818e+14  2.59771167e+34  9.76410000e+00  3.01734883e-01  6.89360000e+00  2.87145921e-01  1.78438056e-01  1.06395877e-01  5.57854922e-02  1.87984973e+05 
 7.60465585e+14  2.63270499e+34  9.74110000e+00  3.05056852e-01  6.90760000e+00  2.90576733e-01  1.80004796e-01  1.04421706e-01  5.66757648e-02  1.78690661e+05 
 7.62044352e+14  2.66836018e+34  9.71910000e+00  3.08445861e-01  6.92060000e+00  2.94023592e-01  1.81569489e-01  1.02799828e-01  5.75623957e-02  1.69801982e+05 
 7.63623118e+14  2.70422950e+34  9.69810000e+00  3.11859120e-01  6.93460000e+00  2.97532245e-01  1.83121602e-01  1.00960751e-01  5.84411242e-02  1.61409090e+05 
 7.65201885e+14  2.74053573e+34  9.67710000e+00  3.15317316e-01  6.94960000e+00  3.01121015e-01  1.84702786e-01  9.89198059e-02  5.93428632e-02  1.53434816e+05 
 7.66780651e+14  2.77729786e+34  9.65710000e+00  3.18822120e-01  6.96360000e+00  3.04708413e-01  1.86274974e-01  9.72123733e-02  6.02368936e-02  1.45855349e+05 
 7.68359418e+14  2.81426066e+34  9.63810000e+00  3.22348661e-01  6.97760000e+00  3.08314531e-01  1.87831277e-01  9.55541057e-02  6.11199283e-02  1.38700812e+05 
 7.69938185e+14  2.85193260e+34  9.61910000e+00  3.25945177e-01  6.99160000e+00  3.11980928e-01  1.89421119e-01  9.39702182e-02  6.20267581e-02  1.31855080e+05 
 7.71516951e+14  2.88960453e+34  9.60110000e+00  3.29543578e-01  7.00660000e+00  3.15691583e-01  1.90988788e-01  9.21596209e-02  6.29192130e-02  1.25427383e+05 
 7.73095718e+14  2.92815626e+34  9.58310000e+00  3.33227539e-01  7.02160000e+00  3.19476246e-01  1.92593203e-01  9.04333079e-02  6.38363718e-02  1.19251060e+05 
 7.74674484e+14  2.96675519e+34  9.56710000e+00  3.36917188e-01  7.03560000e+00  3.23224042e-01  1.94134068e-01  8.90000787e-02  6.47038064e-02  1.13444630e+05 
 7.76253251e+14  3.00599146e+34  9.55110000e+00  3.40668439e-01  7.05060000e+00  3.27067964e-01  1.95704510e-01  8.73751475e-02  6.55922097e-02  1.07901653e+05 
 7.77832018e+14  3.04553475e+34  9.53510000e+00  3.44449519e-01  7.06560000e+00  3.30938471e-01  1.97296813e-01  8.57971560e-02  6.64988564e-02  1.02655188e+05 
 7.79410784e+14  3.08546082e+34  9.52010000e+00  3.48267020e-01  7.08060000e+00  3.34841342e-01  1.98870726e-01  8.42680191e-02  6.73889989e-02  9.76794457e+04 
 7.80989551e+14  3.12596605e+34  9.50610000e+00  3.52139630e-01  7.09560000e+00  3.38792477e-01  2.00429823e-01  8.27980327e-02  6.82630650e-02  9.29376181e+04 
 7.82568318e+14  3.16658697e+34  9.49210000e+00  3.56022448e-01  7.11060000e+00  3.42753721e-01  2.02004153e-01  8.13588063e-02  6.91516033e-02  8.84698409e+04 
 7.84147084e+14  3.20807190e+34  9.47910000e+00  3.59986631e-01  7.12560000e+00  3.46785893e-01  2.03568682e-01  7.99905138e-02  7.00246967e-02  8.41827824e+04 
 7.85725851e+14  3.24955682e+34  9.46610000e+00  3.63949340e-01  7.14060000e+00  3.50818270e-01  2.05144617e-01  7.86438994e-02  7.09101648e-02  8.01544496e+04 
 7.87304617e+14  3.29187514e+34  9.45410000e+00  3.67989541e-01  7.15660000e+00  3.54962556e-01  2.06708257e-01  7.71188113e-02  7.17779168e-02  7.62926693e+04 
 7.88883384e+14  3.33435770e+34  9.44310000e+00  3.72043210e-01  7.17160000e+00  3.59076060e-01  2.08242059e-01  7.58668849e-02  7.26200195e-02  7.26491893e+04 
 7.90462151e+14  3.37739860e+34  9.43210000e+00  3.76147310e-01  7.18660000e+00  3.63234307e-01  2.09798828e-01  7.46626964e-02  7.34776944e-02  6.91792870e+04 
 7.92040917e+14  3.42089694e+34  9.42110000e+00  3.80291895e-01  7.20260000e+00  3.67473763e-01  2.11375869e-01  7.32587983e-02  7.43498146e-02  6.58826395e+04 
 7.93619684e+14  3.46466512e+34  9.41110000e+00  3.84458696e-01  7.21760000e+00  3.71689455e-01  2.12923220e-01  7.21251460e-02  7.51945993e-02  6.27636984e+04 
 7.95198451e+14  3.50919753e+34  9.40210000e+00  3.88694421e-01  7.23360000e+00  3.76010912e-01  2.14451936e-01  7.08099319e-02  7.60154890e-02  5.97796358e+04 
 7.96777217e+14  3.55372994e+34  9.39310000e+00  3.92925761e-01  7.24960000e+00  3.80331264e-01  2.15987360e-01  6.95079601e-02  7.68438485e-02  5.69730807e+04 
 7.98355984e+14  3.59928246e+34  9.38410000e+00  3.97249199e-01  7.26560000e+00  3.84732642e-01  2.17555037e-01  6.82740709e-02  7.76901444e-02  5.42728083e+04 
 7.99934750e+14  3.64486745e+34  9.37610000e+00  4.01570770e-01  7.28060000e+00  3.89089361e-01  2.19083272e-01  6.72852010e-02  7.85022381e-02  5.17310274e+04 
 8.01513517e+14  3.69117467e+34  9.36810000e+00  4.05955245e-01  7.29660000e+00  3.93547766e-01  2.20635241e-01  6.61125949e-02  7.93280611e-02  4.93017146e+04 
 8.03092284e+14  3.73783091e+34  9.36110000e+00  4.10366970e-01  7.31260000e+00  3.98032175e-01  2.22153817e-01  6.49675469e-02  8.01207111e-02  4.69986747e+04 
 8.04671050e+14  3.78489705e+34  9.35410000e+00  4.14811063e-01  7.32860000e+00  4.02547020e-01  2.23687022e-01  6.38519552e-02  8.09225087e-02  4.48121834e+04 
 8.06249817e+14  3.83264340e+34  9.34710000e+00  4.19312796e-01  7.34460000e+00  4.07113818e-01  2.25241631e-01  6.27792001e-02  8.17362080e-02  4.27244746e+04 
 8.07828584e+14  3.88047243e+34  9.34110000e+00  4.23815248e-01  7.36060000e+00  4.11684256e-01  2.26753584e-01  6.17161969e-02  8.25110603e-02  4.07556444e+04 
 8.09407350e+14  3.92932792e+34  9.33610000e+00  4.28406844e-01  7.37660000e+00  4.16333536e-01  2.28245719e-01  6.07116027e-02  8.32556235e-02  3.88622041e+04 
 8.10986117e+14  3.97818341e+34  9.33010000e+00  4.32990607e-01  7.39260000e+00  4.20979351e-01  2.29789042e-01  5.97101425e-02  8.40474732e-02  3.70793539e+04 
 8.12564883e+14  4.02790742e+34  9.32510000e+00  4.37647490e-01  7.40860000e+00  4.25690584e-01  2.31307344e-01  5.87556744e-02  8.48060500e-02  3.53704426e+04 
 8.14143650e+14  4.07789125e+34  9.32110000e+00  4.42320140e-01  7.42460000e+00  4.30418519e-01  2.32783853e-01  5.78157943e-02  8.55233703e-02  3.37524616e+04 
 8.15722417e+14  4.12840476e+34  9.31710000e+00  4.47033156e-01  7.44060000e+00  4.35184110e-01  2.34274468e-01  5.69032983e-02  8.62471446e-02  3.22120387e+04 
 8.17301183e+14  4.17953630e+34  9.31310000e+00  4.51794464e-01  7.45760000e+00  4.40042107e-01  2.35781271e-01  5.58057800e-02  8.69781041e-02  3.07429207e+04 
 8.18879950e+14  4.23084269e+34  9.30910000e+00  4.56562158e-01  7.47360000e+00  4.44861228e-01  2.37292680e-01  5.49330164e-02  8.77112854e-02  2.93536947e+04 
 8.20458717e+14  4.28314148e+34  9.30610000e+00  4.61411828e-01  7.48960000e+00  4.49753624e-01  2.38778029e-01  5.41069957e-02  8.84076499e-02  2.80190356e+04 
 8.22037483e+14  4.33544028e+34  9.30310000e+00  4.66250853e-01  7.50560000e+00  4.54640619e-01  2.40262413e-01  5.32776810e-02  8.91031174e-02  2.67609501e+04 
 8.23616250e+14  4.38872963e+34  9.30110000e+00  4.71170427e-01  7.52260000e+00  4.59648338e-01  2.41718879e-01  5.22833186e-02  8.98111307e-02  2.55670128e+04 
 8.25195016e+14  4.44221539e+34  9.29810000e+00  4.76096727e-01  7.53860000e+00  4.64617095e-01  2.43230618e-01  5.15047098e-02  9.04649330e-02  2.44086484e+04 
 8.26773783e+14  4.49632342e+34  9.29610000e+00  4.81068327e-01  7.55460000e+00  4.69628173e-01  2.44703842e-01  5.07502974e-02  9.11260572e-02  2.33174509e+04 
 8.28352550e+14  4.55101603e+34  9.29510000e+00  4.86081494e-01  7.57160000e+00  4.74727680e-01  2.46136504e-01  4.98118867e-02  9.17414385e-02  2.22771086e+04 
 8.29931316e+14  4.60594543e+34  9.29310000e+00  4.91103653e-01  7.58760000e+00  4.79789636e-01  2.47625145e-01  4.90850479e-02  9.24055609e-02  2.12913754e+04 
 8.31510083e+14  4.66186491e+34  9.29210000e+00  4.96203283e-01  7.60360000e+00  4.84921235e-01  2.49082279e-01  4.83975323e-02  9.30268815e-02  2.03445482e+04 
 8.33088849e+14  4.71778439e+34  9.29210000e+00  5.01289466e-01  7.62060000e+00  4.90095613e-01  2.50481809e-01  4.74988085e-02  9.36479894e-02  1.94622621e+04 
 8.34667616e+14  4.77478461e+34  9.29110000e+00  5.06459962e-01  7.63660000e+00  4.95295821e-01  2.51958115e-01  4.68447730e-02  9.42180132e-02  1.85914132e+04 
 8.36246383e+14  4.83195116e+34  9.29110000e+00  5.11631390e-01  7.65360000e+00  5.00551319e-01  2.53380034e-01  4.59893861e-02  9.48433348e-02  1.77879115e+04 
 8.37825149e+14  4.88979754e+34  9.29110000e+00  5.16849498e-01  7.66960000e+00  5.05800500e-01  2.54813957e-01  4.53553858e-02  9.54158843e-02  1.70099970e+04 
 8.39403916e+14  4.94823149e+34  9.29110000e+00  5.22105643e-01  7.68560000e+00  5.11085972e-01  2.56257468e-01  4.47381364e-02  9.59333880e-02  1.62585533e+04 
 8.40982683e+14  5.00692592e+34  9.29110000e+00  5.27369480e-01  7.70260000e+00  5.16433835e-01  2.57701992e-01  4.39232293e-02  9.65030247e-02  1.55550000e+04 
 8.42561449e+14  5.06664778e+34  9.29210000e+00  5.32709748e-01  7.71860000e+00  5.21799639e-01  2.59110794e-01  4.33408699e-02  9.70249020e-02  1.48787946e+04 
 8.44140216e+14  5.12636964e+34  9.29310000e+00  5.38033679e-01  7.73560000e+00  5.27207705e-01  2.60513349e-01  4.25518577e-02  9.75402986e-02  1.42399414e+04 
 8.45718982e+14  5.18722220e+34  9.29410000e+00  5.43441595e-01  7.75160000e+00  5.32640087e-01  2.61937148e-01  4.19942899e-02  9.80598377e-02  1.36248545e+04 
 8.47297749e+14  5.24825261e+34  9.29510000e+00  5.48848235e-01  7.76760000e+00  5.38075994e-01  2.63358724e-01  4.14308584e-02  9.85742395e-02  1.30418977e+04 
 8.48876516e+14  5.30997673e+34  9.29710000e+00  5.54298789e-01  7.78460000e+00  5.43605727e-01  2.64733503e-01  4.06936063e-02  9.90349432e-02  1.24846019e+04 
 8.50455282e+14  5.37233648e+34  9.29910000e+00  5.59787450e-01  7.80060000e+00  5.49120691e-01  2.66116033e-01  4.01594361e-02  9.95518348e-02  1.19593190e+04 
 8.52034049e+14  5.43493314e+34  9.30110000e+00  5.65278619e-01  7.81760000e+00  5.54695023e-01  2.67496660e-01  3.94329639e-02  1.00005352e-01  1.14538211e+04 
 8.53612816e+14  5.49864315e+34  9.30310000e+00  5.70848784e-01  7.83360000e+00  5.60288456e-01  2.68896203e-01  3.89274000e-02  1.00460986e-01  1.09672782e+04 
 8.55191582e+14  5.56235316e+34  9.30510000e+00  5.76399788e-01  7.84960000e+00  5.65870434e-01  2.70287782e-01  3.84066758e-02  1.00849431e-01  1.05009356e+04 
 8.56770349e+14  5.62719427e+34  9.30810000e+00  5.82029683e-01  7.86660000e+00  5.71577431e-01  2.71639660e-01  3.77309949e-02  1.01303236e-01  1.00640140e+04 
 8.58349115e+14  5.69227562e+34  9.31110000e+00  5.87660499e-01  7.88260000e+00  5.77237060e-01  2.72988383e-01  3.72347455e-02  1.01691216e-01  9.64326886e+03 
 8.59927882e+14  5.75801125e+34  9.31310000e+00  5.93327434e-01  7.89860000e+00  5.82932201e-01  2.74402396e-01  3.67482306e-02  1.02070701e-01  9.23567538e+03 
 8.61506649e+14  5.82448512e+34  9.31610000e+00  5.99037347e-01  7.91560000e+00  5.88722512e-01  2.75765947e-01  3.60930744e-02  1.02452415e-01  8.85098880e+03 
 8.63085415e+14  5.89111521e+34  9.32010000e+00  6.04739490e-01  7.93160000e+00  5.94457420e-01  2.77064420e-01  3.56102351e-02  1.02831602e-01  8.49094826e+03 
 8.64664182e+14  5.95900294e+34  9.32310000e+00  6.10527537e-01  7.94760000e+00  6.00270564e-01  2.78441650e-01  3.51569639e-02  1.03145661e-01  8.13382396e+03 
 8.66242949e+14  6.02689067e+34  9.32710000e+00  6.16293759e-01  7.96460000e+00  6.06124286e-01  2.79749500e-01  3.45102410e-02  1.03516446e-01  7.80498456e+03 
 8.67821715e+14  6.09585005e+34  9.33010000e+00  6.22128334e-01  7.98060000e+00  6.11987250e-01  2.81131738e-01  3.40634528e-02  1.03819381e-01  7.47960052e+03 
 8.69400482e+14  6.16517309e+34  9.33410000e+00  6.27971020e-01  7.99660000e+00  6.17861956e-01  2.82452006e-01  3.36134284e-02  1.04120804e-01  7.17414463e+03 
 8.70979248e+14  6.23504711e+34  9.33810000e+00  6.33836798e-01  8.01260000e+00  6.23761367e-01  2.83774218e-01  3.31658412e-02  1.04416411e-01  6.88244099e+03 
 8.72558015e+14  6.30582703e+34  9.34210000e+00  6.39755085e-01  8.02860000e+00  6.29710436e-01  2.85106231e-01  3.27330911e-02  1.04708744e-01  6.60245054e+03 
 8.74136782e+14  6.37661449e+34  9.34710000e+00  6.45650069e-01  8.04460000e+00  6.35644797e-01  2.86366496e-01  3.22832895e-02  1.04997028e-01  6.34079656e+03 
 8.75715548e+14  6.44887298e+34  9.35110000e+00  6.51642973e-01  8.06160000e+00  6.41724147e-01  2.87709501e-01  3.16918033e-02  1.05279742e-01  6.08384467e+03 
 8.77294315e+14  6.52113147e+34  9.35510000e+00  6.57611135e-01  8.07760000e+00  6.47731528e-01  2.89041654e-01  3.12573403e-02  1.05489699e-01  5.83680001e+03 
 8.78873082e+14  6.59433106e+34  9.36010000e+00  6.63631657e-01  8.09360000e+00  6.53788881e-01  2.90321270e-01  3.08357614e-02  1.05764379e-01  5.60627986e+03 
 8.80451848e+14  6.66808992e+34  9.36510000e+00  6.69672621e-01  8.10960000e+00  6.59868882e-01  2.91601434e-01  3.04146665e-02  1.05969738e-01  5.38269309e+03 
 8.82030615e+14  6.74222106e+34  9.37010000e+00  6.75718065e-01  8.12560000e+00  6.65957826e-01  2.92877946e-01  2.99881456e-02  1.06167025e-01  5.16953534e+03 
 8.83609381e+14  6.81750219e+34  9.37510000e+00  6.81830818e-01  8.14160000e+00  6.72109704e-01  2.94167247e-01  2.95793943e-02  1.06361097e-01  4.96418086e+03 
 8.85188148e+14  6.89278332e+34  9.38010000e+00  6.87916839e-01  8.15760000e+00  6.78243897e-01  2.95444659e-01  2.91532639e-02  1.06544550e-01  4.76932874e+03 
 8.86766915e+14  6.96938780e+34  9.38510000e+00  6.94082516e-01  8.17360000e+00  6.84451601e-01  2.96738019e-01  2.87492649e-02  1.06725536e-01  4.58116276e+03 
 8.88345681e+14  7.04621321e+34  9.39010000e+00  7.00238391e-01  8.18960000e+00  6.90656247e-01  2.98023882e-01  2.83339892e-02  1.06833447e-01  4.39943718e+03 
 8.89924448e+14  7.12376587e+34  9.39610000e+00  7.06424538e-01  8.20460000e+00  6.96833950e-01  2.99249047e-01  2.80874071e-02  1.07005433e-01  4.23041991e+03 
 8.91503214e+14  7.20215766e+34  9.40110000e+00  7.12649162e-01  8.22060000e+00  7.03108051e-01  3.00542699e-01  2.76810479e-02  1.07164707e-01  4.06569343e+03 
 8.93081981e+14  7.28065514e+34  9.40710000e+00  7.18853513e-01  8.23660000e+00  7.09370255e-01  3.01762022e-01  2.72596294e-02  1.07256887e-01  3.90904233e+03 
 8.94660748e+14  7.36063551e+34  9.41210000e+00  7.25145770e-01  8.25260000e+00  7.15713312e-01  3.03063061e-01  2.68618619e-02  1.07339311e-01  3.75520159e+03 
 8.96239514e+14  7.44061588e+34  9.41810000e+00  7.31408586e-01  8.26760000e+00  7.21977255e-01  3.04286964e-01  2.66084551e-02  1.07482328e-01  3.61344674e+03 
 8.97818281e+14  7.52166514e+34  9.42410000e+00  7.37725007e-01  8.28360000e+00  7.28351504e-01  3.05519255e-01  2.62038408e-02  1.07556015e-01  3.47480140e+03 
 8.99397048e+14  7.60325637e+34  9.43010000e+00  7.44053339e-01  8.29960000e+00  7.34741888e-01  3.06749168e-01  2.57946808e-02  1.07621696e-01  3.34217627e+03 
 9.00975814e+14  7.68526451e+34  9.43610000e+00  7.50383380e-01  8.31460000e+00  7.41079032e-01  3.07974196e-01  2.55392770e-02  1.07678856e-01  3.21547734e+03 
 9.02554581e+14  7.76848896e+34  9.44210000e+00  7.56776153e-01  8.33060000e+00  7.47535387e-01  3.09209832e-01  2.51369825e-02  1.07731218e-01  3.09325510e+03 
 9.04133347e+14  7.85171341e+34  9.44810000e+00  7.63137588e-01  8.34560000e+00  7.53910002e-01  3.10432134e-01  2.48749582e-02  1.07772999e-01  2.97705275e+03 
 9.05712114e+14  7.93633123e+34  9.45410000e+00  7.69573396e-01  8.36160000e+00  7.60414514e-01  3.11667885e-01  2.44708338e-02  1.07745740e-01  2.86298595e+03 
 9.07290881e+14  8.02121134e+34  9.46110000e+00  7.75997209e-01  8.37660000e+00  7.66853008e-01  3.12829191e-01  2.42132883e-02  1.07781756e-01  2.75753481e+03 
 9.08869647e+14  8.10680029e+34  9.46710000e+00  7.82441796e-01  8.39160000e+00  7.73315354e-01  3.14056223e-01  2.39517064e-02  1.07802484e-01  2.65473861e+03 
 9.10448414e+14  8.19335857e+34  9.47410000e+00  7.88926473e-01  8.40760000e+00  7.79878052e-01  3.15221477e-01  2.35409427e-02  1.07759984e-01  2.55583652e+03 
 9.12027181e+14  8.27991684e+34  9.48010000e+00  7.95378055e-01  8.42260000e+00  7.86356454e-01  3.16439494e-01  2.32668165e-02  1.07764137e-01  2.46172313e+03 
 9.13605947e+14  8.36817176e+34  9.48710000e+00  8.01922200e-01  8.43760000e+00  7.92920022e-01  3.17608406e-01  2.30128847e-02  1.07707864e-01  2.37040199e+03 
 9.15184714e+14  8.45643077e+34  9.49310000e+00  8.08432596e-01  8.45260000e+00  7.99459878e-01  3.18830309e-01  2.27396562e-02  1.07698137e-01  2.28348293e+03 
 9.16763480e+14  8.54566709e+34  9.50010000e+00  8.14980538e-01  8.46760000e+00  8.06037367e-01  3.19988902e-01  2.24697168e-02  1.07625186e-01  2.19981920e+03 
 9.18342247e+14  8.63564947e+34  9.50610000e+00  8.21548467e-01  8.48260000e+00  8.12637379e-01  3.21214359e-01  2.21976799e-02  1.07536511e-01  2.11821610e+03 
 9.19921014e+14  8.72586018e+34  9.51310000e+00  8.28097940e-01  8.49760000e+00  8.19226834e-01  3.22362167e-01  2.19117259e-02  1.07512030e-01  2.04280650e+03 
 9.21499780e+14  8.81758862e+34  9.52010000e+00  8.34722012e-01  8.51260000e+00  8.25886007e-01  3.23522798e-01  2.16401138e-02  1.07417844e-01  1.96853451e+03 
 9.23078547e+14  8.90931706e+34  9.52710000e+00  8.41310517e-01  8.52760000e+00  8.32519248e-01  3.24669123e-01  2.13512647e-02  1.07314050e-01  1.89778493e+03 
 9.24657314e+14  9.00226336e+34  9.53410000e+00  8.47949899e-01  8.54260000e+00  8.39202376e-01  3.25822245e-01  2.10681127e-02  1.07204279e-01  1.82948162e+03 
 9.26236080e+14  9.09576058e+34  9.54110000e+00  8.54592344e-01  8.55760000e+00  8.45892965e-01  3.26970635e-01  2.07793488e-02  1.07086749e-01  1.76401129e+03 
 9.27814847e+14  9.18968828e+34  9.54710000e+00  8.61228282e-01  8.57160000e+00  8.52520778e-01  3.28180519e-01  2.06254636e-02  1.06952026e-01  1.70029132e+03 
 9.29393613e+14  9.28497705e+34  9.55410000e+00  8.67923206e-01  8.58660000e+00  8.59267806e-01  3.29330772e-01  2.03345855e-02  1.06820653e-01  1.63970613e+03 
 9.30972380e+14  9.38026583e+34  9.56110000e+00  8.74580720e-01  8.60160000e+00  8.65987369e-01  3.30466420e-01  2.00267690e-02  1.06680075e-01  1.58194543e+03 
 9.32551147e+14  9.47698049e+34  9.56810000e+00  8.81299736e-01  8.61560000e+00  8.72702179e-01  3.31611501e-01  1.98718228e-02  1.06534029e-01  1.52604401e+03 
 9.34129913e+14  9.57408363e+34  9.57610000e+00  8.88007551e-01  8.63060000e+00  8.79476209e-01  3.32678888e-01  1.95620333e-02  1.06389087e-01  1.47341650e+03 
 9.35708680e+14  9.67178433e+34  9.58310000e+00  8.94718015e-01  8.64460000e+00  8.86193935e-01  3.33810778e-01  1.93880455e-02  1.06227531e-01  1.42201657e+03 
 9.37287447e+14  9.77072466e+34  9.59010000e+00  9.01474710e-01  8.65860000e+00  8.92956232e-01  3.34948415e-01  1.92194683e-02  1.06060017e-01  1.37235989e+03 
 9.38866213e+14  9.86966498e+34  9.59710000e+00  9.08192284e-01  8.67360000e+00  8.99755212e-01  3.36071238e-01  1.88886546e-02  1.05883792e-01  1.32497879e+03 
 9.40444980e+14  9.97020176e+34  9.60410000e+00  9.14978693e-01  8.68760000e+00  9.06553622e-01  3.37205297e-01  1.87121227e-02  1.05702432e-01  1.27903321e+03 
 9.42023746e+14  1.00710021e+35  9.61110000e+00  9.21742911e-01  8.70160000e+00  9.13338153e-01  3.38328621e-01  1.85209361e-02  1.05513014e-01  1.23506796e+03 
 9.43602513e+14  1.01725271e+35  9.61810000e+00  9.28515693e-01  8.71560000e+00  9.20134907e-01  3.39448761e-01  1.83247377e-02  1.05252375e-01  1.19206650e+03 
 9.45181280e+14  1.02752104e+35  9.62610000e+00  9.35325054e-01  8.72960000e+00  9.26969137e-01  3.40501477e-01  1.81288263e-02  1.05059623e-01  1.15197545e+03 
 9.46760046e+14  1.03778937e+35  9.63310000e+00  9.42093936e-01  8.74360000e+00  9.33772909e-01  3.41609999e-01  1.79157243e-02  1.04849263e-01  1.11299461e+03 
 9.48338813e+14  1.04823014e+35  9.64010000e+00  9.48935178e-01  8.75760000e+00  9.40644732e-01  3.42730438e-01  1.77134081e-02  1.04633742e-01  1.07514019e+03 
 9.49917579e+14  1.05868905e+35  9.64710000e+00  9.55746969e-01  8.77160000e+00  9.47496035e-01  3.43838726e-01  1.74962224e-02  1.04346643e-01  1.03828389e+03 
 9.51496346e+14  1.06922859e+35  9.65510000e+00  9.62569514e-01  8.78560000e+00  9.54361964e-01  3.44872923e-01  1.72740676e-02  1.04127045e-01  1.00404989e+03 
 9.53075113e+14  1.07988037e+35  9.66210000e+00  9.69422690e-01  8.79960000e+00  9.61259845e-01  3.45980478e-01  1.70519761e-02  1.03891513e-01  9.70376313e+02 
 9.54653879e+14  1.09053214e+35  9.66910000e+00  9.76233770e-01  8.81360000e+00  9.68126367e-01  3.47073072e-01  1.68121491e-02  1.03648539e-01  9.38194081e+02 
 9.56232646e+14  1.10136435e+35  9.67710000e+00  9.83117477e-01  8.82660000e+00  9.74993582e-01  3.48105638e-01  1.67194932e-02  1.03347024e-01  9.06912561e+02 
 9.57811413e+14  1.11221128e+35  9.68410000e+00  9.89967797e-01  8.84060000e+00  9.81904138e-01  3.49197194e-01  1.64753378e-02  1.03092087e-01  8.76969924e+02 
 9.59390179e+14  1.12314195e+35  9.69110000e+00  9.96827773e-01  8.85360000e+00  9.88760792e-01  3.50285978e-01  1.63608205e-02  1.02830960e-01  8.48119395e+02 
 9.60968946e+14  1.13418632e+35  9.69810000e+00  1.00371572e+00  8.86760000e+00  9.95714303e-01  3.51376308e-01  1.61116193e-02  1.02500840e-01  8.19738761e+02 
 9.62547712e+14  1.14523069e+35  9.70610000e+00  1.01056019e+00  8.88060000e+00  1.00256710e+00  3.52379005e-01  1.59788128e-02  1.02237662e-01  7.93582668e+02 
 9.64126479e+14  1.15645813e+35  9.71310000e+00  1.01747396e+00  8.89460000e+00  1.00955369e+00  3.53465283e-01  1.57213242e-02  1.01959037e-01  7.67656429e+02 
 9.65705246e+14  1.16770222e+35  9.72010000e+00  1.02435388e+00  8.90760000e+00  1.01644706e+00  3.54538905e-01  1.55827762e-02  1.01611227e-01  7.42358461e+02 
 9.67284012e+14  1.17902752e+35  9.72810000e+00  1.03123898e+00  8.92060000e+00  1.02334985e+00  3.55535766e-01  1.54379291e-02  1.01331110e-01  7.18877196e+02 
 9.68862779e+14  1.19047361e+35  9.73510000e+00  1.03815275e+00  8.93360000e+00  1.03028287e+00  3.56607346e-01  1.52917068e-02  1.01034993e-01  6.95722412e+02 
 9.70441546e+14  1.20191971e+35  9.74210000e+00  1.04502177e+00  8.94660000e+00  1.03718151e+00  3.57663940e-01  1.51286367e-02  1.00732803e-01  6.73558819e+02 
 9.72020312e+14  1.21354558e+35  9.75010000e+00  1.05195325e+00  8.95960000e+00  1.04413964e+00  3.58656472e-01  1.49724204e-02  1.00374052e-01  6.52008084e+02 
 9.73599079e+14  1.22519596e+35  9.75710000e+00  1.05885395e+00  8.97260000e+00  1.05107559e+00  3.59710728e-01  1.48028170e-02  1.00061271e-01  6.31332087e+02 
 9.75177845e+14  1.23691876e+35  9.76410000e+00  1.06575189e+00  8.98560000e+00  1.05801388e+00  3.60759710e-01  1.46261117e-02  9.97431057e-02  6.11408963e+02 
 9.76756612e+14  1.24877570e+35  9.77110000e+00  1.07268274e+00  8.99860000e+00  1.06498603e+00  3.61811523e-01  1.44495773e-02  9.93580461e-02  5.91741795e+02 
 9.78335379e+14  1.26063264e+35  9.77910000e+00  1.07956764e+00  9.01160000e+00  1.07192301e+00  3.62774139e-01  1.42562888e-02  9.90404549e-02  5.73622463e+02 
 9.79914145e+14  1.27265949e+35  9.78610000e+00  1.08650460e+00  9.02360000e+00  1.07884018e+00  3.63818002e-01  1.41956127e-02  9.87070408e-02  5.55657163e+02 
 9.81492912e+14  1.28472526e+35  9.79310000e+00  1.09341746e+00  9.03660000e+00  1.08581074e+00  3.64851929e-01  1.39961417e-02  9.83685619e-02  5.38388305e+02 
 9.83071679e+14  1.29684782e+35  9.80010000e+00  1.10031609e+00  9.04860000e+00  1.09270378e+00  3.65878166e-01  1.39130593e-02  9.79640527e-02  5.21435186e+02 
 9.84650445e+14  1.30912467e+35  9.80810000e+00  1.10725546e+00  9.06160000e+00  1.09970703e+00  3.66834291e-01  1.37066392e-02  9.76271875e-02  5.05620221e+02 
 9.86229212e+14  1.32140153e+35  9.81510000e+00  1.11414764e+00  9.07360000e+00  1.10660376e+00  3.67850077e-01  1.36086849e-02  9.72744819e-02  4.90147997e+02 
 9.87807978e+14  1.33383128e+35  9.82210000e+00  1.12107809e+00  9.08660000e+00  1.11360917e+00  3.68870051e-01  1.33875407e-02  9.69171379e-02  4.75128842e+02 
 9.89386745e+14  1.34632148e+35  9.82910000e+00  1.12799464e+00  9.09860000e+00  1.12053581e+00  3.69882592e-01  1.32829675e-02  9.65552947e-02  4.60657402e+02 
 9.90965512e+14  1.35884538e+35  9.83610000e+00  1.13488217e+00  9.11060000e+00  1.12744184e+00  3.70884377e-01  1.31654294e-02  9.61891195e-02  4.46740317e+02 
 9.92544278e+14  1.37155117e+35  9.84410000e+00  1.14182153e+00  9.12260000e+00  1.13439799e+00  3.71817820e-01  1.30517133e-02  9.57697433e-02  4.33197207e+02 
 9.94123045e+14  1.38425697e+35  9.85110000e+00  1.14871271e+00  9.13460000e+00  1.14131643e+00  3.72811749e-01  1.29220850e-02  9.53952048e-02  4.20205208e+02 
 9.95701812e+14  1.39709083e+35  9.85810000e+00  1.15562495e+00  9.14660000e+00  1.14825755e+00  3.73806178e-01  1.27910777e-02  9.50164628e-02  4.07613708e+02 
 9.97280578e+14  1.41001447e+35  9.86510000e+00  1.16253685e+00  9.15860000e+00  1.15520318e+00  3.74796315e-01  1.26534757e-02  9.46336162e-02  3.95446412e+02 
 9.98859345e+14  1.42294058e+35  9.87210000e+00  1.16940162e+00  9.17060000e+00  1.16211163e+00  3.75771987e-01  1.25013484e-02  9.42471859e-02  3.83765594e+02 
 1.00043811e+15  1.43608429e+35  9.87910000e+00  1.17633282e+00  9.18260000e+00  1.16908318e+00  3.76758148e-01  1.23559043e-02  9.38563761e-02  3.72364274e+02 
 1.00201688e+15  1.44922800e+35  9.88610000e+00  1.18321497e+00  9.19360000e+00  1.17594342e+00  3.77729502e-01  1.23166003e-02  9.34622080e-02  3.61419127e+02 
 1.00359564e+15  1.46246646e+35  9.89310000e+00  1.19009744e+00  9.20560000e+00  1.18288134e+00  3.78696889e-01  1.21495881e-02  9.30643541e-02  3.50833564e+02 
 1.00517441e+15  1.47583247e+35  9.90010000e+00  1.19699674e+00  9.21760000e+00  1.18983827e+00  3.79663949e-01  1.19808143e-02  9.26627324e-02  3.40570126e+02 
 1.00675318e+15  1.48919848e+35  9.90710000e+00  1.20384668e+00  9.22860000e+00  1.19668352e+00  3.80616305e-01  1.19166317e-02  9.22581580e-02  3.30712027e+02 
 1.00833194e+15  1.50275145e+35  9.91410000e+00  1.21074262e+00  9.24060000e+00  1.20364622e+00  3.81574770e-01  1.17364329e-02  9.18496800e-02  3.21109641e+02 
 1.00991071e+15  1.51634197e+35  9.92110000e+00  1.21760786e+00  9.25160000e+00  1.21051298e+00  3.82522687e-01  1.16642790e-02  9.14382619e-02  3.11858991e+02 
 1.01148948e+15  1.52998479e+35  9.92710000e+00  1.22444947e+00  9.26260000e+00  1.21736374e+00  3.83538853e-01  1.15809826e-02  9.10120634e-02  3.02743615e+02 
 1.01306824e+15  1.54380202e+35  9.93410000e+00  1.23132851e+00  9.27360000e+00  1.22425062e+00  3.84482234e-01  1.15003953e-02  9.06515437e-02  2.94250053e+02 
 1.01464701e+15  1.55761926e+35  9.94110000e+00  1.23815726e+00  9.28460000e+00  1.23109801e+00  3.85410918e-01  1.14040340e-02  9.02309618e-02  2.85901962e+02 
 1.01622578e+15  1.57157837e+35  9.94810000e+00  1.24500566e+00  9.29660000e+00  1.23804162e+00  3.86340088e-01  1.11874016e-02  8.98071310e-02  2.77794265e+02 
 1.01780454e+15  1.58562452e+35  9.95510000e+00  1.25184640e+00  9.30760000e+00  1.24490778e+00  3.87263951e-01  1.10831395e-02  8.93806001e-02  2.69950758e+02 
