# rhoc (cgs) 	 Pc (cgs) 	 R (km) 	 M (msol) 	 R_core (km) 	 M_core (msol) 	 I/(MR^2) 	 I_crust/(M_crust R_crust^2)/(I/(MR^2)) 	 k_2 	 Lambda 
 2.30000000e+14  3.21174470e+33  1.62181000e+01  1.75083858e-01  7.70760000e+00  1.50781184e-01  9.72600062e-02  2.60373833e-01  1.68814905e-02  1.09332304e+07 
 2.30312978e+14  3.22655084e+33  1.61851000e+01  1.75725387e-01  7.71660000e+00  1.51459586e-01  9.77938287e-02  2.59117316e-01  1.70984598e-02  1.07629115e+07 
 2.30625955e+14  3.24135699e+33  1.61521000e+01  1.76366439e-01  7.72460000e+00  1.52105225e-01  9.83310171e-02  2.58164034e-01  1.73184705e-02  1.05960295e+07 
 2.30938933e+14  3.25616313e+33  1.61201000e+01  1.77006999e-01  7.73360000e+00  1.52785109e-01  9.88593239e-02  2.56902712e-01  1.75361248e-02  1.04325017e+07 
 2.31251911e+14  3.27096928e+33  1.60881000e+01  1.77647062e-01  7.74160000e+00  1.53432073e-01  9.93908608e-02  2.55944200e-01  1.77567495e-02  1.02722478e+07 
 2.31564888e+14  3.28577542e+33  1.60571000e+01  1.78286615e-01  7.74960000e+00  1.54079649e-01  9.99132012e-02  2.54982978e-01  1.79747879e-02  1.01151895e+07 
 2.31877866e+14  3.30058157e+33  1.60261000e+01  1.78925647e-01  7.75860000e+00  1.54761666e-01  1.00438633e-01  2.53714219e-01  1.81957200e-02  9.96125094e+06 
 2.32190843e+14  3.31538771e+33  1.59961000e+01  1.79564152e-01  7.76660000e+00  1.55410524e-01  1.00954553e-01  2.52747686e-01  1.84138291e-02  9.81035787e+06 
 2.32503821e+14  3.33019386e+33  1.59661000e+01  1.80202118e-01  7.77460000e+00  1.56059974e-01  1.01473425e-01  2.51778395e-01  1.86347507e-02  9.66243843e+06 
 2.32816799e+14  3.34500000e+33  1.59361000e+01  1.80839536e-01  7.78260000e+00  1.56710011e-01  1.01995269e-01  2.50806327e-01  1.88585223e-02  9.51742255e+06 
 2.33129776e+14  3.35980615e+33  1.59071000e+01  1.81476399e-01  7.79060000e+00  1.57360625e-01  1.02507214e-01  2.49831506e-01  1.90791845e-02  9.37524173e+06 
 2.33442754e+14  3.37461229e+33  1.58791000e+01  1.82112697e-01  7.79960000e+00  1.58046004e-01  1.03009012e-01  2.48549945e-01  1.92965312e-02  9.23582959e+06 
 2.33755732e+14  3.38941844e+33  1.58501000e+01  1.82748421e-01  7.80760000e+00  1.58697834e-01  1.03526545e-01  2.47569660e-01  1.95226713e-02  9.09912194e+06 
 2.34068709e+14  3.40422459e+33  1.58221000e+01  1.83383564e-01  7.81560000e+00  1.59350226e-01  1.04033789e-01  2.46586540e-01  1.97454035e-02  8.96505537e+06 
 2.34381687e+14  3.41903073e+33  1.57951000e+01  1.84018116e-01  7.82360000e+00  1.60003173e-01  1.04530498e-01  2.45600583e-01  1.99645175e-02  8.83356872e+06 
 2.34694665e+14  3.43383688e+33  1.57671000e+01  1.84652071e-01  7.83160000e+00  1.60656670e-01  1.05043077e-01  2.44611793e-01  2.01926065e-02  8.70460272e+06 
 2.35007642e+14  3.44864302e+33  1.57411000e+01  1.85285421e-01  7.83960000e+00  1.61310710e-01  1.05531566e-01  2.43620145e-01  2.04104939e-02  8.57809872e+06 
 2.35320620e+14  3.46344917e+33  1.57141000e+01  1.85918157e-01  7.84660000e+00  1.61930679e-01  1.06035953e-01  2.42928444e-01  2.06374187e-02  8.45400084e+06 
 2.35633597e+14  3.47825531e+33  1.56881000e+01  1.86550273e-01  7.85460000e+00  1.62585722e-01  1.06529344e-01  2.41930878e-01  2.08603603e-02  8.33225361e+06 
 2.35946575e+14  3.49306146e+33  1.56621000e+01  1.87181762e-01  7.86260000e+00  1.63241291e-01  1.07025163e-01  2.40930443e-01  2.10858325e-02  8.21280366e+06 
 2.36259553e+14  3.50786760e+33  1.56371000e+01  1.87812614e-01  7.87060000e+00  1.63897387e-01  1.07509668e-01  2.39927061e-01  2.13070488e-02  8.09559860e+06 
 2.36572530e+14  3.52267375e+33  1.56121000e+01  1.88442823e-01  7.87860000e+00  1.64553999e-01  1.07996455e-01  2.38920779e-01  2.15306869e-02  7.98058782e+06 
 2.36885508e+14  3.53809753e+33  1.55861000e+01  1.89098666e-01  7.88660000e+00  1.65226895e-01  1.08505400e-01  2.37970321e-01  2.17659636e-02  7.86305386e+06 
 2.37198486e+14  3.55430010e+33  1.55591000e+01  1.89787131e-01  7.89460000e+00  1.65920313e-01  1.09038416e-01  2.37090876e-01  2.20138222e-02  7.74198608e+06 
 2.37511463e+14  3.57050267e+33  1.55321000e+01  1.90475121e-01  7.90260000e+00  1.66614412e-01  1.09574223e-01  2.36208285e-01  2.22646491e-02  7.62331450e+06 
 2.37824441e+14  3.58670524e+33  1.55061000e+01  1.91162631e-01  7.91160000e+00  1.67344341e-01  1.10098645e-01  2.35021601e-01  2.25112271e-02  7.50698349e+06 
 2.38137419e+14  3.60290780e+33  1.54811000e+01  1.91849640e-01  7.91960000e+00  1.68039824e-01  1.10611415e-01  2.34133220e-01  2.27533109e-02  7.39293883e+06 
 2.38450396e+14  3.61911037e+33  1.54551000e+01  1.92536142e-01  7.92760000e+00  1.68735951e-01  1.11141045e-01  2.33241809e-01  2.30055444e-02  7.28112799e+06 
 2.38763374e+14  3.63531294e+33  1.54301000e+01  1.93222129e-01  7.93660000e+00  1.69468100e-01  1.11658879e-01  2.32046913e-01  2.32531705e-02  7.17149894e+06 
 2.39076351e+14  3.65151551e+33  1.54061000e+01  1.93907587e-01  7.94460000e+00  1.70165553e-01  1.12164654e-01  2.31149751e-01  2.34959410e-02  7.06400140e+06 
 2.39389329e+14  3.66771808e+33  1.53811000e+01  1.94592502e-01  7.95260000e+00  1.70863629e-01  1.12687418e-01  2.30249483e-01  2.37490475e-02  6.95858668e+06 
 2.39702307e+14  3.68392065e+33  1.53571000e+01  1.95276869e-01  7.96060000e+00  1.71562313e-01  1.13197969e-01  2.29346187e-01  2.39971750e-02  6.85520661e+06 
 2.40015284e+14  3.70012321e+33  1.53331000e+01  1.95960677e-01  7.96860000e+00  1.72261595e-01  1.13710884e-01  2.28439891e-01  2.42479806e-02  6.75381477e+06 
 2.40328262e+14  3.71632578e+33  1.53101000e+01  1.96643917e-01  7.97660000e+00  1.72961468e-01  1.14211252e-01  2.27530585e-01  2.44934927e-02  6.65436554e+06 
 2.40641240e+14  3.73252835e+33  1.52871000e+01  1.97326579e-01  7.98460000e+00  1.73661929e-01  1.14713828e-01  2.26618228e-01  2.47415522e-02  6.55681491e+06 
 2.40954217e+14  3.74873092e+33  1.52641000e+01  1.98008653e-01  7.99260000e+00  1.74362970e-01  1.15218622e-01  2.25702817e-01  2.49921859e-02  6.46111972e+06 
 2.41267195e+14  3.76493349e+33  1.52421000e+01  1.98690131e-01  8.00060000e+00  1.75064584e-01  1.15710458e-01  2.24784345e-01  2.52371399e-02  6.36723780e+06 
 2.41580173e+14  3.78113606e+33  1.52191000e+01  1.99371004e-01  8.00860000e+00  1.75766765e-01  1.16219629e-01  2.23862836e-01  2.54929075e-02  6.27512853e+06 
 2.41893150e+14  3.79733862e+33  1.51971000e+01  2.00051263e-01  8.01660000e+00  1.76469505e-01  1.16715686e-01  2.22938261e-01  2.57428583e-02  6.18475167e+06 
 2.42206128e+14  3.81354119e+33  1.51761000e+01  2.00730900e-01  8.02460000e+00  1.77172797e-01  1.17198375e-01  2.22010630e-01  2.59867344e-02  6.09606831e+06 
 2.42519105e+14  3.82974376e+33  1.51541000e+01  2.01409909e-01  8.03160000e+00  1.77840369e-01  1.17698516e-01  2.21378036e-01  2.62415933e-02  6.00904092e+06 
 2.42832083e+14  3.84594633e+33  1.51331000e+01  2.02088279e-01  8.03960000e+00  1.78544676e-01  1.18185133e-01  2.20444109e-01  2.64902355e-02  5.92363217e+06 
 2.43145061e+14  3.86214890e+33  1.51121000e+01  2.02766002e-01  8.04760000e+00  1.79249520e-01  1.18673681e-01  2.19507093e-01  2.67412469e-02  5.83980625e+06 
 2.43458038e+14  3.87835147e+33  1.50921000e+01  2.03443071e-01  8.05560000e+00  1.79954890e-01  1.19148377e-01  2.18567027e-01  2.69857081e-02  5.75752788e+06 
 2.43771016e+14  3.89455403e+33  1.50711000e+01  2.04119480e-01  8.06260000e+00  1.80624242e-01  1.19640726e-01  2.17921074e-01  2.72414304e-02  5.67676320e+06 
 2.44083994e+14  3.91075660e+33  1.50511000e+01  2.04795222e-01  8.07060000e+00  1.81330578e-01  1.20119069e-01  2.16974734e-01  2.74904561e-02  5.59747849e+06 
 2.44396971e+14  3.92695917e+33  1.50321000e+01  2.05470286e-01  8.07860000e+00  1.82037425e-01  1.20583154e-01  2.16025309e-01  2.77325192e-02  5.51964125e+06 
 2.44709949e+14  3.94316174e+33  1.50121000e+01  2.06144670e-01  8.08560000e+00  1.82708032e-01  1.21064998e-01  2.15369343e-01  2.79859994e-02  5.44322011e+06 
 2.45022927e+14  3.95936431e+33  1.49931000e+01  2.06818363e-01  8.09360000e+00  1.83415814e-01  1.21532431e-01  2.14413626e-01  2.82323670e-02  5.36818381e+06 
 2.45335904e+14  3.97556687e+33  1.49741000e+01  2.07491360e-01  8.10060000e+00  1.84087209e-01  1.22001505e-01  2.13750895e-01  2.84808672e-02  5.29450240e+06 
 2.45648882e+14  3.99308863e+33  1.49531000e+01  2.08218486e-01  8.10860000e+00  1.84829630e-01  1.22518082e-01  2.12903387e-01  2.87563921e-02  5.21629974e+06 
 2.45961859e+14  4.01081058e+33  1.49331000e+01  2.08953404e-01  8.11660000e+00  1.85577820e-01  1.23022266e-01  2.12070013e-01  2.90257304e-02  5.13871052e+06 
 2.46274837e+14  4.02853254e+33  1.49131000e+01  2.09687790e-01  8.12460000e+00  1.86326660e-01  1.23528385e-01  2.11233399e-01  2.92975686e-02  5.06260324e+06 
 2.46587815e+14  4.04625450e+33  1.48931000e+01  2.10421635e-01  8.13360000e+00  1.87113322e-01  1.24036451e-01  2.10098472e-01  2.95719311e-02  4.98794483e+06 
 2.46900792e+14  4.06397645e+33  1.48731000e+01  2.11154926e-01  8.14160000e+00  1.87863509e-01  1.24546471e-01  2.09255650e-01  2.98488422e-02  4.91470297e+06 
 2.47213770e+14  4.08169841e+33  1.48541000e+01  2.11887652e-01  8.14960000e+00  1.88614316e-01  1.25041615e-01  2.08409614e-01  3.01181855e-02  4.84284593e+06 
 2.47526748e+14  4.09942037e+33  1.48351000e+01  2.12619805e-01  8.15760000e+00  1.89365735e-01  1.25538551e-01  2.07560384e-01  3.03899128e-02  4.77234302e+06 
 2.47839725e+14  4.11714232e+33  1.48161000e+01  2.13351371e-01  8.16460000e+00  1.90080285e-01  1.26037285e-01  2.07002060e-01  3.06640453e-02  4.70316417e+06 
 2.48152703e+14  4.13486428e+33  1.47981000e+01  2.14082343e-01  8.17260000e+00  1.90832831e-01  1.26520722e-01  2.06146182e-01  3.09301508e-02  4.63527985e+06 
 2.48465681e+14  4.15258624e+33  1.47791000e+01  2.14812710e-01  8.18060000e+00  1.91585964e-01  1.27022985e-01  2.05287129e-01  3.12090503e-02  4.56866173e+06 
 2.48778658e+14  4.17030819e+33  1.47611000e+01  2.15542462e-01  8.18860000e+00  1.92339675e-01  1.27509788e-01  2.04424893e-01  3.14797523e-02  4.50328157e+06 
 2.49091636e+14  4.18803015e+33  1.47431000e+01  2.16271591e-01  8.19660000e+00  1.93093957e-01  1.27998238e-01  2.03559495e-01  3.17527294e-02  4.43911223e+06 
 2.49404613e+14  4.20575211e+33  1.47261000e+01  2.17000086e-01  8.20460000e+00  1.93848803e-01  1.28470890e-01  2.02690897e-01  3.20171255e-02  4.37612700e+06 
 2.49717591e+14  4.22347406e+33  1.47081000e+01  2.17727937e-01  8.21160000e+00  1.94566312e-01  1.28962562e-01  2.02111703e-01  3.22945990e-02  4.31430021e+06 
 2.50030569e+14  4.24119602e+33  1.46911000e+01  2.18455140e-01  8.21960000e+00  1.95322194e-01  1.29438277e-01  2.01236567e-01  3.25633198e-02  4.25360626e+06 
 2.50343546e+14  4.25891798e+33  1.46741000e+01  2.19181685e-01  8.22760000e+00  1.96078615e-01  1.29915489e-01  2.00358296e-01  3.28341756e-02  4.19402062e+06 
 2.50656524e+14  4.27663993e+33  1.46571000e+01  2.19907559e-01  8.23460000e+00  1.96797465e-01  1.30394197e-01  1.99768699e-01  3.31071808e-02  4.13551919e+06 
 2.50969502e+14  4.29436189e+33  1.46401000e+01  2.20632759e-01  8.24260000e+00  1.97554889e-01  1.30874411e-01  1.98883824e-01  3.33823547e-02  4.07807849e+06 
 2.51282479e+14  4.31208385e+33  1.46241000e+01  2.21357278e-01  8.24960000e+00  1.98274565e-01  1.31338172e-01  1.98287345e-01  3.36482069e-02  4.02167545e+06 
 2.51595457e+14  4.32980581e+33  1.46081000e+01  2.22081099e-01  8.25760000e+00  1.99032970e-01  1.31803270e-01  1.97395838e-01  3.39160431e-02  3.96628786e+06 
 2.51908434e+14  4.34752776e+33  1.45921000e+01  2.22804228e-01  8.26560000e+00  1.99791859e-01  1.32269722e-01  1.96501455e-01  3.41858857e-02  3.91189387e+06 
 2.52221412e+14  4.36524972e+33  1.45761000e+01  2.23526645e-01  8.27260000e+00  2.00512806e-01  1.32737519e-01  1.95894463e-01  3.44577409e-02  3.85847222e+06 
 2.52534390e+14  4.38297168e+33  1.45601000e+01  2.24248353e-01  8.27960000e+00  2.01234092e-01  1.33206675e-01  1.95284064e-01  3.47316298e-02  3.80600211e+06 
 2.52847367e+14  4.40069363e+33  1.45451000e+01  2.24969334e-01  8.28760000e+00  2.01994359e-01  1.33658801e-01  1.94379650e-01  3.49955262e-02  3.75446318e+06 
 2.53160345e+14  4.41841559e+33  1.45301000e+01  2.25689594e-01  8.29460000e+00  2.02716414e-01  1.34112129e-01  1.93762343e-01  3.52612737e-02  3.70383575e+06 
 2.53473323e+14  4.43613755e+33  1.45151000e+01  2.26409113e-01  8.30260000e+00  2.03477572e-01  1.34566648e-01  1.92851558e-01  3.55288757e-02  3.65410052e+06 
 2.53786300e+14  4.45385950e+33  1.45001000e+01  2.27127893e-01  8.30960000e+00  2.04200387e-01  1.35022371e-01  1.92227266e-01  3.57983506e-02  3.60523867e+06 
 2.54099278e+14  4.47197011e+33  1.44851000e+01  2.27861673e-01  8.31660000e+00  2.04933429e-01  1.35483180e-01  1.91630065e-01  3.60715851e-02  3.55618777e+06 
 2.54412256e+14  4.49133433e+33  1.44691000e+01  2.28645612e-01  8.32460000e+00  2.05737796e-01  1.35976561e-01  1.90838857e-01  3.63653942e-02  3.50469247e+06 
 2.54725233e+14  4.51069855e+33  1.44531000e+01  2.29428975e-01  8.33260000e+00  2.06542801e-01  1.36471411e-01  1.90044329e-01  3.66614394e-02  3.45415326e+06 
 2.55038211e+14  4.53006276e+33  1.44381000e+01  2.30211751e-01  8.34060000e+00  2.07348433e-01  1.36948760e-01  1.89246465e-01  3.69469399e-02  3.40454939e+06 
 2.55351188e+14  4.54942698e+33  1.44221000e+01  2.30993928e-01  8.34860000e+00  2.08154683e-01  1.37446473e-01  1.88445302e-01  3.72473926e-02  3.35586088e+06 
 2.55664166e+14  4.56879120e+33  1.44071000e+01  2.31775495e-01  8.35660000e+00  2.08961539e-01  1.37926520e-01  1.87640842e-01  3.75371024e-02  3.30806772e+06 
 2.55977144e+14  4.58815542e+33  1.43921000e+01  2.32556442e-01  8.36360000e+00  2.09729668e-01  1.38407880e-01  1.87120774e-01  3.78288830e-02  3.26115070e+06 
 2.56290121e+14  4.60751964e+33  1.43781000e+01  2.33336759e-01  8.37160000e+00  2.10537636e-01  1.38871237e-01  1.86309533e-01  3.81094931e-02  3.21509081e+06 
 2.56603099e+14  4.62688385e+33  1.43631000e+01  2.34116438e-01  8.37960000e+00  2.11346174e-01  1.39355151e-01  1.85495130e-01  3.84053441e-02  3.16986981e+06 
 2.56916077e+14  4.64624807e+33  1.43491000e+01  2.34895463e-01  8.38760000e+00  2.12155290e-01  1.39820892e-01  1.84677398e-01  3.86898204e-02  3.12546949e+06 
 2.57229054e+14  4.66561229e+33  1.43351000e+01  2.35673828e-01  8.39460000e+00  2.12925362e-01  1.40287788e-01  1.84143010e-01  3.89761923e-02  3.08187235e+06 
 2.57542032e+14  4.68497651e+33  1.43211000e+01  2.36451526e-01  8.40260000e+00  2.13735514e-01  1.40755846e-01  1.83318671e-01  3.92644748e-02  3.03906122e+06 
 2.57855010e+14  4.70434073e+33  1.43071000e+01  2.37228543e-01  8.40960000e+00  2.14506466e-01  1.41225061e-01  1.82777111e-01  3.95546743e-02  2.99701933e+06 
 2.58167987e+14  4.72370494e+33  1.42931000e+01  2.38004873e-01  8.41760000e+00  2.15317645e-01  1.41695439e-01  1.81946006e-01  3.98468055e-02  2.95573030e+06 
 2.58480965e+14  4.74306916e+33  1.42801000e+01  2.38780508e-01  8.42460000e+00  2.16089444e-01  1.42147071e-01  1.81397358e-01  4.01268275e-02  2.91517805e+06 
 2.58793942e+14  4.76243338e+33  1.42661000e+01  2.39555436e-01  8.43260000e+00  2.16901610e-01  1.42619696e-01  1.80559624e-01  4.04227398e-02  2.87534717e+06 
 2.59106920e+14  4.78179760e+33  1.42531000e+01  2.40329654e-01  8.43960000e+00  2.17674238e-01  1.43073414e-01  1.80003860e-01  4.07063365e-02  2.83622222e+06 
 2.59419898e+14  4.80116182e+33  1.42401000e+01  2.41103147e-01  8.44760000e+00  2.18487357e-01  1.43528133e-01  1.79159562e-01  4.09916776e-02  2.79778843e+06 
 2.59732875e+14  4.82052604e+33  1.42271000e+01  2.41875913e-01  8.45460000e+00  2.19260790e-01  1.43983859e-01  1.78596710e-01  4.12787759e-02  2.76003128e+06 
 2.60045853e+14  4.83989025e+33  1.42151000e+01  2.42647940e-01  8.46260000e+00  2.20074831e-01  1.44420269e-01  1.77745933e-01  4.15530189e-02  2.72293648e+06 
 2.60358831e+14  4.85925447e+33  1.42021000e+01  2.43419223e-01  8.46960000e+00  2.20849046e-01  1.44877928e-01  1.77176009e-01  4.18435414e-02  2.68649038e+06 
 2.60671808e+14  4.87861869e+33  1.41901000e+01  2.44189753e-01  8.47660000e+00  2.21623599e-01  1.45316113e-01  1.76602490e-01  4.21210022e-02  2.65067926e+06 
 2.60984786e+14  4.89798291e+33  1.41771000e+01  2.44959522e-01  8.48460000e+00  2.22438950e-01  1.45775711e-01  1.75741897e-01  4.24149856e-02  2.61549012e+06 
 2.61297764e+14  4.91734713e+33  1.41651000e+01  2.45728525e-01  8.49160000e+00  2.23214246e-01  1.46215674e-01  1.75161412e-01  4.26956971e-02  2.58090987e+06 
 2.61610741e+14  4.93671134e+33  1.41531000e+01  2.46496754e-01  8.49860000e+00  2.23989866e-01  1.46656489e-01  1.74577347e-01  4.29779898e-02  2.54692602e+06 
 2.61923719e+14  4.95607556e+33  1.41411000e+01  2.47264201e-01  8.50560000e+00  2.24765806e-01  1.47098157e-01  1.73989714e-01  4.32618716e-02  2.51352628e+06 
 2.62236696e+14  4.97543978e+33  1.41301000e+01  2.48030861e-01  8.51260000e+00  2.25542061e-01  1.47519792e-01  1.73398504e-01  4.35319413e-02  2.48069854e+06 
 2.62549674e+14  4.99480400e+33  1.41181000e+01  2.48796727e-01  8.51960000e+00  2.26318619e-01  1.47963089e-01  1.72803819e-01  4.38189108e-02  2.44843126e+06 
 2.62862652e+14  5.01513063e+33  1.41061000e+01  2.49599845e-01  8.52760000e+00  2.27160797e-01  1.48416797e-01  1.71991956e-01  4.41125552e-02  2.41514846e+06 
 2.63175629e+14  5.03626343e+33  1.40941000e+01  2.50434175e-01  8.53560000e+00  2.28024012e-01  1.48879422e-01  1.71234144e-01  4.44121335e-02  2.38116116e+06 
 2.63488607e+14  5.05739622e+33  1.40821000e+01  2.51267871e-01  8.54260000e+00  2.28846819e-01  1.49342977e-01  1.70754325e-01  4.47134337e-02  2.34778714e+06 
 2.63801585e+14  5.07852902e+33  1.40701000e+01  2.52100922e-01  8.55060000e+00  2.29711175e-01  1.49807464e-01  1.69989566e-01  4.50164671e-02  2.31501354e+06 
 2.64114562e+14  5.09966181e+33  1.40581000e+01  2.52933319e-01  8.55860000e+00  2.30576109e-01  1.50272890e-01  1.69221609e-01  4.53212452e-02  2.28282773e+06 
 2.64427540e+14  5.12079460e+33  1.40461000e+01  2.53765047e-01  8.56560000e+00  2.31400389e-01  1.50739253e-01  1.68730832e-01  4.56277748e-02  2.25121737e+06 
 2.64740518e+14  5.14192740e+33  1.40351000e+01  2.54596099e-01  8.57360000e+00  2.32266402e-01  1.51185008e-01  1.67956031e-01  4.59197037e-02  2.22017031e+06 
 2.65053495e+14  5.16306019e+33  1.40231000e+01  2.55426464e-01  8.58060000e+00  2.33091581e-01  1.51653171e-01  1.67458028e-01  4.62296451e-02  2.18967489e+06 
 2.65366473e+14  5.18419299e+33  1.40121000e+01  2.56256129e-01  8.58860000e+00  2.33958641e-01  1.52100560e-01  1.66676435e-01  4.65247575e-02  2.15971943e+06 
 2.65679450e+14  5.20532578e+33  1.40011000e+01  2.57085090e-01  8.59560000e+00  2.34784692e-01  1.52548733e-01  1.66171204e-01  4.68214185e-02  2.13029272e+06 
 2.65992428e+14  5.22645858e+33  1.39901000e+01  2.57913331e-01  8.60360000e+00  2.35652754e-01  1.52997682e-01  1.65382956e-01  4.71196276e-02  2.10138376e+06 
 2.66305406e+14  5.24759137e+33  1.39791000e+01  2.58740850e-01  8.61060000e+00  2.36479649e-01  1.53447416e-01  1.64870543e-01  4.74193994e-02  2.07298177e+06 
 2.66618383e+14  5.26872416e+33  1.39681000e+01  2.59567631e-01  8.61760000e+00  2.37306928e-01  1.53897928e-01  1.64354312e-01  4.77207335e-02  2.04507625e+06 
 2.66931361e+14  5.28985696e+33  1.39571000e+01  2.60393669e-01  8.62560000e+00  2.38176396e-01  1.54349224e-01  1.63556094e-01  4.80236419e-02  2.01765691e+06 
 2.67244339e+14  5.31098975e+33  1.39471000e+01  2.61218956e-01  8.63260000e+00  2.39004464e-01  1.54779105e-01  1.63032847e-01  4.83108065e-02  1.99071365e+06 
 2.67557316e+14  5.33212255e+33  1.39371000e+01  2.62043479e-01  8.63960000e+00  2.39832895e-01  1.55209606e-01  1.62505841e-01  4.85993154e-02  1.96423673e+06 
 2.67870294e+14  5.35325534e+33  1.39261000e+01  2.62867235e-01  8.64760000e+00  2.40703701e-01  1.55663090e-01  1.61697756e-01  4.89067358e-02  1.93821663e+06 
 2.68183272e+14  5.37438814e+33  1.39161000e+01  2.63690216e-01  8.65460000e+00  2.41532876e-01  1.56094922e-01  1.61163862e-01  4.91980748e-02  1.91264387e+06 
 2.68496249e+14  5.39552093e+33  1.39061000e+01  2.64512408e-01  8.66160000e+00  2.42362395e-01  1.56527375e-01  1.60626244e-01  4.94907732e-02  1.88750936e+06 
 2.68809227e+14  5.41665372e+33  1.38961000e+01  2.65333807e-01  8.66860000e+00  2.43192239e-01  1.56960452e-01  1.60085019e-01  4.97848387e-02  1.86280417e+06 
 2.69122204e+14  5.43778652e+33  1.38861000e+01  2.66154407e-01  8.67660000e+00  2.44064709e-01  1.57394156e-01  1.59263866e-01  5.00802785e-02  1.83851955e+06 
 2.69435182e+14  5.45891931e+33  1.38771000e+01  2.66974200e-01  8.68360000e+00  2.44895247e-01  1.57805737e-01  1.58715832e-01  5.03589463e-02  1.81464693e+06 
 2.69748160e+14  5.48005211e+33  1.38671000e+01  2.67793177e-01  8.69060000e+00  2.45726093e-01  1.58240613e-01  1.58164248e-01  5.06570258e-02  1.79117809e+06 
 2.70061137e+14  5.50118490e+33  1.38581000e+01  2.68611331e-01  8.69760000e+00  2.46557241e-01  1.58653211e-01  1.57609105e-01  5.09381074e-02  1.76810476e+06 
 2.70374115e+14  5.52231769e+33  1.38491000e+01  2.69428655e-01  8.70460000e+00  2.47388687e-01  1.59066280e-01  1.57050406e-01  5.12203440e-02  1.74541903e+06 
 2.70687093e+14  5.54345049e+33  1.38391000e+01  2.70245143e-01  8.71160000e+00  2.48220421e-01  1.59502870e-01  1.56488219e-01  5.15223523e-02  1.72311321e+06 
 2.71000070e+14  5.56458328e+33  1.38301000e+01  2.71060788e-01  8.71860000e+00  2.49052438e-01  1.59916955e-01  1.55922534e-01  5.18070255e-02  1.70117955e+06 
 2.71313048e+14  5.58571608e+33  1.38211000e+01  2.71875584e-01  8.72560000e+00  2.49884732e-01  1.60331510e-01  1.55353384e-01  5.20928649e-02  1.67961069e+06 
 2.71626026e+14  5.60834416e+33  1.38121000e+01  2.72747188e-01  8.73260000e+00  2.50755063e-01  1.60761119e-01  1.54876063e-01  5.23881606e-02  1.65690912e+06 
 2.71939003e+14  5.63137647e+33  1.38021000e+01  2.73633684e-01  8.74060000e+00  2.51678948e-01  1.61218555e-01  1.54146904e-01  5.27060344e-02  1.63420593e+06 
 2.72251981e+14  5.65440877e+33  1.37931000e+01  2.74519482e-01  8.74760000e+00  2.52560409e-01  1.61653232e-01  1.53688047e-01  5.30061919e-02  1.61190170e+06 
 2.72564958e+14  5.67744108e+33  1.37831000e+01  2.75404578e-01  8.75560000e+00  2.53485368e-01  1.62111964e-01  1.52952098e-01  5.33269573e-02  1.58998836e+06 
 2.72877936e+14  5.70047339e+33  1.37741000e+01  2.76288955e-01  8.76260000e+00  2.54367731e-01  1.62547779e-01  1.52485948e-01  5.36297684e-02  1.56845781e+06 
 2.73190914e+14  5.72350569e+33  1.37651000e+01  2.77172608e-01  8.77060000e+00  2.55293711e-01  1.62984128e-01  1.51743346e-01  5.39338557e-02  1.54730227e+06 
 2.73503891e+14  5.74653800e+33  1.37561000e+01  2.78055519e-01  8.77760000e+00  2.56176945e-01  1.63421004e-01  1.51269924e-01  5.42392168e-02  1.52651406e+06 
 2.73816869e+14  5.76957030e+33  1.37471000e+01  2.78937688e-01  8.78460000e+00  2.57060537e-01  1.63858418e-01  1.50792956e-01  5.45458645e-02  1.50608570e+06 
 2.74129847e+14  5.79260261e+33  1.37381000e+01  2.79819098e-01  8.79260000e+00  2.57987961e-01  1.64296362e-01  1.50040254e-01  5.48537974e-02  1.48600984e+06 
 2.74442824e+14  5.81563491e+33  1.37301000e+01  2.80699740e-01  8.79960000e+00  2.58872379e-01  1.64710839e-01  1.49556049e-01  5.51429328e-02  1.46627926e+06 
 2.74755802e+14  5.83866722e+33  1.37211000e+01  2.81579608e-01  8.80660000e+00  2.59757141e-01  1.65149770e-01  1.49068287e-01  5.54533268e-02  1.44688706e+06 
 2.75068780e+14  5.86169952e+33  1.37121000e+01  2.82458691e-01  8.81360000e+00  2.60642251e-01  1.65589234e-01  1.48576873e-01  5.57650192e-02  1.42782633e+06 
 2.75381757e+14  5.88473183e+33  1.37041000e+01  2.83336976e-01  8.82160000e+00  2.61571455e-01  1.66004995e-01  1.47810860e-01  5.60575523e-02  1.40909032e+06 
 2.75694735e+14  5.90776414e+33  1.36961000e+01  2.84214462e-01  8.82860000e+00  2.62457316e-01  1.66421136e-01  1.47312444e-01  5.63511481e-02  1.39067254e+06 
 2.76007712e+14  5.93079644e+33  1.36881000e+01  2.85091136e-01  8.83560000e+00  2.63343501e-01  1.66837655e-01  1.46810437e-01  5.66458058e-02  1.37256656e+06 
 2.76320690e+14  5.95382875e+33  1.36801000e+01  2.85966989e-01  8.84260000e+00  2.64230005e-01  1.67254550e-01  1.46304843e-01  5.69415273e-02  1.35476615e+06 
 2.76633668e+14  5.97686105e+33  1.36721000e+01  2.86842015e-01  8.84960000e+00  2.65116821e-01  1.67671821e-01  1.45795687e-01  5.72383156e-02  1.33726516e+06 
 2.76946645e+14  5.99989336e+33  1.36641000e+01  2.87716204e-01  8.85660000e+00  2.66003942e-01  1.68089467e-01  1.45282981e-01  5.75361725e-02  1.32005764e+06 
 2.77259623e+14  6.02292566e+33  1.36561000e+01  2.88589550e-01  8.86360000e+00  2.66891362e-01  1.68507489e-01  1.44766748e-01  5.78351006e-02  1.30313771e+06 
 2.77572601e+14  6.04595797e+33  1.36481000e+01  2.89462043e-01  8.87060000e+00  2.67779073e-01  1.68925885e-01  1.44247001e-01  5.81351021e-02  1.28649967e+06 
 2.77885578e+14  6.06899028e+33  1.36411000e+01  2.90333677e-01  8.87760000e+00  2.68667071e-01  1.69319824e-01  1.43723738e-01  5.84147609e-02  1.27013789e+06 
 2.78198556e+14  6.09202258e+33  1.36331000e+01  2.91204445e-01  8.88460000e+00  2.69555345e-01  1.69738892e-01  1.43197030e-01  5.87167928e-02  1.25404697e+06 
 2.78511534e+14  6.11505489e+33  1.36261000e+01  2.92074340e-01  8.89160000e+00  2.70443892e-01  1.70133356e-01  1.42666845e-01  5.89982488e-02  1.23822151e+06 
 2.78824511e+14  6.13808719e+33  1.36181000e+01  2.92943353e-01  8.89860000e+00  2.71332704e-01  1.70553092e-01  1.42133233e-01  5.93023181e-02  1.22265634e+06 
 2.79137489e+14  6.16111950e+33  1.36111000e+01  2.93811478e-01  8.90560000e+00  2.72221776e-01  1.70948076e-01  1.41596185e-01  5.95855756e-02  1.20734629e+06 
 2.79450466e+14  6.18415180e+33  1.36041000e+01  2.94678709e-01  8.91260000e+00  2.73111100e-01  1.71343284e-01  1.41055742e-01  5.98696784e-02  1.19228639e+06 
 2.79763444e+14  6.20718411e+33  1.35971000e+01  2.95545039e-01  8.91960000e+00  2.74000671e-01  1.71738715e-01  1.40511914e-01  6.01546267e-02  1.17747177e+06 
 2.80076422e+14  6.23021642e+33  1.35901000e+01  2.96410461e-01  8.92560000e+00  2.74845700e-01  1.72134367e-01  1.40231428e-01  6.04404218e-02  1.16289765e+06 
 2.80389399e+14  6.36096345e+33  1.35511000e+01  3.01352776e-01  8.96460000e+00  2.79897885e-01  1.74379158e-01  1.37332621e-01  6.20708100e-02  1.08380852e+06 
 2.80702377e+14  6.49597523e+33  1.35141000e+01  3.06522063e-01  9.00460000e+00  2.85170245e-01  1.76649464e-01  1.34463619e-01  6.37265013e-02  1.00812735e+06 
 2.81015355e+14  6.63098702e+33  1.34781000e+01  3.11754069e-01  9.04360000e+00  2.90461103e-01  1.78930628e-01  1.31910011e-01  6.54063425e-02  9.38147140e+05 
 2.81328332e+14  6.76599880e+33  1.34441000e+01  3.17045111e-01  9.08360000e+00  2.95858659e-01  1.81195274e-01  1.29144408e-01  6.70853110e-02  8.73472402e+05 
 2.81641310e+14  6.90101058e+33  1.34131000e+01  3.22391795e-01  9.12260000e+00  3.01267720e-01  1.83414010e-01  1.26686318e-01  6.87351870e-02  8.13717031e+05 
 2.81954288e+14  7.03602236e+33  1.33841000e+01  3.27790976e-01  9.16260000e+00  3.06778885e-01  1.85611138e-01  1.24013396e-01  7.03773507e-02  7.58511535e+05 
 2.82267265e+14  7.17103414e+33  1.33561000e+01  3.33239697e-01  9.20160000e+00  3.12295919e-01  1.87812363e-01  1.21638191e-01  7.20356322e-02  7.07506451e+05 
 2.82580243e+14  7.30604592e+33  1.33311000e+01  3.38735183e-01  9.24060000e+00  3.17863493e-01  1.89959299e-01  1.19298434e-01  7.36534492e-02  6.60373841e+05 
 2.82893220e+14  7.36368181e+33  1.33201000e+01  3.41092078e-01  9.25760000e+00  3.20270318e-01  1.90893185e-01  1.18216664e-01  7.43645500e-02  6.41377312e+05 
 2.83206198e+14  7.42083108e+33  1.33101000e+01  3.43431441e-01  9.27360000e+00  3.22620635e-01  1.91796660e-01  1.17358622e-01  7.50501574e-02  6.23198388e+05 
 2.83519176e+14  7.47798035e+33  1.33011000e+01  3.45773054e-01  9.28960000e+00  3.24975836e-01  1.92674375e-01  1.16497168e-01  7.57127805e-02  6.05647095e+05 
 2.83832153e+14  7.53512962e+33  1.32911000e+01  3.48116808e-01  9.30660000e+00  3.27384547e-01  1.93584057e-01  1.15380735e-01  7.64090398e-02  5.88698305e+05 
 2.84145131e+14  7.59227889e+33  1.32831000e+01  3.50462576e-01  9.32260000e+00  3.29749519e-01  1.94438242e-01  1.14512603e-01  7.70526689e-02  5.72328050e+05 
 2.84458109e+14  7.64942816e+33  1.32741000e+01  3.52810238e-01  9.33860000e+00  3.32119180e-01  1.95324262e-01  1.13640635e-01  7.77298580e-02  5.56513605e+05 
 2.84771086e+14  7.70657743e+33  1.32651000e+01  3.55159669e-01  9.35460000e+00  3.34493471e-01  1.96212926e-01  1.12764617e-01  7.84118353e-02  5.41233198e+05 
 2.85084064e+14  7.76372670e+33  1.32571000e+01  3.57510746e-01  9.37060000e+00  3.36872321e-01  1.97074441e-01  1.11884379e-01  7.90687408e-02  5.26466037e+05 
 2.85397042e+14  7.82087597e+33  1.32501000e+01  3.59863351e-01  9.38660000e+00  3.39255659e-01  1.97908309e-01  1.10999807e-01  7.96997468e-02  5.12192252e+05 
 2.85710019e+14  7.87802524e+33  1.32421000e+01  3.62217362e-01  9.40260000e+00  3.41643415e-01  1.98774089e-01  1.10110811e-01  8.03647220e-02  4.98392877e+05 
 2.86022997e+14  7.93517451e+33  1.32351000e+01  3.64572664e-01  9.41860000e+00  3.44035516e-01  1.99611828e-01  1.09217274e-01  8.10032098e-02  4.85049694e+05 
 2.86335974e+14  7.99555005e+33  1.32271000e+01  3.67062431e-01  9.43560000e+00  3.46572287e-01  2.00517206e-01  1.08244762e-01  8.17003367e-02  4.71428382e+05 
 2.86648952e+14  8.05678746e+33  1.32201000e+01  3.69589636e-01  9.45260000e+00  3.49138362e-01  2.01403929e-01  1.07313665e-01  8.23772089e-02  4.58089388e+05 
 2.86961930e+14  8.11802486e+33  1.32131000e+01  3.72118612e-01  9.46860000e+00  3.51659192e-01  2.02292655e-01  1.06622744e-01  8.30579805e-02  4.45211520e+05 
 2.87274907e+14  8.17926226e+33  1.32071000e+01  3.74649223e-01  9.48560000e+00  3.54235278e-01  2.03152569e-01  1.05681376e-01  8.37109250e-02  4.32776502e+05 
 2.87587885e+14  8.24049967e+33  1.32001000e+01  3.77181326e-01  9.50260000e+00  3.56816309e-01  2.04045006e-01  1.04735131e-01  8.43991321e-02  4.20766886e+05 
 2.87900863e+14  8.30173707e+33  1.31941000e+01  3.79714784e-01  9.51860000e+00  3.59351294e-01  2.04908229e-01  1.04026802e-01  8.50588969e-02  4.09165917e+05 
 2.88213840e+14  8.36297447e+33  1.31881000e+01  3.82249471e-01  9.53560000e+00  3.61941802e-01  2.05772962e-01  1.03069765e-01  8.57218898e-02  3.97957603e+05 
 2.88526818e+14  8.42421188e+33  1.31831000e+01  3.84785256e-01  9.55160000e+00  3.64485736e-01  2.06607803e-01  1.02349235e-01  8.63553069e-02  3.87126615e+05 
 2.88839796e+14  8.48544928e+33  1.31771000e+01  3.87322018e-01  9.56760000e+00  3.67033914e-01  2.07475265e-01  1.01622324e-01  8.70243732e-02  3.76658316e+05 
 2.89152773e+14  8.54668668e+33  1.31721000e+01  3.89859631e-01  9.58460000e+00  3.69637946e-01  2.08312453e-01  1.00648202e-01  8.76632646e-02  3.66538652e+05 
 2.89465751e+14  8.60792409e+33  1.31671000e+01  3.92397981e-01  9.60060000e+00  3.72194621e-01  2.09150679e-01  9.99086308e-02  8.83047099e-02  3.56754202e+05 
 2.89778728e+14  8.67156327e+33  1.31621000e+01  3.95036658e-01  9.61760000e+00  3.74875284e-01  2.10016603e-01  9.90440901e-02  8.89673710e-02  3.46926977e+05 
 2.90091706e+14  8.73711642e+33  1.31571000e+01  3.97755929e-01  9.63460000e+00  3.77614953e-01  2.10904952e-01  9.82692896e-02  8.96476671e-02  3.37151378e+05 
 2.90404684e+14  8.80266957e+33  1.31531000e+01  4.00476368e-01  9.65160000e+00  3.80359497e-01  2.11762245e-01  9.74875773e-02  9.02963945e-02  3.27713950e+05 
 2.90717661e+14  8.86822272e+33  1.31481000e+01  4.03197831e-01  9.66860000e+00  3.83108830e-01  2.12652699e-01  9.66988842e-02  9.09819098e-02  3.18601258e+05 
 2.91030639e+14  8.93377587e+33  1.31441000e+01  4.05920178e-01  9.68560000e+00  3.85862858e-01  2.13511713e-01  9.59031417e-02  9.16352414e-02  3.09800402e+05 
 2.91343617e+14  8.99932902e+33  1.31401000e+01  4.08643277e-01  9.70260000e+00  3.88621489e-01  2.14371448e-01  9.51003501e-02  9.22906819e-02  3.01299073e+05 
 2.91656594e+14  9.06488217e+33  1.31371000e+01  4.11366996e-01  9.71860000e+00  3.91331536e-01  2.15199086e-01  9.45257230e-02  9.29128132e-02  2.93085474e+05 
 2.91969572e+14  9.13043531e+33  1.31331000e+01  4.14091208e-01  9.73560000e+00  3.94098937e-01  2.16059982e-01  9.37080900e-02  9.35720786e-02  2.85148349e+05 
 2.92282549e+14  9.19598846e+33  1.31301000e+01  4.16815796e-01  9.75260000e+00  3.96870658e-01  2.16888422e-01  9.28834705e-02  9.41974441e-02  2.77476891e+05 
 2.92595527e+14  9.26154161e+33  1.31271000e+01  4.19540630e-01  9.76860000e+00  3.99593031e-01  2.17717122e-01  9.22849107e-02  9.48242269e-02  2.70060788e+05 
 2.92908505e+14  9.32709476e+33  1.31241000e+01  4.22265600e-01  9.78560000e+00  4.02373045e-01  2.18546049e-01  9.14453105e-02  9.54523930e-02  2.62890165e+05 
 2.93221482e+14  9.39398625e+33  1.31221000e+01  4.25046257e-01  9.80160000e+00  4.05141316e-01  2.19356603e-01  9.08938845e-02  9.60559098e-02  2.55816296e+05 
 2.93534460e+14  9.46409091e+33  1.31191000e+01  4.27960953e-01  9.81960000e+00  4.08113717e-01  2.20236458e-01  9.00216988e-02  9.67227385e-02  2.48654570e+05 
 2.93847438e+14  9.53419557e+33  1.31161000e+01  4.30876174e-01  9.83660000e+00  4.11036648e-01  2.21116598e-01  8.93729750e-02  9.73910613e-02  2.41740087e+05 
 2.94160415e+14  9.60430023e+33  1.31141000e+01  4.33791767e-01  9.85460000e+00  4.14018666e-01  2.21963112e-01  8.84852045e-02  9.80234407e-02  2.35062987e+05 
 2.94473393e+14  9.67440489e+33  1.31121000e+01  4.36707597e-01  9.87160000e+00  4.16950684e-01  2.22809542e-01  8.78193656e-02  9.86567057e-02  2.28613840e+05 
 2.94786371e+14  9.74450955e+33  1.31101000e+01  4.39623533e-01  9.88860000e+00  4.19886984e-01  2.23655846e-01  8.71447980e-02  9.92908114e-02  2.22383623e+05 
 2.95099348e+14  9.81461421e+33  1.31091000e+01  4.42539445e-01  9.90560000e+00  4.22827495e-01  2.24467725e-01  8.64614239e-02  9.98875976e-02  2.16363697e+05 
 2.95412326e+14  9.88471887e+33  1.31071000e+01  4.45455207e-01  9.92260000e+00  4.25772132e-01  2.25313513e-01  8.57692963e-02  1.00522988e-01  2.10545825e+05 
 2.95725303e+14  9.95482353e+33  1.31061000e+01  4.48370698e-01  9.93960000e+00  4.28720812e-01  2.26124532e-01  8.50684038e-02  1.01120485e-01  2.04922099e+05 
 2.96038281e+14  1.00249282e+34  1.31051000e+01  4.51285801e-01  9.95660000e+00  4.31673452e-01  2.26934998e-01  8.43588047e-02  1.01718151e-01  1.99484973e+05 
 2.96351259e+14  1.00950329e+34  1.31041000e+01  4.54200399e-01  9.97260000e+00  4.34574071e-01  2.27744871e-01  8.38661953e-02  1.02315939e-01  1.94227227e+05 
 2.96664236e+14  1.01651375e+34  1.31031000e+01  4.57114380e-01  9.98960000e+00  4.37534224e-01  2.28554114e-01  8.31386062e-02  1.02913803e-01  1.89141951e+05 
 2.96977214e+14  1.02400374e+34  1.31021000e+01  4.60227279e-01  1.00076000e+01  4.40692080e-01  2.29415689e-01  8.23887312e-02  1.03549975e-01  1.83891283e+05 
 2.97290192e+14  1.03149375e+34  1.31021000e+01  4.63340016e-01  1.00246000e+01  4.43798096e-01  2.30241519e-01  8.18534662e-02  1.04146519e-01  1.78821049e+05 
 2.97603169e+14  1.03898375e+34  1.31011000e+01  4.66452442e-01  1.00426000e+01  4.46964949e-01  2.31101737e-01  8.10846797e-02  1.04782653e-01  1.73924083e+05 
 2.97916147e+14  1.04647376e+34  1.31011000e+01  4.69564421e-01  1.00596000e+01  4.50079349e-01  2.31925872e-01  8.05293664e-02  1.05378592e-01  1.69193498e+05 
 2.98229125e+14  1.05396377e+34  1.31011000e+01  4.72675820e-01  1.00766000e+01  4.53197708e-01  2.32749039e-01  7.99637627e-02  1.05974044e-01  1.64622717e+05 
 2.98542102e+14  1.06145378e+34  1.31011000e+01  4.75786512e-01  1.00946000e+01  4.56377237e-01  2.33571198e-01  7.91665971e-02  1.06568961e-01  1.60205451e+05 
 2.98855080e+14  1.06894378e+34  1.31011000e+01  4.78896376e-01  1.01116000e+01  4.59503459e-01  2.34392315e-01  7.85811811e-02  1.07163297e-01  1.55935681e+05 
 2.99168057e+14  1.07643379e+34  1.31021000e+01  4.82005292e-01  1.01286000e+01  4.62633371e-01  2.35176446e-01  7.79856890e-02  1.07715889e-01  1.51807653e+05 
 2.99481035e+14  1.08392380e+34  1.31021000e+01  4.85113142e-01  1.01456000e+01  4.65766916e-01  2.35995243e-01  7.73801177e-02  1.08308699e-01  1.47815871e+05 
 2.99794013e+14  1.09141380e+34  1.31031000e+01  4.88219812e-01  1.01626000e+01  4.68904017e-01  2.36776741e-01  7.67644918e-02  1.08859236e-01  1.43955063e+05 
 3.00106990e+14  1.09890381e+34  1.31041000e+01  4.91325193e-01  1.01796000e+01  4.72044595e-01  2.37556814e-01  7.61389067e-02  1.09408579e-01  1.40220199e+05 
 3.00419968e+14  1.10673320e+34  1.31051000e+01  4.94569978e-01  1.01966000e+01  4.75286198e-01  2.38372378e-01  7.56423003e-02  1.09983431e-01  1.36445303e+05 
 3.00732946e+14  1.11472794e+34  1.31061000e+01  4.97882370e-01  1.02146000e+01  4.78637815e-01  2.39204492e-01  7.49848925e-02  1.10570061e-01  1.32720978e+05 
 3.01045923e+14  1.12272269e+34  1.31071000e+01  5.01193722e-01  1.02316000e+01  4.81934758e-01  2.40035124e-01  7.45333570e-02  1.11155396e-01  1.29123081e+05 
 3.01358901e+14  1.13071744e+34  1.31091000e+01  5.04503904e-01  1.02496000e+01  4.85294463e-01  2.40827495e-01  7.38544241e-02  1.11696784e-01  1.25646609e+05 
 3.01671879e+14  1.13871219e+34  1.31101000e+01  5.07812789e-01  1.02676000e+01  4.88658121e-01  2.41654953e-01  7.31653757e-02  1.12279195e-01  1.22286783e+05 
 3.01984856e+14  1.14670693e+34  1.31121000e+01  5.11120242e-01  1.02846000e+01  4.91966262e-01  2.42443841e-01  7.26804161e-02  1.12817147e-01  1.19039023e+05 
 3.02297834e+14  1.15470168e+34  1.31141000e+01  5.14426152e-01  1.03016000e+01  4.95277788e-01  2.43230886e-01  7.21842450e-02  1.13353225e-01  1.15898955e+05 
 3.02610811e+14  1.16269643e+34  1.31161000e+01  5.17730398e-01  1.03196000e+01  4.98652505e-01  2.44016056e-01  7.14635519e-02  1.13887386e-01  1.12862398e+05 
 3.02923789e+14  1.17069117e+34  1.31181000e+01  5.21032862e-01  1.03366000e+01  5.01970847e-01  2.44799317e-01  7.09454504e-02  1.14419584e-01  1.09925349e+05 
 3.03236767e+14  1.17868592e+34  1.31201000e+01  5.24333436e-01  1.03536000e+01  5.05292359e-01  2.45580643e-01  7.04162991e-02  1.14949786e-01  1.07083981e+05 
 3.03549744e+14  1.18668067e+34  1.31221000e+01  5.27632014e-01  1.03706000e+01  5.08616967e-01  2.46360009e-01  6.98761901e-02  1.15477953e-01  1.04334630e+05 
 3.03862722e+14  1.19483959e+34  1.31241000e+01  5.30996200e-01  1.03876000e+01  5.11991837e-01  2.47154885e-01  6.93873811e-02  1.16016651e-01  1.01620024e+05 
 3.04175700e+14  1.20336508e+34  1.31271000e+01  5.34509718e-01  1.04056000e+01  5.15536284e-01  2.47949027e-01  6.88151075e-02  1.16536944e-01  9.88776063e+04 
 3.04488677e+14  1.21189057e+34  1.31301000e+01  5.38021439e-01  1.04236000e+01  5.19084506e-01  2.48740886e-01  6.82313646e-02  1.17054644e-01  9.62275193e+04 
 3.04801655e+14  1.22041605e+34  1.31331000e+01  5.41531228e-01  1.04406000e+01  5.22575119e-01  2.49530436e-01  6.78453825e-02  1.17569719e-01  9.36661323e+04 
 3.05114633e+14  1.22894154e+34  1.31361000e+01  5.45038949e-01  1.04586000e+01  5.26130454e-01  2.50317644e-01  6.72381866e-02  1.18082126e-01  9.11899716e+04 
 3.05427610e+14  1.23746703e+34  1.31391000e+01  5.48544487e-01  1.04756000e+01  5.29627572e-01  2.51102490e-01  6.68278046e-02  1.18591838e-01  8.87957132e+04 
 3.05740588e+14  1.24599252e+34  1.31421000e+01  5.52047721e-01  1.04936000e+01  5.33189620e-01  2.51884949e-01  6.61977667e-02  1.19098823e-01  8.64801792e+04 
 3.06053565e+14  1.25451801e+34  1.31451000e+01  5.55548536e-01  1.05106000e+01  5.36692882e-01  2.52664995e-01  6.57635441e-02  1.19603045e-01  8.42403284e+04 
 3.06366543e+14  1.26304350e+34  1.31481000e+01  5.59046817e-01  1.05276000e+01  5.40199014e-01  2.53442601e-01  6.53171957e-02  1.20104470e-01  8.20732528e+04 
 3.06679521e+14  1.27156898e+34  1.31521000e+01  5.62542461e-01  1.05456000e+01  5.43770438e-01  2.54179088e-01  6.46532929e-02  1.20557226e-01  7.99761687e+04 
 3.06992498e+14  1.28009447e+34  1.31551000e+01  5.66035359e-01  1.05626000e+01  5.47282242e-01  2.54951646e-01  6.41837933e-02  1.21052793e-01  7.79464167e+04 
 3.07305476e+14  1.28861996e+34  1.31591000e+01  5.69525408e-01  1.05796000e+01  5.50796676e-01  2.55682829e-01  6.37025544e-02  1.21499294e-01  7.59814457e+04 
 3.07618454e+14  1.29765210e+34  1.31631000e+01  5.73220005e-01  1.05976000e+01  5.54522354e-01  2.56463846e-01  6.31824885e-02  1.21979877e-01  7.39674726e+04 
 3.07931431e+14  1.30673512e+34  1.31671000e+01  5.76932813e-01  1.06146000e+01  5.58202631e-01  2.57247314e-01  6.28712222e-02  1.22460771e-01  7.20095071e+04 
 3.08244409e+14  1.31581814e+34  1.31711000e+01  5.80642883e-01  1.06326000e+01  5.61949327e-01  2.58027935e-01  6.23437245e-02  1.22938201e-01  7.01164517e+04 
 3.08557387e+14  1.32490116e+34  1.31751000e+01  5.84350090e-01  1.06506000e+01  5.65699182e-01  2.58805686e-01  6.18041311e-02  1.23412142e-01  6.82857832e+04 
 3.08870364e+14  1.33398418e+34  1.31791000e+01  5.88054312e-01  1.06686000e+01  5.69452105e-01  2.59580551e-01  6.12525713e-02  1.23882570e-01  6.65150867e+04 
 3.09183342e+14  1.34306720e+34  1.31841000e+01  5.91755431e-01  1.06856000e+01  5.73143844e-01  2.60313008e-01  6.08900960e-02  1.24302308e-01  6.48020507e+04 
 3.09496319e+14  1.35215022e+34  1.31881000e+01  5.95453338e-01  1.07026000e+01  5.76838044e-01  2.61081935e-01  6.05148551e-02  1.24765479e-01  6.31444676e+04 
 3.09809297e+14  1.36123324e+34  1.31931000e+01  5.99147920e-01  1.07206000e+01  5.80599315e-01  2.61808220e-01  5.99268154e-02  1.25177615e-01  6.15402203e+04 
 3.10122275e+14  1.37031626e+34  1.31971000e+01  6.02839071e-01  1.07376000e+01  5.84298492e-01  2.62571138e-01  5.95267368e-02  1.25633445e-01  5.99872876e+04 
 3.10435252e+14  1.37939928e+34  1.32021000e+01  6.06526692e-01  1.07546000e+01  5.87999931e-01  2.63291185e-01  5.91141829e-02  1.26037906e-01  5.84837292e+04 
 3.10748230e+14  1.38848230e+34  1.32061000e+01  6.10210679e-01  1.07716000e+01  5.91703565e-01  2.64048031e-01  5.86892975e-02  1.26486315e-01  5.70276941e+04 
 3.11061208e+14  1.39783941e+34  1.32111000e+01  6.14002028e-01  1.07896000e+01  5.95553124e-01  2.64789340e-01  5.81425887e-02  1.26902204e-01  5.55755049e+04 
 3.11374185e+14  1.40750753e+34  1.32161000e+01  6.17915882e-01  1.08076000e+01  5.99494370e-01  2.65558613e-01  5.76834164e-02  1.27335697e-01  5.41238073e+04 
 3.11687163e+14  1.41717566e+34  1.32221000e+01  6.21826155e-01  1.08246000e+01  6.03372522e-01  2.66284240e-01  5.74079616e-02  1.27716648e-01  5.27197272e+04 
 3.12000141e+14  1.42684378e+34  1.32271000e+01  6.25732719e-01  1.08426000e+01  6.07319055e-01  2.67046686e-01  5.69225786e-02  1.28141524e-01  5.13614323e+04 
 3.12313118e+14  1.43651190e+34  1.32321000e+01  6.29635459e-01  1.08606000e+01  6.11268189e-01  2.67805750e-01  5.64246297e-02  1.28562148e-01  5.00471649e+04 
 3.12626096e+14  1.44618002e+34  1.32381000e+01  6.33534257e-01  1.08776000e+01  6.15153325e-01  2.68520839e-01  5.61091432e-02  1.28929794e-01  4.87752428e+04 
 3.12939073e+14  1.45584815e+34  1.32431000e+01  6.37429008e-01  1.08956000e+01  6.19107217e-01  2.69273002e-01  5.55858915e-02  1.29341740e-01  4.75440590e+04 
 3.13252051e+14  1.46551627e+34  1.32481000e+01  6.41319599e-01  1.09126000e+01  6.22996528e-01  2.70021742e-01  5.52443125e-02  1.29749397e-01  4.63520723e+04 
 3.13565029e+14  1.47518439e+34  1.32541000e+01  6.45205934e-01  1.09296000e+01  6.26887655e-01  2.70726194e-01  5.48897810e-02  1.30103668e-01  4.51978078e+04 
 3.13878006e+14  1.48485251e+34  1.32601000e+01  6.49087907e-01  1.09476000e+01  6.30848008e-01  2.71427018e-01  5.43293100e-02  1.30453389e-01  4.40798545e+04 
 3.14190984e+14  1.49452064e+34  1.32651000e+01  6.52965422e-01  1.09646000e+01  6.34742899e-01  2.72165242e-01  5.39494581e-02  1.30847870e-01  4.29968620e+04 
 3.14503962e+14  1.50418876e+34  1.32711000e+01  6.56838387e-01  1.09816000e+01  6.38639433e-01  2.72858876e-01  5.35569702e-02  1.31188593e-01  4.19475339e+04 
 3.14816939e+14  1.51446183e+34  1.32771000e+01  6.60949041e-01  1.09996000e+01  6.42777481e-01  2.73607500e-01  5.31387748e-02  1.31564322e-01  4.08679411e+04 
 3.15129917e+14  1.52474339e+34  1.32831000e+01  6.65058619e-01  1.10166000e+01  6.46851970e-01  2.74353115e-01  5.29004951e-02  1.31935709e-01  3.98224812e+04 
 3.15442895e+14  1.53502494e+34  1.32891000e+01  6.69163605e-01  1.10346000e+01  6.50996711e-01  2.75094893e-01  5.24576824e-02  1.32302204e-01  3.88107239e+04 
 3.15755872e+14  1.54530650e+34  1.32961000e+01  6.73263880e-01  1.10526000e+01  6.55143574e-01  2.75791331e-01  5.20017688e-02  1.32613921e-01  3.78313885e+04 
 3.16068850e+14  1.55558805e+34  1.33021000e+01  6.77359342e-01  1.10696000e+01  6.59223484e-01  2.76525326e-01  5.17223708e-02  1.32970525e-01  3.68832501e+04 
 3.16381827e+14  1.56586960e+34  1.33081000e+01  6.81449872e-01  1.10876000e+01  6.63374101e-01  2.77255462e-01  5.12403600e-02  1.33322239e-01  3.59651341e+04 
 3.16694805e+14  1.57615116e+34  1.33151000e+01  6.85535378e-01  1.11046000e+01  6.67457159e-01  2.77939983e-01  5.09341409e-02  1.33618885e-01  3.50759163e+04 
 3.17007783e+14  1.58643271e+34  1.33211000e+01  6.89615751e-01  1.11216000e+01  6.71541618e-01  2.78662303e-01  5.06143710e-02  1.33960729e-01  3.42145210e+04 
 3.17320760e+14  1.59671427e+34  1.33271000e+01  6.93690895e-01  1.11396000e+01  6.75697149e-01  2.79380750e-01  5.00941820e-02  1.34297697e-01  3.33799172e+04 
 3.17633738e+14  1.60699582e+34  1.33341000e+01  6.97760721e-01  1.11566000e+01  6.79784304e-01  2.80053308e-01  4.97485855e-02  1.34579316e-01  3.25711164e+04 
 3.17946716e+14  1.61727737e+34  1.33401000e+01  7.01825136e-01  1.11736000e+01  6.83872601e-01  2.80763915e-01  4.93900698e-02  1.34906445e-01  3.17871735e+04 
 3.18259693e+14  1.62785422e+34  1.33471000e+01  7.06000642e-01  1.11906000e+01  6.88045094e-01  2.81455990e-01  4.90987022e-02  1.35195989e-01  3.10056812e+04 
 3.18572671e+14  1.63877827e+34  1.33541000e+01  7.10307779e-01  1.12086000e+01  6.92387261e-01  2.82176224e-01  4.87018578e-02  1.35501278e-01  3.02240066e+04 
 3.18885649e+14  1.64970233e+34  1.33611000e+01  7.14609400e-01  1.12266000e+01  6.96731082e-01  2.82892191e-01  4.82915305e-02  1.35801148e-01  2.94672272e+04 
 3.19198626e+14  1.66062638e+34  1.33681000e+01  7.18905393e-01  1.12436000e+01  7.01005358e-01  2.83603896e-01  4.80520591e-02  1.36095621e-01  2.87344078e+04 
 3.19511604e+14  1.67155044e+34  1.33751000e+01  7.23195647e-01  1.12616000e+01  7.05351982e-01  2.84311334e-01  4.76148494e-02  1.36384707e-01  2.80246519e+04 
 3.19824581e+14  1.68247449e+34  1.33821000e+01  7.27480056e-01  1.12786000e+01  7.09628484e-01  2.85014505e-01  4.73477329e-02  1.36668423e-01  2.73371012e+04 
 3.20137559e+14  1.69339855e+34  1.33891000e+01  7.31758525e-01  1.12956000e+01  7.13905855e-01  2.85713413e-01  4.70668634e-02  1.36946788e-01  2.66709327e+04 
 3.20450537e+14  1.70432260e+34  1.33971000e+01  7.36030956e-01  1.13136000e+01  7.18255996e-01  2.86365295e-01  4.65902751e-02  1.37168611e-01  2.60253581e+04 
 3.20763514e+14  1.71524666e+34  1.34041000e+01  7.40297254e-01  1.13306000e+01  7.22535124e-01  2.87055594e-01  4.62828573e-02  1.37436248e-01  2.53996231e+04 
 3.21076492e+14  1.72617072e+34  1.34111000e+01  7.44557328e-01  1.13476000e+01  7.26814918e-01  2.87741630e-01  4.59621611e-02  1.37698584e-01  2.47930036e+04 
 3.21389470e+14  1.73709477e+34  1.34181000e+01  7.48811094e-01  1.13646000e+01  7.31095313e-01  2.88423406e-01  4.56283577e-02  1.37955638e-01  2.42048058e+04 
 3.21702447e+14  1.74801883e+34  1.34251000e+01  7.53058464e-01  1.13816000e+01  7.35376240e-01  2.89100923e-01  4.52816162e-02  1.38207427e-01  2.36343650e+04 
 3.22015425e+14  1.75953867e+34  1.34331000e+01  7.57530824e-01  1.13986000e+01  7.39823689e-01  2.89784189e-01  4.50689380e-02  1.38435462e-01  2.30513002e+04 
 3.22328403e+14  1.77113501e+34  1.34411000e+01  7.62026423e-01  1.14166000e+01  7.44366333e-01  2.90469642e-01  4.46814497e-02  1.38661965e-01  2.24827607e+04 
 3.22641380e+14  1.78273135e+34  1.34481000e+01  7.66515430e-01  1.14336000e+01  7.48836414e-01  2.91193756e-01  4.44593557e-02  1.38934348e-01  2.19319954e+04 
 3.22954358e+14  1.79432769e+34  1.34561000e+01  7.70997737e-01  1.14516000e+01  7.53380756e-01  2.91869993e-01  4.40445546e-02  1.39149395e-01  2.13983464e+04 
 3.23267335e+14  1.80592404e+34  1.34641000e+01  7.75473251e-01  1.14686000e+01  7.57851882e-01  2.92541598e-01  4.37946418e-02  1.39358739e-01  2.08811840e+04 
 3.23580313e+14  1.81752038e+34  1.34721000e+01  7.79941874e-01  1.14856000e+01  7.62323301e-01  2.93208575e-01  4.35308716e-02  1.39562409e-01  2.03799042e+04 
 3.23893291e+14  1.82911672e+34  1.34791000e+01  7.84403508e-01  1.15036000e+01  7.66869410e-01  2.93914539e-01  4.30764303e-02  1.39812283e-01  1.98939283e+04 
 3.24206268e+14  1.84071306e+34  1.34871000e+01  7.88858066e-01  1.15206000e+01  7.71341469e-01  2.94572347e-01  4.27858231e-02  1.40004731e-01  1.94227011e+04 
 3.24519246e+14  1.85230941e+34  1.34951000e+01  7.93305465e-01  1.15376000e+01  7.75813591e-01  2.95225547e-01  4.24819432e-02  1.40191595e-01  1.89656906e+04 
 3.24832224e+14  1.86390575e+34  1.35031000e+01  7.97745620e-01  1.15546000e+01  7.80285707e-01  2.95874146e-01  4.21649661e-02  1.40372906e-01  1.85223867e+04 
 3.25145201e+14  1.87550209e+34  1.35111000e+01  8.02178450e-01  1.15706000e+01  7.84682524e-01  2.96518149e-01  4.20099729e-02  1.40548694e-01  1.80923001e+04 
 3.25458179e+14  1.88728357e+34  1.35181000e+01  8.06674501e-01  1.15876000e+01  7.89205222e-01  2.97217335e-01  4.17085171e-02  1.40780379e-01  1.76683966e+04 
 3.25771157e+14  1.89958267e+34  1.35271000e+01  8.11360523e-01  1.16056000e+01  7.93945971e-01  2.97867977e-01  4.13359209e-02  1.40928242e-01  1.72393367e+04 
 3.26084134e+14  1.91188178e+34  1.35351000e+01  8.16038958e-01  1.16226000e+01  7.98611093e-01  2.98557749e-01  4.11235964e-02  1.41122249e-01  1.68235154e+04 
 3.26397112e+14  1.92418088e+34  1.35431000e+01  8.20709699e-01  1.16406000e+01  8.03352258e-01  2.99242686e-01  4.07237792e-02  1.41310377e-01  1.64204491e+04 
 3.26710089e+14  1.93647998e+34  1.35521000e+01  8.25372655e-01  1.16576000e+01  8.08017199e-01  2.99878534e-01  4.04836086e-02  1.41440472e-01  1.60296736e+04 
 3.27023067e+14  1.94877909e+34  1.35601000e+01  8.30027732e-01  1.16746000e+01  8.12681813e-01  3.00553761e-01  4.02296157e-02  1.41616929e-01  1.56507444e+04 
 3.27336045e+14  1.96107819e+34  1.35681000e+01  8.34674842e-01  1.16916000e+01  8.17346030e-01  3.01224185e-01  3.99619686e-02  1.41787628e-01  1.52832345e+04 
 3.27649022e+14  1.97337729e+34  1.35771000e+01  8.39313899e-01  1.17086000e+01  8.22009785e-01  3.01845341e-01  3.96808240e-02  1.41900335e-01  1.49267346e+04 
 3.27962000e+14  1.98567640e+34  1.35851000e+01  8.43944821e-01  1.17256000e+01  8.26673007e-01  3.02506118e-01  3.93864064e-02  1.42059603e-01  1.45808523e+04 
 3.28274978e+14  1.99797550e+34  1.35931000e+01  8.48567533e-01  1.17426000e+01  8.31335624e-01  3.03162125e-01  3.90788943e-02  1.42213229e-01  1.42452108e+04 
 3.28587955e+14  2.01027460e+34  1.36021000e+01  8.53181953e-01  1.17586000e+01  8.35919824e-01  3.03768694e-01  3.89285582e-02  1.42308927e-01  1.39194488e+04 
 3.28900933e+14  2.02257371e+34  1.36101000e+01  8.57788011e-01  1.17756000e+01  8.40580877e-01  3.04415120e-01  3.85948358e-02  1.42451362e-01  1.36032196e+04 
 3.29213911e+14  2.03530479e+34  1.36181000e+01  8.62547127e-01  1.17926000e+01  8.45358226e-01  3.05091890e-01  3.83373370e-02  1.42607716e-01  1.32855591e+04 
 3.29526888e+14  2.04833779e+34  1.36271000e+01  8.67410508e-01  1.18096000e+01  8.50216609e-01  3.05743333e-01  3.81280127e-02  1.42719385e-01  1.29701549e+04 
 3.29839866e+14  2.06137078e+34  1.36361000e+01  8.72265170e-01  1.18276000e+01  8.55152860e-01  3.06389631e-01  3.77360947e-02  1.42825069e-01  1.26642960e+04 
 3.30152843e+14  2.07440377e+34  1.36451000e+01  8.77111023e-01  1.18446000e+01  8.60009782e-01  3.07030801e-01  3.74990747e-02  1.42924824e-01  1.23676395e+04 
 3.30465821e+14  2.08743677e+34  1.36541000e+01  8.81947977e-01  1.18616000e+01  8.64865717e-01  3.07666857e-01  3.72483328e-02  1.43076652e-01  1.20847509e+04 
 3.30778799e+14  2.10046976e+34  1.36621000e+01  8.86775951e-01  1.18786000e+01  8.69720593e-01  3.08342957e-01  3.69840865e-02  1.43159141e-01  1.18006310e+04 
 3.31091776e+14  2.11350276e+34  1.36711000e+01  8.91594863e-01  1.18946000e+01  8.74494763e-01  3.08968898e-01  3.68732039e-02  1.43241419e-01  1.15296601e+04 
 3.31404754e+14  2.12653575e+34  1.36801000e+01  8.96404638e-01  1.19116000e+01  8.79347136e-01  3.09589773e-01  3.65819489e-02  1.43317973e-01  1.12666531e+04 
 3.31717732e+14  2.13956875e+34  1.36891000e+01  9.01205195e-01  1.19286000e+01  8.84198293e-01  3.10205595e-01  3.62776250e-02  1.43446951e-01  1.10157925e+04 
 3.32030709e+14  2.15260174e+34  1.36971000e+01  9.05996476e-01  1.19446000e+01  8.88967833e-01  3.10861778e-01  3.61261327e-02  1.43506488e-01  1.07634254e+04 
 3.32343687e+14  2.16563473e+34  1.37061000e+01  9.10778402e-01  1.19616000e+01  8.93816103e-01  3.11467606e-01  3.57959418e-02  1.43566163e-01  1.05226794e+04 
 3.32656664e+14  2.17866773e+34  1.37151000e+01  9.15550913e-01  1.19776000e+01  8.98582215e-01  3.12068434e-01  3.56180644e-02  1.43620318e-01  1.02888458e+04 
 3.32969642e+14  2.19235835e+34  1.37241000e+01  9.20554368e-01  1.19946000e+01  9.03602630e-01  3.12714980e-01  3.53855677e-02  1.43695127e-01  1.00503821e+04 
 3.33282620e+14  2.20615698e+34  1.37331000e+01  9.25587554e-01  1.20116000e+01  9.08650319e-01  3.13364584e-01  3.51594319e-02  1.43768301e-01  9.81718337e+03 
 3.33595597e+14  2.21995562e+34  1.37421000e+01  9.30610878e-01  1.20286000e+01  9.13696420e-01  3.14008916e-01  3.49195515e-02  1.43835574e-01  9.59090499e+03 
 3.33908575e+14  2.23375425e+34  1.37511000e+01  9.35624259e-01  1.20456000e+01  9.18740856e-01  3.14647995e-01  3.46661284e-02  1.43897005e-01  9.37130274e+03 
 3.34221553e+14  2.24755289e+34  1.37601000e+01  9.40627615e-01  1.20626000e+01  9.23783552e-01  3.15281840e-01  3.43993543e-02  1.43952652e-01  9.15814211e+03 
 3.34534530e+14  2.26135153e+34  1.37701000e+01  9.45620871e-01  1.20796000e+01  9.28824480e-01  3.15864579e-01  3.41193192e-02  1.44008620e-01  8.95482480e+03 
 3.34847508e+14  2.27515016e+34  1.37791000e+01  9.50603959e-01  1.20956000e+01  9.33781252e-01  3.16487950e-01  3.39881481e-02  1.43994560e-01  8.75025346e+03 
 3.35160486e+14  2.28894880e+34  1.37881000e+01  9.55576809e-01  1.21126000e+01  9.38818141e-01  3.17106143e-01  3.36819941e-02  1.44033222e-01  8.55510158e+03 
 3.35473463e+14  2.30274743e+34  1.37971000e+01  9.60539352e-01  1.21286000e+01  9.43770361e-01  3.17719174e-01  3.35241436e-02  1.44066327e-01  8.36554256e+03 
 3.35786441e+14  2.31654607e+34  1.38061000e+01  9.65491530e-01  1.21446000e+01  9.48720099e-01  3.18327066e-01  3.33530562e-02  1.44093936e-01  8.18138473e+03 
 3.36099418e+14  2.33034471e+34  1.38151000e+01  9.70433285e-01  1.21616000e+01  9.53750440e-01  3.18929839e-01  3.30087362e-02  1.44116107e-01  8.00244404e+03 
 3.36412396e+14  2.34420033e+34  1.38241000e+01  9.75384900e-01  1.21776000e+01  9.58710168e-01  3.19531684e-01  3.28218707e-02  1.44134888e-01  7.82783544e+03 
 3.36725374e+14  2.35879694e+34  1.38331000e+01  9.80590354e-01  1.21946000e+01  9.63944715e-01  3.20182572e-01  3.25882858e-02  1.44173997e-01  7.64917889e+03 
 3.37038351e+14  2.37339355e+34  1.38431000e+01  9.85784867e-01  1.22106000e+01  9.69093095e-01  3.20781704e-01  3.25002709e-02  1.44155212e-01  7.47575007e+03 
 3.37351329e+14  2.38799016e+34  1.38521000e+01  9.90968362e-01  1.22276000e+01  9.74322787e-01  3.21421754e-01  3.22393576e-02  1.44182782e-01  7.30736708e+03 
 3.37664307e+14  2.40258677e+34  1.38621000e+01  9.96140773e-01  1.22446000e+01  9.79549932e-01  3.22009985e-01  3.19655114e-02  1.44152668e-01  7.14385483e+03 
 3.37977284e+14  2.41718338e+34  1.38711000e+01  1.00130202e+00  1.22606000e+01  9.84690089e-01  3.22639292e-01  3.18365447e-02  1.44168969e-01  6.98504529e+03 
 3.38290262e+14  2.43177999e+34  1.38811000e+01  1.00645205e+00  1.22776000e+01  9.89911960e-01  3.23216712e-01  3.15365587e-02  1.44186201e-01  6.83354500e+03 
 3.38603240e+14  2.44637660e+34  1.38901000e+01  1.01159078e+00  1.22936000e+01  9.95046289e-01  3.23835362e-01  3.13810356e-02  1.44133082e-01  6.68089433e+03 
 3.38916217e+14  2.46097321e+34  1.38991000e+01  1.01671817e+00  1.23096000e+01  1.00017741e+00  3.24448749e-01  3.12125092e-02  1.44132946e-01  6.53524859e+03 
 3.39229195e+14  2.47556982e+34  1.39091000e+01  1.02183416e+00  1.23256000e+01  1.00530535e+00  3.25010147e-01  3.10309922e-02  1.44134029e-01  6.39628738e+03 
 3.39542172e+14  2.49016643e+34  1.39181000e+01  1.02693869e+00  1.23416000e+01  1.01043009e+00  3.25613008e-01  3.08366485e-02  1.44064869e-01  6.25609950e+03 
 3.39855150e+14  2.50476304e+34  1.39271000e+01  1.03203171e+00  1.23576000e+01  1.01555157e+00  3.26210667e-01  3.06296430e-02  1.44048852e-01  6.12232592e+03 
 3.40168128e+14  2.51954499e+34  1.39371000e+01  1.03717764e+00  1.23736000e+01  1.02071720e+00  3.26769097e-01  3.04389180e-02  1.44039946e-01  5.99304695e+03 
 3.40481105e+14  2.53497244e+34  1.39461000e+01  1.04253623e+00  1.23906000e+01  1.02613118e+00  3.27413767e-01  3.01797673e-02  1.43980095e-01  5.85704987e+03 
 3.40794083e+14  2.55039989e+34  1.39561000e+01  1.04788272e+00  1.24066000e+01  1.03145532e+00  3.28005945e-01  3.00624756e-02  1.43921435e-01  5.72731174e+03 
 3.41107061e+14  2.56582735e+34  1.39661000e+01  1.05321703e+00  1.24236000e+01  1.03686280e+00  3.28592553e-01  2.97769941e-02  1.43915652e-01  5.60354391e+03 
 3.41420038e+14  2.58125480e+34  1.39751000e+01  1.05853911e+00  1.24396000e+01  1.04217989e+00  3.29220746e-01  2.96330202e-02  1.43839362e-01  5.47880959e+03 
 3.41733016e+14  2.59668225e+34  1.39851000e+01  1.06384889e+00  1.24556000e+01  1.04749322e+00  3.29796358e-01  2.94758017e-02  1.43764583e-01  5.35979836e+03 
 3.42045994e+14  2.61210971e+34  1.39951000e+01  1.06914631e+00  1.24716000e+01  1.05280278e+00  3.30366484e-01  2.93055022e-02  1.43742835e-01  5.24624911e+03 
 3.42358971e+14  2.62753716e+34  1.40041000e+01  1.07443133e+00  1.24876000e+01  1.05810851e+00  3.30978419e-01  2.91223490e-02  1.43650748e-01  5.13167299e+03 
 3.42671949e+14  2.64296461e+34  1.40141000e+01  1.07970389e+00  1.25036000e+01  1.06341032e+00  3.31537696e-01  2.89265307e-02  1.43618681e-01  5.02437497e+03 
 3.42984926e+14  2.65839207e+34  1.40231000e+01  1.08496395e+00  1.25196000e+01  1.06870821e+00  3.32138935e-01  2.87181787e-02  1.43516387e-01  4.91601835e+03 
 3.43297904e+14  2.67381952e+34  1.40331000e+01  1.09021145e+00  1.25356000e+01  1.07400212e+00  3.32687461e-01  2.84974660e-02  1.43474258e-01  4.81456193e+03 
 3.43610882e+14  2.68924697e+34  1.40421000e+01  1.09544636e+00  1.25506000e+01  1.07920332e+00  3.33278099e-01  2.84161748e-02  1.43362028e-01  4.71202121e+03 
 3.43923859e+14  2.70494293e+34  1.40521000e+01  1.10075947e+00  1.25666000e+01  1.08455610e+00  3.33833572e-01  2.82088059e-02  1.43317025e-01  4.61434624e+03 
 3.44236837e+14  2.72123458e+34  1.40621000e+01  1.10626103e+00  1.25836000e+01  1.09014295e+00  3.34422524e-01  2.79213763e-02  1.43224168e-01  4.51385416e+03 
 3.44549815e+14  2.73752624e+34  1.40711000e+01  1.11174933e+00  1.25996000e+01  1.09563652e+00  3.35053456e-01  2.77719591e-02  1.43118960e-01  4.41439733e+03 
 3.44862792e+14  2.75381790e+34  1.40811000e+01  1.11722429e+00  1.26156000e+01  1.10112563e+00  3.35631195e-01  2.76094750e-02  1.43015761e-01  4.31949865e+03 
 3.45175770e+14  2.77010955e+34  1.40911000e+01  1.12268587e+00  1.26316000e+01  1.10661025e+00  3.36203345e-01  2.74341174e-02  1.42907522e-01  4.22723763e+03 
 3.45488748e+14  2.78640121e+34  1.41011000e+01  1.12813402e+00  1.26476000e+01  1.11209031e+00  3.36769933e-01  2.72460664e-02  1.42852220e-01  4.13920415e+03 
 3.45801725e+14  2.80269286e+34  1.41111000e+01  1.13356870e+00  1.26636000e+01  1.11756578e+00  3.37330990e-01  2.70455147e-02  1.42734079e-01  4.05192298e+03 
 3.46114703e+14  2.81898452e+34  1.41201000e+01  1.13898985e+00  1.26786000e+01  1.12294616e+00  3.37934410e-01  2.69813849e-02  1.42603800e-01  3.96541892e+03 
 3.46427680e+14  2.83527618e+34  1.41301000e+01  1.14439744e+00  1.26946000e+01  1.12841207e+00  3.38484529e-01  2.67559998e-02  1.42476062e-01  3.88286307e+03 
 3.46740658e+14  2.85156783e+34  1.41401000e+01  1.14979142e+00  1.27096000e+01  1.13378239e+00  3.39029198e-01  2.66666586e-02  1.42401372e-01  3.80407989e+03 
 3.47053636e+14  2.86785949e+34  1.41491000e+01  1.15517178e+00  1.27256000e+01  1.13923856e+00  3.39616452e-01  2.64171808e-02  1.42256887e-01  3.72437073e+03 
 3.47366613e+14  2.88415114e+34  1.41591000e+01  1.16053846e+00  1.27406000e+01  1.14459863e+00  3.40150345e-01  2.63034116e-02  1.42172883e-01  3.64977175e+03 
 3.47679591e+14  2.90074002e+34  1.41681000e+01  1.16598902e+00  1.27556000e+01  1.15002603e+00  3.40745345e-01  2.62154061e-02  1.42025679e-01  3.57290130e+03 
 3.47992569e+14  2.91792968e+34  1.41781000e+01  1.17162266e+00  1.27716000e+01  1.15568651e+00  3.41323849e-01  2.60441120e-02  1.41894189e-01  3.49690923e+03 
 3.48305546e+14  2.93511933e+34  1.41881000e+01  1.17724186e+00  1.27876000e+01  1.16134178e+00  3.41896668e-01  2.58601252e-02  1.41757858e-01  3.42301062e+03 
 3.48618524e+14  2.95230899e+34  1.41981000e+01  1.18284659e+00  1.28036000e+01  1.16699177e+00  3.42463835e-01  2.56636683e-02  1.41616770e-01  3.35113642e+03 
 3.48931502e+14  2.96949865e+34  1.42081000e+01  1.18843680e+00  1.28196000e+01  1.17263641e+00  3.43025384e-01  2.54549447e-02  1.41471001e-01  3.28122013e+03 
 3.49244479e+14  2.98668830e+34  1.42181000e+01  1.19401246e+00  1.28346000e+01  1.17818303e+00  3.43581341e-01  2.53795182e-02  1.41377964e-01  3.21450144e+03 
 3.49557457e+14  3.00387796e+34  1.42281000e+01  1.19957353e+00  1.28506000e+01  1.18381669e+00  3.44131737e-01  2.51463410e-02  1.41222999e-01  3.14828460e+03 
 3.49870434e+14  3.02106762e+34  1.42371000e+01  1.20511997e+00  1.28656000e+01  1.18935181e+00  3.44725030e-01  2.50461847e-02  1.41055889e-01  3.08259066e+03 
 3.50183412e+14  3.03825727e+34  1.42471000e+01  1.21065176e+00  1.28806000e+01  1.19488097e+00  3.45264436e-01  2.49338164e-02  1.40892052e-01  3.01988948e+03 
 3.50496390e+14  3.05544693e+34  1.42571000e+01  1.21616886e+00  1.28956000e+01  1.20040416e+00  3.45798367e-01  2.48093456e-02  1.40781011e-01  2.96004995e+03 
 3.50809367e+14  3.07263659e+34  1.42661000e+01  1.22167125e+00  1.29116000e+01  1.20601519e+00  3.46375414e-01  2.45289685e-02  1.40600776e-01  2.89941677e+03 
 3.51122345e+14  3.08982624e+34  1.42761000e+01  1.22715891e+00  1.29266000e+01  1.21152662e+00  3.46898524e-01  2.43810628e-02  1.40424115e-01  2.84154122e+03 
 3.51435323e+14  3.10727736e+34  1.42861000e+01  1.23271497e+00  1.29416000e+01  1.21709424e+00  3.47431485e-01  2.42517113e-02  1.40304964e-01  2.78545721e+03 
 3.51748300e+14  3.12539920e+34  1.42961000e+01  1.23846911e+00  1.29566000e+01  1.22281514e+00  3.47997937e-01  2.41874694e-02  1.40136495e-01  2.72760588e+03 
 3.52061278e+14  3.14352104e+34  1.43061000e+01  1.24420769e+00  1.29726000e+01  1.22862421e+00  3.48558689e-01  2.39677867e-02  1.39963581e-01  2.67131623e+03 
 3.52374256e+14  3.16164288e+34  1.43161000e+01  1.24993066e+00  1.29876000e+01  1.23433227e+00  3.49113774e-01  2.38786074e-02  1.39786300e-01  2.61653771e+03 
 3.52687233e+14  3.17976471e+34  1.43261000e+01  1.25563800e+00  1.30026000e+01  1.24003372e+00  3.49663221e-01  2.37770673e-02  1.39604730e-01  2.56322159e+03 
 3.53000211e+14  3.19788655e+34  1.43351000e+01  1.26132968e+00  1.30186000e+01  1.24582395e+00  3.50255935e-01  2.35215081e-02  1.39410975e-01  2.51030162e+03 
 3.53313188e+14  3.21600839e+34  1.43451000e+01  1.26700567e+00  1.30336000e+01  1.25151238e+00  3.50794249e-01  2.33960054e-02  1.39221030e-01  2.45979167e+03 
 3.53626166e+14  3.23413023e+34  1.43551000e+01  1.27266595e+00  1.30486000e+01  1.25719410e+00  3.51327019e-01  2.32586617e-02  1.39027020e-01  2.41060790e+03 
 3.53939144e+14  3.25225206e+34  1.43651000e+01  1.27831050e+00  1.30636000e+01  1.26286913e+00  3.51854279e-01  2.31095807e-02  1.38885409e-01  2.36366802e+03 
 3.54252121e+14  3.27037390e+34  1.43741000e+01  1.28393931e+00  1.30776000e+01  1.26844115e+00  3.52425095e-01  2.30896415e-02  1.38675329e-01  2.31605260e+03 
 3.54565099e+14  3.28849574e+34  1.43841000e+01  1.28955234e+00  1.30926000e+01  1.27410246e+00  3.52941460e-01  2.29173391e-02  1.38469455e-01  2.27060170e+03 
 3.54878077e+14  3.30661758e+34  1.43941000e+01  1.29514960e+00  1.31076000e+01  1.27975695e+00  3.53452404e-01  2.27338449e-02  1.38315974e-01  2.22722259e+03 
 3.55191054e+14  3.32488986e+34  1.44031000e+01  1.30077734e+00  1.31216000e+01  1.28534255e+00  3.54015372e-01  2.26947515e-02  1.38096557e-01  2.18281186e+03 
 3.55504032e+14  3.34397838e+34  1.44131000e+01  1.30663988e+00  1.31376000e+01  1.29130361e+00  3.54568444e-01  2.24499024e-02  1.37893266e-01  2.13854747e+03 
 3.55817010e+14  3.36306690e+34  1.44231000e+01  1.31248573e+00  1.31526000e+01  1.29716049e+00  3.55115809e-01  2.23326334e-02  1.37685947e-01  2.09545393e+03 
 3.56129987e+14  3.38215542e+34  1.44331000e+01  1.31831488e+00  1.31676000e+01  1.30300999e+00  3.55657505e-01  2.22034430e-02  1.37474686e-01  2.05349401e+03 
 3.56442965e+14  3.40124394e+34  1.44431000e+01  1.32412731e+00  1.31826000e+01  1.30885207e+00  3.56193565e-01  2.20624840e-02  1.37259556e-01  2.01263186e+03 
 3.56755942e+14  3.42033247e+34  1.44531000e+01  1.32992300e+00  1.31976000e+01  1.31468673e+00  3.56724022e-01  2.19099167e-02  1.37096347e-01  1.97363491e+03 
 3.57068920e+14  3.43942099e+34  1.44631000e+01  1.33570193e+00  1.32116000e+01  1.32041578e+00  3.57248908e-01  2.18838183e-02  1.36873619e-01  1.93485007e+03 
 3.57381898e+14  3.45850951e+34  1.44721000e+01  1.34146409e+00  1.32266000e+01  1.32623529e+00  3.57817708e-01  2.17082456e-02  1.36638904e-01  1.89629225e+03 
 3.57694875e+14  3.47759803e+34  1.44821000e+01  1.34720947e+00  1.32406000e+01  1.33194860e+00  3.58331587e-01  2.16590180e-02  1.36408931e-01  1.85948750e+03 
 3.58007853e+14  3.49668655e+34  1.44921000e+01  1.35293806e+00  1.32556000e+01  1.33775293e+00  3.58839990e-01  2.14609254e-02  1.36230838e-01  1.82436128e+03 
 3.58320831e+14  3.51577507e+34  1.45011000e+01  1.35864985e+00  1.32696000e+01  1.34345060e+00  3.59392517e-01  2.13889632e-02  1.35985415e-01  1.78865967e+03 
 3.58633808e+14  3.53486360e+34  1.45111000e+01  1.36434485e+00  1.32846000e+01  1.34923948e+00  3.59890099e-01  2.11692443e-02  1.35800243e-01  1.75529379e+03 
 3.58946786e+14  3.55395212e+34  1.45201000e+01  1.37002305e+00  1.32986000e+01  1.35492139e+00  3.60431945e-01  2.10752152e-02  1.35547986e-01  1.72135371e+03 
 3.59259764e+14  3.57399470e+34  1.45301000e+01  1.37596734e+00  1.33136000e+01  1.36090881e+00  3.60967925e-01  2.09240730e-02  1.35311792e-01  1.68735480e+03 
 3.59572741e+14  3.59408466e+34  1.45401000e+01  1.38190795e+00  1.33276000e+01  1.36679887e+00  3.61500657e-01  2.09015962e-02  1.35072561e-01  1.65415770e+03 
 3.59885719e+14  3.61417463e+34  1.45501000e+01  1.38783078e+00  1.33426000e+01  1.37278044e+00  3.62027733e-01  2.07317324e-02  1.34829825e-01  1.62181632e+03 
 3.60198696e+14  3.63426460e+34  1.45601000e+01  1.39373583e+00  1.33566000e+01  1.37865329e+00  3.62549186e-01  2.06861141e-02  1.34638445e-01  1.59095147e+03 
 3.60511674e+14  3.65435457e+34  1.45701000e+01  1.39962309e+00  1.33716000e+01  1.38461831e+00  3.63065048e-01  2.04936310e-02  1.34388823e-01  1.56023029e+03 
 3.60824652e+14  3.67444454e+34  1.45791000e+01  1.40549255e+00  1.33856000e+01  1.39047410e+00  3.63625243e-01  2.04252304e-02  1.34127311e-01  1.52966533e+03 
 3.61137629e+14  3.69453451e+34  1.45891000e+01  1.41134423e+00  1.34006000e+01  1.39642225e+00  3.64130066e-01  2.02110617e-02  1.33871166e-01  1.50049025e+03 
 3.61450607e+14  3.71462448e+34  1.45991000e+01  1.41717810e+00  1.34146000e+01  1.40226095e+00  3.64629397e-01  2.01204020e-02  1.33666293e-01  1.47264661e+03 
 3.61763585e+14  3.73471445e+34  1.46081000e+01  1.42299417e+00  1.34286000e+01  1.40809089e+00  3.65173270e-01  2.00188437e-02  1.33395149e-01  1.44431350e+03 
 3.62076562e+14  3.75480442e+34  1.46181000e+01  1.42879246e+00  1.34426000e+01  1.41391209e+00  3.65661754e-01  1.99064761e-02  1.33183886e-01  1.41784564e+03 
 3.62389540e+14  3.77489439e+34  1.46271000e+01  1.43457296e+00  1.34566000e+01  1.41972451e+00  3.66194917e-01  1.97834837e-02  1.32906618e-01  1.39089046e+03 
 3.62702518e+14  3.79498436e+34  1.46371000e+01  1.44033569e+00  1.34696000e+01  1.42542604e+00  3.66672677e-01  1.97831941e-02  1.32689219e-01  1.36571667e+03 
 3.63015495e+14  3.81576639e+34  1.46461000e+01  1.44627841e+00  1.34846000e+01  1.43147342e+00  3.67228742e-01  1.95649934e-02  1.32412160e-01  1.33920392e+03 
 3.63328473e+14  3.83689277e+34  1.46561000e+01  1.45230090e+00  1.34986000e+01  1.43748413e+00  3.67745746e-01  1.94981515e-02  1.32143792e-01  1.31348224e+03 
 3.63641450e+14  3.85801914e+34  1.46661000e+01  1.45830459e+00  1.35126000e+01  1.44348530e+00  3.68257118e-01  1.94201918e-02  1.31926136e-01  1.28893559e+03 
 3.63954428e+14  3.87914552e+34  1.46761000e+01  1.46428947e+00  1.35266000e+01  1.44947715e+00  3.68762889e-01  1.93309723e-02  1.31651615e-01  1.26448354e+03 
 3.64267406e+14  3.90027189e+34  1.46851000e+01  1.47025556e+00  1.35406000e+01  1.45545956e+00  3.69313398e-01  1.92307876e-02  1.31365334e-01  1.24013667e+03 
 3.64580383e+14  3.92139826e+34  1.46951000e+01  1.47620285e+00  1.35546000e+01  1.46143252e+00  3.69808113e-01  1.91197662e-02  1.31138507e-01  1.21739397e+03 
 3.64893361e+14  3.94252464e+34  1.47051000e+01  1.48213136e+00  1.35686000e+01  1.46739603e+00  3.70297334e-01  1.89980715e-02  1.30855315e-01  1.19472011e+03 
 3.65206339e+14  3.96365101e+34  1.47141000e+01  1.48804110e+00  1.35826000e+01  1.47335010e+00  3.70831500e-01  1.88658091e-02  1.30613789e-01  1.17260380e+03 
 3.65519316e+14  3.98477738e+34  1.47241000e+01  1.49393207e+00  1.35966000e+01  1.47929474e+00  3.71309862e-01  1.87230738e-02  1.30325105e-01  1.15102831e+03 
 3.65832294e+14  4.00590376e+34  1.47331000e+01  1.49980430e+00  1.36096000e+01  1.48512549e+00  3.71833310e-01  1.87010013e-02  1.30077980e-01  1.12997771e+03 
 3.66145272e+14  4.02703013e+34  1.47421000e+01  1.50565779e+00  1.36236000e+01  1.49105095e+00  3.72351462e-01  1.85376941e-02  1.29775101e-01  1.10898364e+03 
 3.66458249e+14  4.04815650e+34  1.47521000e+01  1.51149257e+00  1.36366000e+01  1.49686215e+00  3.72813799e-01  1.84947272e-02  1.29531586e-01  1.08938956e+03 
 3.66771227e+14  4.06960093e+34  1.47611000e+01  1.51739611e+00  1.36506000e+01  1.50283519e+00  3.73335882e-01  1.83359239e-02  1.29278540e-01  1.06953155e+03 
 3.67084204e+14  4.09179879e+34  1.47711000e+01  1.52348740e+00  1.36646000e+01  1.50895643e+00  3.73836165e-01  1.82249096e-02  1.28983928e-01  1.04947921e+03 
 3.67397182e+14  4.11399665e+34  1.47801000e+01  1.52955889e+00  1.36786000e+01  1.51506750e+00  3.74381508e-01  1.81032048e-02  1.28677665e-01  1.02950248e+03 
 3.67710160e+14  4.13619451e+34  1.47901000e+01  1.53561061e+00  1.36916000e+01  1.52106280e+00  3.74870662e-01  1.81002768e-02  1.28430347e-01  1.01084848e+03 
 3.68023137e+14  4.15839236e+34  1.48001000e+01  1.54164257e+00  1.37056000e+01  1.52715322e+00  3.75354289e-01  1.79574589e-02  1.28127972e-01  9.92240852e+02 
 3.68336115e+14  4.18059022e+34  1.48091000e+01  1.54765478e+00  1.37196000e+01  1.53323357e+00  3.75883187e-01  1.78042445e-02  1.27866351e-01  9.74086468e+02 
 3.68649093e+14  4.20278808e+34  1.48181000e+01  1.55364728e+00  1.37326000e+01  1.53919741e+00  3.76406704e-01  1.77696435e-02  1.27549980e-01  9.55980956e+02 
 3.68962070e+14  4.22498594e+34  1.48281000e+01  1.55962006e+00  1.37466000e+01  1.54525714e+00  3.76874018e-01  1.75960835e-02  1.27292460e-01  9.39084199e+02 
 3.69275048e+14  4.24718379e+34  1.48371000e+01  1.56557316e+00  1.37596000e+01  1.55119999e+00  3.77386819e-01  1.75409203e-02  1.27023364e-01  9.22210939e+02 
 3.69588025e+14  4.26938165e+34  1.48461000e+01  1.57150661e+00  1.37726000e+01  1.55713222e+00  3.77894330e-01  1.74755805e-02  1.26700011e-01  9.05369543e+02 
 3.69901003e+14  4.29157951e+34  1.48561000e+01  1.57742042e+00  1.37856000e+01  1.56305392e+00  3.78345634e-01  1.74000801e-02  1.26435428e-01  8.89659747e+02 
 3.70213981e+14  4.31377737e+34  1.48651000e+01  1.58331463e+00  1.37986000e+01  1.56896499e+00  3.78842623e-01  1.73147205e-02  1.26159391e-01  8.73958922e+02 
 3.70526958e+14  4.33597522e+34  1.48741000e+01  1.58918926e+00  1.38116000e+01  1.57486545e+00  3.79334418e-01  1.72196092e-02  1.25881117e-01  8.58626620e+02 
 3.70839936e+14  4.35909791e+34  1.48831000e+01  1.59528813e+00  1.38256000e+01  1.58105003e+00  3.79860398e-01  1.70521493e-02  1.25553338e-01  8.42690267e+02 
 3.71152914e+14  4.38240238e+34  1.48931000e+01  1.60141429e+00  1.38386000e+01  1.58715266e+00  3.80337569e-01  1.70140407e-02  1.25284727e-01  8.27701125e+02 
 3.71465891e+14  4.40570685e+34  1.49021000e+01  1.60751974e+00  1.38516000e+01  1.59324409e+00  3.80860338e-01  1.69653558e-02  1.24953331e-01  8.12403912e+02 
 3.71778869e+14  4.42901132e+34  1.49121000e+01  1.61360453e+00  1.38656000e+01  1.59943224e+00  3.81326541e-01  1.67803162e-02  1.24680213e-01  7.98131454e+02 
 3.72091847e+14  4.45231579e+34  1.49211000e+01  1.61966868e+00  1.38786000e+01  1.60550108e+00  3.81838481e-01  1.67115595e-02  1.24395600e-01  7.83874774e+02 
 3.72404824e+14  4.47562026e+34  1.49301000e+01  1.62571220e+00  1.38916000e+01  1.61155861e+00  3.82345075e-01  1.66327803e-02  1.24108809e-01  7.69956596e+02 
 3.72717802e+14  4.49892473e+34  1.49391000e+01  1.63173515e+00  1.39046000e+01  1.61760481e+00  3.82846359e-01  1.65441160e-02  1.23769142e-01  7.56057087e+02 
 3.73030779e+14  4.52222920e+34  1.49491000e+01  1.63773754e+00  1.39176000e+01  1.62363971e+00  3.83291069e-01  1.64456664e-02  1.23487613e-01  7.43096975e+02 
 3.73343757e+14  4.54553367e+34  1.49581000e+01  1.64371941e+00  1.39306000e+01  1.62966331e+00  3.83781790e-01  1.63376150e-02  1.23194760e-01  7.30136992e+02 
 3.73656735e+14  4.56883814e+34  1.49671000e+01  1.64968081e+00  1.39426000e+01  1.63556623e+00  3.84267296e-01  1.63449234e-02  1.22899956e-01  7.17478350e+02 
 3.73969712e+14  4.59214261e+34  1.49761000e+01  1.65562176e+00  1.39556000e+01  1.64156699e+00  3.84747622e-01  1.62178673e-02  1.22603258e-01  7.05112515e+02 
 3.74282690e+14  4.61544708e+34  1.49851000e+01  1.66154230e+00  1.39686000e+01  1.64755651e+00  3.85222796e-01  1.60815282e-02  1.22304717e-01  6.93031232e+02 
 3.74595668e+14  4.63907134e+34  1.49941000e+01  1.66752332e+00  1.39806000e+01  1.65348721e+00  3.85705622e-01  1.60803257e-02  1.22005276e-01  6.81066362e+02 
 3.74908645e+14  4.66351753e+34  1.50031000e+01  1.67369100e+00  1.39936000e+01  1.65967612e+00  3.86215971e-01  1.59968344e-02  1.21706220e-01  6.68974818e+02 
 3.75221623e+14  4.68796371e+34  1.50121000e+01  1.67983711e+00  1.40066000e+01  1.66585301e+00  3.86720916e-01  1.59034551e-02  1.21405216e-01  6.57169065e+02 
 3.75534601e+14  4.71240990e+34  1.50211000e+01  1.68596170e+00  1.40196000e+01  1.67201780e+00  3.87220498e-01  1.58004441e-02  1.21052574e-01  6.45375640e+02 
 3.75847578e+14  4.73685608e+34  1.50301000e+01  1.69206480e+00  1.40326000e+01  1.67817055e+00  3.87714749e-01  1.56878646e-02  1.20747968e-01  6.34121682e+02 
 3.76160556e+14  4.76130227e+34  1.50401000e+01  1.69814645e+00  1.40446000e+01  1.68420032e+00  3.88152074e-01  1.56889141e-02  1.20451062e-01  6.23385833e+02 
 3.76473533e+14  4.78574845e+34  1.50491000e+01  1.70420669e+00  1.40576000e+01  1.69032899e+00  3.88635731e-01  1.55571877e-02  1.20142980e-01  6.12643864e+02 
 3.76786511e+14  4.81019464e+34  1.50581000e+01  1.71024557e+00  1.40706000e+01  1.69644550e+00  3.89114160e-01  1.54164360e-02  1.19833233e-01  6.02149280e+02 
 3.77099489e+14  4.83464082e+34  1.50661000e+01  1.71626313e+00  1.40826000e+01  1.70243858e+00  3.89639119e-01  1.53890189e-02  1.19512364e-01  5.91651656e+02 
 3.77412466e+14  4.85908700e+34  1.50751000e+01  1.72225942e+00  1.40946000e+01  1.70841923e+00  3.90107221e-01  1.53522934e-02  1.19199436e-01  5.81635293e+02 
 3.77725444e+14  4.88353319e+34  1.50841000e+01  1.72823447e+00  1.41076000e+01  1.71449951e+00  3.90570191e-01  1.51842153e-02  1.18933952e-01  5.72081530e+02 
 3.78038422e+14  4.90797937e+34  1.50931000e+01  1.73418835e+00  1.41196000e+01  1.72045574e+00  3.91028062e-01  1.51292913e-02  1.18617938e-01  5.62509259e+02 
 3.78351399e+14  4.93242556e+34  1.51021000e+01  1.74012109e+00  1.41316000e+01  1.72639970e+00  3.91480865e-01  1.50653331e-02  1.18300511e-01  5.53151831e+02 
 3.78664377e+14  4.95760767e+34  1.51111000e+01  1.74621053e+00  1.41436000e+01  1.73246924e+00  3.91956112e-01  1.50340595e-02  1.17982682e-01  5.43730918e+02 
 3.78977355e+14  4.98323057e+34  1.51201000e+01  1.75238433e+00  1.41566000e+01  1.73872104e+00  3.92442539e-01  1.48969803e-02  1.17663928e-01  5.34365280e+02 
 3.79290332e+14  5.00885346e+34  1.51291000e+01  1.75853581e+00  1.41686000e+01  1.74484730e+00  3.92923653e-01  1.48717081e-02  1.17343682e-01  5.25215436e+02 
 3.79603310e+14  5.03447636e+34  1.51371000e+01  1.76466501e+00  1.41806000e+01  1.75096030e+00  3.93451482e-01  1.48372017e-02  1.17012399e-01  5.16062486e+02 
 3.79916287e+14  5.06009925e+34  1.51461000e+01  1.77077200e+00  1.41936000e+01  1.75717375e+00  3.93922115e-01  1.46724910e-02  1.16689325e-01  5.07329809e+02 
 3.80229265e+14  5.08572215e+34  1.51551000e+01  1.77685681e+00  1.42056000e+01  1.76326105e+00  3.94387541e-01  1.46194335e-02  1.16412943e-01  4.99001125e+02 
 3.80542243e+14  5.11134504e+34  1.51641000e+01  1.78291951e+00  1.42176000e+01  1.76933522e+00  3.94847796e-01  1.45574383e-02  1.16087134e-01  4.90655844e+02 
 3.80855220e+14  5.13696794e+34  1.51731000e+01  1.78896015e+00  1.42296000e+01  1.77539641e+00  3.95302913e-01  1.44864654e-02  1.15760090e-01  4.82497977e+02 
 3.81168198e+14  5.16259083e+34  1.51811000e+01  1.79497879e+00  1.42416000e+01  1.78144465e+00  3.95805072e-01  1.44066606e-02  1.15469887e-01  4.74522402e+02 
 3.81481176e+14  5.18821372e+34  1.51901000e+01  1.80097547e+00  1.42536000e+01  1.78747995e+00  3.96250038e-01  1.43181149e-02  1.15140384e-01  4.66724104e+02 
 3.81794153e+14  5.21383662e+34  1.51981000e+01  1.80695026e+00  1.42656000e+01  1.79350223e+00  3.96742177e-01  1.42210771e-02  1.14800116e-01  4.58908612e+02 
 3.82107131e+14  5.23945951e+34  1.52071000e+01  1.81290321e+00  1.42766000e+01  1.79939704e+00  3.97177121e-01  1.42347660e-02  1.14515790e-01  4.51640283e+02 
 3.82420109e+14  5.26508241e+34  1.52151000e+01  1.81883438e+00  1.42886000e+01  1.80539357e+00  3.97659360e-01  1.41204681e-02  1.14173316e-01  4.44161871e+02 
 3.82733086e+14  5.29175569e+34  1.52241000e+01  1.82498589e+00  1.43006000e+01  1.81156579e+00  3.98121066e-01  1.40513526e-02  1.13886753e-01  4.36920255e+02 
 3.83046064e+14  5.31859010e+34  1.52331000e+01  1.83115157e+00  1.43126000e+01  1.81775330e+00  3.98583167e-01  1.39814553e-02  1.13551883e-01  4.29618250e+02 
 3.83359041e+14  5.34542452e+34  1.52421000e+01  1.83729426e+00  1.43246000e+01  1.82392713e+00  3.99040056e-01  1.39026501e-02  1.13215950e-01  4.22480279e+02 
 3.83672019e+14  5.37225893e+34  1.52501000e+01  1.84341402e+00  1.43366000e+01  1.83008727e+00  3.99544169e-01  1.38150965e-02  1.12916020e-01  4.15501862e+02 
 3.83984997e+14  5.39909334e+34  1.52591000e+01  1.84951091e+00  1.43476000e+01  1.83611783e+00  3.99990766e-01  1.38371795e-02  1.12577973e-01  4.08678611e+02 
 3.84297974e+14  5.42592775e+34  1.52671000e+01  1.85558501e+00  1.43596000e+01  1.84225063e+00  4.00484722e-01  1.37321365e-02  1.12229263e-01  4.01839819e+02 
 3.84610952e+14  5.45276217e+34  1.52761000e+01  1.86163636e+00  1.43716000e+01  1.84836981e+00  4.00921163e-01  1.36186719e-02  1.11935791e-01  3.95480933e+02 
 3.84923930e+14  5.47959658e+34  1.52841000e+01  1.86766504e+00  1.43826000e+01  1.85435893e+00  4.01405091e-01  1.36146731e-02  1.11631494e-01  3.89098465e+02 
 3.85236907e+14  5.50643099e+34  1.52931000e+01  1.87367111e+00  1.43946000e+01  1.86045090e+00  4.01831507e-01  1.34844468e-02  1.11289756e-01  3.82855071e+02 
 3.85549885e+14  5.53326540e+34  1.53011000e+01  1.87965464e+00  1.44056000e+01  1.86641251e+00  4.02305535e-01  1.34635202e-02  1.10983532e-01  3.76747070e+02 
 3.85862863e+14  5.56009982e+34  1.53091000e+01  1.88561569e+00  1.44166000e+01  1.87236027e+00  4.02774676e-01  1.34342567e-02  1.10676348e-01  3.70770847e+02 
 3.86175840e+14  5.58693423e+34  1.53171000e+01  1.89155433e+00  1.44286000e+01  1.87841154e+00  4.03238961e-01  1.32796417e-02  1.10322431e-01  3.64771453e+02 
