# rhoc (cgs) 	 Pc (cgs) 	 R (km) 	 M (msol) 	 R_core (km) 	 M_core (msol) 	 I/(MR^2) 	 I_crust/(M_crust R_crust^2)/(I/(MR^2)) 	 k_2 	 Lambda 
 2.30000000e+14  1.33851698e+33  1.81719100e+02  8.81428115e-02  4.87160000e+00  3.49888862e-02  2.48053274e-03  9.57630224e-01  2.86556481e-04  1.01355427e+12 
 2.33729858e+14  1.36711192e+33  1.64575100e+02  8.82278200e-02  4.89460000e+00  3.56886556e-02  2.54402056e-03  9.48274088e-01  2.61485851e-04  5.60801891e+11 
 2.37459716e+14  1.39534424e+33  1.50852100e+02  8.83437682e-02  4.91560000e+00  3.63524545e-02  2.63526924e-03  9.39118055e-01  2.42607747e-04  3.34464670e+11 
 2.41189574e+14  1.42355698e+33  1.39512100e+02  8.84819063e-02  4.93560000e+00  3.69992724e-02  2.74779302e-03  9.30172431e-01  2.27816344e-04  2.10833822e+11 
 2.44919432e+14  1.45130600e+33  1.30138100e+02  8.86329778e-02  4.95460000e+00  3.76233975e-02  2.87438859e-03  9.21645944e-01  2.16196678e-04  1.40108022e+11 
 2.48649290e+14  1.47905503e+33  1.22147100e+02  8.87944124e-02  4.97260000e+00  3.82299073e-02  3.01335048e-03  9.13457352e-01  2.06781822e-04  9.67315954e+10 
 2.52379148e+14  1.50651090e+33  1.15328100e+02  8.89609848e-02  4.98960000e+00  3.88150883e-02  3.16039913e-03  9.05698837e-01  1.99147102e-04  6.92500591e+10 
 2.56109006e+14  1.53387029e+33  1.09408100e+02  8.91311466e-02  5.00560000e+00  3.93808343e-02  3.31433245e-03  8.98325158e-01  1.92850940e-04  5.10375777e+10 
 2.59838864e+14  1.56111468e+33  1.04227100e+02  8.93028496e-02  5.02060000e+00  3.99267112e-02  3.47333461e-03  8.91333340e-01  1.87621507e-04  3.85858157e+10 
 2.63568722e+14  1.58822599e+33  9.96591000e+01  8.94744540e-02  5.03460000e+00  4.04522284e-02  3.63605776e-03  8.84716119e-01  1.83278755e-04  2.98380216e+10 
 2.67298580e+14  1.61532870e+33  9.55871000e+01  8.96456322e-02  5.04760000e+00  4.09585536e-02  3.80202001e-03  8.78435157e-01  1.79633775e-04  2.35129508e+10 
 2.71028437e+14  1.64239060e+33  9.19391000e+01  8.98153325e-02  5.06060000e+00  4.14615847e-02  3.97020414e-03  8.72389055e-01  1.76579160e-04  1.88476260e+10 
 2.74758295e+14  1.66945249e+33  8.86471000e+01  8.99831515e-02  5.07260000e+00  4.19452810e-02  4.14023940e-03  8.66645233e-01  1.74031659e-04  1.53360426e+10 
 2.78488153e+14  1.85401847e+33  7.04431000e+01  9.13193133e-02  5.15460000e+00  4.54284523e-02  5.54363373e-03  8.27888621e-01  1.65372374e-04  4.28953733e+09 
 2.82218011e+14  1.97326068e+33  6.14741000e+01  9.24215501e-02  5.20860000e+00  4.78592921e-02  6.71942938e-03  8.02930301e-01  1.67855600e-04  2.07538594e+09 
 2.85947869e+14  2.09835425e+33  5.39571000e+01  9.37595674e-02  5.26660000e+00  5.05291722e-02  8.16602713e-03  7.77168349e-01  1.78245867e-04  1.06844673e+09 
 2.89677727e+14  2.22949878e+33  4.76691000e+01  9.53478362e-02  5.32660000e+00  5.34067129e-02  9.90825132e-03  7.50938706e-01  1.99337931e-04  5.91274135e+08 
 2.93407585e+14  2.36689754e+33  4.24091000e+01  9.71975258e-02  5.38860000e+00  5.64955668e-02  1.19663975e-02  7.24307151e-01  2.35303218e-04  3.53358448e+08 
 2.97137443e+14  2.51075745e+33  3.80041000e+01  9.93169757e-02  5.45360000e+00  5.98192622e-02  1.43540541e-02  6.97151750e-01  2.91863601e-04  2.27396169e+08 
 3.00867301e+14  2.66128905e+33  3.43061000e+01  1.01712267e-01  5.51960000e+00  6.33450789e-02  1.70789214e-02  6.69917078e-01  3.76518454e-04  1.56079089e+08 
 3.04597159e+14  2.81870649e+33  3.11931000e+01  1.04387642e-01  5.58760000e+00  6.70972342e-02  2.01403783e-02  6.42520053e-01  4.98466399e-04  1.12785047e+08 
 3.08327017e+14  2.98322752e+33  2.85621000e+01  1.07345970e-01  5.65760000e+00  7.10816991e-02  2.35338663e-02  6.15065437e-01  6.68743337e-04  8.46934473e+07 
 3.12056875e+14  3.15507344e+33  2.63291000e+01  1.10589023e-01  5.72960000e+00  7.53048480e-02  2.72493001e-02  5.87661887e-01  8.99927106e-04  6.53725869e+07 
 3.15786733e+14  3.33446909e+33  2.44271000e+01  1.14117818e-01  5.80260000e+00  7.97517321e-02  3.12683141e-02  5.60650800e-01  1.20548073e-03  5.14423636e+07 
 3.19516591e+14  3.52172021e+33  2.27991000e+01  1.17934402e-01  5.87560000e+00  8.44067709e-02  3.55739360e-02  5.34388501e-01  1.60001398e-03  4.10277901e+07 
 3.23246449e+14  3.71749765e+33  2.13961000e+01  1.22048410e-01  5.95060000e+00  8.93265915e-02  4.01574944e-02  5.08487840e-01  2.09989737e-03  3.30201398e+07 
 3.26976307e+14  3.92154827e+33  2.01861000e+01  1.26449890e-01  6.02660000e+00  9.44872598e-02  4.49809931e-02  4.83291272e-01  2.71847750e-03  2.67647960e+07 
 3.30706165e+14  4.13411092e+33  1.91381000e+01  1.31138567e-01  6.10360000e+00  9.98944925e-02  5.00200070e-02  4.58861343e-01  3.46966930e-03  2.18121460e+07 
 3.34436023e+14  4.35542779e+33  1.82261000e+01  1.36114144e-01  6.18060000e+00  1.05529557e-01  5.52536296e-02  4.35499680e-01  4.36701080e-03  1.78527494e+07 
 3.38165881e+14  4.58574431e+33  1.74311000e+01  1.41376366e-01  6.25760000e+00  1.11396481e-01  6.06462124e-02  4.13238457e-01  5.41957321e-03  1.46647064e+07 
 3.41895739e+14  4.82530917e+33  1.67351000e+01  1.46925078e-01  6.33660000e+00  1.17550832e-01  6.61768944e-02  3.91565001e-01  6.63695844e-03  1.20836849e+07 
 3.45625597e+14  5.07437423e+33  1.61231000e+01  1.52760169e-01  6.41460000e+00  1.23921150e-01  7.18280760e-02  3.71259076e-01  8.02762741e-03  9.98499097e+06 
 3.49355454e+14  5.33319445e+33  1.55841000e+01  1.58881672e-01  6.49360000e+00  1.30563626e-01  7.75703697e-02  3.51778526e-01  9.59441499e-03  8.27230423e+06 
 3.53085312e+14  5.60202789e+33  1.51081000e+01  1.65289682e-01  6.57260000e+00  1.37456408e-01  8.33824764e-02  3.33359037e-01  1.13392204e-02  6.87024324e+06 
 3.56815170e+14  5.88113559e+33  1.46861000e+01  1.71984385e-01  6.65160000e+00  1.44603364e-01  8.92519620e-02  3.15964644e-01  1.32642594e-02  5.71924498e+06 
 3.60545028e+14  6.17078154e+33  1.43121000e+01  1.78966058e-01  6.73060000e+00  1.52008257e-01  9.51483387e-02  2.99553240e-01  1.53624392e-02  4.77190736e+06 
 3.64274886e+14  6.47123262e+33  1.39801000e+01  1.86235001e-01  6.81060000e+00  1.59704590e-01  1.01053387e-01  2.83815712e-01  1.76275530e-02  3.99029741e+06 
 3.68004744e+14  6.78312255e+33  1.36831000e+01  1.93800391e-01  6.88960000e+00  1.67643548e-01  1.06981812e-01  2.69234813e-01  2.00655654e-02  3.34325145e+06 
 3.71734602e+14  7.10674001e+33  1.34181000e+01  2.01663043e-01  6.96960000e+00  1.75889279e-01  1.12902699e-01  2.55239359e-01  2.26610956e-02  2.80655022e+06 
 3.75464460e+14  7.44200476e+33  1.31821000e+01  2.09814646e-01  7.04860000e+00  1.84377091e-01  1.18789233e-01  2.42289674e-01  2.53966756e-02  2.36096343e+06 
 3.79194318e+14  7.78919417e+33  1.29701000e+01  2.18255453e-01  7.12760000e+00  1.93140673e-01  1.24662437e-01  2.30073847e-01  2.82776637e-02  1.99022881e+06 
 3.82924176e+14  8.14858806e+33  1.27821000e+01  2.26985663e-01  7.20660000e+00  2.02183095e-01  1.30459937e-01  2.18541315e-01  3.12616853e-02  1.68112376e+06 
 3.86654034e+14  8.52046864e+33  1.26131000e+01  2.36005419e-01  7.28560000e+00  2.11507225e-01  1.36223288e-01  2.07643926e-01  3.43635588e-02  1.42287200e+06 
 3.90383892e+14  8.90512042e+33  1.24621000e+01  2.45314747e-01  7.36460000e+00  2.21115845e-01  1.41923349e-01  1.97334738e-01  3.75562510e-02  1.20666993e+06 
 3.94113750e+14  9.30283008e+33  1.23271000e+01  2.54913576e-01  7.44260000e+00  2.30975901e-01  1.47557110e-01  1.87813516e-01  4.08269685e-02  1.02531020e+06 
 3.97843608e+14  9.71388646e+33  1.22071000e+01  2.64801705e-01  7.52160000e+00  2.41160282e-01  1.53103822e-01  1.78547926e-01  4.41496378e-02  8.72879204e+05 
 4.01573466e+14  1.01385804e+34  1.20991000e+01  2.74978822e-01  7.59860000e+00  2.51562048e-01  1.58598376e-01  1.70221894e-01  4.75374680e-02  7.44515117e+05 
 4.05303324e+14  1.05772045e+34  1.20031000e+01  2.85444416e-01  7.67660000e+00  2.62292321e-01  1.64006040e-01  1.62075496e-01  5.09535317e-02  6.36212262e+05 
 4.09033182e+14  1.10300535e+34  1.19181000e+01  2.96197853e-01  7.75360000e+00  2.73277864e-01  1.69319748e-01  1.54547756e-01  5.43794350e-02  5.44663995e+05 
 4.12763040e+14  1.14974236e+34  1.18421000e+01  3.07238277e-01  7.83060000e+00  2.84557430e-01  1.74565740e-01  1.47368325e-01  5.78238884e-02  4.67135302e+05 
 4.16492898e+14  1.19796126e+34  1.17751000e+01  3.18564669e-01  7.90660000e+00  2.96092201e-01  1.79717365e-01  1.40733763e-01  6.12534060e-02  4.01359553e+05 
 4.20222756e+14  1.24769201e+34  1.17161000e+01  3.30175827e-01  7.98260000e+00  3.07921952e-01  1.84779337e-01  1.34384923e-01  6.46597184e-02  3.45454745e+05 
 4.23952614e+14  1.29897013e+34  1.16641000e+01  3.42071577e-01  8.05860000e+00  3.20048583e-01  1.89760698e-01  1.28297557e-01  6.80391770e-02  2.97850722e+05 
 4.27682471e+14  1.35189353e+34  1.16191000e+01  3.54265816e-01  8.13360000e+00  3.32442061e-01  1.94644937e-01  1.22679148e-01  7.13645645e-02  2.57197773e+05 
 4.31412329e+14  1.40642050e+34  1.15801000e+01  3.66739908e-01  8.20860000e+00  3.45131184e-01  1.99441065e-01  1.17269799e-01  7.46345810e-02  2.22473952e+05 
 4.35142187e+14  1.46258135e+34  1.15461000e+01  3.79491726e-01  8.28260000e+00  3.58072045e-01  2.04166685e-01  1.12261428e-01  7.78559123e-02  1.92763585e+05 
 4.38872045e+14  1.52040646e+34  1.15181000e+01  3.92518916e-01  8.35560000e+00  3.71262253e-01  2.08770650e-01  1.07627402e-01  8.09702760e-02  1.67299742e+05 
 4.42601903e+14  1.57992629e+34  1.14941000e+01  4.05818866e-01  8.42860000e+00  3.84744885e-01  2.13309860e-01  1.03136896e-01  8.40231192e-02  1.45438997e+05 
 4.46331761e+14  1.64117138e+34  1.14741000e+01  4.19388784e-01  8.50160000e+00  3.98519339e-01  2.17772452e-01  9.87756122e-02  8.69952108e-02  1.26640559e+05 
 4.50061619e+14  1.70417230e+34  1.14581000e+01  4.33225586e-01  8.57360000e+00  4.12537701e-01  2.22146665e-01  9.47295589e-02  8.98672388e-02  1.10449137e+05 
 4.53791477e+14  1.76895964e+34  1.14461000e+01  4.47326008e-01  8.64460000e+00  4.26796478e-01  2.26421005e-01  9.09789531e-02  9.26201530e-02  9.64807801e+04 
 4.57521335e+14  1.83556403e+34  1.14361000e+01  4.61686497e-01  8.71560000e+00  4.41341027e-01  2.30664869e-01  8.73091437e-02  9.53185919e-02  8.44111574e+04 
 4.61251193e+14  1.90401612e+34  1.14301000e+01  4.76303285e-01  8.78560000e+00  4.56120249e-01  2.34789588e-01  8.39022573e-02  9.78657095e-02  7.39658399e+04 
 4.64981051e+14  1.97434652e+34  1.14271000e+01  4.91172417e-01  8.85560000e+00  4.71180309e-01  2.38826241e-01  8.05526281e-02  1.00287797e-01  6.49122644e+04 
 4.68710909e+14  2.04658584e+34  1.14261000e+01  5.06289639e-01  8.92460000e+00  4.86468224e-01  2.42808989e-01  7.74384716e-02  1.02616063e-01  5.70530189e+04 
 4.72440767e+14  2.12076466e+34  1.14281000e+01  5.21650527e-01  8.99260000e+00  5.01979315e-01  2.46688632e-01  7.45455948e-02  1.04794559e-01  5.02202677e+04 
 4.76170625e+14  2.19691350e+34  1.14321000e+01  5.37250394e-01  9.06060000e+00  5.17761664e-01  2.50501120e-01  7.16774350e-02  1.06857642e-01  4.42711016e+04 
 4.79900483e+14  2.27506282e+34  1.14381000e+01  5.53084368e-01  9.12760000e+00  5.33759011e-01  2.54240766e-01  6.90084814e-02  1.08796308e-01  3.90836452e+04 
 4.83630341e+14  2.35524301e+34  1.14451000e+01  5.69147353e-01  9.19360000e+00  5.49966159e-01  2.57947112e-01  6.65265314e-02  1.10650443e-01  3.45538060e+04 
 4.87360199e+14  2.43748435e+34  1.14541000e+01  5.85434045e-01  9.25960000e+00  5.66432777e-01  2.61570907e-01  6.40447667e-02  1.12365304e-01  3.05925439e+04 
 4.91090057e+14  2.52181704e+34  1.14651000e+01  6.01938939e-01  9.32460000e+00  5.83099682e-01  2.65106903e-01  6.17324700e-02  1.13933557e-01  2.71235844e+04 
 4.94819915e+14  2.60827114e+34  1.14771000e+01  6.18656346e-01  9.38860000e+00  5.99961019e-01  2.68596862e-01  5.95797393e-02  1.15398873e-01  2.40814933e+04 
 4.98549773e+14  2.69687658e+34  1.14901000e+01  6.35580383e-01  9.45160000e+00  6.17010778e-01  2.72037539e-01  5.75771448e-02  1.16756952e-01  2.14100533e+04 
 5.02279631e+14  2.78766313e+34  1.15051000e+01  6.52705006e-01  9.51460000e+00  6.34300909e-01  2.75377905e-01  5.55491041e-02  1.17952648e-01  1.90608976e+04 
 5.06009489e+14  2.88066041e+34  1.15201000e+01  6.70023986e-01  9.57660000e+00  6.51768316e-01  2.78710155e-01  5.36586426e-02  1.19084640e-01  1.69923569e+04 
 5.09739346e+14  2.97589785e+34  1.15371000e+01  6.87530926e-01  9.63760000e+00  6.69406508e-01  2.81935074e-01  5.18977164e-02  1.20103823e-01  1.51756501e+04 
 5.13469204e+14  3.07340467e+34  1.15541000e+01  7.05219300e-01  9.69860000e+00  6.87269180e-01  2.85147101e-01  5.00982703e-02  1.20941176e-01  1.35582060e+04 
 5.17199062e+14  3.17320990e+34  1.15721000e+01  7.23082437e-01  9.75860000e+00  7.05290477e-01  2.88295090e-01  4.84184283e-02  1.21713194e-01  1.21346670e+04 
 5.20928920e+14  3.27534234e+34  1.15911000e+01  7.41113508e-01  9.81760000e+00  7.23463408e-01  2.91376369e-01  4.68516310e-02  1.22361486e-01  1.08745862e+04 
 5.24658778e+14  3.37983052e+34  1.16101000e+01  7.59305589e-01  9.87560000e+00  7.41780733e-01  2.94439115e-01  4.53921529e-02  1.22937834e-01  9.75777402e+03 
 5.28388636e+14  3.48670275e+34  1.16301000e+01  7.77651644e-01  9.93360000e+00  7.60298646e-01  2.97431008e-01  4.38804748e-02  1.23388794e-01  8.76669450e+03 
 5.32118494e+14  3.59598705e+34  1.16511000e+01  7.96144513e-01  9.99060000e+00  7.78947691e-01  3.00349648e-01  4.24687954e-02  1.23772901e-01  7.88985579e+03 
 5.35848352e+14  3.70771114e+34  1.16711000e+01  8.14776961e-01  1.00466000e+01  7.97720383e-01  3.03296693e-01  4.11521117e-02  1.24019546e-01  7.10270482e+03 
 5.39578210e+14  3.82190245e+34  1.16931000e+01  8.33541680e-01  1.01016000e+01  8.16608941e-01  3.06115211e-01  3.99261373e-02  1.24205906e-01  6.40799758e+03 
 5.43308068e+14  3.93858810e+34  1.17141000e+01  8.52431234e-01  1.01566000e+01  8.35672322e-01  3.08960115e-01  3.86384714e-02  1.24254936e-01  5.78268975e+03 
 5.47037926e+14  4.05779486e+34  1.17361000e+01  8.71438217e-01  1.02106000e+01  8.54837528e-01  3.11725383e-01  3.74362224e-02  1.24239220e-01  5.22712750e+03 
 5.50767784e+14  4.17954915e+34  1.17581000e+01  8.90555107e-01  1.02636000e+01  8.74096711e-01  3.14462487e-01  3.63154710e-02  1.24153462e-01  4.73052093e+03 
 5.54497642e+14  4.30387705e+34  1.17801000e+01  9.09774369e-01  1.03156000e+01  8.93441934e-01  3.17170578e-01  3.52726530e-02  1.23998735e-01  4.28609739e+03 
 5.58227500e+14  4.43080423e+34  1.18031000e+01  9.29088408e-01  1.03666000e+01  9.12865473e-01  3.19794619e-01  3.43038072e-02  1.23783292e-01  3.88978532e+03 
 5.61957358e+14  4.56035598e+34  1.18251000e+01  9.48489662e-01  1.04176000e+01  9.32428782e-01  3.22441904e-01  3.32668499e-02  1.23435095e-01  3.53075952e+03 
 5.65687216e+14  4.69255720e+34  1.18481000e+01  9.67970519e-01  1.04676000e+01  9.52055495e-01  3.25002950e-01  3.23011291e-02  1.23088814e-01  3.21158830e+03 
 5.69417074e+14  4.82743235e+34  1.18701000e+01  9.87523401e-01  1.05166000e+01  9.71737497e-01  3.27586471e-01  3.14040344e-02  1.22612739e-01  2.92172195e+03 
 5.73146932e+14  4.96500545e+34  1.18931000e+01  1.00714072e+00  1.05646000e+01  9.91466614e-01  3.30081724e-01  3.05730900e-02  1.22141966e-01  2.66353166e+03 
 5.76876790e+14  5.10530009e+34  1.19151000e+01  1.02681489e+00  1.06126000e+01  1.01130753e+00  3.32598772e-01  2.96708273e-02  1.21544875e-01  2.42846979e+03 
 5.80606648e+14  5.24397188e+34  1.19371000e+01  1.04593645e+00  1.06576000e+01  1.03053199e+00  3.34968874e-01  2.89346789e-02  1.20992273e-01  2.22481386e+03 
 5.84336506e+14  5.33611044e+34  1.19511000e+01  1.05843386e+00  1.06866000e+01  1.04309870e+00  3.36516690e-01  2.84645066e-02  1.20523455e-01  2.10068402e+03 
 5.88066363e+14  5.41330668e+34  1.19631000e+01  1.06869875e+00  1.07106000e+01  1.05345444e+00  3.37744083e-01  2.80262300e-02  1.20199380e-01  2.00637807e+03 
 5.91796221e+14  5.49106260e+34  1.19741000e+01  1.07884722e+00  1.07336000e+01  1.06365863e+00  3.38990838e-01  2.76617286e-02  1.19844853e-01  1.91691318e+03 
 5.95526079e+14  5.56937745e+34  1.19851000e+01  1.08888126e+00  1.07566000e+01  1.07378665e+00  3.40200588e-01  2.72401577e-02  1.19409809e-01  1.83195193e+03 
 5.99255937e+14  5.64825049e+34  1.19961000e+01  1.09880282e+00  1.07786000e+01  1.08376594e+00  3.41373496e-01  2.68923624e-02  1.19068709e-01  1.75374958e+03 
 6.02985795e+14  5.72768094e+34  1.20071000e+01  1.10861389e+00  1.08006000e+01  1.09367191e+00  3.42509919e-01  2.64896991e-02  1.18647779e-01  1.67925656e+03 
 6.06715653e+14  5.80766803e+34  1.20171000e+01  1.11831630e+00  1.08216000e+01  1.10343129e+00  3.43667448e-01  2.61618211e-02  1.18254801e-01  1.60902303e+03 
 6.10445511e+14  5.88821096e+34  1.20271000e+01  1.12791191e+00  1.08426000e+01  1.11312012e+00  3.44789635e-01  2.57808593e-02  1.17783280e-01  1.54198706e+03 
 6.14175369e+14  5.96930893e+34  1.20371000e+01  1.13740249e+00  1.08626000e+01  1.12266400e+00  3.45876991e-01  2.54761646e-02  1.17406253e-01  1.48012390e+03 
 6.17905227e+14  6.05096112e+34  1.20471000e+01  1.14678975e+00  1.08816000e+01  1.13206353e+00  3.46930036e-01  2.52475818e-02  1.16951983e-01  1.42091967e+03 
 6.21635085e+14  6.13316669e+34  1.20561000e+01  1.15607539e+00  1.09016000e+01  1.14147200e+00  3.48007077e-01  2.48421328e-02  1.16470012e-01  1.36422473e+03 
 6.25364943e+14  6.21592481e+34  1.20651000e+01  1.16526101e+00  1.09206000e+01  1.15073811e+00  3.49051183e-01  2.45150562e-02  1.16026346e-01  1.31118373e+03 
 6.29094801e+14  6.29923463e+34  1.20741000e+01  1.17434817e+00  1.09386000e+01  1.15986232e+00  3.50062920e-01  2.42662986e-02  1.15564570e-01  1.26090552e+03 
 6.32824659e+14  6.38309526e+34  1.20831000e+01  1.18333843e+00  1.09566000e+01  1.16892200e+00  3.51042867e-01  2.39711441e-02  1.15141820e-01  1.21380377e+03 
 6.36554517e+14  6.46750585e+34  1.20921000e+01  1.19223324e+00  1.09736000e+01  1.17784081e+00  3.51991591e-01  2.37557035e-02  1.14645757e-01  1.16850043e+03 
 6.40284375e+14  6.55246549e+34  1.21001000e+01  1.20103406e+00  1.09906000e+01  1.18669691e+00  3.52968007e-01  2.34955880e-02  1.14180873e-01  1.12545962e+03 
 6.44014233e+14  6.63797329e+34  1.21081000e+01  1.20974228e+00  1.10076000e+01  1.19549134e+00  3.53914562e-01  2.31921646e-02  1.13700208e-01  1.08453943e+03 
 6.47744091e+14  6.72402834e+34  1.21161000e+01  1.21835926e+00  1.10236000e+01  1.20414668e+00  3.54831812e-01  2.29704347e-02  1.13204440e-01  1.04560886e+03 
 6.51473949e+14  6.81062971e+34  1.21231000e+01  1.22688632e+00  1.10396000e+01  1.21274177e+00  3.55779002e-01  2.27072775e-02  1.12740730e-01  1.00854675e+03 
 6.55203807e+14  6.89779909e+34  1.21311000e+01  1.23532693e+00  1.10556000e+01  1.22127936e+00  3.56639722e-01  2.24043842e-02  1.12216455e-01  9.73231794e+02 
 6.58933665e+14  6.98552263e+34  1.21381000e+01  1.24368103e+00  1.10706000e+01  1.22968020e+00  3.57531802e-01  2.21850247e-02  1.11725037e-01  9.39566225e+02 
 6.62663523e+14  7.07379051e+34  1.21451000e+01  1.25194896e+00  1.10856000e+01  1.23802289e+00  3.58396921e-01  2.19271850e-02  1.11220612e-01  9.07456934e+02 
 6.66393380e+14  7.16260177e+34  1.21511000e+01  1.26013192e+00  1.10996000e+01  1.24622889e+00  3.59294735e-01  2.17534260e-02  1.10749360e-01  8.76814084e+02 
 6.70123238e+14  7.25195543e+34  1.21581000e+01  1.26823107e+00  1.11146000e+01  1.25445751e+00  3.60107555e-01  2.14217676e-02  1.10220489e-01  8.47553912e+02 
 6.73853096e+14  7.34185051e+34  1.21641000e+01  1.27624757e+00  1.11276000e+01  1.26247084e+00  3.60954284e-01  2.12961363e-02  1.09725504e-01  8.19598656e+02 
 6.77582954e+14  7.43228601e+34  1.21701000e+01  1.28418251e+00  1.11416000e+01  1.27050825e+00  3.61776243e-01  2.10149505e-02  1.09219381e-01  7.92875648e+02 
 6.81312812e+14  7.52326095e+34  1.21761000e+01  1.29203698e+00  1.11546000e+01  1.27841078e+00  3.62573907e-01  2.08198401e-02  1.08702672e-01  7.67317155e+02 
 6.85042670e+14  7.61477430e+34  1.21821000e+01  1.29981205e+00  1.11676000e+01  1.28625887e+00  3.63347735e-01  2.05913893e-02  1.08175906e-01  7.42859915e+02 
 6.88772528e+14  7.70682505e+34  1.21871000e+01  1.30750875e+00  1.11796000e+01  1.29397275e+00  3.64157942e-01  2.04494620e-02  1.07683776e-01  7.19444856e+02 
 6.92502386e+14  7.79941217e+34  1.21931000e+01  1.31512811e+00  1.11916000e+01  1.30163315e+00  3.64885545e-01  2.02754659e-02  1.07138198e-01  6.97016563e+02 
 6.96232244e+14  7.89253463e+34  1.21981000e+01  1.32267110e+00  1.12036000e+01  1.30924075e+00  3.65650598e-01  2.00703185e-02  1.06627779e-01  6.75523351e+02 
 6.99962102e+14  7.98619137e+34  1.22031000e+01  1.33013871e+00  1.12156000e+01  1.31679616e+00  3.66393758e-01  1.98349511e-02  1.06108814e-01  6.54916651e+02 
 7.03691960e+14  8.08038135e+34  1.22071000e+01  1.33753189e+00  1.12266000e+01  1.32421882e+00  3.67175602e-01  1.96877634e-02  1.05572378e-01  6.34834415e+02 
 7.07421818e+14  8.17510350e+34  1.22121000e+01  1.34485157e+00  1.12376000e+01  1.33159018e+00  3.67876298e-01  1.95113725e-02  1.05090097e-01  6.16183624e+02 
 7.11151676e+14  8.27035676e+34  1.22171000e+01  1.35209868e+00  1.12486000e+01  1.33891082e+00  3.68556311e-01  1.93066572e-02  1.04547957e-01  5.97974460e+02 
 7.14881534e+14  8.36616174e+34  1.22211000e+01  1.35927570e+00  1.12596000e+01  1.34618273e+00  3.69276678e-01  1.90747133e-02  1.04041510e-01  5.80481992e+02 
 7.18611392e+14  8.46251914e+34  1.22251000e+01  1.36638359e+00  1.12696000e+01  1.35332476e+00  3.69977529e-01  1.89323957e-02  1.03528129e-01  5.63670959e+02 
 7.22341250e+14  8.55940523e+34  1.22291000e+01  1.37342149e+00  1.12796000e+01  1.36041739e+00  3.70658992e-01  1.87634834e-02  1.03008279e-01  5.47512196e+02 
 7.26071108e+14  8.65681891e+34  1.22331000e+01  1.38039026e+00  1.12896000e+01  1.36746113e+00  3.71321429e-01  1.85687808e-02  1.02482341e-01  5.31974259e+02 
 7.29800966e+14  8.75475908e+34  1.22361000e+01  1.38729071e+00  1.12986000e+01  1.37437435e+00  3.72026002e-01  1.84641096e-02  1.01992355e-01  5.17027557e+02 
 7.33530824e+14  8.85322462e+34  1.22401000e+01  1.39412368e+00  1.13086000e+01  1.38132178e+00  3.72651515e-01  1.82195946e-02  1.01455099e-01  5.02644074e+02 
 7.37260682e+14  8.95221441e+34  1.22431000e+01  1.40088995e+00  1.13176000e+01  1.38813945e+00  3.73320020e-01  1.80658420e-02  1.00954047e-01  4.88797525e+02 
 7.40990540e+14  9.05172732e+34  1.22461000e+01  1.40759032e+00  1.13256000e+01  1.39482740e+00  3.73971030e-01  1.80026759e-02  1.00447859e-01  4.75462992e+02 
 7.44720397e+14  9.15176221e+34  1.22491000e+01  1.41422555e+00  1.13346000e+01  1.40155119e+00  3.74604863e-01  1.78020216e-02  9.99368548e-02  4.62616966e+02 
 7.48450255e+14  9.25231795e+34  1.22521000e+01  1.42079642e+00  1.13426000e+01  1.40814597e+00  3.75221828e-01  1.76926242e-02  9.94213446e-02  4.50237235e+02 
 7.52180113e+14  9.35339338e+34  1.22551000e+01  1.42730365e+00  1.13516000e+01  1.41477776e+00  3.75822230e-01  1.74476109e-02  9.89016285e-02  4.38302787e+02 
 7.55909971e+14  9.45498736e+34  1.22571000e+01  1.43374800e+00  1.13586000e+01  1.42119818e+00  3.76467803e-01  1.74075226e-02  9.83684159e-02  4.26578119e+02 
 7.59639829e+14  9.55709871e+34  1.22601000e+01  1.44013018e+00  1.13666000e+01  1.42765650e+00  3.77036052e-01  1.72330070e-02  9.78906650e-02  4.15691323e+02 
 7.63369687e+14  9.65977482e+34  1.22621000e+01  1.44645386e+00  1.13746000e+01  1.43407296e+00  3.77650560e-01  1.70382575e-02  9.73993435e-02  4.04972699e+02 
 7.67099545e+14  9.76297298e+34  1.22641000e+01  1.45271712e+00  1.13816000e+01  1.44036206e+00  3.78249858e-01  1.69358487e-02  9.69044673e-02  3.94625658e+02 
 7.70829403e+14  9.86668585e+34  1.22661000e+01  1.45892024e+00  1.13886000e+01  1.44660726e+00  3.78834165e-01  1.68133079e-02  9.63573992e-02  3.84439677e+02 
 7.74559261e+14  9.97091222e+34  1.22681000e+01  1.46506392e+00  1.13956000e+01  1.45280882e+00  3.79403756e-01  1.66713772e-02  9.59051230e-02  3.74984961e+02 
 7.78289119e+14  1.00756509e+35  1.22701000e+01  1.47114881e+00  1.14026000e+01  1.45896723e+00  3.79958879e-01  1.65104624e-02  9.54011382e-02  3.65661654e+02 
 7.82018977e+14  1.01809008e+35  1.22721000e+01  1.47717557e+00  1.14086000e+01  1.46499915e+00  3.80499794e-01  1.64420902e-02  9.48945895e-02  3.56651186e+02 
 7.85748835e+14  1.02866605e+35  1.22731000e+01  1.48314486e+00  1.14156000e+01  1.47107228e+00  3.81088859e-01  1.62446217e-02  9.43760676e-02  3.47763320e+02 
 7.89478693e+14  1.03929290e+35  1.22751000e+01  1.48905729e+00  1.14216000e+01  1.47701954e+00  3.81602180e-01  1.61400857e-02  9.39129400e-02  3.39517350e+02 
 7.93208551e+14  1.04997050e+35  1.22761000e+01  1.49491350e+00  1.14276000e+01  1.48292502e+00  3.82164287e-01  1.60180606e-02  9.34378472e-02  3.31369835e+02 
 7.96938409e+14  1.06069873e+35  1.22771000e+01  1.50071411e+00  1.14336000e+01  1.48878907e+00  3.82713310e-01  1.58790134e-02  9.29131258e-02  3.23321507e+02 
 8.00668267e+14  1.07147858e+35  1.22791000e+01  1.50646029e+00  1.14386000e+01  1.49452854e+00  3.83187095e-01  1.58329764e-02  9.24437594e-02  3.15856791e+02 
 8.04398125e+14  1.08231404e+35  1.22801000e+01  1.51215479e+00  1.14446000e+01  1.50031390e+00  3.83710872e-01  1.56611541e-02  9.19627916e-02  3.08467057e+02 
 8.08127983e+14  1.09319985e+35  1.22801000e+01  1.51779542e+00  1.14496000e+01  1.50597464e+00  3.84284799e-01  1.55827343e-02  9.14706020e-02  3.01157194e+02 
 8.11857841e+14  1.10413588e+35  1.22811000e+01  1.52338276e+00  1.14556000e+01  1.51167970e+00  3.84783987e-01  1.53793934e-02  9.10333686e-02  2.94381252e+02 
 8.15587699e+14  1.11512200e+35  1.22821000e+01  1.52891740e+00  1.14606000e+01  1.51726052e+00  3.85271164e-01  1.52700110e-02  9.05480037e-02  2.87667160e+02 
 8.19317557e+14  1.12615810e+35  1.22831000e+01  1.53439988e+00  1.14646000e+01  1.52271749e+00  3.85746521e-01  1.52539009e-02  9.00615677e-02  2.81160976e+02 
 8.23047414e+14  1.13724405e+35  1.22831000e+01  1.53983077e+00  1.14696000e+01  1.52821984e+00  3.86273169e-01  1.51144672e-02  8.96107023e-02  2.74854735e+02 
 8.26777272e+14  1.14837972e+35  1.22831000e+01  1.54521063e+00  1.14746000e+01  1.53368338e+00  3.86788558e-01  1.49608319e-02  8.91127627e-02  2.68602335e+02 
 8.30507130e+14  1.15956498e+35  1.22841000e+01  1.55053999e+00  1.14786000e+01  1.53902391e+00  3.87229804e-01  1.49008527e-02  8.86695875e-02  2.62811841e+02 
 8.34236988e+14  1.17079972e+35  1.22841000e+01  1.55581938e+00  1.14826000e+01  1.54432612e+00  3.87723146e-01  1.48270459e-02  8.82159157e-02  2.57060982e+02 
 8.37966846e+14  1.18208859e+35  1.22841000e+01  1.56105153e+00  1.14876000e+01  1.54967748e+00  3.88205985e-01  1.46322575e-02  8.77613356e-02  2.51479229e+02 
 8.41696704e+14  1.19342901e+35  1.22841000e+01  1.56623576e+00  1.14916000e+01  1.55490749e+00  3.88678375e-01  1.45316942e-02  8.73060746e-02  2.46061623e+02 
 8.45426562e+14  1.20481860e+35  1.22841000e+01  1.57137153e+00  1.14956000e+01  1.56010019e+00  3.89140403e-01  1.44181744e-02  8.68503564e-02  2.40803227e+02 
 8.49156420e+14  1.21625724e+35  1.22841000e+01  1.57645933e+00  1.14986000e+01  1.56517112e+00  3.89592226e-01  1.43983686e-02  8.63942965e-02  2.35698227e+02 
 8.52886278e+14  1.22774480e+35  1.22841000e+01  1.58149968e+00  1.15026000e+01  1.57029021e+00  3.90034029e-01  1.42595364e-02  8.59380226e-02  2.30741072e+02 
 8.56616136e+14  1.23928114e+35  1.22831000e+01  1.58649307e+00  1.15056000e+01  1.57528789e+00  3.90529557e-01  1.42148471e-02  8.55164505e-02  2.25926456e+02 
 8.60345994e+14  1.25086615e+35  1.22831000e+01  1.59143999e+00  1.15096000e+01  1.58033465e+00  3.90951870e-01  1.40518985e-02  8.50598950e-02  2.21249257e+02 
 8.64075852e+14  1.26249969e+35  1.22821000e+01  1.59634090e+00  1.15126000e+01  1.58526060e+00  3.91428374e-01  1.39831482e-02  8.46378997e-02  2.16704633e+02 
 8.67805710e+14  1.27418193e+35  1.22821000e+01  1.60119643e+00  1.15156000e+01  1.59015109e+00  3.91831830e-01  1.39028802e-02  8.41814724e-02  2.12287774e+02 
 8.71535568e+14  1.28591988e+35  1.22811000e+01  1.60600991e+00  1.15186000e+01  1.59500928e+00  3.92290187e-01  1.38114341e-02  8.37591699e-02  2.07991685e+02 
 8.75265426e+14  1.29770605e+35  1.22801000e+01  1.61077875e+00  1.15216000e+01  1.59983251e+00  3.92739590e-01  1.37089273e-02  8.33369224e-02  2.03814881e+02 
 8.78995284e+14  1.30954031e+35  1.22801000e+01  1.61550340e+00  1.15246000e+01  1.60462104e+00  3.93116140e-01  1.35956259e-02  8.28810614e-02  1.99753231e+02 
 8.82725142e+14  1.32142254e+35  1.22791000e+01  1.62018432e+00  1.15266000e+01  1.60928964e+00  3.93547991e-01  1.35767945e-02  8.24593667e-02  1.95802817e+02 
 8.86455000e+14  1.33335259e+35  1.22781000e+01  1.62482191e+00  1.15296000e+01  1.61401005e+00  3.93971305e-01  1.34420258e-02  8.20379873e-02  1.91959836e+02 
 8.90184858e+14  1.34533036e+35  1.22771000e+01  1.62941668e+00  1.15316000e+01  1.61861058e+00  3.94386242e-01  1.34023787e-02  8.16170205e-02  1.88220658e+02 
 8.93914716e+14  1.35735569e+35  1.22761000e+01  1.63396901e+00  1.15346000e+01  1.62326357e+00  3.94792910e-01  1.32476589e-02  8.11965300e-02  1.84581791e+02 
 8.97644574e+14  1.36942889e+35  1.22741000e+01  1.63847952e+00  1.15366000e+01  1.62779774e+00  3.95255877e-01  1.31876561e-02  8.07670373e-02  1.80944645e+02 
 9.01374431e+14  1.38155731e+35  1.22731000e+01  1.64295134e+00  1.15386000e+01  1.63230166e+00  3.95646716e-01  1.31180143e-02  8.03897286e-02  1.77589302e+02 
 9.05104289e+14  1.39373298e+35  1.22721000e+01  1.64738196e+00  1.15406000e+01  1.63677275e+00  3.96029672e-01  1.30388993e-02  7.99706600e-02  1.74229610e+02 
 9.08834147e+14  1.40595578e+35  1.22711000e+01  1.65177178e+00  1.15426000e+01  1.64121128e+00  3.96404874e-01  1.29505535e-02  7.95523665e-02  1.70957730e+02 
 9.12564005e+14  1.41822556e+35  1.22691000e+01  1.65612124e+00  1.15446000e+01  1.64561750e+00  3.96837139e-01  1.28532436e-02  7.91671750e-02  1.67770820e+02 
 9.16293863e+14  1.43054221e+35  1.22681000e+01  1.66043071e+00  1.15466000e+01  1.64999166e+00  3.97197260e-01  1.27471259e-02  7.87504573e-02  1.64666106e+02 
 9.20023721e+14  1.44290558e+35  1.22661000e+01  1.66470060e+00  1.15476000e+01  1.65424839e+00  3.97614819e-01  1.27352582e-02  7.83666437e-02  1.61640973e+02 
 9.23753579e+14  1.45531555e+35  1.22651000e+01  1.66893130e+00  1.15496000e+01  1.65855955e+00  3.97960323e-01  1.26115819e-02  7.79517411e-02  1.58692854e+02 
 9.27483437e+14  1.46777711e+35  1.22631000e+01  1.67312494e+00  1.15506000e+01  1.66275505e+00  3.98363753e-01  1.25827285e-02  7.75693627e-02  1.55818168e+02 
 9.31213295e+14  1.48028880e+35  1.22611000e+01  1.67728136e+00  1.15526000e+01  1.66700680e+00  3.98760332e-01  1.24427455e-02  7.71876647e-02  1.53014947e+02 
 9.34943153e+14  1.49284676e+35  1.22591000e+01  1.68139968e+00  1.15536000e+01  1.67114200e+00  3.99150085e-01  1.23970682e-02  7.67660502e-02  1.50201998e+02 
 9.38673011e+14  1.50545085e+35  1.22581000e+01  1.68548032e+00  1.15546000e+01  1.67524645e+00  3.99467935e-01  1.23436047e-02  7.63957513e-02  1.47616518e+02 
 9.42402869e+14  1.51810095e+35  1.22561000e+01  1.68952363e+00  1.15556000e+01  1.67932046e+00  3.99844301e-01  1.22824961e-02  7.60169637e-02  1.45017038e+02 
 9.46132727e+14  1.53079692e+35  1.22541000e+01  1.69352996e+00  1.15566000e+01  1.68336453e+00  4.00214154e-01  1.22135825e-02  7.56391888e-02  1.42481316e+02 
 9.49862585e+14  1.54353863e+35  1.22521000e+01  1.69749969e+00  1.15576000e+01  1.68737889e+00  4.00577598e-01  1.21370490e-02  7.52624717e-02  1.40007402e+02 
 9.53592443e+14  1.55633090e+35  1.22501000e+01  1.70143469e+00  1.15586000e+01  1.69136530e+00  4.00934814e-01  1.20530653e-02  7.48866858e-02  1.37592496e+02 
 9.57322301e+14  1.56917312e+35  1.22481000e+01  1.70533512e+00  1.15596000e+01  1.69532344e+00  4.01285896e-01  1.19622432e-02  7.45118986e-02  1.35234950e+02 
 9.61052159e+14  1.58206075e+35  1.22461000e+01  1.70919997e+00  1.15596000e+01  1.69916627e+00  4.01630855e-01  1.19657771e-02  7.41382971e-02  1.32933857e+02 
 9.64782017e+14  1.59499367e+35  1.22431000e+01  1.71302957e+00  1.15606000e+01  1.70306645e+00  4.02035453e-01  1.18608719e-02  7.37960504e-02  1.30687541e+02 
 9.68511875e+14  1.60797172e+35  1.22411000e+01  1.71682428e+00  1.15616000e+01  1.70693796e+00  4.02368502e-01  1.17492647e-02  7.34247812e-02  1.28494353e+02 
 9.72241733e+14  1.62099478e+35  1.22391000e+01  1.72058443e+00  1.15616000e+01  1.71069474e+00  4.02695701e-01  1.17321109e-02  7.30548053e-02  1.26352735e+02 
 9.75971591e+14  1.63406271e+35  1.22361000e+01  1.72431035e+00  1.15616000e+01  1.71442350e+00  4.03083026e-01  1.17080366e-02  7.26768160e-02  1.24194448e+02 
 9.79701448e+14  1.64718355e+35  1.22341000e+01  1.72800467e+00  1.15626000e+01  1.71821275e+00  4.03398962e-01  1.15768557e-02  7.23481628e-02  1.22216953e+02 
 9.83431306e+14  1.66035077e+35  1.22321000e+01  1.73166589e+00  1.15626000e+01  1.72188806e+00  4.03709337e-01  1.15404641e-02  7.19817994e-02  1.20219713e+02 
 9.87161164e+14  1.67356253e+35  1.22291000e+01  1.73529379e+00  1.15626000e+01  1.72553616e+00  4.04080280e-01  1.14973467e-02  7.16461425e-02  1.18268370e+02 
 9.90891022e+14  1.68681870e+35  1.22271000e+01  1.73888874e+00  1.15626000e+01  1.72915685e+00  4.04379768e-01  1.14481424e-02  7.12824972e-02  1.16361587e+02 
 9.94620880e+14  1.70011914e+35  1.22241000e+01  1.74245104e+00  1.15626000e+01  1.73275034e+00  4.04740138e-01  1.13930492e-02  7.09493456e-02  1.14498112e+02 
 9.98350738e+14  1.71346372e+35  1.22221000e+01  1.74598101e+00  1.15626000e+01  1.73631686e+00  4.05029075e-01  1.13321123e-02  7.05885300e-02  1.12676695e+02 
 1.00208060e+15  1.72685670e+35  1.22191000e+01  1.74948011e+00  1.15626000e+01  1.73985779e+00  4.05379232e-01  1.12655024e-02  7.02578483e-02  1.10895591e+02 
 1.00581045e+15  1.74029952e+35  1.22161000e+01  1.75294899e+00  1.15626000e+01  1.74337372e+00  4.05724471e-01  1.11932929e-02  6.99282598e-02  1.09153484e+02 
 1.00954031e+15  1.75378615e+35  1.22141000e+01  1.75638643e+00  1.15626000e+01  1.74686321e+00  4.05998301e-01  1.11157101e-02  6.95714814e-02  1.07450050e+02 
 1.01327017e+15  1.76731644e+35  1.22111000e+01  1.75979270e+00  1.15626000e+01  1.75032680e+00  4.06333717e-01  1.10325194e-02  6.92446415e-02  1.05784231e+02 
 1.01700003e+15  1.78089026e+35  1.22081000e+01  1.76316810e+00  1.15626000e+01  1.75376438e+00  4.06664368e-01  1.09442081e-02  6.89191433e-02  1.04154979e+02 
 1.02072989e+15  1.79450749e+35  1.22051000e+01  1.76651297e+00  1.15616000e+01  1.75708988e+00  4.06990336e-01  1.09499016e-02  6.85950125e-02  1.02561290e+02 
 1.02445974e+15  1.80817103e+35  1.22021000e+01  1.76982829e+00  1.15616000e+01  1.76047708e+00  4.07311696e-01  1.08512215e-02  6.82721656e-02  1.01001842e+02 
 1.02818960e+15  1.82188544e+35  1.21991000e+01  1.77311545e+00  1.15606000e+01  1.76375443e+00  4.07628570e-01  1.08464699e-02  6.79504930e-02  9.94752119e+01 
 1.03191946e+15  1.83564291e+35  1.21971000e+01  1.77637288e+00  1.15606000e+01  1.76709292e+00  4.07874048e-01  1.07380567e-02  6.76025126e-02  9.79813622e+01 
 1.03564932e+15  1.84944330e+35  1.21941000e+01  1.77960085e+00  1.15596000e+01  1.77032007e+00  4.08181941e-01  1.07236007e-02  6.72838178e-02  9.65194294e+01 
 1.03937918e+15  1.86328649e+35  1.21911000e+01  1.78279962e+00  1.15586000e+01  1.77352282e+00  4.08485463e-01  1.07038827e-02  6.69665658e-02  9.50885472e+01 
 1.04310903e+15  1.87717233e+35  1.21881000e+01  1.78596950e+00  1.15586000e+01  1.77678684e+00  4.08784699e-01  1.05818137e-02  6.66507791e-02  9.36878906e+01 
 1.04683889e+15  1.89110482e+35  1.21841000e+01  1.78911169e+00  1.15576000e+01  1.77994129e+00  4.09146898e-01  1.05533015e-02  6.63272538e-02  9.22657271e+01 
 1.05056875e+15  1.90508678e+35  1.21811000e+01  1.79222704e+00  1.15566000e+01  1.78307343e+00  4.09437862e-01  1.05198727e-02  6.60503220e-02  9.09726271e+01 
 1.05429861e+15  1.91911106e+35  1.21781000e+01  1.79531425e+00  1.15556000e+01  1.78618151e+00  4.09724712e-01  1.04820742e-02  6.57385626e-02  8.96569308e+01 
 1.05802847e+15  1.93317752e+35  1.21751000e+01  1.79837360e+00  1.15546000e+01  1.78926573e+00  4.10007512e-01  1.04400026e-02  6.54283177e-02  8.83684466e+01 
 1.06175832e+15  1.94728603e+35  1.21721000e+01  1.80140534e+00  1.15536000e+01  1.79232630e+00  4.10286318e-01  1.03937288e-02  6.51195959e-02  8.71064682e+01 
 1.06548818e+15  1.96143646e+35  1.21691000e+01  1.80440973e+00  1.15526000e+01  1.79536341e+00  4.10561189e-01  1.03433352e-02  6.48124069e-02  8.58703096e+01 
 1.06921804e+15  1.97563624e+35  1.21661000e+01  1.80738862e+00  1.15516000e+01  1.79837881e+00  4.10832227e-01  1.02889415e-02  6.45065580e-02  8.46586693e+01 
 1.07294790e+15  1.98988170e+35  1.21621000e+01  1.81034147e+00  1.15506000e+01  1.80137195e+00  4.11167079e-01  1.02305959e-02  6.42285588e-02  8.34712489e+01 
 1.07667776e+15  2.00416874e+35  1.21591000e+01  1.81326768e+00  1.15496000e+01  1.80434216e+00  4.11430601e-01  1.01683450e-02  6.39255963e-02  8.23077483e+01 
 1.08040761e+15  2.01849721e+35  1.21561000e+01  1.81616752e+00  1.15486000e+01  1.80728948e+00  4.11690415e-01  1.01024666e-02  6.36242052e-02  8.11675714e+01 
 1.08413747e+15  2.03286700e+35  1.21521000e+01  1.81904121e+00  1.15476000e+01  1.81021433e+00  4.12014380e-01  1.00328057e-02  6.33504506e-02  8.00501349e+01 
 1.08786733e+15  2.04727940e+35  1.21491000e+01  1.82188931e+00  1.15466000e+01  1.81311734e+00  4.12266988e-01  9.95917380e-03  6.30520563e-02  7.89547446e+01 
 1.09159719e+15  2.06174334e+35  1.21461000e+01  1.82471379e+00  1.15446000e+01  1.81591410e+00  4.12516078e-01  9.97846292e-03  6.27549796e-02  7.78802005e+01 
 1.09532705e+15  2.07624824e+35  1.21421000e+01  1.82751283e+00  1.15436000e+01  1.81877446e+00  4.12829672e-01  9.89821444e-03  6.24852296e-02  7.68267742e+01 
 1.09905690e+15  2.09079398e+35  1.21391000e+01  1.83028664e+00  1.15416000e+01  1.82152762e+00  4.13071853e-01  9.90988465e-03  6.21912269e-02  7.57939255e+01 
 1.10278676e+15  2.10538041e+35  1.21351000e+01  1.83303550e+00  1.15406000e+01  1.82434435e+00  4.13378778e-01  9.82283649e-03  6.19243468e-02  7.47811664e+01 
 1.10651662e+15  2.12000741e+35  1.21321000e+01  1.83575959e+00  1.15396000e+01  1.82713980e+00  4.13614261e-01  9.73216976e-03  6.16334391e-02  7.37879867e+01 
 1.11024648e+15  2.13468404e+35  1.21281000e+01  1.83846087e+00  1.15376000e+01  1.82982969e+00  4.13914724e-01  9.73410462e-03  6.13692149e-02  7.28133219e+01 
 1.11397633e+15  2.14940410e+35  1.21251000e+01  1.84113837e+00  1.15356000e+01  1.83249910e+00  4.14143720e-01  9.73245286e-03  6.10811133e-02  7.18571225e+01 
 1.11770619e+15  2.16416439e+35  1.21211000e+01  1.84379179e+00  1.15346000e+01  1.83523284e+00  4.14437900e-01  9.63261324e-03  6.08197205e-02  7.09191602e+01 
 1.12143605e+15  2.17896477e+35  1.21181000e+01  1.84642131e+00  1.15326000e+01  1.83786041e+00  4.14660566e-01  9.62449576e-03  6.05347405e-02  6.99989789e+01 
 1.12516591e+15  2.19380510e+35  1.21141000e+01  1.84902719e+00  1.15316000e+01  1.84055243e+00  4.14948633e-01  9.51874120e-03  6.02762623e-02  6.90961704e+01 
 1.12889577e+15  2.20869186e+35  1.21101000e+01  1.85161076e+00  1.15296000e+01  1.84313958e+00  4.15233749e-01  9.50490677e-03  6.00190364e-02  6.82099230e+01 
 1.13262562e+15  2.22362436e+35  1.21071000e+01  1.85417211e+00  1.15276000e+01  1.84570762e+00  4.15447298e-01  9.48771291e-03  5.97383974e-02  6.73398852e+01 
 1.13635548e+15  2.23859649e+35  1.21031000e+01  1.85671041e+00  1.15256000e+01  1.84825521e+00  4.15726562e-01  9.46783891e-03  5.94839576e-02  6.64860414e+01 
 1.14008534e+15  2.25360809e+35  1.20991000e+01  1.85922590e+00  1.15246000e+01  1.85086793e+00  4.16003006e-01  9.35082940e-03  5.92309399e-02  6.56480054e+01 
 1.14381520e+15  2.26865905e+35  1.20961000e+01  1.86171875e+00  1.15226000e+01  1.85337521e+00  4.16207824e-01  9.32563658e-03  5.89549593e-02  6.48253991e+01 
 1.14754506e+15  2.28375480e+35  1.20921000e+01  1.86419009e+00  1.15206000e+01  1.85586387e+00  4.16478661e-01  9.29743233e-03  5.87047441e-02  6.40175805e+01 
 1.15127491e+15  2.29889704e+35  1.20881000e+01  1.86664038e+00  1.15186000e+01  1.85833412e+00  4.16746786e-01  9.26648017e-03  5.84557811e-02  6.32241190e+01 
 1.15500477e+15  2.31407829e+35  1.20851000e+01  1.86906863e+00  1.15166000e+01  1.86078479e+00  4.16943220e-01  9.23294649e-03  5.81841562e-02  6.24450650e+01 
 1.15873463e+15  2.32929842e+35  1.20811000e+01  1.87147504e+00  1.15146000e+01  1.86321600e+00  4.17205987e-01  9.19698808e-03  5.79381328e-02  6.16801009e+01 
 1.16246449e+15  2.34455729e+35  1.20771000e+01  1.87385980e+00  1.15126000e+01  1.86562799e+00  4.17466162e-01  9.15852866e-03  5.76935283e-02  6.09288968e+01 
 1.16619435e+15  2.35986089e+35  1.20731000e+01  1.87622407e+00  1.15106000e+01  1.86802185e+00  4.17723781e-01  9.11763202e-03  5.74502087e-02  6.01908484e+01 
 1.16992420e+15  2.37521016e+35  1.20691000e+01  1.87856815e+00  1.15086000e+01  1.87039792e+00  4.17978873e-01  9.07427344e-03  5.72081517e-02  5.94656195e+01 
 1.17365406e+15  2.39059782e+35  1.20661000e+01  1.88089115e+00  1.15066000e+01  1.87275514e+00  4.18162150e-01  9.02860019e-03  5.69439057e-02  5.87532538e+01 
 1.17738392e+15  2.40602376e+35  1.20621000e+01  1.88319324e+00  1.15046000e+01  1.87509363e+00  4.18412256e-01  8.98075299e-03  5.67047775e-02  5.80534745e+01 
 1.18111378e+15  2.42148784e+35  1.20581000e+01  1.88547463e+00  1.15026000e+01  1.87741356e+00  4.18659956e-01  8.93073429e-03  5.64670637e-02  5.73659939e+01 
 1.18484364e+15  2.43699814e+35  1.20541000e+01  1.88773668e+00  1.15006000e+01  1.87971656e+00  4.18905262e-01  8.87823821e-03  5.62305860e-02  5.66901834e+01 
 1.18857349e+15  2.45255171e+35  1.20501000e+01  1.88997916e+00  1.14976000e+01  1.88191711e+00  4.19148219e-01  8.91661171e-03  5.59954078e-02  5.60259171e+01 
 1.19230335e+15  2.46814309e+35  1.20461000e+01  1.89220143e+00  1.14956000e+01  1.88418467e+00  4.19388868e-01  8.85965373e-03  5.57616385e-02  5.53731704e+01 
 1.19603321e+15  2.48377214e+35  1.20421000e+01  1.89440374e+00  1.14936000e+01  1.88643388e+00  4.19627257e-01  8.80110631e-03  5.55292802e-02  5.47316906e+01 
 1.19976307e+15  2.49943873e+35  1.20381000e+01  1.89658622e+00  1.14916000e+01  1.88866516e+00  4.19863410e-01  8.74068183e-03  5.52668454e-02  5.40704309e+01 
 1.20349293e+15  2.51515455e+35  1.20351000e+01  1.89875066e+00  1.14886000e+01  1.89079606e+00  4.20027487e-01  8.77022513e-03  5.50456454e-02  5.34810802e+01 
 1.20722278e+15  2.53090974e+35  1.20311000e+01  1.90089590e+00  1.14866000e+01  1.89299449e+00  4.20259150e-01  8.70527915e-03  5.48172925e-02  5.28714200e+01 
 1.21095264e+15  2.54670213e+35  1.20271000e+01  1.90302184e+00  1.14846000e+01  1.89517500e+00  4.20488685e-01  8.63902032e-03  5.45903405e-02  5.22720974e+01 
 1.21468250e+15  2.56253160e+35  1.20231000e+01  1.90512862e+00  1.14816000e+01  1.89725382e+00  4.20716096e-01  8.66278109e-03  5.43647746e-02  5.16828869e+01 
 1.21841236e+15  2.57840078e+35  1.20191000e+01  1.90721680e+00  1.14796000e+01  1.89940054e+00  4.20941425e-01  8.59249025e-03  5.41405437e-02  5.11034737e+01 
 1.22214222e+15  2.59431815e+35  1.20151000e+01  1.90928765e+00  1.14776000e+01  1.90153158e+00  4.21164668e-01  8.52057551e-03  5.39174750e-02  5.05333464e+01 
 1.22587207e+15  2.61027227e+35  1.20111000e+01  1.91133981e+00  1.14746000e+01  1.90356147e+00  4.21385880e-01  8.53845108e-03  5.36957841e-02  4.99727155e+01 
 1.22960193e+15  2.62626298e+35  1.20071000e+01  1.91337352e+00  1.14726000e+01  1.90565855e+00  4.21605118e-01  8.46338216e-03  5.34754772e-02  4.94213826e+01 
 1.23333179e+15  2.64229017e+35  1.20031000e+01  1.91538886e+00  1.14696000e+01  1.90765508e+00  4.21822378e-01  8.47765872e-03  5.32565355e-02  4.88791478e+01 
 1.23706165e+15  2.65836280e+35  1.19991000e+01  1.91738720e+00  1.14676000e+01  1.90972011e+00  4.22037690e-01  8.39928771e-03  5.30387969e-02  4.83455254e+01 
 1.24079151e+15  2.67447701e+35  1.19951000e+01  1.91936815e+00  1.14646000e+01  1.91168564e+00  4.22251058e-01  8.41006206e-03  5.28223162e-02  4.78204622e+01 
 1.24452136e+15  2.69062736e+35  1.19911000e+01  1.92133126e+00  1.14626000e+01  1.91371854e+00  4.22462569e-01  8.32863166e-03  5.26072042e-02  4.73039586e+01 
 1.24825122e+15  2.70681371e+35  1.19871000e+01  1.92327663e+00  1.14596000e+01  1.91565156e+00  4.22672216e-01  8.33626942e-03  5.23934412e-02  4.67958326e+01 
 1.25198108e+15  2.72303814e+35  1.19821000e+01  1.92520473e+00  1.14566000e+01  1.91756800e+00  4.22950650e-01  8.34327254e-03  5.22027779e-02  4.62958531e+01 
 1.25571094e+15  2.73931083e+35  1.19781000e+01  1.92711688e+00  1.14546000e+01  1.91955532e+00  4.23156678e-01  8.25642512e-03  5.19913634e-02  4.58035328e+01 
 1.25944079e+15  2.75561919e+35  1.19741000e+01  1.92901177e+00  1.14516000e+01  1.92144212e+00  4.23360939e-01  8.25971018e-03  5.17812927e-02  4.53191005e+01 
 1.26317065e+15  2.77196310e+35  1.19701000e+01  1.93088956e+00  1.14496000e+01  1.92339724e+00  4.23563466e-01  8.17081687e-03  5.15725629e-02  4.48423961e+01 
 1.26690051e+15  2.78834242e+35  1.19661000e+01  1.93275037e+00  1.14466000e+01  1.92525304e+00  4.23764265e-01  8.17096322e-03  5.13651594e-02  4.43732598e+01 
 1.27063037e+15  2.80476820e+35  1.19621000e+01  1.93459563e+00  1.14436000e+01  1.92709436e+00  4.23963323e-01  8.17001768e-03  5.11588868e-02  4.39112295e+01 
 1.27436023e+15  2.82123296e+35  1.19581000e+01  1.93642464e+00  1.14416000e+01  1.92900492e+00  4.24160701e-01  8.07698821e-03  5.09538725e-02  4.34563738e+01 
 1.27809008e+15  2.83773281e+35  1.19541000e+01  1.93823709e+00  1.14386000e+01  1.93081645e+00  4.24356431e-01  8.07298168e-03  5.07501724e-02  4.30086515e+01 
 1.28181994e+15  2.85426761e+35  1.19501000e+01  1.94003315e+00  1.14356000e+01  1.93261269e+00  4.24550546e-01  8.06786285e-03  5.05477838e-02  4.25679209e+01 
 1.28554980e+15  2.87084360e+35  1.19451000e+01  1.94181367e+00  1.14326000e+01  1.93439423e+00  4.24814176e-01  8.06193588e-03  5.03676772e-02  4.21338832e+01 
 1.28927966e+15  2.88746315e+35  1.19411000e+01  1.94357899e+00  1.14306000e+01  1.93624648e+00  4.25005103e-01  7.96362817e-03  5.01675580e-02  4.17063362e+01 
 1.29300952e+15  2.90411733e+35  1.19371000e+01  1.94532832e+00  1.14276000e+01  1.93799992e+00  4.25194485e-01  7.95454117e-03  4.99687348e-02  4.12853853e+01 
 1.29673937e+15  2.92080601e+35  1.19331000e+01  1.94706181e+00  1.14246000e+01  1.93973864e+00  4.25382342e-01  7.94430470e-03  4.97712003e-02  4.08709001e+01 
 1.30046923e+15  2.93753153e+35  1.19291000e+01  1.94877985e+00  1.14216000e+01  1.94146267e+00  4.25568691e-01  7.93334351e-03  4.95749098e-02  4.04626946e+01 
 1.30419909e+15  2.95430428e+35  1.19251000e+01  1.95048366e+00  1.14186000e+01  1.94317368e+00  4.25753493e-01  7.92114133e-03  4.93796851e-02  4.00603986e+01 
 1.30792895e+15  2.97111119e+35  1.19201000e+01  1.95217199e+00  1.14166000e+01  1.94495467e+00  4.26008315e-01  7.81734083e-03  4.91776371e-02  3.96410501e+01 
 1.31165881e+15  2.98795214e+35  1.19161000e+01  1.95384499e+00  1.14136000e+01  1.94663749e+00  4.26190273e-01  7.80252088e-03  4.90136088e-02  3.92740082e+01 
 1.31538866e+15  3.00482701e+35  1.19121000e+01  1.95550282e+00  1.14106000e+01  1.94830611e+00  4.26370824e-01  7.78673436e-03  4.88221082e-02  3.88896759e+01 
 1.31911852e+15  3.02175084e+35  1.19081000e+01  1.95714707e+00  1.14076000e+01  1.94996243e+00  4.26549884e-01  7.76962614e-03  4.86316164e-02  3.85107648e+01 
 1.32284838e+15  3.03870888e+35  1.19041000e+01  1.95877644e+00  1.14046000e+01  1.95160451e+00  4.26727583e-01  7.75191948e-03  4.84423717e-02  3.81375028e+01 
 1.32657824e+15  3.05570052e+35  1.19001000e+01  1.96039099e+00  1.14016000e+01  1.95323279e+00  4.26903929e-01  7.73318872e-03  4.82543684e-02  3.77697911e+01 
 1.33030810e+15  3.07272561e+35  1.18951000e+01  1.96199087e+00  1.13986000e+01  1.95484729e+00  4.27150779e-01  7.71361842e-03  4.80878176e-02  3.74075292e+01 
 1.33403795e+15  3.08979737e+35  1.18911000e+01  1.96357743e+00  1.13956000e+01  1.95644966e+00  4.27324459e-01  7.69280757e-03  4.79020033e-02  3.70503278e+01 
 1.33776781e+15  3.10690495e+35  1.18871000e+01  1.96514978e+00  1.13926000e+01  1.95803872e+00  4.27496834e-01  7.67110512e-03  4.77173760e-02  3.66983235e+01 
 1.34149767e+15  3.12404568e+35  1.18831000e+01  1.96670781e+00  1.13896000e+01  1.95961439e+00  4.27667939e-01  7.64847673e-03  4.75339676e-02  3.63514711e+01 
 1.34522753e+15  3.14121942e+35  1.18781000e+01  1.96825165e+00  1.13866000e+01  1.96117673e+00  4.27909858e-01  7.62504526e-03  4.73717148e-02  3.60096788e+01 
 1.34895739e+15  3.15843840e+35  1.18741000e+01  1.96978251e+00  1.13836000e+01  1.96272719e+00  4.28078452e-01  7.60045788e-03  4.71904681e-02  3.56726024e+01 
 1.35268724e+15  3.17569395e+35  1.18701000e+01  1.97129974e+00  1.13806000e+01  1.96426478e+00  4.28245818e-01  7.57513879e-03  4.70103699e-02  3.53403309e+01 
 1.35641710e+15  3.19125273e+35  1.18661000e+01  1.97265328e+00  1.13786000e+01  1.96569618e+00  4.28424307e-01  7.48890979e-03  4.68572132e-02  3.50454031e+01 
 1.36014696e+15  3.20433583e+35  1.18631000e+01  1.97377929e+00  1.13756000e+01  1.96677685e+00  4.28547612e-01  7.53466225e-03  4.67225283e-02  3.48010806e+01 
 1.36387682e+15  3.21656260e+35  1.18601000e+01  1.97482071e+00  1.13736000e+01  1.96784319e+00  4.28676539e-01  7.50568945e-03  4.66016699e-02  3.45758805e+01 
 1.36760668e+15  3.22879971e+35  1.18571000e+01  1.97585215e+00  1.13716000e+01  1.96889981e+00  4.28804867e-01  7.47648730e-03  4.64817644e-02  3.43535145e+01 
 1.37133653e+15  3.24104596e+35  1.18541000e+01  1.97687351e+00  1.13696000e+01  1.96994642e+00  4.28932568e-01  7.44724754e-03  4.63628095e-02  3.41339580e+01 
 1.37506639e+15  3.25330134e+35  1.18511000e+01  1.97788477e+00  1.13676000e+01  1.97098305e+00  4.29059606e-01  7.41794415e-03  4.62447861e-02  3.39171647e+01 
 1.37879625e+15  3.26556940e+35  1.18481000e+01  1.97888624e+00  1.13656000e+01  1.97200988e+00  4.29185934e-01  7.38869740e-03  4.61276270e-02  3.37030265e+01 
 1.38252611e+15  3.27784755e+35  1.18451000e+01  1.97987775e+00  1.13636000e+01  1.97302673e+00  4.29311551e-01  7.35953186e-03  4.60113542e-02  3.34915447e+01 
 1.38625597e+15  3.29013472e+35  1.18421000e+01  1.98085923e+00  1.13616000e+01  1.97403366e+00  4.29436447e-01  7.33028897e-03  4.58959667e-02  3.32826923e+01 
 1.38998582e+15  3.30243087e+35  1.18391000e+01  1.98183073e+00  1.13586000e+01  1.97494764e+00  4.29560600e-01  7.38940444e-03  4.57814486e-02  3.30764250e+01 
 1.39371568e+15  3.31473988e+35  1.18361000e+01  1.98279259e+00  1.13566000e+01  1.97593574e+00  4.29683968e-01  7.35938970e-03  4.56677312e-02  3.28726346e+01 
 1.39744554e+15  3.32705856e+35  1.18331000e+01  1.98374461e+00  1.13546000e+01  1.97691425e+00  4.29806569e-01  7.32917226e-03  4.55548475e-02  3.26713329e+01 
 1.40117540e+15  3.33938612e+35  1.18301000e+01  1.98468679e+00  1.13526000e+01  1.97788311e+00  4.29928397e-01  7.29879343e-03  4.54427947e-02  3.24724904e+01 
 1.40490526e+15  3.35172254e+35  1.18271000e+01  1.98561920e+00  1.13506000e+01  1.97884214e+00  4.30049453e-01  7.26852475e-03  4.53315632e-02  3.22760665e+01 
 1.40863511e+15  3.36407216e+35  1.18251000e+01  1.98654223e+00  1.13486000e+01  1.97979190e+00  4.30096926e-01  7.23815323e-03  4.52019583e-02  3.20819484e+01 
 1.41236497e+15  3.37643087e+35  1.18221000e+01  1.98745562e+00  1.13456000e+01  1.98064920e+00  4.30216343e-01  7.29589209e-03  4.50923129e-02  3.18901701e+01 
 1.41609483e+15  3.38879833e+35  1.18191000e+01  1.98835942e+00  1.13436000e+01  1.98158037e+00  4.30334968e-01  7.26494544e-03  4.49834535e-02  3.17006932e+01 
 1.41982469e+15  3.40117483e+35  1.18161000e+01  1.98925370e+00  1.13416000e+01  1.98250244e+00  4.30452794e-01  7.23359636e-03  4.48753646e-02  3.15134746e+01 
 1.42355454e+15  3.41356440e+35  1.18131000e+01  1.99013883e+00  1.13396000e+01  1.98341563e+00  4.30569790e-01  7.20200994e-03  4.47679839e-02  3.13284173e+01 
 1.42728440e+15  3.42596264e+35  1.18101000e+01  1.99101457e+00  1.13376000e+01  1.98431935e+00  4.30685994e-01  7.17055859e-03  4.46613619e-02  3.11455519e+01 
 1.43101426e+15  3.43836951e+35  1.18071000e+01  1.99188098e+00  1.13356000e+01  1.98521378e+00  4.30801406e-01  7.13912104e-03  4.45554884e-02  3.09648422e+01 
 1.43474412e+15  3.45078606e+35  1.18041000e+01  1.99273821e+00  1.13326000e+01  1.98601649e+00  4.30916013e-01  7.19533454e-03  4.44503390e-02  3.07862375e+01 
 1.43847398e+15  3.46321481e+35  1.18011000e+01  1.99358648e+00  1.13306000e+01  1.98689377e+00  4.31029789e-01  7.16290383e-03  4.43458696e-02  3.06096671e+01 
 1.44220383e+15  3.47565209e+35  1.17981000e+01  1.99442563e+00  1.13286000e+01  1.98776217e+00  4.31142770e-01  7.13024869e-03  4.42421211e-02  3.04351505e+01 
 1.44593369e+15  3.48809788e+35  1.17951000e+01  1.99525573e+00  1.13266000e+01  1.98862156e+00  4.31254963e-01  7.09760434e-03  4.41390861e-02  3.02626547e+01 
 1.44966355e+15  3.50055415e+35  1.17921000e+01  1.99607699e+00  1.13246000e+01  1.98947200e+00  4.31366355e-01  7.06513039e-03  4.40367321e-02  3.00921204e+01 
 1.45339341e+15  3.51302159e+35  1.17891000e+01  1.99688951e+00  1.13216000e+01  1.99023135e+00  4.31476937e-01  7.12003485e-03  4.39350402e-02  2.99235065e+01 
 1.45712327e+15  3.52549744e+35  1.17861000e+01  1.99769318e+00  1.13196000e+01  1.99106518e+00  4.31586729e-01  7.08657211e-03  4.38340348e-02  2.97568185e+01 
 1.46085312e+15  3.53798168e+35  1.17831000e+01  1.99848808e+00  1.13176000e+01  1.99189050e+00  4.31695737e-01  7.05287701e-03  4.37337097e-02  2.95920265e+01 
 1.46458298e+15  3.55047735e+35  1.17811000e+01  1.99927447e+00  1.13156000e+01  1.99270727e+00  4.31730629e-01  7.01924059e-03  4.36155008e-02  2.94290573e+01 
 1.46831284e+15  3.56298301e+35  1.17781000e+01  2.00005235e+00  1.13126000e+01  1.99343293e+00  4.31838020e-01  7.07321731e-03  4.35164984e-02  2.92679085e+01 
 1.47204270e+15  3.57549696e+35  1.17751000e+01  2.00082166e+00  1.13106000e+01  1.99423302e+00  4.31944637e-01  7.03925451e-03  4.34181539e-02  2.91085687e+01 
 1.47577256e+15  3.58801919e+35  1.17721000e+01  2.00158247e+00  1.13086000e+01  1.99502518e+00  4.32050485e-01  7.00471576e-03  4.33204597e-02  2.89510091e+01 
 1.47950241e+15  3.60055393e+35  1.17691000e+01  2.00233512e+00  1.13066000e+01  1.99580938e+00  4.32155534e-01  6.97001119e-03  4.32233592e-02  2.87951498e+01 
 1.48323227e+15  3.61309735e+35  1.17661000e+01  2.00307945e+00  1.13046000e+01  1.99658489e+00  4.32259831e-01  6.93574561e-03  4.31268951e-02  2.86410127e+01 
 1.48696213e+15  3.62564894e+35  1.17631000e+01  2.00381551e+00  1.13016000e+01  1.99727002e+00  4.32363379e-01  6.98847185e-03  4.30310640e-02  2.84885761e+01 
 1.49069199e+15  3.63820956e+35  1.17601000e+01  2.00454338e+00  1.12996000e+01  1.99803014e+00  4.32466164e-01  6.95313501e-03  4.29358451e-02  2.83378026e+01 
 1.49442185e+15  3.65078220e+35  1.17571000e+01  2.00526334e+00  1.12976000e+01  1.99878256e+00  4.32568172e-01  6.91758930e-03  4.28411999e-02  2.81886320e+01 
 1.49815170e+15  3.66336292e+35  1.17541000e+01  2.00597523e+00  1.12956000e+01  1.99952651e+00  4.32669454e-01  6.88252728e-03  4.27471720e-02  2.80410871e+01 
 1.50188156e+15  3.67595171e+35  1.17511000e+01  2.00667911e+00  1.12926000e+01  2.00018041e+00  4.32770007e-01  6.93434836e-03  4.26537523e-02  2.78951423e+01 
 1.50561142e+15  3.68855088e+35  1.17481000e+01  2.00737518e+00  1.12906000e+01  2.00090954e+00  4.32869806e-01  6.89826300e-03  4.25609043e-02  2.77507454e+01 
 1.50934128e+15  3.70116049e+35  1.17461000e+01  2.00806349e+00  1.12886000e+01  2.00163115e+00  4.32895124e-01  6.86194278e-03  4.24505432e-02  2.76078700e+01 
 1.51307114e+15  3.71377807e+35  1.17431000e+01  2.00874402e+00  1.12866000e+01  2.00234446e+00  4.32993442e-01  6.82623970e-03  4.23588919e-02  2.74665292e+01 
 1.51680099e+15  3.72640360e+35  1.17401000e+01  2.00941681e+00  1.12836000e+01  2.00296824e+00  4.33091053e-01  6.87710624e-03  4.22678254e-02  2.73266951e+01 
 1.52053085e+15  3.73904103e+35  1.17371000e+01  2.01008211e+00  1.12816000e+01  2.00366747e+00  4.33187914e-01  6.84024878e-03  4.21772892e-02  2.71883014e+01 
 1.52426071e+15  3.75168716e+35  1.17341000e+01  2.01073985e+00  1.12796000e+01  2.00435911e+00  4.33284074e-01  6.80344522e-03  4.20873191e-02  2.70513622e+01 
 1.52799057e+15  3.76434117e+35  1.17311000e+01  2.01139007e+00  1.12766000e+01  2.00496084e+00  4.33379555e-01  6.85382789e-03  4.19979212e-02  2.69158657e+01 
 1.53172043e+15  3.77700392e+35  1.17281000e+01  2.01203284e+00  1.12746000e+01  2.00563771e+00  4.33474341e-01  6.81687688e-03  4.19090754e-02  2.67817796e+01 
 1.53545028e+15  3.78967838e+35  1.17251000e+01  2.01266839e+00  1.12726000e+01  2.00630791e+00  4.33568405e-01  6.77936660e-03  4.18207426e-02  2.66490522e+01 
 1.53918014e+15  3.80236062e+35  1.17221000e+01  2.01329659e+00  1.12706000e+01  2.00697043e+00  4.33661804e-01  6.74225214e-03  4.17329661e-02  2.65177058e+01 
 1.54291000e+15  3.81505061e+35  1.17191000e+01  2.01391752e+00  1.12676000e+01  2.00754373e+00  4.33754545e-01  6.79179893e-03  4.16457402e-02  2.63877199e+01 
 1.54663986e+15  3.82775111e+35  1.17161000e+01  2.01453134e+00  1.12656000e+01  2.00819267e+00  4.33846590e-01  6.75387396e-03  4.15590242e-02  2.62590454e+01 
 1.55036972e+15  3.84046136e+35  1.17141000e+01  2.01513809e+00  1.12636000e+01  2.00883462e+00  4.33863861e-01  6.71586218e-03  4.14551211e-02  2.61316685e+01 
 1.55409957e+15  3.85317927e+35  1.17111000e+01  2.01573776e+00  1.12606000e+01  2.00938722e+00  4.33954565e-01  6.76488893e-03  4.13694932e-02  2.60055993e+01 
 1.55782943e+15  3.86590483e+35  1.17081000e+01  2.01633039e+00  1.12586000e+01  2.01001514e+00  4.34044627e-01  6.72687091e-03  4.12843938e-02  2.58808138e+01 
 1.56155929e+15  3.87864278e+35  1.17051000e+01  2.01691625e+00  1.12566000e+01  2.01063678e+00  4.34134003e-01  6.68835861e-03  4.11997671e-02  2.57572478e+01 
 1.56528915e+15  3.89138839e+35  1.17021000e+01  2.01749521e+00  1.12546000e+01  2.01125099e+00  4.34222762e-01  6.65044445e-03  4.11156643e-02  2.56349309e+01 
 1.56901901e+15  3.90414156e+35  1.16991000e+01  2.01806732e+00  1.12516000e+01  2.01177695e+00  4.34310903e-01  6.69857513e-03  4.10320785e-02  2.55138451e+01 
 1.57274886e+15  3.91690431e+35  1.16961000e+01  2.01863270e+00  1.12496000e+01  2.01237856e+00  4.34398400e-01  6.65966671e-03  4.09489803e-02  2.53939531e+01 
 1.57647872e+15  3.92967738e+35  1.16931000e+01  2.01919148e+00  1.12476000e+01  2.01297325e+00  4.34485267e-01  6.62111825e-03  4.08663629e-02  2.52752328e+01 
 1.58020858e+15  3.94245793e+35  1.16901000e+01  2.01974359e+00  1.12446000e+01  2.01347955e+00  4.34571541e-01  6.66894046e-03  4.07842521e-02  2.51576937e+01 
 1.58393844e+15  3.95524595e+35  1.16871000e+01  2.02028905e+00  1.12426000e+01  2.01406165e+00  4.34657210e-01  6.62967757e-03  4.06778618e-02  2.50260753e+01 
 1.58766829e+15  3.96804567e+35  1.16851000e+01  2.02082813e+00  1.12406000e+01  2.01463722e+00  4.34667824e-01  6.59055263e-03  4.06040906e-02  2.49260486e+01 
 1.59139815e+15  3.98085339e+35  1.16821000e+01  2.02136075e+00  1.12376000e+01  2.01512450e+00  4.34752252e-01  6.63793440e-03  4.05234479e-02  2.48119115e+01 
 1.59512801e+15  3.99366849e+35  1.16791000e+01  2.02188690e+00  1.12356000e+01  2.01568754e+00  4.34836098e-01  6.59848494e-03  4.04432907e-02  2.46988910e+01 
 1.59885787e+15  4.00649269e+35  1.16761000e+01  2.02240674e+00  1.12336000e+01  2.01624425e+00  4.34919360e-01  6.55905619e-03  4.03636003e-02  2.45869573e+01 
 1.60258773e+15  4.01932735e+35  1.16731000e+01  2.02292038e+00  1.12306000e+01  2.01671297e+00  4.35002037e-01  6.60605493e-03  4.02843618e-02  2.44760849e+01 
 1.60631758e+15  4.03216931e+35  1.16701000e+01  2.02342771e+00  1.12286000e+01  2.01725750e+00  4.35084147e-01  6.56632931e-03  4.02055962e-02  2.43662845e+01 
 1.61004744e+15  4.04501856e+35  1.16671000e+01  2.02392881e+00  1.12266000e+01  2.01779587e+00  4.35165709e-01  6.52655126e-03  4.01273033e-02  2.42575421e+01 
 1.61377730e+15  4.05787925e+35  1.16641000e+01  2.02442392e+00  1.12236000e+01  2.01824650e+00  4.35246693e-01  6.57313725e-03  4.00494413e-02  2.41498097e+01 
 1.61750716e+15  4.07074786e+35  1.16621000e+01  2.02491291e+00  1.12216000e+01  2.01877303e+00  4.35252453e-01  6.53307796e-03  3.99548945e-02  2.40430978e+01 
 1.62123702e+15  4.08362368e+35  1.16591000e+01  2.02539584e+00  1.12196000e+01  2.01929349e+00  4.35332325e-01  6.49308781e-03  3.98779798e-02  2.39374064e+01 
 1.62496687e+15  4.09650854e+35  1.16561000e+01  2.02587285e+00  1.12166000e+01  2.01972634e+00  4.35411666e-01  6.53940012e-03  3.98015092e-02  2.38327039e+01 
 1.62869673e+15  4.10940359e+35  1.16531000e+01  2.02634399e+00  1.12146000e+01  2.02023528e+00  4.35490443e-01  6.49915168e-03  3.97254599e-02  2.37289663e+01 
 1.63242659e+15  4.12230576e+35  1.16501000e+01  2.02680921e+00  1.12126000e+01  2.02073829e+00  4.35568711e-01  6.45895095e-03  3.96498624e-02  2.36262059e+01 
 1.63615645e+15  4.13521505e+35  1.16471000e+01  2.02726860e+00  1.12096000e+01  2.02115388e+00  4.35646486e-01  6.50491521e-03  3.95747168e-02  2.35244107e+01 
 1.63988631e+15  4.14813594e+35  1.16441000e+01  2.02772230e+00  1.12076000e+01  2.02164577e+00  4.35723696e-01  6.46434064e-03  3.94999675e-02  2.34235309e+01 
 1.64361616e+15  4.16106426e+35  1.16411000e+01  2.02817028e+00  1.12056000e+01  2.02213167e+00  4.35800419e-01  6.42404721e-03  3.94256588e-02  2.33235883e+01 
 1.64734602e+15  4.17399962e+35  1.16391000e+01  2.02861256e+00  1.12026000e+01  2.02253047e+00  4.35801751e-01  6.46970002e-03  3.93348840e-02  2.32245708e+01 
 1.65107588e+15  4.18694437e+35  1.16361000e+01  2.02904925e+00  1.12006000e+01  2.02300557e+00  4.35877446e-01  6.42892407e-03  3.92614524e-02  2.31264528e+01 
 1.65480574e+15  4.19989864e+35  1.16331000e+01  2.02948042e+00  1.11986000e+01  2.02347475e+00  4.35952642e-01  6.38859211e-03  3.91884304e-02  2.30292201e+01 
 1.65853560e+15  4.21285986e+35  1.16301000e+01  2.02990603e+00  1.11956000e+01  2.02385738e+00  4.36027377e-01  6.43381270e-03  3.91158391e-02  2.29328802e+01 
 1.66226545e+15  4.22582836e+35  1.16271000e+01  2.03032612e+00  1.11936000e+01  2.02431610e+00  4.36101633e-01  6.39285238e-03  3.90436659e-02  2.28374176e+01 
 1.66599531e+15  4.23880835e+35  1.16241000e+01  2.03074092e+00  1.11906000e+01  2.02468817e+00  4.36175395e-01  6.43783442e-03  3.89718771e-02  2.27427924e+01 
 1.66972517e+15  4.25179524e+35  1.16211000e+01  2.03115030e+00  1.11886000e+01  2.02513573e+00  4.36248706e-01  6.39739877e-03  3.89005081e-02  2.26490263e+01 
 1.67345503e+15  4.26478900e+35  1.16181000e+01  2.03155430e+00  1.11866000e+01  2.02557846e+00  4.36321565e-01  6.35637961e-03  3.88295528e-02  2.25561072e+01 
 1.67718489e+15  4.27779289e+35  1.16161000e+01  2.03195309e+00  1.11836000e+01  2.02593462e+00  4.36318808e-01  6.40125629e-03  3.87422984e-02  2.24639998e+01 
 1.68091474e+15  4.29080523e+35  1.16131000e+01  2.03234664e+00  1.11816000e+01  2.02636673e+00  4.36390712e-01  6.36046217e-03  3.86721498e-02  2.23727108e+01 
 1.68464460e+15  4.30382438e+35  1.16101000e+01  2.03273495e+00  1.11796000e+01  2.02679384e+00  4.36462188e-01  6.31942595e-03  3.86024083e-02  2.22822381e+01 
 1.68837446e+15  4.31685171e+35  1.16071000e+01  2.03311815e+00  1.11766000e+01  2.02713447e+00  4.36533242e-01  6.36433752e-03  3.85330639e-02  2.21925634e+01 
 1.69210432e+15  4.32988931e+35  1.16041000e+01  2.03349628e+00  1.11746000e+01  2.02755145e+00  4.36603827e-01  6.32328347e-03  3.84640858e-02  2.21036603e+01 
 1.69583418e+15  4.34293365e+35  1.16011000e+01  2.03386932e+00  1.11726000e+01  2.02796313e+00  4.36674006e-01  6.28245473e-03  3.83955082e-02  2.20155442e+01 
 1.69956403e+15  4.35598469e+35  1.15981000e+01  2.03423732e+00  1.11696000e+01  2.02828889e+00  4.36743789e-01  6.32706329e-03  3.83036942e-02  2.19146833e+01 
 1.70329389e+15  4.36904697e+35  1.15961000e+01  2.03460041e+00  1.11676000e+01  2.02869110e+00  4.36737753e-01  6.28570977e-03  3.82430004e-02  2.18416004e+01 
 1.70702375e+15  4.38211630e+35  1.15931000e+01  2.03495857e+00  1.11646000e+01  2.02900732e+00  4.36806656e-01  6.33003214e-03  3.81755880e-02  2.17557553e+01 
 1.71075361e+15  4.39519226e+35  1.15901000e+01  2.03531181e+00  1.11626000e+01  2.02939912e+00  4.36875172e-01  6.28935478e-03  3.81085644e-02  2.16706592e+01 
 1.71448347e+15  4.40827770e+35  1.15871000e+01  2.03566022e+00  1.11606000e+01  2.02978666e+00  4.36943262e-01  6.24807476e-03  3.80418977e-02  2.15862837e+01 
 1.71821332e+15  4.42137182e+35  1.15841000e+01  2.03600387e+00  1.11576000e+01  2.03008834e+00  4.37010963e-01  6.29246575e-03  3.79756004e-02  2.15026272e+01 
 1.72194318e+15  4.43447251e+35  1.15811000e+01  2.03634271e+00  1.11556000e+01  2.03046606e+00  4.37078288e-01  6.25147571e-03  3.79096820e-02  2.14196926e+01 
 1.72567304e+15  4.44758100e+35  1.15791000e+01  2.03667682e+00  1.11536000e+01  2.03083906e+00  4.37069713e-01  6.21045430e-03  3.78277870e-02  2.13374606e+01 
 1.72940290e+15  4.46069972e+35  1.15761000e+01  2.03700634e+00  1.11506000e+01  2.03112666e+00  4.37136235e-01  6.25484906e-03  3.77626075e-02  2.12559148e+01 
 1.73313275e+15  4.47382495e+35  1.15731000e+01  2.03733114e+00  1.11486000e+01  2.03149066e+00  4.37202385e-01  6.21355576e-03  3.76977960e-02  2.11750648e+01 
 1.73686261e+15  4.48695666e+35  1.15701000e+01  2.03765133e+00  1.11456000e+01  2.03176936e+00  4.37268194e-01  6.25751090e-03  3.76333575e-02  2.10949038e+01 
 1.74059247e+15  4.50009950e+35  1.15671000e+01  2.03796704e+00  1.11436000e+01  2.03212368e+00  4.37333609e-01  6.21688783e-03  3.75692497e-02  2.10153956e+01 
 1.74432233e+15  4.51324907e+35  1.15641000e+01  2.03827819e+00  1.11416000e+01  2.03247398e+00  4.37398672e-01  6.17567782e-03  3.75055021e-02  2.09365573e+01 
 1.74805219e+15  4.52640507e+35  1.15621000e+01  2.03858484e+00  1.11386000e+01  2.03273893e+00  4.37387726e-01  6.21986999e-03  3.74259275e-02  2.08583814e+01 
 1.75178204e+15  4.53957066e+35  1.15591000e+01  2.03888707e+00  1.11366000e+01  2.03308007e+00  4.37452061e-01  6.17893622e-03  3.73629018e-02  2.07808458e+01 
 1.75551190e+15  4.55274439e+35  1.15561000e+01  2.03918490e+00  1.11346000e+01  2.03341682e+00  4.37516050e-01  6.13800930e-03  3.73002200e-02  2.07039492e+01 
 1.75924176e+15  4.56592448e+35  1.15531000e+01  2.03947836e+00  1.11316000e+01  2.03366854e+00  4.37579735e-01  6.18232596e-03  3.72378995e-02  2.06276955e+01 
 1.76297162e+15  4.57911272e+35  1.15501000e+01  2.03976746e+00  1.11296000e+01  2.03399676e+00  4.37643069e-01  6.14119494e-03  3.71759129e-02  2.05520642e+01 
 1.76670148e+15  4.59231043e+35  1.15471000e+01  2.04005231e+00  1.11266000e+01  2.03424032e+00  4.37706063e-01  6.18507179e-03  3.70912080e-02  2.04643271e+01 
 1.77043133e+15  4.60551443e+35  1.15451000e+01  2.04033288e+00  1.11246000e+01  2.03455947e+00  4.37692901e-01  6.14450054e-03  3.70368958e-02  2.04026376e+01 
 1.77416119e+15  4.61872521e+35  1.15421000e+01  2.04060919e+00  1.11226000e+01  2.03487476e+00  4.37755252e-01  6.10355267e-03  3.69759514e-02  2.03288451e+01 
 1.77789105e+15  4.63194671e+35  1.15391000e+01  2.04088141e+00  1.11196000e+01  2.03510537e+00  4.37817267e-01  6.14779407e-03  3.69153197e-02  2.02556346e+01 
 1.78162091e+15  4.64517443e+35  1.15361000e+01  2.04114941e+00  1.11176000e+01  2.03541218e+00  4.37878981e-01  6.10705854e-03  3.68550277e-02  2.01830222e+01 
 1.78535077e+15  4.65840836e+35  1.15331000e+01  2.04141327e+00  1.11146000e+01  2.03563498e+00  4.37940410e-01  6.15074511e-03  3.67950763e-02  2.01110017e+01 
 1.78908062e+15  4.67165274e+35  1.15311000e+01  2.04167313e+00  1.11126000e+01  2.03593302e+00  4.37925535e-01  6.11064185e-03  3.67195013e-02  2.00395413e+01 
 1.79281048e+15  4.68490401e+35  1.15281000e+01  2.04192890e+00  1.11106000e+01  2.03622769e+00  4.37986317e-01  6.06982339e-03  3.66602065e-02  1.99686580e+01 
 1.79654034e+15  4.69816142e+35  1.15251000e+01  2.04218065e+00  1.11076000e+01  2.03643803e+00  4.38046838e-01  6.11392026e-03  3.66012493e-02  1.98983477e+01 
 1.80027020e+15  4.71142807e+35  1.15221000e+01  2.04242844e+00  1.11056000e+01  2.03672426e+00  4.38107051e-01  6.07361574e-03  3.65425985e-02  1.98285865e+01 
 1.80400006e+15  4.72470271e+35  1.15191000e+01  2.04267228e+00  1.11036000e+01  2.03700683e+00  4.38166973e-01  6.03299166e-03  3.64842613e-02  1.97593747e+01 
 1.80772991e+15  4.73798343e+35  1.15171000e+01  2.04291222e+00  1.11006000e+01  2.03720504e+00  4.38150541e-01  6.07743318e-03  3.64104413e-02  1.96907147e+01 
 1.81145977e+15  4.75127224e+35  1.15141000e+01  2.04314826e+00  1.10986000e+01  2.03747967e+00  4.38209903e-01  6.03698056e-03  3.63527649e-02  1.96225933e+01 
 1.81518963e+15  4.76457006e+35  1.15111000e+01  2.04338048e+00  1.10956000e+01  2.03767071e+00  4.38268982e-01  6.08090557e-03  3.62953904e-02  1.95549983e+01 
 1.81891949e+15  4.77787391e+35  1.15081000e+01  2.04360887e+00  1.10936000e+01  2.03793707e+00  4.38327824e-01  6.04113111e-03  3.62383400e-02  1.94879390e+01 
 1.82264935e+15  4.79118477e+35  1.15051000e+01  2.04383346e+00  1.10916000e+01  2.03820014e+00  4.38386408e-01  6.00080964e-03  3.61816001e-02  1.94214034e+01 
 1.82637920e+15  4.80450561e+35  1.15031000e+01  2.04405436e+00  1.10886000e+01  2.03837947e+00  4.38368470e-01  6.04515389e-03  3.61094454e-02  1.93553694e+01 
 1.83010906e+15  4.81783241e+35  1.15001000e+01  2.04427150e+00  1.10866000e+01  2.03863474e+00  4.38426510e-01  6.00521451e-03  3.60533304e-02  1.92898558e+01 
 1.83383892e+15  4.83116522e+35  1.14971000e+01  2.04448492e+00  1.10846000e+01  2.03888635e+00  4.38484318e-01  5.96521310e-03  3.59975281e-02  1.92248537e+01 
 1.83756878e+15  4.84450891e+35  1.14941000e+01  2.04469477e+00  1.10816000e+01  2.03905437e+00  4.38541862e-01  6.00992744e-03  3.59420066e-02  1.91603360e+01 
 1.84129864e+15  4.85785849e+35  1.14921000e+01  2.04490094e+00  1.10796000e+01  2.03929879e+00  4.38522825e-01  5.96982739e-03  3.58711740e-02  1.90963152e+01 
 1.84502849e+15  4.87121396e+35  1.14891000e+01  2.04510351e+00  1.10766000e+01  2.03945986e+00  4.38579899e-01  6.01419873e-03  3.58162890e-02  1.90327939e+01 
 1.84875835e+15  4.88457950e+35  1.14861000e+01  2.04530254e+00  1.10746000e+01  2.03969652e+00  4.38636707e-01  5.97482502e-03  3.57616790e-02  1.89697432e+01 
 1.85248821e+15  4.89795169e+35  1.14831000e+01  2.04549802e+00  1.10726000e+01  2.03993002e+00  4.38693296e-01  5.93504038e-03  3.57073668e-02  1.89071738e+01 
 1.85621807e+15  4.91132972e+35  1.14801000e+01  2.04569000e+00  1.10696000e+01  2.04008006e+00  4.38749698e-01  5.97991758e-03  3.56533622e-02  1.88450856e+01 
 1.85994793e+15  4.92471694e+35  1.14781000e+01  2.04587851e+00  1.10676000e+01  2.04030627e+00  4.38729373e-01  5.94042693e-03  3.55841199e-02  1.87834529e+01 
 1.86367778e+15  4.93811158e+35  1.14751000e+01  2.04606356e+00  1.10646000e+01  2.04044996e+00  4.38785276e-01  5.98471995e-03  3.55306945e-02  1.87222858e+01 
 1.86740764e+15  4.95151199e+35  1.14721000e+01  2.04624520e+00  1.10626000e+01  2.04066851e+00  4.38841006e-01  5.94613302e-03  3.54775719e-02  1.86615848e+01 
 1.87113750e+15  4.96492080e+35  1.14691000e+01  2.04642343e+00  1.10606000e+01  2.04088444e+00  4.38896502e-01  5.90671177e-03  3.54247216e-02  1.86013311e+01 
 1.87486736e+15  4.97833772e+35  1.14671000e+01  2.04659833e+00  1.10576000e+01  2.04101752e+00  4.38875220e-01  5.95148468e-03  3.53567247e-02  1.85415197e+01 
 1.87859722e+15  4.99176035e+35  1.14641000e+01  2.04676987e+00  1.10556000e+01  2.04122612e+00  4.38930301e-01  5.91274075e-03  3.53044648e-02  1.84821618e+01 
 1.88232707e+15  5.00519064e+35  1.14611000e+01  2.04693809e+00  1.10536000e+01  2.04143176e+00  4.38985179e-01  5.87362880e-03  3.52524804e-02  1.84232408e+01 
 1.88605693e+15  5.01862967e+35  1.14581000e+01  2.04710309e+00  1.10506000e+01  2.04155446e+00  4.39039864e-01  5.91898506e-03  3.52007681e-02  1.83647489e+01 
 1.88978679e+15  5.03207435e+35  1.14561000e+01  2.04726478e+00  1.10486000e+01  2.04175326e+00  4.39017695e-01  5.88017475e-03  3.51339956e-02  1.83066898e+01 
 1.89351665e+15  5.04552603e+35  1.14531000e+01  2.04742325e+00  1.10456000e+01  2.04186995e+00  4.39071988e-01  5.92499282e-03  3.50828611e-02  1.82490600e+01 
 1.89724650e+15  5.05898700e+35  1.14501000e+01  2.04757856e+00  1.10436000e+01  2.04206159e+00  4.39126090e-01  5.88707036e-03  3.50319893e-02  1.81918433e+01 
 1.90097636e+15  5.07245358e+35  1.14471000e+01  2.04773066e+00  1.10416000e+01  2.04225069e+00  4.39180022e-01  5.84840862e-03  3.49813963e-02  1.81350491e+01 
 1.90470622e+15  5.08592654e+35  1.14451000e+01  2.04787962e+00  1.10386000e+01  2.04235740e+00  4.39157028e-01  5.89373008e-03  3.49158175e-02  1.80786681e+01 
 1.90843608e+15  5.09940930e+35  1.14421000e+01  2.04802548e+00  1.10366000e+01  2.04253966e+00  4.39210572e-01  5.85573447e-03  3.48657691e-02  1.80226871e+01 
 1.91216594e+15  5.11289761e+35  1.14391000e+01  2.04816822e+00  1.10346000e+01  2.04271911e+00  4.39263964e-01  5.81737777e-03  3.48159967e-02  1.79671163e+01 
 1.91589579e+15  5.12639175e+35  1.14371000e+01  2.04830791e+00  1.10316000e+01  2.04281607e+00  4.39240388e-01  5.86325810e-03  3.47513016e-02  1.79119489e+01 
 1.91962565e+15  5.13989614e+35  1.14341000e+01  2.04844456e+00  1.10296000e+01  2.04298906e+00  4.39293411e-01  5.82531706e-03  3.47020642e-02  1.78571665e+01 
 1.92335551e+15  5.15340602e+35  1.14311000e+01  2.04857816e+00  1.10266000e+01  2.04308051e+00  4.39346295e-01  5.87065197e-03  3.46530986e-02  1.78027822e+01 
 1.92708537e+15  5.16692138e+35  1.14281000e+01  2.04870879e+00  1.10246000e+01  2.04324661e+00  4.39399065e-01  5.83364746e-03  3.46044097e-02  1.77487932e+01 
 1.93081523e+15  5.18044711e+35  1.14261000e+01  2.04883646e+00  1.10226000e+01  2.04341053e+00  4.39374692e-01  5.79574616e-03  3.45408284e-02  1.76951711e+01 
 1.93454508e+15  5.19397841e+35  1.14231000e+01  2.04896117e+00  1.10196000e+01  2.04349262e+00  4.39427107e-01  5.84162384e-03  3.44926583e-02  1.76419383e+01 
 1.93827494e+15  5.20751512e+35  1.14201000e+01  2.04908295e+00  1.10176000e+01  2.04364984e+00  4.39479404e-01  5.80465670e-03  3.44447560e-02  1.75890881e+01 
 1.94200480e+15  5.22106179e+35  1.14171000e+01  2.04920184e+00  1.10156000e+01  2.04380470e+00  4.39531513e-01  5.76711369e-03  3.43970851e-02  1.75365984e+01 
 1.94573466e+15  5.23461435e+35  1.14151000e+01  2.04931788e+00  1.10126000e+01  2.04387764e+00  4.39506483e-01  5.81347615e-03  3.43346310e-02  1.74844799e+01 
 1.94946452e+15  5.24817227e+35  1.14121000e+01  2.04943104e+00  1.10106000e+01  2.04402611e+00  4.39558339e-01  5.77664522e-03  3.42875030e-02  1.74327352e+01 
 1.95319437e+15  5.26173978e+35  1.14091000e+01  2.04954138e+00  1.10086000e+01  2.04417209e+00  4.39610025e-01  5.73945923e-03  3.42406052e-02  1.73813414e+01 
 1.95692423e+15  5.27531344e+35  1.14071000e+01  2.04964893e+00  1.10056000e+01  2.04423619e+00  4.39584506e-01  5.78624814e-03  3.41789750e-02  1.73303069e+01 
 1.96065409e+15  5.28889242e+35  1.14041000e+01  2.04975369e+00  1.10036000e+01  2.04437610e+00  4.39635954e-01  5.74957476e-03  3.41326088e-02  1.72796351e+01 
 1.96438395e+15  5.30248067e+35  1.14011000e+01  2.04985569e+00  1.10006000e+01  2.04443511e+00  4.39687247e-01  5.79593467e-03  3.40864721e-02  1.72293055e+01 
 1.96811381e+15  5.31607528e+35  1.13991000e+01  2.04995497e+00  1.09986000e+01  2.04456875e+00  4.39661273e-01  5.76008529e-03  3.40256527e-02  1.71793233e+01 
 1.97184366e+15  5.32967516e+35  1.13961000e+01  2.05005150e+00  1.09966000e+01  2.04470037e+00  4.39712330e-01  5.72349030e-03  3.39800331e-02  1.71296929e+01 
 1.97557352e+15  5.34328407e+35  1.13931000e+01  2.05014537e+00  1.09936000e+01  2.04475080e+00  4.39763260e-01  5.77035483e-03  3.39346445e-02  1.70803963e+01 
 1.97930338e+15  5.35689948e+35  1.13901000e+01  2.05023658e+00  1.09916000e+01  2.04487615e+00  4.39814091e-01  5.73478269e-03  3.38895002e-02  1.70314387e+01 
 1.98303324e+15  5.37052011e+35  1.13881000e+01  2.05032511e+00  1.09896000e+01  2.04499938e+00  4.39787560e-01  5.69855308e-03  3.38297394e-02  1.69828175e+01 
 1.98676310e+15  5.38414957e+35  1.13851000e+01  2.05041103e+00  1.09866000e+01  2.04504156e+00  4.39838142e-01  5.74578019e-03  3.37850833e-02  1.69345233e+01 
 1.99049295e+15  5.39778564e+35  1.13821000e+01  2.05049436e+00  1.09846000e+01  2.04515880e+00  4.39888637e-01  5.71045234e-03  3.37406679e-02  1.68865583e+01 
 1.99422281e+15  5.41142686e+35  1.13801000e+01  2.05057507e+00  1.09826000e+01  2.04527381e+00  4.39861711e-01  5.67465927e-03  3.36816867e-02  1.68389200e+01 
 1.99795267e+15  5.42507679e+35  1.13771000e+01  2.05065326e+00  1.09796000e+01  2.04530782e+00  4.39911983e-01  5.72238941e-03  3.36377540e-02  1.67916002e+01 
 2.00168253e+15  5.43873336e+35  1.13741000e+01  2.05072888e+00  1.09776000e+01  2.04541721e+00  4.39962157e-01  5.68721112e-03  3.35940524e-02  1.67445988e+01 
 2.00541239e+15  5.45239504e+35  1.13721000e+01  2.05080197e+00  1.09756000e+01  2.04552420e+00  4.39934864e-01  5.65182980e-03  3.35358382e-02  1.66979156e+01 
 2.00914224e+15  5.46606533e+35  1.13691000e+01  2.05087260e+00  1.09726000e+01  2.04555025e+00  4.39984844e-01  5.70002891e-03  3.34926153e-02  1.66515423e+01 
 2.01287210e+15  5.47974226e+35  1.13661000e+01  2.05094072e+00  1.09706000e+01  2.04565182e+00  4.40034735e-01  5.66518396e-03  3.34496193e-02  1.66054781e+01 
 2.01660196e+15  5.49342425e+35  1.13641000e+01  2.05100636e+00  1.09676000e+01  2.04567342e+00  4.40007094e-01  5.71277649e-03  3.33921582e-02  1.65597228e+01 
 2.02033182e+15  5.50711482e+35  1.13611000e+01  2.05106960e+00  1.09656000e+01  2.04576936e+00  4.40056804e-01  5.67874738e-03  3.33496324e-02  1.65142689e+01 
 2.02406168e+15  5.52081196e+35  1.13581000e+01  2.05113041e+00  1.09636000e+01  2.04586328e+00  4.40106436e-01  5.64425861e-03  3.33073304e-02  1.64691157e+01 
 2.02779153e+15  5.53451411e+35  1.13561000e+01  2.05118879e+00  1.09606000e+01  2.04587725e+00  4.40078477e-01  5.69228683e-03  3.32506116e-02  1.64242629e+01 
 2.03152139e+15  5.54822487e+35  1.13531000e+01  2.05124482e+00  1.09586000e+01  2.04596560e+00  4.40127941e-01  5.65865700e-03  3.32087712e-02  1.63797026e+01 
 2.03525125e+15  5.56194208e+35  1.13501000e+01  2.05129847e+00  1.09566000e+01  2.04605209e+00  4.40177331e-01  5.62446078e-03  3.31671502e-02  1.63354347e+01 
 2.03898111e+15  5.57566425e+35  1.13481000e+01  2.05134977e+00  1.09536000e+01  2.04605860e+00  4.40149077e-01  5.67291716e-03  3.31111621e-02  1.62914594e+01 
 2.04271097e+15  5.58939511e+35  1.13451000e+01  2.05139877e+00  1.09516000e+01  2.04613950e+00  4.40198322e-01  5.63974181e-03  3.30699967e-02  1.62477682e+01 
 2.04644082e+15  5.60313224e+35  1.13421000e+01  2.05144544e+00  1.09496000e+01  2.04621862e+00  4.40247497e-01  5.60595749e-03  3.30290471e-02  1.62043616e+01 
 2.05017068e+15  5.61687430e+35  1.13401000e+01  2.05148982e+00  1.09466000e+01  2.04621798e+00  4.40218966e-01  5.65469935e-03  3.29737759e-02  1.61612392e+01 
 2.05390054e+15  5.63062515e+35  1.13371000e+01  2.05153196e+00  1.09446000e+01  2.04629160e+00  4.40268010e-01  5.62196290e-03  3.29332739e-02  1.61183930e+01 
 2.05763040e+15  5.64438208e+35  1.13351000e+01  2.05157182e+00  1.09426000e+01  2.04636347e+00  4.40239288e-01  5.58860194e-03  3.28784733e-02  1.60758214e+01 
 2.06136025e+15  5.65814387e+35  1.13321000e+01  2.05160944e+00  1.09396000e+01  2.04635574e+00  4.40288216e-01  5.63778279e-03  3.28384219e-02  1.60335320e+01 
 2.06509011e+15  5.67191464e+35  1.13291000e+01  2.05164488e+00  1.09376000e+01  2.04642231e+00  4.40337076e-01  5.60541547e-03  3.27985713e-02  1.59915074e+01 
 2.06881997e+15  5.68569121e+35  1.13271000e+01  2.05167809e+00  1.09356000e+01  2.04648712e+00  4.40308115e-01  5.57248410e-03  3.27444692e-02  1.59497508e+01 
 2.07254983e+15  5.69947260e+35  1.13241000e+01  2.05170912e+00  1.09326000e+01  2.04647249e+00  4.40356882e-01  5.62202907e-03  3.27050648e-02  1.59082690e+01 
 2.07627969e+15  5.71326320e+35  1.13211000e+01  2.05173802e+00  1.09306000e+01  2.04653208e+00  4.40405585e-01  5.59012866e-03  3.26658566e-02  1.58670442e+01 
 2.08000954e+15  5.72705928e+35  1.13191000e+01  2.05176475e+00  1.09286000e+01  2.04658992e+00  4.40376411e-01  5.55771187e-03  3.26124432e-02  1.58260809e+01 
 2.08373940e+15  5.74086013e+35  1.13161000e+01  2.05178933e+00  1.09256000e+01  2.04656862e+00  4.40425031e-01  5.60753849e-03  3.25736737e-02  1.57853846e+01 
 2.08746926e+15  5.75467047e+35  1.13141000e+01  2.05181184e+00  1.09236000e+01  2.04662145e+00  4.40395717e-01  5.57599051e-03  3.25207158e-02  1.57449352e+01 
 2.09119912e+15  5.76848593e+35  1.13111000e+01  2.05183224e+00  1.09216000e+01  2.04667241e+00  4.40444231e-01  5.54420876e-03  3.24823621e-02  1.57047470e+01 
