# rhoc (cgs) 	 Pc (cgs) 	 R (km) 	 M (msol) 	 R_core (km) 	 M_core (msol) 	 I/(MR^2) 	 I_crust/(M_crust R_crust^2)/(I/(MR^2)) 	 k_2 	 Lambda 
 2.30000000e+14  1.99669679e+33  2.79081000e+01  1.33328304e-01  3.34060000e+00  1.60155225e-02  3.80762672e-02  9.82131652e-01  1.93225389e-03  7.37347384e+07 
 2.34644812e+14  2.09067597e+33  2.70131000e+01  1.35170799e-01  3.49860000e+00  1.85675783e-02  4.01201229e-02  9.77336384e-01  2.17122325e-03  6.57249979e+07 
 2.39289625e+14  2.19113063e+33  2.61421000e+01  1.37158750e-01  3.65160000e+00  2.13133608e-02  4.22961046e-02  9.71761384e-01  2.44514314e-03  5.84059957e+07 
 2.43934437e+14  2.29352520e+33  2.53341000e+01  1.39202281e-01  3.79560000e+00  2.41553077e-02  4.45028514e-02  9.65578684e-01  2.74379431e-03  5.20254181e+07 
 2.48579249e+14  2.40153688e+33  2.45581000e+01  1.41376927e-01  3.93460000e+00  2.71587770e-02  4.68159722e-02  9.58644628e-01  3.07966422e-03  4.62543819e+07 
 2.53224062e+14  2.51272049e+33  2.38321000e+01  1.43631746e-01  4.06560000e+00  3.02412237e-02  4.91750471e-02  9.51153909e-01  3.44653821e-03  4.11633624e+07 
 2.57868874e+14  2.62851557e+33  2.31431000e+01  1.45998051e-01  4.19260000e+00  3.34699864e-02  5.16124833e-02  9.42943300e-01  3.85174954e-03  3.66099201e+07 
 2.62513686e+14  2.74872316e+33  2.24921000e+01  1.48468961e-01  4.31460000e+00  3.68128227e-02  5.41166620e-02  9.34108047e-01  4.29601055e-03  3.25540784e+07 
 2.67158498e+14  2.87244483e+33  2.18821000e+01  1.51027507e-01  4.43160000e+00  4.02510299e-02  5.66633073e-02  9.24714084e-01  4.77706659e-03  2.89663919e+07 
 2.71803311e+14  3.00179518e+33  2.13011000e+01  1.53714088e-01  4.54460000e+00  4.38089329e-02  5.92927457e-02  9.14732313e-01  5.30503020e-03  2.57453046e+07 
 2.76448123e+14  3.13351122e+33  2.07621000e+01  1.56461362e-01  4.65360000e+00  4.74533668e-02  6.19319993e-02  9.04249870e-01  5.86705581e-03  2.29250062e+07 
 2.81092935e+14  3.17027859e+33  2.06221000e+01  1.57220942e-01  4.68160000e+00  4.84347132e-02  6.26514378e-02  9.01406164e-01  6.02582650e-03  2.22176170e+07 
 2.85737748e+14  3.19024995e+33  2.05521000e+01  1.57607541e-01  4.69660000e+00  4.89591122e-02  6.30155467e-02  8.99866110e-01  6.10707602e-03  2.18674307e+07 
 2.90382560e+14  3.24757131e+33  2.03631000e+01  1.58662513e-01  4.73560000e+00  5.03639698e-02  6.40125279e-02  8.95749073e-01  6.33280297e-03  2.09417120e+07 
 2.95027372e+14  3.30762594e+33  2.01781000e+01  1.59727064e-01  4.77360000e+00  5.17779605e-02  6.50075247e-02  8.91594651e-01  6.56255371e-03  2.00516471e+07 
 2.99672185e+14  3.36781560e+33  2.00031000e+01  1.60754493e-01  4.80960000e+00  5.31544867e-02  6.59679193e-02  8.87530594e-01  6.78874975e-03  1.92322065e+07 
 3.04316997e+14  3.42816200e+33  1.98381000e+01  1.61746707e-01  4.84460000e+00  5.45185639e-02  6.68893644e-02  8.83466842e-01  7.00974671e-03  1.84753995e+07 
 3.08961809e+14  3.48864344e+33  1.96811000e+01  1.62704781e-01  4.87760000e+00  5.58411723e-02  6.77814435e-02  8.79514208e-01  7.22756187e-03  1.77748301e+07 
 3.13606622e+14  3.54925469e+33  1.95331000e+01  1.63630058e-01  4.90860000e+00  5.71200270e-02  6.86338487e-02  8.75685524e-01  7.43900585e-03  1.71247297e+07 
 3.18251434e+14  3.61001951e+33  1.93931000e+01  1.64524170e-01  4.93760000e+00  5.83531829e-02  6.94500121e-02  8.71992752e-01  7.64449820e-03  1.65198083e+07 
 3.22896246e+14  3.67091143e+33  1.92591000e+01  1.65387986e-01  4.96660000e+00  5.95958614e-02  7.02414684e-02  8.68223075e-01  7.84681167e-03  1.59559166e+07 
 3.27541059e+14  3.73193027e+33  1.91321000e+01  1.66222793e-01  4.99260000e+00  6.07608672e-02  7.09985666e-02  8.64719404e-01  8.04291060e-03  1.54291484e+07 
 3.32185871e+14  3.79309578e+33  1.90101000e+01  1.67029979e-01  5.01860000e+00  6.19335140e-02  7.17337470e-02  8.61149015e-01  8.23595578e-03  1.49359296e+07 
 3.36830683e+14  3.85438315e+33  1.88941000e+01  1.67810354e-01  5.04260000e+00  6.30543202e-02  7.24376600e-02  8.57748847e-01  8.42298456e-03  1.44734364e+07 
 3.41475495e+14  3.91579525e+33  1.87831000e+01  1.68565027e-01  5.06660000e+00  6.41813083e-02  7.31160091e-02  8.54288276e-01  8.60532953e-03  1.40389579e+07 
 3.46120308e+14  3.97734652e+33  1.86761000e+01  1.69295168e-01  5.08860000e+00  6.52541917e-02  7.37749769e-02  8.51011959e-01  8.78455453e-03  1.36300128e+07 
 3.50765120e+14  4.03901545e+33  1.85741000e+01  1.70001548e-01  5.10960000e+00  6.63015541e-02  7.44053620e-02  8.47806373e-01  8.95769345e-03  1.32446075e+07 
 3.55409932e+14  4.10080693e+33  1.84751000e+01  1.70685110e-01  5.13060000e+00  6.73532762e-02  7.50217903e-02  8.44549603e-01  9.12890886e-03  1.28808065e+07 
 3.60054745e+14  4.16273077e+33  1.83811000e+01  1.71346872e-01  5.14960000e+00  6.83475541e-02  7.56069031e-02  8.41497902e-01  9.29272636e-03  1.25368409e+07 
 3.64699557e+14  4.22476836e+33  1.82901000e+01  1.71987503e-01  5.16860000e+00  6.93450044e-02  7.61759329e-02  8.38401434e-01  9.45358440e-03  1.22112697e+07 
 3.69344369e+14  4.28692635e+33  1.82021000e+01  1.72607852e-01  5.18660000e+00  7.03142859e-02  7.67280043e-02  8.35391410e-01  9.61106060e-03  1.19026711e+07 
 3.73989182e+14  4.34921051e+33  1.81171000e+01  1.73208778e-01  5.20360000e+00  7.12547009e-02  7.72622965e-02  8.32472623e-01  9.76474347e-03  1.16097570e+07 
 3.78633994e+14  4.41160477e+33  1.80351000e+01  1.73790845e-01  5.21960000e+00  7.21654676e-02  7.77780474e-02  8.29649773e-01  9.91424107e-03  1.13314672e+07 
 3.83278806e+14  4.47411731e+33  1.79561000e+01  1.74354849e-01  5.23560000e+00  7.30778968e-02  7.82744584e-02  8.26790743e-01  1.00591408e-02  1.10667268e+07 
 3.87923619e+14  4.53675036e+33  1.78801000e+01  1.74901481e-01  5.25060000e+00  7.39598367e-02  7.87507622e-02  8.24033435e-01  1.01990388e-02  1.08145860e+07 
 3.92568431e+14  4.59949012e+33  1.78061000e+01  1.75431265e-01  5.26560000e+00  7.48428672e-02  7.92151605e-02  8.21242810e-01  1.03364587e-02  1.05742414e+07 
 3.97213243e+14  4.66234603e+33  1.77341000e+01  1.75944892e-01  5.27860000e+00  7.56620851e-02  7.96671655e-02  8.18700755e-01  1.04711476e-02  1.03448717e+07 
 4.01858055e+14  4.72531731e+33  1.76641000e+01  1.76442939e-01  5.29260000e+00  7.65142717e-02  8.01063269e-02  8.15988439e-01  1.06028645e-02  1.01257627e+07 
 4.06502868e+14  4.78839212e+33  1.75971000e+01  1.76925890e-01  5.30560000e+00  7.73342355e-02  8.05230945e-02  8.13389438e-01  1.07283381e-02  9.91629421e+06 
 4.11147680e+14  4.85158098e+33  1.75311000e+01  1.77394366e-01  5.31760000e+00  7.81215163e-02  8.09352325e-02  8.10907778e-01  1.08533698e-02  9.71582537e+06 
 4.15792492e+14  4.91488049e+33  1.74671000e+01  1.77848837e-01  5.32960000e+00  7.89086822e-02  8.13332475e-02  8.08400929e-01  1.09747240e-02  9.52381334e+06 
 4.20437305e+14  4.97828055e+33  1.74051000e+01  1.78289717e-01  5.34060000e+00  7.96624198e-02  8.17167545e-02  8.06016743e-01  1.10921801e-02  9.33977517e+06 
 4.25082117e+14  5.04179257e+33  1.73451000e+01  1.78717600e-01  5.35160000e+00  8.04156737e-02  8.20853394e-02  8.03610134e-01  1.12055027e-02  9.16319957e+06 
 4.29726929e+14  5.10541094e+33  1.72861000e+01  1.79132846e-01  5.36260000e+00  8.11684035e-02  8.24481369e-02  8.01180979e-01  1.13177379e-02  8.99367082e+06 
 4.34371742e+14  5.16912706e+33  1.72291000e+01  1.79535879e-01  5.37260000e+00  8.18868907e-02  8.27954208e-02  7.98881080e-01  1.14254946e-02  8.83080063e+06 
 4.39016554e+14  5.23295307e+33  1.71731000e+01  1.79927154e-01  5.38260000e+00  8.26045559e-02  8.31364348e-02  7.96561168e-01  1.15318877e-02  8.67418594e+06 
 4.43661366e+14  5.29688147e+33  1.71191000e+01  1.80307038e-01  5.39160000e+00  8.32874607e-02  8.34613044e-02  7.94375290e-01  1.16334405e-02  8.52349668e+06 
 4.48306179e+14  5.36090499e+33  1.70661000e+01  1.80675854e-01  5.40060000e+00  8.39691719e-02  8.37794943e-02  7.92172056e-01  1.17333821e-02  8.37842597e+06 
 4.52950991e+14  5.42503634e+33  1.70141000e+01  1.81034071e-01  5.40960000e+00  8.46497295e-02  8.40908279e-02  7.89951544e-01  1.18316110e-02  8.23864107e+06 
 4.57595803e+14  5.48926647e+33  1.69631000e+01  1.81381957e-01  5.41760000e+00  8.52948935e-02  8.43951657e-02  7.87870872e-01  1.19280431e-02  8.10388507e+06 
 4.62240616e+14  5.55358922e+33  1.69141000e+01  1.81719834e-01  5.42560000e+00  8.59385777e-02  8.46823666e-02  7.85775409e-01  1.20190442e-02  7.97390628e+06 
 4.66885428e+14  5.61801777e+33  1.68661000e+01  1.82048076e-01  5.43360000e+00  8.65808558e-02  8.49621190e-02  7.83665004e-01  1.21079835e-02  7.84843540e+06 
 4.71530240e+14  5.68254178e+33  1.68181000e+01  1.82366928e-01  5.44160000e+00  8.72216657e-02  8.52444381e-02  7.81539817e-01  1.21984095e-02  7.72726547e+06 
 4.76175052e+14  5.74715606e+33  1.67721000e+01  1.82676723e-01  5.44860000e+00  8.78263591e-02  8.55090238e-02  7.79561513e-01  1.22830398e-02  7.61018818e+06 
 4.80819865e+14  5.81187411e+33  1.67271000e+01  1.82977764e-01  5.45560000e+00  8.84294222e-02  8.57657341e-02  7.77570604e-01  1.23653493e-02  7.49698167e+06 
 4.85464677e+14  5.87668458e+33  1.66821000e+01  1.83270256e-01  5.46160000e+00  8.89960537e-02  8.60247703e-02  7.75730291e-01  1.24489959e-02  7.38748091e+06 
 4.90109489e+14  5.94158308e+33  1.66391000e+01  1.83554493e-01  5.46860000e+00  8.95955901e-02  8.62654682e-02  7.73715964e-01  1.25264835e-02  7.28151263e+06 
 4.94754302e+14  6.00658337e+33  1.65971000e+01  1.83830749e-01  5.47460000e+00  9.01585775e-02  8.64978779e-02  7.71854198e-01  1.26013993e-02  7.17889202e+06 
 4.99399114e+14  6.07167326e+33  1.65551000e+01  1.84099255e-01  5.48060000e+00  9.07196614e-02  8.67324107e-02  7.69982514e-01  1.26775161e-02  7.07948126e+06 
 5.04043926e+14  6.13684908e+33  1.65141000e+01  1.84360191e-01  5.48660000e+00  9.12788460e-02  8.69585488e-02  7.68100844e-01  1.27509838e-02  6.98314199e+06 
 5.08688739e+14  6.20212469e+33  1.64741000e+01  1.84613887e-01  5.49160000e+00  9.18010597e-02  8.71761485e-02  7.66376878e-01  1.28217153e-02  6.88971348e+06 
 5.13333551e+14  6.26748734e+33  1.64351000e+01  1.84860439e-01  5.49660000e+00  9.23212662e-02  8.73850693e-02  7.64644655e-01  1.28896296e-02  6.79908817e+06 
 5.17978363e+14  6.33293391e+33  1.63961000e+01  1.85100136e-01  5.50260000e+00  9.28746549e-02  8.75959397e-02  7.62735697e-01  1.29586263e-02  6.71114231e+06 
 5.22623176e+14  6.39847830e+33  1.63581000e+01  1.85333160e-01  5.50760000e+00  9.33908988e-02  8.77979616e-02  7.60987028e-01  1.30247030e-02  6.62574705e+06 
 5.27267988e+14  6.46410738e+33  1.63211000e+01  1.85559675e-01  5.51160000e+00  9.38697446e-02  8.79910583e-02  7.59401433e-01  1.30878028e-02  6.54280883e+06 
 5.31912800e+14  6.52981846e+33  1.62841000e+01  1.85779883e-01  5.51660000e+00  9.43818679e-02  8.81859598e-02  7.57638396e-01  1.31518969e-02  6.46222616e+06 
 5.36557612e+14  6.59562541e+33  1.62481000e+01  1.85994011e-01  5.52060000e+00  9.48565294e-02  8.83717700e-02  7.56040219e-01  1.32129139e-02  6.38388557e+06 
 5.41202425e+14  6.66151488e+33  1.62131000e+01  1.86202167e-01  5.52560000e+00  9.53646184e-02  8.85483893e-02  7.54263071e-01  1.32707898e-02  6.30771126e+06 
 5.45847237e+14  6.72748453e+33  1.61781000e+01  1.86404514e-01  5.52960000e+00  9.58350949e-02  8.87266787e-02  7.52652558e-01  1.33295766e-02  6.23361811e+06 
 5.50492049e+14  6.79354813e+33  1.61441000e+01  1.86601270e-01  5.53360000e+00  9.63035130e-02  8.88956122e-02  7.51036355e-01  1.33851243e-02  6.16150792e+06 
 5.55136862e+14  6.85969225e+33  1.61111000e+01  1.86792577e-01  5.53660000e+00  9.67341184e-02  8.90551278e-02  7.49590130e-01  1.34373844e-02  6.09131436e+06 
 5.59781674e+14  6.92591482e+33  1.60781000e+01  1.86978546e-01  5.54060000e+00  9.71982720e-02  8.92161977e-02  7.47963916e-01  1.34904801e-02  6.02296757e+06 
 5.64426486e+14  6.99222942e+33  1.60451000e+01  1.87159346e-01  5.54360000e+00  9.76246295e-02  8.93787821e-02  7.46508796e-01  1.35443963e-02  5.95638254e+06 
 5.69071299e+14  7.05862271e+33  1.60131000e+01  1.87335141e-01  5.54760000e+00  9.80846268e-02  8.95317986e-02  7.44872715e-01  1.35949286e-02  5.89150337e+06 
 5.73716111e+14  7.12509280e+33  1.59821000e+01  1.87506007e-01  5.55060000e+00  9.85066947e-02  8.96750973e-02  7.43409486e-01  1.36419963e-02  5.82826917e+06 
 5.78360923e+14  7.19165301e+33  1.59511000e+01  1.87672135e-01  5.55360000e+00  9.89266775e-02  8.98198148e-02  7.41942469e-01  1.36898181e-02  5.76660586e+06 
 5.83005736e+14  7.25829025e+33  1.59201000e+01  1.87833633e-01  5.55660000e+00  9.93445218e-02  8.99660116e-02  7.40471985e-01  1.37384193e-02  5.70646707e+06 
 5.87650548e+14  7.32500269e+33  1.58901000e+01  1.87990599e-01  5.55960000e+00  9.97602460e-02  9.01023491e-02  7.38998005e-01  1.37834652e-02  5.64779971e+06 
 5.92295360e+14  7.39180338e+33  1.58611000e+01  1.88143211e-01  5.56260000e+00  1.00173910e-01  9.02287014e-02  7.37520569e-01  1.38248838e-02  5.59053828e+06 
 5.96940173e+14  7.45867956e+33  1.58311000e+01  1.88291544e-01  5.56460000e+00  1.00549426e-01  9.03678274e-02  7.36221180e-01  1.38713880e-02  5.53464377e+06 
 6.01584985e+14  7.52562943e+33  1.58031000e+01  1.88435662e-01  5.56760000e+00  1.00958896e-01  9.04854681e-02  7.34737649e-01  1.39098339e-02  5.48007216e+06 
 6.06229797e+14  7.59266568e+33  1.57741000e+01  1.88575779e-01  5.56960000e+00  1.01330208e-01  9.06158953e-02  7.33433624e-01  1.39533703e-02  5.42676352e+06 
 6.10874609e+14  7.65977602e+33  1.57461000e+01  1.88711902e-01  5.57160000e+00  1.01699427e-01  9.07361602e-02  7.32127480e-01  1.39931729e-02  5.37468665e+06 
 6.15519422e+14  7.72695860e+33  1.57191000e+01  1.88844180e-01  5.57460000e+00  1.02102702e-01  9.08462113e-02  7.30635943e-01  1.40292022e-02  5.32379985e+06 
 6.20164234e+14  7.79422570e+33  1.56921000e+01  1.88972734e-01  5.57660000e+00  1.02467789e-01  9.09575017e-02  7.29325717e-01  1.40658659e-02  5.27405256e+06 
 6.24809046e+14  7.86156561e+33  1.56651000e+01  1.89097602e-01  5.57860000e+00  1.02830809e-01  9.10700568e-02  7.28013733e-01  1.41031760e-02  5.22541819e+06 
 6.29453859e+14  7.92897637e+33  1.56381000e+01  1.89218900e-01  5.58060000e+00  1.03191768e-01  9.11839028e-02  7.26700147e-01  1.41411426e-02  5.17785929e+06 
 6.34098671e+14  7.99646982e+33  1.56121000e+01  1.89336727e-01  5.58260000e+00  1.03550733e-01  9.12873095e-02  7.25384810e-01  1.41752115e-02  5.13133333e+06 
 6.38743483e+14  8.06403490e+33  1.55861000e+01  1.89451162e-01  5.58360000e+00  1.03871368e-01  9.13919512e-02  7.24254594e-01  1.42099036e-02  5.08581363e+06 
 6.43388296e+14  8.13166951e+33  1.55611000e+01  1.89562268e-01  5.58560000e+00  1.04226271e-01  9.14860707e-02  7.22936825e-01  1.42406443e-02  5.04127059e+06 
 6.48033108e+14  8.19938497e+33  1.55361000e+01  1.89670190e-01  5.58760000e+00  1.04579204e-01  9.15813645e-02  7.21617686e-01  1.42719728e-02  4.99766372e+06 
 6.52677920e+14  8.26717102e+33  1.55111000e+01  1.89774936e-01  5.58860000e+00  1.04893805e-01  9.16778287e-02  7.20485271e-01  1.43038890e-02  4.95497232e+06 
 6.57322733e+14  8.33502531e+33  1.54871000e+01  1.89876620e-01  5.58960000e+00  1.05206381e-01  9.17636541e-02  7.19352754e-01  1.43317817e-02  4.91316802e+06 
 6.61967545e+14  8.40295864e+33  1.54621000e+01  1.89975302e-01  5.59160000e+00  1.05553426e-01  9.18624617e-02  7.18030519e-01  1.43648683e-02  4.87221786e+06 
 6.66612357e+14  8.47096159e+33  1.54381000e+01  1.90071070e-01  5.59260000e+00  1.05862102e-01  9.19505723e-02  7.16896977e-01  1.43938984e-02  4.83210059e+06 
 6.71257169e+14  8.53903155e+33  1.54151000e+01  1.90163963e-01  5.59360000e+00  1.06168822e-01  9.20278876e-02  7.15763254e-01  1.44188191e-02  4.79279337e+06 
 6.75901982e+14  8.60717876e+33  1.53911000e+01  1.90254079e-01  5.59460000e+00  1.06473639e-01  9.21182451e-02  7.14629323e-01  1.44489622e-02  4.75426571e+06 
 6.80546794e+14  8.67539472e+33  1.53681000e+01  1.90341482e-01  5.59660000e+00  1.06812996e-01  9.21977676e-02  7.13304135e-01  1.44749705e-02  4.71649869e+06 
 6.85191606e+14  8.74367650e+33  1.53461000e+01  1.90426222e-01  5.59760000e+00  1.07113987e-01  9.22663729e-02  7.12169728e-01  1.44967989e-02  4.67947207e+06 
 6.89836419e+14  8.81203376e+33  1.53231000e+01  1.90508384e-01  5.59860000e+00  1.07413116e-01  9.23480683e-02  7.11035271e-01  1.45238723e-02  4.64315854e+06 
 6.94481231e+14  8.88045898e+33  1.53011000e+01  1.90587996e-01  5.59860000e+00  1.07673870e-01  9.24187842e-02  7.10093512e-01  1.45467327e-02  4.60754291e+06 
 6.99126043e+14  8.94894888e+33  1.52791000e+01  1.90665133e-01  5.59960000e+00  1.07969249e-01  9.24905692e-02  7.08959669e-01  1.45701127e-02  4.57260572e+06 
 7.03770856e+14  9.01751249e+33  1.52571000e+01  1.90739863e-01  5.60060000e+00  1.08262810e-01  9.25634004e-02  7.07825873e-01  1.45940024e-02  4.53832325e+06 
 7.08415668e+14  9.08614336e+33  1.52361000e+01  1.90812236e-01  5.60160000e+00  1.08554542e-01  9.26251385e-02  7.06692261e-01  1.46136138e-02  4.50468030e+06 
 7.13060480e+14  9.15483782e+33  1.52141000e+01  1.90882288e-01  5.60260000e+00  1.08844455e-01  9.27000804e-02  7.05558833e-01  1.46385270e-02  4.47166158e+06 
 7.17705293e+14  9.22360422e+33  1.51931000e+01  1.90950085e-01  5.60260000e+00  1.09096043e-01  9.27638605e-02  7.04620506e-01  1.46591265e-02  4.43924557e+06 
 7.22350105e+14  9.29243726e+33  1.51721000e+01  1.91015678e-01  5.60360000e+00  1.09382395e-01  9.28286579e-02  7.03487893e-01  1.46802165e-02  4.40741813e+06 
 7.26994917e+14  9.36133283e+33  1.51521000e+01  1.91079133e-01  5.60360000e+00  1.09630398e-01  9.28822353e-02  7.02551524e-01  1.46969555e-02  4.37616395e+06 
 7.31639729e+14  9.43029860e+33  1.51311000e+01  1.91140468e-01  5.60460000e+00  1.09913231e-01  9.29490484e-02  7.01419931e-01  1.47190148e-02  4.34546650e+06 
 7.36284542e+14  9.49933046e+33  1.51111000e+01  1.91199754e-01  5.60460000e+00  1.10157751e-01  9.30045775e-02  7.00485388e-01  1.47366904e-02  4.31531095e+06 
 7.40929354e+14  9.56842382e+33  1.50911000e+01  1.91257027e-01  5.60560000e+00  1.10437109e-01  9.30610941e-02  6.99355004e-01  1.47548374e-02  4.28568546e+06 
 7.45574166e+14  9.63758565e+33  1.50711000e+01  1.91312332e-01  5.60560000e+00  1.10678186e-01  9.31185764e-02  6.98422484e-01  1.47734463e-02  4.25657346e+06 
 7.50218979e+14  9.70681309e+33  1.50521000e+01  1.91365712e-01  5.60560000e+00  1.10917566e-01  9.31646521e-02  6.97491177e-01  1.47876072e-02  4.22796250e+06 
 7.54863791e+14  9.77610104e+33  1.50331000e+01  1.91417216e-01  5.60560000e+00  1.11155244e-01  9.32116767e-02  6.96561227e-01  1.48022175e-02  4.19984161e+06 
 7.59508603e+14  9.84545575e+33  1.50131000e+01  1.91466872e-01  5.60660000e+00  1.11427863e-01  9.32720469e-02  6.95433756e-01  1.48222009e-02  4.17219644e+06 
 7.64153416e+14  9.91487564e+33  1.49941000e+01  1.91514725e-01  5.60660000e+00  1.11662237e-01  9.33209418e-02  6.94505868e-01  1.48377000e-02  4.14501522e+06 
 7.68798228e+14  9.98435508e+33  1.49761000e+01  1.91560826e-01  5.60660000e+00  1.11894956e-01  9.33583188e-02  6.93579384e-01  1.48486897e-02  4.11828752e+06 
 7.73443040e+14  1.00538996e+34  1.49571000e+01  1.91605203e-01  5.60660000e+00  1.12126056e-01  9.34090716e-02  6.92654195e-01  1.48650661e-02  4.09200096e+06 
 7.78087853e+14  1.01235089e+34  1.49391000e+01  1.91647903e-01  5.60660000e+00  1.12355543e-01  9.34482494e-02  6.91730399e-01  1.48769050e-02  4.06614424e+06 
 7.82732665e+14  1.01931769e+34  1.49201000e+01  1.91688947e-01  5.60660000e+00  1.12583426e-01  9.35008585e-02  6.90807962e-01  1.48941568e-02  4.04070936e+06 
 7.87377477e+14  1.02629082e+34  1.49021000e+01  1.91728377e-01  5.60660000e+00  1.12809729e-01  9.35418443e-02  6.89886881e-01  1.49068463e-02  4.01568411e+06 
 7.92022290e+14  1.03327040e+34  1.48841000e+01  1.91766228e-01  5.60660000e+00  1.13034471e-01  9.35837156e-02  6.88967155e-01  1.49199520e-02  3.99105833e+06 
 7.96667102e+14  1.04025576e+34  1.48671000e+01  1.91802539e-01  5.60660000e+00  1.13257644e-01  9.36138986e-02  6.88048911e-01  1.49284604e-02  3.96682422e+06 
 8.01311914e+14  1.04724728e+34  1.48491000e+01  1.91837335e-01  5.60660000e+00  1.13479276e-01  9.36575468e-02  6.87132081e-01  1.49423977e-02  3.94297179e+06 
 8.05956726e+14  1.05424523e+34  1.48321000e+01  1.91870636e-01  5.60660000e+00  1.13699400e-01  9.36894310e-02  6.86216520e-01  1.49517029e-02  3.91949115e+06 
 8.10601539e+14  1.06124887e+34  1.48141000e+01  1.91902495e-01  5.60660000e+00  1.13917988e-01  9.37348402e-02  6.85302548e-01  1.49664638e-02  3.89637579e+06 
 8.15246351e+14  1.06825851e+34  1.47971000e+01  1.91932941e-01  5.60560000e+00  1.14098476e-01  9.37684706e-02  6.84593258e-01  1.49765820e-02  3.87361578e+06 
 8.19891163e+14  1.07527456e+34  1.47801000e+01  1.91962015e-01  5.60560000e+00  1.14314083e-01  9.38029504e-02  6.83682618e-01  1.49870954e-02  3.85120129e+06 
 8.24535976e+14  1.08229621e+34  1.47641000e+01  1.91989705e-01  5.60560000e+00  1.14528205e-01  9.38255657e-02  6.82773430e-01  1.49929251e-02  3.82912848e+06 
 8.29180788e+14  1.08932369e+34  1.47471000e+01  1.92016062e-01  5.60560000e+00  1.14740864e-01  9.38617247e-02  6.81865720e-01  1.50042193e-02  3.80738781e+06 
 8.33825600e+14  1.09635757e+34  1.47301000e+01  1.92041117e-01  5.60460000e+00  1.14915509e-01  9.38987202e-02  6.81163991e-01  1.50159023e-02  3.78597003e+06 
 8.38470413e+14  1.10339696e+34  1.47141000e+01  1.92064905e-01  5.60460000e+00  1.15125281e-01  9.39238143e-02  6.80259720e-01  1.50228806e-02  3.76487041e+06 
 8.43115225e+14  1.11044203e+34  1.46981000e+01  1.92087439e-01  5.60460000e+00  1.15333620e-01  9.39497227e-02  6.79356992e-01  1.50302354e-02  3.74408170e+06 
 8.47760037e+14  1.11749348e+34  1.46821000e+01  1.92108726e-01  5.60360000e+00  1.15504015e-01  9.39764075e-02  6.78661085e-01  1.50379510e-02  3.72359526e+06 
 8.52404850e+14  1.12455037e+34  1.46661000e+01  1.92128833e-01  5.60360000e+00  1.15709551e-01  9.40039278e-02  6.77761755e-01  1.50460507e-02  3.70340649e+06 
 8.57049662e+14  1.13161277e+34  1.46501000e+01  1.92147758e-01  5.60260000e+00  1.15877147e-01  9.40322545e-02  6.77070092e-01  1.50545222e-02  3.68350867e+06 
 8.61694474e+14  1.13868154e+34  1.46341000e+01  1.92165538e-01  5.60260000e+00  1.16079938e-01  9.40613778e-02  6.76174135e-01  1.50633612e-02  3.66389338e+06 
 8.66339286e+14  1.14575568e+34  1.46191000e+01  1.92182194e-01  5.60160000e+00  1.16244806e-01  9.40784463e-02  6.75486656e-01  1.50674216e-02  3.64455721e+06 
 8.70984099e+14  1.15283517e+34  1.46041000e+01  1.92197715e-01  5.60160000e+00  1.16444878e-01  9.40962703e-02  6.74594087e-01  1.50718305e-02  3.62549468e+06 
 8.75628911e+14  1.15992102e+34  1.45881000e+01  1.92212178e-01  5.60060000e+00  1.16607081e-01  9.41277711e-02  6.73910670e-01  1.50817621e-02  3.60669675e+06 
 8.80273723e+14  1.16701217e+34  1.45731000e+01  1.92225551e-01  5.60060000e+00  1.16804499e-01  9.41471354e-02  6.73021542e-01  1.50868782e-02  3.58816097e+06 
 8.84918536e+14  1.17410858e+34  1.45581000e+01  1.92237907e-01  5.59960000e+00  1.16964058e-01  9.41672939e-02  6.72342306e-01  1.50923569e-02  3.56988141e+06 
 8.89563348e+14  1.18121120e+34  1.45431000e+01  1.92249236e-01  5.59960000e+00  1.17158859e-01  9.41881910e-02  6.71456744e-01  1.50981746e-02  3.55185038e+06 
 8.94208160e+14  1.18831912e+34  1.45281000e+01  1.92259553e-01  5.59860000e+00  1.17315862e-01  9.42098494e-02  6.70781416e-01  1.51043409e-02  3.53406574e+06 
 8.98852973e+14  1.19543224e+34  1.45141000e+01  1.92268911e-01  5.59760000e+00  1.17471571e-01  9.42193093e-02  6.70108531e-01  1.51056603e-02  3.51652183e+06 
 9.03497785e+14  1.20255139e+34  1.44991000e+01  1.92277286e-01  5.59760000e+00  1.17662535e-01  9.42424648e-02  6.69228375e-01  1.51125104e-02  3.49921234e+06 
 9.08142597e+14  1.20967586e+34  1.44851000e+01  1.92284745e-01  5.59660000e+00  1.17815740e-01  9.42533873e-02  6.68559609e-01  1.51144978e-02  3.48213363e+06 
 9.12787410e+14  1.21680546e+34  1.44701000e+01  1.92291255e-01  5.59560000e+00  1.17967718e-01  9.42780520e-02  6.67892883e-01  1.51220352e-02  3.46528227e+06 
 9.17432222e+14  1.22394092e+34  1.44561000e+01  1.92296864e-01  5.59560000e+00  1.18154939e-01  9.42904144e-02  6.67018242e-01  1.51246795e-02  3.44865117e+06 
 9.22077034e+14  1.23108172e+34  1.44421000e+01  1.92301599e-01  5.59460000e+00  1.18304465e-01  9.43035143e-02  6.66355799e-01  1.51276588e-02  3.43223777e+06 
 9.26721847e+14  1.23822759e+34  1.44281000e+01  1.92305461e-01  5.59360000e+00  1.18452791e-01  9.43173352e-02  6.65695506e-01  1.51309656e-02  3.41603770e+06 
 9.31366659e+14  1.24537914e+34  1.44141000e+01  1.92308453e-01  5.59260000e+00  1.18599942e-01  9.43318536e-02  6.65037272e-01  1.51345902e-02  3.40004623e+06 
 9.36011471e+14  1.25253606e+34  1.44001000e+01  1.92310603e-01  5.59260000e+00  1.18782326e-01  9.43470833e-02  6.64170061e-01  1.51385378e-02  3.38425988e+06 
 9.40656283e+14  1.25969797e+34  1.43871000e+01  1.92311969e-01  5.59160000e+00  1.18927083e-01  9.43499477e-02  6.63516323e-01  1.51375625e-02  3.36867460e+06 
 9.45301096e+14  1.26686541e+34  1.43731000e+01  1.92312506e-01  5.59060000e+00  1.19070709e-01  9.43665975e-02  6.62864486e-01  1.51421527e-02  3.35328607e+06 
 9.49945908e+14  1.27403824e+34  1.43601000e+01  1.92312250e-01  5.58960000e+00  1.19213190e-01  9.43708062e-02  6.62214820e-01  1.51417884e-02  3.33809068e+06 
 9.54590720e+14  1.28121600e+34  1.43461000e+01  1.92311218e-01  5.58860000e+00  1.19354524e-01  9.43888599e-02  6.61567390e-01  1.51470134e-02  3.32308587e+06 
 9.59235533e+14  1.28839911e+34  1.43331000e+01  1.92309441e-01  5.58760000e+00  1.19494720e-01  9.43944558e-02  6.60922284e-01  1.51472758e-02  3.30826688e+06 
 9.63880345e+14  1.29558765e+34  1.43201000e+01  1.92306928e-01  5.58760000e+00  1.19670144e-01  9.44007302e-02  6.60066686e-01  1.51478449e-02  3.29363016e+06 
 9.68525157e+14  1.30278106e+34  1.43071000e+01  1.92303660e-01  5.58660000e+00  1.19808110e-01  9.44076643e-02  6.59425591e-01  1.51487126e-02  3.27917367e+06 
 9.73169970e+14  1.30997966e+34  1.42941000e+01  1.92299676e-01  5.58560000e+00  1.19944976e-01  9.44152697e-02  6.58786688e-01  1.51498831e-02  3.26489322e+06 
 9.77814782e+14  1.31718371e+34  1.42811000e+01  1.92294989e-01  5.58460000e+00  1.20080759e-01  9.44235385e-02  6.58149947e-01  1.51513526e-02  3.25078500e+06 
 9.82459594e+14  1.32439257e+34  1.42681000e+01  1.92289615e-01  5.58360000e+00  1.20215454e-01  9.44324830e-02  6.57515440e-01  1.51531258e-02  3.23684706e+06 
 9.87104407e+14  1.33160645e+34  1.42551000e+01  1.92283567e-01  5.58260000e+00  1.20349076e-01  9.44420963e-02  6.56883137e-01  1.51551995e-02  3.22307589e+06 
 9.91749219e+14  1.33882582e+34  1.42421000e+01  1.92276850e-01  5.58160000e+00  1.20481642e-01  9.44523635e-02  6.56252995e-01  1.51575675e-02  3.20946800e+06 
 9.96394031e+14  1.34604995e+34  1.42301000e+01  1.92269498e-01  5.58060000e+00  1.20613141e-01  9.44500329e-02  6.55625159e-01  1.51549129e-02  3.19602097e+06 
 1.00103884e+15  1.35327893e+34  1.42171000e+01  1.92261511e-01  5.57960000e+00  1.20743594e-01  9.44616317e-02  6.54999537e-01  1.51578771e-02  3.18273219e+06 
 1.00568366e+15  1.36051344e+34  1.42051000e+01  1.92252878e-01  5.57860000e+00  1.20873028e-01  9.44605629e-02  6.54375940e-01  1.51557906e-02  3.16959810e+06 
 1.01032847e+15  1.36775264e+34  1.41931000e+01  1.92243640e-01  5.57760000e+00  1.21001430e-01  9.44601362e-02  6.53754574e-01  1.51539918e-02  3.15661658e+06 
 1.01497328e+15  1.37499654e+34  1.41811000e+01  1.92233799e-01  5.57660000e+00  1.21128813e-01  9.44603427e-02  6.53135378e-01  1.51524771e-02  3.14378525e+06 
 1.01961809e+15  1.38224600e+34  1.41681000e+01  1.92223343e-01  5.57560000e+00  1.21255205e-01  9.44744846e-02  6.52518191e-01  1.51565806e-02  3.13110084e+06 
 1.02426291e+15  1.38950011e+34  1.41561000e+01  1.92212334e-01  5.57460000e+00  1.21380587e-01  9.44759502e-02  6.51903316e-01  1.51556289e-02  3.11856057e+06 
 1.02890772e+15  1.39675884e+34  1.41441000e+01  1.92200724e-01  5.57360000e+00  1.21504977e-01  9.44780236e-02  6.51290494e-01  1.51549503e-02  3.10616406e+06 
 1.03355253e+15  1.40402298e+34  1.41331000e+01  1.92188584e-01  5.57260000e+00  1.21628391e-01  9.44673543e-02  6.50679897e-01  1.51491903e-02  3.09390535e+06 
 1.03819734e+15  1.41129181e+34  1.41211000e+01  1.92175871e-01  5.57160000e+00  1.21750831e-01  9.44706510e-02  6.50071376e-01  1.51490586e-02  3.08178524e+06 
 1.04284215e+15  1.41856521e+34  1.41091000e+01  1.92162635e-01  5.57060000e+00  1.21872297e-01  9.44745787e-02  6.49465097e-01  1.51492071e-02  3.06980022e+06 
 1.04748697e+15  1.42584385e+34  1.40971000e+01  1.92148873e-01  5.56960000e+00  1.21992813e-01  9.44791136e-02  6.48860933e-01  1.51496262e-02  3.05794729e+06 
 1.05213178e+15  1.43312723e+34  1.40861000e+01  1.92134569e-01  5.56860000e+00  1.22112384e-01  9.44708308e-02  6.48258807e-01  1.51449349e-02  3.04622567e+06 
 1.05677659e+15  1.44041513e+34  1.40741000e+01  1.92119767e-01  5.56760000e+00  1.22231009e-01  9.44765725e-02  6.47658867e-01  1.51458912e-02  3.03463259e+06 
 1.06142140e+15  1.44770810e+34  1.40631000e+01  1.92104462e-01  5.56660000e+00  1.22348708e-01  9.44694757e-02  6.47061005e-01  1.51417287e-02  3.02316534e+06 
 1.06606622e+15  1.45500586e+34  1.40511000e+01  1.92088658e-01  5.56560000e+00  1.22465484e-01  9.44764030e-02  6.46465224e-01  1.51432120e-02  3.01182267e+06 
 1.07071103e+15  1.46230810e+34  1.40401000e+01  1.92072375e-01  5.56460000e+00  1.22581338e-01  9.44704810e-02  6.45871599e-01  1.51395725e-02  3.00060245e+06 
 1.07535584e+15  1.46961524e+34  1.40291000e+01  1.92055617e-01  5.56360000e+00  1.22696286e-01  9.44651321e-02  6.45280054e-01  1.51361885e-02  2.98950229e+06 
 1.08000065e+15  1.47692722e+34  1.40181000e+01  1.92038400e-01  5.56160000e+00  1.22774308e-01  9.44603616e-02  6.44909251e-01  1.51330618e-02  2.97852026e+06 
 1.08464547e+15  1.48424363e+34  1.40071000e+01  1.92020733e-01  5.56060000e+00  1.22887463e-01  9.44561758e-02  6.44322267e-01  1.51301944e-02  2.96765509e+06 
 1.08929028e+15  1.49156478e+34  1.39961000e+01  1.92002624e-01  5.55960000e+00  1.22999731e-01  9.44525647e-02  6.43737407e-01  1.51275820e-02  2.95690425e+06 
 1.09393509e+15  1.49889083e+34  1.39851000e+01  1.91984077e-01  5.55860000e+00  1.23111125e-01  9.44495194e-02  6.43154623e-01  1.51252203e-02  2.94626577e+06 
 1.09857990e+15  1.50622125e+34  1.39741000e+01  1.91965092e-01  5.55760000e+00  1.23221641e-01  9.44470424e-02  6.42573928e-01  1.51231104e-02  2.93573890e+06 
 1.10322471e+15  1.51355625e+34  1.39631000e+01  1.91945684e-01  5.55660000e+00  1.23331292e-01  9.44451322e-02  6.41995327e-01  1.51212510e-02  2.92532137e+06 
 1.10786953e+15  1.52089621e+34  1.39521000e+01  1.91925848e-01  5.55560000e+00  1.23440102e-01  9.44437663e-02  6.41418640e-01  1.51196328e-02  2.91501093e+06 
 1.11251434e+15  1.52824049e+34  1.39421000e+01  1.91905597e-01  5.55360000e+00  1.23512141e-01  9.44294118e-02  6.41064013e-01  1.51128403e-02  2.90480666e+06 
 1.11715915e+15  1.53558919e+34  1.39311000e+01  1.91884946e-01  5.55260000e+00  1.23619271e-01  9.44291573e-02  6.40491646e-01  1.51117129e-02  2.89470694e+06 
 1.12180396e+15  1.54294291e+34  1.39201000e+01  1.91863917e-01  5.55160000e+00  1.23725560e-01  9.44294655e-02  6.39921458e-01  1.51108330e-02  2.88470915e+06 
 1.12644878e+15  1.55030090e+34  1.39101000e+01  1.91842503e-01  5.55060000e+00  1.23831010e-01  9.44167579e-02  6.39353390e-01  1.51047694e-02  2.87481283e+06 
 1.13109359e+15  1.55766316e+34  1.38991000e+01  1.91820710e-01  5.54960000e+00  1.23935633e-01  9.44181743e-02  6.38787400e-01  1.51043773e-02  2.86501655e+06 
 1.13573840e+15  1.56503047e+34  1.38891000e+01  1.91798542e-01  5.54860000e+00  1.24039450e-01  9.44065333e-02  6.38223397e-01  1.50987854e-02  2.85531748e+06 
 1.14038321e+15  1.57240203e+34  1.38791000e+01  1.91775987e-01  5.54660000e+00  1.24106642e-01  9.43954054e-02  6.37882442e-01  1.50934213e-02  2.84571538e+06 
 1.14502803e+15  1.57977781e+34  1.38691000e+01  1.91753072e-01  5.54560000e+00  1.24208874e-01  9.43848076e-02  6.37322508e-01  1.50882913e-02  2.83620871e+06 
 1.14967284e+15  1.58715847e+34  1.38581000e+01  1.91729820e-01  5.54460000e+00  1.24310306e-01  9.43883629e-02  6.36764717e-01  1.50888389e-02  2.82679512e+06 
 1.15431765e+15  1.59454345e+34  1.38481000e+01  1.91706246e-01  5.54360000e+00  1.24410934e-01  9.43788491e-02  6.36209146e-01  1.50841846e-02  2.81747363e+06 
 1.15896246e+15  1.60193260e+34  1.38381000e+01  1.91682319e-01  5.54260000e+00  1.24510775e-01  9.43698521e-02  6.35655561e-01  1.50797583e-02  2.80824378e+06 
 1.16360727e+15  1.60932648e+34  1.38281000e+01  1.91658045e-01  5.54060000e+00  1.24574104e-01  9.43613555e-02  6.35325993e-01  1.50755527e-02  2.79910323e+06 
 1.16825209e+15  1.61672473e+34  1.38181000e+01  1.91633427e-01  5.53960000e+00  1.24672444e-01  9.43533602e-02  6.34776287e-01  1.50715679e-02  2.79005099e+06 
 1.17289690e+15  1.62412712e+34  1.38081000e+01  1.91608501e-01  5.53860000e+00  1.24770008e-01  9.43458940e-02  6.34228702e-01  1.50678146e-02  2.78108589e+06 
 1.17754171e+15  1.63153407e+34  1.37981000e+01  1.91583277e-01  5.53760000e+00  1.24866798e-01  9.43389552e-02  6.33683320e-01  1.50642922e-02  2.77220641e+06 
 1.18218652e+15  1.63894547e+34  1.37891000e+01  1.91557742e-01  5.53560000e+00  1.24927151e-01  9.43188412e-02  6.33362809e-01  1.50555314e-02  2.76341127e+06 
 1.18683134e+15  1.64636096e+34  1.37791000e+01  1.91531890e-01  5.53460000e+00  1.25022471e-01  9.43129003e-02  6.32821443e-01  1.50524470e-02  2.75469976e+06 
 1.19147615e+15  1.65378084e+34  1.37691000e+01  1.91505719e-01  5.53360000e+00  1.25117065e-01  9.43074464e-02  6.32281863e-01  1.50495760e-02  2.74607045e+06 
 1.19612096e+15  1.66120525e+34  1.37601000e+01  1.91479273e-01  5.53260000e+00  1.25210915e-01  9.42888022e-02  6.31744414e-01  1.50414631e-02  2.73752162e+06 
 1.20076577e+15  1.66863371e+34  1.37501000e+01  1.91452562e-01  5.53060000e+00  1.25268393e-01  9.42843828e-02  6.31432782e-01  1.50390430e-02  2.72905285e+06 
 1.20541059e+15  1.67606639e+34  1.37411000e+01  1.91425551e-01  5.52960000e+00  1.25360794e-01  9.42667280e-02  6.30899583e-01  1.50313649e-02  2.72066310e+06 
 1.21005540e+15  1.68350368e+34  1.37311000e+01  1.91398244e-01  5.52860000e+00  1.25452507e-01  9.42632588e-02  6.30368043e-01  1.50293603e-02  2.71235032e+06 
 1.21470021e+15  1.69094497e+34  1.37221000e+01  1.91370652e-01  5.52760000e+00  1.25543504e-01  9.42465433e-02  6.29838434e-01  1.50220950e-02  2.70411464e+06 
 1.21934502e+15  1.69839033e+34  1.37121000e+01  1.91342843e-01  5.52560000e+00  1.25598205e-01  9.42440970e-02  6.29535523e-01  1.50205343e-02  2.69595422e+06 
 1.22398983e+15  1.70584037e+34  1.37031000e+01  1.91314760e-01  5.52460000e+00  1.25687791e-01  9.42283724e-02  6.29010329e-01  1.50137015e-02  2.68786783e+06 
 1.22863465e+15  1.71329437e+34  1.36941000e+01  1.91286385e-01  5.52360000e+00  1.25776706e-01  9.42130936e-02  6.28486722e-01  1.50070649e-02  2.67985512e+06 
 1.23327946e+15  1.72075233e+34  1.36841000e+01  1.91257761e-01  5.52260000e+00  1.25864929e-01  9.42120615e-02  6.27965069e-01  1.50061193e-02  2.67191501e+06 
 1.23792427e+15  1.72821494e+34  1.36751000e+01  1.91228914e-01  5.52060000e+00  1.25916955e-01  9.41977570e-02  6.27670631e-01  1.49999068e-02  2.66404591e+06 
 1.24256908e+15  1.73568152e+34  1.36661000e+01  1.91199833e-01  5.51960000e+00  1.26003808e-01  9.41839304e-02  6.27153362e-01  1.49939025e-02  2.65624721e+06 
 1.24721390e+15  1.74315203e+34  1.36571000e+01  1.91170467e-01  5.51860000e+00  1.26090017e-01  9.41705314e-02  6.26637569e-01  1.49880860e-02  2.64851845e+06 
 1.25185871e+15  1.75062701e+34  1.36481000e+01  1.91140871e-01  5.51660000e+00  1.26140116e-01  9.41575957e-02  6.26349179e-01  1.49824713e-02  2.64085777e+06 
 1.25650352e+15  1.75810606e+34  1.36391000e+01  1.91111083e-01  5.51560000e+00  1.26224983e-01  9.41451589e-02  6.25837788e-01  1.49770727e-02  2.63326473e+06 
 1.26114833e+15  1.76558899e+34  1.36301000e+01  1.91081050e-01  5.51460000e+00  1.26309198e-01  9.41331708e-02  6.25328167e-01  1.49718697e-02  2.62573889e+06 
 1.26579315e+15  1.77307624e+34  1.36211000e+01  1.91050783e-01  5.51360000e+00  1.26392786e-01  9.41216210e-02  6.24820165e-01  1.49668568e-02  2.61827816e+06 
 1.27043796e+15  1.78056763e+34  1.36121000e+01  1.91020276e-01  5.51160000e+00  1.26440346e-01  9.41105155e-02  6.24540154e-01  1.49620379e-02  2.61088316e+06 
 1.27508277e+15  1.78806286e+34  1.36041000e+01  1.90989613e-01  5.51060000e+00  1.26522627e-01  9.40860795e-02  6.24036508e-01  1.49519383e-02  2.60355171e+06 
 1.27972758e+15  1.79556225e+34  1.35951000e+01  1.90958705e-01  5.50960000e+00  1.26604293e-01  9.40758918e-02  6.23534421e-01  1.49475171e-02  2.59628383e+06 
 1.28437239e+15  1.80306586e+34  1.35861000e+01  1.90927564e-01  5.50760000e+00  1.26650019e-01  9.40661284e-02  6.23260544e-01  1.49432799e-02  2.58907831e+06 
 1.28901721e+15  1.81057328e+34  1.35781000e+01  1.90896265e-01  5.50660000e+00  1.26730431e-01  9.40430011e-02  6.22762499e-01  1.49337526e-02  2.58193430e+06 
 1.29366202e+15  1.81808470e+34  1.35691000e+01  1.90864765e-01  5.50560000e+00  1.26810214e-01  9.40341695e-02  6.22266369e-01  1.49299176e-02  2.57485158e+06 
 1.29830683e+15  1.82560042e+34  1.35601000e+01  1.90833031e-01  5.50360000e+00  1.26854137e-01  9.40257409e-02  6.21998693e-01  1.49262570e-02  2.56782850e+06 
 1.30295164e+15  1.83311992e+34  1.35521000e+01  1.90801117e-01  5.50260000e+00  1.26932735e-01  9.40038925e-02  6.21506054e-01  1.49172869e-02  2.56086475e+06 
 1.30759646e+15  1.84064324e+34  1.35431000e+01  1.90769046e-01  5.50160000e+00  1.27010693e-01  9.39963866e-02  6.21015635e-01  1.49140232e-02  2.55395992e+06 
 1.31224127e+15  1.84817096e+34  1.35351000e+01  1.90736764e-01  5.50060000e+00  1.27088072e-01  9.39753998e-02  6.20526731e-01  1.49054278e-02  2.54711244e+06 
 1.31688608e+15  1.85570242e+34  1.35261000e+01  1.90704283e-01  5.49860000e+00  1.27129655e-01  9.39687174e-02  6.20267148e-01  1.49025194e-02  2.54032224e+06 
 1.32153089e+15  1.86323760e+34  1.35181000e+01  1.90671657e-01  5.49760000e+00  1.27205843e-01  9.39486030e-02  6.19782216e-01  1.48943013e-02  2.53358852e+06 
 1.32617571e+15  1.87077716e+34  1.35101000e+01  1.90638860e-01  5.49660000e+00  1.27281440e-01  9.39289072e-02  6.19299120e-01  1.48862655e-02  2.52691010e+06 
 1.33082052e+15  1.87832046e+34  1.35021000e+01  1.90605851e-01  5.49460000e+00  1.27321322e-01  9.39095929e-02  6.19045531e-01  1.48783964e-02  2.52028679e+06 
 1.33546533e+15  1.88586746e+34  1.34931000e+01  1.90572689e-01  5.49360000e+00  1.27395786e-01  9.39046322e-02  6.18565942e-01  1.48762272e-02  2.51371804e+06 
 1.34011014e+15  1.89341867e+34  1.34851000e+01  1.90539392e-01  5.49260000e+00  1.27469651e-01  9.38861971e-02  6.18088450e-01  1.48687364e-02  2.50720259e+06 
 1.34475495e+15  1.90097372e+34  1.34771000e+01  1.90505904e-01  5.49060000e+00  1.27507861e-01  9.38681463e-02  6.17840967e-01  1.48614123e-02  2.50073991e+06 
 1.34939977e+15  1.90853243e+34  1.34691000e+01  1.90472240e-01  5.48960000e+00  1.27580638e-01  9.38504954e-02  6.17366700e-01  1.48542615e-02  2.49432983e+06 
 1.35404458e+15  1.91609519e+34  1.34611000e+01  1.90438462e-01  5.48860000e+00  1.27652816e-01  9.38332924e-02  6.16894677e-01  1.48473032e-02  2.48797139e+06 
 1.35868939e+15  1.92366188e+34  1.34531000e+01  1.90404509e-01  5.48660000e+00  1.27689394e-01  9.38164746e-02  6.16653188e-01  1.48405116e-02  2.48166388e+06 
 1.36333420e+15  1.93123219e+34  1.34451000e+01  1.90370383e-01  5.48560000e+00  1.27760510e-01  9.38000426e-02  6.16184342e-01  1.48338864e-02  2.47540691e+06 
 1.36797902e+15  1.93880639e+34  1.34371000e+01  1.90336147e-01  5.48460000e+00  1.27831047e-01  9.37840493e-02  6.15717634e-01  1.48274490e-02  2.46919962e+06 
 1.37262383e+15  1.94638462e+34  1.34291000e+01  1.90301776e-01  5.48260000e+00  1.27866027e-01  9.37684631e-02  6.15482177e-01  1.48211864e-02  2.46304125e+06 
 1.37726864e+15  1.95396644e+34  1.34211000e+01  1.90267217e-01  5.48160000e+00  1.27935519e-01  9.37532382e-02  6.15018724e-01  1.48150797e-02  2.45693180e+06 
 1.38191345e+15  1.96155198e+34  1.34131000e+01  1.90232536e-01  5.48060000e+00  1.28004455e-01  9.37384296e-02  6.14557213e-01  1.48091512e-02  2.45087056e+06 
 1.38655827e+15  1.96914164e+34  1.34051000e+01  1.90197744e-01  5.47860000e+00  1.28037879e-01  9.37240394e-02  6.14327573e-01  1.48034015e-02  2.44485656e+06 
 1.39120308e+15  1.97673486e+34  1.33971000e+01  1.90162771e-01  5.47760000e+00  1.28105784e-01  9.37100017e-02  6.13869423e-01  1.47978033e-02  2.43888957e+06 
 1.39584789e+15  1.98433164e+34  1.33901000e+01  1.90127677e-01  5.47660000e+00  1.28173151e-01  9.36823733e-02  6.13413099e-01  1.47868545e-02  2.43296899e+06 
 1.40049270e+15  1.99193263e+34  1.33821000e+01  1.90092496e-01  5.47460000e+00  1.28205061e-01  9.36691607e-02  6.13189195e-01  1.47816091e-02  2.42709393e+06 
 1.40513751e+15  1.99953716e+34  1.33741000e+01  1.90057154e-01  5.47360000e+00  1.28271405e-01  9.36563063e-02  6.12736463e-01  1.47765167e-02  2.42126417e+06 
 1.40978233e+15  2.00714520e+34  1.33671000e+01  1.90021679e-01  5.47260000e+00  1.28337237e-01  9.36298220e-02  6.12285327e-01  1.47660621e-02  2.41547922e+06 
 1.41442714e+15  2.01475731e+34  1.33591000e+01  1.89986127e-01  5.47060000e+00  1.28367667e-01  9.36177707e-02  6.12067080e-01  1.47613123e-02  2.40973845e+06 
 1.41907195e+15  2.02237304e+34  1.33511000e+01  1.89950426e-01  5.46960000e+00  1.28432486e-01  9.36060767e-02  6.11619648e-01  1.47567147e-02  2.40404140e+06 
 1.42371676e+15  2.02999226e+34  1.33441000e+01  1.89914592e-01  5.46860000e+00  1.28496811e-01  9.35807231e-02  6.11173700e-01  1.47467468e-02  2.39838760e+06 
 1.42836158e+15  2.03761539e+34  1.33361000e+01  1.89878680e-01  5.46660000e+00  1.28525801e-01  9.35698080e-02  6.10960936e-01  1.47424806e-02  2.39277655e+06 
 1.43300639e+15  2.04524222e+34  1.33291000e+01  1.89842642e-01  5.46560000e+00  1.28589129e-01  9.35452201e-02  6.10518738e-01  1.47328416e-02  2.38720760e+06 
 1.43765120e+15  2.05287252e+34  1.33211000e+01  1.89806469e-01  5.46460000e+00  1.28651981e-01  9.35350220e-02  6.10077933e-01  1.47288805e-02  2.38168056e+06 
 1.44229601e+15  2.06050657e+34  1.33141000e+01  1.89770218e-01  5.46260000e+00  1.28679564e-01  9.35111797e-02  6.09870594e-01  1.47195611e-02  2.37619475e+06 
 1.44694083e+15  2.06814442e+34  1.33071000e+01  1.89733862e-01  5.46160000e+00  1.28741434e-01  9.34877012e-02  6.09433578e-01  1.47103986e-02  2.37074965e+06 
 1.45158564e+15  2.07578571e+34  1.32991000e+01  1.89697371e-01  5.46060000e+00  1.28802844e-01  9.34786158e-02  6.08997858e-01  1.47069096e-02  2.36534504e+06 
 1.45623045e+15  2.08733017e+34  1.32881000e+01  1.89642005e-01  5.45860000e+00  1.28878036e-01  9.34499715e-02  6.08454409e-01  1.46957919e-02  2.35723633e+06 
 1.46087526e+15  2.10159602e+34  1.32751000e+01  1.89573057e-01  5.45560000e+00  1.28952685e-01  9.34057002e-02  6.07901588e-01  1.46785946e-02  2.34724703e+06 
 1.46552007e+15  2.11590989e+34  1.32611000e+01  1.89503408e-01  5.45360000e+00  1.29062900e-01  9.33740211e-02  6.07106752e-01  1.46663682e-02  2.33724149e+06 
 1.47016489e+15  2.13027217e+34  1.32471000e+01  1.89433284e-01  5.45060000e+00  1.29139370e-01  9.33410096e-02  6.06535492e-01  1.46536353e-02  2.32721439e+06 
 1.47480970e+15  2.14469135e+34  1.32331000e+01  1.89362688e-01  5.44860000e+00  1.29251508e-01  9.33065191e-02  6.05721322e-01  1.46403333e-02  2.31715594e+06 
 1.47945451e+15  2.15915858e+34  1.32191000e+01  1.89291859e-01  5.44560000e+00  1.29329980e-01  9.32708405e-02  6.05131835e-01  1.46265749e-02  2.30706999e+06 
 1.48409932e+15  2.17367389e+34  1.32051000e+01  1.89220782e-01  5.44260000e+00  1.29409478e-01  9.32339223e-02  6.04533312e-01  1.46123356e-02  2.29695412e+06 
 1.48874414e+15  2.18824499e+34  1.31911000e+01  1.89149611e-01  5.44060000e+00  1.29524478e-01  9.31958015e-02  6.03692941e-01  1.45976297e-02  2.28680179e+06 
 1.49338895e+15  2.20286570e+34  1.31771000e+01  1.89078371e-01  5.43760000e+00  1.29606006e-01  9.31565470e-02  6.03077521e-01  1.45824811e-02  2.27661581e+06 
 1.49803376e+15  2.21753452e+34  1.31621000e+01  1.89007153e-01  5.43460000e+00  1.29688526e-01  9.31303959e-02  6.02454163e-01  1.45724569e-02  2.26639647e+06 
 1.50267857e+15  2.23225722e+34  1.31481000e+01  1.88936021e-01  5.43260000e+00  1.29806449e-01  9.30890368e-02  6.01588541e-01  1.45564792e-02  2.25613921e+06 
 1.50732339e+15  2.24703151e+34  1.31331000e+01  1.88864973e-01  5.42960000e+00  1.29891037e-01  9.30607913e-02  6.00948677e-01  1.45456207e-02  2.24584503e+06 
 1.51196820e+15  2.26185395e+34  1.31191000e+01  1.88794154e-01  5.42660000e+00  1.29976589e-01  9.30174908e-02  6.00301696e-01  1.45288715e-02  2.23551592e+06 
 1.51661301e+15  2.26806933e+34  1.31131000e+01  1.88764647e-01  5.42560000e+00  1.30021245e-01  9.30013533e-02  5.99970084e-01  1.45226346e-02  2.23119413e+06 
 1.52125782e+15  2.27200382e+34  1.31091000e+01  1.88746155e-01  5.42560000e+00  1.30070767e-01  9.29945636e-02  5.99614442e-01  1.45200243e-02  2.22848411e+06 
 1.52590263e+15  2.27593348e+34  1.31051000e+01  1.88727802e-01  5.42460000e+00  1.30085546e-01  9.29883483e-02  5.99496838e-01  1.45176389e-02  2.22580266e+06 
 1.53054745e+15  2.28109837e+34  1.31001000e+01  1.88703827e-01  5.42360000e+00  1.30115154e-01  9.29772291e-02  5.99272089e-01  1.45133546e-02  2.22231540e+06 
 1.53519226e+15  2.31631665e+34  1.30661000e+01  1.88539797e-01  5.41760000e+00  1.30347947e-01  9.28964371e-02  5.97520355e-01  1.44822165e-02  2.19845776e+06 
 1.53983707e+15  2.36202737e+34  1.30211000e+01  1.88328338e-01  5.40860000e+00  1.30623330e-01  9.27895979e-02  5.95428905e-01  1.44408726e-02  2.16681492e+06 
 1.54448188e+15  2.40844322e+34  1.29731000e+01  1.88119708e-01  5.40060000e+00  1.30959628e-01  9.26997914e-02  5.92923446e-01  1.44057932e-02  2.13379603e+06 
 1.54912670e+15  2.45570589e+34  1.29231000e+01  1.87916803e-01  5.39160000e+00  1.31291456e-01  9.26123074e-02  5.90468085e-01  1.43710964e-02  2.09924790e+06 
 1.55377151e+15  2.50369719e+34  1.28711000e+01  1.87723092e-01  5.38260000e+00  1.31651978e-01  9.25308258e-02  5.87839968e-01  1.43380750e-02  2.06323673e+06 
 1.55841632e+15  2.55242106e+34  1.28171000e+01  1.87541196e-01  5.37360000e+00  1.32041706e-01  9.24570018e-02  5.85041738e-01  1.43072410e-02  2.02576812e+06 
 1.56306113e+15  2.60199015e+34  1.27611000e+01  1.87373246e-01  5.36460000e+00  1.32462623e-01  9.23906345e-02  5.82065508e-01  1.42783843e-02  1.98678146e+06 
 1.56770595e+15  2.65234972e+34  1.27021000e+01  1.87221789e-01  5.35560000e+00  1.32914340e-01  9.23489431e-02  5.78919593e-01  1.42580264e-02  1.94636138e+06 
 1.57235076e+15  2.70347000e+34  1.26411000e+01  1.87089143e-01  5.34660000e+00  1.33396693e-01  9.23198736e-02  5.75610658e-01  1.42413795e-02  1.90459150e+06 
 1.57699557e+15  2.75542997e+34  1.25781000e+01  1.86977220e-01  5.33760000e+00  1.33911141e-01  9.23038862e-02  5.72133761e-01  1.42284868e-02  1.86148190e+06 
 1.58164038e+15  2.80824764e+34  1.25121000e+01  1.86888106e-01  5.32860000e+00  1.34458227e-01  9.23173713e-02  5.68490749e-01  1.42255300e-02  1.81710304e+06 
 1.58628519e+15  2.86185486e+34  1.24451000e+01  1.86823913e-01  5.31960000e+00  1.35037052e-01  9.23341799e-02  5.64693424e-01  1.42223183e-02  1.77161118e+06 
 1.59093001e+15  2.91629187e+34  1.23751000e+01  1.86786463e-01  5.31060000e+00  1.35648406e-01  9.23853189e-02  5.60741935e-01  1.42306647e-02  1.72508363e+06 
 1.59557482e+15  2.97165960e+34  1.23031000e+01  1.86777621e-01  5.30260000e+00  1.36326882e-01  9.24564443e-02  5.56381121e-01  1.42448987e-02  1.67755326e+06 
 1.60021963e+15  3.02784641e+34  1.22301000e+01  1.86799229e-01  5.29360000e+00  1.37005111e-01  9.25367994e-02  5.52125374e-01  1.42607834e-02  1.62924502e+06 
 1.60486444e+15  3.08486135e+34  1.21541000e+01  1.86852941e-01  5.28460000e+00  1.37716155e-01  9.26588059e-02  5.47731915e-01  1.42906961e-02  1.58028749e+06 
 1.60950926e+15  3.14286012e+34  1.20771000e+01  1.86940610e-01  5.27660000e+00  1.38495262e-01  9.27917942e-02  5.42936523e-01  1.43226590e-02  1.53068935e+06 
 1.61415407e+15  3.20172127e+34  1.19971000e+01  1.87063750e-01  5.26860000e+00  1.39307684e-01  9.29712723e-02  5.38010264e-01  1.43703083e-02  1.48070207e+06 
 1.61879888e+15  3.26144099e+34  1.19171000e+01  1.87223761e-01  5.26060000e+00  1.40153390e-01  9.31534797e-02  5.32960001e-01  1.44166515e-02  1.43047698e+06 
 1.62344369e+15  3.32212956e+34  1.18341000e+01  1.87422471e-01  5.25260000e+00  1.41034377e-01  9.33859030e-02  5.27781081e-01  1.44799186e-02  1.38007401e+06 
 1.62808851e+15  3.38376192e+34  1.17501000e+01  1.87661229e-01  5.24460000e+00  1.41950226e-01  9.36405092e-02  5.22483967e-01  1.45491966e-02  1.32966558e+06 
 1.63273332e+15  3.44628396e+34  1.16651000e+01  1.87941130e-01  5.23760000e+00  1.42931783e-01  9.39208870e-02  5.16825265e-01  1.46258265e-02  1.27944600e+06 
 1.63737813e+15  3.50975404e+34  1.15791000e+01  1.88263652e-01  5.22960000e+00  1.43916155e-01  9.42287061e-02  5.11322688e-01  1.47103613e-02  1.22951362e+06 
 1.64202294e+15  3.57425656e+34  1.14911000e+01  1.88630461e-01  5.22260000e+00  1.44968757e-01  9.45817772e-02  5.05456979e-01  1.48096618e-02  1.17994676e+06 
 1.64666775e+15  3.63968054e+34  1.14031000e+01  1.89042079e-01  5.21660000e+00  1.46087052e-01  9.49521422e-02  4.99247724e-01  1.49128298e-02  1.13096895e+06 
 1.65131257e+15  3.70603576e+34  1.13141000e+01  1.89499501e-01  5.20960000e+00  1.47207676e-01  9.53588048e-02  4.93227020e-01  1.50272729e-02  1.08270032e+06 
 1.65595738e+15  3.77349900e+34  1.12241000e+01  1.90004948e-01  5.20360000e+00  1.48397424e-01  9.58019062e-02  4.86858540e-01  1.51529250e-02  1.03513724e+06 
 1.66060219e+15  3.84192662e+34  1.11341000e+01  1.90558326e-01  5.19760000e+00  1.49621588e-01  9.62696218e-02  4.80432577e-01  1.52852097e-02  9.88497848e+05 
 1.66524700e+15  3.91131815e+34  1.10431000e+01  1.91160367e-01  5.19160000e+00  1.50879986e-01  9.67819541e-02  4.73960500e-01  1.54320811e-02  9.42884781e+05 
 1.66989182e+15  3.98178861e+34  1.09521000e+01  1.91812779e-01  5.18660000e+00  1.52206238e-01  9.73225577e-02  4.67171615e-01  1.55869833e-02  8.98317308e+05 
 1.67453663e+15  4.05332357e+34  1.08611000e+01  1.92516180e-01  5.18160000e+00  1.53568441e-01  9.78942889e-02  4.60345564e-01  1.57510866e-02  8.54893046e+05 
 1.67918144e+15  4.12585580e+34  1.07701000e+01  1.93270449e-01  5.17660000e+00  1.54965039e-01  9.85006765e-02  4.53501231e-01  1.59259174e-02  8.12726168e+05 
 1.68382625e+15  4.19943014e+34  1.06791000e+01  1.94076563e-01  5.17160000e+00  1.56396746e-01  9.91437249e-02  4.46646250e-01  1.61123281e-02  7.71852802e+05 
 1.68847107e+15  4.27417815e+34  1.05881000e+01  1.94936412e-01  5.16760000e+00  1.57897389e-01  9.98241912e-02  4.39505097e-01  1.63105856e-02  7.32256547e+05 
 1.69311588e+15  4.34995744e+34  1.04971000e+01  1.95848855e-01  5.16360000e+00  1.59432487e-01  1.00546764e-01  4.32376351e-01  1.65228827e-02  6.94057876e+05 
 1.69776069e+15  4.42677845e+34  1.04071000e+01  1.96814151e-01  5.16060000e+00  1.61033087e-01  1.01294368e-01  4.24996007e-01  1.67423265e-02  6.57281212e+05 
 1.70240550e+15  4.50480233e+34  1.03181000e+01  1.97834695e-01  5.15660000e+00  1.62640415e-01  1.02066792e-01  4.17906690e-01  1.69687059e-02  6.21875544e+05 
 1.70705031e+15  4.58393700e+34  1.02291000e+01  1.98909488e-01  5.15360000e+00  1.64314273e-01  1.02886975e-01  4.10581292e-01  1.72117816e-02  5.87900495e+05 
 1.71169513e+15  4.66414826e+34  1.01411000e+01  2.00038203e-01  5.15060000e+00  1.66022606e-01  1.03737559e-01  4.03309354e-01  1.74645581e-02  5.55375337e+05 
 1.71633994e+15  4.74551315e+34  1.00541000e+01  2.01221821e-01  5.14860000e+00  1.67797862e-01  1.04619081e-01  3.95816369e-01  1.77272965e-02  5.24265791e+05 
 1.72098475e+15  4.82811343e+34  9.96710000e+00  2.02461726e-01  5.14660000e+00  1.69610681e-01  1.05553541e-01  3.88382244e-01  1.80094207e-02  4.94535562e+05 
 1.72562956e+15  4.91182579e+34  9.88210000e+00  2.03755988e-01  5.14460000e+00  1.71458046e-01  1.06501745e-01  3.81029197e-01  1.82946275e-02  4.66215032e+05 
 1.73027438e+15  4.99666117e+34  9.79810000e+00  2.05104616e-01  5.14360000e+00  1.73370760e-01  1.07485761e-01  3.73489219e-01  1.85924789e-02  4.39276375e+05 
 1.73491919e+15  5.08281051e+34  9.71510000e+00  2.06510512e-01  5.14160000e+00  1.75291303e-01  1.08505087e-01  3.66308499e-01  1.89027033e-02  4.13635546e+05 
 1.73956400e+15  5.17013670e+34  9.63310000e+00  2.07971396e-01  5.14160000e+00  1.77308629e-01  1.09562488e-01  3.58678993e-01  1.92269674e-02  3.89306340e+05 
 1.74420881e+15  5.25862222e+34  9.55310000e+00  2.09486560e-01  5.14060000e+00  1.79329790e-01  1.10635960e-01  3.51440056e-01  1.95558508e-02  3.66256964e+05 
 1.74885363e+15  5.34835667e+34  9.47310000e+00  2.11057327e-01  5.14060000e+00  1.81417984e-01  1.11771946e-01  3.44040753e-01  1.99099865e-02  3.44427474e+05 
 1.75349844e+15  5.43941119e+34  9.39610000e+00  2.12684682e-01  5.14060000e+00  1.83543940e-01  1.12900131e-01  3.36759598e-01  2.02582464e-02  3.23763076e+05 
 1.75814325e+15  5.53166197e+34  9.31910000e+00  2.14366072e-01  5.14060000e+00  1.85704406e-01  1.14093316e-01  3.29615153e-01  2.06336126e-02  3.04251873e+05 
 1.76278806e+15  5.62512038e+34  9.24410000e+00  2.16101249e-01  5.14060000e+00  1.87899432e-01  1.15303661e-01  3.22611865e-01  2.10148798e-02  2.85845974e+05 
 1.76743287e+15  5.71998388e+34  9.17110000e+00  2.17893452e-01  5.14160000e+00  1.90164071e-01  1.16529270e-01  3.15466046e-01  2.14009456e-02  2.68464946e+05 
 1.77207769e+15  5.81611675e+34  9.09910000e+00  2.19739829e-01  5.14260000e+00  1.92464077e-01  1.17796367e-01  3.08471367e-01  2.18042935e-02  2.52091776e+05 
 1.77672250e+15  5.91349495e+34  9.02810000e+00  2.21639361e-01  5.14360000e+00  1.94798551e-01  1.19105627e-01  3.01634317e-01  2.22256850e-02  2.36685083e+05 
 1.78136731e+15  6.01219348e+34  8.95910000e+00  2.23592931e-01  5.14560000e+00  1.97199867e-01  1.20430156e-01  2.94678491e-01  2.26527373e-02  2.22188021e+05 
 1.78601212e+15  6.11232694e+34  8.89210000e+00  2.25602383e-01  5.14760000e+00  1.99639548e-01  1.21768436e-01  2.87878049e-01  2.30846261e-02  2.08542465e+05 
 1.79065694e+15  6.21374399e+34  8.82610000e+00  2.27664194e-01  5.14960000e+00  2.02113689e-01  1.23147957e-01  2.81246541e-01  2.35348870e-02  1.95727143e+05 
 1.79530175e+15  6.31645643e+34  8.76210000e+00  2.29777932e-01  5.15160000e+00  2.04622287e-01  1.24540308e-01  2.74784668e-01  2.39902306e-02  1.83697079e+05 
 1.79994656e+15  6.42063673e+34  8.69910000e+00  2.31946655e-01  5.15460000e+00  2.07199955e-01  1.25972461e-01  2.68215880e-01  2.44635005e-02  1.72392366e+05 
 1.80459137e+15  6.52621326e+34  8.63710000e+00  2.34168253e-01  5.15760000e+00  2.09813829e-01  1.27444681e-01  2.61818279e-01  2.49553737e-02  1.61782713e+05 
 1.80923619e+15  6.63312418e+34  8.57710000e+00  2.36440842e-01  5.16060000e+00  2.12462112e-01  1.28927067e-01  2.55596604e-01  2.54516454e-02  1.51835781e+05 
 1.81388100e+15  6.74139385e+34  8.51910000e+00  2.38764266e-01  5.16360000e+00  2.15144910e-01  1.30417725e-01  2.49551502e-01  2.59514003e-02  1.42511892e+05 
 1.81852581e+15  6.85125198e+34  8.46210000e+00  2.41142884e-01  5.16760000e+00  2.17898586e-01  1.31945377e-01  2.43404925e-01  2.64685536e-02  1.33757178e+05 
 1.82317062e+15  6.96248399e+34  8.40710000e+00  2.43571413e-01  5.17060000e+00  2.20655402e-01  1.33478446e-01  2.37702780e-01  2.69880056e-02  1.25556344e+05 
 1.82781543e+15  7.07510208e+34  8.35310000e+00  2.46049431e-01  5.17460000e+00  2.23477530e-01  1.35047028e-01  2.31911535e-01  2.75250678e-02  1.17875448e+05 
 1.83246025e+15  7.18921250e+34  8.30110000e+00  2.48578610e-01  5.17960000e+00  2.26367284e-01  1.36617511e-01  2.26029876e-01  2.80625927e-02  1.10676554e+05 
 1.83710506e+15  7.30488964e+34  8.25010000e+00  2.51159964e-01  5.18360000e+00  2.29263644e-01  1.38221014e-01  2.20581606e-01  2.86164543e-02  1.03926954e+05 
 1.84174987e+15  7.42199301e+34  8.20010000e+00  2.53789659e-01  5.18860000e+00  2.32225373e-01  1.39856940e-01  2.15046365e-01  2.91869958e-02  9.76076618e+04 
 1.84639468e+15  7.54053501e+34  8.15210000e+00  2.56467275e-01  5.19260000e+00  2.35189724e-01  1.41489754e-01  2.09943754e-01  2.97558211e-02  9.16912767e+04 
 1.85103950e+15  7.66069760e+34  8.10510000e+00  2.59196255e-01  5.19760000e+00  2.38223412e-01  1.43152108e-01  2.04747037e-01  3.03396620e-02  8.61444682e+04 
 1.85568431e+15  7.78241203e+34  8.05910000e+00  2.61974338e-01  5.20260000e+00  2.41293048e-01  1.44843073e-01  1.99716603e-01  3.09384476e-02  8.09479519e+04 
 1.86032912e+15  7.90560587e+34  8.01510000e+00  2.64799148e-01  5.20860000e+00  2.44428076e-01  1.46525019e-01  1.94598081e-01  3.15323635e-02  7.60828399e+04 
 1.86497393e+15  8.03029170e+34  7.97210000e+00  2.67670280e-01  5.21360000e+00  2.47565216e-01  1.48232179e-01  1.89898807e-01  3.21397274e-02  7.15275728e+04 
 1.86961875e+15  8.15671921e+34  7.93010000e+00  2.70592769e-01  5.21960000e+00  2.50773281e-01  1.49963656e-01  1.85102504e-01  3.27596095e-02  6.72542114e+04 
 1.87426356e+15  8.28469225e+34  7.89010000e+00  2.73561406e-01  5.22560000e+00  2.54015582e-01  1.51679581e-01  1.80465845e-01  3.33707470e-02  6.32517735e+04 
 1.87890837e+15  8.41419864e+34  7.85110000e+00  2.76575149e-01  5.23160000e+00  2.57291373e-01  1.53415771e-01  1.75985979e-01  3.39927161e-02  5.95032951e+04 
 1.88355318e+15  8.54527654e+34  7.81310000e+00  2.79634145e-01  5.23760000e+00  2.60601121e-01  1.55170882e-01  1.71658666e-01  3.46247866e-02  5.59914093e+04 
 1.88819799e+15  8.67815718e+34  7.77610000e+00  2.82743096e-01  5.24360000e+00  2.63949861e-01  1.56944010e-01  1.67476154e-01  3.52659336e-02  5.26954241e+04 
 1.89284281e+15  8.81261293e+34  7.74010000e+00  2.85895982e-01  5.25060000e+00  2.67363862e-01  1.58733231e-01  1.63197381e-01  3.59157411e-02  4.96073253e+04 
 1.89748762e+15  8.94865666e+34  7.70510000e+00  2.89092288e-01  5.25660000e+00  2.70778810e-01  1.60536921e-01  1.59304878e-01  3.65732982e-02  4.67133888e+04 
 1.90213243e+15  9.08636516e+34  7.67210000e+00  2.92333174e-01  5.26360000e+00  2.74260359e-01  1.62311459e-01  1.55311080e-01  3.72134201e-02  4.39996002e+04 
 1.90677724e+15  9.22589993e+34  7.63910000e+00  2.95621634e-01  5.27060000e+00  2.77779748e-01  1.64139604e-01  1.51451935e-01  3.78829333e-02  4.14516566e+04 
 1.91142206e+15  9.36706493e+34  7.60710000e+00  2.98952369e-01  5.27760000e+00  2.81331854e-01  1.65977502e-01  1.47727649e-01  3.85573583e-02  3.90626119e+04 
 1.91606687e+15  9.50987321e+34  7.57710000e+00  3.02324912e-01  5.28460000e+00  2.84916503e-01  1.67779091e-01  1.44134038e-01  3.92096949e-02  3.68219902e+04 
 1.92071168e+15  9.65442595e+34  7.54710000e+00  3.05740918e-01  5.29260000e+00  2.88568221e-01  1.69630888e-01  1.40434080e-01  3.98899770e-02  3.47188122e+04 
 1.92535649e+15  9.80084298e+34  7.51910000e+00  3.09202447e-01  5.29960000e+00  2.92224164e-01  1.71442238e-01  1.37088447e-01  4.05721278e-02  3.27650514e+04 
 1.93000131e+15  9.94894595e+34  7.49110000e+00  3.12704626e-01  5.30760000e+00  2.95944955e-01  1.73301320e-01  1.33634390e-01  4.12260053e-02  3.08884470e+04 
 1.93464612e+15  1.00987481e+35  7.46410000e+00  3.16246937e-01  5.31460000e+00  2.99664896e-01  1.75161231e-01  1.30526210e-01  4.19063553e-02  2.91476723e+04 
 1.93929093e+15  1.02503582e+35  7.43810000e+00  3.19831205e-01  5.32260000e+00  3.03451724e-01  1.77020486e-01  1.27303883e-01  4.25843104e-02  2.75121093e+04 
 1.94393574e+15  1.04038875e+35  7.41310000e+00  3.23459343e-01  5.33060000e+00  3.07274709e-01  1.78877658e-01  1.24191692e-01  4.32585052e-02  2.59741101e+04 
 1.94858055e+15  1.05591590e+35  7.38910000e+00  3.27126425e-01  5.33860000e+00  3.11129182e-01  1.80730041e-01  1.21188154e-01  4.39581639e-02  2.45463832e+04 
 1.95322537e+15  1.07161860e+35  7.36510000e+00  3.30831984e-01  5.34660000e+00  3.15014921e-01  1.82625241e-01  1.18289585e-01  4.46204931e-02  2.31717340e+04 
 1.95787018e+15  1.08750656e+35  7.34310000e+00  3.34577522e-01  5.35460000e+00  3.18933656e-01  1.84463097e-01  1.15491354e-01  4.53073422e-02  2.19104035e+04 
 1.96251499e+15  1.10359388e+35  7.32110000e+00  3.38365723e-01  5.36260000e+00  3.22888110e-01  1.86342215e-01  1.12790050e-01  4.59849597e-02  2.07078053e+04 
 1.96715980e+15  1.11986108e+35  7.30010000e+00  3.42191073e-01  5.37060000e+00  3.26873167e-01  1.88209874e-01  1.10183219e-01  4.66526033e-02  1.95769454e+04 
 1.97180462e+15  1.13630951e+35  7.27910000e+00  3.46053290e-01  5.37960000e+00  3.30922369e-01  1.90116417e-01  1.07455285e-01  4.73076828e-02  1.85000785e+04 
 1.97644943e+15  1.15294548e+35  7.25910000e+00  3.49952993e-01  5.38760000e+00  3.34969327e-01  1.92009017e-01  1.05029202e-01  4.79837582e-02  1.74995941e+04 
 1.98109424e+15  1.16979046e+35  7.24010000e+00  3.53894495e-01  5.39660000e+00  3.39085754e-01  1.93886737e-01  1.02478165e-01  4.86463216e-02  1.65566388e+04 
 1.98573905e+15  1.18682102e+35  7.22210000e+00  3.57871524e-01  5.40460000e+00  3.43198072e-01  1.95746232e-01  1.00220445e-01  4.93291781e-02  1.56802878e+04 
 1.99038387e+15  1.20403852e+35  7.20410000e+00  3.61883637e-01  5.41360000e+00  3.47374083e-01  1.97640284e-01  9.78350284e-02  4.99589131e-02  1.48332151e+04 
 1.99502868e+15  1.22144430e+35  7.18710000e+00  3.65930389e-01  5.42260000e+00  3.51579466e-01  1.99513258e-01  9.55293528e-02  5.06434471e-02  1.40561922e+04 
 1.99967349e+15  1.23906933e+35  7.17110000e+00  3.70018209e-01  5.43160000e+00  3.55820586e-01  2.01364685e-01  9.32997488e-02  5.12729214e-02  1.33128137e+04 
 2.00431830e+15  1.25688663e+35  7.15510000e+00  3.74140050e-01  5.43960000e+00  3.60056376e-01  2.03247772e-01  9.13452332e-02  5.19179755e-02  1.26122818e+04 
 2.00896311e+15  1.27489660e+35  7.13910000e+00  3.78295235e-01  5.44860000e+00  3.64355179e-01  2.05162312e-01  8.92590306e-02  5.25399677e-02  1.19432124e+04 
 2.01360793e+15  1.29310060e+35  7.12410000e+00  3.82483314e-01  5.45760000e+00  3.68682344e-01  2.07050010e-01  8.72413215e-02  5.31779110e-02  1.13210633e+04 
 2.01825274e+15  1.31152123e+35  7.11010000e+00  3.86708718e-01  5.46660000e+00  3.73042253e-01  2.08909969e-01  8.52894009e-02  5.37923049e-02  1.07336458e+04 
 2.02289755e+15  1.33014868e+35  7.09710000e+00  3.90968403e-01  5.47560000e+00  3.77432125e-01  2.10739475e-01  8.34009949e-02  5.44217544e-02  1.01867874e+04 
 2.02754236e+15  1.34897455e+35  7.08310000e+00  3.95259657e-01  5.48460000e+00  3.81849456e-01  2.12655966e-01  8.15741975e-02  5.50212634e-02  9.65613562e+03 
 2.03218718e+15  1.36800019e+35  7.07110000e+00  3.99582067e-01  5.49460000e+00  3.86329138e-01  2.14479138e-01  7.96148037e-02  5.56366336e-02  9.16925759e+03 
 2.03683199e+15  1.38723658e+35  7.05810000e+00  4.03937265e-01  5.50360000e+00  3.90802853e-01  2.16389403e-01  7.79045063e-02  5.62193567e-02  8.69608319e+03 
 2.04147680e+15  1.40669758e+35  7.04710000e+00  4.08327663e-01  5.51260000e+00  3.95307911e-01  2.18203424e-01  7.62487262e-02  5.68170742e-02  8.26143331e+03 
 2.04612161e+15  1.42636274e+35  7.03510000e+00  4.12747839e-01  5.52160000e+00  3.99839153e-01  2.20103690e-01  7.46461642e-02  5.73794698e-02  7.83884804e+03 
 2.05076643e+15  1.44623344e+35  7.02510000e+00  4.17197337e-01  5.53160000e+00  4.04432041e-01  2.21902250e-01  7.29080103e-02  5.79557447e-02  7.45108963e+03 
 2.05541124e+15  1.46598827e+35  7.01410000e+00  4.21603624e-01  5.54060000e+00  4.08946574e-01  2.23767445e-01  7.14023462e-02  5.84919345e-02  7.07949789e+03 
 2.06005605e+15  1.48444136e+35  7.00510000e+00  4.25702351e-01  5.54860000e+00  4.13131133e-01  2.25436669e-01  7.01100890e-02  5.90312224e-02  6.76381329e+03 
 2.06470086e+15  1.50302082e+35  6.99610000e+00  4.29810961e-01  5.55760000e+00  4.17359982e-01  2.27119882e-01  6.86707166e-02  5.94863164e-02  6.45472979e+03 
 2.06934567e+15  1.52177018e+35  6.98810000e+00  4.33938748e-01  5.56560000e+00  4.21569787e-01  2.28754038e-01  6.74502826e-02  5.99948774e-02  6.17072149e+03 
 2.07399049e+15  1.54069036e+35  6.98010000e+00  4.38085193e-01  5.57460000e+00  4.25832690e-01  2.30403107e-01  6.60825819e-02  6.04626256e-02  5.89618001e+03 
 2.07863530e+15  1.55978822e+35  6.97210000e+00  4.42251420e-01  5.58260000e+00  4.30077062e-01  2.32067423e-01  6.49288151e-02  6.09349054e-02  5.63516165e+03 
 2.08328011e+15  1.57907896e+35  6.96510000e+00  4.46439981e-01  5.59160000e+00  4.34378392e-01  2.33680299e-01  6.36280928e-02  6.13673685e-02  5.38675541e+03 
 2.08792492e+15  1.59854349e+35  6.95710000e+00  4.50646330e-01  5.59960000e+00  4.38659382e-01  2.35374224e-01  6.25355388e-02  6.17998652e-02  5.14657070e+03 
 2.09256974e+15  1.61818277e+35  6.95010000e+00  4.54870082e-01  5.60860000e+00  4.42992806e-01  2.37014161e-01  6.12970302e-02  6.22386463e-02  4.92206016e+03 
 2.09721455e+15  1.63799771e+35  6.94410000e+00  4.59110827e-01  5.61660000e+00  4.47305316e-01  2.38598218e-01  6.02604966e-02  6.26837530e-02  4.71211116e+03 
 2.10185936e+15  1.65800285e+35  6.93710000e+00  4.63371232e-01  5.62560000e+00  4.51672603e-01  2.40264106e-01  5.90794343e-02  6.30792452e-02  4.50504680e+03 
 2.10650417e+15  1.67819825e+35  6.93110000e+00  4.67650657e-01  5.63360000e+00  4.56020898e-01  2.41873448e-01  5.80956950e-02  6.34800899e-02  4.31130742e+03 
 2.11114899e+15  1.69857226e+35  6.92510000e+00  4.71946095e-01  5.64260000e+00  4.60420847e-01  2.43494128e-01  5.69675594e-02  6.38826060e-02  4.12685551e+03 
 2.11579380e+15  1.71912582e+35  6.92010000e+00  4.76257211e-01  5.65160000e+00  4.64835681e-01  2.45055075e-01  5.58640831e-02  6.42904547e-02  3.95429355e+03 
 2.12043861e+15  1.73985985e+35  6.91410000e+00  4.80583624e-01  5.65960000e+00  4.69227602e-01  2.46697275e-01  5.49528498e-02  6.46450374e-02  3.78387701e+03 
 2.12508342e+15  1.76079323e+35  6.90910000e+00  4.84928791e-01  5.66860000e+00  4.73674512e-01  2.48279442e-01  5.38969681e-02  6.50552842e-02  3.62717494e+03 
 2.12972823e+15  1.78191745e+35  6.90410000e+00  4.89290306e-01  5.67660000e+00  4.78099491e-01  2.49871640e-01  5.30290288e-02  6.53635653e-02  3.47221348e+03 
 2.13437305e+15  1.80322504e+35  6.90010000e+00  4.93666114e-01  5.68560000e+00  4.82575504e-01  2.51400337e-01  5.20169478e-02  6.57274636e-02  3.32985703e+03 
 2.13901786e+15  1.82471693e+35  6.89510000e+00  4.98055859e-01  5.69360000e+00  4.87027256e-01  2.53010627e-01  5.11886072e-02  6.60871614e-02  3.19152358e+03 
 2.14366267e+15  1.84639403e+35  6.89110000e+00  5.02459193e-01  5.70160000e+00  4.91491814e-01  2.54556052e-01  5.03788177e-02  6.63984847e-02  3.05960476e+03 
 2.14830748e+15  1.86827581e+35  6.88710000e+00  5.06879513e-01  5.71060000e+00  4.96010690e-01  2.56110397e-01  4.94251848e-02  6.67090281e-02  2.93366991e+03 
 2.15295230e+15  1.89035264e+35  6.88310000e+00  5.11314355e-01  5.71860000e+00  5.00505442e-01  2.57672938e-01  4.86511374e-02  6.70186280e-02  2.81348356e+03 
 2.15759711e+15  1.91261754e+35  6.87910000e+00  5.15761732e-01  5.72760000e+00  5.05050519e-01  2.59243016e-01  4.77340122e-02  6.73270652e-02  2.69879937e+03 
 2.16224192e+15  1.93507143e+35  6.87510000e+00  5.20221332e-01  5.73560000e+00  5.09569303e-01  2.60820495e-01  4.69923138e-02  6.75801147e-02  2.58726920e+03 
 2.16688673e+15  1.95771520e+35  6.87210000e+00  5.24692764e-01  5.74460000e+00  5.14137996e-01  2.62328797e-01  4.61084856e-02  6.78904772e-02  2.48484453e+03 
 2.17153155e+15  1.98056460e+35  6.86910000e+00  5.29178634e-01  5.75260000e+00  5.18682530e-01  2.63844031e-01  4.53964515e-02  6.81447806e-02  2.38500155e+03 
 2.17617636e+15  2.00361742e+35  6.86610000e+00  5.33677981e-01  5.76060000e+00  5.23239931e-01  2.65365909e-01  4.46995156e-02  6.83970289e-02  2.28960105e+03 
 2.18082117e+15  2.02686294e+35  6.86310000e+00  5.38188097e-01  5.76960000e+00  5.27846950e-01  2.66893529e-01  4.38606196e-02  6.86469677e-02  2.19847196e+03 
 2.18546598e+15  2.05030205e+35  6.86010000e+00  5.42708664e-01  5.77760000e+00  5.32425700e-01  2.68426773e-01  4.31891944e-02  6.88945088e-02  2.11140452e+03 
 2.19011079e+15  2.07393564e+35  6.85810000e+00  5.47239414e-01  5.78560000e+00  5.37014380e-01  2.69886828e-01  4.25306930e-02  6.90891841e-02  2.02819947e+03 
 2.19475561e+15  2.09777090e+35  6.85510000e+00  5.51781110e-01  5.79360000e+00  5.41614148e-01  2.71430793e-01  4.18832023e-02  6.93314523e-02  1.94864850e+03 
 2.19940042e+15  2.12182260e+35  6.85310000e+00  5.56336027e-01  5.80260000e+00  5.46266356e-01  2.72901352e-01  4.10962973e-02  6.95202958e-02  1.87253272e+03 
 2.20404523e+15  2.14607155e+35  6.85110000e+00  5.60900087e-01  5.81060000e+00  5.50888557e-01  2.74376104e-01  4.04720900e-02  6.97060236e-02  1.79975209e+03 
 2.20869004e+15  2.17051860e+35  6.84910000e+00  5.65472835e-01  5.81860000e+00  5.55519667e-01  2.75854796e-01  3.98579874e-02  6.98884700e-02  1.73014585e+03 
 2.21333486e+15  2.19516464e+35  6.84710000e+00  5.70053981e-01  5.82660000e+00  5.60159471e-01  2.77337333e-01  3.92534678e-02  7.00675729e-02  1.66356162e+03 
 2.21797967e+15  2.22001053e+35  6.84510000e+00  5.74643199e-01  5.83460000e+00  5.64807749e-01  2.78823587e-01  3.86579276e-02  7.02432513e-02  1.59985497e+03 
 2.22262448e+15  2.24507583e+35  6.84310000e+00  5.79243538e-01  5.84260000e+00  5.69467337e-01  2.80314388e-01  3.80717149e-02  7.03577314e-02  1.53758330e+03 
 2.22726929e+15  2.27035045e+35  6.84210000e+00  5.83852624e-01  5.85060000e+00  5.74136017e-01  2.81726637e-01  3.74941663e-02  7.05325219e-02  1.48043279e+03 
 2.23191411e+15  2.29582760e+35  6.84110000e+00  5.88468714e-01  5.85860000e+00  5.78812145e-01  2.83141306e-01  3.69249339e-02  7.06456923e-02  1.42451447e+03 
 2.23655892e+15  2.32150814e+35  6.83910000e+00  5.93091532e-01  5.86660000e+00  5.83495477e-01  2.84641557e-01  3.63637989e-02  7.08067077e-02  1.37097311e+03 
 2.24120373e+15  2.34739293e+35  6.83810000e+00  5.97720687e-01  5.87460000e+00  5.88185738e-01  2.86061156e-01  3.58100241e-02  7.09120371e-02  1.31969674e+03 
 2.24584854e+15  2.37348281e+35  6.83710000e+00  6.02355809e-01  5.88260000e+00  5.92882632e-01  2.87482760e-01  3.52632626e-02  7.10132825e-02  1.27058029e+03 
 2.25049335e+15  2.39980320e+35  6.83610000e+00  6.07000962e-01  5.89060000e+00  5.97590030e-01  2.88907557e-01  3.47237470e-02  7.11104687e-02  1.22348052e+03 
 2.25513817e+15  2.42633197e+35  6.83510000e+00  6.11651706e-01  5.89860000e+00  6.02303634e-01  2.90334239e-01  3.41911502e-02  7.12035068e-02  1.17834692e+03 
 2.25978298e+15  2.45306843e+35  6.83410000e+00  6.16307412e-01  5.90660000e+00  6.07022930e-01  2.91762587e-01  3.36649550e-02  7.12923343e-02  1.13509160e+03 
 2.26442779e+15  2.48001341e+35  6.83410000e+00  6.20967757e-01  5.91460000e+00  6.11747728e-01  2.93106660e-01  3.31444639e-02  7.13246793e-02  1.09362795e+03 
 2.26907260e+15  2.50716773e+35  6.83310000e+00  6.25632458e-01  5.92260000e+00  6.16477686e-01  2.94537601e-01  3.26299455e-02  7.14049242e-02  1.05387491e+03 
 2.27371742e+15  2.53453222e+35  6.83210000e+00  6.30301130e-01  5.92960000e+00  6.21171697e-01  2.95969843e-01  3.22577122e-02  7.14808322e-02  1.01575419e+03 
 2.27836223e+15  2.56213067e+35  6.83210000e+00  6.34977406e-01  5.93760000e+00  6.25914865e-01  2.97317395e-01  3.17531034e-02  7.15000731e-02  9.79162061e+02 
 2.28300704e+15  2.58994375e+35  6.83210000e+00  6.39657443e-01  5.94560000e+00  6.30662596e-01  2.98665350e-01  3.12540731e-02  7.15148699e-02  9.44057654e+02 
 2.28765185e+15  2.61796949e+35  6.83110000e+00  6.44340427e-01  5.95260000e+00  6.35373049e-01  3.00101311e-01  3.08949482e-02  7.15775784e-02  9.10377873e+02 
 2.29229667e+15  2.64620870e+35  6.83110000e+00  6.49026157e-01  5.96060000e+00  6.40128660e-01  3.01449924e-01  3.04037495e-02  7.15834664e-02  8.78058233e+02 
 2.29694148e+15  2.67466218e+35  6.83110000e+00  6.53714149e-01  5.96860000e+00  6.44887402e-01  3.02798435e-01  2.99176756e-02  7.15848424e-02  8.47038683e+02 
 2.30158629e+15  2.70333072e+35  6.83110000e+00  6.58404235e-01  5.97560000e+00  6.49608004e-01  3.04146847e-01  2.95680578e-02  7.15817504e-02  8.17261106e+02 
 2.30623110e+15  2.73222799e+35  6.83110000e+00  6.63098145e-01  5.98360000e+00  6.54374773e-01  3.05495648e-01  2.90895269e-02  7.15741895e-02  7.88658465e+02 
 2.31087591e+15  2.76135430e+35  6.83110000e+00  6.67795387e-01  5.99060000e+00  6.59104325e-01  3.06844638e-01  2.87462336e-02  7.15621039e-02  7.61180442e+02 
 2.31552073e+15  2.79069806e+35  6.83110000e+00  6.72493709e-01  5.99860000e+00  6.63877725e-01  3.08193215e-01  2.82746543e-02  7.15455512e-02  7.34789766e+02 
 2.32016554e+15  2.82026005e+35  6.83110000e+00  6.77192743e-01  6.00560000e+00  6.68611405e-01  3.09541219e-01  2.79359336e-02  7.15244859e-02  7.09438677e+02 
 2.32481035e+15  2.85004103e+35  6.83110000e+00  6.81892235e-01  6.01260000e+00  6.73346305e-01  3.10888622e-01  2.76002843e-02  7.14989683e-02  6.85082137e+02 
 2.32945516e+15  2.88004179e+35  6.83210000e+00  6.86591844e-01  6.02060000e+00  6.78124866e-01  3.12143867e-01  2.71365544e-02  7.14166632e-02  6.61676647e+02 
 2.33409998e+15  2.91026307e+35  6.83210000e+00  6.91291252e-01  6.02760000e+00  6.82862398e-01  3.13489300e-01  2.68040203e-02  7.13822195e-02  6.39181493e+02 
 2.33874479e+15  2.94072335e+35  6.83210000e+00  6.95992986e-01  6.03460000e+00  6.87603078e-01  3.14834679e-01  2.64740876e-02  7.13433557e-02  6.17545084e+02 
 2.34338960e+15  2.97141250e+35  6.83310000e+00  7.00694872e-01  6.04160000e+00  6.92345170e-01  3.16086725e-01  2.61453515e-02  7.12478385e-02  5.96738776e+02 
 2.34803441e+15  3.00232442e+35  6.83310000e+00  7.05395734e-01  6.04860000e+00  6.97087435e-01  3.17429937e-01  2.58182028e-02  7.12001750e-02  5.76732172e+02 
 2.35267923e+15  3.03345986e+35  6.83410000e+00  7.10095119e-01  6.05660000e+00  7.01872524e-01  3.18678609e-01  2.53651664e-02  7.10960305e-02  5.57490848e+02 
 2.35732404e+15  3.06481955e+35  6.83410000e+00  7.14792798e-01  6.06360000e+00  7.06614489e-01  3.20018950e-01  2.50403715e-02  7.10396319e-02  5.38982779e+02 
 2.36196885e+15  3.09640422e+35  6.83510000e+00  7.19488451e-01  6.07060000e+00  7.11355858e-01  3.21263877e-01  2.47162310e-02  7.09269561e-02  5.21176625e+02 
 2.36661366e+15  3.12821459e+35  6.83610000e+00  7.24181867e-01  6.07760000e+00  7.16096267e-01  3.22506690e-01  2.43932791e-02  7.08101408e-02  5.04043064e+02 
 2.37125847e+15  3.16026145e+35  6.83610000e+00  7.28874214e-01  6.08460000e+00  7.20836899e-01  3.23842467e-01  2.40714688e-02  7.07409289e-02  4.87548971e+02 
 2.37590329e+15  3.19254898e+35  6.83710000e+00  7.33565619e-01  6.09060000e+00  7.25534722e-01  3.25082059e-01  2.38736435e-02  7.06157418e-02  4.71666163e+02 
 2.38054810e+15  3.22506431e+35  6.83810000e+00  7.38253842e-01  6.09760000e+00  7.30273947e-01  3.26319258e-01  2.35526377e-02  7.04865040e-02  4.56376222e+02 
 2.38519291e+15  3.25780813e+35  6.83910000e+00  7.42938559e-01  6.10460000e+00  7.35011326e-01  3.27553946e-01  2.32316374e-02  7.03532300e-02  4.41654537e+02 
 2.38983772e+15  3.29078114e+35  6.83910000e+00  7.47619590e-01  6.11160000e+00  7.39746551e-01  3.28882321e-01  2.29111045e-02  7.02062804e-02  4.27106078e+02 
 2.39448254e+15  3.32398403e+35  6.84010000e+00  7.52296541e-01  6.11860000e+00  7.44479320e-01  3.30112187e-01  2.25906079e-02  7.01260941e-02  4.13823320e+02 
 2.39912735e+15  3.35741748e+35  6.84110000e+00  7.56969308e-01  6.12460000e+00  7.49165380e-01  3.31339462e-01  2.23920256e-02  6.99809814e-02  4.00669926e+02 
 2.40377216e+15  3.39108215e+35  6.84210000e+00  7.61637461e-01  6.13160000e+00  7.53892377e-01  3.32563926e-01  2.20715944e-02  6.98319996e-02  3.87997083e+02 
 2.40841697e+15  3.42498937e+35  6.84310000e+00  7.66302230e-01  6.13760000e+00  7.58573687e-01  3.33785963e-01  2.18707595e-02  6.96791871e-02  3.75781540e+02 
 2.41306179e+15  3.45914088e+35  6.84410000e+00  7.70963565e-01  6.14460000e+00  7.63296594e-01  3.35005631e-01  2.15511504e-02  6.95226439e-02  3.64004808e+02 
 2.41770660e+15  3.49352553e+35  6.84510000e+00  7.75619450e-01  6.15160000e+00  7.68016155e-01  3.36222280e-01  2.12302715e-02  6.93623769e-02  3.52653237e+02 
 2.42235141e+15  3.52814398e+35  6.84610000e+00  7.80269731e-01  6.15760000e+00  7.72687195e-01  3.37435951e-01  2.10285009e-02  6.91985064e-02  3.41709847e+02 
 2.42699622e+15  3.56299687e+35  6.84710000e+00  7.84914076e-01  6.16360000e+00  7.77354225e-01  3.38646503e-01  2.08244656e-02  6.90310302e-02  3.31158191e+02 
 2.43164104e+15  3.59808482e+35  6.84810000e+00  7.89552296e-01  6.17060000e+00  7.82060736e-01  3.39853941e-01  2.05031873e-02  6.88600489e-02  3.20982732e+02 
 2.43628585e+15  3.63340847e+35  6.84910000e+00  7.94184109e-01  6.17660000e+00  7.86718173e-01  3.41058172e-01  2.02980504e-02  6.86855921e-02  3.11168478e+02 
 2.44093066e+15  3.66896844e+35  6.85110000e+00  7.98809195e-01  6.18260000e+00  7.91370785e-01  3.42159134e-01  2.00907289e-02  6.84576748e-02  3.01701021e+02 
 2.44557547e+15  3.70476535e+35  6.85210000e+00  8.03427502e-01  6.18960000e+00  7.96062486e-01  3.43356480e-01  1.97677488e-02  6.82765972e-02  2.92566933e+02 
 2.45022028e+15  3.74081280e+35  6.85310000e+00  8.08040254e-01  6.19560000e+00  8.00705733e-01  3.44550850e-01  1.95593521e-02  6.80921327e-02  2.83749875e+02 
 2.45486510e+15  3.77710610e+35  6.85410000e+00  8.12646617e-01  6.20160000e+00  8.05344178e-01  3.45742083e-01  1.93497525e-02  6.79044067e-02  2.75238931e+02 
 2.45950991e+15  3.81363803e+35  6.85510000e+00  8.17245311e-01  6.20760000e+00  8.09976725e-01  3.46929810e-01  1.91385109e-02  6.77134872e-02  2.67024029e+02 
 2.46415472e+15  3.85040917e+35  6.85610000e+00  8.21836083e-01  6.21360000e+00  8.14603084e-01  3.48113961e-01  1.89257610e-02  6.75194244e-02  2.59093669e+02 
 2.46879953e+15  3.88742011e+35  6.85810000e+00  8.26418741e-01  6.21960000e+00  8.19222985e-01  3.49192626e-01  1.87116362e-02  6.72732059e-02  2.51436767e+02 
 2.47344435e+15  3.92467141e+35  6.85910000e+00  8.30993067e-01  6.22560000e+00  8.23836216e-01  3.50369210e-01  1.84963225e-02  6.70732242e-02  2.44042932e+02 
 2.47808916e+15  3.96216365e+35  6.86010000e+00  8.35558833e-01  6.23160000e+00  8.28442569e-01  3.51542101e-01  1.82797026e-02  6.68702980e-02  2.36901984e+02 
 2.48273397e+15  3.99989737e+35  6.86110000e+00  8.40115807e-01  6.23760000e+00  8.33041835e-01  3.52711240e-01  1.80617317e-02  6.66644821e-02  2.30004246e+02 
 2.48737878e+15  4.03787314e+35  6.86310000e+00  8.44663767e-01  6.24360000e+00  8.37633867e-01  3.53773425e-01  1.78421419e-02  6.64074116e-02  2.23340376e+02 
 2.49202360e+15  4.07609149e+35  6.86410000e+00  8.49202467e-01  6.24960000e+00  8.42218570e-01  3.54934556e-01  1.76207499e-02  6.61961370e-02  2.16901622e+02 
 2.49666841e+15  4.11456129e+35  6.86510000e+00  8.53732767e-01  6.25460000e+00  8.46750971e-01  3.56092113e-01  1.75087363e-02  6.59821413e-02  2.10678090e+02 
 2.50131322e+15  4.15328488e+35  6.86610000e+00  8.58254507e-01  6.26060000e+00  8.51322211e-01  3.57245991e-01  1.72838911e-02  6.57654213e-02  2.04661496e+02 
 2.50595803e+15  4.19225248e+35  6.86810000e+00  8.62766471e-01  6.26660000e+00  8.55885060e-01  3.58291588e-01  1.70585125e-02  6.54984458e-02  1.98845666e+02 
 2.51060284e+15  4.23146461e+35  6.86910000e+00  8.67268238e-01  6.27160000e+00  8.60394042e-01  3.59437139e-01  1.69402507e-02  6.52767971e-02  1.93223170e+02 
 2.51524766e+15  4.27092177e+35  6.87010000e+00  8.71759718e-01  6.27760000e+00  8.64940355e-01  3.60578621e-01  1.67105816e-02  6.50526899e-02  1.87786750e+02 
 2.51989247e+15  4.31062446e+35  6.87210000e+00  8.76240761e-01  6.28260000e+00  8.69431812e-01  3.61610738e-01  1.65885517e-02  6.47790371e-02  1.82529456e+02 
 2.52453728e+15  4.35057317e+35  6.87310000e+00  8.80711047e-01  6.28860000e+00  8.73960667e-01  3.62743618e-01  1.63551353e-02  6.45503586e-02  1.77444742e+02 
 2.52918209e+15  4.39076838e+35  6.87410000e+00  8.85170509e-01  6.29360000e+00  8.78434034e-01  3.63872350e-01  1.62289182e-02  6.43194306e-02  1.72526224e+02 
 2.53382691e+15  4.43121057e+35  6.87610000e+00  8.89618878e-01  6.29960000e+00  8.82944451e-01  3.64890630e-01  1.59923859e-02  6.40396654e-02  1.67767721e+02 
 2.53847172e+15  4.47190020e+35  6.87710000e+00  8.94055978e-01  6.30460000e+00  8.87399394e-01  3.66010498e-01  1.58609242e-02  6.38045194e-02  1.63163481e+02 
 2.54311653e+15  4.51283774e+35  6.87810000e+00  8.98481660e-01  6.30960000e+00  8.91844238e-01  3.67126072e-01  1.57281640e-02  6.35672917e-02  1.58707859e+02 
 2.54776134e+15  4.55402365e+35  6.87910000e+00  9.02895762e-01  6.31560000e+00  8.96325854e-01  3.68237322e-01  1.54864732e-02  6.33280391e-02  1.54395437e+02 
