# rhoc (cgs) 	 Pc (cgs) 	 R (km) 	 M (msol) 	 R_core (km) 	 M_core (msol) 	 I/(MR^2) 	 I_crust/(M_crust R_crust^2)/(I/(MR^2)) 	 k_2 	 Lambda 
 2.30000000e+14  2.88367454e+33  2.00591000e+01  1.72602140e-01  8.31160000e+00  1.48691496e-01  7.06968468e-02  2.89611302e-01  7.90537277e-03  1.59153821e+07 
 2.31245088e+14  2.92857267e+33  1.98781000e+01  1.74197347e-01  8.32860000e+00  1.50423303e-01  7.20400049e-02  2.85555896e-01  8.25871444e-03  1.51756572e+07 
 2.32490176e+14  2.97347079e+33  1.97051000e+01  1.75789697e-01  8.34660000e+00  1.52174355e-01  7.33651559e-02  2.81362857e-01  8.61575145e-03  1.44806372e+07 
 2.33735263e+14  3.01836892e+33  1.95391000e+01  1.77378784e-01  8.36360000e+00  1.53903305e-01  7.46763769e-02  2.77425114e-01  8.97737266e-03  1.38271300e+07 
 2.34980351e+14  3.06326705e+33  1.93801000e+01  1.78964231e-01  8.38060000e+00  1.55630338e-01  7.59706029e-02  2.73542746e-01  9.34238436e-03  1.32121953e+07 
 2.36225439e+14  3.10816518e+33  1.92261000e+01  1.80545681e-01  8.39760000e+00  1.57355193e-01  7.72607599e-02  2.69713527e-01  9.71453396e-03  1.26331257e+07 
 2.37470527e+14  3.15306330e+33  1.90791000e+01  1.82122795e-01  8.41460000e+00  1.59077633e-01  7.85283363e-02  2.65935186e-01  1.00878269e-02  1.20874278e+07 
 2.38715615e+14  3.19910852e+33  1.89331000e+01  1.83735503e-01  8.43160000e+00  1.60832331e-01  7.98226286e-02  2.62196249e-01  1.04772273e-02  1.15600039e+07 
 2.39960702e+14  3.24785730e+33  1.87851000e+01  1.85439416e-01  8.44860000e+00  1.62667525e-01  8.11731188e-02  2.58486495e-01  1.08920646e-02  1.10340738e+07 
 2.41205790e+14  3.29660607e+33  1.86431000e+01  1.87140018e-01  8.46560000e+00  1.64501209e-01  8.25068143e-02  2.54829063e-01  1.13103551e-02  1.05390612e+07 
 2.42450878e+14  3.34535485e+33  1.85061000e+01  1.88836914e-01  8.48260000e+00  1.66333067e-01  8.38298933e-02  2.51222002e-01  1.17339290e-02  1.00728389e+07 
 2.43695966e+14  3.39410363e+33  1.83741000e+01  1.90529731e-01  8.49960000e+00  1.68162810e-01  8.51400273e-02  2.47663327e-01  1.21617568e-02  9.63343791e+06 
 2.44941054e+14  3.44285241e+33  1.82471000e+01  1.92218117e-01  8.51660000e+00  1.69990178e-01  8.64348260e-02  2.44151005e-01  1.25927197e-02  9.21903770e+06 
 2.46186141e+14  3.49160118e+33  1.81251000e+01  1.93901743e-01  8.53260000e+00  1.71793436e-01  8.77118554e-02  2.40877228e-01  1.30256156e-02  8.82795526e+06 
 2.47431229e+14  3.54182508e+33  1.80031000e+01  1.95631207e-01  8.54960000e+00  1.73659399e-01  8.90215513e-02  2.37448279e-01  1.34780315e-02  8.44774207e+06 
 2.48676317e+14  3.59466060e+33  1.78801000e+01  1.97446768e-01  8.56660000e+00  1.75601594e-01  9.03779787e-02  2.34058352e-01  1.39551229e-02  8.07052188e+06 
 2.49921405e+14  3.64749611e+33  1.77621000e+01  1.99258560e-01  8.58360000e+00  1.77542049e-01  9.17146769e-02  2.30714024e-01  1.44337841e-02  7.71498694e+06 
 2.51166493e+14  3.70033163e+33  1.76481000e+01  2.01066192e-01  8.60060000e+00  1.79480455e-01  9.30395624e-02  2.27413428e-01  1.49167751e-02  7.37968519e+06 
 2.52411580e+14  3.75316715e+33  1.75381000e+01  2.02869300e-01  8.61660000e+00  1.81394599e-01  9.43506147e-02  2.24346790e-01  1.54030358e-02  7.06326931e+06 
 2.53656668e+14  3.80600266e+33  1.74321000e+01  2.04667537e-01  8.63360000e+00  1.83327972e-01  9.56457672e-02  2.21128085e-01  1.58914284e-02  6.76448973e+06 
 2.54901756e+14  3.85883818e+33  1.73301000e+01  2.06460579e-01  8.64960000e+00  1.85236414e-01  9.69229203e-02  2.18138872e-01  1.63807431e-02  6.48218788e+06 
 2.56146844e+14  3.91346062e+33  1.72281000e+01  2.08308736e-01  8.66560000e+00  1.87194203e-01  9.82307359e-02  2.15189601e-01  1.68899293e-02  6.20648502e+06 
 2.57391932e+14  3.97062112e+33  1.71251000e+01  2.10238546e-01  8.68260000e+00  1.89246642e-01  9.95841316e-02  2.12093931e-01  1.74253818e-02  5.93409559e+06 
 2.58637019e+14  4.02778161e+33  1.70261000e+01  2.12164116e-01  8.69960000e+00  1.91297085e-01  1.00917944e-01  2.09037650e-01  1.79613601e-02  5.67706462e+06 
 2.59882107e+14  4.08494211e+33  1.69301000e+01  2.14085058e-01  8.71660000e+00  1.93345222e-01  1.02242017e-01  2.06019110e-01  1.85018975e-02  5.43438598e+06 
 2.61127195e+14  4.14210261e+33  1.68381000e+01  2.16001014e-01  8.73260000e+00  1.95368252e-01  1.03542453e-01  2.03225188e-01  1.90404068e-02  5.20512395e+06 
 2.62372283e+14  4.19926311e+33  1.67491000e+01  2.17911648e-01  8.74860000e+00  1.97388247e-01  1.04829486e-01  2.00464983e-01  1.95811661e-02  4.98840936e+06 
 2.63617371e+14  4.25642361e+33  1.66631000e+01  2.19816640e-01  8.76460000e+00  1.99404968e-01  1.06101465e-01  1.97736924e-01  2.01231186e-02  4.78343460e+06 
 2.64862458e+14  4.31565683e+33  1.65761000e+01  2.21784746e-01  8.78160000e+00  2.01500930e-01  1.07415512e-01  1.94864064e-01  2.06913390e-02  4.58258366e+06 
 2.66107546e+14  4.37738283e+33  1.64901000e+01  2.23831024e-01  8.79860000e+00  2.03666656e-01  1.08748319e-01  1.92038279e-01  2.12747672e-02  4.38478431e+06 
 2.67352634e+14  4.43910882e+33  1.64061000e+01  2.25872571e-01  8.81460000e+00  2.05807164e-01  1.10078033e-01  1.89431894e-01  2.18654670e-02  4.19794200e+06 
 2.68597722e+14  4.50083482e+33  1.63251000e+01  2.27909009e-01  8.83160000e+00  2.07967920e-01  1.11389956e-01  1.86671644e-01  2.24559754e-02  4.02135203e+06 
 2.69842809e+14  4.56256081e+33  1.62471000e+01  2.29939982e-01  8.84760000e+00  2.10102696e-01  1.12682320e-01  1.84126773e-01  2.30450095e-02  3.85435820e+06 
 2.71087897e+14  4.62428681e+33  1.61721000e+01  2.31965165e-01  8.86360000e+00  2.12234141e-01  1.13953356e-01  1.81610528e-01  2.36312384e-02  3.69635008e+06 
 2.72332985e+14  4.68601280e+33  1.60991000e+01  2.33984241e-01  8.87960000e+00  2.14362023e-01  1.15215586e-01  1.79121458e-01  2.42207971e-02  3.54675962e+06 
 2.73578073e+14  4.75006075e+33  1.60261000e+01  2.36072842e-01  8.89560000e+00  2.16552182e-01  1.16505633e-01  1.76676194e-01  2.48303360e-02  3.39985247e+06 
 2.74823161e+14  4.81659494e+33  1.59521000e+01  2.38237400e-01  8.91160000e+00  2.18810220e-01  1.17839749e-01  1.74277644e-01  2.54688564e-02  3.25549804e+06 
 2.76068248e+14  4.88312914e+33  1.58811000e+01  2.40396715e-01  8.92860000e+00  2.21089014e-01  1.19149791e-01  1.71724924e-01  2.61028302e-02  3.11900618e+06 
 2.77313336e+14  4.94966333e+33  1.58131000e+01  2.42550417e-01  8.94460000e+00  2.23341285e-01  1.20433895e-01  1.69380423e-01  2.67307038e-02  2.98987982e+06 
 2.78558424e+14  5.01619753e+33  1.57471000e+01  2.44698164e-01  8.96060000e+00  2.25590177e-01  1.21705656e-01  1.67060999e-01  2.73595677e-02  2.86765556e+06 
 2.79803512e+14  5.08273172e+33  1.56831000e+01  2.46839625e-01  8.97660000e+00  2.27835442e-01  1.22963864e-01  1.64765342e-01  2.79884806e-02  2.75190142e+06 
 2.81048600e+14  5.14926592e+33  1.56211000e+01  2.48974501e-01  8.99160000e+00  2.30052952e-01  1.24207314e-01  1.62671560e-01  2.86164728e-02  2.64221523e+06 
 2.82293687e+14  5.20346109e+33  1.55711000e+01  2.50707351e-01  9.00460000e+00  2.31873888e-01  1.25223961e-01  1.60841268e-01  2.91357078e-02  2.55714340e+06 
 2.83538775e+14  5.25219837e+33  1.55291000e+01  2.52253033e-01  9.01560000e+00  2.33485087e-01  1.26097767e-01  1.59326364e-01  2.95834845e-02  2.48408903e+06 
 2.84783863e+14  5.31789694e+33  1.54731000e+01  2.54327504e-01  9.03060000e+00  2.35654972e-01  1.27276817e-01  1.57266760e-01  3.01935911e-02  2.39002895e+06 
 2.86028951e+14  5.38359552e+33  1.54181000e+01  2.56394463e-01  9.04460000e+00  2.37796108e-01  1.28452603e-01  1.55400318e-01  3.08083230e-02  2.30063392e+06 
 2.87274039e+14  5.45000327e+33  1.53651000e+01  2.58475976e-01  9.05960000e+00  2.39975963e-01  1.29610661e-01  1.53378783e-01  3.14179044e-02  2.21473428e+06 
 2.88519126e+14  5.51714314e+33  1.53131000e+01  2.60572863e-01  9.07460000e+00  2.42171176e-01  1.30767143e-01  1.51379747e-01  3.20318053e-02  2.13215838e+06 
 2.89764214e+14  5.58428302e+33  1.52621000e+01  2.62662016e-01  9.08860000e+00  2.44337199e-01  1.31918567e-01  1.49570791e-01  3.26488130e-02  2.05362379e+06 
 2.91009302e+14  5.65243010e+33  1.52131000e+01  2.64774574e-01  9.10360000e+00  2.46549931e-01  1.33051063e-01  1.47610315e-01  3.32587637e-02  1.97779690e+06 
 2.92254390e+14  5.72102434e+33  1.51641000e+01  2.66893247e-01  9.11760000e+00  2.48745433e-01  1.34196680e-01  1.45842335e-01  3.38822534e-02  1.90517968e+06 
 2.93499478e+14  5.78961858e+33  1.51171000e+01  2.69003973e-01  9.13160000e+00  2.50935815e-01  1.35317828e-01  1.44086616e-01  3.44961891e-02  1.83606673e+06 
 2.94744565e+14  5.85952028e+33  1.50701000e+01  2.71146859e-01  9.14560000e+00  2.53156146e-01  1.36455050e-01  1.42355927e-01  3.51243174e-02  1.76902533e+06 
 2.95989653e+14  5.92958186e+33  1.50251000e+01  2.73286701e-01  9.15960000e+00  2.55375669e-01  1.37567082e-01  1.40638348e-01  3.57417253e-02  1.70505445e+06 
 2.97234741e+14  5.99977300e+33  1.49811000e+01  2.75422342e-01  9.17360000e+00  2.57593356e-01  1.38671149e-01  1.38933188e-01  3.63592908e-02  1.64401761e+06 
 2.98479829e+14  6.07131483e+33  1.49371000e+01  2.77590906e-01  9.18760000e+00  2.59841744e-01  1.39790595e-01  1.37252332e-01  3.69904765e-02  1.58476028e+06 
 2.99724917e+14  6.14285665e+33  1.48941000e+01  2.79751325e-01  9.20160000e+00  2.62084874e-01  1.40900940e-01  1.35581847e-01  3.76211780e-02  1.52830958e+06 
 3.00970004e+14  6.21481947e+33  1.48531000e+01  2.81916085e-01  9.21560000e+00  2.64333691e-01  1.41984264e-01  1.33925485e-01  3.82385321e-02  1.47419808e+06 
 3.02215092e+14  6.28785435e+33  1.48121000e+01  2.84104826e-01  9.22960000e+00  2.66605441e-01  1.43080876e-01  1.32289560e-01  3.88684019e-02  1.42185459e+06 
 3.03460180e+14  6.36088924e+33  1.47721000e+01  2.86285240e-01  9.24360000e+00  2.68871778e-01  1.44166800e-01  1.30662963e-01  3.94962096e-02  1.37195606e+06 
 3.04705268e+14  6.43463839e+33  1.47341000e+01  2.88478430e-01  9.25660000e+00  2.71125943e-01  1.45224781e-01  1.29220488e-01  4.01087379e-02  1.32391076e+06 
 3.05950356e+14  6.50917907e+33  1.46951000e+01  2.90686779e-01  9.27060000e+00  2.73420563e-01  1.46313815e-01  1.27626046e-01  4.07464097e-02  1.27759751e+06 
 3.07195443e+14  6.58371975e+33  1.46581000e+01  2.92886622e-01  9.28360000e+00  2.75684194e-01  1.47370843e-01  1.26206686e-01  4.13667252e-02  1.23341791e+06 
 3.08440531e+14  6.65926967e+33  1.46221000e+01  2.95107555e-01  9.29760000e+00  2.77993671e-01  1.48419323e-01  1.24637995e-01  4.19841135e-02  1.19069485e+06 
 3.09685619e+14  6.73532879e+33  1.45861000e+01  2.97334946e-01  9.31060000e+00  2.80285173e-01  1.49477143e-01  1.23247913e-01  4.26119324e-02  1.14965032e+06 
 3.10930707e+14  6.81138792e+33  1.45511000e+01  2.99553662e-01  9.32460000e+00  2.82596525e-01  1.50521460e-01  1.21698779e-01  4.32347474e-02  1.11047111e+06 
 3.12175795e+14  6.88875278e+33  1.45161000e+01  3.01801662e-01  9.33760000e+00  2.84909861e-01  1.51578185e-01  1.20334489e-01  4.38689185e-02  1.07242499e+06 
 3.13420882e+14  6.96634293e+33  1.44831000e+01  3.04047544e-01  9.35060000e+00  2.87223159e-01  1.52600641e-01  1.18978096e-01  4.44823559e-02  1.03599178e+06 
 3.14665970e+14  7.04399318e+33  1.44501000e+01  3.06286326e-01  9.36360000e+00  2.89532022e-01  1.53629518e-01  1.17627717e-01  4.51046602e-02  1.00116583e+06 
 3.15911058e+14  7.12312684e+33  1.44181000e+01  3.08558988e-01  9.37660000e+00  2.91872580e-01  1.54649469e-01  1.16297310e-01  4.57221550e-02  9.67262239e+05 
 3.17156146e+14  7.20226051e+33  1.43861000e+01  3.10822823e-01  9.38960000e+00  2.94207202e-01  1.55675313e-01  1.14971832e-01  4.63481983e-02  9.34871908e+05 
 3.18401234e+14  7.28174094e+33  1.43551000e+01  3.13087557e-01  9.40260000e+00  2.96544463e-01  1.56686690e-01  1.13654424e-01  4.69670309e-02  9.03781727e+05 
 3.19646321e+14  7.36243053e+33  1.43251000e+01  3.15377795e-01  9.41560000e+00  2.98906083e-01  1.57686763e-01  1.12353487e-01  4.75792864e-02  8.73612927e+05 
 3.20891409e+14  7.44312012e+33  1.42951000e+01  3.17659060e-01  9.42860000e+00  3.01261634e-01  1.58692074e-01  1.11056850e-01  4.81994211e-02  8.44772876e+05 
 3.22136497e+14  7.52444429e+33  1.42661000e+01  3.19949091e-01  9.44160000e+00  3.03626794e-01  1.59682918e-01  1.09770427e-01  4.88113383e-02  8.16979223e+05 
 3.23381585e+14  7.60670214e+33  1.42381000e+01  3.22256382e-01  9.45360000e+00  3.05982693e-01  1.60660072e-01  1.08656346e-01  4.94148462e-02  7.90093318e+05 
 3.24626673e+14  7.68895999e+33  1.42101000e+01  3.24554557e-01  9.46660000e+00  3.08358723e-01  1.61641801e-01  1.07386005e-01  5.00255160e-02  7.64376051e+05 
 3.25871760e+14  7.77214122e+33  1.41821000e+01  3.26869231e-01  9.47960000e+00  3.10751219e-01  1.62632003e-01  1.06128081e-01  5.06447853e-02  7.39495648e+05 
 3.27116848e+14  7.85597957e+33  1.41551000e+01  3.29193062e-01  9.49160000e+00  3.13127119e-01  1.63606493e-01  1.05037396e-01  5.12542579e-02  7.15500058e+05 
 3.28361936e+14  7.93981793e+33  1.41291000e+01  3.31507643e-01  9.50360000e+00  3.15496563e-01  1.64561962e-01  1.03948785e-01  5.18522859e-02  6.92533922e+05 
 3.29607024e+14  8.02486928e+33  1.41031000e+01  3.33846315e-01  9.51660000e+00  3.17915833e-01  1.65526447e-01  1.02717027e-01  5.24585902e-02  6.70231738e+05 
 3.30852112e+14  8.11030031e+33  1.40781000e+01  3.36186180e-01  9.52860000e+00  3.20311270e-01  1.66472839e-01  1.01647574e-01  5.30531704e-02  6.48784799e+05 
 3.32097199e+14  8.19573134e+33  1.40531000e+01  3.38516675e-01  9.54060000e+00  3.22700130e-01  1.67422848e-01  1.00579838e-01  5.36538781e-02  6.28246166e+05 
 3.33342287e+14  8.28266567e+33  1.40291000e+01  3.40878693e-01  9.55360000e+00  3.25145686e-01  1.68358741e-01  9.93724969e-02  5.42436541e-02  6.08228957e+05 
 3.34587375e+14  8.36970145e+33  1.40051000e+01  3.43234105e-01  9.56560000e+00  3.27560262e-01  1.69298375e-01  9.83229405e-02  5.48393467e-02  5.89032894e+05 
 3.35832463e+14  8.45691459e+33  1.39821000e+01  3.45584793e-01  9.57760000e+00  3.29972417e-01  1.70217690e-01  9.72761119e-02  5.54212798e-02  5.70602710e+05 
 3.37077551e+14  8.54556714e+33  1.39591000e+01  3.47964752e-01  9.58960000e+00  3.32412344e-01  1.71145943e-01  9.62435445e-02  5.60107121e-02  5.52650158e+05 
 3.38322638e+14  8.63421969e+33  1.39361000e+01  3.50335221e-01  9.60160000e+00  3.34845622e-01  1.72077199e-01  9.52118797e-02  5.66055720e-02  5.35444945e+05 
 3.39567726e+14  8.72332883e+33  1.39141000e+01  3.52708238e-01  9.61360000e+00  3.37282942e-01  1.72988452e-01  9.41851057e-02  5.71860120e-02  5.18866675e+05 
 3.40812814e+14  8.81361007e+33  1.38921000e+01  3.55102889e-01  9.62560000e+00  3.39741295e-01  1.73907194e-01  9.31695441e-02  5.77732026e-02  5.02762984e+05 
 3.42057902e+14  8.90389131e+33  1.38711000e+01  3.57487939e-01  9.63660000e+00  3.42165469e-01  1.74803419e-01  9.23056968e-02  5.83444317e-02  4.87321233e+05 
 3.43302989e+14  8.99490867e+33  1.38501000e+01  3.59882656e-01  9.64860000e+00  3.44627388e-01  1.75704982e-01  9.12971820e-02  5.89213526e-02  4.72390384e+05 
 3.44548077e+14  9.08683044e+33  1.38291000e+01  3.62291531e-01  9.66060000e+00  3.47103706e-01  1.76612601e-01  9.02970551e-02  5.95042594e-02  4.57925794e+05 
 3.45793165e+14  9.17875222e+33  1.38091000e+01  3.64690694e-01  9.67160000e+00  3.49545534e-01  1.77496885e-01  8.94468016e-02  6.00701119e-02  4.44048377e+05 
 3.47038253e+14  9.27168976e+33  1.37901000e+01  3.67106490e-01  9.68360000e+00  3.52031556e-01  1.78361424e-01  8.84553529e-02  6.06196873e-02  4.30584941e+05 
 3.48283341e+14  9.36526383e+33  1.37701000e+01  3.69529117e-01  9.69460000e+00  3.54497710e-01  1.79256304e-01  8.76180642e-02  6.11962143e-02  4.17575571e+05 
 3.49528428e+14  9.45883789e+33  1.37511000e+01  3.71941928e-01  9.70660000e+00  3.56984589e-01  1.80127043e-01  8.66318206e-02  6.17545919e-02  4.05087785e+05 
 3.50773516e+14  9.55370736e+33  1.37331000e+01  3.74378186e-01  9.71760000e+00  3.59466324e-01  1.80978320e-01  8.58038565e-02  6.22959855e-02  3.92933152e+05 
 3.52018604e+14  9.64894540e+33  1.37141000e+01  3.76814108e-01  9.72960000e+00  3.61977361e-01  1.81859028e-01  8.48310756e-02  6.28642494e-02  3.81217561e+05 
 3.53263692e+14  9.74418343e+33  1.36961000e+01  3.79240112e-01  9.74060000e+00  3.64453350e-01  1.82714794e-01  8.40043917e-02  6.34132620e-02  3.69965932e+05 
 3.54508780e+14  9.84099632e+33  1.36781000e+01  3.81696222e-01  9.75160000e+00  3.66957901e-01  1.83578215e-01  8.31895707e-02  6.39679543e-02  3.58980128e+05 
 3.55753867e+14  9.93790993e+33  1.36611000e+01  3.84144982e-01  9.76260000e+00  3.69457575e-01  1.84416476e-01  8.23741701e-02  6.45026567e-02  3.48416337e+05 
 3.56998955e+14  1.00349904e+34  1.36441000e+01  3.86587928e-01  9.77360000e+00  3.71953716e-01  1.85256510e-01  8.15587948e-02  6.50406298e-02  3.38248706e+05 
 3.58244043e+14  1.01335911e+34  1.36271000e+01  3.89059085e-01  9.78460000e+00  3.74476779e-01  1.86103614e-01  8.07542670e-02  6.55837635e-02  3.28325128e+05 
 3.59489131e+14  1.02321918e+34  1.36111000e+01  3.91520243e-01  9.79560000e+00  3.76992576e-01  1.86924390e-01  7.99482531e-02  6.61056811e-02  3.18788158e+05 
 3.60734219e+14  1.03312265e+34  1.35951000e+01  3.93982087e-01  9.80660000e+00  3.79510670e-01  1.87747660e-01  7.91441383e-02  6.66308201e-02  3.09580207e+05 
 3.61979306e+14  1.04315258e+34  1.35791000e+01  3.96465288e-01  9.81760000e+00  3.82049583e-01  1.88576648e-01  7.83484042e-02  6.71603236e-02  3.00614724e+05 
 3.63224394e+14  1.05318250e+34  1.35631000e+01  3.98938401e-01  9.82860000e+00  3.84581135e-01  1.89406478e-01  7.75511055e-02  6.76924878e-02  2.91994359e+05 
 3.64469482e+14  1.06328249e+34  1.35481000e+01  4.01418547e-01  9.83960000e+00  3.87120678e-01  1.90211725e-01  7.67575324e-02  6.82030740e-02  2.83646300e+05 
 3.65714570e+14  1.07348340e+34  1.35331000e+01  4.03913355e-01  9.85060000e+00  3.89675061e-01  1.91021364e-01  7.59700163e-02  6.87172407e-02  2.75536718e+05 
 3.66959658e+14  1.08368431e+34  1.35181000e+01  4.06397990e-01  9.86060000e+00  3.92193295e-01  1.91831547e-01  7.53217466e-02  6.92336521e-02  2.67735612e+05 
 3.68204745e+14  1.09398187e+34  1.35041000e+01  4.08895846e-01  9.87160000e+00  3.94753717e-01  1.92617374e-01  7.45375962e-02  6.97277507e-02  2.60158949e+05 
 3.69449833e+14  1.10435490e+34  1.34891000e+01  4.11401833e-01  9.88160000e+00  3.97294292e-01  1.93434980e-01  7.38973677e-02  7.02506977e-02  2.52814968e+05 
 3.70694921e+14  1.11472792e+34  1.34751000e+01  4.13897564e-01  9.89260000e+00  3.99856122e-01  1.94224303e-01  7.31147884e-02  7.07496510e-02  2.45747050e+05 
 3.71940009e+14  1.12522410e+34  1.34621000e+01  4.16412538e-01  9.90260000e+00  4.02407983e-01  1.94989474e-01  7.24784015e-02  7.12255451e-02  2.38863194e+05 
 3.73185097e+14  1.13577037e+34  1.34481000e+01  4.18929276e-01  9.91360000e+00  4.04991998e-01  1.95785601e-01  7.17043901e-02  7.17301708e-02  2.32204877e+05 
 3.74430184e+14  1.14631663e+34  1.34351000e+01  4.21435684e-01  9.92360000e+00  4.07539328e-01  1.96552721e-01  7.10666223e-02  7.22097612e-02  2.25793938e+05 
 3.75675272e+14  1.15701244e+34  1.34221000e+01  4.23967196e-01  9.93360000e+00  4.10110825e-01  1.97325289e-01  7.04366316e-02  7.26926345e-02  2.19533027e+05 
 3.76920360e+14  1.16773305e+34  1.34091000e+01  4.26494265e-01  9.94460000e+00  4.12709073e-01  1.98098747e-01  6.96684456e-02  7.31772484e-02  2.13489551e+05 
 3.78165448e+14  1.17845404e+34  1.33961000e+01  4.29011025e-01  9.95460000e+00  4.15270461e-01  1.98872194e-01  6.90351174e-02  7.36633024e-02  2.07667820e+05 
 3.79410536e+14  1.18935010e+34  1.33841000e+01  4.31558403e-01  9.96460000e+00  4.17861023e-01  1.99622108e-01  6.84109427e-02  7.41252022e-02  2.01967852e+05 
 3.80655623e+14  1.20024615e+34  1.33721000e+01  4.34095395e-01  9.97460000e+00  4.20443758e-01  2.00371730e-01  6.77840826e-02  7.45881383e-02  1.96476372e+05 
 3.81900711e+14  1.21116764e+34  1.33601000e+01  4.36627808e-01  9.98460000e+00  4.23023934e-01  2.01121953e-01  6.71560454e-02  7.50524032e-02  1.91172125e+05 
 3.83145799e+14  1.22224025e+34  1.33481000e+01  4.39184766e-01  9.99460000e+00  4.25627841e-01  2.01877261e-01  6.65352044e-02  7.55194654e-02  1.85989406e+05 
 3.84390887e+14  1.23331285e+34  1.33361000e+01  4.41731267e-01  1.00046000e+01  4.28223860e-01  2.02632279e-01  6.59115817e-02  7.59875617e-02  1.80994093e+05 
 3.85635975e+14  1.24443579e+34  1.33251000e+01  4.44278765e-01  1.00146000e+01  4.30822327e-01  2.03358242e-01  6.52884571e-02  7.64285794e-02  1.76156541e+05 
 3.86881062e+14  1.25568603e+34  1.33141000e+01  4.46844901e-01  1.00246000e+01  4.33439202e-01  2.04088111e-01  6.46707470e-02  7.68716805e-02  1.71439067e+05 
 3.88126150e+14  1.26693626e+34  1.33031000e+01  4.49400514e-01  1.00336000e+01  4.36018390e-01  2.04817420e-01  6.41833875e-02  7.73154221e-02  1.66890250e+05 
 3.89371238e+14  1.27826159e+34  1.32921000e+01  4.51962532e-01  1.00436000e+01  4.38634606e-01  2.05548762e-01  6.35643517e-02  7.77606298e-02  1.62474041e+05 
 3.90616326e+14  1.28969053e+34  1.32811000e+01  4.54537444e-01  1.00536000e+01  4.41264047e-01  2.06283133e-01  6.29490215e-02  7.82076094e-02  1.58175529e+05 
 3.91861414e+14  1.30111948e+34  1.32711000e+01  4.57101773e-01  1.00636000e+01  4.43885454e-01  2.06985751e-01  6.23309147e-02  7.86255955e-02  1.54028969e+05 
 3.93106501e+14  1.31264810e+34  1.32601000e+01  4.59677753e-01  1.00726000e+01  4.46489019e-01  2.07722273e-01  6.18475238e-02  7.90747156e-02  1.49993551e+05 
 3.94351589e+14  1.32425682e+34  1.32501000e+01  4.62261047e-01  1.00826000e+01  4.49130657e-01  2.08429511e-01  6.12344165e-02  7.94953105e-02  1.46072740e+05 
 3.95596677e+14  1.33586555e+34  1.32401000e+01  4.64833697e-01  1.00916000e+01  4.51734150e-01  2.09135932e-01  6.07489937e-02  7.99161614e-02  1.42288991e+05 
 3.96841765e+14  1.34759835e+34  1.32301000e+01  4.67423085e-01  1.01016000e+01  4.54384356e-01  2.09845705e-01  6.01373368e-02  8.03385424e-02  1.38598068e+05 
 3.98086853e+14  1.35938791e+34  1.32211000e+01  4.70014372e-01  1.01106000e+01  4.57007669e-01  2.10524721e-01  5.96559082e-02  8.07312123e-02  1.35018139e+05 
 3.99331940e+14  1.37117748e+34  1.32111000e+01  4.72594963e-01  1.01196000e+01  4.59622704e-01  2.11234653e-01  5.91709516e-02  8.11544938e-02  1.31561983e+05 
 4.00577028e+14  1.38311532e+34  1.32021000e+01  4.75197206e-01  1.01296000e+01  4.62289132e-01  2.11916565e-01  5.85620636e-02  8.15485903e-02  1.28183030e+05 
 4.01822116e+14  1.39508679e+34  1.31931000e+01  4.77796102e-01  1.01386000e+01  4.64923712e-01  2.12598534e-01  5.80808741e-02  8.19429092e-02  1.24911096e+05 
 4.03067204e+14  1.40705825e+34  1.31841000e+01  4.80384249e-01  1.01476000e+01  4.67549968e-01  2.13279445e-01  5.75961167e-02  8.23371201e-02  1.21751045e+05 
 4.04312292e+14  1.41920197e+34  1.31751000e+01  4.82998807e-01  1.01566000e+01  4.70201647e-01  2.13964903e-01  5.71175538e-02  8.27328492e-02  1.18654899e+05 
 4.05557379e+14  1.43135638e+34  1.31661000e+01  4.85604932e-01  1.01656000e+01  4.72847095e-01  2.14649660e-01  5.66360740e-02  8.31285618e-02  1.15661534e+05 
 4.06802467e+14  1.44352280e+34  1.31571000e+01  4.88202826e-01  1.01746000e+01  4.75486487e-01  2.15333754e-01  5.61517789e-02  8.35242724e-02  1.12766607e+05 
 4.08047555e+14  1.45586119e+34  1.31491000e+01  4.90826594e-01  1.01836000e+01  4.78150853e-01  2.15989446e-01  5.56733465e-02  8.38895116e-02  1.09929881e+05 
 4.09292643e+14  1.46819959e+34  1.31411000e+01  4.93439575e-01  1.01926000e+01  4.80806828e-01  2.16643850e-01  5.51914850e-02  8.42542975e-02  1.07188737e+05 
 4.10537731e+14  1.48057247e+34  1.31321000e+01  4.96048987e-01  1.02016000e+01  4.83460974e-01  2.17331157e-01  5.47080793e-02  8.46511625e-02  1.04532028e+05 
 4.11782818e+14  1.49309587e+34  1.31241000e+01  4.98679288e-01  1.02106000e+01  4.86135585e-01  2.17988938e-01  5.42291490e-02  8.50168031e-02  1.01932846e+05 
 4.13027906e+14  1.50561928e+34  1.31161000e+01  5.01298760e-01  1.02196000e+01  4.88801743e-01  2.18645443e-01  5.37468874e-02  8.53819873e-02  9.94203027e+04 
 4.14272994e+14  1.51819939e+34  1.31091000e+01  5.03919158e-01  1.02286000e+01  4.91470161e-01  2.19268966e-01  5.32641977e-02  8.57144834e-02  9.69800992e+04 
 4.15518082e+14  1.53090883e+34  1.31011000e+01  5.06555630e-01  1.02376000e+01  4.94154659e-01  2.19928563e-01  5.27848075e-02  8.60801281e-02  9.45963453e+04 
 4.16763169e+14  1.54361827e+34  1.30931000e+01  5.09181226e-01  1.02456000e+01  4.96799668e-01  2.20586890e-01  5.24257537e-02  8.64453082e-02  9.22912054e+04 
 4.18008257e+14  1.55640636e+34  1.30861000e+01  5.11812088e-01  1.02546000e+01  4.99481849e-01  2.21212529e-01  5.19432330e-02  8.67774815e-02  9.00479647e+04 
 4.19253345e+14  1.56930285e+34  1.30781000e+01  5.14454363e-01  1.02636000e+01  5.02175854e-01  2.21873903e-01  5.14628954e-02  8.71430449e-02  8.78597789e+04 
 4.20498433e+14  1.58219934e+34  1.30711000e+01  5.17085730e-01  1.02716000e+01  5.04830136e-01  2.22499972e-01  5.11019433e-02  8.74746760e-02  8.57429942e+04 
 4.21743521e+14  1.59519615e+34  1.30641000e+01  5.19726538e-01  1.02806000e+01  5.07525584e-01  2.23127549e-01  5.06195903e-02  8.78062843e-02  8.36790987e+04 
 4.22988608e+14  1.60828069e+34  1.30571000e+01  5.22374262e-01  1.02886000e+01  5.10197511e-01  2.23756267e-01  5.02600479e-02  8.81377687e-02  8.16686226e+04 
 4.24233696e+14  1.62136524e+34  1.30501000e+01  5.25011041e-01  1.02966000e+01  5.12860699e-01  2.24383507e-01  4.98967597e-02  8.84684857e-02  7.97230649e+04 
 4.25478784e+14  1.63457147e+34  1.30431000e+01  5.27661283e-01  1.03056000e+01  5.15568900e-01  2.25012846e-01  4.94140991e-02  8.87992893e-02  7.78226190e+04 
 4.26723872e+14  1.64784507e+34  1.30371000e+01  5.30314110e-01  1.03136000e+01  5.18249442e-01  2.25608078e-01  4.90522064e-02  8.90956103e-02  7.59737838e+04 
 4.27968960e+14  1.66111867e+34  1.30301000e+01  5.32955954e-01  1.03226000e+01  5.20952682e-01  2.26236343e-01  4.85662474e-02  8.94251939e-02  7.41840302e+04 
 4.29214047e+14  1.67453502e+34  1.30241000e+01  5.35615124e-01  1.03306000e+01  5.23641696e-01  2.26832428e-01  4.82035658e-02  8.97205022e-02  7.24326760e+04 
 4.30459135e+14  1.68799866e+34  1.30171000e+01  5.38272699e-01  1.03386000e+01  5.26330548e-01  2.27463144e-01  4.78392817e-02  9.00496529e-02  7.07310106e+04 
 4.31704223e+14  1.70146230e+34  1.30111000e+01  5.40919264e-01  1.03466000e+01  5.29010573e-01  2.28057342e-01  4.74713993e-02  9.03433069e-02  6.90831597e+04 
 4.32949311e+14  1.71508942e+34  1.30051000e+01  5.43586858e-01  1.03546000e+01  5.31711193e-01  2.28654507e-01  4.71069003e-02  9.06369377e-02  6.74679232e+04 
 4.34194399e+14  1.72874408e+34  1.29981000e+01  5.46248846e-01  1.03626000e+01  5.34407966e-01  2.29286063e-01  4.67399669e-02  9.09646737e-02  6.59003698e+04 
 4.35439486e+14  1.74239875e+34  1.29921000e+01  5.48899789e-01  1.03706000e+01  5.37095888e-01  2.29880778e-01  4.63694368e-02  9.12565072e-02  6.43818832e+04 
 4.36684574e+14  1.75623728e+34  1.29871000e+01  5.51575312e-01  1.03786000e+01  5.39807657e-01  2.30443471e-01  4.60031006e-02  9.15131368e-02  6.28910215e+04 
 4.37929662e+14  1.77008395e+34  1.29811000e+01  5.54241374e-01  1.03866000e+01  5.42512022e-01  2.31040120e-01  4.56335969e-02  9.18038775e-02  6.14457950e+04 
 4.39174750e+14  1.78394155e+34  1.29751000e+01  5.56898461e-01  1.03946000e+01  5.45209424e-01  2.31635414e-01  4.52610429e-02  9.20936385e-02  6.00442591e+04 
 4.40419838e+14  1.79798118e+34  1.29691000e+01  5.59579326e-01  1.04026000e+01  5.47929964e-01  2.32234053e-01  4.48924343e-02  9.23833558e-02  5.86682326e+04 
 4.41664925e+14  1.81202081e+34  1.29641000e+01  5.62249130e-01  1.04106000e+01  5.50641615e-01  2.32795124e-01  4.45203663e-02  9.26362877e-02  5.73346841e+04 
 4.42910013e+14  1.82609008e+34  1.29581000e+01  5.64913446e-01  1.04186000e+01  5.53349492e-01  2.33391168e-01  4.41461069e-02  9.29239472e-02  5.60393519e+04 
 4.44155101e+14  1.84032364e+34  1.29531000e+01  5.67597748e-01  1.04266000e+01  5.56077033e-01  2.33953871e-01  4.37749387e-02  9.31754276e-02  5.47690299e+04 
 4.45400189e+14  1.85455719e+34  1.29471000e+01  5.70270967e-01  1.04336000e+01  5.58763502e-01  2.34550969e-01  4.35158527e-02  9.34617194e-02  5.35375321e+04 
 4.46645277e+14  1.86883871e+34  1.29421000e+01  5.72942036e-01  1.04416000e+01  5.61481347e-01  2.35111370e-01  4.31395903e-02  9.37109950e-02  5.23394614e+04 
 4.47890364e+14  1.88326714e+34  1.29371000e+01  5.75629453e-01  1.04496000e+01  5.64215528e-01  2.35673830e-01  4.27656265e-02  9.39596916e-02  5.11657804e+04 
 4.49135452e+14  1.89769556e+34  1.29321000e+01  5.78305762e-01  1.04566000e+01  5.66908457e-01  2.36234462e-01  4.25028120e-02  9.42071173e-02  5.00276115e+04 
 4.50380540e+14  1.91218990e+34  1.29271000e+01  5.80983107e-01  1.04646000e+01  5.69635842e-01  2.36794990e-01  4.21245121e-02  9.44535733e-02  4.89186869e+04 
 4.51625628e+14  1.92681414e+34  1.29221000e+01  5.83673317e-01  1.04716000e+01  5.72343970e-01  2.37357079e-01  4.18615904e-02  9.46993307e-02  4.78334360e+04 
 4.52870716e+14  1.94143838e+34  1.29171000e+01  5.86352401e-01  1.04796000e+01  5.75075418e-01  2.37917359e-01  4.14814843e-02  9.49438278e-02  4.67806967e+04 
 4.54115803e+14  1.95614606e+34  1.29121000e+01  5.89035553e-01  1.04866000e+01  5.77779428e-01  2.38477963e-01  4.12142729e-02  9.51874075e-02  4.57535441e+04 
 4.55360891e+14  1.97096705e+34  1.29071000e+01  5.91728243e-01  1.04936000e+01  5.80493368e-01  2.39039664e-01  4.09475192e-02  9.54301871e-02  4.47492784e+04 
 4.56605979e+14  1.98578803e+34  1.29031000e+01  5.94409784e-01  1.05016000e+01  5.83230785e-01  2.39562424e-01  4.05644408e-02  9.56346416e-02  4.37748012e+04 
 4.57851067e+14  2.00070958e+34  1.28981000e+01  5.97098288e-01  1.05086000e+01  5.85943233e-01  2.40122963e-01  4.02941394e-02  9.58751915e-02  4.28227145e+04 
 4.59096155e+14  2.01572824e+34  1.28931000e+01  5.99793142e-01  1.05156000e+01  5.88662726e-01  2.40684150e-01  4.00235018e-02  9.61148439e-02  4.18926778e+04 
 4.60341242e+14  2.03074690e+34  1.28891000e+01  6.02476834e-01  1.05236000e+01  5.91405768e-01  2.41206119e-01  3.96377192e-02  9.63158811e-02  4.09899592e+04 
 4.61586330e+14  2.04588280e+34  1.28851000e+01  6.05170227e-01  1.05306000e+01  5.94126244e-01  2.41729014e-01  3.93642724e-02  9.65158865e-02  4.01068341e+04 
 4.62831418e+14  2.06110005e+34  1.28801000e+01  6.07866943e-01  1.05376000e+01  5.96850965e-01  2.42289570e-01  3.90899706e-02  9.67522774e-02  3.92448904e+04 
 4.64076506e+14  2.07631730e+34  1.28761000e+01  6.10552481e-01  1.05446000e+01  5.99566505e-01  2.42810636e-01  3.88121272e-02  9.69497807e-02  3.84080194e+04 
 4.65321594e+14  2.09166803e+34  1.28721000e+01  6.13250313e-01  1.05516000e+01  6.02294552e-01  2.43332984e-01  3.85352445e-02  9.71462724e-02  3.75882974e+04 
 4.66566681e+14  2.10708478e+34  1.28671000e+01  6.15948588e-01  1.05586000e+01  6.05024151e-01  2.43892892e-01  3.82571215e-02  9.73793757e-02  3.67888682e+04 
 4.67811769e+14  2.12250154e+34  1.28631000e+01  6.18635676e-01  1.05656000e+01  6.07744532e-01  2.44413042e-01  3.79755962e-02  9.75733257e-02  3.60124699e+04 
 4.69056857e+14  2.13806754e+34  1.28591000e+01  6.21337502e-01  1.05726000e+01  6.10479712e-01  2.44934803e-01  3.76954174e-02  9.77662725e-02  3.52510834e+04 
 4.70301945e+14  2.15368470e+34  1.28551000e+01  6.24037039e-01  1.05796000e+01  6.13213912e-01  2.45455849e-01  3.74135166e-02  9.79579505e-02  3.45090917e+04 
 4.71547033e+14  2.16930186e+34  1.28511000e+01  6.26725378e-01  1.05866000e+01  6.15938863e-01  2.45974970e-01  3.71283534e-02  9.81482384e-02  3.37882734e+04 
 4.72792120e+14  2.18508356e+34  1.28471000e+01  6.29430761e-01  1.05936000e+01  6.18680757e-01  2.46496013e-01  3.68449548e-02  9.83375256e-02  3.30805987e+04 
 4.74037208e+14  2.20090201e+34  1.28431000e+01  6.32131265e-01  1.06006000e+01  6.21419254e-01  2.47015999e-01  3.65594615e-02  9.85255100e-02  3.23914238e+04 
 4.75282296e+14  2.21672047e+34  1.28401000e+01  6.34820565e-01  1.06066000e+01  6.24115249e-01  2.47495520e-01  3.63786632e-02  9.86736877e-02  3.17217277e+04 
 4.76527384e+14  2.23271828e+34  1.28361000e+01  6.37529075e-01  1.06136000e+01  6.26863399e-01  2.48015716e-01  3.60918395e-02  9.88592096e-02  3.10635432e+04 
 4.77772472e+14  2.24873892e+34  1.28321000e+01  6.40230262e-01  1.06206000e+01  6.29605867e-01  2.48534538e-01  3.58025912e-02  9.90434077e-02  3.04229722e+04 
 4.79017559e+14  2.26475955e+34  1.28281000e+01  6.42920234e-01  1.06276000e+01  6.32339048e-01  2.49051469e-01  3.55102378e-02  9.92262490e-02  2.98003365e+04 
 4.80262647e+14  2.28097385e+34  1.28251000e+01  6.45631443e-01  1.06336000e+01  6.35059683e-01  2.49531952e-01  3.53270668e-02  9.93693190e-02  2.91877843e+04 
 4.81507735e+14  2.29719755e+34  1.28211000e+01  6.48333027e-01  1.06406000e+01  6.37805831e-01  2.50049598e-01  3.50342159e-02  9.95497235e-02  2.85919744e+04 
 4.82752823e+14  2.31342477e+34  1.28181000e+01  6.51023973e-01  1.06466000e+01  6.40509749e-01  2.50526347e-01  3.48445092e-02  9.96898958e-02  2.80125660e+04 
 4.83997911e+14  2.32985241e+34  1.28141000e+01  6.53736880e-01  1.06536000e+01  6.43268625e-01  2.51044665e-01  3.45510526e-02  9.98678339e-02  2.74422442e+04 
 4.85242998e+14  2.34628004e+34  1.28111000e+01  6.56438581e-01  1.06596000e+01  6.45984614e-01  2.51521846e-01  3.43602607e-02  1.00005398e-01  2.68876867e+04 
 4.86488086e+14  2.36272359e+34  1.28071000e+01  6.59131663e-01  1.06666000e+01  6.48727244e-01  2.52036700e-01  3.40610699e-02  1.00180623e-01  2.63478533e+04 
 4.87733174e+14  2.37935602e+34  1.28041000e+01  6.61844418e-01  1.06726000e+01  6.51455611e-01  2.52514352e-01  3.38691959e-02  1.00315559e-01  2.58168002e+04 
 4.88978262e+14  2.39598845e+34  1.28011000e+01  6.64545957e-01  1.06796000e+01  6.54208284e-01  2.52989979e-01  3.35690592e-02  1.00449036e-01  2.53002904e+04 
 4.90223349e+14  2.41264865e+34  1.27981000e+01  6.67240768e-01  1.06856000e+01  6.56922028e-01  2.53464190e-01  3.33714442e-02  1.00581106e-01  2.47970155e+04 
 4.91468437e+14  2.42948673e+34  1.27941000e+01  6.69953094e-01  1.06916000e+01  6.59653135e-01  2.53979881e-01  3.31750545e-02  1.00751249e-01  2.43021971e+04 
 4.92713525e+14  2.44632481e+34  1.27911000e+01  6.72654207e-01  1.06986000e+01  6.62408599e-01  2.54453949e-01  3.28714819e-02  1.00880655e-01  2.38208049e+04 
 4.93958613e+14  2.46320198e+34  1.27881000e+01  6.75350344e-01  1.07046000e+01  6.65126665e-01  2.54926846e-01  3.26698746e-02  1.01008673e-01  2.33513256e+04 
 4.95203701e+14  2.48024655e+34  1.27851000e+01  6.78061974e-01  1.07106000e+01  6.67860221e-01  2.55401247e-01  3.24691468e-02  1.01135363e-01  2.28899644e+04 
 4.96448788e+14  2.49729112e+34  1.27821000e+01  6.80762395e-01  1.07166000e+01  6.70584315e-01  2.55873667e-01  3.22652885e-02  1.01260649e-01  2.24410077e+04 
 4.97693876e+14  2.51438555e+34  1.27791000e+01  6.83459458e-01  1.07226000e+01  6.73306269e-01  2.56345136e-01  3.20595427e-02  1.01384562e-01  2.20027905e+04 
 4.98938964e+14  2.53163745e+34  1.27761000e+01  6.86170132e-01  1.07286000e+01  6.76041944e-01  2.56817863e-01  3.18544639e-02  1.01507124e-01  2.15723455e+04 
 5.00184052e+14  2.54888936e+34  1.27731000e+01  6.88869599e-01  1.07346000e+01  6.78768156e-01  2.57288627e-01  3.16463097e-02  1.01628307e-01  2.11533685e+04 
 5.01429140e+14  2.56620130e+34  1.27701000e+01  6.91567197e-01  1.07406000e+01  6.81493627e-01  2.57758643e-01  3.14365160e-02  1.01748124e-01  2.07440884e+04 
 5.02674227e+14  2.58366137e+34  1.27671000e+01  6.94276656e-01  1.07466000e+01  6.84231182e-01  2.58229690e-01  3.12271593e-02  1.01866576e-01  2.03422307e+04 
 5.03919315e+14  2.60112144e+34  1.27641000e+01  6.96974910e-01  1.07526000e+01  6.86959257e-01  2.58698791e-01  3.10148371e-02  1.01983673e-01  1.99509829e+04 
 5.05164403e+14  2.61865113e+34  1.27611000e+01  6.99672666e-01  1.07586000e+01  6.89687861e-01  2.59167333e-01  3.08011536e-02  1.02099414e-01  1.95685050e+04 
 5.06409491e+14  2.63632019e+34  1.27591000e+01  7.02380651e-01  1.07646000e+01  6.92427029e-01  2.59595990e-01  3.05876591e-02  1.02173722e-01  1.91930990e+04 
 5.07654579e+14  2.65398925e+34  1.27561000e+01  7.05077441e-01  1.07706000e+01  6.95156709e-01  2.60063343e-01  3.03713177e-02  1.02286700e-01  1.88275160e+04 
 5.08899666e+14  2.67173692e+34  1.27531000e+01  7.07774972e-01  1.07766000e+01  6.97888076e-01  2.60530302e-01  3.01538298e-02  1.02398324e-01  1.84698790e+04 
 5.10144754e+14  2.68961578e+34  1.27511000e+01  7.10481237e-01  1.07826000e+01  7.00628613e-01  2.60956947e-01  2.99363363e-02  1.02468371e-01  1.81189658e+04 
 5.11389842e+14  2.70749464e+34  1.27481000e+01  7.13176312e-01  1.07886000e+01  7.03359642e-01  2.61422546e-01  2.97161045e-02  1.02577256e-01  1.77771532e+04 
 5.12634930e+14  2.72546050e+34  1.27451000e+01  7.15873248e-01  1.07936000e+01  7.06058976e-01  2.61887902e-01  2.95947365e-02  1.02684788e-01  1.74425533e+04 
 5.13880018e+14  2.74354997e+34  1.27431000e+01  7.18577551e-01  1.07996000e+01  7.08800568e-01  2.62312536e-01  2.93732174e-02  1.02750608e-01  1.71143343e+04 
 5.15125105e+14  2.76163944e+34  1.27401000e+01  7.21270669e-01  1.08056000e+01  7.11532643e-01  2.62776380e-01  2.91490455e-02  1.02855428e-01  1.67945520e+04 
 5.16370193e+14  2.77982365e+34  1.27381000e+01  7.23966642e-01  1.08106000e+01  7.14233886e-01  2.63198776e-01  2.90230243e-02  1.02918480e-01  1.64813291e+04 
 5.17615281e+14  2.79812454e+34  1.27351000e+01  7.26668736e-01  1.08166000e+01  7.16976308e-01  2.63662728e-01  2.87975574e-02  1.03020514e-01  1.61741516e+04 
 5.18860369e+14  2.81642542e+34  1.27331000e+01  7.29359656e-01  1.08226000e+01  7.19709176e-01  2.64083324e-01  2.85695756e-02  1.03080809e-01  1.58748000e+04 
 5.20105457e+14  2.83482815e+34  1.27301000e+01  7.32054313e-01  1.08276000e+01  7.22411960e-01  2.64545331e-01  2.84391285e-02  1.03180182e-01  1.55814269e+04 
 5.21350544e+14  2.85334124e+34  1.27281000e+01  7.34753962e-01  1.08336000e+01  7.25154940e-01  2.64965859e-01  2.82098910e-02  1.03237617e-01  1.52937703e+04 
 5.22595632e+14  2.87185432e+34  1.27251000e+01  7.37442446e-01  1.08386000e+01  7.27853714e-01  2.65426102e-01  2.80759160e-02  1.03334348e-01  1.50133789e+04 
 5.23840720e+14  2.89047572e+34  1.27231000e+01  7.40135433e-01  1.08446000e+01  7.30592342e-01  2.65844651e-01  2.78434483e-02  1.03389069e-01  1.47384472e+04 
 5.25085808e+14  2.90920179e+34  1.27211000e+01  7.42832404e-01  1.08496000e+01  7.33300896e-01  2.66263090e-01  2.77078525e-02  1.03442356e-01  1.44689134e+04 
 5.26330896e+14  2.92792786e+34  1.27181000e+01  7.45518220e-01  1.08546000e+01  7.35999860e-01  2.66721488e-01  2.75693442e-02  1.03535068e-01  1.42061278e+04 
 5.27575983e+14  2.94676804e+34  1.27161000e+01  7.48209191e-01  1.08606000e+01  7.38739382e-01  2.67138053e-01  2.73332132e-02  1.03585668e-01  1.39483401e+04 
 5.28821071e+14  2.96570787e+34  1.27141000e+01  7.50903255e-01  1.08656000e+01  7.41447889e-01  2.67554404e-01  2.71931623e-02  1.03634848e-01  1.36956413e+04 
 5.30066159e+14  2.98464770e+34  1.27121000e+01  7.53586179e-01  1.08706000e+01  7.44146813e-01  2.67968789e-01  2.70502417e-02  1.03682785e-01  1.34492144e+04 
 5.31311247e+14  3.00370676e+34  1.27091000e+01  7.56274792e-01  1.08766000e+01  7.46886891e-01  2.68425526e-01  2.68105733e-02  1.03770097e-01  1.32073736e+04 
 5.32556335e+14  3.02286113e+34  1.27071000e+01  7.58965725e-01  1.08816000e+01  7.49595130e-01  2.68839790e-01  2.66661797e-02  1.03815213e-01  1.29703232e+04 
 5.33801422e+14  3.04201549e+34  1.27051000e+01  7.61645532e-01  1.08866000e+01  7.52293775e-01  2.69252106e-01  2.65190342e-02  1.03859117e-01  1.27391060e+04 
 5.35046510e+14  3.06129351e+34  1.27031000e+01  7.64331455e-01  1.08916000e+01  7.54999037e-01  2.69664590e-01  2.63713637e-02  1.03901574e-01  1.25121063e+04 
 5.36291598e+14  3.08066316e+34  1.27011000e+01  7.67019035e-01  1.08966000e+01  7.57706731e-01  2.70076695e-01  2.62225813e-02  1.03942647e-01  1.22896105e+04 
 5.37536686e+14  3.10003282e+34  1.26991000e+01  7.69695506e-01  1.09016000e+01  7.60404826e-01  2.70486875e-01  2.60711528e-02  1.03982539e-01  1.20725429e+04 
 5.38781774e+14  3.11952986e+34  1.26971000e+01  7.72378413e-01  1.09076000e+01  7.63144990e-01  2.70897264e-01  2.58244320e-02  1.04065585e-01  1.18644490e+04 
 5.40026861e+14  3.13911556e+34  1.26941000e+01  7.75062424e-01  1.09126000e+01  7.65851958e-01  2.71349968e-01  2.56716231e-02  1.04099058e-01  1.16504136e+04 
 5.41271949e+14  3.15870126e+34  1.26921000e+01  7.77735345e-01  1.09176000e+01  7.68549325e-01  2.71758085e-01  2.55162392e-02  1.04135008e-01  1.14465176e+04 
 5.42517037e+14  3.17841736e+34  1.26901000e+01  7.80414911e-01  1.09226000e+01  7.71253820e-01  2.72166438e-01  2.53604230e-02  1.04169508e-01  1.12462160e+04 
 5.43762125e+14  3.19821985e+34  1.26881000e+01  7.83095140e-01  1.09276000e+01  7.73959798e-01  2.72574308e-01  2.52034771e-02  1.04202661e-01  1.10498787e+04 
 5.45007213e+14  3.21802234e+34  1.26861000e+01  7.85764299e-01  1.09326000e+01  7.76656177e-01  2.72980293e-01  2.50440671e-02  1.04234696e-01  1.08582509e+04 
 5.46252300e+14  3.23795751e+34  1.26841000e+01  7.88440211e-01  1.09366000e+01  7.79324446e-01  2.73386530e-01  2.49777775e-02  1.04265281e-01  1.06699542e+04 
 5.47497388e+14  3.25797753e+34  1.26821000e+01  7.91116454e-01  1.09416000e+01  7.82029188e-01  2.73792253e-01  2.48166391e-02  1.04294541e-01  1.04853694e+04 
 5.48742476e+14  3.27799755e+34  1.26811000e+01  7.93781643e-01  1.09466000e+01  7.84724335e-01  2.74152860e-01  2.46530909e-02  1.04326500e-01  1.03096138e+04 
 5.49987564e+14  3.29815181e+34  1.26791000e+01  7.96453594e-01  1.09516000e+01  7.87426711e-01  2.74556903e-01  2.44892250e-02  1.04308289e-01  1.01280761e+04 
 5.51232652e+14  3.31839008e+34  1.26771000e+01  7.99125641e-01  1.09566000e+01  7.90130042e-01  2.74960410e-01  2.43242103e-02  1.04333686e-01  9.95444800e+03 
 5.52477739e+14  3.33862836e+34  1.26751000e+01  8.01786655e-01  1.09616000e+01  7.92823782e-01  2.75362069e-01  2.41568810e-02  1.04358024e-01  9.78491550e+03 
 5.53722827e+14  3.35900168e+34  1.26731000e+01  8.04454337e-01  1.09656000e+01  7.95489139e-01  2.75763978e-01  2.40814570e-02  1.04380923e-01  9.61826706e+03 
 5.54967915e+14  3.37945894e+34  1.26711000e+01  8.07121997e-01  1.09706000e+01  7.98190786e-01  2.76165349e-01  2.39125918e-02  1.04402533e-01  9.45485977e+03 
 5.56213003e+14  3.39991619e+34  1.26691000e+01  8.09778644e-01  1.09756000e+01  8.00882836e-01  2.76564892e-01  2.37415156e-02  1.04423114e-01  9.29527510e+03 
 5.57458091e+14  3.42050854e+34  1.26681000e+01  8.12441762e-01  1.09796000e+01  8.03546268e-01  2.76920929e-01  2.36615903e-02  1.04446190e-01  9.14233641e+03 
 5.58703178e+14  3.44118549e+34  1.26661000e+01  8.15104828e-01  1.09846000e+01  8.06246081e-01  2.77320093e-01  2.34888245e-02  1.04418898e-01  8.98451673e+03 
 5.59948266e+14  3.46186244e+34  1.26641000e+01  8.17756909e-01  1.09896000e+01  8.08936245e-01  2.77717451e-01  2.33140892e-02  1.04435760e-01  8.83421887e+03 
 5.61193354e+14  3.48267375e+34  1.26621000e+01  8.20415176e-01  1.09936000e+01  8.11597455e-01  2.78115005e-01  2.32298458e-02  1.04451198e-01  8.68644497e+03 
 5.62438442e+14  3.50357111e+34  1.26601000e+01  8.23073462e-01  1.09986000e+01  8.14295178e-01  2.78512040e-01  2.30534553e-02  1.04465373e-01  8.54148583e+03 
 5.63683529e+14  3.52446846e+34  1.26591000e+01  8.25720783e-01  1.10026000e+01  8.16947524e-01  2.78863217e-01  2.29656492e-02  1.04482608e-01  8.40350490e+03 
 5.64928617e+14  3.54549866e+34  1.26571000e+01  8.28373914e-01  1.10076000e+01  8.19641982e-01  2.79258552e-01  2.27866131e-02  1.04449108e-01  8.26060965e+03 
 5.66173705e+14  3.56661712e+34  1.26551000e+01  8.31027231e-01  1.10116000e+01  8.22301566e-01  2.79653395e-01  2.26969784e-02  1.04459646e-01  8.12397470e+03 
 5.67418793e+14  3.58773557e+34  1.26541000e+01  8.33669606e-01  1.10166000e+01  8.24987421e-01  2.80002199e-01  2.25148020e-02  1.04473328e-01  7.99392885e+03 
 5.68663881e+14  3.61250973e+34  1.26521000e+01  8.36756776e-01  1.10216000e+01  8.28096180e-01  2.80445808e-01  2.23764922e-02  1.04469122e-01  7.84103180e+03 
 5.69908968e+14  3.63983984e+34  1.26491000e+01  8.40151850e-01  1.10266000e+01  8.31498210e-01  2.80968557e-01  2.22674117e-02  1.04450398e-01  7.67339700e+03 
 5.71154056e+14  3.66716994e+34  1.26471000e+01  8.43536255e-01  1.10326000e+01  8.34927152e-01  2.81445144e-01  2.20662161e-02  1.04434444e-01  7.51360108e+03 
 5.72399144e+14  3.69971845e+34  1.26451000e+01  8.47554736e-01  1.10396000e+01  8.38995462e-01  2.81993682e-01  2.18369169e-02  1.04398069e-01  7.32880913e+03 
 5.73644232e+14  3.73616366e+34  1.26421000e+01  8.52046190e-01  1.10466000e+01  8.43514549e-01  2.82640482e-01  2.16521627e-02  1.04386923e-01  7.12844642e+03 
 5.74889320e+14  3.77260887e+34  1.26401000e+01  8.56529541e-01  1.10536000e+01  8.48027405e-01  2.83241509e-01  2.14649353e-02  1.04378485e-01  6.93777464e+03 
 5.76134407e+14  3.80948633e+34  1.26371000e+01  8.61057634e-01  1.10606000e+01  8.52584166e-01  2.83892564e-01  2.12805719e-02  1.04317358e-01  6.74529518e+03 
 5.77379495e+14  3.84671614e+34  1.26341000e+01  8.65620586e-01  1.10686000e+01  8.57211564e-01  2.84547992e-01  2.10105788e-02  1.04299345e-01  6.56044998e+03 
 5.78624583e+14  3.88394595e+34  1.26321000e+01  8.70174809e-01  1.10756000e+01  8.61795750e-01  2.85157821e-01  2.08266405e-02  1.04284786e-01  6.38461298e+03 
 5.79869671e+14  3.92159172e+34  1.26291000e+01  8.74770763e-01  1.10826000e+01  8.66420815e-01  2.85818139e-01  2.06456406e-02  1.04217913e-01  6.20728185e+03 
 5.81114759e+14  3.95961648e+34  1.26271000e+01  8.79403806e-01  1.10896000e+01  8.71082253e-01  2.86438123e-01  2.04673069e-02  1.04153319e-01  6.03695433e+03 
 5.82359846e+14  3.99764125e+34  1.26251000e+01  8.84027317e-01  1.10976000e+01  8.75772095e-01  2.87057706e-01  2.02009496e-02  1.04133919e-01  5.87497874e+03 
 5.83604934e+14  4.03606015e+34  1.26221000e+01  8.88688766e-01  1.11046000e+01  8.80462788e-01  2.87727989e-01  2.00240468e-02  1.04062456e-01  5.71178806e+03 
 5.84850022e+14  4.07489023e+34  1.26201000e+01  8.93390059e-01  1.11116000e+01  8.85192365e-01  2.88358214e-01  1.98502836e-02  1.03993536e-01  5.55498800e+03 
 5.86095110e+14  4.11372030e+34  1.26181000e+01  8.98080957e-01  1.11186000e+01  8.89913019e-01  2.88988176e-01  1.96750832e-02  1.03970131e-01  5.40591677e+03 
 5.87340198e+14  4.15291687e+34  1.26161000e+01  9.02805267e-01  1.11256000e+01  8.94666471e-01  2.89622959e-01  1.95023460e-02  1.03899419e-01  5.25819503e+03 
 5.88585285e+14  4.19256262e+34  1.26131000e+01  9.07572767e-01  1.11336000e+01  8.99498563e-01  2.90309797e-01  1.92483639e-02  1.03822255e-01  5.11164578e+03 
 5.89830373e+14  4.23220836e+34  1.26111000e+01  9.12328979e-01  1.11406000e+01  9.04284225e-01  2.90950513e-01  1.90781401e-02  1.03749631e-01  4.97235857e+03 
 5.91075461e+14  4.27218685e+34  1.26091000e+01  9.17113349e-01  1.11476000e+01  9.09097635e-01  2.91595613e-01  1.89099790e-02  1.03675718e-01  4.83671838e+03 
 5.92320549e+14  4.31265862e+34  1.26081000e+01  9.21944884e-01  1.11546000e+01  9.13956791e-01  2.92200993e-01  1.87457539e-02  1.03604636e-01  4.70620669e+03 
 5.93565637e+14  4.35313040e+34  1.26061000e+01  9.26764228e-01  1.11616000e+01  9.18805171e-01  2.92852440e-01  1.85802586e-02  1.03528979e-01  4.57812597e+03 
 5.94810724e+14  4.39389476e+34  1.26041000e+01  9.31605757e-01  1.11696000e+01  9.23712424e-01  2.93507704e-01  1.83331298e-02  1.03452306e-01  4.45355619e+03 
 5.96055812e+14  4.43520292e+34  1.26021000e+01  9.36499073e-01  1.11766000e+01  9.28633019e-01  2.94170273e-01  1.81738408e-02  1.03327856e-01  4.32975823e+03 
 5.97300900e+14  4.47651108e+34  1.26001000e+01  9.41379288e-01  1.11836000e+01  9.33541927e-01  2.94832627e-01  1.80132644e-02  1.03249389e-01  4.21213842e+03 
 5.98545988e+14  4.51806497e+34  1.25991000e+01  9.46274992e-01  1.11906000e+01  9.38466398e-01  2.95451197e-01  1.78538168e-02  1.03175035e-01  4.09971631e+03 
 5.99791076e+14  4.56021986e+34  1.25971000e+01  9.51227773e-01  1.11976000e+01  9.43446057e-01  2.96124587e-01  1.76990822e-02  1.03047921e-01  3.98600547e+03 
 6.01036163e+14  4.60237475e+34  1.25961000e+01  9.56166552e-01  1.12056000e+01  9.48450276e-01  2.96750577e-01  1.74612216e-02  1.02971779e-01  3.87971083e+03 
 6.02281251e+14  4.64472153e+34  1.25941000e+01  9.61113393e-01  1.12126000e+01  9.53425902e-01  2.97425897e-01  1.73059454e-02  1.02844438e-01  3.77321653e+03 
 6.03526339e+14  4.68773349e+34  1.25931000e+01  9.66123288e-01  1.12196000e+01  9.58462387e-01  2.98062674e-01  1.71558379e-02  1.02765586e-01  3.67211766e+03 
 6.04771427e+14  4.73074545e+34  1.25911000e+01  9.71118285e-01  1.12266000e+01  9.63485456e-01  2.98746335e-01  1.70043183e-02  1.02636235e-01  3.57130384e+03 
 6.06016515e+14  4.77388815e+34  1.25901000e+01  9.76113189e-01  1.12336000e+01  9.68509201e-01  2.99383813e-01  1.68526331e-02  1.02511723e-01  3.47525683e+03 
 6.07261602e+14  4.81776750e+34  1.25891000e+01  9.81177804e-01  1.12416000e+01  9.73637533e-01  3.00030722e-01  1.66263178e-02  1.02430506e-01  3.38245898e+03 
 6.08506690e+14  4.86164685e+34  1.25881000e+01  9.86226650e-01  1.12486000e+01  9.78714251e-01  3.00676968e-01  1.64791649e-02  1.02303860e-01  3.29137716e+03 
 6.09751778e+14  4.90558820e+34  1.25871000e+01  9.91266514e-01  1.12556000e+01  9.83783201e-01  3.01323333e-01  1.63310455e-02  1.02177328e-01  3.20331137e+03 
 6.10996866e+14  4.95034525e+34  1.25861000e+01  9.96383450e-01  1.12626000e+01  9.88926433e-01  3.01980055e-01  1.61890109e-02  1.02048046e-01  3.11671029e+03 
 6.12241954e+14  4.99510231e+34  1.25851000e+01  1.00148375e+00  1.12696000e+01  9.94054511e-01  3.02636002e-01  1.60455578e-02  1.01919119e-01  3.03310787e+03 
 6.13487041e+14  5.03985936e+34  1.25841000e+01  1.00656713e+00  1.12766000e+01  9.99167179e-01  3.03291118e-01  1.59006363e-02  1.01790544e-01  2.95238437e+03 
 6.14732129e+14  5.08548973e+34  1.25831000e+01  1.01173231e+00  1.12846000e+01  1.00439632e+00  3.03957195e-01  1.56835346e-02  1.01659014e-01  2.87292584e+03 
 6.15977217e+14  5.13113477e+34  1.25821000e+01  1.01688167e+00  1.12916000e+01  1.00957357e+00  3.04622574e-01  1.55436881e-02  1.01527773e-01  2.79619085e+03 
 6.17222305e+14  5.17677982e+34  1.25811000e+01  1.02201327e+00  1.12986000e+01  1.01473459e+00  3.05287001e-01  1.54023572e-02  1.01351232e-01  2.72087008e+03 
 6.18467393e+14  5.22322354e+34  1.25801000e+01  1.02721644e+00  1.13056000e+01  1.01996464e+00  3.05961197e-01  1.52665106e-02  1.01217686e-01  2.64810649e+03 
 6.19712480e+14  5.26976685e+34  1.25801000e+01  1.03241246e+00  1.13126000e+01  1.02518864e+00  3.06586959e-01  1.51298646e-02  1.01089505e-01  2.57886570e+03 
 6.20957568e+14  5.31631016e+34  1.25791000e+01  1.03758991e+00  1.13196000e+01  1.03039570e+00  3.07260280e-01  1.49915343e-02  1.00956264e-01  2.51085019e+03 
 6.22202656e+14  5.36356893e+34  1.25781000e+01  1.04282789e+00  1.13266000e+01  1.03566133e+00  3.07942057e-01  1.48576646e-02  1.00775121e-01  2.44305772e+03 
 6.23447744e+14  5.41102075e+34  1.25781000e+01  1.04806818e+00  1.13336000e+01  1.04092987e+00  3.08576189e-01  1.47238138e-02  1.00644640e-01  2.37950473e+03 
 6.24692832e+14  5.45847256e+34  1.25771000e+01  1.05328909e+00  1.13406000e+01  1.04618070e+00  3.09258074e-01  1.45882632e-02  1.00463493e-01  2.31601460e+03 
 6.25937919e+14  5.50654771e+34  1.25771000e+01  1.05855876e+00  1.13476000e+01  1.05147885e+00  3.09897700e-01  1.44561742e-02  1.00331405e-01  2.25596834e+03 
 6.27183007e+14  5.55491825e+34  1.25771000e+01  1.06384091e+00  1.13556000e+01  1.05682782e+00  3.10539750e-01  1.42490944e-02  1.00153138e-01  2.19660558e+03 
 6.28428095e+14  5.60328880e+34  1.25761000e+01  1.06910292e+00  1.13626000e+01  1.06212028e+00  3.11229736e-01  1.41161997e-02  9.99696402e-02  2.13830105e+03 
 6.29673183e+14  5.65218130e+34  1.25761000e+01  1.07440112e+00  1.13696000e+01  1.06744810e+00  3.11875608e-01  1.39857214e-02  9.98355535e-02  2.08329731e+03 
 6.30918271e+14  5.70148077e+34  1.25761000e+01  1.07972276e+00  1.13766000e+01  1.07279907e+00  3.12525207e-01  1.38567348e-02  9.96549613e-02  2.02878459e+03 
 6.32163358e+14  5.75078023e+34  1.25751000e+01  1.08502350e+00  1.13836000e+01  1.07813087e+00  3.13222925e-01  1.37259421e-02  9.94690209e-02  1.97523032e+03 
 6.33408446e+14  5.80049071e+34  1.25751000e+01  1.09034714e+00  1.13906000e+01  1.08348535e+00  3.13874565e-01  1.35965291e-02  9.92876321e-02  1.92396353e+03 
 6.34653534e+14  5.85072925e+34  1.25751000e+01  1.09570589e+00  1.13976000e+01  1.08887418e+00  3.14531335e-01  1.34693774e-02  9.91498670e-02  1.87476904e+03 
 6.35898622e+14  5.90096778e+34  1.25751000e+01  1.10104301e+00  1.14046000e+01  1.09424315e+00  3.15186270e-01  1.33403462e-02  9.89672069e-02  1.82639833e+03 
 6.37143710e+14  5.95149648e+34  1.25751000e+01  1.10638899e+00  1.14116000e+01  1.09962139e+00  3.15843086e-01  1.32116504e-02  9.87838307e-02  1.77939452e+03 
 6.38388797e+14  6.00268422e+34  1.25751000e+01  1.11178251e+00  1.14186000e+01  1.10504588e+00  3.16506535e-01  1.30860460e-02  9.85983915e-02  1.73338985e+03 
 6.39633885e+14  6.05387195e+34  1.25751000e+01  1.11715369e+00  1.14246000e+01  1.11041125e+00  3.17168012e-01  1.30315031e-02  9.84132756e-02  1.68894178e+03 
 6.40878973e+14  6.10521874e+34  1.25751000e+01  1.12251896e+00  1.14316000e+01  1.11581033e+00  3.17829514e-01  1.29029475e-02  9.82279009e-02  1.64585686e+03 
 6.42124061e+14  6.15736576e+34  1.25751000e+01  1.12794491e+00  1.14386000e+01  1.12126826e+00  3.18499248e-01  1.27783413e-02  9.79950071e-02  1.60283980e+03 
 6.43369148e+14  6.20951277e+34  1.25751000e+01  1.13334783e+00  1.14456000e+01  1.12670500e+00  3.19166875e-01  1.26517598e-02  9.78073966e-02  1.56200070e+03 
 6.44614236e+14  6.26167714e+34  1.25761000e+01  1.13872936e+00  1.14526000e+01  1.13212211e+00  3.19781701e-01  1.25233186e-02  9.76260362e-02  1.52321552e+03 
 6.45859324e+14  6.31479348e+34  1.25761000e+01  1.14418544e+00  1.14596000e+01  1.13761137e+00  3.20457219e-01  1.23997237e-02  9.74355573e-02  1.48434097e+03 
 6.47104412e+14  6.36790982e+34  1.25761000e+01  1.14961782e+00  1.14666000e+01  1.14307879e+00  3.21130497e-01  1.22741231e-02  9.72453606e-02  1.44677084e+03 
 6.48349500e+14  6.42102616e+34  1.25761000e+01  1.15502636e+00  1.14736000e+01  1.14852428e+00  3.21801490e-01  1.21464892e-02  9.70107526e-02  1.40980383e+03 
 6.49594587e+14  6.47498653e+34  1.25771000e+01  1.16049654e+00  1.14796000e+01  1.15399065e+00  3.22429506e-01  1.20935817e-02  9.68242627e-02  1.37478855e+03 
 6.50839675e+14  6.52908219e+34  1.25771000e+01  1.16595611e+00  1.14866000e+01  1.15948666e+00  3.23108039e-01  1.19683506e-02  9.66314542e-02  1.34022730e+03 
 6.52084763e+14  6.58317785e+34  1.25771000e+01  1.17139120e+00  1.14936000e+01  1.16496012e+00  3.23784158e-01  1.18410682e-02  9.63943807e-02  1.30620963e+03 
 6.53329851e+14  6.63796357e+34  1.25781000e+01  1.17687073e+00  1.15006000e+01  1.17047694e+00  3.24414829e-01  1.17164212e-02  9.62059002e-02  1.27409405e+03 
 6.54574939e+14  6.69304850e+34  1.25781000e+01  1.18235525e+00  1.15066000e+01  1.17596024e+00  3.25098221e-01  1.16617507e-02  9.59660126e-02  1.24171269e+03 
 6.55820026e+14  6.74813344e+34  1.25791000e+01  1.18781469e+00  1.15136000e+01  1.18145958e+00  3.25727278e-01  1.15346427e-02  9.57771004e-02  1.21153076e+03 
 6.57065114e+14  6.80374276e+34  1.25791000e+01  1.19330066e+00  1.15206000e+01  1.18698519e+00  3.26411913e-01  1.14088974e-02  9.55360475e-02  1.18095703e+03 
 6.58310202e+14  6.85982687e+34  1.25801000e+01  1.19880792e+00  1.15266000e+01  1.19249279e+00  3.27047766e-01  1.13534015e-02  9.53442164e-02  1.15221940e+03 
 6.59555290e+14  6.91591099e+34  1.25801000e+01  1.20428952e+00  1.15336000e+01  1.19801595e+00  3.27732868e-01  1.12263516e-02  9.51021644e-02  1.12337490e+03 
 6.60800378e+14  6.97234177e+34  1.25811000e+01  1.20977904e+00  1.15406000e+01  1.20354762e+00  3.28367281e-01  1.10993120e-02  9.49097231e-02  1.09633144e+03 
 6.62045465e+14  7.02943492e+34  1.25821000e+01  1.21530687e+00  1.15466000e+01  1.20907746e+00  3.29006804e-01  1.10428842e-02  9.46711921e-02  1.06935554e+03 
 6.63290553e+14  7.08652806e+34  1.25821000e+01  1.22080846e+00  1.15536000e+01  1.21462246e+00  3.29695764e-01  1.09155749e-02  9.44266431e-02  1.04277579e+03 
 6.64535641e+14  7.14377775e+34  1.25831000e+01  1.22629874e+00  1.15596000e+01  1.22011802e+00  3.30331282e-01  1.08552082e-02  9.42322590e-02  1.01794618e+03 
 6.65780729e+14  7.20188973e+34  1.25841000e+01  1.23184498e+00  1.15666000e+01  1.22570761e+00  3.30974095e-01  1.07295492e-02  9.39912890e-02  9.93085182e+02 
 6.67025817e+14  7.26000170e+34  1.25841000e+01  1.23736444e+00  1.15736000e+01  1.23127244e+00  3.31666533e-01  1.06018350e-02  9.37442192e-02  9.68580072e+02 
 6.68270904e+14  7.31811367e+34  1.25851000e+01  1.24285707e+00  1.15796000e+01  1.23677288e+00  3.32303241e-01  1.05393747e-02  9.35477462e-02  9.45756043e+02 
 6.69515992e+14  7.37720787e+34  1.25861000e+01  1.24841524e+00  1.15866000e+01  1.24237664e+00  3.32948414e-01  1.04129063e-02  9.33044802e-02  9.22850742e+02 
 6.70761080e+14  7.43634841e+34  1.25871000e+01  1.25395047e+00  1.15926000e+01  1.24791965e+00  3.33590942e-01  1.03515310e-02  9.30614682e-02  9.00668079e+02 
 6.72006168e+14  7.49548895e+34  1.25881000e+01  1.25945837e+00  1.15986000e+01  1.25343732e+00  3.34230247e-01  1.02875760e-02  9.28188696e-02  8.79197606e+02 
 6.73251256e+14  7.55540538e+34  1.25881000e+01  1.26501077e+00  1.16056000e+01  1.25903830e+00  3.34928567e-01  1.01589783e-02  9.25673576e-02  8.57740784e+02 
 6.74496343e+14  7.61558416e+34  1.25891000e+01  1.27055972e+00  1.16116000e+01  1.26459713e+00  3.35573531e-01  1.00959327e-02  9.23653062e-02  8.37674440e+02 
 6.75741431e+14  7.67576294e+34  1.25901000e+01  1.27608084e+00  1.16176000e+01  1.27013005e+00  3.36215175e-01  1.00304837e-02  9.21202612e-02  8.17859124e+02 
 6.76986519e+14  7.73649774e+34  1.25911000e+01  1.28162481e+00  1.16246000e+01  1.27572583e+00  3.36859859e-01  9.89942821e-03  9.18737164e-02  7.98497391e+02 
 6.78231607e+14  7.79772438e+34  1.25921000e+01  1.28718545e+00  1.16306000e+01  1.28129851e+00  3.37506803e-01  9.83468104e-03  9.16258993e-02  7.79600028e+02 
 6.79476695e+14  7.85895102e+34  1.25931000e+01  1.29271779e+00  1.16366000e+01  1.28684491e+00  3.38150330e-01  9.76744788e-03  9.13785161e-02  7.61302263e+02 
 6.80721782e+14  7.92049989e+34  1.25941000e+01  1.29825074e+00  1.16436000e+01  1.29243294e+00  3.38794065e-01  9.63398550e-03  9.11304602e-02  7.43489332e+02 
 6.81966870e+14  7.98278393e+34  1.25951000e+01  1.30382107e+00  1.16496000e+01  1.29801768e+00  3.39442638e-01  9.56734528e-03  9.08803150e-02  7.26032943e+02 
 6.83211958e+14  8.04506798e+34  1.25961000e+01  1.30936267e+00  1.16556000e+01  1.30357567e+00  3.40087705e-01  9.49827354e-03  9.06306193e-02  7.09127055e+02 
 6.84457046e+14  8.10742619e+34  1.25971000e+01  1.31488207e+00  1.16616000e+01  1.30911333e+00  3.40730070e-01  9.42696460e-03  9.03811190e-02  6.92731551e+02 
 6.85702134e+14  8.17077712e+34  1.25981000e+01  1.32046014e+00  1.16676000e+01  1.31470823e+00  3.41379930e-01  9.35812785e-03  9.01286750e-02  6.76597108e+02 
 6.86947221e+14  8.23412805e+34  1.25991000e+01  1.32600906e+00  1.16746000e+01  1.32031635e+00  3.42026196e-01  9.22256041e-03  8.98766953e-02  6.60968313e+02 
 6.88192309e+14  8.29747898e+34  1.26001000e+01  1.33152881e+00  1.16806000e+01  1.32585710e+00  3.42668852e-01  9.14898400e-03  8.96251852e-02  6.45826054e+02 
 6.89437397e+14  8.36171766e+34  1.26011000e+01  1.33709635e+00  1.16866000e+01  1.33144465e+00  3.43317603e-01  9.07725042e-03  8.93711271e-02  6.30949187e+02 
 6.90682485e+14  8.42614488e+34  1.26021000e+01  1.34265069e+00  1.16926000e+01  1.33702045e+00  3.43964741e-01  9.00391312e-03  8.91169076e-02  6.16492643e+02 
 6.91927573e+14  8.49057211e+34  1.26031000e+01  1.34817548e+00  1.16986000e+01  1.34256882e+00  3.44608189e-01  8.92809492e-03  8.88631770e-02  6.02483292e+02 
 6.93172660e+14  8.55561870e+34  1.26041000e+01  1.35372352e+00  1.17046000e+01  1.34814045e+00  3.45254606e-01  8.85272575e-03  8.86078445e-02  5.88775702e+02 
 6.94417748e+14  8.62113155e+34  1.26051000e+01  1.35928143e+00  1.17106000e+01  1.35372251e+00  3.45902296e-01  8.77705555e-03  8.83514354e-02  5.75395619e+02 
 6.95662836e+14  8.68664441e+34  1.26061000e+01  1.36480941e+00  1.17166000e+01  1.35927675e+00  3.46546221e-01  8.69894046e-03  8.80535535e-02  5.62158733e+02 
 6.96907924e+14  8.75249279e+34  1.26071000e+01  1.37033562e+00  1.17226000e+01  1.36483024e+00  3.47189924e-01  8.61991715e-03  8.77971270e-02  5.49528143e+02 
 6.98153012e+14  8.81910053e+34  1.26091000e+01  1.37589528e+00  1.17276000e+01  1.37037615e+00  3.47782676e-01  8.60428324e-03  8.75457574e-02  5.37399214e+02 
 6.99398099e+14  8.88570826e+34  1.26101000e+01  1.38142466e+00  1.17336000e+01  1.37593457e+00  3.48426673e-01  8.52359142e-03  8.72878582e-02  5.25386421e+02 
 7.00643187e+14  8.95235188e+34  1.26111000e+01  1.38692678e+00  1.17396000e+01  1.38146772e+00  3.49067201e-01  8.44067398e-03  8.70303821e-02  5.13731804e+02 
 7.01888275e+14  9.02006368e+34  1.26121000e+01  1.39248641e+00  1.17456000e+01  1.38705712e+00  3.49714974e-01  8.35999908e-03  8.67698848e-02  5.02249600e+02 
 7.03133363e+14  9.08777548e+34  1.26131000e+01  1.39801544e+00  1.17516000e+01  1.39261805e+00  3.50358843e-01  8.27694413e-03  8.65099491e-02  4.91115676e+02 
 7.04378451e+14  9.15548728e+34  1.26141000e+01  1.40351391e+00  1.17566000e+01  1.39810964e+00  3.50998806e-01  8.25310751e-03  8.62092144e-02  4.80086840e+02 
 7.05623538e+14  9.22403227e+34  1.26161000e+01  1.40904914e+00  1.17626000e+01  1.40367845e+00  3.51587611e-01  8.16856622e-03  8.59549490e-02  4.69714739e+02 
 7.06868626e+14  9.29285723e+34  1.26171000e+01  1.41457609e+00  1.17686000e+01  1.40924025e+00  3.52230966e-01  8.08288110e-03  8.56931589e-02  4.59389114e+02 
 7.08113714e+14  9.36168219e+34  1.26181000e+01  1.42007218e+00  1.17736000e+01  1.41473233e+00  3.52870354e-01  8.05584284e-03  8.54319676e-02  4.49372524e+02 
 7.09358802e+14  9.43101697e+34  1.26191000e+01  1.42557792e+00  1.17796000e+01  1.42027563e+00  3.53510888e-01  7.96739587e-03  8.51697028e-02  4.39582735e+02 
 7.10603890e+14  9.50096409e+34  1.26201000e+01  1.43110111e+00  1.17856000e+01  1.42583670e+00  3.54153549e-01  7.87908328e-03  8.48651226e-02  4.29793665e+02 
 7.11848977e+14  9.57091122e+34  1.26221000e+01  1.43659316e+00  1.17906000e+01  1.43132769e+00  3.54735960e-01  7.84883666e-03  8.46094659e-02  4.20703802e+02 
 7.13094065e+14  9.64102778e+34  1.26231000e+01  1.44206736e+00  1.17966000e+01  1.43684352e+00  3.55372145e-01  7.75644747e-03  8.43466166e-02  4.11659769e+02 
 7.14339153e+14  9.71210600e+34  1.26241000e+01  1.44758517e+00  1.18016000e+01  1.44236115e+00  3.56013746e-01  7.72551674e-03  8.40812696e-02  4.02762610e+02 
 7.15584241e+14  9.78318422e+34  1.26251000e+01  1.45307157e+00  1.18076000e+01  1.44789068e+00  3.56651268e-01  7.63208660e-03  8.38165816e-02  3.94128131e+02 
 7.16829328e+14  9.85426244e+34  1.26261000e+01  1.45852665e+00  1.18126000e+01  1.45334977e+00  3.57284716e-01  7.59616336e-03  8.35121141e-02  3.85560148e+02 
 7.18074416e+14  9.92629227e+34  1.26281000e+01  1.46402307e+00  1.18176000e+01  1.45884959e+00  3.57866576e-01  7.56114632e-03  8.32531543e-02  3.77502240e+02 
 7.19319504e+14  9.99851042e+34  1.26291000e+01  1.46950224e+00  1.18236000e+01  1.46437507e+00  3.58502726e-01  7.46487169e-03  8.29869126e-02  3.69478133e+02 
 7.20564592e+14  1.00707286e+35  1.26301000e+01  1.47494984e+00  1.18286000e+01  1.46982974e+00  3.59134756e-01  7.42566438e-03  8.27213719e-02  3.61687745e+02 
 7.21809680e+14  1.01435316e+35  1.26311000e+01  1.48040979e+00  1.18336000e+01  1.47529724e+00  3.59768204e-01  7.38599351e-03  8.24546590e-02  3.54062320e+02 
 7.23054767e+14  1.02168984e+35  1.26331000e+01  1.48588018e+00  1.18396000e+01  1.48081717e+00  3.60345769e-01  7.28693076e-03  8.21543280e-02  3.46600785e+02 
 7.24299855e+14  1.02902652e+35  1.26341000e+01  1.49131880e+00  1.18446000e+01  1.48626601e+00  3.60976135e-01  7.24440380e-03  8.18873674e-02  3.39355102e+02 
 7.25544943e+14  1.03638320e+35  1.26351000e+01  1.49674043e+00  1.18496000e+01  1.49169943e+00  3.61604200e-01  7.20009932e-03  8.16205118e-02  3.32298710e+02 
 7.26790031e+14  1.04383561e+35  1.26361000e+01  1.50220057e+00  1.18546000e+01  1.49717089e+00  3.62236971e-01  7.15657329e-03  8.13513617e-02  3.25356035e+02 
 7.28035119e+14  1.05128802e+35  1.26371000e+01  1.50762871e+00  1.18596000e+01  1.50261235e+00  3.62865535e-01  7.11074478e-03  8.10433976e-02  3.18457242e+02 
 7.29280206e+14  1.05874043e+35  1.26391000e+01  1.51302499e+00  1.18656000e+01  1.50806573e+00  3.63432376e-01  7.00432938e-03  8.07834030e-02  3.12061919e+02 
 7.30525294e+14  1.06628908e+35  1.26401000e+01  1.51845872e+00  1.18706000e+01  1.51351460e+00  3.64061204e-01  6.95684202e-03  8.05136561e-02  3.05615606e+02 
 7.31770382e+14  1.07385808e+35  1.26411000e+01  1.52387496e+00  1.18756000e+01  1.51894753e+00  3.64687642e-01  6.90763039e-03  8.02440682e-02  2.99336030e+02 
 7.33015470e+14  1.08142708e+35  1.26421000e+01  1.52925914e+00  1.18806000e+01  1.52435047e+00  3.65309848e-01  6.85608298e-03  7.99752915e-02  2.93234386e+02 
 7.34260558e+14  1.08905092e+35  1.26431000e+01  1.53465011e+00  1.18856000e+01  1.52976090e+00  3.65932721e-01  6.80391281e-03  7.96665282e-02  2.87121204e+02 
 7.35505645e+14  1.09673735e+35  1.26451000e+01  1.54005304e+00  1.18906000e+01  1.53518383e+00  3.66498926e-01  6.75131773e-03  7.94034207e-02  2.81410654e+02 
 7.36750733e+14  1.10442378e+35  1.26461000e+01  1.54542376e+00  1.18956000e+01  1.54057659e+00  3.67118756e-01  6.69645862e-03  7.91335847e-02  2.75723864e+02 
 7.37995821e+14  1.11212172e+35  1.26471000e+01  1.55077037e+00  1.19006000e+01  1.54594701e+00  3.67735344e-01  6.63970622e-03  7.88642482e-02  2.70187865e+02 
 7.39240909e+14  1.11992642e+35  1.26481000e+01  1.55615866e+00  1.19046000e+01  1.55131670e+00  3.68356981e-01  6.64064302e-03  7.85924793e-02  2.64732010e+02 
 7.40485997e+14  1.12773111e+35  1.26501000e+01  1.56151457e+00  1.19096000e+01  1.55669799e+00  3.68915980e-01  6.58230942e-03  7.82906317e-02  2.59428550e+02 
 7.41731084e+14  1.13553581e+35  1.26511000e+01  1.56683826e+00  1.19146000e+01  1.56204914e+00  3.69528952e-01  6.52175769e-03  7.80207409e-02  2.54272304e+02 
 7.42976172e+14  1.14342581e+35  1.26521000e+01  1.57218762e+00  1.19196000e+01  1.56742605e+00  3.70144938e-01  6.46138383e-03  7.77491402e-02  2.49204108e+02 
 7.44221260e+14  1.15134959e+35  1.26531000e+01  1.57752743e+00  1.19246000e+01  1.57279469e+00  3.70759499e-01  6.39977240e-03  7.74774220e-02  2.44255102e+02 
 7.45466348e+14  1.15927338e+35  1.26541000e+01  1.58283489e+00  1.19286000e+01  1.57809088e+00  3.71369758e-01  6.39213239e-03  7.72066278e-02  2.39442479e+02 
 7.46711436e+14  1.16723598e+35  1.26551000e+01  1.58813592e+00  1.19336000e+01  1.58342388e+00  3.71978975e-01  6.32719259e-03  7.68975000e-02  2.34622770e+02 
 7.47956523e+14  1.17527967e+35  1.26571000e+01  1.59345838e+00  1.19386000e+01  1.58877861e+00  3.72531774e-01  6.26216374e-03  7.66327650e-02  2.30117850e+02 
 7.49201611e+14  1.18332336e+35  1.26581000e+01  1.59874837e+00  1.19426000e+01  1.59406072e+00  3.73139037e-01  6.25068391e-03  7.63612921e-02  2.25623166e+02 
 7.50446699e+14  1.19136705e+35  1.26591000e+01  1.60400605e+00  1.19476000e+01  1.59935463e+00  3.73741995e-01  6.18146151e-03  7.60907850e-02  2.21250667e+02 
 7.51691787e+14  1.19952171e+35  1.26601000e+01  1.60930360e+00  1.19516000e+01  1.60464587e+00  3.74349725e-01  6.16824678e-03  7.58179420e-02  2.16938252e+02 
 7.52936875e+14  1.20768611e+35  1.26611000e+01  1.61457493e+00  1.19566000e+01  1.60995490e+00  3.74953909e-01  6.09779193e-03  7.55458006e-02  2.12737908e+02 
 7.54181962e+14  1.21585050e+35  1.26621000e+01  1.61981384e+00  1.19606000e+01  1.61519125e+00  3.75553762e-01  6.08031142e-03  7.52371745e-02  2.08547039e+02 
 7.55427050e+14  1.22407603e+35  1.26641000e+01  1.62505943e+00  1.19656000e+01  1.62047729e+00  3.76094791e-01  6.00712327e-03  7.49731047e-02  2.04644130e+02 
 7.56672138e+14  1.23236193e+35  1.26651000e+01  1.63031093e+00  1.19696000e+01  1.62572766e+00  3.76695628e-01  5.98816642e-03  7.47005205e-02  2.00716433e+02 
 7.57917226e+14  1.24064783e+35  1.26661000e+01  1.63552993e+00  1.19746000e+01  1.63098986e+00  3.77292123e-01  5.91236892e-03  7.44289681e-02  1.96893987e+02 
 7.59162314e+14  1.24894288e+35  1.26671000e+01  1.64072235e+00  1.19786000e+01  1.63618492e+00  3.77885012e-01  5.88921711e-03  7.41581858e-02  1.93169255e+02 
 7.60407401e+14  1.25735106e+35  1.26681000e+01  1.64595290e+00  1.19826000e+01  1.64141769e+00  3.78482429e-01  5.86664059e-03  7.38851683e-02  1.89494253e+02 
 7.61652489e+14  1.26575923e+35  1.26691000e+01  1.65115090e+00  1.19876000e+01  1.64666243e+00  3.79075488e-01  5.78752689e-03  7.36132139e-02  1.85917022e+02 
 7.62897577e+14  1.27416741e+35  1.26701000e+01  1.65631652e+00  1.19916000e+01  1.65183428e+00  3.79664214e-01  5.76056611e-03  7.33423299e-02  1.82434354e+02 
 7.64142665e+14  1.28265365e+35  1.26711000e+01  1.66149753e+00  1.19956000e+01  1.65702187e+00  3.80254597e-01  5.73327986e-03  7.30702858e-02  1.79012052e+02 
 7.65387753e+14  1.29118488e+35  1.26721000e+01  1.66667346e+00  1.19996000e+01  1.66220542e+00  3.80844066e-01  5.70485107e-03  7.27980467e-02  1.75662262e+02 
 7.66632840e+14  1.29971610e+35  1.26731000e+01  1.67181695e+00  1.20046000e+01  1.66740115e+00  3.81429191e-01  5.62053823e-03  7.24904506e-02  1.72313721e+02 
 7.67877928e+14  1.30826982e+35  1.26741000e+01  1.67694165e+00  1.20086000e+01  1.67253699e+00  3.82011677e-01  5.58842928e-03  7.22198859e-02  1.69130162e+02 
 7.69123016e+14  1.31692484e+35  1.26761000e+01  1.68209447e+00  1.20126000e+01  1.67770096e+00  3.82537033e-01  5.55638866e-03  7.19554412e-02  1.66076577e+02 
 7.70368104e+14  1.32557987e+35  1.26771000e+01  1.68721483e+00  1.20166000e+01  1.68283438e+00  3.83118322e-01  5.52230442e-03  7.16842755e-02  1.63019643e+02 
 7.71613192e+14  1.33423490e+35  1.26781000e+01  1.69230292e+00  1.20206000e+01  1.68793743e+00  3.83695282e-01  5.48618539e-03  7.14142472e-02  1.60041859e+02 
 7.72858279e+14  1.34297915e+35  1.26791000e+01  1.69741097e+00  1.20246000e+01  1.69306072e+00  3.84274452e-01  5.44986037e-03  7.11428795e-02  1.57111124e+02 
 7.74103367e+14  1.35175873e+35  1.26801000e+01  1.70250721e+00  1.20286000e+01  1.69817349e+00  3.84851854e-01  5.41222542e-03  7.08716897e-02  1.54244525e+02 
 7.75348455e+14  1.36053831e+35  1.26811000e+01  1.70757117e+00  1.20326000e+01  1.70325585e+00  3.85424921e-01  5.37260415e-03  7.06016668e-02  1.51451613e+02 
 7.76593543e+14  1.36934775e+35  1.26821000e+01  1.71262010e+00  1.20366000e+01  1.70832454e+00  3.85995813e-01  5.33161415e-03  7.03319964e-02  1.48720903e+02 
 7.77838631e+14  1.37825261e+35  1.26831000e+01  1.71769130e+00  1.20406000e+01  1.71341574e+00  3.86569194e-01  5.29050716e-03  7.00608951e-02  1.46031172e+02 
 7.79083718e+14  1.38715747e+35  1.26841000e+01  1.72273020e+00  1.20446000e+01  1.71847651e+00  3.87138239e-01  5.24747777e-03  6.97909900e-02  1.43410085e+02 
 7.80328806e+14  1.39606233e+35  1.26851000e+01  1.72773699e+00  1.20476000e+01  1.72346408e+00  3.87702969e-01  5.25486184e-03  6.95222836e-02  1.40855472e+02 
 7.81573894e+14  1.40506138e+35  1.26851000e+01  1.73276442e+00  1.20516000e+01  1.72851555e+00  3.88331206e-01  5.20962703e-03  6.92443180e-02  1.38268861e+02 
 7.82818982e+14  1.41409225e+35  1.26861000e+01  1.73777738e+00  1.20556000e+01  1.73355390e+00  3.88896182e-01  5.16303206e-03  6.89746335e-02  1.35808746e+02 
 7.84064070e+14  1.42312311e+35  1.26871000e+01  1.74275824e+00  1.20596000e+01  1.73856192e+00  3.89456849e-01  5.11468542e-03  6.87412014e-02  1.33478582e+02 
 7.85309157e+14  1.43218484e+35  1.26881000e+01  1.74772408e+00  1.20626000e+01  1.74351319e+00  3.90015330e-01  5.11690408e-03  6.84730517e-02  1.31131395e+02 
 7.86554245e+14  1.44134242e+35  1.26891000e+01  1.75271024e+00  1.20666000e+01  1.74852820e+00  3.90576041e-01  5.06693450e-03  6.82036002e-02  1.28818772e+02 
 7.87799333e+14  1.45050000e+35  1.26901000e+01  1.75766433e+00  1.20706000e+01  1.75351298e+00  3.91132437e-01  5.01514146e-03  6.79354013e-02  1.26563959e+02 
 7.89044421e+14  1.45965758e+35  1.26911000e+01  1.76258655e+00  1.20736000e+01  1.75842449e+00  3.91684549e-01  5.01317622e-03  6.76684590e-02  1.24365162e+02 
 7.90289508e+14  1.46890771e+35  1.26921000e+01  1.76752644e+00  1.20776000e+01  1.76339727e+00  3.92238548e-01  4.95925964e-03  6.74003588e-02  1.22199217e+02 
 7.91534596e+14  1.47819270e+35  1.26931000e+01  1.77245295e+00  1.20806000e+01  1.76831469e+00  3.92790569e-01  4.95553028e-03  6.71326271e-02  1.20078969e+02 
 7.92779684e+14  1.48747769e+35  1.26941000e+01  1.77734763e+00  1.20846000e+01  1.77324526e+00  3.93338306e-01  4.89867360e-03  6.68661759e-02  1.18011016e+02 
 7.94024772e+14  1.49678777e+35  1.26941000e+01  1.78222377e+00  1.20876000e+01  1.77811552e+00  3.93945490e-01  4.89153299e-03  6.66266038e-02  1.15988377e+02 
 7.95269860e+14  1.50620085e+35  1.26951000e+01  1.78712194e+00  1.20916000e+01  1.78305125e+00  3.94493108e-01  4.83320171e-03  6.63593332e-02  1.13993500e+02 
 7.96514947e+14  1.51561393e+35  1.26961000e+01  1.79198831e+00  1.20946000e+01  1.78791375e+00  3.95036446e-01  4.82392008e-03  6.60933660e-02  1.12047471e+02 
 7.97760035e+14  1.52502702e+35  1.26971000e+01  1.79682310e+00  1.20986000e+01  1.79278965e+00  3.95575534e-01  4.76211877e-03  6.58287047e-02  1.10148803e+02 
 7.99005123e+14  1.53452403e+35  1.26981000e+01  1.80166926e+00  1.21016000e+01  1.79763417e+00  3.96115715e-01  4.75054038e-03  6.55632350e-02  1.08279721e+02 
 8.00250211e+14  1.54406587e+35  1.26981000e+01  1.80650661e+00  1.21046000e+01  1.80247103e+00  3.96716965e-01  4.73774855e-03  6.52899772e-02  1.06392458e+02 
 8.01495299e+14  1.55360771e+35  1.26991000e+01  1.81131243e+00  1.21086000e+01  1.80732133e+00  3.97251567e-01  4.67287114e-03  6.50596279e-02  1.04659301e+02 
 8.02740386e+14  1.56316173e+35  1.27001000e+01  1.81609300e+00  1.21116000e+01  1.81210465e+00  3.97782703e-01  4.65673667e-03  6.47965997e-02  1.02911967e+02 
 8.03985474e+14  1.57283299e+35  1.27011000e+01  1.82090064e+00  1.21146000e+01  1.81691519e+00  3.98316874e-01  4.64044607e-03  6.45320044e-02  1.01185660e+02 
 8.05230562e+14  1.58250425e+35  1.27011000e+01  1.82567682e+00  1.21176000e+01  1.82169583e+00  3.98909631e-01  4.62255028e-03  6.42607681e-02  9.94492397e+01 
 8.06475650e+14  1.59217551e+35  1.27021000e+01  1.83042174e+00  1.21216000e+01  1.82649041e+00  3.99435442e-01  4.55290625e-03  6.40320674e-02  9.78560570e+01 
 8.07720738e+14  1.60191471e+35  1.27031000e+01  1.83516867e+00  1.21246000e+01  1.83124439e+00  3.99961170e-01  4.53242876e-03  6.37697620e-02  9.62391622e+01 
 8.08965825e+14  1.61171603e+35  1.27041000e+01  1.83991455e+00  1.21276000e+01  1.83599822e+00  4.00486438e-01  4.51104590e-03  6.35073110e-02  9.46505953e+01 
 8.10210913e+14  1.62151736e+35  1.27041000e+01  1.84462926e+00  1.21306000e+01  1.84072252e+00  4.01070654e-01  4.48800913e-03  6.32711292e-02  9.30996435e+01 
 8.11456001e+14  1.63131868e+35  1.27051000e+01  1.84931301e+00  1.21336000e+01  1.84541748e+00  4.01587637e-01  4.46330223e-03  6.30113104e-02  9.15851794e+01 
 8.12701089e+14  1.64124241e+35  1.27061000e+01  1.85402405e+00  1.21366000e+01  1.85013984e+00  4.02107664e-01  4.43853470e-03  6.27499423e-02  9.00878539e+01 
 8.13946177e+14  1.65117442e+35  1.27061000e+01  1.85870794e+00  1.21396000e+01  1.85483660e+00  4.02687386e-01  4.41224671e-03  6.25143629e-02  8.86244926e+01 
 8.15191264e+14  1.66110644e+35  1.27071000e+01  1.86336096e+00  1.21426000e+01  1.85950412e+00  4.03199639e-01  4.38429678e-03  6.22554656e-02  8.71953123e+01 
 8.16436352e+14  1.67108264e+35  1.27081000e+01  1.86800384e+00  1.21456000e+01  1.86416260e+00  4.03710302e-01  4.35527776e-03  6.19969184e-02  8.57931822e+01 
 8.17681440e+14  1.68114596e+35  1.27081000e+01  1.87265635e+00  1.21486000e+01  1.86883132e+00  4.04285448e-01  4.32572649e-03  6.17620279e-02  8.44116929e+01 
 8.18926528e+14  1.69120929e+35  1.27091000e+01  1.87727808e+00  1.21516000e+01  1.87347087e+00  4.04792898e-01  4.29456885e-03  6.15041373e-02  8.30622422e+01 
 8.20171616e+14  1.70127262e+35  1.27091000e+01  1.88186925e+00  1.21546000e+01  1.87808142e+00  4.05360031e-01  4.26194363e-03  6.12717533e-02  8.17439157e+01 
 8.21416703e+14  1.71143118e+35  1.27101000e+01  1.88647317e+00  1.21576000e+01  1.88270520e+00  4.05864676e-01  4.22886876e-03  6.10143757e-02  8.04437354e+01 
 8.22661791e+14  1.72162642e+35  1.27101000e+01  1.89106308e+00  1.21596000e+01  1.88727237e+00  4.06431211e-01  4.24337847e-03  6.07495720e-02  7.91273035e+01 
 8.23906879e+14  1.73182165e+35  1.27111000e+01  1.89562253e+00  1.21626000e+01  1.89185452e+00  4.06929762e-01  4.20749208e-03  6.05259956e-02  7.79231837e+01 
 8.25151967e+14  1.74202919e+35  1.27121000e+01  1.90015719e+00  1.21656000e+01  1.89641332e+00  4.07424913e-01  4.17024014e-03  6.02716438e-02  7.67043985e+01 
 8.26397055e+14  1.75235693e+35  1.27121000e+01  1.90471477e+00  1.21686000e+01  1.90099532e+00  4.07986742e-01  4.13284201e-03  6.00396220e-02  7.54993268e+01 
 8.27642142e+14  1.76268467e+35  1.27131000e+01  1.90924202e+00  1.21706000e+01  1.90550453e+00  4.08480369e-01  4.14238815e-03  5.97853154e-02  7.43216429e+01 
 8.28887230e+14  1.77301241e+35  1.27131000e+01  1.91373914e+00  1.21736000e+01  1.91002912e+00  4.09034296e-01  4.10202900e-03  5.95558596e-02  7.31705796e+01 
 8.30132318e+14  1.78339987e+35  1.27141000e+01  1.91823213e+00  1.21766000e+01  1.91455053e+00  4.09523087e-01  4.06079610e-03  5.93029866e-02  7.20389306e+01 
 8.31377406e+14  1.79386069e+35  1.27141000e+01  1.92272669e+00  1.21786000e+01  1.91903028e+00  4.10076241e-01  4.06703868e-03  5.90731665e-02  7.09249383e+01 
 8.32622494e+14  1.80432151e+35  1.27151000e+01  1.92719126e+00  1.21816000e+01  1.92352554e+00  4.10560917e-01  4.02367085e-03  5.88214549e-02  6.98359360e+01 
 8.33867581e+14  1.81478232e+35  1.27151000e+01  1.93162604e+00  1.21836000e+01  1.92794857e+00  4.11106254e-01  4.02677795e-03  5.85942214e-02  6.87712329e+01 
 8.35112669e+14  1.82534869e+35  1.27151000e+01  1.93607563e+00  1.21866000e+01  1.93243075e+00  4.11653225e-01  3.98172483e-03  5.83659564e-02  6.77197412e+01 
 8.36357757e+14  1.83594314e+35  1.27161000e+01  1.94050721e+00  1.21886000e+01  1.93685223e+00  4.12132947e-01  3.98309992e-03  5.81154829e-02  6.66889068e+01 
 8.37602845e+14  1.84653759e+35  1.27161000e+01  1.94490914e+00  1.21916000e+01  1.94128948e+00  4.12673592e-01  3.93551051e-03  5.78892219e-02  6.56809125e+01 
 8.38847933e+14  1.85714756e+35  1.27171000e+01  1.94928802e+00  1.21936000e+01  1.94566103e+00  4.13146218e-01  3.93412016e-03  5.76412147e-02  6.46936818e+01 
 8.40093020e+14  1.86787620e+35  1.27171000e+01  1.95368622e+00  1.21966000e+01  1.95009626e+00  4.13685933e-01  3.88503698e-03  5.74147227e-02  6.37173963e+01 
 8.41338108e+14  1.87860484e+35  1.27171000e+01  1.95805489e+00  1.21986000e+01  1.95445945e+00  4.14221828e-01  3.88184711e-03  5.71895014e-02  6.27625832e+01 
 8.42583196e+14  1.88933348e+35  1.27181000e+01  1.96239427e+00  1.22016000e+01  1.95883872e+00  4.14688702e-01  3.83013273e-03  5.69431519e-02  6.18286438e+01 
 8.43828284e+14  1.90011951e+35  1.27181000e+01  1.96672758e+00  1.22036000e+01  1.96316880e+00  4.15219783e-01  3.82474739e-03  5.67193630e-02  6.09101775e+01 
 8.45073372e+14  1.91098287e+35  1.27181000e+01  1.97106263e+00  1.22056000e+01  1.96750145e+00  4.15750879e-01  3.81850363e-03  5.64952485e-02  6.00052647e+01 
 8.46318459e+14  1.92184622e+35  1.27191000e+01  1.97536854e+00  1.22086000e+01  1.97185038e+00  4.16212738e-01  3.76401865e-03  5.62502904e-02  5.91199958e+01 
 8.47563547e+14  1.93270957e+35  1.27191000e+01  1.97964551e+00  1.22106000e+01  1.97612768e+00  4.16736241e-01  3.75516363e-03  5.60288175e-02  5.82538449e+01 
 8.48808635e+14  1.94367042e+35  1.27191000e+01  1.98393181e+00  1.22126000e+01  1.98041496e+00  4.17260681e-01  3.74563265e-03  5.58066401e-02  5.73987532e+01 
 8.50053723e+14  1.95466901e+35  1.27201000e+01  1.98820391e+00  1.22146000e+01  1.98468900e+00  4.17717481e-01  3.73512938e-03  5.55631333e-02  5.65591822e+01 
 8.51298811e+14  1.96566760e+35  1.27201000e+01  1.99244722e+00  1.22166000e+01  1.98893561e+00  4.18236176e-01  3.72333615e-03  5.53428482e-02  5.57376160e+01 
