# rhoc (cgs) 	 Pc (cgs) 	 R (km) 	 M (msol) 	 R_core (km) 	 M_core (msol) 	 I/(MR^2) 	 I_crust/(M_crust R_crust^2)/(I/(MR^2)) 	 k_2 	 Lambda 
 2.30000000e+14  1.03014888e+33  7.87121000e+01  1.04413071e-01  8.86860000e+00  8.35002512e-02  6.95610325e-03  5.37500722e-01  2.23050637e-04  5.15709344e+09 
 2.40730049e+14  1.07103944e+33  7.80591000e+01  1.04245908e-01  8.85060000e+00  8.35139923e-02  6.99250543e-03  5.34882415e-01  2.22151435e-04  4.96638186e+09 
 2.51460099e+14  1.12094611e+33  7.74961000e+01  1.03995239e-01  8.82760000e+00  8.34735782e-02  7.00634557e-03  5.32608341e-01  2.20936678e-04  4.82134423e+09 
 2.62190148e+14  1.18294748e+33  7.69761000e+01  1.03638206e-01  8.79760000e+00  8.33736722e-02  6.99801555e-03  5.30485739e-01  2.19290419e-04  4.70725927e+09 
 2.72920197e+14  1.26323833e+33  7.63871000e+01  1.03135759e-01  8.75660000e+00  8.32074643e-02  6.97220815e-03  5.28078947e-01  2.17039641e-04  4.59368498e+09 
 2.83650247e+14  1.32298489e+33  7.59171000e+01  1.02750765e-01  8.72460000e+00  8.30767124e-02  6.95464949e-03  5.26188320e-01  2.15331568e-04  4.50244914e+09 
 2.94380296e+14  1.32560651e+33  7.58991000e+01  1.02735600e-01  8.72360000e+00  8.30741466e-02  6.95387929e-03  5.26080857e-01  2.15259550e-04  4.49892891e+09 
 3.05110345e+14  1.35477941e+33  7.57731000e+01  1.02570599e-01  8.71060000e+00  8.30061604e-02  6.93862715e-03  5.25584284e-01  2.14547298e-04  4.48282972e+09 
 3.15840395e+14  1.38690376e+33  7.57111000e+01  1.02381757e-01  8.69660000e+00  8.29168468e-02  6.91265508e-03  5.25345552e-01  2.13741134e-04  4.48891503e+09 
 3.26570444e+14  1.41867805e+33  7.57101000e+01  1.02191198e-01  8.68260000e+00  8.28122481e-02  6.88031355e-03  5.25432290e-01  2.12966016e-04  4.51419520e+09 
 3.37300493e+14  1.45011819e+33  7.57631000e+01  1.02000175e-01  8.66960000e+00  8.27047584e-02  6.84241544e-03  5.25675194e-01  2.12192455e-04  4.55598628e+09 
 3.48030543e+14  1.48124017e+33  7.58611000e+01  1.01809447e-01  8.65660000e+00  8.25860655e-02  6.80026590e-03  5.26170705e-01  2.11450905e-04  4.61246644e+09 
 3.58760592e+14  1.51205686e+33  7.60001000e+01  1.01619592e-01  8.64460000e+00  8.24676982e-02  6.75433152e-03  5.26763445e-01  2.10720374e-04  4.68229194e+09 
 3.69490641e+14  1.54258022e+33  7.61751000e+01  1.01431087e-01  8.63260000e+00  8.23409110e-02  6.70531245e-03  5.27558560e-01  2.10006042e-04  4.76441881e+09 
 3.80220691e+14  1.57282141e+33  7.63811000e+01  1.01244305e-01  8.62060000e+00  8.22068245e-02  6.65394003e-03  5.28535990e-01  2.09322022e-04  4.85802599e+09 
 3.90950740e+14  1.60279088e+33  7.66141000e+01  1.01059569e-01  8.60960000e+00  8.20763451e-02  6.60078125e-03  5.29550230e-01  2.08675414e-04  4.96244805e+09 
 4.01680789e+14  1.63249675e+33  7.68731000e+01  1.00877156e-01  8.59860000e+00  8.19403774e-02  6.54590036e-03  5.30713393e-01  2.08040620e-04  5.07720089e+09 
 4.12410838e+14  1.66194812e+33  7.71531000e+01  1.00697272e-01  8.58760000e+00  8.17996611e-02  6.49006539e-03  5.32011872e-01  2.07448737e-04  5.20184669e+09 
 4.23140888e+14  1.69115558e+33  7.74541000e+01  1.00520082e-01  8.57760000e+00  8.16647090e-02  6.43319193e-03  5.33306066e-01  2.06870600e-04  5.33611331e+09 
 4.33870937e+14  1.72012726e+33  7.77721000e+01  1.00345716e-01  8.56760000e+00  8.15261992e-02  6.37588039e-03  5.34712582e-01  2.06331533e-04  5.47972706e+09 
 4.44600986e+14  1.74887080e+33  7.81061000e+01  1.00174269e-01  8.55860000e+00  8.13944310e-02  6.31823014e-03  5.36095272e-01  2.05822179e-04  5.63254171e+09 
 4.55331036e+14  1.77739341e+33  7.84551000e+01  1.00005836e-01  8.54860000e+00  8.12502603e-02  6.26033861e-03  5.37697778e-01  2.05333801e-04  5.79439362e+09 
 4.66061085e+14  1.80570194e+33  7.88161000e+01  9.98404607e-02  8.53960000e+00  8.11136432e-02  6.20263324e-03  5.39259805e-01  2.04886609e-04  5.96518312e+09 
 4.76791134e+14  1.83380211e+33  7.91901000e+01  9.96781724e-02  8.53060000e+00  8.09751154e-02  6.14490708e-03  5.40900843e-01  2.04453613e-04  6.14493500e+09 
 4.87521184e+14  1.86169881e+33  7.95741000e+01  9.95190126e-02  8.52260000e+00  8.08447283e-02  6.08757266e-03  5.42488585e-01  2.04055531e-04  6.33351983e+09 
 4.98251233e+14  1.88940000e+33  7.99671000e+01  9.93629772e-02  8.51460000e+00  8.07130020e-02  6.03072858e-03  5.44142664e-01  2.03691062e-04  6.53091611e+09 
 5.08981282e+14  1.91691120e+33  8.03701000e+01  9.92100333e-02  8.50660000e+00  8.05801418e-02  5.97418674e-03  5.45858378e-01  2.03340702e-04  6.73732137e+09 
 5.19711332e+14  1.94423767e+33  8.07801000e+01  9.90601771e-02  8.49860000e+00  8.04463847e-02  5.91834456e-03  5.47630163e-01  2.03026927e-04  6.95261938e+09 
 5.30441381e+14  1.97138442e+33  8.11971000e+01  9.89133933e-02  8.49060000e+00  8.03119232e-02  5.86315212e-03  5.49453376e-01  2.02740492e-04  7.17688460e+09 
 5.41171430e+14  1.99835621e+33  8.16211000e+01  9.87696341e-02  8.48360000e+00  8.01865398e-02  5.80856914e-03  5.51200701e-01  2.02474249e-04  7.41025529e+09 
 5.51901480e+14  2.02515761e+33  8.20501000e+01  9.86288809e-02  8.47660000e+00  8.00607454e-02  5.75483143e-03  5.52991770e-01  2.02241085e-04  7.65266694e+09 
 5.62631529e+14  2.05179074e+33  8.24851000e+01  9.84910801e-02  8.46960000e+00  7.99346455e-02  5.70176227e-03  5.54823622e-01  2.02025557e-04  7.90437833e+09 
 5.73361578e+14  2.07826205e+33  8.29251000e+01  9.83561873e-02  8.46260000e+00  7.98083724e-02  5.64945695e-03  5.56692543e-01  2.01831260e-04  8.16541767e+09 
 5.84091628e+14  2.10457556e+33  8.33691000e+01  9.82241437e-02  8.45560000e+00  7.96820161e-02  5.59801493e-03  5.58595761e-01  2.01664528e-04  8.43591514e+09 
 5.94821677e+14  2.13073506e+33  8.38171000e+01  9.80949169e-02  8.44960000e+00  7.95652475e-02  5.54738745e-03  5.60408438e-01  2.01517642e-04  8.71589694e+09 
 6.05551726e+14  2.15674421e+33  8.42681000e+01  9.79684499e-02  8.44360000e+00  7.94485607e-02  5.49766952e-03  5.62250215e-01  2.01397121e-04  9.00547166e+09 
 6.16281776e+14  2.18260650e+33  8.47231000e+01  9.78446649e-02  8.43660000e+00  7.93224732e-02  5.44870140e-03  5.64239882e-01  2.01291171e-04  9.30500360e+09 
 6.27011825e+14  2.20832530e+33  8.51811000e+01  9.77235215e-02  8.43160000e+00  7.92156403e-02  5.40057120e-03  5.66013191e-01  2.01202895e-04  9.61442428e+09 
 6.37741874e+14  2.23390261e+33  8.56411000e+01  9.76049837e-02  8.42560000e+00  7.90995700e-02  5.35336411e-03  5.67928930e-01  2.01139753e-04  9.93384801e+09 
 6.48471924e+14  2.25934213e+33  8.61031000e+01  9.74889792e-02  8.41960000e+00  7.89838159e-02  5.30704707e-03  5.69865068e-01  2.01097912e-04  1.02634239e+10 
 6.59201973e+14  2.28464754e+33  8.65681000e+01  9.73754512e-02  8.41460000e+00  7.88778971e-02  5.26146184e-03  5.71700866e-01  2.01063865e-04  1.06033823e+10 
 6.69932022e+14  2.30982170e+33  8.70341000e+01  9.72643385e-02  8.40860000e+00  7.87628851e-02  5.21682342e-03  5.73672859e-01  2.01056994e-04  1.09538450e+10 
 6.80662072e+14  2.33486737e+33  8.75021000e+01  9.71555940e-02  8.40360000e+00  7.86577608e-02  5.17297252e-03  5.75541881e-01  2.01061593e-04  1.13149026e+10 
 6.91392121e+14  2.35978722e+33  8.79711000e+01  9.70491731e-02  8.39860000e+00  7.85530941e-02  5.12999292e-03  5.77424869e-01  2.01084986e-04  1.16866205e+10 
 7.02122170e+14  2.38458380e+33  8.84421000e+01  9.69449869e-02  8.39360000e+00  7.84488644e-02  5.08775062e-03  5.79321607e-01  2.01118700e-04  1.20695001e+10 
 7.12852220e+14  2.40925921e+33  8.89131000e+01  9.68430200e-02  8.38860000e+00  7.83451435e-02  5.04643213e-03  5.81229450e-01  2.01176496e-04  1.24632918e+10 
 7.23582269e+14  2.43381502e+33  8.93851000e+01  9.67432226e-02  8.38460000e+00  7.82513555e-02  5.00589163e-03  5.83030955e-01  2.01244937e-04  1.28681539e+10 
 7.34312318e+14  2.45825480e+33  8.98581000e+01  9.66455330e-02  8.37960000e+00  7.81486945e-02  4.96610264e-03  5.84957771e-01  2.01324574e-04  1.32844139e+10 
 7.45042368e+14  2.48258078e+33  9.03321000e+01  9.65498818e-02  8.37460000e+00  7.80465553e-02  4.92704855e-03  5.86893097e-01  2.01413658e-04  1.37122619e+10 
 7.55772417e+14  2.50679510e+33  9.08061000e+01  9.64562321e-02  8.37060000e+00  7.79543488e-02  4.88880488e-03  5.88720321e-01  2.01520782e-04  1.41518062e+10 
 7.66502466e+14  2.53089986e+33  9.12801000e+01  9.63645435e-02  8.36660000e+00  7.78626926e-02  4.85134331e-03  5.90554175e-01  2.01641800e-04  1.46030355e+10 
 7.77232515e+14  2.55489706e+33  9.17551000e+01  9.62747373e-02  8.36260000e+00  7.77715654e-02  4.81454156e-03  5.92394507e-01  2.01769419e-04  1.50665243e+10 
 7.87962565e+14  2.57878865e+33  9.22291000e+01  9.61868278e-02  8.35860000e+00  7.76810484e-02  4.77856285e-03  5.94238367e-01  2.01915664e-04  1.55417613e+10 
 7.98692614e+14  2.60257543e+33  9.27031000e+01  9.61007295e-02  8.35460000e+00  7.75910910e-02  4.74329412e-03  5.96086506e-01  2.02072890e-04  1.60292904e+10 
 8.09422663e+14  2.62626008e+33  9.31781000e+01  9.60163975e-02  8.35060000e+00  7.75016990e-02  4.70861049e-03  5.97938065e-01  2.02230548e-04  1.65294100e+10 
 8.20152713e+14  2.64984466e+33  9.36521000e+01  9.59337903e-02  8.34660000e+00  7.74128778e-02  4.67469261e-03  5.99792236e-01  2.02407044e-04  1.70421187e+10 
 8.30882762e+14  2.67333090e+33  9.41261000e+01  9.58528695e-02  8.34260000e+00  7.73246337e-02  4.64141552e-03  6.01648165e-01  2.02589863e-04  1.75675347e+10 
 8.41612811e+14  2.69672047e+33  9.45991000e+01  9.57736115e-02  8.33960000e+00  7.72462982e-02  4.60884795e-03  6.03393001e-01  2.02785940e-04  1.81055582e+10 
 8.52342861e+14  2.72001498e+33  9.50721000e+01  9.56959408e-02  8.33560000e+00  7.71592072e-02  4.57688666e-03  6.05250747e-01  2.02989382e-04  1.86569030e+10 
 8.63072910e+14  2.74321601e+33  9.55441000e+01  9.56198532e-02  8.33260000e+00  7.70819980e-02  4.54559553e-03  6.06997357e-01  2.03203499e-04  1.92211145e+10 
 8.73802959e+14  2.76632472e+33  9.60161000e+01  9.55452929e-02  8.32860000e+00  7.69960759e-02  4.51486374e-03  6.08853979e-01  2.03420588e-04  1.97987200e+10 
 8.84533009e+14  2.78934211e+33  9.64871000e+01  9.54722289e-02  8.32560000e+00  7.69200002e-02  4.48476825e-03  6.10599697e-01  2.03650312e-04  2.03898682e+10 
 8.95263058e+14  2.81227052e+33  9.69571000e+01  9.54006244e-02  8.32260000e+00  7.68444864e-02  4.45528891e-03  6.12344377e-01  2.03889219e-04  2.09944568e+10 
 9.05993107e+14  2.83511134e+33  9.74261000e+01  9.53304421e-02  8.31860000e+00  7.67602776e-02  4.42640525e-03  6.14196086e-01  2.04136052e-04  2.16125816e+10 
 9.16723157e+14  2.85786592e+33  9.78951000e+01  9.52616522e-02  8.31560000e+00  7.66858907e-02  4.39801095e-03  6.15936593e-01  2.04383768e-04  2.22448256e+10 
 9.27453206e+14  2.88053561e+33  9.83621000e+01  9.51942100e-02  8.31260000e+00  7.66120415e-02  4.37027450e-03  6.17675115e-01  2.04649031e-04  2.28909788e+10 
 9.38183255e+14  2.90312168e+33  9.88291000e+01  9.51281081e-02  8.30960000e+00  7.65387621e-02  4.34298877e-03  6.19410100e-01  2.04909621e-04  2.35510695e+10 
 9.48913305e+14  2.92562540e+33  9.92951000e+01  9.50632805e-02  8.30660000e+00  7.64660031e-02  4.31624248e-03  6.21142555e-01  2.05178528e-04  2.42256474e+10 
 9.59643354e+14  2.94804717e+33  9.97591000e+01  9.49997189e-02  8.30460000e+00  7.64030118e-02  4.29009766e-03  6.22764661e-01  2.05463589e-04  2.49146196e+10 
 9.70373403e+14  2.97038877e+33  1.00223100e+02  9.49374112e-02  8.30160000e+00  7.63313521e-02  4.26435814e-03  6.24488941e-01  2.05741504e-04  2.56178408e+10 
 9.81103453e+14  2.99265162e+33  1.00685100e+02  9.48762996e-02  8.29860000e+00  7.62602100e-02  4.23919433e-03  6.26209301e-01  2.06033284e-04  2.63355931e+10 
 9.91833502e+14  3.01483686e+33  1.01146100e+02  9.48163589e-02  8.29560000e+00  7.61895838e-02  4.21450540e-03  6.27925313e-01  2.06329913e-04  2.70682336e+10 
 1.00256355e+15  3.03694559e+33  1.01606100e+02  9.47575664e-02  8.29360000e+00  7.61286832e-02  4.19027366e-03  6.29531256e-01  2.06629781e-04  2.78157460e+10 
 1.01329360e+15  3.05897888e+33  1.02065100e+02  9.46998993e-02  8.29060000e+00  7.60590942e-02  4.16648658e-03  6.31237209e-01  2.06933400e-04  2.85783871e+10 
 1.02402365e+15  3.08093779e+33  1.02522100e+02  9.46433322e-02  8.28860000e+00  7.59992034e-02  4.14321424e-03  6.32833568e-01  2.07246988e-04  2.93558028e+10 
 1.03475370e+15  3.10282314e+33  1.02979100e+02  9.45878113e-02  8.28560000e+00  7.59305929e-02  4.12029248e-03  6.34529659e-01  2.07557800e-04  3.01492849e+10 
 1.04548375e+15  3.12463537e+33  1.03434100e+02  9.45333538e-02  8.28360000e+00  7.58716759e-02  4.09785471e-03  6.36115899e-01  2.07876729e-04  3.09576242e+10 
 1.05621380e+15  3.14637624e+33  1.03887100e+02  9.44799395e-02  8.28060000e+00  7.58040964e-02  4.07588252e-03  6.37798573e-01  2.08202289e-04  3.17807369e+10 
 1.06694385e+15  3.16804671e+33  1.04339100e+02  9.44275190e-02  8.27860000e+00  7.57461621e-02  4.05430016e-03  6.39372681e-01  2.08529944e-04  3.26196534e+10 
 1.07767390e+15  3.18964769e+33  1.04790100e+02  9.43760448e-02  8.27660000e+00  7.56886576e-02  4.03310832e-03  6.40942353e-01  2.08860788e-04  3.34747777e+10 
 1.08840395e+15  3.21118011e+33  1.05239100e+02  9.43255769e-02  8.27460000e+00  7.56316857e-02  4.01233406e-03  6.42503632e-01  2.09195327e-04  3.43446137e+10 
 1.09913400e+15  3.23264486e+33  1.05687100e+02  9.42759832e-02  8.27160000e+00  7.55659396e-02  3.99194402e-03  6.44162766e-01  2.09537775e-04  3.52318349e+10 
 1.10986404e+15  3.25404279e+33  1.06133100e+02  9.42273709e-02  8.26960000e+00  7.55098964e-02  3.97194148e-03  6.45710637e-01  2.09877475e-04  3.61329224e+10 
 1.12059409e+15  3.27537424e+33  1.06578100e+02  9.41795863e-02  8.26760000e+00  7.54542145e-02  3.95230688e-03  6.47255022e-01  2.10226506e-04  3.70520147e+10 
 1.13132414e+15  3.29664023e+33  1.07021100e+02  9.41327336e-02  8.26560000e+00  7.53990490e-02  3.93304525e-03  6.48790056e-01  2.10574799e-04  3.79855549e+10 
 1.14205419e+15  3.31784191e+33  1.07463100e+02  9.40867029e-02  8.26360000e+00  7.53442801e-02  3.91411639e-03  6.50319663e-01  2.10923079e-04  3.89357062e+10 
 1.15278424e+15  3.33898010e+33  1.07903100e+02  9.40414939e-02  8.26160000e+00  7.52899238e-02  3.89557654e-03  6.51842950e-01  2.11284733e-04  3.99032721e+10 
 1.16351429e+15  3.36005556e+33  1.08342100e+02  9.39971469e-02  8.25960000e+00  7.52360521e-02  3.87731494e-03  6.53356959e-01  2.11633717e-04  4.08852001e+10 
 1.17424434e+15  3.38106905e+33  1.08779100e+02  9.39535857e-02  8.25760000e+00  7.51825822e-02  3.85942463e-03  6.54864388e-01  2.11995499e-04  4.18847115e+10 
 1.18497439e+15  3.40202132e+33  1.09214100e+02  9.39107780e-02  8.25660000e+00  7.51386066e-02  3.84190449e-03  6.56267702e-01  2.12362350e-04  4.29004913e+10 
 1.19570444e+15  3.42291310e+33  1.09648100e+02  9.38687394e-02  8.25460000e+00  7.50859243e-02  3.82465868e-03  6.57761856e-01  2.12728074e-04  4.39332985e+10 
 1.20643449e+15  3.44374433e+33  1.10080100e+02  9.38274788e-02  8.25260000e+00  7.50336844e-02  3.80773732e-03  6.59247012e-01  2.13097536e-04  4.49821958e+10 
 1.21716454e+15  3.46451647e+33  1.10511100e+02  9.37869494e-02  8.25060000e+00  7.49818392e-02  3.79107974e-03  6.60724631e-01  2.13461897e-04  4.60475158e+10 
 1.22789459e+15  3.48523024e+33  1.10939100e+02  9.37471375e-02  8.24860000e+00  7.49303832e-02  3.77481582e-03  6.62194642e-01  2.13839524e-04  4.71291353e+10 
 1.23862464e+15  3.50588630e+33  1.11367100e+02  9.37080257e-02  8.24760000e+00  7.48884109e-02  3.75873367e-03  6.63560648e-01  2.14207302e-04  4.82284454e+10 
 1.24935469e+15  3.52648531e+33  1.11792100e+02  9.36695996e-02  8.24560000e+00  7.48377173e-02  3.74302896e-03  6.65015440e-01  2.14584433e-04  4.93433743e+10 
 1.26008474e+15  3.54702791e+33  1.12216100e+02  9.36318415e-02  8.24360000e+00  7.47873983e-02  3.72756089e-03  6.66462353e-01  2.14960954e-04  5.04761229e+10 
 1.27081478e+15  3.56751474e+33  1.12638100e+02  9.35947455e-02  8.24260000e+00  7.47465366e-02  3.71239004e-03  6.67806188e-01  2.15341390e-04  5.16256026e+10 
 1.28154483e+15  3.58794619e+33  1.13059100e+02  9.35582971e-02  8.24060000e+00  7.46969529e-02  3.69744161e-03  6.69237374e-01  2.15719900e-04  5.27927963e+10 
 1.29227488e+15  3.60590021e+33  1.13427100e+02  9.35267201e-02  8.23960000e+00  7.46605013e-02  3.68458352e-03  6.70419020e-01  2.16063883e-04  5.38339413e+10 
 1.30300493e+15  3.61204539e+33  1.13552100e+02  9.35161673e-02  8.23860000e+00  7.46422327e-02  3.68022278e-03  6.70879522e-01  2.16171174e-04  5.41886732e+10 
 1.31373498e+15  3.61815071e+33  1.13672100e+02  9.35059697e-02  8.23860000e+00  7.46333294e-02  3.67609509e-03  6.71234763e-01  2.16286631e-04  5.45344301e+10 
 1.32446503e+15  3.62421675e+33  1.13790100e+02  9.34961189e-02  8.23860000e+00  7.46246948e-02  3.67200980e-03  6.71579787e-01  2.16388700e-04  5.48728395e+10 
 1.33519508e+15  3.63024407e+33  1.13904100e+02  9.34866024e-02  8.23760000e+00  7.46072392e-02  3.66809927e-03  6.72009142e-01  2.16493153e-04  5.52029704e+10 
 1.34592513e+15  3.63623324e+33  1.14014100e+02  9.34774058e-02  8.23760000e+00  7.45991119e-02  3.66436424e-03  6.72334713e-01  2.16601929e-04  5.55252165e+10 
 1.35665518e+15  3.64218478e+33  1.14122100e+02  9.34685255e-02  8.23660000e+00  7.45821435e-02  3.66068008e-03  6.72745210e-01  2.16700822e-04  5.58406871e+10 
 1.36738523e+15  3.64809892e+33  1.14227100e+02  9.34599422e-02  8.23660000e+00  7.45744854e-02  3.65711084e-03  6.73052699e-01  2.16792000e-04  5.61474252e+10 
 1.37811528e+15  3.65397633e+33  1.14328100e+02  9.34516525e-02  8.23660000e+00  7.45670452e-02  3.65372436e-03  6.73351760e-01  2.16895168e-04  5.64479611e+10 
 1.38884533e+15  3.65981768e+33  1.14427100e+02  9.34436432e-02  8.23560000e+00  7.45507423e-02  3.65039447e-03  6.73736324e-01  2.16985187e-04  5.67406243e+10 
 1.39957538e+15  3.66562347e+33  1.14523100e+02  9.34359009e-02  8.23560000e+00  7.45437219e-02  3.64718524e-03  6.74019047e-01  2.17077220e-04  5.70268285e+10 
 1.41030543e+15  3.67139418e+33  1.14617100e+02  9.34284253e-02  8.23560000e+00  7.45368962e-02  3.64403671e-03  6.74294206e-01  2.17160097e-04  5.73060325e+10 
 1.42103547e+15  3.67713030e+33  1.14708100e+02  9.34212014e-02  8.23460000e+00  7.45211887e-02  3.64101344e-03  6.74655367e-01  2.17244702e-04  5.75785553e+10 
 1.43176552e+15  3.69659560e+33  1.15011100e+02  9.33974581e-02  8.23360000e+00  7.44900470e-02  3.63103241e-03  6.75640631e-01  2.17532351e-04  5.84945948e+10 
 1.44249557e+15  3.76691276e+33  1.16162100e+02  9.33102008e-02  8.23060000e+00  7.43797923e-02  3.59408931e-03  6.79301748e-01  2.18648970e-04  6.20858267e+10 
 1.45322562e+15  3.83870743e+33  1.17436100e+02  9.32174236e-02  8.22660000e+00  7.42534897e-02  3.55474639e-03  6.83387873e-01  2.19897114e-04  6.62690175e+10 
 1.46395567e+15  3.91132374e+33  1.18822100e+02  9.31198279e-02  8.22260000e+00  7.41215920e-02  3.51365434e-03  6.87762350e-01  2.21284959e-04  7.10878812e+10 
 1.47468572e+15  3.98476436e+33  1.20324100e+02  9.30174248e-02  8.21860000e+00  7.39844436e-02  3.47098754e-03  6.92423167e-01  2.22807299e-04  7.66371496e+10 
 1.48541577e+15  4.05903248e+33  1.21945100e+02  9.29103832e-02  8.21360000e+00  7.38334195e-02  3.42698464e-03  6.97453122e-01  2.24479693e-04  8.30320870e+10 
 1.49614582e+15  4.13413128e+33  1.23688100e+02  9.27988906e-02  8.20860000e+00  7.36778946e-02  3.38193912e-03  7.02760128e-01  2.26317211e-04  9.04089931e+10 
 1.50687587e+15  4.21006393e+33  1.25561100e+02  9.26830938e-02  8.20360000e+00  7.35180736e-02  3.33595944e-03  7.08347286e-01  2.28320571e-04  9.89432950e+10 
 1.51760592e+15  4.28683359e+33  1.27568100e+02  9.25632263e-02  8.19860000e+00  7.33542329e-02  3.28937782e-03  7.14214364e-01  2.30516301e-04  1.08839876e+11 
 1.52833597e+15  4.36444576e+33  1.29720100e+02  9.24394674e-02  8.19360000e+00  7.31865477e-02  3.24225104e-03  7.20365292e-01  2.32898536e-04  1.20360599e+11 
 1.53906602e+15  4.44290999e+33  1.32023100e+02  9.23120566e-02  8.18760000e+00  7.30062641e-02  3.19492581e-03  7.26881255e-01  2.35494792e-04  1.33815736e+11 
 1.54979607e+15  4.52222069e+33  1.34488100e+02  9.21812328e-02  8.18160000e+00  7.28225508e-02  3.14757044e-03  7.33682130e-01  2.38339292e-04  1.49613491e+11 
 1.56052612e+15  4.60238097e+33  1.37126100e+02  9.20472491e-02  8.17560000e+00  7.26355881e-02  3.10041517e-03  7.40769796e-01  2.41439925e-04  1.68237970e+11 
 1.57125617e+15  4.68339394e+33  1.39951100e+02  9.19103844e-02  8.16860000e+00  7.24366156e-02  3.05363077e-03  7.48219465e-01  2.44801396e-04  1.90300942e+11 
 1.58198621e+15  4.76526266e+33  1.42975100e+02  9.17708970e-02  8.16160000e+00  7.22347270e-02  3.00756807e-03  7.55955108e-01  2.48489854e-04  2.16597879e+11 
 1.59271626e+15  4.84799022e+33  1.46217100e+02  9.16290910e-02  8.15460000e+00  7.20300545e-02  2.96236710e-03  7.63977332e-01  2.52496703e-04  2.48112149e+11 
 1.60344631e+15  4.93157969e+33  1.49693100e+02  9.14852963e-02  8.14760000e+00  7.18227524e-02  2.91838018e-03  7.72283893e-01  2.56918832e-04  2.86165145e+11 
 1.61417636e+15  5.01603852e+33  1.53425100e+02  9.13398428e-02  8.14060000e+00  7.16129495e-02  2.87584031e-03  7.80871930e-01  2.61714970e-04  3.32336255e+11 
 1.62490641e+15  5.10137228e+33  1.57438100e+02  9.11931137e-02  8.13260000e+00  7.13919053e-02  2.83500977e-03  7.89799134e-01  2.66994826e-04  3.88875158e+11 
 1.63563646e+15  5.18757712e+33  1.61757100e+02  9.10455030e-02  8.12460000e+00  7.11686158e-02  2.79628957e-03  7.98990804e-01  2.72829684e-04  4.58653025e+11 
 1.64636651e+15  5.27465606e+33  1.66415100e+02  9.08974604e-02  8.11560000e+00  7.09343904e-02  2.75995467e-03  8.08492456e-01  2.79229937e-04  5.45425276e+11 
 1.65709656e+15  5.36261211e+33  1.71443100e+02  9.07495401e-02  8.10760000e+00  7.07070739e-02  2.72645991e-03  8.18167787e-01  2.86231876e-04  6.54130301e+11 
 1.66782661e+15  5.45144827e+33  1.76885100e+02  9.06022192e-02  8.09860000e+00  7.04690453e-02  2.69621446e-03  8.28115215e-01  2.94079086e-04  7.92126604e+11 
 1.67855666e+15  5.54116752e+33  1.82788100e+02  9.04561322e-02  8.08960000e+00  7.02292932e-02  2.66964304e-03  8.38250146e-01  3.02707146e-04  9.68591327e+11 
 1.68928671e+15  5.63177283e+33  1.89205100e+02  9.03119783e-02  8.07960000e+00  6.99791476e-02  2.64735931e-03  8.48590128e-01  3.12396975e-04  1.19732655e+12 
 1.70001676e+15  5.72327271e+33  1.96198100e+02  9.01705612e-02  8.07060000e+00  6.97362732e-02  2.62994964e-03  8.59001979e-01  3.23173665e-04  1.49676792e+12 
 1.71074681e+15  5.81567057e+33  2.03846100e+02  9.00327016e-02  8.06060000e+00  6.94831764e-02  2.61815661e-03  8.69539317e-01  3.35254231e-04  1.89431968e+12 
 1.72147686e+15  5.90896342e+33  2.12234100e+02  8.98995213e-02  8.05060000e+00  6.92287945e-02  2.61278913e-03  8.80101446e-01  3.48827630e-04  2.42922746e+12 
 1.73220691e+15  6.00315419e+33  2.21464100e+02  8.97722163e-02  8.03960000e+00  6.89645680e-02  2.61490337e-03  8.90665623e-01  3.64014290e-04  3.15859364e+12 
 1.74293695e+15  6.09824581e+33  2.31660100e+02  8.96521963e-02  8.02860000e+00  6.86992815e-02  2.62570733e-03  9.01129634e-01  3.81781882e-04  4.17671868e+12 
 1.75366700e+15  6.19424118e+33  2.42973100e+02  8.95411860e-02  8.01860000e+00  6.84416115e-02  2.64664497e-03  9.11397121e-01  4.01788734e-04  5.61361852e+12 
 1.76439705e+15  6.29114320e+33  2.55583100e+02  8.94411961e-02  8.00660000e+00  6.81658575e-02  2.67955914e-03  9.21472486e-01  4.24068537e-04  7.67321042e+12 
 1.77512710e+15  6.38895478e+33  2.69710100e+02  8.93547264e-02  7.99560000e+00  6.78979012e-02  2.72677280e-03  9.31194517e-01  4.51790272e-04  1.07498810e+13 
 1.78585715e+15  6.48768435e+33  2.85629100e+02  8.92848609e-02  7.98360000e+00  6.76206826e-02  2.79120263e-03  9.40524849e-01  4.81642994e-04  1.53255742e+13 
 1.79658720e+15  6.58733537e+33  3.03682100e+02  8.92353915e-02  7.97160000e+00  6.73428650e-02  2.87666338e-03  9.49355604e-01  5.19249918e-04  2.25089439e+13 
 1.80731725e+15  6.68790460e+33  3.24297100e+02  8.92112412e-02  7.95960000e+00  6.70645424e-02  2.98817418e-03  9.57603290e-01  5.65094148e-04  3.40648597e+13 
 1.81804730e+15  6.78939492e+33  3.48025100e+02  8.92187065e-02  7.94760000e+00  6.67857911e-02  3.13249748e-03  9.65191491e-01  6.12136844e-04  5.25037255e+13 
 1.82877735e+15  6.96935416e+33  3.99755100e+02  8.93358641e-02  7.92460000e+00  6.62780450e-02  3.49747651e-03  9.76780091e-01  7.25467839e-04  1.23602540e+14 
 1.83950740e+15  7.17954517e+33  4.83552100e+02  8.97308183e-02  7.89760000e+00  6.56830898e-02  4.21197855e-03  9.87131322e-01  1.01265547e-03  4.37057242e+14 
 1.85023745e+15  7.39476712e+33  6.12780100e+02  9.06581271e-02  7.86760000e+00  6.50550804e-02  5.57448467e-03  9.94131056e-01  1.11019789e-03  1.48750465e+15 
 1.86096750e+15  7.61510898e+33  8.29751100e+02  9.27854132e-02  7.83660000e+00  6.44120945e-02  8.54001505e-03  9.98002642e-01  1.06516785e-03  5.78531597e+15 
 1.87169755e+15  7.84068441e+33  1.23186010e+03  9.82549896e-02  7.80360000e+00  6.37474416e-02  1.63658721e-02  9.99563667e-01  1.27233176e-03  3.74285169e+16 
 1.88242760e+15  8.07160466e+33  1.99839910e+03  1.15284828e-01  7.76860000e+00  6.30625471e-02  4.00541426e-02  9.99943659e-01  6.78782232e-05  1.00890248e+16 
 1.89315765e+15  8.30791976e+33  3.02683410e+03  1.64383287e-01  7.73260000e+00  6.23672868e-02  8.70578191e-02  9.99992275e-01 -5.00536646e-05 -1.00614146e+16 
 1.90388769e+15  8.54972272e+33  3.65171010e+03  2.43488525e-01  7.69360000e+00  6.16473357e-02  1.20735541e-01  9.99997486e-01 -1.62585606e-04 -1.17149232e+16 
 1.91461774e+15  8.79710753e+33  3.81812010e+03  3.22795573e-01  7.65260000e+00  6.09123659e-02  1.32327072e-01  9.99998461e-01 -3.20524287e-04 -7.04756997e+15 
 1.92534779e+15  9.05016919e+33  3.77199610e+03  3.90289450e-01  7.60960000e+00  6.01644217e-02  1.34267673e-01  9.99998753e-01 -5.81870677e-03 -4.65926023e+16 
 1.93607784e+15  9.30900372e+33  3.64506210e+03  4.45674263e-01  7.56460000e+00  5.94053724e-02  1.32685253e-01  9.99998853e-01  1.92980593e-01  6.70685477e+17 
 1.94680789e+15  9.57370814e+33  3.49143210e+03  4.91023153e-01  7.51660000e+00  5.86295706e-02  1.29835479e-01  9.99998878e-01 -1.52816213e-02 -2.63782488e+16 
 1.95753794e+15  9.84438150e+33  3.33341010e+03  5.28394817e-01  7.46760000e+00  5.78543581e-02  1.26588288e-01  9.99998866e-01  7.28116408e-03  6.90907948e+15 
 1.96826799e+15  1.01211956e+34  3.18028610e+03  5.59471619e-01  7.41660000e+00  5.70740432e-02  1.23302865e-01  9.99998834e-01  1.17622475e-02  6.62978351e+15 
 1.97899804e+15  1.04041789e+34  3.03591510e+03  5.85537657e-01  7.36260000e+00  5.62836045e-02  1.20135717e-01  9.99998791e-01 -9.76194323e-01 -3.47359048e+17 
 1.98972809e+15  1.06934325e+34  2.90164010e+03  6.07588221e-01  7.30660000e+00  5.54926994e-02  1.17153974e-01  9.99998742e-01  2.34449323e-02  5.53080510e+15 
 2.00045814e+15  1.09890584e+34  2.77767510e+03  6.26393272e-01  7.24860000e+00  5.47035629e-02  1.14383836e-01  9.99998689e-01  2.66840508e-02  4.34502165e+15 
 2.01118819e+15  1.12911600e+34  2.66372310e+03  6.42553900e-01  7.18860000e+00  5.39184395e-02  1.11832044e-01  9.99998637e-01  4.31340345e-02  5.01517424e+15 
 2.02191824e+15  1.15998414e+34  2.55926110e+03  6.56546051e-01  7.12660000e+00  5.31395498e-02  1.09495794e-01  9.99998586e-01  4.12775459e-02  3.52800554e+15 
 2.03264829e+15  1.19152077e+34  2.46372110e+03  6.68747370e-01  7.06260000e+00  5.23692330e-02  1.07368411e-01  9.99998538e-01  3.68067947e-02  2.37215824e+15 
 2.04337834e+15  1.22373653e+34  2.37652410e+03  6.79463515e-01  6.99660000e+00  5.16097781e-02  1.05441353e-01  9.99998496e-01  3.16360164e-02  1.57264456e+15 
 2.05410838e+15  1.25664522e+34  2.29710110e+03  6.88945644e-01  6.92960000e+00  5.08697164e-02  1.03704862e-01  9.99998459e-01  3.02803477e-02  1.18496355e+15 
 2.06483843e+15  1.29025987e+34  2.22495810e+03  6.97398480e-01  6.85960000e+00  5.01383083e-02  1.02150388e-01  9.99998430e-01  3.35064463e-02  1.05172198e+15 
 2.07556848e+15  1.32458635e+34  2.15966510e+03  7.04990049e-01  6.78860000e+00  4.94304246e-02  1.00770041e-01  9.99998409e-01  3.05383726e-02  7.82404585e+14 
 2.08629853e+15  1.35963571e+34  2.10087010e+03  7.11859835e-01  6.71560000e+00  4.87419171e-02  9.95575143e-02  9.99998398e-01  2.94800833e-02  6.26787948e+14 
 2.09702858e+15  1.39541908e+34  2.04823010e+03  7.18127898e-01  6.64160000e+00  4.80805755e-02  9.85064931e-02  9.99998395e-01  3.24054306e-02  5.80859242e+14 
 2.10775863e+15  1.43194772e+34  2.00148710e+03  7.23893851e-01  6.56660000e+00  4.74479699e-02  9.76122381e-02  9.99998403e-01  3.28374377e-02  5.03880068e+14 
 2.11848868e+15  1.46923297e+34  1.96044110e+03  7.29241433e-01  6.48960000e+00  4.68399621e-02  9.68714448e-02  9.99998420e-01  3.22920208e-02  4.30601876e+14 
 2.12921873e+15  1.50728629e+34  1.92495710e+03  7.34240786e-01  6.41160000e+00  4.62639108e-02  9.62821609e-02  9.99998448e-01  3.00359092e-02  3.53282325e+14 
 2.13994878e+15  1.54611924e+34  1.89492210e+03  7.38952695e-01  6.33360000e+00  4.57262846e-02  9.58429571e-02  9.99998485e-01  2.99534951e-02  3.15420200e+14 
 2.15067883e+15  1.58574665e+34  1.87031210e+03  7.43425685e-01  6.25460000e+00  4.52226779e-02  9.55548627e-02  9.99998531e-01  3.06364551e-02  2.93217240e+14 
 2.16140888e+15  1.62618307e+34  1.85116110e+03  7.47699311e-01  6.17560000e+00  4.47592476e-02  9.54198356e-02  9.99998585e-01  3.07010009e-02  2.71210868e+14 
 2.17213893e+15  1.66743464e+34  1.83755410e+03  7.51803384e-01  6.09560000e+00  4.43314295e-02  9.54414106e-02  9.99998648e-01  2.97774927e-02  2.46681053e+14 
 2.18286898e+15  1.70951331e+34  1.82966210e+03  7.55757818e-01  6.01660000e+00  4.39496904e-02  9.56253174e-02  9.99998716e-01  2.98450782e-02  2.35712339e+14 
 2.19359903e+15  1.74122584e+34  1.82765210e+03  7.58593493e-01  5.95760000e+00  4.36912063e-02  9.58704136e-02  9.99998771e-01  3.03580434e-02  2.34026070e+14 
 2.20432908e+15  1.76524682e+34  1.82834710e+03  7.60649226e-01  5.91460000e+00  4.35177297e-02  9.61149492e-02  9.99998813e-01  2.95784585e-02  2.25379813e+14 
 2.21505912e+15  1.78947799e+34  1.83092110e+03  7.62643492e-01  5.87160000e+00  4.33560255e-02  9.64109789e-02  9.99998856e-01  2.90762985e-02  2.20215459e+14 
 2.22578917e+15  1.81392011e+34  1.83541810e+03  7.64574620e-01  5.82860000e+00  4.32060218e-02  9.67598417e-02  9.99998900e-01  3.09377131e-02  2.34224463e+14 
 2.23651922e+15  1.83857395e+34  1.84185410e+03  7.66441500e-01  5.78760000e+00  4.30762920e-02  9.71621554e-02  9.99998944e-01  3.05958984e-02  2.32869523e+14 
 2.24724927e+15  1.86344027e+34  1.85027210e+03  7.68240418e-01  5.74560000e+00  4.29529501e-02  9.76192787e-02  9.99998989e-01  3.03432112e-02  2.33518966e+14 
 2.25797932e+15  1.88852184e+34  1.86074410e+03  7.69965500e-01  5.70560000e+00  4.28491243e-02  9.81330601e-02  9.99999033e-01  3.11974958e-02  2.44210896e+14 
 2.26870937e+15  1.91381772e+34  1.87331610e+03  7.71611285e-01  5.66460000e+00  4.27511382e-02  9.87047975e-02  9.99999078e-01  3.14530066e-02  2.51937620e+14 
 2.27943942e+15  1.93932838e+34  1.88808410e+03  7.73168186e-01  5.62560000e+00  4.26717532e-02  9.93371908e-02  9.99999123e-01  3.15135096e-02  2.59897408e+14 
 2.29016947e+15  1.96505457e+34  1.90514410e+03  7.74625379e-01  5.58660000e+00  4.26020254e-02  1.00032949e-01  9.99999167e-01  3.24319632e-02  2.77154644e+14 
 2.30089952e+15  1.99099706e+34  1.92464410e+03  7.75967685e-01  5.54760000e+00  4.25419747e-02  1.00795809e-01  9.99999211e-01  3.17558681e-02  2.83091190e+14 
 2.31162957e+15  2.01715659e+34  1.94667010e+03  7.77182297e-01  5.50960000e+00  4.24950650e-02  1.01628177e-01  9.99999254e-01  3.15294970e-02  2.95211123e+14 
 2.32235962e+15  2.04353393e+34  1.97140510e+03  7.78248281e-01  5.47260000e+00  4.24611279e-02  1.02534941e-01  9.99999296e-01  3.34423794e-02  3.31248619e+14 
 2.33308967e+15  2.07012981e+34  1.99902710e+03  7.79142778e-01  5.43560000e+00  4.24358239e-02  1.03520922e-01  9.99999338e-01  3.37268018e-02  3.56083378e+14 
 2.34381972e+15  2.09694500e+34  2.02975410e+03  7.79837941e-01  5.39960000e+00  4.24229052e-02  1.04591789e-01  9.99999378e-01  3.52601551e-02  3.99988891e+14 
 2.35454977e+15  2.12398032e+34  2.06382410e+03  7.80301246e-01  5.36460000e+00  4.24219873e-02  1.05753826e-01  9.99999418e-01  3.74482188e-02  4.60311094e+14 
 2.36527982e+15  2.15123866e+34  2.10152510e+03  7.80493248e-01  5.32960000e+00  4.24289638e-02  1.07014649e-01  9.99999457e-01  3.62569138e-02  4.87288732e+14 
 2.37600986e+15  2.17871855e+34  2.14318510e+03  7.80366365e-01  5.29460000e+00  4.24436735e-02  1.08383029e-01  9.99999495e-01  3.41672059e-02  5.06971491e+14 
 2.38673991e+15  2.20642074e+34  2.18919210e+03  7.79863569e-01  5.26160000e+00  4.24733594e-02  1.09868807e-01  9.99999531e-01  3.76893609e-02  6.23897649e+14 
 2.39746996e+15  2.23434597e+34  2.23998910e+03  7.78915900e-01  5.22760000e+00  4.25065890e-02  1.11484032e-01  9.99999566e-01  4.04606080e-02  7.55748794e+14 
 2.40820001e+15  2.26249499e+34  2.29610610e+03  7.77439005e-01  5.19560000e+00  4.25541786e-02  1.13242172e-01  9.99999600e-01  4.51726068e-02  9.63988084e+14 
 2.41893006e+15  2.29086852e+34  2.35816510e+03  7.75328948e-01  5.16360000e+00  4.26085897e-02  1.15159896e-01  9.99999633e-01  4.21608471e-02  1.04212245e+15 
 2.42966011e+15  2.31946731e+34  2.42689710e+03  7.72458189e-01  5.13160000e+00  4.26696213e-02  1.17256278e-01  9.99999664e-01  4.69172682e-02  1.36390149e+15 
 2.44039016e+15  2.34829209e+34  2.50318710e+03  7.68666020e-01  5.10060000e+00  4.27406237e-02  1.19554654e-01  9.99999694e-01  4.02749953e-02  1.40081900e+15 
 2.45112021e+15  2.37734360e+34  2.58812910e+03  7.63746715e-01  5.07060000e+00  4.28214561e-02  1.22083832e-01  9.99999722e-01  4.51051881e-02  1.91415800e+15 
 2.46185026e+15  2.40662258e+34  2.68296110e+03  7.57445517e-01  5.04060000e+00  4.29082081e-02  1.24876900e-01  9.99999749e-01  6.31595509e-02  3.34443142e+15 
 2.47258031e+15  2.43613154e+34  2.78933610e+03  7.49418983e-01  5.01160000e+00  4.30043322e-02  1.27978201e-01  9.99999774e-01  4.15304302e-02  2.81718650e+15 
 2.48331036e+15  2.46586992e+34  2.90915810e+03  7.39227358e-01  4.98260000e+00  4.31060502e-02  1.31439760e-01  9.99999798e-01  7.89797348e-02  7.07995527e+15 
 2.49404041e+15  2.49583795e+34  3.04493110e+03  7.26265054e-01  4.95460000e+00  4.32167915e-02  1.35331169e-01  9.99999820e-01  8.19381832e-02  1.00801344e+16 
 2.50477046e+15  2.52603637e+34  3.19974610e+03  7.09709176e-01  4.92660000e+00  4.33330436e-02  1.39741334e-01  9.99999841e-01  4.10810172e-02  7.26750027e+15 
 2.51550051e+15  2.55646589e+34  3.37745010e+03  6.88408319e-01  4.89960000e+00  4.34576783e-02  1.44787757e-01  9.99999859e-01 -4.74588129e-02 -1.28114831e+16 
 2.52623056e+15  2.58712725e+34  3.58291910e+03  6.60680703e-01  4.87260000e+00  4.35873390e-02  1.50631421e-01  9.99999876e-01  4.09334670e-02  1.82336581e+16 
 2.53696060e+15  2.61802116e+34  3.82200410e+03  6.23981306e-01  4.84660000e+00  4.37253327e-02  1.57497655e-01  9.99999891e-01 -1.87732903e-02 -1.53711593e+16 
 2.54769065e+15  2.64914835e+34  4.10042210e+03  5.74301280e-01  4.82160000e+00  4.38711870e-02  1.65698260e-01  9.99999903e-01 -6.67538100e-03 -1.17621942e+16 
 2.55842070e+15  2.68050953e+34  4.41820710e+03  5.04858510e-01  4.79660000e+00  4.40216739e-02  1.75620115e-01  9.99999912e-01  1.55037614e-03  7.55766084e+15 
 2.56915075e+15  2.71210542e+34  4.73883410e+03  4.03176016e-01  4.77160000e+00  4.41769440e-02  1.87215548e-01  9.99999911e-01 -1.00046146e-03 -2.13134043e+16 
 2.57988080e+15  2.74393691e+34  4.76157310e+03  2.45096836e-01  4.74760000e+00  4.43394609e-02  1.92438549e-01  9.99999860e-01  9.80369611e-05  2.57645154e+16 
 2.59061085e+15  2.77600662e+34  2.27481410e+03  6.67624320e-02  4.72360000e+00  4.45065032e-02  5.84367313e-02  9.99992627e-01 -2.01810610e-06 -8.80199646e+15 
 2.60134090e+15  2.80831319e+34  6.48658100e+02  5.06572506e-02  4.70060000e+00  4.46806227e-02  4.60734915e-03  9.98496470e-01  2.84806457e-04  9.31085071e+15 
 2.61207095e+15  2.84085733e+34  3.44748100e+02  4.95076132e-02  4.67760000e+00  4.48589389e-02  1.76276731e-03  9.85875342e-01  4.23279292e-04  6.58180276e+14 
 2.62280100e+15  2.87363975e+34  2.30372100e+02  4.91710760e-02  4.65560000e+00  4.50441448e-02  1.15025415e-03  9.51541691e-01  2.39199893e-04  5.12778970e+13 
 2.63353105e+15  2.90666115e+34  1.71484100e+02  4.90408575e-02  4.63360000e+00  4.52332955e-02  9.52426911e-04  8.94823552e-01  1.61896839e-04  8.03777352e+12 
 2.64426110e+15  2.93992224e+34  1.35852100e+02  4.89999208e-02  4.61160000e+00  4.54261458e-02  8.99918375e-04  8.23646948e-01  1.22986110e-04  1.91328353e+12 
 2.65499115e+15  2.97342372e+34  1.12081100e+02  4.90101148e-02  4.59060000e+00  4.56257378e-02  9.19802162e-04  7.48062136e-01  1.00188998e-04  5.95143555e+11 
 2.66572120e+15  3.00716631e+34  9.51401000e+01  4.90535055e-02  4.57060000e+00  4.58315312e-02  9.85073397e-04  6.75553229e-01  8.55630877e-05  2.23009109e+11 
 2.67645125e+15  3.04115070e+34  8.24871000e+01  4.91219678e-02  4.54960000e+00  4.60382401e-02  1.08361230e-03  6.10264157e-01  7.55783392e-05  9.58334494e+10 
 2.68718130e+15  3.07537759e+34  7.26941000e+01  4.92098044e-02  4.53060000e+00  4.62539009e-02  1.20912782e-03  5.53091677e-01  6.84640409e-05  4.57370905e+10 
 2.69791134e+15  3.10984768e+34  6.49001000e+01  4.93133518e-02  4.51060000e+00  4.64699955e-02  1.35805086e-03  5.04076472e-01  6.32519999e-05  2.37162958e+10 
 2.70864139e+15  3.14456345e+34  5.85611000e+01  4.94310952e-02  4.49160000e+00  4.66923643e-02  1.52806150e-03  4.62080906e-01  5.93680622e-05  1.31572830e+10 
 2.71937144e+15  3.17952425e+34  5.33091000e+01  4.95607980e-02  4.47260000e+00  4.69178870e-02  1.71766312e-03  4.26144113e-01  5.64634011e-05  7.72059401e+09 
 2.73010149e+15  3.21473033e+34  4.88901000e+01  4.97009919e-02  4.45460000e+00  4.71490687e-02  1.92578612e-03  3.95083928e-01  5.43124627e-05  4.75058641e+09 
 2.74083154e+15  3.25018239e+34  4.51261000e+01  4.98511609e-02  4.43660000e+00  4.73833879e-02  2.15146734e-03  3.68191960e-01  5.27661324e-05  3.04569400e+09 
 2.75156159e+15  3.28588112e+34  4.18841000e+01  5.00104204e-02  4.41860000e+00  4.76207456e-02  2.39401657e-03  3.44738874e-01  5.17286616e-05  2.02415160e+09 
 2.76229164e+15  3.32182721e+34  3.90641000e+01  5.01780676e-02  4.40160000e+00  4.78636665e-02  2.65292222e-03  3.23961864e-01  5.11403409e-05  1.38883756e+09 
 2.77302169e+15  3.35802135e+34  3.65901000e+01  5.03534186e-02  4.38460000e+00  4.81093973e-02  2.92771799e-03  3.05545208e-01  5.09619528e-05  9.80590358e+08 
 2.78375174e+15  3.39446422e+34  3.44051000e+01  5.05360283e-02  4.36860000e+00  4.83604476e-02  3.21767837e-03  2.88937617e-01  5.11609475e-05  7.10584195e+08 
 2.79448179e+15  3.43115652e+34  3.24611000e+01  5.07256958e-02  4.35160000e+00  4.86117480e-02  3.52271714e-03  2.74187964e-01  5.17420887e-05  5.27337228e+08 
 2.80521184e+15  3.46809891e+34  3.07221000e+01  5.09219912e-02  4.33560000e+00  4.88683162e-02  3.84224542e-03  2.60696469e-01  5.26952301e-05  4.00006721e+08 
 2.81594189e+15  3.50529209e+34  2.91581000e+01  5.11245655e-02  4.32060000e+00  4.91300385e-02  4.17590002e-03  2.48258947e-01  5.40263228e-05  3.09614822e+08 
 2.82667194e+15  3.54273672e+34  2.77451000e+01  5.13331204e-02  4.30460000e+00  4.93918463e-02  4.52319167e-03  2.37064282e-01  5.57429949e-05  2.44175355e+08 
 2.83740199e+15  3.58043536e+34  2.64621000e+01  5.15473798e-02  4.28960000e+00  4.96586782e-02  4.88404013e-03  2.26623172e-01  5.78681828e-05  1.95928126e+08 
 2.84813203e+15  3.61838712e+34  2.52931000e+01  5.17670299e-02  4.27560000e+00  4.99303808e-02  5.25786445e-03  2.16823435e-01  6.04141509e-05  1.59753772e+08 
 2.85886208e+15  3.65659236e+34  2.42231000e+01  5.19919434e-02  4.26060000e+00  5.02020662e-02  5.64478990e-03  2.07927080e-01  6.34154943e-05  1.32200201e+08 
 2.86959213e+15  3.69505178e+34  2.32421000e+01  5.22220759e-02  4.24660000e+00  5.04786821e-02  6.04371952e-03  1.99506645e-01  6.68753276e-05  1.10902279e+08 
 2.88032218e+15  3.73376604e+34  2.23381000e+01  5.24569398e-02  4.23260000e+00  5.07575352e-02  6.45521339e-03  1.91665933e-01  7.08433143e-05  9.42071029e+07 
 2.89105223e+15  3.77273580e+34  2.15041000e+01  5.26965122e-02  4.21860000e+00  5.10386966e-02  6.87815109e-03  1.84351153e-01  7.53253700e-05  8.09480979e+07 
 2.90178228e+15  3.81196175e+34  2.07311000e+01  5.29407428e-02  4.20560000e+00  5.13245722e-02  7.31328305e-03  1.77343320e-01  8.03796415e-05  7.02871648e+07 
 2.91251233e+15  3.85144454e+34  2.00141000e+01  5.31891954e-02  4.19260000e+00  5.16125389e-02  7.75932949e-03  1.70768246e-01  8.60088826e-05  6.16133621e+07 
 2.92324238e+15  3.89118485e+34  1.93471000e+01  5.34421163e-02  4.17960000e+00  5.19028299e-02  8.21643329e-03  1.64598348e-01  9.22575964e-05  5.44793177e+07 
 2.93397243e+15  3.93118333e+34  1.87251000e+01  5.36989531e-02  4.16660000e+00  5.21951244e-02  8.68429548e-03  1.58791923e-01  9.91561470e-05  4.85489294e+07 
 2.94470248e+15  3.97144066e+34  1.81441000e+01  5.39599905e-02  4.15460000e+00  5.24919857e-02  9.16259072e-03  1.53161218e-01  1.06737732e-04  4.35716675e+07 
 2.95543253e+15  4.01195748e+34  1.76001000e+01  5.42247872e-02  4.14260000e+00  5.27908257e-02  9.65117338e-03  1.47844552e-01  1.15038064e-04  3.93546757e+07 
 2.96616258e+15  4.05273460e+34  1.70891000e+01  5.44934243e-02  4.13060000e+00  5.30917437e-02  1.01507374e-02  1.42824554e-01  1.24121716e-04  3.57512811e+07 
 2.97689263e+15  4.09377449e+34  1.66101000e+01  5.47658424e-02  4.11860000e+00  5.33947488e-02  1.06588118e-02  1.38081792e-01  1.33956908e-04  3.26471947e+07 
 2.98762268e+15  4.13507585e+34  1.61591000e+01  5.50416407e-02  4.10760000e+00  5.37018832e-02  1.11765872e-02  1.33426022e-01  1.44618963e-04  2.99517781e+07 
 2.99835273e+15  4.17663934e+34  1.57341000e+01  5.53209450e-02  4.09560000e+00  5.40087286e-02  1.17035486e-02  1.29175733e-01  1.56136940e-04  2.75953319e+07 
 3.00908277e+15  4.21846562e+34  1.53321000e+01  5.56036727e-02  4.08460000e+00  5.43197721e-02  1.22409160e-02  1.24990544e-01  1.68596192e-04  2.55215452e+07 
 3.01981282e+15  4.26055534e+34  1.49531000e+01  5.58897213e-02  4.07360000e+00  5.46327105e-02  1.27855598e-02  1.21020779e-01  1.81935044e-04  2.36854265e+07 
 3.03054287e+15  4.30290915e+34  1.45941000e+01  5.61789661e-02  4.06360000e+00  5.49497102e-02  1.33392846e-02  1.17094496e-01  1.96257854e-04  2.20502390e+07 
 3.04127292e+15  4.34552769e+34  1.42541000e+01  5.64712429e-02  4.05260000e+00  5.52662672e-02  1.39008995e-02  1.13514196e-01  2.11564197e-04  2.05860408e+07 
 3.05200297e+15  4.38841162e+34  1.39311000e+01  5.67666492e-02  4.04260000e+00  5.55868794e-02  1.44715306e-02  1.09960121e-01  2.27943145e-04  1.92688441e+07 
 3.06273302e+15  4.43156158e+34  1.36241000e+01  5.70651224e-02  4.03260000e+00  5.59093111e-02  1.50506151e-02  1.06581268e-01  2.45421082e-04  1.80786332e+07 
 3.07346307e+15  4.47497822e+34  1.33331000e+01  5.73664094e-02  4.02260000e+00  5.62334387e-02  1.56351983e-02  1.03362160e-01  2.63917091e-04  1.69982118e+07 
 3.08419312e+15  4.51866217e+34  1.30551000e+01  5.76705470e-02  4.01260000e+00  5.65593020e-02  1.62296612e-02  1.00297619e-01  2.83659012e-04  1.60138451e+07 
 3.09492317e+15  4.56261409e+34  1.27901000e+01  5.79775389e-02  4.00360000e+00  5.68890590e-02  1.68318289e-02  9.72336630e-02  3.04606241e-04  1.51139505e+07 
 3.10565322e+15  4.60683461e+34  1.25381000e+01  5.82871772e-02  3.99360000e+00  5.72183116e-02  1.74389997e-02  9.44564504e-02  3.26675427e-04  1.42882282e+07 
 3.11638327e+15  4.65132469e+34  1.22971000e+01  5.85994892e-02  3.98460000e+00  5.75513719e-02  1.80542617e-02  9.16657399e-02  3.50052454e-04  1.35283826e+07 
 3.12711332e+15  4.69608629e+34  1.20671000e+01  5.89144680e-02  3.97560000e+00  5.78861079e-02  1.86754239e-02  8.90050413e-02  3.74679055e-04  1.28272202e+07 
 3.13784337e+15  4.74111840e+34  1.18471000e+01  5.92319495e-02  3.96660000e+00  5.82224326e-02  1.93031440e-02  8.64651355e-02  4.00627173e-04  1.21783631e+07 
 3.14857342e+15  4.78642166e+34  1.16361000e+01  5.95519425e-02  3.95860000e+00  5.85624564e-02  1.99386585e-02  8.39011791e-02  4.28009653e-04  1.15765595e+07 
 3.15930347e+15  4.83199669e+34  1.14341000e+01  5.98743995e-02  3.94960000e+00  5.89019753e-02  2.05799458e-02  8.15906396e-02  4.56764777e-04  1.10170435e+07 
 3.17003351e+15  4.87784413e+34  1.12401000e+01  6.01992929e-02  3.94160000e+00  5.92451595e-02  2.12286127e-02  7.92485852e-02  4.87028342e-04  1.04958240e+07 
 3.18076356e+15  4.92396461e+34  1.10551000e+01  6.05264994e-02  3.93360000e+00  5.95898538e-02  2.18787081e-02  7.70088222e-02  5.18496998e-04  1.00092196e+07 
 3.19149361e+15  4.97035875e+34  1.08761000e+01  6.08560373e-02  3.92460000e+00  5.99340119e-02  2.25400962e-02  7.50046526e-02  5.51794555e-04  9.55417964e+06 
 3.20222366e+15  5.01702719e+34  1.07051000e+01  6.11877589e-02  3.91660000e+00  6.02816900e-02  2.32028149e-02  7.29558564e-02  5.86364975e-04  9.12782512e+06 
 3.21295371e+15  5.06397054e+34  1.05401000e+01  6.15218203e-02  3.90960000e+00  6.06329798e-02  2.38736506e-02  7.08672408e-02  6.22673366e-04  8.72783327e+06 
 3.22368376e+15  5.11118943e+34  1.03821000e+01  6.18580305e-02  3.90160000e+00  6.09836680e-02  2.45462193e-02  6.89978957e-02  6.60346131e-04  8.35190630e+06 
 3.23441381e+15  5.15868448e+34  1.02291000e+01  6.21962962e-02  3.89360000e+00  6.13357424e-02  2.52280957e-02  6.72099016e-02  6.99929359e-04  7.99810487e+06 
 3.24514386e+15  5.20645632e+34  1.00821000e+01  6.25367954e-02  3.88660000e+00  6.16913815e-02  2.59131594e-02  6.53739338e-02  7.41057541e-04  7.66473601e+06 
 3.25587391e+15  5.25450555e+34  9.94110000e+00  6.28793179e-02  3.87960000e+00  6.20483988e-02  2.65993000e-02  6.36152874e-02  7.83603456e-04  7.35017746e+06 
 3.26660396e+15  5.30283281e+34  9.80410000e+00  6.32238419e-02  3.87260000e+00  6.24067916e-02  2.72955712e-02  6.19308805e-02  8.28270619e-04  7.05301620e+06 
 3.27733401e+15  5.35143870e+34  9.67310000e+00  6.35704498e-02  3.86560000e+00  6.27666342e-02  2.79895941e-02  6.03193641e-02  8.74172585e-04  6.77200901e+06 
 3.28806406e+15  5.40032519e+34  9.54510000e+00  6.39188911e-02  3.85860000e+00  6.31277596e-02  2.86967886e-02  5.87735855e-02  9.22537032e-04  6.50591587e+06 
 3.29879411e+15  5.44949201e+34  9.42310000e+00  6.42694460e-02  3.85160000e+00  6.34903773e-02  2.93983255e-02  5.72965059e-02  9.71917049e-04  6.25379729e+06 
 3.30952416e+15  5.49893929e+34  9.30410000e+00  6.46217249e-02  3.84460000e+00  6.38542138e-02  3.01105846e-02  5.58790794e-02  1.02366544e-03  6.01458323e+06 
 3.32025421e+15  5.54866766e+34  9.18910000e+00  6.49760390e-02  3.83860000e+00  6.42214794e-02  3.08265997e-02  5.44052253e-02  1.07726871e-03  5.78750194e+06 
 3.33098425e+15  5.59867771e+34  9.07810000e+00  6.53320841e-02  3.83160000e+00  6.45880043e-02  3.15446075e-02  5.31078896e-02  1.13259879e-03  5.57168717e+06 
 3.34171430e+15  5.64897005e+34  8.97110000e+00  6.56899867e-02  3.82560000e+00  6.49578390e-02  3.22632231e-02  5.17492003e-02  1.18955525e-03  5.36643183e+06 
 3.35244435e+15  5.69954530e+34  8.86710000e+00  6.60496906e-02  3.81960000e+00  6.53289713e-02  3.29882179e-02  5.04461674e-02  1.24869883e-03  5.17106717e+06 
 3.36317440e+15  5.75040405e+34  8.76610000e+00  6.64110456e-02  3.81360000e+00  6.57013006e-02  3.37184466e-02  4.91944057e-02  1.30997134e-03  4.98494863e+06 
 3.37390445e+15  5.80154690e+34  8.66810000e+00  6.67743337e-02  3.80760000e+00  6.60750378e-02  3.44532404e-02  4.79971590e-02  1.37336656e-03  4.80758085e+06 
 3.38463450e+15  5.85297446e+34  8.57410000e+00  6.71392129e-02  3.80160000e+00  6.64499494e-02  3.51828281e-02  4.68463886e-02  1.43791823e-03  4.63835585e+06 
 3.39536455e+15  5.90468732e+34  8.48210000e+00  6.75057026e-02  3.79560000e+00  6.68260503e-02  3.59222156e-02  4.57414098e-02  1.50517026e-03  4.47680977e+06 
 3.40609460e+15  5.95668609e+34  8.39310000e+00  6.78739760e-02  3.78960000e+00  6.72034754e-02  3.66624249e-02  4.46834440e-02  1.57425180e-03  4.32253098e+06 
 3.41682465e+15  6.00897136e+34  8.30710000e+00  6.82439376e-02  3.78460000e+00  6.75840703e-02  3.74020277e-02  4.35615503e-02  1.64502187e-03  4.17509982e+06 
 3.42755470e+15  6.06154373e+34  8.22310000e+00  6.86153721e-02  3.77860000e+00  6.79638611e-02  3.81485703e-02  4.25878294e-02  1.71832246e-03  4.03407335e+06 
 3.43828475e+15  6.11440379e+34  8.14110000e+00  6.89883814e-02  3.77360000e+00  6.83467497e-02  3.89015690e-02  4.15473122e-02  1.79416957e-03  3.89912839e+06 
 3.44901480e+15  6.16755212e+34  8.06210000e+00  6.93630345e-02  3.76760000e+00  6.87289706e-02  3.96505937e-02  4.06536464e-02  1.87139868e-03  3.76994641e+06 
 3.45974485e+15  6.22098933e+34  7.98510000e+00  6.97392636e-02  3.76260000e+00  6.91142923e-02  4.04040808e-02  3.96928174e-02  1.95100265e-03  3.64620641e+06 
 3.47047490e+15  6.27471613e+34  7.91010000e+00  7.01170074e-02  3.75760000e+00  6.95007648e-02  4.11611480e-02  3.87691806e-02  2.03291704e-03  3.52761391e+06 
 3.48120494e+15  6.32873446e+34  7.83810000e+00  7.04962826e-02  3.75260000e+00  6.98884080e-02  4.19102673e-02  3.78816850e-02  2.11572721e-03  3.41390136e+06 
 3.49193499e+15  6.38304342e+34  7.76710000e+00  7.08770306e-02  3.74760000e+00  7.02771789e-02  4.26715788e-02  3.70287211e-02  2.20197285e-03  3.30481574e+06 
 3.50266504e+15  6.43764360e+34  7.69810000e+00  7.12592088e-02  3.74260000e+00  7.06670608e-02  4.34336429e-02  3.62079542e-02  2.29025265e-03  3.20010727e+06 
 3.51339509e+15  6.49253556e+34  7.63110000e+00  7.16428368e-02  3.73760000e+00  7.10580679e-02  4.41955199e-02  3.54189837e-02  2.38045893e-03  3.09956628e+06 
 3.52412514e+15  6.54771991e+34  7.56610000e+00  7.20279065e-02  3.73360000e+00  7.14520636e-02  4.49561646e-02  3.45629340e-02  2.47245543e-03  3.00298577e+06 
 3.53485519e+15  6.60319720e+34  7.50210000e+00  7.24143998e-02  3.72860000e+00  7.18453014e-02  4.57266662e-02  3.38354471e-02  2.56779640e-03  2.91017116e+06 
 3.54558524e+15  6.65896804e+34  7.44010000e+00  7.28022989e-02  3.72360000e+00  7.22396437e-02  4.64942986e-02  3.31363887e-02  2.66475175e-03  2.82093796e+06 
 3.55631529e+15  6.71503298e+34  7.38010000e+00  7.31915872e-02  3.71960000e+00  7.26369357e-02  4.72578822e-02  3.23696601e-02  2.76313229e-03  2.73511419e+06 
 3.56704534e+15  6.77139261e+34  7.32110000e+00  7.35822519e-02  3.71460000e+00  7.30334593e-02  4.80293232e-02  3.17253616e-02  2.86468584e-03  2.65253853e+06 
 3.57777539e+15  6.82804750e+34  7.26410000e+00  7.39742696e-02  3.71060000e+00  7.34329037e-02  4.87948543e-02  3.10131971e-02  2.96739542e-03  2.57305722e+06 
 3.58850544e+15  6.88499823e+34  7.20810000e+00  7.43676336e-02  3.70660000e+00  7.38334158e-02  4.95669466e-02  3.03272446e-02  3.07314892e-03  2.49652655e+06 
 3.59923549e+15  6.94224536e+34  7.15310000e+00  7.47622989e-02  3.70260000e+00  7.42349622e-02  5.03451837e-02  2.96663498e-02  3.18194520e-03  2.42280980e+06 
 3.60996554e+15  6.99978946e+34  7.10010000e+00  7.51582557e-02  3.69760000e+00  7.46357076e-02  5.11147730e-02  2.91200090e-02  3.29146545e-03  2.35177920e+06 
 3.62069559e+15  7.05763111e+34  7.04810000e+00  7.55554923e-02  3.69360000e+00  7.50393173e-02  5.18890426e-02  2.85055167e-02  3.40382329e-03  2.28331313e+06 
 3.63142564e+15  7.11577087e+34  6.99710000e+00  7.59539975e-02  3.68960000e+00  7.54439475e-02  5.26675503e-02  2.79135268e-02  3.51899464e-03  2.21729873e+06 
 3.64215568e+15  7.17420930e+34  6.94810000e+00  7.63537598e-02  3.68560000e+00  7.58495899e-02  5.34344398e-02  2.73433338e-02  3.63432855e-03  2.15362821e+06 
 3.65288573e+15  7.23294697e+34  6.89910000e+00  7.67547666e-02  3.68160000e+00  7.62562447e-02  5.42196520e-02  2.67939121e-02  3.75490640e-03  2.09219865e+06 
 3.66361578e+15  7.29198445e+34  6.85210000e+00  7.71571000e-02  3.67860000e+00  7.66657826e-02  5.49917264e-02  2.61797818e-02  3.87536772e-03  2.03291996e+06 
 3.67434583e+15  7.35132229e+34  6.80610000e+00  7.75605205e-02  3.67460000e+00  7.70744103e-02  5.57650882e-02  2.56698358e-02  3.99816238e-03  1.97568118e+06 
 3.68507588e+15  7.41096105e+34  6.76110000e+00  7.79651354e-02  3.67060000e+00  7.74840168e-02  5.65394036e-02  2.51784871e-02  4.12325921e-03  1.92040854e+06 
 3.69580593e+15  7.47090129e+34  6.71610000e+00  7.83709918e-02  3.66660000e+00  7.78946283e-02  5.73312858e-02  2.47064842e-02  4.25376152e-03  1.86702689e+06 
 3.70653598e+15  7.53114430e+34  6.67310000e+00  7.87781015e-02  3.66360000e+00  7.83080671e-02  5.81063372e-02  2.41696996e-02  4.38334944e-03  1.81545332e+06 
 3.71726603e+15  7.59169049e+34  6.63110000e+00  7.91863430e-02  3.65960000e+00  7.87206428e-02  5.88804739e-02  2.37329415e-02  4.51491348e-03  1.76560790e+06 
 3.72799608e+15  7.65253981e+34  6.59010000e+00  7.95957211e-02  3.65660000e+00  7.91359538e-02  5.96530879e-02  2.32306973e-02  4.64833276e-03  1.71742194e+06 
 3.73872613e+15  7.71369282e+34  6.54910000e+00  8.00062745e-02  3.65360000e+00  7.95522317e-02  6.04420643e-02  2.27460475e-02  4.78714144e-03  1.67083094e+06 
 3.74945618e+15  7.77515006e+34  6.51010000e+00  8.04178677e-02  3.64960000e+00  7.99676123e-02  6.12098826e-02  2.23556951e-02  4.92393378e-03  1.62575880e+06 
 3.76018623e+15  7.83691209e+34  6.47110000e+00  8.08306112e-02  3.64660000e+00  8.03857199e-02  6.19934151e-02  2.19017790e-02  5.06606921e-03  1.58216124e+06 
 3.77091628e+15  7.89897946e+34  6.43310000e+00  8.12445281e-02  3.64360000e+00  8.08047920e-02  6.27735382e-02  2.14644137e-02  5.20973350e-03  1.53997900e+06 
 3.78164633e+15  7.96135270e+34  6.39610000e+00  8.16595382e-02  3.63960000e+00  8.12230050e-02  6.35493813e-02  2.11194975e-02  5.35470526e-03  1.49915169e+06 
 3.79237638e+15  8.02403236e+34  6.36010000e+00  8.20756083e-02  3.63660000e+00  8.16438861e-02  6.43201627e-02  2.07101923e-02  5.50077854e-03  1.45962640e+06 
 3.80310642e+15  8.08701899e+34  6.32410000e+00  8.24926713e-02  3.63360000e+00  8.20656298e-02  6.51055413e-02  2.03128424e-02  5.65215662e-03  1.42134457e+06 
 3.81383647e+15  8.15031313e+34  6.28910000e+00  8.29108933e-02  3.63060000e+00  8.24883169e-02  6.58853263e-02  1.99311785e-02  5.80457507e-03  1.38427808e+06 
 3.82456652e+15  8.21391532e+34  6.25510000e+00  8.33301953e-02  3.62760000e+00  8.29119131e-02  6.66585416e-02  1.95627697e-02  5.95774695e-03  1.34837198e+06 
 3.83529657e+15  8.27782610e+34  6.22210000e+00  8.37505191e-02  3.62460000e+00  8.33363789e-02  6.74242883e-02  1.92064926e-02  6.11140190e-03  1.31358028e+06 
 3.84602662e+15  8.34204600e+34  6.18910000e+00  8.41717672e-02  3.62160000e+00  8.37616567e-02  6.82035820e-02  1.88603378e-02  6.27028299e-03  1.27985507e+06 
 3.85675667e+15  8.40657556e+34  6.15710000e+00  8.45941695e-02  3.61860000e+00  8.41878847e-02  6.89748479e-02  1.85282155e-02  6.42953777e-03  1.24717389e+06 
 3.86748672e+15  8.47141532e+34  6.12510000e+00  8.50175812e-02  3.61660000e+00  8.46167177e-02  6.97597188e-02  1.81353729e-02  6.59418045e-03  1.21549003e+06 
 3.87821677e+15  8.53656581e+34  6.09410000e+00  8.54418630e-02  3.61360000e+00  8.50445856e-02  7.05349686e-02  1.78235043e-02  6.75875083e-03  1.18475664e+06 
 3.88894682e+15  8.60202756e+34  6.06410000e+00  8.58672732e-02  3.61060000e+00  8.54733769e-02  7.13003959e-02  1.75249942e-02  6.92316402e-03  1.15495859e+06 
 3.89967687e+15  8.66780110e+34  6.03410000e+00  8.62936653e-02  3.60760000e+00  8.59030077e-02  7.20786894e-02  1.72368638e-02  7.09288012e-03  1.12605327e+06 
 3.91040692e+15  8.73388696e+34  6.00510000e+00  8.67209158e-02  3.60560000e+00  8.63351610e-02  7.28455094e-02  1.68860141e-02  7.26192990e-03  1.09800008e+06 
 3.92113697e+15  8.80028567e+34  5.97610000e+00  8.71492382e-02  3.60260000e+00  8.67664520e-02  7.36251901e-02  1.66178252e-02  7.43640081e-03  1.07078548e+06 
 3.93186702e+15  8.86699774e+34  5.94810000e+00  8.75785788e-02  3.60060000e+00  8.72003526e-02  7.43927715e-02  1.62906678e-02  7.61001465e-03  1.04437318e+06 
 3.94259707e+15  8.93402372e+34  5.92110000e+00  8.80086666e-02  3.59760000e+00  8.76332137e-02  7.51467429e-02  1.60383073e-02  7.78221989e-03  1.01872427e+06 
 3.95332712e+15  9.00136412e+34  5.89310000e+00  8.84398322e-02  3.59560000e+00  8.80686935e-02  7.59385463e-02  1.57299261e-02  7.96643985e-03  9.93830143e+05 
 3.96405716e+15  9.06901945e+34  5.86710000e+00  8.88719351e-02  3.59260000e+00  8.85032701e-02  7.66906844e-02  1.54972697e-02  8.14243101e-03  9.69653874e+05 
 3.97478721e+15  9.13699025e+34  5.84110000e+00  8.93048993e-02  3.59060000e+00  8.89403248e-02  7.74540571e-02  1.52058358e-02  8.32348878e-03  9.46173018e+05 
 3.98551726e+15  9.20527703e+34  5.81510000e+00  8.97388415e-02  3.58760000e+00  8.93764797e-02  7.82291302e-02  1.49906268e-02  8.50986784e-03  9.23368044e+05 
 3.99624731e+15  9.27388030e+34  5.79010000e+00  9.01736178e-02  3.58560000e+00  8.98151279e-02  7.89884005e-02  1.47153508e-02  8.69406989e-03  9.01206590e+05 
 4.00697736e+15  9.34280059e+34  5.76510000e+00  9.06093836e-02  3.58360000e+00  9.02545928e-02  7.97590721e-02  1.44508267e-02  8.88357139e-03  8.79679195e+05 
 4.01770741e+15  9.41203840e+34  5.74110000e+00  9.10458622e-02  3.58060000e+00  9.06930123e-02  8.05125510e-02  1.42556794e-02  9.07036018e-03  8.58751296e+05 
 4.02843746e+15  9.48159425e+34  5.71710000e+00  9.14834010e-02  3.57860000e+00  9.11340257e-02  8.12771838e-02  1.40066339e-02  9.26242129e-03  8.38417519e+05 
 4.03916751e+15  9.55146911e+34  5.69410000e+00  9.19217550e-02  3.57660000e+00  9.15757871e-02  8.20236692e-02  1.37634175e-02  9.45135637e-03  8.18646540e+05 
 4.04989756e+15  9.62166338e+34  5.67110000e+00  9.23610088e-02  3.57460000e+00  9.20183117e-02  8.27805313e-02  1.35288372e-02  9.64533847e-03  7.99427419e+05 
 4.06062761e+15  9.69217720e+34  5.64810000e+00  9.28010239e-02  3.57260000e+00  9.24615307e-02  8.35475591e-02  1.32999477e-02  9.84436622e-03  7.80735969e+05 
 4.07135766e+15  9.76301108e+34  5.62610000e+00  9.32419553e-02  3.57060000e+00  9.29055322e-02  8.42953397e-02  1.30791889e-02  1.00398146e-02  7.62560751e+05 
 4.08208771e+15  9.83416553e+34  5.60410000e+00  9.36836931e-02  3.56860000e+00  9.33502629e-02  8.50529386e-02  1.28642787e-02  1.02402146e-02  7.44880842e+05 
 4.09281776e+15  9.90564104e+34  5.58210000e+00  9.41263851e-02  3.56660000e+00  9.37958050e-02  8.58208965e-02  1.26576580e-02  1.04458605e-02  7.27685567e+05 
 4.10354781e+15  9.97743813e+34  5.56110000e+00  9.45697514e-02  3.56460000e+00  9.42419806e-02  8.65675488e-02  1.24551501e-02  1.06470597e-02  7.10952122e+05 
 4.11427785e+15  1.00495573e+35  5.54010000e+00  9.50140540e-02  3.56260000e+00  9.46889449e-02  8.73240749e-02  1.22608769e-02  1.08533520e-02  6.94673996e+05 
 4.12500790e+15  1.01219990e+35  5.52010000e+00  9.54590096e-02  3.56060000e+00  9.51365357e-02  8.80579622e-02  1.20699580e-02  1.10545554e-02  6.78828028e+05 
 4.13573795e+15  1.01947638e+35  5.50010000e+00  9.59049537e-02  3.55860000e+00  9.55849434e-02  8.88013678e-02  1.18879339e-02  1.12607302e-02  6.63410990e+05 
 4.14646800e+15  1.02678522e+35  5.48010000e+00  9.63515100e-02  3.55660000e+00  9.60339577e-02  8.95534448e-02  1.17083940e-02  1.14716009e-02  6.48398797e+05 
 4.15719805e+15  1.03412646e+35  5.46110000e+00  9.67990171e-02  3.55460000e+00  9.64837592e-02  9.02821413e-02  1.15370937e-02  1.16769695e-02  6.33788616e+05 
 4.16792810e+15  1.04150016e+35  5.44110000e+00  9.72471844e-02  3.55260000e+00  9.69341956e-02  9.10525866e-02  1.13689482e-02  1.18978053e-02  6.19560318e+05 
 4.17865815e+15  1.04890637e+35  5.42310000e+00  9.76961788e-02  3.55060000e+00  9.73853540e-02  9.17649343e-02  1.12065444e-02  1.21016192e-02  6.05706230e+05 
 4.18938820e+15  1.05634512e+35  5.40410000e+00  9.81460274e-02  3.54960000e+00  9.78389364e-02  9.25198032e-02  1.09937462e-02  1.23213669e-02  5.92216527e+05 
 4.20011825e+15  1.06381648e+35  5.38610000e+00  9.85964913e-02  3.54760000e+00  9.82914261e-02  9.32485823e-02  1.08406558e-02  1.25343305e-02  5.79074290e+05 
 4.21084830e+15  1.07132050e+35  5.36810000e+00  9.90478600e-02  3.54560000e+00  9.87446720e-02  9.39860129e-02  1.06947918e-02  1.27521214e-02  5.66276220e+05 
 4.22157835e+15  1.07885721e+35  5.35010000e+00  9.94998651e-02  3.54360000e+00  9.91985287e-02  9.47314947e-02  1.05516120e-02  1.29745415e-02  5.53805721e+05 
 4.23230840e+15  1.08642667e+35  5.33310000e+00  9.99525663e-02  3.54260000e+00  9.96547035e-02  9.54494978e-02  1.03570308e-02  1.31894066e-02  5.41654711e+05 
 4.24303845e+15  1.09402893e+35  5.31510000e+00  1.00406192e-01  3.54060000e+00  1.00109957e-01  9.62119724e-02  1.02255294e-02  1.34216018e-02  5.29818900e+05 
 4.25376850e+15  1.10166404e+35  5.29910000e+00  1.00860350e-01  3.53960000e+00  1.00567441e-01  9.69093599e-02  1.00403521e-02  1.36328926e-02  5.18280190e+05 
 4.26449855e+15  1.10933203e+35  5.28210000e+00  1.01315232e-01  3.53760000e+00  1.01023890e-01  9.76508971e-02  9.91436752e-03  1.38614903e-02  5.07034693e+05 
 4.27522859e+15  1.11703298e+35  5.26610000e+00  1.01771024e-01  3.53560000e+00  1.01481092e-01  9.83636039e-02  9.79519292e-03  1.40817273e-02  4.96076995e+05 
 4.28595864e+15  1.12476691e+35  5.24910000e+00  1.02227358e-01  3.53460000e+00  1.01940524e-01  9.91209371e-02  9.62382696e-03  1.43197510e-02  4.85391759e+05 
 4.29668869e+15  1.13253387e+35  5.23310000e+00  1.02684404e-01  3.53260000e+00  1.02398920e-01  9.98483238e-02  9.50983931e-03  1.45488657e-02  4.74974446e+05 
 4.30741874e+15  1.14033392e+35  5.21810000e+00  1.03142301e-01  3.53160000e+00  1.02859701e-01  1.00545057e-01  9.34926697e-03  1.47685699e-02  4.64819916e+05 
 4.31814879e+15  1.14816711e+35  5.20210000e+00  1.03600782e-01  3.52960000e+00  1.03319375e-01  1.01287228e-01  9.24350008e-03  1.50066842e-02  4.54916242e+05 
 4.32887884e+15  1.15603347e+35  5.18710000e+00  1.04059900e-01  3.52860000e+00  1.03781313e-01  1.01997573e-01  9.08856825e-03  1.52347868e-02  4.45257079e+05 
 4.33960889e+15  1.16393306e+35  5.17210000e+00  1.04519716e-01  3.52760000e+00  1.04243862e-01  1.02714917e-01  8.93832829e-03  1.54672229e-02  4.35837091e+05 
 4.35033894e+15  1.17186593e+35  5.15710000e+00  1.04980274e-01  3.52560000e+00  1.04705387e-01  1.03439459e-01  8.84417704e-03  1.57041372e-02  4.26649966e+05 
 4.36106899e+15  1.17983211e+35  5.14310000e+00  1.05441342e-01  3.52460000e+00  1.05169097e-01  1.04130133e-01  8.69999872e-03  1.59298144e-02  4.17685421e+05 
 4.37179904e+15  1.18783166e+35  5.12910000e+00  1.05903130e-01  3.52260000e+00  1.05631785e-01  1.04827298e-01  8.61037345e-03  1.61595565e-02  4.08940076e+05 
 4.38252909e+15  1.19586463e+35  5.11410000e+00  1.06365664e-01  3.52160000e+00  1.06096787e-01  1.05572402e-01  8.47494373e-03  1.64095308e-02  4.00408561e+05 
 4.39325914e+15  1.20393105e+35  5.10110000e+00  1.06828912e-01  3.52060000e+00  1.06562410e-01  1.06241595e-01  8.34389206e-03  1.66316780e-02  3.92084446e+05 
 4.40398919e+15  1.21203098e+35  5.08710000e+00  1.07292603e-01  3.51960000e+00  1.07028489e-01  1.06958108e-01  8.21405231e-03  1.68738535e-02  3.83959229e+05 
 4.41471924e+15  1.22016446e+35  5.07310000e+00  1.07756902e-01  3.51760000e+00  1.07493468e-01  1.07681150e-01  8.13623670e-03  1.71203058e-02  3.76029163e+05 
 4.42544929e+15  1.22833155e+35  5.06010000e+00  1.08221907e-01  3.51660000e+00  1.07960737e-01  1.08368173e-01  8.01282707e-03  1.73540666e-02  3.68289403e+05 
 4.43617933e+15  1.23653227e+35  5.04710000e+00  1.08687673e-01  3.51560000e+00  1.08428658e-01  1.09061487e-01  7.89425399e-03  1.75919004e-02  3.60735794e+05 
 4.44690938e+15  1.24476669e+35  5.03410000e+00  1.09153990e-01  3.51460000e+00  1.08897087e-01  1.09760644e-01  7.77841298e-03  1.78336336e-02  3.53361585e+05 
 4.45763943e+15  1.25303484e+35  5.02110000e+00  1.09620782e-01  3.51260000e+00  1.09364336e-01  1.10465481e-01  7.71156967e-03  1.80792177e-02  3.46160798e+05 
 4.46836948e+15  1.26133677e+35  5.00810000e+00  1.10088262e-01  3.51160000e+00  1.09833858e-01  1.11176595e-01  7.60016968e-03  1.83289884e-02  3.39130424e+05 
 4.47909953e+15  1.26967253e+35  4.99610000e+00  1.10556362e-01  3.51060000e+00  1.10303943e-01  1.11849103e-01  7.49166165e-03  1.85643592e-02  3.32265504e+05 
 4.48982958e+15  1.27804216e+35  4.98410000e+00  1.11024963e-01  3.50960000e+00  1.10774498e-01  1.12526817e-01  7.38532184e-03  1.88032845e-02  3.25561204e+05 
 4.50055963e+15  1.28644570e+35  4.97110000e+00  1.11494260e-01  3.50860000e+00  1.11245657e-01  1.13255841e-01  7.28309286e-03  1.90652397e-02  3.19014627e+05 
 4.51128968e+15  1.29488321e+35  4.96010000e+00  1.11964247e-01  3.50760000e+00  1.11717431e-01  1.13899487e-01  7.18397911e-03  1.92927478e-02  3.12620754e+05 
 4.52201973e+15  1.30335472e+35  4.94810000e+00  1.12434648e-01  3.50660000e+00  1.12189615e-01  1.14593860e-01  7.08619998e-03  1.95430679e-02  3.06374513e+05 
 4.53274978e+15  1.31186028e+35  4.93610000e+00  1.12905595e-01  3.50460000e+00  1.12660668e-01  1.15293749e-01  7.03597102e-03  1.97972370e-02  3.00272377e+05 
 4.54347983e+15  1.32039994e+35  4.92510000e+00  1.13377214e-01  3.50360000e+00  1.13133968e-01  1.15952412e-01  6.94294252e-03  2.00351278e-02  2.94311246e+05 
 4.55420988e+15  1.32897373e+35  4.91310000e+00  1.13849263e-01  3.50260000e+00  1.13607681e-01  1.16663182e-01  6.85159491e-03  2.02969385e-02  2.88486714e+05 
 4.56493993e+15  1.33758171e+35  4.90210000e+00  1.14321948e-01  3.50160000e+00  1.14081966e-01  1.17331975e-01  6.76297433e-03  2.05419545e-02  2.82795758e+05 
 4.57566998e+15  1.34622392e+35  4.89110000e+00  1.14795188e-01  3.50060000e+00  1.14556760e-01  1.18005773e-01  6.67665588e-03  2.07905013e-02  2.77234730e+05 
 4.58640003e+15  1.35490040e+35  4.88010000e+00  1.15268893e-01  3.49960000e+00  1.15031990e-01  1.18684421e-01  6.59209167e-03  2.10425348e-02  2.71799990e+05 
 4.59713007e+15  1.36361119e+35  4.86910000e+00  1.15743341e-01  3.49860000e+00  1.15507867e-01  1.19368627e-01  6.51122625e-03  2.12984509e-02  2.66489310e+05 
 4.60786012e+15  1.37235634e+35  4.85910000e+00  1.16218162e-01  3.49760000e+00  1.15984112e-01  1.20008136e-01  6.43122075e-03  2.15356761e-02  2.61297986e+05 
 4.61859017e+15  1.38113589e+35  4.84810000e+00  1.16693611e-01  3.49660000e+00  1.16460921e-01  1.20702050e-01  6.35400596e-03  2.17986187e-02  2.56223998e+05 
 4.62932022e+15  1.38994989e+35  4.83810000e+00  1.17169521e-01  3.49660000e+00  1.16939805e-01  1.21350807e-01  6.23511965e-03  2.20424752e-02  2.51263649e+05 
 4.64005027e+15  1.39879838e+35  4.82810000e+00  1.17645954e-01  3.49560000e+00  1.17417527e-01  1.22004016e-01  6.16162130e-03  2.22895476e-02  2.46414320e+05 
 4.65078032e+15  1.40768139e+35  4.81810000e+00  1.18122938e-01  3.49460000e+00  1.17895757e-01  1.22661790e-01  6.09013825e-03  2.25399234e-02  2.41673289e+05 
 4.66151037e+15  1.41659898e+35  4.80810000e+00  1.18600357e-01  3.49360000e+00  1.18374401e-01  1.23323891e-01  6.01993403e-03  2.27935027e-02  2.37037430e+05 
 4.67224042e+15  1.42555119e+35  4.79810000e+00  1.19078374e-01  3.49260000e+00  1.18853578e-01  1.23990760e-01  5.95231636e-03  2.30505501e-02  2.32504663e+05 
 4.68297047e+15  1.43453806e+35  4.78810000e+00  1.19556775e-01  3.49160000e+00  1.19333132e-01  1.24661926e-01  5.88558835e-03  2.33108406e-02  2.28071705e+05 
 4.69370052e+15  1.44355963e+35  4.77810000e+00  1.20035784e-01  3.49060000e+00  1.19813233e-01  1.25337963e-01  5.82120157e-03  2.35747113e-02  2.23736720e+05 
 4.70443057e+15  1.45261594e+35  4.76910000e+00  1.20515174e-01  3.48960000e+00  1.20293698e-01  1.25965524e-01  5.75780383e-03  2.38169356e-02  2.19496572e+05 
 4.71516062e+15  1.46170705e+35  4.76010000e+00  1.20995139e-01  3.48960000e+00  1.20776316e-01  1.26597205e-01  5.65544963e-03  2.40621661e-02  2.15349500e+05 
 4.72589067e+15  1.47083298e+35  4.75010000e+00  1.21475510e-01  3.48860000e+00  1.21257692e-01  1.27286239e-01  5.59559878e-03  2.43358368e-02  2.11292834e+05 
 4.73662072e+15  1.47999378e+35  4.74110000e+00  1.21956391e-01  3.48760000e+00  1.21739531e-01  1.27926086e-01  5.53744926e-03  2.45872169e-02  2.07324446e+05 
 4.74735077e+15  1.48918949e+35  4.73210000e+00  1.22437752e-01  3.48660000e+00  1.22221816e-01  1.28569944e-01  5.48081703e-03  2.48416127e-02  2.03442181e+05 
 4.75808081e+15  1.49842015e+35  4.72310000e+00  1.22919499e-01  3.48560000e+00  1.22704469e-01  1.29217623e-01  5.42521550e-03  2.50989436e-02  1.99643706e+05 
 4.76881086e+15  1.50768582e+35  4.71410000e+00  1.23401797e-01  3.48560000e+00  1.23189251e-01  1.29869552e-01  5.33164457e-03  2.53594677e-02  1.95927339e+05 
 4.77954091e+15  1.51698652e+35  4.70610000e+00  1.23884432e-01  3.48460000e+00  1.23672733e-01  1.30469775e-01  5.27875296e-03  2.55957258e-02  1.92290542e+05 
 4.79027096e+15  1.52632229e+35  4.69710000e+00  1.24367630e-01  3.48360000e+00  1.24156721e-01  1.31129452e-01  5.22806214e-03  2.58621718e-02  1.88732030e+05 
 4.80100101e+15  1.53569319e+35  4.68910000e+00  1.24851220e-01  3.48260000e+00  1.24641079e-01  1.31736881e-01  5.17826815e-03  2.61314212e-02  1.85444918e+05 
 4.81173106e+15  1.54509924e+35  4.68010000e+00  1.25335261e-01  3.48260000e+00  1.25127479e-01  1.32404315e-01  5.09101728e-03  2.63763266e-02  1.81841083e+05 
 4.82246111e+15  1.55454050e+35  4.67210000e+00  1.25819801e-01  3.48160000e+00  1.25612697e-01  1.33019091e-01  5.04471874e-03  2.66236216e-02  1.78505330e+05 
 4.83319116e+15  1.56401700e+35  4.66410000e+00  1.26304684e-01  3.48060000e+00  1.26098248e-01  1.33637081e-01  4.99913259e-03  2.68734262e-02  1.75240066e+05 
 4.84392121e+15  1.57352878e+35  4.65610000e+00  1.26790093e-01  3.48060000e+00  1.26585897e-01  1.34258754e-01  4.91694738e-03  2.71549230e-02  1.72227243e+05 
 4.85465126e+15  1.58307588e+35  4.64810000e+00  1.27275912e-01  3.47960000e+00  1.27072303e-01  1.34883862e-01  4.87449209e-03  2.74105305e-02  1.69095497e+05 
 4.86538131e+15  1.59265835e+35  4.64010000e+00  1.27762065e-01  3.47860000e+00  1.27559030e-01  1.35512257e-01  4.83273993e-03  2.76391684e-02  1.65851897e+05 
 4.87611136e+15  1.60227622e+35  4.63210000e+00  1.28248655e-01  3.47860000e+00  1.28047801e-01  1.36144184e-01  4.75407054e-03  2.78997929e-02  1.62852677e+05 
 4.88684141e+15  1.61192953e+35  4.62410000e+00  1.28735631e-01  3.47760000e+00  1.28535313e-01  1.36779582e-01  4.71429404e-03  2.81631601e-02  1.59916037e+05 
 4.89757146e+15  1.62161839e+35  4.61610000e+00  1.29222936e-01  3.47660000e+00  1.29023142e-01  1.37418335e-01  4.67517071e-03  2.84292210e-02  1.57040389e+05 
 4.90830150e+15  1.63134281e+35  4.60910000e+00  1.29710776e-01  3.47660000e+00  1.29513060e-01  1.38001070e-01  4.60081882e-03  2.86671921e-02  1.54224691e+05 
 4.91903155e+15  1.64110279e+35  4.60110000e+00  1.30199027e-01  3.47560000e+00  1.30001727e-01  1.38646980e-01  4.56525521e-03  2.89388462e-02  1.51467434e+05 
 4.92976160e+15  1.65089837e+35  4.59410000e+00  1.30687653e-01  3.47560000e+00  1.30492362e-01  1.39235805e-01  4.49383282e-03  2.91815844e-02  1.48767024e+05 
 4.94049165e+15  1.66072960e+35  4.58710000e+00  1.31176628e-01  3.47460000e+00  1.30981712e-01  1.39827423e-01  4.46000026e-03  2.94584861e-02  1.46280867e+05 
 4.95122170e+15  1.67059652e+35  4.57910000e+00  1.31665944e-01  3.47360000e+00  1.31471405e-01  1.40483163e-01  4.42656464e-03  2.97060626e-02  1.43531367e+05 
 4.96195175e+15  1.68049915e+35  4.57210000e+00  1.32155622e-01  3.47360000e+00  1.31963059e-01  1.41080773e-01  4.35758876e-03  2.99557705e-02  1.40993557e+05 
 4.97268180e+15  1.69043755e+35  4.56510000e+00  1.32645698e-01  3.47260000e+00  1.32453449e-01  1.41681393e-01  4.32634751e-03  3.02078520e-02  1.38507678e+05 
 4.98341185e+15  1.70041174e+35  4.55810000e+00  1.33136186e-01  3.47260000e+00  1.32945818e-01  1.42285080e-01  4.26076112e-03  3.04623564e-02  1.36072563e+05 
 4.99414190e+15  1.71042178e+35  4.55110000e+00  1.33627075e-01  3.47160000e+00  1.33436934e-01  1.42891814e-01  4.23226966e-03  3.07192788e-02  1.33686940e+05 
 5.00487195e+15  1.72046769e+35  4.54510000e+00  1.34118232e-01  3.47160000e+00  1.33929956e-01  1.43438107e-01  4.16799546e-03  3.09783628e-02  1.31493705e+05 
 5.01560200e+15  1.73054951e+35  4.53810000e+00  1.34609694e-01  3.47060000e+00  1.34421659e-01  1.44050046e-01  4.13990106e-03  3.12398366e-02  1.29200966e+05 
 5.02633205e+15  1.74066729e+35  4.53110000e+00  1.35101538e-01  3.47060000e+00  1.34915317e-01  1.44665081e-01  4.07801436e-03  3.14690677e-02  1.26814532e+05 
 5.03706210e+15  1.75082106e+35  4.52410000e+00  1.35593833e-01  3.46960000e+00  1.35407744e-01  1.45283405e-01  4.05311477e-03  3.17353022e-02  1.24615571e+05 
 5.04779215e+15  1.76101086e+35  4.51810000e+00  1.36086443e-01  3.46960000e+00  1.35902086e-01  1.45840084e-01  3.99392721e-03  3.19685458e-02  1.22460531e+05 
 5.05852220e+15  1.77123672e+35  4.51110000e+00  1.36579271e-01  3.46860000e+00  1.36395072e-01  1.46463697e-01  3.96904449e-03  3.22391151e-02  1.20348260e+05 
 5.06925224e+15  1.78149869e+35  4.50510000e+00  1.37072453e-01  3.46860000e+00  1.36889985e-01  1.47025117e-01  3.91083878e-03  3.24761621e-02  1.18278098e+05 
 5.07998229e+15  1.79179680e+35  4.49910000e+00  1.37566070e-01  3.46760000e+00  1.37383642e-01  1.47589186e-01  3.88906608e-03  3.27517208e-02  1.16378857e+05 
 5.09071234e+15  1.80213109e+35  4.49210000e+00  1.38059969e-01  3.46760000e+00  1.37879196e-01  1.48221497e-01  3.83363099e-03  3.29928860e-02  1.14260707e+05 
 5.10144239e+15  1.81250160e+35  4.48610000e+00  1.38554093e-01  3.46660000e+00  1.38373388e-01  1.48790256e-01  3.81181679e-03  3.32358103e-02  1.12311078e+05 
 5.11217244e+15  1.82290836e+35  4.48010000e+00  1.39048585e-01  3.46660000e+00  1.38869512e-01  1.49361541e-01  3.75757682e-03  3.34807365e-02  1.10399994e+05 
 5.12290249e+15  1.83335142e+35  4.47410000e+00  1.39543478e-01  3.46560000e+00  1.39364360e-01  1.49935469e-01  3.73878136e-03  3.37656129e-02  1.08648500e+05 
 5.13363254e+15  1.84383080e+35  4.46810000e+00  1.40038589e-01  3.46560000e+00  1.39861061e-01  1.50511555e-01  3.68634322e-03  3.40147450e-02  1.06809869e+05 
 5.14436259e+15  1.85434655e+35  4.46210000e+00  1.40533927e-01  3.46560000e+00  1.40358000e-01  1.51089836e-01  3.63410439e-03  3.42656782e-02  1.05007009e+05 
 5.15509264e+15  1.86489869e+35  4.45610000e+00  1.41029700e-01  3.46460000e+00  1.40853679e-01  1.51670918e-01  3.61718337e-03  3.44799309e-02  1.03123229e+05 
 5.16582269e+15  1.87548728e+35  4.45010000e+00  1.41525760e-01  3.46460000e+00  1.41351238e-01  1.52254415e-01  3.56798033e-03  3.47347065e-02  1.01391929e+05 
 5.17655274e+15  1.88611233e+35  4.44410000e+00  1.42021962e-01  3.46360000e+00  1.41847377e-01  1.52839941e-01  3.55083782e-03  3.49911880e-02  9.96939112e+04 
 5.18728279e+15  1.89677390e+35  4.43910000e+00  1.42518550e-01  3.46360000e+00  1.42345447e-01  1.53359053e-01  3.50257510e-03  3.52501066e-02  9.81400965e+04 
 5.19801284e+15  1.90747202e+35  4.43310000e+00  1.43015502e-01  3.46360000e+00  1.42843820e-01  1.53949635e-01  3.45618409e-03  3.54706861e-02  9.63962265e+04 
 5.20874289e+15  1.91820674e+35  4.42710000e+00  1.43512559e-01  3.46260000e+00  1.43340760e-01  1.54542198e-01  3.44092205e-03  3.57328931e-02  9.47946184e+04 
 5.21947294e+15  1.92897824e+35  4.42210000e+00  1.44009986e-01  3.46260000e+00  1.43839615e-01  1.55067315e-01  3.39493714e-03  3.59976235e-02  9.33301493e+04 
 5.23020298e+15  1.93978640e+35  4.41610000e+00  1.44507761e-01  3.46160000e+00  1.44337148e-01  1.55664958e-01  3.38274346e-03  3.62229368e-02  9.16833907e+04 
 5.24093303e+15  1.95063124e+35  4.41110000e+00  1.45005613e-01  3.46160000e+00  1.44836443e-01  1.56193708e-01  3.33707378e-03  3.64912821e-02  9.02750946e+04 
 5.25166308e+15  1.96151282e+35  4.40610000e+00  1.45503850e-01  3.46160000e+00  1.45336042e-01  1.56724622e-01  3.29353579e-03  3.67199332e-02  8.87911313e+04 
 5.26239313e+15  1.97243116e+35  4.40010000e+00  1.46002367e-01  3.46060000e+00  1.45834287e-01  1.57328938e-01  3.28255275e-03  3.69496979e-02  8.72353515e+04 
 5.27312318e+15  1.98338629e+35  4.39510000e+00  1.46500984e-01  3.46060000e+00  1.46334297e-01  1.57863471e-01  3.23899764e-03  3.72236918e-02  8.59070712e+04 
 5.28385323e+15  1.99437826e+35  4.39010000e+00  1.47000028e-01  3.46060000e+00  1.46834624e-01  1.58400332e-01  3.19806275e-03  3.74570907e-02  8.45059712e+04 
 5.29458328e+15  2.00540710e+35  4.38510000e+00  1.47499229e-01  3.45960000e+00  1.47333529e-01  1.58938792e-01  3.18795990e-03  3.76917784e-02  8.31311461e+04 
 5.30531333e+15  2.01647284e+35  4.37910000e+00  1.47998619e-01  3.45960000e+00  1.47834244e-01  1.59551832e-01  3.14694233e-03  3.79273853e-02  8.16878155e+04 
 5.31604338e+15  2.02757552e+35  4.37410000e+00  1.48498414e-01  3.45960000e+00  1.48335259e-01  1.60094650e-01  3.10821025e-03  3.81652420e-02  8.03657252e+04 
 5.32677343e+15  2.03871517e+35  4.36910000e+00  1.48998226e-01  3.45860000e+00  1.48834777e-01  1.60638733e-01  3.09860719e-03  3.84041563e-02  7.90680521e+04 
 5.33750348e+15  2.04989182e+35  4.36410000e+00  1.49498419e-01  3.45860000e+00  1.49336188e-01  1.61185104e-01  3.06049029e-03  3.86448751e-02  7.77948346e+04 
 5.34823353e+15  2.06110552e+35  4.36010000e+00  1.49998769e-01  3.45860000e+00  1.49837770e-01  1.61658963e-01  3.02223504e-03  3.88875106e-02  7.66341421e+04 
 5.35896358e+15  2.07235629e+35  4.35510000e+00  1.50499287e-01  3.45760000e+00  1.50337929e-01  1.62208423e-01  3.01441136e-03  3.91310387e-02  7.54063997e+04 
 5.36969363e+15  2.08364417e+35  4.35010000e+00  1.51000180e-01  3.45760000e+00  1.50839977e-01  1.62760201e-01  2.97839640e-03  3.93764075e-02  7.42016128e+04 
 5.38042368e+15  2.09496919e+35  4.34510000e+00  1.51501091e-01  3.45760000e+00  1.51342129e-01  1.63313325e-01  2.94097381e-03  3.96229087e-02  7.30188200e+04 
 5.39115372e+15  2.10633138e+35  4.34010000e+00  1.52002428e-01  3.45760000e+00  1.51844576e-01  1.63868949e-01  2.90645881e-03  3.98248407e-02  7.17742196e+04 
 5.40188377e+15  2.11773079e+35  4.33610000e+00  1.52503792e-01  3.45660000e+00  1.52345526e-01  1.64350124e-01  2.90016231e-03  4.00748042e-02  7.07184969e+04 
 5.41261382e+15  2.12916744e+35  4.33110000e+00  1.53005469e-01  3.45660000e+00  1.52848323e-01  1.64909031e-01  2.86591065e-03  4.03259297e-02  6.95999699e+04 
 5.42334387e+15  2.14064139e+35  4.32610000e+00  1.53507290e-01  3.45660000e+00  1.53351278e-01  1.65469704e-01  2.83169184e-03  4.05309209e-02  6.84215008e+04 
 5.43407392e+15  2.15215287e+35  4.32210000e+00  1.54009316e-01  3.45660000e+00  1.53854422e-01  1.65955458e-01  2.79788593e-03  4.07854323e-02  6.74236940e+04 
 5.44480397e+15  2.16370170e+35  4.31710000e+00  1.54511575e-01  3.45560000e+00  1.54356159e-01  1.66519760e-01  2.79439321e-03  4.09926554e-02  6.62872310e+04 
 5.45553402e+15  2.17528790e+35  4.31310000e+00  1.55013932e-01  3.45560000e+00  1.54859628e-01  1.67008257e-01  2.76115816e-03  4.12499523e-02  6.53259599e+04 
 5.46626407e+15  2.18691151e+35  4.30810000e+00  1.55516535e-01  3.45560000e+00  1.55363282e-01  1.67576033e-01  2.72952036e-03  4.14593037e-02  6.42297754e+04 
 5.47699412e+15  2.19857257e+35  4.30410000e+00  1.56019229e-01  3.45560000e+00  1.55867075e-01  1.68067343e-01  2.69706618e-03  4.17194553e-02  6.33035602e+04 
 5.48772417e+15  2.21027111e+35  4.30010000e+00  1.56522271e-01  3.45460000e+00  1.56369514e-01  1.68560421e-01  2.69541707e-03  4.19319711e-02  6.23197547e+04 
 5.49845422e+15  2.22200715e+35  4.29510000e+00  1.57025309e-01  3.45460000e+00  1.56873631e-01  1.69133073e-01  2.66391867e-03  4.21442387e-02  6.12808398e+04 
 5.50918427e+15  2.23378073e+35  4.29110000e+00  1.57528692e-01  3.45460000e+00  1.57377983e-01  1.69629065e-01  2.63456927e-03  4.24089874e-02  6.04047541e+04 
 5.51991432e+15  2.24559189e+35  4.28710000e+00  1.58032053e-01  3.45460000e+00  1.57882399e-01  1.70125850e-01  2.60386443e-03  4.26243557e-02  5.94727965e+04 
 5.53064437e+15  2.25744065e+35  4.28310000e+00  1.58535707e-01  3.45360000e+00  1.58385412e-01  1.70624323e-01  2.60333088e-03  4.28410047e-02  5.85576491e+04 
 5.54137441e+15  2.26932705e+35  4.27810000e+00  1.59039365e-01  3.45360000e+00  1.58890105e-01  1.71203726e-01  2.57353778e-03  4.30573662e-02  5.75900335e+04 
 5.55210446e+15  2.28125112e+35  4.27410000e+00  1.59543371e-01  3.45360000e+00  1.59395043e-01  1.71705232e-01  2.54573905e-03  4.32760431e-02  5.67081519e+04 
 5.56283451e+15  2.29321288e+35  4.27010000e+00  1.60047394e-01  3.45360000e+00  1.59900052e-01  1.72207700e-01  2.51715428e-03  4.34954464e-02  5.58417936e+04 
 5.57356456e+15  2.30521238e+35  4.26610000e+00  1.60551659e-01  3.45360000e+00  1.60405239e-01  1.72711751e-01  2.48995896e-03  4.37160517e-02  5.49908562e+04 
 5.58429461e+15  2.31724964e+35  4.26210000e+00  1.61055950e-01  3.45260000e+00  1.60908886e-01  1.73216831e-01  2.48994207e-03  4.39374446e-02  5.41548662e+04 
