# rhoc (cgs) 	 Pc (cgs) 	 R (km) 	 M (msol) 	 R_core (km) 	 M_core (msol) 	 I/(MR^2) 	 I_crust/(M_crust R_crust^2)/(I/(MR^2)) 	 k_2 	 Lambda 
 2.30000000e+14  3.20635304e+33  1.87501000e+01  2.01810051e-01  7.77760000e+00  1.44498728e-01  9.00286750e-02  5.01027542e-01  1.39293533e-02  9.15805635e+06 
 2.30593682e+14  3.22912882e+33  1.86911000e+01  2.02642192e-01  7.78960000e+00  1.45449346e-01  9.06302270e-02  4.98529080e-01  1.41440378e-02  8.96740369e+06 
 2.31187364e+14  3.25190460e+33  1.86321000e+01  2.03473298e-01  7.80160000e+00  1.46401135e-01  9.12383824e-02  4.96032197e-01  1.43631683e-02  8.78194154e+06 
 2.31781045e+14  3.27468038e+33  1.85751000e+01  2.04303328e-01  7.81260000e+00  1.47320744e-01  9.18334241e-02  4.93754062e-01  1.45789888e-02  8.60150365e+06 
 2.32374727e+14  3.29808359e+33  1.85181000e+01  2.05155094e-01  7.82460000e+00  1.48289956e-01  9.24357874e-02  4.91263745e-01  1.47990079e-02  8.42115359e+06 
 2.32968409e+14  3.32320469e+33  1.84571000e+01  2.06068697e-01  7.83760000e+00  1.49335934e-01  9.30877395e-02  4.88566728e-01  1.50393916e-02  8.23295701e+06 
 2.33562091e+14  3.34832578e+33  1.83971000e+01  2.06981764e-01  7.85060000e+00  1.50383707e-01  9.37370550e-02  4.85871872e-01  1.52808540e-02  8.05012140e+06 
 2.34155773e+14  3.37344688e+33  1.83391000e+01  2.07894238e-01  7.86260000e+00  1.51399475e-01  9.43732156e-02  4.83397944e-01  1.55190451e-02  7.87247349e+06 
 2.34749454e+14  3.39856798e+33  1.82811000e+01  2.08806061e-01  7.87460000e+00  1.52416718e-01  9.50164740e-02  4.80926894e-01  1.57622245e-02  7.69984538e+06 
 2.35343136e+14  3.42368907e+33  1.82241000e+01  2.09717178e-01  7.88760000e+00  1.53469351e-01  9.56564038e-02  4.78239204e-01  1.60061100e-02  7.53207441e+06 
 2.35936818e+14  3.44881017e+33  1.81691000e+01  2.10627535e-01  7.89960000e+00  1.54489519e-01  9.62821662e-02  4.75773395e-01  1.62460961e-02  7.36900326e+06 
 2.36530500e+14  3.47393127e+33  1.81141000e+01  2.11537079e-01  7.91160000e+00  1.55511033e-01  9.69146167e-02  4.73310293e-01  1.64909060e-02  7.21048016e+06 
 2.37124182e+14  3.49905236e+33  1.80601000e+01  2.12445758e-01  7.92360000e+00  1.56533855e-01  9.75430122e-02  4.70849813e-01  1.67360054e-02  7.05635832e+06 
 2.37717863e+14  3.52417346e+33  1.80071000e+01  2.13353522e-01  7.93560000e+00  1.57557947e-01  9.81671062e-02  4.68391889e-01  1.69812469e-02  6.90649595e+06 
 2.38311545e+14  3.54929456e+33  1.79551000e+01  2.14260322e-01  7.94760000e+00  1.58583271e-01  9.87866491e-02  4.65936441e-01  1.72264790e-02  6.76075621e+06 
 2.38905227e+14  3.57441565e+33  1.79041000e+01  2.15166111e-01  7.95960000e+00  1.59609794e-01  9.94013906e-02  4.63483395e-01  1.74715459e-02  6.61900697e+06 
 2.39498909e+14  3.59953675e+33  1.78541000e+01  2.16070843e-01  7.97060000e+00  1.60602804e-01  1.00011078e-01  4.61254339e-01  1.77162885e-02  6.48112068e+06 
 2.40092591e+14  3.62465785e+33  1.78051000e+01  2.16974473e-01  7.98260000e+00  1.61631523e-01  1.00615459e-01  4.58806141e-01  1.79605436e-02  6.34697418e+06 
 2.40686272e+14  3.64977894e+33  1.77561000e+01  2.17876958e-01  7.99360000e+00  1.62626464e-01  1.01225680e-01  4.56582326e-01  1.82092716e-02  6.21644869e+06 
 2.41279954e+14  3.67667155e+33  1.77051000e+01  2.18841997e-01  8.00560000e+00  1.63700529e-01  1.01868722e-01  4.54154761e-01  1.84729972e-02  6.08057033e+06 
 2.41873636e+14  3.70434265e+33  1.76541000e+01  2.19834400e-01  8.01860000e+00  1.64830220e-01  1.02520085e-01  4.51514823e-01  1.87418120e-02  5.94469542e+06 
 2.42467318e+14  3.73201375e+33  1.76031000e+01  2.20826197e-01  8.03060000e+00  1.65926468e-01  1.03178157e-01  4.49100945e-01  1.90158323e-02  5.81268154e+06 
 2.43061000e+14  3.75968485e+33  1.75531000e+01  2.21817330e-01  8.04260000e+00  1.67024202e-01  1.03831168e-01  4.46690582e-01  1.92896697e-02  5.68440405e+06 
 2.43654681e+14  3.78735595e+33  1.75041000e+01  2.22807738e-01  8.05560000e+00  1.68158792e-01  1.04478855e-01  4.44060086e-01  1.95631463e-02  5.55974226e+06 
 2.44248363e+14  3.81502705e+33  1.74561000e+01  2.23797365e-01  8.06760000e+00  1.69259463e-01  1.05120948e-01  4.41656319e-01  1.98360789e-02  5.43857937e+06 
 2.44842045e+14  3.84269815e+33  1.74081000e+01  2.24786152e-01  8.07960000e+00  1.70361480e-01  1.05769328e-01  4.39255872e-01  2.01140566e-02  5.32080261e+06 
 2.45435727e+14  3.87036925e+33  1.73621000e+01  2.25774045e-01  8.09160000e+00  1.71464801e-01  1.06399525e-01  4.36858656e-01  2.03854282e-02  5.20630266e+06 
 2.46029409e+14  3.89804035e+33  1.73161000e+01  2.26760991e-01  8.10260000e+00  1.72533547e-01  1.07035674e-01  4.34689142e-01  2.06616464e-02  5.09497437e+06 
 2.46623090e+14  3.92571145e+33  1.72711000e+01  2.27746936e-01  8.11460000e+00  1.73639252e-01  1.07665347e-01  4.32298376e-01  2.09367352e-02  4.98671581e+06 
 2.47216772e+14  3.95338255e+33  1.72271000e+01  2.28731831e-01  8.12660000e+00  1.74746144e-01  1.08288266e-01  4.29910590e-01  2.12104915e-02  4.88142871e+06 
 2.47810454e+14  3.98105365e+33  1.71831000e+01  2.29715626e-01  8.13760000e+00  1.75818039e-01  1.08916831e-01  4.27750873e-01  2.14889607e-02  4.77901818e+06 
 2.48404136e+14  4.00872475e+33  1.71401000e+01  2.30698275e-01  8.14960000e+00  1.76927094e-01  1.09538294e-01  4.25368996e-01  2.17658722e-02  4.67939251e+06 
 2.48997818e+14  4.03639585e+33  1.70981000e+01  2.31679728e-01  8.16060000e+00  1.78000881e-01  1.10152372e-01  4.23215379e-01  2.20410117e-02  4.58246325e+06 
 2.49591499e+14  4.06433244e+33  1.70561000e+01  2.32669347e-01  8.17260000e+00  1.79118436e-01  1.10772512e-01  4.20842237e-01  2.23207748e-02  4.48725199e+06 
 2.50185181e+14  4.09475710e+33  1.70121000e+01  2.33746188e-01  8.18460000e+00  1.80297981e-01  1.11431247e-01  4.18502448e-01  2.26191674e-02  4.38643752e+06 
 2.50778863e+14  4.12518176e+33  1.69681000e+01  2.34822389e-01  8.19660000e+00  1.81479073e-01  1.12096121e-01  4.16166653e-01  2.29228103e-02  4.28849396e+06 
 2.51372545e+14  4.15560642e+33  1.69241000e+01  2.35897886e-01  8.20860000e+00  1.82661654e-01  1.12767185e-01  4.13834798e-01  2.32318010e-02  4.19332891e+06 
 2.51966226e+14  4.18603108e+33  1.68821000e+01  2.36972616e-01  8.22060000e+00  1.83845669e-01  1.13417607e-01  4.11506814e-01  2.35322927e-02  4.10085252e+06 
 2.52559908e+14  4.21645574e+33  1.68401000e+01  2.38046517e-01  8.23260000e+00  1.85031068e-01  1.14073859e-01  4.09182640e-01  2.38378858e-02  4.01097810e+06 
 2.53153590e+14  4.24688040e+33  1.67991000e+01  2.39119528e-01  8.24460000e+00  1.86217804e-01  1.14722317e-01  4.06862180e-01  2.41414798e-02  3.92362159e+06 
 2.53747272e+14  4.27730505e+33  1.67591000e+01  2.40191593e-01  8.25660000e+00  1.87405830e-01  1.15362685e-01  4.04545352e-01  2.44428333e-02  3.83870181e+06 
 2.54340954e+14  4.30772971e+33  1.67191000e+01  2.41262653e-01  8.26860000e+00  1.88595103e-01  1.16008543e-01  4.02232074e-01  2.47491025e-02  3.75614041e+06 
 2.54934635e+14  4.33815437e+33  1.66801000e+01  2.42332653e-01  8.27960000e+00  1.89748159e-01  1.16645932e-01  4.00149469e-01  2.50528537e-02  3.67586155e+06 
 2.55528317e+14  4.36857903e+33  1.66421000e+01  2.43401541e-01  8.29160000e+00  1.90939698e-01  1.17274552e-01  3.97843135e-01  2.53538349e-02  3.59779206e+06 
 2.56121999e+14  4.39900369e+33  1.66041000e+01  2.44469263e-01  8.30260000e+00  1.92094730e-01  1.17908306e-01  3.95767541e-01  2.56595178e-02  3.52186134e+06 
 2.56715681e+14  4.42942835e+33  1.65671000e+01  2.45535769e-01  8.31460000e+00  1.93288381e-01  1.18532906e-01  3.93467748e-01  2.59621342e-02  3.44800112e+06 
 2.57309363e+14  4.45985301e+33  1.65301000e+01  2.46601010e-01  8.32560000e+00  1.94445245e-01  1.19162469e-01  3.91398742e-01  2.62693689e-02  3.37614559e+06 
 2.57903044e+14  4.49027767e+33  1.64941000e+01  2.47664938e-01  8.33660000e+00  1.95602922e-01  1.19782489e-01  3.89332912e-01  2.65732300e-02  3.30623108e+06 
 2.58496726e+14  4.52209386e+33  1.64571000e+01  2.48776182e-01  8.34860000e+00  1.96833362e-01  1.20426537e-01  3.87062701e-01  2.68905505e-02  3.23512169e+06 
 2.59090408e+14  4.55547304e+33  1.64191000e+01  2.49941207e-01  8.36060000e+00  1.98103306e-01  1.21095763e-01  3.84819245e-01  2.72219444e-02  3.16260498e+06 
 2.59684090e+14  4.58885221e+33  1.63821000e+01  2.51105459e-01  8.37260000e+00  1.99374728e-01  1.21755726e-01  3.82579913e-01  2.75502132e-02  3.09214913e+06 
 2.60277772e+14  4.62223139e+33  1.63451000e+01  2.52268874e-01  8.38460000e+00  2.00647567e-01  1.22421098e-01  3.80344659e-01  2.78836092e-02  3.02368768e+06 
 2.60871453e+14  4.65561056e+33  1.63091000e+01  2.53431387e-01  8.39660000e+00  2.01921769e-01  1.23076813e-01  3.78113393e-01  2.82135602e-02  2.95715611e+06 
 2.61465135e+14  4.68898974e+33  1.62731000e+01  2.54592932e-01  8.40860000e+00  2.03197284e-01  1.23737764e-01  3.75886034e-01  2.85485502e-02  2.89249214e+06 
 2.62058817e+14  4.72236891e+33  1.62381000e+01  2.55753451e-01  8.42060000e+00  2.04474062e-01  1.24388652e-01  3.73662480e-01  2.88797583e-02  2.82963540e+06 
 2.62652499e+14  4.75574809e+33  1.62031000e+01  2.56912882e-01  8.43160000e+00  2.05713248e-01  1.25044595e-01  3.71671138e-01  2.92159050e-02  2.76852773e+06 
 2.63246181e+14  4.78912726e+33  1.61701000e+01  2.58071169e-01  8.44360000e+00  2.06992310e-01  1.25674516e-01  3.69454993e-01  2.95387842e-02  2.70911273e+06 
 2.63839862e+14  4.82250644e+33  1.61361000e+01  2.59228254e-01  8.45460000e+00  2.08233478e-01  1.26324736e-01  3.67470964e-01  2.98755024e-02  2.65133624e+06 
 2.64433544e+14  4.85588561e+33  1.61041000e+01  2.60384082e-01  8.46660000e+00  2.09514653e-01  1.26948297e-01  3.65261803e-01  3.01983502e-02  2.59514562e+06 
 2.65027226e+14  4.88926479e+33  1.60711000e+01  2.61538601e-01  8.47760000e+00  2.10757645e-01  1.27592186e-01  3.63284655e-01  3.05351559e-02  2.54049037e+06 
 2.65620908e+14  4.92264396e+33  1.60401000e+01  2.62691759e-01  8.48860000e+00  2.12001436e-01  1.28208779e-01  3.61310796e-01  3.08574771e-02  2.48732140e+06 
 2.66214590e+14  4.95602314e+33  1.60091000e+01  2.63843506e-01  8.50060000e+00  2.13285436e-01  1.28829625e-01  3.59111366e-01  3.11841242e-02  2.43559161e+06 
 2.66808271e+14  4.98940231e+33  1.59781000e+01  2.64993794e-01  8.51160000e+00  2.14530828e-01  1.29454735e-01  3.57143756e-01  3.15151482e-02  2.38525543e+06 
 2.67401953e+14  5.02535498e+33  1.59451000e+01  2.66231414e-01  8.52360000e+00  2.15879270e-01  1.30126494e-01  3.54993193e-01  3.18727615e-02  2.33253310e+06 
 2.67995635e+14  5.06188533e+33  1.59131000e+01  2.67488042e-01  8.53560000e+00  2.17243183e-01  1.30789026e-01  3.52856220e-01  3.22258896e-02  2.28047540e+06 
 2.68589317e+14  5.09841568e+33  1.58811000e+01  2.68743733e-01  8.54660000e+00  2.18568605e-01  1.31456406e-01  3.50952116e-01  3.25839937e-02  2.22989219e+06 
 2.69182999e+14  5.13494602e+33  1.58501000e+01  2.69998417e-01  8.55860000e+00  2.19935122e-01  1.32111983e-01  3.48823139e-01  3.29367491e-02  2.18073579e+06 
 2.69776680e+14  5.17147637e+33  1.58191000e+01  2.71252031e-01  8.57060000e+00  2.21302912e-01  1.32772213e-01  3.46698036e-01  3.32943459e-02  2.13296011e+06 
 2.70370362e+14  5.20800672e+33  1.57891000e+01  2.72504508e-01  8.58260000e+00  2.22671922e-01  1.33420209e-01  3.44576707e-01  3.36461875e-02  2.08652053e+06 
 2.70964044e+14  5.24453706e+33  1.57591000e+01  2.73755788e-01  8.59360000e+00  2.24001790e-01  1.34072654e-01  3.42687895e-01  3.40027224e-02  2.04137399e+06 
 2.71557726e+14  5.28106741e+33  1.57291000e+01  2.75005810e-01  8.60560000e+00  2.25372989e-01  1.34729561e-01  3.40573831e-01  3.43640063e-02  1.99747887e+06 
 2.72151408e+14  5.31759776e+33  1.57011000e+01  2.76254514e-01  8.61660000e+00  2.26704739e-01  1.35356444e-01  3.38692023e-01  3.47079792e-02  1.95479486e+06 
 2.72745089e+14  5.35412810e+33  1.56721000e+01  2.77501846e-01  8.62860000e+00  2.28077946e-01  1.36004708e-01  3.36584805e-01  3.50674603e-02  1.91328330e+06 
 2.73338771e+14  5.39065845e+33  1.56441000e+01  2.78747749e-01  8.63960000e+00  2.29411408e-01  1.36639755e-01  3.34709590e-01  3.54202534e-02  1.87290660e+06 
 2.73932453e+14  5.42718880e+33  1.56171000e+01  2.79992169e-01  8.65060000e+00  2.30745610e-01  1.37261253e-01  3.32837502e-01  3.57660069e-02  1.83362857e+06 
 2.74526135e+14  5.46371914e+33  1.55901000e+01  2.81235055e-01  8.66160000e+00  2.32080515e-01  1.37886565e-01  3.30968427e-01  3.61159524e-02  1.79541435e+06 
 2.75119817e+14  5.50024949e+33  1.55631000e+01  2.82476356e-01  8.67260000e+00  2.33416089e-01  1.38515692e-01  3.29102251e-01  3.64701311e-02  1.75823021e+06 
 2.75713498e+14  5.54524752e+33  1.55311000e+01  2.84003562e-01  8.68660000e+00  2.35080953e-01  1.39273381e-01  3.26704650e-01  3.68973521e-02  1.71378258e+06 
 2.76307180e+14  5.64608255e+33  1.54611000e+01  2.87446228e-01  8.71660000e+00  2.38778628e-01  1.40964789e-01  3.21680939e-01  3.78580617e-02  1.61862273e+06 
 2.76900862e+14  5.72631330e+33  1.54071000e+01  2.90209199e-01  8.74060000e+00  2.41750782e-01  1.42304674e-01  3.17695178e-01  3.86257768e-02  1.54701397e+06 
 2.77494544e+14  5.78342111e+33  1.53691000e+01  2.92182435e-01  8.75760000e+00  2.43871613e-01  1.43262976e-01  3.14896330e-01  3.91795389e-02  1.49830202e+06 
 2.78088226e+14  5.84052893e+33  1.53321000e+01  2.94159045e-01  8.77360000e+00  2.45956238e-01  1.44212640e-01  3.12339956e-01  3.97309542e-02  1.45142484e+06 
 2.78681907e+14  5.89763674e+33  1.52961000e+01  2.96138771e-01  8.79060000e+00  2.48088365e-01  1.45153179e-01  3.09569406e-01  4.02795513e-02  1.40630729e+06 
 2.79275589e+14  5.95474455e+33  1.52611000e+01  2.98121354e-01  8.80760000e+00  2.50225940e-01  1.46084114e-01  3.06812603e-01  4.08248568e-02  1.36287747e+06 
 2.79869271e+14  6.01185237e+33  1.52271000e+01  3.00106548e-01  8.82360000e+00  2.52326279e-01  1.47004966e-01  3.04296953e-01  4.13663912e-02  1.32106644e+06 
 2.80462953e+14  6.07043875e+33  1.51921000e+01  3.02145722e-01  8.84060000e+00  2.54511038e-01  1.47961270e-01  3.01596333e-01  4.19335159e-02  1.27978336e+06 
 2.81056635e+14  6.13008219e+33  1.51581000e+01  3.04224649e-01  8.85760000e+00  2.56727701e-01  1.48912569e-01  2.98930943e-01  4.24985579e-02  1.23935128e+06 
 2.81650316e+14  6.18972563e+33  1.51251000e+01  3.06306354e-01  8.87460000e+00  2.58949774e-01  1.49853411e-01  2.96279553e-01  4.30594600e-02  1.20046141e+06 
 2.82243998e+14  6.24936908e+33  1.50921000e+01  3.08390577e-01  8.89160000e+00  2.61177064e-01  1.50803288e-01  2.93641855e-01  4.36301648e-02  1.16304925e+06 
 2.82837680e+14  6.30901252e+33  1.50601000e+01  3.10477068e-01  8.90860000e+00  2.63409389e-01  1.51742049e-01  2.91017506e-01  4.41961317e-02  1.12705284e+06 
 2.83431362e+14  6.36865596e+33  1.50291000e+01  3.12565581e-01  8.92460000e+00  2.65603092e-01  1.52669191e-01  2.88632822e-01  4.47568289e-02  1.09241283e+06 
 2.84025044e+14  6.43009430e+33  1.49971000e+01  3.14718988e-01  8.94160000e+00  2.67890137e-01  1.53634379e-01  2.86071903e-01  4.53451518e-02  1.05808595e+06 
 2.84618725e+14  6.49234974e+33  1.49661000e+01  3.16903412e-01  8.95960000e+00  2.70246722e-01  1.54592138e-01  2.83315463e-01  4.59296988e-02  1.02463837e+06 
 2.85212407e+14  6.55460518e+33  1.49361000e+01  3.19090002e-01  8.97660000e+00  2.72564657e-01  1.55537829e-01  2.80798763e-01  4.65084977e-02  9.92477728e+05 
 2.85806089e+14  6.61686063e+33  1.49061000e+01  3.21278503e-01  8.99360000e+00  2.74887411e-01  1.56491931e-01  2.78294994e-01  4.70967808e-02  9.61548990e+05 
 2.86399771e+14  6.67911607e+33  1.48771000e+01  3.23468670e-01  9.01060000e+00  2.77214811e-01  1.57433261e-01  2.75803775e-01  4.76786289e-02  9.31799423e+05 
 2.86993453e+14  6.74137151e+33  1.48491000e+01  3.25660264e-01  9.02660000e+00  2.79502216e-01  1.58361293e-01  2.73550026e-01  4.82534601e-02  9.03178617e+05 
 2.87587134e+14  6.80573306e+33  1.48201000e+01  3.27927490e-01  9.04360000e+00  2.81891848e-01  1.59329967e-01  2.71128850e-01  4.88579521e-02  8.74722279e+05 
 2.88180816e+14  6.87067790e+33  1.47921000e+01  3.30217042e-01  9.06160000e+00  2.84345876e-01  1.60288493e-01  2.68508189e-01  4.94566045e-02  8.47119015e+05 
 2.88774498e+14  6.93562274e+33  1.47651000e+01  3.32508141e-01  9.07860000e+00  2.86759874e-01  1.61233204e-01  2.66124792e-01  5.00476494e-02  8.20583183e+05 
 2.89368180e+14  7.00056758e+33  1.47381000e+01  3.34800540e-01  9.09560000e+00  2.89178320e-01  1.62185575e-01  2.63753231e-01  5.06476583e-02  7.95068412e+05 
 2.89961862e+14  7.06551242e+33  1.47121000e+01  3.37093999e-01  9.11260000e+00  2.91601049e-01  1.63123396e-01  2.61393108e-01  5.12392941e-02  7.70530352e+05 
 2.90555543e+14  7.13045726e+33  1.46871000e+01  3.39388289e-01  9.12960000e+00  2.94027904e-01  1.64046129e-01  2.59044030e-01  5.18219319e-02  7.46926684e+05 
 2.91149225e+14  7.19781195e+33  1.46611000e+01  3.41768642e-01  9.14660000e+00  2.96520409e-01  1.65012053e-01  2.56760166e-01  5.24362210e-02  7.23388304e+05 
 2.91742907e+14  7.26552460e+33  1.46361000e+01  3.44162812e-01  9.16360000e+00  2.99026468e-01  1.65964883e-01  2.54495632e-01  5.30422631e-02  7.00644241e+05 
 2.92336589e+14  7.33323725e+33  1.46111000e+01  3.46557911e-01  9.18160000e+00  3.01582800e-01  1.66924901e-01  2.52019248e-01  5.36569724e-02  6.78781544e+05 
 2.92930270e+14  7.40094990e+33  1.45871000e+01  3.48953697e-01  9.19860000e+00  3.04097386e-01  1.67869044e-01  2.49776449e-01  5.42618091e-02  6.57761472e+05 
 2.93523952e+14  7.46866255e+33  1.45641000e+01  3.51349939e-01  9.21560000e+00  3.06615909e-01  1.68796764e-01  2.47543766e-01  5.48561147e-02  6.37547099e+05 
 2.94117634e+14  7.53637519e+33  1.45411000e+01  3.53746414e-01  9.23260000e+00  3.09138217e-01  1.69730867e-01  2.45320823e-01  5.54582997e-02  6.18103219e+05 
 2.94711316e+14  7.60679147e+33  1.45181000e+01  3.56238941e-01  9.24960000e+00  3.11733648e-01  1.70687449e-01  2.43169611e-01  5.60752229e-02  5.98661526e+05 
 2.95304998e+14  7.67735132e+33  1.44961000e+01  3.58737101e-01  9.26660000e+00  3.14336830e-01  1.71627840e-01  2.41031532e-01  5.66811939e-02  5.79938285e+05 
 2.95898679e+14  7.74791116e+33  1.44741000e+01  3.61235572e-01  9.28460000e+00  3.16990978e-01  1.72574493e-01  2.38682103e-01  5.72949744e-02  5.61940333e+05 
 2.96492361e+14  7.81847101e+33  1.44521000e+01  3.63734119e-01  9.30160000e+00  3.19602001e-01  1.73527354e-01  2.36562889e-01  5.79166013e-02  5.44635611e+05 
 2.97086043e+14  7.88903085e+33  1.44311000e+01  3.66232520e-01  9.31860000e+00  3.22216624e-01  1.74462186e-01  2.34452350e-01  5.85258289e-02  5.27993537e+05 
 2.97679725e+14  7.95964794e+33  1.44111000e+01  3.68732585e-01  9.33560000e+00  3.24836172e-01  1.75378790e-01  2.32351438e-01  5.91221172e-02  5.11972254e+05 
 2.98273407e+14  8.03313533e+33  1.43911000e+01  3.71334068e-01  9.35260000e+00  3.27533007e-01  1.76318524e-01  2.30325459e-01  5.97332094e-02  4.95941219e+05 
 2.98867088e+14  8.10662272e+33  1.43711000e+01  3.73935480e-01  9.37060000e+00  3.30281511e-01  1.77263916e-01  2.28088729e-01  6.03515556e-02  4.80533351e+05 
 2.99460770e+14  8.18011012e+33  1.43511000e+01  3.76536589e-01  9.38760000e+00  3.32985834e-01  1.78214912e-01  2.26079322e-01  6.09771825e-02  4.65720943e+05 
 3.00054452e+14  8.25359751e+33  1.43321000e+01  3.79137169e-01  9.40460000e+00  3.35693575e-01  1.79146448e-01  2.24077459e-01  6.15886187e-02  4.51477570e+05 
 3.00648134e+14  8.32708490e+33  1.43141000e+01  3.81737003e-01  9.42160000e+00  3.38404586e-01  1.80057973e-01  2.22082776e-01  6.21851513e-02  4.37778080e+05 
 3.01241816e+14  8.40081397e+33  1.42951000e+01  3.84344431e-01  9.43860000e+00  3.41124943e-01  1.81001113e-01  2.20100578e-01  6.28106942e-02  4.24556013e+05 
 3.01835497e+14  8.47731019e+33  1.42771000e+01  3.87048946e-01  9.45660000e+00  3.43968560e-01  1.81941397e-01  2.17972559e-01  6.34289388e-02  4.11364097e+05 
 3.02429179e+14  8.55380641e+33  1.42591000e+01  3.89752776e-01  9.47360000e+00  3.46766940e-01  1.82886638e-01  2.16068771e-01  6.40537994e-02  3.98683041e+05 
 3.03022861e+14  8.63030263e+33  1.42421000e+01  3.92455691e-01  9.49060000e+00  3.49568557e-01  1.83810954e-01  2.14171330e-01  6.46625743e-02  3.86490097e+05 
 3.03616543e+14  8.70679885e+33  1.42251000e+01  3.95157475e-01  9.50760000e+00  3.52373261e-01  1.84739775e-01  2.12279926e-01  6.52774829e-02  3.74763608e+05 
 3.04210225e+14  8.78329507e+33  1.42091000e+01  3.97857920e-01  9.52560000e+00  3.55230442e-01  1.85646900e-01  2.10178697e-01  6.58753345e-02  3.63482937e+05 
 3.04803906e+14  8.86019808e+33  1.41931000e+01  4.00571179e-01  9.54260000e+00  3.58051547e-01  1.86560701e-01  2.08308205e-01  6.64800575e-02  3.52571812e+05 
 3.05397588e+14  8.93978532e+33  1.41771000e+01  4.03377791e-01  9.55960000e+00  3.60944691e-01  1.87495941e-01  2.06505443e-01  6.70986682e-02  3.41711328e+05 
 3.05991270e+14  9.01937255e+33  1.41611000e+01  4.06183105e-01  9.57660000e+00  3.63840891e-01  1.88435391e-01  2.04707852e-01  6.77231344e-02  3.31269232e+05 
 3.06584952e+14  9.09895979e+33  1.41461000e+01  4.08986901e-01  9.59460000e+00  3.66790252e-01  1.89352212e-01  2.02701246e-01  6.83292912e-02  3.21226910e+05 
 3.07178634e+14  9.17854702e+33  1.41321000e+01  4.11788970e-01  9.61160000e+00  3.69692301e-01  1.90245864e-01  2.00913424e-01  6.89164048e-02  3.11566644e+05 
 3.07772315e+14  9.25813425e+33  1.41171000e+01  4.14589109e-01  9.62860000e+00  3.72596973e-01  1.91169980e-01  1.99129838e-01  6.95329939e-02  3.02271581e+05 
 3.08365997e+14  9.33827093e+33  1.41031000e+01  4.17406447e-01  9.64560000e+00  3.75518262e-01  1.92074078e-01  1.97362853e-01  7.01317594e-02  2.93265030e+05 
 3.08959679e+14  9.42103225e+33  1.40891000e+01  4.20314129e-01  9.66260000e+00  3.78509695e-01  1.92998757e-01  1.95660254e-01  7.07437479e-02  2.84316954e+05 
 3.09553361e+14  9.50379356e+33  1.40751000e+01  4.23219904e-01  9.68060000e+00  3.81555013e-01  1.93926876e-01  1.93749623e-01  7.13607353e-02  2.75711396e+05 
 3.10147043e+14  9.58655488e+33  1.40621000e+01  4.26123563e-01  9.69760000e+00  3.84551932e-01  1.94830654e-01  1.92054466e-01  7.19571098e-02  2.67433158e+05 
 3.10740724e+14  9.66931619e+33  1.40491000e+01  4.29024904e-01  9.71460000e+00  3.87551284e-01  1.95737427e-01  1.90362414e-01  7.25579586e-02  2.59467783e+05 
 3.11334406e+14  9.75207751e+33  1.40371000e+01  4.31923730e-01  9.73160000e+00  3.90552934e-01  1.96619109e-01  1.88673169e-01  7.31371926e-02  2.51801497e+05 
 3.11928088e+14  9.83550515e+33  1.40251000e+01  4.34843180e-01  9.74860000e+00  3.93573860e-01  1.97507760e-01  1.87001660e-01  7.37225455e-02  2.44362871e+05 
 3.12521770e+14  9.92152446e+33  1.40121000e+01  4.37850811e-01  9.76560000e+00  3.96663651e-01  1.98444520e-01  1.85391592e-01  7.43468996e-02  2.36982671e+05 
 3.13115452e+14  1.00075438e+34  1.40011000e+01  4.40855936e-01  9.78360000e+00  3.99808091e-01  1.99327284e-01  1.83574703e-01  7.49222695e-02  2.29882880e+05 
 3.13709133e+14  1.00935631e+34  1.39891000e+01  4.43858348e-01  9.80060000e+00  4.02902708e-01  2.00240962e-01  1.81969258e-01  7.55282021e-02  2.23051135e+05 
 3.14302815e+14  1.01795824e+34  1.39781000e+01  4.46857857e-01  9.81760000e+00  4.05999428e-01  2.01128383e-01  1.80365555e-01  7.61109093e-02  2.16475631e+05 
 3.14896497e+14  1.02656017e+34  1.39671000e+01  4.49854274e-01  9.83460000e+00  4.09098123e-01  2.02017962e-01  1.78763359e-01  7.66971169e-02  2.10145152e+05 
 3.15490179e+14  1.03523750e+34  1.39571000e+01  4.52873660e-01  9.85160000e+00  4.12217970e-01  2.02885577e-01  1.77179287e-01  7.72616159e-02  2.03996543e+05 
 3.16083861e+14  1.04417370e+34  1.39461000e+01  4.55980029e-01  9.86860000e+00  4.15406118e-01  2.03801521e-01  1.75654195e-01  7.78657255e-02  1.97901678e+05 
 3.16677542e+14  1.05310991e+34  1.39361000e+01  4.59083297e-01  9.88560000e+00  4.18596317e-01  2.04690254e-01  1.74129997e-01  7.84452382e-02  1.92036498e+05 
 3.17271224e+14  1.06204611e+34  1.39261000e+01  4.62183266e-01  9.90360000e+00  4.21841974e-01  2.05580792e-01  1.72400673e-01  7.90278022e-02  1.86390918e+05 
 3.17864906e+14  1.07098232e+34  1.39161000e+01  4.65279748e-01  9.92060000e+00  4.25036049e-01  2.06473072e-01  1.70878090e-01  7.96133783e-02  1.80955334e+05 
 3.18458588e+14  1.07991852e+34  1.39071000e+01  4.68372565e-01  9.93660000e+00  4.28177863e-01  2.07337210e-01  1.69560653e-01  8.01730939e-02  1.75720596e+05 
 3.19052270e+14  1.08893560e+34  1.38981000e+01  4.71489502e-01  9.95360000e+00  4.31395565e-01  2.08208074e-01  1.68055639e-01  8.07380216e-02  1.70633189e+05 
 3.19645951e+14  1.09821463e+34  1.38891000e+01  4.74693309e-01  9.97160000e+00  4.34736071e-01  2.09097806e-01  1.66403827e-01  8.13143246e-02  1.65592404e+05 
 3.20239633e+14  1.10749366e+34  1.38801000e+01  4.77893424e-01  9.98860000e+00  4.38024201e-01  2.09988917e-01  1.64956096e-01  8.18931561e-02  1.60739900e+05 
 3.20833315e+14  1.11677269e+34  1.38721000e+01  4.81089656e-01  1.00056000e+01  4.41313905e-01  2.10850942e-01  1.63507851e-01  8.24447516e-02  1.56067456e+05 
 3.21426997e+14  1.12605172e+34  1.38641000e+01  4.84281827e-01  1.00226000e+01  4.44605052e-01  2.11713937e-01  1.62058926e-01  8.29983477e-02  1.51567253e+05 
 3.22020679e+14  1.13533075e+34  1.38561000e+01  4.87469761e-01  1.00396000e+01  4.47897516e-01  2.12577843e-01  1.60609165e-01  8.35538996e-02  1.47231842e+05 
 3.22614360e+14  1.14469246e+34  1.38481000e+01  4.90681665e-01  1.00556000e+01  4.51156982e-01  2.13448117e-01  1.59377590e-01  8.41141756e-02  1.43017564e+05 
 3.23208042e+14  1.15432294e+34  1.38411000e+01  4.93981515e-01  1.00736000e+01  4.54596497e-01  2.14306235e-01  1.57798860e-01  8.46549380e-02  1.38841795e+05 
 3.23801724e+14  1.16395342e+34  1.38341000e+01  4.97277087e-01  1.00906000e+01  4.57982182e-01  2.15164956e-01  1.56420253e-01  8.51971990e-02  1.34820522e+05 
 3.24395406e+14  1.17358390e+34  1.38271000e+01  5.00568199e-01  1.01076000e+01  4.61369103e-01  2.16024225e-01  1.55040063e-01  8.57409156e-02  1.30947055e+05 
 3.24989088e+14  1.18321438e+34  1.38201000e+01  5.03854680e-01  1.01236000e+01  4.64701177e-01  2.16883987e-01  1.53857819e-01  8.62860443e-02  1.27215018e+05 
 3.25582769e+14  1.19284487e+34  1.38131000e+01  5.07136359e-01  1.01406000e+01  4.68090011e-01  2.17744184e-01  1.52473556e-01  8.68325382e-02  1.23618342e+05 
 3.26176451e+14  1.20255576e+34  1.38071000e+01  5.10440439e-01  1.01576000e+01  4.71500037e-01  2.18578436e-01  1.51103938e-01  8.73514435e-02  1.20122801e+05 
 3.26770133e+14  1.21254640e+34  1.38011000e+01  5.13834847e-01  1.01746000e+01  4.74981781e-01  2.19431389e-01  1.49789945e-01  8.78807542e-02  1.16657564e+05 
 3.27363815e+14  1.22253703e+34  1.37951000e+01  5.17224395e-01  1.01916000e+01  4.78464556e-01  2.20284465e-01  1.48473500e-01  8.84109579e-02  1.13319262e+05 
 3.27957497e+14  1.23252767e+34  1.37891000e+01  5.20608911e-01  1.02086000e+01  4.81948224e-01  2.21137612e-01  1.47154495e-01  8.89420126e-02  1.10102442e+05 
 3.28551178e+14  1.24251830e+34  1.37831000e+01  5.23988228e-01  1.02246000e+01  4.85375585e-01  2.21990781e-01  1.46029632e-01  8.94738761e-02  1.07001907e+05 
 3.29144860e+14  1.25250894e+34  1.37781000e+01  5.27362183e-01  1.02416000e+01  4.88860494e-01  2.22811568e-01  1.44704677e-01  8.99738416e-02  1.04012704e+05 
 3.29738542e+14  1.26257323e+34  1.37731000e+01  5.30755457e-01  1.02586000e+01  4.92364438e-01  2.23636860e-01  1.43391640e-01  9.04766067e-02  1.01109240e+05 
 3.30332224e+14  1.27293279e+34  1.37681000e+01  5.34242842e-01  1.02756000e+01  4.95943245e-01  2.24481266e-01  1.42134603e-01  9.09896161e-02  9.82283190e+04 
 3.30925905e+14  1.28329234e+34  1.37631000e+01  5.37724791e-01  1.02916000e+01  4.99464906e-01  2.25325323e-01  1.41069109e-01  9.15029074e-02  9.54518396e+04 
 3.31519587e+14  1.29365190e+34  1.37581000e+01  5.41201140e-01  1.03086000e+01  5.03044760e-01  2.26168987e-01  1.39804812e-01  9.20164421e-02  9.27753521e+04 
 3.32113269e+14  1.30401145e+34  1.37541000e+01  5.44671727e-01  1.03256000e+01  5.06625038e-01  2.26979195e-01  1.38536999e-01  9.24965426e-02  9.01946143e+04 
 3.32706951e+14  1.31437101e+34  1.37491000e+01  5.48136399e-01  1.03416000e+01  5.10147237e-01  2.27821794e-01  1.37459087e-01  9.30102383e-02  8.77055909e+04 
 3.33300633e+14  1.32479254e+34  1.37451000e+01  5.51615691e-01  1.03586000e+01  5.13743305e-01  2.28634626e-01  1.36195570e-01  9.34920891e-02  8.52903122e+04 
 3.33894314e+14  1.33552985e+34  1.37411000e+01  5.55194377e-01  1.03746000e+01  5.17359745e-01  2.29467255e-01  1.35181736e-01  9.39841226e-02  8.28905603e+04 
 3.34487996e+14  1.34626716e+34  1.37371000e+01  5.58767059e-01  1.03916000e+01  5.21035099e-01  2.30299077e-01  1.33970759e-01  9.44758333e-02  8.05768775e+04 
 3.35081678e+14  1.35700447e+34  1.37341000e+01  5.62333575e-01  1.04086000e+01  5.24710650e-01  2.31096390e-01  1.32755593e-01  9.49326139e-02  7.83456291e+04 
 3.35675360e+14  1.36774178e+34  1.37301000e+01  5.65893772e-01  1.04246000e+01  5.28326947e-01  2.31926341e-01  1.31727290e-01  9.54233791e-02  7.61933559e+04 
 3.36269042e+14  1.37847909e+34  1.37271000e+01  5.69447501e-01  1.04416000e+01  5.32002356e-01  2.32721445e-01  1.30503124e-01  9.58787739e-02  7.41167522e+04 
 3.36862723e+14  1.38926131e+34  1.37241000e+01  5.73009452e-01  1.04576000e+01  5.35629047e-01  2.33518212e-01  1.29473135e-01  9.63347914e-02  7.21044356e+04 
 3.37456405e+14  1.40038528e+34  1.37211000e+01  5.76677672e-01  1.04746000e+01  5.39399891e-01  2.34335745e-01  1.28311650e-01  9.68010364e-02  7.01015066e+04 
 3.38050087e+14  1.41150924e+34  1.37181000e+01  5.80339322e-01  1.04906000e+01  5.43110625e-01  2.35152027e-01  1.27334522e-01  9.72663704e-02  6.81696277e+04 
 3.38643769e+14  1.42263320e+34  1.37151000e+01  5.83994245e-01  1.05076000e+01  5.46881101e-01  2.35967021e-01  1.26162898e-01  9.77307598e-02  6.63058291e+04 
 3.39237451e+14  1.43375716e+34  1.37131000e+01  5.87642297e-01  1.05236000e+01  5.50590847e-01  2.36746153e-01  1.25174609e-01  9.81583718e-02  6.45072759e+04 
 3.39831132e+14  1.44488112e+34  1.37101000e+01  5.91283334e-01  1.05396000e+01  5.54299835e-01  2.37558332e-01  1.24180494e-01  9.86205939e-02  6.27712700e+04 
 3.40424814e+14  1.45602707e+34  1.37081000e+01  5.94924401e-01  1.05556000e+01  5.58013362e-01  2.38335725e-01  1.23184462e-01  9.90463285e-02  6.10919758e+04 
 3.41018496e+14  1.46754664e+34  1.37061000e+01  5.98680293e-01  1.05726000e+01  5.61878977e-01  2.39135159e-01  1.22062442e-01  9.94824566e-02  5.94168397e+04 
 3.41612178e+14  1.47906620e+34  1.37041000e+01  6.02429052e-01  1.05886000e+01  5.65682984e-01  2.39932914e-01  1.21121378e-01  9.99171107e-02  5.78004611e+04 
 3.42205860e+14  1.49058576e+34  1.37021000e+01  6.06170531e-01  1.06056000e+01  5.69547511e-01  2.40728960e-01  1.19988071e-01  1.00350264e-01  5.62404085e+04 
 3.42799541e+14  1.50210533e+34  1.37001000e+01  6.09904587e-01  1.06216000e+01  5.73349821e-01  2.41523262e-01  1.19034752e-01  1.00781888e-01  5.47343615e+04 
 3.43393223e+14  1.51362489e+34  1.36991000e+01  6.13631088e-01  1.06376000e+01  5.77151019e-01  2.42280410e-01  1.18075070e-01  1.01175015e-01  5.32801044e+04 
 3.43986905e+14  1.52514446e+34  1.36981000e+01  6.17349904e-01  1.06536000e+01  5.80951005e-01  2.43035516e-01  1.17109032e-01  1.01566247e-01  5.18755267e+04 
 3.44580587e+14  1.53706136e+34  1.36961000e+01  6.21189166e-01  1.06696000e+01  5.84846672e-01  2.43848948e-01  1.16204778e-01  1.02004941e-01  5.04724996e+04 
 3.45174269e+14  1.54898553e+34  1.36951000e+01  6.25023085e-01  1.06866000e+01  5.88805321e-01  2.44625256e-01  1.15111381e-01  1.02404775e-01  4.91172831e+04 
 3.45767950e+14  1.56090970e+34  1.36941000e+01  6.28849172e-01  1.07026000e+01  5.92700572e-01  2.45399453e-01  1.14195162e-01  1.02802590e-01  4.78087558e+04 
 3.46361632e+14  1.57283388e+34  1.36931000e+01  6.32667293e-01  1.07186000e+01  5.96594460e-01  2.46171509e-01  1.13272133e-01  1.03198361e-01  4.65450137e+04 
 3.46955314e+14  1.58475805e+34  1.36921000e+01  6.36477319e-01  1.07346000e+01  6.00486880e-01  2.46941397e-01  1.12342321e-01  1.03592067e-01  4.53242396e+04 
 3.47548996e+14  1.59668223e+34  1.36911000e+01  6.40279128e-01  1.07496000e+01  6.04314635e-01  2.47709088e-01  1.11587460e-01  1.03983682e-01  4.41446992e+04 
 3.48142678e+14  1.60897667e+34  1.36911000e+01  6.44190588e-01  1.07666000e+01  6.08356469e-01  2.48460925e-01  1.10523216e-01  1.04345978e-01  4.29698592e+04 
 3.48736359e+14  1.62131452e+34  1.36901000e+01  6.48107623e-01  1.07826000e+01  6.12344187e-01  2.49249362e-01  1.09640608e-01  1.04745328e-01  4.18312163e+04 
 3.49330041e+14  1.63365236e+34  1.36901000e+01  6.52016281e-01  1.07986000e+01  6.16330287e-01  2.49999003e-01  1.08750781e-01  1.05104066e-01  4.07313491e+04 
 3.49923723e+14  1.64599020e+34  1.36901000e+01  6.55916432e-01  1.08146000e+01  6.20314662e-01  2.50746127e-01  1.07853775e-01  1.05460293e-01  3.96686939e+04 
 3.50517405e+14  1.65832804e+34  1.36901000e+01  6.59807954e-01  1.08296000e+01  6.24233173e-01  2.51490710e-01  1.07129050e-01  1.05813994e-01  3.86417563e+04 
 3.51111087e+14  1.67066588e+34  1.36901000e+01  6.63690731e-01  1.08456000e+01  6.28213619e-01  2.52232732e-01  1.06217336e-01  1.06165153e-01  3.76491094e+04 
 3.51704768e+14  1.68333960e+34  1.36901000e+01  6.67670242e-01  1.08616000e+01  6.32272458e-01  2.52992312e-01  1.05351338e-01  1.06523232e-01  3.66636513e+04 
 3.52298450e+14  1.69610021e+34  1.36901000e+01  6.71668262e-01  1.08776000e+01  6.36350204e-01  2.53754488e-01  1.04491477e-01  1.06881111e-01  3.57049400e+04 
 3.52892132e+14  1.70886082e+34  1.36901000e+01  6.75657361e-01  1.08936000e+01  6.40425966e-01  2.54514026e-01  1.03624091e-01  1.07236321e-01  3.47784980e+04 
 3.53485814e+14  1.72162143e+34  1.36911000e+01  6.79637421e-01  1.09096000e+01  6.44499634e-01  2.55233615e-01  1.02749226e-01  1.07549561e-01  3.38830361e+04 
 3.54079496e+14  1.73438204e+34  1.36911000e+01  6.83608321e-01  1.09246000e+01  6.48505966e-01  2.55987710e-01  1.02043628e-01  1.07899266e-01  3.30173249e+04 
 3.54673177e+14  1.74714265e+34  1.36921000e+01  6.87569953e-01  1.09406000e+01  6.52574977e-01  2.56701605e-01  1.01153512e-01  1.08206743e-01  3.21801874e+04 
 3.55266859e+14  1.76019685e+34  1.36921000e+01  6.91613217e-01  1.09556000e+01  6.56645633e-01  2.57467409e-01  1.00475996e-01  1.08558806e-01  3.13521499e+04 
 3.55860541e+14  1.77338937e+34  1.36931000e+01  6.95689999e-01  1.09716000e+01  6.60812127e-01  2.58200857e-01  9.96351862e-02  1.08872016e-01  3.05432147e+04 
 3.56454223e+14  1.78658190e+34  1.36941000e+01  6.99757326e-01  1.09876000e+01  6.64976265e-01  2.58931321e-01  9.87866152e-02  1.09182158e-01  2.97611876e+04 
 3.57047905e+14  1.79977442e+34  1.36951000e+01  7.03815084e-01  1.10026000e+01  6.69071840e-01  2.59658786e-01  9.81048547e-02  1.09489228e-01  2.90050061e+04 
 3.57641586e+14  1.81296695e+34  1.36961000e+01  7.07863158e-01  1.10186000e+01  6.73230784e-01  2.60383236e-01  9.72404850e-02  1.09793220e-01  2.82736545e+04 
 3.58235268e+14  1.82615947e+34  1.36971000e+01  7.11901443e-01  1.10336000e+01  6.77320607e-01  2.61104655e-01  9.65421651e-02  1.10094129e-01  2.75661621e+04 
 3.58828950e+14  1.83959485e+34  1.36981000e+01  7.16004026e-01  1.10496000e+01  6.81530865e-01  2.61836953e-01  9.56970789e-02  1.10398158e-01  2.68691883e+04 
 3.59422632e+14  1.85322847e+34  1.37001000e+01  7.20157268e-01  1.10646000e+01  6.85718060e-01  2.62539193e-01  9.50452088e-02  1.10663671e-01  2.61851702e+04 
 3.60016314e+14  1.86686209e+34  1.37011000e+01  7.24300523e-01  1.10806000e+01  6.89969175e-01  2.63276558e-01  9.42122304e-02  1.10966270e-01  2.55236368e+04 
 3.60609995e+14  1.88049571e+34  1.37021000e+01  7.28433682e-01  1.10956000e+01  6.94150254e-01  2.64010805e-01  9.35432287e-02  1.11265665e-01  2.48837091e+04 
 3.61203677e+14  1.89412933e+34  1.37041000e+01  7.32556640e-01  1.11106000e+01  6.98328029e-01  2.64703283e-01  9.28655693e-02  1.11521155e-01  2.42645470e+04 
 3.61797359e+14  1.90776295e+34  1.37061000e+01  7.36669298e-01  1.11256000e+01  7.02502422e-01  2.65392422e-01  9.21793224e-02  1.11773250e-01  2.36653477e+04 
 3.62391041e+14  1.92157966e+34  1.37071000e+01  7.40826640e-01  1.11416000e+01  7.06783518e-01  2.66127280e-01  9.13389561e-02  1.12067244e-01  2.30776733e+04 
 3.62984723e+14  1.93566359e+34  1.37091000e+01  7.45053954e-01  1.11566000e+01  7.11055466e-01  2.66834959e-01  9.06972652e-02  1.12323420e-01  2.24980461e+04 
 3.63578404e+14  1.94974752e+34  1.37111000e+01  7.49270757e-01  1.11716000e+01  7.15323926e-01  2.67539219e-01  9.00466568e-02  1.12576082e-01  2.19372450e+04 
 3.64172086e+14  1.96383145e+34  1.37131000e+01  7.53476943e-01  1.11866000e+01  7.19588816e-01  2.68240052e-01  8.93871836e-02  1.12825237e-01  2.13945429e+04 
 3.64765768e+14  1.97791539e+34  1.37151000e+01  7.57672414e-01  1.12026000e+01  7.23918574e-01  2.68937451e-01  8.85500202e-02  1.13070893e-01  2.08692440e+04 
 3.65359450e+14  1.99199932e+34  1.37171000e+01  7.61857077e-01  1.12176000e+01  7.28176241e-01  2.69631409e-01  8.78735267e-02  1.13313058e-01  2.03606826e+04 
 3.65953132e+14  2.00619692e+34  1.37191000e+01  7.66064509e-01  1.12316000e+01  7.32387186e-01  2.70328118e-01  8.73713165e-02  1.13554321e-01  1.98643081e+04 
 3.66546813e+14  2.02074041e+34  1.37211000e+01  7.70363429e-01  1.12476000e+01  7.36811199e-01  2.71040197e-01  8.65690748e-02  1.13799874e-01  1.93720920e+04 
 3.67140495e+14  2.03528390e+34  1.37241000e+01  7.74651319e-01  1.12626000e+01  7.41162468e-01  2.71709153e-01  8.59258896e-02  1.14000276e-01  1.88956715e+04 
 3.67734177e+14  2.04982739e+34  1.37261000e+01  7.78928080e-01  1.12776000e+01  7.45509789e-01  2.72414093e-01  8.52738156e-02  1.14238548e-01  1.84344442e+04 
 3.68327859e+14  2.06437087e+34  1.37281000e+01  7.83193618e-01  1.12926000e+01  7.49853076e-01  2.73115505e-01  8.46129300e-02  1.14473240e-01  1.79878321e+04 
 3.68921541e+14  2.07891436e+34  1.37311000e+01  7.87447847e-01  1.13066000e+01  7.54122432e-01  2.73773499e-01  8.41093262e-02  1.14662599e-01  1.75552820e+04 
 3.69515222e+14  2.09349185e+34  1.37331000e+01  7.91700589e-01  1.13216000e+01  7.58464914e-01  2.74469551e-01  8.34348839e-02  1.14890809e-01  1.71353010e+04 
 3.70108904e+14  2.10850416e+34  1.37361000e+01  7.96068577e-01  1.13366000e+01  7.62901356e-01  2.75145052e-01  8.28054526e-02  1.15082741e-01  1.67164244e+04 
 3.70702586e+14  2.12351648e+34  1.37391000e+01  8.00425021e-01  1.13516000e+01  7.67333572e-01  2.75816757e-01  8.21669868e-02  1.15270856e-01  1.63108292e+04 
 3.71296268e+14  2.13852879e+34  1.37411000e+01  8.04769831e-01  1.13666000e+01  7.71761468e-01  2.76524916e-01  8.15196167e-02  1.15497196e-01  1.59180140e+04 
 3.71889949e+14  2.15354110e+34  1.37441000e+01  8.09102917e-01  1.13816000e+01  7.76184951e-01  2.77189116e-01  8.08634266e-02  1.15677797e-01  1.55374980e+04 
 3.72483631e+14  2.16855341e+34  1.37471000e+01  8.13424199e-01  1.13956000e+01  7.80533046e-01  2.77849520e-01  8.03620730e-02  1.15854642e-01  1.51688214e+04 
 3.73077313e+14  2.18356572e+34  1.37501000e+01  8.17733592e-01  1.14106000e+01  7.84947309e-01  2.78506122e-01  7.96881235e-02  1.16027746e-01  1.48115437e+04 
 3.73670995e+14  2.19899959e+34  1.37531000e+01  8.22151832e-01  1.14246000e+01  7.89379624e-01  2.79180681e-01  7.92178479e-02  1.16205417e-01  1.44556496e+04 
 3.74264677e+14  2.21449002e+34  1.37561000e+01  8.26574231e-01  1.14396000e+01  7.93891031e-01  2.79854285e-01  7.85820401e-02  1.16380349e-01  1.41096210e+04 
 3.74858358e+14  2.22998044e+34  1.37591000e+01  8.30984494e-01  1.14546000e+01  7.98397739e-01  2.80524017e-01  7.79373390e-02  1.16551447e-01  1.37743649e+04 
 3.75452040e+14  2.24547087e+34  1.37621000e+01  8.35382539e-01  1.14686000e+01  8.02827847e-01  2.81189876e-01  7.74454228e-02  1.16718734e-01  1.34494810e+04 
 3.76045722e+14  2.26096129e+34  1.37651000e+01  8.39768291e-01  1.14836000e+01  8.07324738e-01  2.81851866e-01  7.67828651e-02  1.16882233e-01  1.31345856e+04 
 3.76639404e+14  2.27645172e+34  1.37681000e+01  8.44141677e-01  1.14976000e+01  8.11744528e-01  2.82509987e-01  7.62725080e-02  1.17041966e-01  1.28293110e+04 
 3.77233086e+14  2.29227089e+34  1.37711000e+01  8.48595214e-01  1.15116000e+01  8.16231213e-01  2.83180734e-01  7.57895256e-02  1.17203946e-01  1.25271098e+04 
 3.77826767e+14  2.30824874e+34  1.37751000e+01  8.53080899e-01  1.15266000e+01  8.20819969e-01  2.83814291e-01  7.51545181e-02  1.17322364e-01  1.22312797e+04 
 3.78420449e+14  2.32422658e+34  1.37781000e+01  8.57553956e-01  1.15406000e+01  8.25330915e-01  2.84485033e-01  7.46703291e-02  1.17479474e-01  1.19445492e+04 
 3.79014131e+14  2.34020442e+34  1.37811000e+01  8.62014311e-01  1.15556000e+01  8.29909260e-01  2.85151838e-01  7.40174025e-02  1.17632757e-01  1.16665835e+04 
 3.79607813e+14  2.35618226e+34  1.37851000e+01  8.66461889e-01  1.15696000e+01  8.34409303e-01  2.85773238e-01  7.35146761e-02  1.17739520e-01  1.13970622e+04 
 3.80201495e+14  2.37216011e+34  1.37881000e+01  8.70896625e-01  1.15836000e+01  8.38903689e-01  2.86432092e-01  7.30027039e-02  1.17885179e-01  1.11356782e+04 
 3.80795176e+14  2.38836169e+34  1.37921000e+01  8.75380360e-01  1.15976000e+01  8.43440829e-01  2.87056289e-01  7.25052353e-02  1.17988067e-01  1.08786363e+04 
 3.81388858e+14  2.40483627e+34  1.37951000e+01  8.79926608e-01  1.16116000e+01  8.48031369e-01  2.87731355e-01  7.20271844e-02  1.18134441e-01  1.06251954e+04 
 3.81982540e+14  2.42131084e+34  1.37991000e+01  8.84459740e-01  1.16256000e+01  8.52616103e-01  2.88360613e-01  7.15395944e-02  1.18234103e-01  1.03794563e+04 
 3.82576222e+14  2.43778542e+34  1.38031000e+01  8.88979692e-01  1.16406000e+01  8.57268957e-01  2.88985709e-01  7.08856219e-02  1.18377038e-01  1.01451815e+04 
 3.83169904e+14  2.45425999e+34  1.38061000e+01  8.93486396e-01  1.16546000e+01  8.61842042e-01  2.89648612e-01  7.03797533e-02  1.18464680e-01  9.90997633e+03 
 3.83763585e+14  2.47073456e+34  1.38101000e+01  8.97979790e-01  1.16676000e+01  8.66334769e-01  2.90265484e-01  7.00209352e-02  1.18552785e-01  9.68570958e+03 
 3.84357267e+14  2.48731498e+34  1.38141000e+01  9.02488571e-01  1.16816000e+01  8.70918182e-01  2.90883224e-01  6.95070945e-02  1.18638726e-01  9.46671446e+03 
 3.84950949e+14  2.50429561e+34  1.38171000e+01  9.07092597e-01  1.16956000e+01  8.75580894e-01  2.91557910e-01  6.90241827e-02  1.18769947e-01  9.24913953e+03 
 3.85544631e+14  2.52127624e+34  1.38211000e+01  9.11683037e-01  1.17096000e+01  8.80237433e-01  2.92186252e-01  6.85318608e-02  1.18854313e-01  9.03809705e+03 
 3.86138313e+14  2.53825687e+34  1.38251000e+01  9.16259823e-01  1.17236000e+01  8.84887727e-01  2.92810380e-01  6.80302647e-02  1.18934814e-01  8.83335260e+03 
 3.86731994e+14  2.55523749e+34  1.38291000e+01  9.20822897e-01  1.17376000e+01  8.89531705e-01  2.93430308e-01  6.75195326e-02  1.19011487e-01  8.63468100e+03 
 3.87325676e+14  2.57221812e+34  1.38331000e+01  9.25372203e-01  1.17516000e+01  8.94169298e-01  2.94046042e-01  6.69997897e-02  1.19084367e-01  8.44186621e+03 
 3.87919358e+14  2.58919875e+34  1.38371000e+01  9.29907688e-01  1.17646000e+01  8.98724873e-01  2.94657593e-01  6.66248034e-02  1.19153487e-01  8.25470091e+03 
 3.88513040e+14  2.60666910e+34  1.38411000e+01  9.34559825e-01  1.17786000e+01  9.03452311e-01  2.95287405e-01  6.61333656e-02  1.19225700e-01  8.06781170e+03 
 3.89106722e+14  2.62416510e+34  1.38451000e+01  9.39204749e-01  1.17926000e+01  9.08178592e-01  2.95914128e-01  6.56351357e-02  1.19294413e-01  7.88619608e+03 
 3.89700403e+14  2.64166111e+34  1.38491000e+01  9.43835561e-01  1.18066000e+01  9.12898248e-01  2.96536599e-01  6.51278126e-02  1.19359307e-01  7.70993547e+03 
 3.90294085e+14  2.65915711e+34  1.38531000e+01  9.48452204e-01  1.18196000e+01  9.17534944e-01  2.97154828e-01  6.47637089e-02  1.19420418e-01  7.53884064e+03 
 3.90887767e+14  2.67665311e+34  1.38571000e+01  9.53054627e-01  1.18336000e+01  9.22241013e-01  2.97768825e-01  6.42381518e-02  1.19477784e-01  7.37272988e+03 
 3.91481449e+14  2.69414911e+34  1.38611000e+01  9.57642783e-01  1.18466000e+01  9.26863652e-01  2.98378600e-01  6.38553674e-02  1.19531441e-01  7.21142876e+03 
 3.92075131e+14  2.71199835e+34  1.38661000e+01  9.62308989e-01  1.18606000e+01  9.31628980e-01  2.98956731e-01  6.33437915e-02  1.19590690e-01  7.05447466e+03 
 3.92668812e+14  2.73001905e+34  1.38701000e+01  9.67005536e-01  1.18736000e+01  9.36345886e-01  2.99581246e-01  6.29894678e-02  1.19595601e-01  6.89503925e+03 
 3.93262494e+14  2.74803975e+34  1.38741000e+01  9.71687518e-01  1.18876000e+01  9.41132619e-01  3.00201472e-01  6.24750226e-02  1.19644666e-01  6.74299293e+03 
 3.93856176e+14  2.76606044e+34  1.38781000e+01  9.76354886e-01  1.19006000e+01  9.45834981e-01  3.00817423e-01  6.21018787e-02  1.19690010e-01  6.59534968e+03 
 3.94449858e+14  2.78408114e+34  1.38831000e+01  9.81007594e-01  1.19136000e+01  9.50529894e-01  3.01385683e-01  6.17193331e-02  1.19736598e-01  6.45454607e+03 
 3.95043540e+14  2.80210183e+34  1.38871000e+01  9.85645599e-01  1.19266000e+01  9.55217309e-01  3.01993044e-01  6.13275402e-02  1.19726570e-01  6.31266585e+03 
 3.95637221e+14  2.82032423e+34  1.38911000e+01  9.90320578e-01  1.19406000e+01  9.60016085e-01  3.02604853e-01  6.07946710e-02  1.19763279e-01  6.17584277e+03 
 3.96230903e+14  2.83887893e+34  1.38961000e+01  9.95065849e-01  1.19536000e+01  9.64797206e-01  3.03183025e-01  6.04301032e-02  1.19805105e-01  6.04295348e+03 
 3.96824585e+14  2.85743363e+34  1.39001000e+01  9.99796114e-01  1.19666000e+01  9.69570631e-01  3.03800449e-01  6.00561148e-02  1.19790101e-01  5.90910508e+03 
 3.97418267e+14  2.87598833e+34  1.39041000e+01  1.00451133e+00  1.19796000e+01  9.74336302e-01  3.04413570e-01  5.96728251e-02  1.19819568e-01  5.78144435e+03 
 3.98011949e+14  2.89454303e+34  1.39091000e+01  1.00921145e+00  1.19926000e+01  9.79094182e-01  3.04978539e-01  5.92803198e-02  1.19850538e-01  5.65969032e+03 
 3.98605630e+14  2.91309773e+34  1.39131000e+01  1.01389645e+00  1.20056000e+01  9.83844223e-01  3.05583022e-01  5.88787559e-02  1.19824648e-01  5.53689219e+03 
 3.99199312e+14  2.93168678e+34  1.39181000e+01  1.01857492e+00  1.20186000e+01  9.88593255e-01  3.06140674e-01  5.84709914e-02  1.19848938e-01  5.42172458e+03 
 3.99792994e+14  2.95078478e+34  1.39221000e+01  1.02336598e+00  1.20316000e+01  9.93436165e-01  3.06759180e-01  5.80952235e-02  1.19821457e-01  5.30239215e+03 
 4.00386676e+14  2.96988279e+34  1.39271000e+01  1.02814161e+00  1.20446000e+01  9.98271037e-01  3.07329202e-01  5.77101988e-02  1.19843818e-01  5.19066268e+03 
 4.00980358e+14  2.98898079e+34  1.39311000e+01  1.03290176e+00  1.20576000e+01  1.00309782e+00  3.07938967e-01  5.73160726e-02  1.19809139e-01  5.07797181e+03 
 4.01574039e+14  3.00807879e+34  1.39361000e+01  1.03764640e+00  1.20706000e+01  1.00791646e+00  3.08500139e-01  5.69129373e-02  1.19824481e-01  4.97248276e+03 
 4.02167721e+14  3.02717679e+34  1.39401000e+01  1.04237550e+00  1.20836000e+01  1.01272690e+00  3.09101228e-01  5.65009710e-02  1.19782789e-01  4.86599065e+03 
 4.02761403e+14  3.04627479e+34  1.39451000e+01  1.04708903e+00  1.20966000e+01  1.01752910e+00  3.09653618e-01  5.60802677e-02  1.19791286e-01  4.76632582e+03 
 4.03355085e+14  3.06577582e+34  1.39491000e+01  1.05188611e+00  1.21086000e+01  1.02232222e+00  3.10262333e-01  5.58263805e-02  1.19746342e-01  4.66356434e+03 
 4.03948767e+14  3.08542640e+34  1.39541000e+01  1.05670416e+00  1.21216000e+01  1.02721628e+00  3.10828171e-01  5.54297533e-02  1.19704629e-01  4.56479622e+03 
 4.04542448e+14  3.10507698e+34  1.39591000e+01  1.06150632e+00  1.21346000e+01  1.03210188e+00  3.11389529e-01  5.50242431e-02  1.19707801e-01  4.47059171e+03 
 4.05136130e+14  3.12472756e+34  1.39631000e+01  1.06629255e+00  1.21466000e+01  1.03689840e+00  3.11991114e-01  5.47538564e-02  1.19653813e-01  4.37544557e+03 
 4.05729812e+14  3.14437814e+34  1.39681000e+01  1.07106284e+00  1.21596000e+01  1.04176683e+00  3.12543630e-01  5.43305988e-02  1.19650255e-01  4.28641210e+03 
 4.06323494e+14  3.16402872e+34  1.39721000e+01  1.07581716e+00  1.21716000e+01  1.04654575e+00  3.13136543e-01  5.40421000e-02  1.19589557e-01  4.19640818e+03 
 4.06917176e+14  3.18389034e+34  1.39771000e+01  1.08060634e+00  1.21846000e+01  1.05143760e+00  3.13688519e-01  5.36167948e-02  1.19532768e-01  4.10963418e+03 
 4.07510857e+14  3.20410276e+34  1.39821000e+01  1.08546385e+00  1.21976000e+01  1.05638849e+00  3.14249708e-01  5.32081488e-02  1.19523735e-01  4.02538794e+03 
 4.08104539e+14  3.22431517e+34  1.39871000e+01  1.09030506e+00  1.22096000e+01  1.06124920e+00  3.14806405e-01  5.29330753e-02  1.19463065e-01  3.94185182e+03 
 4.08698221e+14  3.24452759e+34  1.39911000e+01  1.09512995e+00  1.22216000e+01  1.06610072e+00  3.15403720e-01  5.26489076e-02  1.19393494e-01  3.85904690e+03 
 4.09291903e+14  3.26474001e+34  1.39961000e+01  1.09993851e+00  1.22346000e+01  1.07102481e+00  3.15951559e-01  5.22139737e-02  1.19326322e-01  3.78005211e+03 
 4.09885585e+14  3.28495242e+34  1.40011000e+01  1.10473070e+00  1.22466000e+01  1.07585808e+00  3.16494965e-01  5.19121056e-02  1.19304279e-01  3.70470018e+03 
 4.10479266e+14  3.30516574e+34  1.40051000e+01  1.10950674e+00  1.22586000e+01  1.08068226e+00  3.17079272e-01  5.16015379e-02  1.19225087e-01  3.62841855e+03 
 4.11072948e+14  3.32594922e+34  1.40101000e+01  1.11440073e+00  1.22706000e+01  1.08560522e+00  3.17635430e-01  5.13209287e-02  1.19152320e-01  3.55361290e+03 
 4.11666630e+14  3.34673270e+34  1.40151000e+01  1.11927804e+00  1.22836000e+01  1.09060116e+00  3.18187093e-01  5.08907637e-02  1.19076367e-01  3.48084792e+03 
 4.12260312e+14  3.36751618e+34  1.40201000e+01  1.12413864e+00  1.22956000e+01  1.09550536e+00  3.18734281e-01  5.05924511e-02  1.19045536e-01  3.41143949e+03 
 4.12853993e+14  3.38829965e+34  1.40251000e+01  1.12898252e+00  1.23076000e+01  1.10040003e+00  3.19277015e-01  5.02853637e-02  1.18963344e-01  3.34252978e+03 
 4.13447675e+14  3.40908313e+34  1.40291000e+01  1.13380967e+00  1.23196000e+01  1.10528514e+00  3.19860915e-01  4.99696160e-02  1.18872249e-01  3.27413917e+03 
 4.14041357e+14  3.42986661e+34  1.40341000e+01  1.13862007e+00  1.23316000e+01  1.11016067e+00  3.20394859e-01  4.96452982e-02  1.18783995e-01  3.20889104e+03 
 4.14635039e+14  3.45100216e+34  1.40391000e+01  1.14349490e+00  1.23436000e+01  1.11509210e+00  3.20937232e-01  4.93351240e-02  1.18743007e-01  3.14558633e+03 
 4.15228721e+14  3.47236590e+34  1.40441000e+01  1.14840533e+00  1.23556000e+01  1.12005624e+00  3.21483442e-01  4.90308802e-02  1.18652077e-01  3.08203309e+03 
 4.15822402e+14  3.49372963e+34  1.40491000e+01  1.15329868e+00  1.23676000e+01  1.12501057e+00  3.22025178e-01  4.87179654e-02  1.18558143e-01  3.02018334e+03 
 4.16416084e+14  3.51509337e+34  1.40531000e+01  1.15817495e+00  1.23796000e+01  1.12995505e+00  3.22608376e-01  4.83965259e-02  1.18455257e-01  2.95877928e+03 
 4.17009766e+14  3.53645710e+34  1.40581000e+01  1.16303411e+00  1.23916000e+01  1.13488964e+00  3.23141287e-01  4.80666438e-02  1.18355434e-01  2.90019671e+03 
 4.17603448e+14  3.55782084e+34  1.40631000e+01  1.16787618e+00  1.24026000e+01  1.13973031e+00  3.23669784e-01  4.78659718e-02  1.18300856e-01  2.84431437e+03 
 4.18197130e+14  3.57929695e+34  1.40681000e+01  1.17272648e+00  1.24146000e+01  1.14466545e+00  3.24197850e-01  4.75261086e-02  1.18195873e-01  2.78845903e+03 
 4.18790811e+14  3.60125010e+34  1.40731000e+01  1.17766707e+00  1.24266000e+01  1.14967765e+00  3.24738277e-01  4.72068523e-02  1.18090334e-01  2.73286976e+03 
 4.19384493e+14  3.62320325e+34  1.40781000e+01  1.18259022e+00  1.24386000e+01  1.15467970e+00  3.25274232e-01  4.68791838e-02  1.17981927e-01  2.67875300e+03 
 4.19978175e+14  3.64515640e+34  1.40821000e+01  1.18749593e+00  1.24496000e+01  1.15958694e+00  3.25852019e-01  4.66795985e-02  1.17864549e-01  2.62499238e+03 
 4.20571857e+14  3.66710955e+34  1.40871000e+01  1.19238419e+00  1.24616000e+01  1.16456848e+00  3.26379159e-01  4.63351526e-02  1.17750531e-01  2.57370163e+03 
 4.21165539e+14  3.68906270e+34  1.40921000e+01  1.19725500e+00  1.24726000e+01  1.16945483e+00  3.26901894e-01  4.61184875e-02  1.17633791e-01  2.52374668e+03 
 4.21759220e+14  3.71101585e+34  1.40971000e+01  1.20210836e+00  1.24846000e+01  1.17441577e+00  3.27420241e-01  4.57577353e-02  1.17562295e-01  2.47609475e+03 
 4.22352902e+14  3.73341959e+34  1.41021000e+01  1.20704352e+00  1.24956000e+01  1.17936180e+00  3.27949530e-01  4.55501458e-02  1.17441956e-01  2.42770529e+03 
 4.22946584e+14  3.75597127e+34  1.41071000e+01  1.21199352e+00  1.25076000e+01  1.18440903e+00  3.28479394e-01  4.52073150e-02  1.17319481e-01  2.38026741e+03 
 4.23540266e+14  3.77852295e+34  1.41111000e+01  1.21692573e+00  1.25186000e+01  1.18936015e+00  3.29051457e-01  4.49911963e-02  1.17188024e-01  2.33311200e+03 
 4.24133948e+14  3.80107462e+34  1.41161000e+01  1.22184016e+00  1.25306000e+01  1.19438623e+00  3.29572522e-01  4.46321243e-02  1.17060224e-01  2.28812309e+03 
 4.24727629e+14  3.82362630e+34  1.41211000e+01  1.22673680e+00  1.25416000e+01  1.19931590e+00  3.30089190e-01  4.43993720e-02  1.16929842e-01  2.24429229e+03 
 4.25321311e+14  3.84617798e+34  1.41261000e+01  1.23161566e+00  1.25526000e+01  1.20423470e+00  3.30601482e-01  4.41583948e-02  1.16844659e-01  2.20248322e+03 
 4.25914993e+14  3.86890755e+34  1.41311000e+01  1.23651506e+00  1.25636000e+01  1.20917385e+00  3.31115265e-01  4.39189038e-02  1.16709766e-01  2.16052040e+03 
 4.26508675e+14  3.89206682e+34  1.41361000e+01  1.24148898e+00  1.25756000e+01  1.21426378e+00  3.31638747e-01  4.35609177e-02  1.16573671e-01  2.11886142e+03 
 4.27102357e+14  3.91522609e+34  1.41411000e+01  1.24644477e+00  1.25866000e+01  1.21925641e+00  3.32157798e-01  4.33282056e-02  1.16435045e-01  2.07827425e+03 
 4.27696038e+14  3.93838535e+34  1.41461000e+01  1.25138246e+00  1.25976000e+01  1.22423793e+00  3.32672445e-01  4.30872907e-02  1.16293938e-01  2.03872553e+03 
 4.28289720e+14  3.96154462e+34  1.41501000e+01  1.25630204e+00  1.26086000e+01  1.22920832e+00  3.33229811e-01  4.28382889e-02  1.16143896e-01  1.99936456e+03 
 4.28883402e+14  3.98470389e+34  1.41551000e+01  1.26120353e+00  1.26196000e+01  1.23416758e+00  3.33735769e-01  4.25812652e-02  1.15997942e-01  1.96181246e+03 
 4.29477084e+14  4.00786316e+34  1.41601000e+01  1.26608694e+00  1.26306000e+01  1.23911570e+00  3.34237388e-01  4.23163521e-02  1.15897109e-01  1.92599408e+03 
 4.30070766e+14  4.03152189e+34  1.41651000e+01  1.27105720e+00  1.26416000e+01  1.24413846e+00  3.34750493e-01  4.20690115e-02  1.15747599e-01  1.88952709e+03 
 4.30664447e+14  4.05529776e+34  1.41701000e+01  1.27603367e+00  1.26526000e+01  1.24916998e+00  3.35262903e-01  4.18195751e-02  1.15595986e-01  1.85380919e+03 
 4.31258129e+14  4.07907364e+34  1.41751000e+01  1.28099173e+00  1.26636000e+01  1.25419012e+00  3.35770920e-01  4.15621719e-02  1.15442039e-01  1.81899456e+03 
 4.31851811e+14  4.10284951e+34  1.41801000e+01  1.28593137e+00  1.26746000e+01  1.25919884e+00  3.36274571e-01  4.12969160e-02  1.15285804e-01  1.78505554e+03 
 4.32445493e+14  4.12662539e+34  1.41841000e+01  1.29085262e+00  1.26856000e+01  1.26419614e+00  3.36821372e-01  4.10239519e-02  1.15120667e-01  1.75124659e+03 
 4.33039175e+14  4.15040126e+34  1.41891000e+01  1.29575549e+00  1.26956000e+01  1.26909400e+00  3.37316410e-01  4.08737848e-02  1.14959971e-01  1.71899254e+03 
 4.33632856e+14  4.17436731e+34  1.41941000e+01  1.30067902e+00  1.27066000e+01  1.27410031e+00  3.37812962e-01  4.05944882e-02  1.14844584e-01  1.68798090e+03 
 4.34226538e+14  4.19876875e+34  1.41991000e+01  1.30567329e+00  1.27176000e+01  1.27916831e+00  3.38318473e-01  4.03284234e-02  1.14680503e-01  1.65649243e+03 
 4.34820220e+14  4.22317018e+34  1.42041000e+01  1.31064884e+00  1.27276000e+01  1.28413614e+00  3.38819610e-01  4.01843643e-02  1.14514237e-01  1.62579105e+03 
 4.35413902e+14  4.24757162e+34  1.42091000e+01  1.31560569e+00  1.27386000e+01  1.28918065e+00  3.39316397e-01  3.99027100e-02  1.14345833e-01  1.59585292e+03 
 4.36007584e+14  4.27197305e+34  1.42131000e+01  1.32054385e+00  1.27496000e+01  1.29421344e+00  3.39856684e-01  3.96136179e-02  1.14168541e-01  1.56601079e+03 
 4.36601265e+14  4.29637449e+34  1.42181000e+01  1.32546336e+00  1.27596000e+01  1.29914563e+00  3.40344896e-01  3.94460575e-02  1.13995975e-01  1.53754235e+03 
 4.37194947e+14  4.32077592e+34  1.42231000e+01  1.33036423e+00  1.27696000e+01  1.30406580e+00  3.40828828e-01  3.92707683e-02  1.13868264e-01  1.51039175e+03 
 4.37788629e+14  4.34566860e+34  1.42281000e+01  1.33534475e+00  1.27806000e+01  1.30914411e+00  3.41322969e-01  3.89814168e-02  1.13692118e-01  1.48274432e+03 
 4.38382311e+14  4.37070449e+34  1.42331000e+01  1.34033496e+00  1.27906000e+01  1.31414467e+00  3.41816989e-01  3.88194047e-02  1.13514082e-01  1.45562298e+03 
 4.38975993e+14  4.39574037e+34  1.42371000e+01  1.34530618e+00  1.28016000e+01  1.31922254e+00  3.42354774e-01  3.85215212e-02  1.13327157e-01  1.42857931e+03 
 4.39569674e+14  4.42077626e+34  1.42421000e+01  1.35025846e+00  1.28116000e+01  1.32419876e+00  3.42840212e-01  3.83441644e-02  1.13145170e-01  1.40278148e+03 
 4.40163356e+14  4.44581214e+34  1.42471000e+01  1.35519180e+00  1.28216000e+01  1.32916273e+00  3.43321369e-01  3.81591913e-02  1.13007880e-01  1.37817907e+03 
 4.40757038e+14  4.47084803e+34  1.42521000e+01  1.36010624e+00  1.28326000e+01  1.33420443e+00  3.43798268e-01  3.78393945e-02  1.12822075e-01  1.35360705e+03 
 4.41350720e+14  4.49602564e+34  1.42561000e+01  1.36502948e+00  1.28426000e+01  1.33916693e+00  3.44323271e-01  3.76457549e-02  1.12627519e-01  1.32894319e+03 
 4.41944402e+14  4.52170480e+34  1.42611000e+01  1.37003154e+00  1.28526000e+01  1.34419783e+00  3.44810003e-01  3.74659537e-02  1.12438265e-01  1.30495285e+03 
 4.42538083e+14  4.54738396e+34  1.42661000e+01  1.37501435e+00  1.28626000e+01  1.34921624e+00  3.45292428e-01  3.72785781e-02  1.12293549e-01  1.28207476e+03 
 4.43131765e+14  4.57306312e+34  1.42711000e+01  1.37997795e+00  1.28726000e+01  1.35422214e+00  3.45770574e-01  3.70837321e-02  1.12100602e-01  1.25922353e+03 
 4.43725447e+14  4.59874228e+34  1.42761000e+01  1.38492237e+00  1.28826000e+01  1.35921555e+00  3.46244461e-01  3.68815073e-02  1.11905902e-01  1.23692148e+03 
 4.44319129e+14  4.62442144e+34  1.42801000e+01  1.38984763e+00  1.28926000e+01  1.36419648e+00  3.46762682e-01  3.66720281e-02  1.11702409e-01  1.21465016e+03 
 4.44912811e+14  4.65010060e+34  1.42851000e+01  1.39475377e+00  1.29026000e+01  1.36916493e+00  3.47228174e-01  3.64553621e-02  1.11550451e-01  1.19390128e+03 
 4.45506492e+14  4.67619810e+34  1.42901000e+01  1.39972039e+00  1.29126000e+01  1.37418678e+00  3.47700938e-01  3.62483753e-02  1.11350559e-01  1.17281816e+03 
 4.46100174e+14  4.70252928e+34  1.42941000e+01  1.40471204e+00  1.29226000e+01  1.37923273e+00  3.48224569e-01  3.60435097e-02  1.11141804e-01  1.15157806e+03 
 4.46693856e+14  4.72886047e+34  1.42991000e+01  1.40968423e+00  1.29326000e+01  1.38426595e+00  3.48695268e-01  3.58314008e-02  1.10984488e-01  1.13178772e+03 
 4.47287538e+14  4.75519165e+34  1.43041000e+01  1.41463699e+00  1.29426000e+01  1.38928643e+00  3.49161734e-01  3.56121617e-02  1.10779536e-01  1.11200200e+03 
 4.47881220e+14  4.78152284e+34  1.43081000e+01  1.41957036e+00  1.29526000e+01  1.39429418e+00  3.49672873e-01  3.53859325e-02  1.10565825e-01  1.09223105e+03 
 4.48474901e+14  4.80785402e+34  1.43131000e+01  1.42448437e+00  1.29616000e+01  1.39919742e+00  3.50130995e-01  3.52770234e-02  1.10403546e-01  1.07381999e+03 
 4.49068583e+14  4.83421003e+34  1.43181000e+01  1.42938368e+00  1.29716000e+01  1.40418343e+00  3.50585612e-01  3.50377240e-02  1.10193915e-01  1.05537999e+03 
 4.49662265e+14  4.86120191e+34  1.43221000e+01  1.43438145e+00  1.29816000e+01  1.40925456e+00  3.51101889e-01  3.48156157e-02  1.09975103e-01  1.03650873e+03 
 4.50255947e+14  4.88819379e+34  1.43271000e+01  1.43935953e+00  1.29916000e+01  1.41431270e+00  3.51564951e-01  3.45865251e-02  1.09807612e-01  1.01893352e+03 
 4.50849629e+14  4.91518568e+34  1.43321000e+01  1.44431795e+00  1.30006000e+01  1.41926557e+00  3.52023809e-01  3.44738870e-02  1.09593005e-01  1.00135095e+03 
 4.51443310e+14  4.94217756e+34  1.43361000e+01  1.44925677e+00  1.30106000e+01  1.42429765e+00  3.52527670e-01  3.42309361e-02  1.09369677e-01  9.83770352e+02 
 4.52036992e+14  4.96916944e+34  1.43411000e+01  1.45417600e+00  1.30196000e+01  1.42922419e+00  3.52978237e-01  3.41041805e-02  1.09197642e-01  9.67406696e+02 
 4.52630674e+14  4.99616133e+34  1.43461000e+01  1.45907572e+00  1.30296000e+01  1.43423025e+00  3.53424674e-01  3.38477234e-02  1.08978803e-01  9.51021936e+02 
 4.53224356e+14  5.02342609e+34  1.43501000e+01  1.46400522e+00  1.30386000e+01  1.43917161e+00  3.53923279e-01  3.37169333e-02  1.08796245e-01  9.34854014e+02 
 4.53818037e+14  5.05108726e+34  1.43551000e+01  1.46898654e+00  1.30486000e+01  1.44425220e+00  3.54378531e-01  3.34709130e-02  1.08573901e-01  9.18831449e+02 
 4.54411719e+14  5.07874844e+34  1.43591000e+01  1.47394799e+00  1.30576000e+01  1.44922649e+00  3.54879037e-01  3.33402792e-02  1.08342854e-01  9.02804995e+02 
 4.55005401e+14  5.10640961e+34  1.43641000e+01  1.47888962e+00  1.30666000e+01  1.45418730e+00  3.55326006e-01  3.32026850e-02  1.08162956e-01  8.87892164e+02 
 4.55599083e+14  5.13407078e+34  1.43681000e+01  1.48381148e+00  1.30766000e+01  1.45922810e+00  3.55818381e-01  3.29366135e-02  1.07929271e-01  8.72590948e+02 
 4.56192765e+14  5.16173195e+34  1.43731000e+01  1.48871360e+00  1.30856000e+01  1.46416223e+00  3.56257167e-01  3.27855460e-02  1.07746707e-01  8.58358750e+02 
 4.56786446e+14  5.18939313e+34  1.43771000e+01  1.49359604e+00  1.30946000e+01  1.46908295e+00  3.56741501e-01  3.26278120e-02  1.07510527e-01  8.43742772e+02 
 4.57380128e+14  5.21756365e+34  1.43821000e+01  1.49854835e+00  1.31036000e+01  1.47406510e+00  3.57184681e-01  3.24804631e-02  1.07324623e-01  8.29899447e+02 
 4.57973810e+14  5.24590262e+34  1.43871000e+01  1.50351024e+00  1.31126000e+01  1.47905835e+00  3.57627857e-01  3.23319537e-02  1.07092431e-01  8.15946174e+02 
 4.58567492e+14  5.27424158e+34  1.43911000e+01  1.50845212e+00  1.31226000e+01  1.48413202e+00  3.58116685e-01  3.20561613e-02  1.06896241e-01  8.02311678e+02 
 4.59161174e+14  5.30258055e+34  1.43961000e+01  1.51337404e+00  1.31316000e+01  1.48909813e+00  3.58551689e-01  3.18944685e-02  1.06661720e-01  7.88986994e+02 
 4.59754855e+14  5.33091951e+34  1.44001000e+01  1.51827603e+00  1.31406000e+01  1.49405063e+00  3.59032490e-01  3.17262575e-02  1.06463100e-01  7.75963595e+02 
 4.60348537e+14  5.35925848e+34  1.44041000e+01  1.52315816e+00  1.31496000e+01  1.49898952e+00  3.59509339e-01  3.15515986e-02  1.06218845e-01  7.62913989e+02 
 4.60942219e+14  5.38764434e+34  1.44091000e+01  1.52802851e+00  1.31576000e+01  1.50382701e+00  3.59933394e-01  3.14917527e-02  1.06025386e-01  7.50767096e+02 
 4.61535901e+14  5.41666951e+34  1.44131000e+01  1.53298832e+00  1.31666000e+01  1.50883699e+00  3.60418537e-01  3.13257045e-02  1.05777693e-01  7.37998091e+02 
 4.62129583e+14  5.44569467e+34  1.44181000e+01  1.53792793e+00  1.31756000e+01  1.51383312e+00  3.60849618e-01  3.11531330e-02  1.05580766e-01  7.26128418e+02 
 4.62723264e+14  5.47471984e+34  1.44221000e+01  1.54284740e+00  1.31846000e+01  1.51881544e+00  3.61326745e-01  3.09741751e-02  1.05375123e-01  7.14223478e+02 
 4.63316946e+14  5.50374501e+34  1.44271000e+01  1.54774678e+00  1.31936000e+01  1.52378394e+00  3.61749767e-01  3.07888912e-02  1.05131925e-01  7.02584655e+02 
 4.63910628e+14  5.53277018e+34  1.44311000e+01  1.55262613e+00  1.32026000e+01  1.52873866e+00  3.62218975e-01  3.05973977e-02  1.04924183e-01  6.91204738e+02 
 4.64504310e+14  5.56179535e+34  1.44351000e+01  1.55748549e+00  1.32106000e+01  1.53358427e+00  3.62684284e-01  3.05183139e-02  1.04671481e-01  6.79791423e+02 
 4.65097992e+14  5.59106896e+34  1.44401000e+01  1.56236631e+00  1.32196000e+01  1.53854617e+00  3.63101071e-01  3.03217432e-02  1.04468855e-01  6.69101332e+02 
 4.65691673e+14  5.62078865e+34  1.44441000e+01  1.56730119e+00  1.32286000e+01  1.54355660e+00  3.63574340e-01  3.01322236e-02  1.04256547e-01  6.58205997e+02 
 4.66285355e+14  5.65050834e+34  1.44481000e+01  1.57221577e+00  1.32366000e+01  1.54845727e+00  3.64043673e-01  3.00544945e-02  1.03999535e-01  6.47280812e+02 
 4.66879037e+14  5.68022802e+34  1.44531000e+01  1.57711010e+00  1.32456000e+01  1.55343958e+00  3.64458645e-01  2.98524914e-02  1.03793012e-01  6.37135003e+02 
 4.67472719e+14  5.70994771e+34  1.44571000e+01  1.58198425e+00  1.32546000e+01  1.55840792e+00  3.64920122e-01  2.96445255e-02  1.03577852e-01  6.26946426e+02 
 4.68066401e+14  5.73966740e+34  1.44611000e+01  1.58683826e+00  1.32626000e+01  1.56326624e+00  3.65377730e-01  2.95479689e-02  1.03318309e-01  6.16721371e+02 
 4.68660082e+14  5.76938709e+34  1.44661000e+01  1.59167221e+00  1.32706000e+01  1.56811040e+00  3.65780908e-01  2.94451948e-02  1.03109159e-01  6.07232173e+02 
 4.69253764e+14  5.79954180e+34  1.44701000e+01  1.59655655e+00  1.32796000e+01  1.57309618e+00  3.66240332e-01  2.92313817e-02  1.02890310e-01  5.97556522e+02 
 4.69847446e+14  5.82996422e+34  1.44741000e+01  1.60146385e+00  1.32876000e+01  1.57800792e+00  3.66701734e-01  2.91358862e-02  1.02669899e-01  5.88008573e+02 
 4.70441128e+14  5.86038664e+34  1.44781000e+01  1.60635077e+00  1.32966000e+01  1.58300184e+00  3.67159254e-01  2.89175551e-02  1.02405476e-01  5.78425585e+02 
 4.71034810e+14  5.89080906e+34  1.44831000e+01  1.61121735e+00  1.33046000e+01  1.58788493e+00  3.67562144e-01  2.88098026e-02  1.02191255e-01  5.69533277e+02 
 4.71628491e+14  5.92123148e+34  1.44871000e+01  1.61606368e+00  1.33126000e+01  1.59275367e+00  3.68011922e-01  2.86960107e-02  1.01968459e-01  5.60594952e+02 
 4.72222173e+14  5.95165390e+34  1.44911000e+01  1.62088979e+00  1.33216000e+01  1.59770505e+00  3.68457885e-01  2.84601843e-02  1.01744897e-01  5.51849113e+02 
 4.72815855e+14  5.98207632e+34  1.44951000e+01  1.62569577e+00  1.33296000e+01  1.60254534e+00  3.68900059e-01  2.83346353e-02  1.01520598e-01  5.43290670e+02 
 4.73409537e+14  6.01310421e+34  1.44991000e+01  1.63057687e+00  1.33376000e+01  1.60745195e+00  3.69351227e-01  2.82190054e-02  1.01251112e-01  5.34523762e+02 
 4.74003219e+14  6.04423747e+34  1.45031000e+01  1.63545406e+00  1.33456000e+01  1.61235805e+00  3.69800776e-01  2.81001176e-02  1.01023445e-01  5.26142045e+02 
 4.74596900e+14  6.07537073e+34  1.45081000e+01  1.64031080e+00  1.33536000e+01  1.61724961e+00  3.70195451e-01  2.79752826e-02  1.00802939e-01  5.18159610e+02 
 4.75190582e+14  6.10650399e+34  1.45121000e+01  1.64514714e+00  1.33616000e+01  1.62212667e+00  3.70637323e-01  2.78446007e-02  1.00573905e-01  5.10130471e+02 
 4.75784264e+14  6.13763725e+34  1.45161000e+01  1.64996317e+00  1.33696000e+01  1.62698929e+00  3.71075416e-01  2.77081292e-02  1.00344223e-01  5.02272343e+02 
 4.76377946e+14  6.16877052e+34  1.45201000e+01  1.65475893e+00  1.33776000e+01  1.63183749e+00  3.71509752e-01  2.75659387e-02  1.00113920e-01  4.94580755e+02 
 4.76971628e+14  6.19994352e+34  1.45241000e+01  1.65954059e+00  1.33856000e+01  1.63667647e+00  3.71941161e-01  2.74190931e-02  9.98829020e-02  4.87041858e+02 
 4.77565309e+14  6.23179562e+34  1.45281000e+01  1.66440582e+00  1.33936000e+01  1.64158912e+00  3.72382625e-01  2.72832793e-02  9.96492475e-02  4.79501956e+02 
 4.78158991e+14  6.26364771e+34  1.45321000e+01  1.66925047e+00  1.34016000e+01  1.64648709e+00  3.72820295e-01  2.71417277e-02  9.94150041e-02  4.72122467e+02 
 4.78752673e+14  6.29549981e+34  1.45361000e+01  1.67407462e+00  1.34096000e+01  1.65137044e+00  3.73254196e-01  2.69945231e-02  9.91802003e-02  4.64899205e+02 
 4.79346355e+14  6.32735191e+34  1.45401000e+01  1.67887835e+00  1.34176000e+01  1.65623918e+00  3.73684352e-01  2.68417512e-02  9.89448625e-02  4.57828108e+02 
 4.79940037e+14  6.35920401e+34  1.45441000e+01  1.68366172e+00  1.34256000e+01  1.66109335e+00  3.74110787e-01  2.66835019e-02  9.87090176e-02  4.50905238e+02 
 4.80533718e+14  6.39105611e+34  1.45481000e+01  1.68842480e+00  1.34326000e+01  1.66583442e+00  3.74533520e-01  2.66332889e-02  9.84726889e-02  4.44126774e+02 
 4.81127400e+14  6.42307465e+34  1.45521000e+01  1.69319239e+00  1.34406000e+01  1.67068056e+00  3.74955831e-01  2.64678859e-02  9.82353673e-02  4.37454674e+02 
 4.81721082e+14  6.45565347e+34  1.45561000e+01  1.69802281e+00  1.34486000e+01  1.67558290e+00  3.75385395e-01  2.63100059e-02  9.79957913e-02  4.30807603e+02 
 4.82314764e+14  6.48823229e+34  1.45601000e+01  1.70283263e+00  1.34556000e+01  1.68037153e+00  3.75811223e-01  2.62596610e-02  9.77557655e-02  4.24299710e+02 
 4.82908446e+14  6.52081112e+34  1.45641000e+01  1.70762192e+00  1.34636000e+01  1.68524429e+00  3.76233340e-01  2.60907645e-02  9.75153155e-02  4.17927417e+02 
 4.83502127e+14  6.55338994e+34  1.45681000e+01  1.71239077e+00  1.34716000e+01  1.69010234e+00  3.76651770e-01  2.59166065e-02  9.72744668e-02  4.11687250e+02 
 4.84095809e+14  6.58596876e+34  1.45721000e+01  1.71713924e+00  1.34786000e+01  1.69484648e+00  3.77066535e-01  2.58496551e-02  9.70332431e-02  4.05575839e+02 
 4.84689491e+14  6.61854758e+34  1.45761000e+01  1.72186741e+00  1.34866000e+01  1.69967516e+00  3.77477655e-01  2.56649428e-02  9.67916663e-02  3.99589913e+02 
 4.85283173e+14  6.65139992e+34  1.45791000e+01  1.72661481e+00  1.34936000e+01  1.70442351e+00  3.77942156e-01  2.55931722e-02  9.65407933e-02  3.93509759e+02 
 4.85876855e+14  6.68471323e+34  1.45831000e+01  1.73140821e+00  1.35016000e+01  1.70931322e+00  3.78359861e-01  2.54139354e-02  9.62960745e-02  3.87640250e+02 
 4.86470536e+14  6.71802654e+34  1.45871000e+01  1.73618101e+00  1.35086000e+01  1.71408840e+00  3.78773890e-01  2.53412580e-02  9.60920355e-02  3.82054713e+02 
 4.87064218e+14  6.75133984e+34  1.45911000e+01  1.74093329e+00  1.35156000e+01  1.71884853e+00  3.79184267e-01  2.52631818e-02  9.58466197e-02  3.76421744e+02 
 4.87657900e+14  6.78465315e+34  1.45951000e+01  1.74566511e+00  1.35236000e+01  1.72369363e+00  3.79591015e-01  2.50682839e-02  9.56009322e-02  3.70903746e+02 
 4.88251582e+14  6.81796646e+34  1.45991000e+01  1.75037656e+00  1.35306000e+01  1.72842398e+00  3.79994155e-01  2.49796927e-02  9.53549954e-02  3.65497827e+02 
 4.88845264e+14  6.85127977e+34  1.46021000e+01  1.75506771e+00  1.35376000e+01  1.73313942e+00  3.80445821e-01  2.48859052e-02  9.51414066e-02  3.60201201e+02 
 4.89438945e+14  6.88495286e+34  1.46061000e+01  1.75978902e+00  1.35446000e+01  1.73788316e+00  3.80848368e-01  2.47942388e-02  9.48936802e-02  3.54955576e+02 
 4.90032627e+14  6.91900829e+34  1.46101000e+01  1.76454333e+00  1.35526000e+01  1.74275804e+00  3.81254225e-01  2.45943037e-02  9.46444061e-02  3.49757985e+02 
 4.90626309e+14  6.95306373e+34  1.46141000e+01  1.76927705e+00  1.35596000e+01  1.74751754e+00  3.81656466e-01  2.45000558e-02  9.43949380e-02  3.44665838e+02 
 4.91219991e+14  6.98711916e+34  1.46171000e+01  1.77399026e+00  1.35666000e+01  1.75226196e+00  3.82107399e-01  2.44006649e-02  9.41775109e-02  3.39676518e+02 
 4.91813672e+14  7.02117460e+34  1.46211000e+01  1.77868303e+00  1.35736000e+01  1.75699134e+00  3.82502515e-01  2.42961593e-02  9.39276258e-02  3.34787435e+02 
 4.92407354e+14  7.05523003e+34  1.46251000e+01  1.78335545e+00  1.35806000e+01  1.76170573e+00  3.82894082e-01  2.41866164e-02  9.36776096e-02  3.29996119e+02 
 4.93001036e+14  7.08928546e+34  1.46281000e+01  1.78800760e+00  1.35876000e+01  1.76640518e+00  3.83334536e-01  2.40721394e-02  9.34594271e-02  3.25300175e+02 
 4.93594718e+14  7.12376492e+34  1.46321000e+01  1.79269715e+00  1.35946000e+01  1.77113922e+00  3.83726494e-01  2.39607912e-02  9.32075826e-02  3.20640436e+02 
 4.94188400e+14  7.15856999e+34  1.46361000e+01  1.79741040e+00  1.36016000e+01  1.77589611e+00  3.84120564e-01  2.38506412e-02  9.29544693e-02  3.16030678e+02 
 4.94782081e+14  7.19337507e+34  1.46391000e+01  1.80210310e+00  1.36086000e+01  1.78063783e+00  3.84563620e-01  2.37355327e-02  9.27329506e-02  3.11513004e+02 
 4.95375763e+14  7.22818014e+34  1.46431000e+01  1.80677531e+00  1.36156000e+01  1.78536443e+00  3.84950637e-01  2.36154968e-02  9.24796085e-02  3.07085116e+02 
 4.95969445e+14  7.26298522e+34  1.46461000e+01  1.81142713e+00  1.36226000e+01  1.79007593e+00  3.85386773e-01  2.34906463e-02  9.22577239e-02  3.02744841e+02 
 4.96563127e+14  7.29779029e+34  1.46501000e+01  1.81605863e+00  1.36296000e+01  1.79477241e+00  3.85766826e-01  2.33609982e-02  9.20042314e-02  2.98490010e+02 
 4.97156809e+14  7.33259537e+34  1.46531000e+01  1.82066989e+00  1.36356000e+01  1.79935232e+00  3.86196123e-01  2.33354922e-02  9.17425425e-02  2.94191868e+02 
 4.97750490e+14  7.36786545e+34  1.46571000e+01  1.82532227e+00  1.36426000e+01  1.80407162e+00  3.86577084e-01  2.32045534e-02  9.15267631e-02  2.90174321e+02 
 4.98344172e+14  7.40342755e+34  1.46601000e+01  1.82999263e+00  1.36496000e+01  1.80880885e+00  3.87012237e-01  2.30741282e-02  9.12622014e-02  2.85954730e+02 
 4.98937854e+14  7.43898965e+34  1.46641000e+01  1.83464247e+00  1.36566000e+01  1.81353086e+00  3.87391128e-01  2.29389683e-02  9.10451316e-02  2.82062248e+02 
 4.99531536e+14  7.47455175e+34  1.46671000e+01  1.83927188e+00  1.36626000e+01  1.81813573e+00  3.87819429e-01  2.29073754e-02  9.07805467e-02  2.78005111e+02 
 5.00125218e+14  7.51011385e+34  1.46711000e+01  1.84388095e+00  1.36696000e+01  1.82282741e+00  3.88191428e-01  2.27627578e-02  9.05633346e-02  2.74264619e+02 
 5.00718899e+14  7.54567595e+34  1.46741000e+01  1.84846975e+00  1.36766000e+01  1.82750399e+00  3.88612963e-01  2.26136742e-02  9.03378103e-02  2.70479011e+02 
 5.01312581e+14  7.58123805e+34  1.46781000e+01  1.85303837e+00  1.36826000e+01  1.83206334e+00  3.88978154e-01  2.25677951e-02  9.00815134e-02  2.66766443e+02 
 5.01906263e+14  7.61728170e+34  1.46811000e+01  1.85764842e+00  1.36896000e+01  1.83676304e+00  3.89400763e-01  2.24176946e-02  8.98541239e-02  2.63076322e+02 
 5.02499945e+14  7.65360807e+34  1.46851000e+01  1.86227415e+00  1.36956000e+01  1.84137631e+00  3.89771468e-01  2.23752050e-02  8.95950946e-02  2.59429331e+02 
 5.03093627e+14  7.68993444e+34  1.46881000e+01  1.86687943e+00  1.37026000e+01  1.84607670e+00  3.90191868e-01  2.22206608e-02  8.93666214e-02  2.55852973e+02 
 5.03687308e+14  7.72626082e+34  1.46911000e+01  1.87146435e+00  1.37086000e+01  1.85065927e+00  3.90608933e-01  2.21688263e-02  8.91381209e-02  2.52345545e+02 
 5.04280990e+14  7.76258719e+34  1.46951000e+01  1.87602898e+00  1.37146000e+01  1.85522646e+00  3.90969461e-01  2.21123775e-02  8.88793582e-02  2.48905389e+02 
 5.04874672e+14  7.79891356e+34  1.46981000e+01  1.88057343e+00  1.37216000e+01  1.85988136e+00  3.91379872e-01  2.19443703e-02  8.86509356e-02  2.45530934e+02 
 5.05468354e+14  7.83523993e+34  1.47011000e+01  1.88509777e+00  1.37276000e+01  1.86441822e+00  3.91787011e-01  2.18788966e-02  8.84225340e-02  2.42220614e+02 
 5.06062036e+14  7.87203873e+34  1.47051000e+01  1.88966059e+00  1.37336000e+01  1.86899063e+00  3.92144866e-01  2.18163299e-02  8.81623782e-02  2.38931033e+02 
 5.06655717e+14  7.90913649e+34  1.47081000e+01  1.89424008e+00  1.37406000e+01  1.87368294e+00  3.92557352e-01  2.16473728e-02  8.79311924e-02  2.35678034e+02 
 5.07249399e+14  7.94623424e+34  1.47111000e+01  1.89879920e+00  1.37466000e+01  1.87825674e+00  3.92966539e-01  2.15804877e-02  8.77000579e-02  2.32487067e+02 
 5.07843081e+14  7.98333199e+34  1.47141000e+01  1.90333803e+00  1.37526000e+01  1.88281516e+00  3.93372445e-01  2.15091273e-02  8.74689895e-02  2.29356670e+02 
 5.08436763e+14  8.02042975e+34  1.47181000e+01  1.90785668e+00  1.37586000e+01  1.88735825e+00  3.93721578e-01  2.14333223e-02  8.72083662e-02  2.26285405e+02 
 5.09030445e+14  8.05752750e+34  1.47211000e+01  1.91235522e+00  1.37656000e+01  1.89198966e+00  3.94120945e-01  2.12472624e-02  8.69775604e-02  2.23271912e+02 
 5.09624126e+14  8.09462526e+34  1.47241000e+01  1.91683373e+00  1.37716000e+01  1.89650242e+00  3.94517093e-01  2.11628950e-02  8.67468640e-02  2.20314833e+02 
 5.10217808e+14  8.13215945e+34  1.47271000e+01  1.92134470e+00  1.37776000e+01  1.90104560e+00  3.94916543e-01  2.10806511e-02  8.65146141e-02  2.17379008e+02 
 5.10811490e+14  8.17003555e+34  1.47301000e+01  1.92587645e+00  1.37836000e+01  1.90560905e+00  3.95317843e-01  2.09990854e-02  8.62811790e-02  2.14472103e+02 
 5.11405172e+14  8.20791166e+34  1.47331000e+01  1.93038793e+00  1.37896000e+01  1.91015710e+00  3.95715897e-01  2.09131944e-02  8.60103718e-02  2.11527541e+02 
 5.11998854e+14  8.24578776e+34  1.47371000e+01  1.93487922e+00  1.37956000e+01  1.91468978e+00  3.96056965e-01  2.08230198e-02  8.57856262e-02  2.08820799e+02 
 5.12592535e+14  8.28366386e+34  1.47401000e+01  1.93935042e+00  1.38016000e+01  1.91920718e+00  3.96448551e-01  2.07286548e-02  8.55527375e-02  2.06073904e+02 
 5.13186217e+14  8.32153996e+34  1.47431000e+01  1.94380161e+00  1.38076000e+01  1.92370933e+00  3.96836955e-01  2.06301366e-02  8.53200297e-02  2.03377895e+02 
 5.13779899e+14  8.35941607e+34  1.47461000e+01  1.94823288e+00  1.38136000e+01  1.92819629e+00  3.97222193e-01  2.05275155e-02  8.50875149e-02  2.00731602e+02 
 5.14373581e+14  8.39766456e+34  1.47491000e+01  1.95268763e+00  1.38186000e+01  1.93260153e+00  3.97609624e-01  2.05305901e-02  8.48537704e-02  1.98108565e+02 
 5.14967263e+14  8.43632583e+34  1.47521000e+01  1.95717026e+00  1.38246000e+01  1.93713760e+00  3.97999780e-01  2.04304051e-02  8.46186456e-02  1.95506252e+02 
 5.15560944e+14  8.47498711e+34  1.47551000e+01  1.96163272e+00  1.38306000e+01  1.94165826e+00  3.98386750e-01  2.03261211e-02  8.43837437e-02  1.92952081e+02 
 5.16154626e+14  8.51364838e+34  1.47581000e+01  1.96607511e+00  1.38366000e+01  1.94616360e+00  3.98770550e-01  2.02177865e-02  8.41490768e-02  1.90444947e+02 
 5.16748308e+14  8.55230965e+34  1.47611000e+01  1.97049752e+00  1.38426000e+01  1.95065365e+00  3.99151204e-01  2.01054689e-02  8.39146584e-02  1.87983774e+02 
 5.17341990e+14  8.59097093e+34  1.47641000e+01  1.97490003e+00  1.38476000e+01  1.95502368e+00  3.99528731e-01  2.00931594e-02  8.36804997e-02  1.85567515e+02 
 5.17935672e+14  8.62963220e+34  1.47671000e+01  1.97928274e+00  1.38536000e+01  1.95948332e+00  3.99903147e-01  1.99728271e-02  8.34466114e-02  1.83195153e+02 
 5.18529353e+14  8.66857256e+34  1.47701000e+01  1.98367718e+00  1.38596000e+01  1.96395533e+00  4.00278319e-01  1.98522706e-02  8.32119298e-02  1.80849025e+02 
 5.19123035e+14  8.70802567e+34  1.47731000e+01  1.98810941e+00  1.38646000e+01  1.96835752e+00  4.00657429e-01  1.98379386e-02  8.29755600e-02  1.78515265e+02 
 5.19716717e+14  8.74747879e+34  1.47761000e+01  1.99252159e+00  1.38706000e+01  1.97284935e+00  4.01033406e-01  1.97159978e-02  8.27394900e-02  1.76224036e+02 
 5.20310399e+14  8.78693190e+34  1.47791000e+01  1.99691383e+00  1.38766000e+01  1.97732585e+00  4.01406272e-01  1.95902512e-02  8.25037309e-02  1.73974373e+02 
 5.20904081e+14  8.82638502e+34  1.47821000e+01  2.00128621e+00  1.38816000e+01  1.98168185e+00  4.01776045e-01  1.95638203e-02  8.22682937e-02  1.71765340e+02 
 5.21497762e+14  8.86583813e+34  1.47841000e+01  2.00563882e+00  1.38876000e+01  1.98612786e+00  4.02197159e-01  1.94304106e-02  8.20609412e-02  1.69596034e+02 
 5.22091444e+14  8.90529125e+34  1.47871000e+01  2.00997176e+00  1.38926000e+01  1.99045333e+00  4.02560843e-01  1.93961413e-02  8.18260945e-02  1.67465547e+02 
 5.22685126e+14  8.94489971e+34  1.47901000e+01  2.01430206e+00  1.38986000e+01  1.99488396e+00  4.02923550e-01  1.92571068e-02  8.15910037e-02  1.65364857e+02 
 5.23278808e+14  8.98515118e+34  1.47931000e+01  2.01868273e+00  1.39036000e+01  1.99925534e+00  4.03291711e-01  1.92246793e-02  8.13538020e-02  1.63268298e+02 
 5.23872490e+14  9.02540266e+34  1.47961000e+01  2.02304348e+00  1.39086000e+01  2.00361117e+00  4.03656796e-01  1.91883700e-02  8.11169716e-02  1.61209380e+02 
 5.24466171e+14  9.06565413e+34  1.47981000e+01  2.02738443e+00  1.39146000e+01  2.00805746e+00  4.04073438e-01  1.90457249e-02  8.08721619e-02  1.59117040e+02 
 5.25059853e+14  9.10590561e+34  1.48011000e+01  2.03170565e+00  1.39196000e+01  2.01238266e+00  4.04432465e-01  1.90017244e-02  8.06717122e-02  1.57201136e+02 
 5.25653535e+14  9.14615708e+34  1.48041000e+01  2.03600724e+00  1.39246000e+01  2.01669253e+00  4.04788474e-01  1.89539601e-02  8.04359674e-02  1.55250187e+02 
 5.26247217e+14  9.18640856e+34  1.48071000e+01  2.04028930e+00  1.39306000e+01  2.02109329e+00  4.05141483e-01  1.88003709e-02  8.02006323e-02  1.53333646e+02 
