# rhoc (cgs) 	 Pc (cgs) 	 R (km) 	 M (msol) 	 R_core (km) 	 M_core (msol) 	 I/(MR^2) 	 I_crust/(M_crust R_crust^2)/(I/(MR^2)) 	 k_2 	 Lambda 
 2.30000000e+14  2.08565864e+33  3.15211000e+01  1.01549633e-01  5.56760000e+00  6.33187300e-02  2.02760501e-02  6.36601206e-01  5.02934687e-04  1.37624259e+08 
 2.30603041e+14  2.10508030e+33  3.09771000e+01  1.02194591e-01  5.58560000e+00  6.40529696e-02  2.09646785e-02  6.31876497e-01  5.34792670e-04  1.29962504e+08 
 2.31206082e+14  2.12489530e+33  3.04491000e+01  1.02854079e-01  5.60360000e+00  6.47970263e-02  2.16704885e-02  6.27179662e-01  5.69027920e-04  1.22875883e+08 
 2.31809123e+14  2.14471029e+33  2.99461000e+01  1.03514992e-01  5.62160000e+00  6.55448686e-02  2.23798371e-02  6.22513217e-01  6.05080176e-04  1.16430403e+08 
 2.32412164e+14  2.16484527e+33  2.94591000e+01  1.04187914e-01  5.63960000e+00  6.63014342e-02  2.31035617e-02  6.17874698e-01  6.43580393e-04  1.10454099e+08 
 2.33015205e+14  2.18587266e+33  2.89731000e+01  1.04892259e-01  5.65860000e+00  6.71007385e-02  2.38648073e-02  6.13007301e-01  6.86008220e-04  1.04750313e+08 
 2.33618246e+14  2.20690006e+33  2.85101000e+01  1.05598210e-01  5.67760000e+00  6.79043548e-02  2.46289054e-02  6.08166657e-01  7.30574994e-04  9.95277307e+07 
 2.34221286e+14  2.22792745e+33  2.80681000e+01  1.06305628e-01  5.69560000e+00  6.86869425e-02  2.53963613e-02  6.03613692e-01  7.77373198e-04  9.47287331e+07 
 2.34824327e+14  2.24895485e+33  2.76461000e+01  1.07014386e-01  5.71360000e+00  6.94734449e-02  2.61662073e-02  5.99086727e-01  8.26383527e-04  9.03043300e+07 
 2.35427368e+14  2.26998224e+33  2.72421000e+01  1.07724361e-01  5.73160000e+00  7.02638319e-02  2.69395664e-02  5.94583683e-01  8.77746776e-04  8.62126304e+07 
 2.36030409e+14  2.29100964e+33  2.68561000e+01  1.08435436e-01  5.74960000e+00  7.10580722e-02  2.77139125e-02  5.90102658e-01  9.31308642e-04  8.24177176e+07 
 2.36633450e+14  2.31203703e+33  2.64861000e+01  1.09147499e-01  5.76760000e+00  7.18561354e-02  2.84908336e-02  5.85641880e-01  9.87244105e-04  7.88885633e+07 
 2.37236491e+14  2.33306443e+33  2.61311000e+01  1.09860441e-01  5.78460000e+00  7.26318930e-02  2.92702029e-02  5.81471149e-01  1.04559131e-03  7.55983144e+07 
 2.37839532e+14  2.35409183e+33  2.57911000e+01  1.10574159e-01  5.80160000e+00  7.34111055e-02  3.00497612e-02  5.77320445e-01  1.10619092e-03  7.25236369e+07 
 2.38442573e+14  2.37511922e+33  2.54651000e+01  1.11288552e-01  5.81860000e+00  7.41937520e-02  3.08295193e-02  5.73188151e-01  1.16907309e-03  6.96441297e+07 
 2.39045614e+14  2.39614662e+33  2.51511000e+01  1.12003531e-01  5.83560000e+00  7.49798036e-02  3.16122284e-02  5.69072909e-01  1.23453440e-03  6.69418830e+07 
 2.39648655e+14  2.41717401e+33  2.48501000e+01  1.12719001e-01  5.85260000e+00  7.57692409e-02  3.23934270e-02  5.64973254e-01  1.30217825e-03  6.44011854e+07 
 2.40251696e+14  2.43820141e+33  2.45601000e+01  1.13434878e-01  5.86960000e+00  7.65620380e-02  3.31762669e-02  5.60887943e-01  1.37234249e-03  6.20081105e+07 
 2.40854737e+14  2.45937003e+33  2.42791000e+01  1.14155891e-01  5.88660000e+00  7.73604434e-02  3.39646588e-02  5.56820432e-01  1.44541838e-03  5.97355995e+07 
 2.41457778e+14  2.48273366e+33  2.39811000e+01  1.14952413e-01  5.90460000e+00  7.82249747e-02  3.48346715e-02  5.52560497e-01  1.52888907e-03  5.73719212e+07 
 2.42060818e+14  2.50609729e+33  2.36951000e+01  1.15749971e-01  5.92260000e+00  7.90936235e-02  3.57044038e-02  5.48317697e-01  1.61532523e-03  5.51463329e+07 
 2.42663859e+14  2.52946092e+33  2.34191000e+01  1.16548439e-01  5.94060000e+00  7.99663565e-02  3.65777419e-02  5.44090538e-01  1.70520814e-03  5.30474460e+07 
 2.43266900e+14  2.55282456e+33  2.31551000e+01  1.17347710e-01  5.95860000e+00  8.08431316e-02  3.74463947e-02  5.39877826e-01  1.79761181e-03  5.10651366e+07 
 2.43869941e+14  2.57618819e+33  2.29001000e+01  1.18147688e-01  5.97560000e+00  8.16960465e-02  3.83177994e-02  5.35965091e-01  1.89343508e-03  4.91903100e+07 
 2.44472982e+14  2.59955182e+33  2.26551000e+01  1.18948264e-01  5.99360000e+00  8.25806271e-02  3.91867814e-02  5.31779216e-01  1.99207897e-03  4.74148426e+07 
 2.45076023e+14  2.62291545e+33  2.24191000e+01  1.19749349e-01  6.01060000e+00  8.34409570e-02  4.00547692e-02  5.27893461e-01  2.09373239e-03  4.57314121e+07 
 2.45679064e+14  2.64627909e+33  2.21911000e+01  1.20550842e-01  6.02760000e+00  8.43048762e-02  4.09235420e-02  5.24019976e-01  2.19865071e-03  4.41334151e+07 
 2.46282105e+14  2.66964272e+33  2.19711000e+01  1.21352665e-01  6.04460000e+00  8.51723415e-02  4.17914620e-02  5.20158009e-01  2.30664342e-03  4.26148785e+07 
 2.46885146e+14  2.69300635e+33  2.17591000e+01  1.22154733e-01  6.06160000e+00  8.60433261e-02  4.26568043e-02  5.16306562e-01  2.41748296e-03  4.11703868e+07 
 2.47488187e+14  2.71636998e+33  2.15551000e+01  1.22956962e-01  6.07760000e+00  8.68889874e-02  4.35177670e-02  5.12757764e-01  2.53090401e-03  3.97950121e+07 
 2.48091228e+14  2.73973361e+33  2.13571000e+01  1.23759269e-01  6.09460000e+00  8.77667846e-02  4.43807863e-02  5.08925418e-01  2.64784139e-03  3.84842542e+07 
 2.48694269e+14  2.76309725e+33  2.11661000e+01  1.24561585e-01  6.11060000e+00  8.86188904e-02  4.52403619e-02  5.05395981e-01  2.76750133e-03  3.72340091e+07 
 2.49297310e+14  2.78646088e+33  2.09811000e+01  1.25363833e-01  6.12660000e+00  8.94741066e-02  4.60992390e-02  5.01875355e-01  2.89029787e-03  3.60405109e+07 
 2.49900350e+14  2.81199524e+33  2.07861000e+01  1.26240782e-01  6.14460000e+00  9.04275781e-02  4.70340844e-02  4.97884967e-01  3.02761629e-03  3.47965261e+07 
 2.50503391e+14  2.83795380e+33  2.05951000e+01  1.27132929e-01  6.16260000e+00  9.13923511e-02  4.79805833e-02  4.93926857e-01  3.17055656e-03  3.35917905e+07 
 2.51106432e+14  2.86391237e+33  2.04101000e+01  1.28025614e-01  6.17960000e+00  9.23315376e-02  4.89274839e-02  4.90276931e-01  3.31757416e-03  3.24436972e+07 
 2.51709473e+14  2.88987094e+33  2.02321000e+01  1.28918738e-01  6.19660000e+00  9.32745482e-02  4.98683772e-02  4.86637327e-01  3.46758862e-03  3.13487724e+07 
 2.52312514e+14  2.91582950e+33  2.00591000e+01  1.29812210e-01  6.21460000e+00  9.42514674e-02  5.08114495e-02  4.82706826e-01  3.62200738e-03  3.03038087e+07 
 2.52915555e+14  2.94178807e+33  1.98921000e+01  1.30705932e-01  6.23160000e+00  9.52021749e-02  5.17502995e-02  4.79084622e-01  3.77971697e-03  2.93058510e+07 
 2.53518596e+14  2.96774663e+33  1.97311000e+01  1.31599821e-01  6.24860000e+00  9.61565921e-02  5.26832697e-02  4.75470350e-01  3.94037778e-03  2.83521658e+07 
 2.54121637e+14  2.99370520e+33  1.95751000e+01  1.32493792e-01  6.26560000e+00  9.71146837e-02  5.36141261e-02  4.71863278e-01  4.10465746e-03  2.74402201e+07 
 2.54724678e+14  3.01966377e+33  1.94241000e+01  1.33387763e-01  6.28160000e+00  9.80456390e-02  5.45415171e-02  4.68566201e-01  4.27228731e-03  2.65676669e+07 
 2.55327719e+14  3.04562233e+33  1.92771000e+01  1.34281657e-01  6.29860000e+00  9.90108270e-02  5.54698063e-02  4.64972026e-01  4.44411822e-03  2.57323252e+07 
 2.55930760e+14  3.07158090e+33  1.91361000e+01  1.35175402e-01  6.31460000e+00  9.99484834e-02  5.63861884e-02  4.61688031e-01  4.61756350e-03  2.49321690e+07 
 2.56533801e+14  3.09753946e+33  1.89981000e+01  1.36068921e-01  6.33060000e+00  1.00889374e-01  5.73068654e-02  4.58409765e-01  4.79587432e-03  2.41653070e+07 
 2.57136841e+14  3.12349803e+33  1.88651000e+01  1.36962143e-01  6.34660000e+00  1.01833472e-01  5.82188166e-02  4.55136587e-01  4.97634756e-03  2.34299802e+07 
 2.57739882e+14  3.14945660e+33  1.87361000e+01  1.37855006e-01  6.36260000e+00  1.02780746e-01  5.91268102e-02  4.51867962e-01  5.15992639e-03  2.27245426e+07 
 2.58342923e+14  3.17708851e+33  1.86021000e+01  1.38805126e-01  6.37960000e+00  1.03791627e-01  6.00946821e-02  4.48402966e-01  5.35998096e-03  2.20046255e+07 
 2.58945964e+14  3.20588034e+33  1.84681000e+01  1.39795401e-01  6.39760000e+00  1.04858244e-01  6.10906232e-02  4.44710175e-01  5.57036197e-03  2.12862162e+07 
 2.59549005e+14  3.23467217e+33  1.83371000e+01  1.40785921e-01  6.41460000e+00  1.05897086e-01  6.20903177e-02  4.41331292e-01  5.78640523e-03  2.05984415e+07 
 2.60152046e+14  3.26346401e+33  1.82111000e+01  1.41776588e-01  6.43160000e+00  1.06939858e-01  6.30791195e-02  4.37958092e-01  6.00470624e-03  1.99396920e+07 
 2.60755087e+14  3.29225584e+33  1.80881000e+01  1.42767317e-01  6.44860000e+00  1.07986508e-01  6.40694421e-02  4.34590123e-01  6.22814045e-03  1.93084559e+07 
 2.61358128e+14  3.32104767e+33  1.79691000e+01  1.43758022e-01  6.46560000e+00  1.09036992e-01  6.50531872e-02  4.31226796e-01  6.45474480e-03  1.87033173e+07 
 2.61961169e+14  3.34983951e+33  1.78541000e+01  1.44748620e-01  6.48160000e+00  1.10058493e-01  6.60289957e-02  4.28178361e-01  6.68409774e-03  1.81229473e+07 
 2.62564210e+14  3.37863134e+33  1.77421000e+01  1.45739019e-01  6.49860000e+00  1.11116381e-01  6.70030235e-02  4.24822781e-01  6.91768879e-03  1.75660982e+07 
 2.63167251e+14  3.40742318e+33  1.76341000e+01  1.46729155e-01  6.51460000e+00  1.12144874e-01  6.79666248e-02  4.21781946e-01  7.15323663e-03  1.70315978e+07 
 2.63770292e+14  3.43621501e+33  1.75281000e+01  1.47718945e-01  6.53160000e+00  1.13210011e-01  6.89340842e-02  4.18432089e-01  7.39443317e-03  1.65183437e+07 
 2.64373333e+14  3.46500684e+33  1.74261000e+01  1.48708325e-01  6.54760000e+00  1.14245355e-01  6.98888380e-02  4.15396807e-01  7.63683078e-03  1.60252990e+07 
 2.64976373e+14  3.49379868e+33  1.73261000e+01  1.49697221e-01  6.56360000e+00  1.15283998e-01  7.08457520e-02  4.12363687e-01  7.88439122e-03  1.55514875e+07 
 2.65579414e+14  3.52259051e+33  1.72301000e+01  1.50685566e-01  6.57960000e+00  1.16325908e-01  7.17875894e-02  4.09332245e-01  8.13228273e-03  1.50959890e+07 
 2.66182455e+14  3.55138234e+33  1.71361000e+01  1.51673296e-01  6.59460000e+00  1.17337126e-01  7.27298077e-02  4.06615726e-01  8.38475014e-03  1.46579361e+07 
 2.66785496e+14  3.58116099e+33  1.70411000e+01  1.52694221e-01  6.61060000e+00  1.18402626e-01  7.37030686e-02  4.03655233e-01  8.65022207e-03  1.42223301e+07 
 2.67388537e+14  3.61302666e+33  1.69431000e+01  1.53786583e-01  6.62860000e+00  1.19576857e-01  7.47322244e-02  4.00213485e-01  8.93592482e-03  1.37746326e+07 
 2.67991578e+14  3.64489233e+33  1.68481000e+01  1.54878937e-01  6.64560000e+00  1.20721059e-01  7.57542212e-02  3.97088448e-01  9.22481411e-03  1.33450087e+07 
 2.68594619e+14  3.67675799e+33  1.67551000e+01  1.55971191e-01  6.66160000e+00  1.21834651e-01  7.67770726e-02  3.94280647e-01  9.51927400e-03  1.29325863e+07 
 2.69197660e+14  3.70862366e+33  1.66651000e+01  1.57063256e-01  6.67860000e+00  1.22986660e-01  7.77907824e-02  3.91159866e-01  9.81618361e-03  1.25365401e+07 
 2.69800701e+14  3.74048933e+33  1.65781000e+01  1.58155047e-01  6.69560000e+00  1.24142586e-01  7.87941576e-02  3.88040388e-01  1.01150265e-02  1.21560900e+07 
 2.70403742e+14  3.77235500e+33  1.64931000e+01  1.59246480e-01  6.71160000e+00  1.25267247e-01  7.97956640e-02  3.85237575e-01  1.04184126e-02  1.17904988e+07 
 2.71006783e+14  3.80422067e+33  1.64101000e+01  1.60337482e-01  6.72760000e+00  1.26395395e-01  8.07945889e-02  3.82435736e-01  1.07260906e-02  1.14390691e+07 
 2.71609824e+14  3.83608633e+33  1.63301000e+01  1.61427972e-01  6.74460000e+00  1.27562489e-01  8.17801809e-02  3.79318024e-01  1.10344068e-02  1.11011414e+07 
 2.72212865e+14  3.86795200e+33  1.62521000e+01  1.62517879e-01  6.76060000e+00  1.28697686e-01  8.27613747e-02  3.76516440e-01  1.13462203e-02  1.07760919e+07 
 2.72815905e+14  3.89981767e+33  1.61761000e+01  1.63607135e-01  6.77660000e+00  1.29836263e-01  8.37374135e-02  3.73714534e-01  1.16612104e-02  1.04633302e+07 
 2.73418946e+14  3.93168334e+33  1.61011000e+01  1.64695670e-01  6.79160000e+00  1.30942199e-01  8.47180513e-02  3.71228771e-01  1.19827552e-02  1.01622972e+07 
 2.74021987e+14  3.96354901e+33  1.60291000e+01  1.65783422e-01  6.80760000e+00  1.32087274e-01  8.56816299e-02  3.68425251e-01  1.23031676e-02  9.87246309e+06 
 2.74625028e+14  3.99541467e+33  1.59591000e+01  1.66870318e-01  6.82360000e+00  1.33235643e-01  8.66377068e-02  3.65620115e-01  1.26256667e-02  9.59332626e+06 
 2.75228069e+14  4.02812180e+33  1.58891000e+01  1.67984981e-01  6.83860000e+00  1.34365805e-01  8.76129575e-02  3.63190551e-01  1.29593770e-02  9.31744258e+06 
 2.75831110e+14  4.09228607e+33  1.57561000e+01  1.70178264e-01  6.86960000e+00  1.36654101e-01  8.95202098e-02  3.57940838e-01  1.36259518e-02  8.80356200e+06 
 2.76434151e+14  4.15645034e+33  1.56291000e+01  1.72384988e-01  6.90060000e+00  1.38962998e-01  9.14144811e-02  3.52724332e-01  1.43060486e-02  8.32263227e+06 
 2.77037192e+14  4.22061460e+33  1.55081000e+01  1.74604248e-01  6.93060000e+00  1.41254326e-01  9.32915622e-02  3.47857731e-01  1.49976217e-02  7.87244634e+06 
 2.77640233e+14  4.28477887e+33  1.53921000e+01  1.76835255e-01  6.96060000e+00  1.43564320e-01  9.51594088e-02  3.43022342e-01  1.57034580e-02  7.45090100e+06 
 2.78243274e+14  4.34894313e+33  1.52811000e+01  1.79077256e-01  6.99060000e+00  1.45892529e-01  9.70144261e-02  3.38216111e-01  1.64217902e-02  7.05602017e+06 
 2.78846315e+14  4.40648542e+33  1.51851000e+01  1.81096264e-01  7.01760000e+00  1.47999092e-01  9.86731531e-02  3.33897788e-01  1.70789511e-02  6.72311287e+06 
 2.79449356e+14  4.45773593e+33  1.51031000e+01  1.82898505e-01  7.04060000e+00  1.49845327e-01  1.00135236e-01  3.30396447e-01  1.76695156e-02  6.44277155e+06 
 2.80052397e+14  4.50898643e+33  1.50241000e+01  1.84703773e-01  7.06360000e+00  1.51700630e-01  1.01584632e-01  3.26903459e-01  1.82654556e-02  6.17678354e+06 
 2.80655437e+14  4.56023694e+33  1.49481000e+01  1.86511825e-01  7.08660000e+00  1.53564864e-01  1.03019427e-01  3.23418066e-01  1.88655953e-02  5.92429953e+06 
 2.81258478e+14  4.61148745e+33  1.48741000e+01  1.88322401e-01  7.10960000e+00  1.55437935e-01  1.04451710e-01  3.19938992e-01  1.94752229e-02  5.68452771e+06 
 2.81861519e+14  4.66273796e+33  1.48031000e+01  1.90135258e-01  7.13260000e+00  1.57319722e-01  1.05865989e-01  3.16465300e-01  2.00869435e-02  5.45672799e+06 
 2.82464560e+14  4.71608917e+33  1.47321000e+01  1.92024846e-01  7.15560000e+00  1.59250215e-01  1.07321080e-01  3.13154014e-01  2.07264419e-02  5.23153699e+06 
 2.83067601e+14  4.77003914e+33  1.46621000e+01  1.93938397e-01  7.17960000e+00  1.61241469e-01  1.08790927e-01  3.09575524e-01  2.13834454e-02  5.01542736e+06 
 2.83670642e+14  4.82398912e+33  1.45951000e+01  1.95854474e-01  7.20260000e+00  1.63201776e-01  1.10240077e-01  3.06319110e-01  2.20412529e-02  4.81030429e+06 
 2.84273683e+14  4.87793909e+33  1.45301000e+01  1.97772808e-01  7.22560000e+00  1.65170983e-01  1.11681811e-01  3.03066202e-01  2.27060996e-02  4.61552429e+06 
 2.84876724e+14  4.93188907e+33  1.44681000e+01  1.99693157e-01  7.24860000e+00  1.67148944e-01  1.13099194e-01  2.99816157e-01  2.33690617e-02  4.43048478e+06 
 2.85479765e+14  4.98594245e+33  1.44071000e+01  2.01618963e-01  7.27160000e+00  1.69137549e-01  1.14522800e-01  2.96575740e-01  2.40454613e-02  4.25429365e+06 
 2.86082806e+14  5.04269596e+33  1.43461000e+01  2.03643075e-01  7.29560000e+00  1.71228717e-01  1.15990923e-01  2.93222790e-01  2.47526400e-02  4.07859842e+06 
 2.86685847e+14  5.09944946e+33  1.42871000e+01  2.05669436e-01  7.31860000e+00  1.73287708e-01  1.17448080e-01  2.90187750e-01  2.54648607e-02  3.91184218e+06 
 2.87288888e+14  5.15620297e+33  1.42301000e+01  2.07697782e-01  7.34260000e+00  1.75397704e-01  1.18892885e-01  2.86837907e-01  2.61810875e-02  3.75350090e+06 
 2.87891929e+14  5.21295648e+33  1.41751000e+01  2.09727863e-01  7.36560000e+00  1.77474703e-01  1.20323941e-01  2.83803928e-01  2.69002296e-02  3.60308385e+06 
 2.88494969e+14  5.26970998e+33  1.41221000e+01  2.11759431e-01  7.38860000e+00  1.79560386e-01  1.21739832e-01  2.80769139e-01  2.76211429e-02  3.46013172e+06 
 2.89098010e+14  5.32730329e+33  1.40691000e+01  2.13822378e-01  7.41160000e+00  1.81671119e-01  1.23181796e-01  2.77795023e-01  2.83660191e-02  3.32225202e+06 
 2.89701051e+14  5.38696675e+33  1.40171000e+01  2.15961221e-01  7.43560000e+00  1.83874508e-01  1.24643842e-01  2.74658308e-01  2.91301802e-02  3.18657058e+06 
 2.90304092e+14  5.44663020e+33  1.39671000e+01  2.18101770e-01  7.45860000e+00  1.86044027e-01  1.26088672e-01  2.71833914e-01  2.98948377e-02  3.05773497e+06 
 2.90907133e+14  5.50629365e+33  1.39191000e+01  2.20243772e-01  7.48260000e+00  1.88266070e-01  1.27514816e-01  2.68693283e-01  3.06586704e-02  2.93534595e+06 
 2.91510174e+14  5.56595711e+33  1.38721000e+01  2.22386974e-01  7.50560000e+00  1.90453434e-01  1.28939380e-01  2.65862796e-01  3.14316333e-02  2.81902976e+06 
 2.92113215e+14  5.62562056e+33  1.38271000e+01  2.24531143e-01  7.52860000e+00  1.92649393e-01  1.30342826e-01  2.63028130e-01  3.22016169e-02  2.70843637e+06 
 2.92716256e+14  5.68689312e+33  1.37821000e+01  2.26734040e-01  7.55160000e+00  1.94885858e-01  1.31777224e-01  2.60306030e-01  3.29981526e-02  2.60046706e+06 
 2.93319297e+14  5.74957528e+33  1.37381000e+01  2.28988932e-01  7.57560000e+00  1.97204065e-01  1.33221838e-01  2.57369478e-01  3.38090009e-02  2.49552326e+06 
 2.93922338e+14  5.81225744e+33  1.36951000e+01  2.31244995e-01  7.59860000e+00  1.99486657e-01  1.34662698e-01  2.54739436e-01  3.46276045e-02  2.39582534e+06 
 2.94525379e+14  5.87493961e+33  1.36541000e+01  2.33501973e-01  7.62260000e+00  2.01823342e-01  1.36079138e-01  2.51792283e-01  3.54404055e-02  2.30106923e+06 
 2.95128420e+14  5.93762177e+33  1.36141000e+01  2.35759631e-01  7.64560000e+00  2.04123594e-01  1.37489830e-01  2.49149578e-01  3.62591049e-02  2.21097036e+06 
 2.95731461e+14  6.00030393e+33  1.35761000e+01  2.38017730e-01  7.66860000e+00  2.06432371e-01  1.38873564e-01  2.46499308e-01  3.70693989e-02  2.12526219e+06 
 2.96334501e+14  6.06539583e+33  1.35381000e+01  2.40363133e-01  7.69160000e+00  2.08798139e-01  1.40294005e-01  2.44012542e-01  3.79093681e-02  2.04062984e+06 
 2.96937542e+14  6.13120780e+33  1.35001000e+01  2.42735344e-01  7.71560000e+00  2.11233713e-01  1.41735062e-01  2.41260016e-01  3.87716803e-02  1.95930858e+06 
 2.97540583e+14  6.19701977e+33  1.34641000e+01  2.45108184e-01  7.73860000e+00  2.13631902e-01  1.43147214e-01  2.38807781e-01  3.96238098e-02  1.88201114e+06 
 2.98143624e+14  6.26283174e+33  1.34301000e+01  2.47481394e-01  7.76260000e+00  2.16085801e-01  1.44528881e-01  2.36038111e-01  4.04639376e-02  1.80850614e+06 
 2.98746665e+14  6.32864370e+33  1.33961000e+01  2.49854750e-01  7.78560000e+00  2.18501508e-01  1.45922101e-01  2.33566649e-01  4.13210826e-02  1.73857696e+06 
 2.99349706e+14  6.39445567e+33  1.33641000e+01  2.52228033e-01  7.80860000e+00  2.20925621e-01  1.47282799e-01  2.31084925e-01  4.21639618e-02  1.67202053e+06 
 2.99952747e+14  6.46350750e+33  1.33311000e+01  2.54718291e-01  7.83160000e+00  2.23424051e-01  1.48709114e-01  2.28816813e-01  4.30564495e-02  1.60559447e+06 
 3.00555788e+14  6.53256269e+33  1.33001000e+01  2.57209001e-01  7.85560000e+00  2.25979536e-01  1.50101891e-01  2.26231910e-01  4.39336522e-02  1.54244401e+06 
 3.01158829e+14  6.60161787e+33  1.32691000e+01  2.59699778e-01  7.87860000e+00  2.28495880e-01  1.51505182e-01  2.23940565e-01  4.48273496e-02  1.48238456e+06 
 3.01761870e+14  6.67067306e+33  1.32401000e+01  2.62190409e-01  7.90260000e+00  2.31069481e-01  1.52872816e-01  2.21332980e-01  4.57032644e-02  1.42523974e+06 
 3.02364911e+14  6.73972825e+33  1.32121000e+01  2.64680650e-01  7.92560000e+00  2.33603091e-01  1.54226570e-01  2.19017283e-01  4.65770016e-02  1.37084454e+06 
 3.02967952e+14  6.80952185e+33  1.31841000e+01  2.67196929e-01  7.94860000e+00  2.36160136e-01  1.55596832e-01  2.16738139e-01  4.74698382e-02  1.31850342e+06 
 3.03570992e+14  6.88193598e+33  1.31571000e+01  2.69807443e-01  7.97160000e+00  2.38779437e-01  1.56979256e-01  2.14620916e-01  4.83746297e-02  1.26682691e+06 
 3.04174033e+14  6.95435010e+33  1.31301000e+01  2.72417730e-01  7.99560000e+00  2.41457350e-01  1.58370526e-01  2.12187559e-01  4.92945260e-02  1.21767221e+06 
 3.04777074e+14  7.02676423e+33  1.31051000e+01  2.75027553e-01  8.01860000e+00  2.44094232e-01  1.59721866e-01  2.10041865e-01  5.01913919e-02  1.17089591e+06 
 3.05380115e+14  7.09917835e+33  1.30801000e+01  2.77636673e-01  8.04160000e+00  2.46739569e-01  1.61080978e-01  2.07881156e-01  5.11021452e-02  1.12636378e+06 
 3.05983156e+14  7.17159248e+33  1.30571000e+01  2.80244868e-01  8.06460000e+00  2.49393243e-01  1.62398066e-01  2.05705184e-01  5.19870875e-02  1.08394982e+06 
 3.06586197e+14  7.24550944e+33  1.30341000e+01  2.82906108e-01  8.08760000e+00  2.52086138e-01  1.63737437e-01  2.03611094e-01  5.28937327e-02  1.04271644e+06 
 3.07189238e+14  7.32140051e+33  1.30111000e+01  2.85637750e-01  8.11160000e+00  2.54879679e-01  1.65104216e-01  2.01329994e-01  5.38254371e-02  1.00241603e+06 
 3.07792279e+14  7.39729158e+33  1.29891000e+01  2.88368600e-01  8.13560000e+00  2.57682410e-01  1.66452380e-01  1.99033275e-01  5.47494470e-02  9.64058904e+05 
 3.08395320e+14  7.47318265e+33  1.29671000e+01  2.91098430e-01  8.15860000e+00  2.60442251e-01  1.67807026e-01  1.97017855e-01  5.56861618e-02  9.27535734e+05 
 3.08998361e+14  7.54907372e+33  1.29471000e+01  2.93827007e-01  8.18160000e+00  2.63210420e-01  1.69115843e-01  1.94985177e-01  5.65919375e-02  8.92743914e+05 
 3.09601402e+14  7.62496479e+33  1.29271000e+01  2.96554116e-01  8.20460000e+00  2.65986791e-01  1.70430062e-01  1.92935191e-01  5.75090097e-02  8.59587377e+05 
 3.10204443e+14  7.70314302e+33  1.29081000e+01  2.99361856e-01  8.22760000e+00  2.68818792e-01  1.71746887e-01  1.91009921e-01  5.84293433e-02  8.27044115e+05 
 3.10807484e+14  7.78263130e+33  1.28891000e+01  3.02215485e-01  8.25060000e+00  2.71686497e-01  1.73082471e-01  1.89147436e-01  5.93690532e-02  7.95532459e+05 
 3.11410524e+14  7.86211958e+33  1.28711000e+01  3.05067754e-01  8.27460000e+00  2.74616099e-01  1.74396054e-01  1.86972356e-01  6.02965260e-02  7.65521631e+05 
 3.12013565e+14  7.94160787e+33  1.28531000e+01  3.07918438e-01  8.29760000e+00  2.77500887e-01  1.75714206e-01  1.85072432e-01  6.12344431e-02  7.36928087e+05 
 3.12616606e+14  8.02109615e+33  1.28371000e+01  3.10767310e-01  8.32060000e+00  2.80393871e-01  1.76981706e-01  1.83153304e-01  6.21344069e-02  7.09673375e+05 
 3.13219647e+14  8.10058443e+33  1.28211000e+01  3.13614163e-01  8.34360000e+00  2.83294923e-01  1.78252715e-01  1.81215005e-01  6.30432987e-02  6.83683993e+05 
 3.13822688e+14  8.18316107e+33  1.28041000e+01  3.16569609e-01  8.36660000e+00  2.86268479e-01  1.79587490e-01  1.79441480e-01  6.40064975e-02  6.57948086e+05 
 3.14425729e+14  8.26636907e+33  1.27891000e+01  3.19545945e-01  8.38960000e+00  2.89263646e-01  1.80876404e-01  1.77684680e-01  6.49332397e-02  6.33240694e+05 
 3.15028770e+14  8.34957707e+33  1.27741000e+01  3.22520348e-01  8.41260000e+00  2.92267102e-01  1.82168473e-01  1.75907170e-01  6.58686055e-02  6.09695242e+05 
 3.15631811e+14  8.43278507e+33  1.27601000e+01  3.25492591e-01  8.43560000e+00  2.95278731e-01  1.83434880e-01  1.74108844e-01  6.67864114e-02  5.87247720e+05 
 3.16234852e+14  8.51599307e+33  1.27461000e+01  3.28462451e-01  8.45860000e+00  2.98298429e-01  1.84703853e-01  1.72289580e-01  6.77120308e-02  5.65838091e+05 
 3.16837893e+14  8.59925967e+33  1.27331000e+01  3.31431824e-01  8.48160000e+00  3.01327243e-01  1.85946747e-01  1.70453135e-01  6.86189024e-02  5.45395890e+05 
 3.17440934e+14  8.68631210e+33  1.27201000e+01  3.34533738e-01  8.50460000e+00  3.04443352e-01  1.87231052e-01  1.68811322e-01  6.95584442e-02  5.25014443e+05 
 3.18043975e+14  8.77336453e+33  1.27081000e+01  3.37633354e-01  8.52860000e+00  3.07624533e-01  1.88487851e-01  1.66861418e-01  7.04776164e-02  5.05587108e+05 
 3.18647016e+14  8.86041697e+33  1.26961000e+01  3.40730446e-01  8.55160000e+00  3.10757404e-01  1.89746311e-01  1.65175426e-01  7.14033502e-02  4.87061644e+05 
 3.19250056e+14  8.94746940e+33  1.26841000e+01  3.43824796e-01  8.57460000e+00  3.13898261e-01  1.91006377e-01  1.63467312e-01  7.23356130e-02  4.69388948e+05 
 3.19853097e+14  9.03452183e+33  1.26741000e+01  3.46916195e-01  8.59660000e+00  3.16989319e-01  1.92207310e-01  1.62020326e-01  7.32165690e-02  4.52522867e+05 
 3.20456138e+14  9.12233036e+33  1.26631000e+01  3.50031255e-01  8.61960000e+00  3.20161404e-01  1.93447188e-01  1.60308326e-01  7.41368720e-02  4.36283405e+05 
 3.21059179e+14  9.21335412e+33  1.26531000e+01  3.53257462e-01  8.64260000e+00  3.23408949e-01  1.94690526e-01  1.58748525e-01  7.50553687e-02  4.20221360e+05 
 3.21662220e+14  9.30437787e+33  1.26431000e+01  3.56480763e-01  8.66560000e+00  3.26664628e-01  1.95934522e-01  1.57164821e-01  7.59789889e-02  4.04901385e+05 
 3.22265261e+14  9.39540163e+33  1.26341000e+01  3.59700942e-01  8.68860000e+00  3.29928251e-01  1.97147919e-01  1.55557656e-01  7.68772607e-02  3.90283286e+05 
 3.22868302e+14  9.48642539e+33  1.26251000e+01  3.62917783e-01  8.71160000e+00  3.33199687e-01  1.98361440e-01  1.53927181e-01  7.77797921e-02  3.76329310e+05 
 3.23471343e+14  9.57744914e+33  1.26161000e+01  3.66131069e-01  8.73360000e+00  3.36419329e-01  1.99575020e-01  1.52551946e-01  7.86865115e-02  3.63003965e+05 
 3.24074384e+14  9.66992996e+33  1.26081000e+01  3.69392038e-01  8.75660000e+00  3.39736379e-01  2.00771633e-01  1.50950015e-01  7.95758972e-02  3.50074516e+05 
 3.24677425e+14  9.76505408e+33  1.26001000e+01  3.72742765e-01  8.77960000e+00  3.43116969e-01  2.01994808e-01  1.49460379e-01  8.04870486e-02  3.37379142e+05 
 3.25280466e+14  9.86017820e+33  1.25931000e+01  3.76089980e-01  8.80260000e+00  3.46505442e-01  2.03185325e-01  1.47946131e-01  8.13694085e-02  3.25262492e+05 
 3.25883507e+14  9.95530231e+33  1.25861000e+01  3.79433462e-01  8.82560000e+00  3.49901650e-01  2.04374990e-01  1.46407532e-01  8.22544782e-02  3.13693615e+05 
 3.26486548e+14  1.00504264e+34  1.25791000e+01  3.82772994e-01  8.84760000e+00  3.53244392e-01  2.05563746e-01  1.45119509e-01  8.31421802e-02  3.02643390e+05 
 3.27089588e+14  1.01455505e+34  1.25731000e+01  3.86108375e-01  8.87060000e+00  3.56655428e-01  2.06718653e-01  1.43531686e-01  8.39990300e-02  2.92084419e+05 
 3.27692629e+14  1.02428317e+34  1.25671000e+01  3.89515042e-01  8.89260000e+00  3.60057567e-01  2.07893835e-01  1.42299622e-01  8.48725768e-02  2.81766888e+05 
 3.28295670e+14  1.03421873e+34  1.25611000e+01  3.92990354e-01  8.91560000e+00  3.63572562e-01  2.09088463e-01  1.40869967e-01  8.57623064e-02  2.71702567e+05 
 3.28898711e+14  1.04415429e+34  1.25561000e+01  3.96461515e-01  8.93860000e+00  3.67095257e-01  2.10248166e-01  1.39414725e-01  8.66193412e-02  2.62090877e+05 
 3.29501752e+14  1.05408985e+34  1.25511000e+01  3.99928310e-01  8.96160000e+00  3.70625494e-01  2.11405995e-01  1.37934234e-01  8.74773885e-02  2.52907901e+05 
 3.30104793e+14  1.06402542e+34  1.25461000e+01  4.03390550e-01  8.98360000e+00  3.74100097e-01  2.12561919e-01  1.36699453e-01  8.83363896e-02  2.44131123e+05 
 3.30707834e+14  1.07396098e+34  1.25421000e+01  4.06848022e-01  9.00560000e+00  3.77581365e-01  2.13681796e-01  1.35438379e-01  8.91606954e-02  2.35739349e+05 
 3.31310875e+14  1.08418165e+34  1.25381000e+01  4.10399763e-01  9.02860000e+00  3.81192944e-01  2.14827446e-01  1.34015226e-01  9.00046789e-02  2.27487012e+05 
 3.31913916e+14  1.09455369e+34  1.25341000e+01  4.13999505e-01  9.05160000e+00  3.84843952e-01  2.15985644e-01  1.32636595e-01  9.08591736e-02  2.19484485e+05 
 3.32516957e+14  1.10492572e+34  1.25301000e+01  4.17594457e-01  9.07360000e+00  3.88438145e-01  2.17141411e-01  1.31499252e-01  9.17137352e-02  2.11837000e+05 
 3.33119998e+14  1.11529775e+34  1.25271000e+01  4.21184408e-01  9.09660000e+00  3.92103560e-01  2.18259853e-01  1.30068173e-01  9.25313465e-02  2.04526014e+05 
 3.33723039e+14  1.12566978e+34  1.25241000e+01  4.24769158e-01  9.11860000e+00  3.95711251e-01  2.19375402e-01  1.28877470e-01  9.33481894e-02  1.97534080e+05 
 3.34326080e+14  1.13604181e+34  1.25211000e+01  4.28348514e-01  9.14060000e+00  3.99325352e-01  2.20488021e-01  1.27660138e-01  9.41641884e-02  1.90844761e+05 
 3.34929120e+14  1.14676726e+34  1.25191000e+01  4.32044290e-01  9.16260000e+00  4.03020287e-01  2.21596495e-01  1.26572177e-01  9.49652762e-02  1.84228752e+05 
 3.35532161e+14  1.15758929e+34  1.25171000e+01  4.35768109e-01  9.18560000e+00  4.06808090e-01  2.22710951e-01  1.25235160e-01  9.57713006e-02  1.77846431e+05 
 3.36135202e+14  1.16841131e+34  1.25151000e+01  4.39486484e-01  9.20760000e+00  4.10536866e-01  2.23822011e-01  1.24134708e-01  9.65756657e-02  1.71743415e+05 
 3.36738243e+14  1.17923334e+34  1.25131000e+01  4.43199200e-01  9.23060000e+00  4.14338554e-01  2.24929635e-01  1.22744586e-01  9.73782938e-02  1.65905306e+05 
 3.37341284e+14  1.19005536e+34  1.25121000e+01  4.46906066e-01  9.25260000e+00  4.18080347e-01  2.25997659e-01  1.21589974e-01  9.81398876e-02  1.60318529e+05 
 3.37944325e+14  1.20087739e+34  1.25101000e+01  4.50606898e-01  9.27360000e+00  4.21761158e-01  2.27098140e-01  1.20669063e-01  9.89385147e-02  1.54970307e+05 
 3.38547366e+14  1.21211945e+34  1.25091000e+01  4.54445222e-01  9.29660000e+00  4.25670746e-01  2.28198399e-01  1.19375435e-01  9.97232091e-02  1.49653624e+05 
 3.39150407e+14  1.22340518e+34  1.25091000e+01  4.58292555e-01  9.31860000e+00  4.29528768e-01  2.29262191e-01  1.18332257e-01  1.00467983e-01  1.44548095e+05 
 3.39753448e+14  1.23469092e+34  1.25081000e+01  4.62133762e-01  9.34160000e+00  4.33461160e-01  2.30358499e-01  1.17002659e-01  1.01249898e-01  1.39662949e+05 
 3.40356489e+14  1.24597666e+34  1.25081000e+01  4.65968646e-01  9.36360000e+00  4.37331906e-01  2.31413802e-01  1.15904315e-01  1.01988260e-01  1.34986958e+05 
 3.40959530e+14  1.25726240e+34  1.25081000e+01  4.69797020e-01  9.38460000e+00  4.41139910e-01  2.32464741e-01  1.15035411e-01  1.02723181e-01  1.30509546e+05 
 3.41562571e+14  1.26855488e+34  1.25081000e+01  4.73620987e-01  9.40660000e+00  4.45023614e-01  2.33511920e-01  1.13884679e-01  1.03455042e-01  1.26218227e+05 
 3.42165612e+14  1.28031824e+34  1.25081000e+01  4.77597641e-01  9.42860000e+00  4.49012038e-01  2.34598231e-01  1.12892545e-01  1.04213752e-01  1.21938056e+05 
 3.42768652e+14  1.29208160e+34  1.25091000e+01  4.81567692e-01  9.45060000e+00  4.53006566e-01  2.35642363e-01  1.11871868e-01  1.04926826e-01  1.17841571e+05 
 3.43371693e+14  1.30384496e+34  1.25101000e+01  4.85530932e-01  9.47260000e+00  4.57007072e-01  2.36681648e-01  1.10822999e-01  1.05635586e-01  1.13919486e+05 
 3.43974734e+14  1.31560832e+34  1.25101000e+01  4.89487169e-01  9.49460000e+00  4.61013414e-01  2.37754079e-01  1.09746374e-01  1.06382497e-01  1.10163038e+05 
 3.44577775e+14  1.32737168e+34  1.25121000e+01  4.93436220e-01  9.51660000e+00  4.65025456e-01  2.38745609e-01  1.08642348e-01  1.07039976e-01  1.06563946e+05 
 3.45180816e+14  1.33918908e+34  1.25131000e+01  4.97396011e-01  9.53760000e+00  4.68983333e-01  2.39775130e-01  1.07783368e-01  1.07738901e-01  1.03098894e+05 
 3.45783857e+14  1.35144416e+34  1.25141000e+01  5.01495075e-01  9.56060000e+00  4.73180457e-01  2.40839159e-01  1.06556576e-01  1.08460655e-01  9.96564348e+04 
 3.46386898e+14  1.36369924e+34  1.25161000e+01  5.05586828e-01  9.58160000e+00  4.77240710e-01  2.41859512e-01  1.05803168e-01  1.09134127e-01  9.63596750e+04 
 3.46989939e+14  1.37595432e+34  1.25181000e+01  5.09671072e-01  9.60360000e+00  4.81377950e-01  2.42874516e-01  1.04770748e-01  1.09802348e-01  9.32013422e+04 
 3.47592980e+14  1.38820941e+34  1.25201000e+01  5.13747615e-01  9.62560000e+00  4.85520727e-01  2.43884156e-01  1.03710570e-01  1.10465278e-01  9.01745663e+04 
 3.48196021e+14  1.40046449e+34  1.25221000e+01  5.17816295e-01  9.64660000e+00  4.89596196e-01  2.44888436e-01  1.02871451e-01  1.11122897e-01  8.72728600e+04 
 3.48799062e+14  1.41281708e+34  1.25251000e+01  5.21909221e-01  9.66860000e+00  4.93769580e-01  2.45856620e-01  1.01790893e-01  1.11736419e-01  8.44684032e+04 
 3.49402103e+14  1.42557816e+34  1.25271000e+01  5.26129464e-01  9.69060000e+00  4.98033428e-01  2.46894303e-01  1.00826516e-01  1.12413443e-01  8.16913797e+04 
 3.50005143e+14  1.43833924e+34  1.25301000e+01  5.30341678e-01  9.71160000e+00  5.02229122e-01  2.47886898e-01  1.00079719e-01  1.13039751e-01  7.90302697e+04 
 3.50608184e+14  1.45110032e+34  1.25331000e+01  5.34545670e-01  9.73360000e+00  5.06503417e-01  2.48873671e-01  9.90584174e-02  1.13659941e-01  7.64793614e+04 
 3.51211225e+14  1.46386140e+34  1.25361000e+01  5.38741258e-01  9.75460000e+00  5.10708628e-01  2.49854620e-01  9.82541443e-02  1.14273994e-01  7.40332550e+04 
 3.51814266e+14  1.47662248e+34  1.25391000e+01  5.42928273e-01  9.77560000e+00  5.14918243e-01  2.50829740e-01  9.74214383e-02  1.14881890e-01  7.16868488e+04 
 3.52417307e+14  1.48951998e+34  1.25421000e+01  5.47151208e-01  9.79760000e+00  5.19235314e-01  2.51810663e-01  9.63629757e-02  1.15491495e-01  6.94117296e+04 
 3.53020348e+14  1.50280151e+34  1.25461000e+01  5.51491166e-01  9.81860000e+00  5.23561831e-01  2.52778091e-01  9.56467118e-02  1.16070677e-01  6.71648147e+04 
 3.53623389e+14  1.51608305e+34  1.25491000e+01  5.55822369e-01  9.84060000e+00  5.27968325e-01  2.53779706e-01  9.46595078e-02  1.16689460e-01  6.50103950e+04 
 3.54226430e+14  1.52936458e+34  1.25531000e+01  5.60144615e-01  9.86160000e+00  5.32303947e-01  2.54734744e-01  9.38854122e-02  1.17255065e-01  6.29439666e+04 
 3.54829471e+14  1.54264611e+34  1.25571000e+01  5.64457746e-01  9.88260000e+00  5.36643720e-01  2.55683529e-01  9.30828764e-02  1.17813776e-01  6.09612742e+04 
 3.55432512e+14  1.55592765e+34  1.25611000e+01  5.68761594e-01  9.90360000e+00  5.40987521e-01  2.56626063e-01  9.22523381e-02  1.18365589e-01  5.90582937e+04 
 3.56035553e+14  1.56937916e+34  1.25651000e+01  5.73110951e-01  9.92460000e+00  5.45370291e-01  2.57576406e-01  9.14472609e-02  1.18919858e-01  5.72082907e+04 
 3.56638594e+14  1.58319576e+34  1.25691000e+01  5.77568938e-01  9.94660000e+00  5.49909529e-01  2.58550591e-01  9.04896001e-02  1.19487150e-01  5.53848961e+04 
 3.57241635e+14  1.59701237e+34  1.25741000e+01  5.82017409e-01  9.96760000e+00  5.54376064e-01  2.59477079e-01  8.97414225e-02  1.19999511e-01  5.36355244e+04 
 3.57844675e+14  1.61082898e+34  1.25781000e+01  5.86456202e-01  9.98860000e+00  5.58846498e-01  2.60438316e-01  8.89648006e-02  1.20552223e-01  5.19566216e+04 
 3.58447716e+14  1.62464558e+34  1.25831000e+01  5.90885149e-01  1.00096000e+01  5.63320703e-01  2.61351620e-01  8.81601413e-02  1.21049653e-01  5.03448203e+04 
 3.59050757e+14  1.63846219e+34  1.25881000e+01  5.95304095e-01  1.00296000e+01  5.67720027e-01  2.62258284e-01  8.75634653e-02  1.21539548e-01  4.87969376e+04 
 3.59653798e+14  1.65247615e+34  1.25931000e+01  5.99775847e-01  1.00506000e+01  5.72241576e-01  2.63174124e-01  8.67612702e-02  1.22032221e-01  4.72891261e+04 
 3.60256839e+14  1.66684261e+34  1.25981000e+01  6.04349918e-01  1.00716000e+01  5.76839015e-01  2.64111452e-01  8.60344496e-02  1.22535568e-01  4.58050609e+04 
 3.60859880e+14  1.68120907e+34  1.26031000e+01  6.08913734e-01  1.00926000e+01  5.81440132e-01  2.65041983e-01  8.52790712e-02  1.23031098e-01  4.43804134e+04 
 3.61462921e+14  1.69557553e+34  1.26081000e+01  6.13467129e-01  1.01136000e+01  5.86044769e-01  2.65965735e-01  8.44956879e-02  1.23518841e-01  4.30123652e+04 
 3.62065962e+14  1.70994199e+34  1.26131000e+01  6.18009926e-01  1.01346000e+01  5.90652879e-01  2.66882712e-01  8.36844457e-02  1.23998803e-01  4.16982486e+04 
 3.62669003e+14  1.72430845e+34  1.26191000e+01  6.22541996e-01  1.01546000e+01  5.95183693e-01  2.67750499e-01  8.30778373e-02  1.24421715e-01  4.04355361e+04 
 3.63272044e+14  1.73889259e+34  1.26241000e+01  6.27131677e-01  1.01756000e+01  5.99842147e-01  2.68670746e-01  8.22724533e-02  1.24896787e-01  3.92037929e+04 
 3.63875085e+14  1.75382384e+34  1.26301000e+01  6.31819686e-01  1.01966000e+01  6.04574495e-01  2.69568352e-01  8.15352493e-02  1.25331407e-01  3.79923776e+04 
 3.64478126e+14  1.76875509e+34  1.26361000e+01  6.36496673e-01  1.02176000e+01  6.09310129e-01  2.70458798e-01  8.07699482e-02  1.25757693e-01  3.68287959e+04 
 3.65081167e+14  1.78368634e+34  1.26421000e+01  6.41162492e-01  1.02376000e+01  6.13967004e-01  2.71342121e-01  8.02062667e-02  1.26175703e-01  3.57108082e+04 
 3.65684207e+14  1.79861759e+34  1.26471000e+01  6.45816965e-01  1.02586000e+01  6.18708437e-01  2.72261377e-01  7.93856958e-02  1.26635513e-01  3.46362932e+04 
 3.66287248e+14  1.81354884e+34  1.26531000e+01  6.50459970e-01  1.02786000e+01  6.23370217e-01  2.73130613e-01  7.87663360e-02  1.27037208e-01  3.36032394e+04 
 3.66890289e+14  1.82871009e+34  1.26591000e+01  6.55162685e-01  1.02986000e+01  6.28080561e-01  2.74010020e-01  7.81791932e-02  1.27441393e-01  3.25947213e+04 
 3.67493330e+14  1.84422122e+34  1.26661000e+01  6.59962254e-01  1.03196000e+01  6.32946797e-01  2.74865051e-01  7.74282905e-02  1.27802941e-01  3.16029996e+04 
 3.68096371e+14  1.85973234e+34  1.26721000e+01  6.64750021e-01  1.03396000e+01  6.37732510e-01  2.75756116e-01  7.68753750e-02  1.28206343e-01  3.06498990e+04 
 3.68699412e+14  1.87524346e+34  1.26781000e+01  6.69525863e-01  1.03606000e+01  6.42603925e-01  2.76639974e-01  7.60695516e-02  1.28601350e-01  2.97336334e+04 
 3.69302453e+14  1.89075458e+34  1.26851000e+01  6.74289613e-01  1.03806000e+01  6.47393844e-01  2.77472875e-01  7.54615350e-02  1.28937159e-01  2.88525103e+04 
 3.69905494e+14  1.90626571e+34  1.26911000e+01  6.79041132e-01  1.04006000e+01  6.52185581e-01  2.78342245e-01  7.48261802e-02  1.29315366e-01  2.80049263e+04 
 3.70508535e+14  1.92201019e+34  1.26981000e+01  6.83851579e-01  1.04206000e+01  6.57025676e-01  2.79177395e-01  7.42210578e-02  1.29644379e-01  2.71773129e+04 
 3.71111576e+14  1.93811640e+34  1.27051000e+01  6.88760083e-01  1.04406000e+01  6.61939996e-01  2.80031231e-01  7.36762203e-02  1.29980353e-01  2.63631124e+04 
 3.71714617e+14  1.95422261e+34  1.27111000e+01  6.93656039e-01  1.04606000e+01  6.66855925e-01  2.80921730e-01  7.31037228e-02  1.30358834e-01  2.55801841e+04 
 3.72317658e+14  1.97032883e+34  1.27181000e+01  6.98539279e-01  1.04806000e+01  6.71773488e-01  2.81760613e-01  7.25035377e-02  1.30677435e-01  2.48271005e+04 
 3.72920699e+14  1.98643504e+34  1.27251000e+01  7.03409668e-01  1.05006000e+01  6.76692561e-01  2.82592007e-01  7.18761658e-02  1.30987395e-01  2.41025082e+04 
 3.73523739e+14  2.00254126e+34  1.27321000e+01  7.08267071e-01  1.05206000e+01  6.81613024e-01  2.83415939e-01  7.12220701e-02  1.31288777e-01  2.34051233e+04 
 3.74126780e+14  2.01887419e+34  1.27391000e+01  7.13179544e-01  1.05406000e+01  6.86579594e-01  2.84248305e-01  7.05940671e-02  1.31590820e-01  2.27244466e+04 
 3.74729821e+14  2.03559084e+34  1.27461000e+01  7.18194183e-01  1.05606000e+01  6.91623573e-01  2.85099933e-01  7.00268990e-02  1.31899625e-01  2.20540895e+04 
 3.75332862e+14  2.05230750e+34  1.27531000e+01  7.23195479e-01  1.05806000e+01  6.96668800e-01  2.85943951e-01  6.94324430e-02  1.32199637e-01  2.14091267e+04 
 3.75935903e+14  2.06902416e+34  1.27611000e+01  7.28183296e-01  1.06006000e+01  7.01715109e-01  2.86735447e-01  6.88112538e-02  1.32439028e-01  2.07884142e+04 
 3.76538944e+14  2.08574081e+34  1.27681000e+01  7.33157493e-01  1.06196000e+01  7.06674484e-01  2.87564240e-01  6.83805507e-02  1.32721595e-01  2.01908666e+04 
 3.77141985e+14  2.10245747e+34  1.27751000e+01  7.38117944e-01  1.06396000e+01  7.11722495e-01  2.88385519e-01  6.77061279e-02  1.32995590e-01  1.96154531e+04 
 3.77745026e+14  2.11938312e+34  1.27831000e+01  7.43126358e-01  1.06586000e+01  7.16723578e-01  2.89168174e-01  6.72673194e-02  1.33216812e-01  1.90543886e+04 
 3.78348067e+14  2.13672569e+34  1.27901000e+01  7.48244093e-01  1.06786000e+01  7.21895669e-01  2.90016488e-01  6.66754831e-02  1.33496987e-01  1.85009086e+04 
 3.78951108e+14  2.15406826e+34  1.27981000e+01  7.53347696e-01  1.06986000e+01  7.27068566e-01  2.90811683e-01  6.60569664e-02  1.33716133e-01  1.79681085e+04 
 3.79554149e+14  2.17141083e+34  1.28051000e+01  7.58437047e-01  1.07176000e+01  7.32152416e-01  2.91644614e-01  6.56266116e-02  1.33978779e-01  1.74550692e+04 
 3.80157190e+14  2.18875340e+34  1.28131000e+01  7.63512002e-01  1.07366000e+01  7.37236228e-01  2.92424295e-01  6.51691851e-02  1.34180439e-01  1.69609168e+04 
 3.80760231e+14  2.20609597e+34  1.28211000e+01  7.68572456e-01  1.07566000e+01  7.42410160e-01  2.93196232e-01  6.44723266e-02  1.34373467e-01  1.64848218e+04 
 3.81363271e+14  2.22361762e+34  1.28281000e+01  7.73670371e-01  1.07756000e+01  7.47528513e-01  2.94017951e-01  6.39994567e-02  1.34616613e-01  1.60213422e+04 
 3.81966312e+14  2.24160168e+34  1.28361000e+01  7.78887966e-01  1.07946000e+01  7.52736293e-01  2.94816155e-01  6.35934770e-02  1.34814595e-01  1.55630883e+04 
 3.82569353e+14  2.25958575e+34  1.28441000e+01  7.84090647e-01  1.08146000e+01  7.58035021e-01  2.95606462e-01  6.29491898e-02  1.35003762e-01  1.51217228e+04 
 3.83172394e+14  2.27756982e+34  1.28521000e+01  7.89278287e-01  1.08336000e+01  7.63242327e-01  2.96388914e-01  6.24901570e-02  1.35184211e-01  1.46965045e+04 
 3.83775435e+14  2.29555389e+34  1.28601000e+01  7.94450770e-01  1.08526000e+01  7.68449067e-01  2.97163553e-01  6.20049780e-02  1.35356042e-01  1.42867288e+04 
 3.84378476e+14  2.31353795e+34  1.28681000e+01  7.99607987e-01  1.08716000e+01  7.73655146e-01  2.97930417e-01  6.14940755e-02  1.35519348e-01  1.38917258e+04 
 3.84981517e+14  2.33165780e+34  1.28761000e+01  8.04788617e-01  1.08906000e+01  7.78886481e-01  2.98698058e-01  6.09837703e-02  1.35678548e-01  1.35080340e+04 
 3.85584558e+14  2.35029905e+34  1.28841000e+01  8.10102648e-01  1.09096000e+01  7.84216996e-01  2.99490520e-01  6.05468103e-02  1.35845735e-01  1.31275766e+04 
 3.86187599e+14  2.36894030e+34  1.28921000e+01  8.15400973e-01  1.09286000e+01  7.89546690e-01  3.00275059e-01  6.00835406e-02  1.36004230e-01  1.27609497e+04 
 3.86790640e+14  2.38758156e+34  1.29001000e+01  8.20683480e-01  1.09476000e+01  7.94875431e-01  3.01051723e-01  5.95944655e-02  1.36154145e-01  1.24075540e+04 
 3.87393681e+14  2.40622281e+34  1.29081000e+01  8.25950058e-01  1.09666000e+01  8.00203120e-01  3.01820554e-01  5.90799989e-02  1.36295580e-01  1.20668195e+04 
 3.87996722e+14  2.42486406e+34  1.29161000e+01  8.31200605e-01  1.09846000e+01  8.05435455e-01  3.02581594e-01  5.87468530e-02  1.36428635e-01  1.17382040e+04 
 3.88599763e+14  2.44358318e+34  1.29251000e+01  8.36456870e-01  1.10036000e+01  8.10775159e-01  3.03292644e-01  5.81962847e-02  1.36561237e-01  1.14247740e+04 
 3.89202803e+14  2.46289740e+34  1.29331000e+01  8.41863722e-01  1.10226000e+01  8.16226263e-01  3.04078607e-01  5.77270285e-02  1.36638805e-01  1.11031609e+04 
 3.89805844e+14  2.48221162e+34  1.29411000e+01  8.47254085e-01  1.10416000e+01  8.21676024e-01  3.04856634e-01  5.72322947e-02  1.36766219e-01  1.07977888e+04 
 3.90408885e+14  2.50152584e+34  1.29501000e+01  8.52627850e-01  1.10596000e+01  8.27028861e-01  3.05579568e-01  5.69165835e-02  1.36832374e-01  1.05032882e+04 
 3.91011926e+14  2.52084006e+34  1.29581000e+01  8.57984917e-01  1.10786000e+01  8.32475309e-01  3.06341775e-01  5.63716292e-02  1.36943057e-01  1.02191969e+04 
 3.91614967e+14  2.54015428e+34  1.29661000e+01  8.63325196e-01  1.10966000e+01  8.37823979e-01  3.07096184e-01  5.60055425e-02  1.37045543e-01  9.94507471e+03 
 3.92218008e+14  2.55947257e+34  1.29751000e+01  8.68649716e-01  1.11146000e+01  8.43171016e-01  3.07795618e-01  5.56153219e-02  1.37087202e-01  9.68044784e+03 
 3.92821049e+14  2.57947562e+34  1.29831000e+01  8.74145609e-01  1.11336000e+01  8.48740368e-01  3.08574361e-01  5.51127401e-02  1.37191666e-01  9.41606007e+03 
 3.93424090e+14  2.59947868e+34  1.29921000e+01  8.79624228e-01  1.11516000e+01  8.54210761e-01  3.09297538e-01  5.47869679e-02  1.37234972e-01  9.16102433e+03 
 3.94027131e+14  2.61948173e+34  1.30011000e+01  8.85085477e-01  1.11706000e+01  8.59775986e-01  3.10012658e-01  5.42348719e-02  1.37328851e-01  8.91876222e+03 
 3.94630172e+14  2.63948479e+34  1.30091000e+01  8.90529264e-01  1.11886000e+01  8.65241419e-01  3.10767549e-01  5.38594087e-02  1.37349909e-01  8.67744839e+03 
 3.95233213e+14  2.65948784e+34  1.30181000e+01  8.95955501e-01  1.12066000e+01  8.70704058e-01  3.11466778e-01  5.34594670e-02  1.37427791e-01  8.45179119e+03 
 3.95836254e+14  2.67949090e+34  1.30261000e+01  9.01364114e-01  1.12246000e+01  8.76163815e-01  3.12206034e-01  5.30355079e-02  1.37432932e-01  8.22678057e+03 
 3.96439294e+14  2.70011177e+34  1.30351000e+01  9.06921639e-01  1.12426000e+01  8.81734514e-01  3.12923982e-01  5.26844961e-02  1.37509946e-01  8.00987073e+03 
 3.97042335e+14  2.72081960e+34  1.30441000e+01  9.12484576e-01  1.12606000e+01  8.87318218e-01  3.13638689e-01  5.23222671e-02  1.37522127e-01  7.79621664e+03 
 3.97645376e+14  2.74152743e+34  1.30521000e+01  9.18029373e-01  1.12786000e+01  8.92898814e-01  3.14393524e-01  5.19355438e-02  1.37520149e-01  7.58671539e+03 
 3.98248417e+14  2.76223526e+34  1.30611000e+01  9.23555948e-01  1.12966000e+01  8.98476201e-01  3.15092262e-01  5.15247207e-02  1.37516535e-01  7.38764512e+03 
 3.98851458e+14  2.78294309e+34  1.30701000e+01  9.29064226e-01  1.13146000e+01  9.04050279e-01  3.15783053e-01  5.10902470e-02  1.37564152e-01  7.19845874e+03 
 3.99454499e+14  2.80365092e+34  1.30781000e+01  9.34554133e-01  1.13326000e+01  9.09620945e-01  3.16514352e-01  5.06325686e-02  1.37538918e-01  7.00962750e+03 
 4.00057540e+14  2.82488298e+34  1.30871000e+01  9.40164141e-01  1.13496000e+01  9.15182851e-01  3.17217559e-01  5.04248193e-02  1.37523761e-01  6.82566252e+03 
 4.00660581e+14  2.84631158e+34  1.30961000e+01  9.45807308e-01  1.13676000e+01  9.20877230e-01  3.17923248e-01  5.00255025e-02  1.37564036e-01  6.64920730e+03 
 4.01263622e+14  2.86774019e+34  1.31051000e+01  9.51431577e-01  1.13856000e+01  9.26567927e-01  3.18620908e-01  4.96025905e-02  1.37537704e-01  6.47595825e+03 
 4.01866663e+14  2.88916880e+34  1.31131000e+01  9.57036874e-01  1.14036000e+01  9.32254853e-01  3.19359301e-01  4.91564937e-02  1.37497322e-01  6.30588621e+03 
 4.02469704e+14  2.91059740e+34  1.31221000e+01  9.62623118e-01  1.14206000e+01  9.37836224e-01  3.20041122e-01  4.88812637e-02  1.37456002e-01  6.14422865e+03 
 4.03072745e+14  2.93202601e+34  1.31311000e+01  9.68190267e-01  1.14376000e+01  9.43412944e-01  3.20715072e-01  4.85828566e-02  1.37466340e-01  5.99055045e+03 
 4.03675786e+14  2.95386529e+34  1.31401000e+01  9.73844538e-01  1.14556000e+01  9.49161163e-01  3.21402350e-01  4.81246202e-02  1.37418438e-01  5.83658180e+03 
 4.04278826e+14  2.97603073e+34  1.31491000e+01  9.79563726e-01  1.14726000e+01  9.54860753e-01  3.22098436e-01  4.78812068e-02  1.37369419e-01  5.68558440e+03 
 4.04881867e+14  2.99819618e+34  1.31571000e+01  9.85263250e-01  1.14906000e+01  9.60658799e-01  3.22835582e-01  4.74215654e-02  1.37306311e-01  5.53730361e+03 
 4.05484908e+14  3.02036162e+34  1.31661000e+01  9.90943062e-01  1.15076000e+01  9.66349065e-01  3.23515775e-01  4.71312665e-02  1.37242668e-01  5.39634578e+03 
 4.06087949e+14  3.04252706e+34  1.31751000e+01  9.96603094e-01  1.15246000e+01  9.72034397e-01  3.24188064e-01  4.68178670e-02  1.37171920e-01  5.26007628e+03 
 4.06690990e+14  3.06469250e+34  1.31841000e+01  1.00224329e+00  1.15416000e+01  9.77714736e-01  3.24852501e-01  4.64817358e-02  1.37094190e-01  5.12830775e+03 
 4.07294031e+14  3.08713363e+34  1.31931000e+01  1.00793345e+00  1.15586000e+01  9.83438527e-01  3.25522793e-01  4.61589587e-02  1.37073149e-01  5.00144780e+03 
 4.07897072e+14  3.11005201e+34  1.32021000e+01  1.01372431e+00  1.15766000e+01  9.89345839e-01  3.26208778e-01  4.56850803e-02  1.36994397e-01  4.87401622e+03 
 4.08500113e+14  3.13297038e+34  1.32111000e+01  1.01949477e+00  1.15936000e+01  9.95143479e-01  3.26886783e-01  4.53784365e-02  1.36908612e-01  4.75082508e+03 
 4.09103154e+14  3.15588876e+34  1.32201000e+01  1.02524478e+00  1.16106000e+01  1.00093570e+00  3.27556866e-01  4.50491915e-02  1.36815923e-01  4.63170512e+03 
 4.09706195e+14  3.17880714e+34  1.32291000e+01  1.03097428e+00  1.16276000e+01  1.00672242e+00  3.28219079e-01  4.46977258e-02  1.36716455e-01  4.51649476e+03 
 4.10309236e+14  3.20172551e+34  1.32371000e+01  1.03668324e+00  1.16436000e+01  1.01239770e+00  3.28923175e-01  4.45123866e-02  1.36603247e-01  4.40314780e+03 
 4.10912277e+14  3.22476163e+34  1.32461000e+01  1.04240079e+00  1.16606000e+01  1.01819340e+00  3.29575475e-01  4.41312932e-02  1.36492334e-01  4.29480178e+03 
 4.11515318e+14  3.24844907e+34  1.32551000e+01  1.04825888e+00  1.16776000e+01  1.02409616e+00  3.30250903e-01  4.38072684e-02  1.36384654e-01  4.18703098e+03 
 4.12118358e+14  3.27213651e+34  1.32641000e+01  1.05409584e+00  1.16946000e+01  1.02999317e+00  3.30918380e-01  4.34608505e-02  1.36270275e-01  4.08279864e+03 
 4.12721399e+14  3.29582395e+34  1.32731000e+01  1.05991162e+00  1.17116000e+01  1.03588414e+00  3.31577972e-01  4.30927672e-02  1.36149336e-01  3.98196528e+03 
 4.13324440e+14  3.31951139e+34  1.32821000e+01  1.06570620e+00  1.17276000e+01  1.04166171e+00  3.32229735e-01  4.28889567e-02  1.36021962e-01  3.88439767e+03 
 4.13927481e+14  3.34319883e+34  1.32911000e+01  1.07147951e+00  1.17436000e+01  1.04743273e+00  3.32873709e-01  4.26629172e-02  1.35888262e-01  3.78996853e+03 
 4.14530522e+14  3.36688627e+34  1.33001000e+01  1.07723154e+00  1.17606000e+01  1.05330502e+00  3.33509960e-01  4.22304256e-02  1.35806767e-01  3.70014728e+03 
 4.15133563e+14  3.39129419e+34  1.33091000e+01  1.08313664e+00  1.17766000e+01  1.05918535e+00  3.34171363e-01  4.20435276e-02  1.35670189e-01  3.60894295e+03 
 4.15736604e+14  3.41576684e+34  1.33181000e+01  1.08903558e+00  1.17936000e+01  1.06517833e+00  3.34827823e-01  4.16576879e-02  1.35528132e-01  3.52045541e+03 
 4.16339645e+14  3.44023950e+34  1.33271000e+01  1.09491263e+00  1.18096000e+01  1.07105603e+00  3.35476432e-01  4.14341752e-02  1.35379855e-01  3.43481525e+03 
 4.16942686e+14  3.46471216e+34  1.33361000e+01  1.10076776e+00  1.18256000e+01  1.07692663e+00  3.36117248e-01  4.11890539e-02  1.35225487e-01  3.35191224e+03 
 4.17545727e+14  3.48918481e+34  1.33451000e+01  1.10660096e+00  1.18426000e+01  1.08289954e+00  3.36750331e-01  4.07400762e-02  1.35065156e-01  3.27164103e+03 
 4.18148768e+14  3.51365747e+34  1.33531000e+01  1.11241220e+00  1.18586000e+01  1.08875601e+00  3.37426272e-01  4.04533745e-02  1.34891409e-01  3.19252613e+03 
 4.18751809e+14  3.53865813e+34  1.33621000e+01  1.11832633e+00  1.18746000e+01  1.09469337e+00  3.38067217e-01  4.02022898e-02  1.34725499e-01  3.11565253e+03 
 4.19354850e+14  3.56393216e+34  1.33711000e+01  1.12428264e+00  1.18906000e+01  1.10066901e+00  3.38712312e-01  3.99588089e-02  1.34556788e-01  3.04040994e+03 
 4.19957890e+14  3.58920619e+34  1.33801000e+01  1.13021638e+00  1.19066000e+01  1.10663712e+00  3.39349602e-01  3.96940746e-02  1.34382223e-01  2.96755659e+03 
 4.20560931e+14  3.61448022e+34  1.33891000e+01  1.13612752e+00  1.19226000e+01  1.11259758e+00  3.39979149e-01  3.94085964e-02  1.34201932e-01  2.89700115e+03 
 4.21163972e+14  3.63975425e+34  1.33981000e+01  1.14201606e+00  1.19386000e+01  1.11855034e+00  3.40601006e-01  3.91026782e-02  1.34016036e-01  2.82865625e+03 
 4.21767013e+14  3.66502828e+34  1.34071000e+01  1.14788195e+00  1.19536000e+01  1.12438394e+00  3.41215222e-01  3.89561513e-02  1.33882342e-01  2.76362933e+03 
 4.22370054e+14  3.69061005e+34  1.34161000e+01  1.15379629e+00  1.19696000e+01  1.13037139e+00  3.41834802e-01  3.86405759e-02  1.33688547e-01  2.69866092e+03 
 4.22973095e+14  3.71670160e+34  1.34251000e+01  1.15980532e+00  1.19856000e+01  1.13643453e+00  3.42468088e-01  3.83553906e-02  1.33494275e-01  2.63446954e+03 
 4.23576136e+14  3.74279316e+34  1.34341000e+01  1.16579111e+00  1.20016000e+01  1.14248954e+00  3.43093626e-01  3.80498997e-02  1.33294521e-01  2.57228963e+03 
 4.24179177e+14  3.76888472e+34  1.34421000e+01  1.17175362e+00  1.20166000e+01  1.14842381e+00  3.43762610e-01  3.79022537e-02  1.33081487e-01  2.51096186e+03 
 4.24782218e+14  3.79497628e+34  1.34511000e+01  1.17769288e+00  1.20326000e+01  1.15446225e+00  3.44372873e-01  3.75565260e-02  1.32871097e-01  2.45260534e+03 
 4.25385259e+14  3.82106783e+34  1.34601000e+01  1.18360885e+00  1.20476000e+01  1.16037923e+00  3.44975547e-01  3.73685593e-02  1.32712842e-01  2.39707570e+03 
 4.25988300e+14  3.84721735e+34  1.34691000e+01  1.18951463e+00  1.20636000e+01  1.16641009e+00  3.45573040e-01  3.69895954e-02  1.32492724e-01  2.34209422e+03 
 4.26591341e+14  3.87414258e+34  1.34781000e+01  1.19557166e+00  1.20786000e+01  1.17244373e+00  3.46194218e-01  3.68398256e-02  1.32274047e-01  2.28722210e+03 
 4.27194382e+14  3.90106780e+34  1.34871000e+01  1.20160480e+00  1.20946000e+01  1.17858212e+00  3.46807707e-01  3.64939236e-02  1.32050266e-01  2.23404685e+03 
 4.27797422e+14  3.92799303e+34  1.34951000e+01  1.20761402e+00  1.21096000e+01  1.18459761e+00  3.47465045e-01  3.63041104e-02  1.31813387e-01  2.18156268e+03 
 4.28400463e+14  3.95491825e+34  1.35041000e+01  1.21359934e+00  1.21246000e+01  1.19060381e+00  3.48063359e-01  3.60945455e-02  1.31579705e-01  2.13161544e+03 
 4.29003504e+14  3.98184348e+34  1.35131000e+01  1.21956076e+00  1.21396000e+01  1.19660065e+00  3.48654150e-01  3.58656479e-02  1.31398043e-01  2.08408304e+03 
 4.29606545e+14  4.00876870e+34  1.35221000e+01  1.22549829e+00  1.21546000e+01  1.20258813e+00  3.49237468e-01  3.56176682e-02  1.31154869e-01  2.03708884e+03 
 4.30209586e+14  4.03632064e+34  1.35301000e+01  1.23154954e+00  1.21696000e+01  1.20866501e+00  3.49889286e-01  3.54055100e-02  1.30903264e-01  1.98959400e+03 
 4.30812627e+14  4.06409564e+34  1.35391000e+01  1.23762531e+00  1.21846000e+01  1.21476739e+00  3.50490444e-01  3.51932562e-02  1.30656696e-01  1.94403070e+03 
 4.31415668e+14  4.09187065e+34  1.35481000e+01  1.24367655e+00  1.21996000e+01  1.22086012e+00  3.51084019e-01  3.49615517e-02  1.30461932e-01  1.90067091e+03 
 4.32018709e+14  4.11964565e+34  1.35571000e+01  1.24970326e+00  1.22146000e+01  1.22694316e+00  3.51670068e-01  3.47107139e-02  1.30206144e-01  1.85780164e+03 
 4.32621750e+14  4.14742065e+34  1.35651000e+01  1.25570546e+00  1.22296000e+01  1.23301646e+00  3.52300593e-01  3.44411073e-02  1.29937624e-01  1.81542951e+03 
 4.33224791e+14  4.17519566e+34  1.35741000e+01  1.26168318e+00  1.22446000e+01  1.23907964e+00  3.52871821e-01  3.41535377e-02  1.29729295e-01  1.77586556e+03 
 4.33827832e+14  4.20329939e+34  1.35831000e+01  1.26770680e+00  1.22586000e+01  1.24506662e+00  3.53447869e-01  3.40464231e-02  1.29462408e-01  1.73625078e+03 
 4.34430873e+14  4.23194024e+34  1.35911000e+01  1.27382046e+00  1.22736000e+01  1.25124364e+00  3.54088438e-01  3.37921047e-02  1.29185885e-01  1.69634967e+03 
 4.35033914e+14  4.26058110e+34  1.36001000e+01  1.27990899e+00  1.22886000e+01  1.25741040e+00  3.54669432e-01  3.35192154e-02  1.28969378e-01  1.65909037e+03 
 4.35636954e+14  4.28922195e+34  1.36091000e+01  1.28597242e+00  1.23026000e+01  1.26344850e+00  3.55242971e-01  3.33992950e-02  1.28692778e-01  1.62222584e+03 
 4.36239995e+14  4.31786281e+34  1.36171000e+01  1.29201073e+00  1.23176000e+01  1.26959463e+00  3.55861363e-01  3.30894883e-02  1.28403637e-01  1.58576286e+03 
 4.36843036e+14  4.34650366e+34  1.36261000e+01  1.29802398e+00  1.23316000e+01  1.27561139e+00  3.56420195e-01  3.29326688e-02  1.28174632e-01  1.55172491e+03 
 4.37446077e+14  4.37514452e+34  1.36341000e+01  1.30401220e+00  1.23456000e+01  1.28161728e+00  3.57024106e-01  3.27577438e-02  1.27877584e-01  1.51735395e+03 
 4.38049118e+14  4.40466308e+34  1.36431000e+01  1.31015815e+00  1.23606000e+01  1.28786456e+00  3.57599537e-01  3.24616598e-02  1.27644611e-01  1.48428590e+03 
 4.38652159e+14  4.43418581e+34  1.36521000e+01  1.31627927e+00  1.23746000e+01  1.29398180e+00  3.58167674e-01  3.23177359e-02  1.27352320e-01  1.45155110e+03 
 4.39255200e+14  4.46370853e+34  1.36601000e+01  1.32237469e+00  1.23886000e+01  1.30008797e+00  3.58780937e-01  3.21551897e-02  1.27102775e-01  1.41977708e+03 
 4.39858241e+14  4.49323126e+34  1.36691000e+01  1.32844445e+00  1.24036000e+01  1.30630306e+00  3.59334376e-01  3.18060420e-02  1.26802913e-01  1.38892955e+03 
 4.40461282e+14  4.52275398e+34  1.36771000e+01  1.33448859e+00  1.24176000e+01  1.31238688e+00  3.59933170e-01  3.16081301e-02  1.26545756e-01  1.35897588e+03 
 4.41064323e+14  4.55227671e+34  1.36851000e+01  1.34050715e+00  1.24316000e+01  1.31845929e+00  3.60524836e-01  3.13928945e-02  1.26230032e-01  1.32930695e+03 
 4.41667364e+14  4.58232347e+34  1.36941000e+01  1.34660644e+00  1.24456000e+01  1.32459796e+00  3.61074503e-01  3.11977358e-02  1.25976184e-01  1.30113053e+03 
 4.42270405e+14  4.61274402e+34  1.37021000e+01  1.35275543e+00  1.24596000e+01  1.33078028e+00  3.61682346e-01  3.10115629e-02  1.25656555e-01  1.27230949e+03 
 4.42873445e+14  4.64316457e+34  1.37111000e+01  1.35887818e+00  1.24736000e+01  1.33695083e+00  3.62230110e-01  3.08077812e-02  1.25396778e-01  1.24541365e+03 
 4.43476486e+14  4.67358512e+34  1.37191000e+01  1.36497474e+00  1.24866000e+01  1.34298776e+00  3.62823501e-01  3.07532316e-02  1.25070258e-01  1.21822488e+03 
 4.44079527e+14  4.70400567e+34  1.37281000e+01  1.37104515e+00  1.25006000e+01  1.34913440e+00  3.63356829e-01  3.05149299e-02  1.24803618e-01  1.19285854e+03 
 4.44682568e+14  4.73442622e+34  1.37361000e+01  1.37708943e+00  1.25146000e+01  1.35526951e+00  3.63935977e-01  3.02594923e-02  1.24524782e-01  1.16769834e+03 
 4.45285609e+14  4.76497841e+34  1.37441000e+01  1.38313366e+00  1.25276000e+01  1.36128912e+00  3.64512417e-01  3.01620535e-02  1.24243006e-01  1.14314444e+03 
 4.45888650e+14  4.79631267e+34  1.37531000e+01  1.38930586e+00  1.25416000e+01  1.36753219e+00  3.65054186e-01  2.99344314e-02  1.23914842e-01  1.11867873e+03 
 4.46491691e+14  4.82764692e+34  1.37611000e+01  1.39545128e+00  1.25556000e+01  1.37376324e+00  3.65641833e-01  2.96896353e-02  1.23628543e-01  1.09491271e+03 
 4.47094732e+14  4.85898117e+34  1.37691000e+01  1.40156999e+00  1.25686000e+01  1.37985856e+00  3.66222377e-01  2.95927870e-02  1.23339019e-01  1.07182205e+03 
 4.47697773e+14  4.89031543e+34  1.37771000e+01  1.40766205e+00  1.25826000e+01  1.38606485e+00  3.66795870e-01  2.93147380e-02  1.22992740e-01  1.04892611e+03 
 4.48300814e+14  4.92164968e+34  1.37861000e+01  1.41372751e+00  1.25956000e+01  1.39213488e+00  3.67309068e-01  2.91844815e-02  1.22706153e-01  1.02757445e+03 
 4.48903855e+14  4.95298393e+34  1.37941000e+01  1.41976640e+00  1.26086000e+01  1.39819230e+00  3.67868563e-01  2.90375428e-02  1.22407640e-01  1.00637370e+03 
 4.49506896e+14  4.98494630e+34  1.38021000e+01  1.42589924e+00  1.26226000e+01  1.40445018e+00  3.68440764e-01  2.87503532e-02  1.22107292e-01  9.85352557e+02 
 4.50109937e+14  5.01721004e+34  1.38101000e+01  1.43206273e+00  1.26356000e+01  1.41061322e+00  3.69015319e-01  2.86288266e-02  1.21804491e-01  9.64729545e+02 
 4.50712977e+14  5.04947379e+34  1.38181000e+01  1.43819902e+00  1.26486000e+01  1.41676317e+00  3.69582833e-01  2.84905224e-02  1.21445758e-01  9.44272710e+02 
 4.51316018e+14  5.08173753e+34  1.38261000e+01  1.44430817e+00  1.26616000e+01  1.42290004e+00  3.70143361e-01  2.83357242e-02  1.21137377e-01  9.24795430e+02 
 4.51919059e+14  5.11400127e+34  1.38341000e+01  1.45039024e+00  1.26746000e+01  1.42902367e+00  3.70696961e-01  2.81649116e-02  1.20826290e-01  9.05857794e+02 
 4.52522100e+14  5.14626502e+34  1.38421000e+01  1.45644531e+00  1.26876000e+01  1.43513408e+00  3.71243684e-01  2.79783253e-02  1.20512582e-01  8.87441598e+02 
 4.53125141e+14  5.17869696e+34  1.38501000e+01  1.46250479e+00  1.27006000e+01  1.44125452e+00  3.71788621e-01  2.77860133e-02  1.20196492e-01  8.69437216e+02 
 4.53728182e+14  5.21190588e+34  1.38591000e+01  1.46868178e+00  1.27136000e+01  1.44746894e+00  3.72296162e-01  2.76230493e-02  1.19887715e-01  8.51882433e+02 
 4.54331223e+14  5.24511480e+34  1.38671000e+01  1.47483112e+00  1.27266000e+01  1.45366972e+00  3.72850426e-01  2.74441999e-02  1.19567222e-01  8.34444188e+02 
 4.54934264e+14  5.27832372e+34  1.38751000e+01  1.48095285e+00  1.27396000e+01  1.45985698e+00  3.73397774e-01  2.72495026e-02  1.19244253e-01  8.17485926e+02 
 4.55537305e+14  5.31153264e+34  1.38831000e+01  1.48704706e+00  1.27516000e+01  1.46590365e+00  3.73938262e-01  2.71993175e-02  1.18918895e-01  8.00991562e+02 
 4.56140346e+14  5.34474156e+34  1.38901000e+01  1.49311382e+00  1.27646000e+01  1.47206352e+00  3.74525875e-01  2.69736216e-02  1.18581986e-01  7.84601948e+02 
 4.56743387e+14  5.37795047e+34  1.38981000e+01  1.49915321e+00  1.27776000e+01  1.47820974e+00  3.75052848e-01  2.67330116e-02  1.18303907e-01  7.69333314e+02 
 4.57346428e+14  5.41178379e+34  1.39061000e+01  1.50527821e+00  1.27896000e+01  1.48429890e+00  3.75590982e-01  2.66704768e-02  1.17971847e-01  7.53858122e+02 
 4.57949469e+14  5.44595345e+34  1.39141000e+01  1.51143612e+00  1.28026000e+01  1.49054662e+00  3.76131893e-01  2.64520657e-02  1.17637643e-01  7.38654427e+02 
 4.58552509e+14  5.48012311e+34  1.39221000e+01  1.51756599e+00  1.28146000e+01  1.49665238e+00  3.76665953e-01  2.63766253e-02  1.17301273e-01  7.23863896e+02 
 4.59155550e+14  5.51429277e+34  1.39301000e+01  1.52366794e+00  1.28276000e+01  1.50287198e+00  3.77193231e-01  2.61278031e-02  1.16962832e-01  7.09472855e+02 
 4.59758591e+14  5.54846244e+34  1.39371000e+01  1.52974200e+00  1.28396000e+01  1.50894910e+00  3.77767981e-01  2.60219328e-02  1.16613039e-01  6.95162950e+02 
 4.60361632e+14  5.58263210e+34  1.39451000e+01  1.53578829e+00  1.28516000e+01  1.51501161e+00  3.78281880e-01  2.59012732e-02  1.16321735e-01  6.81837136e+02 
 4.60964673e+14  5.61689040e+34  1.39531000e+01  1.54182247e+00  1.28636000e+01  1.52107132e+00  3.78791581e-01  2.57704290e-02  1.15977353e-01  6.68533621e+02 
 4.61567714e+14  5.65203625e+34  1.39611000e+01  1.54798455e+00  1.28766000e+01  1.52736252e+00  3.79318946e-01  2.55129356e-02  1.15630781e-01  6.55249844e+02 
 4.62170755e+14  5.68718210e+34  1.39681000e+01  1.55411819e+00  1.28886000e+01  1.53350974e+00  3.79893932e-01  2.53974705e-02  1.15323630e-01  6.42322514e+02 
 4.62773796e+14  5.72232794e+34  1.39761000e+01  1.56022350e+00  1.29006000e+01  1.53964213e+00  3.80407850e-01  2.52671184e-02  1.14973279e-01  6.29739914e+02 
 4.63376837e+14  5.75747379e+34  1.39841000e+01  1.56630057e+00  1.29126000e+01  1.54575958e+00  3.80915109e-01  2.51222704e-02  1.14621233e-01  6.17490854e+02 
 4.63979878e+14  5.79261964e+34  1.39911000e+01  1.57234948e+00  1.29246000e+01  1.55186224e+00  3.81470289e-01  2.49630406e-02  1.14308409e-01  6.05564565e+02 
 4.64582919e+14  5.82776549e+34  1.39991000e+01  1.57837033e+00  1.29366000e+01  1.55794994e+00  3.81964421e-01  2.47898285e-02  1.13953039e-01  5.93950593e+02 
 4.65185960e+14  5.86340693e+34  1.40061000e+01  1.58444759e+00  1.29486000e+01  1.56408652e+00  3.82519667e-01  2.46260153e-02  1.13636277e-01  5.82481443e+02 
 4.65789001e+14  5.89954427e+34  1.40141000e+01  1.59058073e+00  1.29606000e+01  1.57027145e+00  3.83026706e-01  2.44714595e-02  1.13276812e-01  5.71158803e+02 
 4.66392041e+14  5.93568160e+34  1.40211000e+01  1.59668517e+00  1.29716000e+01  1.57630977e+00  3.83581820e-01  2.44573669e-02  1.12956141e-01  5.60134351e+02 
 4.66995082e+14  5.97181894e+34  1.40291000e+01  1.60276100e+00  1.29836000e+01  1.58246418e+00  3.84075668e-01  2.42740827e-02  1.12593630e-01  5.49398447e+02 
 4.67598123e+14  6.00795627e+34  1.40361000e+01  1.60880833e+00  1.29956000e+01  1.58860321e+00  3.84617792e-01  2.40772674e-02  1.12269773e-01  5.38941911e+02 
 4.68201164e+14  6.04409360e+34  1.40431000e+01  1.61482725e+00  1.30066000e+01  1.59459515e+00  3.85153513e-01  2.40205476e-02  1.11894946e-01  5.28522456e+02 
 4.68804205e+14  6.08023094e+34  1.40511000e+01  1.62081787e+00  1.30186000e+01  1.60070376e+00  3.85627983e-01  2.37963804e-02  1.11577721e-01  5.18831593e+02 
 4.69407246e+14  6.11725031e+34  1.40581000e+01  1.62692570e+00  1.30296000e+01  1.60677474e+00  3.86173119e-01  2.37512954e-02  1.11248243e-01  5.08927697e+02 
 4.70010287e+14  6.15439428e+34  1.40651000e+01  1.63302509e+00  1.30416000e+01  1.61297810e+00  3.86714914e-01  2.35443843e-02  1.10868082e-01  4.99027807e+02 
 4.70613328e+14  6.19153825e+34  1.40731000e+01  1.63909556e+00  1.30526000e+01  1.61903272e+00  3.87195245e-01  2.34769920e-02  1.10545241e-01  4.89819342e+02 
 4.71216369e+14  6.22868222e+34  1.40801000e+01  1.64513720e+00  1.30646000e+01  1.62520466e+00  3.87724192e-01  2.32432498e-02  1.10211452e-01  4.80632554e+02 
 4.71819410e+14  6.26582619e+34  1.40871000e+01  1.65115011e+00  1.30756000e+01  1.63122787e+00  3.88246809e-01  2.31484399e-02  1.09876364e-01  4.71680424e+02 
 4.72422451e+14  6.30297016e+34  1.40941000e+01  1.65713442e+00  1.30866000e+01  1.63723499e+00  3.88763151e-01  2.30404995e-02  1.09491553e-01  4.62750667e+02 
 4.73025492e+14  6.34033797e+34  1.41011000e+01  1.66312603e+00  1.30976000e+01  1.64325345e+00  3.89278648e-01  2.29286749e-02  1.09153784e-01  4.54199167e+02 
 4.73628533e+14  6.37850355e+34  1.41091000e+01  1.66921633e+00  1.31086000e+01  1.64935262e+00  3.89751761e-01  2.28366016e-02  1.08823049e-01  4.45884832e+02 
 4.74231573e+14  6.41666914e+34  1.41161000e+01  1.67527740e+00  1.31196000e+01  1.65543549e+00  3.90273734e-01  2.27310638e-02  1.08481501e-01  4.37586635e+02 
 4.74834614e+14  6.45483472e+34  1.41231000e+01  1.68130935e+00  1.31306000e+01  1.66150213e+00  3.90789404e-01  2.26122247e-02  1.08138852e-01  4.29499009e+02 
 4.75437655e+14  6.49300030e+34  1.41301000e+01  1.68731229e+00  1.31416000e+01  1.66755258e+00  3.91298820e-01  2.24802924e-02  1.07795160e-01  4.21615408e+02 
 4.76040696e+14  6.53116589e+34  1.41371000e+01  1.69328633e+00  1.31526000e+01  1.67358687e+00  3.91802030e-01  2.23354724e-02  1.07450485e-01  4.13929519e+02 
 4.76643737e+14  6.56933147e+34  1.41441000e+01  1.69923159e+00  1.31636000e+01  1.67960503e+00  3.92299080e-01  2.21779740e-02  1.07104883e-01  4.06435259e+02 
 4.77246778e+14  6.60804391e+34  1.41511000e+01  1.70523283e+00  1.31746000e+01  1.68567163e+00  3.92802590e-01  2.20291921e-02  1.06757220e-01  3.99023259e+02 
 4.77849819e+14  6.64724591e+34  1.41581000e+01  1.71128058e+00  1.31856000e+01  1.69177954e+00  3.93311126e-01  2.18865933e-02  1.06407603e-01  3.91705628e+02 
 4.78452860e+14  6.68644791e+34  1.41651000e+01  1.71729894e+00  1.31956000e+01  1.69773466e+00  3.93813433e-01  2.18809811e-02  1.06057131e-01  3.84571380e+02 
 4.79055901e+14  6.72564991e+34  1.41721000e+01  1.72328804e+00  1.32066000e+01  1.70380935e+00  3.94309555e-01  2.17127646e-02  1.05705856e-01  3.77614881e+02 
 4.79658942e+14  6.76485192e+34  1.41791000e+01  1.72924798e+00  1.32176000e+01  1.70986752e+00  3.94799545e-01  2.15322506e-02  1.05353837e-01  3.70830696e+02 
 4.80261983e+14  6.80405392e+34  1.41851000e+01  1.73517890e+00  1.32276000e+01  1.71577242e+00  3.95339196e-01  2.14885456e-02  1.04991372e-01  3.64051401e+02 
 4.80865024e+14  6.84325592e+34  1.41921000e+01  1.74108091e+00  1.32386000e+01  1.72179757e+00  3.95817102e-01  2.12836554e-02  1.04684658e-01  3.57758501e+02 
 4.81468065e+14  6.88329976e+34  1.41991000e+01  1.74708013e+00  1.32486000e+01  1.72776574e+00  3.96307508e-01  2.12457234e-02  1.04328490e-01  3.51326787e+02 
 4.82071105e+14  6.92355279e+34  1.42061000e+01  1.75308113e+00  1.32596000e+01  1.73387813e+00  3.96796369e-01  2.10545069e-02  1.03971186e-01  3.45021085e+02 
 4.82674146e+14  6.96380582e+34  1.42121000e+01  1.75905264e+00  1.32696000e+01  1.73983607e+00  3.97335044e-01  2.09991813e-02  1.03603528e-01  3.38719361e+02 
 4.83277187e+14  7.00405886e+34  1.42191000e+01  1.76499477e+00  1.32796000e+01  1.74577679e+00  3.97811781e-01  2.09315452e-02  1.03291245e-01  3.32870510e+02 
 4.83880228e+14  7.04431189e+34  1.42261000e+01  1.77090765e+00  1.32906000e+01  1.75183853e+00  3.98282505e-01  2.07042877e-02  1.02932245e-01  3.27016405e+02 
 4.84483269e+14  7.08456492e+34  1.42321000e+01  1.77679141e+00  1.33006000e+01  1.75774533e+00  3.98803312e-01  2.06127528e-02  1.02563022e-01  3.21160324e+02 
 4.85086310e+14  7.12485866e+34  1.42391000e+01  1.78265209e+00  1.33106000e+01  1.76363965e+00  3.99263049e-01  2.05108020e-02  1.02248831e-01  3.15723180e+02 
 4.85689351e+14  7.16617713e+34  1.42461000e+01  1.78863208e+00  1.33206000e+01  1.76963120e+00  3.99738407e-01  2.04315529e-02  1.01885655e-01  3.10138930e+02 
 4.86292392e+14  7.20749560e+34  1.42521000e+01  1.79458237e+00  1.33306000e+01  1.77560525e+00  4.00263903e-01  2.03403219e-02  1.01557755e-01  3.04690414e+02 
 4.86895433e+14  7.24881407e+34  1.42591000e+01  1.80050309e+00  1.33406000e+01  1.78156187e+00  4.00727280e-01  2.02372314e-02  1.01193782e-01  2.99373550e+02 
 4.87498474e+14  7.29013254e+34  1.42651000e+01  1.80639437e+00  1.33506000e+01  1.78750114e+00  4.01240979e-01  2.01225004e-02  1.00864906e-01  2.94184454e+02 
 4.88101515e+14  7.33145101e+34  1.42721000e+01  1.81225634e+00  1.33606000e+01  1.79342309e+00  4.01692567e-01  1.99962750e-02  1.00500326e-01  2.89119316e+02 
 4.88704556e+14  7.37276948e+34  1.42781000e+01  1.81808914e+00  1.33706000e+01  1.79932776e+00  4.02194650e-01  1.98587902e-02  1.00170656e-01  2.84174518e+02 
 4.89307596e+14  7.41434542e+34  1.42841000e+01  1.82392898e+00  1.33796000e+01  1.80510329e+00  4.02696200e-01  1.98634967e-02  9.98398380e-02  2.79316784e+02 
 4.89910637e+14  7.45674352e+34  1.42911000e+01  1.82985457e+00  1.33896000e+01  1.81109016e+00  4.03152078e-01  1.97372673e-02  9.94714114e-02  2.74480868e+02 
 4.90513678e+14  7.49914162e+34  1.42971000e+01  1.83575040e+00  1.33996000e+01  1.81705942e+00  4.03658514e-01  1.95996481e-02  9.91375542e-02  2.69760396e+02 
 4.91116719e+14  7.54153973e+34  1.43031000e+01  1.84161664e+00  1.34096000e+01  1.82301103e+00  4.04159170e-01  1.94508998e-02  9.88033668e-02  2.65151964e+02 
 4.91719760e+14  7.58393783e+34  1.43101000e+01  1.84745341e+00  1.34186000e+01  1.82880443e+00  4.04597529e-01  1.94354249e-02  9.84344864e-02  2.60652281e+02 
 4.92322801e+14  7.62633593e+34  1.43161000e+01  1.85326085e+00  1.34286000e+01  1.83472081e+00  4.05086715e-01  1.92646078e-02  9.80998974e-02  2.56258211e+02 
 4.92925842e+14  7.66873404e+34  1.43221000e+01  1.85903911e+00  1.34376000e+01  1.84047868e+00  4.05570253e-01  1.92270064e-02  9.77651009e-02  2.51966681e+02 
 4.93528883e+14  7.71157052e+34  1.43281000e+01  1.86484764e+00  1.34476000e+01  1.84640627e+00  4.06056620e-01  1.90475692e-02  9.74287800e-02  2.47731875e+02 
 4.94131924e+14  7.75506222e+34  1.43341000e+01  1.87071526e+00  1.34566000e+01  1.85224363e+00  4.06549897e-01  1.90200185e-02  9.70902655e-02  2.43532972e+02 
 4.94734965e+14  7.79855392e+34  1.43401000e+01  1.87655315e+00  1.34666000e+01  1.85820442e+00  4.07037465e-01  1.88381089e-02  9.67079915e-02  2.39324577e+02 
 4.95338006e+14  7.84204562e+34  1.43471000e+01  1.88236143e+00  1.34756000e+01  1.86400564e+00  4.07462552e-01  1.87885673e-02  9.63792486e-02  2.35427648e+02 
 4.95941047e+14  7.88553733e+34  1.43531000e+01  1.88814026e+00  1.34846000e+01  1.86978874e+00  4.07938792e-01  1.87282519e-02  9.60405571e-02  2.31515643e+02 
 4.96544088e+14  7.92902903e+34  1.43591000e+01  1.89388978e+00  1.34936000e+01  1.87555381e+00  4.08409456e-01  1.86572837e-02  9.57018385e-02  2.27693830e+02 
 4.97147128e+14  7.97252073e+34  1.43651000e+01  1.89961012e+00  1.35026000e+01  1.88130093e+00  4.08874587e-01  1.85758176e-02  9.53631289e-02  2.23959640e+02 
 4.97750169e+14  8.01659315e+34  1.43711000e+01  1.90537731e+00  1.35116000e+01  1.88708947e+00  4.09344901e-01  1.84997970e-02  9.50225878e-02  2.20262388e+02 
 4.98353210e+14  8.06119218e+34  1.43771000e+01  1.91118367e+00  1.35216000e+01  1.89305649e+00  4.09819301e-01  1.82854573e-02  9.46803918e-02  2.16607138e+02 
 4.98956251e+14  8.10579121e+34  1.43821000e+01  1.91696032e+00  1.35306000e+01  1.89886245e+00  4.10345176e-01  1.82028042e-02  9.43283674e-02  2.12939681e+02 
 4.99559292e+14  8.15039024e+34  1.43881000e+01  1.92270742e+00  1.35396000e+01  1.90465013e+00  4.10808476e-01  1.81097464e-02  9.40289238e-02  2.09546819e+02 
 5.00162333e+14  8.19498928e+34  1.43941000e+01  1.92842511e+00  1.35486000e+01  1.91041961e+00  4.11266272e-01  1.80064692e-02  9.36869162e-02  2.06137031e+02 
 5.00765374e+14  8.23958831e+34  1.44001000e+01  1.93411353e+00  1.35566000e+01  1.91602730e+00  4.11718606e-01  1.80342623e-02  9.33450837e-02  2.02804484e+02 
 5.01368415e+14  8.28418734e+34  1.44061000e+01  1.93977284e+00  1.35656000e+01  1.92176052e+00  4.12165518e-01  1.79106683e-02  9.30034578e-02  1.99547012e+02 
 5.01971456e+14  8.32946811e+34  1.44111000e+01  1.94548911e+00  1.35746000e+01  1.92754326e+00  4.12676300e-01  1.77945694e-02  9.26498945e-02  1.96225273e+02 
 5.02574497e+14  8.37518795e+34  1.44171000e+01  1.95123113e+00  1.35836000e+01  1.93335100e+00  4.13132071e-01  1.76796131e-02  9.23469468e-02  1.93124287e+02 
 5.03177538e+14  8.42090778e+34  1.44231000e+01  1.95694351e+00  1.35926000e+01  1.93914027e+00  4.13582365e-01  1.75547178e-02  9.20022037e-02  1.90006401e+02 
 5.03780579e+14  8.46662762e+34  1.44291000e+01  1.96262641e+00  1.36006000e+01  1.94476670e+00  4.14027226e-01  1.75600314e-02  9.16577607e-02  1.86958684e+02 
 5.04383620e+14  8.51234745e+34  1.44341000e+01  1.96827998e+00  1.36096000e+01  1.95051928e+00  4.14524136e-01  1.74153372e-02  9.13452882e-02  1.83979190e+02 
 5.04986660e+14  8.55806729e+34  1.44401000e+01  1.97390438e+00  1.36176000e+01  1.95610861e+00  4.14958295e-01  1.74009251e-02  9.10014048e-02  1.81066010e+02 
 5.05589701e+14  8.60378713e+34  1.44451000e+01  1.97949974e+00  1.36266000e+01  1.96182471e+00  4.15444670e-01  1.72370896e-02  9.06480030e-02  1.78136181e+02 
 5.06192742e+14  8.65024565e+34  1.44511000e+01  1.98515603e+00  1.36346000e+01  1.96744822e+00  4.15880685e-01  1.72208151e-02  9.03435738e-02  1.75386814e+02 
 5.06795783e+14  8.69709951e+34  1.44571000e+01  1.99083086e+00  1.36436000e+01  1.97323641e+00  4.16317957e-01  1.70647386e-02  8.99969257e-02  1.72595776e+02 
 5.07398824e+14  8.74395337e+34  1.44621000e+01  1.99647616e+00  1.36516000e+01  1.97886034e+00  4.16807515e-01  1.70382867e-02  8.96817307e-02  1.69866807e+02 
 5.08001865e+14  8.79080723e+34  1.44681000e+01  2.00209208e+00  1.36596000e+01  1.98446549e+00  4.17234144e-01  1.70021285e-02  8.93358744e-02  1.67198180e+02 
 5.08604906e+14  8.83766109e+34  1.44731000e+01  2.00767878e+00  1.36686000e+01  1.99019813e+00  4.17713222e-01  1.68177916e-02  8.90212740e-02  1.64588259e+02 
 5.09207947e+14  8.88451494e+34  1.44781000e+01  2.01323642e+00  1.36766000e+01  1.99576625e+00  4.18187143e-01  1.67628308e-02  8.87069513e-02  1.62035434e+02 
 5.09810988e+14  8.93136880e+34  1.44841000e+01  2.01876516e+00  1.36846000e+01  2.00131571e+00  4.18598133e-01  1.66987280e-02  8.83624201e-02  1.59538147e+02 
 5.10414029e+14  8.97897146e+34  1.44891000e+01  2.02435291e+00  1.36926000e+01  2.00691641e+00  4.19073820e-01  1.66418399e-02  8.80462660e-02  1.57056257e+02 
 5.11017070e+14  9.02697228e+34  1.44941000e+01  2.02995792e+00  1.37006000e+01  2.01253522e+00  4.19550708e-01  1.65843394e-02  8.77290743e-02  1.54608374e+02 
 5.11620111e+14  9.07497311e+34  1.45001000e+01  2.03553355e+00  1.37086000e+01  2.01813515e+00  4.19964487e-01  1.65175259e-02  8.73821000e-02  1.52213973e+02 
 5.12223152e+14  9.12297393e+34  1.45051000e+01  2.04107994e+00  1.37166000e+01  2.02371627e+00  4.20431035e-01  1.64415841e-02  8.70657730e-02  1.49871621e+02 
 5.12826192e+14  9.17097476e+34  1.45101000e+01  2.04659726e+00  1.37246000e+01  2.02927869e+00  4.20892495e-01  1.63566175e-02  8.67498555e-02  1.47579906e+02 
 5.13429233e+14  9.21897558e+34  1.45151000e+01  2.05208566e+00  1.37326000e+01  2.03482249e+00  4.21348905e-01  1.62627527e-02  8.64343706e-02  1.45337468e+02 
 5.14032274e+14  9.26697640e+34  1.45201000e+01  2.05754530e+00  1.37406000e+01  2.04034773e+00  4.21800304e-01  1.61601378e-02  8.60798008e-02  1.43077269e+02 
 5.14635315e+14  9.31568652e+34  1.45261000e+01  2.06305646e+00  1.37486000e+01  2.04591832e+00  4.22199449e-01  1.60633467e-02  8.57727896e-02  1.40963767e+02 
 5.15238356e+14  9.36484697e+34  1.45311000e+01  2.06858927e+00  1.37566000e+01  2.05151067e+00  4.22658524e-01  1.59668194e-02  8.54548143e-02  1.38811687e+02 
 5.15841397e+14  9.41400742e+34  1.45361000e+01  2.07409286e+00  1.37646000e+01  2.05708395e+00  4.23112541e-01  1.58616677e-02  8.51373491e-02  1.36705828e+02 
 5.16444438e+14  9.46316787e+34  1.45411000e+01  2.07956739e+00  1.37716000e+01  2.06249015e+00  4.23561538e-01  1.58839668e-02  8.48204155e-02  1.34644956e+02 
 5.17047479e+14  9.51232833e+34  1.45461000e+01  2.08501301e+00  1.37796000e+01  2.06802575e+00  4.24005554e-01  1.57614299e-02  8.45040342e-02  1.32627878e+02 
 5.17650520e+14  9.56148878e+34  1.45511000e+01  2.09042989e+00  1.37876000e+01  2.07354276e+00  4.24444622e-01  1.56304336e-02  8.41882244e-02  1.30653434e+02 
 5.18253561e+14  9.61064923e+34  1.45561000e+01  2.09581819e+00  1.37946000e+01  2.07889240e+00  4.24878788e-01  1.56267875e-02  8.38730092e-02  1.28720504e+02 
 5.18856602e+14  9.66042709e+34  1.45611000e+01  2.10124525e+00  1.38026000e+01  2.08442603e+00  4.25317119e-01  1.54908669e-02  8.35562566e-02  1.26804467e+02 
 5.19459643e+14  9.71075953e+34  1.45661000e+01  2.10670370e+00  1.38096000e+01  2.08983993e+00  4.25758616e-01  1.54924465e-02  8.32382023e-02  1.24907990e+02 
 5.20062684e+14  9.76109198e+34  1.45711000e+01  2.11213310e+00  1.38176000e+01  2.09538398e+00  4.26195155e-01  1.53502191e-02  8.29207893e-02  1.23051550e+02 
 5.20665724e+14  9.81142442e+34  1.45751000e+01  2.11753365e+00  1.38246000e+01  2.10075964e+00  4.26685339e-01  1.53348537e-02  8.25941914e-02  1.21178062e+02 
 5.21268765e+14  9.86175687e+34  1.45801000e+01  2.12290548e+00  1.38316000e+01  2.10611636e+00  4.27112127e-01  1.53109469e-02  8.23162029e-02  1.19454615e+02 
 5.21871806e+14  9.91208932e+34  1.45851000e+01  2.12824877e+00  1.38396000e+01  2.11160394e+00  4.27534077e-01  1.51441876e-02  8.20007175e-02  1.17712106e+02 
 5.22474847e+14  9.96242176e+34  1.45901000e+01  2.13356370e+00  1.38466000e+01  2.11692285e+00  4.27951229e-01  1.51041648e-02  8.16859513e-02  1.16005620e+02 
 5.23077888e+14  1.00132246e+35  1.45951000e+01  2.13889970e+00  1.38536000e+01  2.12226284e+00  4.28370191e-01  1.50641978e-02  8.13702868e-02  1.14318759e+02 
 5.23680929e+14  1.00647411e+35  1.45991000e+01  2.14428181e+00  1.38606000e+01  2.12764386e+00  4.28853050e-01  1.50286670e-02  8.10806654e-02  1.12643670e+02 
 5.24283970e+14  1.01162576e+35  1.46041000e+01  2.14963510e+00  1.38686000e+01  2.13315605e+00  4.29272344e-01  1.48511111e-02  8.07639232e-02  1.11003341e+02 
 5.24887011e+14  1.01677741e+35  1.46091000e+01  2.15495975e+00  1.38756000e+01  2.13849900e+00  4.29686830e-01  1.47994303e-02  8.04479638e-02  1.09396878e+02 
 5.25490052e+14  1.02192906e+35  1.46131000e+01  2.16025593e+00  1.38826000e+01  2.14382279e+00  4.30155423e-01  1.47399543e-02  8.01602301e-02  1.07823417e+02 
 5.26093093e+14  1.02708071e+35  1.46181000e+01  2.16552378e+00  1.38896000e+01  2.14912774e+00  4.30560439e-01  1.46725568e-02  7.98457663e-02  1.06282100e+02 
 5.26696134e+14  1.03223236e+35  1.46221000e+01  2.17076349e+00  1.38966000e+01  2.15441396e+00  4.31019714e-01  1.45973800e-02  7.95593339e-02  1.04772119e+02 
 5.27299175e+14  1.03741056e+35  1.46271000e+01  2.17600201e+00  1.39036000e+01  2.15970297e+00  4.31418951e-01  1.45190362e-02  7.92455115e-02  1.03285118e+02 
 5.27902216e+14  1.04268179e+35  1.46311000e+01  2.18130604e+00  1.39096000e+01  2.16489762e+00  4.31884943e-01  1.45810218e-02  7.89563305e-02  1.01802214e+02 
 5.28505256e+14  1.04795302e+35  1.46361000e+01  2.18658150e+00  1.39166000e+01  2.17022427e+00  4.32287187e-01  1.45022617e-02  7.86409258e-02  1.00349565e+02 
 5.29108297e+14  1.05322426e+35  1.46401000e+01  2.19182856e+00  1.39236000e+01  2.17553186e+00  4.32743848e-01  1.44159034e-02  7.83531685e-02  9.89264108e+01 
 5.29711338e+14  1.05849549e+35  1.46451000e+01  2.19704739e+00  1.39306000e+01  2.18082048e+00  4.33136754e-01  1.43220333e-02  7.80394391e-02  9.75319939e+01 
 5.30314379e+14  1.06376672e+35  1.46491000e+01  2.20223816e+00  1.39376000e+01  2.18609024e+00  4.33584228e-01  1.42207858e-02  7.77531629e-02  9.61655999e+01 
 5.30917420e+14  1.06903795e+35  1.46541000e+01  2.20740102e+00  1.39436000e+01  2.19118939e+00  4.33967936e-01  1.42440333e-02  7.74411602e-02  9.48265145e+01 
