# rhoc (cgs) 	 Pc (cgs) 	 R (km) 	 M (msol) 	 R_core (km) 	 M_core (msol) 	 I/(MR^2) 	 I_crust/(M_crust R_crust^2)/(I/(MR^2)) 	 k_2 	 Lambda 
 2.30000000e+14  3.90526371e+33  1.59481000e+01  2.44126419e-01  8.37260000e+00  1.92146296e-01  1.30386816e-01  3.74624056e-01  3.29087999e-02  3.71835860e+06 
 2.30285752e+14  3.91824688e+33  1.59341000e+01  2.44688451e-01  8.37960000e+00  1.92761409e-01  1.30716716e-01  3.73554349e-01  3.30947265e-02  3.68042111e+06 
 2.30571504e+14  3.93123006e+33  1.59201000e+01  2.45249743e-01  8.38560000e+00  1.93332437e-01  1.31047314e-01  3.72749903e-01  3.32816615e-02  3.64300300e+06 
 2.30857256e+14  3.94421323e+33  1.59071000e+01  2.45810296e-01  8.39260000e+00  1.93948464e-01  1.31362095e-01  3.71675408e-01  3.34590915e-02  3.60609558e+06 
 2.31143009e+14  3.95719640e+33  1.58931000e+01  2.46370104e-01  8.39860000e+00  1.94520267e-01  1.31694041e-01  3.70866226e-01  3.36479921e-02  3.56969064e+06 
 2.31428761e+14  3.97017957e+33  1.58801000e+01  2.46929167e-01  8.40460000e+00  1.95092414e-01  1.32010065e-01  3.70054714e-01  3.38272653e-02  3.53377973e+06 
 2.31714513e+14  3.98316274e+33  1.58661000e+01  2.47487482e-01  8.41160000e+00  1.95709757e-01  1.32343368e-01  3.68973086e-01  3.40181534e-02  3.49835492e+06 
 2.32000265e+14  3.99614591e+33  1.58531000e+01  2.48045045e-01  8.41760000e+00  1.96282662e-01  1.32660641e-01  3.68156849e-01  3.41992888e-02  3.46340808e+06 
 2.32286017e+14  4.00912909e+33  1.58401000e+01  2.48601857e-01  8.42360000e+00  1.96855904e-01  1.32978515e-01  3.67338293e-01  3.43813305e-02  3.42893149e+06 
 2.32571769e+14  4.02211226e+33  1.58271000e+01  2.49157914e-01  8.42960000e+00  1.97429482e-01  1.33296991e-01  3.66517400e-01  3.45642825e-02  3.39491748e+06 
 2.32857522e+14  4.03509543e+33  1.58141000e+01  2.49713214e-01  8.43660000e+00  1.98048510e-01  1.33616069e-01  3.65426333e-01  3.47481490e-02  3.36135854e+06 
 2.33143274e+14  4.04807860e+33  1.58021000e+01  2.50267754e-01  8.44260000e+00  1.98622821e-01  1.33918801e-01  3.64600758e-01  3.49218827e-02  3.32824720e+06 
 2.33429026e+14  4.06106177e+33  1.57891000e+01  2.50821534e-01  8.44860000e+00  1.99197459e-01  1.34239038e-01  3.63772877e-01  3.51075260e-02  3.29557637e+06 
 2.33714778e+14  4.07404494e+33  1.57771000e+01  2.51374551e-01  8.45460000e+00  1.99772422e-01  1.34542824e-01  3.62942667e-01  3.52829131e-02  3.26333879e+06 
 2.34000530e+14  4.08702812e+33  1.57641000e+01  2.51926804e-01  8.46060000e+00  2.00347709e-01  1.34864224e-01  3.62110152e-01  3.54703498e-02  3.23152764e+06 
 2.34286282e+14  4.10001129e+33  1.57521000e+01  2.52478289e-01  8.46660000e+00  2.00923315e-01  1.35169069e-01  3.61275323e-01  3.56474063e-02  3.20013589e+06 
 2.34572035e+14  4.11299446e+33  1.57401000e+01  2.53029007e-01  8.47260000e+00  2.01499240e-01  1.35474420e-01  3.60438186e-01  3.58252705e-02  3.16915691e+06 
 2.34857787e+14  4.12597763e+33  1.57281000e+01  2.53578954e-01  8.47860000e+00  2.02075479e-01  1.35780278e-01  3.59598752e-01  3.60039465e-02  3.13858409e+06 
 2.35143539e+14  4.13896080e+33  1.57161000e+01  2.54128129e-01  8.48460000e+00  2.02652031e-01  1.36086644e-01  3.58757027e-01  3.61834381e-02  3.10841096e+06 
 2.35429291e+14  4.15194397e+33  1.57041000e+01  2.54676531e-01  8.49060000e+00  2.03228894e-01  1.36393519e-01  3.57913010e-01  3.63637488e-02  3.07863114e+06 
 2.35715043e+14  4.16492715e+33  1.56921000e+01  2.55224158e-01  8.49660000e+00  2.03806064e-01  1.36700905e-01  3.57066707e-01  3.65448823e-02  3.04923841e+06 
 2.36000795e+14  4.17791032e+33  1.56801000e+01  2.55771009e-01  8.50260000e+00  2.04383539e-01  1.37008802e-01  3.56218124e-01  3.67268426e-02  3.02022662e+06 
 2.36286548e+14  4.19107150e+33  1.56691000e+01  2.56324568e-01  8.50860000e+00  2.04965468e-01  1.37301031e-01  3.55377623e-01  3.68984299e-02  2.99119935e+06 
 2.36572300e+14  4.20473330e+33  1.56571000e+01  2.56898437e-01  8.51460000e+00  2.05559412e-01  1.37615053e-01  3.54563996e-01  3.70841852e-02  2.96146387e+06 
 2.36858052e+14  4.21839511e+33  1.56451000e+01  2.57471578e-01  8.52060000e+00  2.06153717e-01  1.37929604e-01  3.53748055e-01  3.72707935e-02  2.93212354e+06 
 2.37143804e+14  4.23205692e+33  1.56331000e+01  2.58043989e-01  8.52660000e+00  2.06748379e-01  1.38244688e-01  3.52929828e-01  3.74582603e-02  2.90317210e+06 
 2.37429556e+14  4.24571872e+33  1.56211000e+01  2.58615667e-01  8.53260000e+00  2.07343392e-01  1.38560308e-01  3.52109320e-01  3.76465903e-02  2.87460338e+06 
 2.37715308e+14  4.25938053e+33  1.56091000e+01  2.59186612e-01  8.53960000e+00  2.07984977e-01  1.38876465e-01  3.51018619e-01  3.78357881e-02  2.84641132e+06 
 2.38001061e+14  4.27304233e+33  1.55981000e+01  2.59756819e-01  8.54560000e+00  2.08580749e-01  1.39175313e-01  3.50193582e-01  3.80136696e-02  2.81858989e+06 
 2.38286813e+14  4.28670414e+33  1.55861000e+01  2.60326287e-01  8.55160000e+00  2.09176863e-01  1.39492496e-01  3.49366293e-01  3.82045455e-02  2.79113339e+06 
 2.38572565e+14  4.30036594e+33  1.55751000e+01  2.60895012e-01  8.55760000e+00  2.09773315e-01  1.39792267e-01  3.48536744e-01  3.83839764e-02  2.76403591e+06 
 2.38858317e+14  4.31402775e+33  1.55631000e+01  2.61462994e-01  8.56360000e+00  2.10370101e-01  1.40110482e-01  3.47704961e-01  3.85765467e-02  2.73729194e+06 
 2.39144069e+14  4.32768956e+33  1.55521000e+01  2.62030229e-01  8.56960000e+00  2.10967219e-01  1.40411182e-01  3.46870930e-01  3.87575418e-02  2.71089577e+06 
 2.39429821e+14  4.34135136e+33  1.55411000e+01  2.62596716e-01  8.57460000e+00  2.11518052e-01  1.40712322e-01  3.46302573e-01  3.89392910e-02  2.68484203e+06 
 2.39715574e+14  4.35501317e+33  1.55301000e+01  2.63162453e-01  8.58060000e+00  2.12115760e-01  1.41013905e-01  3.45464078e-01  3.91217974e-02  2.65912537e+06 
 2.40001326e+14  4.36867497e+33  1.55191000e+01  2.63727437e-01  8.58660000e+00  2.12713790e-01  1.41315930e-01  3.44623364e-01  3.93050643e-02  2.63374049e+06 
 2.40287078e+14  4.38233678e+33  1.55081000e+01  2.64291666e-01  8.59260000e+00  2.13312140e-01  1.41618398e-01  3.43780438e-01  3.94890952e-02  2.60868224e+06 
 2.40572830e+14  4.39599859e+33  1.54971000e+01  2.64855140e-01  8.59860000e+00  2.13910806e-01  1.41921312e-01  3.42935305e-01  3.96738932e-02  2.58394552e+06 
 2.40858582e+14  4.40966039e+33  1.54871000e+01  2.65417854e-01  8.60460000e+00  2.14509785e-01  1.42206304e-01  3.42087959e-01  3.98465936e-02  2.55952528e+06 
 2.41144334e+14  4.42332220e+33  1.54761000e+01  2.65979809e-01  8.61060000e+00  2.15109075e-01  1.42510059e-01  3.41238428e-01  4.00328664e-02  2.53541674e+06 
 2.41430087e+14  4.43698400e+33  1.54661000e+01  2.66541002e-01  8.61560000e+00  2.15661615e-01  1.42795793e-01  3.40654533e-01  4.02069143e-02  2.51161495e+06 
 2.41715839e+14  4.45064581e+33  1.54551000e+01  2.67101432e-01  8.62160000e+00  2.16261456e-01  1.43100393e-01  3.39800623e-01  4.03946742e-02  2.48811532e+06 
 2.42001591e+14  4.46430762e+33  1.54451000e+01  2.67661096e-01  8.62760000e+00  2.16861598e-01  1.43386873e-01  3.38944527e-01  4.05700799e-02  2.46491305e+06 
 2.42287343e+14  4.47796942e+33  1.54351000e+01  2.68219993e-01  8.63260000e+00  2.17414797e-01  1.43673700e-01  3.38354028e-01  4.07461354e-02  2.44200364e+06 
 2.42573095e+14  4.49163123e+33  1.54241000e+01  2.68778122e-01  8.63860000e+00  2.18015475e-01  1.43979548e-01  3.37493592e-01  4.09361129e-02  2.41938266e+06 
 2.42858847e+14  4.50529303e+33  1.54141000e+01  2.69335482e-01  8.64460000e+00  2.18616447e-01  1.44267127e-01  3.36630994e-01  4.11135430e-02  2.39704558e+06 
 2.43144600e+14  4.51895484e+33  1.54041000e+01  2.69892069e-01  8.64960000e+00  2.19170281e-01  1.44555057e-01  3.36033957e-01  4.12916301e-02  2.37498813e+06 
 2.43430352e+14  4.53261665e+33  1.53941000e+01  2.70447883e-01  8.65560000e+00  2.19771775e-01  1.44843339e-01  3.35167033e-01  4.14703779e-02  2.35320604e+06 
 2.43716104e+14  4.54627845e+33  1.53841000e+01  2.71002924e-01  8.66160000e+00  2.20373553e-01  1.45131974e-01  3.34297981e-01  4.16497888e-02  2.33169514e+06 
 2.44001856e+14  4.55994026e+33  1.53751000e+01  2.71557188e-01  8.66660000e+00  2.20928005e-01  1.45402045e-01  3.33694438e-01  4.18162612e-02  2.31045125e+06 
 2.44287608e+14  4.57360206e+33  1.53651000e+01  2.72110676e-01  8.67260000e+00  2.21530289e-01  1.45691338e-01  3.32821107e-01  4.19969370e-02  2.28947046e+06 
 2.44573360e+14  4.58726387e+33  1.53551000e+01  2.72663385e-01  8.67760000e+00  2.22085120e-01  1.45980986e-01  3.32213271e-01  4.21782818e-02  2.26874872e+06 
 2.44859113e+14  4.60092568e+33  1.53461000e+01  2.73215315e-01  8.68360000e+00  2.22687901e-01  1.46251926e-01  3.31335665e-01  4.23464983e-02  2.24828209e+06 
 2.45144865e+14  4.61517192e+33  1.53361000e+01  2.73790073e-01  8.68860000e+00  2.23256645e-01  1.46546496e-01  3.30754619e-01  4.25310211e-02  2.22720586e+06 
 2.45430617e+14  4.62949833e+33  1.53261000e+01  2.74367330e-01  8.69460000e+00  2.23875373e-01  1.46842017e-01  3.29908069e-01  4.27164916e-02  2.20627804e+06 
 2.45716369e+14  4.64382475e+33  1.53161000e+01  2.74943850e-01  8.70060000e+00  2.24494428e-01  1.47137908e-01  3.29059383e-01  4.29026538e-02  2.18561395e+06 
 2.46002121e+14  4.65815116e+33  1.53071000e+01  2.75519631e-01  8.70560000e+00  2.25065755e-01  1.47414907e-01  3.28476091e-01  4.30754372e-02  2.16520954e+06 
 2.46287873e+14  4.67247757e+33  1.52971000e+01  2.76094669e-01  8.71160000e+00  2.25685391e-01  1.47711492e-01  3.27623142e-01  4.32629225e-02  2.14506104e+06 
 2.46573626e+14  4.68680399e+33  1.52871000e+01  2.76668964e-01  8.71760000e+00  2.26305341e-01  1.48008452e-01  3.26768088e-01  4.34511089e-02  2.12516452e+06 
 2.46859378e+14  4.70113040e+33  1.52781000e+01  2.77242513e-01  8.72260000e+00  2.26877370e-01  1.48286372e-01  3.26178358e-01  4.36257181e-02  2.10551615e+06 
 2.47145130e+14  4.71545682e+33  1.52681000e+01  2.77815315e-01  8.72860000e+00  2.27497881e-01  1.48584032e-01  3.25319089e-01  4.38152444e-02  2.08611230e+06 
 2.47430882e+14  4.72978323e+33  1.52591000e+01  2.78387367e-01  8.73360000e+00  2.28070339e-01  1.48862556e-01  3.24725107e-01  4.39910617e-02  2.06694920e+06 
 2.47716634e+14  4.74410964e+33  1.52501000e+01  2.78958667e-01  8.73960000e+00  2.28691400e-01  1.49141358e-01  3.23861636e-01  4.41674532e-02  2.04802331e+06 
 2.48002386e+14  4.75843606e+33  1.52411000e+01  2.79529215e-01  8.74560000e+00  2.29312757e-01  1.49420440e-01  3.22996108e-01  4.43444213e-02  2.02933108e+06 
 2.48288138e+14  4.77276247e+33  1.52321000e+01  2.80099008e-01  8.75060000e+00  2.29885874e-01  1.49699803e-01  3.22395790e-01  4.45219673e-02  2.01086903e+06 
 2.48573891e+14  4.78708889e+33  1.52221000e+01  2.80668045e-01  8.75660000e+00  2.30507761e-01  1.49999155e-01  3.21526133e-01  4.47147803e-02  1.99263378e+06 
 2.48859643e+14  4.80141530e+33  1.52141000e+01  2.81236322e-01  8.76160000e+00  2.31081283e-01  1.50259373e-01  3.20921610e-01  4.48788031e-02  1.97462181e+06 
 2.49145395e+14  4.81574171e+33  1.52051000e+01  2.81803842e-01  8.76660000e+00  2.31654966e-01  1.50539582e-01  3.20315025e-01  4.50580975e-02  1.95682996e+06 
 2.49431147e+14  4.83006813e+33  1.51961000e+01  2.82370598e-01  8.77260000e+00  2.32277603e-01  1.50820073e-01  3.19439152e-01  4.52379771e-02  1.93925493e+06 
 2.49716899e+14  4.84439454e+33  1.51871000e+01  2.82936593e-01  8.77760000e+00  2.32851676e-01  1.51100850e-01  3.18828409e-01  4.54184463e-02  1.92189350e+06 
 2.50002651e+14  4.85872096e+33  1.51781000e+01  2.83501823e-01  8.78360000e+00  2.33474814e-01  1.51381911e-01  3.17948472e-01  4.55995053e-02  1.90474255e+06 
 2.50288404e+14  4.87304737e+33  1.51701000e+01  2.84066287e-01  8.78860000e+00  2.34049269e-01  1.51643260e-01  3.17333572e-01  4.57660683e-02  1.88779891e+06 
 2.50574156e+14  4.88737378e+33  1.51611000e+01  2.84629985e-01  8.79360000e+00  2.34623877e-01  1.51924844e-01  3.16716627e-01  4.59482462e-02  1.87105964e+06 
 2.50859908e+14  4.90170020e+33  1.51521000e+01  2.85192913e-01  8.79960000e+00  2.35247722e-01  1.52206713e-01  3.15830604e-01  4.61310190e-02  1.85452172e+06 
 2.51145660e+14  4.91602661e+33  1.51441000e+01  2.85755072e-01  8.80460000e+00  2.35822697e-01  1.52468730e-01  3.15209551e-01  4.62991007e-02  1.83818212e+06 
 2.51431412e+14  4.93035303e+33  1.51361000e+01  2.86316461e-01  8.80960000e+00  2.36397820e-01  1.52730940e-01  3.14586442e-01  4.64676489e-02  1.82203803e+06 
 2.51717164e+14  4.94467944e+33  1.51271000e+01  2.86877076e-01  8.81460000e+00  2.36973091e-01  1.53013574e-01  3.13961282e-01  4.66520831e-02  1.80608664e+06 
 2.52002917e+14  4.95900585e+33  1.51191000e+01  2.87436918e-01  8.82060000e+00  2.37597824e-01  1.53276218e-01  3.13067244e-01  4.68216326e-02  1.79032505e+06 
 2.52288669e+14  4.97333227e+33  1.51111000e+01  2.87995986e-01  8.82560000e+00  2.38173442e-01  1.53539055e-01  3.12438043e-01  4.69916530e-02  1.77475057e+06 
 2.52574421e+14  4.98765868e+33  1.51031000e+01  2.88554279e-01  8.83060000e+00  2.38749202e-01  1.53802088e-01  3.11806811e-01  4.71621456e-02  1.75936048e+06 
 2.52860173e+14  5.00198510e+33  1.50951000e+01  2.89111794e-01  8.83560000e+00  2.39325101e-01  1.54065316e-01  3.11173550e-01  4.73331112e-02  1.74415213e+06 
 2.53145925e+14  5.01631151e+33  1.50871000e+01  2.89668531e-01  8.84060000e+00  2.39901137e-01  1.54328739e-01  3.10538270e-01  4.75045515e-02  1.72912290e+06 
 2.53431677e+14  5.03063792e+33  1.50791000e+01  2.90224490e-01  8.84560000e+00  2.40477308e-01  1.54592358e-01  3.09900983e-01  4.76764680e-02  1.71427021e+06 
 2.53717430e+14  5.04524745e+33  1.50711000e+01  2.90790643e-01  8.85160000e+00  2.41109765e-01  1.54858143e-01  3.09008799e-01  4.78497643e-02  1.69930292e+06 
 2.54003182e+14  5.06021901e+33  1.50621000e+01  2.91370076e-01  8.85660000e+00  2.41701085e-01  1.55147246e-01  3.08398730e-01  4.80406436e-02  1.68414737e+06 
 2.54288934e+14  5.07519056e+33  1.50541000e+01  2.91948767e-01  8.86160000e+00  2.42292579e-01  1.55415999e-01  3.07786621e-01  4.82161318e-02  1.66917357e+06 
 2.54574686e+14  5.09016211e+33  1.50461000e+01  2.92526713e-01  8.86660000e+00  2.42884248e-01  1.55684959e-01  3.07172467e-01  4.83921094e-02  1.65437895e+06 
 2.54860438e+14  5.10513367e+33  1.50381000e+01  2.93103913e-01  8.87260000e+00  2.43525990e-01  1.55954126e-01  3.06289877e-01  4.85685789e-02  1.63976093e+06 
 2.55146190e+14  5.12010522e+33  1.50301000e+01  2.93680366e-01  8.87760000e+00  2.44118055e-01  1.56223502e-01  3.05671742e-01  4.87455428e-02  1.62531699e+06 
 2.55431943e+14  5.13507678e+33  1.50221000e+01  2.94256069e-01  8.88260000e+00  2.44710286e-01  1.56493087e-01  3.05051590e-01  4.89230016e-02  1.61104463e+06 
 2.55717695e+14  5.15004833e+33  1.50141000e+01  2.94831021e-01  8.88760000e+00  2.45302679e-01  1.56762882e-01  3.04429431e-01  4.91009574e-02  1.59694139e+06 
 2.56003447e+14  5.16501988e+33  1.50071000e+01  2.95405220e-01  8.89360000e+00  2.45945368e-01  1.57011958e-01  3.03539041e-01  4.92629941e-02  1.58300482e+06 
 2.56289199e+14  5.17999144e+33  1.49991000e+01  2.95978667e-01  8.89860000e+00  2.46538135e-01  1.57282128e-01  3.02912966e-01  4.94418817e-02  1.56923262e+06 
 2.56574951e+14  5.19496299e+33  1.49911000e+01  2.96551358e-01  8.90360000e+00  2.47131056e-01  1.57552511e-01  3.02284913e-01  4.96212713e-02  1.55562240e+06 
 2.56860703e+14  5.20993455e+33  1.49841000e+01  2.97123291e-01  8.90860000e+00  2.47724130e-01  1.57802039e-01  3.01654872e-01  4.97845469e-02  1.54217183e+06 
 2.57146456e+14  5.22490610e+33  1.49761000e+01  2.97694467e-01  8.91360000e+00  2.48317353e-01  1.58072799e-01  3.01022871e-01  4.99648759e-02  1.52887873e+06 
 2.57432208e+14  5.23987765e+33  1.49681000e+01  2.98264882e-01  8.91860000e+00  2.48910723e-01  1.58343774e-01  3.00388914e-01  5.01457113e-02  1.51574081e+06 
 2.57717960e+14  5.25484921e+33  1.49611000e+01  2.98834537e-01  8.92360000e+00  2.49504238e-01  1.58593758e-01  2.99752995e-01  5.03102364e-02  1.50275584e+06 
 2.58003712e+14  5.26982076e+33  1.49541000e+01  2.99403430e-01  8.92860000e+00  2.50097895e-01  1.58843866e-01  2.99115138e-01  5.04751388e-02  1.48992171e+06 
 2.58289464e+14  5.28479232e+33  1.49461000e+01  2.99971559e-01  8.93360000e+00  2.50691692e-01  1.59115391e-01  2.98475357e-01  5.06573639e-02  1.47723633e+06 
 2.58575216e+14  5.29976387e+33  1.49391000e+01  3.00538925e-01  8.93860000e+00  2.51285626e-01  1.59365792e-01  2.97833638e-01  5.08230866e-02  1.46469752e+06 
 2.58860969e+14  5.31473542e+33  1.49321000e+01  3.01105524e-01  8.94360000e+00  2.51879696e-01  1.59616318e-01  2.97189993e-01  5.09891891e-02  1.45230328e+06 
 2.59146721e+14  5.32970698e+33  1.49251000e+01  3.01671357e-01  8.94860000e+00  2.52473900e-01  1.59866971e-01  2.96544434e-01  5.11556727e-02  1.44005157e+06 
 2.59432473e+14  5.34467853e+33  1.49171000e+01  3.02236422e-01  8.95360000e+00  2.53068235e-01  1.60139219e-01  2.95896977e-01  5.13397446e-02  1.42794045e+06 
 2.59718225e+14  5.35965009e+33  1.49101000e+01  3.02800717e-01  8.95860000e+00  2.53662700e-01  1.60390167e-01  2.95247602e-01  5.15070568e-02  1.41596786e+06 
 2.60003977e+14  5.37462164e+33  1.49031000e+01  3.03364243e-01  8.96360000e+00  2.54257291e-01  1.60641242e-01  2.94596334e-01  5.16747530e-02  1.40413193e+06 
 2.60289729e+14  5.38959319e+33  1.48961000e+01  3.03926998e-01  8.96860000e+00  2.54852008e-01  1.60892444e-01  2.93943176e-01  5.18428339e-02  1.39243076e+06 
 2.60575482e+14  5.40456475e+33  1.48891000e+01  3.04488981e-01  8.97360000e+00  2.55446847e-01  1.61143773e-01  2.93288138e-01  5.20113007e-02  1.38086247e+06 
 2.60861234e+14  5.41953630e+33  1.48821000e+01  3.05050191e-01  8.97860000e+00  2.56041808e-01  1.61395230e-01  2.92631222e-01  5.21801540e-02  1.36942522e+06 
 2.61146986e+14  5.43450786e+33  1.48761000e+01  3.05610627e-01  8.98260000e+00  2.56585732e-01  1.61625081e-01  2.92237736e-01  5.23318007e-02  1.35811717e+06 
 2.61432738e+14  5.44947941e+33  1.48691000e+01  3.06170289e-01  8.98760000e+00  2.57180874e-01  1.61876750e-01  2.91577035e-01  5.25013648e-02  1.34693662e+06 
 2.61718490e+14  5.46445096e+33  1.48621000e+01  3.06729176e-01  8.99260000e+00  2.57776132e-01  1.62128548e-01  2.90914479e-01  5.26713181e-02  1.33588177e+06 
 2.62004242e+14  5.47942252e+33  1.48551000e+01  3.07287286e-01  8.99760000e+00  2.58371502e-01  1.62380475e-01  2.90250076e-01  5.28416617e-02  1.32495090e+06 
 2.62289995e+14  5.49439407e+33  1.48491000e+01  3.07844619e-01  9.00260000e+00  2.58966983e-01  1.62610625e-01  2.89583823e-01  5.29945468e-02  1.31414227e+06 
 2.62575747e+14  5.50994876e+33  1.48421000e+01  3.08422880e-01  9.00760000e+00  2.59575785e-01  1.62866613e-01  2.88941342e-01  5.31673979e-02  1.30303959e+06 
 2.62861499e+14  5.52554072e+33  1.48351000e+01  3.09001782e-01  9.01260000e+00  2.60185580e-01  1.63122982e-01  2.88298620e-01  5.33407603e-02  1.29203731e+06 
 2.63147251e+14  5.54113267e+33  1.48281000e+01  3.09579936e-01  9.01660000e+00  2.60743983e-01  1.63379486e-01  2.87918935e-01  5.35145217e-02  1.28116045e+06 
 2.63433003e+14  5.55672463e+33  1.48211000e+01  3.10157343e-01  9.02160000e+00  2.61354017e-01  1.63636128e-01  2.87272420e-01  5.36886835e-02  1.27040731e+06 
 2.63718755e+14  5.57231659e+33  1.48151000e+01  3.10734000e-01  9.02660000e+00  2.61964193e-01  1.63870781e-01  2.86624044e-01  5.38450698e-02  1.25977614e+06 
 2.64004508e+14  5.58790855e+33  1.48081000e+01  3.11309907e-01  9.03160000e+00  2.62574508e-01  1.64127654e-01  2.85973843e-01  5.40199697e-02  1.24926536e+06 
 2.64290260e+14  5.60350051e+33  1.48011000e+01  3.11885062e-01  9.03660000e+00  2.63184959e-01  1.64384667e-01  2.85321806e-01  5.41952741e-02  1.23887329e+06 
 2.64576012e+14  5.61909247e+33  1.47951000e+01  3.12459464e-01  9.04160000e+00  2.63795544e-01  1.64619562e-01  2.84667935e-01  5.43526108e-02  1.22859826e+06 
 2.64861764e+14  5.63468443e+33  1.47881000e+01  3.13033112e-01  9.04560000e+00  2.64354385e-01  1.64876810e-01  2.84276804e-01  5.45286600e-02  1.21843876e+06 
 2.65147516e+14  5.65027638e+33  1.47821000e+01  3.13606003e-01  9.05060000e+00  2.64965181e-01  1.65111854e-01  2.83619226e-01  5.46866138e-02  1.20839315e+06 
 2.65433268e+14  5.66586834e+33  1.47761000e+01  3.14178138e-01  9.05560000e+00  2.65576103e-01  1.65346954e-01  2.82959843e-01  5.48448472e-02  1.19845991e+06 
 2.65719021e+14  5.68146030e+33  1.47691000e+01  3.14749515e-01  9.06060000e+00  2.66187149e-01  1.65604536e-01  2.82298678e-01  5.50219864e-02  1.18863757e+06 
 2.66004773e+14  5.69705226e+33  1.47631000e+01  3.15320135e-01  9.06560000e+00  2.66798314e-01  1.65839790e-01  2.81635733e-01  5.51808435e-02  1.17892453e+06 
 2.66290525e+14  5.71264422e+33  1.47571000e+01  3.15889993e-01  9.06960000e+00  2.67357456e-01  1.66075099e-01  2.81235225e-01  5.53399815e-02  1.16931938e+06 
 2.66576277e+14  5.72823618e+33  1.47501000e+01  3.16459091e-01  9.07460000e+00  2.67968810e-01  1.66333019e-01  2.80568649e-01  5.55182194e-02  1.15982068e+06 
 2.66862029e+14  5.74382814e+33  1.47441000e+01  3.17027427e-01  9.07960000e+00  2.68580279e-01  1.66568484e-01  2.79900294e-01  5.56779845e-02  1.15042694e+06 
 2.67147781e+14  5.75942009e+33  1.47381000e+01  3.17595001e-01  9.08360000e+00  2.69139551e-01  1.66804007e-01  2.79494246e-01  5.58380343e-02  1.14113678e+06 
 2.67433533e+14  5.77501205e+33  1.47321000e+01  3.18161811e-01  9.08860000e+00  2.69751194e-01  1.67039587e-01  2.78822315e-01  5.59983678e-02  1.13194881e+06 
 2.67719286e+14  5.79060401e+33  1.47261000e+01  3.18727856e-01  9.09360000e+00  2.70362945e-01  1.67275225e-01  2.78148638e-01  5.61589862e-02  1.12286167e+06 
 2.68005038e+14  5.80619597e+33  1.47201000e+01  3.19293137e-01  9.09760000e+00  2.70922334e-01  1.67510923e-01  2.77737086e-01  5.63198909e-02  1.11387400e+06 
 2.68290790e+14  5.82178793e+33  1.47141000e+01  3.19857650e-01  9.10260000e+00  2.71534247e-01  1.67746678e-01  2.77059872e-01  5.64810811e-02  1.10498449e+06 
 2.68576542e+14  5.83737989e+33  1.47081000e+01  3.20421397e-01  9.10660000e+00  2.72093686e-01  1.67982493e-01  2.76644665e-01  5.66425584e-02  1.09619183e+06 
 2.68862294e+14  5.85297185e+33  1.47021000e+01  3.20984377e-01  9.11160000e+00  2.72705751e-01  1.68218368e-01  2.75963946e-01  5.68043234e-02  1.08749472e+06 
 2.69148046e+14  5.86856380e+33  1.46961000e+01  3.21546588e-01  9.11560000e+00  2.73265233e-01  1.68454302e-01  2.75545115e-01  5.69663761e-02  1.07889192e+06 
 2.69433799e+14  5.88415576e+33  1.46901000e+01  3.22108029e-01  9.12060000e+00  2.73877446e-01  1.68690296e-01  2.74860905e-01  5.71287170e-02  1.07038215e+06 
 2.69719551e+14  5.89974772e+33  1.46841000e+01  3.22668701e-01  9.12560000e+00  2.74489751e-01  1.68926350e-01  2.74175010e-01  5.72913476e-02  1.06196421e+06 
 2.70005303e+14  5.91533968e+33  1.46781000e+01  3.23228602e-01  9.12960000e+00  2.75049317e-01  1.69162464e-01  2.73750808e-01  5.74542674e-02  1.05363688e+06 
 2.70291055e+14  5.93093164e+33  1.46731000e+01  3.23787732e-01  9.13460000e+00  2.75661756e-01  1.69375549e-01  2.73061465e-01  5.75978455e-02  1.04539894e+06 
 2.70576807e+14  5.94652360e+33  1.46671000e+01  3.24346090e-01  9.13860000e+00  2.76221350e-01  1.69611743e-01  2.72633697e-01  5.77612825e-02  1.03724927e+06 
 2.70862559e+14  5.96211556e+33  1.46611000e+01  3.24903677e-01  9.14260000e+00  2.76780923e-01  1.69848000e-01  2.72204156e-01  5.79250121e-02  1.02918669e+06 
 2.71148312e+14  5.97793305e+33  1.46561000e+01  3.25468544e-01  9.14760000e+00  2.77398561e-01  1.70062510e-01  2.71518617e-01  5.80698706e-02  1.02109519e+06 
 2.71434064e+14  5.99411546e+33  1.46501000e+01  3.26045692e-01  9.15160000e+00  2.77971344e-01  1.70302528e-01  2.71109022e-01  5.82358354e-02  1.01290638e+06 
 2.71719816e+14  6.01029788e+33  1.46441000e+01  3.26622091e-01  9.15660000e+00  2.78597299e-01  1.70542610e-01  2.70434577e-01  5.84020950e-02  1.00480655e+06 
 2.72005568e+14  6.02648030e+33  1.46381000e+01  3.27197743e-01  9.16160000e+00  2.79223372e-01  1.70782758e-01  2.69758442e-01  5.85686508e-02  9.96794543e+05 
 2.72291320e+14  6.04266272e+33  1.46331000e+01  3.27772647e-01  9.16560000e+00  2.79796302e-01  1.70999598e-01  2.69343492e-01  5.87154368e-02  9.88869172e+05 
 2.72577072e+14  6.05884513e+33  1.46271000e+01  3.28346799e-01  9.17060000e+00  2.80422554e-01  1.71239838e-01  2.68663921e-01  5.88825230e-02  9.81029370e+05 
 2.72862825e+14  6.07502755e+33  1.46221000e+01  3.28920202e-01  9.17460000e+00  2.80995551e-01  1.71456692e-01  2.68245433e-01  5.90297195e-02  9.73273958e+05 
 2.73148577e+14  6.09120997e+33  1.46161000e+01  3.29492852e-01  9.17960000e+00  2.81621970e-01  1.71697027e-01  2.67562479e-01  5.91973401e-02  9.65601900e+05 
 2.73434329e+14  6.10739238e+33  1.46101000e+01  3.30064752e-01  9.18360000e+00  2.82195027e-01  1.71937433e-01  2.67140485e-01  5.93652635e-02  9.58012079e+05 
 2.73720081e+14  6.12357480e+33  1.46051000e+01  3.30635895e-01  9.18860000e+00  2.82821605e-01  1.72154328e-01  2.66454165e-01  5.95131073e-02  9.50503405e+05 
 2.74005833e+14  6.13975722e+33  1.46001000e+01  3.31206286e-01  9.19260000e+00  2.83394714e-01  1.72371215e-01  2.66028673e-01  5.96611316e-02  9.43074847e+05 
 2.74291585e+14  6.15593964e+33  1.45941000e+01  3.31775921e-01  9.19660000e+00  2.83967820e-01  1.72611746e-01  2.65601398e-01  5.98298295e-02  9.35725399e+05 
 2.74577338e+14  6.17212205e+33  1.45891000e+01  3.32344801e-01  9.20160000e+00  2.84594595e-01  1.72828651e-01  2.64910090e-01  5.99782713e-02  9.28453983e+05 
 2.74863090e+14  6.18830447e+33  1.45831000e+01  3.32912923e-01  9.20560000e+00  2.85167742e-01  1.73069282e-01  2.64479376e-01  6.01475120e-02  9.21259648e+05 
 2.75148842e+14  6.20448689e+33  1.45781000e+01  3.33480288e-01  9.21060000e+00  2.85794654e-01  1.73286208e-01  2.63784776e-01  6.02963723e-02  9.14141346e+05 
 2.75434594e+14  6.22066930e+33  1.45731000e+01  3.34046895e-01  9.21460000e+00  2.86367833e-01  1.73503126e-01  2.63350655e-01  6.04454145e-02  9.07098124e+05 
 2.75720346e+14  6.23685172e+33  1.45681000e+01  3.34612742e-01  9.21860000e+00  2.86940999e-01  1.73720034e-01  2.62914786e-01  6.05946374e-02  9.00129023e+05 
 2.76006098e+14  6.25303414e+33  1.45621000e+01  3.35177830e-01  9.22360000e+00  2.87568080e-01  1.73960828e-01  2.62215288e-01  6.07649044e-02  8.93233117e+05 
 2.76291851e+14  6.26921656e+33  1.45571000e+01  3.35742159e-01  9.22760000e+00  2.88141270e-01  1.74177761e-01  2.61776055e-01  6.09145508e-02  8.86409418e+05 
 2.76577603e+14  6.28539897e+33  1.45521000e+01  3.36305725e-01  9.23160000e+00  2.88714441e-01  1.74394686e-01  2.61335106e-01  6.10643798e-02  8.79657030e+05 
 2.76863355e+14  6.30158139e+33  1.45471000e+01  3.36868531e-01  9.23660000e+00  2.89341673e-01  1.74611604e-01  2.60630746e-01  6.12143920e-02  8.72975044e+05 
 2.77149107e+14  6.31776381e+33  1.45421000e+01  3.37430574e-01  9.24060000e+00  2.89914859e-01  1.74828516e-01  2.60186463e-01  6.13645878e-02  8.66362567e+05 
 2.77434859e+14  6.33394622e+33  1.45371000e+01  3.37991855e-01  9.24460000e+00  2.90488021e-01  1.75045421e-01  2.59740490e-01  6.15149674e-02  8.59818714e+05 
 2.77720611e+14  6.35012864e+33  1.45321000e+01  3.38552373e-01  9.24860000e+00  2.91061160e-01  1.75262321e-01  2.59292832e-01  6.16655311e-02  8.53342615e+05 
 2.78006364e+14  6.36631106e+33  1.45271000e+01  3.39112127e-01  9.25360000e+00  2.91688554e-01  1.75479214e-01  2.58582074e-01  6.18162793e-02  8.46933416e+05 
 2.78292116e+14  6.38249348e+33  1.45221000e+01  3.39671116e-01  9.25760000e+00  2.92261695e-01  1.75696102e-01  2.58131125e-01  6.19672120e-02  8.40590272e+05 
 2.78577868e+14  6.39867589e+33  1.45171000e+01  3.40229342e-01  9.26160000e+00  2.92834806e-01  1.75912985e-01  2.57678525e-01  6.21183305e-02  8.34312348e+05 
 2.78863620e+14  6.41485831e+33  1.45121000e+01  3.40786802e-01  9.26560000e+00  2.93407889e-01  1.76129863e-01  2.57224255e-01  6.22696341e-02  8.28098825e+05 
 2.79149372e+14  6.43104073e+33  1.45071000e+01  3.41343497e-01  9.26960000e+00  2.93980942e-01  1.76346735e-01  2.56768326e-01  6.24211232e-02  8.21948897e+05 
 2.79435124e+14  6.44722314e+33  1.45021000e+01  3.41899425e-01  9.27360000e+00  2.94553964e-01  1.76563603e-01  2.56310748e-01  6.25727982e-02  8.15861764e+05 
 2.79720877e+14  6.46340556e+33  1.44971000e+01  3.42454588e-01  9.27860000e+00  2.95181527e-01  1.76780466e-01  2.55590558e-01  6.27246598e-02  8.09836643e+05 
 2.80006629e+14  7.13280991e+33  1.43141000e+01  3.66471542e-01  9.45060000e+00  3.20204670e-01  1.85571657e-01  2.35802939e-01  6.88829228e-02  5.94701320e+05 
 2.80292381e+14  7.34869283e+33  1.42621000e+01  3.74644102e-01  9.50760000e+00  3.28730874e-01  1.88420164e-01  2.29496703e-01  7.08950326e-02  5.38278548e+05 
 2.80578133e+14  7.40426948e+33  1.42501000e+01  3.76770000e-01  9.52160000e+00  3.30908198e-01  1.89130324e-01  2.28073746e-01  7.13929741e-02  5.24725096e+05 
 2.80863885e+14  7.45984612e+33  1.42371000e+01  3.78900854e-01  9.53660000e+00  3.33149133e-01  1.89871504e-01  2.26401373e-01  7.19211563e-02  5.11569679e+05 
 2.81149637e+14  7.51542277e+33  1.42251000e+01  3.81036504e-01  9.55060000e+00  3.35338475e-01  1.90590403e-01  2.24990819e-01  7.24292302e-02  4.98799457e+05 
 2.81435390e+14  7.57099942e+33  1.42131000e+01  3.83176783e-01  9.56560000e+00  3.37591645e-01  1.91313504e-01  2.23330823e-01  7.29422275e-02  4.86402191e+05 
 2.81721142e+14  7.62657607e+33  1.42011000e+01  3.85321534e-01  9.57960000e+00  3.39792714e-01  1.92040754e-01  2.21931412e-01  7.34601341e-02  4.74366077e+05 
 2.82006894e+14  7.68215272e+33  1.41901000e+01  3.87470591e-01  9.59460000e+00  3.42057790e-01  1.92744926e-01  2.20282700e-01  7.39568697e-02  4.62679709e+05 
 2.82292646e+14  7.73772937e+33  1.41791000e+01  3.89623802e-01  9.60860000e+00  3.44270244e-01  1.93452901e-01  2.18893404e-01  7.44580913e-02  4.51332084e+05 
 2.82578398e+14  7.79330602e+33  1.41681000e+01  3.91781006e-01  9.62260000e+00  3.46488174e-01  1.94164626e-01  2.17508620e-01  7.49637840e-02  4.40312551e+05 
 2.82864150e+14  7.84888267e+33  1.41581000e+01  3.93942055e-01  9.63760000e+00  3.48770364e-01  1.94852531e-01  2.15874946e-01  7.54472897e-02  4.29610779e+05 
 2.83149903e+14  7.90445932e+33  1.41471000e+01  3.96106799e-01  9.65160000e+00  3.50999154e-01  1.95571508e-01  2.14498980e-01  7.59617001e-02  4.19216811e+05 
 2.83435655e+14  7.96003597e+33  1.41371000e+01  3.98275090e-01  9.66560000e+00  3.53233157e-01  1.96266336e-01  2.13126923e-01  7.64535085e-02  4.09120956e+05 
 2.83721407e+14  8.01770459e+33  1.41271000e+01  4.00528679e-01  9.68060000e+00  3.55584821e-01  1.96980366e-01  2.11587974e-01  7.69578547e-02  3.98949878e+05 
 2.84007159e+14  8.07756622e+33  1.41161000e+01  4.02872250e-01  9.69560000e+00  3.57998206e-01  1.97742693e-01  2.10139143e-01  7.75028932e-02  3.88707713e+05 
 2.84292911e+14  8.13742785e+33  1.41061000e+01  4.05220084e-01  9.71060000e+00  3.60417707e-01  1.98480862e-01  2.08694869e-01  7.80251233e-02  3.78776323e+05 
 2.84578663e+14  8.19728948e+33  1.40961000e+01  4.07572008e-01  9.72560000e+00  3.62843218e-01  1.99222720e-01  2.07254947e-01  7.85517822e-02  3.69145465e+05 
 2.84864415e+14  8.25715111e+33  1.40871000e+01  4.09927852e-01  9.74060000e+00  3.65274631e-01  1.99939830e-01  2.05819166e-01  7.90547930e-02  3.59805203e+05 
 2.85150168e+14  8.31701274e+33  1.40771000e+01  4.12287451e-01  9.75560000e+00  3.67711844e-01  2.00688806e-01  2.04387351e-01  7.95900702e-02  3.50745952e+05 
 2.85435920e+14  8.37687437e+33  1.40681000e+01  4.14650642e-01  9.77060000e+00  3.70154756e-01  2.01412697e-01  2.02959282e-01  8.01012661e-02  3.41958404e+05 
 2.85721672e+14  8.43673600e+33  1.40591000e+01  4.17017270e-01  9.78560000e+00  3.72603271e-01  2.02139849e-01  2.01534785e-01  8.06164323e-02  3.33433590e+05 
 2.86007424e+14  8.49659763e+33  1.40511000e+01  4.19387181e-01  9.80060000e+00  3.75057294e-01  2.02841338e-01  2.00113660e-01  8.11066824e-02  3.25162820e+05 
 2.86293176e+14  8.55645926e+33  1.40421000e+01  4.21760224e-01  9.81560000e+00  3.77516732e-01  2.03574753e-01  1.98695748e-01  8.16295342e-02  3.17137728e+05 
 2.86578928e+14  8.61632089e+33  1.40341000e+01  4.24136250e-01  9.82960000e+00  3.79920246e-01  2.04282172e-01  1.97529117e-01  8.21270351e-02  3.09350195e+05 
 2.86864681e+14  8.67618252e+33  1.40261000e+01  4.26515118e-01  9.84460000e+00  3.82390073e-01  2.04992429e-01  1.96116643e-01  8.26280341e-02  3.01792405e+05 
 2.87150433e+14  8.73667917e+33  1.40181000e+01  4.28921971e-01  9.85960000e+00  3.84881533e-01  2.05710567e-01  1.94731294e-01  8.31353636e-02  2.94380124e+05 
 2.87436185e+14  8.80108600e+33  1.40101000e+01  4.31487704e-01  9.87560000e+00  3.87541817e-01  2.06463037e-01  1.93251991e-01  8.36639419e-02  2.86728429e+05 
 2.87721937e+14  8.86549282e+33  1.40021000e+01  4.34056927e-01  9.89060000e+00  3.90146233e-01  2.07218641e-01  1.92022643e-01  8.41963419e-02  2.79314846e+05 
 2.88007689e+14  8.92989965e+33  1.39941000e+01  4.36629468e-01  9.90660000e+00  3.92818501e-01  2.07977333e-01  1.90549364e-01  8.47325453e-02  2.72131168e+05 
 2.88293441e+14  8.99430647e+33  1.39871000e+01  4.39205156e-01  9.92160000e+00  3.95434279e-01  2.08709212e-01  1.89324843e-01  8.52420494e-02  2.65169464e+05 
 2.88579194e+14  9.05871329e+33  1.39801000e+01  4.41783833e-01  9.93760000e+00  3.98118105e-01  2.09443834e-01  1.87856837e-01  8.57549007e-02  2.58422084e+05 
 2.88864946e+14  9.12312012e+33  1.39731000e+01  4.44365336e-01  9.95260000e+00  4.00744847e-01  2.10181147e-01  1.86636400e-01  8.62710722e-02  2.51881658e+05 
 2.89150698e+14  9.18752694e+33  1.39661000e+01  4.46949512e-01  9.96860000e+00  4.03439830e-01  2.10921101e-01  1.85172986e-01  8.67905342e-02  2.45541069e+05 
 2.89436450e+14  9.25193377e+33  1.39601000e+01  4.49536210e-01  9.98360000e+00  4.06077156e-01  2.11633319e-01  1.83955921e-01  8.72819896e-02  2.39393451e+05 
 2.89722202e+14  9.31634059e+33  1.39531000e+01  4.52125282e-01  9.99860000e+00  4.08719540e-01  2.12378282e-01  1.82740086e-01  8.78077444e-02  2.33432206e+05 
 2.90007954e+14  9.38074742e+33  1.39471000e+01  4.54716584e-01  1.00146000e+01  4.11430472e-01  2.13095173e-01  1.81282078e-01  8.83050375e-02  2.27650949e+05 
 2.90293707e+14  9.44515424e+33  1.39411000e+01  4.57309975e-01  1.00296000e+01  4.14082907e-01  2.13814269e-01  1.80068641e-01  8.88051060e-02  2.22043546e+05 
 2.90579459e+14  9.50956107e+33  1.39351000e+01  4.59905318e-01  1.00446000e+01  4.16740145e-01  2.14535519e-01  1.78855959e-01  8.93079174e-02  2.16604080e+05 
 2.90865211e+14  9.57760681e+33  1.39301000e+01  4.62649479e-01  1.00606000e+01  4.19562561e-01  2.15258462e-01  1.77538724e-01  8.97989372e-02  2.11032993e+05 
 2.91150963e+14  9.64682947e+33  1.39241000e+01  4.65443732e-01  1.00766000e+01  4.22421800e-01  2.16024447e-01  1.76266938e-01  9.03307073e-02  2.05543395e+05 
 2.91436715e+14  9.71605213e+33  1.39181000e+01  4.68240485e-01  1.00926000e+01  4.25286698e-01  2.16792817e-01  1.74996139e-01  9.08654629e-02  2.00226789e+05 
 2.91722467e+14  9.78527479e+33  1.39131000e+01  4.71039571e-01  1.01086000e+01  4.28157149e-01  2.17532243e-01  1.73726168e-01  9.13703261e-02  1.95077025e+05 
 2.92008220e+14  9.85449745e+33  1.39081000e+01  4.73840833e-01  1.01246000e+01  4.31033052e-01  2.18273707e-01  1.72456882e-01  9.18777065e-02  1.90088189e+05 
 2.92293972e+14  9.92372010e+33  1.39031000e+01  4.76644113e-01  1.01406000e+01  4.33914310e-01  2.19017156e-01  1.71188125e-01  9.23875656e-02  1.85254586e+05 
 2.92579724e+14  9.99294276e+33  1.38981000e+01  4.79449261e-01  1.01566000e+01  4.36800829e-01  2.19762538e-01  1.69919746e-01  9.28998652e-02  1.80570732e+05 
 2.92865476e+14  1.00621654e+34  1.38941000e+01  4.82256127e-01  1.01716000e+01  4.39626918e-01  2.20478055e-01  1.68890319e-01  9.33809526e-02  1.76031347e+05 
 2.93151228e+14  1.01313881e+34  1.38891000e+01  4.85064568e-01  1.01876000e+01  4.42523492e-01  2.21227026e-01  1.67621794e-01  9.38978201e-02  1.71631363e+05 
 2.93436980e+14  1.02006107e+34  1.38851000e+01  4.87874444e-01  1.02036000e+01  4.45425057e-01  2.21945798e-01  1.66353219e-01  9.43830158e-02  1.67365887e+05 
 2.93722733e+14  1.02698334e+34  1.38811000e+01  4.90685616e-01  1.02186000e+01  4.48265325e-01  2.22666066e-01  1.65321847e-01  9.48701133e-02  1.63230224e+05 
 2.94008485e+14  1.03390561e+34  1.38771000e+01  4.93497953e-01  1.02346000e+01  4.51176434e-01  2.23387780e-01  1.64052335e-01  9.53590727e-02  1.59219850e+05 
 2.94294237e+14  1.04099789e+34  1.38741000e+01  4.96380473e-01  1.02506000e+01  4.54137816e-01  2.24093189e-01  1.62844145e-01  9.58239976e-02  1.55236314e+05 
 2.94579989e+14  1.04842985e+34  1.38701000e+01  4.99402658e-01  1.02666000e+01  4.57195291e-01  2.24861538e-01  1.61758474e-01  9.63425875e-02  1.51192553e+05 
 2.94865741e+14  1.05586180e+34  1.38661000e+01  5.02426483e-01  1.02836000e+01  4.60325065e-01  2.25631494e-01  1.60436156e-01  9.68631897e-02  1.47277421e+05 
 2.95151493e+14  1.06329376e+34  1.38631000e+01  5.05451786e-01  1.02996000e+01  4.63393173e-01  2.26370339e-01  1.59348472e-01  9.73506415e-02  1.43486255e+05 
 2.95437246e+14  1.07072571e+34  1.38601000e+01  5.08478411e-01  1.03156000e+01  4.66466326e-01  2.27110455e-01  1.58259410e-01  9.78396424e-02  1.39814581e+05 
 2.95722998e+14  1.07815767e+34  1.38571000e+01  5.11506203e-01  1.03326000e+01  4.69612137e-01  2.27851784e-01  1.56934691e-01  9.83301447e-02  1.36258088e+05 
 2.96008750e+14  1.08558962e+34  1.38541000e+01  5.14535014e-01  1.03486000e+01  4.72695343e-01  2.28594276e-01  1.55842849e-01  9.88221058e-02  1.32812638e+05 
 2.96294502e+14  1.09302158e+34  1.38521000e+01  5.17564704e-01  1.03646000e+01  4.75783325e-01  2.29304765e-01  1.54749223e-01  9.92796366e-02  1.29474247e+05 
 2.96580254e+14  1.10045354e+34  1.38491000e+01  5.20595127e-01  1.03806000e+01  4.78876002e-01  2.30049314e-01  1.53653709e-01  9.97741967e-02  1.26239098e+05 
 2.96866006e+14  1.10788549e+34  1.38471000e+01  5.23626148e-01  1.03966000e+01  4.81973287e-01  2.30761537e-01  1.52556180e-01  1.00233880e-01  1.23103511e+05 
 2.97151759e+14  1.11531745e+34  1.38451000e+01  5.26657634e-01  1.04126000e+01  4.85075101e-01  2.31474498e-01  1.51456544e-01  1.00694487e-01  1.20063954e+05 
 2.97437511e+14  1.12274940e+34  1.38431000e+01  5.29689452e-01  1.04286000e+01  4.88181361e-01  2.32188149e-01  1.50354708e-01  1.01155974e-01  1.17117036e+05 
 2.97723263e+14  1.13018136e+34  1.38411000e+01  5.32721478e-01  1.04446000e+01  4.91291987e-01  2.32902442e-01  1.49250584e-01  1.01618298e-01  1.14259493e+05 
 2.98009015e+14  1.13808270e+34  1.38391000e+01  5.35945393e-01  1.04606000e+01  4.94533872e-01  2.33658304e-01  1.48307061e-01  1.02106073e-01  1.11315715e+05 
 2.98294767e+14  1.14605350e+34  1.38371000e+01  5.39198375e-01  1.04776000e+01  4.97868944e-01  2.34420997e-01  1.47154656e-01  1.02598419e-01  1.08440515e+05 
 2.98580519e+14  1.15402429e+34  1.38361000e+01  5.42451936e-01  1.04946000e+01  5.01209193e-01  2.35150428e-01  1.45999858e-01  1.03054403e-01  1.05656708e+05 
 2.98866272e+14  1.16199508e+34  1.38341000e+01  5.45705924e-01  1.05106000e+01  5.04484464e-01  2.35914428e-01  1.45071416e-01  1.03548304e-01  1.02960959e+05 
 2.99152024e+14  1.16996587e+34  1.38331000e+01  5.48960188e-01  1.05276000e+01  5.07834551e-01  2.36644842e-01  1.43911111e-01  1.04005402e-01  1.00350054e+05 
 2.99437776e+14  1.17793666e+34  1.38321000e+01  5.52214582e-01  1.05446000e+01  5.11189525e-01  2.37375618e-01  1.42748151e-01  1.04462903e-01  9.78209139e+04 
 2.99723528e+14  1.18590745e+34  1.38311000e+01  5.55468971e-01  1.05606000e+01  5.14478592e-01  2.38106710e-01  1.41809790e-01  1.04920764e-01  9.53705775e+04 
 3.00009280e+14  1.19387825e+34  1.38301000e+01  5.58723211e-01  1.05766000e+01  5.17771935e-01  2.38838066e-01  1.40867623e-01  1.05378936e-01  9.29962046e+04 
 3.00295032e+14  1.20184904e+34  1.38301000e+01  5.61977174e-01  1.05936000e+01  5.21140611e-01  2.39534994e-01  1.39695270e-01  1.05799118e-01  9.06950631e+04 
 3.00580785e+14  1.20981983e+34  1.38291000e+01  5.65230727e-01  1.06096000e+01  5.24442477e-01  2.40266634e-01  1.38745816e-01  1.06257614e-01  8.84645374e+04 
 3.00866537e+14  1.21779062e+34  1.38291000e+01  5.68483744e-01  1.06256000e+01  5.27748377e-01  2.40963545e-01  1.37792354e-01  1.06677710e-01  8.63021061e+04 
 3.01152289e+14  1.22576141e+34  1.38281000e+01  5.71736102e-01  1.06416000e+01  5.31058233e-01  2.41695287e-01  1.36834860e-01  1.07136354e-01  8.42053561e+04 
 3.01438041e+14  1.23394026e+34  1.38281000e+01  5.75072600e-01  1.06576000e+01  5.34428477e-01  2.42410200e-01  1.35941873e-01  1.07567155e-01  8.21196781e+04 
 3.01723793e+14  1.24248007e+34  1.38281000e+01  5.78555993e-01  1.06746000e+01  5.37973203e-01  2.43156576e-01  1.34939118e-01  1.08016764e-01  8.00101561e+04 
 3.02009545e+14  1.25101988e+34  1.38281000e+01  5.82039026e-01  1.06916000e+01  5.41522669e-01  2.43902856e-01  1.33932095e-01  1.08466151e-01  7.79676851e+04 
 3.02295298e+14  1.25955968e+34  1.38291000e+01  5.85521546e-01  1.07086000e+01  5.45076773e-01  2.44613610e-01  1.32920728e-01  1.08875896e-01  7.59898003e+04 
 3.02581050e+14  1.26809949e+34  1.38291000e+01  5.89003410e-01  1.07256000e+01  5.48635419e-01  2.45359453e-01  1.31905004e-01  1.09324547e-01  7.40741378e+04 
 3.02866802e+14  1.27663929e+34  1.38301000e+01  5.92484477e-01  1.07426000e+01  5.52198515e-01  2.46069473e-01  1.30884840e-01  1.09733163e-01  7.22184228e+04 
 3.03152554e+14  1.28517910e+34  1.38301000e+01  5.95964606e-01  1.07586000e+01  5.55692586e-01  2.46814699e-01  1.30081618e-01  1.10180905e-01  7.04204791e+04 
 3.03438306e+14  1.29371890e+34  1.38311000e+01  5.99443668e-01  1.07756000e+01  5.59264103e-01  2.47523806e-01  1.29051934e-01  1.10588221e-01  6.86782104e+04 
 3.03724058e+14  1.30225871e+34  1.38321000e+01  6.02921533e-01  1.07916000e+01  5.62765961e-01  2.48232342e-01  1.28238155e-01  1.10994752e-01  6.69896101e+04 
 3.04009810e+14  1.31079852e+34  1.38331000e+01  6.06398075e-01  1.08086000e+01  5.66345566e-01  2.48940267e-01  1.27198789e-01  1.11400457e-01  6.53527498e+04 
 3.04295563e+14  1.31933832e+34  1.38341000e+01  6.09873170e-01  1.08246000e+01  5.69854905e-01  2.49647539e-01  1.26374289e-01  1.11805297e-01  6.37657793e+04 
 3.04581315e+14  1.32787813e+34  1.38351000e+01  6.13346700e-01  1.08416000e+01  5.73442270e-01  2.50354120e-01  1.25325143e-01  1.12209232e-01  6.22269216e+04 
 3.04867067e+14  1.33641793e+34  1.38361000e+01  6.16818548e-01  1.08576000e+01  5.76958792e-01  2.51059969e-01  1.24489790e-01  1.12612223e-01  6.07344707e+04 
 3.05152819e+14  1.34544658e+34  1.38381000e+01  6.20487462e-01  1.08746000e+01  5.80686759e-01  2.51771139e-01  1.23582314e-01  1.12998754e-01  5.92051253e+04 
 3.05438571e+14  1.35458659e+34  1.38391000e+01  6.24200287e-01  1.08916000e+01  5.84449269e-01  2.52527559e-01  1.22703538e-01  1.13430733e-01  5.77056764e+04 
 3.05724323e+14  1.36372661e+34  1.38411000e+01  6.27911620e-01  1.09086000e+01  5.88215942e-01  2.53246628e-01  1.21818752e-01  1.13820534e-01  5.62534842e+04 
 3.06010076e+14  1.37286663e+34  1.38431000e+01  6.31621321e-01  1.09256000e+01  5.91986683e-01  2.53964703e-01  1.20927951e-01  1.14208959e-01  5.48468168e+04 
 3.06295828e+14  1.38200664e+34  1.38451000e+01  6.35329249e-01  1.09426000e+01  5.95761401e-01  2.54681745e-01  1.20031120e-01  1.14595973e-01  5.34840109e+04 
 3.06581580e+14  1.39114666e+34  1.38471000e+01  6.39035274e-01  1.09596000e+01  5.99540007e-01  2.55397716e-01  1.19128246e-01  1.14981538e-01  5.21634705e+04 
 3.06867332e+14  1.40028668e+34  1.38491000e+01  6.42739267e-01  1.09756000e+01  6.03246033e-01  2.56112579e-01  1.18434373e-01  1.15365619e-01  5.08836634e+04 
 3.07153084e+14  1.40942670e+34  1.38511000e+01  6.46441101e-01  1.09926000e+01  6.07031948e-01  2.56826294e-01  1.17518848e-01  1.15748180e-01  4.96431201e+04 
 3.07438836e+14  1.41856671e+34  1.38531000e+01  6.50140658e-01  1.10096000e+01  6.10821496e-01  2.57538830e-01  1.16597284e-01  1.16129189e-01  4.84404294e+04 
 3.07724589e+14  1.42770673e+34  1.38561000e+01  6.53837815e-01  1.10256000e+01  6.14537534e-01  2.58212868e-01  1.15883219e-01  1.16466569e-01  4.72742375e+04 
 3.08010341e+14  1.43684675e+34  1.38581000e+01  6.57532459e-01  1.10426000e+01  6.18333912e-01  2.58922836e-01  1.14948993e-01  1.16844236e-01  4.61432461e+04 
 3.08296093e+14  1.44598677e+34  1.38611000e+01  6.61224480e-01  1.10586000e+01  6.22056175e-01  2.59594056e-01  1.14221320e-01  1.17177971e-01  4.50462059e+04 
 3.08581845e+14  1.45526251e+34  1.38641000e+01  6.64968546e-01  1.10746000e+01  6.25818194e-01  2.60275383e-01  1.13526093e-01  1.17516583e-01  4.39663516e+04 
 3.08867597e+14  1.46503494e+34  1.38671000e+01  6.68910534e-01  1.10926000e+01  6.29874277e-01  2.60997678e-01  1.12544014e-01  1.17878074e-01  4.28636817e+04 
 3.09153349e+14  1.47480736e+34  1.38701000e+01  6.72850007e-01  1.11096000e+01  6.33856239e-01  2.61718426e-01  1.11766673e-01  1.18237481e-01  4.17955652e+04 
 3.09439102e+14  1.48457979e+34  1.38731000e+01  6.76786828e-01  1.11266000e+01  6.37841755e-01  2.62437595e-01  1.10981898e-01  1.18594778e-01  4.07607381e+04 
 3.09724854e+14  1.49435222e+34  1.38761000e+01  6.80720861e-01  1.11436000e+01  6.41830737e-01  2.63155152e-01  1.10189697e-01  1.18949935e-01  3.97579874e+04 
 3.10010606e+14  1.50412465e+34  1.38791000e+01  6.84651978e-01  1.11606000e+01  6.45823098e-01  2.63871065e-01  1.09390090e-01  1.19302924e-01  3.87861484e+04 
 3.10296358e+14  1.51389708e+34  1.38821000e+01  6.88580059e-01  1.11776000e+01  6.49818753e-01  2.64585305e-01  1.08583110e-01  1.19653720e-01  3.78441035e+04 
 3.10582110e+14  1.52366951e+34  1.38861000e+01  6.92504977e-01  1.11946000e+01  6.53817619e-01  2.65259624e-01  1.07768749e-01  1.19959088e-01  3.69307802e+04 
 3.10867862e+14  1.53344194e+34  1.38891000e+01  6.96426619e-01  1.12106000e+01  6.57739926e-01  2.65970326e-01  1.07155342e-01  1.20305298e-01  3.60451506e+04 
 3.11153615e+14  1.54321437e+34  1.38931000e+01  7.00344868e-01  1.12276000e+01  6.61744754e-01  2.66640870e-01  1.06325836e-01  1.20605817e-01  3.51862262e+04 
 3.11439367e+14  1.55298680e+34  1.38971000e+01  7.04259611e-01  1.12446000e+01  6.65752564e-01  2.67309439e-01  1.05489030e-01  1.20903826e-01  3.43530598e+04 
 3.11725119e+14  1.56275923e+34  1.39001000e+01  7.08170750e-01  1.12606000e+01  6.69682889e-01  2.68014576e-01  1.04851851e-01  1.21242915e-01  3.35447415e+04 
 3.12010871e+14  1.57253166e+34  1.39041000e+01  7.12078169e-01  1.12766000e+01  6.73615588e-01  2.68679206e-01  1.04206468e-01  1.21535938e-01  3.27603969e+04 
 3.12296623e+14  1.58267892e+34  1.39081000e+01  7.16131564e-01  1.12936000e+01  6.77732912e-01  2.69373134e-01  1.03448285e-01  1.21844219e-01  3.19704133e+04 
 3.12582375e+14  1.59311694e+34  1.39121000e+01  7.20297497e-01  1.13116000e+01  6.82013060e-01  2.70089270e-01  1.02554877e-01  1.22163593e-01  3.11827279e+04 
 3.12868128e+14  1.60355496e+34  1.39161000e+01  7.24459716e-01  1.13286000e+01  6.86215339e-01  2.70803265e-01  1.01858748e-01  1.22480178e-01  3.04194029e+04 
 3.13153880e+14  1.61399298e+34  1.39211000e+01  7.28618090e-01  1.13456000e+01  6.90420529e-01  2.71476082e-01  1.01154011e-01  1.22749854e-01  2.96795547e+04 
 3.13439632e+14  1.62443101e+34  1.39251000e+01  7.32772492e-01  1.13626000e+01  6.94628549e-01  2.72185625e-01  1.00440729e-01  1.23060702e-01  2.89623363e+04 
 3.13725384e+14  1.63486903e+34  1.39291000e+01  7.36922805e-01  1.13796000e+01  6.98839308e-01  2.72892951e-01  9.97189563e-02  1.23368708e-01  2.82669334e+04 
 3.14011136e+14  1.64530705e+34  1.39341000e+01  7.41068914e-01  1.13966000e+01  7.03052731e-01  2.73558762e-01  9.89887193e-02  1.23629481e-01  2.75925641e+04 
 3.14296888e+14  1.65574507e+34  1.39381000e+01  7.45210704e-01  1.14136000e+01  7.07268735e-01  2.74261491e-01  9.82501004e-02  1.23931654e-01  2.69384798e+04 
 3.14582641e+14  1.66618309e+34  1.39431000e+01  7.49348066e-01  1.14296000e+01  7.11404427e-01  2.74922487e-01  9.77051875e-02  1.24186389e-01  2.63039601e+04 
 3.14868393e+14  1.67662111e+34  1.39481000e+01  7.53480896e-01  1.14466000e+01  7.15625145e-01  2.75581004e-01  9.69494204e-02  1.24438050e-01  2.56883145e+04 
 3.15154145e+14  1.68705914e+34  1.39521000e+01  7.57609088e-01  1.14626000e+01  7.19764913e-01  2.76276623e-01  9.63866009e-02  1.24731315e-01  2.50908805e+04 
 3.15439897e+14  1.69749716e+34  1.39571000e+01  7.61732543e-01  1.14796000e+01  7.23990057e-01  2.76930197e-01  9.56139203e-02  1.24976860e-01  2.45110203e+04 
 3.15725649e+14  1.70793518e+34  1.39621000e+01  7.65851163e-01  1.14956000e+01  7.28133642e-01  2.77581229e-01  9.50333619e-02  1.25219296e-01  2.39481229e+04 
 3.16011401e+14  1.71897279e+34  1.39671000e+01  7.70201344e-01  1.15126000e+01  7.32524111e-01  2.78278395e-01  9.43937395e-02  1.25485210e-01  2.33706490e+04 
 3.16297154e+14  1.73011054e+34  1.39721000e+01  7.74586183e-01  1.15296000e+01  7.36943877e-01  2.78981023e-01  9.37696237e-02  1.25752197e-01  2.28057133e+04 
 3.16582906e+14  1.74124829e+34  1.39771000e+01  7.78966076e-01  1.15476000e+01  7.41450515e-01  2.79680960e-01  9.29370938e-02  1.26015794e-01  2.22579929e+04 
 3.16868658e+14  1.75238604e+34  1.39831000e+01  7.83340902e-01  1.15646000e+01  7.45875091e-01  2.80338079e-01  9.22943849e-02  1.26230846e-01  2.17268703e+04 
 3.17154410e+14  1.76352379e+34  1.39881000e+01  7.87710550e-01  1.15816000e+01  7.50301819e-01  2.81032491e-01  9.16422875e-02  1.26487570e-01  2.12117529e+04 
 3.17440162e+14  1.77466154e+34  1.39941000e+01  7.92074904e-01  1.15986000e+01  7.54730616e-01  2.81683889e-01  9.09808355e-02  1.26695607e-01  2.07120713e+04 
 3.17725914e+14  1.78579929e+34  1.39991000e+01  7.96433858e-01  1.16146000e+01  7.59075876e-01  2.82372705e-01  9.05071227e-02  1.26945437e-01  2.02272797e+04 
 3.18011667e+14  1.79693703e+34  1.40041000e+01  8.00787305e-01  1.16316000e+01  7.63508356e-01  2.83058739e-01  8.98267365e-02  1.27191849e-01  1.97568535e+04 
 3.18297419e+14  1.80807478e+34  1.40101000e+01  8.05135152e-01  1.16486000e+01  7.67942672e-01  2.83701470e-01  8.91372559e-02  1.27389368e-01  1.93002882e+04 
 3.18583171e+14  1.81921253e+34  1.40161000e+01  8.09477293e-01  1.16646000e+01  7.72292504e-01  2.84341230e-01  8.86343514e-02  1.27583340e-01  1.88571011e+04 
 3.18868923e+14  1.83035028e+34  1.40211000e+01  8.13813636e-01  1.16816000e+01  7.76730076e-01  2.85018663e-01  8.79263954e-02  1.27819341e-01  1.84268277e+04 
 3.19154675e+14  1.84148803e+34  1.40271000e+01  8.18144088e-01  1.16976000e+01  7.81082545e-01  2.85652517e-01  8.74042713e-02  1.28006272e-01  1.80090213e+04 
 3.19440427e+14  1.85269375e+34  1.40321000e+01  8.22494940e-01  1.17136000e+01  7.85454183e-01  2.86329509e-01  8.68881883e-02  1.28238129e-01  1.76008131e+04 
 3.19726180e+14  1.86456628e+34  1.40381000e+01  8.27098533e-01  1.17316000e+01  7.90178870e-01  2.87015008e-01  8.61278125e-02  1.28447916e-01  1.71810954e+04 
 3.20011932e+14  1.87643881e+34  1.40451000e+01  8.31696042e-01  1.17486000e+01  7.94818244e-01  2.87656355e-01  8.55514435e-02  1.28608046e-01  1.67740342e+04 
 3.20297684e+14  1.88831134e+34  1.40511000e+01  8.36287347e-01  1.17656000e+01  7.99459216e-01  2.88335399e-01  8.49648640e-02  1.28810063e-01  1.63791804e+04 
 3.20583436e+14  1.90018387e+34  1.40571000e+01  8.40872339e-01  1.17826000e+01  8.04101705e-01  2.89011239e-01  8.43681577e-02  1.29008234e-01  1.59961014e+04 
 3.20869188e+14  1.91205640e+34  1.40631000e+01  8.45450912e-01  1.17996000e+01  8.08745633e-01  2.89683863e-01  8.37614152e-02  1.29202564e-01  1.56243821e+04 
 3.21154940e+14  1.92392893e+34  1.40691000e+01  8.50022967e-01  1.18156000e+01  8.13302405e-01  2.90353262e-01  8.33363432e-02  1.29393062e-01  1.52636238e+04 
 3.21440692e+14  1.93580146e+34  1.40761000e+01  8.54588399e-01  1.18326000e+01  8.17948756e-01  2.90978068e-01  8.27093076e-02  1.29533708e-01  1.49134434e+04 
 3.21726445e+14  1.94767398e+34  1.40821000e+01  8.59147117e-01  1.18496000e+01  8.22596311e-01  2.91640905e-01  8.20725650e-02  1.29716512e-01  1.45734735e+04 
 3.22012197e+14  1.95954651e+34  1.40881000e+01  8.63699026e-01  1.18656000e+01  8.27155765e-01  2.92300484e-01  8.16164224e-02  1.29895504e-01  1.42433609e+04 
 3.22297949e+14  1.97141904e+34  1.40951000e+01  8.68244039e-01  1.18826000e+01  8.31805320e-01  2.92915226e-01  8.09599647e-02  1.30024557e-01  1.39227658e+04 
 3.22583701e+14  1.98329157e+34  1.41011000e+01  8.72782068e-01  1.18986000e+01  8.36366158e-01  2.93568192e-01  8.04834384e-02  1.30195908e-01  1.36113626e+04 
 3.22869453e+14  1.99516410e+34  1.41071000e+01  8.77313027e-01  1.19146000e+01  8.40927451e-01  2.94217875e-01  7.99966899e-02  1.30363473e-01  1.33088379e+04 
 3.23155205e+14  2.00724204e+34  1.41141000e+01  8.81915076e-01  1.19306000e+01  8.45543118e-01  2.94837980e-01  7.95433209e-02  1.30488630e-01  1.30098763e+04 
 3.23440958e+14  2.01988528e+34  1.41211000e+01  8.86725186e-01  1.19486000e+01  8.50488798e-01  2.95497175e-01  7.88222752e-02  1.30630643e-01  1.27060590e+04 
 3.23726710e+14  2.03252852e+34  1.41271000e+01  8.91527919e-01  1.19656000e+01  8.55345142e-01  2.96194666e-01  7.82790750e-02  1.30814764e-01  1.24112492e+04 
 3.24012462e+14  2.04517177e+34  1.41341000e+01  8.96323172e-01  1.19816000e+01  8.60111294e-01  2.96846655e-01  7.79124840e-02  1.30948455e-01  1.21251309e+04 
 3.24298214e+14  2.05781501e+34  1.41411000e+01  9.01110841e-01  1.19986000e+01  8.64969000e-01  2.97494998e-01  7.73475893e-02  1.31078001e-01  1.18474009e+04 
 3.24583966e+14  2.07045826e+34  1.41481000e+01  9.05890833e-01  1.20156000e+01  8.69827405e-01  2.98139692e-01  7.67722346e-02  1.31203422e-01  1.15777674e+04 
 3.24869718e+14  2.08310150e+34  1.41551000e+01  9.10663053e-01  1.20326000e+01  8.74686432e-01  2.98780731e-01  7.61865320e-02  1.31324736e-01  1.13159505e+04 
 3.25155471e+14  2.09574475e+34  1.41621000e+01  9.15427410e-01  1.20486000e+01  8.79453973e-01  2.99418110e-01  7.57761514e-02  1.31441960e-01  1.10616810e+04 
 3.25441223e+14  2.10838799e+34  1.41691000e+01  9.20183822e-01  1.20656000e+01  8.84313796e-01  3.00051830e-01  7.51696409e-02  1.31555116e-01  1.08147001e+04 
 3.25726975e+14  2.12103124e+34  1.41761000e+01  9.24932202e-01  1.20816000e+01  8.89081508e-01  3.00681885e-01  7.47378185e-02  1.31664222e-01  1.05747595e+04 
 3.26012727e+14  2.13367448e+34  1.41831000e+01  9.29672468e-01  1.20976000e+01  8.93849081e-01  3.01308271e-01  7.42952442e-02  1.31769298e-01  1.03416203e+04 
 3.26298479e+14  2.14631772e+34  1.41901000e+01  9.34404548e-01  1.21136000e+01  8.98616458e-01  3.01930989e-01  7.38420320e-02  1.31870364e-01  1.01150527e+04 
 3.26584231e+14  2.15896097e+34  1.41971000e+01  9.39128358e-01  1.21296000e+01  9.03383592e-01  3.02550033e-01  7.33782639e-02  1.31967438e-01  9.89483600e+03 
 3.26869984e+14  2.17190722e+34  1.42041000e+01  9.43956805e-01  1.21466000e+01  9.08322397e-01  3.03187285e-01  7.27796919e-02  1.32070532e-01  9.67569798e+03 
 3.27155736e+14  2.18535795e+34  1.42111000e+01  9.48964813e-01  1.21636000e+01  9.13391941e-01  3.03857132e-01  7.22683209e-02  1.32186027e-01  9.45457169e+03 
 3.27441488e+14  2.19880868e+34  1.42191000e+01  9.53964133e-01  1.21796000e+01  9.18367553e-01  3.04480242e-01  7.19281366e-02  1.32250676e-01  9.23988555e+03 
 3.27727240e+14  2.21225941e+34  1.42261000e+01  9.58954679e-01  1.21966000e+01  9.23437052e-01  3.05142220e-01  7.13943193e-02  1.32357530e-01  9.03141724e+03 
 3.28012992e+14  2.22571014e+34  1.42341000e+01  9.63936353e-01  1.22136000e+01  9.28506537e-01  3.05757328e-01  7.08496615e-02  1.32413588e-01  8.82895288e+03 
 3.28298744e+14  2.23916088e+34  1.42411000e+01  9.68909071e-01  1.22296000e+01  9.33481101e-01  3.06411439e-01  7.04753561e-02  1.32511913e-01  8.63228708e+03 
 3.28584497e+14  2.25261161e+34  1.42491000e+01  9.73872750e-01  1.22466000e+01  9.38550108e-01  3.07018551e-01  6.99090010e-02  1.32559496e-01  8.44122211e+03 
 3.28870249e+14  2.26606234e+34  1.42561000e+01  9.78827311e-01  1.22626000e+01  9.43523558e-01  3.07664801e-01  6.95124189e-02  1.32649408e-01  8.25556819e+03 
 3.29156001e+14  2.27951307e+34  1.42641000e+01  9.83772675e-01  1.22786000e+01  9.48496233e-01  3.08263925e-01  6.91046582e-02  1.32688634e-01  8.07514257e+03 
 3.29441753e+14  2.29296380e+34  1.42711000e+01  9.88708768e-01  1.22946000e+01  9.53468065e-01  3.08902320e-01  6.86858988e-02  1.32770241e-01  7.89976987e+03 
 3.29727505e+14  2.30641453e+34  1.42791000e+01  9.93635518e-01  1.23106000e+01  9.58439012e-01  3.09493465e-01  6.82561991e-02  1.32801226e-01  7.72928110e+03 
 3.30013257e+14  2.31986526e+34  1.42861000e+01  9.98552857e-01  1.23266000e+01  9.63409022e-01  3.10124014e-01  6.78157117e-02  1.32874639e-01  7.56351398e+03 
 3.30299010e+14  2.33331599e+34  1.42941000e+01  1.00346072e+00  1.23426000e+01  9.68378044e-01  3.10707194e-01  6.73645198e-02  1.32897502e-01  7.40231217e+03 
 3.30584762e+14  2.34711732e+34  1.43011000e+01  1.00848667e+00  1.23596000e+01  9.73532004e-01  3.11354048e-01  6.67869802e-02  1.32972975e-01  7.24149406e+03 
 3.30870514e+14  2.36141309e+34  1.43091000e+01  1.01368278e+00  1.23756000e+01  9.78713980e-01  3.11987275e-01  6.64635418e-02  1.33011960e-01  7.07962601e+03 
 3.31156266e+14  2.37570886e+34  1.43171000e+01  1.01886889e+00  1.23926000e+01  9.83992126e-01  3.12616239e-01  6.59510568e-02  1.33046567e-01  6.92238630e+03 
 3.31442018e+14  2.39000464e+34  1.43251000e+01  1.02404492e+00  1.24086000e+01  9.89171882e-01  3.13240952e-01  6.56041938e-02  1.33076839e-01  6.76961755e+03 
 3.31727770e+14  2.40430041e+34  1.43331000e+01  1.02921077e+00  1.24256000e+01  9.94448203e-01  3.13861417e-01  6.50693318e-02  1.33102811e-01  6.62116854e+03 
 3.32013523e+14  2.41859618e+34  1.43411000e+01  1.03436638e+00  1.24416000e+01  9.99625499e-01  3.14477641e-01  6.46995343e-02  1.33124522e-01  6.47689374e+03 
 3.32299275e+14  2.43289196e+34  1.43491000e+01  1.03951168e+00  1.24576000e+01  1.00480133e+00  3.15089633e-01  6.43183124e-02  1.33142010e-01  6.33665314e+03 
 3.32585027e+14  2.44718773e+34  1.43571000e+01  1.04464658e+00  1.24736000e+01  1.00997564e+00  3.15697397e-01  6.39257651e-02  1.33155311e-01  6.20031218e+03 
 3.32870779e+14  2.46148350e+34  1.43651000e+01  1.04977104e+00  1.24896000e+01  1.01514840e+00  3.16300941e-01  6.35220222e-02  1.33164463e-01  6.06774133e+03 
 3.33156531e+14  2.47577928e+34  1.43731000e+01  1.05488497e+00  1.25056000e+01  1.02031954e+00  3.16900272e-01  6.31072138e-02  1.33169501e-01  5.93881602e+03 
 3.33442283e+14  2.49007505e+34  1.43811000e+01  1.05998831e+00  1.25216000e+01  1.02548900e+00  3.17495395e-01  6.26814653e-02  1.33170463e-01  5.81341638e+03 
 3.33728036e+14  2.50437082e+34  1.43891000e+01  1.06508102e+00  1.25376000e+01  1.03065675e+00  3.18086322e-01  6.22449170e-02  1.33219493e-01  5.69365403e+03 
 3.34013788e+14  2.51866660e+34  1.43971000e+01  1.07016303e+00  1.25526000e+01  1.03572279e+00  3.18673056e-01  6.19709229e-02  1.33212414e-01  5.57491774e+03 
 3.34299540e+14  2.53329928e+34  1.44051000e+01  1.07535374e+00  1.25686000e+01  1.04097066e+00  3.19277659e-01  6.15670303e-02  1.33209783e-01  5.45668825e+03 
 3.34585292e+14  2.54847838e+34  1.44131000e+01  1.08072706e+00  1.25856000e+01  1.04645318e+00  3.19913652e-01  6.10671465e-02  1.33164435e-01  5.33535709e+03 
 3.34871044e+14  2.56365748e+34  1.44211000e+01  1.08608906e+00  1.26016000e+01  1.05183348e+00  3.20545193e-01  6.07281668e-02  1.33166872e-01  5.21950515e+03 
 3.35156796e+14  2.57883658e+34  1.44301000e+01  1.09143965e+00  1.26176000e+01  1.05721166e+00  3.21127779e-01  6.03774093e-02  1.33171013e-01  5.10888528e+03 
 3.35442549e+14  2.59401568e+34  1.44381000e+01  1.09677877e+00  1.26336000e+01  1.06258768e+00  3.21750395e-01  6.00150149e-02  1.33112836e-01  4.99739133e+03 
 3.35728301e+14  2.60919477e+34  1.44461000e+01  1.10210636e+00  1.26496000e+01  1.06796148e+00  3.22368592e-01  5.96410874e-02  1.33102584e-01  4.89091840e+03 
 3.36014053e+14  2.62437387e+34  1.44551000e+01  1.10742234e+00  1.26656000e+01  1.07333301e+00  3.22937694e-01  5.92557610e-02  1.33094265e-01  4.78924237e+03 
 3.36299805e+14  2.63955297e+34  1.44631000e+01  1.11272667e+00  1.26816000e+01  1.07870222e+00  3.23547029e-01  5.88591866e-02  1.33023673e-01  4.68664203e+03 
 3.36585557e+14  2.65473207e+34  1.44711000e+01  1.11801927e+00  1.26976000e+01  1.08406905e+00  3.24151980e-01  5.84515100e-02  1.33001128e-01  4.58865044e+03 
 3.36871309e+14  2.66991117e+34  1.44791000e+01  1.12330011e+00  1.27136000e+01  1.08943344e+00  3.24752557e-01  5.80328724e-02  1.32974559e-01  4.49330365e+03 
 3.37157062e+14  2.68509027e+34  1.44881000e+01  1.12856912e+00  1.27286000e+01  1.09469260e+00  3.25303852e-01  5.77725527e-02  1.32950213e-01  4.40224061e+03 
 3.37442814e+14  2.70026937e+34  1.44961000e+01  1.13382626e+00  1.27446000e+01  1.10005177e+00  3.25895654e-01  5.73319560e-02  1.32863674e-01  4.31020543e+03 
 3.37728566e+14  2.71544847e+34  1.45041000e+01  1.13907147e+00  1.27596000e+01  1.10530510e+00  3.26483116e-01  5.70492897e-02  1.32825320e-01  4.22229231e+03 
 3.38014318e+14  2.73087716e+34  1.45121000e+01  1.14439071e+00  1.27756000e+01  1.11071965e+00  3.27081735e-01  5.66238592e-02  1.32788400e-01  4.13531140e+03 
 3.38300070e+14  2.74697853e+34  1.45211000e+01  1.14992930e+00  1.27916000e+01  1.11629530e+00  3.27672447e-01  5.62856213e-02  1.32715944e-01  4.04700146e+03 
 3.38585822e+14  2.76307991e+34  1.45301000e+01  1.15545524e+00  1.28076000e+01  1.12186804e+00  3.28258436e-01  5.59355932e-02  1.32691384e-01  3.96267526e+03 
 3.38871575e+14  2.77918128e+34  1.45381000e+01  1.16096847e+00  1.28236000e+01  1.12743782e+00  3.28884968e-01  5.55739536e-02  1.32604329e-01  3.87759291e+03 
 3.39157327e+14  2.79528265e+34  1.45471000e+01  1.16646893e+00  1.28396000e+01  1.13300459e+00  3.29461614e-01  5.52007987e-02  1.32519623e-01  3.79633755e+03 
 3.39443079e+14  2.81138403e+34  1.45561000e+01  1.17195656e+00  1.28546000e+01  1.13846349e+00  3.30033587e-01  5.49826279e-02  1.32482909e-01  3.71874009e+03 
 3.39728831e+14  2.82748540e+34  1.45641000e+01  1.17743130e+00  1.28706000e+01  1.14402383e+00  3.30646308e-01  5.45865577e-02  1.32383819e-01  3.64035434e+03 
 3.40014583e+14  2.84358677e+34  1.45731000e+01  1.18289313e+00  1.28866000e+01  1.14958098e+00  3.31209031e-01  5.41794262e-02  1.32339236e-01  3.56688563e+03 
 3.40300335e+14  2.85968815e+34  1.45811000e+01  1.18834197e+00  1.29016000e+01  1.15502939e+00  3.31812638e-01  5.39266350e-02  1.32232353e-01  3.49261216e+03 
 3.40586087e+14  2.87578952e+34  1.45901000e+01  1.19377780e+00  1.29166000e+01  1.16047401e+00  3.32366167e-01  5.36623833e-02  1.32180086e-01  3.42301070e+03 
 3.40871840e+14  2.89189089e+34  1.45981000e+01  1.19920057e+00  1.29326000e+01  1.16602094e+00  3.32960717e-01  5.32221295e-02  1.32065604e-01  3.35259152e+03 
 3.41157592e+14  2.90799227e+34  1.46071000e+01  1.20461024e+00  1.29476000e+01  1.17145821e+00  3.33505115e-01  5.29356130e-02  1.32005839e-01  3.28661463e+03 
 3.41443344e+14  2.92409364e+34  1.46151000e+01  1.21000677e+00  1.29626000e+01  1.17689160e+00  3.34090666e-01  5.26380451e-02  1.31883950e-01  3.21981028e+03 
 3.41729096e+14  2.94027017e+34  1.46231000e+01  1.21541522e+00  1.29776000e+01  1.18233895e+00  3.34676177e-01  5.23395201e-02  1.31811510e-01  3.15569927e+03 
 3.42014848e+14  2.95733336e+34  1.46321000e+01  1.22110620e+00  1.29936000e+01  1.18809996e+00  3.35263296e-01  5.19839054e-02  1.31705872e-01  3.08986592e+03 
 3.42300600e+14  2.97439655e+34  1.46411000e+01  1.22678322e+00  1.30096000e+01  1.19385717e+00  3.35845566e-01  5.16167676e-02  1.31596322e-01  3.02580918e+03 
 3.42586353e+14  2.99145974e+34  1.46501000e+01  1.23244622e+00  1.30246000e+01  1.19950297e+00  3.36423008e-01  5.14008412e-02  1.31482920e-01  2.96347170e+03 
 3.42872105e+14  3.00852292e+34  1.46591000e+01  1.23809516e+00  1.30406000e+01  1.20525223e+00  3.36995641e-01  5.10106875e-02  1.31417346e-01  2.90393896e+03 
 3.43157857e+14  3.02558611e+34  1.46681000e+01  1.24372999e+00  1.30556000e+01  1.21088945e+00  3.37563486e-01  5.07714037e-02  1.31296365e-01  2.84485315e+03 
 3.43443609e+14  3.04264930e+34  1.46761000e+01  1.24935068e+00  1.30716000e+01  1.21663056e+00  3.38172645e-01  5.03588704e-02  1.31164830e-01  2.78623216e+03 
 3.43729361e+14  3.05971249e+34  1.46851000e+01  1.25495718e+00  1.30866000e+01  1.22225905e+00  3.38731011e-01  5.00967709e-02  1.31036495e-01  2.73023886e+03 
 3.44015113e+14  3.07677568e+34  1.46941000e+01  1.26054948e+00  1.31016000e+01  1.22788298e+00  3.39284646e-01  4.98233397e-02  1.30956055e-01  2.67676002e+03 
 3.44300866e+14  3.09383887e+34  1.47031000e+01  1.26612751e+00  1.31166000e+01  1.23350233e+00  3.39833562e-01  4.95386955e-02  1.30820560e-01  2.62362472e+03 
 3.44586618e+14  3.11090206e+34  1.47111000e+01  1.27169126e+00  1.31316000e+01  1.23911705e+00  3.40424062e-01  4.92429890e-02  1.30674610e-01  2.57085097e+03 
 3.44872370e+14  3.12796525e+34  1.47201000e+01  1.27724069e+00  1.31466000e+01  1.24472712e+00  3.40963645e-01  4.89363309e-02  1.30583529e-01  2.52142961e+03 
 3.45158122e+14  3.14502843e+34  1.47281000e+01  1.28277579e+00  1.31616000e+01  1.25033251e+00  3.41544947e-01  4.86188852e-02  1.30430637e-01  2.47131353e+03 
 3.45443874e+14  3.16209162e+34  1.47371000e+01  1.28829651e+00  1.31756000e+01  1.25582307e+00  3.42075267e-01  4.84501209e-02  1.30332687e-01  2.42439134e+03 
 3.45729626e+14  3.17995567e+34  1.47461000e+01  1.29406123e+00  1.31916000e+01  1.26171414e+00  3.42645206e-01  4.80480164e-02  1.30191558e-01  2.37554329e+03 
 3.46015379e+14  3.19802073e+34  1.47551000e+01  1.29987562e+00  1.32066000e+01  1.26753642e+00  3.43221337e-01  4.78176085e-02  1.30049686e-01  2.32744530e+03 
 3.46301131e+14  3.21608580e+34  1.47641000e+01  1.30567471e+00  1.32216000e+01  1.27335347e+00  3.43792544e-01  4.75754924e-02  1.29904224e-01  2.28061290e+03 
 3.46586883e+14  3.23415086e+34  1.47731000e+01  1.31145848e+00  1.32376000e+01  1.27927639e+00  3.44358848e-01  4.71637029e-02  1.29755230e-01  2.23500612e+03 
 3.46872635e+14  3.25221592e+34  1.47821000e+01  1.31722688e+00  1.32526000e+01  1.28508315e+00  3.44920273e-01  4.68988684e-02  1.29602762e-01  2.19058643e+03 
 3.47158387e+14  3.27028099e+34  1.47911000e+01  1.32297989e+00  1.32676000e+01  1.29088457e+00  3.45476839e-01  4.66227479e-02  1.29446876e-01  2.14731670e+03 
 3.47444139e+14  3.28834605e+34  1.47991000e+01  1.32871749e+00  1.32826000e+01  1.29668062e+00  3.46075339e-01  4.63355040e-02  1.29280382e-01  2.10433204e+03 
 3.47729892e+14  3.30641112e+34  1.48081000e+01  1.33443964e+00  1.32966000e+01  1.30235913e+00  3.46622294e-01  4.61940611e-02  1.29117796e-01  2.06327209e+03 
 3.48015644e+14  3.32447618e+34  1.48171000e+01  1.34014633e+00  1.33116000e+01  1.30814413e+00  3.47164452e-01  4.58845847e-02  1.29002779e-01  2.02405543e+03 
 3.48301396e+14  3.34254124e+34  1.48261000e+01  1.34583753e+00  1.33266000e+01  1.31392366e+00  3.47701832e-01  4.55643811e-02  1.28833675e-01  1.98503987e+03 
 3.48587148e+14  3.36060631e+34  1.48341000e+01  1.35151322e+00  1.33406000e+01  1.31958482e+00  3.48281416e-01  4.53895376e-02  1.28654072e-01  1.94624017e+03 
 3.48872900e+14  3.37867137e+34  1.48431000e+01  1.35717340e+00  1.33556000e+01  1.32535313e+00  3.48809348e-01  4.50479504e-02  1.28478692e-01  1.90917555e+03 
 3.49158652e+14  3.39673644e+34  1.48521000e+01  1.36281804e+00  1.33696000e+01  1.33100252e+00  3.49332565e-01  4.48513735e-02  1.28350864e-01  1.87377370e+03 
 3.49444405e+14  3.41524917e+34  1.48611000e+01  1.36858650e+00  1.33846000e+01  1.33685992e+00  3.49874393e-01  4.45374942e-02  1.28174459e-01  1.83765250e+03 
 3.49730157e+14  3.43435661e+34  1.48701000e+01  1.37452388e+00  1.33996000e+01  1.34284478e+00  3.50442261e-01  4.42770325e-02  1.28001580e-01  1.80132347e+03 
 3.50015909e+14  3.45346404e+34  1.48791000e+01  1.38044471e+00  1.34146000e+01  1.34882357e+00  3.51005131e-01  4.40052230e-02  1.27825415e-01  1.76593139e+03 
 3.50301661e+14  3.47257148e+34  1.48881000e+01  1.38634896e+00  1.34296000e+01  1.35479622e+00  3.51563027e-01  4.37222158e-02  1.27646025e-01  1.73144721e+03 
 3.50587413e+14  3.49167891e+34  1.48971000e+01  1.39223662e+00  1.34436000e+01  1.36064809e+00  3.52115974e-01  4.35819816e-02  1.27463467e-01  1.69784291e+03 
 3.50873165e+14  3.51078634e+34  1.49061000e+01  1.39810768e+00  1.34586000e+01  1.36660815e+00  3.52663997e-01  4.32767208e-02  1.27277800e-01  1.66509143e+03 
 3.51158918e+14  3.52989378e+34  1.49141000e+01  1.40396212e+00  1.34736000e+01  1.37256199e+00  3.53254492e-01  4.29607232e-02  1.27081507e-01  1.63252201e+03 
 3.51444670e+14  3.54900121e+34  1.49231000e+01  1.40979991e+00  1.34876000e+01  1.37839423e+00  3.53792778e-01  4.27869957e-02  1.26889762e-01  1.60141101e+03 
 3.51730422e+14  3.56810865e+34  1.49321000e+01  1.41562107e+00  1.35016000e+01  1.38421970e+00  3.54326207e-01  4.26022119e-02  1.26695072e-01  1.57107699e+03 
 3.52016174e+14  3.58721608e+34  1.49411000e+01  1.42142556e+00  1.35166000e+01  1.39015427e+00  3.54854802e-01  4.22541223e-02  1.26547476e-01  1.54210565e+03 
 3.52301926e+14  3.60632351e+34  1.49501000e+01  1.42721339e+00  1.35306000e+01  1.39596643e+00  3.55378583e-01  4.20478543e-02  1.26346982e-01  1.51324480e+03 
 3.52587678e+14  3.62543095e+34  1.49581000e+01  1.43298455e+00  1.35446000e+01  1.40177178e+00  3.55945172e-01  4.18309466e-02  1.26136010e-01  1.48450648e+03 
 3.52873431e+14  3.64453838e+34  1.49671000e+01  1.43873903e+00  1.35586000e+01  1.40757030e+00  3.56459439e-01  4.16034833e-02  1.25929968e-01  1.45705400e+03 
 3.53159183e+14  3.66364582e+34  1.49761000e+01  1.44447683e+00  1.35726000e+01  1.41336197e+00  3.56968961e-01  4.13656107e-02  1.25770956e-01  1.43083478e+03 
 3.53444935e+14  3.68379690e+34  1.49851000e+01  1.45051037e+00  1.35876000e+01  1.41949038e+00  3.57524726e-01  4.10682635e-02  1.25568501e-01  1.40327607e+03 
 3.53730687e+14  3.70398754e+34  1.49941000e+01  1.45653801e+00  1.36016000e+01  1.42550314e+00  3.58077378e-01  4.09144904e-02  1.25363444e-01  1.37636047e+03 
 3.54016439e+14  3.72417819e+34  1.50031000e+01  1.46254788e+00  1.36166000e+01  1.43162596e+00  3.58625007e-01  4.05990445e-02  1.25155498e-01  1.35012155e+03 
 3.54302191e+14  3.74436884e+34  1.50121000e+01  1.46853996e+00  1.36306000e+01  1.43762398e+00  3.59167638e-01  4.04230053e-02  1.24944721e-01  1.32453880e+03 
 3.54587944e+14  3.76455948e+34  1.50211000e+01  1.47451426e+00  1.36446000e+01  1.44361442e+00  3.59705298e-01  4.02359684e-02  1.24731169e-01  1.29959242e+03 
 3.54873696e+14  3.78475013e+34  1.50301000e+01  1.48047077e+00  1.36586000e+01  1.44959732e+00  3.60238011e-01  4.00380163e-02  1.24514899e-01  1.27526330e+03 
 3.55159448e+14  3.80494078e+34  1.50391000e+01  1.48640949e+00  1.36736000e+01  1.45569125e+00  3.60765803e-01  3.96800061e-02  1.24295965e-01  1.25153297e+03 
 3.55445200e+14  3.82513142e+34  1.50471000e+01  1.49233042e+00  1.36876000e+01  1.46165927e+00  3.61336728e-01  3.94609146e-02  1.24066507e-01  1.22789721e+03 
 3.55730952e+14  3.84532207e+34  1.50561000e+01  1.49823356e+00  1.37016000e+01  1.46761969e+00  3.61854792e-01  3.92313059e-02  1.23842384e-01  1.20532046e+03 
 3.56016704e+14  3.86551272e+34  1.50651000e+01  1.50411891e+00  1.37146000e+01  1.47345322e+00  3.62368005e-01  3.91397450e-02  1.23664745e-01  1.18375962e+03 
 3.56302457e+14  3.88570336e+34  1.50741000e+01  1.50998649e+00  1.37286000e+01  1.47939821e+00  3.62876396e-01  3.88892271e-02  1.23435580e-01  1.16225225e+03 
 3.56588209e+14  3.90589401e+34  1.50821000e+01  1.51583629e+00  1.37426000e+01  1.48533555e+00  3.63428180e-01  3.86286179e-02  1.23196012e-01  1.14080815e+03 
 3.56873961e+14  3.92608465e+34  1.50911000e+01  1.52166832e+00  1.37556000e+01  1.49114523e+00  3.63927030e-01  3.85056694e-02  1.23010832e-01  1.12076930e+03 
 3.57159713e+14  3.94672065e+34  1.51001000e+01  1.52761071e+00  1.37696000e+01  1.49716052e+00  3.64441566e-01  3.82641396e-02  1.22777327e-01  1.10032810e+03 
 3.57445465e+14  3.96803561e+34  1.51091000e+01  1.53372984e+00  1.37836000e+01  1.50331015e+00  3.64982286e-01  3.80718258e-02  1.22545654e-01  1.07972943e+03 
 3.57731217e+14  3.98935056e+34  1.51181000e+01  1.53983004e+00  1.37976000e+01  1.50945145e+00  3.65517950e-01  3.78686414e-02  1.22311448e-01  1.05963822e+03 
 3.58016969e+14  4.01066551e+34  1.51271000e+01  1.54591132e+00  1.38116000e+01  1.51558442e+00  3.66048586e-01  3.76547239e-02  1.22074765e-01  1.04003938e+03 
 3.58302722e+14  4.03198046e+34  1.51361000e+01  1.55197368e+00  1.38256000e+01  1.52170904e+00  3.66574222e-01  3.74302152e-02  1.21835663e-01  1.02091833e+03 
 3.58588474e+14  4.05329542e+34  1.51441000e+01  1.55801712e+00  1.38396000e+01  1.52782529e+00  3.67143372e-01  3.71952770e-02  1.21586058e-01  1.00186307e+03 
 3.58874226e+14  4.07461037e+34  1.51531000e+01  1.56404168e+00  1.38536000e+01  1.53393315e+00  3.67659129e-01  3.69500259e-02  1.21342260e-01  9.83662920e+02 
 3.59159978e+14  4.09592532e+34  1.51621000e+01  1.57004734e+00  1.38666000e+01  1.53991067e+00  3.68169964e-01  3.68401055e-02  1.21144321e-01  9.66283331e+02 
 3.59445730e+14  4.11724028e+34  1.51711000e+01  1.57603413e+00  1.38806000e+01  1.54600152e+00  3.68675903e-01  3.65743330e-02  1.20895966e-01  9.48937172e+02 
 3.59731482e+14  4.13855523e+34  1.51791000e+01  1.58200206e+00  1.38936000e+01  1.55196152e+00  3.69225625e-01  3.64436910e-02  1.20637241e-01  9.31632579e+02 
 3.60017235e+14  4.15987018e+34  1.51881000e+01  1.58795115e+00  1.39076000e+01  1.55803533e+00  3.69721890e-01  3.61579444e-02  1.20432475e-01  9.15468795e+02 
 3.60302987e+14  4.18118514e+34  1.51971000e+01  1.59388140e+00  1.39206000e+01  1.56397783e+00  3.70213334e-01  3.60070092e-02  1.20177683e-01  8.99323198e+02 
 3.60588739e+14  4.20250009e+34  1.52051000e+01  1.59979286e+00  1.39336000e+01  1.56991144e+00  3.70748756e-01  3.58460611e-02  1.19960325e-01  8.83555117e+02 
 3.60874491e+14  4.22381504e+34  1.52141000e+01  1.60568553e+00  1.39466000e+01  1.57583616e+00  3.71230677e-01  3.56751797e-02  1.19701449e-01  8.68153759e+02 
 3.61160243e+14  4.24597143e+34  1.52221000e+01  1.61179114e+00  1.39606000e+01  1.58204572e+00  3.71792832e-01  3.54172060e-02  1.19435960e-01  8.52182311e+02 
 3.61445995e+14  4.26845194e+34  1.52311000e+01  1.61796615e+00  1.39746000e+01  1.58831171e+00  3.72315070e-01  3.51746750e-02  1.19178021e-01  8.36707641e+02 
 3.61731748e+14  4.29093245e+34  1.52401000e+01  1.62412115e+00  1.39876000e+01  1.59444451e+00  3.72832263e-01  3.50651026e-02  1.18917971e-01  8.21604564e+02 
 3.62017500e+14  4.31341296e+34  1.52491000e+01  1.63025616e+00  1.40016000e+01  1.60069194e+00  3.73344445e-01  3.48019682e-02  1.18703138e-01  8.07183723e+02 
 3.62303252e+14  4.33589346e+34  1.52581000e+01  1.63637118e+00  1.40146000e+01  1.60680568e+00  3.73851641e-01  3.46715635e-02  1.18438934e-01  7.92786122e+02 
 3.62589004e+14  4.35837397e+34  1.52671000e+01  1.64246626e+00  1.40276000e+01  1.61290972e+00  3.74353881e-01  3.45308840e-02  1.18172779e-01  7.78728898e+02 
 3.62874756e+14  4.38085448e+34  1.52751000e+01  1.64854141e+00  1.40416000e+01  1.61912918e+00  3.74900278e-01  3.42377022e-02  1.17896314e-01  7.64697409e+02 
 3.63160508e+14  4.40333499e+34  1.52841000e+01  1.65459665e+00  1.40546000e+01  1.62521421e+00  3.75392723e-01  3.40769217e-02  1.17673300e-01  7.51596864e+02 
 3.63446261e+14  4.42581550e+34  1.52921000e+01  1.66063202e+00  1.40676000e+01  1.63128959e+00  3.75929460e-01  3.39062068e-02  1.17393032e-01  7.38208964e+02 
 3.63732013e+14  4.44829600e+34  1.53011000e+01  1.66664753e+00  1.40806000e+01  1.63735532e+00  3.76412214e-01  3.37256512e-02  1.17166169e-01  7.25713267e+02 
 3.64017765e+14  4.47077651e+34  1.53091000e+01  1.67264322e+00  1.40936000e+01  1.64341140e+00  3.76939394e-01  3.35354203e-02  1.16882289e-01  7.12933152e+02 
 3.64303517e+14  4.49325702e+34  1.53181000e+01  1.67861912e+00  1.41056000e+01  1.64933165e+00  3.77412565e-01  3.34766689e-02  1.16651759e-01  7.01008591e+02 
 3.64589269e+14  4.51573753e+34  1.53261000e+01  1.68457526e+00  1.41186000e+01  1.65536828e+00  3.77930286e-01  3.32671066e-02  1.16364449e-01  6.88802761e+02 
 3.64875021e+14  4.53821804e+34  1.53351000e+01  1.69051167e+00  1.41316000e+01  1.66139530e+00  3.78393975e-01  3.30481748e-02  1.16130426e-01  6.77417795e+02 
 3.65160774e+14  4.56182717e+34  1.53431000e+01  1.69672525e+00  1.41446000e+01  1.66763198e+00  3.78947637e-01  3.29000739e-02  1.15842729e-01  6.65189095e+02 
 3.65446526e+14  4.58551453e+34  1.53521000e+01  1.70293842e+00  1.41576000e+01  1.67387346e+00  3.79450043e-01  3.27473075e-02  1.15608207e-01  6.53734320e+02 
 3.65732278e+14  4.60920188e+34  1.53611000e+01  1.70913056e+00  1.41706000e+01  1.68010454e+00  3.79947435e-01  3.25844285e-02  1.15325695e-01  6.42288045e+02 
 3.66018030e+14  4.63288924e+34  1.53701000e+01  1.71530174e+00  1.41836000e+01  1.68632520e+00  3.80439844e-01  3.24115779e-02  1.15041540e-01  6.31108308e+02 
 3.66303782e+14  4.65657660e+34  1.53781000e+01  1.72145197e+00  1.41966000e+01  1.69253546e+00  3.80976852e-01  3.22289055e-02  1.14793114e-01  6.20187591e+02 
 3.66589534e+14  4.68026396e+34  1.53871000e+01  1.72758129e+00  1.42096000e+01  1.69873533e+00  3.81459418e-01  3.20364906e-02  1.14505705e-01  6.09518553e+02 
 3.66875287e+14  4.70395132e+34  1.53951000e+01  1.73368974e+00  1.42226000e+01  1.70492479e+00  3.81986715e-01  3.18345168e-02  1.14253902e-01  5.99094181e+02 
 3.67161039e+14  4.72763868e+34  1.54041000e+01  1.73977735e+00  1.42346000e+01  1.71097535e+00  3.82459550e-01  3.17617948e-02  1.13963425e-01  5.88907600e+02 
 3.67446791e+14  4.75132603e+34  1.54121000e+01  1.74584416e+00  1.42476000e+01  1.71714384e+00  3.82977245e-01  3.15407529e-02  1.13708426e-01  5.78952246e+02 
 3.67732543e+14  4.77501339e+34  1.54201000e+01  1.75189022e+00  1.42596000e+01  1.72317297e+00  3.83490200e-01  3.14487940e-02  1.13406397e-01  5.68993685e+02 
 3.68018295e+14  4.79870075e+34  1.54291000e+01  1.75791556e+00  1.42726000e+01  1.72932053e+00  3.83948661e-01  3.12091571e-02  1.13157039e-01  5.59709751e+02 
 3.68304047e+14  4.82238811e+34  1.54371000e+01  1.76392022e+00  1.42846000e+01  1.73532832e+00  3.84452173e-01  3.10983925e-02  1.12897520e-01  5.50410449e+02 
 3.68589800e+14  4.84607547e+34  1.54451000e+01  1.76990425e+00  1.42966000e+01  1.74132532e+00  3.84951021e-01  3.09783117e-02  1.12591381e-01  5.41100934e+02 
 3.68875552e+14  4.86980020e+34  1.54531000e+01  1.77587709e+00  1.43096000e+01  1.74744845e+00  3.85446638e-01  3.07139526e-02  1.12329120e-01  5.32199289e+02 
 3.69161304e+14  4.89473564e+34  1.54621000e+01  1.78213291e+00  1.43216000e+01  1.75365678e+00  3.85933079e-01  3.06550312e-02  1.12075512e-01  5.23264228e+02 
 3.69447056e+14  4.91967109e+34  1.54711000e+01  1.78836678e+00  1.43346000e+01  1.75998385e+00  3.86414519e-01  3.04490766e-02  1.11775498e-01  5.14325421e+02 
 3.69732808e+14  4.94460653e+34  1.54791000e+01  1.79457873e+00  1.43476000e+01  1.76629973e+00  3.86940987e-01  3.02337081e-02  1.11510213e-01  5.05590578e+02 
 3.70018560e+14  4.96954198e+34  1.54881000e+01  1.80076882e+00  1.43596000e+01  1.77247373e+00  3.87412553e-01  3.01454663e-02  1.11207551e-01  4.97053996e+02 
 3.70304313e+14  4.99447742e+34  1.54961000e+01  1.80693708e+00  1.43716000e+01  1.77863610e+00  3.87929280e-01  3.00476297e-02  1.10939485e-01  4.88710233e+02 
 3.70590065e+14  5.01941286e+34  1.55041000e+01  1.81308357e+00  1.43846000e+01  1.78491822e+00  3.88441203e-01  2.98041035e-02  1.10625570e-01  4.80360837e+02 
 3.70875817e+14  5.04434831e+34  1.55131000e+01  1.81920834e+00  1.43966000e+01  1.79105775e+00  3.88898195e-01  2.96874734e-02  1.10363687e-01  4.72580018e+02 
 3.71161569e+14  5.06928375e+34  1.55211000e+01  1.82531143e+00  1.44086000e+01  1.79718575e+00  3.89400546e-01  2.95615655e-02  1.10091724e-01  4.64783474e+02 
 3.71447321e+14  5.09421919e+34  1.55291000e+01  1.83139289e+00  1.44206000e+01  1.80330226e+00  3.89898170e-01  2.94264576e-02  1.09818508e-01  4.57159489e+02 
 3.71733073e+14  5.11915464e+34  1.55371000e+01  1.83745277e+00  1.44326000e+01  1.80940729e+00  3.90391099e-01  2.92822718e-02  1.09544080e-01  4.49703396e+02 
 3.72018826e+14  5.14409008e+34  1.55451000e+01  1.84349114e+00  1.44446000e+01  1.81550087e+00  3.90879356e-01  2.91291220e-02  1.09224492e-01  4.42232582e+02 
 3.72304578e+14  5.16902552e+34  1.55531000e+01  1.84950804e+00  1.44566000e+01  1.82158301e+00  3.91362966e-01  2.89671107e-02  1.08947850e-01  4.35101671e+02 
 3.72590330e+14  5.19396097e+34  1.55611000e+01  1.85550352e+00  1.44686000e+01  1.82765375e+00  3.91841958e-01  2.87963401e-02  1.08670111e-01  4.28125454e+02 
