# rhoc (cgs) 	 Pc (cgs) 	 R (km) 	 M (msol) 	 R_core (km) 	 M_core (msol) 	 I/(MR^2) 	 I_crust/(M_crust R_crust^2)/(I/(MR^2)) 	 k_2 	 Lambda 
 2.30000000e+14  9.13890099e+32  2.41262010e+03  5.86156296e-01  1.77860000e+00  2.53806020e-03  9.87494107e-02  9.99999991e-01  2.51653014e-02  2.82324167e+15 
 2.30574344e+14  9.20555779e+32  2.41706010e+03  5.86107397e-01  1.80260000e+00  2.64590974e-03  9.89042255e-02  9.99999990e-01  5.66670269e-02  6.41874381e+15 
 2.31148689e+14  9.27221459e+32  2.42162610e+03  5.86045171e-01  1.82560000e+00  2.75251992e-03  9.90621412e-02  9.99999989e-01  2.74981524e-02  3.14595045e+15 
 2.31723033e+14  9.34138273e+32  2.42649910e+03  5.85965913e-01  1.84860000e+00  2.86233639e-03  9.92295131e-02  9.99999989e-01  6.19170290e-02  7.16007214e+15 
 2.32297378e+14  9.41086927e+32  2.43153810e+03  5.85870658e-01  1.87260000e+00  2.97925665e-03  9.94012293e-02  9.99999988e-01  8.12987742e-02  9.50712125e+15 
 2.32871722e+14  9.48035581e+32  2.43672310e+03  5.85759118e-01  1.89460000e+00  3.09031880e-03  9.95766500e-02  9.99999987e-01  2.11549555e-02  2.50274217e+15 
 2.33446066e+14  9.55254255e+32  2.44226810e+03  5.85625359e-01  1.91860000e+00  3.21359875e-03  9.97628803e-02  9.99999987e-01  6.85875237e-02  8.21638564e+15 
 2.34020411e+14  9.62495014e+32  2.44799810e+03  5.85472098e-01  1.94060000e+00  3.33072155e-03  9.99538344e-02  9.99999986e-01  3.13768846e-02  3.80804936e+15 
 2.34594755e+14  9.69735772e+32  2.45389710e+03  5.85299073e-01  1.96360000e+00  3.45522694e-03  1.00149126e-01  9.99999985e-01  2.39800348e-02  2.94992345e+15 
 2.35169100e+14  9.77266116e+32  2.46021710e+03  5.85097420e-01  1.98660000e+00  3.58331365e-03  1.00356797e-01  9.99999984e-01  3.57298929e-02  4.45991256e+15 
 2.35743444e+14  9.84808207e+32  2.46674210e+03  5.84872305e-01  2.00960000e+00  3.71437038e-03  1.00569585e-01  9.99999983e-01  3.44873403e-02  4.37060467e+15 
 2.36317788e+14  9.92350299e+32  2.47346410e+03  5.84623266e-01  2.03160000e+00  3.84332088e-03  1.00787299e-01  9.99999983e-01  4.81634800e-02  6.20060153e+15 
 2.36892133e+14  1.00020222e+33  2.48067710e+03  5.84337633e-01  2.05460000e+00  3.98101021e-03  1.01019267e-01  9.99999982e-01  5.66100276e-02  7.41299401e+15 
 2.37466477e+14  1.00805497e+33  2.48811610e+03  5.84023938e-01  2.07660000e+00  4.11644897e-03  1.01256835e-01  9.99999981e-01  3.08630826e-02  4.11346347e+15 
 2.38040822e+14  1.01591839e+33  2.49579510e+03  5.83680780e-01  2.09860000e+00  4.25475759e-03  1.01500327e-01  9.99999980e-01  5.24759851e-02  7.12355290e+15 
 2.38615166e+14  1.02409122e+33  2.50402510e+03  5.83292140e-01  2.12160000e+00  4.40229008e-03  1.01759541e-01  9.99999979e-01  2.65562122e-02  3.67703087e+15 
 2.39189510e+14  1.03226405e+33  2.51251610e+03  5.82869502e-01  2.14360000e+00  4.54732678e-03  1.02025163e-01  9.99999978e-01  3.61223492e-02  5.10542585e+15 
 2.39763855e+14  1.04045962e+33  2.52129610e+03  5.82410456e-01  2.16560000e+00  4.69536682e-03  1.02298016e-01  9.99999977e-01  2.21050909e-02  3.19178867e+15 
 2.40338199e+14  1.04896205e+33  2.53069510e+03  5.81895315e-01  2.18760000e+00  4.84723772e-03  1.02588060e-01  9.99999976e-01  2.95826816e-02  4.37099931e+15 
 2.40912544e+14  1.05746448e+33  2.54039610e+03  5.81338866e-01  2.20960000e+00  5.00212369e-03  1.02885465e-01  9.99999975e-01  2.89764063e-02  4.38503732e+15 
 2.41486888e+14  1.06600229e+33  2.55044610e+03  5.80737076e-01  2.23160000e+00  5.16014947e-03  1.03191584e-01  9.99999974e-01  4.29623600e-02  6.66560373e+15 
 2.42061233e+14  1.07484392e+33  2.56118910e+03  5.80066449e-01  2.25360000e+00  5.32214011e-03  1.03516670e-01  9.99999973e-01  3.01790402e-02  4.80942652e+15 
 2.42635577e+14  1.08368556e+33  2.57228210e+03  5.79345402e-01  2.27560000e+00  5.48724330e-03  1.03850207e-01  9.99999972e-01  2.38669769e-02  3.91084809e+15 
 2.43209921e+14  1.09257579e+33  2.58379710e+03  5.78567574e-01  2.29760000e+00  5.65562763e-03  1.04194095e-01  9.99999971e-01  2.42936451e-02  4.09810090e+15 
 2.43784266e+14  1.10176633e+33  2.59608910e+03  5.77705241e-01  2.31960000e+00  5.82810845e-03  1.04559032e-01  9.99999970e-01  2.94262584e-02  5.12117782e+15 
 2.44358610e+14  1.11095687e+33  2.60878810e+03  5.76781075e-01  2.34060000e+00  5.99706580e-03  1.04933576e-01  9.99999969e-01  5.75556302e-02  1.03465416e+16 
 2.44932955e+14  1.12020979e+33  2.62199210e+03  5.75785405e-01  2.36260000e+00  6.17606095e-03  1.05320637e-01  9.99999967e-01  5.41537099e-02  1.00704812e+16 
 2.45507299e+14  1.12975902e+33  2.63607310e+03  5.74685884e-01  2.38460000e+00  6.35928020e-03  1.05730823e-01  9.99999966e-01  2.48828923e-02  4.79848164e+15 
 2.46081643e+14  1.13930825e+33  2.65062710e+03  5.73509789e-01  2.40560000e+00  6.53869324e-03  1.06152147e-01  9.99999965e-01  2.06651622e-02  4.13853081e+15 
 2.46655988e+14  1.14893227e+33  2.66578510e+03  5.72243369e-01  2.42760000e+00  6.72866760e-03  1.06588207e-01  9.99999964e-01  1.88462745e-02  3.92659157e+15 
 2.47230332e+14  1.15884079e+33  2.68192010e+03  5.70849936e-01  2.44960000e+00  6.92296646e-03  1.07049564e-01  9.99999963e-01  3.04582666e-02  6.62053299e+15 
 2.47804677e+14  1.16874931e+33  2.69860510e+03  5.69361079e-01  2.47060000e+00  7.11316702e-03  1.07523774e-01  9.99999962e-01  5.86907977e-02  1.33320274e+16 
 2.48379021e+14  1.17893123e+33  2.71634010e+03  5.67726509e-01  2.49260000e+00  7.31511747e-03  1.08024635e-01  9.99999961e-01 -1.05636859e-01 -2.51540961e+16 
 2.48953365e+14  1.18996936e+33  2.73627210e+03  5.65826757e-01  2.51560000e+00  7.53137505e-03  1.08583919e-01  9.99999959e-01 -9.36946963e-02 -2.35321927e+16 
 2.49527710e+14  1.20100748e+33  2.75696410e+03  5.63785726e-01  2.53860000e+00  7.75150733e-03  1.09160698e-01  9.99999958e-01  2.15939348e-02  5.73436505e+15 
 2.50102054e+14  1.21204560e+33  2.77843710e+03  5.61594888e-01  2.56160000e+00  7.97553154e-03  1.09755323e-01  9.99999957e-01  1.78124274e-01  5.01393388e+16 
 2.50676399e+14  1.22308372e+33  2.80071510e+03  5.59244759e-01  2.58360000e+00  8.19525796e-03  1.10368171e-01  9.99999956e-01 -5.09883483e-02 -1.52536709e+16 
 2.51250743e+14  1.23412184e+33  2.82381910e+03  5.56725616e-01  2.60560000e+00  8.41862522e-03  1.10999541e-01  9.99999954e-01 -5.64202109e-02 -1.79879395e+16 
 2.51825087e+14  1.24515996e+33  2.84777010e+03  5.54026848e-01  2.62760000e+00  8.64564968e-03  1.11649813e-01  9.99999953e-01  2.09984465e-02  7.15527153e+15 
 2.52399432e+14  1.25619809e+33  2.87259310e+03  5.51136686e-01  2.64860000e+00  8.86772289e-03  1.12319273e-01  9.99999952e-01  1.02736372e-01  3.75289635e+16 
 2.52973776e+14  1.26723621e+33  2.89830710e+03  5.48043069e-01  2.66960000e+00  9.09320671e-03  1.13008198e-01  9.99999951e-01 -2.37495322e-01 -9.32979274e+16 
 2.53548121e+14  1.27827433e+33  2.92493410e+03  5.44732476e-01  2.69060000e+00  9.32211436e-03  1.13716860e-01  9.99999950e-01  1.74494734e-02  7.39630465e+15 
 2.54122465e+14  1.28931245e+33  2.95249810e+03  5.41190057e-01  2.71060000e+00  9.54542569e-03  1.14445422e-01  9.99999949e-01  1.45408957e-02  6.67357627e+15 
 2.54696809e+14  1.30035057e+33  2.98101610e+03  5.37400312e-01  2.73160000e+00  9.78108109e-03  1.15194032e-01  9.99999948e-01  2.75830483e-02  1.37575999e+16 
 2.55271154e+14  1.31138869e+33  3.01050910e+03  5.33345931e-01  2.75160000e+00  1.00108960e-02  1.15962644e-01  9.99999947e-01 -4.93293172e-02 -2.68428283e+16 
 2.55845498e+14  1.32242682e+33  3.04099010e+03  5.29008321e-01  2.77060000e+00  1.02344800e-02  1.16751328e-01  9.99999946e-01  3.08688422e-02  1.84014156e+16 
 2.56419843e+14  1.33346494e+33  3.07247610e+03  5.24366868e-01  2.79060000e+00  1.04705773e-02  1.17559748e-01  9.99999945e-01  8.58990577e-03  5.63408156e+15 
 2.56994187e+14  1.34535933e+33  3.10754510e+03  5.18998545e-01  2.81160000e+00  1.07232485e-02  1.18452755e-01  9.99999944e-01 -4.00120072e-01 -2.92425486e+17 
 2.57568531e+14  1.35851078e+33  3.14775010e+03  5.12575619e-01  2.83360000e+00  1.09948458e-02  1.19466796e-01  9.99999943e-01  1.14278697e-02  9.47862125e+15 
 2.58142876e+14  1.37166223e+33  3.18947110e+03  5.05591206e-01  2.85660000e+00  1.12805638e-02  1.20507465e-01  9.99999942e-01  4.01544483e-02  3.80976195e+16 
 2.58717220e+14  1.38481367e+33  3.23268210e+03  4.97990587e-01  2.87860000e+00  1.15605240e-02  1.21572437e-01  9.99999941e-01  3.58589765e-02  3.92532474e+16 
 2.59291565e+14  1.39796512e+33  3.27733410e+03  4.89711935e-01  2.89960000e+00  1.18342700e-02  1.22657962e-01  9.99999940e-01  5.81850068e-03  7.41787668e+15 
 2.59865909e+14  1.41111657e+33  3.32333410e+03  4.80685590e-01  2.92160000e+00  1.21223258e-02  1.23758836e-01  9.99999938e-01  4.93933952e-03  7.40971944e+15 
 2.60440254e+14  1.42426802e+33  3.37053210e+03  4.70833147e-01  2.94260000e+00  1.24038823e-02  1.24867533e-01  9.99999937e-01 -5.84119681e-02 -1.04286335e+17 
 2.61014598e+14  1.43741946e+33  3.41869910e+03  4.60065646e-01  2.96360000e+00  1.26892833e-02  1.25973449e-01  9.99999936e-01 -1.02258876e-02 -2.20026380e+16 
 2.61588942e+14  1.45057091e+33  3.46749310e+03  4.48282970e-01  2.98460000e+00  1.29785414e-02  1.27061485e-01  9.99999934e-01 -9.92057362e-03 -2.60868708e+16 
 2.62163287e+14  1.46372236e+33  3.51641510e+03  4.35371504e-01  3.00460000e+00  1.32605701e-02  1.28110304e-01  9.99999932e-01 -4.24859272e-03 -1.38680104e+16 
 2.62737631e+14  1.47687380e+33  3.56473810e+03  4.21203616e-01  3.02560000e+00  1.35574205e-02  1.29089532e-01  9.99999930e-01 -3.13914561e-03 -1.29436728e+16 
 2.63311976e+14  1.49002525e+33  3.61141410e+03  4.05635533e-01  3.04460000e+00  1.38353663e-02  1.29955511e-01  9.99999927e-01 -3.54581571e-03 -1.88361018e+16 
 2.63886320e+14  1.50317670e+33  3.65492310e+03  3.88508374e-01  3.06460000e+00  1.41281532e-02  1.30644846e-01  9.99999923e-01 -1.69808754e-03 -1.18827718e+16 
 2.64460664e+14  1.51632815e+33  3.69305810e+03  3.69649302e-01  3.08460000e+00  1.44245442e-02  1.31064278e-01  9.99999919e-01 -3.84226364e-03 -3.63192429e+16 
 2.65035009e+14  1.52947959e+33  3.72259010e+03  3.48877977e-01  3.10360000e+00  1.47127104e-02  1.31074900e-01  9.99999913e-01  5.93523068e-04  7.79586476e+15 
 2.65609353e+14  1.54396101e+33  3.73942510e+03  3.23582323e-01  3.12460000e+00  1.50348305e-02  1.30358979e-01  9.99999903e-01  6.25034430e-04  1.22341153e+16 
 2.66183698e+14  1.55950075e+33  3.72838310e+03  2.93387540e-01  3.14660000e+00  1.53785956e-02  1.28241737e-01  9.99999886e-01 -1.76533345e-02 -5.55634820e+17 
 2.66758042e+14  1.57504048e+33  3.66890210e+03  2.60035013e-01  3.16860000e+00  1.57269598e-02  1.23842060e-01  9.99999858e-01  5.68933452e-04  3.02100414e+16 
 2.67332386e+14  1.59058022e+33  3.53289110e+03  2.24089509e-01  3.19060000e+00  1.60799390e-02  1.15731637e-01  9.99999802e-01 -3.40111396e-04 -3.14581512e+16 
 2.67906731e+14  1.60611996e+33  3.28365610e+03  1.87275009e-01  3.21260000e+00  1.64375258e-02  1.02005705e-01  9.99999678e-01  1.05662011e-04  1.66293952e+16 
 2.68481075e+14  1.62165969e+33  2.89293010e+03  1.53106218e-01  3.23360000e+00  1.67868851e-02  8.15119917e-02  9.99999343e-01 -3.61386084e-05 -8.26542815e+15 
 2.69055420e+14  1.63719943e+33  2.38623410e+03  1.26107734e-01  3.25460000e+00  1.71405339e-02  5.70551615e-02  9.99998268e-01 -2.92537791e-05 -6.73917885e+15 
 2.69629764e+14  1.65273916e+33  1.86613410e+03  1.08494943e-01  3.27460000e+00  1.74853005e-02  3.57405329e-02  9.99994573e-01 -5.73797299e-04 -8.20339553e+16 
 2.70204108e+14  1.66827890e+33  1.43307110e+03  9.84478330e-02  3.29560000e+00  1.78473853e-02  2.17744184e-02  9.99982792e-01 -1.44506688e-04 -8.96941695e+15 
 2.70778453e+14  1.68381863e+33  1.11330710e+03  9.28641289e-02  3.31560000e+00  1.82002679e-02  1.38737064e-02  9.99951038e-01 -2.04445361e-03 -4.80817856e+16 
 2.71352797e+14  1.69935837e+33  8.85977100e+02  8.96122714e-02  3.33560000e+00  1.85571364e-02  9.49524064e-03  9.99879211e-01  7.00544827e-03  6.28462495e+16 
 2.71927142e+14  1.71489810e+33  7.23373100e+02  8.75862496e-02  3.35560000e+00  1.89180046e-02  6.97011776e-03  9.99739474e-01  2.28705550e-02  8.34597740e+16 
 2.72501486e+14  1.73043784e+33  6.04399100e+02  8.62435275e-02  3.37560000e+00  1.92828730e-02  5.43086691e-03  9.99498338e-01  1.25500447e-03  2.01465247e+15 
 2.73075830e+14  1.74597757e+33  5.15018100e+02  8.53092612e-02  3.39460000e+00  1.96375847e-02  4.44253459e-03  9.99120691e-01  1.02672285e-03  7.81903517e+14 
 2.73650175e+14  1.76151731e+33  4.46150100e+02  8.46356416e-02  3.41360000e+00  1.99959891e-02  3.78031719e-03  9.98570992e-01  8.62219491e-04  3.33291881e+14 
 2.74224519e+14  1.78998661e+33  3.54724100e+02  8.38188964e-02  3.44860000e+00  2.06653928e-02  3.04378508e-03  9.97010367e-01  6.17738174e-04  7.96373142e+13 
 2.74798864e+14  1.82243677e+33  2.84245100e+02  8.32831818e-02  3.48760000e+00  2.14315759e-02  2.60863518e-03  9.94201725e-01  4.67217933e-04  2.05478446e+13 
 2.75373208e+14  1.84402311e+33  2.49836100e+02  8.30738746e-02  3.51360000e+00  2.19512810e-02  2.45333219e-03  9.91683832e-01  3.99264721e-04  9.32787986e+12 
 2.75947552e+14  1.86560944e+33  2.22220100e+02  8.29471458e-02  3.53860000e+00  2.24628003e-02  2.36738511e-03  9.88677444e-01  3.49708597e-04  4.58336189e+12 
 2.76521897e+14  1.88719577e+33  1.99642100e+02  8.28843351e-02  3.56360000e+00  2.29810974e-02  2.33260896e-03  9.85217626e-01  3.12049670e-04  2.40264975e+12 
 2.77096241e+14  1.90878211e+33  1.80893100e+02  8.28726504e-02  3.58860000e+00  2.35061798e-02  2.33745835e-03  9.81361912e-01  2.82353419e-04  1.32866439e+12 
 2.77670586e+14  1.93036844e+33  1.65112100e+02  8.29029733e-02  3.61260000e+00  2.40220198e-02  2.37440814e-03  9.77201254e-01  2.58889897e-04  7.70419830e+11 
 2.78244930e+14  1.95217947e+33  1.51544100e+02  8.29694433e-02  3.63760000e+00  2.45618975e-02  2.43911819e-03  9.72712886e-01  2.39758626e-04  4.62857073e+11 
 2.78819274e+14  1.97498797e+33  1.39393100e+02  8.30718818e-02  3.66260000e+00  2.51149730e-02  2.53221083e-03  9.67837932e-01  2.23550462e-04  2.82410014e+11 
 2.79393619e+14  1.99779648e+33  1.28920100e+02  8.32034986e-02  3.68760000e+00  2.56750742e-02  2.64838765e-03  9.62806091e-01  2.10321272e-04  1.78380266e+11 
 2.79967963e+14  2.02060499e+33  1.19815100e+02  8.33607251e-02  3.71160000e+00  2.62252708e-02  2.78540930e-03  9.57714046e-01  1.99452679e-04  1.16187286e+11 
 2.80542308e+14  2.04341350e+33  1.11837100e+02  8.35406990e-02  3.73660000e+00  2.67992095e-02  2.94166087e-03  9.52510582e-01  1.90478917e-04  7.77775488e+10 
 2.81116652e+14  2.06622201e+33  1.04799100e+02  8.37410916e-02  3.76060000e+00  2.73628117e-02  3.11580456e-03  9.47323814e-01  1.83041564e-04  5.33596255e+10 
 2.81690997e+14  2.08932431e+33  9.84751000e+01  8.39629203e-02  3.78460000e+00  2.79349591e-02  3.30942323e-03  9.42078445e-01  1.76815628e-04  3.72634880e+10 
 2.82265341e+14  2.11340750e+33  9.26091000e+01  8.42126306e-02  3.80960000e+00  2.85381777e-02  3.52891436e-03  9.36615998e-01  1.71510052e-04  2.61963091e+10 
 2.82839685e+14  2.13749070e+33  8.73741000e+01  8.44796660e-02  3.83360000e+00  2.91306011e-02  3.76556571e-03  9.31240422e-01  1.67229699e-04  1.87946578e+10 
 2.83414030e+14  2.16157389e+33  8.26771000e+01  8.47626663e-02  3.85860000e+00  2.97481264e-02  4.01881113e-03  9.25812995e-01  1.63853832e-04  1.37381454e+10 
 2.83988374e+14  2.18565709e+33  7.84441000e+01  8.50604513e-02  3.88260000e+00  3.03544053e-02  4.28796265e-03  9.20487600e-01  1.61274043e-04  1.02163523e+10 
 2.84562719e+14  2.20974029e+33  7.46131000e+01  8.53719908e-02  3.90560000e+00  3.09487568e-02  4.57246467e-03  9.15277647e-01  1.59414177e-04  7.71958046e+09 
 2.85137063e+14  2.23418735e+33  7.10821000e+01  8.57013649e-02  3.92960000e+00  3.15709999e-02  4.87646196e-03  9.09960951e-01  1.58205476e-04  5.89728952e+09 
 2.85711407e+14  2.25959925e+33  6.77441000e+01  8.60569889e-02  3.95460000e+00  3.22261430e-02  5.20834283e-03  9.04452564e-01  1.57635554e-04  4.52531914e+09 
 2.86285752e+14  2.28501115e+33  6.47031000e+01  8.64253227e-02  3.97860000e+00  3.28693506e-02  5.55590248e-03  8.99065945e-01  1.57730503e-04  3.52293364e+09 
 2.86860096e+14  2.31042305e+33  6.19221000e+01  8.68056116e-02  4.00260000e+00  3.35196041e-02  5.91888542e-03  8.93701413e-01  1.58485742e-04  2.78002022e+09 
 2.87434441e+14  2.33583496e+33  5.93731000e+01  8.71971832e-02  4.02660000e+00  3.41769013e-02  6.29638468e-03  8.88353492e-01  1.59863901e-04  2.22205667e+09 
 2.88008785e+14  2.36124686e+33  5.70281000e+01  8.75994155e-02  4.04960000e+00  3.48210921e-02  6.68833650e-03  8.83134593e-01  1.61888873e-04  1.79772745e+09 
 2.88583129e+14  2.38709317e+33  5.48311000e+01  8.80188788e-02  4.07360000e+00  3.54954288e-02  7.10092611e-03  8.77767889e-01  1.64593256e-04  1.46634462e+09 
 2.89157474e+14  2.41388932e+33  5.27291000e+01  8.84643415e-02  4.09760000e+00  3.61838994e-02  7.54377038e-03  8.72320648e-01  1.68132493e-04  1.20124220e+09 
 2.89731818e+14  2.44068547e+33  5.07881000e+01  8.89200545e-02  4.12160000e+00  3.68796500e-02  8.00121254e-03  8.66881278e-01  1.72423604e-04  9.95351160e+08 
 2.90306163e+14  2.46748162e+33  4.89921000e+01  8.93855246e-02  4.14560000e+00  3.75826658e-02  8.47251652e-03  8.61445388e-01  1.77479712e-04  8.33703082e+08 
 2.90880507e+14  2.49427777e+33  4.73251000e+01  8.98602523e-02  4.16860000e+00  3.82716059e-02  8.95767659e-03  8.56148559e-01  1.83355702e-04  7.05476145e+08 
 2.91454851e+14  2.52107393e+33  4.57751000e+01  9.03438169e-02  4.19160000e+00  3.89673286e-02  9.45599292e-03  8.50855959e-01  1.90073242e-04  6.02758986e+08 
 2.92029196e+14  2.54837491e+33  4.43051000e+01  9.08451245e-02  4.21560000e+00  3.96955382e-02  9.97654875e-03  8.45380200e-01  1.97811602e-04  5.18299302e+08 
 2.92603540e+14  2.57661239e+33  4.28881000e+01  9.13725402e-02  4.23960000e+00  4.04383133e-02  1.05287803e-02  8.39833957e-01  2.06836793e-04  4.47508941e+08 
 2.93177885e+14  2.60484988e+33  4.15671000e+01  9.19086248e-02  4.26260000e+00  4.11662650e-02  1.10942389e-02  8.34439770e-01  2.16933305e-04  3.89818013e+08 
 2.93752229e+14  2.63308736e+33  4.03331000e+01  9.24529816e-02  4.28660000e+00  4.19238007e-02  1.16725077e-02  8.28886065e-01  2.28157393e-04  3.42378381e+08 
 2.94326573e+14  2.66132485e+33  3.91791000e+01  9.30052246e-02  4.30960000e+00  4.26660181e-02  1.22625910e-02  8.23487331e-01  2.40538633e-04  3.03032190e+08 
 2.94900918e+14  2.68956233e+33  3.80971000e+01  9.35650264e-02  4.33260000e+00  4.34152274e-02  1.28646156e-02  8.18085039e-01  2.54160864e-04  2.70127579e+08 
 2.95475262e+14  2.71837428e+33  3.70611000e+01  9.41436505e-02  4.35560000e+00  4.41759991e-02  1.34905919e-02  8.12647514e-01  2.69391662e-04  2.41873831e+08 
 2.96049607e+14  2.74811174e+33  3.60571000e+01  9.47485491e-02  4.37960000e+00  4.49748395e-02  1.41490227e-02  8.06984322e-01  2.86604434e-04  2.17241311e+08 
 2.96623951e+14  2.77784920e+33  3.51151000e+01  9.53609589e-02  4.40260000e+00  4.57575912e-02  1.48184473e-02  8.01492550e-01  3.05347822e-04  1.96326853e+08 
 2.97198295e+14  2.80758666e+33  3.42291000e+01  9.59805446e-02  4.42560000e+00  4.65475609e-02  1.54990326e-02  7.95998083e-01  3.25722923e-04  1.78434183e+08 
 2.97772640e+14  2.83732412e+33  3.33951000e+01  9.66069905e-02  4.44860000e+00  4.73447469e-02  1.61897539e-02  7.90499405e-01  3.47769162e-04  1.63016072e+08 
 2.98346984e+14  2.86706158e+33  3.26081000e+01  9.72399914e-02  4.47160000e+00  4.81491476e-02  1.68909674e-02  7.84995135e-01  3.71597563e-04  1.49638777e+08 
 2.98921329e+14  2.89744162e+33  3.18491000e+01  9.78931571e-02  4.49460000e+00  4.89660500e-02  1.76174235e-02  7.79461810e-01  3.97836878e-04  1.37720174e+08 
 2.99495673e+14  2.92873926e+33  3.11111000e+01  9.85728077e-02  4.51760000e+00  4.97978702e-02  1.83759058e-02  7.73894492e-01  4.26938603e-04  1.26976983e+08 
 3.00070017e+14  2.96003691e+33  3.04151000e+01  9.92590345e-02  4.54060000e+00  5.06371341e-02  1.91430177e-02  7.68325804e-01  4.58150407e-04  1.17536422e+08 
 3.00644362e+14  2.99133455e+33  2.97561000e+01  9.99515760e-02  4.56360000e+00  5.14838170e-02  1.99205535e-02  7.62754951e-01  4.91681133e-04  1.09190220e+08 
 3.01218706e+14  3.02263220e+33  2.91331000e+01  1.00650125e-01  4.58660000e+00  5.23379347e-02  2.07056493e-02  7.57180599e-01  5.27459606e-04  1.01769933e+08 
 3.01793051e+14  3.05392985e+33  2.85421000e+01  1.01354418e-01  4.60960000e+00  5.31994765e-02  2.14997742e-02  7.51601868e-01  5.65676149e-04  9.51376561e+07 
 3.02367395e+14  3.08593586e+33  2.79691000e+01  1.02080377e-01  4.63160000e+00  5.40480903e-02  2.23197573e-02  7.46220730e-01  6.07288625e-04  8.90522030e+07 
 3.02941740e+14  3.11885549e+33  2.74111000e+01  1.02833012e-01  4.65560000e+00  5.49648206e-02  2.31698583e-02  7.40388413e-01  6.52749907e-04  8.34227941e+07 
 3.03516084e+14  3.15177512e+33  2.68811000e+01  1.03591471e-01  4.67860000e+00  5.58628248e-02  2.40288819e-02  7.34773243e-01  7.01162480e-04  7.83433678e+07 
 3.04090428e+14  3.18469475e+33  2.63781000e+01  1.04355494e-01  4.70060000e+00  5.67413028e-02  2.48946330e-02  7.29384492e-01  7.52478232e-04  7.37400237e+07 
 3.04664773e+14  3.21761438e+33  2.59001000e+01  1.05124825e-01  4.72360000e+00  5.76543138e-02  2.57668669e-02  7.23771506e-01  8.06779084e-04  6.95510661e+07 
 3.05239117e+14  3.25053400e+33  2.54451000e+01  1.05899249e-01  4.74560000e+00  5.85472484e-02  2.66457640e-02  7.18389925e-01  8.64178852e-04  6.57246707e+07 
 3.05813462e+14  3.28422456e+33  2.50021000e+01  1.06696842e-01  4.76860000e+00  5.94820136e-02  2.75507482e-02  7.12771586e-01  9.26119935e-04  6.21384237e+07 
 3.06387806e+14  3.31882956e+33  2.45691000e+01  1.07521382e-01  4.79160000e+00  6.04326152e-02  2.84861422e-02  7.07150224e-01  9.93210632e-04  5.87599998e+07 
 3.06962150e+14  3.35343457e+33  2.41571000e+01  1.08351083e-01  4.81460000e+00  6.13910699e-02  2.94265914e-02  7.01532115e-01  1.06384156e-03  5.56548535e+07 
 3.07536495e+14  3.38803958e+33  2.37641000e+01  1.09185712e-01  4.83660000e+00  6.23286167e-02  3.03731951e-02  6.96161788e-01  1.13821262e-03  5.27921780e+07 
 3.08110839e+14  3.42264458e+33  2.33891000e+01  1.10025045e-01  4.85860000e+00  6.32734548e-02  3.13249980e-02  6.90799156e-01  1.21633943e-03  5.01456131e+07 
 3.08685184e+14  3.45724959e+33  2.30321000e+01  1.10868866e-01  4.88160000e+00  6.42548675e-02  3.22784235e-02  6.85192170e-01  1.29796162e-03  4.76924779e+07 
 3.09259528e+14  3.49268386e+33  2.26831000e+01  1.11737380e-01  4.90360000e+00  6.52220618e-02  3.32584821e-02  6.79845098e-01  1.38544401e-03  4.53604109e+07 
 3.09833872e+14  3.52903925e+33  2.23401000e+01  1.12633182e-01  4.92660000e+00  6.62348888e-02  3.42713898e-02  6.74257855e-01  1.47976015e-03  4.31373541e+07 
 3.10408217e+14  3.56539464e+33  2.20141000e+01  1.13533576e-01  4.94860000e+00  6.72256645e-02  3.52829898e-02  6.68935931e-01  1.57784712e-03  4.10692145e+07 
 3.10982561e+14  3.60175003e+33  2.17011000e+01  1.14438331e-01  4.97160000e+00  6.82543264e-02  3.63024159e-02  6.63361660e-01  1.68079336e-03  3.91411752e+07 
 3.11556906e+14  3.63810541e+33  2.14031000e+01  1.15347280e-01  4.99360000e+00  6.92603439e-02  3.73198870e-02  6.58056837e-01  1.78756796e-03  3.73402790e+07 
 3.12131250e+14  3.67446080e+33  2.11171000e+01  1.16260182e-01  5.01560000e+00  7.02738489e-02  3.83423614e-02  6.52760206e-01  1.89905327e-03  3.56551216e+07 
 3.12705594e+14  3.71169850e+33  2.08371000e+01  1.17199193e-01  5.03760000e+00  7.13030492e-02  3.93899766e-02  6.47487150e-01  2.01761537e-03  3.40384697e+07 
 3.13279939e+14  3.74987090e+33  2.05621000e+01  1.18165969e-01  5.06060000e+00  7.23800887e-02  4.04667563e-02  6.41969831e-01  2.14412798e-03  3.24858562e+07 
 3.13854283e+14  3.78804329e+33  2.02991000e+01  1.19136851e-01  5.08260000e+00  7.34336066e-02  4.15439467e-02  6.36735561e-01  2.27542112e-03  3.10301227e+07 
 3.14428628e+14  3.82621569e+33  2.00471000e+01  1.20111595e-01  5.10460000e+00  7.44948235e-02  4.26223833e-02  6.31512280e-01  2.41166548e-03  2.96632387e+07 
 3.15002972e+14  3.86438808e+33  1.98051000e+01  1.21090049e-01  5.12660000e+00  7.55636905e-02  4.37033883e-02  6.26299625e-01  2.55311664e-03  2.83780109e+07 
 3.15577316e+14  3.90256048e+33  1.95731000e+01  1.22072003e-01  5.14860000e+00  7.66402242e-02  4.47841319e-02  6.21096131e-01  2.69942848e-03  2.71680165e+07 
 3.16151661e+14  3.94166176e+33  1.93461000e+01  1.23081343e-01  5.17060000e+00  7.77332988e-02  4.58864751e-02  6.15927245e-01  2.85369282e-03  2.60004947e+07 
 3.16726005e+14  3.98171941e+33  1.91221000e+01  1.24119113e-01  5.19360000e+00  7.88765117e-02  4.70201035e-02  6.10510388e-01  3.01779553e-03  2.48738382e+07 
 3.17300350e+14  4.02177707e+33  1.89071000e+01  1.25160500e-01  5.21560000e+00  7.99947509e-02  4.81537951e-02  6.05390901e-01  3.18743447e-03  2.38121062e+07 
 3.17874694e+14  4.06183473e+33  1.87011000e+01  1.26205342e-01  5.23760000e+00  8.11208369e-02  4.92846576e-02  6.00283232e-01  3.36216331e-03  2.28104710e+07 
 3.18449038e+14  4.10189239e+33  1.85031000e+01  1.27253450e-01  5.25960000e+00  8.22547680e-02  5.04150724e-02  5.95186117e-01  3.54240134e-03  2.18645631e+07 
 3.19023383e+14  4.14195004e+33  1.83131000e+01  1.28304644e-01  5.28160000e+00  8.33965320e-02  5.15423701e-02  5.90098460e-01  3.72770212e-03  2.09704152e+07 
 3.19597727e+14  4.18297540e+33  1.81261000e+01  1.29384321e-01  5.30360000e+00  8.45556180e-02  5.26948464e-02  5.85055266e-01  3.92293805e-03  2.01045074e+07 
 3.20172072e+14  4.22498822e+33  1.79421000e+01  1.30493304e-01  5.32560000e+00  8.57324230e-02  5.38728504e-02  5.80060427e-01  4.12859329e-03  1.92661841e+07 
 3.20746416e+14  4.26700103e+33  1.77641000e+01  1.31605494e-01  5.34760000e+00  8.69172969e-02  5.50556953e-02  5.75077583e-01  4.34143874e-03  1.84734497e+07 
 3.21320761e+14  4.30901385e+33  1.75941000e+01  1.32720739e-01  5.36960000e+00  8.81101958e-02  5.62286181e-02  5.70106040e-01  4.55860680e-03  1.77231877e+07 
 3.21895105e+14  4.35102666e+33  1.74301000e+01  1.33838858e-01  5.39060000e+00  8.92753912e-02  5.74015124e-02  5.65450118e-01  4.78203383e-03  1.70125460e+07 
 3.22469449e+14  4.39303948e+33  1.72721000e+01  1.34959692e-01  5.41260000e+00  9.04840342e-02  5.85721702e-02  5.60499372e-01  5.01128752e-03  1.63389082e+07 
 3.23043794e+14  4.43604967e+33  1.71171000e+01  1.36109829e-01  5.43460000e+00  9.17106976e-02  5.97621584e-02  5.55600920e-01  5.25067056e-03  1.56850769e+07 
 3.23618138e+14  4.48008918e+33  1.69641000e+01  1.37290434e-01  5.45660000e+00  9.29559001e-02  6.09786291e-02  5.50759137e-01  5.50212963e-03  1.50505346e+07 
 3.24192483e+14  4.52412870e+33  1.68161000e+01  1.38473882e-01  5.47860000e+00  9.42093377e-02  6.21965033e-02  5.45928377e-01  5.76080788e-03  1.44490349e+07 
 3.24766827e+14  4.56816822e+33  1.66741000e+01  1.39660011e-01  5.50060000e+00  9.54709822e-02  6.34062289e-02  5.41107621e-01  6.02450187e-03  1.38784565e+07 
 3.25341171e+14  4.61220773e+33  1.65371000e+01  1.40848656e-01  5.52160000e+00  9.67033521e-02  6.46129574e-02  5.36611565e-01  6.29435803e-03  1.33368435e+07 
 3.25915516e+14  4.65624725e+33  1.64051000e+01  1.42039671e-01  5.54360000e+00  9.79810657e-02  6.58145841e-02  5.31809171e-01  6.56983399e-03  1.28223874e+07 
 3.26489860e+14  4.70130315e+33  1.62751000e+01  1.43260519e-01  5.56460000e+00  9.92393373e-02  6.70374478e-02  5.27384109e-01  6.85711268e-03  1.23224024e+07 
 3.27064205e+14  4.74744257e+33  1.61471000e+01  1.44513306e-01  5.58660000e+00  1.00554882e-01  6.82819213e-02  5.22705647e-01  7.15665427e-03  1.18361893e+07 
 3.27638549e+14  4.79358199e+33  1.60231000e+01  1.45768599e-01  5.60860000e+00  1.01878825e-01  6.95263927e-02  5.18036662e-01  7.46361803e-03  1.13744553e+07 
 3.28212893e+14  4.83972140e+33  1.59041000e+01  1.47026240e-01  5.63060000e+00  1.03211134e-01  7.07602299e-02  5.13376161e-01  7.77511883e-03  1.09357015e+07 
 3.28787238e+14  4.88586082e+33  1.57881000e+01  1.48286055e-01  5.65160000e+00  1.04512571e-01  7.19991954e-02  5.09047310e-01  8.09541803e-03  1.05185395e+07 
 3.29361582e+14  4.93200024e+33  1.56771000e+01  1.49547938e-01  5.67260000e+00  1.05821713e-01  7.32234482e-02  5.04727915e-01  8.41894362e-03  1.01216771e+07 
 3.29935927e+14  4.97916276e+33  1.55671000e+01  1.50839796e-01  5.69460000e+00  1.07189207e-01  7.44732637e-02  5.00145704e-01  8.75672025e-03  9.73573521e+06 
 3.30510271e+14  5.02747694e+33  1.54591000e+01  1.52165465e-01  5.71660000e+00  1.08577307e-01  7.57399667e-02  4.95635134e-01  9.10656018e-03  9.35972929e+06 
 3.31084615e+14  5.07579111e+33  1.53541000e+01  1.53493303e-01  5.73760000e+00  1.09933530e-01  7.70078329e-02  4.91461542e-01  9.46461482e-03  9.00214456e+06 
 3.31658960e+14  5.12410529e+33  1.52531000e+01  1.54823188e-01  5.75960000e+00  1.11338428e-01  7.82652485e-02  4.86966025e-01  9.82729275e-03  8.66189328e+06 
 3.32233304e+14  5.17241947e+33  1.51561000e+01  1.56154945e-01  5.78060000e+00  1.12710789e-01  7.95100733e-02  4.82807810e-01  1.01937283e-02  8.33796434e+06 
 3.32807649e+14  5.22073364e+33  1.50611000e+01  1.57488458e-01  5.80160000e+00  1.14091019e-01  8.07616208e-02  4.78656529e-01  1.05700172e-02  8.02941452e+06 
 3.33381993e+14  5.27006361e+33  1.49681000e+01  1.58851678e-01  5.82260000e+00  1.15490041e-01  8.20243500e-02  4.74570907e-01  1.09571793e-02  7.72932372e+06 
 3.33956337e+14  5.32062907e+33  1.48761000e+01  1.60251012e-01  5.84460000e+00  1.16952324e-01  8.33102479e-02  4.70231212e-01  1.13593687e-02  7.43642356e+06 
 3.34530682e+14  5.37119453e+33  1.47871000e+01  1.61652237e-01  5.86660000e+00  1.18423310e-01  8.45899882e-02  4.65896873e-01  1.17676397e-02  7.15754676e+06 
 3.35105026e+14  5.42175999e+33  1.47011000e+01  1.63055162e-01  5.88760000e+00  1.19860442e-01  8.58619091e-02  4.61903374e-01  1.21813002e-02  6.89189125e+06 
 3.35679371e+14  5.47232545e+33  1.46181000e+01  1.64459704e-01  5.90860000e+00  1.21305588e-01  8.71244091e-02  4.57915525e-01  1.25996338e-02  6.63870572e+06 
 3.36253715e+14  5.52289091e+33  1.45381000e+01  1.65865696e-01  5.92960000e+00  1.22758780e-01  8.83757753e-02  4.53931652e-01  1.30218376e-02  6.39728994e+06 
 3.36828059e+14  5.57444891e+33  1.44591000e+01  1.67300674e-01  5.95060000e+00  1.24230839e-01  8.96449016e-02  4.50012877e-01  1.34578471e-02  6.16256933e+06 
 3.37402404e+14  5.62734384e+33  1.43801000e+01  1.68774542e-01  5.97260000e+00  1.25769499e-01  9.09466043e-02  4.45841836e-01  1.39134209e-02  5.93303812e+06 
 3.37976748e+14  5.68023878e+33  1.43041000e+01  1.70249980e-01  5.99360000e+00  1.27272909e-01  9.22349125e-02  4.42014843e-01  1.43722838e-02  5.71427974e+06 
 3.38551093e+14  5.73313372e+33  1.42311000e+01  1.71726880e-01  6.01460000e+00  1.28784522e-01  9.35080423e-02  4.38191471e-01  1.48334633e-02  5.50569174e+06 
 3.39125437e+14  5.78602865e+33  1.41601000e+01  1.73205089e-01  6.03560000e+00  1.30304345e-01  9.47775307e-02  4.34370398e-01  1.53013133e-02  5.30671111e+06 
 3.39699781e+14  5.83892359e+33  1.40911000e+01  1.74684480e-01  6.05660000e+00  1.31832347e-01  9.60422618e-02  4.30550839e-01  1.57753158e-02  5.11681025e+06 
 3.40274126e+14  5.89346182e+33  1.40221000e+01  1.76211001e-01  6.07860000e+00  1.33432156e-01  9.73394265e-02  4.26493694e-01  1.62696117e-02  4.92998704e+06 
 3.40848470e+14  5.95051857e+33  1.39531000e+01  1.77809712e-01  6.10060000e+00  1.35069080e-01  9.86756619e-02  4.22601240e-01  1.67869328e-02  4.74368536e+06 
 3.41422815e+14  6.00757532e+33  1.38861000e+01  1.79410123e-01  6.12260000e+00  1.36715265e-01  1.00006600e-01  4.18710653e-01  1.73109261e-02  4.56620494e+06 
 3.41997159e+14  6.06463206e+33  1.38211000e+01  1.81012080e-01  6.14360000e+00  1.38324262e-01  1.01331022e-01  4.15167923e-01  1.78409515e-02  4.39705241e+06 
 3.42571504e+14  6.12168881e+33  1.37581000e+01  1.82615432e-01  6.16560000e+00  1.39988529e-01  1.02647683e-01  4.11279029e-01  1.83763221e-02  4.23576547e+06 
 3.43145848e+14  6.17874556e+33  1.36971000e+01  1.84220027e-01  6.18660000e+00  1.41614889e-01  1.03955315e-01  4.07737356e-01  1.89163015e-02  4.08191100e+06 
 3.43720192e+14  6.24036082e+33  1.36341000e+01  1.85954245e-01  6.20960000e+00  1.43396039e-01  1.05346168e-01  4.03800370e-01  1.94992347e-02  3.92362813e+06 
 3.44294537e+14  6.31017639e+33  1.35651000e+01  1.87922749e-01  6.23560000e+00  1.45424274e-01  1.06912590e-01  3.99363872e-01  2.01669083e-02  3.75340926e+06 
 3.44868881e+14  6.37999196e+33  1.34981000e+01  1.89895103e-01  6.26060000e+00  1.47418063e-01  1.08475757e-01  3.95280644e-01  2.08452337e-02  3.59227463e+06 
 3.45443226e+14  6.44980753e+33  1.34341000e+01  1.91870999e-01  6.28660000e+00  1.49473362e-01  1.10017829e-01  3.90849796e-01  2.15254108e-02  3.43966406e+06 
 3.46017570e+14  6.51962309e+33  1.33731000e+01  1.93850215e-01  6.31160000e+00  1.51493215e-01  1.11536464e-01  3.86771319e-01  2.22057331e-02  3.29505388e+06 
 3.46591914e+14  6.58943866e+33  1.33131000e+01  1.95832460e-01  6.33660000e+00  1.53525813e-01  1.13063193e-01  3.82693365e-01  2.29015675e-02  3.15795666e+06 
 3.47166259e+14  6.66046867e+33  1.32551000e+01  1.97852094e-01  6.36160000e+00  1.55585143e-01  1.14589292e-01  3.78697076e-01  2.36073647e-02  3.02571261e+06 
 3.47740603e+14  6.73417301e+33  1.31971000e+01  1.99951128e-01  6.38660000e+00  1.57688404e-01  1.16160027e-01  3.74882171e-01  2.43451512e-02  2.89570359e+06 
 3.48314948e+14  6.80787734e+33  1.31411000e+01  2.02053449e-01  6.41260000e+00  1.59855342e-01  1.17719967e-01  3.70714559e-01  2.50893135e-02  2.77258214e+06 
 3.48889292e+14  6.88158167e+33  1.30871000e+01  2.04158826e-01  6.43760000e+00  1.61985090e-01  1.19267538e-01  3.66898533e-01  2.58387152e-02  2.65592373e+06 
 3.49463636e+14  6.95528601e+33  1.30351000e+01  2.06266977e-01  6.46260000e+00  1.64127807e-01  1.20801085e-01  3.63080003e-01  2.65921192e-02  2.54533321e+06 
 3.50037981e+14  7.02899034e+33  1.29851000e+01  2.08377690e-01  6.48760000e+00  1.66283382e-01  1.22319001e-01  3.59258438e-01  2.73482609e-02  2.44044200e+06 
 3.50612325e+14  7.10374612e+33  1.29361000e+01  2.10520918e-01  6.51260000e+00  1.68464184e-01  1.23847238e-01  3.55504406e-01  2.81201979e-02  2.33952291e+06 
 3.51186670e+14  7.18150908e+33  1.28871000e+01  2.12753180e-01  6.53860000e+00  1.70746243e-01  1.25420742e-01  3.51597120e-01  2.89258346e-02  2.24001006e+06 
 3.51761014e+14  7.25927204e+33  1.28401000e+01  2.14988265e-01  6.56460000e+00  1.73042338e-01  1.26976293e-01  3.47685429e-01  2.97328867e-02  2.14572329e+06 
 3.52335358e+14  7.33703500e+33  1.27951000e+01  2.17225897e-01  6.58960000e+00  1.75299070e-01  1.28512152e-01  3.44122067e-01  3.05398395e-02  2.05634298e+06 
 3.52909703e+14  7.41479796e+33  1.27511000e+01  2.19465852e-01  6.61460000e+00  1.77568873e-01  1.30047016e-01  3.40552629e-01  3.13574398e-02  1.97157116e+06 
 3.53484047e+14  7.49256091e+33  1.27091000e+01  2.21707876e-01  6.63960000e+00  1.79851734e-01  1.31559352e-01  3.36975686e-01  3.21724882e-02  1.89113011e+06 
 3.54058392e+14  7.57115876e+33  1.26681000e+01  2.23975869e-01  6.66460000e+00  1.82157642e-01  1.33075502e-01  3.33447210e-01  3.29995835e-02  1.81396167e+06 
 3.54632736e+14  7.65315523e+33  1.26271000e+01  2.26344242e-01  6.69060000e+00  1.84572801e-01  1.34638082e-01  3.29786731e-01  3.38619353e-02  1.73760475e+06 
 3.55207080e+14  7.73515170e+33  1.25881000e+01  2.28714932e-01  6.71560000e+00  1.86946802e-01  1.36175486e-01  3.26471791e-01  3.47196398e-02  1.66522116e+06 
 3.55781425e+14  7.81714817e+33  1.25501000e+01  2.31087697e-01  6.74160000e+00  1.89390004e-01  1.37707890e-01  3.22792550e-01  3.55850625e-02  1.59656983e+06 
 3.56355769e+14  7.89914464e+33  1.25141000e+01  2.33462308e-01  6.76660000e+00  1.91791018e-01  1.39212188e-01  3.19457627e-01  3.64429366e-02  1.53142586e+06 
 3.56930114e+14  7.98114111e+33  1.24781000e+01  2.35838531e-01  6.79160000e+00  1.94205216e-01  1.40731712e-01  3.16111596e-01  3.73212581e-02  1.46957975e+06 
 3.57504458e+14  8.06369512e+33  1.24441000e+01  2.38232321e-01  6.81560000e+00  1.96582276e-01  1.42225673e-01  3.13145601e-01  3.81921541e-02  1.41044640e+06 
 3.58078802e+14  8.15010505e+33  1.24101000e+01  2.40739682e-01  6.84160000e+00  1.99134320e-01  1.43767922e-01  3.09716644e-01  3.90999241e-02  1.35170613e+06 
 3.58653147e+14  8.23651498e+33  1.23771000e+01  2.43248890e-01  6.86760000e+00  2.01700793e-01  1.45301493e-01  3.06274968e-01  4.00123709e-02  1.29599352e+06 
 3.59227491e+14  8.32292491e+33  1.23461000e+01  2.45759688e-01  6.89260000e+00  2.04223223e-01  1.46801691e-01  3.03173984e-01  4.09120461e-02  1.24312642e+06 
 3.59801836e+14  8.40933485e+33  1.23151000e+01  2.48271844e-01  6.91760000e+00  2.06759076e-01  1.48314887e-01  3.00058637e-01  4.18307880e-02  1.19293502e+06 
 3.60376180e+14  8.49574478e+33  1.22861000e+01  2.50785129e-01  6.94260000e+00  2.09308303e-01  1.49792306e-01  2.96928143e-01  4.27341069e-02  1.14526064e+06 
 3.60950524e+14  8.58236629e+33  1.22581000e+01  2.53305487e-01  6.96760000e+00  2.11873462e-01  1.51258749e-01  2.93795987e-01  4.36386356e-02  1.09984720e+06 
 3.61524869e+14  8.67337472e+33  1.22291000e+01  2.55954694e-01  6.99360000e+00  2.14566970e-01  1.52801244e-01  2.90582927e-01  4.46002444e-02  1.05453891e+06 
 3.62099213e+14  8.76438314e+33  1.22021000e+01  2.58605244e-01  7.01860000e+00  2.17214545e-01  1.54305531e-01  2.87706518e-01  4.55438567e-02  1.01154323e+06 
 3.62673558e+14  8.85539157e+33  1.21761000e+01  2.61256894e-01  7.04460000e+00  2.19936770e-01  1.55795379e-01  2.84459464e-01  4.64862409e-02  9.70722375e+05 
 3.63247902e+14  8.94640000e+33  1.21511000e+01  2.63909406e-01  7.06960000e+00  2.22612032e-01  1.57269865e-01  2.81547510e-01  4.74263278e-02  9.31947627e+05 
 3.63822247e+14  9.03740843e+33  1.21271000e+01  2.66562560e-01  7.09460000e+00  2.25300789e-01  1.58728081e-01  2.78617059e-01  4.83630361e-02  8.95098810e+05 
 3.64396591e+14  9.12841685e+33  1.21031000e+01  2.69216143e-01  7.11860000e+00  2.27940684e-01  1.60195595e-01  2.76019960e-01  4.93156360e-02  8.60063733e+05 
 3.64970935e+14  9.22400241e+33  1.20801000e+01  2.72003802e-01  7.14460000e+00  2.30776742e-01  1.61687918e-01  2.72992502e-01  5.02875517e-02  8.25100110e+05 
 3.65545280e+14  9.31979948e+33  1.20581000e+01  2.74798463e-01  7.16960000e+00  2.33567039e-01  1.63164254e-01  2.70310273e-01  5.12553969e-02  7.91828070e+05 
 3.66119624e+14  9.41559655e+33  1.20361000e+01  2.77593703e-01  7.19560000e+00  2.36434835e-01  1.64649087e-01  2.67255265e-01  5.22385898e-02  7.60222478e+05 
 3.66693969e+14  9.51139362e+33  1.20151000e+01  2.80389298e-01  7.22060000e+00  2.39253145e-01  1.66114725e-01  2.64530408e-01  5.32151245e-02  7.30185568e+05 
 3.67268313e+14  9.60719069e+33  1.19961000e+01  2.83185031e-01  7.24560000e+00  2.42085080e-01  1.67532317e-01  2.61783840e-01  5.41612118e-02  7.01626002e+05 
 3.67842657e+14  9.70298776e+33  1.19771000e+01  2.85980689e-01  7.26960000e+00  2.44865598e-01  1.68956549e-01  2.59365522e-01  5.51203598e-02  6.74458541e+05 
 3.68417002e+14  9.80304780e+33  1.19581000e+01  2.88900766e-01  7.29560000e+00  2.47844453e-01  1.70427192e-01  2.56489555e-01  5.61164398e-02  6.47479359e+05 
 3.68991346e+14  9.90382878e+33  1.19401000e+01  2.91842151e-01  7.32060000e+00  2.50781647e-01  1.71882660e-01  2.53984140e-01  5.71064521e-02  6.21660522e+05 
 3.69565691e+14  1.00046098e+34  1.19221000e+01  2.94783630e-01  7.34660000e+00  2.53799018e-01  1.73344475e-01  2.51106128e-01  5.81095614e-02  5.97121853e+05 
 3.70140035e+14  1.01053907e+34  1.19051000e+01  2.97724913e-01  7.37160000e+00  2.56764415e-01  1.74783152e-01  2.48552396e-01  5.91009538e-02  5.73789007e+05 
 3.70714379e+14  1.02061717e+34  1.18901000e+01  3.00665805e-01  7.39560000e+00  2.59676306e-01  1.76168170e-01  2.46322122e-01  6.00540861e-02  5.51592412e+05 
 3.71288724e+14  1.03069527e+34  1.18741000e+01  3.03606077e-01  7.42060000e+00  2.62668751e-01  1.77587539e-01  2.43717966e-01  6.10434264e-02  5.30467149e+05 
 3.71863068e+14  1.04115913e+34  1.18591000e+01  3.06658300e-01  7.44560000e+00  2.65724943e-01  1.79017877e-01  2.41320931e-01  6.20406095e-02  5.09600064e+05 
 3.72437413e+14  1.05175566e+34  1.18451000e+01  3.09748931e-01  7.47160000e+00  2.68881155e-01  1.80434791e-01  2.38629523e-01  6.30299963e-02  4.89508501e+05 
 3.73011757e+14  1.06235219e+34  1.18311000e+01  3.12839089e-01  7.49660000e+00  2.71983175e-01  1.81855763e-01  2.36258546e-01  6.40296559e-02  4.70403033e+05 
 3.73586101e+14  1.07294872e+34  1.18171000e+01  3.15928503e-01  7.52160000e+00  2.75099200e-01  1.83280690e-01  2.33859837e-01  6.50395532e-02  4.52226945e+05 
 3.74160446e+14  1.08354525e+34  1.18051000e+01  3.19016979e-01  7.54660000e+00  2.78229061e-01  1.84646946e-01  2.31433907e-01  6.60037681e-02  4.34927100e+05 
 3.74734790e+14  1.09414178e+34  1.17931000e+01  3.22104276e-01  7.57060000e+00  2.81302316e-01  1.86015940e-01  2.29324725e-01  6.69763964e-02  4.18453894e+05 
 3.75309135e+14  1.10507335e+34  1.17811000e+01  3.25287966e-01  7.59560000e+00  2.84503241e-01  1.87419064e-01  2.27037083e-01  6.79777078e-02  4.02276000e+05 
 3.75883479e+14  1.11620886e+34  1.17701000e+01  3.28530142e-01  7.62160000e+00  2.87816618e-01  1.88812018e-01  2.24493499e-01  6.89708057e-02  3.86596873e+05 
 3.76457823e+14  1.12734437e+34  1.17591000e+01  3.31771258e-01  7.64660000e+00  2.91073134e-01  1.90207265e-01  2.22264625e-01  6.99718676e-02  3.71679376e+05 
 3.77032168e+14  1.13847989e+34  1.17491000e+01  3.35011076e-01  7.67160000e+00  2.94343673e-01  1.91572112e-01  2.20006056e-01  7.09506391e-02  3.57480096e+05 
 3.77606512e+14  1.14961540e+34  1.17391000e+01  3.38249355e-01  7.69560000e+00  2.97555363e-01  1.92938566e-01  2.18059520e-01  7.19363601e-02  3.43958434e+05 
 3.78180857e+14  1.16075091e+34  1.17301000e+01  3.41485938e-01  7.72060000e+00  3.00853206e-01  1.94273482e-01  2.15741417e-01  7.28979439e-02  3.31076312e+05 
 3.78755201e+14  1.17215940e+34  1.17211000e+01  3.44799935e-01  7.74560000e+00  3.04201100e-01  1.95634780e-01  2.13544437e-01  7.38823344e-02  3.18504056e+05 
 3.79329545e+14  1.18385496e+34  1.17121000e+01  3.48195762e-01  7.77060000e+00  3.07601313e-01  1.97023840e-01  2.11474331e-01  7.48906473e-02  3.06233301e+05 
 3.79903890e+14  1.19555052e+34  1.17041000e+01  3.51589949e-01  7.79560000e+00  3.11015601e-01  1.98380059e-01  2.09373011e-01  7.58728363e-02  2.94552398e+05 
 3.80478234e+14  1.20724608e+34  1.16971000e+01  3.54982212e-01  7.82060000e+00  3.14444044e-01  1.99702560e-01  2.07239490e-01  7.68274557e-02  2.83428086e+05 
 3.81052579e+14  1.21894164e+34  1.16901000e+01  3.58372349e-01  7.84560000e+00  3.17886481e-01  2.01024948e-01  2.05074347e-01  7.77864227e-02  2.72829194e+05 
 3.81626923e+14  1.23063720e+34  1.16831000e+01  3.61760156e-01  7.86960000e+00  3.21266675e-01  2.02347167e-01  2.03215584e-01  7.87496628e-02  2.62726508e+05 
 3.82201268e+14  1.24253108e+34  1.16771000e+01  3.65202835e-01  7.89460000e+00  3.24762953e-01  2.03652529e-01  2.01091580e-01  7.96953309e-02  2.52933034e+05 
 3.82775612e+14  1.25480826e+34  1.16711000e+01  3.68754249e-01  7.91960000e+00  3.28324532e-01  2.04992542e-01  1.99137742e-01  8.06684255e-02  2.43302038e+05 
 3.83349956e+14  1.26708544e+34  1.16651000e+01  3.72303338e-01  7.94460000e+00  3.31900387e-01  2.06331805e-01  1.97149817e-01  8.16449769e-02  2.34129172e+05 
 3.83924301e+14  1.27936263e+34  1.16601000e+01  3.75849875e-01  7.96960000e+00  3.35490407e-01  2.07634637e-01  1.95128067e-01  8.25894718e-02  2.25388833e+05 
 3.84498645e+14  1.29163981e+34  1.16551000e+01  3.79393639e-01  7.99360000e+00  3.39015937e-01  2.08936120e-01  1.93407314e-01  8.35363896e-02  2.17057040e+05 
 3.85072990e+14  1.30391699e+34  1.16511000e+01  3.82934450e-01  8.01860000e+00  3.42633433e-01  2.10200135e-01  1.91318590e-01  8.44494137e-02  2.09111286e+05 
 3.85647334e+14  1.31630391e+34  1.16461000e+01  3.86503681e-01  8.04260000e+00  3.46200149e-01  2.11508506e-01  1.89585019e-01  8.54073636e-02  2.01464300e+05 
 3.86221678e+14  1.32918480e+34  1.16431000e+01  3.90212270e-01  8.06760000e+00  3.49926361e-01  2.12787222e-01  1.87732793e-01  8.63243916e-02  1.93883316e+05 
 3.86796023e+14  1.34206569e+34  1.16391000e+01  3.93917865e-01  8.09260000e+00  3.53666876e-01  2.14100265e-01  1.85844887e-01  8.72795050e-02  1.86659141e+05 
 3.87370367e+14  1.35494658e+34  1.16361000e+01  3.97620243e-01  8.11760000e+00  3.57421552e-01  2.15374240e-01  1.83921749e-01  8.81980420e-02  1.79772027e+05 
 3.87944712e+14  1.36782747e+34  1.16331000e+01  4.01319200e-01  8.14160000e+00  3.61108774e-01  2.16645674e-01  1.82294482e-01  8.91170047e-02  1.73203467e+05 
 3.88519056e+14  1.38070835e+34  1.16311000e+01  4.05014505e-01  8.16560000e+00  3.64808996e-01  2.17877025e-01  1.80631220e-01  8.99975753e-02  1.66936095e+05 
 3.89093400e+14  1.39359506e+34  1.16281000e+01  4.08707625e-01  8.18960000e+00  3.68522963e-01  2.19143488e-01  1.78934968e-01  9.09170183e-02  1.60950990e+05 
 3.89667745e+14  1.40710224e+34  1.16261000e+01  4.12574740e-01  8.21460000e+00  3.72416799e-01  2.20424808e-01  1.77171399e-01  9.18357824e-02  1.54966352e+05 
 3.90242089e+14  1.42060941e+34  1.16251000e+01  4.16438164e-01  8.23960000e+00  3.76324937e-01  2.21664772e-01  1.75370811e-01  9.27139897e-02  1.49260373e+05 
 3.90816434e+14  1.43411659e+34  1.16231000e+01  4.20297679e-01  8.26460000e+00  3.80247179e-01  2.22939418e-01  1.73534022e-01  9.36309398e-02  1.43817811e+05 
 3.91390778e+14  1.44762377e+34  1.16221000e+01  4.24153050e-01  8.28860000e+00  3.84099055e-01  2.24172180e-01  1.71987383e-01  9.45063588e-02  1.38624335e+05 
 3.91965122e+14  1.46113095e+34  1.16221000e+01  4.28004085e-01  8.31260000e+00  3.87963857e-01  2.25362389e-01  1.70403832e-01  9.53390312e-02  1.33666502e+05 
 3.92539467e+14  1.47463813e+34  1.16211000e+01  4.31850575e-01  8.33660000e+00  3.91841558e-01  2.26587369e-01  1.68783537e-01  9.62105390e-02  1.28931700e+05 
 3.93113811e+14  1.48867970e+34  1.16211000e+01  4.35844571e-01  8.36160000e+00  3.95890726e-01  2.27816087e-01  1.67044887e-01  9.70711591e-02  1.24232889e+05 
 3.93688156e+14  1.50283626e+34  1.16211000e+01  4.39866844e-01  8.38560000e+00  3.99883256e-01  2.29050493e-01  1.65644444e-01  9.79360831e-02  1.19712959e+05 
 3.94262500e+14  1.51699281e+34  1.16211000e+01  4.43884474e-01  8.41060000e+00  4.03975883e-01  2.30280500e-01  1.63882122e-01  9.87981908e-02  1.15399463e+05 
 3.94836844e+14  1.53114936e+34  1.16221000e+01  4.47897225e-01  8.43460000e+00  4.07995055e-01  2.31466215e-01  1.62404936e-01  9.96145059e-02  1.11281288e+05 
 3.95411189e+14  1.54530591e+34  1.16221000e+01  4.51904901e-01  8.45860000e+00  4.12027134e-01  2.32687093e-01  1.60889787e-01  1.00470327e-01  1.07348006e+05 
 3.95985533e+14  1.55946246e+34  1.16231000e+01  4.55907306e-01  8.48260000e+00  4.16072017e-01  2.33863223e-01  1.59337139e-01  1.01279491e-01  1.03589802e+05 
 3.96559878e+14  1.57403771e+34  1.16251000e+01  4.60022583e-01  8.50660000e+00  4.20186708e-01  2.35029805e-01  1.57927602e-01  1.02065984e-01  9.98934783e+04 
 3.97134222e+14  1.58886721e+34  1.16261000e+01  4.64204411e-01  8.53160000e+00  4.24438745e-01  2.36253298e-01  1.56267930e-01  1.02907230e-01  9.63026476e+04 
 3.97708566e+14  1.60369672e+34  1.16281000e+01  4.68380834e-01  8.55560000e+00  4.28614731e-01  2.37430851e-01  1.54889146e-01  1.03699773e-01  9.28740529e+04 
 3.98282911e+14  1.61852622e+34  1.16301000e+01  4.72551603e-01  8.57960000e+00  4.32803697e-01  2.38602858e-01  1.53470879e-01  1.04487424e-01  8.95990582e+04 
 3.98857255e+14  1.63335572e+34  1.16321000e+01  4.76716530e-01  8.60360000e+00  4.37005488e-01  2.39769317e-01  1.52013914e-01  1.05270134e-01  8.64695377e+04 
 3.99431600e+14  1.64818523e+34  1.16341000e+01  4.80875415e-01  8.62760000e+00  4.41220004e-01  2.40930206e-01  1.50518740e-01  1.06047834e-01  8.34778537e+04 
 4.00005944e+14  1.66329799e+34  1.16371000e+01  4.85107418e-01  8.65160000e+00  4.45485859e-01  2.42067526e-01  1.49101165e-01  1.06791044e-01  8.05633410e+04 
 4.00580288e+14  1.67882451e+34  1.16401000e+01  4.89449176e-01  8.67560000e+00  4.49821224e-01  2.43233237e-01  1.47811942e-01  1.07552395e-01  7.77023243e+04 
 4.01154633e+14  1.69435103e+34  1.16431000e+01  4.93784701e-01  8.69960000e+00  4.54169512e-01  2.44392771e-01  1.46482392e-01  1.08307714e-01  7.49691791e+04 
 4.01728977e+14  1.70987755e+34  1.16461000e+01  4.98113787e-01  8.72360000e+00  4.58530600e-01  2.45546127e-01  1.45113164e-01  1.09056961e-01  7.23571632e+04 
 4.02303322e+14  1.72540407e+34  1.16491000e+01  5.02436233e-01  8.74760000e+00  4.62904363e-01  2.46693297e-01  1.43704872e-01  1.09800087e-01  6.98599347e+04 
 4.02877666e+14  1.74093059e+34  1.16531000e+01  5.06751844e-01  8.77060000e+00  4.67196032e-01  2.47791730e-01  1.42570466e-01  1.10489618e-01  6.74715252e+04 
 4.03452011e+14  1.75658335e+34  1.16561000e+01  5.11095418e-01  8.79460000e+00  4.71611821e-01  2.48936527e-01  1.41132617e-01  1.11227097e-01  6.51681460e+04 
 4.04026355e+14  1.77283143e+34  1.16601000e+01  5.15597156e-01  8.81860000e+00  4.76121495e-01  2.50080418e-01  1.39884895e-01  1.11943546e-01  6.28819860e+04 
 4.04600699e+14  1.78907950e+34  1.16651000e+01  5.20091798e-01  8.84260000e+00  4.80644090e-01  2.51174407e-01  1.38595901e-01  1.12604510e-01  6.06968947e+04 
 4.05175044e+14  1.80532758e+34  1.16691000e+01  5.24579161e-01  8.86660000e+00  4.85179344e-01  2.52304493e-01  1.37266879e-01  1.13306266e-01  5.86076013e+04 
 4.05749388e+14  1.82157566e+34  1.16731000e+01  5.29059010e-01  8.89060000e+00  4.89727283e-01  2.53427749e-01  1.35897789e-01  1.14000756e-01  5.66091410e+04 
 4.06323733e+14  1.83782374e+34  1.16781000e+01  5.33531216e-01  8.91360000e+00  4.94189803e-01  2.54500630e-01  1.34798289e-01  1.14638910e-01  5.46968362e+04 
 4.06898077e+14  1.85407181e+34  1.16831000e+01  5.37995528e-01  8.93660000e+00  4.98663800e-01  2.55566338e-01  1.33658356e-01  1.15269211e-01  5.28662908e+04 
 4.07472421e+14  1.87101216e+34  1.16881000e+01  5.42641954e-01  8.96060000e+00  5.03342560e-01  2.56679353e-01  1.32422678e-01  1.15928695e-01  5.10401664e+04 
 4.08046766e+14  1.88800681e+34  1.16931000e+01  5.47295338e-01  8.98460000e+00  5.08041350e-01  2.57789251e-01  1.31165859e-01  1.16582866e-01  4.92881684e+04 
 4.08621110e+14  1.90500146e+34  1.16981000e+01  5.51940572e-01  9.00860000e+00  5.12752581e-01  2.58891764e-01  1.29868925e-01  1.17228803e-01  4.76121466e+04 
 4.09195455e+14  1.92199611e+34  1.17031000e+01  5.56577413e-01  9.03160000e+00  5.17376041e-01  2.59986864e-01  1.28835895e-01  1.17866457e-01  4.60082061e+04 
 4.09769799e+14  1.93899075e+34  1.17091000e+01  5.61205740e-01  9.05460000e+00  5.22010526e-01  2.61030020e-01  1.27763083e-01  1.18445289e-01  4.44726722e+04 
 4.10344143e+14  1.95598540e+34  1.17151000e+01  5.65825312e-01  9.07760000e+00  5.26656344e-01  2.62065466e-01  1.26649627e-01  1.19015366e-01  4.30020896e+04 
 4.10918488e+14  1.97349163e+34  1.17201000e+01  5.70574858e-01  9.10160000e+00  5.31485172e-01  2.63177139e-01  1.25368413e-01  1.19653771e-01  4.15516430e+04 
 4.11492832e+14  1.99125833e+34  1.17261000e+01  5.75386218e-01  9.12560000e+00  5.36361880e-01  2.64256009e-01  1.24135705e-01  1.20245524e-01  4.01428302e+04 
 4.12067177e+14  2.00902502e+34  1.17331000e+01  5.80188540e-01  9.14860000e+00  5.41147753e-01  2.65281730e-01  1.23163955e-01  1.20776663e-01  3.87944444e+04 
 4.12641521e+14  2.02679172e+34  1.17391000e+01  5.84981546e-01  9.17160000e+00  5.45945007e-01  2.66344556e-01  1.22150071e-01  1.21349877e-01  3.75034226e+04 
 4.13215865e+14  2.04455841e+34  1.17451000e+01  5.89765104e-01  9.19560000e+00  5.50857320e-01  2.67399479e-01  1.20796282e-01  1.21913970e-01  3.62668711e+04 
 4.13790210e+14  2.06232511e+34  1.17521000e+01  5.94539048e-01  9.21760000e+00  5.55572456e-01  2.68400833e-01  1.20001424e-01  1.22416867e-01  3.50820623e+04 
 4.14364554e+14  2.08039535e+34  1.17581000e+01  5.99384577e-01  9.24060000e+00  5.60443841e-01  2.69462250e-01  1.18965265e-01  1.22977179e-01  3.39274200e+04 
 4.14938899e+14  2.09896001e+34  1.17651000e+01  6.04352830e-01  9.26460000e+00  5.65499142e-01  2.70506109e-01  1.17749644e-01  1.23499412e-01  3.27912960e+04 
 4.15513243e+14  2.11752467e+34  1.17721000e+01  6.09311011e-01  9.28760000e+00  5.70460667e-01  2.71541464e-01  1.16789120e-01  1.24011654e-01  3.17033724e+04 
 4.16087587e+14  2.13608933e+34  1.17791000e+01  6.14259022e-01  9.31060000e+00  5.75432871e-01  2.72568421e-01  1.15788220e-01  1.24514037e-01  3.06612261e+04 
 4.16661932e+14  2.15465399e+34  1.17861000e+01  6.19196626e-01  9.33360000e+00  5.80415985e-01  2.73586961e-01  1.14746437e-01  1.25006548e-01  2.96625747e+04 
 4.17236276e+14  2.17321865e+34  1.17931000e+01  6.24123672e-01  9.35660000e+00  5.85409772e-01  2.74597126e-01  1.13664849e-01  1.25489248e-01  2.87052630e+04 
 4.17810621e+14  2.19184916e+34  1.18001000e+01  6.29057430e-01  9.37860000e+00  5.90314696e-01  2.75603654e-01  1.12858089e-01  1.25965177e-01  2.77840683e+04 
 4.18384965e+14  2.21123815e+34  1.18081000e+01  6.34180981e-01  9.40260000e+00  5.95550128e-01  2.76608901e-01  1.11651686e-01  1.26411881e-01  2.68652148e+04 
 4.18959309e+14  2.23062713e+34  1.18161000e+01  6.39293556e-01  9.42560000e+00  6.00687943e-01  2.77605231e-01  1.10697732e-01  1.26848037e-01  2.59849141e+04 
 4.19533654e+14  2.25001612e+34  1.18231000e+01  6.44394949e-01  9.44860000e+00  6.05836378e-01  2.78639804e-01  1.09702872e-01  1.27327535e-01  2.51412512e+04 
 4.20107998e+14  2.26940510e+34  1.18311000e+01  6.49485000e-01  9.47060000e+00  6.10884830e-01  2.79618531e-01  1.08958928e-01  1.27742924e-01  2.43324159e+04 
 4.20682343e+14  2.28879409e+34  1.18391000e+01  6.54563506e-01  9.49360000e+00  6.16053732e-01  2.80588421e-01  1.07883260e-01  1.28147931e-01  2.35567016e+04 
 4.21256687e+14  2.30818307e+34  1.18471000e+01  6.59630328e-01  9.51560000e+00  6.21121443e-01  2.81549527e-01  1.07058257e-01  1.28542642e-01  2.28124956e+04 
 4.21831031e+14  2.32821920e+34  1.18551000e+01  6.64854136e-01  9.53860000e+00  6.26397888e-01  2.82546331e-01  1.06087483e-01  1.28954357e-01  2.20748943e+04 
 4.22405376e+14  2.34845929e+34  1.18631000e+01  6.70119145e-01  9.56160000e+00  6.31712386e-01  2.83548088e-01  1.05133318e-01  1.29363948e-01  2.13605519e+04 
 4.22979720e+14  2.36869938e+34  1.18711000e+01  6.75371960e-01  9.58460000e+00  6.37037248e-01  2.84540785e-01  1.04138392e-01  1.29762840e-01  2.06756138e+04 
 4.23554065e+14  2.38893947e+34  1.18791000e+01  6.80612412e-01  9.60660000e+00  6.42258836e-01  2.85524463e-01  1.03389936e-01  1.30151115e-01  2.00186432e+04 
 4.24128409e+14  2.40917956e+34  1.18881000e+01  6.85840364e-01  9.62860000e+00  6.47489270e-01  2.86450977e-01  1.02601342e-01  1.30473982e-01  1.93882826e+04 
 4.24702754e+14  2.42941965e+34  1.18961000e+01  6.91055635e-01  9.65160000e+00  6.52843383e-01  2.87416626e-01  1.01487173e-01  1.30841165e-01  1.87832505e+04 
 4.25277098e+14  2.45002956e+34  1.19051000e+01  6.96353106e-01  9.67360000e+00  6.58142109e-01  2.88349424e-01  1.00717556e-01  1.31157359e-01  1.81919267e+04 
 4.25851442e+14  2.47114795e+34  1.19131000e+01  7.01768232e-01  9.69660000e+00  6.63633725e-01  2.89355115e-01  9.97583520e-02  1.31537731e-01  1.76105995e+04 
 4.26425787e+14  2.49226633e+34  1.19221000e+01  7.07170118e-01  9.71860000e+00  6.69019346e-01  2.90302873e-01  9.90414478e-02  1.31851940e-01  1.70529376e+04 
 4.27000131e+14  2.51338471e+34  1.19311000e+01  7.12558640e-01  9.74060000e+00  6.74413568e-01  2.91241238e-01  9.82841826e-02  1.32155232e-01  1.65177968e+04 
 4.27574476e+14  2.53450310e+34  1.19401000e+01  7.17933612e-01  9.76260000e+00  6.79816564e-01  2.92170235e-01  9.74864670e-02  1.32447686e-01  1.60040959e+04 
 4.28148820e+14  2.55562148e+34  1.19491000e+01  7.23294889e-01  9.78460000e+00  6.85228237e-01  2.93089917e-01  9.66489769e-02  1.32729410e-01  1.55108123e+04 
 4.28723164e+14  2.57679538e+34  1.19581000e+01  7.28656370e-01  9.80660000e+00  6.90655871e-01  2.94003875e-01  9.57863242e-02  1.33063502e-01  1.50426518e+04 
 4.29297509e+14  2.59881964e+34  1.19671000e+01  7.34218875e-01  9.82960000e+00  6.96324511e-01  2.94962691e-01  9.48162015e-02  1.33295609e-01  1.45613318e+04 
 4.29871853e+14  2.62084390e+34  1.19761000e+01  7.39767113e-01  9.85160000e+00  7.01883389e-01  2.95911927e-01  9.40854543e-02  1.33577620e-01  1.41060054e+04 
 4.30446198e+14  2.64286816e+34  1.19851000e+01  7.45300913e-01  9.87360000e+00  7.07450687e-01  2.96851629e-01  9.33143084e-02  1.33848664e-01  1.36688653e+04 
 4.31020542e+14  2.66489242e+34  1.19951000e+01  7.50820118e-01  9.89560000e+00  7.13026339e-01  2.97732192e-01  9.25033183e-02  1.34114443e-01  1.32551238e+04 
 4.31594886e+14  2.68691668e+34  1.20041000e+01  7.56324585e-01  9.91660000e+00  7.18489244e-01  2.98652860e-01  9.19303004e-02  1.34302349e-01  1.28457339e+04 
 4.32169231e+14  2.70894093e+34  1.20131000e+01  7.61814203e-01  9.93860000e+00  7.24080716e-01  2.99564165e-01  9.10412262e-02  1.34541134e-01  1.24581512e+04 
 4.32743575e+14  2.73160038e+34  1.20231000e+01  7.67446731e-01  9.96060000e+00  7.29764559e-01  3.00455058e-01  9.02621544e-02  1.34796183e-01  1.20805601e+04 
 4.33317920e+14  2.75455847e+34  1.20321000e+01  7.73138185e-01  9.98260000e+00  7.35496162e-01  3.01404491e-01  8.95126554e-02  1.34982520e-01  1.17021985e+04 
 4.33892264e+14  2.77751656e+34  1.20421000e+01  7.78814122e-01  1.00046000e+01  7.41235800e-01  3.02294061e-01  8.87232814e-02  1.35163590e-01  1.13441029e+04 
 4.34466608e+14  2.80047465e+34  1.20511000e+01  7.84474396e-01  1.00256000e+01  7.46859751e-01  3.03224145e-01  8.81684353e-02  1.35389932e-01  1.10000418e+04 
 4.35040953e+14  2.82343274e+34  1.20611000e+01  7.90118881e-01  1.00476000e+01  7.52614640e-01  3.04094264e-01  8.73006696e-02  1.35549388e-01  1.06693591e+04 
 4.35615297e+14  2.84639083e+34  1.20711000e+01  7.95747434e-01  1.00686000e+01  7.58252604e-01  3.04954686e-01  8.66673708e-02  1.35760494e-01  1.03561849e+04 
 4.36189642e+14  2.86961545e+34  1.20801000e+01  8.01425058e-01  1.00896000e+01  7.63932076e-01  3.05871837e-01  8.60542055e-02  1.35900893e-01  1.00421973e+04 
 4.36763986e+14  2.89353568e+34  1.20901000e+01  8.07256234e-01  1.01116000e+01  7.69835546e-01  3.06769585e-01  8.52816722e-02  1.36057622e-01  9.73606989e+03 
 4.37338330e+14  2.91745592e+34  1.21001000e+01  8.13070797e-01  1.01336000e+01  7.75746598e-01  3.07657371e-01  8.44699796e-02  1.36203437e-01  9.44190073e+03 
 4.37912675e+14  2.94137615e+34  1.21101000e+01  8.18868616e-01  1.01546000e+01  7.81538295e-01  3.08535264e-01  8.38896765e-02  1.36338495e-01  9.15913347e+03 
 4.38487019e+14  2.96529638e+34  1.21201000e+01  8.24649551e-01  1.01756000e+01  7.87336322e-01  3.09403320e-01  8.32701924e-02  1.36462933e-01  8.88724109e+03 
 4.39061364e+14  2.98921661e+34  1.21301000e+01  8.30413489e-01  1.01966000e+01  7.93140611e-01  3.10261604e-01  8.26121646e-02  1.36576902e-01  8.62572418e+03 
 4.39635708e+14  3.01313685e+34  1.21401000e+01  8.36160313e-01  1.02176000e+01  7.98951074e-01  3.11110177e-01  8.19162351e-02  1.36680542e-01  8.37410960e+03 
 4.40210052e+14  3.03790014e+34  1.21501000e+01  8.42091929e-01  1.02386000e+01  8.04877383e-01  3.11996690e-01  8.13549642e-02  1.36796997e-01  8.12356536e+03 
 4.40784397e+14  3.06281117e+34  1.21611000e+01  8.48041254e-01  1.02606000e+01  8.10958642e-01  3.12830078e-01  8.05172594e-02  1.36913359e-01  7.88485305e+03 
 4.41358741e+14  3.08772219e+34  1.21711000e+01  8.53972714e-01  1.02816000e+01  8.16916881e-01  3.13704849e-01  7.99078419e-02  1.37012628e-01  7.65170395e+03 
 4.41933086e+14  3.11263322e+34  1.21811000e+01  8.59886195e-01  1.03026000e+01  8.22880989e-01  3.14569714e-01  7.92599742e-02  1.37038530e-01  7.42401311e+03 
 4.42507430e+14  3.13754424e+34  1.21911000e+01  8.65781589e-01  1.03236000e+01  8.28850838e-01  3.15424741e-01  7.85743861e-02  1.37117057e-01  7.20829581e+03 
 4.43081775e+14  3.16245526e+34  1.22011000e+01  8.71658782e-01  1.03436000e+01  8.34694770e-01  3.16269988e-01  7.81158420e-02  1.37185461e-01  7.00065778e+03 
 4.43656119e+14  3.18777520e+34  1.22121000e+01  8.77613779e-01  1.03646000e+01  8.40728265e-01  3.17075755e-01  7.74337309e-02  1.37260834e-01  6.80063720e+03 
 4.44230463e+14  3.21370598e+34  1.22221000e+01  8.83693629e-01  1.03856000e+01  8.46845967e-01  3.17956533e-01  7.68305558e-02  1.37271163e-01  6.59733046e+03 
 4.44804808e+14  3.23963676e+34  1.22331000e+01  8.89754497e-01  1.04066000e+01  8.52969188e-01  3.18775142e-01  7.61889272e-02  1.37341110e-01  6.40767690e+03 
 4.45379152e+14  3.26556754e+34  1.22431000e+01  8.95796280e-01  1.04276000e+01  8.59097699e-01  3.19635822e-01  7.55098218e-02  1.37330883e-01  6.21938301e+03 
 4.45953497e+14  3.29149832e+34  1.22531000e+01  9.01818867e-01  1.04476000e+01  8.65097240e-01  3.20486604e-01  7.50548090e-02  1.37373701e-01  6.04095059e+03 
 4.46527841e+14  3.31742910e+34  1.22641000e+01  9.07822146e-01  1.04676000e+01  8.71100977e-01  3.21275136e-01  7.45620017e-02  1.37413748e-01  5.87182514e+03 
 4.47102185e+14  3.34335989e+34  1.22741000e+01  9.13806040e-01  1.04886000e+01  8.77244329e-01  3.22106214e-01  7.37718041e-02  1.37373889e-01  5.70362202e+03 
 4.47676530e+14  3.37026249e+34  1.22851000e+01  9.19994093e-01  1.05086000e+01  8.83380384e-01  3.22925431e-01  7.33793338e-02  1.37416157e-01  5.54082537e+03 
 4.48250874e+14  3.39724229e+34  1.22951000e+01  9.26179811e-01  1.05296000e+01  8.89666738e-01  3.23791063e-01  7.27028381e-02  1.37379755e-01  5.37866993e+03 
 4.48825219e+14  3.42422208e+34  1.23061000e+01  9.32345289e-01  1.05496000e+01  8.95821079e-01  3.24593896e-01  7.22474574e-02  1.37403884e-01  5.22739940e+03 
 4.49399563e+14  3.45120187e+34  1.23171000e+01  9.38490473e-01  1.05706000e+01  9.02116615e-01  3.25386616e-01  7.14970188e-02  1.37355241e-01  5.07933210e+03 
 4.49973907e+14  3.47818167e+34  1.23271000e+01  9.44615260e-01  1.05906000e+01  9.08278770e-01  3.26222218e-01  7.09681512e-02  1.37289721e-01  4.93442114e+03 
 4.50548252e+14  3.50516146e+34  1.23381000e+01  9.50719552e-01  1.06106000e+01  9.14444576e-01  3.26994984e-01  7.04028364e-02  1.37285372e-01  4.79923421e+03 
 4.51122596e+14  3.53260101e+34  1.23481000e+01  9.56906884e-01  1.06306000e+01  9.20671703e-01  3.27833835e-01  6.98786779e-02  1.37210295e-01  4.66237685e+03 
 4.51696941e+14  3.56065934e+34  1.23591000e+01  9.63212540e-01  1.06506000e+01  9.26980195e-01  3.28640288e-01  6.94203740e-02  1.37208480e-01  4.53182285e+03 
 4.52271285e+14  3.58871767e+34  1.23701000e+01  9.69496847e-01  1.06706000e+01  9.33291933e-01  3.29436506e-01  6.89248538e-02  1.37134107e-01  4.40400607e+03 
 4.52845629e+14  3.61677601e+34  1.23801000e+01  9.75759724e-01  1.06906000e+01  9.39606851e-01  3.30275929e-01  6.83927516e-02  1.37042785e-01  4.27888760e+03 
 4.53419974e+14  3.64483434e+34  1.23911000e+01  9.82001095e-01  1.07106000e+01  9.45924834e-01  3.31051996e-01  6.78247130e-02  1.36949997e-01  4.16025409e+03 
 4.53994318e+14  3.67289267e+34  1.24021000e+01  9.88220888e-01  1.07306000e+01  9.52245751e-01  3.31818059e-01  6.72214464e-02  1.36911252e-01  4.04774848e+03 
 4.54568663e+14  3.70095100e+34  1.24121000e+01  9.94418991e-01  1.07496000e+01  9.58427865e-01  3.32627763e-01  6.68350080e-02  1.36792895e-01  3.93560225e+03 
 4.55143007e+14  3.73000641e+34  1.24231000e+01  1.00081492e+00  1.07696000e+01  9.64877977e-01  3.33421518e-01  6.63165556e-02  1.36690895e-01  3.82550722e+03 
 4.55717351e+14  3.75917305e+34  1.24341000e+01  1.00721288e+00  1.07896000e+01  9.71344608e-01  3.34210325e-01  6.57791160e-02  1.36581772e-01  3.71900317e+03 
 4.56291696e+14  3.78833970e+34  1.24451000e+01  1.01358829e+00  1.08096000e+01  9.77813784e-01  3.34988954e-01  6.52060622e-02  1.36526584e-01  3.61800893e+03 
 4.56866040e+14  3.81750634e+34  1.24561000e+01  1.01994106e+00  1.08286000e+01  9.84141328e-01  3.35757476e-01  6.48478529e-02  1.36399820e-01  3.51898347e+03 
 4.57440385e+14  3.84667298e+34  1.24661000e+01  1.02627112e+00  1.08476000e+01  9.90470392e-01  3.36569959e-01  6.44537854e-02  1.36256447e-01  3.42190484e+03 
 4.58014729e+14  3.87583963e+34  1.24771000e+01  1.03257843e+00  1.08676000e+01  9.96946465e-01  3.37318561e-01  6.37749555e-02  1.36175409e-01  3.33134873e+03 
 4.58589073e+14  3.90539958e+34  1.24881000e+01  1.03894763e+00  1.08866000e+01  1.00332675e+00  3.38075243e-01  6.33692210e-02  1.36029439e-01  3.24126731e+03 
 4.59163418e+14  3.93570453e+34  1.24991000e+01  1.04545377e+00  1.09066000e+01  1.00994584e+00  3.38855766e-01  6.27876791e-02  1.35886330e-01  3.15219960e+03 
 4.59737762e+14  3.96600947e+34  1.25101000e+01  1.05193624e+00  1.09256000e+01  1.01641990e+00  3.39626109e-01  6.24191033e-02  1.35734769e-01  3.06631172e+03 
 4.60312107e+14  3.99631442e+34  1.25211000e+01  1.05839495e+00  1.09446000e+01  1.02289514e+00  3.40386318e-01  6.20146523e-02  1.35574904e-01  2.98346754e+03 
 4.60886451e+14  4.02661936e+34  1.25311000e+01  1.06482985e+00  1.09636000e+01  1.02937131e+00  3.41190944e-01  6.15753064e-02  1.35398583e-01  2.90220038e+03 
 4.61460795e+14  4.05692430e+34  1.25421000e+01  1.07124092e+00  1.09826000e+01  1.03584827e+00  3.41931229e-01  6.11017741e-02  1.35284947e-01  2.82639847e+03 
 4.62035140e+14  4.08722925e+34  1.25531000e+01  1.07762811e+00  1.10016000e+01  1.04232592e+00  3.42661635e-01  6.05947159e-02  1.35101162e-01  2.75193291e+03 
 4.62609484e+14  4.11842572e+34  1.25641000e+01  1.08417851e+00  1.10206000e+01  1.04891168e+00  3.43421027e-01  6.01748165e-02  1.34921421e-01  2.67794863e+03 
 4.63183829e+14  4.14989914e+34  1.25751000e+01  1.09076232e+00  1.10396000e+01  1.05553126e+00  3.44182322e-01  5.97574958e-02  1.34737341e-01  2.60593128e+03 
 4.63758173e+14  4.18137257e+34  1.25861000e+01  1.09732127e+00  1.10586000e+01  1.06215116e+00  3.44933499e-01  5.93057342e-02  1.34545421e-01  2.53643767e+03 
 4.64332518e+14  4.21284600e+34  1.25961000e+01  1.10385534e+00  1.10776000e+01  1.06877129e+00  3.45729537e-01  5.88201993e-02  1.34337233e-01  2.46822336e+03 
 4.64906862e+14  4.24431943e+34  1.26071000e+01  1.11036446e+00  1.10956000e+01  1.07524018e+00  3.46460774e-01  5.85438448e-02  1.34191978e-01  2.40460179e+03 
 4.65481206e+14  4.27579285e+34  1.26181000e+01  1.11684861e+00  1.11146000e+01  1.08186058e+00  3.47182126e-01  5.79909656e-02  1.33977449e-01  2.34206189e+03 
 4.66055551e+14  4.30744726e+34  1.26291000e+01  1.12334487e+00  1.11326000e+01  1.08834974e+00  3.47901224e-01  5.76708339e-02  1.33757825e-01  2.28130874e+03 
 4.66629895e+14  4.34011952e+34  1.26401000e+01  1.13002411e+00  1.11516000e+01  1.09511159e+00  3.48652777e-01  5.72039495e-02  1.33542435e-01  2.22076019e+03 
 4.67204240e+14  4.37279177e+34  1.26501000e+01  1.13667742e+00  1.11706000e+01  1.10187286e+00  3.49449476e-01  5.67040660e-02  1.33310858e-01  2.16131229e+03 
 4.67778584e+14  4.40546403e+34  1.26611000e+01  1.14330472e+00  1.11886000e+01  1.10847988e+00  3.50180943e-01  5.64109836e-02  1.33080849e-01  2.10489847e+03 
 4.68352928e+14  4.43813628e+34  1.26721000e+01  1.14990600e+00  1.12076000e+01  1.11524023e+00  3.50902454e-01  5.58446137e-02  1.32905151e-01  2.05135791e+03 
 4.68927273e+14  4.47080854e+34  1.26831000e+01  1.15648123e+00  1.12256000e+01  1.12184534e+00  3.51614074e-01  5.54849523e-02  1.32661146e-01  1.99869380e+03 
 4.69501617e+14  4.50348080e+34  1.26931000e+01  1.16303043e+00  1.12436000e+01  1.12844884e+00  3.52371427e-01  5.50931619e-02  1.32401476e-01  1.94690307e+03 
 4.70075962e+14  4.53677810e+34  1.27041000e+01  1.16967824e+00  1.12616000e+01  1.13512346e+00  3.53088469e-01  5.47431011e-02  1.32150192e-01  1.89680917e+03 
 4.70650306e+14  4.57067967e+34  1.27151000e+01  1.17641979e+00  1.12796000e+01  1.14186605e+00  3.53819577e-01  5.44318718e-02  1.31958870e-01  1.84839274e+03 
 4.71224650e+14  4.60458123e+34  1.27261000e+01  1.18313421e+00  1.12976000e+01  1.14860731e+00  3.54540627e-01  5.40864611e-02  1.31699743e-01  1.80077685e+03 
 4.71798995e+14  4.63848279e+34  1.27371000e+01  1.18982156e+00  1.13156000e+01  1.15534660e+00  3.55251736e-01  5.37084691e-02  1.31434068e-01  1.75476903e+03 
 4.72373339e+14  4.67238436e+34  1.27481000e+01  1.19648182e+00  1.13336000e+01  1.16208385e+00  3.55952989e-01  5.32985039e-02  1.31162016e-01  1.71030379e+03 
 4.72947684e+14  4.70628592e+34  1.27581000e+01  1.20311498e+00  1.13516000e+01  1.16881912e+00  3.56700377e-01  5.28568907e-02  1.30935054e-01  1.66731880e+03 
 4.73522028e+14  4.74018748e+34  1.27691000e+01  1.20972102e+00  1.13696000e+01  1.17555269e+00  3.57382177e-01  5.23835631e-02  1.30650550e-01  1.62575437e+03 
 4.74096372e+14  4.77514028e+34  1.27801000e+01  1.21650393e+00  1.13876000e+01  1.18240348e+00  3.58094249e-01  5.19955939e-02  1.30368488e-01  1.58432652e+03 
 4.74670717e+14  4.81030173e+34  1.27901000e+01  1.22329925e+00  1.14046000e+01  1.18911538e+00  3.58860381e-01  5.18327450e-02  1.30072556e-01  1.54333501e+03 
 4.75245061e+14  4.84546319e+34  1.28011000e+01  1.23006644e+00  1.14226000e+01  1.19598436e+00  3.59560538e-01  5.14034168e-02  1.29839918e-01  1.50511682e+03 
 4.75819406e+14  4.88062464e+34  1.28121000e+01  1.23680546e+00  1.14406000e+01  1.20285111e+00  3.60250829e-01  5.09422781e-02  1.29541169e-01  1.46747539e+03 
 4.76393750e+14  4.91578609e+34  1.28221000e+01  1.24351637e+00  1.14576000e+01  1.20955335e+00  3.60987680e-01  5.06837190e-02  1.29227266e-01  1.43041086e+03 
 4.76968094e+14  4.95094755e+34  1.28331000e+01  1.25019914e+00  1.14746000e+01  1.21625231e+00  3.61658576e-01  5.03933860e-02  1.28976870e-01  1.39586086e+03 
 4.77542439e+14  4.98627373e+34  1.28431000e+01  1.25688498e+00  1.14916000e+01  1.22296550e+00  3.62382312e-01  5.00901935e-02  1.28652825e-01  1.36100384e+03 
 4.78116783e+14  5.02272573e+34  1.28541000e+01  1.26375478e+00  1.15096000e+01  1.22996405e+00  3.63080786e-01  4.96391663e-02  1.28340154e-01  1.32686047e+03 
 4.78691128e+14  5.05917773e+34  1.28651000e+01  1.27059538e+00  1.15266000e+01  1.23679564e+00  3.63769350e-01  4.93885156e-02  1.28081237e-01  1.29444428e+03 
 4.79265472e+14  5.09562973e+34  1.28761000e+01  1.27740684e+00  1.15446000e+01  1.24378721e+00  3.64448105e-01  4.88760523e-02  1.27757445e-01  1.26249630e+03 
 4.79839816e+14  5.13208172e+34  1.28861000e+01  1.28418913e+00  1.15616000e+01  1.25061113e+00  3.65173793e-01  4.85635489e-02  1.27477848e-01  1.23158852e+03 
 4.80414161e+14  5.16853372e+34  1.28971000e+01  1.29094232e+00  1.15786000e+01  1.25743071e+00  3.65833205e-01  4.82209143e-02  1.27143527e-01  1.20167983e+03 
 4.80988505e+14  5.20498572e+34  1.29071000e+01  1.29766643e+00  1.15956000e+01  1.26424603e+00  3.66539843e-01  4.78485451e-02  1.26853398e-01  1.17273126e+03 
 4.81562850e+14  5.24194919e+34  1.29181000e+01  1.30445531e+00  1.16116000e+01  1.27094702e+00  3.67197944e-01  4.77243337e-02  1.26511858e-01  1.14431820e+03 
 4.82137194e+14  5.27972242e+34  1.29281000e+01  1.31136287e+00  1.16296000e+01  1.27806406e+00  3.67931276e-01  4.71897026e-02  1.26218455e-01  1.11622140e+03 
 4.82711538e+14  5.31749566e+34  1.29391000e+01  1.31824024e+00  1.16456000e+01  1.28484326e+00  3.68597947e-01  4.70811960e-02  1.25871135e-01  1.08903552e+03 
 4.83285883e+14  5.35526890e+34  1.29491000e+01  1.32508748e+00  1.16626000e+01  1.29178450e+00  3.69311953e-01  4.67141241e-02  1.25567524e-01  1.06272496e+03 
 4.83860227e+14  5.39304213e+34  1.29601000e+01  1.33190461e+00  1.16796000e+01  1.29872104e+00  3.69959342e-01  4.63174648e-02  1.25210633e-01  1.03725549e+03 
 4.84434572e+14  5.43081537e+34  1.29701000e+01  1.33869175e+00  1.16956000e+01  1.30548330e+00  3.70654381e-01  4.61198356e-02  1.24897447e-01  1.01259463e+03 
 4.85008916e+14  5.46858861e+34  1.29801000e+01  1.34544885e+00  1.17126000e+01  1.31240965e+00  3.71340043e-01  4.56654315e-02  1.24521687e-01  9.88251799e+02 
 4.85583261e+14  5.50718873e+34  1.29911000e+01  1.35232314e+00  1.17286000e+01  1.31924945e+00  3.71986451e-01  4.54829763e-02  1.24212743e-01  9.65076551e+02 
 4.86157605e+14  5.54631390e+34  1.30011000e+01  1.35925989e+00  1.17456000e+01  1.32630978e+00  3.72697825e-01  4.50908393e-02  1.23891313e-01  9.41883577e+02 
 4.86731949e+14  5.58543908e+34  1.30121000e+01  1.36616558e+00  1.17616000e+01  1.33319346e+00  3.73342274e-01  4.48956995e-02  1.23517795e-01  9.19428937e+02 
 4.87306294e+14  5.62456425e+34  1.30221000e+01  1.37304017e+00  1.17786000e+01  1.34024274e+00  3.74034556e-01  4.44452608e-02  1.23187407e-01  8.97684264e+02 
 4.87880638e+14  5.66368943e+34  1.30321000e+01  1.37988381e+00  1.17946000e+01  1.34711445e+00  3.74717476e-01  4.41918341e-02  1.22852700e-01  8.76622281e+02 
 4.88454983e+14  5.70281461e+34  1.30421000e+01  1.38669652e+00  1.18106000e+01  1.35397986e+00  3.75391079e-01  4.39098182e-02  1.22456754e-01  8.55818396e+02 
 4.89029327e+14  5.74193978e+34  1.30521000e+01  1.39347837e+00  1.18266000e+01  1.36083894e+00  3.76055444e-01  4.35997218e-02  1.22113909e-01  8.36053980e+02 
 4.89603671e+14  5.78217105e+34  1.30631000e+01  1.40042013e+00  1.18426000e+01  1.36780703e+00  3.76687726e-01  4.33533431e-02  1.21780583e-01  8.16744012e+02 
 4.90178016e+14  5.82267883e+34  1.30731000e+01  1.40737765e+00  1.18586000e+01  1.37479715e+00  3.77376848e-01  4.31008984e-02  1.21433864e-01  7.97531521e+02 
 4.90752360e+14  5.86318662e+34  1.30831000e+01  1.41430319e+00  1.18746000e+01  1.38178044e+00  3.78056533e-01  4.28197775e-02  1.21026678e-01  7.78556609e+02 
 4.91326705e+14  5.90369440e+34  1.30931000e+01  1.42119682e+00  1.18906000e+01  1.38875683e+00  3.78726867e-01  4.25105050e-02  1.20672192e-01  7.60530914e+02 
 4.91901049e+14  5.94420219e+34  1.31041000e+01  1.42805861e+00  1.19066000e+01  1.39572629e+00  3.79330014e-01  4.21735750e-02  1.20324174e-01  7.43407766e+02 
 4.92475393e+14  5.98470998e+34  1.31141000e+01  1.43488865e+00  1.19216000e+01  1.40251370e+00  3.79981819e-01  4.20300869e-02  1.19962338e-01  7.26465092e+02 
 4.93049738e+14  6.02521776e+34  1.31241000e+01  1.44168707e+00  1.19376000e+01  1.40946830e+00  3.80624531e-01  4.16395657e-02  1.19597028e-01  7.10037707e+02 
 4.93624082e+14  6.06706954e+34  1.31341000e+01  1.44867823e+00  1.19536000e+01  1.41655336e+00  3.81298399e-01  4.13249882e-02  1.19231119e-01  6.93585382e+02 
 4.94198427e+14  6.10899054e+34  1.31441000e+01  1.45564810e+00  1.19686000e+01  1.42346162e+00  3.81964954e-01  4.12072855e-02  1.18861789e-01  6.77614879e+02 
 4.94772771e+14  6.15091155e+34  1.31541000e+01  1.46258522e+00  1.19846000e+01  1.43053778e+00  3.82622223e-01  4.08434038e-02  1.18489042e-01  6.62134720e+02 
 4.95347115e+14  6.19283255e+34  1.31641000e+01  1.46948959e+00  1.19996000e+01  1.43742963e+00  3.83270240e-01  4.06704686e-02  1.18112969e-01  6.47126608e+02 
 4.95921460e+14  6.23475356e+34  1.31741000e+01  1.47636139e+00  1.20156000e+01  1.44449024e+00  3.83909130e-01  4.02530952e-02  1.17733733e-01  6.32573029e+02 
 4.96495804e+14  6.27667456e+34  1.31841000e+01  1.48320067e+00  1.20306000e+01  1.45136518e+00  3.84538947e-01  4.00273949e-02  1.17351438e-01  6.18457225e+02 
 4.97070149e+14  6.31868711e+34  1.31931000e+01  1.49002236e+00  1.20456000e+01  1.45824078e+00  3.85220791e-01  3.97820529e-02  1.17010671e-01  6.04733722e+02 
 4.97644493e+14  6.36205185e+34  1.32031000e+01  1.49703000e+00  1.20606000e+01  1.46524294e+00  3.85873850e-01  3.96060012e-02  1.16624216e-01  5.90995479e+02 
 4.98218837e+14  6.40541658e+34  1.32131000e+01  1.50400404e+00  1.20756000e+01  1.47223529e+00  3.86517669e-01  3.94038259e-02  1.16234782e-01  5.77674336e+02 
 4.98793182e+14  6.44878131e+34  1.32231000e+01  1.51094454e+00  1.20906000e+01  1.47921874e+00  3.87152304e-01  3.91747902e-02  1.15842475e-01  5.64754893e+02 
 4.99367526e+14  6.49214604e+34  1.32331000e+01  1.51785159e+00  1.21056000e+01  1.48619331e+00  3.87777838e-01  3.89193231e-02  1.15447417e-01  5.52222405e+02 
 4.99941871e+14  6.53551077e+34  1.32431000e+01  1.52472531e+00  1.21206000e+01  1.49315899e+00  3.88394350e-01  3.86378757e-02  1.15049727e-01  5.40062749e+02 
 5.00516215e+14  6.57887550e+34  1.32521000e+01  1.53156580e+00  1.21356000e+01  1.50011565e+00  3.89060638e-01  3.83310510e-02  1.14692789e-01  5.28262426e+02 
 5.01090559e+14  6.62244058e+34  1.32621000e+01  1.53840459e+00  1.21506000e+01  1.50708204e+00  3.89664869e-01  3.80134529e-02  1.14290132e-01  5.16756281e+02 
 5.01664904e+14  6.66727941e+34  1.32721000e+01  1.54540905e+00  1.21646000e+01  1.51398101e+00  3.90294786e-01  3.79686106e-02  1.13885808e-01  5.05264701e+02 
 5.02239248e+14  6.71211824e+34  1.32811000e+01  1.55237916e+00  1.21796000e+01  1.52105250e+00  3.90974453e-01  3.76829730e-02  1.13521771e-01  4.94115815e+02 
 5.02813593e+14  6.75695708e+34  1.32911000e+01  1.55931503e+00  1.21946000e+01  1.52811446e+00  3.91586239e-01  3.73718092e-02  1.13112480e-01  4.83297125e+02 
 5.03387937e+14  6.80179591e+34  1.33001000e+01  1.56621682e+00  1.22086000e+01  1.53498240e+00  3.92248064e-01  3.72498543e-02  1.12690371e-01  4.72574516e+02 
 5.03962282e+14  6.84663474e+34  1.33101000e+01  1.57308459e+00  1.22236000e+01  1.54202491e+00  3.92842041e-01  3.68885885e-02  1.12329563e-01  4.62603227e+02 
 5.04536626e+14  6.89147357e+34  1.33191000e+01  1.57991853e+00  1.22376000e+01  1.54887264e+00  3.93486312e-01  3.67165009e-02  1.11955796e-01  4.52705638e+02 
 5.05110970e+14  6.93656391e+34  1.33291000e+01  1.58675677e+00  1.22516000e+01  1.55573378e+00  3.94069328e-01  3.65353499e-02  1.11537914e-01  4.43040294e+02 
 5.05685315e+14  6.98290704e+34  1.33381000e+01  1.59375008e+00  1.22666000e+01  1.56288861e+00  3.94735140e-01  3.61939913e-02  1.11159744e-01  4.33395765e+02 
 5.06259659e+14  7.02925017e+34  1.33481000e+01  1.60070844e+00  1.22806000e+01  1.56984694e+00  3.95332831e-01  3.60400560e-02  1.10737804e-01  4.24033697e+02 
 5.06834004e+14  7.07559331e+34  1.33571000e+01  1.60763194e+00  1.22946000e+01  1.57679428e+00  3.95980904e-01  3.58611987e-02  1.10355351e-01  4.14944042e+02 
 5.07408348e+14  7.12193644e+34  1.33661000e+01  1.61452072e+00  1.23086000e+01  1.58373073e+00  3.96620244e-01  3.56577536e-02  1.09918970e-01  4.05925608e+02 
 5.07982692e+14  7.16827957e+34  1.33761000e+01  1.62137491e+00  1.23226000e+01  1.59065630e+00  3.97191523e-01  3.54300983e-02  1.09543357e-01  3.97543560e+02 
 5.08557037e+14  7.21462271e+34  1.33851000e+01  1.62819465e+00  1.23366000e+01  1.59757099e+00  3.97813570e-01  3.51786925e-02  1.09155150e-01  3.89214574e+02 
 5.09131381e+14  7.26120503e+34  1.33941000e+01  1.63501502e+00  1.23506000e+01  1.60449679e+00  3.98433016e-01  3.49176465e-02  1.08765028e-01  3.81080397e+02 
 5.09705726e+14  7.30908245e+34  1.34031000e+01  1.64198954e+00  1.23646000e+01  1.61153047e+00  3.99075802e-01  3.47069530e-02  1.08321196e-01  3.72783076e+02 
 5.10280070e+14  7.35695988e+34  1.34131000e+01  1.64892849e+00  1.23786000e+01  1.61855264e+00  3.99650223e-01  3.44721096e-02  1.07937697e-01  3.65071751e+02 
 5.10854414e+14  7.40483731e+34  1.34221000e+01  1.65583203e+00  1.23916000e+01  1.62537397e+00  4.00275520e-01  3.44222470e-02  1.07541729e-01  3.57409712e+02 
 5.11428759e+14  7.45271473e+34  1.34311000e+01  1.66270033e+00  1.24056000e+01  1.63237268e+00  4.00892229e-01  3.41401817e-02  1.07144165e-01  3.49965234e+02 
 5.12003103e+14  7.50059216e+34  1.34401000e+01  1.66953349e+00  1.24196000e+01  1.63936006e+00  4.01500404e-01  3.38350289e-02  1.06745082e-01  3.42730755e+02 
 5.12577448e+14  7.54846958e+34  1.34491000e+01  1.67633170e+00  1.24326000e+01  1.64614539e+00  4.02100133e-01  3.37150239e-02  1.06344581e-01  3.35699017e+02 
 5.13151792e+14  7.59650441e+34  1.34581000e+01  1.68311725e+00  1.24456000e+01  1.65293278e+00  4.02695174e-01  3.35802775e-02  1.05942579e-01  3.28840892e+02 
 5.13726136e+14  7.64594588e+34  1.34671000e+01  1.69006554e+00  1.24596000e+01  1.66002462e+00  4.03314790e-01  3.32902990e-02  1.05537818e-01  3.21980215e+02 
 5.14300481e+14  7.69538734e+34  1.34761000e+01  1.69697774e+00  1.24726000e+01  1.66691284e+00  4.03925776e-01  3.31837306e-02  1.05131708e-01  3.15313455e+02 
 5.14874825e+14  7.74482880e+34  1.34851000e+01  1.70385405e+00  1.24866000e+01  1.67398033e+00  4.04528230e-01  3.28479018e-02  1.04724354e-01  3.08833905e+02 
 5.15449170e+14  7.79427026e+34  1.34941000e+01  1.71069461e+00  1.24996000e+01  1.68084336e+00  4.05122216e-01  3.26956876e-02  1.04315835e-01  3.02535124e+02 
 5.16023514e+14  7.84371172e+34  1.35031000e+01  1.71749959e+00  1.25126000e+01  1.68769365e+00  4.05707811e-01  3.25210114e-02  1.03906238e-01  2.96410928e+02 
 5.16597858e+14  7.89315318e+34  1.35111000e+01  1.72426914e+00  1.25256000e+01  1.69453125e+00  4.06345241e-01  3.23242597e-02  1.03533957e-01  2.90455396e+02 
