# rhoc (cgs) 	 Pc (cgs) 	 R (km) 	 M (msol) 	 R_core (km) 	 M_core (msol) 	 I/(MR^2) 	 I_crust/(M_crust R_crust^2)/(I/(MR^2)) 	 k_2 	 Lambda 
 2.30000000e+14  3.54600052e+33  1.76421000e+01  2.16472802e-01  8.53860000e+00  1.83185524e-01  1.01172421e-01  3.01703903e-01  1.81595166e-02  6.20022380e+06 
 2.41292604e+14  4.10078076e+33  1.67091000e+01  2.39005628e-01  8.77160000e+00  2.07192683e-01  1.15622166e-01  2.63712649e-01  2.45687622e-02  3.89651465e+06 
 2.52585208e+14  4.71851777e+33  1.59971000e+01  2.63376559e-01  8.99660000e+00  2.32928388e-01  1.29647430e-01  2.30859019e-01  3.16801697e-02  2.48700455e+06 
 2.63877811e+14  5.39921426e+33  1.54491000e+01  2.89413362e-01  9.21160000e+00  2.60191245e-01  1.43092696e-01  2.02884768e-01  3.92358086e-02  1.61500554e+06 
 2.75170415e+14  6.08908765e+33  1.50511000e+01  3.14991059e-01  9.40360000e+00  2.86836235e-01  1.54991051e-01  1.80451438e-01  4.64330971e-02  1.09836354e+06 
 2.86463019e+14  6.09009078e+33  1.50511000e+01  3.15024584e-01  9.40360000e+00  2.86862388e-01  1.54996567e-01  1.80473804e-01  4.64353482e-02  1.09783244e+06 
 2.97755623e+14  6.09109392e+33  1.50501000e+01  3.15053263e-01  9.40360000e+00  2.86884780e-01  1.55021859e-01  1.80492842e-01  4.64526814e-02  1.09737784e+06 
 3.09048227e+14  6.11173602e+33  1.50441000e+01  3.15543439e-01  9.40760000e+00  2.87414778e-01  1.55222218e-01  1.79989598e-01  4.65750975e-02  1.08957577e+06 
 3.20340831e+14  6.14028522e+33  1.50351000e+01  3.16137495e-01  9.41160000e+00  2.88031521e-01  1.55494354e-01  1.79528537e-01  4.67452748e-02  1.08008432e+06 
 3.31633434e+14  6.16799365e+33  1.50281000e+01  3.16629861e-01  9.41460000e+00  2.88536390e-01  1.55703887e-01  1.79186085e-01  4.68740685e-02  1.07216607e+06 
 3.42926038e+14  6.19491273e+33  1.50221000e+01  3.17036536e-01  9.41760000e+00  2.88977236e-01  1.55875027e-01  1.78773083e-01  4.69787147e-02  1.06555576e+06 
 3.54218642e+14  6.22107956e+33  1.50161000e+01  3.17370737e-01  9.41960000e+00  2.89327489e-01  1.56031428e-01  1.78504787e-01  4.70762779e-02  1.06003902e+06 
 3.65511246e+14  6.24654212e+33  1.50121000e+01  3.17643472e-01  9.42060000e+00  2.89595213e-01  1.56133908e-01  1.78390656e-01  4.71365791e-02  1.05544112e+06 
 3.76803850e+14  6.27134515e+33  1.50081000e+01  3.17864039e-01  9.42160000e+00  2.89823525e-01  1.56226049e-01  1.78235349e-01  4.71919604e-02  1.05161793e+06 
 3.88096454e+14  6.29552424e+33  1.50041000e+01  3.18040246e-01  9.42260000e+00  2.90018185e-01  1.56309590e-01  1.78045711e-01  4.72433149e-02  1.04845089e+06 
 3.99389057e+14  6.31910992e+33  1.50021000e+01  3.18178442e-01  9.42360000e+00  2.90183870e-01  1.56344249e-01  1.77827322e-01  4.72598519e-02  1.04584484e+06 
 4.10681661e+14  6.34212535e+33  1.49991000e+01  3.18284230e-01  9.42360000e+00  2.90288396e-01  1.56393789e-01  1.77788468e-01  4.72894463e-02  1.04371760e+06 
 4.21974265e+14  6.36460871e+33  1.49971000e+01  3.18362245e-01  9.42360000e+00  2.90371506e-01  1.56417518e-01  1.77729737e-01  4.73010925e-02  1.04200115e+06 
 4.33266869e+14  6.38658572e+33  1.49951000e+01  3.18416570e-01  9.42360000e+00  2.90436224e-01  1.56437184e-01  1.77654673e-01  4.73110087e-02  1.04063666e+06 
 4.44559473e+14  6.40808022e+33  1.49931000e+01  3.18450342e-01  9.42360000e+00  2.90484881e-01  1.56453466e-01  1.77565942e-01  4.73195388e-02  1.03957894e+06 
 4.55852077e+14  6.42910759e+33  1.49921000e+01  3.18466735e-01  9.42360000e+00  2.90519822e-01  1.56446192e-01  1.77466308e-01  4.73112605e-02  1.03878310e+06 
 4.67144680e+14  6.44969328e+33  1.49911000e+01  3.18468207e-01  9.42260000e+00  2.90506591e-01  1.56436748e-01  1.77561089e-01  4.73022121e-02  1.03821410e+06 
 4.78437284e+14  6.46985929e+33  1.49901000e+01  3.18456759e-01  9.42260000e+00  2.90519291e-01  1.56425547e-01  1.77445316e-01  4.72925958e-02  1.03784341e+06 
 4.89729888e+14  6.48962356e+33  1.49891000e+01  3.18434357e-01  9.42160000e+00  2.90486801e-01  1.56413001e-01  1.77527232e-01  4.72826180e-02  1.03764330e+06 
 5.01022492e+14  6.50900101e+33  1.49881000e+01  3.18402496e-01  9.42060000e+00  2.90446544e-01  1.56399413e-01  1.77604739e-01  4.72724246e-02  1.03759256e+06 
 5.12315096e+14  6.52800354e+33  1.49871000e+01  3.18362686e-01  9.42060000e+00  2.90435944e-01  1.56385097e-01  1.77475698e-01  4.72621707e-02  1.03767002e+06 
 5.23607700e+14  6.54665220e+33  1.49871000e+01  3.18316146e-01  9.41960000e+00  2.90383359e-01  1.56349414e-01  1.77547718e-01  4.72361995e-02  1.03785819e+06 
 5.34900303e+14  6.56496084e+33  1.49871000e+01  3.18263777e-01  9.41860000e+00  2.90325767e-01  1.56313403e-01  1.77618138e-01  4.72103587e-02  1.03814410e+06 
 5.46192907e+14  6.58294247e+33  1.49861000e+01  3.18206429e-01  9.41860000e+00  2.90300087e-01  1.56298078e-01  1.77484195e-01  4.72004642e-02  1.03851561e+06 
 5.57485511e+14  6.60060457e+33  1.49861000e+01  3.18145146e-01  9.41760000e+00  2.90234579e-01  1.56261928e-01  1.77553433e-01  4.71751171e-02  1.03895800e+06 
 5.68778115e+14  6.61796223e+33  1.49861000e+01  3.18080444e-01  9.41660000e+00  2.90165920e-01  1.56225890e-01  1.77622826e-01  4.71500975e-02  1.03946354e+06 
 5.80070719e+14  6.63502813e+33  1.49861000e+01  3.18012977e-01  9.41560000e+00  2.90094616e-01  1.56190076e-01  1.77692822e-01  4.71254528e-02  1.04002273e+06 
 5.91363322e+14  6.65181258e+33  1.49861000e+01  3.17943239e-01  9.41460000e+00  2.90021057e-01  1.56154565e-01  1.77763743e-01  4.71012124e-02  1.04062828e+06 
 6.02655926e+14  6.66832405e+33  1.49861000e+01  3.17871629e-01  9.41360000e+00  2.89945561e-01  1.56119413e-01  1.77835814e-01  4.70773965e-02  1.04127420e+06 
 6.13948530e+14  6.68456903e+33  1.49861000e+01  3.17798659e-01  9.41360000e+00  2.89904753e-01  1.56084710e-01  1.77705913e-01  4.70540433e-02  1.04195306e+06 
 6.25241134e+14  6.70056073e+33  1.49861000e+01  3.17724591e-01  9.41260000e+00  2.89826397e-01  1.56050479e-01  1.77781075e-01  4.70311526e-02  1.04266066e+06 
 6.36533738e+14  6.71630747e+33  1.49861000e+01  3.17649769e-01  9.41160000e+00  2.89746995e-01  1.56016768e-01  1.77858060e-01  4.70087417e-02  1.04339179e+06 
 6.47826342e+14  6.73181718e+33  1.49861000e+01  3.17574416e-01  9.41060000e+00  2.89666733e-01  1.55983598e-01  1.77936953e-01  4.69868113e-02  1.04414291e+06 
 6.59118945e+14  6.74709393e+33  1.49871000e+01  3.17498720e-01  9.40960000e+00  2.89585768e-01  1.55930175e-01  1.78017833e-01  4.69496954e-02  1.04491097e+06 
 6.70411549e+14  6.76214724e+33  1.49871000e+01  3.17423088e-01  9.40860000e+00  2.89504418e-01  1.55898194e-01  1.78100980e-01  4.69287638e-02  1.04569001e+06 
 6.81704153e+14  6.77698529e+33  1.49871000e+01  3.17347466e-01  9.40860000e+00  2.89458855e-01  1.55866797e-01  1.77982628e-01  4.69083098e-02  1.04648019e+06 
 6.92996757e+14  6.79161458e+33  1.49871000e+01  3.17272147e-01  9.40760000e+00  2.89376931e-01  1.55836027e-01  1.78070126e-01  4.68883497e-02  1.04727712e+06 
 7.04289361e+14  6.80604046e+33  1.49881000e+01  3.17197035e-01  9.40660000e+00  2.89294785e-01  1.55785043e-01  1.78159718e-01  4.68532147e-02  1.04808158e+06 
 7.15581965e+14  6.82026649e+33  1.49881000e+01  3.17122555e-01  9.40560000e+00  2.89212738e-01  1.55755516e-01  1.78251764e-01  4.68342190e-02  1.04888751e+06 
 7.26874568e+14  6.83430176e+33  1.49881000e+01  3.17048653e-01  9.40460000e+00  2.89130772e-01  1.55726610e-01  1.78346096e-01  4.68156924e-02  1.04969512e+06 
 7.38167172e+14  6.84815167e+33  1.49891000e+01  3.16975342e-01  9.40460000e+00  2.89085077e-01  1.55677530e-01  1.78238930e-01  4.67820084e-02  1.05050381e+06 
 7.49459776e+14  6.86182141e+33  1.49891000e+01  3.16902968e-01  9.40360000e+00  2.89003590e-01  1.55649897e-01  1.78337921e-01  4.67644225e-02  1.05130857e+06 
 7.60752380e+14  6.87531348e+33  1.49891000e+01  3.16831114e-01  9.40260000e+00  2.88922184e-01  1.55622807e-01  1.78438932e-01  4.67472456e-02  1.05211465e+06 
 7.72044984e+14  6.88863403e+33  1.49901000e+01  3.16760369e-01  9.40260000e+00  2.88877442e-01  1.55575628e-01  1.78338713e-01  4.67149563e-02  1.05291369e+06 
 7.83337588e+14  6.90178884e+33  1.49901000e+01  3.16690456e-01  9.40160000e+00  2.88796898e-01  1.55549796e-01  1.78444359e-01  4.66986784e-02  1.05370913e+06 
 7.94630191e+14  6.91478227e+33  1.49901000e+01  3.16621380e-01  9.40060000e+00  2.88716705e-01  1.55524531e-01  1.78552136e-01  4.66828070e-02  1.05450053e+06 
 8.05922795e+14  6.92761805e+33  1.49911000e+01  3.16553189e-01  9.39960000e+00  2.88636907e-01  1.55479081e-01  1.78662021e-01  4.66517706e-02  1.05528692e+06 
 8.17215399e+14  6.94029794e+33  1.49911000e+01  3.16486273e-01  9.39960000e+00  2.88593926e-01  1.55455029e-01  1.78570527e-01  4.66367454e-02  1.05606277e+06 
 8.28508003e+14  6.95282868e+33  1.49911000e+01  3.16420128e-01  9.39860000e+00  2.88515160e-01  1.55431480e-01  1.78684700e-01  4.66220784e-02  1.05683455e+06 
 8.39800607e+14  6.96521398e+33  1.49921000e+01  3.16355155e-01  9.39860000e+00  2.88473135e-01  1.55387788e-01  1.78597286e-01  4.65922704e-02  1.05759655e+06 
 8.51093210e+14  6.97745742e+33  1.49921000e+01  3.16290933e-01  9.39760000e+00  2.88395349e-01  1.55365304e-01  1.78715424e-01  4.65783437e-02  1.05835425e+06 
 8.62385814e+14  6.98956070e+33  1.49931000e+01  3.16227959e-01  9.39660000e+00  2.88318269e-01  1.55322680e-01  1.78835779e-01  4.65492806e-02  1.05910061e+06 
 8.73678418e+14  7.00152783e+33  1.49931000e+01  3.16166034e-01  9.39660000e+00  2.88277860e-01  1.55301304e-01  1.78754248e-01  4.65361047e-02  1.05983813e+06 
 8.84971022e+14  7.01336317e+33  1.49931000e+01  3.16105097e-01  9.39560000e+00  2.88201896e-01  1.55280424e-01  1.78878428e-01  4.65232650e-02  1.06056737e+06 
 8.96263626e+14  7.02506979e+33  1.49941000e+01  3.16045150e-01  9.39560000e+00  2.88162562e-01  1.55239316e-01  1.78800556e-01  4.64952435e-02  1.06128803e+06 
 9.07556230e+14  7.03665052e+33  1.49941000e+01  3.15986199e-01  9.39460000e+00  2.88087707e-01  1.55219397e-01  1.78928348e-01  4.64830552e-02  1.06199992e+06 
 9.18848833e+14  7.04810595e+33  1.49951000e+01  3.15928313e-01  9.39360000e+00  2.88013464e-01  1.55179261e-01  1.79057990e-01  4.64556937e-02  1.06270180e+06 
 9.30141437e+14  7.05944137e+33  1.49951000e+01  3.15871644e-01  9.39360000e+00  2.87976032e-01  1.55160342e-01  1.78985640e-01  4.64441661e-02  1.06339147e+06 
 9.41434041e+14  7.07065944e+33  1.49951000e+01  3.15815712e-01  9.39260000e+00  2.87902914e-01  1.55141803e-01  1.79118669e-01  4.64328987e-02  1.06407526e+06 
 9.52726645e+14  7.08176273e+33  1.49961000e+01  3.15760745e-01  9.39260000e+00  2.87866431e-01  1.55103006e-01  1.79049355e-01  4.64064400e-02  1.06474984e+06 
 9.64019249e+14  7.09275255e+33  1.49961000e+01  3.15707046e-01  9.39160000e+00  2.87794664e-01  1.55085402e-01  1.79185924e-01  4.63957831e-02  1.06541094e+06 
 9.75311853e+14  7.10363141e+33  1.49961000e+01  3.15653974e-01  9.39160000e+00  2.87759289e-01  1.55068128e-01  1.79119749e-01  4.63853526e-02  1.06606718e+06 
 9.86604456e+14  7.11440282e+33  1.49971000e+01  3.15602201e-01  9.39060000e+00  2.87688673e-01  1.55030667e-01  1.79259431e-01  4.63597739e-02  1.06670912e+06 
 9.97897060e+14  7.12506902e+33  1.49971000e+01  3.15551134e-01  9.39060000e+00  2.87654509e-01  1.55014223e-01  1.79196383e-01  4.63498848e-02  1.06734483e+06 
 1.00918966e+15  7.13563220e+33  1.49981000e+01  3.15501081e-01  9.38960000e+00  2.87584915e-01  1.54977516e-01  1.79338891e-01  4.63248095e-02  1.06796984e+06 
 1.02048227e+15  7.14609245e+33  1.49981000e+01  3.15452061e-01  9.38960000e+00  2.87552012e-01  1.54961888e-01  1.79278918e-01  4.63154460e-02  1.06858385e+06 
 1.03177487e+15  7.15645382e+33  1.49981000e+01  3.15403766e-01  9.38860000e+00  2.87483484e-01  1.54946581e-01  1.79424215e-01  4.63062943e-02  1.06919091e+06 
 1.04306748e+15  7.16671839e+33  1.49991000e+01  3.15356366e-01  9.38860000e+00  2.87451552e-01  1.54910972e-01  1.79366793e-01  4.62819413e-02  1.06978853e+06 
 1.05436008e+15  7.17688806e+33  1.49991000e+01  3.15309977e-01  9.38860000e+00  2.87420248e-01  1.54896408e-01  1.79310854e-01  4.62732658e-02  1.07037504e+06 
 1.06565268e+15  7.18696393e+33  1.49991000e+01  3.15264441e-01  9.38760000e+00  2.87353444e-01  1.54882182e-01  1.79460245e-01  4.62648074e-02  1.07095246e+06 
 1.07694529e+15  7.19694747e+33  1.50001000e+01  3.15219747e-01  9.38760000e+00  2.87323188e-01  1.54847636e-01  1.79406824e-01  4.62411420e-02  1.07152084e+06 
 1.08823789e+15  7.20684161e+33  1.50001000e+01  3.15175838e-01  9.38660000e+00  2.87257393e-01  1.54834052e-01  1.79558676e-01  4.62330961e-02  1.07208087e+06 
 1.09953049e+15  7.21664805e+33  1.50001000e+01  3.15132670e-01  9.38660000e+00  2.87228079e-01  1.54820764e-01  1.79507551e-01  4.62252402e-02  1.07263307e+06 
 1.11082310e+15  7.22636844e+33  1.50011000e+01  3.15090322e-01  9.38660000e+00  2.87199277e-01  1.54787144e-01  1.79457598e-01  4.62021757e-02  1.07317616e+06 
 1.12211570e+15  7.23600291e+33  1.50011000e+01  3.15048803e-01  9.38560000e+00  2.87134987e-01  1.54774477e-01  1.79612940e-01  4.61947134e-02  1.07371005e+06 
 1.13340831e+15  7.24555427e+33  1.50011000e+01  3.15008093e-01  9.38560000e+00  2.87107224e-01  1.54762109e-01  1.79565313e-01  4.61874394e-02  1.07423486e+06 
 1.14470091e+15  7.25502431e+33  1.50021000e+01  3.14968135e-01  9.38460000e+00  2.87043925e-01  1.54729390e-01  1.79722890e-01  4.61649518e-02  1.07475123e+06 
 1.15599351e+15  7.26441452e+33  1.50021000e+01  3.14928918e-01  9.38460000e+00  2.87017111e-01  1.54717580e-01  1.79677368e-01  4.61580310e-02  1.07525936e+06 
 1.16728612e+15  7.27372585e+33  1.50021000e+01  3.14890434e-01  9.38460000e+00  2.86990758e-01  1.54706039e-01  1.79632881e-01  4.61512785e-02  1.07575918e+06 
 1.17857872e+15  7.28295902e+33  1.50031000e+01  3.14852718e-01  9.38360000e+00  2.86928897e-01  1.54674151e-01  1.79793604e-01  4.61293198e-02  1.07625013e+06 
 1.18987133e+15  7.29211657e+33  1.50031000e+01  3.14815721e-01  9.38360000e+00  2.86903503e-01  1.54663147e-01  1.79751148e-01  4.61229033e-02  1.07673288e+06 
 1.20116393e+15  7.30119983e+33  1.50031000e+01  3.14779390e-01  9.38360000e+00  2.86878529e-01  1.54652385e-01  1.79709624e-01  4.61166380e-02  1.07720806e+06 
 1.21245653e+15  7.31021007e+33  1.50031000e+01  3.14743663e-01  9.38260000e+00  2.86817944e-01  1.54641848e-01  1.79873152e-01  4.61105141e-02  1.07767644e+06 
 1.22374914e+15  7.31914747e+33  1.50041000e+01  3.14708602e-01  9.38260000e+00  2.86793787e-01  1.54610935e-01  1.79833367e-01  4.60891750e-02  1.07813711e+06 
 1.23504174e+15  7.32801393e+33  1.50041000e+01  3.14674188e-01  9.38260000e+00  2.86770043e-01  1.54600867e-01  1.79794482e-01  4.60833433e-02  1.07859029e+06 
 1.24633434e+15  7.33681106e+33  1.50041000e+01  3.14640408e-01  9.38160000e+00  2.86710719e-01  1.54591022e-01  1.79960679e-01  4.60776503e-02  1.07903609e+06 
 1.25762695e+15  7.34554002e+33  1.50051000e+01  3.14607250e-01  9.38160000e+00  2.86687794e-01  1.54560791e-01  1.79923452e-01  4.60567408e-02  1.07947457e+06 
 1.26891955e+15  7.35420173e+33  1.50051000e+01  3.14574704e-01  9.38160000e+00  2.86665260e-01  1.54551380e-01  1.79887075e-01  4.60513169e-02  1.07990591e+06 
 1.28021216e+15  7.36279632e+33  1.50051000e+01  3.14542923e-01  9.38160000e+00  2.86643233e-01  1.54542219e-01  1.79851656e-01  4.60460433e-02  1.08032786e+06 
 1.29150476e+15  7.37132606e+33  1.50051000e+01  3.14511552e-01  9.38060000e+00  2.86585488e-01  1.54533216e-01  1.80021073e-01  4.60408702e-02  1.08074532e+06 
 1.30279736e+15  7.37979200e+33  1.50061000e+01  3.14480758e-01  9.38060000e+00  2.86564097e-01  1.54503815e-01  1.79986997e-01  4.60204811e-02  1.08115592e+06 
 1.31408997e+15  7.38819515e+33  1.50061000e+01  3.14450526e-01  9.38060000e+00  2.86543072e-01  1.54495205e-01  1.79953672e-01  4.60155495e-02  1.08155983e+06 
 1.32538257e+15  7.39653575e+33  1.50061000e+01  3.14420848e-01  9.38060000e+00  2.86522409e-01  1.54486782e-01  1.79921071e-01  4.60107330e-02  1.08195709e+06 
 1.33667518e+15  7.40481501e+33  1.50061000e+01  3.14391855e-01  9.37960000e+00  2.86466238e-01  1.54478580e-01  1.80093574e-01  4.60060487e-02  1.08234586e+06 
 1.34796778e+15  7.41303442e+33  1.50071000e+01  3.14363240e-01  9.37960000e+00  2.86446276e-01  1.54449930e-01  1.80062337e-01  4.59861271e-02  1.08273037e+06 
 1.35926038e+15  7.42119490e+33  1.50071000e+01  3.14335143e-01  9.37960000e+00  2.86426653e-01  1.54442043e-01  1.80031778e-01  4.59816383e-02  1.08310861e+06 
 1.37055299e+15  7.42929734e+33  1.50071000e+01  3.14307557e-01  9.37960000e+00  2.86407366e-01  1.54434327e-01  1.80001881e-01  4.59772533e-02  1.08348067e+06 
 1.38184559e+15  7.44247522e+33  1.50081000e+01  3.14263207e-01  9.37860000e+00  2.86340364e-01  1.54401395e-01  1.80158267e-01  4.59549317e-02  1.08408015e+06 
 1.39313819e+15  7.47440251e+33  1.50091000e+01  3.14152549e-01  9.37760000e+00  2.86226825e-01  1.54350191e-01  1.80243755e-01  4.59223026e-02  1.08558129e+06 
 1.40443080e+15  7.60342416e+33  1.50131000e+01  3.13647124e-01  9.37360000e+00  2.85728445e-01  1.54128544e-01  1.80519787e-01  4.57825196e-02  1.09247979e+06 
 1.41572340e+15  7.87470567e+33  1.50251000e+01  3.12309617e-01  9.36160000e+00  2.84365661e-01  1.53505867e-01  1.81509281e-01  4.53864690e-02  1.11084853e+06 
 1.42701601e+15  8.15338219e+33  1.50401000e+01  3.10672225e-01  9.34660000e+00  2.82700120e-01  1.52723241e-01  1.82723568e-01  4.48881396e-02  1.13355204e+06 
 1.43830861e+15  8.43961487e+33  1.50551000e+01  3.08813991e-01  9.32960000e+00  2.80826592e-01  1.51861021e-01  1.84029394e-01  4.43439767e-02  1.15967528e+06 
 1.44960121e+15  8.73345116e+33  1.50731000e+01  3.06788521e-01  9.31060000e+00  2.78784800e-01  1.50872579e-01  1.85477697e-01  4.37184860e-02  1.18864144e+06 
 1.46089382e+15  9.03502835e+33  1.50901000e+01  3.04633228e-01  9.28960000e+00  2.76602679e-01  1.49848373e-01  1.87104898e-01  4.30767908e-02  1.22007337e+06 
 1.47218642e+15  9.34448499e+33  1.51091000e+01  3.02375622e-01  9.26760000e+00  2.74336186e-01  1.48735957e-01  1.88730977e-01  4.23807254e-02  1.25370648e+06 
 1.48347902e+15  9.66209423e+33  1.51281000e+01  3.00034450e-01  9.24460000e+00  2.71999473e-01  1.47580181e-01  1.90372496e-01  4.16626565e-02  1.28938214e+06 
 1.49477163e+15  9.98790432e+33  1.51471000e+01  2.97625878e-01  9.21960000e+00  2.69570061e-01  1.46385224e-01  1.92251823e-01  4.09255774e-02  1.32695810e+06 
 1.50606423e+15  1.03220221e+34  1.51661000e+01  2.95160447e-01  9.19360000e+00  2.67091342e-01  1.45153781e-01  1.94170506e-01  4.01716643e-02  1.36636579e+06 
 1.51735684e+15  1.06645909e+34  1.51851000e+01  2.92647766e-01  9.16760000e+00  2.64605370e-01  1.43888208e-01  1.95926408e-01  3.94028778e-02  1.40753285e+06 
 1.52864944e+15  1.10157682e+34  1.52051000e+01  2.90094613e-01  9.13960000e+00  2.62048935e-01  1.42571337e-01  1.97941810e-01  3.86080634e-02  1.45042235e+06 
 1.53994204e+15  1.13758566e+34  1.52241000e+01  2.87505348e-01  9.11060000e+00  2.59460699e-01  1.41241690e-01  2.00008972e-01  3.78140097e-02  1.49502899e+06 
 1.55123465e+15  1.17448391e+34  1.52431000e+01  2.84885831e-01  9.08160000e+00  2.56879404e-01  1.39881730e-01  2.01919974e-01  3.70092087e-02  1.54131153e+06 
 1.56252725e+15  1.21228643e+34  1.52621000e+01  2.82240286e-01  9.05060000e+00  2.54241339e-01  1.38492321e-01  2.04097829e-01  3.61948159e-02  1.58924630e+06 
 1.57381986e+15  1.25100816e+34  1.52811000e+01  2.79572091e-01  9.01960000e+00  2.51617105e-01  1.37074076e-01  2.06119186e-01  3.53718609e-02  1.63881640e+06 
 1.58511246e+15  1.29066920e+34  1.53001000e+01  2.76884265e-01  8.98760000e+00  2.48976150e-01  1.35627458e-01  2.08194476e-01  3.45412918e-02  1.69000084e+06 
 1.59640506e+15  1.33129414e+34  1.53181000e+01  2.74178607e-01  8.95460000e+00  2.46320856e-01  1.34170064e-01  2.10321017e-01  3.37148733e-02  1.74279612e+06 
 1.60769767e+15  1.37288440e+34  1.53361000e+01  2.71458663e-01  8.92060000e+00  2.43654659e-01  1.32684720e-01  2.12498897e-01  3.28821737e-02  1.79715290e+06 
 1.61899027e+15  1.41545542e+34  1.53541000e+01  2.68728120e-01  8.88560000e+00  2.40981195e-01  1.31172093e-01  2.14727710e-01  3.20442593e-02  1.85299765e+06 
 1.63028287e+15  1.45902273e+34  1.53711000e+01  2.65988875e-01  8.84960000e+00  2.38302854e-01  1.29649266e-01  2.17004820e-01  3.12121369e-02  1.91028980e+06 
 1.64157548e+15  1.50360918e+34  1.53871000e+01  2.63240787e-01  8.81360000e+00  2.35652455e-01  1.28115163e-01  2.19107626e-01  3.03855214e-02  1.96903326e+06 
 1.65286808e+15  1.54923682e+34  1.54031000e+01  2.60489801e-01  8.77560000e+00  2.32971479e-01  1.26553902e-01  2.21470486e-01  2.95552935e-02  2.02904046e+06 
 1.66416069e+15  1.59590861e+34  1.54171000e+01  2.57736453e-01  8.73760000e+00  2.30324506e-01  1.24997932e-01  2.23654709e-01  2.87409046e-02  2.09027305e+06 
 1.67545329e+15  1.64364056e+34  1.54311000e+01  2.54982100e-01  8.69860000e+00  2.27681802e-01  1.23414024e-01  2.25872861e-01  2.79234399e-02  2.15264919e+06 
 1.68674589e+15  1.69244879e+34  1.54441000e+01  2.52232091e-01  8.65860000e+00  2.25048080e-01  1.21819183e-01  2.28125818e-01  2.71130107e-02  2.21593722e+06 
 1.69803850e+15  1.74235648e+34  1.54561000e+01  2.49486781e-01  8.61760000e+00  2.22424725e-01  1.20212513e-01  2.30407271e-01  2.63094871e-02  2.28004101e+06 
 1.70933110e+15  1.79338776e+34  1.54661000e+01  2.46748148e-01  8.57560000e+00  2.19814212e-01  1.18608927e-01  2.32712808e-01  2.55212149e-02  2.34479181e+06 
 1.72062371e+15  1.84554484e+34  1.54751000e+01  2.44019604e-01  8.53360000e+00  2.17249522e-01  1.16992947e-01  2.34818921e-01  2.47398755e-02  2.40995883e+06 
 1.73191631e+15  1.89884427e+34  1.54821000e+01  2.41303580e-01  8.48960000e+00  2.14673470e-01  1.15379374e-01  2.37165777e-01  2.39734761e-02  2.47531176e+06 
 1.74320891e+15  1.95330271e+34  1.54871000e+01  2.38603656e-01  8.44560000e+00  2.12148668e-01  1.13767832e-01  2.39306191e-01  2.32216938e-02  2.54054747e+06 
 1.75450152e+15  2.00894053e+34  1.54911000e+01  2.35920437e-01  8.40060000e+00  2.09646751e-01  1.12142609e-01  2.41455760e-01  2.24766242e-02  2.60545111e+06 
 1.76579412e+15  2.06579012e+34  1.54921000e+01  2.33257329e-01  8.35460000e+00  2.07171068e-01  1.10532364e-01  2.43611060e-01  2.17526693e-02  2.66965967e+06 
 1.77708672e+15  2.12384983e+34  1.54911000e+01  2.30617291e-01  8.30860000e+00  2.04752506e-01  1.08922301e-01  2.45544027e-01  2.10422171e-02  2.73282504e+06 
 1.78837933e+15  2.18313674e+34  1.54871000e+01  2.28003508e-01  8.26160000e+00  2.02365139e-01  1.07326093e-01  2.47476874e-01  2.03516680e-02  2.79454596e+06 
 1.79967193e+15  2.24366804e+34  1.54811000e+01  2.25418574e-01  8.21360000e+00  2.00011464e-01  1.05729191e-01  2.49406262e-01  1.96738223e-02  2.85441894e+06 
 1.81096454e+15  2.30546101e+34  1.54711000e+01  2.22865588e-01  8.16460000e+00  1.97694252e-01  1.04158495e-01  2.51329827e-01  1.90208902e-02  2.91199151e+06 
 1.82225714e+15  2.36855271e+34  1.54581000e+01  2.20346794e-01  8.11460000e+00  1.95415874e-01  1.02599090e-01  2.53242328e-01  1.83854420e-02  2.96680727e+06 
 1.83354974e+15  2.43294530e+34  1.54421000e+01  2.17865904e-01  8.06460000e+00  1.93205795e-01  1.01051031e-01  2.54913478e-01  1.77670968e-02  3.01835493e+06 
 1.84484235e+15  2.49865246e+34  1.54211000e+01  2.15424588e-01  8.01460000e+00  1.91064664e-01  9.95394588e-02  2.56336618e-01  1.71763451e-02  3.06619341e+06 
 1.85613495e+15  2.56569187e+34  1.53971000e+01  2.13029009e-01  7.96360000e+00  1.88969955e-01  9.80388437e-02  2.57746458e-01  1.66012856e-02  3.10964649e+06 
 1.86742755e+15  2.63408128e+34  1.53681000e+01  2.10678808e-01  7.91160000e+00  1.86921957e-01  9.65731806e-02  2.59135428e-01  1.60515979e-02  3.14835200e+06 
 1.87872016e+15  2.70384623e+34  1.53341000e+01  2.08378451e-01  7.85960000e+00  1.84949195e-01  9.51421122e-02  2.60271340e-01  1.55261528e-02  3.18170322e+06 
 1.89001276e+15  2.77501405e+34  1.52961000e+01  2.06131106e-01  7.80660000e+00  1.83028178e-01  9.37327546e-02  2.61386421e-01  1.50188699e-02  3.20916126e+06 
 1.90130537e+15  2.84758617e+34  1.52521000e+01  2.03940503e-01  7.75360000e+00  1.81185871e-01  9.23699935e-02  2.62249009e-01  1.45388997e-02  3.23020968e+06 
 1.91259797e+15  2.91142940e+34  1.52101000e+01  2.02098251e-01  7.70760000e+00  1.79653946e-01  9.12215312e-02  2.62852145e-01  1.41419425e-02  3.24283621e+06 
 1.92389057e+15  2.97188568e+34  1.51671000e+01  2.00427242e-01  7.66460000e+00  1.78277121e-01  9.01854280e-02  2.63309251e-01  1.37900454e-02  3.24984819e+06 
 1.93518318e+15  3.03321464e+34  1.51211000e+01  1.98804999e-01  7.62160000e+00  1.76953817e-01  8.91762388e-02  2.63652407e-01  1.34525643e-02  3.25202505e+06 
 1.94647578e+15  3.09543176e+34  1.50711000e+01  1.97231616e-01  7.57860000e+00  1.75683656e-01  8.82055010e-02  2.63880985e-01  1.31333366e-02  3.24926813e+06 
 1.95776839e+15  3.15854199e+34  1.50171000e+01  1.95705751e-01  7.53560000e+00  1.74465302e-01  8.72724211e-02  2.63991738e-01  1.28314976e-02  3.24159051e+06 
 1.96906099e+15  3.22254576e+34  1.49601000e+01  1.94229749e-01  7.49260000e+00  1.73299499e-01  8.63664119e-02  2.63992124e-01  1.25425697e-02  3.22885575e+06 
 1.98035359e+15  3.28744998e+34  1.48991000e+01  1.92802223e-01  7.44960000e+00  1.72184884e-01  8.54985638e-02  2.63879274e-01  1.22701543e-02  3.21113372e+06 
 1.99164620e+15  3.35326157e+34  1.48341000e+01  1.91428898e-01  7.40760000e+00  1.71146589e-01  8.46715418e-02  2.63429514e-01  1.20145116e-02  3.18818132e+06 
 2.00293880e+15  3.41998743e+34  1.47661000e+01  1.90104756e-01  7.36460000e+00  1.70136049e-01  8.38720110e-02  2.63113196e-01  1.17705457e-02  3.16030568e+06 
 2.01423140e+15  3.48764353e+34  1.46931000e+01  1.88829952e-01  7.32260000e+00  1.69197487e-01  8.31230232e-02  2.62447508e-01  1.15458827e-02  3.12757894e+06 
 2.02552401e+15  3.55623397e+34  1.46171000e+01  1.87606800e-01  7.28060000e+00  1.68309177e-01  8.24034929e-02  2.61684338e-01  1.13326131e-02  3.09002255e+06 
 2.03681661e+15  3.62575951e+34  1.45381000e+01  1.86439576e-01  7.23860000e+00  1.67472856e-01  8.17163386e-02  2.60841899e-01  1.11312635e-02  3.04761831e+06 
 2.04810922e+15  3.69622707e+34  1.44551000e+01  1.85319997e-01  7.19660000e+00  1.66683334e-01  8.10696067e-02  2.59896514e-01  1.09443826e-02  3.00091524e+06 
 2.05940182e+15  3.76764353e+34  1.43681000e+01  1.84259758e-01  7.15560000e+00  1.65967454e-01  8.04699691e-02  2.58646657e-01  1.07734825e-02  2.94963800e+06 
 2.07069442e+15  3.84001579e+34  1.42781000e+01  1.83249180e-01  7.11460000e+00  1.65297870e-01  7.99024672e-02  2.57308411e-01  1.06133804e-02  2.89443640e+06 
 2.08198703e+15  3.91335619e+34  1.41841000e+01  1.82292221e-01  7.07360000e+00  1.64676273e-01  7.93813854e-02  2.55900207e-01  1.04683697e-02  2.83540873e+06 
 2.09327963e+15  3.98767604e+34  1.40881000e+01  1.81390086e-01  7.03360000e+00  1.64123034e-01  7.88862369e-02  2.54184591e-01  1.03313139e-02  2.77279861e+06 
 2.10457224e+15  4.06297246e+34  1.39881000e+01  1.80540633e-01  6.99360000e+00  1.63615664e-01  7.84398572e-02  2.52407188e-01  1.02094504e-02  2.70700826e+06 
 2.11586484e+15  4.13925232e+34  1.38851000e+01  1.79743906e-01  6.95360000e+00  1.63153671e-01  7.80326169e-02  2.50574684e-01  1.00992963e-02  2.63835773e+06 
 2.12715744e+15  4.21652250e+34  1.37791000e+01  1.79007489e-01  6.91360000e+00  1.62740598e-01  7.76704989e-02  2.48725701e-01  1.00023092e-02  2.56694708e+06 
 2.13845005e+15  4.29478986e+34  1.36711000e+01  1.78318869e-01  6.87460000e+00  1.62388586e-01  7.73369288e-02  2.46566939e-01  9.91318375e-03  2.49351700e+06 
 2.14974265e+15  4.37406126e+34  1.35601000e+01  1.77688094e-01  6.83660000e+00  1.62101841e-01  7.70508674e-02  2.44147798e-01  9.83752895e-03  2.41811647e+06 
 2.16103525e+15  4.45387921e+34  1.34481000e+01  1.77115321e-01  6.79860000e+00  1.61855910e-01  7.67986768e-02  2.41782114e-01  9.77074806e-03  2.34164031e+06 
 2.17232786e+15  4.51320715e+34  1.33641000e+01  1.76728089e-01  6.77160000e+00  1.61718371e-01  7.66434710e-02  2.39816402e-01  9.73000994e-03  2.28482187e+06 
 2.18362046e+15  4.56939850e+34  1.32851000e+01  1.76394650e-01  6.74560000e+00  1.61596375e-01  7.65147284e-02  2.38190062e-01  9.69604258e-03  2.23131037e+06 
 2.19491307e+15  4.62598403e+34  1.32051000e+01  1.76085397e-01  6.72060000e+00  1.61508120e-01  7.64113172e-02  2.36359402e-01  9.66910625e-03  2.17794285e+06 
 2.20620567e+15  4.68296431e+34  1.31261000e+01  1.75801844e-01  6.69560000e+00  1.61435597e-01  7.63116453e-02  2.34585396e-01  9.64229671e-03  2.12476195e+06 
 2.21749827e+15  4.74033989e+34  1.30461000e+01  1.75540976e-01  6.67160000e+00  1.61395393e-01  7.62375380e-02  2.32606395e-01  9.62254908e-03  2.07190333e+06 
 2.22879088e+15  4.79811132e+34  1.29661000e+01  1.75305261e-01  6.64760000e+00  1.61370260e-01  7.61795935e-02  2.30688733e-01  9.60680526e-03  2.01938649e+06 
 2.24008348e+15  4.85628430e+34  1.28861000e+01  1.75098238e-01  6.62460000e+00  1.61379949e-01  7.61407183e-02  2.28603145e-01  9.59588005e-03  1.96721488e+06 
 2.25137609e+15  4.91485474e+34  1.28061000e+01  1.74906516e-01  6.60060000e+00  1.61381471e-01  7.61126182e-02  2.26787130e-01  9.58742653e-03  1.91568868e+06 
 2.26266869e+15  4.97382264e+34  1.27261000e+01  1.74742442e-01  6.57760000e+00  1.61416862e-01  7.61041814e-02  2.24806256e-01  9.58396201e-03  1.86465340e+06 
 2.27396129e+15  5.03318852e+34  1.26471000e+01  1.74600956e-01  6.55560000e+00  1.61483102e-01  7.61005782e-02  2.22638337e-01  9.58091179e-03  1.81424903e+06 
 2.28525390e+15  5.09295292e+34  1.25671000e+01  1.74477929e-01  6.53360000e+00  1.61560234e-01  7.61234887e-02  2.20515533e-01  9.58517209e-03  1.76457923e+06 
 2.29654650e+15  5.15311635e+34  1.24881000e+01  1.74376244e-01  6.51160000e+00  1.61649694e-01  7.61513277e-02  2.18456537e-01  9.58987904e-03  1.71564233e+06 
 2.30783910e+15  5.21367934e+34  1.24091000e+01  1.74294859e-01  6.48960000e+00  1.61750908e-01  7.61959678e-02  2.16459131e-01  9.59878392e-03  1.66748957e+06 
 2.31913171e+15  5.27464623e+34  1.23301000e+01  1.74230618e-01  6.46860000e+00  1.61879381e-01  7.62556202e-02  2.14257950e-01  9.61137940e-03  1.62018536e+06 
 2.33042431e+15  5.33601537e+34  1.22511000e+01  1.74186934e-01  6.44760000e+00  1.62019458e-01  7.63333465e-02  2.12126105e-01  9.62856325e-03  1.57371983e+06 
 2.34171692e+15  5.39778558e+34  1.21731000e+01  1.74166693e-01  6.42660000e+00  1.62172542e-01  7.64193835e-02  2.10084016e-01  9.64720829e-03  1.52809537e+06 
 2.35300952e+15  5.45995736e+34  1.20961000e+01  1.74156859e-01  6.40660000e+00  1.62348825e-01  7.65042400e-02  2.07809168e-01  9.66455145e-03  1.48345375e+06 
 2.36430212e+15  5.52253120e+34  1.20181000e+01  1.74171636e-01  6.38660000e+00  1.62538417e-01  7.66243884e-02  2.05637917e-01  9.69186196e-03  1.43968510e+06 
 2.37559473e+15  5.58550761e+34  1.19421000e+01  1.74201667e-01  6.36660000e+00  1.62736612e-01  7.67350167e-02  2.03517966e-01  9.71514907e-03  1.39688234e+06 
 2.38688733e+15  5.64888707e+34  1.18651000e+01  1.74246454e-01  6.34660000e+00  1.62943135e-01  7.68744904e-02  2.01448794e-01  9.74656029e-03  1.35505530e+06 
 2.39817993e+15  5.71267073e+34  1.17901000e+01  1.74308648e-01  6.32760000e+00  1.63175671e-01  7.70065073e-02  1.99199949e-01  9.77455941e-03  1.31419054e+06 
 2.40947254e+15  5.77686306e+34  1.17141000e+01  1.74387815e-01  6.30860000e+00  1.63417439e-01  7.71701038e-02  1.97020698e-01  9.81154572e-03  1.27429438e+06 
 2.42076514e+15  5.84145986e+34  1.16401000e+01  1.74483798e-01  6.28960000e+00  1.63668313e-01  7.73262306e-02  1.94913146e-01  9.84513437e-03  1.23537285e+06 
 2.43205775e+15  5.90646162e+34  1.15661000e+01  1.74595890e-01  6.27160000e+00  1.63944003e-01  7.75009979e-02  1.92627740e-01  9.88364688e-03  1.19743027e+06 
 2.44335035e+15  5.97186879e+34  1.14921000e+01  1.74722585e-01  6.25360000e+00  1.64227476e-01  7.76936933e-02  1.90405916e-01  9.92690393e-03  1.16047008e+06 
 2.45464295e+15  6.03768186e+34  1.14191000e+01  1.74859681e-01  6.23560000e+00  1.64516658e-01  7.78876471e-02  1.88222389e-01  9.96964928e-03  1.12449942e+06 
 2.46593556e+15  6.10390127e+34  1.13471000e+01  1.75016343e-01  6.21760000e+00  1.64816057e-01  7.80906732e-02  1.86138950e-01  1.00142753e-02  1.08948007e+06 
 2.47722816e+15  6.17052750e+34  1.12761000e+01  1.75183535e-01  6.20060000e+00  1.65136926e-01  7.82953138e-02  1.83852704e-01  1.00585115e-02  1.05543201e+06 
 2.48852077e+15  6.23756165e+34  1.12051000e+01  1.75367782e-01  6.18360000e+00  1.65466586e-01  7.85212293e-02  1.81655572e-01  1.01086129e-02  1.02232644e+06 
 2.49981337e+15  6.30500793e+34  1.11351000e+01  1.75559939e-01  6.16660000e+00  1.65800562e-01  7.87468275e-02  1.79488050e-01  1.01577495e-02  9.90169134e+05 
 2.51110597e+15  6.37286235e+34  1.10651000e+01  1.75770155e-01  6.14960000e+00  1.66143798e-01  7.89953560e-02  1.77420814e-01  1.02133392e-02  9.58930578e+05 
 2.52239858e+15  6.44112535e+34  1.09971000e+01  1.75993096e-01  6.13360000e+00  1.66509052e-01  7.92338456e-02  1.75175794e-01  1.02648047e-02  9.28606633e+05 
 2.53369118e+15  6.50979738e+34  1.09291000e+01  1.76227410e-01  6.11760000e+00  1.66880113e-01  7.94898477e-02  1.72990605e-01  1.03210804e-02  8.99183326e+05 
 2.54498378e+15  6.57887887e+34  1.08611000e+01  1.76472725e-01  6.10160000e+00  1.67256806e-01  7.97634557e-02  1.70864043e-01  1.03822363e-02  8.70643563e+05 
 2.55627639e+15  6.64837024e+34  1.07951000e+01  1.76730505e-01  6.08560000e+00  1.67639836e-01  8.00267984e-02  1.68807963e-01  1.04392173e-02  8.42969922e+05 
 2.56756899e+15  6.71827194e+34  1.07291000e+01  1.76998799e-01  6.07060000e+00  1.68043317e-01  8.03076455e-02  1.66568662e-01  1.05010921e-02  8.16145726e+05 
 2.57886160e+15  6.78858438e+34  1.06641000e+01  1.77277556e-01  6.05460000e+00  1.68437031e-01  8.05912273e-02  1.64630568e-01  1.05630604e-02  7.90151573e+05 
 2.59015420e+15  6.85931098e+34  1.06001000e+01  1.77566374e-01  6.03960000e+00  1.68850840e-01  8.08771461e-02  1.62509644e-01  1.06250049e-02  7.64968762e+05 
 2.60144680e+15  6.93045097e+34  1.05361000e+01  1.77870750e-01  6.02460000e+00  1.69272358e-01  8.11859817e-02  1.60488336e-01  1.06937030e-02  7.40582139e+05 
 2.61273941e+15  7.00200294e+34  1.04731000e+01  1.78183322e-01  6.01060000e+00  1.69712760e-01  8.14957150e-02  1.58276382e-01  1.07619646e-02  7.16969909e+05 
 2.62403201e+15  7.07396729e+34  1.04111000e+01  1.78503543e-01  5.99560000e+00  1.70142171e-01  8.18057347e-02  1.56349228e-01  1.08295895e-02  6.94111523e+05 
 2.63532462e+15  7.14634443e+34  1.03501000e+01  1.78838299e-01  5.98160000e+00  1.70593400e-01  8.21226228e-02  1.54281337e-01  1.08987772e-02  6.71995299e+05 
 2.64661722e+15  7.21913477e+34  1.02901000e+01  1.79178700e-01  5.96760000e+00  1.71047387e-01  8.24377048e-02  1.52247270e-01  1.09666510e-02  6.50591633e+05 
 2.65790982e+15  7.29233870e+34  1.02301000e+01  1.79530051e-01  5.95360000e+00  1.71506693e-01  8.27722474e-02  1.50287281e-01  1.10403189e-02  6.29888416e+05 
 2.66920243e+15  7.36595662e+34  1.01711000e+01  1.79893267e-01  5.93960000e+00  1.71971759e-01  8.31112463e-02  1.48409430e-01  1.11148350e-02  6.09868878e+05 
 2.68049503e+15  7.43998892e+34  1.01131000e+01  1.80261653e-01  5.92660000e+00  1.72453734e-01  8.34479278e-02  1.46329828e-01  1.11879089e-02  5.90502935e+05 
 2.69178763e+15  7.51443817e+34  1.00551000e+01  1.80638409e-01  5.91260000e+00  1.72925379e-01  8.38019840e-02  1.44542686e-01  1.12661767e-02  5.71776639e+05 
 2.70308024e+15  7.58930491e+34  9.99810000e+00  1.81024930e-01  5.89960000e+00  1.73416034e-01  8.41583651e-02  1.42591412e-01  1.13446344e-02  5.53674251e+05 
 2.71437284e+15  7.66458717e+34  9.94210000e+00  1.81420708e-01  5.88660000e+00  1.73911073e-01  8.45164795e-02  1.40707753e-01  1.14231008e-02  5.36177679e+05 
 2.72566545e+15  7.74028533e+34  9.88710000e+00  1.81824529e-01  5.87460000e+00  1.74424045e-01  8.48749210e-02  1.38651859e-01  1.15011011e-02  5.19266223e+05 
 2.73695805e+15  7.81639975e+34  9.83210000e+00  1.82235515e-01  5.86160000e+00  1.74926233e-01  8.52499891e-02  1.36880904e-01  1.15841755e-02  5.02921096e+05 
 2.74825065e+15  7.89293082e+34  9.77810000e+00  1.82655308e-01  5.84860000e+00  1.75432613e-01  8.56261873e-02  1.35175978e-01  1.16671204e-02  4.87127838e+05 
 2.75954326e+15  7.96987890e+34  9.72510000e+00  1.83083792e-01  5.83660000e+00  1.75957053e-01  8.60032702e-02  1.33308687e-01  1.17498742e-02  4.71870127e+05 
 2.77083586e+15  8.04724436e+34  9.67310000e+00  1.83520089e-01  5.82460000e+00  1.76485102e-01  8.63801002e-02  1.31502703e-01  1.18320472e-02  4.57128826e+05 
 2.78212846e+15  8.12502756e+34  9.62110000e+00  1.83959411e-01  5.81260000e+00  1.77014465e-01  8.67694195e-02  1.29721277e-01  1.19179406e-02  4.42877061e+05 
 2.79342107e+15  8.20322886e+34  9.57010000e+00  1.84406430e-01  5.80060000e+00  1.77547381e-01  8.71582726e-02  1.28001277e-01  1.20032185e-02  4.29109539e+05 
 2.80471367e+15  8.28185084e+34  9.51910000e+00  1.84865372e-01  5.78960000e+00  1.78099598e-01  8.75693945e-02  1.26151437e-01  1.20958350e-02  4.15820436e+05 
 2.81600628e+15  8.36089357e+34  9.46910000e+00  1.85324224e-01  5.77760000e+00  1.78637917e-01  8.79715022e-02  1.24527935e-01  1.21847785e-02  4.02966169e+05 
 2.82729888e+15  8.44035542e+34  9.42110000e+00  1.85795892e-01  5.76660000e+00  1.79195842e-01  8.83596605e-02  1.22784730e-01  1.22686145e-02  3.90563297e+05 
 2.83859148e+15  8.52023676e+34  9.37210000e+00  1.86267748e-01  5.75560000e+00  1.79753658e-01  8.87760708e-02  1.21046866e-01  1.23617056e-02  3.78567233e+05 
 2.84988409e+15  8.60053791e+34  9.32410000e+00  1.86751988e-01  5.74460000e+00  1.80317169e-01  8.91967500e-02  1.19411696e-01  1.24560853e-02  3.66993525e+05 
 2.86117669e+15  8.68125922e+34  9.27710000e+00  1.87236931e-01  5.73360000e+00  1.80880833e-01  8.96084738e-02  1.17786227e-01  1.25468367e-02  3.55800246e+05 
 2.87246930e+15  8.76240103e+34  9.23110000e+00  1.87730013e-01  5.72260000e+00  1.81448184e-01  9.00192146e-02  1.16230154e-01  1.26369511e-02  3.44992309e+05 
 2.88376190e+15  8.84396366e+34  9.18510000e+00  1.88231049e-01  5.71260000e+00  1.82032487e-01  9.04482038e-02  1.14524094e-01  1.27332112e-02  3.34556488e+05 
 2.89505450e+15  8.92594746e+34  9.14010000e+00  1.88736040e-01  5.70160000e+00  1.82605104e-01  9.08713162e-02  1.13073517e-01  1.28270470e-02  3.24470796e+05 
 2.90634711e+15  9.00835274e+34  9.09510000e+00  1.89244219e-01  5.69160000e+00  1.83192314e-01  9.13074131e-02  1.11437017e-01  1.29250967e-02  3.14721543e+05 
 2.91763971e+15  9.09117984e+34  9.05110000e+00  1.89758475e-01  5.68060000e+00  1.83768963e-01  9.17397286e-02  1.10071200e-01  1.30215548e-02  3.05303744e+05 
 2.92893231e+15  9.17443099e+34  9.00810000e+00  1.90278824e-01  5.67060000e+00  1.84361507e-01  9.21679603e-02  1.08544900e-01  1.31163235e-02  2.96206240e+05 
 2.94022492e+15  9.25810644e+34  8.96510000e+00  1.90804739e-01  5.66060000e+00  1.84956452e-01  9.26118300e-02  1.07070278e-01  1.32164238e-02  2.87416859e+05 
 2.95151752e+15  9.34220461e+34  8.92310000e+00  1.91335433e-01  5.65160000e+00  1.85566491e-01  9.30498135e-02  1.05428709e-01  1.33141854e-02  2.78923277e+05 
 2.96281013e+15  9.42672584e+34  8.88110000e+00  1.91870832e-01  5.64160000e+00  1.86165419e-01  9.35025305e-02  1.04045422e-01  1.34170000e-02  2.70715301e+05 
 2.97410273e+15  9.51167042e+34  8.84010000e+00  1.92412102e-01  5.63160000e+00  1.86766886e-01  9.39503260e-02  1.02716779e-01  1.35179078e-02  2.62785758e+05 
 2.98539533e+15  9.59703867e+34  8.80010000e+00  1.92958641e-01  5.62260000e+00  1.87383563e-01  9.43921064e-02  1.01228245e-01  1.36164881e-02  2.55123441e+05 
 2.99668794e+15  9.68283088e+34  8.76010000e+00  1.93508924e-01  5.61360000e+00  1.88001695e-01  9.48473658e-02  9.97791324e-02  1.37197226e-02  2.47715987e+05 
 3.00798054e+15  9.76904735e+34  8.72110000e+00  1.94060915e-01  5.60360000e+00  1.88607496e-01  9.52919951e-02  9.85599062e-02  1.38188175e-02  2.40549920e+05 
 3.01927315e+15  9.85568839e+34  8.68210000e+00  1.94617196e-01  5.59460000e+00  1.89227925e-01  9.57506981e-02  9.71758779e-02  1.39228530e-02  2.33622401e+05 
 3.03056575e+15  9.94275428e+34  8.64410000e+00  1.95181962e-01  5.58560000e+00  1.89852057e-01  9.62064998e-02  9.58699382e-02  1.40259223e-02  2.26934392e+05 
 3.04185835e+15  1.00302453e+35  8.60610000e+00  1.95747832e-01  5.57660000e+00  1.90476429e-01  9.66725590e-02  9.45815632e-02  1.41324584e-02  2.20461740e+05 
 3.05315096e+15  1.01181618e+35  8.56910000e+00  1.96315778e-01  5.56760000e+00  1.91101505e-01  9.71275304e-02  9.33185922e-02  1.42347239e-02  2.14199009e+05 
 3.06444356e+15  1.02065040e+35  8.53210000e+00  1.96893095e-01  5.55960000e+00  1.91743345e-01  9.76027723e-02  9.19386558e-02  1.43446347e-02  2.08154176e+05 
 3.07573616e+15  1.02952753e+35  8.49610000e+00  1.97467807e-01  5.55060000e+00  1.92371039e-01  9.80606938e-02  9.07485815e-02  1.44477269e-02  2.02294684e+05 
 3.08702877e+15  1.03844731e+35  8.46010000e+00  1.98052328e-01  5.54260000e+00  1.93015627e-01  9.85394214e-02  8.94470633e-02  1.45587769e-02  1.96639605e+05 
 3.09832137e+15  1.04740974e+35  8.42510000e+00  1.98633769e-01  5.53360000e+00  1.93645916e-01  9.89997340e-02  8.83296167e-02  1.46625566e-02  1.91156023e+05 
 3.10961398e+15  1.05641484e+35  8.39010000e+00  1.99224719e-01  5.52560000e+00  1.94292882e-01  9.94804671e-02  8.71001510e-02  1.47742229e-02  1.85862850e+05 
 3.12090658e+15  1.06546266e+35  8.35610000e+00  1.99816360e-01  5.51760000e+00  1.94939848e-01  9.99469181e-02  8.58862058e-02  1.48803766e-02  1.80736234e+05 
 3.13219918e+15  1.07455321e+35  8.32210000e+00  2.00410021e-01  5.50960000e+00  1.95587442e-01  1.00424385e-01  8.46986607e-02  1.49905069e-02  1.75773007e+05 
 3.14349179e+15  1.08368652e+35  8.28810000e+00  2.01010212e-01  5.50160000e+00  1.96237757e-01  1.00918704e-01  8.35746756e-02  1.51071534e-02  1.70976067e+05 
 3.15478439e+15  1.09286262e+35  8.25510000e+00  2.01612549e-01  5.49360000e+00  1.96888752e-01  1.01399967e-01  8.24780057e-02  1.52188621e-02  1.66331480e+05 
 3.16607700e+15  1.10208153e+35  8.22310000e+00  2.02214856e-01  5.48560000e+00  1.97539436e-01  1.01864887e-01  8.13903835e-02  1.53242029e-02  1.61829928e+05 
 3.17736960e+15  1.11134328e+35  8.19110000e+00  2.02821734e-01  5.47760000e+00  1.98191930e-01  1.02343812e-01  8.03499160e-02  1.54349181e-02  1.57474919e+05 
 3.18866220e+15  1.12064789e+35  8.15910000e+00  2.03432971e-01  5.47060000e+00  1.98858382e-01  1.02836627e-01  7.91632782e-02  1.55510071e-02  1.53260934e+05 
 3.19995481e+15  1.12999540e+35  8.12810000e+00  2.04046982e-01  5.46260000e+00  1.99513553e-01  1.03316023e-01  7.82007790e-02  1.56620541e-02  1.49180277e+05 
 3.21124741e+15  1.13938581e+35  8.09710000e+00  2.04663327e-01  5.45560000e+00  2.00181669e-01  1.03806587e-01  7.70772875e-02  1.57773438e-02  1.45227758e+05 
 3.22254001e+15  1.14881917e+35  8.06710000e+00  2.05282304e-01  5.44760000e+00  2.00838508e-01  1.04282951e-01  7.61745662e-02  1.58872744e-02  1.41399348e+05 
 3.23383262e+15  1.15829549e+35  8.03710000e+00  2.05903587e-01  5.44060000e+00  2.01508223e-01  1.04770265e-01  7.51122030e-02  1.60013967e-02  1.37690372e+05 
 3.24512522e+15  1.16781503e+35  8.00710000e+00  2.06527140e-01  5.43360000e+00  2.02178637e-01  1.05268580e-01  7.40790091e-02  1.61197661e-02  1.34096588e+05 
 3.25641783e+15  1.17737761e+35  7.97810000e+00  2.07153184e-01  5.42660000e+00  2.02849856e-01  1.05751799e-01  7.30765671e-02  1.62324266e-02  1.30614426e+05 
 3.26771043e+15  1.18698323e+35  7.94910000e+00  2.07781241e-01  5.41960000e+00  2.03521644e-01  1.06245524e-01  7.21011462e-02  1.63491598e-02  1.27239495e+05 
 3.27900303e+15  1.19663190e+35  7.92010000e+00  2.08411408e-01  5.41160000e+00  2.04182068e-01  1.06749990e-01  7.13368876e-02  1.64701021e-02  1.23968275e+05 
 3.29029564e+15  1.20632365e+35  7.89210000e+00  2.09043867e-01  5.40560000e+00  2.04867175e-01  1.07238360e-01  7.02341808e-02  1.65849312e-02  1.20797458e+05 
 3.30158824e+15  1.21605849e+35  7.86410000e+00  2.09680124e-01  5.39860000e+00  2.05541698e-01  1.07739489e-01  6.93561366e-02  1.67049384e-02  1.17725913e+05 
 3.31288084e+15  1.22583647e+35  7.83710000e+00  2.10319920e-01  5.39160000e+00  2.06217496e-01  1.08225538e-01  6.85168585e-02  1.68193368e-02  1.14749857e+05 
 3.32417345e+15  1.23565758e+35  7.81010000e+00  2.10958470e-01  5.38460000e+00  2.06892372e-01  1.08717466e-01  6.76772422e-02  1.69358064e-02  1.11859377e+05 
 3.33546605e+15  1.24552186e+35  7.78310000e+00  2.11598586e-01  5.37860000e+00  2.07579464e-01  1.09219077e-01  6.66811075e-02  1.70561147e-02  1.09055539e+05 
 3.34675866e+15  1.25542933e+35  7.75710000e+00  2.12242980e-01  5.37160000e+00  2.08256309e-01  1.09705802e-01  6.59091142e-02  1.71709511e-02  1.06339106e+05 
 3.35805126e+15  1.26538002e+35  7.73110000e+00  2.12889655e-01  5.36560000e+00  2.08945635e-01  1.10202938e-01  6.49880193e-02  1.72900163e-02  1.03704463e+05 
 3.36934386e+15  1.27537393e+35  7.70510000e+00  2.13535051e-01  5.35860000e+00  2.09622228e-01  1.10705813e-01  6.42437298e-02  1.74111509e-02  1.01144295e+05 
 3.38063647e+15  1.28541110e+35  7.68010000e+00  2.14186167e-01  5.35260000e+00  2.10312820e-01  1.11194944e-01  6.33797853e-02  1.75274117e-02  9.86650748e+04 
 3.39192907e+15  1.29549154e+35  7.65510000e+00  2.14836149e-01  5.34660000e+00  2.11002498e-01  1.11689737e-01  6.25174849e-02  1.76457326e-02  9.62555144e+04 
 3.40322168e+15  1.30561527e+35  7.63010000e+00  2.15488533e-01  5.34060000e+00  2.11692877e-01  1.12195035e-01  6.16853713e-02  1.77684201e-02  9.39177156e+04 
 3.41451428e+15  1.31578232e+35  7.60610000e+00  2.16143432e-01  5.33360000e+00  2.12372374e-01  1.12681453e-01  6.10565106e-02  1.78838660e-02  9.16494201e+04 
 3.42580688e+15  1.32599270e+35  7.58110000e+00  2.16798695e-01  5.32760000e+00  2.13063309e-01  1.13205218e-01  6.02677905e-02  1.80141602e-02  8.94458515e+04 
 3.43709949e+15  1.33624643e+35  7.55810000e+00  2.17456365e-01  5.32160000e+00  2.13754946e-01  1.13679592e-01  5.95087693e-02  1.81250548e-02  8.73072388e+04 
 3.44839209e+15  1.34654354e+35  7.53410000e+00  2.18116155e-01  5.31560000e+00  2.14447158e-01  1.14193867e-01  5.87770377e-02  1.82520719e-02  8.52311370e+04 
 3.45968469e+15  1.35688404e+35  7.51110000e+00  2.18774892e-01  5.30960000e+00  2.15138504e-01  1.14683378e-01  5.80468093e-02  1.83690714e-02  8.32119911e+04 
 3.47097730e+15  1.36726807e+35  7.48810000e+00  2.19438657e-01  5.30460000e+00  2.15843262e-01  1.15186608e-01  5.71988525e-02  1.84921321e-02  8.12545819e+04 
 3.48226990e+15  1.37769560e+35  7.46510000e+00  2.20100226e-01  5.29860000e+00  2.16535093e-01  1.15693751e-01  5.65120169e-02  1.86165261e-02  7.93492324e+04 
 3.49356251e+15  1.38816657e+35  7.44310000e+00  2.20764628e-01  5.29260000e+00  2.17227824e-01  1.16180542e-01  5.58574773e-02  1.87330659e-02  7.74995289e+04 
 3.50485511e+15  1.39868101e+35  7.42110000e+00  2.21431916e-01  5.28760000e+00  2.17932906e-01  1.16677927e-01  5.50702856e-02  1.88542246e-02  7.57037485e+04 
 3.51614771e+15  1.40923892e+35  7.39910000e+00  2.22098781e-01  5.28160000e+00  2.18625945e-01  1.17181418e-01  5.44554028e-02  1.89778244e-02  7.39568521e+04 
 3.52744032e+15  1.41984034e+35  7.37710000e+00  2.22764750e-01  5.27560000e+00  2.19318194e-01  1.17690406e-01  5.38427320e-02  1.91035720e-02  7.22568391e+04 
 3.53873292e+15  1.43048527e+35  7.35610000e+00  2.23435064e-01  5.27060000e+00  2.20023375e-01  1.18180099e-01  5.31111572e-02  1.92220566e-02  7.06073169e+04 
 3.55002553e+15  1.44117373e+35  7.33510000e+00  2.24106608e-01  5.26460000e+00  2.20717337e-01  1.18677919e-01  5.25620161e-02  1.93440234e-02  6.90036504e+04 
 3.56131813e+15  1.45190575e+35  7.31410000e+00  2.24778897e-01  5.25960000e+00  2.21422558e-01  1.19183280e-01  5.18667681e-02  1.94692063e-02  6.74440144e+04 
 3.57261073e+15  1.46268134e+35  7.29310000e+00  2.25451720e-01  5.25460000e+00  2.22127589e-01  1.19695929e-01  5.11862341e-02  1.95974924e-02  6.59267946e+04 
 3.58390334e+15  1.47350051e+35  7.27310000e+00  2.26124106e-01  5.24860000e+00  2.22820704e-01  1.20181532e-01  5.06722843e-02  1.97147024e-02  6.44498752e+04 
 3.59519594e+15  1.48436328e+35  7.25310000e+00  2.26797850e-01  5.24360000e+00  2.23525301e-01  1.20675236e-01  5.00190064e-02  1.98354430e-02  6.30135494e+04 
 3.60648854e+15  1.49526967e+35  7.23310000e+00  2.27472727e-01  5.23860000e+00  2.24229963e-01  1.21176804e-01  4.93850389e-02  1.99596181e-02  6.16163950e+04 
 3.61778115e+15  1.50621969e+35  7.21310000e+00  2.28149110e-01  5.23360000e+00  2.24934860e-01  1.21686822e-01  4.87731409e-02  2.00875465e-02  6.02575054e+04 
 3.62907375e+15  1.51721337e+35  7.19410000e+00  2.28826607e-01  5.22860000e+00  2.25639829e-01  1.22170807e-01  4.81798199e-02  2.02049398e-02  5.89353260e+04 
 3.64036636e+15  1.52825070e+35  7.17410000e+00  2.29504716e-01  5.22360000e+00  2.26344627e-01  1.22695853e-01  4.76013760e-02  2.03394766e-02  5.76483941e+04 
 3.65165896e+15  1.53933172e+35  7.15510000e+00  2.30183432e-01  5.21860000e+00  2.27049258e-01  1.23193819e-01  4.70374816e-02  2.04629698e-02  5.63956074e+04 
 3.66295156e+15  1.55045644e+35  7.13710000e+00  2.30863633e-01  5.21360000e+00  2.27754118e-01  1.23665304e-01  4.64947812e-02  2.05757261e-02  5.51765868e+04 
 3.67424417e+15  1.56162486e+35  7.11810000e+00  2.31544938e-01  5.20860000e+00  2.28459033e-01  1.24178931e-01  4.59703276e-02  2.07062394e-02  5.39900309e+04 
 3.68553677e+15  1.57283701e+35  7.10010000e+00  2.32227141e-01  5.20360000e+00  2.29163901e-01  1.24664908e-01  4.54623733e-02  2.08254434e-02  5.28348022e+04 
 3.69682937e+15  1.58409290e+35  7.08210000e+00  2.32909595e-01  5.19860000e+00  2.29868440e-01  1.25157027e-01  4.49657724e-02  2.09473223e-02  5.17094921e+04 
 3.70812198e+15  1.59539254e+35  7.06410000e+00  2.33591311e-01  5.19460000e+00  2.30583251e-01  1.25653930e-01  4.43220746e-02  2.10711823e-02  5.06125312e+04 
 3.71941458e+15  1.60673595e+35  7.04610000e+00  2.34273580e-01  5.18960000e+00  2.31286808e-01  1.26157495e-01  4.38434050e-02  2.11980109e-02  4.95439845e+04 
 3.73070719e+15  1.61812314e+35  7.02810000e+00  2.34956433e-01  5.18460000e+00  2.31990184e-01  1.26667815e-01  4.33784087e-02  2.13278712e-02  4.85030276e+04 
 3.74199979e+15  1.62955412e+35  7.01110000e+00  2.35640810e-01  5.17960000e+00  2.32693792e-01  1.27149998e-01  4.29341491e-02  2.14462086e-02  4.74894546e+04 
 3.75329239e+15  1.64102891e+35  6.99410000e+00  2.36327951e-01  5.17560000e+00  2.33409142e-01  1.27641700e-01  4.23723489e-02  2.15690609e-02  4.65032551e+04 
 3.76458500e+15  1.65254753e+35  6.97710000e+00  2.37012056e-01  5.17060000e+00  2.34111719e-01  1.28134655e-01  4.19446403e-02  2.16920871e-02  4.55399205e+04 
 3.77587760e+15  1.66410998e+35  6.96010000e+00  2.37696579e-01  5.16660000e+00  2.34824961e-01  1.28633845e-01  4.13827030e-02  2.18179192e-02  4.46009851e+04 
 3.78717021e+15  1.67571627e+35  6.94310000e+00  2.38383561e-01  5.16160000e+00  2.35527899e-01  1.29142255e-01  4.09952949e-02  2.19481575e-02  4.36869808e+04 
 3.79846281e+15  1.68736643e+35  6.92710000e+00  2.39071034e-01  5.15760000e+00  2.36241490e-01  1.29619665e-01  4.04753728e-02  2.20654099e-02  4.27959690e+04 
 3.80975541e+15  1.69906045e+35  6.91110000e+00  2.39756544e-01  5.15260000e+00  2.36942859e-01  1.30099554e-01  4.00946715e-02  2.21835037e-02  4.19258677e+04 
 3.82104802e+15  1.71079836e+35  6.89510000e+00  2.40444852e-01  5.14860000e+00  2.37655865e-01  1.30588822e-01  3.96002723e-02  2.23061317e-02  4.10788306e+04 
 3.83234062e+15  1.72258017e+35  6.87910000e+00  2.41132770e-01  5.14460000e+00  2.38368208e-01  1.31082911e-01  3.91127729e-02  2.24308728e-02  4.02523733e+04 
 3.84363322e+15  1.73440588e+35  6.86310000e+00  2.41819225e-01  5.13960000e+00  2.39068610e-01  1.31580299e-01  3.87659125e-02  2.25569141e-02  3.94453284e+04 
 3.85492583e+15  1.74627552e+35  6.84810000e+00  2.42510092e-01  5.13560000e+00  2.39781289e-01  1.32050955e-01  3.83192643e-02  2.26723119e-02  3.86603318e+04 
 3.86621843e+15  1.75818908e+35  6.83210000e+00  2.43196857e-01  5.13160000e+00  2.40491679e-01  1.32559516e-01  3.78513707e-02  2.28034447e-02  3.78922260e+04 
 3.87751104e+15  1.77014658e+35  6.81710000e+00  2.43888008e-01  5.12760000e+00  2.41203495e-01  1.33040930e-01  3.74259206e-02  2.29237421e-02  3.71449675e+04 
 3.88880364e+15  1.78214804e+35  6.80210000e+00  2.44575077e-01  5.12360000e+00  2.41913030e-01  1.33521524e-01  3.69793146e-02  2.30431366e-02  3.64136356e+04 
 3.90009624e+15  1.79419346e+35  6.78710000e+00  2.45266454e-01  5.11960000e+00  2.42623961e-01  1.34013514e-01  3.65742028e-02  2.31682706e-02  3.57019941e+04 
 3.91138885e+15  1.80628285e+35  6.77210000e+00  2.45954063e-01  5.11460000e+00  2.43322042e-01  1.34505195e-01  3.62881236e-02  2.32927843e-02  3.50055250e+04 
 3.92268145e+15  1.81841622e+35  6.75810000e+00  2.46645668e-01  5.11160000e+00  2.44042784e-01  1.34967952e-01  3.57652626e-02  2.34225470e-02  3.43524809e+04 
 3.93397406e+15  1.83059359e+35  6.74310000e+00  2.47333197e-01  5.10660000e+00  2.44739873e-01  1.35469730e-01  3.54956851e-02  2.35346862e-02  3.36637687e+04 
 3.94526666e+15  1.84281496e+35  6.72910000e+00  2.48025069e-01  5.10260000e+00  2.45449049e-01  1.35942691e-01  3.51300719e-02  2.36521611e-02  3.30176551e+04 
 3.95655926e+15  1.85508034e+35  6.71410000e+00  2.48713946e-01  5.09860000e+00  2.46156422e-01  1.36456777e-01  3.47513768e-02  2.37871667e-02  3.23854127e+04 
 3.96785187e+15  1.86738975e+35  6.70010000e+00  2.49404489e-01  5.09560000e+00  2.46874641e-01  1.36937754e-01  3.42593046e-02  2.39081792e-02  3.17687390e+04 
 3.97914447e+15  1.87974318e+35  6.68710000e+00  2.50096398e-01  5.09160000e+00  2.47582316e-01  1.37384523e-01  3.39212118e-02  2.40322594e-02  3.11899647e+04 
 3.99043707e+15  1.89214066e+35  6.67310000e+00  2.50784067e-01  5.08760000e+00  2.48287647e-01  1.37870894e-01  3.35608719e-02  2.41377197e-02  3.05775775e+04 
 4.00172968e+15  1.90458219e+35  6.65910000e+00  2.51475860e-01  5.08360000e+00  2.48994263e-01  1.38368265e-01  3.32394719e-02  2.42665087e-02  3.00034955e+04 
 4.01302228e+15  1.91706777e+35  6.64610000e+00  2.52167492e-01  5.07960000e+00  2.49700297e-01  1.38828610e-01  3.29255466e-02  2.43791766e-02  2.94426079e+04 
 4.02431489e+15  1.92959742e+35  6.63210000e+00  2.52856077e-01  5.07560000e+00  2.50404516e-01  1.39331052e-01  3.25979565e-02  2.45099303e-02  2.88934103e+04 
 4.03560749e+15  1.94217115e+35  6.61910000e+00  2.53546646e-01  5.07260000e+00  2.51119612e-01  1.39799207e-01  3.21625436e-02  2.46261007e-02  2.83575948e+04 
 4.04690009e+15  1.95478896e+35  6.60610000e+00  2.54238044e-01  5.06860000e+00  2.51824012e-01  1.40273198e-01  3.18730523e-02  2.47451160e-02  2.78343379e+04 
 4.05819270e+15  1.96745085e+35  6.59310000e+00  2.54929328e-01  5.06460000e+00  2.52527845e-01  1.40751662e-01  3.15911793e-02  2.48662230e-02  2.73229455e+04 
 4.06948530e+15  1.98015685e+35  6.58010000e+00  2.55617693e-01  5.06160000e+00  2.53240410e-01  1.41230485e-01  3.11674017e-02  2.49871059e-02  2.68220677e+04 
 4.08077791e+15  1.99290696e+35  6.56810000e+00  2.56307544e-01  5.05760000e+00  2.53942595e-01  1.41673038e-01  3.08923390e-02  2.51111920e-02  2.63528475e+04 
 4.09207051e+15  2.00570117e+35  6.55510000e+00  2.56998440e-01  5.05360000e+00  2.54644712e-01  1.42164770e-01  3.06331444e-02  2.52196624e-02  2.58554330e+04 
 4.10336311e+15  2.01853951e+35  6.54310000e+00  2.57688935e-01  5.05060000e+00  2.55356581e-01  1.42617052e-01  3.02519801e-02  2.53486882e-02  2.54075511e+04 
 4.11465572e+15  2.03142197e+35  6.53010000e+00  2.58379497e-01  5.04660000e+00  2.56057509e-01  1.43117567e-01  3.00072523e-02  2.54610399e-02  2.49317886e+04 
 4.12594832e+15  2.04434857e+35  6.51810000e+00  2.59069115e-01  5.04360000e+00  2.56767932e-01  1.43577412e-01  2.96376838e-02  2.55744095e-02  2.44850436e+04 
 4.13724092e+15  2.05731931e+35  6.50610000e+00  2.59757397e-01  5.03960000e+00  2.57466831e-01  1.44039634e-01  2.93933469e-02  2.56887213e-02  2.40477760e+04 
 4.14853353e+15  2.07033420e+35  6.49410000e+00  2.60445808e-01  5.03660000e+00  2.58175663e-01  1.44506414e-01  2.90328919e-02  2.58052189e-02  2.36202193e+04 
 4.15982613e+15  2.08339324e+35  6.48210000e+00  2.61135260e-01  5.03260000e+00  2.58874005e-01  1.44979143e-01  2.88134628e-02  2.59247100e-02  2.32024227e+04 
 4.17111874e+15  2.09649644e+35  6.47010000e+00  2.61824412e-01  5.02960000e+00  2.59582053e-01  1.45455853e-01  2.84759983e-02  2.60460774e-02  2.27937082e+04 
 4.18241134e+15  2.10964380e+35  6.45910000e+00  2.62513463e-01  5.02660000e+00  2.60289509e-01  1.45891651e-01  2.81466438e-02  2.61692957e-02  2.24110679e+04 
 4.19370394e+15  2.12283533e+35  6.44710000e+00  2.63202203e-01  5.02260000e+00  2.60985951e-01  1.46376417e-01  2.79467719e-02  2.62744253e-02  2.20027029e+04 
 4.20499655e+15  2.13607105e+35  6.43610000e+00  2.63890514e-01  5.01960000e+00  2.61691993e-01  1.46819393e-01  2.76294861e-02  2.64012462e-02  2.16365409e+04 
 4.21628915e+15  2.14935094e+35  6.42410000e+00  2.64578527e-01  5.01660000e+00  2.62397353e-01  1.47311842e-01  2.73189732e-02  2.65097361e-02  2.12452710e+04 
 4.22758175e+15  2.16267502e+35  6.41310000e+00  2.65266326e-01  5.01260000e+00  2.63091782e-01  1.47762397e-01  2.71366502e-02  2.66198138e-02  2.08786706e+04 
 4.23887436e+15  2.17604329e+35  6.40210000e+00  2.65953803e-01  5.00960000e+00  2.63795820e-01  1.48216562e-01  2.68391589e-02  2.67315875e-02  2.05198590e+04 
 4.25016696e+15  2.18945576e+35  6.39110000e+00  2.66640857e-01  5.00660000e+00  2.64499115e-01  1.48674210e-01  2.65474215e-02  2.68658493e-02  2.01842928e+04 
 4.26145957e+15  2.20291243e+35  6.38010000e+00  2.67327501e-01  5.00360000e+00  2.65201672e-01  1.49135379e-01  2.62614940e-02  2.69600443e-02  1.98247726e+04 
 4.27275217e+15  2.21641330e+35  6.36910000e+00  2.68013742e-01  4.99960000e+00  2.65893266e-01  1.49600092e-01  2.61002334e-02  2.70767707e-02  1.94881349e+04 
 4.28404477e+15  2.22995839e+35  6.35810000e+00  2.68699728e-01  4.99660000e+00  2.66594441e-01  1.50068584e-01  2.58262227e-02  2.71953068e-02  1.91585652e+04 
 4.29533738e+15  2.24354769e+35  6.34810000e+00  2.69386645e-01  4.99360000e+00  2.67295436e-01  1.50495216e-01  2.55671270e-02  2.73165858e-02  1.88509521e+04 
 4.30662998e+15  2.25718121e+35  6.33710000e+00  2.70073358e-01  4.99060000e+00  2.67995778e-01  1.50972953e-01  2.53151073e-02  2.74183644e-02  1.85205553e+04 
 4.31792259e+15  2.27085894e+35  6.32710000e+00  2.70758722e-01  4.98760000e+00  2.68694989e-01  1.51405011e-01  2.50620089e-02  2.75423264e-02  1.82255320e+04 
 4.32921519e+15  2.28458091e+35  6.31610000e+00  2.71443014e-01  4.98460000e+00  2.69393186e-01  1.51887352e-01  2.48099126e-02  2.76457668e-02  1.79080649e+04 
 4.34050779e+15  2.29834710e+35  6.30610000e+00  2.72126871e-01  4.98160000e+00  2.70090631e-01  1.52324964e-01  2.45630577e-02  2.77505740e-02  1.76111402e+04 
 4.35180040e+15  2.31215753e+35  6.29610000e+00  2.72810290e-01  4.97860000e+00  2.70787322e-01  1.52765742e-01  2.43214829e-02  2.78789206e-02  1.73339956e+04 
 4.36309300e+15  2.32601218e+35  6.28610000e+00  2.73493268e-01  4.97460000e+00  2.71473125e-01  1.53209694e-01  2.41999820e-02  2.79868371e-02  1.70488630e+04 
 4.37438560e+15  2.33991108e+35  6.27610000e+00  2.74178393e-01  4.97260000e+00  2.72179504e-01  1.53660715e-01  2.38716814e-02  2.80985568e-02  1.67700955e+04 
 4.38567821e+15  2.35385438e+35  6.26610000e+00  2.74861171e-01  4.96960000e+00  2.72874211e-01  1.54112071e-01  2.36501966e-02  2.81876520e-02  1.64834049e+04 
 4.39697081e+15  2.36784197e+35  6.25610000e+00  2.75542691e-01  4.96660000e+00  2.73567824e-01  1.54565415e-01  2.34281883e-02  2.82998636e-02  1.62153624e+04 
 4.40826342e+15  2.38187381e+35  6.24610000e+00  2.76223743e-01  4.96360000e+00  2.74260667e-01  1.55021952e-01  2.32110722e-02  2.84135914e-02  1.59526982e+04 
 4.41955602e+15  2.39594990e+35  6.23710000e+00  2.76906075e-01  4.96060000e+00  2.74953455e-01  1.55434457e-01  2.30106636e-02  2.85303769e-02  1.57082211e+04 
 4.43084862e+15  2.41007025e+35  6.22710000e+00  2.77587628e-01  4.95760000e+00  2.75645340e-01  1.55899357e-01  2.28130155e-02  2.86254976e-02  1.54436551e+04 
 4.44214123e+15  2.42423485e+35  6.21810000e+00  2.78267082e-01  4.95460000e+00  2.76335782e-01  1.56314740e-01  2.26089683e-02  2.87435311e-02  1.52085511e+04 
 4.45343383e+15  2.43844372e+35  6.20810000e+00  2.78946036e-01  4.95160000e+00  2.77025438e-01  1.56783397e-01  2.24095716e-02  2.88398885e-02  1.49539010e+04 
 4.46472644e+15  2.45269684e+35  6.19910000e+00  2.79627745e-01  4.94860000e+00  2.77715628e-01  1.57209424e-01  2.22366804e-02  2.89638168e-02  1.47287565e+04 
 4.47601904e+15  2.46699423e+35  6.19010000e+00  2.80305601e-01  4.94560000e+00  2.78403664e-01  1.57633193e-01  2.20455273e-02  2.90628010e-02  1.44955697e+04 
 4.48731164e+15  2.48133588e+35  6.18010000e+00  2.80983044e-01  4.94260000e+00  2.79090948e-01  1.58111054e-01  2.18594753e-02  2.91631575e-02  1.42554153e+04 
 4.49860425e+15  2.49572179e+35  6.17110000e+00  2.81663137e-01  4.94060000e+00  2.79788707e-01  1.58545519e-01  2.15897891e-02  2.92677029e-02  1.40320097e+04 
 4.50989685e+15  2.51015197e+35  6.16210000e+00  2.82339313e-01  4.93760000e+00  2.80474286e-01  1.58977660e-01  2.14111581e-02  2.93704971e-02  1.38123195e+04 
 4.52118945e+15  2.52462641e+35  6.15310000e+00  2.83015290e-01  4.93460000e+00  2.81159188e-01  1.59413090e-01  2.12389910e-02  2.94749104e-02  1.35969420e+04 
 4.53248206e+15  2.53914513e+35  6.14410000e+00  2.83693062e-01  4.93160000e+00  2.81844214e-01  1.59854832e-01  2.10866553e-02  2.95827669e-02  1.33861279e+04 
 4.54377466e+15  2.55370810e+35  6.13610000e+00  2.84367532e-01  4.92860000e+00  2.82527323e-01  1.60242941e-01  2.09196759e-02  2.96895017e-02  1.31896535e+04 
 4.55506727e+15  2.56831535e+35  6.12710000e+00  2.85044467e-01  4.92660000e+00  2.83220768e-01  1.60690426e-01  2.06697914e-02  2.98002519e-02  1.29867380e+04 
 4.56635987e+15  2.58296686e+35  6.11810000e+00  2.85717886e-01  4.92360000e+00  2.83902249e-01  1.61136246e-01  2.05116028e-02  2.98851121e-02  1.27767083e+04 
 4.57765247e+15  2.59766265e+35  6.11010000e+00  2.86391577e-01  4.92060000e+00  2.84583232e-01  1.61533227e-01  2.03628340e-02  2.99965622e-02  1.25915805e+04 
 4.58894508e+15  2.61240270e+35  6.10110000e+00  2.87065533e-01  4.91860000e+00  2.85273629e-01  1.61986940e-01  2.01176399e-02  3.01100248e-02  1.23998077e+04 
 4.60023768e+15  2.62718701e+35  6.09210000e+00  2.87737046e-01  4.91560000e+00  2.85952545e-01  1.62440624e-01  1.99698232e-02  3.01981876e-02  1.22012822e+04 
 4.61153028e+15  2.64201580e+35  6.08410000e+00  2.88410864e-01  4.91260000e+00  2.86631770e-01  1.62847912e-01  1.98447866e-02  3.02902112e-02  1.20169518e+04 
 4.62282289e+15  2.65688897e+35  6.07610000e+00  2.89080848e-01  4.91060000e+00  2.87318734e-01  1.63252664e-01  1.95973378e-02  3.04055198e-02  1.18453739e+04 
 4.63411549e+15  2.67180640e+35  6.06810000e+00  2.89753510e-01  4.90760000e+00  2.87996291e-01  1.63664720e-01  1.94797868e-02  3.04998942e-02  1.16677424e+04 
 4.64540810e+15  2.68676810e+35  6.05910000e+00  2.90422328e-01  4.90460000e+00  2.88671702e-01  1.64128426e-01  1.93445033e-02  3.05922427e-02  1.14833945e+04 
 4.65670070e+15  2.70177407e+35  6.05110000e+00  2.91093377e-01  4.90260000e+00  2.89357228e-01  1.64544833e-01  1.91279747e-02  3.06884703e-02  1.13123711e+04 
 4.66799330e+15  2.71682431e+35  6.04310000e+00  2.91761126e-01  4.89960000e+00  2.90030997e-01  1.64959531e-01  1.90006830e-02  3.08089845e-02  1.11534067e+04 
 4.67928591e+15  2.73191882e+35  6.03510000e+00  2.92430787e-01  4.89760000e+00  2.90714722e-01  1.65380437e-01  1.87909082e-02  3.09074144e-02  1.09884880e+04 
 4.69057851e+15  2.74705759e+35  6.02710000e+00  2.93098257e-01  4.89460000e+00  2.91387137e-01  1.65801346e-01  1.86769994e-02  3.10055121e-02  1.08263758e+04 
 4.70187112e+15  2.76224062e+35  6.01910000e+00  2.93765361e-01  4.89260000e+00  2.92068603e-01  1.66225014e-01  1.84661918e-02  3.10789125e-02  1.06583276e+04 
 4.71316372e+15  2.77746792e+35  6.01110000e+00  2.94433003e-01  4.88960000e+00  2.92739846e-01  1.66652844e-01  1.83683541e-02  3.11804491e-02  1.05023882e+04 
 4.72445632e+15  2.79273947e+35  6.00410000e+00  2.95097074e-01  4.88760000e+00  2.93418855e-01  1.67022934e-01  1.81534254e-02  3.12806057e-02  1.03575872e+04 
 4.73574893e+15  2.80805528e+35  5.99610000e+00  2.95763384e-01  4.88460000e+00  2.94088337e-01  1.67455217e-01  1.80616698e-02  3.13843451e-02  1.02071326e+04 
 4.74704153e+15  2.82341535e+35  5.98810000e+00  2.96426682e-01  4.88260000e+00  2.94765770e-01  1.67886305e-01  1.78575266e-02  3.14604736e-02  1.00506093e+04 
 4.75833413e+15  2.83881967e+35  5.98110000e+00  2.97090861e-01  4.87960000e+00  2.95433174e-01  1.68265792e-01  1.77665617e-02  3.15658190e-02  9.91389451e+03 
 4.76962674e+15  2.85426824e+35  5.97310000e+00  2.97754836e-01  4.87760000e+00  2.96109597e-01  1.68704436e-01  1.75822946e-02  3.16724790e-02  9.77136525e+03 
 4.78091934e+15  2.86976136e+35  5.96610000e+00  2.98415457e-01  4.87460000e+00  2.96774370e-01  1.69084636e-01  1.74828880e-02  3.17510889e-02  9.63103747e+03 
 4.79221195e+15  2.88529882e+35  5.95810000e+00  2.99077919e-01  4.87260000e+00  2.97448942e-01  1.69527523e-01  1.73040771e-02  3.18596996e-02  9.49351952e+03 
 4.80350455e+15  2.90088052e+35  5.95110000e+00  2.99740030e-01  4.87060000e+00  2.98122744e-01  1.69916134e-01  1.71305696e-02  3.19428668e-02  9.35846847e+03 
 4.81479715e+15  2.91650647e+35  5.94310000e+00  3.00398076e-01  4.86760000e+00  2.98784615e-01  1.70358922e-01  1.70368972e-02  3.20234691e-02  9.21756505e+03 
 4.82608976e+15  2.93217666e+35  5.93610000e+00  3.01058630e-01  4.86560000e+00  2.99456533e-01  1.70751358e-01  1.68685730e-02  3.21356527e-02  9.09507208e+03 
 4.83738236e+15  2.94789109e+35  5.92910000e+00  3.01718115e-01  4.86260000e+00  3.00117688e-01  1.71145196e-01  1.67985501e-02  3.22211207e-02  8.96697517e+03 
 4.84867497e+15  2.96364975e+35  5.92210000e+00  3.02374871e-01  4.86060000e+00  3.00786860e-01  1.71537886e-01  1.66209558e-02  3.23055664e-02  8.84088915e+03 
 4.85996757e+15  2.97945264e+35  5.91510000e+00  3.03032235e-01  4.85860000e+00  3.01455593e-01  1.71934529e-01  1.64552087e-02  3.23921562e-02  8.71715057e+03 
 4.87126017e+15  2.99529976e+35  5.90810000e+00  3.03689589e-01  4.85560000e+00  3.02114028e-01  1.72334174e-01  1.63930839e-02  3.24802973e-02  8.59563650e+03 
 4.88255278e+15  3.01119111e+35  5.90110000e+00  3.04346174e-01  4.85360000e+00  3.02781181e-01  1.72735682e-01  1.62371829e-02  3.25692868e-02  8.47622086e+03 
 4.89384538e+15  3.02712667e+35  5.89410000e+00  3.04998937e-01  4.85160000e+00  3.03446203e-01  1.73134432e-01  1.60647689e-02  3.26562572e-02  8.35854446e+03 
 4.90513798e+15  3.04310645e+35  5.88710000e+00  3.05654023e-01  4.84860000e+00  3.04101852e-01  1.73539737e-01  1.60096263e-02  3.27469843e-02  8.24320644e+03 
 4.91643059e+15  3.05913060e+35  5.88010000e+00  3.06308050e-01  4.84660000e+00  3.04766068e-01  1.73946488e-01  1.58599988e-02  3.28383055e-02  8.12981430e+03 
 4.92772319e+15  3.07519925e+35  5.87310000e+00  3.06961529e-01  4.84460000e+00  3.05429436e-01  1.74355436e-01  1.57142592e-02  3.29306777e-02  8.01837337e+03 
 4.93901580e+15  3.09131211e+35  5.86610000e+00  3.07612387e-01  4.84160000e+00  3.06081540e-01  1.74763467e-01  1.56536664e-02  3.29935771e-02  7.90179929e+03 
 4.95030840e+15  3.10746917e+35  5.85910000e+00  3.08262920e-01  4.83960000e+00  3.06742472e-01  1.75174084e-01  1.55041566e-02  3.30862454e-02  7.79406419e+03 
 4.96160100e+15  3.12367043e+35  5.85310000e+00  3.08914020e-01  4.83760000e+00  3.07402975e-01  1.75528612e-01  1.53654417e-02  3.31815091e-02  7.69495599e+03 
 4.97289361e+15  3.13991589e+35  5.84610000e+00  3.09564153e-01  4.83560000e+00  3.08062440e-01  1.75944558e-01  1.52283032e-02  3.32480750e-02  7.58425215e+03 
 4.98418621e+15  3.15620553e+35  5.84010000e+00  3.10213327e-01  4.83360000e+00  3.08720869e-01  1.76301736e-01  1.50926109e-02  3.33446629e-02  7.48848339e+03 
 4.99547882e+15  3.17253935e+35  5.83310000e+00  3.10861469e-01  4.83060000e+00  3.09368710e-01  1.76720620e-01  1.50501865e-02  3.34413960e-02  7.38780476e+03 
 5.00677142e+15  3.18891735e+35  5.82710000e+00  3.11507216e-01  4.82860000e+00  3.10024548e-01  1.77078160e-01  1.49073667e-02  3.35087013e-02  7.28866141e+03 
 5.01806402e+15  3.20533952e+35  5.82010000e+00  3.12153589e-01  4.82660000e+00  3.10679946e-01  1.77500361e-01  1.47760814e-02  3.36069017e-02  7.19130029e+03 
 5.02935663e+15  3.22180586e+35  5.81410000e+00  3.12799670e-01  4.82460000e+00  3.11334580e-01  1.77864004e-01  1.46501008e-02  3.36774560e-02  7.09559323e+03 
 5.04064923e+15  3.23831662e+35  5.80710000e+00  3.13444917e-01  4.82260000e+00  3.11988240e-01  1.78290482e-01  1.45262898e-02  3.37480786e-02  6.99532343e+03 
 5.05194183e+15  3.25487179e+35  5.80110000e+00  3.14089201e-01  4.81960000e+00  3.12631359e-01  1.78656989e-01  1.44945520e-02  3.38494971e-02  6.90887497e+03 
 5.06323444e+15  3.27147111e+35  5.79510000e+00  3.14732577e-01  4.81760000e+00  3.13282991e-01  1.79024839e-01  1.43733215e-02  3.39218482e-02  6.81779707e+03 
 5.07452704e+15  3.28811458e+35  5.78910000e+00  3.15375367e-01  4.81560000e+00  3.13933750e-01  1.79394511e-01  1.42555787e-02  3.39950650e-02  6.72822749e+03 
 5.08581965e+15  3.30480219e+35  5.78210000e+00  3.16017228e-01  4.81360000e+00  3.14583487e-01  1.79827705e-01  1.41394701e-02  3.40682338e-02  6.63425557e+03 
 5.09711225e+15  3.32153394e+35  5.77610000e+00  3.16657196e-01  4.81160000e+00  3.15231846e-01  1.80198751e-01  1.40188545e-02  3.41718340e-02  6.55335017e+03 
 5.10840485e+15  3.33830982e+35  5.77010000e+00  3.17296325e-01  4.80960000e+00  3.15879215e-01  1.80571264e-01  1.39003539e-02  3.42459913e-02  6.46799406e+03 
 5.11969746e+15  3.35512982e+35  5.76410000e+00  3.17934828e-01  4.80760000e+00  3.16525692e-01  1.80945559e-01  1.37850937e-02  3.43209900e-02  6.38403400e+03 
 5.13099006e+15  3.37199393e+35  5.75810000e+00  3.18573142e-01  4.80460000e+00  3.17161973e-01  1.81322310e-01  1.37645108e-02  3.43972564e-02  6.30147769e+03 
 5.14228266e+15  3.38890215e+35  5.75210000e+00  3.19210652e-01  4.80260000e+00  3.17806744e-01  1.81700592e-01  1.36571609e-02  3.44742118e-02  6.22025213e+03 
 5.15357527e+15  3.40585490e+35  5.74610000e+00  3.19847248e-01  4.80060000e+00  3.18450510e-01  1.82080219e-01  1.35512698e-02  3.45517345e-02  6.14032054e+03 
 5.16486787e+15  3.42285189e+35  5.74010000e+00  3.20482925e-01  4.79860000e+00  3.19093262e-01  1.82461203e-01  1.34468674e-02  3.46298347e-02  6.06166055e+03 
 5.17616048e+15  3.43989298e+35  5.73410000e+00  3.21117777e-01  4.79660000e+00  3.19735036e-01  1.82843692e-01  1.33444857e-02  3.47086045e-02  5.98425517e+03 
 5.18745308e+15  3.45697815e+35  5.72810000e+00  3.21751885e-01  4.79460000e+00  3.20375867e-01  1.83227811e-01  1.32445585e-02  3.47881213e-02  5.90808606e+03 
 5.19874568e+15  3.47410739e+35  5.72210000e+00  3.22385083e-01  4.79260000e+00  3.21015685e-01  1.83613320e-01  1.31461468e-02  3.48370349e-02  5.82789995e+03 
 5.21003829e+15  3.49128071e+35  5.71710000e+00  3.23017358e-01  4.79060000e+00  3.21654484e-01  1.83935822e-01  1.30490806e-02  3.49183672e-02  5.75932981e+03 
 5.22133089e+15  3.50849809e+35  5.71110000e+00  3.23648717e-01  4.78860000e+00  3.22292267e-01  1.84323891e-01  1.29535804e-02  3.49995641e-02  5.68670093e+03 
 5.23262350e+15  3.52575953e+35  5.70510000e+00  3.24279164e-01  4.78660000e+00  3.22929034e-01  1.84713358e-01  1.28595606e-02  3.50813630e-02  5.61520895e+03 
 5.24391610e+15  3.54306501e+35  5.70010000e+00  3.24908702e-01  4.78460000e+00  3.23564790e-01  1.85039271e-01  1.27669176e-02  3.51329190e-02  5.54483050e+03 
 5.25520870e+15  3.56041502e+35  5.69410000e+00  3.25537352e-01  4.78260000e+00  3.24199551e-01  1.85431356e-01  1.26758687e-02  3.52158314e-02  5.47554864e+03 
 5.26650131e+15  3.57780919e+35  5.68810000e+00  3.26165229e-01  4.78060000e+00  3.24833354e-01  1.85825053e-01  1.25870428e-02  3.52676393e-02  5.40247267e+03 
 5.27779391e+15  3.59524739e+35  5.68310000e+00  3.26792891e-01  4.77860000e+00  3.25466397e-01  1.86155671e-01  1.25037109e-02  3.53532670e-02  5.34024794e+03 
 5.28908651e+15  3.61272961e+35  5.67710000e+00  3.27419755e-01  4.77660000e+00  3.26098467e-01  1.86553221e-01  1.24225738e-02  3.54067601e-02  5.26942092e+03 
 5.30037912e+15  3.63025585e+35  5.67210000e+00  3.28045809e-01  4.77460000e+00  3.26729555e-01  1.86886415e-01  1.23433634e-02  3.54937442e-02  5.20915310e+03 
 5.31167172e+15  3.64782608e+35  5.66610000e+00  3.28670040e-01  4.77260000e+00  3.27359304e-01  1.87285374e-01  1.22601465e-02  3.55473757e-02  5.14039518e+03 
 5.32296433e+15  3.66544031e+35  5.66110000e+00  3.29293341e-01  4.77060000e+00  3.27988031e-01  1.87619413e-01  1.21781058e-02  3.56346234e-02  5.08194481e+03 
 5.33425693e+15  3.68309853e+35  5.65610000e+00  3.29915728e-01  4.76860000e+00  3.28615742e-01  1.87954495e-01  1.20974404e-02  3.56900460e-02  5.01979270e+03 
 5.34554953e+15  3.70080102e+35  5.65010000e+00  3.30537215e-01  4.76660000e+00  3.29242450e-01  1.88357302e-01  1.20182538e-02  3.57775661e-02  4.95858802e+03 
 5.35684214e+15  3.71854784e+35  5.64510000e+00  3.31157803e-01  4.76460000e+00  3.29868157e-01  1.88694662e-01  1.19403260e-02  3.58339392e-02  4.89830885e+03 
 5.36813474e+15  3.73633863e+35  5.64010000e+00  3.31777478e-01  4.76260000e+00  3.30492846e-01  1.89033071e-01  1.18637483e-02  3.58907504e-02  4.83894220e+03 
 5.37942735e+15  3.75417337e+35  5.63410000e+00  3.32396242e-01  4.76060000e+00  3.31116522e-01  1.89439787e-01  1.17886274e-02  3.59799338e-02  4.78047411e+03 
 5.39071995e+15  3.77205205e+35  5.62910000e+00  3.33015013e-01  4.75960000e+00  3.31748791e-01  1.89781887e-01  1.16378220e-02  3.60385926e-02  4.72293485e+03 
 5.40201255e+15  3.78997467e+35  5.62410000e+00  3.33633428e-01  4.75760000e+00  3.32370950e-01  1.90125891e-01  1.15742597e-02  3.60982287e-02  4.66628920e+03 
 5.41330516e+15  3.80794122e+35  5.61910000e+00  3.34249383e-01  4.75560000e+00  3.32991547e-01  1.90468601e-01  1.15027948e-02  3.61568168e-02  4.61040738e+03 
 5.42459776e+15  3.82595168e+35  5.61410000e+00  3.34864419e-01  4.75360000e+00  3.33611124e-01  1.90812365e-01  1.14326126e-02  3.62158434e-02  4.55535978e+03 
 5.43589036e+15  3.84400650e+35  5.60810000e+00  3.35478550e-01  4.75160000e+00  3.34229699e-01  1.91225380e-01  1.13637813e-02  3.62742930e-02  4.49699388e+03 
 5.44718297e+15  3.86210548e+35  5.60310000e+00  3.36091768e-01  4.74960000e+00  3.34847262e-01  1.91571435e-01  1.12960898e-02  3.63341771e-02  4.44361271e+03 
 5.45847557e+15  3.88024834e+35  5.59810000e+00  3.36704727e-01  4.74760000e+00  3.35464036e-01  1.91919554e-01  1.12335636e-02  3.64287128e-02  4.39510643e+03 
 5.46976818e+15  3.89843509e+35  5.59310000e+00  3.37317774e-01  4.74660000e+00  3.36089370e-01  1.92270266e-01  1.10976119e-02  3.64575106e-02  4.33932505e+03 
 5.48106078e+15  3.91666570e+35  5.58810000e+00  3.37928129e-01  4.74460000e+00  3.36703837e-01  1.92619347e-01  1.10331984e-02  3.65186176e-02  4.28826716e+03 
 5.49235338e+15  3.93494018e+35  5.58310000e+00  3.38537572e-01  4.74260000e+00  3.37317288e-01  1.92969505e-01  1.09700437e-02  3.65801735e-02  4.23795947e+03 
 5.50364599e+15  3.95325851e+35  5.57810000e+00  3.39146170e-01  4.74060000e+00  3.37929750e-01  1.93320841e-01  1.09085018e-02  3.66422419e-02  4.18839190e+03 
 5.51493859e+15  3.97162087e+35  5.57310000e+00  3.39754736e-01  4.73860000e+00  3.38541502e-01  1.93674586e-01  1.08533549e-02  3.67056034e-02  4.13959000e+03 
 5.52623119e+15  3.99002762e+35  5.56910000e+00  3.40362968e-01  4.73660000e+00  3.39152443e-01  1.93960573e-01  1.08026525e-02  3.67710784e-02  4.09532446e+03 
 5.53752380e+15  4.00847818e+35  5.56410000e+00  3.40968736e-01  4.73560000e+00  3.39771028e-01  1.94314791e-01  1.06649201e-02  3.68344028e-02  4.04784476e+03 
 5.54881640e+15  4.02697257e+35  5.55910000e+00  3.41573562e-01  4.73360000e+00  3.40379394e-01  1.94670053e-01  1.06076217e-02  3.68981554e-02  4.00105225e+03 
 5.56010901e+15  4.04551075e+35  5.55410000e+00  3.42177546e-01  4.73160000e+00  3.40986765e-01  1.95026511e-01  1.05519648e-02  3.69624314e-02  3.95493956e+03 
 5.57140161e+15  4.06409272e+35  5.54910000e+00  3.42782649e-01  4.72960000e+00  3.41593803e-01  1.95387153e-01  1.05094818e-02  3.69945880e-02  3.90593651e+03 
 5.58269421e+15  4.08271847e+35  5.54510000e+00  3.43384521e-01  4.72760000e+00  3.42199034e-01  1.95674749e-01  1.04544905e-02  3.70605950e-02  3.86477406e+03 
 5.59398682e+15  4.10138819e+35  5.54010000e+00  3.43985496e-01  4.72660000e+00  3.42812418e-01  1.96033878e-01  1.03227954e-02  3.71258910e-02  3.82060932e+03 
 5.60527942e+15  4.12010225e+35  5.53510000e+00  3.44586465e-01  4.72460000e+00  3.43415958e-01  1.96395446e-01  1.02755794e-02  3.71924937e-02  3.77711288e+03 
 5.61657203e+15  4.13886007e+35  5.53110000e+00  3.45187226e-01  4.72260000e+00  3.44018713e-01  1.96688026e-01  1.02335631e-02  3.72265503e-02  3.73426507e+03 
 5.62786463e+15  4.15766162e+35  5.52610000e+00  3.45785433e-01  4.72060000e+00  3.44619894e-01  1.97050182e-01  1.01832619e-02  3.72930843e-02  3.69195937e+03 
 5.63915723e+15  4.17650691e+35  5.52110000e+00  3.46382669e-01  4.71860000e+00  3.45220035e-01  1.97413356e-01  1.01338169e-02  3.73600278e-02  3.65025212e+03 
 5.65044984e+15  4.19539590e+35  5.51710000e+00  3.46981167e-01  4.71760000e+00  3.45829011e-01  1.97709231e-01  1.00211610e-02  3.73956100e-02  3.60922338e+03 
 5.66174244e+15  4.21432860e+35  5.51210000e+00  3.47576403e-01  4.71560000e+00  3.46427054e-01  1.98074158e-01  9.97317654e-03  3.74632222e-02  3.56867935e+03 
 5.67303504e+15  4.23330545e+35  5.50810000e+00  3.48170921e-01  4.71360000e+00  3.47024170e-01  1.98368393e-01  9.92715442e-03  3.74973879e-02  3.52871022e+03 
 5.68432765e+15  4.25232635e+35  5.50310000e+00  3.48766310e-01  4.71260000e+00  3.47629965e-01  1.98738308e-01  9.81647224e-03  3.75677153e-02  3.48937426e+03 
 5.69562025e+15  4.27139092e+35  5.49910000e+00  3.49359148e-01  4.71060000e+00  3.48225092e-01  1.99034421e-01  9.77371476e-03  3.76027043e-02  3.45052315e+03 
 5.70691286e+15  4.29049915e+35  5.49410000e+00  3.49950585e-01  4.70860000e+00  3.48819036e-01  1.99403140e-01  9.72939139e-03  3.76718255e-02  3.41219801e+03 
 5.71820546e+15  4.30965103e+35  5.49010000e+00  3.50543015e-01  4.70660000e+00  3.49412593e-01  1.99703080e-01  9.69707932e-03  3.77088736e-02  3.37447819e+03 
 5.72949806e+15  4.32884655e+35  5.48510000e+00  3.51133080e-01  4.70560000e+00  3.50013745e-01  2.00074518e-01  9.58205995e-03  3.77792688e-02  3.33722852e+03 
 5.74079067e+15  4.34808580e+35  5.48110000e+00  3.51721766e-01  4.70360000e+00  3.50604643e-01  2.00373212e-01  9.54092351e-03  3.78151506e-02  3.30047631e+03 
 5.75208327e+15  4.36736941e+35  5.47710000e+00  3.52311640e-01  4.70160000e+00  3.51195221e-01  2.00675827e-01  9.51292999e-03  3.78533549e-02  3.26430812e+03 
 5.76337588e+15  4.38669662e+35  5.47210000e+00  3.52898257e-01  4.70060000e+00  3.51793069e-01  2.01049124e-01  9.39785512e-03  3.79242678e-02  3.22855468e+03 
 5.77466848e+15  4.40606743e+35  5.46810000e+00  3.53484198e-01  4.69860000e+00  3.52380942e-01  2.01350211e-01  9.35984877e-03  3.79611220e-02  3.19329942e+03 
 5.78596108e+15  4.42548180e+35  5.46410000e+00  3.54071242e-01  4.69660000e+00  3.52968444e-01  2.01655124e-01  9.33457586e-03  3.80002410e-02  3.15860016e+03 
 5.79725369e+15  4.44493975e+35  5.45910000e+00  3.54654980e-01  4.69560000e+00  3.53563174e-01  2.02031191e-01  9.22269903e-03  3.80722479e-02  3.12429356e+03 
 5.80854629e+15  4.46444124e+35  5.45510000e+00  3.55238898e-01  4.69360000e+00  3.54148217e-01  2.02335821e-01  9.19221536e-03  3.81108110e-02  3.09049172e+03 
 5.81983889e+15  4.48398713e+35  5.45110000e+00  3.55822077e-01  4.69160000e+00  3.54732327e-01  2.02641433e-01  9.16352443e-03  3.81498207e-02  3.05715300e+03 
 5.83113150e+15  4.50357659e+35  5.44610000e+00  3.56403047e-01  4.68960000e+00  3.55314987e-01  2.03020404e-01  9.12866522e-03  3.81864033e-02  3.02132993e+03 
 5.84242410e+15  4.52320956e+35  5.44210000e+00  3.56985079e-01  4.68860000e+00  3.55906284e-01  2.03328754e-01  9.03269134e-03  3.82633694e-02  2.99180894e+03 
 5.85371671e+15  4.54288604e+35  5.43810000e+00  3.57564226e-01  4.68660000e+00  3.56486929e-01  2.03634860e-01  8.99979576e-03  3.83021420e-02  2.95976400e+03 
 5.86500931e+15  4.56260600e+35  5.43410000e+00  3.58143707e-01  4.68560000e+00  3.57075949e-01  2.03943629e-01  8.90220013e-03  3.83424386e-02  2.92819249e+03 
