# rhoc (cgs) 	 Pc (cgs) 	 R (km) 	 M (msol) 	 R_core (km) 	 M_core (msol) 	 I/(MR^2) 	 I_crust/(M_crust R_crust^2)/(I/(MR^2)) 	 k_2 	 Lambda 
 2.30000000e+14  2.95168643e+33  1.66561000e+01  1.56383002e-01  7.38160000e+00  1.34397855e-01  8.51733120e-02  2.60044849e-01  1.23733056e-02  1.61054547e+07 
 2.36894290e+14  3.22211303e+33  1.59671000e+01  1.67564648e-01  7.53760000e+00  1.45863774e-01  9.52363240e-02  2.40571495e-01  1.60857040e-02  1.20012556e+07 
 2.43788579e+14  3.50509091e+33  1.54181000e+01  1.78961113e-01  7.68560000e+00  1.57538058e-01  1.04853051e-01  2.23280603e-01  2.01317042e-02  9.07423151e+06 
 2.50682869e+14  3.79451237e+33  1.49821000e+01  1.90298864e-01  7.82260000e+00  1.69119250e-01  1.13816380e-01  2.08368189e-01  2.43353914e-02  6.99019347e+06 
 2.57577158e+14  4.09339214e+33  1.46261000e+01  2.01677312e-01  7.95160000e+00  1.80735251e-01  1.22248866e-01  1.95102430e-01  2.86610031e-02  5.46030915e+06 
 2.64471448e+14  4.40453840e+33  1.43291000e+01  2.13181081e-01  8.07460000e+00  1.92486091e-01  1.30244587e-01  1.83038261e-01  3.30815485e-02  4.31027994e+06 
 2.71365738e+14  4.72501067e+33  1.40811000e+01  2.24683211e-01  8.19060000e+00  2.04231182e-01  1.37748473e-01  1.72207954e-01  3.74976290e-02  3.44272231e+06 
 2.78260027e+14  4.90398669e+33  1.39621000e+01  2.30957894e-01  8.25060000e+00  2.10611903e-01  1.41659736e-01  1.66938944e-01  3.98971262e-02  3.05914217e+06 
 2.85154317e+14  4.91330087e+33  1.39571000e+01  2.31254220e-01  8.25360000e+00  2.10922625e-01  1.41833498e-01  1.66627419e-01  4.00045454e-02  3.04232309e+06 
 2.92048606e+14  4.94718640e+33  1.39391000e+01  2.32218185e-01  8.26260000e+00  2.11905653e-01  1.42429913e-01  1.65827718e-01  4.03767925e-02  2.98808355e+06 
 2.98942896e+14  5.01434662e+33  1.39071000e+01  2.34011765e-01  8.27960000e+00  2.13762042e-01  1.43497981e-01  1.64163471e-01  4.10433956e-02  2.88938949e+06 
 3.05837186e+14  5.08086815e+33  1.38771000e+01  2.35654753e-01  8.29360000e+00  2.15412819e-01  1.44477594e-01  1.63033387e-01  4.16586837e-02  2.80147333e+06 
 3.12731475e+14  5.14677131e+33  1.38491000e+01  2.37161060e-01  8.30760000e+00  2.16994493e-01  1.45372774e-01  1.61522505e-01  4.22236582e-02  2.72279582e+06 
 3.19625765e+14  5.21207531e+33  1.38241000e+01  2.38543016e-01  8.31860000e+00  2.18381611e-01  1.46165561e-01  1.60624398e-01  4.27234842e-02  2.65207530e+06 
 3.26520054e+14  5.27679841e+33  1.38001000e+01  2.39811612e-01  8.32960000e+00  2.19710537e-01  1.46900937e-01  1.59415770e-01  4.31894424e-02  2.58824930e+06 
 3.33414344e+14  5.34095791e+33  1.37781000e+01  2.40976680e-01  8.33860000e+00  2.20898036e-01  1.47560471e-01  1.58561542e-01  4.36068527e-02  2.53043218e+06 
 3.40308634e+14  5.40457026e+33  1.37581000e+01  2.42047011e-01  8.34660000e+00  2.21992084e-01  1.48146502e-01  1.57769376e-01  4.39762845e-02  2.47788190e+06 
 3.47202923e+14  5.46765109e+33  1.37381000e+01  2.43030512e-01  8.35460000e+00  2.23040609e-01  1.48704483e-01  1.56745994e-01  4.43305899e-02  2.42997190e+06 
 3.54097213e+14  5.53021532e+33  1.37201000e+01  2.43934317e-01  8.36060000e+00  2.23958519e-01  1.49193504e-01  1.56145256e-01  4.46386362e-02  2.38616884e+06 
 3.60991502e+14  5.59227712e+33  1.37031000e+01  2.44764855e-01  8.36660000e+00  2.24837334e-01  1.49637184e-01  1.55353203e-01  4.49173416e-02  2.34601757e+06 
 3.67885792e+14  5.65385005e+33  1.36861000e+01  2.45527937e-01  8.37160000e+00  2.25635506e-01  1.50059345e-01  1.54702840e-01  4.51840800e-02  2.30912689e+06 
 3.74780082e+14  5.71494703e+33  1.36711000e+01  2.46228854e-01  8.37560000e+00  2.26355497e-01  1.50417946e-01  1.54209175e-01  4.54067613e-02  2.27515760e+06 
 3.81674371e+14  5.77558043e+33  1.36561000e+01  2.46872386e-01  8.37960000e+00  2.27044047e-01  1.50758488e-01  1.53570773e-01  4.56192427e-02  2.24381643e+06 
 3.88568661e+14  5.83576206e+33  1.36421000e+01  2.47462896e-01  8.38260000e+00  2.27658777e-01  1.51060472e-01  1.53115271e-01  4.58057071e-02  2.21484662e+06 
 3.95462950e+14  5.89550324e+33  1.36291000e+01  2.48004362e-01  8.38560000e+00  2.28246132e-01  1.51325209e-01  1.52539187e-01  4.59668019e-02  2.18802341e+06 
 4.02357240e+14  5.95481482e+33  1.36161000e+01  2.48500446e-01  8.38760000e+00  2.28763343e-01  1.51576181e-01  1.52167568e-01  4.61200809e-02  2.16314802e+06 
 4.09251530e+14  6.01370717e+33  1.36031000e+01  2.48954402e-01  8.38960000e+00  2.29256576e-01  1.51814620e-01  1.51695124e-01  4.62662920e-02  2.14004784e+06 
 4.16145819e+14  6.07219028e+33  1.35921000e+01  2.49369326e-01  8.39060000e+00  2.29682749e-01  1.51996958e-01  1.51444829e-01  4.63720178e-02  2.11856612e+06 
 4.23040109e+14  6.13027371e+33  1.35801000e+01  2.49748005e-01  8.39260000e+00  2.30132511e-01  1.52191211e-01  1.50796284e-01  4.64889181e-02  2.09856545e+06 
 4.29934398e+14  6.18796666e+33  1.35701000e+01  2.50092957e-01  8.39260000e+00  2.30473217e-01  1.52331089e-01  1.50698485e-01  4.65662372e-02  2.07992395e+06 
 4.36828688e+14  6.24527797e+33  1.35591000e+01  2.50406598e-01  8.39360000e+00  2.30840001e-01  1.52484747e-01  1.50216368e-01  4.66558869e-02  2.06253018e+06 
 4.43722978e+14  6.30221615e+33  1.35491000e+01  2.50691066e-01  8.39360000e+00  2.31144660e-01  1.52608040e-01  1.49983464e-01  4.67239998e-02  2.04628609e+06 
 4.50617267e+14  6.35878938e+33  1.35391000e+01  2.50948374e-01  8.39360000e+00  2.31432872e-01  1.52724175e-01  1.49691517e-01  4.67882095e-02  2.03110257e+06 
 4.57511557e+14  6.41500554e+33  1.35301000e+01  2.51180367e-01  8.39360000e+00  2.31705585e-01  1.52811245e-01  1.49345565e-01  4.68316310e-02  2.01689941e+06 
 4.64405846e+14  6.47087223e+33  1.35211000e+01  2.51388720e-01  8.39260000e+00  2.31919026e-01  1.52892396e-01  1.49263586e-01  4.68718976e-02  2.00360500e+06 
 4.71300136e+14  6.52639679e+33  1.35121000e+01  2.51575058e-01  8.39260000e+00  2.32163330e-01  1.52968230e-01  1.48823017e-01  4.69093865e-02  1.99115229e+06 
 4.78194426e+14  6.58158627e+33  1.35041000e+01  2.51740833e-01  8.39160000e+00  2.32349983e-01  1.53016607e-01  1.48654551e-01  4.69270459e-02  1.97948171e+06 
 4.85088715e+14  6.63644749e+33  1.34961000e+01  2.51887384e-01  8.39060000e+00  2.32524329e-01  1.53060629e-01  1.48448325e-01  4.69425166e-02  1.96853935e+06 
 4.91983005e+14  6.69098705e+33  1.34881000e+01  2.52015984e-01  8.38860000e+00  2.32642440e-01  1.53100754e-01  1.48520985e-01  4.69560844e-02  1.95827512e+06 
 4.98877294e+14  6.74521131e+33  1.34801000e+01  2.52127764e-01  8.38760000e+00  2.32794152e-01  1.53137380e-01  1.48248776e-01  4.69679956e-02  1.94864451e+06 
 5.05771584e+14  6.79912643e+33  1.34731000e+01  2.52223893e-01  8.38660000e+00  2.32935461e-01  1.53148188e-01  1.47948113e-01  4.69610806e-02  1.93960372e+06 
 5.12665874e+14  6.85273835e+33  1.34651000e+01  2.52305277e-01  8.38460000e+00  2.33022307e-01  1.53178941e-01  1.47934542e-01  4.69703764e-02  1.93111733e+06 
 5.19560163e+14  6.90605283e+33  1.34581000e+01  2.52372932e-01  8.38260000e+00  2.33099826e-01  1.53184505e-01  1.47897357e-01  4.69612329e-02  1.92314822e+06 
 5.26454453e+14  6.95907545e+33  1.34521000e+01  2.52427701e-01  8.38160000e+00  2.33213018e-01  1.53165127e-01  1.47525347e-01  4.69338064e-02  1.91566487e+06 
 5.33348742e+14  7.01181160e+33  1.34451000e+01  2.52470397e-01  8.37960000e+00  2.33273258e-01  1.53166621e-01  1.47447151e-01  4.69231600e-02  1.90863770e+06 
 5.40243032e+14  7.06426652e+33  1.34391000e+01  2.52501768e-01  8.37760000e+00  2.33325509e-01  1.53143672e-01  1.47351276e-01  4.68945441e-02  1.90203940e+06 
 5.47137322e+14  7.11644528e+33  1.34321000e+01  2.52522573e-01  8.37560000e+00  2.33370192e-01  1.53142118e-01  1.47239638e-01  4.68830167e-02  1.89584348e+06 
 5.54031611e+14  7.16835278e+33  1.34261000e+01  2.52533449e-01  8.37360000e+00  2.33407668e-01  1.53116561e-01  1.47113717e-01  4.68537946e-02  1.89002692e+06 
 5.60925901e+14  7.21999379e+33  1.34201000e+01  2.52535000e-01  8.37160000e+00  2.33438286e-01  1.53089988e-01  1.46974955e-01  4.68244436e-02  1.88456830e+06 
 5.67820190e+14  7.27137295e+33  1.34151000e+01  2.52527840e-01  8.36860000e+00  2.33417998e-01  1.53039776e-01  1.47138191e-01  4.67776425e-02  1.87944648e+06 
 5.74714480e+14  7.32249474e+33  1.34091000e+01  2.52512507e-01  8.36660000e+00  2.33435929e-01  1.53011726e-01  1.46977969e-01  4.67483717e-02  1.87464289e+06 
 5.81608770e+14  7.37336352e+33  1.34041000e+01  2.52489494e-01  8.36460000e+00  2.33447947e-01  1.52960344e-01  1.46808747e-01  4.67018461e-02  1.87014018e+06 
 5.88503059e+14  7.42398353e+33  1.33981000e+01  2.52459265e-01  8.36260000e+00  2.33454326e-01  1.52931414e-01  1.46631586e-01  4.66729984e-02  1.86592244e+06 
 5.95397349e+14  7.47435889e+33  1.33931000e+01  2.52422306e-01  8.35960000e+00  2.33411059e-01  1.52879432e-01  1.46761086e-01  4.66270754e-02  1.86197337e+06 
 6.02291638e+14  7.52449288e+33  1.33881000e+01  2.52379030e-01  8.35760000e+00  2.33406999e-01  1.52827345e-01  1.46571232e-01  4.65815703e-02  1.85827895e+06 
 6.09185928e+14  7.57438937e+33  1.33831000e+01  2.52329816e-01  8.35460000e+00  2.33353820e-01  1.52775257e-01  1.46689868e-01  4.65365398e-02  1.85482623e+06 
 6.16080218e+14  7.62405292e+33  1.33791000e+01  2.52275026e-01  8.35260000e+00  2.33340250e-01  1.52700434e-01  1.46490636e-01  4.64746613e-02  1.85160275e+06 
 6.22974507e+14  7.67348721e+33  1.33741000e+01  2.52215016e-01  8.34960000e+00  2.33278051e-01  1.52648636e-01  1.46601543e-01  4.64307469e-02  1.84859673e+06 
 6.29868797e+14  7.72269581e+33  1.33691000e+01  2.52150122e-01  8.34760000e+00  2.33255831e-01  1.52597124e-01  1.46395999e-01  4.63874609e-02  1.84579696e+06 
 6.36763086e+14  7.77168223e+33  1.33651000e+01  2.52080686e-01  8.34460000e+00  2.33185448e-01  1.52523166e-01  1.46502131e-01  4.63275201e-02  1.84319223e+06 
 6.43657376e+14  7.82044986e+33  1.33611000e+01  2.52006925e-01  8.34260000e+00  2.33155344e-01  1.52449632e-01  1.46292831e-01  4.62683000e-02  1.84077464e+06 
 6.50551666e+14  7.86900201e+33  1.33561000e+01  2.51929157e-01  8.33960000e+00  2.33077477e-01  1.52399433e-01  1.46396391e-01  4.62271537e-02  1.83853405e+06 
 6.57445955e+14  7.91734190e+33  1.33521000e+01  2.51847637e-01  8.33660000e+00  2.32996136e-01  1.52326983e-01  1.46499544e-01  4.61694860e-02  1.83646182e+06 
 6.64340245e+14  7.96547268e+33  1.33481000e+01  2.51762559e-01  8.33460000e+00  2.32955488e-01  1.52255142e-01  1.46288630e-01  4.61126282e-02  1.83455100e+06 
 6.71234534e+14  8.01339741e+33  1.33441000e+01  2.51674260e-01  8.33160000e+00  2.32867648e-01  1.52184015e-01  1.46392356e-01  4.60566398e-02  1.83279151e+06 
 6.78128824e+14  8.06111908e+33  1.33411000e+01  2.51582847e-01  8.32960000e+00  2.32820730e-01  1.52090790e-01  1.46182755e-01  4.59842657e-02  1.83117856e+06 
 6.85023114e+14  8.10864061e+33  1.33371000e+01  2.51488536e-01  8.32660000e+00  2.32726914e-01  1.52021131e-01  1.46288390e-01  4.59300234e-02  1.82970517e+06 
 6.91917403e+14  8.15596484e+33  1.33331000e+01  2.51391555e-01  8.32360000e+00  2.32630335e-01  1.51952287e-01  1.46395697e-01  4.58766852e-02  1.82836405e+06 
 6.98811693e+14  8.20309455e+33  1.33301000e+01  2.51292087e-01  8.32160000e+00  2.32575002e-01  1.51861506e-01  1.46190742e-01  4.58070801e-02  1.82714899e+06 
 7.05705982e+14  8.25003245e+33  1.33261000e+01  2.51190286e-01  8.31860000e+00  2.32473230e-01  1.51794395e-01  1.46302245e-01  4.57556023e-02  1.82605475e+06 
 7.12600272e+14  8.29678119e+33  1.33231000e+01  2.51086305e-01  8.31560000e+00  2.32369032e-01  1.51705407e-01  1.46416259e-01  4.56879056e-02  1.82507593e+06 
 7.19494562e+14  8.34334335e+33  1.33191000e+01  2.50980310e-01  8.31360000e+00  2.32306327e-01  1.51640137e-01  1.46218640e-01  4.56383209e-02  1.82420725e+06 
 7.26388851e+14  8.38972146e+33  1.33161000e+01  2.50872427e-01  8.31060000e+00  2.32197575e-01  1.51553050e-01  1.46338395e-01  4.55725657e-02  1.82344405e+06 
 7.33283141e+14  8.43591798e+33  1.33131000e+01  2.50762832e-01  8.30760000e+00  2.32086714e-01  1.51466967e-01  1.46461523e-01  4.55078099e-02  1.82278085e+06 
 7.40177430e+14  8.48193532e+33  1.33101000e+01  2.50651595e-01  8.30560000e+00  2.32017543e-01  1.51381876e-01  1.46273326e-01  4.54440375e-02  1.82221459e+06 
 7.47071720e+14  8.52777585e+33  1.33071000e+01  2.50538872e-01  8.30260000e+00  2.31902686e-01  1.51297814e-01  1.46403399e-01  4.53812621e-02  1.82174028e+06 
 7.53966010e+14  8.57344187e+33  1.33041000e+01  2.50424786e-01  8.30060000e+00  2.31829643e-01  1.51214797e-01  1.46222566e-01  4.53194876e-02  1.82135382e+06 
 7.60860299e+14  8.61893563e+33  1.33011000e+01  2.50309402e-01  8.29760000e+00  2.31711126e-01  1.51132818e-01  1.46360311e-01  4.52586992e-02  1.82105233e+06 
 7.67754589e+14  8.66425933e+33  1.32981000e+01  2.50192846e-01  8.29460000e+00  2.31590904e-01  1.51051900e-01  1.46502186e-01  4.51989040e-02  1.82083177e+06 
 7.74648878e+14  8.70941514e+33  1.32961000e+01  2.50075259e-01  8.29260000e+00  2.31512662e-01  1.50949364e-01  1.46333427e-01  4.51231418e-02  1.82068761e+06 
 7.81543168e+14  8.75440517e+33  1.32931000e+01  2.49956685e-01  8.28960000e+00  2.31389249e-01  1.50870623e-01  1.46483960e-01  4.50653595e-02  1.82061784e+06 
 7.88437458e+14  8.79923148e+33  1.32901000e+01  2.49837177e-01  8.28760000e+00  2.31307857e-01  1.50792948e-01  1.46323730e-01  4.50085501e-02  1.82062006e+06 
 7.95331747e+14  8.84389608e+33  1.32881000e+01  2.49716879e-01  8.28460000e+00  2.31181495e-01  1.50693690e-01  1.46483174e-01  4.49358166e-02  1.82068984e+06 
 8.02226037e+14  8.88840098e+33  1.32851000e+01  2.49595864e-01  8.28260000e+00  2.31097249e-01  1.50618231e-01  1.46332143e-01  4.48809991e-02  1.82082460e+06 
 8.09120326e+14  8.93274809e+33  1.32831000e+01  2.49474203e-01  8.27960000e+00  2.30968206e-01  1.50521211e-01  1.46501064e-01  4.48102866e-02  1.82102158e+06 
 8.16014616e+14  8.97693933e+33  1.32801000e+01  2.49351921e-01  8.27760000e+00  2.30881318e-01  1.50447953e-01  1.46359371e-01  4.47574209e-02  1.82127936e+06 
 8.22908906e+14  9.02097654e+33  1.32781000e+01  2.49229126e-01  8.27460000e+00  2.30749797e-01  1.50353153e-01  1.46537901e-01  4.46886878e-02  1.82159443e+06 
 8.29803195e+14  9.06486156e+33  1.32751000e+01  2.49105864e-01  8.27260000e+00  2.30660494e-01  1.50282113e-01  1.46405900e-01  4.46377581e-02  1.82196491e+06 
 8.36697485e+14  9.10859618e+33  1.32731000e+01  2.48982219e-01  8.26960000e+00  2.30526716e-01  1.50189554e-01  1.46594402e-01  4.45709894e-02  1.82238789e+06 
 8.43591774e+14  9.15218213e+33  1.32711000e+01  2.48858202e-01  8.26760000e+00  2.30435192e-01  1.50098100e-01  1.46472256e-01  4.45051916e-02  1.82286231e+06 
 8.50486064e+14  9.19562114e+33  1.32691000e+01  2.48733891e-01  8.26460000e+00  2.30299328e-01  1.50007763e-01  1.46670779e-01  4.44403648e-02  1.82338558e+06 
 8.57380354e+14  9.23891421e+33  1.32671000e+01  2.48609338e-01  8.26260000e+00  2.30205770e-01  1.49918544e-01  1.46558697e-01  4.43765036e-02  1.82395570e+06 
 8.64274643e+14  9.28206327e+33  1.32651000e+01  2.48484594e-01  8.25960000e+00  2.30068008e-01  1.49830440e-01  1.46767517e-01  4.43135989e-02  1.82457073e+06 
 8.71168933e+14  9.32507037e+33  1.32621000e+01  2.48359704e-01  8.25760000e+00  2.29972586e-01  1.49766032e-01  1.46665662e-01  4.42683303e-02  1.82522892e+06 
 8.78063222e+14  9.36793708e+33  1.32601000e+01  2.48234714e-01  8.25460000e+00  2.29833089e-01  1.49680137e-01  1.46884916e-01  4.42072934e-02  1.82592834e+06 
 8.84957512e+14  9.41066496e+33  1.32591000e+01  2.48109667e-01  8.25260000e+00  2.29735966e-01  1.49572781e-01  1.46793361e-01  4.41305426e-02  1.82666726e+06 
 8.91851802e+14  9.45325555e+33  1.32571000e+01  2.47984591e-01  8.25060000e+00  2.29638025e-01  1.49489095e-01  1.46706964e-01  4.40713783e-02  1.82744450e+06 
 8.98746091e+14  9.49571033e+33  1.32551000e+01  2.47859456e-01  8.24760000e+00  2.29496164e-01  1.49406463e-01  1.46941662e-01  4.40131018e-02  1.82825992e+06 
 9.05640381e+14  9.53803079e+33  1.32531000e+01  2.47734430e-01  8.24560000e+00  2.29396725e-01  1.49324951e-01  1.46865629e-01  4.39557507e-02  1.82910911e+06 
 9.12534670e+14  9.58021836e+33  1.32511000e+01  2.47609436e-01  8.24360000e+00  2.29296551e-01  1.49244494e-01  1.46794606e-01  4.38992770e-02  1.82999309e+06 
 9.19428960e+14  9.62227447e+33  1.32491000e+01  2.47484575e-01  8.24060000e+00  2.29152667e-01  1.49165123e-01  1.47045217e-01  4.38436961e-02  1.83090896e+06 
 9.26323250e+14  9.66420050e+33  1.32481000e+01  2.47359800e-01  8.23860000e+00  2.29051173e-01  1.49064283e-01  1.46984486e-01  4.37724470e-02  1.83185708e+06 
 9.33217539e+14  9.70599782e+33  1.32461000e+01  2.47235236e-01  8.23660000e+00  2.28949072e-01  1.48987043e-01  1.46929092e-01  4.37186228e-02  1.83283416e+06 
 9.40111829e+14  9.74766778e+33  1.32441000e+01  2.47110837e-01  8.23360000e+00  2.28803394e-01  1.48910842e-01  1.47195369e-01  4.36656458e-02  1.83384054e+06 
 9.47006118e+14  9.78921170e+33  1.32431000e+01  2.46986611e-01  8.23160000e+00  2.28700123e-01  1.48813185e-01  1.47150088e-01  4.35970354e-02  1.83487538e+06 
 9.53900408e+14  9.83063087e+33  1.32411000e+01  2.46862656e-01  8.22960000e+00  2.28596318e-01  1.48739070e-01  1.47110083e-01  4.35457560e-02  1.83593608e+06 
 9.60794698e+14  9.87192657e+33  1.32401000e+01  2.46738950e-01  8.22760000e+00  2.28491987e-01  1.48643520e-01  1.47075154e-01  4.34788759e-02  1.83702238e+06 
 9.67688987e+14  9.91310004e+33  1.32381000e+01  2.46615517e-01  8.22460000e+00  2.28344275e-01  1.48571454e-01  1.47362192e-01  4.34292521e-02  1.83813340e+06 
 9.74583277e+14  9.95415252e+33  1.32371000e+01  2.46492375e-01  8.22260000e+00  2.28238989e-01  1.48477958e-01  1.47337455e-01  4.33640492e-02  1.83926799e+06 
 9.81477566e+14  9.99508522e+33  1.32351000e+01  2.46369545e-01  8.22060000e+00  2.28133243e-01  1.48407912e-01  1.47317812e-01  4.33160449e-02  1.84042532e+06 
 9.88371856e+14  1.00358993e+34  1.32341000e+01  2.46247046e-01  8.21860000e+00  2.28027060e-01  1.48316440e-01  1.47303191e-01  4.32524820e-02  1.84160433e+06 
 9.95266146e+14  1.00765960e+34  1.32321000e+01  2.46124894e-01  8.21660000e+00  2.27920463e-01  1.48248382e-01  1.47293605e-01  4.32060604e-02  1.84280425e+06 
 1.00216044e+15  1.01171764e+34  1.32311000e+01  2.46003108e-01  8.21460000e+00  2.27813469e-01  1.48158904e-01  1.47289018e-01  4.31441003e-02  1.84402407e+06 
 1.00905472e+15  1.01576416e+34  1.32301000e+01  2.45881665e-01  8.21160000e+00  2.27663342e-01  1.48070396e-01  1.47606551e-01  4.30829261e-02  1.84526386e+06 
 1.01594901e+15  1.01979929e+34  1.32281000e+01  2.45760641e-01  8.20960000e+00  2.27555635e-01  1.48005260e-01  1.47611932e-01  4.30388153e-02  1.84652156e+06 
 1.02284330e+15  1.02382311e+34  1.32271000e+01  2.45640026e-01  8.20760000e+00  2.27447586e-01  1.47918711e-01  1.47622259e-01  4.29791975e-02  1.84779674e+06 
 1.02973759e+15  1.02783575e+34  1.32261000e+01  2.45519811e-01  8.20560000e+00  2.27339204e-01  1.47833115e-01  1.47637442e-01  4.29203434e-02  1.84908924e+06 
 1.03663188e+15  1.03183731e+34  1.32241000e+01  2.45400003e-01  8.20360000e+00  2.27230503e-01  1.47770811e-01  1.47657445e-01  4.28784518e-02  1.85039855e+06 
 1.04352617e+15  1.03582789e+34  1.32231000e+01  2.45280678e-01  8.20160000e+00  2.27121528e-01  1.47687117e-01  1.47682442e-01  4.28210952e-02  1.85172236e+06 
 1.05042046e+15  1.03980760e+34  1.32221000e+01  2.45161725e-01  8.19960000e+00  2.27012241e-01  1.47604318e-01  1.47711989e-01  4.27644531e-02  1.85306286e+06 
 1.05731475e+15  1.04377654e+34  1.32211000e+01  2.45043309e-01  8.19760000e+00  2.26902724e-01  1.47522490e-01  1.47746618e-01  4.27085710e-02  1.85441584e+06 
 1.06420904e+15  1.04773480e+34  1.32201000e+01  2.44925281e-01  8.19560000e+00  2.26792922e-01  1.47441538e-01  1.47785732e-01  4.26533844e-02  1.85578433e+06 
 1.07110333e+15  1.05168248e+34  1.32191000e+01  2.44807803e-01  8.19360000e+00  2.26682916e-01  1.47361538e-01  1.47829854e-01  4.25989382e-02  1.85716422e+06 
 1.07799762e+15  1.05561964e+34  1.32181000e+01  2.44690715e-01  8.19160000e+00  2.26572645e-01  1.47282389e-01  1.47878353e-01  4.25451651e-02  1.85855880e+06 
 1.08489191e+15  1.05954638e+34  1.32161000e+01  2.44574218e-01  8.18960000e+00  2.26462206e-01  1.47226469e-01  1.47931907e-01  4.25082038e-02  1.85996319e+06 
 1.09178620e+15  1.06346282e+34  1.32151000e+01  2.44458124e-01  8.18760000e+00  2.26351528e-01  1.47149093e-01  1.47989763e-01  4.24557995e-02  1.86138110e+06 
 1.09868049e+15  1.06736906e+34  1.32141000e+01  2.44342554e-01  8.18560000e+00  2.26240670e-01  1.47072604e-01  1.48052309e-01  4.24040820e-02  1.86280951e+06 
 1.10557478e+15  1.07126519e+34  1.32131000e+01  2.44227539e-01  8.18360000e+00  2.26129656e-01  1.46997007e-01  1.48119609e-01  4.23530518e-02  1.86424734e+06 
 1.11246907e+15  1.07515130e+34  1.32121000e+01  2.44112956e-01  8.18160000e+00  2.26018440e-01  1.46922226e-01  1.48191169e-01  4.23026557e-02  1.86569704e+06 
 1.11936336e+15  1.07902748e+34  1.32121000e+01  2.43998899e-01  8.17960000e+00  2.25907070e-01  1.46826067e-01  1.48267276e-01  4.22369273e-02  1.86715608e+06 
 1.12625765e+15  1.08289381e+34  1.32111000e+01  2.43885410e-01  8.17860000e+00  2.25837964e-01  1.46753016e-01  1.48029722e-01  4.21878677e-02  1.86862328e+06 
 1.13315194e+15  1.08675038e+34  1.32101000e+01  2.43772439e-01  8.17660000e+00  2.25726311e-01  1.46680793e-01  1.48114845e-01  4.21394430e-02  1.87009938e+06 
 1.14004623e+15  1.09379204e+34  1.32081000e+01  2.43565517e-01  8.17260000e+00  2.25506917e-01  1.46553202e-01  1.48382582e-01  4.20542532e-02  1.87284154e+06 
 1.14694052e+15  1.10960878e+34  1.32041000e+01  2.43085632e-01  8.16460000e+00  2.25050844e-01  1.46245324e-01  1.48606889e-01  4.18486630e-02  1.87930619e+06 
 1.15383481e+15  1.12608813e+34  1.32001000e+01  2.42565933e-01  8.15660000e+00  2.24584711e-01  1.45905393e-01  1.48640220e-01  4.16221654e-02  1.88638409e+06 
 1.16072910e+15  1.14271024e+34  1.31961000e+01  2.42025762e-01  8.14760000e+00  2.24072293e-01  1.45547809e-01  1.48886825e-01  4.13845400e-02  1.89376689e+06 
 1.16762339e+15  1.15947545e+34  1.31921000e+01  2.41467869e-01  8.13860000e+00  2.23557250e-01  1.45173794e-01  1.49035345e-01  4.11366511e-02  1.90138578e+06 
 1.17451768e+15  1.17638412e+34  1.31871000e+01  2.40894530e-01  8.12860000e+00  2.22998818e-01  1.44806387e-01  1.49412028e-01  4.08947813e-02  1.90918528e+06 
 1.18141196e+15  1.19343656e+34  1.31821000e+01  2.40307570e-01  8.11860000e+00  2.22439943e-01  1.44424414e-01  1.49702703e-01  4.06439094e-02  1.91712134e+06 
 1.18830625e+15  1.21063313e+34  1.31771000e+01  2.39708626e-01  8.10860000e+00  2.21881384e-01  1.44028702e-01  1.49912071e-01  4.03846543e-02  1.92515476e+06 
 1.19520054e+15  1.22797415e+34  1.31721000e+01  2.39099173e-01  8.09860000e+00  2.21323803e-01  1.43620019e-01  1.50044478e-01  4.01176011e-02  1.93325020e+06 
 1.20209483e+15  1.24545995e+34  1.31671000e+01  2.38480429e-01  8.08760000e+00  2.20726272e-01  1.43199017e-01  1.50424715e-01  3.98432590e-02  1.94137834e+06 
 1.20898912e+15  1.26309086e+34  1.31611000e+01  2.37853551e-01  8.07760000e+00  2.20172319e-01  1.42788026e-01  1.50414127e-01  3.95771578e-02  1.94951118e+06 
 1.21588341e+15  1.28086721e+34  1.31551000e+01  2.37219569e-01  8.06660000e+00  2.19579564e-01  1.42365814e-01  1.50658603e-01  3.93045253e-02  1.95762336e+06 
 1.22277770e+15  1.29878933e+34  1.31491000e+01  2.36579405e-01  8.05460000e+00  2.18948722e-01  1.41932905e-01  1.51161978e-01  3.90257803e-02  1.96569185e+06 
 1.22967199e+15  1.31685754e+34  1.31421000e+01  2.35933943e-01  8.04360000e+00  2.18362512e-01  1.41511350e-01  1.51282820e-01  3.87560801e-02  1.97369451e+06 
 1.23656628e+15  1.33507217e+34  1.31361000e+01  2.35283926e-01  8.03260000e+00  2.17779978e-01  1.41058459e-01  1.51345314e-01  3.84661988e-02  1.98161185e+06 
 1.24346057e+15  1.35343353e+34  1.31291000e+01  2.34630192e-01  8.02060000e+00  2.17160684e-01  1.40617752e-01  1.51675493e-01  3.81859228e-02  1.98942225e+06 
 1.25035486e+15  1.37194194e+34  1.31211000e+01  2.33973278e-01  8.00860000e+00  2.16545822e-01  1.40189400e-01  1.51952389e-01  3.79152492e-02  1.99711110e+06 
 1.25724915e+15  1.39059772e+34  1.31141000e+01  2.33313915e-01  7.99660000e+00  2.15935671e-01  1.39731059e-01  1.52178366e-01  3.76255418e-02  2.00465847e+06 
 1.26414344e+15  1.40940119e+34  1.31061000e+01  2.32652698e-01  7.98460000e+00  2.15330443e-01  1.39285789e-01  1.52355393e-01  3.73459081e-02  2.01204794e+06 
 1.27103773e+15  1.42835267e+34  1.30981000e+01  2.31990166e-01  7.97260000e+00  2.14730322e-01  1.38832573e-01  1.52485221e-01  3.70621918e-02  2.01926402e+06 
 1.27793202e+15  1.44745397e+34  1.30891000e+01  2.31326772e-01  7.95960000e+00  2.14095322e-01  1.38392843e-01  1.52894427e-01  3.67886916e-02  2.02629262e+06 
 1.28482631e+15  1.46670393e+34  1.30811000e+01  2.30663042e-01  7.94760000e+00  2.13506032e-01  1.37924616e-01  1.52934846e-01  3.64975013e-02  2.03311885e+06 
 1.29172060e+15  1.48610283e+34  1.30721000e+01  2.29999431e-01  7.93460000e+00  2.12882426e-01  1.37470445e-01  1.53258850e-01  3.62168870e-02  2.03972912e+06 
 1.29861489e+15  1.50565100e+34  1.30631000e+01  2.29336413e-01  7.92160000e+00  2.12264809e-01  1.37009505e-01  1.53542870e-01  3.59330575e-02  2.04610885e+06 
 1.30550918e+15  1.52534874e+34  1.30531000e+01  2.28674296e-01  7.90860000e+00  2.11653261e-01  1.36562957e-01  1.53787975e-01  3.56598800e-02  2.05224796e+06 
 1.31240347e+15  1.54519634e+34  1.30431000e+01  2.28013585e-01  7.89560000e+00  2.11047949e-01  1.36110115e-01  1.53996000e-01  3.53837711e-02  2.05813096e+06 
 1.31929776e+15  1.56519412e+34  1.30331000e+01  2.27354563e-01  7.88260000e+00  2.10448942e-01  1.35651201e-01  1.54167946e-01  3.51049250e-02  2.06374814e+06 
 1.32619205e+15  1.58534238e+34  1.30231000e+01  2.26697532e-01  7.86960000e+00  2.09856320e-01  1.35186448e-01  1.54304894e-01  3.48235384e-02  2.06908910e+06 
 1.33308634e+15  1.60564140e+34  1.30121000e+01  2.26042890e-01  7.85660000e+00  2.09270197e-01  1.34736858e-01  1.54408374e-01  3.45531176e-02  2.07414121e+06 
 1.33998063e+15  1.62609150e+34  1.30011000e+01  2.25390924e-01  7.84260000e+00  2.08651653e-01  1.34281848e-01  1.54808168e-01  3.42803877e-02  2.07889462e+06 
 1.34687492e+15  1.64669297e+34  1.29901000e+01  2.24741918e-01  7.82960000e+00  2.08078873e-01  1.33821645e-01  1.54848338e-01  3.40055345e-02  2.08333945e+06 
 1.35376920e+15  1.66744610e+34  1.29781000e+01  2.24096133e-01  7.81660000e+00  2.07512782e-01  1.33377023e-01  1.54858305e-01  3.37417357e-02  2.08746674e+06 
 1.36066349e+15  1.68835118e+34  1.29661000e+01  2.23453821e-01  7.80260000e+00  2.06914857e-01  1.32927539e-01  1.55168858e-01  3.34759811e-02  2.09126755e+06 
 1.36755778e+15  1.70940851e+34  1.29541000e+01  2.22815222e-01  7.78860000e+00  2.06323992e-01  1.32473399e-01  1.55451971e-01  3.32084377e-02  2.09473343e+06 
 1.37445207e+15  1.73061838e+34  1.29421000e+01  2.22180561e-01  7.77560000e+00  2.05778558e-01  1.32014807e-01  1.55377892e-01  3.29392679e-02  2.09785654e+06 
 1.38134636e+15  1.75198107e+34  1.29291000e+01  2.21550160e-01  7.76160000e+00  2.05201863e-01  1.31572375e-01  1.55608924e-01  3.26813009e-02  2.10062656e+06 
 1.38824065e+15  1.77349688e+34  1.29161000e+01  2.20924156e-01  7.74760000e+00  2.04632358e-01  1.31125806e-01  1.55815475e-01  3.24218514e-02  2.10303821e+06 
 1.39513494e+15  1.79516608e+34  1.29031000e+01  2.20302640e-01  7.73460000e+00  2.04107952e-01  1.30675219e-01  1.55666117e-01  3.21610261e-02  2.10508716e+06 
 1.40202923e+15  1.81698897e+34  1.28891000e+01  2.19686011e-01  7.72060000e+00  2.03552797e-01  1.30241141e-01  1.55825863e-01  3.19114214e-02  2.10676200e+06 
 1.40892352e+15  1.83896582e+34  1.28751000e+01  2.19074287e-01  7.70660000e+00  2.03004892e-01  1.29803351e-01  1.55963468e-01  3.16605713e-02  2.10806089e+06 
 1.41581781e+15  1.86109691e+34  1.28601000e+01  2.18467730e-01  7.69260000e+00  2.02464301e-01  1.29382197e-01  1.56080141e-01  3.14208510e-02  2.10897567e+06 
 1.42271210e+15  1.88338253e+34  1.28461000e+01  2.17866480e-01  7.67860000e+00  2.01931024e-01  1.28937554e-01  1.56176620e-01  3.11678732e-02  2.10950207e+06 
 1.42960639e+15  1.90582296e+34  1.28311000e+01  2.17270621e-01  7.66460000e+00  2.01405047e-01  1.28509749e-01  1.56253413e-01  3.09260897e-02  2.10963739e+06 
 1.43650068e+15  1.92841996e+34  1.28161000e+01  2.16680407e-01  7.65060000e+00  2.00886442e-01  1.28078861e-01  1.56311601e-01  3.06834252e-02  2.10937327e+06 
 1.44339497e+15  1.95117276e+34  1.28001000e+01  2.16095952e-01  7.63660000e+00  2.00375188e-01  1.27665009e-01  1.56351987e-01  3.04518976e-02  2.10870778e+06 
 1.45028926e+15  1.97408120e+34  1.27841000e+01  2.15517253e-01  7.62260000e+00  1.99871234e-01  1.27248241e-01  1.56374720e-01  3.02195292e-02  2.10764110e+06 
 1.45718355e+15  1.99714557e+34  1.27681000e+01  2.14944595e-01  7.60860000e+00  1.99374645e-01  1.26828811e-01  1.56381253e-01  2.99864835e-02  2.10616625e+06 
 1.46407784e+15  2.02036613e+34  1.27511000e+01  2.14378148e-01  7.59360000e+00  1.98848889e-01  1.26426738e-01  1.56708100e-01  2.97645576e-02  2.10427986e+06 
 1.47097213e+15  2.04374315e+34  1.27351000e+01  2.13817905e-01  7.57960000e+00  1.98367154e-01  1.26002392e-01  1.56684674e-01  2.95303962e-02  2.10198253e+06 
 1.47786642e+15  2.06727691e+34  1.27181000e+01  2.13263974e-01  7.56560000e+00  1.97892746e-01  1.25595544e-01  1.56646887e-01  2.93073699e-02  2.09927298e+06 
 1.48476071e+15  2.10367888e+34  1.26911000e+01  2.12424758e-01  7.54360000e+00  1.97160661e-01  1.24982411e-01  1.56720053e-01  2.89732735e-02  2.09428901e+06 
 1.49165500e+15  2.16293966e+34  1.26451000e+01  2.11090332e-01  7.50860000e+00  1.96038449e-01  1.24007982e-01  1.56462024e-01  2.84469114e-02  2.08388199e+06 
 1.49854929e+15  2.22356148e+34  1.25961000e+01  2.09771659e-01  7.47160000e+00  1.94901745e-01  1.23031718e-01  1.56493354e-01  2.79246047e-02  2.07015018e+06 
 1.50544358e+15  2.28556792e+34  1.25431000e+01  2.08478004e-01  7.43460000e+00  1.93826792e-01  1.22077609e-01  1.56166911e-01  2.74195020e-02  2.05282141e+06 
 1.51233787e+15  2.34898280e+34  1.24871000e+01  2.07217474e-01  7.39660000e+00  1.92782461e-01  1.21130127e-01  1.55845894e-01  2.69222647e-02  2.03168343e+06 
 1.51923216e+15  2.41383018e+34  1.24271000e+01  2.05997342e-01  7.35760000e+00  1.91772965e-01  1.20212477e-01  1.55553638e-01  2.64452348e-02  2.00658097e+06 
 1.52612644e+15  2.48013435e+34  1.23631000e+01  2.04824690e-01  7.31860000e+00  1.90836289e-01  1.19328631e-01  1.54972989e-01  2.59897588e-02  1.97740672e+06 
 1.53302073e+15  2.54791987e+34  1.22951000e+01  2.03706104e-01  7.27860000e+00  1.89941547e-01  1.18482648e-01  1.54468235e-01  2.55571631e-02  1.94411133e+06 
 1.53991502e+15  2.61721149e+34  1.22241000e+01  2.02647853e-01  7.23860000e+00  1.89125523e-01  1.17659577e-01  1.53720782e-01  2.51385504e-02  1.90670299e+06 
 1.54680931e+15  2.68803422e+34  1.21481000e+01  2.01655895e-01  7.19760000e+00  1.88357665e-01  1.16902507e-01  1.53097551e-01  2.47560501e-02  1.86524941e+06 
 1.55370360e+15  2.76041332e+34  1.20691000e+01  2.00735807e-01  7.15760000e+00  1.87706090e-01  1.16177717e-01  1.51934856e-01  2.43906895e-02  1.81987955e+06 
 1.56059789e+15  2.83437425e+34  1.19861000e+01  1.99893072e-01  7.11660000e+00  1.87107442e-01  1.15509701e-01  1.50946172e-01  2.40544255e-02  1.77077810e+06 
 1.56749218e+15  2.90995928e+34  1.18991000e+01  1.99132492e-01  7.07560000e+00  1.86596458e-01  1.14903350e-01  1.49808845e-01  2.37487061e-02  1.71817844e+06 
 1.57438647e+15  2.98718876e+34  1.18091000e+01  1.98458960e-01  7.03560000e+00  1.86206053e-01  1.14345348e-01  1.48204738e-01  2.34655958e-02  1.66238039e+06 
 1.58128076e+15  3.06607930e+34  1.17151000e+01  1.97876998e-01  6.99460000e+00  1.85874440e-01  1.13861372e-01  1.46852534e-01  2.32172614e-02  1.60373572e+06 
 1.58817505e+15  3.14665735e+34  1.16171000e+01  1.97390876e-01  6.95460000e+00  1.85665308e-01  1.13458062e-01  1.45088953e-01  2.30059350e-02  1.54262914e+06 
 1.59506934e+15  3.22894955e+34  1.15171000e+01  1.97004271e-01  6.91460000e+00  1.85548347e-01  1.13102946e-01  1.43285795e-01  2.28141332e-02  1.47948251e+06 
 1.60196363e+15  3.31298279e+34  1.14141000e+01  1.96720763e-01  6.87460000e+00  1.85524552e-01  1.12822444e-01  1.41470858e-01  2.26543054e-02  1.41473955e+06 
 1.60885792e+15  3.39878417e+34  1.13081000e+01  1.96543544e-01  6.83560000e+00  1.85624368e-01  1.12623770e-01  1.39326174e-01  2.25291120e-02  1.34885959e+06 
 1.61575221e+15  3.48638100e+34  1.12001000e+01  1.96475485e-01  6.79660000e+00  1.85818204e-01  1.12494382e-01  1.37224426e-01  2.24313864e-02  1.28230742e+06 
 1.62264650e+15  3.57580080e+34  1.10891000e+01  1.96519066e-01  6.75860000e+00  1.86135559e-01  1.12461805e-01  1.34847703e-01  2.23740371e-02  1.21554425e+06 
 1.62954079e+15  3.66707132e+34  1.09771000e+01  1.96676659e-01  6.72060000e+00  1.86547327e-01  1.12493344e-01  1.32567988e-01  2.23400318e-02  1.14901622e+06 
 1.63643508e+15  3.76022050e+34  1.08641000e+01  1.96950028e-01  6.68360000e+00  1.87082122e-01  1.12595955e-01  1.30066734e-01  2.23321946e-02  1.08314930e+06 
 1.64332937e+15  3.85527648e+34  1.07491000e+01  1.97340930e-01  6.64760000e+00  1.87739291e-01  1.12797973e-01  1.27371840e-01  2.23639832e-02  1.01833858e+06 
 1.65022366e+15  3.95226763e+34  1.06341000e+01  1.97850559e-01  6.61260000e+00  1.88518036e-01  1.13064884e-01  1.24508452e-01  2.24177794e-02  9.54944784e+05 
 1.65711795e+15  4.05122249e+34  1.05181000e+01  1.98480092e-01  6.57760000e+00  1.89390163e-01  1.13424976e-01  1.21840958e-01  2.25071820e-02  8.93287419e+05 
 1.66401224e+15  4.15217016e+34  1.04021000e+01  1.99230231e-01  6.54360000e+00  1.90382782e-01  1.13863796e-01  1.19051561e-01  2.26246936e-02  8.33642828e+05 
 1.67090653e+15  4.25518217e+34  1.02861000e+01  2.00101858e-01  6.51060000e+00  1.91495780e-01  1.14387120e-01  1.16157236e-01  2.27728889e-02  7.76219611e+05 
 1.67780082e+15  4.36024685e+34  1.01701000e+01  2.01094965e-01  6.47860000e+00  1.92727435e-01  1.15002368e-01  1.13184973e-01  2.29553612e-02  7.21228106e+05 
 1.68469511e+15  4.46739359e+34  1.00561000e+01  2.02209744e-01  6.44760000e+00  1.94076781e-01  1.15670224e-01  1.10155813e-01  2.31524133e-02  6.68809087e+05 
 1.69158940e+15  4.57665194e+34  9.94210000e+00  2.03445731e-01  6.41760000e+00  1.95542710e-01  1.16441230e-01  1.07085528e-01  2.33893061e-02  6.19061004e+05 
 1.69848368e+15  4.68805164e+34  9.83010000e+00  2.04802939e-01  6.38860000e+00  1.97124282e-01  1.17274398e-01  1.03993724e-01  2.36456023e-02  5.72041466e+05 
 1.70537797e+15  4.80162260e+34  9.71910000e+00  2.06280565e-01  6.36060000e+00  1.98820359e-01  1.18197290e-01  1.00893099e-01  2.39353305e-02  5.27772185e+05 
 1.71227226e+15  4.91739489e+34  9.61010000e+00  2.07877956e-01  6.33360000e+00  2.00629876e-01  1.19189801e-01  9.77971921e-02  2.42486004e-02  4.86241926e+05 
 1.71916655e+15  5.03539878e+34  9.50310000e+00  2.09594352e-01  6.30760000e+00  2.02551792e-01  1.20254971e-01  9.47179907e-02  2.45872409e-02  4.47411139e+05 
 1.72606084e+15  5.15566465e+34  9.39710000e+00  2.11428743e-01  6.28260000e+00  2.04585016e-01  1.21421217e-01  9.16648695e-02  2.49662288e-02  4.11216405e+05 
 1.73295513e+15  5.27822306e+34  9.29510000e+00  2.13380143e-01  6.25860000e+00  2.06728493e-01  1.22613434e-01  8.86467316e-02  2.53474361e-02  3.77574574e+05 
 1.73984942e+15  5.40310474e+34  9.19410000e+00  2.15447295e-01  6.23660000e+00  2.09005787e-01  1.23911029e-01  8.53643508e-02  2.57722452e-02  3.46386950e+05 
 1.74674371e+15  5.53035573e+34  9.09610000e+00  2.17629352e-01  6.21460000e+00  2.11366747e-01  1.25262272e-01  8.24368296e-02  2.62144467e-02  3.17539580e+05 
 1.75363800e+15  5.66004007e+34  9.00010000e+00  2.19925526e-01  6.19360000e+00  2.13835898e-01  1.26694451e-01  7.95565378e-02  2.66887855e-02  2.90908002e+05 
 1.76053229e+15  5.79214364e+34  8.90810000e+00  2.22333602e-01  6.17360000e+00  2.16411157e-01  1.28151332e-01  7.67287910e-02  2.71663203e-02  2.66378454e+05 
 1.76742658e+15  5.92669780e+34  8.81710000e+00  2.24852399e-01  6.15460000e+00  2.19091564e-01  1.29718220e-01  7.39571921e-02  2.76928112e-02  2.43824100e+05 
 1.77432087e+15  6.06373401e+34  8.73010000e+00  2.27480369e-01  6.13660000e+00  2.21876087e-01  1.31306887e-01  7.12412731e-02  2.82220337e-02  2.23117253e+05 
 1.78121516e+15  6.20328388e+34  8.64510000e+00  2.30215921e-01  6.11960000e+00  2.24763708e-01  1.32974552e-01  6.85797469e-02  2.87851951e-02  2.04131903e+05 
 1.78810945e+15  6.34537911e+34  8.56310000e+00  2.33057646e-01  6.10360000e+00  2.27753485e-01  1.34689322e-01  6.59720900e-02  2.93658325e-02  1.86745006e+05 
 1.79500374e+15  6.49005152e+34  8.48310000e+00  2.36004039e-01  6.08860000e+00  2.30844455e-01  1.36480410e-01  6.34167173e-02  2.99805585e-02  1.70837754e+05 
 1.80189803e+15  6.63733303e+34  8.40710000e+00  2.39053597e-01  6.07460000e+00  2.34035688e-01  1.38280810e-01  6.09112988e-02  3.05932418e-02  1.56296242e+05 
 1.80879232e+15  6.78725566e+34  8.33210000e+00  2.42204788e-01  6.06060000e+00  2.37302973e-01  1.40185491e-01  5.87172026e-02  3.12569328e-02  1.43012332e+05 
 1.81568661e+15  6.93988156e+34  8.26110000e+00  2.45456722e-01  6.04860000e+00  2.40692805e-01  1.42091496e-01  5.62974713e-02  3.19150399e-02  1.30881576e+05 
 1.82258090e+15  7.09410996e+34  8.19310000e+00  2.48783316e-01  6.03660000e+00  2.44130427e-01  1.44030185e-01  5.42099361e-02  3.25884255e-02  1.19885531e+05 
 1.82947519e+15  7.23412203e+34  8.13410000e+00  2.51832674e-01  6.02760000e+00  2.47298836e-01  1.45811009e-01  5.21498620e-02  3.32133782e-02  1.10883922e+05 
 1.83636948e+15  7.37490617e+34  8.07810000e+00  2.54921335e-01  6.01860000e+00  2.50485405e-01  1.47588156e-01  5.03538410e-02  3.38365082e-02  1.02676043e+05 
 1.84326377e+15  7.51778374e+34  8.02310000e+00  2.58076282e-01  6.00960000e+00  2.53721031e-01  1.49427222e-01  4.87666626e-02  3.44920417e-02  9.51169331e+04 
 1.85015806e+15  7.66277425e+34  7.97110000e+00  2.61296360e-01  6.00160000e+00  2.57028083e-01  1.51250805e-01  4.71352868e-02  3.51357001e-02  8.81538897e+04 
 1.85705235e+15  7.80989726e+34  7.92010000e+00  2.64580545e-01  5.99460000e+00  2.60405939e-01  1.53130570e-01  4.54596640e-02  3.58091723e-02  8.17384601e+04 
 1.86394664e+15  7.95917227e+34  7.87210000e+00  2.67927448e-01  5.98860000e+00  2.63853879e-01  1.54985703e-01  4.37368122e-02  3.64654718e-02  7.58258339e+04 
 1.87084092e+15  8.11061882e+34  7.82510000e+00  2.71336057e-01  5.98260000e+00  2.67348594e-01  1.56890452e-01  4.21964479e-02  3.71482192e-02  7.03749848e+04 
 1.87773521e+15  8.26431504e+34  7.78010000e+00  2.74806652e-01  5.97660000e+00  2.70891008e-01  1.58802200e-01  4.08265465e-02  3.78323282e-02  6.53463202e+04 
 1.88462950e+15  8.42024374e+34  7.73610000e+00  2.78337326e-01  5.97160000e+00  2.74502328e-01  1.60758365e-01  3.93948102e-02  3.85403099e-02  6.07067114e+04 
 1.89152379e+15  8.57840536e+34  7.69410000e+00  2.81926602e-01  5.96660000e+00  2.78158902e-01  1.62714614e-01  3.81205618e-02  3.92458649e-02  5.64249433e+04 
 1.89841808e+15  8.73881939e+34  7.65410000e+00  2.85573425e-01  5.96260000e+00  2.81882761e-01  1.64666602e-01  3.67780814e-02  3.99462307e-02  5.24717917e+04 
 1.90531237e+15  8.90150532e+34  7.61510000e+00  2.89276707e-01  5.95860000e+00  2.85650768e-01  1.66653614e-01  3.55795336e-02  4.06651816e-02  4.88204552e+04 
 1.91220666e+15  9.06648261e+34  7.57710000e+00  2.93035579e-01  5.95560000e+00  2.89484948e-01  1.68673577e-01  3.43075626e-02  4.14016758e-02  4.54464145e+04 
 1.91910095e+15  9.23377067e+34  7.54110000e+00  2.96849121e-01  5.95260000e+00  2.93362215e-01  1.70679028e-01  3.31694055e-02  4.21266187e-02  4.23272104e+04 
 1.92599524e+15  9.40339120e+34  7.50710000e+00  3.00716265e-01  5.95060000e+00  2.97304550e-01  1.72665182e-01  3.19527040e-02  4.28658508e-02  3.94690106e+04 
 1.93288953e+15  9.57545317e+34  7.47310000e+00  3.04638097e-01  5.94760000e+00  3.01268596e-01  1.74721187e-01  3.10565168e-02  4.35868370e-02  3.67711009e+04 
 1.93978382e+15  9.74988727e+34  7.44110000e+00  3.08611893e-01  5.94660000e+00  3.05319103e-01  1.76751931e-01  2.98777187e-02  4.43182256e-02  3.42983444e+04 
 1.94667811e+15  9.92671282e+34  7.41010000e+00  3.12636434e-01  5.94460000e+00  3.09388161e-01  1.78800578e-01  2.90044400e-02  4.50575688e-02  3.20079997e+04 
 1.95357240e+15  1.01059491e+35  7.38010000e+00  3.16710973e-01  5.94360000e+00  3.13520101e-01  1.80864854e-01  2.80414609e-02  4.58034085e-02  2.98855915e+04 
 1.96046669e+15  1.02876153e+35  7.35210000e+00  3.20834609e-01  5.94360000e+00  3.17714378e-01  1.82892453e-01  2.69906023e-02  4.65223958e-02  2.79178153e+04 
 1.96736098e+15  1.04717306e+35  7.32510000e+00  3.25006373e-01  5.94260000e+00  3.21925617e-01  1.84929009e-01  2.62221778e-02  4.72764010e-02  2.61108610e+04 
 1.97425527e+15  1.06583141e+35  7.29810000e+00  3.29225407e-01  5.94260000e+00  3.26198082e-01  1.87023229e-01  2.53585587e-02  4.79967563e-02  2.43984703e+04 
 1.98114956e+15  1.08474949e+35  7.27310000e+00  3.33493322e-01  5.94260000e+00  3.30511320e-01  1.89071207e-01  2.45804365e-02  4.87508384e-02  2.28408654e+04 
 1.98804385e+15  1.10391861e+35  7.24810000e+00  3.37806845e-01  5.94360000e+00  3.34884754e-01  1.91173199e-01  2.37065660e-02  4.94660325e-02  2.13626002e+04 
 1.99493814e+15  1.12334063e+35  7.22510000e+00  3.42165099e-01  5.94360000e+00  3.39272984e-01  1.93221809e-01  2.30864020e-02  5.01767248e-02  2.00037517e+04 
 2.00183243e+15  1.14301742e+35  7.20310000e+00  3.46567281e-01  5.94460000e+00  3.43720295e-01  1.95266484e-01  2.23653851e-02  5.09165877e-02  1.87537056e+04 
 2.00872672e+15  1.16295087e+35  7.18110000e+00  3.51012511e-01  5.94660000e+00  3.48226128e-01  1.97359525e-01  2.15462130e-02  5.16094263e-02  1.75646421e+04 
 2.01562101e+15  1.18314286e+35  7.16010000e+00  3.55499863e-01  5.94760000e+00  3.52745036e-01  1.99444691e-01  2.09629029e-02  5.23285613e-02  1.64704485e+04 
 2.02251530e+15  1.20360200e+35  7.14110000e+00  3.60030138e-01  5.94960000e+00  3.57322832e-01  2.01463393e-01  2.02774148e-02  5.30370178e-02  1.54624662e+04 
 2.02940959e+15  1.22432960e+35  7.12110000e+00  3.64602224e-01  5.95160000e+00  3.61936336e-01  2.03582134e-01  1.96531695e-02  5.37277539e-02  1.45012661e+04 
 2.03630387e+15  1.24532173e+35  7.10310000e+00  3.69214147e-01  5.95360000e+00  3.66583670e-01  2.05628855e-01  1.90870957e-02  5.44037683e-02  1.36158682e+04 
 2.04319816e+15  1.26658022e+35  7.08610000e+00  3.73864926e-01  5.95660000e+00  3.71286764e-01  2.07657158e-01  1.84176064e-02  5.51020099e-02  1.27996645e+04 
 2.05009245e+15  1.28810691e+35  7.06910000e+00  3.78553779e-01  5.95860000e+00  3.75999998e-01  2.09723838e-01  1.79569661e-02  5.57790511e-02  1.20287970e+04 
 2.05698674e+15  1.30990362e+35  7.05310000e+00  3.83279950e-01  5.96160000e+00  3.80767820e-01  2.11768434e-01  1.73910552e-02  5.64346944e-02  1.13092618e+04 
 2.06388103e+15  1.33197991e+35  7.03710000e+00  3.88044276e-01  5.96460000e+00  3.85568762e-01  2.13849492e-01  1.68730852e-02  5.71074866e-02  1.06371096e+04 
 2.07077532e+15  1.35433681e+35  7.02210000e+00  3.92845742e-01  5.96760000e+00  3.90402012e-01  2.15905013e-01  1.63998616e-02  5.77125011e-02  1.00014524e+04 
 2.07766961e+15  1.37696959e+35  7.00810000e+00  3.97682170e-01  5.97060000e+00  3.95265562e-01  2.17932116e-01  1.59686502e-02  5.83780049e-02  9.42189977e+03 
 2.08456390e+15  1.39988004e+35  6.99410000e+00  4.02552697e-01  5.97460000e+00  4.00181407e-01  2.19991082e-01  1.54325741e-02  5.89692089e-02  8.86623351e+03 
 2.09145819e+15  1.42306993e+35  6.98110000e+00  4.07456293e-01  5.97760000e+00  4.05103670e-01  2.22017543e-01  1.50773048e-02  5.95749535e-02  8.35307224e+03 
 2.09835248e+15  1.44654101e+35  6.96910000e+00  4.12392576e-01  5.98160000e+00  4.10077027e-01  2.24009485e-01  1.46170912e-02  6.01955742e-02  7.87883904e+03 
 2.10524677e+15  1.47031031e+35  6.95710000e+00  4.17363510e-01  5.98560000e+00  4.15081356e-01  2.26029644e-01  1.41908955e-02  6.07812432e-02  7.42859710e+03 
 2.11214106e+15  1.49436575e+35  6.94610000e+00  4.22365770e-01  5.98960000e+00  4.20113113e-01  2.28011673e-01  1.37988833e-02  6.13330406e-02  7.00687647e+03 
 2.11903535e+15  1.51870808e+35  6.93510000e+00  4.27398131e-01  5.99360000e+00  4.25171470e-01  2.30019090e-01  1.34374672e-02  6.18935368e-02  6.61171651e+03 
 2.12592964e+15  1.54333902e+35  6.92410000e+00  4.32459712e-01  5.99760000e+00  4.30255758e-01  2.32051359e-01  1.31042612e-02  6.24139691e-02  6.23646609e+03 
 2.13282393e+15  1.56826027e+35  6.91410000e+00  4.37549813e-01  6.00260000e+00  4.35388189e-01  2.34040449e-01  1.26665670e-02  6.29444389e-02  5.88933851e+03 
 2.13971822e+15  1.59348572e+35  6.90510000e+00  4.42670193e-01  6.00660000e+00  4.40524876e-01  2.35984643e-01  1.23873290e-02  6.34849923e-02  5.56785495e+03 
 2.14661251e+15  1.61901106e+35  6.89610000e+00  4.47818643e-01  6.01160000e+00  4.45709655e-01  2.37950051e-01  1.20030546e-02  6.39819417e-02  5.26178015e+03 
 2.15350680e+15  1.64483225e+35  6.88710000e+00  4.52993234e-01  6.01560000e+00  4.50894900e-01  2.39935969e-01  1.17698889e-02  6.44837340e-02  4.97441400e+03 
 2.16040109e+15  1.67095093e+35  6.87910000e+00  4.58193271e-01  6.02060000e+00  4.56125849e-01  2.41871753e-01  1.14322302e-02  6.49428343e-02  4.70450786e+03 
 2.16729538e+15  1.69736871e+35  6.87110000e+00  4.63417903e-01  6.02560000e+00  4.61378894e-01  2.43825948e-01  1.11163996e-02  6.54052252e-02  4.45090305e+03 
 2.17418967e+15  1.72410132e+35  6.86310000e+00  4.68669111e-01  6.03060000e+00  4.66656081e-01  2.45798900e-01  1.08211906e-02  6.58705846e-02  4.21240265e+03 
 2.18108396e+15  1.75114249e+35  6.85610000e+00  4.73944436e-01  6.03560000e+00  4.71955201e-01  2.47717395e-01  1.05445436e-02  6.62900534e-02  3.98809339e+03 
 2.18797825e+15  1.77848813e+35  6.84910000e+00  4.79242105e-01  6.04060000e+00  4.77274446e-01  2.49651903e-01  1.02860912e-02  6.67110195e-02  3.77710152e+03 
 2.19487254e+15  1.80613981e+35  6.84310000e+00  4.84561243e-01  6.04560000e+00  4.82613156e-01  2.51528378e-01  1.00440224e-02  6.70839928e-02  3.57856031e+03 
 2.20176683e+15  1.83409906e+35  6.83710000e+00  4.89901075e-01  6.05060000e+00  4.87970651e-01  2.53418733e-01  9.81735765e-03  6.74570260e-02  3.39166748e+03 
 2.20866111e+15  1.86238914e+35  6.83110000e+00  4.95264934e-01  6.05560000e+00  4.93350270e-01  2.55323712e-01  9.60542779e-03  6.78298562e-02  3.21554501e+03 
 2.21555540e+15  1.89099053e+35  6.82510000e+00  5.00647992e-01  6.06160000e+00  4.98770715e-01  2.57241843e-01  9.29307775e-03  6.82021021e-02  3.04964187e+03 
 2.22244969e+15  1.91990464e+35  6.82010000e+00  5.06049465e-01  6.06660000e+00  5.04184661e-01  2.59096757e-01  9.10822120e-03  6.85231935e-02  2.89330914e+03 
 2.22934398e+15  1.94913294e+35  6.81510000e+00  5.11468562e-01  6.07160000e+00  5.09614717e-01  2.60962852e-01  8.93489857e-03  6.88425044e-02  2.74594276e+03 
 2.23623827e+15  1.97868886e+35  6.81010000e+00  5.16906711e-01  6.07760000e+00  5.15085820e-01  2.62840390e-01  8.66236866e-03  6.91597960e-02  2.60692584e+03 
 2.24313256e+15  2.00857393e+35  6.80610000e+00  5.22363073e-01  6.08260000e+00  5.20550351e-01  2.64651179e-01  8.51108019e-03  6.94237231e-02  2.47574304e+03 
 2.25002685e+15  2.03877816e+35  6.80110000e+00  5.27834807e-01  6.08860000e+00  5.26052550e-01  2.66549338e-01  8.26133503e-03  6.96791672e-02  2.35004949e+03 
 2.25692114e+15  2.06930293e+35  6.79810000e+00  5.33321132e-01  6.09360000e+00  5.31544659e-01  2.68299354e-01  8.12887152e-03  6.99421398e-02  2.23512120e+03 
 2.26381543e+15  2.10015524e+35  6.79410000e+00  5.38822276e-01  6.09960000e+00  5.37074138e-01  2.70136329e-01  7.89883424e-03  7.01961542e-02  2.12477850e+03 
 2.27070972e+15  2.13135101e+35  6.79010000e+00  5.44339989e-01  6.10560000e+00  5.42619200e-01  2.71982227e-01  7.67844757e-03  7.04464086e-02  2.02049085e+03 
 2.27760401e+15  2.16287209e+35  6.78710000e+00  5.49870104e-01  6.11060000e+00  5.48152084e-01  2.73755147e-01  7.57017201e-03  7.06406393e-02  1.92195714e+03 
 2.28449830e+15  2.19471980e+35  6.78410000e+00  5.55411766e-01  6.11660000e+00  5.53719466e-01  2.75534229e-01  7.36553762e-03  7.08302866e-02  1.82882945e+03 
 2.29139259e+15  2.22689850e+35  6.78110000e+00  5.60964779e-01  6.12160000e+00  5.59273704e-01  2.77319339e-01  7.26974108e-03  7.10151950e-02  1.74077418e+03 
 2.29828688e+15  2.25943098e+35  6.77810000e+00  5.66532127e-01  6.12760000e+00  5.64865281e-01  2.79111284e-01  7.07933717e-03  7.11952770e-02  1.65743578e+03 
 2.30518117e+15  2.29229462e+35  6.77510000e+00  5.72108777e-01  6.13360000e+00  5.70465713e-01  2.80908458e-01  6.89510023e-03  7.13111102e-02  1.57728826e+03 
 2.31207546e+15  2.32549065e+35  6.77310000e+00  5.77694078e-01  6.13960000e+00  5.76074306e-01  2.82627173e-01  6.71693488e-03  7.14871609e-02  1.50398771e+03 
 2.31896975e+15  2.35616721e+35  6.77110000e+00  5.82812205e-01  6.14460000e+00  5.81201624e-01  2.84217443e-01  6.60665671e-03  7.15982448e-02  1.43920846e+03 
 2.32586404e+15  2.38159693e+35  6.76910000e+00  5.87017159e-01  6.14860000e+00  5.85411405e-01  2.85554855e-01  6.52879279e-03  7.16449272e-02  1.38724923e+03 
 2.33275833e+15  2.40711907e+35  6.76810000e+00  5.91200162e-01  6.15260000e+00  5.89599633e-01  2.86802036e-01  6.45089296e-03  7.17544892e-02  1.33991907e+03 
 2.33965262e+15  2.43281367e+35  6.76710000e+00  5.95374114e-01  6.15760000e+00  5.93803309e-01  2.88046228e-01  6.27740753e-03  7.18003089e-02  1.29347465e+03 
 2.34654691e+15  2.45868643e+35  6.76510000e+00  5.99540071e-01  6.16160000e+00  5.97974973e-01  2.89373403e-01  6.20133352e-03  7.18954269e-02  1.24896329e+03 
 2.35344120e+15  2.48474245e+35  6.76410000e+00  6.03698304e-01  6.16560000e+00  6.02139365e-01  2.90612527e-01  6.12477177e-03  7.19332690e-02  1.20628102e+03 
 2.36033549e+15  2.51097182e+35  6.76310000e+00  6.07847256e-01  6.16960000e+00  6.06294693e-01  2.91848427e-01  6.04875611e-03  7.19670505e-02  1.16535656e+03 
 2.36722978e+15  2.53737474e+35  6.76210000e+00  6.11986709e-01  6.17360000e+00  6.10440875e-01  2.93080897e-01  5.97274848e-03  7.19966632e-02  1.12610462e+03 
 2.37412407e+15  2.56396177e+35  6.76110000e+00  6.16118035e-01  6.17760000e+00  6.14579407e-01  2.94310168e-01  5.89624435e-03  7.20219853e-02  1.08843039e+03 
 2.38101835e+15  2.59072895e+35  6.76010000e+00  6.20240550e-01  6.18260000e+00  6.18733798e-01  2.95536092e-01  5.72802563e-03  7.20430891e-02  1.05226598e+03 
 2.38791264e+15  2.61767048e+35  6.75910000e+00  6.24353125e-01  6.18660000e+00  6.22854453e-01  2.96758256e-01  5.65162114e-03  7.20599182e-02  1.01754835e+03 
 2.39480693e+15  2.64478676e+35  6.75810000e+00  6.28455695e-01  6.19060000e+00  6.26965556e-01  2.97976617e-01  5.57485460e-03  7.20724811e-02  9.84209587e+02 
 2.40170122e+15  2.67209463e+35  6.75710000e+00  6.32550461e-01  6.19460000e+00  6.31069477e-01  2.99191619e-01  5.49706098e-03  7.20806284e-02  9.52166265e+02 
 2.40859551e+15  2.69957761e+35  6.75610000e+00  6.36634987e-01  6.19860000e+00  6.35163581e-01  3.00402720e-01  5.41904034e-03  7.20845418e-02  9.21379097e+02 
 2.41548980e+15  2.72723586e+35  6.75510000e+00  6.40709146e-01  6.20260000e+00  6.39247729e-01  3.01609856e-01  5.34083081e-03  7.20842282e-02  8.91790678e+02 
 2.42238409e+15  2.75507803e+35  6.75510000e+00  6.44773743e-01  6.20660000e+00  6.43323154e-01  3.02723310e-01  5.26078062e-03  7.20260958e-02  8.63337188e+02 
 2.42927838e+15  2.78310514e+35  6.75410000e+00  6.48829211e-01  6.21060000e+00  6.47389657e-01  3.03922506e-01  5.18138362e-03  7.20172008e-02  8.35968817e+02 
 2.43617267e+15  2.81130821e+35  6.75310000e+00  6.52873615e-01  6.21460000e+00  6.51446015e-01  3.05117225e-01  5.09999340e-03  7.20038802e-02  8.09644921e+02 
 2.44306696e+15  2.83968793e+35  6.75310000e+00  6.56907146e-01  6.21760000e+00  6.55467534e-01  3.06216944e-01  5.10428857e-03  7.19330167e-02  7.84318801e+02 
 2.44996125e+15  2.86826171e+35  6.75210000e+00  6.60932262e-01  6.22160000e+00  6.59505579e-01  3.07403533e-01  5.02143751e-03  7.19113046e-02  7.59932675e+02 
 2.45685554e+15  2.89701208e+35  6.75210000e+00  6.64946107e-01  6.22560000e+00  6.63533068e-01  3.08494242e-01  4.93731471e-03  7.18321145e-02  7.36459926e+02 
 2.46374983e+15  2.92593913e+35  6.75110000e+00  6.68948635e-01  6.22960000e+00  6.67549926e-01  3.09671579e-01  4.85220806e-03  7.18020025e-02  7.13861206e+02 
 2.47064412e+15  2.95505552e+35  6.75110000e+00  6.72941366e-01  6.23360000e+00  6.71557699e-01  3.10752726e-01  4.76585990e-03  7.17145087e-02  6.92089060e+02 
 2.47753841e+15  2.98435552e+35  6.75010000e+00  6.76923442e-01  6.23660000e+00  6.75530779e-01  3.11921357e-01  4.76268453e-03  7.16142837e-02  6.70534761e+02 
 2.48443270e+15  3.01383275e+35  6.75010000e+00  6.80893941e-01  6.24060000e+00  6.79517573e-01  3.12992746e-01  4.67413098e-03  7.15805526e-02  6.50904257e+02 
 2.49132699e+15  3.04349439e+35  6.75010000e+00  6.84853660e-01  6.24460000e+00  6.83494186e-01  3.14059189e-01  4.58486347e-03  7.14811123e-02  6.31425056e+02 
 2.49822128e+15  3.07334619e+35  6.74910000e+00  6.88802955e-01  6.24760000e+00  6.87436558e-01  3.15214005e-01  4.57637990e-03  7.14305150e-02  6.12641579e+02 
 2.50511557e+15  3.10337573e+35  6.74910000e+00  6.92740426e-01  6.25160000e+00  6.91392385e-01  3.16270585e-01  4.48432249e-03  7.13231956e-02  5.94532810e+02 
 2.51200986e+15  3.13358571e+35  6.74910000e+00  6.96665998e-01  6.25460000e+00  6.95312377e-01  3.17321778e-01  4.47232591e-03  7.12119744e-02  5.77068872e+02 
 2.51890415e+15  3.16399134e+35  6.74910000e+00  7.00581883e-01  6.25860000e+00  6.99247932e-01  3.18368464e-01  4.37805499e-03  7.10970970e-02  5.60215410e+02 
 2.52579844e+15  3.19457515e+35  6.74810000e+00  7.04485225e-01  6.26160000e+00  7.03147090e-01  3.19504243e-01  4.36264871e-03  7.10310008e-02  5.43956808e+02 
 2.53269273e+15  3.22533718e+35  6.74810000e+00  7.08376184e-01  6.26560000e+00  7.07059545e-01  3.20540257e-01  4.26459737e-03  7.09085607e-02  5.28268653e+02 
 2.53958702e+15  3.25629778e+35  6.74810000e+00  7.12257304e-01  6.26860000e+00  7.10937697e-01  3.21571662e-01  4.24632532e-03  7.07825327e-02  5.13118259e+02 
 2.54648131e+15  3.28743768e+35  6.74810000e+00  7.16125887e-01  6.27260000e+00  7.14829103e-01  3.22597642e-01  4.14620250e-03  7.06529535e-02  4.98493366e+02 
 2.55337559e+15  3.31875616e+35  6.74810000e+00  7.19981740e-01  6.27560000e+00  7.18683579e-01  3.23618150e-01  4.12406032e-03  7.05198761e-02  4.84373147e+02 
 2.56026988e+15  3.35027193e+35  6.74710000e+00  7.23827063e-01  6.27860000e+00  7.22528240e-01  3.24730058e-01  4.10010887e-03  7.04354844e-02  4.70729629e+02 
 2.56716417e+15  3.38196958e+35  6.74710000e+00  7.27659869e-01  6.28260000e+00  7.26386251e-01  3.25740636e-01  3.99554801e-03  7.02954195e-02  4.57550486e+02 
 2.57405846e+15  3.41384612e+35  6.74710000e+00  7.31479812e-01  6.28560000e+00  7.30206917e-01  3.26745847e-01  3.96848039e-03  7.01521164e-02  4.44818836e+02 
 2.58095275e+15  3.44591978e+35  6.74710000e+00  7.35288849e-01  6.28860000e+00  7.34017406e-01  3.27746135e-01  3.93956196e-03  7.00054775e-02  4.32510085e+02 
 2.58784704e+15  3.47817667e+35  6.74710000e+00  7.39085084e-01  6.29160000e+00  7.37816078e-01  3.28740922e-01  3.90804346e-03  6.98555431e-02  4.20613107e+02 
 2.59474133e+15  3.51061272e+35  6.74710000e+00  7.42868261e-01  6.29560000e+00  7.41627401e-01  3.29730382e-01  3.79848019e-03  6.97025873e-02  4.09113674e+02 
 2.60163562e+15  3.54324688e+35  6.74710000e+00  7.46640177e-01  6.29860000e+00  7.45403254e-01  3.30714774e-01  3.76377851e-03  6.95463863e-02  3.97989765e+02 
 2.60852991e+15  3.57606438e+35  6.74710000e+00  7.50399301e-01  6.30160000e+00  7.49166843e-01  3.31693921e-01  3.72797969e-03  6.93872471e-02  3.87232383e+02 
 2.61542420e+15  3.60906123e+35  6.74610000e+00  7.54144755e-01  6.30460000e+00  7.52917899e-01  3.32766022e-01  3.68934500e-03  6.92763791e-02  3.76828601e+02 
 2.62231849e+15  3.64225838e+35  6.74610000e+00  7.57879208e-01  6.30760000e+00  7.56658376e-01  3.33735035e-01  3.64989282e-03  6.91111708e-02  3.66758796e+02 
 2.62921278e+15  3.67563768e+35  6.74610000e+00  7.61600313e-01  6.31060000e+00  7.60386309e-01  3.34698591e-01  3.60858016e-03  6.89431110e-02  3.57015900e+02 
 2.63610707e+15  3.70919653e+35  6.74610000e+00  7.65307726e-01  6.31360000e+00  7.64101373e-01  3.35656627e-01  3.56538146e-03  6.87722780e-02  3.47588319e+02 
 2.64300136e+15  3.74295900e+35  6.74610000e+00  7.69003948e-01  6.31660000e+00  7.67806093e-01  3.36609764e-01  3.52024283e-03  6.85985764e-02  3.38457785e+02 
 2.64989565e+15  3.77690114e+35  6.74610000e+00  7.72686359e-01  6.31960000e+00  7.71497753e-01  3.37557411e-01  3.47349298e-03  6.84222449e-02  3.29619841e+02 
 2.65678994e+15  3.81102688e+35  6.74610000e+00  7.76355330e-01  6.32260000e+00  7.75176710e-01  3.38499685e-01  3.42519154e-03  6.82433260e-02  3.21062619e+02 
 2.66368423e+15  3.84535303e+35  6.74610000e+00  7.80012558e-01  6.32460000e+00  7.78819230e-01  3.39437026e-01  3.44880276e-03  6.80617793e-02  3.12771791e+02 
 2.67057852e+15  3.87985890e+35  6.74610000e+00  7.83655686e-01  6.32760000e+00  7.82474005e-01  3.40368795e-01  3.39652655e-03  6.78777317e-02  3.04742571e+02 
 2.67747281e+15  3.91455373e+35  6.74610000e+00  7.87285688e-01  6.33060000e+00  7.86116442e-01  3.41295302e-01  3.34262525e-03  6.76912275e-02  2.96963354e+02 
 2.68436710e+15  3.94944434e+35  6.74610000e+00  7.90903221e-01  6.33360000e+00  7.89747119e-01  3.42216752e-01  3.28734479e-03  6.75023061e-02  2.89423734e+02 
 2.69126139e+15  3.98451467e+35  6.74610000e+00  7.94506650e-01  6.33560000e+00  7.93338785e-01  3.43132811e-01  3.30316178e-03  6.73111635e-02  2.82118566e+02 
 2.69815568e+15  4.01978067e+35  6.74610000e+00  7.98097287e-01  6.33860000e+00  7.96944258e-01  3.44043648e-01  3.24403764e-03  6.71176242e-02  2.75036072e+02 
 2.70504997e+15  4.05523638e+35  6.74610000e+00  8.01674737e-01  6.34160000e+00  8.00537020e-01  3.44949385e-01  3.18426399e-03  6.69219438e-02  2.68169765e+02 
 2.71194426e+15  4.09087174e+35  6.74610000e+00  8.05237668e-01  6.34360000e+00  8.04090761e-01  3.45849509e-01  3.19340376e-03  6.67240786e-02  2.61513688e+02 
 2.71883855e+15  4.12671087e+35  6.74610000e+00  8.08788687e-01  6.34660000e+00  8.07658703e-01  3.46744887e-01  3.13015799e-03  6.65241054e-02  2.55056242e+02 
 2.72573283e+15  4.16273215e+35  6.74510000e+00  8.12325393e-01  6.34860000e+00  8.11187565e-01  3.47737914e-01  3.13599667e-03  6.63111625e-02  2.48568928e+02 
 2.73262712e+15  4.19893944e+35  6.74510000e+00  8.15848155e-01  6.35160000e+00  8.14729035e-01  3.48622750e-01  3.06889089e-03  6.61671399e-02  2.42720259e+02 
 2.73952141e+15  4.23534708e+35  6.74510000e+00  8.19358422e-01  6.35360000e+00  8.18232881e-01  3.49502715e-01  3.07113017e-03  6.59610407e-02  2.36825374e+02 
 2.74641570e+15  4.27193426e+35  6.74510000e+00  8.22854038e-01  6.35660000e+00  8.21748625e-01  3.50377218e-01  3.00126510e-03  6.57531143e-02  2.31106759e+02 
 2.75330999e+15  4.30871773e+35  6.74510000e+00  8.26336577e-01  6.35860000e+00  8.25226308e-01  3.51246683e-01  2.99970604e-03  6.55433293e-02  2.25555778e+02 
 2.76020428e+15  4.34569164e+35  6.74510000e+00  8.29805420e-01  6.36160000e+00  8.28716820e-01  3.52110969e-01  2.92682064e-03  6.53317702e-02  2.20167612e+02 
 2.76709857e+15  4.38284520e+35  6.74510000e+00  8.33259522e-01  6.36360000e+00  8.32167655e-01  3.52969836e-01  2.92150196e-03  6.51185536e-02  2.14938227e+02 
 2.77399286e+15  4.42020618e+35  6.74510000e+00  8.36701425e-01  6.36560000e+00  8.35606983e-01  3.53823941e-01  2.91444014e-03  6.49035796e-02  2.09858445e+02 
 2.78088715e+15  4.45774644e+35  6.74510000e+00  8.40128460e-01  6.36860000e+00  8.39058057e-01  3.54672625e-01  2.83685710e-03  6.46870525e-02  2.04927018e+02 
 2.78778144e+15  4.49547890e+35  6.74510000e+00  8.43541791e-01  6.37060000e+00  8.42470422e-01  3.55516202e-01  2.82612294e-03  6.44689555e-02  2.00137265e+02 
 2.79467573e+15  4.53340644e+35  6.74510000e+00  8.46941722e-01  6.37260000e+00  8.45869998e-01  3.56354823e-01  2.81394100e-03  6.42493668e-02  1.95484153e+02 
 2.80157002e+15  4.57151296e+35  6.74510000e+00  8.50326738e-01  6.37460000e+00  8.49255329e-01  3.57188109e-01  2.80018002e-03  6.40284135e-02  1.90965057e+02 
 2.80846431e+15  4.60982579e+35  6.74510000e+00  8.53699087e-01  6.37660000e+00  8.52628912e-01  3.58016533e-01  2.78419220e-03  6.38059152e-02  1.86572315e+02 
 2.81535860e+15  4.64831971e+35  6.74410000e+00  8.57056718e-01  6.37960000e+00  8.56014295e-01  3.58946208e-01  2.69966724e-03  6.36293462e-02  1.82304769e+02 
 2.82225289e+15  4.68700534e+35  6.74410000e+00  8.60400396e-01  6.38160000e+00  8.59360653e-01  3.59764573e-01  2.68064456e-03  6.34041119e-02  1.78156963e+02 
 2.82914718e+15  4.72588683e+35  6.74410000e+00  8.63730482e-01  6.38360000e+00  8.62694143e-01  3.60577975e-01  2.65997774e-03  6.31775970e-02  1.74124650e+02 
 2.83604147e+15  4.76494681e+35  6.74410000e+00  8.67045515e-01  6.38560000e+00  8.66013292e-01  3.61386102e-01  2.63772297e-03  6.29499697e-02  1.70205830e+02 
 2.84293576e+15  4.80421505e+35  6.74410000e+00  8.70347986e-01  6.38760000e+00  8.69320511e-01  3.62189579e-01  2.61409752e-03  6.27211053e-02  1.66393917e+02 
 2.84983005e+15  4.84366255e+35  6.74410000e+00  8.73635279e-01  6.38960000e+00  8.72613512e-01  3.62987688e-01  2.58828207e-03  6.24911487e-02  1.62688209e+02 
 2.85672434e+15  4.88330502e+35  6.74410000e+00  8.76908901e-01  6.39160000e+00  8.75893389e-01  3.63780954e-01  2.56135781e-03  6.22601564e-02  1.59083890e+02 
 2.86361863e+15  4.92314012e+35  6.74410000e+00  8.80168541e-01  6.39360000e+00  8.79159996e-01  3.64569258e-01  2.53291170e-03  6.20281450e-02  1.55577923e+02 
 2.87051292e+15  4.96315736e+35  6.74310000e+00  8.83413339e-01  6.39560000e+00  8.82412484e-01  3.65460823e-01  2.50304073e-03  6.18410786e-02  1.52168119e+02 
 2.87740721e+15  5.00338007e+35  6.74310000e+00  8.86645152e-01  6.39660000e+00  8.85626662e-01  3.66239520e-01  2.53665207e-03  6.16069764e-02  1.48849389e+02 
 2.88430150e+15  5.04378040e+35  6.74310000e+00  8.89861690e-01  6.39860000e+00  8.88852438e-01  3.67012969e-01  2.50315613e-03  6.13720577e-02  1.45621170e+02 
 2.89119579e+15  5.08438291e+35  6.74310000e+00  8.93064968e-01  6.40060000e+00  8.92065600e-01  3.67781718e-01  2.46837373e-03  6.11362558e-02  1.42478702e+02 
 2.89809007e+15  5.12517060e+35  6.74310000e+00  8.96253626e-01  6.40260000e+00  8.95264803e-01  3.68545456e-01  2.43228771e-03  6.08997116e-02  1.39420613e+02 
 2.90498436e+15  5.16614904e+35  6.74210000e+00  8.99428080e-01  6.40460000e+00  8.98450459e-01  3.69413888e-01  2.39501659e-03  6.07074499e-02  1.36443895e+02 
 2.91187865e+15  5.20732402e+35  6.74210000e+00  9.02588732e-01  6.40560000e+00  9.01596957e-01  3.70168133e-01  2.42011207e-03  6.04692428e-02  1.33545520e+02 
 2.91877294e+15  5.24867883e+35  6.74210000e+00  9.05734329e-01  6.40760000e+00  9.04755255e-01  3.70917300e-01  2.37951636e-03  6.02304389e-02  1.30724267e+02 
 2.92566723e+15  5.29024099e+35  6.74210000e+00  9.08866906e-01  6.40960000e+00  9.07901246e-01  3.71661863e-01  2.33753936e-03  5.99909022e-02  1.27975923e+02 
 2.93256152e+15  5.33197962e+35  6.74210000e+00  9.11984242e-01  6.41060000e+00  9.11006447e-01  3.72401379e-01  2.35781666e-03  5.97508946e-02  1.25300288e+02 
 2.93945581e+15  5.37392176e+35  6.74110000e+00  9.15088285e-01  6.41260000e+00  9.14125177e-01  3.73247037e-01  2.31336444e-03  5.95544475e-02  1.22693470e+02 
 2.94635010e+15  5.41604709e+35  6.74110000e+00  9.18177517e-01  6.41460000e+00  9.17229839e-01  3.73977197e-01  2.26739996e-03  5.93131811e-02  1.20154537e+02 
 2.95324439e+15  5.45836652e+35  6.74110000e+00  9.21252740e-01  6.41560000e+00  9.20295000e-01  3.74702600e-01  2.28287847e-03  5.90714251e-02  1.17680827e+02 
 2.96013868e+15  5.50087835e+35  6.74110000e+00  9.24313859e-01  6.41760000e+00  9.23372870e-01  3.75423260e-01  2.23429784e-03  5.88292403e-02  1.15270491e+02 
 2.96703297e+15  5.54357539e+35  6.74010000e+00  9.27360369e-01  6.41860000e+00  9.26410607e-01  3.76250731e-01  2.24690761e-03  5.86301954e-02  1.12922052e+02 
 2.97392726e+15  5.58647346e+35  6.74010000e+00  9.30393403e-01  6.42060000e+00  9.29461697e-01  3.76962197e-01  2.19580428e-03  5.83870739e-02  1.10632743e+02 
 2.98082155e+15  5.62954843e+35  6.74010000e+00  9.33411199e-01  6.42160000e+00  9.32472061e-01  3.77668662e-01  2.20528172e-03  5.81436933e-02  1.08402091e+02 
 2.98771584e+15  5.67283246e+35  6.73910000e+00  9.36416082e-01  6.42260000e+00  9.35470060e-01  3.78483069e-01  2.21353528e-03  5.79429261e-02  1.06226773e+02 
 2.99461013e+15  5.71629114e+35  6.73910000e+00  9.39405663e-01  6.42460000e+00  9.38479732e-01  3.79180401e-01  2.15845240e-03  5.76988336e-02  1.04106788e+02 
 3.00150442e+15  5.75995528e+35  6.73910000e+00  9.42382022e-01  6.42560000e+00  9.41450567e-01  3.79873255e-01  2.16361877e-03  5.74544273e-02  1.02039053e+02 
 3.00839871e+15  5.80379918e+35  6.73810000e+00  9.45343485e-01  6.42760000e+00  9.44433411e-01  3.80674308e-01  2.10626398e-03  5.72523982e-02  1.00023292e+02 
 3.01529300e+15  5.84784182e+35  6.73810000e+00  9.48291317e-01  6.42860000e+00  9.47376957e-01  3.81358040e-01  2.10878244e-03  5.70075065e-02  9.80570485e+01 
 3.02218729e+15  5.89207056e+35  6.73810000e+00  9.51224683e-01  6.42960000e+00  9.50306649e-01  3.82037076e-01  2.10991038e-03  5.67625223e-02  9.61394801e+01 
 3.02908158e+15  5.93649190e+35  6.73710000e+00  9.54144027e-01  6.43160000e+00  9.53249291e-01  3.82825189e-01  2.04901607e-03  5.65594143e-02  9.42689288e+01 
 3.03597587e+15  5.98110506e+35  6.73710000e+00  9.57049295e-01  6.43260000e+00  9.56152187e-01  3.83495251e-01  2.04741999e-03  5.63140769e-02  9.24440108e+01 
 3.04287016e+15  6.02590528e+35  6.73710000e+00  9.59940242e-01  6.43360000e+00  9.59041357e-01  3.84160707e-01  2.04450952e-03  5.60687397e-02  9.06636398e+01 
 3.04976445e+15  6.07090240e+35  6.73610000e+00  9.62817506e-01  6.43460000e+00  9.61917423e-01  3.84936018e-01  2.04043665e-03  5.58648435e-02  8.89261938e+01 
 3.05665874e+15  6.11608166e+35  6.73610000e+00  9.65680123e-01  6.43560000e+00  9.64779486e-01  3.85592536e-01  2.03485751e-03  5.56193628e-02  8.72309406e+01 
 3.06355303e+15  6.16146224e+35  6.73610000e+00  9.68529390e-01  6.43760000e+00  9.67655161e-01  3.86244719e-01  1.96823010e-03  5.53738944e-02  8.55760149e+01 
 3.07044731e+15  6.20702065e+35  6.73510000e+00  9.71363799e-01  6.43860000e+00  9.70490247e-01  3.87007142e-01  1.96031742e-03  5.51695319e-02  8.39611444e+01 
 3.07734160e+15  6.25278418e+35  6.73510000e+00  9.74185100e-01  6.43960000e+00  9.73312797e-01  3.87650553e-01  1.95109102e-03  5.49240675e-02  8.23841942e+01 
 3.08423589e+15  6.29872185e+35  6.73410000e+00  9.76991395e-01  6.44060000e+00  9.76120943e-01  3.88404640e-01  1.94070926e-03  5.47194592e-02  8.08452095e+01 
 3.09113018e+15  6.34486775e+35  6.73410000e+00  9.79784816e-01  6.44160000e+00  9.78916766e-01  3.89039370e-01  1.92908866e-03  5.44741181e-02  7.93419501e+01 
 3.09802447e+15  6.39118473e+35  6.73310000e+00  9.82563075e-01  6.44260000e+00  9.81698085e-01  3.89785171e-01  1.91621077e-03  5.42693573e-02  7.78746641e+01 
 3.10491876e+15  6.43771242e+35  6.73310000e+00  9.85328670e-01  6.44360000e+00  9.84467251e-01  3.90411275e-01  1.90219988e-03  5.40242402e-02  7.64410728e+01 
 3.11181305e+15  6.48441033e+35  6.73210000e+00  9.88079162e-01  6.44460000e+00  9.87221902e-01  3.91148938e-01  1.88711432e-03  5.38194413e-02  7.50415256e+01 
 3.11870734e+15  6.53131759e+35  6.73210000e+00  9.90816851e-01  6.44560000e+00  9.89964372e-01  3.91766416e-01  1.87066426e-03  5.35746376e-02  7.36738715e+01 
 3.12560163e+15  6.57839605e+35  6.73110000e+00  9.93539598e-01  6.44660000e+00  9.92692455e-01  3.92495947e-01  1.85323057e-03  5.33698733e-02  7.23383936e+01 
 3.13249592e+15  6.62568261e+35  6.73110000e+00  9.96249598e-01  6.44760000e+00  9.95408268e-01  3.93104967e-01  1.83477394e-03  5.31255169e-02  7.10331323e+01 
 3.13939021e+15  6.67314093e+35  6.73010000e+00  9.98944698e-01  6.44860000e+00  9.98109852e-01  3.93826446e-01  1.81509308e-03  5.29208880e-02  6.97582951e+01 
 3.14628450e+15  6.72080676e+35  6.73010000e+00  1.00162706e+00  6.44960000e+00  1.00079915e+00  3.94427022e-01  1.79446516e-03  5.26770416e-02  6.85120718e+01 
 3.15317879e+15  6.76864422e+35  6.72910000e+00  1.00429459e+00  6.44960000e+00  1.00344780e+00  3.95140507e-01  1.83034012e-03  5.24726379e-02  6.72946540e+01 
 3.16007308e+15  6.81668927e+35  6.72910000e+00  1.00694941e+00  6.45060000e+00  1.00611076e+00  3.95732690e-01  1.80723376e-03  5.22293755e-02  6.61043228e+01 
 3.16696737e+15  6.86490511e+35  6.72810000e+00  1.00958952e+00  6.45160000e+00  1.00875949e+00  3.96438286e-01  1.78334653e-03  5.20253010e-02  6.49413031e+01 
 3.17386166e+15  6.91332930e+35  6.72810000e+00  1.01221695e+00  6.45260000e+00  1.01139614e+00  3.97022168e-01  1.75820768e-03  5.17827112e-02  6.38039152e+01 
 3.18075595e+15  6.96192272e+35  6.72710000e+00  1.01482969e+00  6.45360000e+00  1.01401857e+00  3.97719901e-01  1.73235618e-03  5.15790329e-02  6.26924407e+01 
 3.18765024e+15  7.01072596e+35  6.72710000e+00  1.01742989e+00  6.45360000e+00  1.01660252e+00  3.98295584e-01  1.76228949e-03  5.13372030e-02  6.16052246e+01 
 3.19454453e+15  7.05969789e+35  6.72610000e+00  1.02001543e+00  6.45460000e+00  1.01919890e+00  3.98985520e-01  1.73416028e-03  5.11339851e-02  6.05425784e+01 
 3.20143882e+15  7.10887827e+35  6.72610000e+00  1.02258845e+00  6.45560000e+00  1.02178324e+00  3.99553059e-01  1.70507648e-03  5.08929964e-02  5.95029606e+01 
 3.20833311e+15  7.15822913e+35  6.72510000e+00  1.02514700e+00  6.45560000e+00  1.02432705e+00  4.00235299e-01  1.73178101e-03  5.06903178e-02  5.84866046e+01 
 3.21522740e+15  7.20778524e+35  6.72410000e+00  1.02769294e+00  6.45660000e+00  1.02688529e+00  4.00914038e-01  1.70095301e-03  5.04877995e-02  5.74921792e+01 
 3.22212169e+15  7.25751486e+35  6.72410000e+00  1.03022464e+00  6.45760000e+00  1.02942985e+00  4.01469394e-01  1.66898028e-03  5.02481868e-02  5.65197118e+01 
 3.22901598e+15  7.30744578e+35  6.72310000e+00  1.03274355e+00  6.45760000e+00  1.03193557e+00  4.02140461e-01  1.69242401e-03  5.00463161e-02  5.55681433e+01 
 3.23591027e+15  7.35755397e+35  6.72210000e+00  1.03524850e+00  6.45860000e+00  1.03445446e+00  4.02807711e-01  1.65853078e-03  4.98447669e-02  5.46373640e+01 
 3.24280455e+15  7.40785877e+35  6.72210000e+00  1.03774057e+00  6.45960000e+00  1.03696086e+00  4.03351360e-01  1.62392312e-03  4.96065543e-02  5.37264694e+01 
 3.24969884e+15  7.45834530e+35  6.72110000e+00  1.04021896e+00  6.45960000e+00  1.03942761e+00  4.04011119e-01  1.64410831e-03  4.94057417e-02  5.28352492e+01 
 3.25659313e+15  7.50902301e+35  6.72110000e+00  1.04268429e+00  6.46060000e+00  1.04190825e+00  4.04546886e-01  1.60770553e-03  4.91686442e-02  5.19630040e+01 
 3.26348742e+15  7.55988765e+35  6.72010000e+00  1.04513628e+00  6.46060000e+00  1.04434954e+00  4.05199234e-01  1.62590594e-03  4.89686314e-02  5.11093548e+01 
 3.27038171e+15  7.61093725e+35  6.71910000e+00  1.04757501e+00  6.46160000e+00  1.04680453e+00  4.05848017e-01  1.58791281e-03  4.87690048e-02  5.02738512e+01 
 3.27727600e+15  7.66217974e+35  6.71810000e+00  1.05000070e+00  6.46160000e+00  1.04922063e+00  4.06493176e-01  1.60380361e-03  4.85696825e-02  4.94558906e+01 
 3.28417029e+15  7.71360019e+35  6.71810000e+00  1.05241289e+00  6.46260000e+00  1.05165010e+00  4.07013503e-01  1.56388744e-03  4.83348022e-02  4.86552663e+01 
 3.29106458e+15  7.76522024e+35  6.71710000e+00  1.05481261e+00  6.46260000e+00  1.05404095e+00  4.07651477e-01  1.57833154e-03  4.81364241e-02  4.78712444e+01 
 3.29795887e+15  7.81701048e+35  6.71610000e+00  1.05719847e+00  6.46360000e+00  1.05644498e+00  4.08285742e-01  1.53699326e-03  4.79385258e-02  4.71038268e+01 
 3.30485316e+15  7.86900777e+35  6.71610000e+00  1.05957224e+00  6.46360000e+00  1.05881083e+00  4.08794877e-01  1.54940492e-03  4.77054053e-02  4.63520441e+01 
 3.31174745e+15  7.92117359e+35  6.71510000e+00  1.06193215e+00  6.46360000e+00  1.06116339e+00  4.09421905e-01  1.56073189e-03  4.75084768e-02  4.56160900e+01 
 3.31864174e+15  7.97354089e+35  6.71410000e+00  1.06427989e+00  6.46460000e+00  1.06353070e+00  4.10045669e-01  1.51693189e-03  4.73119553e-02  4.48951089e+01 
 3.32553603e+15  8.02608354e+35  6.71310000e+00  1.06661423e+00  6.46460000e+00  1.06585841e+00  4.10665868e-01  1.52685222e-03  4.71159421e-02  4.41890811e+01 
 3.33243032e+15  8.07881811e+35  6.71310000e+00  1.06893587e+00  6.46460000e+00  1.06817405e+00  4.11160017e-01  1.53535130e-03  4.68853853e-02  4.34973895e+01 
 3.33932461e+15  8.13173721e+35  6.71210000e+00  1.07124473e+00  6.46560000e+00  1.07050384e+00  4.11773180e-01  1.48922431e-03  4.66904457e-02  4.28198350e+01 
 3.34621890e+15  8.18483787e+35  6.71110000e+00  1.07354062e+00  6.46560000e+00  1.07279445e+00  4.12382873e-01  1.49643450e-03  4.64960106e-02  4.21560802e+01 
 3.35311319e+15  8.23813304e+35  6.71010000e+00  1.07582410e+00  6.46560000e+00  1.07507319e+00  4.12989214e-01  1.50258951e-03  4.63020266e-02  4.15056281e+01 
 3.36000748e+15  8.29159858e+35  6.71010000e+00  1.07809435e+00  6.46660000e+00  1.07736559e+00  4.13468803e-01  1.45432715e-03  4.60742832e-02  4.08684422e+01 
 3.36690177e+15  8.34526939e+35  6.70910000e+00  1.08035267e+00  6.46660000e+00  1.07962013e+00  4.14068222e-01  1.45862594e-03  4.58814475e-02  4.02438072e+01 
 3.37379606e+15  8.39910836e+35  6.70810000e+00  1.08259782e+00  6.46660000e+00  1.08186159e+00  4.14664265e-01  1.46276983e-03  4.56892597e-02  3.96318545e+01 
 3.38069035e+15  8.45314460e+35  6.70710000e+00  1.08483079e+00  6.46660000e+00  1.08409156e+00  4.15256973e-01  1.46551564e-03  4.54975234e-02  3.90319296e+01 
 3.38758464e+15  8.50735866e+35  6.70610000e+00  1.08705102e+00  6.46760000e+00  1.08633574e+00  4.15846359e-01  1.41433584e-03  4.53063869e-02  3.84439758e+01 
 3.39447893e+15  8.56175693e+35  6.70610000e+00  1.08925877e+00  6.46760000e+00  1.08854119e+00  4.16308222e-01  1.41571456e-03  4.50821713e-02  3.78676187e+01 
 3.40137322e+15  8.61634560e+35  6.70510000e+00  1.09145428e+00  6.46760000e+00  1.09073494e+00  4.16890842e-01  1.41610348e-03  4.48922648e-02  3.73025438e+01 
 3.40826751e+15  8.67110460e+35  6.70410000e+00  1.09363697e+00  6.46760000e+00  1.09291596e+00  4.17470183e-01  1.41636165e-03  4.47030289e-02  3.67486884e+01 
 3.41516179e+15  8.72606738e+35  6.70310000e+00  1.09580797e+00  6.46760000e+00  1.09508600e+00  4.18046331e-01  1.41523827e-03  4.45142613e-02  3.62054345e+01 
 3.42205608e+15  8.78119792e+35  6.70210000e+00  1.09796608e+00  6.46760000e+00  1.09724348e+00  4.18619142e-01  1.41346395e-03  4.43261615e-02  3.56728985e+01 
 3.42895037e+15  8.83652215e+35  6.70110000e+00  1.10011241e+00  6.46760000e+00  1.09938937e+00  4.19188878e-01  1.41132492e-03  4.41386443e-02  3.51505844e+01 
 3.43584466e+15  8.89202614e+35  6.70010000e+00  1.10224633e+00  6.46860000e+00  1.10155010e+00  4.19755339e-01  1.35552737e-03  4.39517359e-02  3.46383761e+01 
 3.44273895e+15  8.94770801e+35  6.70010000e+00  1.10436788e+00  6.46860000e+00  1.10367222e+00  4.20193054e-01  1.35147670e-03  4.37327908e-02  3.41360411e+01 
 3.44963324e+15  9.00358489e+35  6.69910000e+00  1.10647777e+00  6.46860000e+00  1.10578305e+00  4.20753012e-01  1.34683666e-03  4.35472240e-02  3.36432299e+01 
 3.45652753e+15  9.05962918e+35  6.69810000e+00  1.10857499e+00  6.46860000e+00  1.10788162e+00  4.21309674e-01  1.34143064e-03  4.33623385e-02  3.31599470e+01 
 3.46342182e+15  9.11587220e+35  6.69710000e+00  1.11066095e+00  6.46860000e+00  1.10996895e+00  4.21863465e-01  1.33602797e-03  4.31780740e-02  3.26857191e+01 
 3.47031611e+15  9.17228865e+35  6.69610000e+00  1.11273450e+00  6.46860000e+00  1.11204447e+00  4.22413970e-01  1.32947171e-03  4.29944536e-02  3.22205322e+01 
 3.47721040e+15  9.22888605e+35  6.69510000e+00  1.11479606e+00  6.46860000e+00  1.11410843e+00  4.22961352e-01  1.32213604e-03  4.28114824e-02  3.17641228e+01 
 3.48410469e+15  9.28567405e+35  6.69410000e+00  1.11684605e+00  6.46860000e+00  1.11616120e+00  4.23505707e-01  1.31412715e-03  4.26291316e-02  3.13162162e+01 
 3.49099898e+15  9.34262905e+35  6.69310000e+00  1.11888369e+00  6.46860000e+00  1.11820194e+00  4.24046894e-01  1.30551907e-03  4.24474996e-02  3.08768037e+01 
 3.49789327e+15  9.39978328e+35  6.69210000e+00  1.12091017e+00  6.46860000e+00  1.12023189e+00  4.24585139e-01  1.29623882e-03  4.22664622e-02  3.04454463e+01 
 3.50478756e+15  9.45710902e+35  6.69110000e+00  1.12292458e+00  6.46860000e+00  1.12225009e+00  4.25120292e-01  1.28640668e-03  4.20861380e-02  3.00221725e+01 
 3.51168185e+15  9.51461421e+35  6.69010000e+00  1.12492721e+00  6.46860000e+00  1.12425690e+00  4.25652383e-01  1.27587198e-03  4.19064862e-02  2.96067379e+01 
 3.51857614e+15  9.57231003e+35  6.69010000e+00  1.12691860e+00  6.46860000e+00  1.12625272e+00  4.26054133e-01  1.26477470e-03  4.16962989e-02  2.91988803e+01 
 3.52547043e+15  9.63017241e+35  6.68910000e+00  1.12889787e+00  6.46860000e+00  1.12823681e+00  4.26580033e-01  1.25311849e-03  4.15181610e-02  2.87986186e+01 
 3.53236472e+15  9.68822987e+35  6.68810000e+00  1.13086610e+00  6.46760000e+00  1.13018350e+00  4.27103059e-01  1.29208382e-03  4.13406591e-02  2.84055782e+01 
 3.53925901e+15  9.74646145e+35  6.68710000e+00  1.13282266e+00  6.46760000e+00  1.13214553e+00  4.27623113e-01  1.27921445e-03  4.11638811e-02  2.80197425e+01 
 3.54615330e+15  9.80486629e+35  6.68610000e+00  1.13476752e+00  6.46760000e+00  1.13409621e+00  4.28140153e-01  1.26571910e-03  4.09878160e-02  2.76409527e+01 
 3.55304759e+15  9.86346636e+35  6.68510000e+00  1.13670149e+00  6.46760000e+00  1.13603633e+00  4.28654366e-01  1.25165976e-03  4.08123961e-02  2.72689151e+01 
 3.55994188e+15  9.92223248e+35  6.68410000e+00  1.13862360e+00  6.46760000e+00  1.13796511e+00  4.29165515e-01  1.23665471e-03  4.06377073e-02  2.69036602e+01 
 3.56683617e+15  9.98118482e+35  6.68310000e+00  1.14053465e+00  6.46760000e+00  1.13988309e+00  4.29673833e-01  1.22125258e-03  4.04637084e-02  2.65449210e+01 
 3.57373046e+15  1.00403185e+36  6.68210000e+00  1.14243457e+00  6.46760000e+00  1.14179006e+00  4.30179326e-01  1.20567661e-03  4.02904271e-02  2.61925884e+01 
 3.58062475e+15  1.00996179e+36  6.68110000e+00  1.14432288e+00  6.46660000e+00  1.14365905e+00  4.30681880e-01  1.24014251e-03  4.01179071e-02  2.58466102e+01 
 3.58751903e+15  1.01591149e+36  6.68010000e+00  1.14620063e+00  6.46660000e+00  1.14554452e+00  4.31181692e-01  1.22335795e-03  3.99460362e-02  2.55066647e+01 
 3.59441332e+15  1.02187809e+36  6.67910000e+00  1.14806691e+00  6.46660000e+00  1.14741903e+00  4.31678551e-01  1.20566170e-03  3.97748977e-02  2.51727806e+01 
 3.60130761e+15  1.02786194e+36  6.67810000e+00  1.14992196e+00  6.46660000e+00  1.14928255e+00  4.32172567e-01  1.18760407e-03  3.96045036e-02  2.48448111e+01 
 3.60820190e+15  1.03386511e+36  6.67710000e+00  1.15176656e+00  6.46560000e+00  1.15110896e+00  4.32663932e-01  1.21977462e-03  3.94348025e-02  2.45225221e+01 
 3.61509619e+15  1.03988479e+36  6.67610000e+00  1.15359982e+00  6.46560000e+00  1.15295110e+00  4.33152448e-01  1.20102626e-03  3.92658739e-02  2.42059374e+01 
 3.62199048e+15  1.04592260e+36  6.67410000e+00  1.15542210e+00  6.46560000e+00  1.15478304e+00  4.33768054e-01  1.18096712e-03  3.91269267e-02  2.38948500e+01 
 3.62888477e+15  1.05197876e+36  6.67310000e+00  1.15723388e+00  6.46560000e+00  1.15660424e+00  4.34251242e-01  1.16134211e-03  3.89592986e-02  2.35891323e+01 
 3.63577906e+15  1.05805140e+36  6.67210000e+00  1.15903452e+00  6.46460000e+00  1.15838782e+00  4.34731632e-01  1.19127123e-03  3.87924476e-02  2.32887645e+01 
 3.64267335e+15  1.06414286e+36  6.67110000e+00  1.16082453e+00  6.46460000e+00  1.16018839e+00  4.35209190e-01  1.16958603e-03  3.86262426e-02  2.29935069e+01 
 3.64956764e+15  1.07025186e+36  6.67010000e+00  1.16260398e+00  6.46460000e+00  1.16197811e+00  4.35684186e-01  1.14852621e-03  3.84608267e-02  2.27033366e+01 
 3.65646193e+15  1.07637730e+36  6.66910000e+00  1.16437235e+00  6.46360000e+00  1.16373048e+00  4.36156345e-01  1.17640633e-03  3.82961637e-02  2.24181815e+01 
 3.66335622e+15  1.08252212e+36  6.66810000e+00  1.16613059e+00  6.46360000e+00  1.16549988e+00  4.36625899e-01  1.15377878e-03  3.81321788e-02  2.21378063e+01 
 3.67025051e+15  1.08868380e+36  6.66710000e+00  1.16787818e+00  6.46360000e+00  1.16725853e+00  4.37092845e-01  1.13141530e-03  3.79689861e-02  2.18622318e+01 
