# rhoc (cgs) 	 Pc (cgs) 	 R (km) 	 M (msol) 	 R_core (km) 	 M_core (msol) 	 I/(MR^2) 	 I_crust/(M_crust R_crust^2)/(I/(MR^2)) 	 k_2 	 Lambda 
 2.30000000e+14  2.74261122e+33  2.00801000e+01  1.68068787e-01  7.89060000e+00  1.34615204e-01  7.05626966e-02  3.82105400e-01  7.90316996e-03  1.82710592e+07 
 2.36255903e+14  2.92468202e+33  1.94061000e+01  1.74053076e-01  7.96860000e+00  1.41333192e-01  7.56676385e-02  3.63523380e-01  9.29820856e-03  1.52142473e+07 
 2.42511805e+14  3.11402641e+33  1.88111000e+01  1.80143790e-01  8.04260000e+00  1.48104250e-01  8.06997784e-02  3.46239323e-01  1.07977764e-02  1.27314303e+07 
 2.48767708e+14  3.31081499e+33  1.82821000e+01  1.86344709e-01  8.11360000e+00  1.54952495e-01  8.56573638e-02  3.30005427e-01  1.23959273e-02  1.07002140e+07 
 2.55023610e+14  3.51893672e+33  1.78001000e+01  1.92772091e-01  8.18360000e+00  1.62022258e-01  9.06334911e-02  3.14353928e-01  1.41203433e-02  9.00129615e+06 
 2.61279513e+14  3.73682192e+33  1.73651000e+01  1.99367442e-01  8.25260000e+00  1.69266294e-01  9.55582065e-02  2.99275700e-01  1.59440987e-02  7.59073115e+06 
 2.67535416e+14  3.96334760e+33  1.69721000e+01  2.06093733e-01  8.31860000e+00  1.76594979e-01  1.00412652e-01  2.85226508e-01  1.78547863e-02  6.42209934e+06 
 2.73791318e+14  4.19935498e+33  1.66151000e+01  2.12974072e-01  8.38260000e+00  1.84051911e-01  1.05203550e-01  2.71963844e-01  1.98482261e-02  5.44717339e+06 
 2.80047221e+14  4.35279272e+33  1.64111000e+01  2.17298595e-01  8.42160000e+00  1.88737013e-01  1.08118862e-01  2.64021226e-01  2.11120556e-02  4.92609482e+06 
 2.86303124e+14  4.52234110e+33  1.62071000e+01  2.21889988e-01  8.46160000e+00  1.93706132e-01  1.11159751e-01  2.55935706e-01  2.24712283e-02  4.43642570e+06 
 2.92559026e+14  4.69465844e+33  1.60211000e+01  2.26377021e-01  8.49860000e+00  1.98537857e-01  1.14046343e-01  2.48510943e-01  2.37974876e-02  4.01235587e+06 
 2.98814929e+14  4.86960278e+33  1.58491000e+01  2.30761102e-01  8.53360000e+00  2.03261653e-01  1.16810697e-01  2.41494673e-01  2.51006600e-02  3.64303653e+06 
 3.05070831e+14  5.04715580e+33  1.56901000e+01  2.35046887e-01  8.56660000e+00  2.07879306e-01  1.19448565e-01  2.34874365e-01  2.63727082e-02  3.31954953e+06 
 3.11326734e+14  5.22729960e+33  1.55421000e+01  2.39238801e-01  8.59760000e+00  2.12392154e-01  1.21974118e-01  2.28641623e-01  2.76160402e-02  3.03473093e+06 
 3.17582637e+14  5.41005605e+33  1.54031000e+01  2.43341892e-01  8.62660000e+00  2.16801984e-01  1.24405911e-01  2.22790743e-01  2.88366063e-02  2.78271544e+06 
 3.23838539e+14  5.59549130e+33  1.52741000e+01  2.47361752e-01  8.65460000e+00  2.21142562e-01  1.26716773e-01  2.17092092e-01  3.00144118e-02  2.55866612e+06 
 3.30094442e+14  5.78346497e+33  1.51521000e+01  2.51299265e-01  8.67960000e+00  2.25349349e-01  1.28946028e-01  2.11994890e-01  3.11686877e-02  2.35882077e+06 
 3.36350345e+14  5.97396072e+33  1.50371000e+01  2.55157915e-01  8.70460000e+00  2.29517928e-01  1.31086244e-01  2.06822715e-01  3.22918336e-02  2.17989866e+06 
 3.42606247e+14  6.16696251e+33  1.49281000e+01  2.58940976e-01  8.72760000e+00  2.33585708e-01  1.33148036e-01  2.02025701e-01  3.33873621e-02  2.01915316e+06 
 3.48862150e+14  6.36251603e+33  1.48251000e+01  2.62652662e-01  8.74860000e+00  2.37554064e-01  1.35125590e-01  1.97602670e-01  3.44488583e-02  1.87422764e+06 
 3.55118052e+14  6.56064543e+33  1.47271000e+01  2.66296446e-01  8.76860000e+00  2.41456193e-01  1.37031823e-01  1.93331785e-01  3.54819433e-02  1.74315137e+06 
 3.61373955e+14  6.76123385e+33  1.46341000e+01  2.69873093e-01  8.78860000e+00  2.45323555e-01  1.38862245e-01  1.88995169e-01  3.64815748e-02  1.62432943e+06 
 3.67629858e+14  6.96426651e+33  1.45451000e+01  2.73385171e-01  8.80660000e+00  2.49091973e-01  1.40631876e-01  1.85035461e-01  3.74555439e-02  1.51632843e+06 
 3.73885760e+14  7.16972894e+33  1.44601000e+01  2.76835094e-01  8.82360000e+00  2.52794377e-01  1.42337555e-01  1.81233902e-01  3.84000138e-02  1.41791607e+06 
 3.80141663e+14  7.37771038e+33  1.43791000e+01  2.80226798e-01  8.83960000e+00  2.56432851e-01  1.43976187e-01  1.77592229e-01  3.93110674e-02  1.32798575e+06 
 3.86397566e+14  7.58815250e+33  1.43001000e+01  2.83561588e-01  8.85460000e+00  2.60007155e-01  1.45585431e-01  1.74112200e-01  4.02130583e-02  1.24564376e+06 
 3.92653468e+14  7.80098172e+33  1.42251000e+01  2.86840516e-01  8.86860000e+00  2.63516870e-01  1.47122877e-01  1.70795490e-01  4.10756880e-02  1.17011189e+06 
 3.98909371e+14  8.01618461e+33  1.41531000e+01  2.90065509e-01  8.88160000e+00  2.66962465e-01  1.48606576e-01  1.67643562e-01  4.19100306e-02  1.10068684e+06 
 4.05165273e+14  8.23374824e+33  1.40831000e+01  2.93238403e-01  8.89460000e+00  2.70377660e-01  1.50055891e-01  1.64444631e-01  4.27286824e-02  1.03675221e+06 
 4.11421176e+14  8.45382257e+33  1.40161000e+01  2.96363201e-01  8.90560000e+00  2.73698586e-01  1.51448154e-01  1.61626744e-01  4.35144561e-02  9.77724479e+05 
 4.17677079e+14  8.67623089e+33  1.39511000e+01  2.99439121e-01  8.91760000e+00  2.77023450e-01  1.52803380e-01  1.58554420e-01  4.42808674e-02  9.23175060e+05 
 4.23932981e+14  8.90096065e+33  1.38881000e+01  3.02467732e-01  8.92760000e+00  2.80252570e-01  1.54120566e-01  1.55865320e-01  4.50264557e-02  8.72680090e+05 
 4.30188884e+14  9.12799954e+33  1.38271000e+01  3.05450521e-01  8.93760000e+00  2.83453278e-01  1.55398701e-01  1.53138356e-01  4.57497652e-02  8.25863773e+05 
 4.36444787e+14  9.35741264e+33  1.37681000e+01  3.08389874e-01  8.94660000e+00  2.86593441e-01  1.56636739e-01  1.50585192e-01  4.64492527e-02  7.82377980e+05 
 4.42700689e+14  9.58919726e+33  1.37111000e+01  3.11287173e-01  8.95560000e+00  2.89707191e-01  1.57833665e-01  1.47998386e-01  4.71234736e-02  7.41926764e+05 
 4.48956592e+14  9.82325452e+33  1.36551000e+01  3.14142574e-01  8.96360000e+00  2.92760191e-01  1.59011805e-01  1.45588069e-01  4.77886262e-02  7.04260547e+05 
 4.55212494e+14  1.00595729e+34  1.36011000e+01  3.16957305e-01  8.97060000e+00  2.95752779e-01  1.60147400e-01  1.43354440e-01  4.84264358e-02  6.69140359e+05 
 4.61468397e+14  1.02981461e+34  1.35491000e+01  3.19732597e-01  8.97760000e+00  2.98719255e-01  1.61239451e-01  1.41092250e-01  4.90355166e-02  6.36351100e+05 
 4.67724300e+14  1.05391171e+34  1.34981000e+01  3.22471288e-01  8.98460000e+00  3.01661819e-01  1.62310927e-01  1.38803384e-01  4.96326923e-02  6.05681288e+05 
 4.73980202e+14  1.07823150e+34  1.34481000e+01  3.25172563e-01  8.99060000e+00  3.04545076e-01  1.63361682e-01  1.36694450e-01  5.02177103e-02  5.76979605e+05 
 4.80236105e+14  1.10277288e+34  1.33991000e+01  3.27837450e-01  8.99660000e+00  3.07403396e-01  1.64391463e-01  1.34562304e-01  5.07900971e-02  5.50088735e+05 
 4.86492008e+14  1.12753480e+34  1.33521000e+01  3.30466927e-01  9.00160000e+00  3.10203134e-01  1.65375226e-01  1.32611091e-01  5.13301470e-02  5.24866384e+05 
 4.92747910e+14  1.15252735e+34  1.33061000e+01  3.33063083e-01  9.00660000e+00  3.12979871e-01  1.66336927e-01  1.30638728e-01  5.18559101e-02  5.01173460e+05 
 4.99003813e+14  1.17774362e+34  1.32611000e+01  3.35626144e-01  9.01160000e+00  3.15733353e-01  1.67276325e-01  1.28647286e-01  5.23670037e-02  4.78900113e+05 
 5.05259715e+14  1.20317724e+34  1.32171000e+01  3.38156414e-01  9.01560000e+00  3.18429235e-01  1.68193178e-01  1.26838474e-01  5.28630415e-02  4.57944932e+05 
 5.11515618e+14  1.22882718e+34  1.31741000e+01  3.40654727e-01  9.01960000e+00  3.21102029e-01  1.69087195e-01  1.25012694e-01  5.33435620e-02  4.38210794e+05 
 5.17771521e+14  1.25469912e+34  1.31321000e+01  3.43122506e-01  9.02260000e+00  3.23718513e-01  1.69958022e-01  1.23369486e-01  5.38080050e-02  4.19604513e+05 
 5.24027423e+14  1.28079528e+34  1.30901000e+01  3.45560771e-01  9.02660000e+00  3.26347781e-01  1.70831432e-01  1.21513001e-01  5.42765959e-02  4.02044044e+05 
 5.30283326e+14  1.30710477e+34  1.30501000e+01  3.47969304e-01  9.02860000e+00  3.28886418e-01  1.71655203e-01  1.20037533e-01  5.47078069e-02  3.85462567e+05 
 5.36539229e+14  1.33362662e+34  1.30101000e+01  3.50348813e-01  9.03160000e+00  3.31437585e-01  1.72481431e-01  1.18351935e-01  5.51428779e-02  3.69792183e+05 
 5.42795131e+14  1.36036321e+34  1.29711000e+01  3.52700276e-01  9.03460000e+00  3.33967646e-01  1.73283664e-01  1.16654860e-01  5.55605757e-02  3.54968778e+05 
 5.49051034e+14  1.38732356e+34  1.29331000e+01  3.55025175e-01  9.03660000e+00  3.36443449e-01  1.74061486e-01  1.15141681e-01  5.59602976e-02  3.40930476e+05 
 5.55306936e+14  1.41449343e+34  1.28961000e+01  3.57322967e-01  9.03860000e+00  3.38898412e-01  1.74814693e-01  1.13618079e-01  5.63418162e-02  3.27632158e+05 
 5.61562839e+14  1.44187190e+34  1.28601000e+01  3.59594259e-01  9.03960000e+00  3.41298482e-01  1.75542955e-01  1.12278289e-01  5.67047007e-02  3.15025294e+05 
 5.67818742e+14  1.46945916e+34  1.28241000e+01  3.61839735e-01  9.04160000e+00  3.43712788e-01  1.76273435e-01  1.10736267e-01  5.70707716e-02  3.03064676e+05 
 5.74074644e+14  1.49726881e+34  1.27881000e+01  3.64061098e-01  9.04260000e+00  3.46074078e-01  1.77006232e-01  1.09378042e-01  5.74399886e-02  2.91703386e+05 
 5.80330547e+14  1.52528435e+34  1.27541000e+01  3.66257620e-01  9.04360000e+00  3.48415673e-01  1.77685975e-01  1.08012025e-01  5.77674647e-02  2.80910150e+05 
 5.86586450e+14  1.55350491e+34  1.27201000e+01  3.68429833e-01  9.04360000e+00  3.50703462e-01  1.78367878e-01  1.06829572e-01  5.80978932e-02  2.70649635e+05 
 5.92842352e+14  1.58192965e+34  1.26861000e+01  3.70578253e-01  9.04460000e+00  3.53006538e-01  1.79052149e-01  1.05449867e-01  5.84314387e-02  2.60889117e+05 
 5.99098255e+14  1.61057434e+34  1.26531000e+01  3.72704595e-01  9.04460000e+00  3.55257645e-01  1.79710413e-01  1.04253337e-01  5.87447771e-02  2.51593032e+05 
 6.05354157e+14  1.63942155e+34  1.26211000e+01  3.74808077e-01  9.04560000e+00  3.57524546e-01  1.80342486e-01  1.02862395e-01  5.90377704e-02  2.42739058e+05 
 6.11610060e+14  1.66847038e+34  1.25891000e+01  3.76889157e-01  9.04560000e+00  3.59738673e-01  1.80976782e-01  1.01655455e-01  5.93335956e-02  2.34301056e+05 
 6.17865963e+14  1.69772002e+34  1.25581000e+01  3.78948295e-01  9.04460000e+00  3.61900281e-01  1.81584553e-01  1.00631285e-01  5.96086519e-02  2.26254685e+05 
 6.24121865e+14  1.72718615e+34  1.25271000e+01  3.80987049e-01  9.04460000e+00  3.64079664e-01  1.82194382e-01  9.94146897e-02  5.98862040e-02  2.18573155e+05 
 6.30377768e+14  1.75685168e+34  1.24961000e+01  3.83004690e-01  9.04460000e+00  3.66241411e-01  1.82806591e-01  9.81948853e-02  6.01666353e-02  2.11239974e+05 
 6.36633671e+14  1.78671559e+34  1.24661000e+01  3.85001609e-01  9.04360000e+00  3.68351357e-01  1.83391903e-01  9.71577274e-02  6.04258256e-02  2.04235524e+05 
 6.42889573e+14  1.81677761e+34  1.24371000e+01  3.86978243e-01  9.04260000e+00  3.70444172e-01  1.83949970e-01  9.61172315e-02  6.06633976e-02  1.97541342e+05 
 6.49145476e+14  1.84705270e+34  1.24081000e+01  3.88935980e-01  9.04160000e+00  3.72521184e-01  1.84510037e-01  9.50732300e-02  6.09032943e-02  1.91137095e+05 
 6.55401378e+14  1.87752380e+34  1.23791000e+01  3.90874118e-01  9.04060000e+00  3.74581461e-01  1.85072400e-01  9.40268862e-02  6.11458754e-02  1.85010482e+05 
 6.61657281e+14  1.90819016e+34  1.23511000e+01  3.92793022e-01  9.03960000e+00  3.76625228e-01  1.85607127e-01  9.29786579e-02  6.13663917e-02  1.79146504e+05 
 6.67913184e+14  1.93905325e+34  1.23231000e+01  3.94693179e-01  9.03860000e+00  3.78652847e-01  1.86144063e-01  9.19289077e-02  6.15894489e-02  1.73530756e+05 
 6.74169086e+14  1.97012471e+34  1.22961000e+01  3.96575671e-01  9.03760000e+00  3.80665331e-01  1.86652837e-01  9.08775746e-02  6.17898178e-02  1.68148070e+05 
 6.80424989e+14  2.00138917e+34  1.22681000e+01  3.98439923e-01  9.03560000e+00  3.82627570e-01  1.87194288e-01  9.00068630e-02  6.20179315e-02  1.62988874e+05 
 6.86680892e+14  2.03284590e+34  1.22421000e+01  4.00286259e-01  9.03360000e+00  3.84574121e-01  1.87676971e-01  8.91347874e-02  6.21980539e-02  1.58041586e+05 
 6.92936794e+14  2.06449897e+34  1.22151000e+01  4.02115272e-01  9.03260000e+00  3.86539832e-01  1.88192496e-01  8.80813610e-02  6.24060103e-02  1.53294684e+05 
 6.99192697e+14  2.09635497e+34  1.21891000e+01  4.03927668e-01  9.03060000e+00  3.88456671e-01  1.88679410e-01  8.72074780e-02  6.25908148e-02  1.48737053e+05 
 7.05448599e+14  2.12840108e+34  1.21641000e+01  4.05723038e-01  9.02860000e+00  3.90358394e-01  1.89137490e-01  8.63332582e-02  6.27523314e-02  1.44360976e+05 
 7.11704502e+14  2.16063659e+34  1.21381000e+01  4.07501672e-01  9.02660000e+00  3.92245198e-01  1.89628893e-01  8.54590168e-02  6.29421006e-02  1.40157452e+05 
 7.17960405e+14  2.19306899e+34  1.21131000e+01  4.09264298e-01  9.02460000e+00  3.94117758e-01  1.90091276e-01  8.45847114e-02  6.31083415e-02  1.36116996e+05 
 7.24216307e+14  2.22569818e+34  1.20881000e+01  4.11011200e-01  9.02260000e+00  3.95976267e-01  1.90555825e-01  8.37106274e-02  6.32769120e-02  1.32231704e+05 
 7.30472210e+14  2.25851470e+34  1.20641000e+01  4.12742164e-01  9.01960000e+00  3.97786151e-01  1.90991037e-01  8.30141703e-02  6.34217080e-02  1.28495160e+05 
 7.36728113e+14  2.29151787e+34  1.20401000e+01  4.14457458e-01  9.01760000e+00  3.99616068e-01  1.91428384e-01  8.21413833e-02  6.35688447e-02  1.24900269e+05 
 7.42984015e+14  2.32471937e+34  1.20161000e+01  4.16157962e-01  9.01560000e+00  4.01432631e-01  1.91867821e-01  8.12694647e-02  6.37181939e-02  1.21439080e+05 
 7.49239918e+14  2.35811083e+34  1.19921000e+01  4.17843510e-01  9.01260000e+00  4.03201390e-01  1.92309497e-01  8.05741454e-02  6.38699245e-02  1.18106197e+05 
 7.55495820e+14  2.39168694e+34  1.19691000e+01  4.19514101e-01  9.01060000e+00  4.04990602e-01  1.92721313e-01  7.97047649e-02  6.39974071e-02  1.14896135e+05 
 7.61751723e+14  2.42544731e+34  1.19461000e+01  4.21169992e-01  9.00760000e+00  4.06732136e-01  1.93135281e-01  7.90115212e-02  6.41272105e-02  1.11803231e+05 
 7.68007626e+14  2.45940782e+34  1.19231000e+01  4.22812207e-01  9.00460000e+00  4.08461199e-01  1.93551305e-01  7.83188116e-02  6.42591430e-02  1.08820735e+05 
 7.74263528e+14  2.49355104e+34  1.19011000e+01  4.24440130e-01  9.00160000e+00  4.10177030e-01  1.93937005e-01  7.76273523e-02  6.43664328e-02  1.05945167e+05 
 7.80519431e+14  2.52787634e+34  1.18781000e+01  4.26053993e-01  8.99960000e+00  4.11913862e-01  1.94357514e-01  7.67646630e-02  6.45031216e-02  1.03171750e+05 
 7.86775334e+14  2.56238898e+34  1.18561000e+01  4.27654279e-01  8.99660000e+00  4.13603989e-01  1.94747505e-01  7.60766095e-02  6.46149627e-02  1.00495505e+05 
 7.93031236e+14  2.59709363e+34  1.18351000e+01  4.29241425e-01  8.99360000e+00  4.15281912e-01  1.95106603e-01  7.53899432e-02  6.47016267e-02  9.79118138e+04 
 7.99287139e+14  2.63197849e+34  1.18131000e+01  4.30815114e-01  8.99060000e+00  4.16947194e-01  1.95500800e-01  7.47052412e-02  6.48178956e-02  9.54175044e+04 
 8.05543041e+14  2.66704294e+34  1.17921000e+01  4.32375548e-01  8.98760000e+00  4.18599985e-01  1.95864069e-01  7.40226127e-02  6.49090267e-02  9.30087087e+04 
 8.11798944e+14  2.70229860e+34  1.17711000e+01  4.33923458e-01  8.98360000e+00  4.20207074e-01  1.96229321e-01  7.35120965e-02  6.50022268e-02  9.06809827e+04 
 8.18054847e+14  2.73773754e+34  1.17501000e+01  4.35458687e-01  8.98060000e+00  4.21836160e-01  1.96596669e-01  7.28329513e-02  6.50976232e-02  8.84314067e+04 
 8.24310749e+14  2.77335426e+34  1.17291000e+01  4.36981217e-01  8.97760000e+00  4.23453159e-01  1.96966212e-01  7.21562953e-02  6.51953176e-02  8.62570064e+04 
 8.30566652e+14  2.80915025e+34  1.17081000e+01  4.38491316e-01  8.97460000e+00  4.25058304e-01  1.97337972e-01  7.14821643e-02  6.52953069e-02  8.41545262e+04 
 8.36822555e+14  2.84513794e+34  1.16881000e+01  4.39989696e-01  8.97060000e+00  4.26618478e-01  1.97678038e-01  7.09786575e-02  6.53694705e-02  8.21202777e+04 
 8.43078457e+14  2.88130164e+34  1.16681000e+01  4.41475890e-01  8.96760000e+00  4.28200838e-01  1.98020185e-01  7.03090147e-02  6.54458372e-02  8.01523324e+04 
 8.49334360e+14  2.91764079e+34  1.16481000e+01  4.42950072e-01  8.96460000e+00  4.29771622e-01  1.98364452e-01  6.96422790e-02  6.55244287e-02  7.82479905e+04 
 8.55590262e+14  2.95416453e+34  1.16281000e+01  4.44412794e-01  8.96060000e+00  4.31297628e-01  1.98710787e-01  6.91452530e-02  6.56051380e-02  7.64042042e+04 
 8.61846165e+14  2.99087005e+34  1.16091000e+01  4.45864118e-01  8.95760000e+00  4.32846441e-01  1.99024952e-01  6.84835345e-02  6.56597288e-02  7.46186888e+04 
 8.68102068e+14  3.02774932e+34  1.15901000e+01  4.47303901e-01  8.95360000e+00  4.34350325e-01  1.99341117e-01  6.79910858e-02  6.57164528e-02  7.28895011e+04 
 8.74357970e+14  3.06480252e+34  1.15711000e+01  4.48732334e-01  8.95060000e+00  4.35876898e-01  1.99659311e-01  6.73352600e-02  6.57753181e-02  7.12143887e+04 
 8.80613873e+14  3.10204484e+34  1.15521000e+01  4.50150164e-01  8.94660000e+00  4.37359557e-01  1.99979423e-01  6.68474470e-02  6.58361391e-02  6.95905656e+04 
 8.86869776e+14  3.13945923e+34  1.15331000e+01  4.51556899e-01  8.94260000e+00  4.38831391e-01  2.00301633e-01  6.63621748e-02  6.58991442e-02  6.80167743e+04 
 8.93125678e+14  3.17704515e+34  1.15141000e+01  4.52952688e-01  8.93960000e+00  4.40326158e-01  2.00625971e-01  6.57149513e-02  6.59643477e-02  6.64910869e+04 
 8.99381581e+14  3.21481168e+34  1.14961000e+01  4.54338024e-01  8.93560000e+00  4.41777106e-01  2.00917416e-01  6.52348832e-02  6.60029254e-02  6.50112931e+04 
 9.05637483e+14  3.25275632e+34  1.14771000e+01  4.55712976e-01  8.93160000e+00  4.43217892e-01  2.01245837e-01  6.47573348e-02  6.60722823e-02  6.35757570e+04 
 9.11893386e+14  3.29087088e+34  1.14591000e+01  4.57077385e-01  8.92760000e+00  4.44648306e-01  2.01541281e-01  6.42824645e-02  6.61150192e-02  6.21831022e+04 
 9.18149289e+14  3.32915658e+34  1.14411000e+01  4.58431463e-01  8.92460000e+00  4.46102057e-01  2.01838735e-01  6.36475111e-02  6.61598512e-02  6.08316678e+04 
 9.24405191e+14  3.36762672e+34  1.14241000e+01  4.59775815e-01  8.92060000e+00  4.47512738e-01  2.02102706e-01  6.31781150e-02  6.61776402e-02  5.95194655e+04 
 9.30661094e+14  3.40626521e+34  1.14061000e+01  4.61110018e-01  8.91660000e+00  4.48913363e-01  2.02404031e-01  6.27116114e-02  6.62264730e-02  5.82455960e+04 
 9.36916997e+14  3.44507152e+34  1.13881000e+01  4.62434203e-01  8.91260000e+00  4.50304038e-01  2.02707450e-01  6.22480270e-02  6.62774512e-02  5.70086553e+04 
 9.43172899e+14  3.48405689e+34  1.13711000e+01  4.63748888e-01  8.90860000e+00  4.51685323e-01  2.02977175e-01  6.17870288e-02  6.63012768e-02  5.58069465e+04 
 9.49428802e+14  3.52321467e+34  1.13541000e+01  4.65053981e-01  8.90460000e+00  4.53057066e-01  2.03248781e-01  6.13288875e-02  6.63270766e-02  5.46394069e+04 
 9.55684704e+14  3.56253876e+34  1.13371000e+01  4.66349412e-01  8.90060000e+00  4.54419153e-01  2.03522336e-01  6.08737623e-02  6.63549216e-02  5.35049841e+04 
 9.61940607e+14  3.60203355e+34  1.13201000e+01  4.67635461e-01  8.89660000e+00  4.55771869e-01  2.03797818e-01  6.04215513e-02  6.63847610e-02  5.24023678e+04 
 9.68196510e+14  3.64170613e+34  1.13031000e+01  4.68912480e-01  8.89260000e+00  4.57115588e-01  2.04075183e-01  5.99720738e-02  6.64165118e-02  5.13302449e+04 
 9.74452412e+14  3.68154351e+34  1.12861000e+01  4.70180177e-01  8.88860000e+00  4.58449931e-01  2.04354559e-01  5.95257210e-02  6.64503297e-02  5.02878901e+04 
 9.80708315e+14  3.72154522e+34  1.12701000e+01  4.71438663e-01  8.88460000e+00  4.59774996e-01  2.04599642e-01  5.90824685e-02  6.64567221e-02  4.92742659e+04 
 9.86964218e+14  3.76172672e+34  1.12541000e+01  4.72688544e-01  8.88060000e+00  4.61091449e-01  2.04846436e-01  5.86419479e-02  6.64648999e-02  4.82879980e+04 
 9.93220120e+14  3.80207302e+34  1.12371000e+01  4.73929469e-01  8.87660000e+00  4.62398851e-01  2.05131592e-01  5.82046026e-02  6.65046232e-02  4.73285145e+04 
 9.99476023e+14  3.84258219e+34  1.12211000e+01  4.75161498e-01  8.87260000e+00  4.63697239e-01  2.05382210e-01  5.77704299e-02  6.65167817e-02  4.63949334e+04 
 1.00573193e+15  3.88326385e+34  1.12051000e+01  4.76385038e-01  8.86860000e+00  4.64987055e-01  2.05634637e-01  5.73391984e-02  6.65308028e-02  4.54861589e+04 
 1.01198783e+15  3.92411477e+34  1.11891000e+01  4.77600101e-01  8.86460000e+00  4.66268283e-01  2.05888913e-01  5.69110161e-02  6.65467242e-02  4.46014306e+04 
 1.01824373e+15  3.96512714e+34  1.11741000e+01  4.78806567e-01  8.86060000e+00  4.67540752e-01  2.06108212e-01  5.64860590e-02  6.65348471e-02  4.37401047e+04 
 1.02449963e+15  4.00630520e+34  1.11581000e+01  4.80004674e-01  8.85660000e+00  4.68804707e-01  2.06366213e-01  5.60642718e-02  6.65546360e-02  4.29013153e+04 
 1.03075554e+15  4.03024429e+34  1.11491000e+01  4.80694146e-01  8.85360000e+00  4.69509625e-01  2.06506752e-01  5.59284268e-02  6.65592116e-02  4.24259365e+04 
 1.03701144e+15  4.03575000e+34  1.11471000e+01  4.80849263e-01  8.85360000e+00  4.69690610e-01  2.06537288e-01  5.57920687e-02  6.65593126e-02  4.23196355e+04 
 1.04326734e+15  4.04123189e+34  1.11451000e+01  4.81000357e-01  8.85260000e+00  4.69834052e-01  2.06568715e-01  5.58145868e-02  6.65607251e-02  4.22162134e+04 
 1.04952324e+15  4.04668770e+34  1.11431000e+01  4.81147401e-01  8.85260000e+00  4.70005913e-01  2.06600979e-01  5.56840564e-02  6.65634044e-02  4.21156320e+04 
 1.05577915e+15  4.05212015e+34  1.11411000e+01  4.81290517e-01  8.85160000e+00  4.70140406e-01  2.06634001e-01  5.57119708e-02  6.65672619e-02  4.20177613e+04 
 1.06203505e+15  4.05752951e+34  1.11391000e+01  4.81429779e-01  8.85160000e+00  4.70303571e-01  2.06667739e-01  5.55866064e-02  6.65722503e-02  4.19225198e+04 
 1.06829095e+15  4.06291429e+34  1.11381000e+01  4.81565203e-01  8.85060000e+00  4.70429509e-01  2.06665035e-01  5.56193591e-02  6.65484476e-02  4.18298572e+04 
 1.07454685e+15  4.06827569e+34  1.11361000e+01  4.81696898e-01  8.85060000e+00  4.70584274e-01  2.06700080e-01  5.54987495e-02  6.65555704e-02  4.17396837e+04 
 1.08080276e+15  4.07361471e+34  1.11341000e+01  4.81824946e-01  8.84960000e+00  4.70702059e-01  2.06735721e-01  5.55359575e-02  6.65636876e-02  4.16519112e+04 
 1.08705866e+15  4.07893056e+34  1.11321000e+01  4.81949409e-01  8.84960000e+00  4.70848839e-01  2.06771944e-01  5.54196944e-02  6.65727801e-02  4.15664857e+04 
 1.09331456e+15  4.08422304e+34  1.11311000e+01  4.82070343e-01  8.84860000e+00  4.70958790e-01  2.06771552e-01  5.54610095e-02  6.65529034e-02  4.14833418e+04 
 1.09957046e+15  4.08949379e+34  1.11291000e+01  4.82187864e-01  8.84860000e+00  4.71097940e-01  2.06808831e-01  5.53487610e-02  6.65638216e-02  4.14023957e+04 
 1.10582637e+15  4.09474271e+34  1.11281000e+01  4.82302033e-01  8.84760000e+00  4.71200470e-01  2.06809424e-01  5.53938710e-02  6.65456946e-02  4.13235839e+04 
 1.11208227e+15  4.09996829e+34  1.11261000e+01  4.82412889e-01  8.84760000e+00  4.71332317e-01  2.06847673e-01  5.52853608e-02  6.65583254e-02  4.12468747e+04 
 1.11833817e+15  4.10517277e+34  1.11241000e+01  4.82520551e-01  8.84660000e+00  4.71427723e-01  2.06886377e-01  5.53340780e-02  6.65717678e-02  4.11721755e+04 
 1.12459408e+15  4.11035634e+34  1.11231000e+01  4.82625082e-01  8.84660000e+00  4.71552664e-01  2.06888304e-01  5.52289792e-02  6.65560641e-02  4.10994280e+04 
 1.13084998e+15  4.11551728e+34  1.11221000e+01  4.82726523e-01  8.84660000e+00  4.71674214e-01  2.06890649e-01  5.51256330e-02  6.65411339e-02  4.10286049e+04 
 1.13710588e+15  4.12065739e+34  1.11201000e+01  4.82824972e-01  8.84560000e+00  4.71759584e-01  2.06930602e-01  5.51792107e-02  6.65568598e-02  4.09596319e+04 
 1.14336178e+15  4.12577718e+34  1.11191000e+01  4.82920499e-01  8.84560000e+00  4.71874696e-01  2.06933710e-01  5.50789840e-02  6.65433674e-02  4.08924498e+04 
 1.14961769e+15  4.13087558e+34  1.11171000e+01  4.83013155e-01  8.84460000e+00  4.71953759e-01  2.06974424e-01  5.51355771e-02  6.65605076e-02  4.08270285e+04 
 1.15587359e+15  4.13595313e+34  1.11161000e+01  4.83103009e-01  8.84460000e+00  4.72062695e-01  2.06978260e-01  5.50383462e-02  6.65483905e-02  4.07633105e+04 
 1.16212949e+15  4.14101094e+34  1.11151000e+01  4.83190136e-01  8.84360000e+00  4.72135750e-01  2.06982427e-01  5.50977431e-02  6.65369196e-02  4.07012401e+04 
 1.16838539e+15  4.14604852e+34  1.11131000e+01  4.83274598e-01  8.84360000e+00  4.72238830e-01  2.07024183e-01  5.50033070e-02  6.65560286e-02  4.06407815e+04 
 1.17464130e+15  4.15106525e+34  1.11121000e+01  4.83356436e-01  8.84360000e+00  4.72339049e-01  2.07029009e-01  5.49102501e-02  6.65458218e-02  4.05818973e+04 
 1.18089720e+15  4.15606278e+34  1.11111000e+01  4.83435738e-01  8.84260000e+00  4.72403618e-01  2.07034138e-01  5.49735845e-02  6.65362117e-02  4.05245283e+04 
 1.18715310e+15  4.16104120e+34  1.11101000e+01  4.83512558e-01  8.84260000e+00  4.72498395e-01  2.07039562e-01  5.48830718e-02  6.65271846e-02  4.04686364e+04 
 1.19340900e+15  4.16599877e+34  1.11081000e+01  4.83586927e-01  8.84160000e+00  4.72557608e-01  2.07082571e-01  5.49489358e-02  6.65486908e-02  4.04142049e+04 
 1.19966491e+15  4.17093766e+34  1.11071000e+01  4.83658935e-01  8.84160000e+00  4.72647166e-01  2.07088579e-01  5.48608574e-02  6.65407990e-02  4.03611680e+04 
 1.20592081e+15  4.17585803e+34  1.11061000e+01  4.83728633e-01  8.84160000e+00  4.72734210e-01  2.07094858e-01  5.47739899e-02  6.65334462e-02  4.03094917e+04 
 1.21217671e+15  4.18075849e+34  1.11051000e+01  4.83796050e-01  8.84060000e+00  4.72785899e-01  2.07101408e-01  5.48432506e-02  6.65266281e-02  4.02591563e+04 
 1.21843261e+15  4.18564032e+34  1.11041000e+01  4.83861262e-01  8.84060000e+00  4.72868079e-01  2.07108221e-01  5.47586424e-02  6.65203283e-02  4.02101152e+04 
 1.22468852e+15  4.19050411e+34  1.11031000e+01  4.83924321e-01  8.83960000e+00  4.72915039e-01  2.07115285e-01  5.48301022e-02  6.65145285e-02  4.01623307e+04 
 1.23094442e+15  4.19534904e+34  1.11021000e+01  4.83985268e-01  8.83960000e+00  4.72992603e-01  2.07122600e-01  5.47476120e-02  6.65092246e-02  4.01157786e+04 
 1.23720032e+15  4.20017530e+34  1.11011000e+01  4.84044150e-01  8.83960000e+00  4.73067914e-01  2.07130161e-01  5.46662187e-02  6.65044058e-02  4.00704290e+04 
 1.24345623e+15  4.20498400e+34  1.11001000e+01  4.84101030e-01  8.83860000e+00  4.73108184e-01  2.07137957e-01  5.47407282e-02  6.65000530e-02  4.00262400e+04 
 1.24971213e+15  4.20977483e+34  1.10991000e+01  4.84155943e-01  8.83860000e+00  4.73179199e-01  2.07145983e-01  5.46613008e-02  6.64961583e-02  3.99831882e+04 
 1.25596803e+15  4.21454697e+34  1.10981000e+01  4.84208932e-01  8.83860000e+00  4.73248115e-01  2.07154244e-01  5.45829020e-02  6.64927200e-02  3.99412514e+04 
 1.26222393e+15  4.21930201e+34  1.10971000e+01  4.84260052e-01  8.83760000e+00  4.73282148e-01  2.07162725e-01  5.46602568e-02  6.64897178e-02  3.99003903e+04 
 1.26847984e+15  4.22404008e+34  1.10961000e+01  4.84309352e-01  8.83760000e+00  4.73347067e-01  2.07171422e-01  5.45836989e-02  6.64871426e-02  3.98605772e+04 
 1.27473574e+15  4.22875951e+34  1.10951000e+01  4.84356852e-01  8.83660000e+00  4.73377164e-01  2.07180342e-01  5.46629105e-02  6.64849971e-02  3.98218011e+04 
 1.28099164e+15  4.23346225e+34  1.10941000e+01  4.84402612e-01  8.83660000e+00  4.73438244e-01  2.07189471e-01  5.45881374e-02  6.64832611e-02  3.97840226e+04 
 1.28724754e+15  4.24750438e+34  1.10911000e+01  4.84532524e-01  8.83560000e+00  4.73581101e-01  2.07216766e-01  5.45202130e-02  6.64788900e-02  3.96744188e+04 
 1.29350345e+15  4.32847476e+34  1.10751000e+01  4.85218912e-01  8.82860000e+00  4.74322455e-01  2.07281308e-01  5.42326508e-02  6.63817755e-02  3.90541266e+04 
 1.29975935e+15  4.41054046e+34  1.10581000e+01  4.85864304e-01  8.82060000e+00  4.75023004e-01  2.07316329e-01  5.39551691e-02  6.62581032e-02  3.84268672e+04 
 1.30601525e+15  4.49367657e+34  1.10391000e+01  4.86494523e-01  8.81260000e+00  4.75735164e-01  2.07373290e-01  5.35581040e-02  6.61473515e-02  3.77884779e+04 
 1.31227115e+15  4.57795109e+34  1.10201000e+01  4.87123123e-01  8.80360000e+00  4.76436161e-01  2.07385234e-01  5.32101556e-02  6.59953234e-02  3.71377419e+04 
 1.31852706e+15  4.66337325e+34  1.10001000e+01  4.87758747e-01  8.79360000e+00  4.77131943e-01  2.07395988e-01  5.29225174e-02  6.58366485e-02  3.64748847e+04 
 1.32478296e+15  4.74988872e+34  1.09791000e+01  4.88407355e-01  8.78360000e+00  4.77858513e-01  2.07411207e-01  5.25522681e-02  6.56756723e-02  3.58010392e+04 
 1.33103886e+15  4.83754311e+34  1.09571000e+01  4.89074281e-01  8.77260000e+00  4.78587022e-01  2.07434873e-01  5.22597420e-02  6.55152532e-02  3.51167894e+04 
 1.33729476e+15  4.92639454e+34  1.09351000e+01  4.89764067e-01  8.76160000e+00  4.79353115e-01  2.07432314e-01  5.18972909e-02  6.53277924e-02  3.44227502e+04 
 1.34355067e+15  5.01636195e+34  1.09111000e+01  4.90479542e-01  8.75060000e+00  4.80157695e-01  2.07483538e-01  5.14733121e-02  6.51763579e-02  3.37207061e+04 
 1.34980657e+15  5.10747181e+34  1.08881000e+01  4.91223872e-01  8.73860000e+00  4.80970522e-01  2.07477341e-01  5.11450699e-02  6.49734036e-02  3.30116462e+04 
 1.35606247e+15  5.19982475e+34  1.08631000e+01  4.92000465e-01  8.72660000e+00  4.81826568e-01  2.07529739e-01  5.07629568e-02  6.48096173e-02  3.22960314e+04 
 1.36231838e+15  5.29331606e+34  1.08381000e+01  4.92810678e-01  8.71460000e+00  4.82725510e-01  2.07568128e-01  5.03343987e-02  6.46282836e-02  3.15759353e+04 
 1.36857428e+15  5.38795676e+34  1.08131000e+01  4.93656607e-01  8.70260000e+00  4.83668409e-01  2.07594696e-01  4.98638801e-02  6.44311543e-02  3.08525183e+04 
 1.37483018e+15  5.48388279e+34  1.07871000e+01  4.94541218e-01  8.68960000e+00  4.84626156e-01  2.07648732e-01  4.95030829e-02  6.42483810e-02  3.01260103e+04 
 1.38108608e+15  5.58096929e+34  1.07611000e+01  4.95464982e-01  8.67760000e+00  4.85661294e-01  2.07695203e-01  4.89575991e-02  6.40530393e-02  2.93985988e+04 
 1.38734199e+15  5.67922249e+34  1.07341000e+01  4.96429278e-01  8.66460000e+00  4.86710893e-01  2.07774672e-01  4.85320635e-02  6.38763639e-02  2.86714606e+04 
 1.39359789e+15  5.77878593e+34  1.07071000e+01  4.97436781e-01  8.65160000e+00  4.87809309e-01  2.07849063e-01  4.80760824e-02  6.36886044e-02  2.79447310e+04 
 1.39985379e+15  5.87953818e+34  1.06791000e+01  4.98487396e-01  8.63860000e+00  4.88955044e-01  2.07960269e-01  4.75962014e-02  6.35221076e-02  2.72204711e+04 
 1.40610969e+15  5.98147877e+34  1.06521000e+01  4.99582001e-01  8.62460000e+00  4.90116943e-01  2.08032165e-01  4.72442787e-02  6.33187024e-02  2.64998028e+04 
 1.41236560e+15  6.08474958e+34  1.06241000e+01  5.00723052e-01  8.61160000e+00  4.91360181e-01  2.08143027e-01  4.67226489e-02  6.31377298e-02  2.57828049e+04 
 1.41862150e+15  6.18923732e+34  1.05951000e+01  5.01910004e-01  8.59860000e+00  4.92651582e-01  2.08295844e-01  4.61861450e-02  6.29814869e-02  2.50713274e+04 
 1.42487740e+15  6.29493470e+34  1.05671000e+01  5.03143360e-01  8.58460000e+00  4.93959984e-01  2.08413628e-01  4.57849205e-02  6.27917349e-02  2.43663916e+04 
 1.43113330e+15  6.40198711e+34  1.05381000e+01  5.04425401e-01  8.57160000e+00  4.95349917e-01  2.08575239e-01  4.52236888e-02  6.26276127e-02  2.36679734e+04 
 1.43738921e+15  6.51027919e+34  1.05091000e+01  5.05755207e-01  8.55860000e+00  4.96788221e-01  2.08743794e-01  4.46554621e-02  6.24615582e-02  2.29777238e+04 
 1.44364511e+15  6.61980185e+34  1.04801000e+01  5.07133020e-01  8.54460000e+00  4.98243868e-01  2.08920681e-01  4.42285142e-02  6.22946493e-02  2.22965062e+04 
 1.44990101e+15  6.73070966e+34  1.04511000e+01  5.08561051e-01  8.53160000e+00  4.99780820e-01  2.09105775e-01  4.36501657e-02  6.21263831e-02  2.16241471e+04 
 1.45615691e+15  6.84287399e+34  1.04211000e+01  5.10037885e-01  8.51760000e+00  5.01335266e-01  2.09341616e-01  4.32161645e-02  6.19886137e-02  2.09621556e+04 
 1.46241282e+15  6.95628945e+34  1.03921000e+01  5.11563552e-01  8.50460000e+00  5.02967928e-01  2.09549182e-01  4.26392537e-02  6.18227651e-02  2.03111925e+04 
 1.46866872e+15  7.07112593e+34  1.03621000e+01  5.13140406e-01  8.49060000e+00  5.04620524e-01  2.09808685e-01  4.22063162e-02  6.16876253e-02  1.96709012e+04 
 1.47492462e+15  7.18722942e+34  1.03331000e+01  5.14766379e-01  8.47760000e+00  5.06350719e-01  2.10041656e-01  4.16351937e-02  6.15258499e-02  1.90426898e+04 
 1.48118052e+15  7.30461919e+34  1.03031000e+01  5.16441649e-01  8.46460000e+00  5.08127965e-01  2.10330105e-01  4.10713585e-02  6.13975411e-02  1.84269151e+04 
 1.48743643e+15  7.42344202e+34  1.02741000e+01  5.18168219e-01  8.45160000e+00  5.09954537e-01  2.10592368e-01  4.05134951e-02  6.12425670e-02  1.78232478e+04 
 1.49369233e+15  7.54355048e+34  1.02441000e+01  5.19943802e-01  8.43860000e+00  5.11827219e-01  2.10912388e-01  3.99663006e-02  6.11224835e-02  1.72328215e+04 
 1.49994823e+15  7.66498815e+34  1.02151000e+01  5.21768790e-01  8.42560000e+00  5.13746296e-01  2.11208519e-01  3.94303099e-02  6.09778945e-02  1.66557206e+04 
 1.50620414e+15  7.78786123e+34  1.01851000e+01  5.23644517e-01  8.41260000e+00  5.15713247e-01  2.11563390e-01  3.89049545e-02  6.08682184e-02  1.60917269e+04 
 1.51246004e+15  7.91203934e+34  1.01561000e+01  5.25568699e-01  8.39960000e+00  5.17725016e-01  2.11895867e-01  3.83940125e-02  6.07353660e-02  1.55416603e+04 
 1.51871594e+15  8.03759663e+34  1.01271000e+01  5.27542098e-01  8.38660000e+00  5.19782427e-01  2.12247540e-01  3.78972850e-02  6.06091138e-02  1.50053522e+04 
 1.52497184e+15  8.16458390e+34  1.00981000e+01  5.29565179e-01  8.37360000e+00  5.21885882e-01  2.12618842e-01  3.74151150e-02  6.04895935e-02  1.44827248e+04 
 1.53122775e+15  8.29289510e+34  1.00691000e+01  5.31635720e-01  8.36160000e+00  5.24062050e-01  2.13011134e-01  3.68133170e-02  6.03780763e-02  1.39743030e+04 
 1.53748365e+15  8.42264302e+34  1.00401000e+01  5.33755136e-01  8.34860000e+00  5.26253576e-01  2.13424378e-01  3.63655267e-02  6.02741606e-02  1.34796746e+04 
 1.54373955e+15  8.55380716e+34  1.00111000e+01  5.35922576e-01  8.33660000e+00  5.28518172e-01  2.13859342e-01  3.57997571e-02  6.01784286e-02  1.29989406e+04 
 1.54999545e+15  8.68631366e+34  9.98310000e+00  5.38136236e-01  8.32460000e+00  5.30824198e-01  2.14274106e-01  3.52548958e-02  6.00934485e-02  1.25389575e+04 
 1.55625136e+15  8.82032246e+34  9.95410000e+00  5.40398331e-01  8.31260000e+00  5.33174252e-01  2.14754004e-01  3.47291726e-02  5.99833720e-02  1.20792302e+04 
 1.56250726e+15  8.95572485e+34  9.92610000e+00  5.42706355e-01  8.30060000e+00  5.35565355e-01  2.15214074e-01  3.42248452e-02  5.98843137e-02  1.16399242e+04 
 1.56876316e+15  9.09249924e+34  9.89810000e+00  5.45059247e-01  8.28860000e+00  5.37996296e-01  2.15697819e-01  3.37427130e-02  5.97950535e-02  1.12143541e+04 
 1.57501906e+15  9.23082664e+34  9.87110000e+00  5.47459569e-01  8.27760000e+00  5.40498932e-01  2.16160973e-01  3.31487291e-02  5.97163961e-02  1.08076052e+04 
 1.58127497e+15  9.37052727e+34  9.84310000e+00  5.49903528e-01  8.26560000e+00  5.43011055e-01  2.16692298e-01  3.27104331e-02  5.96143676e-02  1.04027049e+04 
 1.58753087e+15  9.51167640e+34  9.81610000e+00  5.52391718e-01  8.25460000e+00  5.45591058e-01  2.17203941e-01  3.21640040e-02  5.95561546e-02  1.00219933e+04 
 1.59378677e+15  9.65434360e+34  9.78910000e+00  5.54924703e-01  8.24360000e+00  5.48210769e-01  2.17739779e-01  3.16407146e-02  5.94757102e-02  9.64831673e+03 
 1.60004267e+15  9.79840102e+34  9.76210000e+00  5.57499367e-01  8.23260000e+00  5.50866690e-01  2.18300689e-01  3.11424062e-02  5.93738179e-02  9.28234533e+03 
 1.60629858e+15  9.94399296e+34  9.73510000e+00  5.60117691e-01  8.22160000e+00  5.53561140e-01  2.18886403e-01  3.06673699e-02  5.93141728e-02  8.93372324e+03 
 1.61255448e+15  1.00910576e+35  9.70910000e+00  5.62777703e-01  8.21060000e+00  5.56291962e-01  2.19452232e-01  3.02164282e-02  5.92346317e-02  8.59715049e+03 
 1.61881038e+15  1.02395312e+35  9.68310000e+00  5.65477519e-01  8.20060000e+00  5.59085406e-01  2.20043432e-01  2.96640001e-02  5.91661292e-02  8.27250240e+03 
 1.62506629e+15  1.03896307e+35  9.65710000e+00  5.68220291e-01  8.19060000e+00  5.61916691e-01  2.20659389e-01  2.91354403e-02  5.91075345e-02  7.95904896e+03 
 1.63132219e+15  1.05411489e+35  9.63210000e+00  5.71001426e-01  8.17960000e+00  5.64752547e-01  2.21255153e-01  2.87579307e-02  5.90620560e-02  7.66118392e+03 
 1.63757809e+15  1.06941754e+35  9.60710000e+00  5.73821773e-01  8.16960000e+00  5.67650450e-01  2.21876030e-01  2.82799141e-02  5.89947625e-02  7.36984369e+03 
 1.64383399e+15  1.08487675e+35  9.58210000e+00  5.76681613e-01  8.15960000e+00  5.70582574e-01  2.22522013e-01  2.78262626e-02  5.89379393e-02  7.08902157e+03 
 1.65008990e+15  1.10047937e+35  9.55710000e+00  5.79577684e-01  8.15060000e+00  5.73573350e-01  2.23193670e-01  2.72757444e-02  5.88595473e-02  6.81487152e+03 
 1.65634580e+15  1.11624385e+35  9.53310000e+00  5.82512531e-01  8.14060000e+00  5.76569772e-01  2.23843553e-01  2.68717408e-02  5.88261699e-02  6.55818003e+03 
 1.66260170e+15  1.13215767e+35  9.50910000e+00  5.85482935e-01  8.13160000e+00  5.79624225e-01  2.24518578e-01  2.63713397e-02  5.87708635e-02  6.30748633e+03 
 1.66885760e+15  1.14822153e+35  9.48510000e+00  5.88488417e-01  8.12160000e+00  5.82680541e-01  2.25218905e-01  2.60166521e-02  5.87264486e-02  6.06627494e+03 
 1.67511351e+15  1.16444914e+35  9.46110000e+00  5.91530483e-01  8.11260000e+00  5.85796169e-01  2.25944135e-01  2.55650764e-02  5.86591127e-02  5.83077636e+03 
 1.68136941e+15  1.18082275e+35  9.43810000e+00  5.94605029e-01  8.10360000e+00  5.88938848e-01  2.26646776e-01  2.51387953e-02  5.86047813e-02  5.60765662e+03 
 1.68762531e+15  1.19735900e+35  9.41510000e+00  5.97714352e-01  8.09460000e+00  5.92111242e-01  2.27373960e-01  2.47359577e-02  5.85605940e-02  5.39299626e+03 
 1.69388121e+15  1.21405004e+35  9.39310000e+00  6.00856157e-01  8.08660000e+00  5.95338492e-01  2.28077331e-01  2.42399601e-02  5.85290725e-02  5.18957952e+03 
 1.70013712e+15  1.23089241e+35  9.37010000e+00  6.04028935e-01  8.07760000e+00  5.98563955e-01  2.28853831e-01  2.38852797e-02  5.84726030e-02  4.98830755e+03 
 1.70639302e+15  1.24790337e+35  9.34910000e+00  6.07235064e-01  8.06960000e+00  6.01845377e-01  2.29556540e-01  2.34370276e-02  5.84302325e-02  4.80032687e+03 
 1.71264892e+15  1.26506272e+35  9.32710000e+00  6.10469898e-01  8.06160000e+00  6.05150298e-01  2.30332368e-01  2.30133241e-02  5.83961793e-02  4.61705139e+03 
 1.71890482e+15  1.28238775e+35  9.30510000e+00  6.13735814e-01  8.05260000e+00  6.08454158e-01  2.31132099e-01  2.27259555e-02  5.83381923e-02  4.43832638e+03 
 1.72516073e+15  1.29987048e+35  9.28410000e+00  6.17030604e-01  8.04560000e+00  6.11836560e-01  2.31905937e-01  2.22340907e-02  5.82923854e-02  4.26919244e+03 
 1.73141663e+15  1.31750817e+35  9.26410000e+00  6.20352806e-01  8.03760000e+00  6.15214190e-01  2.32652952e-01  2.18783587e-02  5.82588377e-02  4.10915585e+03 
 1.73767253e+15  1.33531663e+35  9.24310000e+00  6.23704602e-01  8.02960000e+00  6.18616830e-01  2.33473073e-01  2.15435998e-02  5.82322014e-02  3.95298444e+03 
 1.74392844e+15  1.35327573e+35  9.22310000e+00  6.27081300e-01  8.02260000e+00  6.22066638e-01  2.34265684e-01  2.11200988e-02  5.81839083e-02  3.80309004e+03 
 1.75018434e+15  1.37140603e+35  9.20310000e+00  6.30486071e-01  8.01460000e+00  6.25512937e-01  2.35080745e-01  2.08278355e-02  5.81445793e-02  3.65907099e+03 
 1.75644024e+15  1.38969413e+35  9.18310000e+00  6.33915503e-01  8.00760000e+00  6.29006322e-01  2.35918279e-01  2.04468704e-02  5.80804843e-02  3.51874918e+03 
 1.76269614e+15  1.40814343e+35  9.16410000e+00  6.37369401e-01  8.00060000e+00  6.32519634e-01  2.36726444e-01  2.00869470e-02  5.80620310e-02  3.38807996e+03 
 1.76895205e+15  1.42676278e+35  9.14510000e+00  6.40848714e-01  7.99360000e+00  6.36053995e-01  2.37556209e-01  1.97471297e-02  5.80180962e-02  3.26059276e+03 
 1.77520795e+15  1.44553480e+35  9.12610000e+00  6.44349298e-01  7.98660000e+00  6.39605131e-01  2.38407532e-01  1.94278238e-02  5.79832494e-02  3.13826959e+03 
 1.78146385e+15  1.46448633e+35  9.10710000e+00  6.47875417e-01  7.97960000e+00  6.43177708e-01  2.39280127e-01  1.91270368e-02  5.79220612e-02  3.01894643e+03 
 1.78771975e+15  1.48359266e+35  9.08910000e+00  6.51421539e-01  7.97360000e+00  6.46792762e-01  2.40121102e-01  1.87402155e-02  5.78721138e-02  2.90624057e+03 
 1.79397566e+15  1.50286932e+35  9.07110000e+00  6.54989978e-01  7.96660000e+00  6.50399253e-01  2.40982594e-01  1.84774089e-02  5.78302540e-02  2.79801461e+03 
 1.80023156e+15  1.52231209e+35  9.05410000e+00  6.58579032e-01  7.96060000e+00  6.54049015e-01  2.41810977e-01  1.81284706e-02  5.77991702e-02  2.69573327e+03 
 1.80648746e+15  1.54191624e+35  9.03610000e+00  6.62187097e-01  7.95460000e+00  6.57713696e-01  2.42712695e-01  1.77984487e-02  5.77735068e-02  2.59596410e+03 
 1.81274336e+15  1.56169752e+35  9.01910000e+00  6.65816348e-01  7.94860000e+00  6.61395718e-01  2.43580416e-01  1.74859993e-02  5.77233333e-02  2.50013535e+03 
 1.81899927e+15  1.58163408e+35  9.00210000e+00  6.69461966e-01  7.94260000e+00  6.65090115e-01  2.44467426e-01  1.71916163e-02  5.76810915e-02  2.40819402e+03 
 1.82525517e+15  1.60175328e+35  8.98510000e+00  6.73128188e-01  7.93660000e+00  6.68801498e-01  2.45373511e-01  1.69135142e-02  5.76109134e-02  2.31845584e+03 
 1.83151107e+15  1.62203113e+35  8.96910000e+00  6.76810015e-01  7.93060000e+00  6.72524669e-01  2.46243673e-01  1.66523142e-02  5.75860637e-02  2.23509620e+03 
 1.83776697e+15  1.64248364e+35  8.95310000e+00  6.80509512e-01  7.92460000e+00  6.76261924e-01  2.47131997e-01  1.64068837e-02  5.75331885e-02  2.15368905e+03 
 1.84402288e+15  1.65869759e+35  8.94010000e+00  6.83430287e-01  7.92060000e+00  6.79228904e-01  2.47866375e-01  1.61536008e-02  5.74747562e-02  2.09067389e+03 
 1.85027878e+15  1.66858754e+35  8.93310000e+00  6.85199053e-01  7.91760000e+00  6.81009164e-01  2.48267747e-01  1.60628018e-02  5.74702196e-02  2.05559922e+03 
 1.85653468e+15  1.67850144e+35  8.92510000e+00  6.86958041e-01  7.91560000e+00  6.82804828e-01  2.48727937e-01  1.58789982e-02  5.74305607e-02  2.01895126e+03 
 1.86279058e+15  1.68843667e+35  8.91810000e+00  6.88706909e-01  7.91260000e+00  6.84562759e-01  2.49135467e-01  1.57989508e-02  5.74320016e-02  1.98569171e+03 
 1.86904649e+15  1.69839690e+35  8.91110000e+00  6.90446186e-01  7.91060000e+00  6.86336370e-01  2.49545698e-01  1.56259527e-02  5.74009184e-02  1.95206662e+03 
 1.87530239e+15  1.70837813e+35  8.90410000e+00  6.92175052e-01  7.90760000e+00  6.88072164e-01  2.49958393e-01  1.55553950e-02  5.73724340e-02  1.91929658e+03 
 1.88155829e+15  1.71838363e+35  8.89710000e+00  6.93894299e-01  7.90560000e+00  6.89823661e-01  2.50373530e-01  1.53921271e-02  5.73464088e-02  1.88734098e+03 
 1.88781420e+15  1.72841091e+35  8.89010000e+00  6.95603322e-01  7.90260000e+00  6.91537655e-01  2.50790863e-01  1.53302408e-02  5.73227454e-02  1.85618114e+03 
 1.89407010e+15  1.73846131e+35  8.88310000e+00  6.97302402e-01  7.90060000e+00  6.93267123e-01  2.51210285e-01  1.51757399e-02  5.73013171e-02  1.82578626e+03 
 1.90032600e+15  1.74853447e+35  8.87610000e+00  6.98991553e-01  7.89760000e+00  6.94959489e-01  2.51631712e-01  1.51216437e-02  5.72820581e-02  1.79613215e+03 
 1.90658190e+15  1.75862963e+35  8.86910000e+00  7.00670620e-01  7.89560000e+00  6.96667232e-01  2.52054999e-01  1.49752152e-02  5.72294774e-02  1.76610443e+03 
 1.91283781e+15  1.76874848e+35  8.86310000e+00  7.02339887e-01  7.89360000e+00  6.98364392e-01  2.52423053e-01  1.48325707e-02  5.72173556e-02  1.73895258e+03 
 1.91909371e+15  1.77888827e+35  8.85610000e+00  7.03998984e-01  7.89060000e+00  7.00024369e-01  2.52849623e-01  1.47889784e-02  5.72040680e-02  1.71138488e+03 
 1.92534961e+15  1.78905264e+35  8.85010000e+00  7.05648709e-01  7.88860000e+00  7.01700473e-01  2.53220640e-01  1.46534793e-02  5.71603112e-02  1.68446153e+03 
 1.93160551e+15  1.79923759e+35  8.84310000e+00  7.07288067e-01  7.88660000e+00  7.03365543e-01  2.53650132e-01  1.45213552e-02  5.71506016e-02  1.65817442e+03 
 1.93786142e+15  1.80944662e+35  8.83710000e+00  7.08918103e-01  7.88460000e+00  7.05020578e-01  2.54023674e-01  1.43926261e-02  5.71102983e-02  1.63249298e+03 
 1.94411732e+15  1.81967683e+35  8.83110000e+00  7.10538143e-01  7.88160000e+00  7.06638819e-01  2.54398281e-01  1.43610889e-02  5.70716425e-02  1.60740672e+03 
 1.95037322e+15  1.82993012e+35  8.82410000e+00  7.12148574e-01  7.87960000e+00  7.08273021e-01  2.54831670e-01  1.42383016e-02  5.70313064e-02  1.58190632e+03 
 1.95662912e+15  1.84020541e+35  8.81810000e+00  7.13749319e-01  7.87760000e+00  7.09896940e-01  2.55208402e-01  1.41184311e-02  5.70313088e-02  1.55893598e+03 
 1.96288503e+15  1.85050282e+35  8.81210000e+00  7.15340499e-01  7.87560000e+00  7.11510701e-01  2.55586082e-01  1.40014682e-02  5.69972356e-02  1.53551898e+03 
 1.96914093e+15  1.86082301e+35  8.80610000e+00  7.16922114e-01  7.87260000e+00  7.13088263e-01  2.55964562e-01  1.39801091e-02  5.69645420e-02  1.51262464e+03 
 1.97539683e+15  1.87116441e+35  8.80010000e+00  7.18494110e-01  7.87060000e+00  7.14681806e-01  2.56343863e-01  1.38681547e-02  5.69332545e-02  1.49024051e+03 
 1.98165273e+15  1.88152935e+35  8.79410000e+00  7.20056785e-01  7.86860000e+00  7.16265541e-01  2.56723875e-01  1.37586665e-02  5.69032425e-02  1.46834685e+03 
 1.98790864e+15  1.89191459e+35  8.78810000e+00  7.21609973e-01  7.86660000e+00  7.17839249e-01  2.57104693e-01  1.36518127e-02  5.68746093e-02  1.44693534e+03 
 1.99416454e+15  1.90232409e+35  8.78210000e+00  7.23153941e-01  7.86460000e+00  7.19403326e-01  2.57486061e-01  1.35471113e-02  5.68114074e-02  1.42508914e+03 
 2.00042044e+15  1.91275369e+35  8.77710000e+00  7.24688483e-01  7.86260000e+00  7.20957478e-01  2.57809364e-01  1.34448150e-02  5.67885400e-02  1.40548922e+03 
 2.00667635e+15  1.92320694e+35  8.77110000e+00  7.26213934e-01  7.86060000e+00  7.22502138e-01  2.58191833e-01  1.33446410e-02  5.67634341e-02  1.38542961e+03 
 2.01293225e+15  1.93368085e+35  8.76510000e+00  7.27730045e-01  7.85760000e+00  7.24011017e-01  2.58574859e-01  1.33377841e-02  5.67394976e-02  1.36579876e+03 
 2.01918815e+15  1.94417760e+35  8.75910000e+00  7.29237201e-01  7.85560000e+00  7.25536569e-01  2.58958414e-01  1.32415545e-02  5.66808740e-02  1.34573102e+03 
 2.02544405e+15  1.95469566e+35  8.75410000e+00  7.30735161e-01  7.85360000e+00  7.27052544e-01  2.59283156e-01  1.31472420e-02  5.66624857e-02  1.32776585e+03 
 2.03169996e+15  1.96523577e+35  8.74810000e+00  7.32224129e-01  7.85160000e+00  7.28559156e-01  2.59667464e-01  1.30548816e-02  5.66417233e-02  1.30934276e+03 
 2.03795586e+15  1.97579780e+35  8.74310000e+00  7.33704177e-01  7.84960000e+00  7.30056485e-01  2.59992698e-01  1.29643296e-02  5.65895859e-02  1.29130005e+03 
 2.04421176e+15  1.98638113e+35  8.73710000e+00  7.35175215e-01  7.84760000e+00  7.31544466e-01  2.60377654e-01  1.28755871e-02  5.65349618e-02  1.27282216e+03 
 2.05046766e+15  1.99698697e+35  8.73210000e+00  7.36637541e-01  7.84560000e+00  7.33023400e-01  2.60703246e-01  1.27885238e-02  5.65205572e-02  1.25631654e+03 
 2.05672357e+15  2.00761340e+35  8.72710000e+00  7.38091039e-01  7.84360000e+00  7.34493149e-01  2.61028991e-01  1.27032537e-02  5.64712971e-02  1.23935648e+03 
 2.06297947e+15  2.01826289e+35  8.72110000e+00  7.39535772e-01  7.84160000e+00  7.35953882e-01  2.61414626e-01  1.26194460e-02  5.64552028e-02  1.22273615e+03 
 2.06923537e+15  2.02893228e+35  8.71610000e+00  7.40971786e-01  7.83960000e+00  7.37405546e-01  2.61740566e-01  1.25373321e-02  5.64076916e-02  1.20645012e+03 
 2.07549127e+15  2.03962525e+35  8.71110000e+00  7.42399376e-01  7.83760000e+00  7.38848529e-01  2.62066487e-01  1.24566190e-02  5.63609632e-02  1.19048462e+03 
 2.08174718e+15  2.05033775e+35  8.70510000e+00  7.43818166e-01  7.83560000e+00  7.40282413e-01  2.62452721e-01  1.23774897e-02  5.63115623e-02  1.17408861e+03 
 2.08800308e+15  2.06107376e+35  8.70010000e+00  7.45228645e-01  7.83360000e+00  7.41707745e-01  2.62778707e-01  1.22996391e-02  5.63023437e-02  1.15949365e+03 
 2.09425898e+15  2.07182949e+35  8.69510000e+00  7.46630434e-01  7.83160000e+00  7.43124119e-01  2.63104643e-01  1.22231939e-02  5.62580272e-02  1.14445136e+03 
 2.10051488e+15  2.08260812e+35  8.69010000e+00  7.48024139e-01  7.82960000e+00  7.44532146e-01  2.63430594e-01  1.21481190e-02  5.62144744e-02  1.12969795e+03 
 2.10677079e+15  2.09340693e+35  8.68510000e+00  7.49409326e-01  7.82760000e+00  7.45931410e-01  2.63756458e-01  1.20743542e-02  5.61716774e-02  1.11522994e+03 
 2.11302669e+15  2.10422804e+35  8.68010000e+00  7.50786353e-01  7.82560000e+00  7.47322285e-01  2.64082233e-01  1.20018198e-02  5.61295818e-02  1.10103717e+03 
 2.11928259e+15  2.11506976e+35  8.67510000e+00  7.52155078e-01  7.82360000e+00  7.48704630e-01  2.64407913e-01  1.19305146e-02  5.60882048e-02  1.08711480e+03 
 2.12553850e+15  2.12593324e+35  8.67010000e+00  7.53515606e-01  7.82160000e+00  7.50078580e-01  2.64733424e-01  1.18603135e-02  5.60474767e-02  1.07345470e+03 
 2.13179440e+15  2.13681772e+35  8.66510000e+00  7.54867980e-01  7.81960000e+00  7.51444165e-01  2.65058801e-01  1.17912628e-02  5.60074190e-02  1.06005114e+03 
 2.13805030e+15  2.14772342e+35  8.66010000e+00  7.56212469e-01  7.81760000e+00  7.52801630e-01  2.65384137e-01  1.17234262e-02  5.59680623e-02  1.04689714e+03 
 2.14430620e+15  2.15865049e+35  8.65510000e+00  7.57548876e-01  7.81560000e+00  7.54150836e-01  2.65709259e-01  1.16565977e-02  5.59293084e-02  1.03398678e+03 
 2.15056211e+15  2.16959830e+35  8.65010000e+00  7.58877282e-01  7.81360000e+00  7.55491852e-01  2.66034215e-01  1.15908129e-02  5.58911817e-02  1.02131463e+03 
 2.15681801e+15  2.18056781e+35  8.64510000e+00  7.60197872e-01  7.81160000e+00  7.56824869e-01  2.66359002e-01  1.15260391e-02  5.58536534e-02  1.00887375e+03 
 2.16307391e+15  2.19155759e+35  8.64110000e+00  7.61510597e-01  7.80960000e+00  7.58149823e-01  2.66621912e-01  1.14622687e-02  5.57844534e-02  9.96659846e+02 
 2.16932981e+15  2.20256938e+35  8.63610000e+00  7.62815572e-01  7.80760000e+00  7.59466881e-01  2.66946206e-01  1.13994219e-02  5.57480942e-02  9.84666059e+02 
 2.17558572e+15  2.21360101e+35  8.63110000e+00  7.64112652e-01  7.80560000e+00  7.60775874e-01  2.67270285e-01  1.13375176e-02  5.57123165e-02  9.72889204e+02 
 2.18184162e+15  2.22465492e+35  8.62610000e+00  7.65402348e-01  7.80360000e+00  7.62077298e-01  2.67594239e-01  1.12765943e-02  5.56771113e-02  9.61321304e+02 
 2.18809752e+15  2.23572827e+35  8.62210000e+00  7.66684168e-01  7.80160000e+00  7.63370701e-01  2.67855776e-01  1.12164721e-02  5.56101826e-02  9.49960399e+02 
 2.19435342e+15  2.24682416e+35  8.61710000e+00  7.67958597e-01  7.79960000e+00  7.64656569e-01  2.68179134e-01  1.11572290e-02  5.55760272e-02  9.38798767e+02 
 2.20060933e+15  2.25793909e+35  8.61210000e+00  7.69225352e-01  7.79760000e+00  7.65934598e-01  2.68502293e-01  1.10988795e-02  5.55424392e-02  9.27834896e+02 
 2.20686523e+15  2.26907680e+35  8.60810000e+00  7.70484864e-01  7.79560000e+00  7.67205248e-01  2.68762758e-01  1.10412734e-02  5.54770851e-02  9.17060472e+02 
 2.21312113e+15  2.28023320e+35  8.60310000e+00  7.71736696e-01  7.79360000e+00  7.68468080e-01  2.69085321e-01  1.09845110e-02  5.54445040e-02  9.06475314e+02 
 2.21937703e+15  2.29141257e+35  8.59910000e+00  7.72981400e-01  7.79160000e+00  7.69723666e-01  2.69344969e-01  1.09284177e-02  5.53801501e-02  8.96070721e+02 
 2.22563294e+15  2.30261051e+35  8.59410000e+00  7.74218564e-01  7.78960000e+00  7.70971564e-01  2.69666934e-01  1.08731848e-02  5.53485424e-02  8.85846920e+02 
 2.23188884e+15  2.31383119e+35  8.58910000e+00  7.75448706e-01  7.78760000e+00  7.72212329e-01  2.69988657e-01  1.08186327e-02  5.52813330e-02  8.75225181e+02 
 2.23814474e+15  2.32507056e+35  8.58510000e+00  7.76671457e-01  7.78560000e+00  7.73445558e-01  2.70247165e-01  1.07648209e-02  5.52545130e-02  8.65916874e+02 
 2.24440065e+15  2.33633239e+35  8.58010000e+00  7.77887194e-01  7.78360000e+00  7.74671675e-01  2.70568257e-01  1.07116852e-02  5.51882193e-02  8.55644573e+02 
 2.25065655e+15  2.34761304e+35  8.57610000e+00  7.79095728e-01  7.78160000e+00  7.75890447e-01  2.70825965e-01  1.06592715e-02  5.51623358e-02  8.46654251e+02 
 2.25691245e+15  2.35891589e+35  8.57210000e+00  7.80297322e-01  7.77960000e+00  7.77102192e-01  2.71083176e-01  1.06074318e-02  5.51008229e-02  8.37263242e+02 
 2.26316835e+15  2.37023767e+35  8.56710000e+00  7.81491684e-01  7.77760000e+00  7.78306594e-01  2.71403254e-01  1.05563020e-02  5.50719163e-02  8.28029755e+02 
 2.26942426e+15  2.38158143e+35  8.56310000e+00  7.82679384e-01  7.77560000e+00  7.79504205e-01  2.71659681e-01  1.05058219e-02  5.50113092e-02  8.18947320e+02 
 2.27568016e+15  2.39294418e+35  8.55810000e+00  7.83859860e-01  7.77360000e+00  7.80694519e-01  2.71979107e-01  1.04559117e-02  5.49472004e-02  8.09484629e+02 
 2.28193606e+15  2.40432871e+35  8.55410000e+00  7.85033750e-01  7.77160000e+00  7.81878127e-01  2.72234673e-01  1.04066194e-02  5.49234727e-02  8.01228414e+02 
 2.28819196e+15  2.41573229e+35  8.55010000e+00  7.86200622e-01  7.76960000e+00  7.83054626e-01  2.72489732e-01  1.03578962e-02  5.48641328e-02  7.92585193e+02 
 2.29444787e+15  2.42715749e+35  8.54510000e+00  7.87360917e-01  7.76760000e+00  7.84224446e-01  2.72808214e-01  1.03098187e-02  5.48012605e-02  7.83565682e+02 
 2.30070377e+15  2.43860175e+35  8.54110000e+00  7.88514261e-01  7.76560000e+00  7.85387236e-01  2.73062399e-01  1.02622096e-02  5.47787503e-02  7.75714255e+02 
 2.30695967e+15  2.45006748e+35  8.53710000e+00  7.89661071e-01  7.76360000e+00  7.86543404e-01  2.73316128e-01  1.02151438e-02  5.47205975e-02  7.67480608e+02 
 2.31321557e+15  2.46155228e+35  8.53310000e+00  7.90801260e-01  7.76160000e+00  7.87692827e-01  2.73569462e-01  1.01687305e-02  5.46628986e-02  7.59378769e+02 
 2.31947148e+15  2.47305842e+35  8.52810000e+00  7.91934926e-01  7.75960000e+00  7.88835661e-01  2.73886528e-01  1.01228309e-02  5.46015701e-02  7.50909240e+02 
 2.32572738e+15  2.48458361e+35  8.52410000e+00  7.93061902e-01  7.75760000e+00  7.89971728e-01  2.74138956e-01  1.00773793e-02  5.45806250e-02  7.43556762e+02 
 2.33198328e+15  2.49613005e+35  8.52010000e+00  7.94182499e-01  7.75560000e+00  7.91101338e-01  2.74390917e-01  1.00324167e-02  5.45240232e-02  7.35831153e+02 
 2.33823918e+15  2.50769547e+35  8.51610000e+00  7.95296535e-01  7.75360000e+00  7.92224304e-01  2.74642407e-01  9.98795683e-03  5.44678141e-02  7.28226767e+02 
 2.34449509e+15  2.51928210e+35  8.51210000e+00  7.96404272e-01  7.75160000e+00  7.93340900e-01  2.74893428e-01  9.94396270e-03  5.44119577e-02  7.20739644e+02 
 2.35075099e+15  2.53088761e+35  8.50810000e+00  7.97505554e-01  7.74960000e+00  7.94450958e-01  2.75143989e-01  9.90046193e-03  5.43564883e-02  7.13368813e+02 
 2.35700689e+15  2.54251430e+35  8.50310000e+00  7.98600645e-01  7.74860000e+00  7.95580059e-01  2.75458888e-01  9.77706892e-03  5.42973218e-02  7.05642840e+02 
 2.36326279e+15  2.55415977e+35  8.49910000e+00  7.99689381e-01  7.74660000e+00  7.96677409e-01  2.75708638e-01  9.73465406e-03  5.42425758e-02  6.98500521e+02 
 2.36951870e+15  2.56582639e+35  8.49510000e+00  8.00772038e-01  7.74460000e+00  7.97768606e-01  2.75957947e-01  9.69268890e-03  5.42241518e-02  6.91925166e+02 
 2.37577460e+15  2.57751167e+35  8.49110000e+00  8.01848340e-01  7.74260000e+00  7.98853388e-01  2.76206764e-01  9.65113597e-03  5.41700935e-02  6.84993689e+02 
 2.38203050e+15  2.58921812e+35  8.48710000e+00  8.02918596e-01  7.74060000e+00  7.99932068e-01  2.76455107e-01  9.60996901e-03  5.41163524e-02  6.78165842e+02 
 2.38828641e+15  2.60094306e+35  8.48310000e+00  8.03982658e-01  7.73860000e+00  8.01004473e-01  2.76703016e-01  9.56927125e-03  5.40629828e-02  6.71441082e+02 
 2.39454231e+15  2.61268922e+35  8.47910000e+00  8.05040771e-01  7.73660000e+00  8.02070877e-01  2.76950456e-01  9.52893962e-03  5.40099217e-02  6.64815806e+02 
 2.40079821e+15  2.62445368e+35  8.47510000e+00  8.06092780e-01  7.73460000e+00  8.03131096e-01  2.77197475e-01  9.48907148e-03  5.39572301e-02  6.58289648e+02 
 2.40705411e+15  2.63623943e+35  8.47110000e+00  8.07138924e-01  7.73260000e+00  8.04185406e-01  2.77444026e-01  9.44953998e-03  5.39048356e-02  6.51859035e+02 
 2.41331002e+15  2.64804327e+35  8.46710000e+00  8.08178965e-01  7.73060000e+00  8.05233550e-01  2.77690116e-01  9.41040562e-03  5.38527839e-02  6.45523818e+02 
 2.41956592e+15  2.65986850e+35  8.46310000e+00  8.09213339e-01  7.72860000e+00  8.06275957e-01  2.77935807e-01  9.37168343e-03  5.38010516e-02  6.39280332e+02 
 2.42582182e+15  2.67171158e+35  8.45910000e+00  8.10241621e-01  7.72660000e+00  8.07312224e-01  2.78181009e-01  9.33330639e-03  5.37496420e-02  6.33128710e+02 
 2.43207772e+15  2.68357616e+35  8.45510000e+00  8.11264305e-01  7.72460000e+00  8.08342832e-01  2.78425801e-01  9.29530541e-03  5.36985349e-02  6.27065228e+02 
 2.43833363e+15  2.69545835e+35  8.45110000e+00  8.12281065e-01  7.72260000e+00  8.09367445e-01  2.78670175e-01  9.25771599e-03  5.36118770e-02  6.20674565e+02 
 2.44458953e+15  2.70736218e+35  8.44710000e+00  8.13292206e-01  7.72060000e+00  8.10386411e-01  2.78914072e-01  9.22039673e-03  5.35613856e-02  6.14787897e+02 
 2.45084543e+15  2.71928344e+35  8.44410000e+00  8.14297483e-01  7.71860000e+00  8.11399444e-01  2.79091419e-01  9.18342278e-03  5.35154147e-02  6.09394669e+02 
 2.45710133e+15  2.73122629e+35  8.44010000e+00  8.15297291e-01  7.71660000e+00  8.12406965e-01  2.79334383e-01  9.14680892e-03  5.34655502e-02  6.03671101e+02 
 2.46335724e+15  2.74318664e+35  8.43610000e+00  8.16291431e-01  7.71460000e+00  8.13408730e-01  2.79576997e-01  9.11064501e-03  5.34160498e-02  5.98029428e+02 
 2.46961314e+15  2.75516824e+35  8.43210000e+00  8.17279992e-01  7.71260000e+00  8.14404908e-01  2.79819094e-01  9.07468214e-03  5.33667781e-02  5.92466460e+02 
 2.47586904e+15  2.76716756e+35  8.42810000e+00  8.18262882e-01  7.71060000e+00  8.15395353e-01  2.80060784e-01  9.03908007e-03  5.33178309e-02  5.86982288e+02 
 2.48212494e+15  2.77918778e+35  8.42410000e+00  8.19240388e-01  7.70860000e+00  8.16380375e-01  2.80302054e-01  9.00376724e-03  5.32691540e-02  5.81573988e+02 
 2.48838085e+15  2.79122595e+35  8.42110000e+00  8.20212405e-01  7.70660000e+00  8.17359830e-01  2.80476332e-01  8.96880815e-03  5.31892125e-02  5.76241320e+02 
 2.49463675e+15  2.80328466e+35  8.41710000e+00  8.21179063e-01  7.70460000e+00  8.18333890e-01  2.80716736e-01  8.93417619e-03  5.31411524e-02  5.70982033e+02 
 2.50089265e+15  2.81536158e+35  8.41310000e+00  8.22140225e-01  7.70260000e+00  8.19302404e-01  2.80956728e-01  8.89985944e-03  5.30933907e-02  5.65795657e+02 
 2.50714856e+15  2.82745863e+35  8.40910000e+00  8.23096089e-01  7.70160000e+00  8.20290586e-01  2.81196310e-01  8.78881776e-03  5.30458976e-02  5.60680015e+02 
 2.51340446e+15  2.83957419e+35  8.40510000e+00  8.24046574e-01  7.69960000e+00  8.21248327e-01  2.81435498e-01  8.75520304e-03  5.29629141e-02  5.55259358e+02 
 2.51966036e+15  2.85170945e+35  8.40210000e+00  8.24991825e-01  7.69760000e+00  8.22200788e-01  2.81607239e-01  8.72183016e-03  5.29202615e-02  5.50657257e+02 
 2.52591626e+15  2.86386353e+35  8.39810000e+00  8.25931807e-01  7.69560000e+00  8.23147932e-01  2.81845568e-01  8.68881149e-03  5.28736390e-02  5.45747599e+02 
 2.53217217e+15  2.87603687e+35  8.39410000e+00  8.26866601e-01  7.69360000e+00  8.24089841e-01  2.82083522e-01  8.65608718e-03  5.28272967e-02  5.40904020e+02 
 2.53842807e+15  2.88822936e+35  8.39110000e+00  8.27796246e-01  7.69160000e+00  8.25026547e-01  2.82253809e-01  8.62362006e-03  5.27497829e-02  5.36125268e+02 
 2.54468397e+15  2.90044064e+35  8.38710000e+00  8.28720632e-01  7.68960000e+00  8.25957971e-01  2.82490875e-01  8.59142436e-03  5.27039872e-02  5.31410585e+02 
 2.55093987e+15  2.91267143e+35  8.38310000e+00  8.29639939e-01  7.68760000e+00  8.26884276e-01  2.82727562e-01  8.55949068e-03  5.26584555e-02  5.26758408e+02 
 2.55719578e+15  2.92492052e+35  8.37910000e+00  8.30554133e-01  7.68560000e+00  8.27805418e-01  2.82963894e-01  8.52785482e-03  5.25775069e-02  5.21813748e+02 
 2.56345168e+15  2.93718950e+35  8.37610000e+00  8.31463426e-01  7.68360000e+00  8.28721604e-01  2.83132270e-01  8.49646555e-03  5.25368579e-02  5.17637810e+02 
 2.56970758e+15  2.94947627e+35  8.37210000e+00  8.32367545e-01  7.68160000e+00  8.29632589e-01  2.83367782e-01  8.46535968e-03  5.24921624e-02  5.13167550e+02 
 2.57596348e+15  2.96178334e+35  8.36910000e+00  8.33266811e-01  7.67960000e+00  8.30538678e-01  2.83535160e-01  8.43445762e-03  5.24163816e-02  5.08755106e+02 
 2.58221939e+15  2.97410765e+35  8.36510000e+00  8.34161057e-01  7.67760000e+00  8.31439688e-01  2.83769913e-01  8.40392551e-03  5.23722505e-02  5.04400778e+02 
 2.58847529e+15  2.98645269e+35  8.36110000e+00  8.35050407e-01  7.67560000e+00  8.32335798e-01  2.84004235e-01  8.37353675e-03  5.23283220e-02  5.00102260e+02 
 2.59473119e+15  2.99881463e+35  8.35810000e+00  8.35934850e-01  7.67360000e+00  8.33226928e-01  2.84170258e-01  8.34344792e-03  5.22534310e-02  4.95859740e+02 
 2.60098709e+15  3.01119732e+35  8.35410000e+00  8.36814520e-01  7.67160000e+00  8.34113267e-01  2.84403830e-01  8.31359514e-03  5.22100477e-02  4.91671212e+02 
 2.60724300e+15  3.02359708e+35  8.35010000e+00  8.37689284e-01  7.66960000e+00  8.34994646e-01  2.84637086e-01  8.28403043e-03  5.21313553e-02  4.87204151e+02 
 2.61349890e+15  3.03601699e+35  8.34710000e+00  8.38559370e-01  7.66760000e+00  8.35871311e-01  2.84801741e-01  8.25464554e-03  5.20928750e-02  4.83454614e+02 
 2.61975480e+15  3.04845447e+35  8.34310000e+00  8.39424571e-01  7.66560000e+00  8.36743060e-01  2.85034214e-01  8.22553264e-03  5.20502894e-02  4.79424680e+02 
 2.62601071e+15  3.06091147e+35  8.34010000e+00  8.40285162e-01  7.66360000e+00  8.37610152e-01  2.85197970e-01  8.19663021e-03  5.19767788e-02  4.75445299e+02 
 2.63226661e+15  3.07338655e+35  8.33610000e+00  8.41141004e-01  7.66160000e+00  8.38472457e-01  2.85429726e-01  8.16801796e-03  5.19347188e-02  4.71516310e+02 
 2.63852251e+15  3.08588051e+35  8.33310000e+00  8.41992187e-01  7.65960000e+00  8.39330070e-01  2.85592578e-01  8.13956603e-03  5.18617614e-02  4.67636392e+02 
 2.64477841e+15  3.09839309e+35  8.32910000e+00  8.42838761e-01  7.65760000e+00  8.40183031e-01  2.85823611e-01  8.11141264e-03  5.18202118e-02  4.63805021e+02 
 2.65103432e+15  3.11092389e+35  8.32610000e+00  8.43680717e-01  7.65560000e+00  8.41031334e-01  2.85985614e-01  8.08344560e-03  5.17478201e-02  4.60021296e+02 
 2.65729022e+15  3.12347386e+35  8.32210000e+00  8.44518094e-01  7.65360000e+00  8.41875036e-01  2.86215909e-01  8.05570945e-03  5.17067615e-02  4.56284350e+02 
 2.66354612e+15  3.13604136e+35  8.31910000e+00  8.45350887e-01  7.65160000e+00  8.42714104e-01  2.86377044e-01  8.02818484e-03  5.16349148e-02  4.52593700e+02 
 2.66980202e+15  3.14862862e+35  8.31510000e+00  8.46179335e-01  7.64960000e+00  8.43548776e-01  2.86606713e-01  8.00097395e-03  5.15943867e-02  4.48948105e+02 
 2.67605793e+15  3.16123270e+35  8.31210000e+00  8.47003060e-01  7.64760000e+00  8.44378708e-01  2.86766982e-01  7.97387226e-03  5.15230732e-02  4.45347520e+02 
 2.68231383e+15  3.17385714e+35  8.30810000e+00  8.47822463e-01  7.64660000e+00  8.45228942e-01  2.86995894e-01  7.87333025e-03  5.14830043e-02  4.41790367e+02 
 2.68856973e+15  3.18649815e+35  8.30510000e+00  8.48637435e-01  7.64460000e+00  8.46050010e-01  2.87155416e-01  7.84684323e-03  5.14122609e-02  4.38276805e+02 
 2.69482563e+15  3.19915919e+35  8.30110000e+00  8.49448079e-01  7.64260000e+00  8.46866735e-01  2.87383717e-01  7.82056425e-03  5.13727120e-02  4.34805378e+02 
 2.70108154e+15  3.21183724e+35  8.29810000e+00  8.50254251e-01  7.64060000e+00  8.47678947e-01  2.87542401e-01  7.79445177e-03  5.13024821e-02  4.31376038e+02 
 2.70733744e+15  3.22453454e+35  8.29410000e+00  8.51056059e-01  7.63860000e+00  8.48486784e-01  2.87769995e-01  7.76852909e-03  5.12634005e-02  4.27987698e+02 
 2.71359334e+15  3.23724952e+35  8.29110000e+00  8.51853606e-01  7.63660000e+00  8.49290301e-01  2.87927892e-01  7.74282746e-03  5.11936968e-02  4.24639909e+02 
 2.71984924e+15  3.24998296e+35  8.28810000e+00  8.52646860e-01  7.63460000e+00  8.50089489e-01  2.88085359e-01  7.71733325e-03  5.11242645e-02  4.21331937e+02 
 2.72610515e+15  3.26273476e+35  8.28410000e+00  8.53435849e-01  7.63260000e+00  8.50884386e-01  2.88312009e-01  7.69207093e-03  5.10859362e-02  4.18063248e+02 
 2.73236105e+15  3.27550422e+35  8.28110000e+00  8.54220591e-01  7.63060000e+00  8.51674989e-01  2.88468714e-01  7.66698575e-03  5.10170322e-02  4.14833229e+02 
 2.73861695e+15  3.28829275e+35  8.27710000e+00  8.55001170e-01  7.62860000e+00  8.52461401e-01  2.88694762e-01  7.64213585e-03  5.09791841e-02  4.11641095e+02 
 2.74487285e+15  3.30109810e+35  8.27410000e+00  8.55777486e-01  7.62660000e+00  8.53243513e-01  2.88850710e-01  7.61743364e-03  5.09107981e-02  4.08486613e+02 
 2.75112876e+15  3.31392325e+35  8.27110000e+00  8.56549757e-01  7.62460000e+00  8.54021546e-01  2.89006254e-01  7.59292459e-03  5.08426666e-02  4.05368574e+02 
 2.75738466e+15  3.32676473e+35  8.26710000e+00  8.57317790e-01  7.62260000e+00  8.54795303e-01  2.89231382e-01  7.56868058e-03  5.08055545e-02  4.02287326e+02 
 2.76364056e+15  3.33962603e+35  8.26410000e+00  8.58081838e-01  7.62060000e+00  8.55565042e-01  2.89386204e-01  7.54456402e-03  5.07379364e-02  3.99241287e+02 
 2.76989647e+15  3.35250399e+35  8.26010000e+00  8.58841749e-01  7.61860000e+00  8.56330594e-01  2.89610784e-01  7.52074307e-03  5.06661009e-02  3.95955747e+02 
 2.77615237e+15  3.36540088e+35  8.25710000e+00  8.59597674e-01  7.61660000e+00  8.57092133e-01  2.89764915e-01  7.49703188e-03  5.06342061e-02  3.93254723e+02 
 2.78240827e+15  3.37831521e+35  8.25410000e+00  8.60349538e-01  7.61460000e+00  8.57849575e-01  2.89918664e-01  7.47351502e-03  5.05673827e-02  3.90312838e+02 
 2.78866417e+15  3.39124757e+35  8.25010000e+00  8.61097354e-01  7.61260000e+00  8.58602939e-01  2.90142344e-01  7.45022744e-03  5.04962859e-02  3.87135150e+02 
 2.79492008e+15  3.40419817e+35  8.24710000e+00  8.61841214e-01  7.61060000e+00  8.59352319e-01  2.90295371e-01  7.42705150e-03  5.04650961e-02  3.84529351e+02 
 2.80117598e+15  3.41716587e+35  8.24410000e+00  8.62581087e-01  7.60860000e+00  8.60097672e-01  2.90448037e-01  7.40407909e-03  5.03990331e-02  3.81686836e+02 
 2.80743188e+15  3.43015265e+35  8.24110000e+00  8.63317149e-01  7.60660000e+00  8.60839170e-01  2.90600361e-01  7.38131631e-03  5.03332324e-02  3.78876164e+02 
 2.81368778e+15  3.44315558e+35  8.23710000e+00  8.64049242e-01  7.60460000e+00  8.61576651e-01  2.90822966e-01  7.35883404e-03  5.02982544e-02  3.76097562e+02 
 2.81994369e+15  3.46231658e+35  8.23210000e+00  8.65119968e-01  7.60160000e+00  8.62653924e-01  2.91087345e-01  7.32989103e-03  5.02199869e-02  3.72062999e+02 
 2.82619959e+15  3.49629628e+35  8.22410000e+00  8.67009777e-01  7.59660000e+00  8.64563378e-01  2.91493714e-01  7.25530615e-03  5.00546115e-02  3.65034919e+02 
 2.83245549e+15  3.53110588e+35  8.21510000e+00  8.68937461e-01  7.59160000e+00  8.66514423e-01  2.91966418e-01  7.16993356e-03  4.99094699e-02  3.57991740e+02 
 2.83871139e+15  3.56614136e+35  8.20610000e+00  8.70870870e-01  7.58660000e+00  8.68472137e-01  2.92438692e-01  7.08214492e-03  4.97618324e-02  3.51058870e+02 
 2.84496730e+15  3.60141515e+35  8.19710000e+00  8.72811239e-01  7.58060000e+00  8.70413518e-01  2.92911060e-01  7.06235459e-03  4.95769712e-02  3.43991639e+02 
 2.85122320e+15  3.63692949e+35  8.18910000e+00  8.74759336e-01  7.57560000e+00  8.72387607e-01  2.93312506e-01  6.97011889e-03  4.94295639e-02  3.37515017e+02 
 2.85747910e+15  3.67266899e+35  8.18010000e+00  8.76714618e-01  7.56960000e+00  8.74345320e-01  2.93786689e-01  6.94643188e-03  4.92759113e-02  3.30906173e+02 
 2.86373500e+15  3.70866474e+35  8.17110000e+00  8.78679030e-01  7.56460000e+00  8.76336994e-01  2.94262406e-01  6.85110684e-03  4.91204641e-02  3.24400981e+02 
 2.86999091e+15  3.74487701e+35  8.16210000e+00  8.80650756e-01  7.55860000e+00  8.78312196e-01  2.94740336e-01  6.82462779e-03  4.89639457e-02  3.18006343e+02 
 2.87624681e+15  3.78135106e+35  8.15310000e+00  8.82632197e-01  7.55360000e+00  8.80321749e-01  2.95220490e-01  6.72739289e-03  4.88059599e-02  3.11713962e+02 
 2.88250271e+15  3.81804848e+35  8.14410000e+00  8.84621451e-01  7.54760000e+00  8.82315279e-01  2.95703429e-01  6.69884815e-03  4.86471631e-02  3.05530138e+02 
 2.88875862e+15  3.85499226e+35  8.13510000e+00  8.86619745e-01  7.54260000e+00  8.84342202e-01  2.96189296e-01  6.60068675e-03  4.84874331e-02  2.99450511e+02 
 2.89501452e+15  3.89217727e+35  8.12610000e+00  8.88626998e-01  7.53660000e+00  8.86354232e-01  2.96678501e-01  6.57095378e-03  4.83270338e-02  2.93475474e+02 
 2.90127042e+15  3.92959202e+35  8.11710000e+00  8.90642400e-01  7.53160000e+00  8.88398479e-01  2.97171234e-01  6.47273443e-03  4.81661955e-02  2.87606286e+02 
 2.90752632e+15  3.96726700e+35  8.10810000e+00  8.92667509e-01  7.52560000e+00  8.90428670e-01  2.97667562e-01  6.44238668e-03  4.80046918e-02  2.81837585e+02 
 2.91378223e+15  4.00516264e+35  8.09910000e+00  8.94700257e-01  7.52060000e+00  8.92490320e-01  2.98167948e-01  6.34457083e-03  4.78431313e-02  2.76174751e+02 
 2.92003813e+15  4.04332117e+35  8.09010000e+00  8.96742760e-01  7.51460000e+00  8.94537951e-01  2.98672368e-01  6.31435428e-03  4.76811397e-02  2.70610761e+02 
 2.92629403e+15  4.08171026e+35  8.08110000e+00  8.98793152e-01  7.50960000e+00  8.96617148e-01  2.99181122e-01  6.21737369e-03  4.75191837e-02  2.65149603e+02 
 2.93254993e+15  4.12034312e+35  8.07210000e+00  9.00852170e-01  7.50360000e+00  8.98681101e-01  2.99694418e-01  6.18796858e-03  4.73572572e-02  2.59788512e+02 
 2.93880584e+15  4.15922792e+35  8.06310000e+00  9.02920026e-01  7.49760000e+00  9.00753769e-01  3.00212324e-01  6.15895902e-03  4.71613040e-02  2.54341944e+02 
 2.94506174e+15  4.19833616e+35  8.05510000e+00  9.04995061e-01  7.49260000e+00  9.02857098e-01  3.00660413e-01  6.06413512e-03  4.70046510e-02  2.49363478e+02 
 2.95131764e+15  4.23771877e+35  8.04610000e+00  9.07079803e-01  7.48660000e+00  9.04946319e-01  3.01187771e-01  6.03631457e-03  4.68431714e-02  2.44294851e+02 
 2.95757354e+15  4.27732603e+35  8.03710000e+00  9.09171474e-01  7.48160000e+00  9.07065811e-01  3.01720249e-01  5.94343125e-03  4.66822604e-02  2.39325025e+02 
 2.96382945e+15  4.31718583e+35  8.02810000e+00  9.11271393e-01  7.47560000e+00  9.09169657e-01  3.02257881e-01  5.91741120e-03  4.65217032e-02  2.34449423e+02 
 2.97008535e+15  4.35729422e+35  8.01910000e+00  9.13379249e-01  7.47060000e+00  9.11304703e-01  3.02800839e-01  5.82683562e-03  4.63616335e-02  2.29667505e+02 
 2.97634125e+15  4.39763198e+35  8.01010000e+00  9.15493770e-01  7.46460000e+00  9.13422463e-01  3.03349243e-01  5.80297446e-03  4.61686146e-02  2.24816378e+02 
 2.98259715e+15  4.43824355e+35  8.00210000e+00  9.17617071e-01  7.45960000e+00  9.15572252e-01  3.03827058e-01  5.71482766e-03  4.60145248e-02  2.20381823e+02 
 2.98885306e+15  4.47908228e+35  7.99310000e+00  9.19746512e-01  7.45360000e+00  9.17704246e-01  3.04386239e-01  5.69309216e-03  4.58564650e-02  2.15876037e+02 
 2.99510896e+15  4.52017670e+35  7.98410000e+00  9.21883438e-01  7.44860000e+00  9.19866783e-01  3.04951070e-01  5.60796200e-03  4.56990589e-02  2.11458629e+02 
 3.00136486e+15  4.56152165e+35  7.97610000e+00  9.24027396e-01  7.44260000e+00  9.22012500e-01  3.05445036e-01  5.58856240e-03  4.55138644e-02  2.07128951e+02 
 3.00762077e+15  4.60309619e+35  7.96710000e+00  9.26177094e-01  7.43760000e+00  9.24186813e-01  3.06021287e-01  5.50669504e-03  4.53583147e-02  2.02888042e+02 
 3.01387667e+15  4.64494928e+35  7.95810000e+00  9.28334769e-01  7.43160000e+00  9.26345388e-01  3.06603307e-01  5.48990848e-03  4.52033304e-02  1.98729661e+02 
 3.02013257e+15  4.68703201e+35  7.95010000e+00  9.30497718e-01  7.42660000e+00  9.28532016e-01  3.07114017e-01  5.41103289e-03  4.50211086e-02  1.94657418e+02 
 3.02638847e+15  4.72936748e+35  7.94110000e+00  9.32667023e-01  7.42160000e+00  9.30724422e-01  3.07707842e-01  5.33410679e-03  4.48682351e-02  1.90667901e+02 
 3.03264438e+15  4.77196118e+35  7.93310000e+00  9.34842707e-01  7.41560000e+00  9.32899482e-01  3.08229993e-01  5.32175689e-03  4.46880936e-02  1.86759254e+02 
 3.03890028e+15  4.81478595e+35  7.92410000e+00  9.37022958e-01  7.41060000e+00  9.35101758e-01  3.08835686e-01  5.24822332e-03  4.45373640e-02  1.82932752e+02 
 3.04515618e+15  4.85788488e+35  7.91610000e+00  9.39209964e-01  7.40560000e+00  9.37310251e-01  3.09369321e-01  5.17637931e-03  4.43594410e-02  1.79183224e+02 
 3.05141208e+15  4.90122333e+35  7.90810000e+00  9.41401682e-01  7.39960000e+00  9.39499748e-01  3.09908704e-01  5.16864405e-03  4.41828495e-02  1.75512484e+02 
 3.05766799e+15  4.94480506e+35  7.89910000e+00  9.43598098e-01  7.39460000e+00  9.41716449e-01  3.10532500e-01  5.10054305e-03  4.40354605e-02  1.71918929e+02 
 3.06392389e+15  4.98865888e+35  7.89110000e+00  9.45800579e-01  7.38960000e+00  9.43938615e-01  3.11083736e-01  5.03426172e-03  4.38612416e-02  1.68398864e+02 
 3.07017979e+15  5.03274604e+35  7.88310000e+00  9.48006560e-01  7.38460000e+00  9.46163660e-01  3.11640657e-01  4.96992557e-03  4.36884242e-02  1.64954142e+02 
 3.07643569e+15  5.07709435e+35  7.87410000e+00  9.50217589e-01  7.37860000e+00  9.48370181e-01  3.12282813e-01  4.96874951e-03  4.35445286e-02  1.61581367e+02 
 3.08269160e+15  5.12169939e+35  7.86610000e+00  9.52433093e-01  7.37360000e+00  9.50603547e-01  3.12851727e-01  4.90800142e-03  4.33742020e-02  1.58279551e+02 
 3.08894750e+15  5.16653905e+35  7.85810000e+00  9.54651777e-01  7.36860000e+00  9.52839379e-01  3.13426560e-01  4.84941203e-03  4.32053915e-02  1.55049066e+02 
 3.09520340e+15  5.21165581e+35  7.85010000e+00  9.56875352e-01  7.36360000e+00  9.55079565e-01  3.14007154e-01  4.79249053e-03  4.30377030e-02  1.51885589e+02 
 3.10145930e+15  5.25701573e+35  7.84210000e+00  9.59102261e-01  7.35860000e+00  9.57322343e-01  3.14593798e-01  4.73777339e-03  4.28715343e-02  1.48790331e+02 
 3.10771521e+15  5.30261665e+35  7.83410000e+00  9.61331736e-01  7.35360000e+00  9.59567062e-01  3.15186197e-01  4.68494412e-03  4.27067990e-02  1.45762080e+02 
 3.11397111e+15  5.34849831e+35  7.82610000e+00  9.63565973e-01  7.34760000e+00  9.61793118e-01  3.15784639e-01  4.69383775e-03  4.25433008e-02  1.42797055e+02 
 3.12022701e+15  5.39461662e+35  7.81810000e+00  9.65802250e-01  7.34260000e+00  9.64043358e-01  3.16388935e-01  4.64467127e-03  4.23813275e-02  1.39896863e+02 
 3.12648292e+15  5.44098792e+35  7.81010000e+00  9.68041304e-01  7.33760000e+00  9.66295693e-01  3.16999173e-01  4.59749920e-03  4.22207913e-02  1.37059228e+02 
 3.13273882e+15  5.48763014e+35  7.80210000e+00  9.70283607e-01  7.33260000e+00  9.68550684e-01  3.17615229e-01  4.55207911e-03  4.20615167e-02  1.34281876e+02 
 3.13899472e+15  5.53451018e+35  7.79410000e+00  9.72527754e-01  7.32760000e+00  9.70806727e-01  3.18237392e-01  4.50892316e-03  4.19038760e-02  1.31565622e+02 
 3.14525062e+15  5.58165301e+35  7.78710000e+00  9.74774219e-01  7.32260000e+00  9.73064499e-01  3.18783386e-01  4.46741191e-03  4.17207384e-02  1.28907728e+02 
 3.15150653e+15  5.62905901e+35  7.77910000e+00  9.77023092e-01  7.31760000e+00  9.75324014e-01  3.19416979e-01  4.42787305e-03  4.15658728e-02  1.26307143e+02 
 3.15776243e+15  5.67670392e+35  7.77110000e+00  9.79273020e-01  7.31360000e+00  9.77606437e-01  3.20056510e-01  4.33214293e-03  4.14125894e-02  1.23763991e+02 
 3.16401833e+15  5.72461917e+35  7.76310000e+00  9.81525121e-01  7.30860000e+00  9.79867830e-01  3.20701854e-01  4.29657650e-03  4.12288481e-02  1.21182075e+02 
 3.17027423e+15  5.77279197e+35  7.75610000e+00  9.83778829e-01  7.30360000e+00  9.82130121e-01  3.21270290e-01  4.26291731e-03  4.10835955e-02  1.18841045e+02 
 3.17653014e+15  5.82120474e+35  7.74810000e+00  9.86032899e-01  7.29860000e+00  9.84392081e-01  3.21927170e-01  4.23126037e-03  4.09347019e-02  1.16460613e+02 
 3.18278604e+15  5.86989304e+35  7.74110000e+00  9.88288755e-01  7.29360000e+00  9.86655212e-01  3.22506463e-01  4.20123905e-03  4.07607330e-02  1.14131227e+02 
 3.18904194e+15  5.91883549e+35  7.73310000e+00  9.90545270e-01  7.28860000e+00  9.88918328e-01  3.23174673e-01  4.17314163e-03  4.06146339e-02  1.11852942e+02 
 3.19529784e+15  5.96801892e+35  7.72610000e+00  9.92801817e-01  7.28460000e+00  9.91203148e-01  3.23764946e-01  4.09003962e-03  4.04439266e-02  1.09625226e+02 
 3.20155375e+15  6.01748062e+35  7.71910000e+00  9.95059718e-01  7.27960000e+00  9.93466317e-01  3.24360498e-01  4.06564336e-03  4.02746432e-02  1.07445366e+02 
 3.20780965e+15  6.06719540e+35  7.71110000e+00  9.97317630e-01  7.27460000e+00  9.95728803e-01  3.25045619e-01  4.04318763e-03  4.01329871e-02  1.05313503e+02 
 3.21406555e+15  6.11715211e+35  7.70410000e+00  9.99574868e-01  7.26960000e+00  9.97989910e-01  3.25651896e-01  4.02253828e-03  3.99668987e-02  1.03229006e+02 
 3.22032145e+15  6.16738733e+35  7.69710000e+00  1.00183290e+00  7.26560000e+00  1.00027355e+00  3.26263400e-01  3.94729802e-03  3.98022305e-02  1.01189394e+02 
 3.22657736e+15  6.21787693e+35  7.69010000e+00  1.00409046e+00  7.26060000e+00  1.00253370e+00  3.26880112e-01  3.93019053e-03  3.96391488e-02  9.91946907e+01 
 3.23283326e+15  6.26860936e+35  7.68210000e+00  1.00634686e+00  7.25660000e+00  1.00481424e+00  3.27587290e-01  3.85930559e-03  3.94724210e-02  9.71680414e+01 
 3.23908916e+15  6.31961792e+35  7.67510000e+00  1.00860340e+00  7.25160000e+00  1.00707207e+00  3.28214587e-01  3.84571547e-03  3.93433613e-02  9.53362184e+01 
 3.24534506e+15  6.37088466e+35  7.66810000e+00  1.01085906e+00  7.24660000e+00  1.00932835e+00  3.28846993e-01  3.83387698e-03  3.91848196e-02  9.34699562e+01 
 3.25160097e+15  6.42239508e+35  7.66110000e+00  1.01311301e+00  7.24260000e+00  1.01160446e+00  3.29484459e-01  3.76859151e-03  3.90278958e-02  9.16451957e+01 
 3.25785687e+15  6.47417654e+35  7.65410000e+00  1.01536633e+00  7.23760000e+00  1.01385710e+00  3.30127009e-01  3.76020976e-03  3.88724160e-02  8.98600764e+01 
 3.26411277e+15  6.52622254e+35  7.64710000e+00  1.01761858e+00  7.23360000e+00  1.01613019e+00  3.30774625e-01  3.69869357e-03  3.87184200e-02  8.81139606e+01 
 3.27036868e+15  6.57851302e+35  7.64110000e+00  1.01986870e+00  7.22860000e+00  1.01837831e+00  3.31340490e-01  3.69370893e-03  3.85407844e-02  8.64066212e+01 
 3.27662458e+15  6.63106669e+35  7.63410000e+00  1.02211727e+00  7.22460000e+00  1.02064638e+00  3.31997818e-01  3.63596655e-03  3.83899224e-02  8.47366317e+01 
 3.28288048e+15  6.68389390e+35  7.62710000e+00  1.02436452e+00  7.22060000e+00  1.02291248e+00  3.32660043e-01  3.58007667e-03  3.82404328e-02  8.31028175e+01 
 3.28913638e+15  6.73696634e+35  7.62010000e+00  1.02660918e+00  7.21560000e+00  1.02515330e+00  3.33327185e-01  3.58000950e-03  3.80925101e-02  8.15052553e+01 
 3.29539229e+15  6.79029124e+35  7.61410000e+00  1.02885138e+00  7.21160000e+00  1.02741303e+00  3.33911453e-01  3.52772568e-03  3.79211689e-02  7.99428717e+01 
 3.30164819e+15  6.84390144e+35  7.60710000e+00  1.03109223e+00  7.20760000e+00  1.02967081e+00  3.34588008e-01  3.47720646e-03  3.77760943e-02  7.84139787e+01 
 3.30790409e+15  6.89775755e+35  7.60010000e+00  1.03333021e+00  7.20260000e+00  1.03190308e+00  3.35269490e-01  3.48192067e-03  3.76325852e-02  7.69189490e+01 
 3.31415999e+15  6.95185983e+35  7.59410000e+00  1.03556492e+00  7.19860000e+00  1.03415340e+00  3.35867182e-01  3.43491506e-03  3.74658765e-02  7.54569406e+01 
 3.32041590e+15  7.00624720e+35  7.58710000e+00  1.03779773e+00  7.19460000e+00  1.03640126e+00  3.36557780e-01  3.38956400e-03  3.73251646e-02  7.40262190e+01 
 3.32667180e+15  7.06088851e+35  7.58110000e+00  1.04002761e+00  7.19060000e+00  1.03864547e+00  3.37164258e-01  3.34610539e-03  3.71614192e-02  7.26268911e+01 
 3.33292770e+15  7.11577661e+35  7.57410000e+00  1.04225371e+00  7.18560000e+00  1.04086351e+00  3.37864001e-01  3.35679903e-03  3.70237039e-02  7.12584170e+01 
 3.33918360e+15  7.17093261e+35  7.56810000e+00  1.04447694e+00  7.18160000e+00  1.04309990e+00  3.38478922e-01  3.31644306e-03  3.68629581e-02  6.99195459e+01 
 3.34543951e+15  7.22636047e+35  7.56110000e+00  1.04669730e+00  7.17760000e+00  1.04533283e+00  3.39187708e-01  3.27780035e-03  3.67279681e-02  6.86095644e+01 
 3.35169541e+15  7.28203568e+35  7.55510000e+00  1.04891368e+00  7.17360000e+00  1.04756114e+00  3.39811065e-01  3.24080699e-03  3.65701911e-02  6.73283454e+01 
