# rhoc (cgs) 	 Pc (cgs) 	 R (km) 	 M (msol) 	 R_core (km) 	 M_core (msol) 	 I/(MR^2) 	 I_crust/(M_crust R_crust^2)/(I/(MR^2)) 	 k_2 	 Lambda 
 2.30000000e+14  2.87270813e+33  1.71541000e+01  1.49168979e-01  7.49260000e+00  1.35528222e-01  7.77054689e-02  1.83430860e-01  9.94120296e-03  1.89869159e+07 
 2.30317970e+14  2.88514258e+33  1.71101000e+01  1.49688641e-01  7.50060000e+00  1.36080346e-01  7.82097221e-02  1.82384025e-01  1.00943684e-02  1.87053590e+07 
 2.30635939e+14  2.89757702e+33  1.70671000e+01  1.50207797e-01  7.50760000e+00  1.36607276e-01  7.87087938e-02  1.81623598e-01  1.02472051e-02  1.84293533e+07 
 2.30953909e+14  2.91001146e+33  1.70251000e+01  1.50726368e-01  7.51460000e+00  1.37134518e-01  7.92023959e-02  1.80859360e-01  1.03995748e-02  1.81587587e+07 
 2.31271879e+14  2.92244590e+33  1.69831000e+01  1.51244392e-01  7.52160000e+00  1.37661932e-01  7.96997534e-02  1.80093555e-01  1.05544894e-02  1.78934483e+07 
 2.31589849e+14  2.93488035e+33  1.69421000e+01  1.51761889e-01  7.52860000e+00  1.38189432e-01  8.01914606e-02  1.79327470e-01  1.07088432e-02  1.76332968e+07 
 2.31907818e+14  2.94731479e+33  1.69011000e+01  1.52278839e-01  7.53560000e+00  1.38717065e-01  8.06868380e-02  1.78560255e-01  1.08657283e-02  1.73781800e+07 
 2.32225788e+14  2.95974923e+33  1.68611000e+01  1.52795200e-01  7.54260000e+00  1.39244939e-01  8.11762489e-02  1.77790044e-01  1.10219057e-02  1.71279753e+07 
 2.32543758e+14  2.97218367e+33  1.68211000e+01  1.53310986e-01  7.54960000e+00  1.39772992e-01  8.16692125e-02  1.77017786e-01  1.11805857e-02  1.68825680e+07 
 2.32861728e+14  2.98461812e+33  1.67821000e+01  1.53826199e-01  7.55660000e+00  1.40301196e-01  8.21559753e-02  1.76243831e-01  1.13384353e-02  1.66418453e+07 
 2.33179697e+14  2.99705256e+33  1.67441000e+01  1.54340834e-01  7.56360000e+00  1.40829548e-01  8.26363244e-02  1.75468145e-01  1.14953311e-02  1.64056971e+07 
 2.33497667e+14  3.00948700e+33  1.67061000e+01  1.54854887e-01  7.57060000e+00  1.41358043e-01  8.31199992e-02  1.74690727e-01  1.16546356e-02  1.61740169e+07 
 2.33815637e+14  3.02192144e+33  1.66691000e+01  1.55368351e-01  7.57760000e+00  1.41886676e-01  8.35969950e-02  1.73911554e-01  1.18128442e-02  1.59467003e+07 
 2.34133606e+14  3.03435589e+33  1.66321000e+01  1.55881223e-01  7.58460000e+00  1.42415444e-01  8.40772099e-02  1.73130626e-01  1.19734273e-02  1.57236466e+07 
 2.34451576e+14  3.04679033e+33  1.65951000e+01  1.56393498e-01  7.59160000e+00  1.42944341e-01  8.45606697e-02  1.72347930e-01  1.21364228e-02  1.55047574e+07 
 2.34769546e+14  3.05969754e+33  1.65581000e+01  1.56924629e-01  7.59860000e+00  1.43486642e-01  8.50515031e-02  1.71607964e-01  1.23029747e-02  1.52818333e+07 
 2.35087516e+14  3.07288297e+33  1.65211000e+01  1.57466679e-01  7.60560000e+00  1.44036954e-01  8.55481045e-02  1.70892306e-01  1.24727073e-02  1.50584605e+07 
 2.35405485e+14  3.08606839e+33  1.64841000e+01  1.58008252e-01  7.61260000e+00  1.44587325e-01  8.60481520e-02  1.70177020e-01  1.26450407e-02  1.48393876e+07 
 2.35723455e+14  3.09925382e+33  1.64471000e+01  1.58549287e-01  7.62060000e+00  1.45164089e-01  8.65516140e-02  1.69177184e-01  1.28199936e-02  1.46245121e+07 
 2.36041425e+14  3.11243925e+33  1.64111000e+01  1.59089757e-01  7.62760000e+00  1.45715045e-01  8.70478850e-02  1.68456130e-01  1.29936391e-02  1.44137355e+07 
 2.36359395e+14  3.12562467e+33  1.63761000e+01  1.59629687e-01  7.63460000e+00  1.46266186e-01  8.75367767e-02  1.67733161e-01  1.31658475e-02  1.42069647e+07 
 2.36677364e+14  3.13881010e+33  1.63411000e+01  1.60169070e-01  7.64160000e+00  1.46817508e-01  8.80288401e-02  1.67008257e-01  1.33405548e-02  1.40041076e+07 
 2.36995334e+14  3.15199553e+33  1.63061000e+01  1.60707901e-01  7.64860000e+00  1.47369006e-01  8.85241003e-02  1.66281416e-01  1.35177997e-02  1.38050745e+07 
 2.37313304e+14  3.16518095e+33  1.62721000e+01  1.61246173e-01  7.65560000e+00  1.47920674e-01  8.90116405e-02  1.65552627e-01  1.36934129e-02  1.36097775e+07 
 2.37631273e+14  3.17836638e+33  1.62391000e+01  1.61783882e-01  7.66260000e+00  1.48472505e-01  8.94912367e-02  1.64821902e-01  1.38672438e-02  1.34181316e+07 
 2.37949243e+14  3.19155181e+33  1.62061000e+01  1.62321021e-01  7.66960000e+00  1.49024498e-01  8.99737686e-02  1.64089178e-01  1.40434722e-02  1.32300540e+07 
 2.38267213e+14  3.20473723e+33  1.61731000e+01  1.62857586e-01  7.67560000e+00  1.49550105e-01  9.04592593e-02  1.63634494e-01  1.42221337e-02  1.30454639e+07 
 2.38585183e+14  3.21792266e+33  1.61411000e+01  1.63393571e-01  7.68260000e+00  1.50102364e-01  9.09364605e-02  1.62897493e-01  1.43988023e-02  1.28642825e+07 
 2.38903152e+14  3.23110809e+33  1.61091000e+01  1.63928970e-01  7.68960000e+00  1.50654769e-01  9.14164977e-02  1.62158504e-01  1.45778450e-02  1.26864335e+07 
 2.39221122e+14  3.24429351e+33  1.60781000e+01  1.64463778e-01  7.69660000e+00  1.51207313e-01  9.18879589e-02  1.61417522e-01  1.47547061e-02  1.25118420e+07 
 2.39539092e+14  3.25747894e+33  1.60471000e+01  1.64997991e-01  7.70360000e+00  1.51759993e-01  9.23621322e-02  1.60674547e-01  1.49338779e-02  1.23404355e+07 
 2.39857062e+14  3.27066437e+33  1.60161000e+01  1.65531573e-01  7.70960000e+00  1.52286139e-01  9.28390012e-02  1.60206659e-01  1.51153773e-02  1.21721423e+07 
 2.40175031e+14  3.28384979e+33  1.59861000e+01  1.66064536e-01  7.71660000e+00  1.52839203e-01  9.33069289e-02  1.59456978e-01  1.52944600e-02  1.20068938e+07 
 2.40493001e+14  3.29703522e+33  1.59561000e+01  1.66596928e-01  7.72360000e+00  1.53392254e-01  9.37775052e-02  1.58707261e-01  1.54758362e-02  1.18446249e+07 
 2.40810971e+14  3.31022065e+33  1.59271000e+01  1.67128712e-01  7.72960000e+00  1.53918482e-01  9.42388765e-02  1.58233830e-01  1.56546056e-02  1.16852689e+07 
 2.41128940e+14  3.32340607e+33  1.58981000e+01  1.67659828e-01  7.73660000e+00  1.54471888e-01  9.47026683e-02  1.57477474e-01  1.58355515e-02  1.15287602e+07 
 2.41446910e+14  3.33659150e+33  1.58691000e+01  1.68190337e-01  7.74360000e+00  1.55025343e-01  9.51689711e-02  1.56719938e-01  1.60187355e-02  1.13750391e+07 
 2.41764880e+14  3.34977693e+33  1.58411000e+01  1.68720254e-01  7.74960000e+00  1.55551742e-01  9.56257505e-02  1.56239220e-01  1.61990837e-02  1.12240453e+07 
 2.42082850e+14  3.36296235e+33  1.58131000e+01  1.69249464e-01  7.75660000e+00  1.56105516e-01  9.60848076e-02  1.55475221e-01  1.63815456e-02  1.10757165e+07 
 2.42400819e+14  3.37614778e+33  1.57861000e+01  1.69778104e-01  7.76260000e+00  1.56632027e-01  9.65340874e-02  1.54989042e-01  1.65609752e-02  1.09299994e+07 
 2.42718789e+14  3.38933321e+33  1.57581000e+01  1.70306061e-01  7.76960000e+00  1.57185889e-01  9.69978632e-02  1.54221690e-01  1.67477673e-02  1.07868350e+07 
 2.43036759e+14  3.40251863e+33  1.57321000e+01  1.70833399e-01  7.77560000e+00  1.57712539e-01  9.74392940e-02  1.53729492e-01  1.69260427e-02  1.06461700e+07 
 2.43354729e+14  3.41615004e+33  1.57041000e+01  1.71377919e-01  7.78260000e+00  1.58278770e-01  9.79118486e-02  1.52998062e-01  1.71185473e-02  1.05033111e+07 
 2.43672698e+14  3.43010458e+33  1.56761000e+01  1.71934740e-01  7.78860000e+00  1.58826852e-01  9.83898068e-02  1.52566907e-01  1.73143366e-02  1.03596762e+07 
 2.43990668e+14  3.44405912e+33  1.56491000e+01  1.72490983e-01  7.79560000e+00  1.59402418e-01  9.88576345e-02  1.51857233e-01  1.75068965e-02  1.02186234e+07 
 2.44308638e+14  3.45801366e+33  1.56221000e+01  1.73046683e-01  7.80260000e+00  1.59978006e-01  9.93278687e-02  1.51147323e-01  1.77017302e-02  1.00800983e+07 
 2.44626607e+14  3.47196820e+33  1.55951000e+01  1.73601802e-01  7.80960000e+00  1.60553729e-01  9.98004850e-02  1.50435465e-01  1.78988471e-02  9.94404568e+06 
 2.44944577e+14  3.48592273e+33  1.55691000e+01  1.74156287e-01  7.81560000e+00  1.61102260e-01  1.00262561e-01  1.49993589e-01  1.80924367e-02  9.81041096e+06 
 2.45262547e+14  3.49987727e+33  1.55431000e+01  1.74710172e-01  7.82260000e+00  1.61678419e-01  1.00726875e-01  1.49274542e-01  1.82882144e-02  9.67914363e+06 
 2.45580517e+14  3.51383181e+33  1.55171000e+01  1.75263506e-01  7.82860000e+00  1.62226918e-01  1.01193505e-01  1.48829944e-01  1.84862373e-02  9.55019448e+06 
 2.45898486e+14  3.52778635e+33  1.54921000e+01  1.75816183e-01  7.83560000e+00  1.62803324e-01  1.01649220e-01  1.48106079e-01  1.86804425e-02  9.42351132e+06 
 2.46216456e+14  3.54174089e+33  1.54671000e+01  1.76368259e-01  7.84160000e+00  1.63352106e-01  1.02107066e-01  1.47654173e-01  1.88767740e-02  9.29904783e+06 
 2.46534426e+14  3.55569543e+33  1.54421000e+01  1.76919744e-01  7.84860000e+00  1.63928605e-01  1.02567075e-01  1.46927372e-01  1.90752649e-02  9.17675731e+06 
 2.46852396e+14  3.56964996e+33  1.54171000e+01  1.77470552e-01  7.85460000e+00  1.64477627e-01  1.03029161e-01  1.46468597e-01  1.92758914e-02  9.05659196e+06 
 2.47170365e+14  3.58360450e+33  1.53931000e+01  1.78020804e-01  7.86160000e+00  1.65054278e-01  1.03480040e-01  1.45737772e-01  1.94724269e-02  8.93850981e+06 
 2.47488335e+14  3.59755904e+33  1.53691000e+01  1.78570348e-01  7.86760000e+00  1.65603445e-01  1.03932830e-01  1.45273249e-01  1.96709827e-02  8.82246397e+06 
 2.47806305e+14  3.61151358e+33  1.53461000e+01  1.79119329e-01  7.87460000e+00  1.66180306e-01  1.04374119e-01  1.44537360e-01  1.98651974e-02  8.70841497e+06 
 2.48124274e+14  3.62546812e+33  1.53231000e+01  1.79667614e-01  7.88060000e+00  1.66729522e-01  1.04817207e-01  1.44068202e-01  2.00613403e-02  8.59631865e+06 
 2.48442244e+14  3.63942266e+33  1.53001000e+01  1.80215284e-01  7.88660000e+00  1.67278636e-01  1.05262209e-01  1.43597847e-01  2.02594841e-02  8.48613623e+06 
 2.48760214e+14  3.65337719e+33  1.52771000e+01  1.80762315e-01  7.89360000e+00  1.67855821e-01  1.05709107e-01  1.42853555e-01  2.04596365e-02  8.37782764e+06 
 2.49078184e+14  3.66733173e+33  1.52541000e+01  1.81308644e-01  7.89960000e+00  1.68405189e-01  1.06157843e-01  1.42375567e-01  2.06617825e-02  8.27135305e+06 
 2.49396153e+14  3.68128627e+33  1.52321000e+01  1.81854379e-01  7.90560000e+00  1.68954329e-01  1.06594560e-01  1.41897946e-01  2.08591635e-02  8.16667670e+06 
 2.49714123e+14  3.69524081e+33  1.52101000e+01  1.82399442e-01  7.91160000e+00  1.69503520e-01  1.07033021e-01  1.41416946e-01  2.10584511e-02  8.06376052e+06 
 2.50032093e+14  3.70919535e+33  1.51881000e+01  1.82943802e-01  7.91860000e+00  1.70081140e-01  1.07473201e-01  1.40660541e-01  2.12596462e-02  7.96256796e+06 
 2.50350063e+14  3.72314989e+33  1.51671000e+01  1.83487519e-01  7.92460000e+00  1.70630463e-01  1.07900955e-01  1.40173233e-01  2.14557339e-02  7.86306496e+06 
 2.50668032e+14  3.73710442e+33  1.51461000e+01  1.84030591e-01  7.93060000e+00  1.71179688e-01  1.08330367e-01  1.39684407e-01  2.16536564e-02  7.76521740e+06 
 2.50986002e+14  3.75105896e+33  1.51251000e+01  1.84572986e-01  7.93660000e+00  1.71728921e-01  1.08761413e-01  1.39192655e-01  2.18534135e-02  7.66899128e+06 
 2.51303972e+14  3.76501350e+33  1.51041000e+01  1.85114673e-01  7.94260000e+00  1.72278273e-01  1.09194066e-01  1.38696513e-01  2.20550043e-02  7.57435338e+06 
 2.51621941e+14  3.77896804e+33  1.50841000e+01  1.85655681e-01  7.94860000e+00  1.72827615e-01  1.09613836e-01  1.38197606e-01  2.22510893e-02  7.48127217e+06 
 2.51939911e+14  3.79329552e+33  1.50631000e+01  1.86210461e-01  7.95560000e+00  1.73415556e-01  1.10053206e-01  1.37457125e-01  2.24576965e-02  7.38728761e+06 
 2.52257881e+14  3.80801839e+33  1.50421000e+01  1.86779975e-01  7.96160000e+00  1.73985622e-01  1.10498017e-01  1.37016692e-01  2.26676840e-02  7.29233008e+06 
 2.52575851e+14  3.82274126e+33  1.50211000e+01  1.87348794e-01  7.96760000e+00  1.74556037e-01  1.10944454e-01  1.36569508e-01  2.28795905e-02  7.19897732e+06 
 2.52893820e+14  3.83746412e+33  1.50001000e+01  1.87917047e-01  7.97460000e+00  1.75154911e-01  1.11392689e-01  1.35854402e-01  2.30935251e-02  7.10719910e+06 
 2.53211790e+14  3.85218699e+33  1.49801000e+01  1.88484667e-01  7.98060000e+00  1.75725262e-01  1.11827723e-01  1.35404293e-01  2.33016861e-02  7.01696241e+06 
 2.53529760e+14  3.86690986e+33  1.49601000e+01  1.89051607e-01  7.98660000e+00  1.76295835e-01  1.12264287e-01  1.34948959e-01  2.35116801e-02  6.92823574e+06 
 2.53847730e+14  3.88163272e+33  1.49401000e+01  1.89617962e-01  7.99260000e+00  1.76866227e-01  1.12702508e-01  1.34493459e-01  2.37235918e-02  6.84099024e+06 
 2.54165699e+14  3.89635559e+33  1.49201000e+01  1.90183681e-01  7.99860000e+00  1.77436622e-01  1.13142339e-01  1.34035433e-01  2.39374075e-02  6.75519541e+06 
 2.54483669e+14  3.91107845e+33  1.49011000e+01  1.90748715e-01  8.00560000e+00  1.78036089e-01  1.13568487e-01  1.33305730e-01  2.41450103e-02  6.67082140e+06 
 2.54801639e+14  3.92580132e+33  1.48821000e+01  1.91313092e-01  8.01160000e+00  1.78606777e-01  1.13996086e-01  1.32839822e-01  2.43543789e-02  6.58784052e+06 
 2.55119608e+14  3.94052419e+33  1.48631000e+01  1.91876848e-01  8.01760000e+00  1.79177344e-01  1.14425194e-01  1.32372813e-01  2.45655572e-02  6.50622556e+06 
 2.55437578e+14  3.95524705e+33  1.48441000e+01  1.92439952e-01  8.02360000e+00  1.79747904e-01  1.14855783e-01  1.31903260e-01  2.47785414e-02  6.42594901e+06 
 2.55755548e+14  3.96996992e+33  1.48251000e+01  1.93002391e-01  8.02960000e+00  1.80318485e-01  1.15287849e-01  1.31430778e-01  2.49933419e-02  6.34698427e+06 
 2.56073518e+14  3.98469279e+33  1.48071000e+01  1.93564162e-01  8.03560000e+00  1.80889082e-01  1.15705768e-01  1.30955377e-01  2.52014628e-02  6.26930521e+06 
 2.56391487e+14  3.99941565e+33  1.47891000e+01  1.94125249e-01  8.04160000e+00  1.81459748e-01  1.16125007e-01  1.30476392e-01  2.54112569e-02  6.19288657e+06 
 2.56709457e+14  4.01413852e+33  1.47711000e+01  1.94685663e-01  8.04760000e+00  1.82030413e-01  1.16545592e-01  1.29994654e-01  2.56227494e-02  6.11770379e+06 
 2.57027427e+14  4.02886139e+33  1.47531000e+01  1.95245404e-01  8.05360000e+00  1.82601065e-01  1.16967531e-01  1.29510292e-01  2.58359561e-02  6.04373273e+06 
 2.57345397e+14  4.04358425e+33  1.47361000e+01  1.95804469e-01  8.05960000e+00  1.83171698e-01  1.17374897e-01  1.29023319e-01  2.60420528e-02  5.97094952e+06 
 2.57663366e+14  4.05830712e+33  1.47181000e+01  1.96362853e-01  8.06560000e+00  1.83742310e-01  1.17799484e-01  1.28533769e-01  2.62586466e-02  5.89933146e+06 
 2.57981336e+14  4.07302998e+33  1.47011000e+01  1.96920555e-01  8.07160000e+00  1.84312895e-01  1.18209358e-01  1.28041644e-01  2.64679928e-02  5.82885552e+06 
 2.58299306e+14  4.08775285e+33  1.46841000e+01  1.97477570e-01  8.07760000e+00  1.84883452e-01  1.18620456e-01  1.27546954e-01  2.66789416e-02  5.75949982e+06 
 2.58617275e+14  4.10247572e+33  1.46671000e+01  1.98033889e-01  8.08360000e+00  1.85454006e-01  1.19032773e-01  1.27049347e-01  2.68915005e-02  5.69124266e+06 
 2.58935245e+14  4.11719858e+33  1.46511000e+01  1.98589501e-01  8.08860000e+00  1.85995101e-01  1.19430001e-01  1.26811559e-01  2.70964270e-02  5.62406266e+06 
 2.59253215e+14  4.13192145e+33  1.46341000e+01  1.99144413e-01  8.09460000e+00  1.86565636e-01  1.19844692e-01  1.26307538e-01  2.73121560e-02  5.55793964e+06 
 2.59571185e+14  4.14664432e+33  1.46181000e+01  1.99698621e-01  8.10060000e+00  1.87136149e-01  1.20244166e-01  1.25800760e-01  2.75201180e-02  5.49285304e+06 
 2.59889154e+14  4.16136718e+33  1.46021000e+01  2.00252131e-01  8.10660000e+00  1.87706607e-01  1.20644741e-01  1.25291595e-01  2.77295789e-02  5.42878336e+06 
 2.60207124e+14  4.17609005e+33  1.45861000e+01  2.00804968e-01  8.11260000e+00  1.88276881e-01  1.21046457e-01  1.24781550e-01  2.79405712e-02  5.36571156e+06 
 2.60525094e+14  4.19107541e+33  1.45701000e+01  2.01366932e-01  8.11760000e+00  1.88824472e-01  1.21451702e-01  1.24548944e-01  2.81541204e-02  5.30251904e+06 
 2.60843064e+14  4.20655888e+33  1.45541000e+01  2.01946889e-01  8.12360000e+00  1.89415086e-01  1.21862674e-01  1.24086232e-01  2.83711929e-02  5.23825831e+06 
 2.61161033e+14  4.22204235e+33  1.45371000e+01  2.02526196e-01  8.12960000e+00  1.90005711e-01  1.22291616e-01  1.23620900e-01  2.85996792e-02  5.17502436e+06 
 2.61479003e+14  4.23752582e+33  1.45211000e+01  2.03104850e-01  8.13560000e+00  1.90596341e-01  1.22704961e-01  1.23152947e-01  2.88200073e-02  5.11279731e+06 
 2.61796973e+14  4.25300930e+33  1.45061000e+01  2.03682846e-01  8.14160000e+00  1.91186972e-01  1.23102486e-01  1.22682393e-01  2.90319292e-02  5.05155794e+06 
 2.62114942e+14  4.26849277e+33  1.44901000e+01  2.04260177e-01  8.14760000e+00  1.91777612e-01  1.23518069e-01  1.22209132e-01  2.92553862e-02  4.99128776e+06 
 2.62432912e+14  4.28397624e+33  1.44741000e+01  2.04836830e-01  8.15360000e+00  1.92368296e-01  1.23934802e-01  1.21732688e-01  2.94804608e-02  4.93196810e+06 
 2.62750882e+14  4.29945971e+33  1.44591000e+01  2.05412809e-01  8.15960000e+00  1.92958988e-01  1.24335499e-01  1.21253467e-01  2.96968987e-02  4.87358084e+06 
 2.63068852e+14  4.31494318e+33  1.44441000e+01  2.05988111e-01  8.16560000e+00  1.93549682e-01  1.24737215e-01  1.20771501e-01  2.99148082e-02  4.81610851e+06 
 2.63386821e+14  4.33042665e+33  1.44291000e+01  2.06562731e-01  8.17060000e+00  1.94110302e-01  1.25139953e-01  1.20546170e-01  3.01341993e-02  4.75953385e+06 
 2.63704791e+14  4.34591012e+33  1.44141000e+01  2.07136670e-01  8.17660000e+00  1.94700954e-01  1.25543722e-01  1.20058485e-01  3.03550848e-02  4.70383997e+06 
 2.64022761e+14  4.36139360e+33  1.43991000e+01  2.07709957e-01  8.18260000e+00  1.95291432e-01  1.25948568e-01  1.19569969e-01  3.05775017e-02  4.64901063e+06 
 2.64340731e+14  4.37687707e+33  1.43851000e+01  2.08282544e-01  8.18860000e+00  1.95881934e-01  1.26336868e-01  1.19078325e-01  3.07907189e-02  4.59502908e+06 
 2.64658700e+14  4.39236054e+33  1.43701000e+01  2.08854407e-01  8.19360000e+00  1.96442311e-01  1.26743662e-01  1.18840855e-01  3.10160516e-02  4.54187964e+06 
 2.64976670e+14  4.40784401e+33  1.43561000e+01  2.09425572e-01  8.19960000e+00  1.97032892e-01  1.27133783e-01  1.18341923e-01  3.12320361e-02  4.48954672e+06 
 2.65294640e+14  4.42332748e+33  1.43421000e+01  2.09996083e-01  8.20560000e+00  1.97623238e-01  1.27524858e-01  1.17842705e-01  3.14494234e-02  4.43801568e+06 
 2.65612610e+14  4.43881095e+33  1.43281000e+01  2.10565871e-01  8.21060000e+00  1.98183274e-01  1.27916812e-01  1.17597511e-01  3.16681711e-02  4.38727115e+06 
 2.65930579e+14  4.45429442e+33  1.43141000e+01  2.11134927e-01  8.21660000e+00  1.98773745e-01  1.28309637e-01  1.17090381e-01  3.18882813e-02  4.33729855e+06 
 2.66248549e+14  4.46977790e+33  1.43011000e+01  2.11703318e-01  8.22160000e+00  1.99333505e-01  1.28685425e-01  1.16840181e-01  3.20985946e-02  4.28808403e+06 
 2.66566519e+14  4.48526137e+33  1.42871000e+01  2.12270979e-01  8.22760000e+00  1.99923768e-01  1.29080028e-01  1.16328772e-01  3.23214309e-02  4.23961347e+06 
 2.66884488e+14  4.50074484e+33  1.42741000e+01  2.12837900e-01  8.23360000e+00  2.00514092e-01  1.29457369e-01  1.15813626e-01  3.25342563e-02  4.19187291e+06 
 2.67202458e+14  4.51622831e+33  1.42601000e+01  2.13404174e-01  8.23860000e+00  2.01073494e-01  1.29853782e-01  1.15555695e-01  3.27598668e-02  4.14484999e+06 
 2.67520428e+14  4.53171178e+33  1.42471000e+01  2.13969659e-01  8.24460000e+00  2.01663699e-01  1.30232744e-01  1.15035159e-01  3.29752721e-02  4.09853034e+06 
 2.67838398e+14  4.54719525e+33  1.42341000e+01  2.14534490e-01  8.24960000e+00  2.02222901e-01  1.30612568e-01  1.14771261e-01  3.31919908e-02  4.05290228e+06 
 2.68156367e+14  4.56267872e+33  1.42211000e+01  2.15098531e-01  8.25560000e+00  2.02812970e-01  1.30993091e-01  1.14245436e-01  3.34099202e-02  4.00795238e+06 
 2.68474337e+14  4.57816220e+33  1.42091000e+01  2.15661910e-01  8.26060000e+00  2.03371963e-01  1.31355986e-01  1.13975639e-01  3.36173437e-02  3.96366909e+06 
 2.68792307e+14  4.59364567e+33  1.41961000e+01  2.16224495e-01  8.26560000e+00  2.03931103e-01  1.31738008e-01  1.13699723e-01  3.38377373e-02  3.92003985e+06 
 2.69110277e+14  4.60924744e+33  1.41841000e+01  2.16790709e-01  8.27160000e+00  2.04523739e-01  1.32103349e-01  1.13176710e-01  3.40479750e-02  3.87672736e+06 
 2.69428246e+14  4.62547939e+33  1.41711000e+01  2.17379034e-01  8.27660000e+00  2.05102168e-01  1.32493731e-01  1.12944029e-01  3.42740945e-02  3.83233890e+06 
 2.69746216e+14  4.64171135e+33  1.41581000e+01  2.17966682e-01  8.28260000e+00  2.05711434e-01  1.32884934e-01  1.12453785e-01  3.45015491e-02  3.78862208e+06 
 2.70064186e+14  4.65794331e+33  1.41451000e+01  2.18553699e-01  8.28860000e+00  2.06320424e-01  1.33277023e-01  1.11963813e-01  3.47303903e-02  3.74556507e+06 
 2.70382155e+14  4.67417526e+33  1.41331000e+01  2.19139969e-01  8.29360000e+00  2.06898688e-01  1.33650944e-01  1.11722163e-01  3.49481625e-02  3.70315515e+06 
 2.70700125e+14  4.69040722e+33  1.41201000e+01  2.19725579e-01  8.29960000e+00  2.07507743e-01  1.34044576e-01  1.11225402e-01  3.51795938e-02  3.66138145e+06 
 2.71018095e+14  4.70663918e+33  1.41081000e+01  2.20310492e-01  8.30460000e+00  2.08085708e-01  1.34419973e-01  1.10979421e-01  3.53998383e-02  3.62023204e+06 
 2.71336065e+14  4.72287113e+33  1.40961000e+01  2.20894682e-01  8.31060000e+00  2.08694814e-01  1.34796028e-01  1.10475938e-01  3.56212511e-02  3.57969570e+06 
 2.71654034e+14  4.73910309e+33  1.40841000e+01  2.21478220e-01  8.31560000e+00  2.09272491e-01  1.35172835e-01  1.10225415e-01  3.58439027e-02  3.53976188e+06 
 2.71972004e+14  4.75533505e+33  1.40721000e+01  2.22060998e-01  8.32160000e+00  2.09881535e-01  1.35550266e-01  1.09716328e-01  3.60677079e-02  3.50041917e+06 
 2.72289974e+14  4.77156700e+33  1.40601000e+01  2.22643130e-01  8.32660000e+00  2.10459007e-01  1.35928469e-01  1.09460325e-01  3.62927764e-02  3.46165770e+06 
 2.72607944e+14  4.78779896e+33  1.40481000e+01  2.23224497e-01  8.33260000e+00  2.11067910e-01  1.36307299e-01  1.08946378e-01  3.65190111e-02  3.42346644e+06 
 2.72925913e+14  4.80403092e+33  1.40371000e+01  2.23805201e-01  8.33760000e+00  2.11645228e-01  1.36667415e-01  1.08684286e-01  3.67334235e-02  3.38583574e+06 
 2.73243883e+14  4.82026287e+33  1.40251000e+01  2.24385164e-01  8.34260000e+00  2.12222523e-01  1.37047608e-01  1.08418172e-01  3.69620388e-02  3.34875548e+06 
 2.73561853e+14  4.83649483e+33  1.40141000e+01  2.24964407e-01  8.34860000e+00  2.12831125e-01  1.37408887e-01  1.07897463e-01  3.71786185e-02  3.31221582e+06 
 2.73879822e+14  4.85272679e+33  1.40031000e+01  2.25542960e-01  8.35360000e+00  2.13408089e-01  1.37770772e-01  1.07627053e-01  3.73962843e-02  3.27620751e+06 
 2.74197792e+14  4.86895874e+33  1.39921000e+01  2.26120731e-01  8.35860000e+00  2.13985194e-01  1.38133154e-01  1.07350892e-01  3.76149626e-02  3.24072075e+06 
 2.74515762e+14  4.88519070e+33  1.39811000e+01  2.26697836e-01  8.36460000e+00  2.14593420e-01  1.38496180e-01  1.06824016e-01  3.78347635e-02  3.20574697e+06 
 2.74833732e+14  4.90142266e+33  1.39701000e+01  2.27274211e-01  8.36960000e+00  2.15170037e-01  1.38859777e-01  1.06545122e-01  3.80556375e-02  3.17127690e+06 
 2.75151701e+14  4.91765461e+33  1.39591000e+01  2.27849805e-01  8.37460000e+00  2.15746752e-01  1.39223885e-01  1.06260921e-01  3.82775465e-02  3.13730150e+06 
 2.75469671e+14  4.93388657e+33  1.39481000e+01  2.28424712e-01  8.37960000e+00  2.16323105e-01  1.39588625e-01  1.05976165e-01  3.85005807e-02  3.10381263e+06 
 2.75787641e+14  4.95011853e+33  1.39381000e+01  2.28998889e-01  8.38560000e+00  2.16930989e-01  1.39933865e-01  1.05438999e-01  3.87108192e-02  3.07080152e+06 
 2.76105611e+14  4.96635048e+33  1.39271000e+01  2.29572323e-01  8.39060000e+00  2.17507113e-01  1.40299693e-01  1.05148726e-01  3.89359472e-02  3.03826008e+06 
 2.76423580e+14  4.98258244e+33  1.39171000e+01  2.30144980e-01  8.39560000e+00  2.18083276e-01  1.40645837e-01  1.04853741e-01  3.91480711e-02  3.00617983e+06 
 2.76741550e+14  4.99881440e+33  1.39061000e+01  2.30716935e-01  8.40060000e+00  2.18659099e-01  1.41012759e-01  1.04557959e-01  3.93753123e-02  2.97455337e+06 
 2.77059520e+14  5.01504635e+33  1.38961000e+01  2.31288152e-01  8.40560000e+00  2.19234740e-01  1.41359923e-01  1.04259707e-01  3.95894200e-02  2.94337257e+06 
 2.77377489e+14  5.03127831e+33  1.38861000e+01  2.31858624e-01  8.41060000e+00  2.19810230e-01  1.41707538e-01  1.03958681e-01  3.98044611e-02  2.91262985e+06 
 2.77695459e+14  5.04751027e+33  1.38761000e+01  2.32428349e-01  8.41560000e+00  2.20385567e-01  1.42055606e-01  1.03654910e-01  4.00204400e-02  2.88231772e+06 
 2.78013429e+14  5.24035398e+33  1.37621000e+01  2.39295000e-01  8.47660000e+00  2.27369983e-01  1.46171493e-01  9.97286676e-02  4.26119439e-02  2.54598095e+06 
 2.78331399e+14  5.44786095e+33  1.36491000e+01  2.46903200e-01  8.54160000e+00  2.35071185e-01  1.50572639e-01  9.59059133e-02  4.54583553e-02  2.22878709e+06 
 2.78649368e+14  5.65536792e+33  1.35461000e+01  2.54719401e-01  8.60760000e+00  2.43000455e-01  1.54932839e-01  9.20859327e-02  4.83521245e-02  1.95319318e+06 
 2.78967338e+14  5.71976403e+33  1.35161000e+01  2.57182177e-01  8.62860000e+00  2.45513897e-01  1.56275821e-01  9.08223204e-02  4.92578479e-02  1.87541099e+06 
 2.79285308e+14  5.76757306e+33  1.34941000e+01  2.59015689e-01  8.64360000e+00  2.47366592e-01  1.57275056e-01  9.00276103e-02  4.99370057e-02  1.82003669e+06 
 2.79603278e+14  5.81538209e+33  1.34731000e+01  2.60853029e-01  8.65860000e+00  2.49224441e-01  1.58257773e-01  8.92331251e-02  5.06072522e-02  1.76660471e+06 
 2.79921247e+14  5.86319112e+33  1.34521000e+01  2.62694115e-01  8.67360000e+00  2.51087079e-01  1.59247125e-01  8.84411040e-02  5.12869380e-02  1.71503849e+06 
 2.80239217e+14  5.91100015e+33  1.34321000e+01  2.64538779e-01  8.68860000e+00  2.52954590e-01  1.60219181e-01  8.76497117e-02  5.19567635e-02  1.66526491e+06 
 2.80557187e+14  5.95880918e+33  1.34131000e+01  2.66386883e-01  8.70360000e+00  2.54826880e-01  1.61173374e-01  8.68587097e-02  5.26159676e-02  1.61721430e+06 
 2.80875156e+14  6.00661820e+33  1.33941000e+01  2.68238293e-01  8.71760000e+00  2.56669591e-01  1.62133358e-01  8.63023489e-02  5.32836838e-02  1.57082002e+06 
 2.81193126e+14  6.05442723e+33  1.33751000e+01  2.70092872e-01  8.73260000e+00  2.58551059e-01  1.63099106e-01  8.55106906e-02  5.39599782e-02  1.52601822e+06 
 2.81511096e+14  6.10223626e+33  1.33571000e+01  2.71950489e-01  8.74760000e+00  2.60437025e-01  1.64046028e-01  8.47187796e-02  5.46244652e-02  1.48274765e+06 
 2.81829066e+14  6.15004529e+33  1.33401000e+01  2.73811014e-01  8.76260000e+00  2.62327395e-01  1.64973574e-01  8.39264433e-02  5.52763756e-02  1.44094963e+06 
 2.82147035e+14  6.19785432e+33  1.33231000e+01  2.75674345e-01  8.77760000e+00  2.64221926e-01  1.65906141e-01  8.31347636e-02  5.59359637e-02  1.40056797e+06 
 2.82465005e+14  6.24914251e+33  1.33051000e+01  2.77676494e-01  8.79260000e+00  2.66221337e-01  1.66906206e-01  8.25360778e-02  5.66470987e-02  1.35875507e+06 
 2.82782975e+14  6.30059627e+33  1.32871000e+01  2.79688651e-01  8.80860000e+00  2.68265455e-01  1.67913847e-01  8.17144723e-02  5.73682256e-02  1.31830711e+06 
 2.83100945e+14  6.35205002e+33  1.32701000e+01  2.81704200e-01  8.82460000e+00  2.70314646e-01  1.68901813e-01  8.08923910e-02  5.80764682e-02  1.27930160e+06 
 2.83418914e+14  6.40350378e+33  1.32541000e+01  2.83722989e-01  8.83960000e+00  2.72333611e-01  1.69869533e-01  8.02983196e-02  5.87710004e-02  1.24168102e+06 
 2.83736884e+14  6.45495754e+33  1.32381000e+01  2.85744893e-01  8.85560000e+00  2.74392391e-01  1.70842286e-01  7.94749162e-02  5.94734916e-02  1.20539036e+06 
 2.84054854e+14  6.50641129e+33  1.32221000e+01  2.87769723e-01  8.87060000e+00  2.76420601e-01  1.71819987e-01  7.88768306e-02  6.01839369e-02  1.17037671e+06 
 2.84372823e+14  6.55786505e+33  1.32071000e+01  2.89797378e-01  8.88660000e+00  2.78488698e-01  1.72776485e-01  7.80501937e-02  6.08793744e-02  1.13658948e+06 
 2.84690793e+14  6.60931881e+33  1.31921000e+01  2.91827687e-01  8.90160000e+00  2.80525763e-01  1.73737522e-01  7.74473461e-02  6.15822690e-02  1.10398018e+06 
 2.85008763e+14  6.66077256e+33  1.31781000e+01  2.93860550e-01  8.91660000e+00  2.82566921e-01  1.74676590e-01  7.68424912e-02  6.22690625e-02  1.07250239e+06 
 2.85326733e+14  6.71222632e+33  1.31641000e+01  2.95895804e-01  8.93260000e+00  2.84648291e-01  1.75619786e-01  7.60088538e-02  6.29627997e-02  1.04211162e+06 
 2.85644702e+14  6.76368007e+33  1.31511000e+01  2.97933357e-01  8.94760000e+00  2.86697752e-01  1.76540263e-01  7.53982953e-02  6.36393420e-02  1.01276529e+06 
 2.85962672e+14  6.81896111e+33  1.31371000e+01  3.00125201e-01  8.96360000e+00  2.88900098e-01  1.77534368e-01  7.47649708e-02  6.43742555e-02  9.82349010e+05 
 2.86280642e+14  6.87428039e+33  1.31231000e+01  3.02321553e-01  8.97960000e+00  2.91108537e-01  1.78533387e-01  7.41299394e-02  6.51170488e-02  9.53014986e+05 
 2.86598612e+14  6.92959968e+33  1.31101000e+01  3.04520767e-01  8.99560000e+00  2.93321665e-01  1.79509499e-01  7.34922438e-02  6.58423940e-02  9.24739559e+05 
 2.86916581e+14  6.98491896e+33  1.30971000e+01  3.06722677e-01  9.01260000e+00  2.95576110e-01  1.80489682e-01  7.26295744e-02  6.65748042e-02  8.97479558e+05 
 2.87234551e+14  7.04023824e+33  1.30841000e+01  3.08927135e-01  9.02860000e+00  2.97798629e-01  1.81473899e-01  7.19853490e-02  6.73142998e-02  8.71193653e+05 
 2.87552521e+14  7.09555752e+33  1.30721000e+01  3.11133997e-01  9.04460000e+00  3.00025622e-01  1.82434190e-01  7.13372834e-02  6.80348670e-02  8.45842271e+05 
 2.87870490e+14  7.15087680e+33  1.30611000e+01  3.13343126e-01  9.06060000e+00  3.02256981e-01  1.83369999e-01  7.06853163e-02  6.87356193e-02  8.21387596e+05 
 2.88188460e+14  7.20619608e+33  1.30491000e+01  3.15554404e-01  9.07560000e+00  3.04455382e-01  1.84337302e-01  7.02486241e-02  6.94689226e-02  7.97793534e+05 
 2.88506430e+14  7.26151537e+33  1.30391000e+01  3.17767678e-01  9.09160000e+00  3.06695011e-01  1.85251274e-01  6.95882481e-02  7.01549101e-02  7.75025393e+05 
 2.88824400e+14  7.31683465e+33  1.30281000e+01  3.19982829e-01  9.10760000e+00  3.08938704e-01  1.86196643e-01  6.89238537e-02  7.08734358e-02  7.53050183e+05 
 2.89142369e+14  7.37215900e+33  1.30181000e+01  3.22199934e-01  9.12360000e+00  3.11186513e-01  1.87116418e-01  6.82556083e-02  7.15704260e-02  7.31834309e+05 
 2.89460339e+14  7.43157382e+33  1.30071000e+01  3.24583133e-01  9.13960000e+00  3.13560571e-01  1.88114886e-01  6.77889531e-02  7.23322093e-02  7.09860105e+05 
 2.89778309e+14  7.49098863e+33  1.29971000e+01  3.26968761e-01  9.15660000e+00  3.15977005e-01  1.89087666e-01  6.71013425e-02  7.30723383e-02  6.88687787e+05 
 2.90096279e+14  7.55040345e+33  1.29871000e+01  3.29356665e-01  9.17360000e+00  3.18398124e-01  1.90063470e-01  6.64095515e-02  7.38183109e-02  6.68284093e+05 
 2.90414248e+14  7.60981826e+33  1.29771000e+01  3.31746692e-01  9.18960000e+00  3.20785798e-01  1.91042251e-01  6.59268838e-02  7.45701171e-02  6.48617194e+05 
 2.90732218e+14  7.66923308e+33  1.29681000e+01  3.34138698e-01  9.20660000e+00  3.23215915e-01  1.91994347e-01  6.52251930e-02  7.52987082e-02  6.29656632e+05 
 2.91050188e+14  7.72864790e+33  1.29591000e+01  3.36532543e-01  9.22260000e+00  3.25612090e-01  1.92948990e-01  6.47311967e-02  7.60325001e-02  6.11373371e+05 
 2.91368157e+14  7.78806271e+33  1.29511000e+01  3.38928091e-01  9.23860000e+00  3.28012266e-01  1.93876187e-01  6.42312513e-02  7.67418385e-02  5.93739624e+05 
 2.91686127e+14  7.84747753e+33  1.29431000e+01  3.41325210e-01  9.25560000e+00  3.30455036e-01  1.94805509e-01  6.35139630e-02  7.74557432e-02  5.76728888e+05 
 2.92004097e+14  7.90689234e+33  1.29351000e+01  3.43723769e-01  9.27160000e+00  3.32863168e-01  1.95736909e-01  6.30021220e-02  7.81741889e-02  5.60315824e+05 
 2.92322067e+14  7.96630716e+33  1.29271000e+01  3.46123649e-01  9.28760000e+00  3.35275007e-01  1.96670348e-01  6.24843302e-02  7.88971608e-02  5.44476237e+05 
 2.92640036e+14  8.02572198e+33  1.29201000e+01  3.48524721e-01  9.30360000e+00  3.37690529e-01  1.97575186e-01  6.19601329e-02  7.95938167e-02  5.29186971e+05 
 2.92958006e+14  8.08941268e+33  1.29121000e+01  3.51100141e-01  9.32060000e+00  3.40278195e-01  1.98562319e-01  6.14231859e-02  8.03604425e-02  5.13381346e+05 
 2.93275976e+14  8.15316234e+33  1.29051000e+01  3.53679767e-01  9.33760000e+00  3.42872145e-01  1.99521433e-01  6.08823727e-02  8.11010373e-02  4.98139038e+05 
 2.93593946e+14  8.21691200e+33  1.28981000e+01  3.56261062e-01  9.35460000e+00  3.45470483e-01  2.00482383e-01  6.03348866e-02  8.18459065e-02  4.83450766e+05 
 2.93911915e+14  8.28066166e+33  1.28921000e+01  3.58843878e-01  9.37160000e+00  3.48073095e-01  2.01413872e-01  5.97807070e-02  8.25629911e-02  4.69293372e+05 
 2.94229885e+14  8.34441132e+33  1.28851000e+01  3.61428073e-01  9.38860000e+00  3.50679870e-01  2.02378192e-01  5.92198734e-02  8.33160131e-02  4.55644799e+05 
 2.94547855e+14  8.40816098e+33  1.28791000e+01  3.64013509e-01  9.40560000e+00  3.53290700e-01  2.03312629e-01  5.86523613e-02  8.40405816e-02  4.42483927e+05 
 2.94865824e+14  8.47191064e+33  1.28741000e+01  3.66600054e-01  9.42260000e+00  3.55905476e-01  2.04216658e-01  5.80781981e-02  8.47357716e-02  4.29790626e+05 
 2.95183794e+14  8.53566030e+33  1.28681000e+01  3.69187574e-01  9.43860000e+00  3.58483948e-01  2.05153535e-01  5.77008846e-02  8.54670846e-02  4.17545716e+05 
 2.95501764e+14  8.59940996e+33  1.28631000e+01  3.71775930e-01  9.45560000e+00  3.61106361e-01  2.06059581e-01  5.71117824e-02  8.61683411e-02  4.05730821e+05 
 2.95819734e+14  8.66315962e+33  1.28581000e+01  3.74365030e-01  9.47160000e+00  3.63691833e-01  2.06966518e-01  5.67191862e-02  8.68724587e-02  3.94328458e+05 
 2.96137703e+14  8.72690928e+33  1.28531000e+01  3.76954727e-01  9.48860000e+00  3.66321332e-01  2.07874272e-01  5.61162751e-02  8.75793636e-02  3.83321898e+05 
 2.96455673e+14  8.79498551e+33  1.28481000e+01  3.79721066e-01  9.50560000e+00  3.69086378e-01  2.08833573e-01  5.56973868e-02  8.83257050e-02  3.71985982e+05 
 2.96773643e+14  8.86331868e+33  1.28441000e+01  3.82499035e-01  9.52360000e+00  3.71904224e-01  2.09764193e-01  5.50812938e-02  8.90426349e-02  3.61021491e+05 
 2.97091613e+14  8.93165186e+33  1.28401000e+01  3.85278017e-01  9.54060000e+00  3.74685469e-01  2.10695406e-01  5.46568394e-02  8.97619935e-02  3.50454586e+05 
 2.97409582e+14  8.99998504e+33  1.28361000e+01  3.88057883e-01  9.55760000e+00  3.77470614e-01  2.11627181e-01  5.42238669e-02  9.04837521e-02  3.40268610e+05 
 2.97727552e+14  9.06831822e+33  1.28321000e+01  3.90838517e-01  9.57460000e+00  3.80259352e-01  2.12559499e-01  5.37835420e-02  9.12078950e-02  3.30447681e+05 
 2.98045522e+14  9.13665140e+33  1.28281000e+01  3.93619739e-01  9.59260000e+00  3.83093490e-01  2.13492266e-01  5.31359562e-02  9.19343226e-02  3.20976619e+05 
 2.98363491e+14  9.20498457e+33  1.28251000e+01  3.96401437e-01  9.60960000e+00  3.85889865e-01  2.14392017e-01  5.26782709e-02  9.26268876e-02  3.11840956e+05 
 2.98681461e+14  9.27331775e+33  1.28221000e+01  3.99183485e-01  9.62660000e+00  3.88689731e-01  2.15291848e-01  5.22122458e-02  9.33210944e-02  3.03026892e+05 
 2.98999431e+14  9.34165093e+33  1.28191000e+01  4.01965758e-01  9.64260000e+00  3.91451053e-01  2.16191714e-01  5.19336502e-02  9.40168918e-02  2.94521263e+05 
 2.99317401e+14  9.40998411e+33  1.28171000e+01  4.04748133e-01  9.65960000e+00  3.94257512e-01  2.17057693e-01  5.14502238e-02  9.46772859e-02  2.86311486e+05 
 2.99635370e+14  9.47831729e+33  1.28141000e+01  4.07530495e-01  9.67660000e+00  3.97067191e-01  2.17957353e-01  5.09585972e-02  9.53758387e-02  2.78385578e+05 
 2.99953340e+14  9.55087292e+33  1.28121000e+01  4.10484930e-01  9.69460000e+00  4.00052158e-01  2.18872067e-01  5.04368772e-02  9.60747250e-02  2.70267013e+05 
 3.00271310e+14  9.62404769e+33  1.28101000e+01  4.13465080e-01  9.71160000e+00  4.03017542e-01  2.19793735e-01  5.01251483e-02  9.67800282e-02  2.62375054e+05 
 3.00589280e+14  9.69722247e+33  1.28081000e+01  4.16445597e-01  9.72960000e+00  4.06029151e-01  2.20715096e-01  4.96112299e-02  9.74863816e-02  2.54767781e+05 
 3.00907249e+14  9.77039724e+33  1.28061000e+01  4.19426327e-01  9.74760000e+00  4.09044523e-01  2.21636096e-01  4.90887426e-02  9.81937200e-02  2.47433274e+05 
 3.01225219e+14  9.84357201e+33  1.28041000e+01  4.22407100e-01  9.76460000e+00  4.12020899e-01  2.22556659e-01  4.87472452e-02  9.89019552e-02  2.40360166e+05 
 3.01543189e+14  9.91674679e+33  1.28031000e+01  4.25387845e-01  9.78160000e+00  4.15000229e-01  2.23441897e-01  4.83975238e-02  9.95722113e-02  2.33537614e+05 
 3.01861158e+14  9.98992156e+33  1.28021000e+01  4.28368369e-01  9.79960000e+00  4.18026387e-01  2.24326323e-01  4.78463735e-02  1.00242709e-01  2.26955272e+05 
 3.02179128e+14  1.00630963e+34  1.28011000e+01  4.31348574e-01  9.81660000e+00  4.21012496e-01  2.25209929e-01  4.74760150e-02  1.00913429e-01  2.20603278e+05 
 3.02497098e+14  1.01362711e+34  1.28001000e+01  4.34328377e-01  9.83360000e+00  4.24001264e-01  2.26092715e-01  4.70977241e-02  1.01584368e-01  2.14472222e+05 
 3.02815068e+14  1.02094459e+34  1.28001000e+01  4.37307591e-01  9.85060000e+00  4.26993262e-01  2.26939104e-01  4.67082430e-02  1.02215450e-01  2.08553104e+05 
 3.03133037e+14  1.02826206e+34  1.27991000e+01  4.40286129e-01  9.86760000e+00  4.29988094e-01  2.27819885e-01  4.63092350e-02  1.02886275e-01  2.02837370e+05 
 3.03451007e+14  1.03597249e+34  1.27991000e+01  4.43424014e-01  9.88560000e+00  4.33150711e-01  2.28709326e-01  4.58626762e-02  1.03550569e-01  1.97025293e+05 
 3.03768977e+14  1.04380088e+34  1.27991000e+01  4.46609667e-01  9.90360000e+00  4.36353261e-01  2.29611158e-01  4.54503850e-02  1.04224590e-01  1.91335317e+05 
 3.04086947e+14  1.05162926e+34  1.27991000e+01  4.49794959e-01  9.92160000e+00  4.39559281e-01  2.30511743e-01  4.50280562e-02  1.04898140e-01  1.85849078e+05 
 3.04404916e+14  1.05945765e+34  1.27991000e+01  4.52979736e-01  9.93860000e+00  4.42724251e-01  2.31411030e-01  4.47801164e-02  1.05571150e-01  1.80558078e+05 
 3.04722886e+14  1.06728603e+34  1.28001000e+01  4.56163864e-01  9.95660000e+00  4.45937021e-01  2.32272684e-01  4.43359884e-02  1.06202074e-01  1.75454213e+05 
 3.05040856e+14  1.07511442e+34  1.28001000e+01  4.59347250e-01  9.97460000e+00  4.49152665e-01  2.33169170e-01  4.38834376e-02  1.06873639e-01  1.70529763e+05 
 3.05358825e+14  1.08294280e+34  1.28011000e+01  4.62529733e-01  9.99160000e+00  4.52326383e-01  2.34027685e-01  4.36041672e-02  1.07502515e-01  1.65777344e+05 
 3.05676795e+14  1.09077119e+34  1.28021000e+01  4.65711160e-01  1.00096000e+01  4.55548287e-01  2.34884465e-01  4.31298678e-02  1.08130115e-01  1.61189926e+05 
 3.05994765e+14  1.09859958e+34  1.28031000e+01  4.68891460e-01  1.00266000e+01  4.58727573e-01  2.35739529e-01  4.28287810e-02  1.08756448e-01  1.56760799e+05 
 3.06312735e+14  1.10642796e+34  1.28041000e+01  4.72070505e-01  1.00436000e+01  4.61909290e-01  2.36592831e-01  4.25172803e-02  1.09381451e-01  1.52483557e+05 
 3.06630704e+14  1.11425635e+34  1.28051000e+01  4.75248154e-01  1.00606000e+01  4.65093629e-01  2.37444313e-01  4.21942236e-02  1.10005044e-01  1.48352086e+05 
 3.06948674e+14  1.12242568e+34  1.28071000e+01  4.78562798e-01  1.00786000e+01  4.68431051e-01  2.38295391e-01  4.17997753e-02  1.10613008e-01  1.44189591e+05 
 3.07266644e+14  1.13079266e+34  1.28091000e+01  4.81956605e-01  1.00966000e+01  4.71832561e-01  2.39166728e-01  4.14626026e-02  1.11235802e-01  1.40076851e+05 
 3.07584614e+14  1.13915964e+34  1.28111000e+01  4.85349291e-01  1.01146000e+01  4.75237090e-01  2.40035918e-01  4.11142990e-02  1.11856609e-01  1.36110032e+05 
 3.07902583e+14  1.14752662e+34  1.28131000e+01  4.88740719e-01  1.01326000e+01  4.78644520e-01  2.40902932e-01  4.07550218e-02  1.12475385e-01  1.32283089e+05 
 3.08220553e+14  1.15589360e+34  1.28151000e+01  4.92130754e-01  1.01506000e+01  4.82054741e-01  2.41767740e-01  4.03849085e-02  1.13092082e-01  1.28590253e+05 
 3.08538523e+14  1.16426058e+34  1.28171000e+01  4.95519265e-01  1.01686000e+01  4.85467641e-01  2.42630313e-01  4.00041155e-02  1.13706656e-01  1.25026021e+05 
 3.08856492e+14  1.17262756e+34  1.28191000e+01  4.98906127e-01  1.01866000e+01  4.88883110e-01  2.43490618e-01  3.96127984e-02  1.14319059e-01  1.21585143e+05 
 3.09174462e+14  1.18099454e+34  1.28221000e+01  5.02291211e-01  1.02036000e+01  4.92254181e-01  2.44310507e-01  3.93868266e-02  1.14884425e-01  1.18262604e+05 
 3.09492432e+14  1.18936153e+34  1.28251000e+01  5.05674365e-01  1.02216000e+01  4.95674915e-01  2.45127787e-01  3.89718479e-02  1.15447045e-01  1.15053627e+05 
 3.09810402e+14  1.19772851e+34  1.28271000e+01  5.09055562e-01  1.02386000e+01  4.99050155e-01  2.45980873e-01  3.87238798e-02  1.16052212e-01  1.11953653e+05 
 3.10128371e+14  1.20609549e+34  1.28301000e+01  5.12434590e-01  1.02556000e+01  5.02427852e-01  2.46793054e-01  3.84623307e-02  1.16609515e-01  1.08958317e+05 
 3.10446341e+14  1.21472443e+34  1.28331000e+01  5.15917199e-01  1.02736000e+01  5.05935352e-01  2.47631571e-01  3.81005933e-02  1.17185653e-01  1.05974331e+05 
 3.10764311e+14  1.22365862e+34  1.28371000e+01  5.19521105e-01  1.02916000e+01  5.09539523e-01  2.48462362e-01  3.78238502e-02  1.17738139e-01  1.02992166e+05 
 3.11082281e+14  1.23259282e+34  1.28401000e+01  5.23123115e-01  1.03106000e+01  5.13193893e-01  2.49329021e-01  3.73635677e-02  1.18333313e-01  1.00114707e+05 
 3.11400250e+14  1.24152702e+34  1.28441000e+01  5.26723062e-01  1.03286000e+01  5.16802804e-01  2.50153943e-01  3.70650872e-02  1.18879161e-01  9.73376448e+04 
 3.11718220e+14  1.25046121e+34  1.28471000e+01  5.30320782e-01  1.03466000e+01  5.20414310e-01  2.51014873e-01  3.67537583e-02  1.19467975e-01  9.46568774e+04 
 3.12036190e+14  1.25939541e+34  1.28511000e+01  5.33916178e-01  1.03646000e+01  5.24027985e-01  2.51833777e-01  3.64310093e-02  1.20006974e-01  9.20684811e+04 
 3.12354159e+14  1.26832961e+34  1.28551000e+01  5.37509115e-01  1.03816000e+01  5.27595184e-01  2.52649587e-01  3.62672079e-02  1.20542404e-01  8.95687184e+04 
 3.12672129e+14  1.27726381e+34  1.28591000e+01  5.41099442e-01  1.03996000e+01  5.31213395e-01  2.53462250e-01  3.59189950e-02  1.21074197e-01  8.71540179e+04 
 3.12990099e+14  1.28619800e+34  1.28631000e+01  5.44687141e-01  1.04176000e+01  5.34832868e-01  2.54271838e-01  3.55622648e-02  1.21602432e-01  8.48209740e+04 
 3.13308069e+14  1.29513220e+34  1.28671000e+01  5.48272044e-01  1.04346000e+01  5.38404990e-01  2.55078281e-01  3.53636957e-02  1.22127014e-01  8.25663318e+04 
 3.13626038e+14  1.30406640e+34  1.28711000e+01  5.51853979e-01  1.04526000e+01  5.42028564e-01  2.55881502e-01  3.49819770e-02  1.22647845e-01  8.03869833e+04 
 3.13944008e+14  1.31315183e+34  1.28751000e+01  5.55493535e-01  1.04696000e+01  5.45650078e-01  2.56697809e-01  3.48041793e-02  1.23176985e-01  7.82448855e+04 
 3.14261978e+14  1.32268279e+34  1.28801000e+01  5.59308694e-01  1.04886000e+01  5.49509565e-01  2.57518588e-01  3.44070893e-02  1.23689416e-01  7.60745235e+04 
 3.14579948e+14  1.33221375e+34  1.28851000e+01  5.63121139e-01  1.05066000e+01  5.53320698e-01  2.58335863e-01  3.41685840e-02  1.24197574e-01  7.39794853e+04 
 3.14897917e+14  1.34174470e+34  1.28901000e+01  5.66930599e-01  1.05246000e+01  5.57134423e-01  2.59149498e-01  3.39149267e-02  1.24701286e-01  7.19567024e+04 
 3.15215887e+14  1.35127566e+34  1.28951000e+01  5.70737010e-01  1.05426000e+01  5.60949874e-01  2.59959536e-01  3.36491620e-02  1.25200603e-01  7.00032488e+04 
 3.15533857e+14  1.36080662e+34  1.29001000e+01  5.74540247e-01  1.05606000e+01  5.64766951e-01  2.60765965e-01  3.33714617e-02  1.25695508e-01  6.81163294e+04 
 3.15851826e+14  1.37033758e+34  1.29051000e+01  5.78340190e-01  1.05786000e+01  5.68585549e-01  2.61568768e-01  3.30820063e-02  1.26185978e-01  6.62932761e+04 
 3.16169796e+14  1.37986853e+34  1.29101000e+01  5.82136723e-01  1.05966000e+01  5.72405564e-01  2.62367934e-01  3.27809954e-02  1.26671994e-01  6.45315406e+04 
 3.16487766e+14  1.38939949e+34  1.29151000e+01  5.85929734e-01  1.06146000e+01  5.76226888e-01  2.63163449e-01  3.24686233e-02  1.27153536e-01  6.28286896e+04 
 3.16805736e+14  1.39893045e+34  1.29201000e+01  5.89719035e-01  1.06316000e+01  5.79999391e-01  2.63955232e-01  3.23047414e-02  1.27630503e-01  6.11823994e+04 
 3.17123705e+14  1.40846141e+34  1.29261000e+01  5.93504674e-01  1.06496000e+01  5.83822950e-01  2.64702442e-01  3.19694621e-02  1.28053499e-01  5.95904505e+04 
 3.17441675e+14  1.41799588e+34  1.29311000e+01  5.97287790e-01  1.06666000e+01  5.87598261e-01  2.65487123e-01  3.17829650e-02  1.28521533e-01  5.80501631e+04 
 3.17759645e+14  1.42815406e+34  1.29371000e+01  6.01314565e-01  1.06856000e+01  5.91666525e-01  2.66291540e-01  3.14310132e-02  1.28981800e-01  5.64641599e+04 
 3.18077615e+14  1.43831223e+34  1.29431000e+01  6.05337581e-01  1.07036000e+01  5.95685780e-01  2.67091795e-01  3.12249327e-02  1.29436797e-01  5.49325151e+04 
 3.18395584e+14  1.44847041e+34  1.29491000e+01  6.09356829e-01  1.07216000e+01  5.99705509e-01  2.67887993e-01  3.10088243e-02  1.29886659e-01  5.34530434e+04 
 3.18713554e+14  1.45862858e+34  1.29551000e+01  6.13372098e-01  1.07396000e+01  6.03726710e-01  2.68680052e-01  3.07790419e-02  1.30331288e-01  5.20236521e+04 
 3.19031524e+14  1.46878676e+34  1.29611000e+01  6.17383270e-01  1.07576000e+01  6.07749233e-01  2.69467971e-01  3.05359707e-02  1.30770684e-01  5.06423436e+04 
 3.19349493e+14  1.47894493e+34  1.29671000e+01  6.21390254e-01  1.07756000e+01  6.11772680e-01  2.70251762e-01  3.02808194e-02  1.31204864e-01  4.93072101e+04 
 3.19667463e+14  1.48910311e+34  1.29741000e+01  6.25392935e-01  1.07936000e+01  6.15796947e-01  2.70989634e-01  3.00137765e-02  1.31583102e-01  4.80164279e+04 
 3.19985433e+14  1.49926128e+34  1.29801000e+01  6.29391166e-01  1.08116000e+01  6.19822408e-01  2.71765017e-01  2.97334850e-02  1.32006657e-01  4.67682576e+04 
 3.20303403e+14  1.50941945e+34  1.29861000e+01  6.33384871e-01  1.08286000e+01  6.23795691e-01  2.72536248e-01  2.95989556e-02  1.32424979e-01  4.55610347e+04 
 3.20621372e+14  1.51957763e+34  1.29931000e+01  6.37373998e-01  1.08466000e+01  6.27821715e-01  2.73261293e-01  2.92968244e-02  1.32787005e-01  4.43931688e+04 
 3.20939342e+14  1.52973580e+34  1.29991000e+01  6.41358318e-01  1.08636000e+01  6.31796046e-01  2.74024085e-01  2.91365674e-02  1.33194686e-01  4.32631407e+04 
 3.21257312e+14  1.54036555e+34  1.30061000e+01  6.45522737e-01  1.08816000e+01  6.35965669e-01  2.74787452e-01  2.89256161e-02  1.33578738e-01  4.21195226e+04 
 3.21575282e+14  1.55118230e+34  1.30131000e+01  6.49755762e-01  1.09006000e+01  6.40246252e-01  2.75564871e-01  2.85913194e-02  1.33969983e-01  4.09948234e+04 
 3.21893251e+14  1.56199904e+34  1.30201000e+01  6.53983962e-01  1.09186000e+01  6.44474610e-01  2.76337661e-01  2.83983179e-02  1.34355286e-01  3.99079339e+04 
 3.22211221e+14  1.57281578e+34  1.30271000e+01  6.58207275e-01  1.09366000e+01  6.48703211e-01  2.77105875e-01  2.81934204e-02  1.34734722e-01  3.88573569e+04 
 3.22529191e+14  1.58363252e+34  1.30341000e+01  6.62425581e-01  1.09546000e+01  6.52932031e-01  2.77869510e-01  2.79765764e-02  1.35108301e-01  3.78416600e+04 
 3.22847160e+14  1.59444926e+34  1.30411000e+01  6.66638724e-01  1.09726000e+01  6.57161476e-01  2.78628533e-01  2.77463765e-02  1.35475989e-01  3.68594752e+04 
 3.23165130e+14  1.60526600e+34  1.30481000e+01  6.70846601e-01  1.09906000e+01  6.61391447e-01  2.79382947e-01  2.75030488e-02  1.35837801e-01  3.59094942e+04 
 3.23483100e+14  1.61608274e+34  1.30551000e+01  6.75049148e-01  1.10086000e+01  6.65621154e-01  2.80132790e-01  2.72489389e-02  1.36193796e-01  3.49904679e+04 
 3.23801070e+14  1.62689948e+34  1.30621000e+01  6.79246252e-01  1.10256000e+01  6.69795918e-01  2.80878052e-01  2.71357751e-02  1.36543969e-01  3.41012007e+04 
 3.24119039e+14  1.63771622e+34  1.30691000e+01  6.83437725e-01  1.10436000e+01  6.74026346e-01  2.81618664e-01  2.68550149e-02  1.36888245e-01  3.32405502e+04 
 3.24437009e+14  1.64853296e+34  1.30771000e+01  6.87623609e-01  1.10606000e+01  6.78200555e-01  2.82311553e-01  2.67169546e-02  1.37174317e-01  3.24074239e+04 
 3.24754979e+14  1.65961385e+34  1.30841000e+01  6.91905797e-01  1.10786000e+01  6.82508961e-01  2.83068151e-01  2.64734555e-02  1.37523975e-01  3.15813888e+04 
 3.25072949e+14  1.67112138e+34  1.30921000e+01  6.96347093e-01  1.10966000e+01  6.86945539e-01  2.83817307e-01  2.63105312e-02  1.37842347e-01  3.07516747e+04 
 3.25390918e+14  1.68262891e+34  1.31001000e+01  7.00782604e-01  1.11146000e+01  6.91382047e-01  2.84561432e-01  2.61345840e-02  1.38154277e-01  2.99494743e+04 
 3.25708888e+14  1.69413644e+34  1.31081000e+01  7.05212259e-01  1.11326000e+01  6.95817691e-01  2.85300572e-01  2.59478597e-02  1.38459843e-01  2.91737112e+04 
 3.26026858e+14  1.70564397e+34  1.31161000e+01  7.09635871e-01  1.11506000e+01  7.00253408e-01  2.86034678e-01  2.57474853e-02  1.38759003e-01  2.84233553e+04 
 3.26344827e+14  1.71715150e+34  1.31231000e+01  7.14053332e-01  1.11686000e+01  7.04689103e-01  2.86807467e-01  2.55336933e-02  1.39104772e-01  2.76974221e+04 
 3.26662797e+14  1.72865903e+34  1.31311000e+01  7.18464532e-01  1.11866000e+01  7.09124677e-01  2.87531608e-01  2.53066683e-02  1.39391274e-01  2.69949696e+04 
 3.26980767e+14  1.74016656e+34  1.31391000e+01  7.22869435e-01  1.12046000e+01  7.13559100e-01  2.88250783e-01  2.50693297e-02  1.39671509e-01  2.63150977e+04 
 3.27298737e+14  1.75167409e+34  1.31471000e+01  7.27267911e-01  1.12216000e+01  7.17935806e-01  2.88964977e-01  2.49682215e-02  1.39945475e-01  2.56569449e+04 
 3.27616706e+14  1.76318162e+34  1.31551000e+01  7.31659755e-01  1.12396000e+01  7.22370054e-01  2.89674112e-01  2.47030535e-02  1.40213093e-01  2.50196875e+04 
 3.27934676e+14  1.77468915e+34  1.31631000e+01  7.36045074e-01  1.12566000e+01  7.26744686e-01  2.90378352e-01  2.45775365e-02  1.40474586e-01  2.44025377e+04 
 3.28252646e+14  1.78619814e+34  1.31711000e+01  7.40424145e-01  1.12746000e+01  7.31177241e-01  2.91077692e-01  2.42901880e-02  1.40729889e-01  2.38046663e+04 
 3.28570616e+14  1.79842953e+34  1.31801000e+01  7.45071107e-01  1.12926000e+01  7.35822437e-01  2.91793565e-01  2.41371888e-02  1.40967908e-01  2.31896156e+04 
 3.28888585e+14  1.81066092e+34  1.31881000e+01  7.49711289e-01  1.13106000e+01  7.40465960e-01  2.92548423e-01  2.39736119e-02  1.41252711e-01  2.25946738e+04 
 3.29206555e+14  1.82289231e+34  1.31971000e+01  7.54344496e-01  1.13286000e+01  7.45108911e-01  2.93253567e-01  2.37962898e-02  1.41477232e-01  2.20190634e+04 
 3.29524525e+14  1.83512371e+34  1.32051000e+01  7.58970620e-01  1.13466000e+01  7.49751194e-01  2.93997829e-01  2.36054801e-02  1.41748672e-01  2.14620413e+04 
 3.29842494e+14  1.84735510e+34  1.32141000e+01  7.63589554e-01  1.13646000e+01  7.54392709e-01  2.94692239e-01  2.34013642e-02  1.41959794e-01  2.09228958e+04 
 3.30160464e+14  1.85958649e+34  1.32221000e+01  7.68201200e-01  1.13816000e+01  7.58974695e-01  2.95425955e-01  2.33282818e-02  1.42218033e-01  2.04009471e+04 
 3.30478434e+14  1.87181788e+34  1.32311000e+01  7.72805539e-01  1.13996000e+01  7.63612947e-01  2.96109748e-01  2.31012453e-02  1.42416004e-01  1.98955433e+04 
 3.30796404e+14  1.88404927e+34  1.32391000e+01  7.77402358e-01  1.14176000e+01  7.68250614e-01  2.96832997e-01  2.28603168e-02  1.42661236e-01  1.94060616e+04 
 3.31114373e+14  1.89628066e+34  1.32481000e+01  7.81991635e-01  1.14346000e+01  7.72827643e-01  2.97506157e-01  2.27505866e-02  1.42846136e-01  1.89319055e+04 
 3.31432343e+14  1.90851205e+34  1.32571000e+01  7.86573220e-01  1.14516000e+01  7.77403596e-01  2.98173963e-01  2.26264983e-02  1.43024522e-01  1.84725038e+04 
 3.31750313e+14  1.92074345e+34  1.32651000e+01  7.91147143e-01  1.14686000e+01  7.81976456e-01  2.98881581e-01  2.24933380e-02  1.43250532e-01  1.80273106e+04 
 3.32068283e+14  1.93340851e+34  1.32741000e+01  7.95875087e-01  1.14866000e+01  7.86734598e-01  2.99576510e-01  2.22830887e-02  1.43439152e-01  1.75807324e+04 
 3.32386252e+14  1.94639765e+34  1.32831000e+01  8.00716147e-01  1.15046000e+01  7.91584645e-01  3.00294064e-01  2.21221682e-02  1.43638204e-01  1.71373089e+04 
 3.32704222e+14  1.95938679e+34  1.32921000e+01  8.05549137e-01  1.15226000e+01  7.96433383e-01  3.01005998e-01  2.19476211e-02  1.43830342e-01  1.67080862e+04 
 3.33022192e+14  1.97237593e+34  1.33021000e+01  8.10373958e-01  1.15406000e+01  8.01280715e-01  3.01666965e-01  2.17596590e-02  1.43961499e-01  1.62925251e+04 
 3.33340161e+14  1.98536507e+34  1.33111000e+01  8.15190565e-01  1.15586000e+01  8.06125505e-01  3.02367685e-01  2.15611446e-02  1.44140002e-01  1.58901104e+04 
 3.33658131e+14  1.99835421e+34  1.33201000e+01  8.19998831e-01  1.15756000e+01  8.10907698e-01  3.03062861e-01  2.14900498e-02  1.44311783e-01  1.55003474e+04 
 3.33976101e+14  2.01134336e+34  1.33291000e+01  8.24798546e-01  1.15936000e+01  8.15750089e-01  3.03752425e-01  2.12627479e-02  1.44476790e-01  1.51227635e+04 
 3.34294071e+14  2.02433250e+34  1.33381000e+01  8.29589853e-01  1.16106000e+01  8.20527367e-01  3.04436562e-01  2.11673988e-02  1.44635281e-01  1.47569060e+04 
 3.34612040e+14  2.03732164e+34  1.33471000e+01  8.34372431e-01  1.16286000e+01  8.25365035e-01  3.05115120e-01  2.09170758e-02  1.44787101e-01  1.44023412e+04 
 3.34930010e+14  2.05031078e+34  1.33561000e+01  8.39146332e-01  1.16456000e+01  8.30138873e-01  3.05788214e-01  2.07938657e-02  1.44932421e-01  1.40586537e+04 
 3.35247980e+14  2.06329992e+34  1.33651000e+01  8.43911477e-01  1.16626000e+01  8.34909503e-01  3.06455863e-01  2.06599596e-02  1.45071295e-01  1.37254459e+04 
 3.35565950e+14  2.07636079e+34  1.33741000e+01  8.48694009e-01  1.16796000e+01  8.39698041e-01  3.07123990e-01  2.05260076e-02  1.45207163e-01  1.34005791e+04 
 3.35883919e+14  2.09014236e+34  1.33841000e+01  8.53731188e-01  1.16976000e+01  8.44752490e-01  3.07799997e-01  2.03623821e-02  1.45316278e-01  1.30684107e+04 
 3.36201889e+14  2.10392392e+34  1.33941000e+01  8.58759167e-01  1.17156000e+01  8.49804797e-01  3.08470074e-01  2.01854324e-02  1.45418421e-01  1.27467234e+04 
 3.36519859e+14  2.11770548e+34  1.34031000e+01  8.63777870e-01  1.17326000e+01  8.54792357e-01  3.09180400e-01  2.01319523e-02  1.45567979e-01  1.24351250e+04 
 3.36837829e+14  2.13148705e+34  1.34131000e+01  8.68787253e-01  1.17506000e+01  8.59838309e-01  3.09838827e-01  1.99324234e-02  1.45656470e-01  1.21332395e+04 
 3.37155798e+14  2.14526861e+34  1.34221000e+01  8.73787079e-01  1.17676000e+01  8.64820491e-01  3.10537620e-01  1.98523815e-02  1.45792437e-01  1.18407070e+04 
 3.37473768e+14  2.15905017e+34  1.34321000e+01  8.78777435e-01  1.17856000e+01  8.69860836e-01  3.11184440e-01  1.96284576e-02  1.45867484e-01  1.15571825e+04 
 3.37791738e+14  2.17283174e+34  1.34421000e+01  8.83758062e-01  1.18026000e+01  8.74836975e-01  3.11825397e-01  1.95234788e-02  1.45996075e-01  1.12869923e+04 
 3.38109707e+14  2.18661330e+34  1.34511000e+01  8.88728994e-01  1.18196000e+01  8.79809350e-01  3.12507063e-01  1.94074046e-02  1.46051945e-01  1.10158493e+04 
 3.38427677e+14  2.20039486e+34  1.34611000e+01  8.93690154e-01  1.18366000e+01  8.84777902e-01  3.13136585e-01  1.92803380e-02  1.46167593e-01  1.07618606e+04 
 3.38745647e+14  2.21417642e+34  1.34701000e+01  8.98641425e-01  1.18536000e+01  8.89743366e-01  3.13806959e-01  1.91406691e-02  1.46210463e-01  1.05067587e+04 
 3.39063617e+14  2.22795799e+34  1.34801000e+01  9.03582736e-01  1.18706000e+01  8.94705679e-01  3.14425075e-01  1.89885448e-02  1.46313341e-01  1.02678202e+04 
 3.39381586e+14  2.24219796e+34  1.34891000e+01  9.08678104e-01  1.18876000e+01  8.99792105e-01  3.15120121e-01  1.88970388e-02  1.46362659e-01  1.00198963e+04 
 3.39699556e+14  2.25680736e+34  1.34991000e+01  9.13895257e-01  1.19056000e+01  9.05044673e-01  3.15791362e-01  1.87123783e-02  1.46426701e-01  9.77756275e+03 
 3.40017526e+14  2.27141676e+34  1.35091000e+01  9.19102026e-01  1.19236000e+01  9.10292604e-01  3.16456613e-01  1.85183442e-02  1.46483985e-01  9.54271583e+03 
 3.40335496e+14  2.28602616e+34  1.35191000e+01  9.24298228e-01  1.19406000e+01  9.15473426e-01  3.17115839e-01  1.84420748e-02  1.46534512e-01  9.31508027e+03 
 3.40653465e+14  2.30063556e+34  1.35291000e+01  9.29483850e-01  1.19576000e+01  9.20649432e-01  3.17769116e-01  1.83552612e-02  1.46578418e-01  9.09439268e+03 
 3.40971435e+14  2.31524496e+34  1.35391000e+01  9.34658703e-01  1.19756000e+01  9.25887604e-01  3.18416395e-01  1.81224665e-02  1.46615689e-01  8.88040015e+03 
 3.41289405e+14  2.32985437e+34  1.35491000e+01  9.39822789e-01  1.19926000e+01  9.31056955e-01  3.19057758e-01  1.80089745e-02  1.46646464e-01  8.67286042e+03 
 3.41607374e+14  2.34446377e+34  1.35591000e+01  9.44976040e-01  1.20096000e+01  9.36221805e-01  3.19693235e-01  1.78843534e-02  1.46670820e-01  8.47154129e+03 
 3.41925344e+14  2.35907317e+34  1.35691000e+01  9.50118367e-01  1.20266000e+01  9.41382447e-01  3.20322838e-01  1.77480089e-02  1.46688815e-01  8.27621999e+03 
 3.42243314e+14  2.37368257e+34  1.35791000e+01  9.55249720e-01  1.20426000e+01  9.46472993e-01  3.20946606e-01  1.77300912e-02  1.46700536e-01  8.08668296e+03 
 3.42561284e+14  2.38829197e+34  1.35891000e+01  9.60370031e-01  1.20596000e+01  9.51624373e-01  3.21564562e-01  1.75715145e-02  1.46766573e-01  7.90598545e+03 
 3.42879253e+14  2.40290137e+34  1.35981000e+01  9.65479144e-01  1.20766000e+01  9.56772864e-01  3.22224064e-01  1.73985837e-02  1.46759309e-01  7.72415016e+03 
 3.43197223e+14  2.41833926e+34  1.36091000e+01  9.70866360e-01  1.20936000e+01  9.62143941e-01  3.22844275e-01  1.73302628e-02  1.46789230e-01  7.54418500e+03 
 3.43515193e+14  2.43381261e+34  1.36191000e+01  9.76254253e-01  1.21106000e+01  9.67521560e-01  3.23508312e-01  1.72513416e-02  1.46746630e-01  7.36315368e+03 
 3.43833163e+14  2.44928597e+34  1.36291000e+01  9.81630508e-01  1.21286000e+01  9.72959328e-01  3.24166287e-01  1.70357383e-02  1.46758057e-01  7.19061416e+03 
 3.44151132e+14  2.46475932e+34  1.36391000e+01  9.86994946e-01  1.21456000e+01  9.78326406e-01  3.24818163e-01  1.69351715e-02  1.46762984e-01  7.02326148e+03 
 3.44469102e+14  2.48023268e+34  1.36501000e+01  9.92347475e-01  1.21626000e+01  9.83689253e-01  3.25416269e-01  1.68213029e-02  1.46768245e-01  6.86373965e+03 
 3.44787072e+14  2.49570603e+34  1.36601000e+01  9.97688068e-01  1.21796000e+01  9.89046971e-01  3.26055984e-01  1.66960624e-02  1.46699949e-01  6.70338006e+03 
 3.45105041e+14  2.51117939e+34  1.36701000e+01  1.00301663e+00  1.21956000e+01  9.94332876e-01  3.26689686e-01  1.66847400e-02  1.46685907e-01  6.55050164e+03 
 3.45423011e+14  2.52665275e+34  1.36801000e+01  1.00833309e+00  1.22126000e+01  9.99681388e-01  3.27317404e-01  1.65340910e-02  1.46665681e-01  6.40211008e+03 
 3.45740981e+14  2.54212610e+34  1.36901000e+01  1.01363746e+00  1.22296000e+01  1.00502385e+00  3.27939205e-01  1.63740537e-02  1.46639395e-01  6.25804784e+03 
 3.46058951e+14  2.55759946e+34  1.37001000e+01  1.01892964e+00  1.22456000e+01  1.01029333e+00  3.28555092e-01  1.63283725e-02  1.46607094e-01  6.11816355e+03 
 3.46376920e+14  2.57307281e+34  1.37101000e+01  1.02420953e+00  1.22626000e+01  1.01562583e+00  3.29165073e-01  1.61447753e-02  1.46568833e-01  5.98231205e+03 
 3.46694890e+14  2.58881906e+34  1.37211000e+01  1.02956999e+00  1.22786000e+01  1.02095781e+00  3.29740234e-01  1.61103025e-02  1.46540347e-01  5.85047148e+03 
 3.47012860e+14  2.60519314e+34  1.37311000e+01  1.03513133e+00  1.22956000e+01  1.02652162e+00  3.30401219e-01  1.60166347e-02  1.46458019e-01  5.71256194e+03 
 3.47330830e+14  2.62156722e+34  1.37421000e+01  1.04067971e+00  1.23126000e+01  1.03208031e+00  3.31007793e-01  1.59099872e-02  1.46436844e-01  5.58340102e+03 
 3.47648799e+14  2.63794129e+34  1.37521000e+01  1.04621511e+00  1.23296000e+01  1.03763305e+00  3.31656324e-01  1.57920468e-02  1.46342009e-01  5.45352823e+03 
 3.47966769e+14  2.65431537e+34  1.37631000e+01  1.05173743e+00  1.23466000e+01  1.04318018e+00  3.32250413e-01  1.56621860e-02  1.46308543e-01  5.33190924e+03 
 3.48284739e+14  2.67068945e+34  1.37731000e+01  1.05724657e+00  1.23636000e+01  1.04872230e+00  3.32886598e-01  1.55193445e-02  1.46201537e-01  5.20951619e+03 
 3.48602708e+14  2.68706352e+34  1.37831000e+01  1.06274255e+00  1.23796000e+01  1.05418861e+00  3.33516719e-01  1.54893355e-02  1.46148867e-01  5.09281633e+03 
 3.48920678e+14  2.70343760e+34  1.37941000e+01  1.06822532e+00  1.23966000e+01  1.05971759e+00  3.34092355e-01  1.53259676e-02  1.46097581e-01  4.98154346e+03 
 3.49238648e+14  2.71981168e+34  1.38041000e+01  1.07369472e+00  1.24126000e+01  1.06517198e+00  3.34710333e-01  1.52719757e-02  1.45972977e-01  4.86942005e+03 
 3.49556618e+14  2.73618575e+34  1.38141000e+01  1.07915079e+00  1.24296000e+01  1.07068959e+00  3.35322330e-01  1.50850035e-02  1.45902855e-01  4.76249454e+03 
 3.49874587e+14  2.75255983e+34  1.38241000e+01  1.08459348e+00  1.24456000e+01  1.07613036e+00  3.35928387e-01  1.50105030e-02  1.45827082e-01  4.65860563e+03 
 3.50192557e+14  2.76893391e+34  1.38351000e+01  1.09002272e+00  1.24616000e+01  1.08156496e+00  3.36479852e-01  1.49243023e-02  1.45753122e-01  4.55952929e+03 
 3.50510527e+14  2.78585446e+34  1.38451000e+01  1.09561907e+00  1.24776000e+01  1.08713825e+00  3.37109992e-01  1.48855373e-02  1.45620733e-01  4.45629739e+03 
 3.50828497e+14  2.80316662e+34  1.38561000e+01  1.10133093e+00  1.24946000e+01  1.09287680e+00  3.37711024e-01  1.47604899e-02  1.45560479e-01  4.35740290e+03 
 3.51146466e+14  2.82047878e+34  1.38661000e+01  1.10702860e+00  1.25116000e+01  1.09860802e+00  3.38354519e-01  1.46252976e-02  1.45426845e-01  4.25785047e+03 
 3.51464436e+14  2.83779094e+34  1.38771000e+01  1.11271190e+00  1.25276000e+01  1.10426332e+00  3.38942888e-01  1.45959003e-02  1.45294928e-01  4.16292667e+03 
 3.51782406e+14  2.85510310e+34  1.38881000e+01  1.11838092e+00  1.25446000e+01  1.10998178e+00  3.39525004e-01  1.44365371e-02  1.45217282e-01  4.07241587e+03 
 3.52100375e+14  2.87241526e+34  1.38981000e+01  1.12403550e+00  1.25606000e+01  1.11562303e+00  3.40149794e-01  1.43842512e-02  1.45066519e-01  3.98118719e+03 
 3.52418345e+14  2.88972742e+34  1.39091000e+01  1.12967570e+00  1.25776000e+01  1.12132715e+00  3.40719499e-01  1.42038321e-02  1.44977711e-01  3.89579260e+03 
 3.52736315e+14  2.90703958e+34  1.39191000e+01  1.13530140e+00  1.25936000e+01  1.12695352e+00  3.41332056e-01  1.41304187e-02  1.44816001e-01  3.80964797e+03 
 3.53054285e+14  2.92435174e+34  1.39291000e+01  1.14091254e+00  1.26096000e+01  1.13257312e+00  3.41938548e-01  1.40450557e-02  1.44708599e-01  3.72748783e+03 
 3.53372254e+14  2.94166390e+34  1.39401000e+01  1.14650913e+00  1.26256000e+01  1.13818504e+00  3.42489882e-01  1.39494344e-02  1.44603605e-01  3.64913017e+03 
 3.53690224e+14  2.95897606e+34  1.39501000e+01  1.15209114e+00  1.26416000e+01  1.14378922e+00  3.43084337e-01  1.38437749e-02  1.44426040e-01  3.56998433e+03 
 3.54008194e+14  2.97628822e+34  1.39601000e+01  1.15765846e+00  1.26566000e+01  1.14931465e+00  3.43672813e-01  1.38436307e-02  1.44302865e-01  3.49448944e+03 
 3.54326164e+14  2.99437552e+34  1.39711000e+01  1.16345971e+00  1.26736000e+01  1.15517545e+00  3.44254167e-01  1.36762816e-02  1.44140255e-01  3.41782583e+03 
 3.54644133e+14  3.01266366e+34  1.39821000e+01  1.16930998e+00  1.26896000e+01  1.16100765e+00  3.44841599e-01  1.36351785e-02  1.44036104e-01  3.34390161e+03 
 3.54962103e+14  3.03095181e+34  1.39921000e+01  1.17514480e+00  1.27056000e+01  1.16683041e+00  3.45472075e-01  1.35851166e-02  1.43859254e-01  3.26936774e+03 
 3.55280073e+14  3.04923995e+34  1.40031000e+01  1.18096398e+00  1.27226000e+01  1.17272043e+00  3.46046828e-01  1.34033443e-02  1.43684983e-01  3.19828710e+03 
 3.55598042e+14  3.06752809e+34  1.40141000e+01  1.18676759e+00  1.27386000e+01  1.17852910e+00  3.46615293e-01  1.33280285e-02  1.43564752e-01  3.13050125e+03 
 3.55916012e+14  3.08581624e+34  1.40241000e+01  1.19255558e+00  1.27546000e+01  1.18432925e+00  3.47227029e-01  1.32424825e-02  1.43372163e-01  3.06206971e+03 
 3.56233982e+14  3.10410438e+34  1.40351000e+01  1.19832792e+00  1.27706000e+01  1.19012082e+00  3.47783072e-01  1.31468126e-02  1.43241659e-01  2.99803635e+03 
 3.56551952e+14  3.12239253e+34  1.40451000e+01  1.20408457e+00  1.27856000e+01  1.19582991e+00  3.48382549e-01  1.31568673e-02  1.43039034e-01  2.93333846e+03 
 3.56869921e+14  3.14068067e+34  1.40561000e+01  1.20982547e+00  1.28016000e+01  1.20160490e+00  3.48926299e-01  1.30397713e-02  1.42898578e-01  2.87280971e+03 
 3.57187891e+14  3.15896882e+34  1.40661000e+01  1.21555055e+00  1.28176000e+01  1.20737316e+00  3.49513596e-01  1.29098396e-02  1.42686201e-01  2.81160131e+03 
 3.57505861e+14  3.17725696e+34  1.40761000e+01  1.22125993e+00  1.28326000e+01  1.21305643e+00  3.50094951e-01  1.28883535e-02  1.42527971e-01  2.75321202e+03 
 3.57823831e+14  3.19554511e+34  1.40871000e+01  1.22695340e+00  1.28476000e+01  1.21873346e+00  3.50620498e-01  1.28522882e-02  1.42373119e-01  2.69751601e+03 
 3.58141800e+14  3.21478106e+34  1.40971000e+01  1.23292533e+00  1.28646000e+01  1.22478560e+00  3.51245160e-01  1.26659113e-02  1.42164136e-01  2.63829563e+03 
 3.58459770e+14  3.23408356e+34  1.41081000e+01  1.23890121e+00  1.28806000e+01  1.23077086e+00  3.51817508e-01  1.25890730e-02  1.41959632e-01  2.58162108e+03 
 3.58777740e+14  3.25338606e+34  1.41191000e+01  1.24486033e+00  1.28966000e+01  1.23674750e+00  3.52383480e-01  1.25008139e-02  1.41808770e-01  2.52757126e+03 
 3.59095709e+14  3.27268857e+34  1.41301000e+01  1.25080262e+00  1.29116000e+01  1.24264012e+00  3.52943110e-01  1.25148657e-02  1.41594542e-01  2.47398555e+03 
 3.59413679e+14  3.29199107e+34  1.41401000e+01  1.25672812e+00  1.29276000e+01  1.24859821e+00  3.53546478e-01  1.24056146e-02  1.41367313e-01  2.42087919e+03 
 3.59731649e+14  3.31129357e+34  1.41511000e+01  1.26263679e+00  1.29436000e+01  1.25454670e+00  3.54093634e-01  1.22867649e-02  1.41202101e-01  2.37120084e+03 
 3.60049619e+14  3.33059607e+34  1.41611000e+01  1.26852849e+00  1.29586000e+01  1.26041245e+00  3.54684622e-01  1.22669040e-02  1.40965581e-01  2.32094736e+03 
 3.60367588e+14  3.34989858e+34  1.41721000e+01  1.27440339e+00  1.29746000e+01  1.26634208e+00  3.55219434e-01  1.21281299e-02  1.40791203e-01  2.27394707e+03 
 3.60685558e+14  3.36920108e+34  1.41821000e+01  1.28026128e+00  1.29896000e+01  1.27218868e+00  3.55798237e-01  1.20879874e-02  1.40545795e-01  2.22636257e+03 
 3.61003528e+14  3.38850358e+34  1.41931000e+01  1.28610226e+00  1.30046000e+01  1.27802505e+00  3.56320808e-01  1.20385777e-02  1.40362538e-01  2.18186762e+03 
 3.61321498e+14  3.40780608e+34  1.42031000e+01  1.29192632e+00  1.30196000e+01  1.28385110e+00  3.56887589e-01  1.19802103e-02  1.40166457e-01  2.13766415e+03 
 3.61639467e+14  3.42710858e+34  1.42131000e+01  1.29773339e+00  1.30346000e+01  1.28966794e+00  3.57448412e-01  1.19112299e-02  1.39908290e-01  2.09376765e+03 
 3.61957437e+14  3.44746354e+34  1.42241000e+01  1.30383914e+00  1.30506000e+01  1.29580698e+00  3.58010579e-01  1.18060467e-02  1.39727858e-01  2.05047888e+03 
 3.62275407e+14  3.46781918e+34  1.42351000e+01  1.30992717e+00  1.30666000e+01  1.30193461e+00  3.58566422e-01  1.16930040e-02  1.39485259e-01  2.00753696e+03 
 3.62593376e+14  3.48817482e+34  1.42451000e+01  1.31599717e+00  1.30816000e+01  1.30797596e+00  3.59166320e-01  1.16789680e-02  1.39229672e-01  1.96495635e+03 
 3.62911346e+14  3.50853046e+34  1.42561000e+01  1.32204916e+00  1.30976000e+01  1.31408446e+00  3.59709520e-01  1.15437508e-02  1.39035869e-01  1.92513358e+03 
 3.63229316e+14  3.52888609e+34  1.42661000e+01  1.32808311e+00  1.31126000e+01  1.32010589e+00  3.60296953e-01  1.15079458e-02  1.38771702e-01  1.88481771e+03 
 3.63547286e+14  3.54924173e+34  1.42771000e+01  1.33409905e+00  1.31276000e+01  1.32611546e+00  3.60827705e-01  1.14639772e-02  1.38569395e-01  1.84712096e+03 
 3.63865255e+14  3.56959737e+34  1.42871000e+01  1.34009692e+00  1.31426000e+01  1.33211498e+00  3.61402854e-01  1.14092934e-02  1.38297029e-01  1.80892520e+03 
 3.64183225e+14  3.58995301e+34  1.42981000e+01  1.34607671e+00  1.31576000e+01  1.33810448e+00  3.61921286e-01  1.13439577e-02  1.38086528e-01  1.77321862e+03 
 3.64501195e+14  3.61030864e+34  1.43081000e+01  1.35203842e+00  1.31726000e+01  1.34408388e+00  3.62484269e-01  1.12682306e-02  1.37806274e-01  1.73700889e+03 
 3.64819165e+14  3.63066428e+34  1.43181000e+01  1.35798203e+00  1.31876000e+01  1.35005321e+00  3.63041247e-01  1.11821961e-02  1.37579090e-01  1.70246289e+03 
 3.65137134e+14  3.65101992e+34  1.43291000e+01  1.36390754e+00  1.32026000e+01  1.35601240e+00  3.63541499e-01  1.10860395e-02  1.37356851e-01  1.66950843e+03 
 3.65455104e+14  3.67137556e+34  1.43391000e+01  1.36981500e+00  1.32166000e+01  1.36188117e+00  3.64086553e-01  1.10905336e-02  1.37122002e-01  1.63672383e+03 
 3.65773074e+14  3.69280728e+34  1.43501000e+01  1.37601564e+00  1.32326000e+01  1.36814895e+00  3.64630176e-01  1.09475504e-02  1.36848243e-01  1.60311763e+03 
 3.66091043e+14  3.71425516e+34  1.43601000e+01  1.38220182e+00  1.32476000e+01  1.37432934e+00  3.65219152e-01  1.09055079e-02  1.36561891e-01  1.56974073e+03 
 3.66409013e+14  3.73570304e+34  1.43711000e+01  1.38836879e+00  1.32626000e+01  1.38049883e+00  3.65750972e-01  1.08527177e-02  1.36336994e-01  1.53853696e+03 
 3.66726983e+14  3.75715092e+34  1.43811000e+01  1.39451656e+00  1.32776000e+01  1.38665766e+00  3.66327454e-01  1.07889933e-02  1.36042944e-01  1.50690737e+03 
 3.67044953e+14  3.77859880e+34  1.43921000e+01  1.40064513e+00  1.32926000e+01  1.39280504e+00  3.66846791e-01  1.07155568e-02  1.35810383e-01  1.47734392e+03 
 3.67362922e+14  3.80004668e+34  1.44021000e+01  1.40675449e+00  1.33076000e+01  1.39894171e+00  3.67410947e-01  1.06315184e-02  1.35565062e-01  1.44795053e+03 
 3.67680892e+14  3.82149457e+34  1.44121000e+01  1.41284463e+00  1.33226000e+01  1.40506735e+00  3.67969020e-01  1.05374334e-02  1.35260058e-01  1.41873817e+03 
 3.67998862e+14  3.84294245e+34  1.44231000e+01  1.41891561e+00  1.33366000e+01  1.41110032e+00  3.68469960e-01  1.05420169e-02  1.35016572e-01  1.39144388e+03 
 3.68316832e+14  3.86439033e+34  1.44331000e+01  1.42496741e+00  1.33516000e+01  1.41720190e+00  3.69015969e-01  1.04305486e-02  1.34760511e-01  1.36428303e+03 
 3.68634801e+14  3.88583821e+34  1.44431000e+01  1.43099998e+00  1.33656000e+01  1.42321243e+00  3.69555994e-01  1.04148337e-02  1.34445307e-01  1.33726653e+03 
 3.68952771e+14  3.90728609e+34  1.44531000e+01  1.43701340e+00  1.33796000e+01  1.42921056e+00  3.70090098e-01  1.03905306e-02  1.34182476e-01  1.31149044e+03 
 3.69270741e+14  3.92873397e+34  1.44631000e+01  1.44300768e+00  1.33946000e+01  1.43527756e+00  3.70618324e-01  1.02515613e-02  1.33916343e-01  1.28636939e+03 
 3.69588710e+14  3.95118659e+34  1.44741000e+01  1.44926254e+00  1.34086000e+01  1.44147954e+00  3.71137796e-01  1.02753356e-02  1.33665059e-01  1.26127210e+03 
 3.69906680e+14  3.97376608e+34  1.44841000e+01  1.45553245e+00  1.34236000e+01  1.44777957e+00  3.71708415e-01  1.01912767e-02  1.33346945e-01  1.23566163e+03 
 3.70224650e+14  3.99634556e+34  1.44951000e+01  1.46178207e+00  1.34386000e+01  1.45406656e+00  3.72221480e-01  1.00987243e-02  1.33089878e-01  1.21173134e+03 
 3.70542620e+14  4.01892505e+34  1.45051000e+01  1.46801137e+00  1.34536000e+01  1.46034052e+00  3.72779729e-01  9.99779012e-03  1.32765188e-01  1.18743304e+03 
 3.70860589e+14  4.04150453e+34  1.45151000e+01  1.47422029e+00  1.34676000e+01  1.46652291e+00  3.73331821e-01  9.98887380e-03  1.32492223e-01  1.16425206e+03 
 3.71178559e+14  4.06408402e+34  1.45261000e+01  1.48040899e+00  1.34816000e+01  1.47268943e+00  3.73826405e-01  9.97471459e-03  1.32225312e-01  1.14214057e+03 
 3.71496529e+14  4.08666350e+34  1.45361000e+01  1.48657735e+00  1.34966000e+01  1.47892778e+00  3.74366368e-01  9.84382646e-03  1.31945930e-01  1.12012459e+03 
 3.71814499e+14  4.10924299e+34  1.45461000e+01  1.49272539e+00  1.35106000e+01  1.48507242e+00  3.74900316e-01  9.80689794e-03  1.31663414e-01  1.09866865e+03 
 3.72132468e+14  4.13182248e+34  1.45561000e+01  1.49885323e+00  1.35246000e+01  1.49120261e+00  3.75428333e-01  9.76320513e-03  1.31323425e-01  1.07730875e+03 
 3.72450438e+14  4.15440196e+34  1.45661000e+01  1.50496082e+00  1.35386000e+01  1.49732061e+00  3.75950422e-01  9.70989371e-03  1.31035031e-01  1.05693011e+03 
 3.72768408e+14  4.17698145e+34  1.45761000e+01  1.51104817e+00  1.35526000e+01  1.50342642e+00  3.76466624e-01  9.64711201e-03  1.30743740e-01  1.03706132e+03 
 3.73086377e+14  4.19956093e+34  1.45861000e+01  1.51711530e+00  1.35666000e+01  1.50952003e+00  3.76976972e-01  9.57500371e-03  1.30449620e-01  1.01768690e+03 
 3.73404347e+14  4.22296394e+34  1.45961000e+01  1.52338269e+00  1.35806000e+01  1.51577871e+00  3.77518734e-01  9.54580900e-03  1.30158158e-01  9.98110999e+02 
 3.73722317e+14  4.24671456e+34  1.46071000e+01  1.52972185e+00  1.35946000e+01  1.52209922e+00  3.78018301e-01  9.52867251e-03  1.29875393e-01  9.79158305e+02 
 3.74040287e+14  4.27046518e+34  1.46171000e+01  1.53603950e+00  1.36096000e+01  1.52849355e+00  3.78563404e-01  9.39465431e-03  1.29580182e-01  9.60287199e+02 
 3.74358256e+14  4.29421580e+34  1.46271000e+01  1.54233580e+00  1.36236000e+01  1.53478886e+00  3.79102432e-01  9.35695134e-03  1.29228427e-01  9.41505578e+02 
 3.74676226e+14  4.31796642e+34  1.46371000e+01  1.54861073e+00  1.36376000e+01  1.54107041e+00  3.79635402e-01  9.31042226e-03  1.28927613e-01  9.23587834e+02 
 3.74994196e+14  4.34171704e+34  1.46481000e+01  1.55486429e+00  1.36516000e+01  1.54733889e+00  3.80110431e-01  9.25431476e-03  1.28633543e-01  9.06497564e+02 
 3.75312166e+14  4.36546766e+34  1.46581000e+01  1.56109651e+00  1.36656000e+01  1.55359429e+00  3.80631347e-01  9.18881635e-03  1.28327295e-01  8.89461292e+02 
 3.75630135e+14  4.38921828e+34  1.46681000e+01  1.56730744e+00  1.36796000e+01  1.55983570e+00  3.81146327e-01  9.11517444e-03  1.28018440e-01  8.72849253e+02 
 3.75948105e+14  4.41296890e+34  1.46771000e+01  1.57349714e+00  1.36926000e+01  1.56597748e+00  3.81707441e-01  9.13634938e-03  1.27697504e-01  8.56292751e+02 
 3.76266075e+14  4.43671951e+34  1.46871000e+01  1.57966550e+00  1.37066000e+01  1.57219355e+00  3.82210664e-01  9.04316122e-03  1.27383601e-01  8.40497622e+02 
 3.76584044e+14  4.46047013e+34  1.46971000e+01  1.58581270e+00  1.37196000e+01  1.57830904e+00  3.82708083e-01  9.04538131e-03  1.27120149e-01  8.25432479e+02 
 3.76902014e+14  4.48422075e+34  1.47071000e+01  1.59193869e+00  1.37336000e+01  1.58449762e+00  3.83199694e-01  8.93588261e-03  1.26801389e-01  8.10393464e+02 
 3.77219984e+14  4.50848801e+34  1.47171000e+01  1.59817619e+00  1.37466000e+01  1.59069455e+00  3.83707426e-01  8.94846046e-03  1.26482709e-01  7.95403447e+02 
 3.77537954e+14  4.53344937e+34  1.47271000e+01  1.60456980e+00  1.37606000e+01  1.59710794e+00  3.84238524e-01  8.88910066e-03  1.26164726e-01  7.80367966e+02 
 3.77855923e+14  4.55841074e+34  1.47371000e+01  1.61094098e+00  1.37746000e+01  1.60350664e+00  3.84763540e-01  8.82125575e-03  1.25844269e-01  7.65709130e+02 
 3.78173893e+14  4.58337210e+34  1.47471000e+01  1.61728969e+00  1.37886000e+01  1.60989277e+00  3.85282488e-01  8.74249032e-03  1.25521387e-01  7.51415504e+02 
 3.78491863e+14  4.60833347e+34  1.47571000e+01  1.62361600e+00  1.38016000e+01  1.61617868e+00  3.85795431e-01  8.75497628e-03  1.25196173e-01  7.37476043e+02 
 3.78809833e+14  4.63329483e+34  1.47671000e+01  1.62992007e+00  1.38156000e+01  1.62253340e+00  3.86302457e-01  8.66205652e-03  1.24868736e-01  7.23880108e+02 
 3.79127802e+14  4.65825620e+34  1.47771000e+01  1.63620170e+00  1.38286000e+01  1.62879096e+00  3.86803510e-01  8.65616206e-03  1.24539063e-01  7.10617388e+02 
 3.79445772e+14  4.68321756e+34  1.47871000e+01  1.64246117e+00  1.38426000e+01  1.63511765e+00  3.87298727e-01  8.54551758e-03  1.24207305e-01  6.97677973e+02 
 3.79763742e+14  4.70817893e+34  1.47961000e+01  1.64869838e+00  1.38556000e+01  1.64134405e+00  3.87840517e-01  8.52521326e-03  1.23863733e-01  6.84766934e+02 
 3.80081711e+14  4.73314029e+34  1.48061000e+01  1.65491334e+00  1.38686000e+01  1.64755782e+00  3.88324082e-01  8.49416648e-03  1.23579369e-01  6.72731027e+02 
 3.80399681e+14  4.75810166e+34  1.48151000e+01  1.66110619e+00  1.38816000e+01  1.65375620e+00  3.88854393e-01  8.45585196e-03  1.23231693e-01  6.60429937e+02 
 3.80717651e+14  4.78306302e+34  1.48251000e+01  1.66727695e+00  1.38946000e+01  1.65993953e+00  3.89326517e-01  8.40997278e-03  1.22943171e-01  6.48966408e+02 
 3.81035621e+14  4.80809176e+34  1.48351000e+01  1.67344222e+00  1.39076000e+01  1.66612220e+00  3.89795619e-01  8.35900359e-03  1.22601651e-01  6.37475482e+02 
 3.81353590e+14  4.83430347e+34  1.48451000e+01  1.67987566e+00  1.39216000e+01  1.67261372e+00  3.90305761e-01  8.26137556e-03  1.22261595e-01  6.25732027e+02 
 3.81671560e+14  4.86051519e+34  1.48541000e+01  1.68628562e+00  1.39346000e+01  1.67900494e+00  3.90862482e-01  8.25064341e-03  1.21909700e-01  6.14020220e+02 
 3.81989530e+14  4.88672690e+34  1.48641000e+01  1.69267223e+00  1.39476000e+01  1.68538013e+00  3.91360639e-01  8.23193507e-03  1.21616463e-01  6.03100223e+02 
 3.82307500e+14  4.91293862e+34  1.48741000e+01  1.69903556e+00  1.39606000e+01  1.69173877e+00  3.91852878e-01  8.20600368e-03  1.21270515e-01  5.92195013e+02 
 3.82625469e+14  4.93915033e+34  1.48841000e+01  1.70537560e+00  1.39736000e+01  1.69808244e+00  3.92339224e-01  8.17119187e-03  1.20922784e-01  5.81552845e+02 
 3.82943439e+14  4.96536205e+34  1.48931000e+01  1.71169242e+00  1.39866000e+01  1.70441114e+00  3.92872476e-01  8.12763658e-03  1.20613825e-01  5.71166019e+02 
 3.83261409e+14  4.99157376e+34  1.49031000e+01  1.71798606e+00  1.39996000e+01  1.71072492e+00  3.93347184e-01  8.07542796e-03  1.20262576e-01  5.61027026e+02 
 3.83579378e+14  5.01778548e+34  1.49121000e+01  1.72425657e+00  1.40126000e+01  1.71702378e+00  3.93868945e-01  8.01474005e-03  1.19949948e-01  5.51128703e+02 
 3.83897348e+14  5.04399719e+34  1.49221000e+01  1.73050401e+00  1.40256000e+01  1.72330770e+00  3.94332170e-01  7.94569311e-03  1.19595424e-01  5.41464037e+02 
 3.84215318e+14  5.07020891e+34  1.49311000e+01  1.73672852e+00  1.40386000e+01  1.72957340e+00  3.94842630e-01  7.87217792e-03  1.19279394e-01  5.32026349e+02 
 3.84533288e+14  5.09642062e+34  1.49401000e+01  1.74293000e+00  1.40506000e+01  1.73573744e+00  3.95347462e-01  7.88450233e-03  1.18911897e-01  5.22590462e+02 
 3.84851257e+14  5.12263234e+34  1.49501000e+01  1.74910862e+00  1.40636000e+01  1.74197439e+00  3.95793791e-01  7.79338534e-03  1.18602592e-01  5.13805973e+02 
 3.85169227e+14  5.14959211e+34  1.49591000e+01  1.75543988e+00  1.40756000e+01  1.74824995e+00  3.96315175e-01  7.82502635e-03  1.18282747e-01  5.04762756e+02 
 3.85487197e+14  5.17709368e+34  1.49691000e+01  1.76187423e+00  1.40886000e+01  1.75470470e+00  3.96797749e-01  7.77432433e-03  1.17922470e-01  4.95757023e+02 
 3.85805167e+14  5.20459525e+34  1.49781000e+01  1.76828434e+00  1.41016000e+01  1.76114365e+00  3.97327481e-01  7.71510267e-03  1.17550766e-01  4.86762340e+02 
 3.86123136e+14  5.23209681e+34  1.49881000e+01  1.77467025e+00  1.41146000e+01  1.76756676e+00  3.97798326e-01  7.64748685e-03  1.17236744e-01  4.78384052e+02 
 3.86441106e+14  5.25959838e+34  1.49971000e+01  1.78103210e+00  1.41276000e+01  1.77397155e+00  3.98316504e-01  7.57441919e-03  1.16911161e-01  4.70004539e+02 
 3.86759076e+14  5.28709995e+34  1.50071000e+01  1.78736986e+00  1.41396000e+01  1.78027124e+00  3.98775801e-01  7.58760477e-03  1.16545179e-01  4.61821793e+02 
 3.87077045e+14  5.31460151e+34  1.50161000e+01  1.79368362e+00  1.41526000e+01  1.78664540e+00  3.99282546e-01  7.49704493e-03  1.16216684e-01  4.53830219e+02 
 3.87395015e+14  5.34210308e+34  1.50251000e+01  1.79997346e+00  1.41646000e+01  1.79291227e+00  3.99783669e-01  7.49479972e-03  1.15886764e-01  4.46024338e+02 
 3.87712985e+14  5.36960464e+34  1.50341000e+01  1.80623947e+00  1.41766000e+01  1.79916159e+00  4.00279210e-01  7.48610665e-03  1.15507009e-01  4.38215008e+02 
 3.88030955e+14  5.39710621e+34  1.50441000e+01  1.81248162e+00  1.41886000e+01  1.80539685e+00  4.00715884e-01  7.46731017e-03  1.15184551e-01  4.30948738e+02 
 3.88348924e+14  5.42460778e+34  1.50531000e+01  1.81870003e+00  1.42016000e+01  1.81170775e+00  4.01200287e-01  7.34545830e-03  1.14850779e-01  4.23668999e+02 
 3.88666894e+14  5.45210934e+34  1.50621000e+01  1.82489481e+00  1.42136000e+01  1.81790962e+00  4.01679225e-01  7.31301887e-03  1.14515799e-01  4.16554889e+02 
