# rhoc (cgs) 	 Pc (cgs) 	 R (km) 	 M (msol) 	 R_core (km) 	 M_core (msol) 	 I/(MR^2) 	 I_crust/(M_crust R_crust^2)/(I/(MR^2)) 	 k_2 	 Lambda 
 2.30000000e+14  2.19572017e+33  2.53981000e+01  1.10661485e-01  5.83760000e+00  7.06537164e-02  3.21158660e-02  6.04814078e-01  1.27757292e-03  7.72641007e+07 
 2.30579411e+14  2.21373539e+33  2.51331000e+01  1.11275877e-01  5.85260000e+00  7.13288915e-02  3.28013493e-02  6.01314764e-01  1.33844651e-03  7.47127222e+07 
 2.31158822e+14  2.23198168e+33  2.48731000e+01  1.11898400e-01  5.86860000e+00  7.20359577e-02  3.34972400e-02  5.97568745e-01  1.40214367e-03  7.22588590e+07 
 2.31738233e+14  2.25022796e+33  2.46221000e+01  1.12521141e-01  5.88360000e+00  7.27203076e-02  3.41920547e-02  5.94086085e-01  1.46763692e-03  6.99265062e+07 
 2.32317644e+14  2.26862733e+33  2.43771000e+01  1.13149272e-01  5.89860000e+00  7.34097918e-02  3.48930798e-02  5.90612936e-01  1.53566818e-03  6.76888512e+07 
 2.32897055e+14  2.28724475e+33  2.41371000e+01  1.13785045e-01  5.91360000e+00  7.41055231e-02  3.56026785e-02  5.87150977e-01  1.60654357e-03  6.55330541e+07 
 2.33476466e+14  2.30586216e+33  2.39051000e+01  1.14420979e-01  5.92860000e+00  7.48038784e-02  3.63111689e-02  5.83694781e-01  1.67932907e-03  6.34788010e+07 
 2.34055877e+14  2.32465150e+33  2.36781000e+01  1.15062898e-01  5.94460000e+00  7.55338342e-02  3.70267844e-02  5.79984557e-01  1.75493267e-03  6.15016187e+07 
 2.34635289e+14  2.34364568e+33  2.34561000e+01  1.15711964e-01  5.95960000e+00  7.62438571e-02  3.77490653e-02  5.76548086e-01  1.83336275e-03  5.95942663e+07 
 2.35214700e+14  2.36263987e+33  2.32411000e+01  1.16361137e-01  5.97460000e+00  7.69565119e-02  3.84706452e-02  5.73116728e-01  1.91386762e-03  5.77728621e+07 
 2.35794111e+14  2.38182504e+33  2.30311000e+01  1.17016900e-01  5.98960000e+00  7.76749891e-02  3.91973754e-02  5.69695781e-01  1.99712102e-03  5.60148558e+07 
 2.36373522e+14  2.40120167e+33  2.28251000e+01  1.17679306e-01  6.00460000e+00  7.83993335e-02  3.99321486e-02  5.66285485e-01  2.08356253e-03  5.43172619e+07 
 2.36952933e+14  2.42057830e+33  2.26261000e+01  1.18341768e-01  6.01960000e+00  7.91263191e-02  4.06635581e-02  5.62879689e-01  2.17184197e-03  5.26932340e+07 
 2.37532344e+14  2.44016519e+33  2.24311000e+01  1.19011433e-01  6.03460000e+00  7.98594797e-02  4.14016670e-02  5.59485017e-01  2.26322980e-03  5.11218388e+07 
 2.38111755e+14  2.45993000e+33  2.22391000e+01  1.19687235e-01  6.04960000e+00  8.05983057e-02  4.21497932e-02  5.56100640e-01  2.35828214e-03  4.96033504e+07 
 2.38691166e+14  2.47969481e+33  2.20541000e+01  1.20363043e-01  6.06460000e+00  8.13397814e-02  4.28919141e-02  5.52720227e-01  2.45489525e-03  4.81484426e+07 
 2.39270577e+14  2.49964495e+33  2.18721000e+01  1.21045155e-01  6.07960000e+00  8.20870357e-02  4.36428655e-02  5.49350144e-01  2.55511887e-03  4.67406609e+07 
 2.39849988e+14  2.51972758e+33  2.16951000e+01  1.21731781e-01  6.09460000e+00  8.28391979e-02  4.43941415e-02  5.45988555e-01  2.65780467e-03  4.53816034e+07 
 2.40429399e+14  2.53981020e+33  2.15231000e+01  1.22418344e-01  6.10860000e+00  8.35664074e-02  4.51446035e-02  5.42905448e-01  2.76285338e-03  4.40775887e+07 
 2.41008810e+14  2.56056285e+33  2.13501000e+01  1.23127759e-01  6.12360000e+00  8.43351600e-02  4.59204513e-02  5.39577419e-01  2.87408451e-03  4.27846132e+07 
 2.41588221e+14  2.58171952e+33  2.11801000e+01  1.23851123e-01  6.13960000e+00  8.51414744e-02  4.67046212e-02  5.35992631e-01  2.98915755e-03  4.15200123e+07 
 2.42167632e+14  2.60287620e+33  2.10141000e+01  1.24574586e-01  6.15460000e+00  8.59228434e-02  4.74914581e-02  5.32688259e-01  3.10742332e-03  4.03065392e+07 
 2.42747044e+14  2.62403288e+33  2.08531000e+01  1.25298087e-01  6.16960000e+00  8.67069650e-02  4.82756141e-02  5.29387852e-01  3.22803366e-03  3.91414901e+07 
 2.43326455e+14  2.64518955e+33  2.06971000e+01  1.26021564e-01  6.18460000e+00  8.74938139e-02  4.90560039e-02  5.26090930e-01  3.35079083e-03  3.80223418e+07 
 2.43905866e+14  2.66634623e+33  2.05451000e+01  1.26744958e-01  6.19860000e+00  8.82549461e-02  4.98363621e-02  5.23077512e-01  3.47632112e-03  3.69467377e+07 
 2.44485277e+14  2.68750291e+33  2.03981000e+01  1.27468216e-01  6.21360000e+00  8.90470334e-02  5.06109113e-02  5.19787215e-01  3.60361163e-03  3.59124810e+07 
 2.45064688e+14  2.70865958e+33  2.02541000e+01  1.28191284e-01  6.22860000e+00  8.98417646e-02  5.13886230e-02  5.16499298e-01  3.73424334e-03  3.49175095e+07 
 2.45644099e+14  2.72981626e+33  2.01151000e+01  1.28914104e-01  6.24260000e+00  9.06103067e-02  5.21585840e-02  5.13496020e-01  3.86624376e-03  3.39599012e+07 
 2.46223510e+14  2.75097294e+33  1.99791000e+01  1.29636633e-01  6.25660000e+00  9.13811782e-02  5.29301640e-02  5.10495929e-01  4.00131244e-03  3.30378461e+07 
 2.46802921e+14  2.77212961e+33  1.98471000e+01  1.30358817e-01  6.27160000e+00  9.21834482e-02  5.36973628e-02  5.07214288e-01  4.13832532e-03  3.21496501e+07 
 2.47382332e+14  2.79328629e+33  1.97191000e+01  1.31080609e-01  6.28560000e+00  9.29590611e-02  5.44592387e-02  5.04218497e-01  4.27706281e-03  3.12937209e+07 
 2.47961743e+14  2.81444297e+33  1.95941000e+01  1.31801966e-01  6.29960000e+00  9.37369434e-02  5.52204641e-02  5.01224754e-01  4.41841361e-03  3.04685582e+07 
 2.48541154e+14  2.83559964e+33  1.94721000e+01  1.32522842e-01  6.31260000e+00  9.44876075e-02  5.59803908e-02  4.98518911e-01  4.56225123e-03  2.96727519e+07 
 2.49120565e+14  2.85675632e+33  1.93541000e+01  1.33243196e-01  6.32660000e+00  9.52698461e-02  5.67324912e-02  4.95528837e-01  4.70721988e-03  2.89049729e+07 
 2.49699976e+14  2.87954493e+33  1.92291000e+01  1.34018700e-01  6.34160000e+00  9.61126331e-02  5.75469014e-02  4.92332559e-01  4.86730599e-03  2.81076675e+07 
 2.50279387e+14  2.90270424e+33  1.91061000e+01  1.34806741e-01  6.35660000e+00  9.69647318e-02  5.83677870e-02  4.89156680e-01  5.03179787e-03  2.73271127e+07 
 2.50858799e+14  2.92586356e+33  1.89871000e+01  1.35594650e-01  6.37060000e+00  9.77896309e-02  5.91811613e-02  4.86271796e-01  5.19788755e-03  2.65751466e+07 
 2.51438210e+14  2.94902287e+33  1.88701000e+01  1.36382369e-01  6.38560000e+00  9.86471866e-02  5.99986405e-02  4.83100523e-01  5.36809528e-03  2.58504708e+07 
 2.52017621e+14  2.97218219e+33  1.87571000e+01  1.37169842e-01  6.39960000e+00  9.94772015e-02  6.08068835e-02  4.80220877e-01  5.53944742e-03  2.51518596e+07 
 2.52597032e+14  2.99534150e+33  1.86461000e+01  1.37957014e-01  6.41460000e+00  1.00340088e-01  6.16179639e-02  4.77052976e-01  5.71464303e-03  2.44781509e+07 
 2.53176443e+14  3.01850082e+33  1.85391000e+01  1.38743835e-01  6.42860000e+00  1.01175103e-01  6.24180049e-02  4.74177307e-01  5.89045660e-03  2.38282471e+07 
 2.53755854e+14  3.04166014e+33  1.84341000e+01  1.39530252e-01  6.44260000e+00  1.02012516e-01  6.32195437e-02  4.71303374e-01  6.06977420e-03  2.32011073e+07 
 2.54335265e+14  3.06481945e+33  1.83321000e+01  1.40316218e-01  6.45660000e+00  1.02852297e-01  6.40151540e-02  4.68430925e-01  6.25081404e-03  2.25957468e+07 
 2.54914676e+14  3.08797877e+33  1.82321000e+01  1.41101685e-01  6.47060000e+00  1.03694422e-01  6.48111127e-02  4.65559677e-01  6.43507298e-03  2.20112306e+07 
 2.55494087e+14  3.11113808e+33  1.81351000e+01  1.41886609e-01  6.48460000e+00  1.04538868e-01  6.55997130e-02  4.62689342e-01  6.62062283e-03  2.14466739e+07 
 2.56073498e+14  3.13429740e+33  1.80401000e+01  1.42670943e-01  6.49760000e+00  1.05354397e-01  6.63874529e-02  4.60113375e-01  6.80905041e-03  2.09012359e+07 
 2.56652909e+14  3.15745671e+33  1.79481000e+01  1.43454647e-01  6.51160000e+00  1.06203293e-01  6.71663514e-02  4.57244448e-01  6.99827730e-03  2.03741186e+07 
 2.57232320e+14  3.18061603e+33  1.78571000e+01  1.44237681e-01  6.52460000e+00  1.07022959e-01  6.79507486e-02  4.54670394e-01  7.19199952e-03  1.98645637e+07 
 2.57811731e+14  3.20377534e+33  1.77691000e+01  1.45020000e-01  6.53860000e+00  1.07876217e-01  6.87250244e-02  4.51801864e-01  7.38609841e-03  1.93718512e+07 
 2.58391142e+14  3.22908376e+33  1.76751000e+01  1.45874394e-01  6.55260000e+00  1.08770106e-01  6.95685193e-02  4.49051376e-01  7.60094243e-03  1.88516727e+07 
 2.58970553e+14  3.25442595e+33  1.75841000e+01  1.46729663e-01  6.56660000e+00  1.09667188e-01  7.04029342e-02  4.46304437e-01  7.81683608e-03  1.83489200e+07 
 2.59549965e+14  3.27976813e+33  1.74941000e+01  1.47584610e-01  6.58160000e+00  1.10598853e-01  7.12434632e-02  4.43262560e-01  8.03797322e-03  1.78635429e+07 
 2.60129376e+14  3.30511031e+33  1.74071000e+01  1.48439178e-01  6.59560000e+00  1.11501149e-01  7.20733926e-02  4.40517939e-01  8.25965913e-03  1.73948193e+07 
 2.60708787e+14  3.33045250e+33  1.73221000e+01  1.49293314e-01  6.60960000e+00  1.12405933e-01  7.29001608e-02  4.37774306e-01  8.48392770e-03  1.69420614e+07 
 2.61288198e+14  3.35579468e+33  1.72391000e+01  1.50146967e-01  6.62360000e+00  1.13313176e-01  7.37231850e-02  4.35031403e-01  8.71057568e-03  1.65046137e+07 
 2.61867609e+14  3.38113686e+33  1.71581000e+01  1.51000087e-01  6.63760000e+00  1.14222848e-01  7.45418725e-02  4.32288992e-01  8.93938600e-03  1.60818516e+07 
 2.62447020e+14  3.40647904e+33  1.70791000e+01  1.51852627e-01  6.65060000e+00  1.15102211e-01  7.53556199e-02  4.29845196e-01  9.17012782e-03  1.56731804e+07 
 2.63026431e+14  3.43182123e+33  1.70021000e+01  1.52704539e-01  6.66460000e+00  1.16016528e-01  7.61638157e-02  4.27103397e-01  9.40255679e-03  1.52780328e+07 
 2.63605842e+14  3.45716341e+33  1.69271000e+01  1.53555776e-01  6.67860000e+00  1.16933198e-01  7.69658364e-02  4.24361296e-01  9.63641386e-03  1.48958686e+07 
 2.64185253e+14  3.48250559e+33  1.68531000e+01  1.54406301e-01  6.69160000e+00  1.17819080e-01  7.77702897e-02  4.21918182e-01  9.87435902e-03  1.45261721e+07 
 2.64764664e+14  3.50784778e+33  1.67811000e+01  1.55256064e-01  6.70460000e+00  1.18707005e-01  7.85675736e-02  4.19474927e-01  1.01133433e-02  1.41684518e+07 
 2.65344075e+14  3.53318996e+33  1.67111000e+01  1.56105032e-01  6.71760000e+00  1.19596940e-01  7.93570530e-02  4.17031483e-01  1.03530742e-02  1.38222383e+07 
 2.65923486e+14  3.55853214e+33  1.66421000e+01  1.56953161e-01  6.73160000e+00  1.20522377e-01  8.01477083e-02  4.14287305e-01  1.05964257e-02  1.34870844e+07 
 2.66502897e+14  3.58418256e+33  1.65741000e+01  1.57810719e-01  6.74460000e+00  1.21421988e-01  8.09409021e-02  4.11860086e-01  1.08436764e-02  1.31586766e+07 
 2.67082308e+14  3.61186947e+33  1.65021000e+01  1.58735750e-01  6.75860000e+00  1.22394365e-01  8.17951867e-02  4.09249678e-01  1.11135852e-02  1.28157755e+07 
 2.67661720e+14  3.63955639e+33  1.64321000e+01  1.59660344e-01  6.77260000e+00  1.23369339e-01  8.26416194e-02  4.06639475e-01  1.13845846e-02  1.24843406e+07 
 2.68241131e+14  3.66724331e+33  1.63641000e+01  1.60584443e-01  6.78660000e+00  1.24346875e-01  8.34795083e-02  4.04029243e-01  1.16563311e-02  1.21639195e+07 
 2.68820542e+14  3.69493022e+33  1.62971000e+01  1.61507991e-01  6.80060000e+00  1.25326937e-01  8.43185028e-02  4.01418794e-01  1.19321269e-02  1.18540791e+07 
 2.69399953e+14  3.72261714e+33  1.62321000e+01  1.62430939e-01  6.81360000e+00  1.26275158e-01  8.51478378e-02  3.99109646e-01  1.22081375e-02  1.15544044e+07 
 2.69979364e+14  3.75030405e+33  1.61681000e+01  1.63353236e-01  6.82760000e+00  1.27260037e-01  8.59774360e-02  3.96498385e-01  1.24878386e-02  1.12644991e+07 
 2.70558775e+14  3.77799097e+33  1.61061000e+01  1.64274833e-01  6.84060000e+00  1.28212739e-01  8.67962313e-02  3.94188439e-01  1.27671724e-02  1.09839838e+07 
 2.71138186e+14  3.80567789e+33  1.60451000e+01  1.65195685e-01  6.85460000e+00  1.29202317e-01  8.76144227e-02  3.91575564e-01  1.30497939e-02  1.07124961e+07 
 2.71717597e+14  3.83336480e+33  1.59851000e+01  1.66115746e-01  6.86760000e+00  1.30159393e-01  8.84317118e-02  3.89264005e-01  1.33355897e-02  1.04496894e+07 
 2.72297008e+14  3.86105172e+33  1.59271000e+01  1.67034976e-01  6.88060000e+00  1.31118544e-01  8.92365885e-02  3.86951475e-01  1.36201624e-02  1.01952319e+07 
 2.72876419e+14  3.88873864e+33  1.58701000e+01  1.67953328e-01  6.89360000e+00  1.32079753e-01  9.00396641e-02  3.84637715e-01  1.39074455e-02  9.94880682e+06 
 2.73455830e+14  3.91642555e+33  1.58141000e+01  1.68870763e-01  6.90660000e+00  1.33042993e-01  9.08406266e-02  3.82322578e-01  1.41972990e-02  9.71011069e+06 
 2.74035241e+14  3.94411247e+33  1.57601000e+01  1.69787243e-01  6.91960000e+00  1.34008242e-01  9.16275290e-02  3.80005885e-01  1.44849785e-02  9.47885308e+06 
 2.74614652e+14  3.97179938e+33  1.57061000e+01  1.70702730e-01  6.93260000e+00  1.34975474e-01  9.24231689e-02  3.77687489e-01  1.47794124e-02  9.25475659e+06 
 2.75194063e+14  4.10857691e+33  1.54561000e+01  1.75272143e-01  6.99560000e+00  1.39770435e-01  9.62904569e-02  3.66702601e-01  1.62549080e-02  8.23167110e+06 
 2.75773475e+14  4.15641578e+33  1.53731000e+01  1.76894826e-01  7.01760000e+00  1.41472127e-01  9.76425453e-02  3.62927765e-01  1.67886678e-02  7.90344129e+06 
 2.76352886e+14  4.20425466e+33  1.52921000e+01  1.78521995e-01  7.03960000e+00  1.43182712e-01  9.89948937e-02  3.59167047e-01  1.73320341e-02  7.59092854e+06 
 2.76932297e+14  4.25209353e+33  1.52141000e+01  1.80153390e-01  7.06060000e+00  1.44865222e-01  1.00333259e-01  3.55723424e-01  1.78786828e-02  7.29328259e+06 
 2.77511708e+14  4.29993240e+33  1.51391000e+01  1.81788749e-01  7.08260000e+00  1.46593024e-01  1.01655865e-01  3.51988115e-01  1.84274980e-02  7.00970979e+06 
 2.78091119e+14  4.34777128e+33  1.50661000e+01  1.83427815e-01  7.10360000e+00  1.48292023e-01  1.02974596e-01  3.48568522e-01  1.89836053e-02  6.73946364e+06 
 2.78670530e+14  4.39622881e+33  1.49951000e+01  1.85091621e-01  7.12460000e+00  1.50010890e-01  1.04292726e-01  3.45198425e-01  1.95478379e-02  6.47858475e+06 
 2.79249941e+14  4.44669695e+33  1.49221000e+01  1.86828483e-01  7.14660000e+00  1.51814587e-01  1.05676053e-01  3.41661459e-01  2.01500472e-02  6.21983325e+06 
 2.79829352e+14  4.49716509e+33  1.48531000e+01  1.88569368e-01  7.16860000e+00  1.53627115e-01  1.07026052e-01  3.38136447e-01  2.07460313e-02  5.97355963e+06 
 2.80408763e+14  4.54763323e+33  1.47851000e+01  1.90313999e-01  7.19060000e+00  1.55448312e-01  1.08384057e-01  3.34622678e-01  2.13553653e-02  5.73909006e+06 
 2.80988174e+14  4.59810136e+33  1.47201000e+01  1.92062107e-01  7.21260000e+00  1.57278028e-01  1.09719814e-01  3.31119358e-01  2.19631074e-02  5.51578746e+06 
 2.81567585e+14  4.64856950e+33  1.46561000e+01  1.93813434e-01  7.23360000e+00  1.59077419e-01  1.11061694e-01  3.27929695e-01  2.25831627e-02  5.30305163e+06 
 2.82146996e+14  4.69976740e+33  1.45941000e+01  1.95593153e-01  7.25560000e+00  1.60937901e-01  1.12399429e-01  3.24491461e-01  2.32095333e-02  5.09745196e+06 
 2.82726407e+14  4.75297170e+33  1.45321000e+01  1.97446149e-01  7.27760000e+00  1.62846506e-01  1.13773352e-01  3.21190360e-01  2.38616761e-02  4.89404410e+06 
 2.83305818e+14  4.80617600e+33  1.44711000e+01  1.99302663e-01  7.30060000e+00  1.64803207e-01  1.15152668e-01  3.17595451e-01  2.45263533e-02  4.70049474e+06 
 2.83885230e+14  4.85938030e+33  1.44131000e+01  2.01162419e-01  7.32260000e+00  1.66729267e-01  1.16504515e-01  3.14313137e-01  2.51859397e-02  4.51626364e+06 
 2.84464641e+14  4.91258459e+33  1.43561000e+01  2.03025155e-01  7.34360000e+00  1.68623824e-01  1.17859682e-01  3.11342211e-01  2.58566649e-02  4.34084227e+06 
 2.85044052e+14  4.96578889e+33  1.43011000e+01  2.04890619e-01  7.36560000e+00  1.70566284e-01  1.19200941e-01  3.08075305e-01  2.65290273e-02  4.17375117e+06 
 2.85623463e+14  5.01982118e+33  1.42471000e+01  2.06787691e-01  7.38760000e+00  1.72533477e-01  1.20550722e-01  3.04868185e-01  2.72142537e-02  4.01211851e+06 
 2.86202874e+14  5.07587116e+33  1.41931000e+01  2.08758644e-01  7.41060000e+00  1.74590231e-01  1.21935886e-01  3.01494873e-01  2.79262197e-02  3.85251653e+06 
 2.86782285e+14  5.13192115e+33  1.41411000e+01  2.10732604e-01  7.43260000e+00  1.76615185e-01  1.23305343e-01  2.98431309e-01  2.86387439e-02  3.70066387e+06 
 2.87361696e+14  5.18797113e+33  1.40911000e+01  2.12709303e-01  7.45460000e+00  1.78648548e-01  1.24657713e-01  2.95373929e-01  2.93506336e-02  3.55613244e+06 
 2.87941107e+14  5.24402112e+33  1.40421000e+01  2.14688482e-01  7.47660000e+00  1.80690179e-01  1.26009560e-01  2.92322034e-01  3.00713615e-02  3.41851946e+06 
 2.88520518e+14  5.30007111e+33  1.39941000e+01  2.16669895e-01  7.49860000e+00  1.82739942e-01  1.27360253e-01  2.89274937e-01  3.08005330e-02  3.28744584e+06 
 2.89099929e+14  5.35703136e+33  1.39481000e+01  2.18685572e-01  7.52060000e+00  1.84816272e-01  1.28698652e-01  2.86290224e-01  3.15299213e-02  3.16057332e+06 
 2.89679340e+14  5.41603919e+33  1.39011000e+01  2.20776246e-01  7.54360000e+00  1.86984784e-01  1.30089856e-01  2.83140017e-01  3.22977722e-02  3.03546385e+06 
 2.90258751e+14  5.47504701e+33  1.38561000e+01  2.22869418e-01  7.56560000e+00  1.89119909e-01  1.31460159e-01  2.80294937e-01  3.30620419e-02  2.91642428e+06 
 2.90838162e+14  5.53405484e+33  1.38131000e+01  2.24964817e-01  7.58760000e+00  1.91263337e-01  1.32808103e-01  2.77452988e-01  3.38212925e-02  2.80311777e+06 
 2.91417573e+14  5.59306267e+33  1.37711000e+01  2.27062200e-01  7.60960000e+00  1.93414918e-01  1.34151732e-01  2.74613677e-01  3.45866189e-02  2.69522759e+06 
 2.91996984e+14  5.65207049e+33  1.37301000e+01  2.29161320e-01  7.63160000e+00  1.95574527e-01  1.35490352e-01  2.71776300e-01  3.53574621e-02  2.59245597e+06 
 2.92576396e+14  5.71205158e+33  1.36901000e+01  2.31296649e-01  7.65460000e+00  1.97805484e-01  1.36832190e-01  2.68703096e-01  3.61374805e-02  2.49294472e+06 
 2.93155807e+14  5.77413202e+33  1.36501000e+01  2.33508743e-01  7.67660000e+00  2.00045013e-01  1.38207518e-01  2.66063677e-01  3.69449119e-02  2.39489485e+06 
 2.93735218e+14  5.83621247e+33  1.36111000e+01  2.35722820e-01  7.69960000e+00  2.02336719e-01  1.39576856e-01  2.63126978e-01  3.77573345e-02  2.30158856e+06 
 2.94314629e+14  5.89829291e+33  1.35741000e+01  2.37938622e-01  7.72160000e+00  2.04593018e-01  1.40918714e-01  2.60489052e-01  3.85598947e-02  2.21276211e+06 
 2.94894040e+14  5.96037335e+33  1.35381000e+01  2.40155899e-01  7.74460000e+00  2.06901723e-01  1.42252614e-01  2.57553502e-01  3.93654475e-02  2.12816778e+06 
 2.95473451e+14  6.02245380e+33  1.35031000e+01  2.42374416e-01  7.76660000e+00  2.09174252e-01  1.43577827e-01  2.54914644e-01  4.01732903e-02  2.04757269e+06 
 2.96052862e+14  6.08554757e+33  1.34691000e+01  2.44630223e-01  7.78860000e+00  2.11475779e-01  1.44903264e-01  2.52337649e-01  4.09876043e-02  1.96953292e+06 
 2.96632273e+14  6.15081802e+33  1.34341000e+01  2.46965367e-01  7.81160000e+00  2.13876100e-01  1.46283180e-01  2.49599167e-01  4.18448202e-02  1.89266041e+06 
 2.97211684e+14  6.21608847e+33  1.34011000e+01  2.49301976e-01  7.83360000e+00  2.16239784e-01  1.47631741e-01  2.47154646e-01  4.26881810e-02  1.81948998e+06 
 2.97791095e+14  6.28135892e+33  1.33691000e+01  2.51639796e-01  7.85660000e+00  2.18657190e-01  1.48969712e-01  2.44412557e-01  4.35321177e-02  1.74981612e+06 
 2.98370506e+14  6.34662937e+33  1.33391000e+01  2.53978584e-01  7.87860000e+00  2.21037151e-01  1.50273800e-01  2.41962408e-01  4.43591838e-02  1.68344557e+06 
 2.98949917e+14  6.41189982e+33  1.33091000e+01  2.56318108e-01  7.90060000e+00  2.23424917e-01  1.51588072e-01  2.39508531e-01  4.52014593e-02  1.62019702e+06 
 2.99529328e+14  6.47819678e+33  1.32801000e+01  2.58694988e-01  7.92260000e+00  2.25842073e-01  1.52899534e-01  2.37113160e-01  4.60472431e-02  1.55897325e+06 
 3.00108739e+14  6.54677723e+33  1.32501000e+01  2.61154724e-01  7.94560000e+00  2.28362204e-01  1.54266644e-01  2.34560154e-01  4.69381307e-02  1.49865105e+06 
 3.00688151e+14  6.61535769e+33  1.32221000e+01  2.63615403e-01  7.96860000e+00  2.30890974e-01  1.55597348e-01  2.32003006e-01  4.78093268e-02  1.44121668e+06 
 3.01267562e+14  6.68393814e+33  1.31951000e+01  2.66076771e-01  7.99160000e+00  2.33428241e-01  1.56913900e-01  2.29441208e-01  4.86772584e-02  1.38651034e+06 
 3.01846973e+14  6.75251859e+33  1.31691000e+01  2.68538597e-01  8.01360000e+00  2.35926364e-01  1.58215539e-01  2.27165469e-01  4.95410048e-02  1.33438173e+06 
 3.02426384e+14  6.82109904e+33  1.31441000e+01  2.71000644e-01  8.03560000e+00  2.38432189e-01  1.59501488e-01  2.24883141e-01  5.03996158e-02  1.28468976e+06 
 3.03005795e+14  6.89068803e+33  1.31191000e+01  2.73498942e-01  8.05760000e+00  2.40967088e-01  1.60805591e-01  2.22654082e-01  5.12774260e-02  1.23662082e+06 
 3.03585206e+14  6.96270106e+33  1.30941000e+01  2.76084712e-01  8.08060000e+00  2.43609862e-01  1.62142269e-01  2.20272749e-01  5.21830198e-02  1.18922508e+06 
 3.04164617e+14  7.03471409e+33  1.30711000e+01  2.78670895e-01  8.10360000e+00  2.46261163e-01  1.63437378e-01  2.17884521e-01  5.30623264e-02  1.14408236e+06 
 3.04744028e+14  7.10672712e+33  1.30481000e+01  2.81257246e-01  8.12660000e+00  2.48920835e-01  1.64739920e-01  2.15489156e-01  5.39545654e-02  1.10106856e+06 
 3.05323439e+14  7.17874015e+33  1.30261000e+01  2.83843527e-01  8.14860000e+00  2.51539651e-01  1.66024351e-01  2.13373569e-01  5.48387872e-02  1.06006692e+06 
 3.05902850e+14  7.25075319e+33  1.30041000e+01  2.86429515e-01  8.17060000e+00  2.54166034e-01  1.67315636e-01  2.11248966e-01  5.57353889e-02  1.02096787e+06 
 3.06482261e+14  7.32372102e+33  1.29841000e+01  2.89049302e-01  8.19260000e+00  2.56820376e-01  1.68571464e-01  2.09170154e-01  5.66066184e-02  9.83184958e+05 
 3.07061672e+14  7.39929178e+33  1.29631000e+01  2.91762436e-01  8.21560000e+00  2.59588308e-01  1.69885960e-01  2.06946135e-01  5.75271547e-02  9.45885895e+05 
 3.07641083e+14  7.47486254e+33  1.29431000e+01  2.94475446e-01  8.23860000e+00  2.62364642e-01  1.71180634e-01  2.04712748e-01  5.84375389e-02  9.10345791e+05 
 3.08220494e+14  7.55043331e+33  1.29241000e+01  2.97188090e-01  8.26160000e+00  2.65149222e-01  1.72454709e-01  2.02469764e-01  5.93366822e-02  8.76468244e+05 
 3.08799906e+14  7.62600407e+33  1.29051000e+01  2.99900131e-01  8.28360000e+00  2.67891185e-01  1.73734340e-01  2.00500357e-01  6.02468275e-02  8.44162700e+05 
 3.09379317e+14  7.70157483e+33  1.28881000e+01  3.02611353e-01  8.30560000e+00  2.70640576e-01  1.74965153e-01  1.98519608e-01  6.11205796e-02  8.13343956e+05 
 3.09958728e+14  7.77800592e+33  1.28701000e+01  3.05352417e-01  8.32760000e+00  2.73415867e-01  1.76236662e-01  1.96575336e-01  6.20334468e-02  7.83604806e+05 
 3.10538139e+14  7.85726211e+33  1.28531000e+01  3.08194118e-01  8.35060000e+00  2.76311401e-01  1.77514565e-01  1.94494560e-01  6.29504042e-02  7.54196662e+05 
 3.11117550e+14  7.93651831e+33  1.28371000e+01  3.11035145e-01  8.37360000e+00  2.79215207e-01  1.78769340e-01  1.92402061e-01  6.38525997e-02  7.26163242e+05 
 3.11696961e+14  8.01577450e+33  1.28211000e+01  3.13875261e-01  8.39660000e+00  2.82127122e-01  1.80028320e-01  1.90297771e-01  6.47641571e-02  6.99429752e+05 
 3.12276372e+14  8.09503069e+33  1.28061000e+01  3.16714238e-01  8.41860000e+00  2.84994601e-01  1.81263128e-01  1.88461016e-01  6.56594446e-02  6.73925815e+05 
 3.12855783e+14  8.17428688e+33  1.27911000e+01  3.19551856e-01  8.44060000e+00  2.87869365e-01  1.82501554e-01  1.86610802e-01  6.65633368e-02  6.49585341e+05 
 3.13435194e+14  8.25426287e+33  1.27771000e+01  3.22413670e-01  8.46260000e+00  2.90766938e-01  1.83722149e-01  1.84785530e-01  6.74541561e-02  6.26139819e+05 
 3.14014605e+14  8.33733471e+33  1.27631000e+01  3.25384997e-01  8.48560000e+00  2.93792429e-01  1.84977700e-01  1.82834424e-01  6.83734137e-02  6.02904990e+05 
 3.14594016e+14  8.42040655e+33  1.27491000e+01  3.28355094e-01  8.50860000e+00  2.96826036e-01  1.86236516e-01  1.80869609e-01  6.93009386e-02  5.80746154e+05 
 3.15173427e+14  8.50347839e+33  1.27361000e+01  3.31323721e-01  8.53060000e+00  2.99813787e-01  1.87469087e-01  1.79167000e-01  7.02091472e-02  5.59605183e+05 
 3.15752838e+14  8.58655024e+33  1.27241000e+01  3.34290657e-01  8.55360000e+00  3.02862901e-01  1.88674680e-01  1.77173775e-01  7.10968669e-02  5.39427420e+05 
 3.16332249e+14  8.66962208e+33  1.27121000e+01  3.37255682e-01  8.57560000e+00  3.05865323e-01  1.89882444e-01  1.75441230e-01  7.19912473e-02  5.20161501e+05 
 3.16911660e+14  8.75322141e+33  1.27011000e+01  3.40237408e-01  8.59760000e+00  3.08886251e-01  1.91067622e-01  1.73720407e-01  7.28671177e-02  5.01644828e+05 
 3.17491072e+14  8.84024162e+33  1.26891000e+01  3.43339266e-01  8.62060000e+00  3.12043955e-01  1.92319858e-01  1.71886081e-01  7.38011743e-02  4.83246122e+05 
 3.18070483e+14  8.92726182e+33  1.26791000e+01  3.46439322e-01  8.64260000e+00  3.15154362e-01  1.93513248e-01  1.70308723e-01  7.46832537e-02  4.65691000e+05 
 3.18649894e+14  9.01428202e+33  1.26681000e+01  3.49537339e-01  8.66560000e+00  3.18327530e-01  1.94738663e-01  1.68442574e-01  7.56005434e-02  4.48934346e+05 
 3.19229305e+14  9.10130223e+33  1.26581000e+01  3.52633096e-01  8.68760000e+00  3.21452535e-01  1.95934761e-01  1.66831941e-01  7.64936987e-02  4.32933610e+05 
 3.19808716e+14  9.18832243e+33  1.26491000e+01  3.55726382e-01  8.70960000e+00  3.24584493e-01  1.97100838e-01  1.65204321e-01  7.73615400e-02  4.17648801e+05 
 3.20388127e+14  9.27561996e+33  1.26401000e+01  3.58826843e-01  8.73160000e+00  3.27729341e-01  1.98270402e-01  1.63573397e-01  7.82357573e-02  4.02996800e+05 
 3.20967538e+14  9.36672370e+33  1.26311000e+01  3.62059966e-01  8.75460000e+00  3.31021104e-01  1.99479371e-01  1.61842955e-01  7.91406335e-02  3.88392859e+05 
 3.21546949e+14  9.45782744e+33  1.26231000e+01  3.65290698e-01  8.77660000e+00  3.34263655e-01  2.00657264e-01  1.60363632e-01  8.00184811e-02  3.74451633e+05 
 3.22126360e+14  9.54893118e+33  1.26151000e+01  3.68518810e-01  8.79960000e+00  3.37570522e-01  2.01835398e-01  1.58598222e-01  8.09001956e-02  3.61137957e+05 
 3.22705771e+14  9.64003492e+33  1.26071000e+01  3.71744080e-01  8.82160000e+00  3.40827304e-01  2.03013710e-01  1.57082580e-01  8.17857104e-02  3.48418728e+05 
 3.23285182e+14  9.73113867e+33  1.26001000e+01  3.74966307e-01  8.84360000e+00  3.44090838e-01  2.04159729e-01  1.55548606e-01  8.26421609e-02  3.36262762e+05 
 3.23864593e+14  9.82224241e+33  1.25931000e+01  3.78185284e-01  8.86560000e+00  3.47361011e-01  2.05305397e-01  1.53996297e-01  8.35015462e-02  3.24640746e+05 
 3.24444004e+14  9.91753006e+33  1.25871000e+01  3.81548909e-01  8.88860000e+00  3.50788013e-01  2.06460034e-01  1.52356698e-01  8.43592752e-02  3.13024660e+05 
 3.25023415e+14  1.00128549e+34  1.25801000e+01  3.84910854e-01  8.91060000e+00  3.54164690e-01  2.07647318e-01  1.50964207e-01  8.52534545e-02  3.01925672e+05 
 3.25602827e+14  1.01081798e+34  1.25741000e+01  3.88269581e-01  8.93260000e+00  3.57548183e-01  2.08800995e-01  1.49551913e-01  8.61163596e-02  2.91320976e+05 
 3.26182238e+14  1.02035047e+34  1.25691000e+01  3.91624873e-01  8.95460000e+00  3.60938369e-01  2.09920409e-01  1.48119859e-01  8.69468379e-02  2.81184738e+05 
 3.26761649e+14  1.02988296e+34  1.25641000e+01  3.94976529e-01  8.97660000e+00  3.64335108e-01  2.11038529e-01  1.46668259e-01  8.77787115e-02  2.71492640e+05 
 3.27341060e+14  1.03941544e+34  1.25591000e+01  3.98324350e-01  8.99860000e+00  3.67738265e-01  2.12155297e-01  1.45197262e-01  8.86119027e-02  2.62221775e+05 
 3.27920471e+14  1.04934174e+34  1.25541000e+01  4.01806610e-01  9.02160000e+00  3.71294455e-01  2.13309809e-01  1.43621765e-01  8.94735572e-02  2.52991317e+05 
 3.28499882e+14  1.05931033e+34  1.25501000e+01  4.05300110e-01  9.04360000e+00  3.74806769e-01  2.14432973e-01  1.42305111e-01  9.03034831e-02  2.44132279e+05 
 3.29079293e+14  1.06927893e+34  1.25461000e+01  4.08789776e-01  9.06560000e+00  3.78325689e-01  2.15554326e-01  1.40967506e-01  9.11339742e-02  2.35663479e+05 
 3.29658704e+14  1.07924753e+34  1.25421000e+01  4.12275400e-01  9.08760000e+00  3.81851062e-01  2.16673821e-01  1.39609210e-01  9.19649571e-02  2.27564724e+05 
 3.30238115e+14  1.08921613e+34  1.25381000e+01  4.15756777e-01  9.10960000e+00  3.85382764e-01  2.17791406e-01  1.38230338e-01  9.27963529e-02  2.19816986e+05 
 3.30817526e+14  1.09918473e+34  1.25351000e+01  4.19233715e-01  9.13160000e+00  3.88920656e-01  2.18872103e-01  1.36831095e-01  9.35907428e-02  2.12402331e+05 
 3.31396937e+14  1.10951492e+34  1.25321000e+01  4.22832225e-01  9.15360000e+00  3.92544036e-01  2.19985773e-01  1.35564405e-01  9.44094882e-02  2.05051470e+05 
 3.31976348e+14  1.11993386e+34  1.25301000e+01  4.26457409e-01  9.17560000e+00  3.96193356e-01  2.21070436e-01  1.34313393e-01  9.51959150e-02  1.97961646e+05 
 3.32555759e+14  1.13035280e+34  1.25271000e+01  4.30078131e-01  9.19760000e+00  3.99849035e-01  2.22187782e-01  1.33040597e-01  9.60195438e-02  1.91180653e+05 
 3.33135170e+14  1.14077174e+34  1.25251000e+01  4.33694185e-01  9.21960000e+00  4.03510935e-01  2.23267001e-01  1.31746200e-01  9.68039848e-02  1.84692658e+05 
 3.33714582e+14  1.15119068e+34  1.25231000e+01  4.37305370e-01  9.24160000e+00  4.07178914e-01  2.24343345e-01  1.30430456e-01  9.75871627e-02  1.78482755e+05 
 3.34293993e+14  1.16160962e+34  1.25211000e+01  4.40911494e-01  9.26360000e+00  4.10852835e-01  2.25416770e-01  1.29093590e-01  9.83690012e-02  1.72536887e+05 
 3.34873404e+14  1.17234953e+34  1.25201000e+01  4.44623471e-01  9.28560000e+00  4.14602967e-01  2.26481822e-01  1.27864411e-01  9.91314607e-02  1.66669813e+05 
 3.35452815e+14  1.18323327e+34  1.25191000e+01  4.48380257e-01  9.30760000e+00  4.18390808e-01  2.27557312e-01  1.26670414e-01  9.99015227e-02  1.60980631e+05 
 3.36032226e+14  1.19411701e+34  1.25181000e+01  4.52131937e-01  9.32960000e+00  4.22184740e-01  2.28629420e-01  1.25453944e-01  1.00669439e-01  1.55536451e+05 
 3.36611637e+14  1.20500076e+34  1.25171000e+01  4.55878304e-01  9.35160000e+00  4.25984616e-01  2.29698108e-01  1.24215259e-01  1.01435140e-01  1.50324858e+05 
 3.37191048e+14  1.21588450e+34  1.25161000e+01  4.59619160e-01  9.37260000e+00  4.29725338e-01  2.30763337e-01  1.23203180e-01  1.02198554e-01  1.45334135e+05 
 3.37770459e+14  1.22676825e+34  1.25161000e+01  4.63354323e-01  9.39460000e+00  4.33536414e-01  2.31788030e-01  1.21920042e-01  1.02918494e-01  1.40553229e+05 
 3.38349870e+14  1.23792308e+34  1.25161000e+01  4.67176593e-01  9.41660000e+00  4.37412344e-01  2.32834289e-01  1.20718354e-01  1.03653277e-01  1.35859860e+05 
 3.38929281e+14  1.24928631e+34  1.25161000e+01  4.71064672e-01  9.43860000e+00  4.41339723e-01  2.33896170e-01  1.19572864e-01  1.04398676e-01  1.31282191e+05 
 3.39508692e+14  1.26064954e+34  1.25171000e+01  4.74946984e-01  9.45960000e+00  4.45206710e-01  2.34916549e-01  1.18650166e-01  1.05098909e-01  1.26899388e+05 
 3.40088103e+14  1.27201277e+34  1.25171000e+01  4.78823317e-01  9.48160000e+00  4.49145278e-01  2.35970312e-01  1.17458124e-01  1.05837605e-01  1.22701688e+05 
 3.40667514e+14  1.28337600e+34  1.25181000e+01  4.82693491e-01  9.50360000e+00  4.53089352e-01  2.36982191e-01  1.16243710e-01  1.06530452e-01  1.18679858e+05 
 3.41246925e+14  1.29473924e+34  1.25191000e+01  4.86557316e-01  9.52460000e+00  4.56971739e-01  2.37989700e-01  1.15250749e-01  1.07219384e-01  1.14825196e+05 
 3.41826336e+14  1.30631356e+34  1.25201000e+01  4.90486312e-01  9.54560000e+00  4.60904794e-01  2.39012146e-01  1.14310400e-01  1.07917859e-01  1.11062189e+05 
 3.42405748e+14  1.31817118e+34  1.25211000e+01  4.94505143e-01  9.56760000e+00  4.64972240e-01  2.40056062e-01  1.13204925e-01  1.08630367e-01  1.07368770e+05 
 3.42985159e+14  1.33002880e+34  1.25231000e+01  4.98517524e-01  9.58960000e+00  4.69045204e-01  2.41056959e-01  1.12075993e-01  1.09295054e-01  1.03830748e+05 
 3.43564570e+14  1.34188642e+34  1.25241000e+01  5.02523256e-01  9.61160000e+00  4.73123528e-01  2.42091670e-01  1.10923987e-01  1.09998897e-01  1.00440420e+05 
 3.44143981e+14  1.35374404e+34  1.25261000e+01  5.06522152e-01  9.63260000e+00  4.77138441e-01  2.43083008e-01  1.09989372e-01  1.10654297e-01  9.71904999e+04 
 3.44723392e+14  1.36560166e+34  1.25281000e+01  5.10514034e-01  9.65360000e+00  4.81157839e-01  2.44069460e-01  1.09030895e-01  1.11304860e-01  9.40741137e+04 
 3.45302803e+14  1.37759934e+34  1.25311000e+01  5.14545789e-01  9.67460000e+00  4.85212019e-01  2.45024390e-01  1.08096338e-01  1.11914533e-01  9.10501581e+04 
 3.45882214e+14  1.38996646e+34  1.25331000e+01  5.18694592e-01  9.69660000e+00  4.89420482e-01  2.46046266e-01  1.07024550e-01  1.12586438e-01  8.80619674e+04 
 3.46461625e+14  1.40233359e+34  1.25361000e+01  5.22836246e-01  9.71860000e+00  4.93634137e-01  2.47023684e-01  1.05929058e-01  1.13208061e-01  8.51980254e+04 
 3.47041036e+14  1.41470071e+34  1.25381000e+01  5.26970562e-01  9.73960000e+00  4.97782673e-01  2.48035321e-01  1.05046939e-01  1.13869448e-01  8.24522413e+04 
 3.47620447e+14  1.42706783e+34  1.25411000e+01  5.31097353e-01  9.76060000e+00  5.01935496e-01  2.49002174e-01  1.04140437e-01  1.14479999e-01  7.98188502e+04 
 3.48199858e+14  1.43943495e+34  1.25441000e+01  5.35216443e-01  9.78160000e+00  5.06092475e-01  2.49963654e-01  1.03209928e-01  1.15084853e-01  7.72924094e+04 
 3.48779269e+14  1.45185908e+34  1.25471000e+01  5.39346607e-01  9.80260000e+00  5.10265806e-01  2.50924699e-01  1.02274001e-01  1.15687370e-01  7.48568196e+04 
 3.49358680e+14  1.46475103e+34  1.25511000e+01  5.43624355e-01  9.82460000e+00  5.14615742e-01  2.51880745e-01  1.01229448e-01  1.16265475e-01  7.24325161e+04 
 3.49938091e+14  1.47764297e+34  1.25541000e+01  5.47894248e-01  9.84560000e+00  5.18898824e-01  2.52871258e-01  1.00394401e-01  1.16883687e-01  7.01078254e+04 
 3.50517503e+14  1.49053491e+34  1.25581000e+01  5.52156090e-01  9.86660000e+00  5.23185979e-01  2.53815800e-01  9.95345457e-02  1.17449115e-01  6.78779131e+04 
 3.51096914e+14  1.50342686e+34  1.25611000e+01  5.56409703e-01  9.88760000e+00  5.27477081e-01  2.54795085e-01  9.86502689e-02  1.18055063e-01  6.57382123e+04 
 3.51676325e+14  1.51631880e+34  1.25651000e+01  5.60654916e-01  9.90860000e+00  5.31771998e-01  2.55728104e-01  9.77418950e-02  1.18607756e-01  6.36843975e+04 
 3.52255736e+14  1.52921074e+34  1.25691000e+01  5.64891565e-01  9.92960000e+00  5.36070600e-01  2.56655287e-01  9.68098154e-02  1.19153958e-01  6.17123822e+04 
 3.52835147e+14  1.54260394e+34  1.25731000e+01  5.69284165e-01  9.95060000e+00  5.40480617e-01  2.57618835e-01  9.60048892e-02  1.19722005e-01  5.97459801e+04 
 3.53414558e+14  1.55603622e+34  1.25781000e+01  5.73681007e-01  9.97160000e+00  5.44902881e-01  2.58538563e-01  9.51866182e-02  1.20237681e-01  5.78537919e+04 
 3.53993969e+14  1.56946851e+34  1.25821000e+01  5.78069075e-01  9.99260000e+00  5.49328861e-01  2.59493276e-01  9.43435839e-02  1.20794181e-01  5.60378381e+04 
 3.54573380e+14  1.58290079e+34  1.25871000e+01  5.82448196e-01  1.00136000e+01  5.53758418e-01  2.60400609e-01  9.34761421e-02  1.21295704e-01  5.42944811e+04 
 3.55152791e+14  1.59633307e+34  1.25911000e+01  5.86818202e-01  1.00346000e+01  5.58191415e-01  2.61343197e-01  9.25847120e-02  1.21838438e-01  5.26202837e+04 
 3.55732202e+14  1.60976535e+34  1.25961000e+01  5.91178933e-01  1.00546000e+01  5.62552950e-01  2.62238143e-01  9.18962066e-02  1.22325814e-01  5.10119875e+04 
 3.56311613e+14  1.62360440e+34  1.26011000e+01  5.95662150e-01  1.00756000e+01  5.67079088e-01  2.63160056e-01  9.10722863e-02  1.22827900e-01  4.94205613e+04 
 3.56891024e+14  1.63759272e+34  1.26061000e+01  6.00184408e-01  1.00966000e+01  5.71640534e-01  2.64087752e-01  9.02658715e-02  1.23330585e-01  4.78761664e+04 
 3.57470435e+14  1.65158105e+34  1.26111000e+01  6.04697155e-01  1.01176000e+01  5.76205327e-01  2.65009028e-01  8.94347453e-02  1.23825820e-01  4.63932518e+04 
 3.58049846e+14  1.66556937e+34  1.26161000e+01  6.09200220e-01  1.01386000e+01  5.80773302e-01  2.65923893e-01  8.85793772e-02  1.24313620e-01  4.49689194e+04 
 3.58629258e+14  1.67955770e+34  1.26221000e+01  6.13693440e-01  1.01586000e+01  5.85267972e-01  2.66790069e-01  8.79235249e-02  1.24744570e-01  4.36004234e+04 
 3.59208669e+14  1.69354602e+34  1.26271000e+01  6.18176663e-01  1.01796000e+01  5.89841654e-01  2.67692005e-01  8.70200516e-02  1.25217374e-01  4.22851662e+04 
 3.59788080e+14  1.70783159e+34  1.26331000e+01  6.22744825e-01  1.01996000e+01  5.94404199e-01  2.68568543e-01  8.63948778e-02  1.25648166e-01  4.09943086e+04 
 3.60367491e+14  1.72239185e+34  1.26381000e+01  6.27390719e-01  1.02206000e+01  5.99104642e-01  2.69502682e-01  8.55958105e-02  1.26134867e-01  3.97303160e+04 
 3.60946902e+14  1.73695211e+34  1.26441000e+01  6.32026349e-01  1.02416000e+01  6.03808009e-01  2.70387480e-01  8.47722508e-02  1.26563813e-01  3.85160392e+04 
 3.61526313e+14  1.75151237e+34  1.26501000e+01  6.36651554e-01  1.02616000e+01  6.08436232e-01  2.71265488e-01  8.41449137e-02  1.26984790e-01  3.73491619e+04 
 3.62105724e+14  1.76607263e+34  1.26561000e+01  6.41266164e-01  1.02826000e+01  6.13144731e-01  2.72136709e-01  8.32729533e-02  1.27397817e-01  3.62274885e+04 
 3.62685135e+14  1.78063289e+34  1.26621000e+01  6.45870043e-01  1.03026000e+01  6.17777261e-01  2.73001165e-01  8.25966080e-02  1.27802937e-01  3.51489375e+04 
 3.63264546e+14  1.79536463e+34  1.26681000e+01  6.50517123e-01  1.03226000e+01  6.22447630e-01  2.73872001e-01  8.19392334e-02  1.28208397e-01  3.40995464e+04 
 3.63843957e+14  1.81051289e+34  1.26741000e+01  6.55284623e-01  1.03426000e+01  6.27207466e-01  2.74767844e-01  8.13613334e-02  1.28625712e-01  3.30622141e+04 
 3.64423368e+14  1.82566115e+34  1.26811000e+01  6.60041097e-01  1.03636000e+01  6.32048653e-01  2.75613274e-01  8.05408356e-02  1.28983967e-01  3.20651931e+04 
 3.65002779e+14  1.84080941e+34  1.26871000e+01  6.64786382e-01  1.03836000e+01  6.36812424e-01  2.76495150e-01  7.99130501e-02  1.29384814e-01  3.11066275e+04 
 3.65582190e+14  1.85595767e+34  1.26941000e+01  6.69520323e-01  1.04036000e+01  6.41577830e-01  2.77326421e-01  7.92605357e-02  1.29726445e-01  3.01847547e+04 
 3.66161601e+14  1.87110593e+34  1.27001000e+01  6.74242785e-01  1.04236000e+01  6.46344729e-01  2.78194406e-01  7.85838208e-02  1.30111005e-01  2.92979055e+04 
 3.66741012e+14  1.88628246e+34  1.27071000e+01  6.78962404e-01  1.04436000e+01  6.51118905e-01  2.79013696e-01  7.78898908e-02  1.30437476e-01  2.84429325e+04 
 3.67320424e+14  1.90203495e+34  1.27141000e+01  6.83849240e-01  1.04636000e+01  6.56014482e-01  2.79868431e-01  7.73075905e-02  1.30781402e-01  2.75892974e+04 
 3.67899835e+14  1.91778744e+34  1.27201000e+01  6.88724272e-01  1.04846000e+01  6.60992834e-01  2.80760038e-01  7.64867217e-02  1.31168318e-01  2.67684371e+04 
 3.68479246e+14  1.93353993e+34  1.27271000e+01  6.93587345e-01  1.05046000e+01  6.65891478e-01  2.81600360e-01  7.58551857e-02  1.31495289e-01  2.59788580e+04 
 3.69058657e+14  1.94929241e+34  1.27341000e+01  6.98438311e-01  1.05246000e+01  6.70791295e-01  2.82433459e-01  7.51993617e-02  1.31813821e-01  2.52191441e+04 
 3.69638068e+14  1.96504490e+34  1.27411000e+01  7.03277033e-01  1.05436000e+01  6.75609921e-01  2.83259361e-01  7.47312886e-02  1.32123974e-01  2.44879513e+04 
 3.70217479e+14  1.98079739e+34  1.27481000e+01  7.08103377e-01  1.05636000e+01  6.80511457e-01  2.84078086e-01  7.40274073e-02  1.32425803e-01  2.37840042e+04 
 3.70796890e+14  1.99703682e+34  1.27561000e+01  7.13066155e-01  1.05836000e+01  6.85514358e-01  2.84879709e-01  7.34079454e-02  1.32687600e-01  2.30854941e+04 
 3.71376301e+14  2.01340993e+34  1.27631000e+01  7.18057222e-01  1.06036000e+01  6.90545809e-01  2.85728088e-01  7.27935277e-02  1.32998297e-01  2.24078426e+04 
 3.71955712e+14  2.02978303e+34  1.27701000e+01  7.23035548e-01  1.06236000e+01  6.95578113e-01  2.86569127e-01  7.21547939e-02  1.33300432e-01  2.17557057e+04 
 3.72535123e+14  2.04615614e+34  1.27781000e+01  7.28000996e-01  1.06426000e+01  7.00527312e-01  2.87357871e-01  7.17009196e-02  1.33541808e-01  2.11279410e+04 
 3.73114534e+14  2.06252924e+34  1.27851000e+01  7.32953428e-01  1.06626000e+01  7.05560646e-01  2.88184214e-01  7.10141883e-02  1.33826943e-01  2.05234647e+04 
 3.73693945e+14  2.07890235e+34  1.27921000e+01  7.37892721e-01  1.06816000e+01  7.10510039e-01  2.89003303e-01  7.05119504e-02  1.34103721e-01  1.99412467e+04 
 3.74273356e+14  2.09559691e+34  1.28001000e+01  7.42915468e-01  1.07016000e+01  7.15609596e-01  2.89791996e-01  6.98455557e-02  1.34332144e-01  1.93694877e+04 
 3.74852767e+14  2.11260716e+34  1.28081000e+01  7.48019813e-01  1.07216000e+01  7.20774090e-01  2.90594823e-01  6.92209092e-02  1.34564068e-01  1.88085593e+04 
 3.75432179e+14  2.12961742e+34  1.28151000e+01  7.53110631e-01  1.07406000e+01  7.25853583e-01  2.91435516e-01  6.87783418e-02  1.34839874e-01  1.82684973e+04 
 3.76011590e+14  2.14662768e+34  1.28231000e+01  7.58187783e-01  1.07606000e+01  7.31018384e-01  2.92223234e-01  6.81058409e-02  1.35054499e-01  1.77483780e+04 
 3.76591001e+14  2.16363793e+34  1.28311000e+01  7.63251145e-01  1.07796000e+01  7.36097351e-01  2.93003399e-01  6.76150011e-02  1.35260573e-01  1.72473243e+04 
 3.77170412e+14  2.18064819e+34  1.28391000e+01  7.68300593e-01  1.07986000e+01  7.41175730e-01  2.93776044e-01  6.71003575e-02  1.35458178e-01  1.67645026e+04 
 3.77749823e+14  2.19779309e+34  1.28461000e+01  7.73375840e-01  1.08176000e+01  7.46280602e-01  2.94596006e-01  6.65886168e-02  1.35705017e-01  1.62955030e+04 
 3.78329234e+14  2.21545717e+34  1.28541000e+01  7.78590483e-01  1.08376000e+01  7.51576492e-01  2.95397042e-01  6.59510576e-02  1.35909060e-01  1.58299560e+04 
 3.78908645e+14  2.23312125e+34  1.28631000e+01  7.83790794e-01  1.08566000e+01  7.56785090e-01  2.96144330e-01  6.54925165e-02  1.36109540e-01  1.53880782e+04 
 3.79488056e+14  2.25078533e+34  1.28711000e+01  7.88976655e-01  1.08756000e+01  7.61992803e-01  2.96929937e-01  6.50099910e-02  1.36296361e-01  1.49558189e+04 
 3.80067467e+14  2.26844941e+34  1.28791000e+01  7.94147940e-01  1.08956000e+01  7.67287388e-01  2.97707933e-01  6.43023423e-02  1.36416494e-01  1.45330167e+04 
 3.80646878e+14  2.28611349e+34  1.28871000e+01  7.99304538e-01  1.09136000e+01  7.72405265e-01  2.98478355e-01  6.39741982e-02  1.36586334e-01  1.41315640e+04 
 3.81226289e+14  2.30377757e+34  1.28951000e+01  8.04446338e-01  1.09326000e+01  7.77609815e-01  2.99241237e-01  6.34216853e-02  1.36747860e-01  1.37444414e+04 
 3.81805700e+14  2.32203733e+34  1.29031000e+01  8.09746289e-01  1.09516000e+01  7.82931911e-01  3.00034605e-01  6.29552623e-02  1.36920557e-01  1.33586484e+04 
 3.82385111e+14  2.34037204e+34  1.29111000e+01  8.15052893e-01  1.09716000e+01  7.88356788e-01  3.00825028e-01  6.22793557e-02  1.37087120e-01  1.29853091e+04 
 3.82964522e+14  2.35870674e+34  1.29201000e+01  8.20344247e-01  1.09896000e+01  7.93602206e-01  3.01561059e-01  6.19783682e-02  1.37192079e-01  1.26254280e+04 
 3.83543934e+14  2.37704144e+34  1.29281000e+01  8.25620235e-01  1.10086000e+01  7.98935254e-01  3.02336031e-01  6.14549094e-02  1.37341717e-01  1.22784267e+04 
 3.84123345e+14  2.39537615e+34  1.29361000e+01  8.30880753e-01  1.10276000e+01  8.04266741e-01  3.03103383e-01  6.09086617e-02  1.37483053e-01  1.19437546e+04 
 3.84702756e+14  2.41371085e+34  1.29451000e+01  8.36125706e-01  1.10466000e+01  8.09596482e-01  3.03816207e-01  6.03401907e-02  1.37621772e-01  1.16258494e+04 
 3.85282167e+14  2.43242430e+34  1.29531000e+01  8.41463005e-01  1.10646000e+01  8.14908551e-01  3.04591613e-01  6.00110007e-02  1.37699342e-01  1.13029994e+04 
 3.85861578e+14  2.45144654e+34  1.29621000e+01  8.46872474e-01  1.10836000e+01  8.20369929e-01  3.05331145e-01  5.95145249e-02  1.37783317e-01  1.09913685e+04 
 3.86440989e+14  2.47046878e+34  1.29701000e+01  8.52265895e-01  1.11026000e+01  8.25829452e-01  3.06109967e-01  5.89950423e-02  1.37912061e-01  1.06908369e+04 
 3.87020400e+14  2.48949102e+34  1.29791000e+01  8.57643171e-01  1.11206000e+01  8.31195423e-01  3.06833807e-01  5.86481621e-02  1.37979376e-01  1.04009325e+04 
 3.87599811e+14  2.50851326e+34  1.29871000e+01  8.63004183e-01  1.11396000e+01  8.36650628e-01  3.07597189e-01  5.80832518e-02  1.38091674e-01  1.01212067e+04 
 3.88179222e+14  2.52753550e+34  1.29961000e+01  8.68348852e-01  1.11576000e+01  8.42011482e-01  3.08305502e-01  5.76906581e-02  1.38142751e-01  9.85123159e+03 
 3.88758633e+14  2.54669384e+34  1.30041000e+01  8.73715168e-01  1.11756000e+01  8.47395899e-01  3.09061662e-01  5.72974901e-02  1.38242724e-01  9.58876754e+03 
 3.89338044e+14  2.56642064e+34  1.30131000e+01  8.79223887e-01  1.11946000e+01  8.52980603e-01  3.09796117e-01  5.67794124e-02  1.38296874e-01  9.32797098e+03 
 3.89917455e+14  2.58614744e+34  1.30221000e+01  8.84715761e-01  1.12136000e+01  8.58562877e-01  3.10522631e-01  5.62389943e-02  1.38342818e-01  9.07635151e+03 
 3.90496866e+14  2.60587424e+34  1.30311000e+01  8.90190689e-01  1.12316000e+01  8.64049361e-01  3.11241255e-01  5.58684689e-02  1.38439820e-01  8.83729917e+03 
 3.91076277e+14  2.62560104e+34  1.30391000e+01  8.95648581e-01  1.12496000e+01  8.69532617e-01  3.11999892e-01  5.54753540e-02  1.38463648e-01  8.59912016e+03 
 3.91655689e+14  2.64532784e+34  1.30481000e+01  9.01089344e-01  1.12676000e+01  8.75012590e-01  3.12702946e-01  5.50599051e-02  1.38485647e-01  8.37279115e+03 
 3.92235100e+14  2.66505464e+34  1.30571000e+01  9.06512901e-01  1.12856000e+01  8.80489189e-01  3.13398245e-01  5.46225258e-02  1.38499898e-01  8.15420336e+03 
 3.92814511e+14  2.68536924e+34  1.30661000e+01  9.12080337e-01  1.13036000e+01  8.86074872e-01  3.14119171e-01  5.42517304e-02  1.38580070e-01  7.94023907e+03 
 3.93393922e+14  2.70581771e+34  1.30751000e+01  9.17666858e-01  1.13216000e+01  8.91682673e-01  3.14839757e-01  5.38782873e-02  1.38596336e-01  7.72894093e+03 
 3.93973333e+14  2.72626619e+34  1.30841000e+01  9.23235640e-01  1.13396000e+01  8.97286838e-01  3.15552434e-01  5.34824047e-02  1.38604728e-01  7.52493740e+03 
 3.94552744e+14  2.74671466e+34  1.30921000e+01  9.28786601e-01  1.13576000e+01  9.02887293e-01  3.16305574e-01  5.30644538e-02  1.38599028e-01  7.32479420e+03 
 3.95132155e+14  2.76716313e+34  1.31011000e+01  9.34319658e-01  1.13756000e+01  9.08483929e-01  3.17002653e-01  5.26247929e-02  1.38591989e-01  7.13457129e+03 
 3.95711566e+14  2.78761160e+34  1.31101000e+01  9.39834735e-01  1.13936000e+01  9.14076672e-01  3.17691963e-01  5.21637730e-02  1.38577425e-01  6.95077818e+03 
 3.96290977e+14  2.80836612e+34  1.31191000e+01  9.45413990e-01  1.14116000e+01  9.19723139e-01  3.18390252e-01  5.17248952e-02  1.38562190e-01  6.77053843e+03 
 3.96870388e+14  2.82955346e+34  1.31281000e+01  9.51091178e-01  1.14286000e+01  9.25350521e-01  3.19104275e-01  5.15118877e-02  1.38548861e-01  6.59280081e+03 
 3.97449799e+14  2.85074080e+34  1.31371000e+01  9.56749838e-01  1.14466000e+01  9.31070117e-01  3.19810377e-01  5.10898215e-02  1.38527902e-01  6.42112583e+03 
 3.98029210e+14  2.87192815e+34  1.31461000e+01  9.62389894e-01  1.14646000e+01  9.36785447e-01  3.20508613e-01  5.06463103e-02  1.38499439e-01  6.25526601e+03 
 3.98608621e+14  2.89311549e+34  1.31551000e+01  9.68011271e-01  1.14816000e+01  9.42398845e-01  3.21199030e-01  5.03670259e-02  1.38463589e-01  6.09498531e+03 
 3.99188032e+14  2.91430283e+34  1.31641000e+01  9.73613904e-01  1.14996000e+01  9.48105127e-01  3.21881675e-01  4.98811511e-02  1.38420471e-01  5.94005859e+03 
 3.99767443e+14  2.93549017e+34  1.31731000e+01  9.79197732e-01  1.15166000e+01  9.53708746e-01  3.22556597e-01  4.95592647e-02  1.38370199e-01  5.79027106e+03 
 4.00346855e+14  2.95742732e+34  1.31821000e+01  9.84959782e-01  1.15346000e+01  9.59544777e-01  3.23263042e-01  4.91309180e-02  1.38327488e-01  5.64036735e+03 
 4.00926266e+14  2.97937080e+34  1.31911000e+01  9.90704184e-01  1.15516000e+01  9.65278525e-01  3.23961897e-01  4.88656333e-02  1.38277538e-01  5.49547320e+03 
 4.01505677e+14  3.00131427e+34  1.32001000e+01  9.96429197e-01  1.15696000e+01  9.71105949e-01  3.24652881e-01  4.83955215e-02  1.38220348e-01  5.35542871e+03 
 4.02085088e+14  3.02325775e+34  1.32091000e+01  1.00213477e+00  1.15866000e+01  9.76829156e-01  3.25336048e-01  4.80874362e-02  1.38156046e-01  5.22003923e+03 
 4.02664499e+14  3.04520123e+34  1.32181000e+01  1.00782083e+00  1.16036000e+01  9.82546780e-01  3.26011450e-01  4.77583587e-02  1.38084751e-01  5.08911902e+03 
 4.03243910e+14  3.06714470e+34  1.32271000e+01  1.01348734e+00  1.16206000e+01  9.88258799e-01  3.26679132e-01  4.74085400e-02  1.38006580e-01  4.96249080e+03 
 4.03823321e+14  3.08951056e+34  1.32371000e+01  1.01924289e+00  1.16376000e+01  9.94042226e-01  3.27310906e-01  4.70903666e-02  1.37935983e-01  4.83973690e+03 
 4.04402732e+14  3.11222750e+34  1.32461000e+01  1.02506875e+00  1.16546000e+01  9.99883888e-01  3.28001868e-01  4.67943129e-02  1.37857546e-01  4.71708944e+03 
 4.04982143e+14  3.13494443e+34  1.32551000e+01  1.03087445e+00  1.16726000e+01  1.00582046e+00  3.28684968e-01  4.62967542e-02  1.37772160e-01  4.59849815e+03 
 4.05561554e+14  3.15766136e+34  1.32641000e+01  1.03665994e+00  1.16896000e+01  1.01165048e+00  3.29360261e-01  4.59592041e-02  1.37620943e-01  4.48188033e+03 
 4.06140965e+14  3.18037830e+34  1.32731000e+01  1.04242517e+00  1.17056000e+01  1.01737301e+00  3.30027794e-01  4.57806443e-02  1.37522064e-01  4.37097316e+03 
 4.06720376e+14  3.20309523e+34  1.32821000e+01  1.04817010e+00  1.17226000e+01  1.02319051e+00  3.30687622e-01  4.54021050e-02  1.37416607e-01  4.26365927e+03 
 4.07299787e+14  3.22587298e+34  1.32911000e+01  1.05390998e+00  1.17396000e+01  1.02901271e+00  3.31342727e-01  4.50108035e-02  1.37305621e-01  4.15952500e+03 
 4.07879198e+14  3.24938074e+34  1.33001000e+01  1.05981288e+00  1.17566000e+01  1.03495951e+00  3.32025327e-01  4.46837979e-02  1.37199303e-01  4.05554147e+03 
 4.08458610e+14  3.27288850e+34  1.33101000e+01  1.06569486e+00  1.17736000e+01  1.04089983e+00  3.32650076e-01  4.43362355e-02  1.37093651e-01  3.95665288e+03 
 4.09038021e+14  3.29639626e+34  1.33191000e+01  1.07155588e+00  1.17896000e+01  1.04673073e+00  3.33316962e-01  4.41458624e-02  1.36974217e-01  3.85929055e+03 
 4.09617432e+14  3.31990401e+34  1.33281000e+01  1.07739590e+00  1.18066000e+01  1.05265756e+00  3.33976106e-01  4.37579562e-02  1.36848392e-01  3.76506693e+03 
 4.10196843e+14  3.34341177e+34  1.33371000e+01  1.08321486e+00  1.18226000e+01  1.05847431e+00  3.34627557e-01  4.35269424e-02  1.36657625e-01  3.67228375e+03 
 4.10776254e+14  3.36691953e+34  1.33461000e+01  1.08901275e+00  1.18396000e+01  1.06438743e+00  3.35271368e-01  4.30999251e-02  1.36519422e-01  3.58401539e+03 
 4.11355665e+14  3.39089874e+34  1.33551000e+01  1.09490534e+00  1.18556000e+01  1.07027277e+00  3.35929387e-01  4.28805018e-02  1.36381456e-01  3.49684646e+03 
 4.11935076e+14  3.41521473e+34  1.33641000e+01  1.10085908e+00  1.18726000e+01  1.07631414e+00  3.36595201e-01  4.25017552e-02  1.36241736e-01  3.41128881e+03 
 4.12514487e+14  3.43953071e+34  1.33741000e+01  1.10679111e+00  1.18886000e+01  1.08224384e+00  3.37202800e-01  4.22781918e-02  1.36103391e-01  3.32990498e+03 
 4.13093898e+14  3.46384670e+34  1.33831000e+01  1.11270140e+00  1.19046000e+01  1.08816579e+00  3.37853049e-01  4.20346258e-02  1.35951447e-01  3.24969544e+03 
 4.13673309e+14  3.48816268e+34  1.33921000e+01  1.11858992e+00  1.19216000e+01  1.09418508e+00  3.38495633e-01  4.15974394e-02  1.35793559e-01  3.17202402e+03 
 4.14252720e+14  3.51247866e+34  1.34011000e+01  1.12445664e+00  1.19376000e+01  1.10009165e+00  3.39130599e-01  4.13152137e-02  1.35629840e-01  3.09679396e+03 
 4.14832131e+14  3.53684801e+34  1.34101000e+01  1.13031434e+00  1.19526000e+01  1.10589381e+00  3.39760369e-01  4.11925291e-02  1.35461026e-01  3.02375523e+03 
 4.15411542e+14  3.56198964e+34  1.34191000e+01  1.13633522e+00  1.19696000e+01  1.11203291e+00  3.40416767e-01  4.07821319e-02  1.35237231e-01  2.94950580e+03 
 4.15990953e+14  3.58713126e+34  1.34281000e+01  1.14233366e+00  1.19856000e+01  1.11805806e+00  3.41065408e-01  4.05251682e-02  1.35065782e-01  2.87886758e+03 
 4.16570365e+14  3.61227289e+34  1.34381000e+01  1.14830962e+00  1.20016000e+01  1.12407491e+00  3.41655491e-01  4.02488082e-02  1.34896412e-01  2.81166191e+03 
 4.17149776e+14  3.63741451e+34  1.34471000e+01  1.15426310e+00  1.20176000e+01  1.13008341e+00  3.42288734e-01  3.99534237e-02  1.34713655e-01  2.74535874e+03 
 4.17729187e+14  3.66255614e+34  1.34561000e+01  1.16019408e+00  1.20336000e+01  1.13608351e+00  3.42914390e-01  3.96393071e-02  1.34525404e-01  2.68111526e+03 
 4.18308598e+14  3.68769776e+34  1.34651000e+01  1.16610254e+00  1.20486000e+01  1.14196782e+00  3.43532506e-01  3.94774242e-02  1.34331770e-01  2.61885426e+03 
 4.18888009e+14  3.71327787e+34  1.34741000e+01  1.17209104e+00  1.20646000e+01  1.14802510e+00  3.44161766e-01  3.91675311e-02  1.34137174e-01  2.55746455e+03 
 4.19467420e+14  3.73926256e+34  1.34831000e+01  1.17815119e+00  1.20806000e+01  1.15414219e+00  3.44800558e-01  3.88770408e-02  1.33941122e-01  2.49704266e+03 
 4.20046831e+14  3.76524725e+34  1.34921000e+01  1.18418816e+00  1.20966000e+01  1.16025044e+00  3.45431686e-01  3.85678265e-02  1.33739681e-01  2.43850049e+03 
 4.20626242e+14  3.79123194e+34  1.35011000e+01  1.19020193e+00  1.21116000e+01  1.16624133e+00  3.46055198e-01  3.84092916e-02  1.33475477e-01  2.38074222e+03 
 4.21205653e+14  3.81721662e+34  1.35101000e+01  1.19619251e+00  1.21276000e+01  1.17233157e+00  3.46671157e-01  3.80629885e-02  1.33263688e-01  2.32577462e+03 
 4.21785064e+14  3.84320131e+34  1.35191000e+01  1.20215989e+00  1.21426000e+01  1.17830374e+00  3.47279611e-01  3.78673175e-02  1.33046860e-01  2.27248354e+03 
 4.22364475e+14  3.86918600e+34  1.35281000e+01  1.20810406e+00  1.21576000e+01  1.18426633e+00  3.47880617e-01  3.76534212e-02  1.32882349e-01  2.22176425e+03 
 4.22943886e+14  3.89598726e+34  1.35371000e+01  1.21421113e+00  1.21736000e+01  1.19046461e+00  3.48507396e-01  3.73252741e-02  1.32605210e-01  2.16913260e+03 
 4.23523297e+14  3.92283242e+34  1.35461000e+01  1.22030435e+00  1.21886000e+01  1.19655076e+00  3.49128334e-01  3.71504177e-02  1.32380640e-01  2.11896333e+03 
 4.24102708e+14  3.94967758e+34  1.35551000e+01  1.22637369e+00  1.22046000e+01  1.20273729e+00  3.49741694e-01  3.67897807e-02  1.32151145e-01  2.07032636e+03 
 4.24682119e+14  3.97652274e+34  1.35641000e+01  1.23241916e+00  1.22196000e+01  1.20880387e+00  3.50347534e-01  3.65782547e-02  1.31916845e-01  2.02316521e+03 
 4.25261531e+14  4.00336790e+34  1.35731000e+01  1.23844076e+00  1.22346000e+01  1.21486038e+00  3.50945910e-01  3.63487835e-02  1.31677854e-01  1.97742575e+03 
 4.25840942e+14  4.03021307e+34  1.35821000e+01  1.24443848e+00  1.22496000e+01  1.22090686e+00  3.51536870e-01  3.61015668e-02  1.31490995e-01  1.93389034e+03 
 4.26420353e+14  4.05736590e+34  1.35911000e+01  1.25048075e+00  1.22646000e+01  1.22699326e+00  3.52132475e-01  3.58623126e-02  1.31244965e-01  1.89033604e+03 
 4.26999764e+14  4.08508892e+34  1.36001000e+01  1.25662542e+00  1.22796000e+01  1.23316204e+00  3.52742818e-01  3.56521318e-02  1.30998261e-01  1.84720551e+03 
 4.27579175e+14  4.11281194e+34  1.36091000e+01  1.26274554e+00  1.22946000e+01  1.23932035e+00  3.53345622e-01  3.54239431e-02  1.30746983e-01  1.80537681e+03 
 4.28158586e+14  4.14053496e+34  1.36181000e+01  1.26884113e+00  1.23096000e+01  1.24546816e+00  3.53940947e-01  3.51780537e-02  1.30491247e-01  1.76480249e+03 
 4.28737997e+14  4.16825799e+34  1.36271000e+01  1.27491220e+00  1.23246000e+01  1.25160545e+00  3.54528848e-01  3.49147546e-02  1.30231164e-01  1.72543708e+03 
 4.29317408e+14  4.19598101e+34  1.36361000e+01  1.28095876e+00  1.23396000e+01  1.25773213e+00  3.55109377e-01  3.46343775e-02  1.29966841e-01  1.68723698e+03 
 4.29896819e+14  4.22370403e+34  1.36441000e+01  1.28698084e+00  1.23536000e+01  1.26373530e+00  3.55734737e-01  3.45005940e-02  1.29689868e-01  1.64944749e+03 
 4.30476230e+14  4.25207501e+34  1.36531000e+01  1.29311856e+00  1.23686000e+01  1.26994358e+00  3.56324897e-01  3.42361448e-02  1.29420919e-01  1.61264025e+03 
 4.31055641e+14  4.28069325e+34  1.36621000e+01  1.29928465e+00  1.23836000e+01  1.27618022e+00  3.56916821e-01  3.39734627e-02  1.29149148e-01  1.57661512e+03 
 4.31635052e+14  4.30931148e+34  1.36711000e+01  1.30542557e+00  1.23976000e+01  1.28229206e+00  3.57501309e-01  3.38561003e-02  1.28929018e-01  1.54232460e+03 
 4.32214463e+14  4.33792971e+34  1.36801000e+01  1.31154132e+00  1.24126000e+01  1.28850640e+00  3.58078414e-01  3.35591193e-02  1.28649034e-01  1.50838211e+03 
 4.32793874e+14  4.36654795e+34  1.36891000e+01  1.31763196e+00  1.24266000e+01  1.29459533e+00  3.58648196e-01  3.34073751e-02  1.28365158e-01  1.47543276e+03 
 4.33373286e+14  4.39516618e+34  1.36971000e+01  1.32369748e+00  1.24406000e+01  1.30067266e+00  3.59263163e-01  3.32386768e-02  1.28068811e-01  1.44281677e+03 
 4.33952697e+14  4.42384662e+34  1.37061000e+01  1.32975104e+00  1.24556000e+01  1.30686286e+00  3.59820729e-01  3.28967327e-02  1.27833041e-01  1.41230757e+03 
 4.34532108e+14  4.45337736e+34  1.37151000e+01  1.33595826e+00  1.24696000e+01  1.31305897e+00  3.60401414e-01  3.27604275e-02  1.27541841e-01  1.38118388e+03 
 4.35111519e+14  4.48290810e+34  1.37241000e+01  1.34213969e+00  1.24836000e+01  1.31924298e+00  3.60974708e-01  3.26069904e-02  1.27246880e-01  1.35097183e+03 
 4.35690930e+14  4.51243884e+34  1.37321000e+01  1.34829535e+00  1.24986000e+01  1.32553060e+00  3.61593335e-01  3.22765680e-02  1.26939486e-01  1.32106662e+03 
 4.36270341e+14  4.54196958e+34  1.37411000e+01  1.35442527e+00  1.25126000e+01  1.33169075e+00  3.62152065e-01  3.20898749e-02  1.26692197e-01  1.29315478e+03 
 4.36849752e+14  4.57150032e+34  1.37501000e+01  1.36052949e+00  1.25266000e+01  1.33783878e+00  3.62703572e-01  3.18868273e-02  1.26386445e-01  1.26548895e+03 
 4.37429163e+14  4.60103106e+34  1.37581000e+01  1.36660806e+00  1.25406000e+01  1.34397470e+00  3.63300726e-01  3.16677125e-02  1.26123176e-01  1.23861319e+03 
 4.38008574e+14  4.63091765e+34  1.37671000e+01  1.37273384e+00  1.25546000e+01  1.35015256e+00  3.63850166e-01  3.14566039e-02  1.25811851e-01  1.21218962e+03 
 4.38587985e+14  4.66137813e+34  1.37751000e+01  1.37895096e+00  1.25686000e+01  1.35640525e+00  3.64464902e-01  3.12677038e-02  1.25490178e-01  1.18551707e+03 
 4.39167396e+14  4.69183861e+34  1.37841000e+01  1.38514172e+00  1.25826000e+01  1.36264536e+00  3.65019481e-01  3.10624800e-02  1.25228418e-01  1.16062602e+03 
 4.39746807e+14  4.72229908e+34  1.37931000e+01  1.39130616e+00  1.25956000e+01  1.36875542e+00  3.65566835e-01  3.09989978e-02  1.24908982e-01  1.13594666e+03 
 4.40326218e+14  4.75275956e+34  1.38011000e+01  1.39744432e+00  1.26096000e+01  1.37497016e+00  3.66160080e-01  3.07615659e-02  1.24577468e-01  1.11148556e+03 
 4.40905629e+14  4.78322004e+34  1.38101000e+01  1.40355626e+00  1.26236000e+01  1.38117229e+00  3.66693187e-01  3.05086033e-02  1.24305877e-01  1.08866692e+03 
 4.41485041e+14  4.81368052e+34  1.38181000e+01  1.40964202e+00  1.26366000e+01  1.38724357e+00  3.67272390e-01  3.03972290e-02  1.24022121e-01  1.06601913e+03 
 4.42064452e+14  4.84477226e+34  1.38271000e+01  1.41582714e+00  1.26506000e+01  1.39351392e+00  3.67812100e-01  3.01530079e-02  1.23691958e-01  1.04355225e+03 
 4.42643863e+14  4.87617962e+34  1.38351000e+01  1.42204821e+00  1.26646000e+01  1.39981804e+00  3.68408200e-01  2.99130120e-02  1.23404178e-01  1.02149950e+03 
 4.43223274e+14  4.90758699e+34  1.38441000e+01  1.42824240e+00  1.26776000e+01  1.40599017e+00  3.68943913e-01  2.98133447e-02  1.23068781e-01  1.00006979e+03 
 4.43802685e+14  4.93899435e+34  1.38521000e+01  1.43440977e+00  1.26916000e+01  1.41226797e+00  3.69525862e-01  2.95422732e-02  1.22774919e-01  9.79241825e+02 
 4.44382096e+14  4.97040171e+34  1.38601000e+01  1.44055036e+00  1.27046000e+01  1.41841327e+00  3.70100841e-01  2.94113993e-02  1.22424787e-01  9.58577705e+02 
 4.44961507e+14  5.00180908e+34  1.38691000e+01  1.44666425e+00  1.27176000e+01  1.42454494e+00  3.70615446e-01  2.92652599e-02  1.22134329e-01  9.39309641e+02 
 4.45540918e+14  5.03321644e+34  1.38771000e+01  1.45275148e+00  1.27306000e+01  1.43066310e+00  3.71176590e-01  2.91039644e-02  1.21831957e-01  9.20166785e+02 
 4.46120329e+14  5.06550978e+34  1.38851000e+01  1.45898303e+00  1.27446000e+01  1.43701613e+00  3.71758596e-01  2.88249325e-02  1.21475176e-01  9.00636982e+02 
 4.46699740e+14  5.09788108e+34  1.38941000e+01  1.46520223e+00  1.27576000e+01  1.44324649e+00  3.72282419e-01  2.86895167e-02  1.21177928e-01  8.82380995e+02 
 4.47279151e+14  5.13025238e+34  1.39021000e+01  1.47139409e+00  1.27706000e+01  1.44946276e+00  3.72852825e-01  2.85389301e-02  1.20868759e-01  8.64250131e+02 
 4.47858562e+14  5.16262368e+34  1.39101000e+01  1.47755865e+00  1.27836000e+01  1.45566507e+00  3.73416312e-01  2.83732207e-02  1.20504368e-01  8.46250209e+02 
 4.48437973e+14  5.19499498e+34  1.39181000e+01  1.48369599e+00  1.27966000e+01  1.46185337e+00  3.73972936e-01  2.81927020e-02  1.20190095e-01  8.29110098e+02 
 4.49017384e+14  5.22736628e+34  1.39271000e+01  1.48980617e+00  1.28096000e+01  1.46802773e+00  3.74468955e-01  2.79975183e-02  1.19882611e-01  8.12791584e+02 
 4.49596795e+14  5.25987414e+34  1.39351000e+01  1.49591488e+00  1.28226000e+01  1.47420736e+00  3.75016047e-01  2.77955179e-02  1.19563565e-01  7.96495405e+02 
 4.50176207e+14  5.29322631e+34  1.39431000e+01  1.50215440e+00  1.28356000e+01  1.48049201e+00  3.75581593e-01  2.76249779e-02  1.19242681e-01  7.80232343e+02 
 4.50755618e+14  5.32657848e+34  1.39511000e+01  1.50836607e+00  1.28486000e+01  1.48676219e+00  3.76140220e-01  2.74396968e-02  1.18919362e-01  7.64415428e+02 
 4.51335029e+14  5.35993066e+34  1.39591000e+01  1.51454995e+00  1.28606000e+01  1.49289550e+00  3.76691987e-01  2.73915741e-02  1.18541879e-01  7.48702478e+02 
 4.51914440e+14  5.39328283e+34  1.39671000e+01  1.52070612e+00  1.28736000e+01  1.49913659e+00  3.77236943e-01  2.71771583e-02  1.18214073e-01  7.33740182e+02 
 4.52493851e+14  5.42663500e+34  1.39751000e+01  1.52683466e+00  1.28856000e+01  1.50524032e+00  3.77775140e-01  2.70998287e-02  1.17884085e-01  7.19180881e+02 
 4.53073262e+14  5.45998717e+34  1.39831000e+01  1.53293563e+00  1.28986000e+01  1.51145237e+00  3.78306631e-01  2.68572276e-02  1.17551994e-01  7.05011334e+02 
 4.53652673e+14  5.49366467e+34  1.39911000e+01  1.53906827e+00  1.29106000e+01  1.51757138e+00  3.78840783e-01  2.67681002e-02  1.17269189e-01  6.91388542e+02 
 4.54232084e+14  5.52801453e+34  1.39991000e+01  1.54529513e+00  1.29236000e+01  1.52389138e+00  3.79387419e-01  2.65483633e-02  1.16881684e-01  6.77264379e+02 
 4.54811495e+14  5.56236439e+34  1.40071000e+01  1.55149373e+00  1.29356000e+01  1.53007261e+00  3.79927246e-01  2.64646093e-02  1.16543445e-01  6.63815282e+02 
 4.55390906e+14  5.59671425e+34  1.40151000e+01  1.55766417e+00  1.29486000e+01  1.53636266e+00  3.80460323e-01  2.62168208e-02  1.16203241e-01  6.50726476e+02 
 4.55970317e+14  5.63106411e+34  1.40231000e+01  1.56380651e+00  1.29606000e+01  1.54251351e+00  3.80986699e-01  2.61049081e-02  1.15911947e-01  6.38265907e+02 
 4.56549728e+14  5.66541397e+34  1.40311000e+01  1.56992085e+00  1.29726000e+01  1.54864908e+00  3.81506424e-01  2.59791041e-02  1.15567906e-01  6.25857468e+02 
 4.57129139e+14  5.69976383e+34  1.40391000e+01  1.57600727e+00  1.29846000e+01  1.55476940e+00  3.82019551e-01  2.58396306e-02  1.15222124e-01  6.13775454e+02 
 4.57708550e+14  5.73459934e+34  1.40471000e+01  1.58215139e+00  1.29976000e+01  1.56106463e+00  3.82539416e-01  2.55610271e-02  1.14874371e-01  6.01845077e+02 
 4.58287962e+14  5.76996355e+34  1.40541000e+01  1.58836019e+00  1.30096000e+01  1.56729019e+00  3.83121593e-01  2.54425991e-02  1.14515046e-01  5.89795096e+02 
 4.58867373e+14  5.80532777e+34  1.40621000e+01  1.59454038e+00  1.30216000e+01  1.57350004e+00  3.83642590e-01  2.53103066e-02  1.14213711e-01  5.78575345e+02 
 4.59446784e+14  5.84069198e+34  1.40701000e+01  1.60069206e+00  1.30336000e+01  1.57969421e+00  3.84156949e-01  2.51644098e-02  1.13860482e-01  5.67398747e+02 
 4.60026195e+14  5.87605620e+34  1.40781000e+01  1.60681530e+00  1.30456000e+01  1.58587272e+00  3.84664716e-01  2.50051037e-02  1.13505719e-01  5.56514593e+02 
 4.60605606e+14  5.91142041e+34  1.40851000e+01  1.61291021e+00  1.30576000e+01  1.59203559e+00  3.85220644e-01  2.48326284e-02  1.13139904e-01  5.45673544e+02 
 4.61185017e+14  5.94678463e+34  1.40931000e+01  1.61897689e+00  1.30686000e+01  1.59805642e+00  3.85715422e-01  2.47941772e-02  1.12831894e-01  5.35586572e+02 
 4.61764428e+14  5.98276366e+34  1.41011000e+01  1.62512028e+00  1.30806000e+01  1.60426798e+00  3.86219832e-01  2.46228020e-02  1.12472084e-01  5.25352175e+02 
 4.62343839e+14  6.01915875e+34  1.41081000e+01  1.63130580e+00  1.30926000e+01  1.61051776e+00  3.86783366e-01  2.44566264e-02  1.12150163e-01  5.15269017e+02 
 4.62923250e+14  6.05555383e+34  1.41161000e+01  1.63746240e+00  1.31046000e+01  1.61675148e+00  3.87285523e-01  2.42772920e-02  1.11787013e-01  5.05448229e+02 
 4.63502661e+14  6.09194892e+34  1.41231000e+01  1.64359018e+00  1.31156000e+01  1.62284185e+00  3.87836075e-01  2.42309944e-02  1.11412951e-01  4.95663043e+02 
 4.64082072e+14  6.12834400e+34  1.41311000e+01  1.64968925e+00  1.31276000e+01  1.62904322e+00  3.88325268e-01  2.40259066e-02  1.11096301e-01  4.86560786e+02 
 4.64661483e+14  6.16473908e+34  1.41381000e+01  1.65575969e+00  1.31386000e+01  1.63510094e+00  3.88863038e-01  2.39536172e-02  1.10719736e-01  4.77267808e+02 
 4.65240894e+14  6.20113417e+34  1.41461000e+01  1.66180162e+00  1.31506000e+01  1.64127018e+00  3.89339459e-01  2.37234599e-02  1.10400469e-01  4.68626690e+02 
 4.65820305e+14  6.23823928e+34  1.41531000e+01  1.66793233e+00  1.31616000e+01  1.64738536e+00  3.89882374e-01  2.36551593e-02  1.10069087e-01  4.59832314e+02 
 4.66399717e+14  6.27568158e+34  1.41611000e+01  1.67408955e+00  1.31726000e+01  1.65352634e+00  3.90372170e-01  2.35877876e-02  1.09697079e-01  4.51185320e+02 
 4.66979128e+14  6.31312387e+34  1.41681000e+01  1.68021758e+00  1.31846000e+01  1.65977928e+00  3.90910680e-01  2.33629410e-02  1.09362659e-01  4.42759492e+02 
 4.67558539e+14  6.35056617e+34  1.41761000e+01  1.68631654e+00  1.31956000e+01  1.66588694e+00  3.91387627e-01  2.32700286e-02  1.08988555e-01  4.34547864e+02 
 4.68137950e+14  6.38800846e+34  1.41831000e+01  1.69238652e+00  1.32066000e+01  1.67197777e+00  3.91913478e-01  2.31646818e-02  1.08651875e-01  4.26543807e+02 
 4.68717361e+14  6.42545076e+34  1.41901000e+01  1.69842764e+00  1.32176000e+01  1.67805186e+00  3.92433094e-01  2.30470084e-02  1.08314086e-01  4.18740869e+02 
 4.69296772e+14  6.46289305e+34  1.41971000e+01  1.70444001e+00  1.32286000e+01  1.68410931e+00  3.92946521e-01  2.29171489e-02  1.07975245e-01  4.11132850e+02 
 4.69876183e+14  6.50110380e+34  1.42051000e+01  1.71054642e+00  1.32396000e+01  1.69024471e+00  3.93416734e-01  2.28046927e-02  1.07595982e-01  4.03563227e+02 
 4.70455594e+14  6.53960946e+34  1.42121000e+01  1.71667052e+00  1.32516000e+01  1.69652936e+00  3.93943051e-01  2.25481536e-02  1.07253120e-01  3.96127359e+02 
 4.71035005e+14  6.57811512e+34  1.42191000e+01  1.72276520e+00  1.32626000e+01  1.70266708e+00  3.94463094e-01  2.24225600e-02  1.06909269e-01  3.88878404e+02 
 4.71614416e+14  6.61662078e+34  1.42261000e+01  1.72883059e+00  1.32726000e+01  1.70865727e+00  3.94976914e-01  2.24273808e-02  1.06564490e-01  3.81810603e+02 
 4.72193827e+14  6.65512644e+34  1.42331000e+01  1.73486679e+00  1.32836000e+01  1.71476068e+00  3.95484559e-01  2.22775300e-02  1.06218839e-01  3.74918403e+02 
 4.72773238e+14  6.69363210e+34  1.42401000e+01  1.74087394e+00  1.32946000e+01  1.72084704e+00  3.95986078e-01  2.21160351e-02  1.05825395e-01  3.68033077e+02 
 4.73352649e+14  6.73213777e+34  1.42471000e+01  1.74685214e+00  1.33056000e+01  1.72691636e+00  3.96481514e-01  2.19431136e-02  1.05525139e-01  3.61639573e+02 
 4.73932060e+14  6.77143062e+34  1.42541000e+01  1.75292300e+00  1.33156000e+01  1.73293178e+00  3.96988854e-01  2.19282407e-02  1.05128641e-01  3.54955770e+02 
 4.74511471e+14  6.81101560e+34  1.42611000e+01  1.75900935e+00  1.33266000e+01  1.73909587e+00  3.97496665e-01  2.17702039e-02  1.04777559e-01  3.48546751e+02 
 4.75090883e+14  6.85060058e+34  1.42681000e+01  1.76506612e+00  1.33376000e+01  1.74524236e+00  3.97998319e-01  2.16007576e-02  1.04425783e-01  3.42296093e+02 
 4.75670294e+14  6.89018556e+34  1.42751000e+01  1.77109341e+00  1.33476000e+01  1.75123973e+00  3.98493853e-01  2.15605308e-02  1.04073358e-01  3.36198993e+02 
 4.76249705e+14  6.92977054e+34  1.42821000e+01  1.77709135e+00  1.33586000e+01  1.75735140e+00  3.98983323e-01  2.13680721e-02  1.03766515e-01  3.30397836e+02 
 4.76829116e+14  6.96935552e+34  1.42891000e+01  1.78306007e+00  1.33686000e+01  1.76331361e+00  3.99466772e-01  2.13047737e-02  1.03412819e-01  3.24591594e+02 
 4.77408527e+14  7.00894050e+34  1.42961000e+01  1.78899968e+00  1.33786000e+01  1.76925806e+00  3.99944247e-01  2.12302612e-02  1.03058629e-01  3.18925548e+02 
 4.77987938e+14  7.04928883e+34  1.43031000e+01  1.79502416e+00  1.33896000e+01  1.77540642e+00  4.00432410e-01  2.10297745e-02  1.02701993e-01  3.13290072e+02 
 4.78567349e+14  7.08996886e+34  1.43101000e+01  1.80106839e+00  1.33996000e+01  1.78144277e+00  4.00921722e-01  2.09688220e-02  1.02344018e-01  3.07746533e+02 
 4.79146760e+14  7.13064890e+34  1.43161000e+01  1.80708288e+00  1.34096000e+01  1.78746093e+00  4.01461071e-01  2.08965631e-02  1.01975734e-01  3.02202799e+02 
 4.79726171e+14  7.17132894e+34  1.43231000e+01  1.81306776e+00  1.34206000e+01  1.79359449e+00  4.01938368e-01  2.06736790e-02  1.01662316e-01  2.97059418e+02 
 4.80305582e+14  7.21200897e+34  1.43301000e+01  1.81902316e+00  1.34306000e+01  1.79957701e+00  4.02409705e-01  2.05790810e-02  1.01303054e-01  2.91907924e+02 
 4.80884993e+14  7.25268901e+34  1.43371000e+01  1.82494921e+00  1.34406000e+01  1.80554162e+00  4.02875131e-01  2.04735628e-02  1.00943504e-01  2.86879438e+02 
 4.81464404e+14  7.29336904e+34  1.43431000e+01  1.83084604e+00  1.34506000e+01  1.81148836e+00  4.03390944e-01  2.03573143e-02  1.00618785e-01  2.81970354e+02 
 4.82043815e+14  7.33474303e+34  1.43501000e+01  1.83681375e+00  1.34606000e+01  1.81749558e+00  4.03859147e-01  2.02517460e-02  1.00256673e-01  2.77096284e+02 
 4.82623226e+14  7.37653363e+34  1.43561000e+01  1.84281167e+00  1.34706000e+01  1.82353152e+00  4.04386403e-01  2.01481015e-02  9.98832539e-02  2.72169004e+02 
 4.83202638e+14  7.41832423e+34  1.43631000e+01  1.84877975e+00  1.34806000e+01  1.82954914e+00  4.04851413e-01  2.00336012e-02  9.95641305e-02  2.67600135e+02 
 4.83782049e+14  7.46011483e+34  1.43701000e+01  1.85471813e+00  1.34896000e+01  1.83541378e+00  4.05310530e-01  2.00461402e-02  9.92001629e-02  2.63020825e+02 
 4.84361460e+14  7.50190543e+34  1.43761000e+01  1.86062693e+00  1.34996000e+01  1.84139494e+00  4.05820257e-01  1.99100978e-02  9.88704877e-02  2.58549661e+02 
 4.84940871e+14  7.54369603e+34  1.43821000e+01  1.86650630e+00  1.35096000e+01  1.84735801e+00  4.06324265e-01  1.97636969e-02  9.84963101e-02  2.54069516e+02 
 4.85520282e+14  7.58548663e+34  1.43891000e+01  1.87235638e+00  1.35186000e+01  1.85316754e+00  4.06766043e-01  1.97443198e-02  9.81760861e-02  2.49919230e+02 
 4.86099693e+14  7.62785326e+34  1.43951000e+01  1.87825739e+00  1.35286000e+01  1.85915746e+00  4.07270132e-01  1.95938521e-02  9.78439460e-02  2.45697215e+02 
 4.86679104e+14  7.67076968e+34  1.44021000e+01  1.88420506e+00  1.35386000e+01  1.86518904e+00  4.07722758e-01  1.94488486e-02  9.74760375e-02  2.41520793e+02 
 4.87258515e+14  7.71368610e+34  1.44081000e+01  1.89012283e+00  1.35476000e+01  1.87106608e+00  4.08226225e-01  1.94301823e-02  9.71418927e-02  2.37442456e+02 
 4.87837926e+14  7.75660253e+34  1.44141000e+01  1.89601082e+00  1.35576000e+01  1.87706067e+00  4.08723985e-01  1.92644901e-02  9.67640484e-02  2.33354404e+02 
 4.88417337e+14  7.79951895e+34  1.44211000e+01  1.90186920e+00  1.35666000e+01  1.88290046e+00  4.09159326e-01  1.92250088e-02  9.64396523e-02  2.29568728e+02 
 4.88996748e+14  7.84243537e+34  1.44271000e+01  1.90769810e+00  1.35766000e+01  1.88885828e+00  4.09645763e-01  1.90392845e-02  9.61052127e-02  2.25767956e+02 
 4.89576159e+14  7.88535180e+34  1.44331000e+01  1.91349766e+00  1.35856000e+01  1.89466115e+00  4.10126626e-01  1.89796069e-02  9.57707071e-02  2.22054461e+02 
 4.90155570e+14  7.92867481e+34  1.44391000e+01  1.91932258e+00  1.35946000e+01  1.90048858e+00  4.10609670e-01  1.89208415e-02  9.54348784e-02  2.18391765e+02 
 4.90734981e+14  7.97273206e+34  1.44461000e+01  1.92521628e+00  1.36046000e+01  1.90651209e+00  4.11044095e-01  1.87361579e-02  9.50637726e-02  2.14752822e+02 
 4.91314393e+14  8.01678931e+34  1.44521000e+01  1.93108005e+00  1.36136000e+01  1.91237969e+00  4.11529755e-01  1.86768171e-02  9.47257067e-02  2.11197921e+02 
 4.91893804e+14  8.06084656e+34  1.44581000e+01  1.93691403e+00  1.36226000e+01  1.91822835e+00  4.12009813e-01  1.86074748e-02  9.43876708e-02  2.07724655e+02 
 4.92473215e+14  8.10490381e+34  1.44641000e+01  1.94271837e+00  1.36316000e+01  1.92405819e+00  4.12484315e-01  1.85282562e-02  9.40497007e-02  2.04330708e+02 
 4.93052626e+14  8.14896107e+34  1.44701000e+01  1.94849322e+00  1.36406000e+01  1.92986926e+00  4.12953302e-01  1.84393078e-02  9.37118303e-02  2.01013843e+02 
 4.93632037e+14  8.19301832e+34  1.44761000e+01  1.95423873e+00  1.36496000e+01  1.93566168e+00  4.13416818e-01  1.83407637e-02  9.33740929e-02  1.97771893e+02 
 4.94211448e+14  8.23725817e+34  1.44821000e+01  1.95997867e+00  1.36586000e+01  1.94145424e+00  4.13878211e-01  1.82373020e-02  9.30359192e-02  1.94589774e+02 
 4.94790859e+14  8.28247098e+34  1.44881000e+01  1.96581492e+00  1.36676000e+01  1.94732774e+00  4.14351736e-01  1.81484306e-02  9.26947214e-02  1.91411235e+02 
 4.95370270e+14  8.32768379e+34  1.44941000e+01  1.97162124e+00  1.36766000e+01  1.95318212e+00  4.14819722e-01  1.80499251e-02  9.23537154e-02  1.88304882e+02 
 4.95949681e+14  8.37289660e+34  1.45001000e+01  1.97739778e+00  1.36856000e+01  1.95901749e+00  4.15282209e-01  1.79419031e-02  9.20129325e-02  1.85268688e+02 
 4.96529092e+14  8.41810941e+34  1.45061000e+01  1.98314471e+00  1.36946000e+01  1.96483388e+00  4.15739244e-01  1.78245463e-02  9.16724064e-02  1.82300694e+02 
 4.97108503e+14  8.46332222e+34  1.45111000e+01  1.98886216e+00  1.37026000e+01  1.97049231e+00  4.16248242e-01  1.78310893e-02  9.13222105e-02  1.79317650e+02 
 4.97687914e+14  8.50853503e+34  1.45171000e+01  1.99455031e+00  1.37116000e+01  1.97627091e+00  4.16694536e-01  1.76951932e-02  9.10235934e-02  1.76561791e+02 
 4.98267325e+14  8.55374784e+34  1.45231000e+01  2.00020928e+00  1.37206000e+01  1.98203075e+00  4.17135500e-01  1.75504031e-02  9.06838852e-02  1.73787263e+02 
 4.98846736e+14  8.60003173e+34  1.45291000e+01  2.00597247e+00  1.37286000e+01  1.98773857e+00  4.17589634e-01  1.75538115e-02  9.03409305e-02  1.71010061e+02 
 4.99426148e+14  8.64641454e+34  1.45341000e+01  2.01171812e+00  1.37376000e+01  1.99357645e+00  4.18097582e-01  1.74176860e-02  8.99880605e-02  1.68212534e+02 
 5.00005559e+14  8.69279735e+34  1.45401000e+01  2.01743404e+00  1.37456000e+01  1.99925518e+00  4.18542638e-01  1.74047211e-02  8.96863414e-02  1.65628446e+02 
 5.00584970e+14  8.73918016e+34  1.45461000e+01  2.02312040e+00  1.37546000e+01  2.00505475e+00  4.18982344e-01  1.72504851e-02  8.93441291e-02  1.63026647e+02 
 5.01164381e+14  8.78556298e+34  1.45511000e+01  2.02877735e+00  1.37626000e+01  2.01069497e+00  4.19474403e-01  1.72193675e-02  8.89924252e-02  1.60408955e+02 
 5.01743792e+14  8.83194579e+34  1.45571000e+01  2.03440504e+00  1.37716000e+01  2.01645648e+00  4.19903570e-01  1.70476532e-02  8.86915685e-02  1.57993030e+02 
 5.02323203e+14  8.87832860e+34  1.45631000e+01  2.04000363e+00  1.37796000e+01  2.02205859e+00  4.20327511e-01  1.69988160e-02  8.83506800e-02  1.55558136e+02 
 5.02902614e+14  8.92545453e+34  1.45681000e+01  2.04566236e+00  1.37876000e+01  2.02771294e+00  4.20816273e-01  1.69571470e-02  8.80379922e-02  1.53138117e+02 
 5.03482025e+14  8.97302149e+34  1.45741000e+01  2.05134436e+00  1.37956000e+01  2.03339003e+00  4.21249260e-01  1.69159978e-02  8.76939916e-02  1.50748878e+02 
 5.04061436e+14  9.02058845e+34  1.45791000e+01  2.05699670e+00  1.38046000e+01  2.03918890e+00  4.21734815e-01  1.67349767e-02  8.73805215e-02  1.48411861e+02 
 5.04640847e+14  9.06815541e+34  1.45851000e+01  2.06261956e+00  1.38126000e+01  2.04482727e+00  4.22157301e-01  1.66762491e-02  8.70375466e-02  1.46125636e+02 
 5.05220258e+14  9.11572237e+34  1.45901000e+01  2.06821310e+00  1.38206000e+01  2.05044626e+00  4.22632522e-01  1.66089347e-02  8.67249065e-02  1.43888848e+02 
 5.05799669e+14  9.16328932e+34  1.45951000e+01  2.07377748e+00  1.38286000e+01  2.05604599e+00  4.23102655e-01  1.65331033e-02  8.63731223e-02  1.41635331e+02 
 5.06379080e+14  9.21085628e+34  1.46011000e+01  2.07931286e+00  1.38366000e+01  2.06162653e+00  4.23509712e-01  1.64488547e-02  8.60713386e-02  1.39558284e+02 
 5.06958491e+14  9.25877452e+34  1.46061000e+01  2.08485996e+00  1.38446000e+01  2.06722061e+00  4.23975267e-01  1.63633322e-02  8.57588439e-02  1.37446664e+02 
 5.07537902e+14  9.30753946e+34  1.46111000e+01  2.09047552e+00  1.38526000e+01  2.07287391e+00  4.24449051e-01  1.62861768e-02  8.54438717e-02  1.35343821e+02 
 5.08117314e+14  9.35630440e+34  1.46171000e+01  2.09606155e+00  1.38606000e+01  2.07850761e+00  4.24859580e-01  1.62005826e-02  8.51002463e-02  1.33286182e+02 
 5.08696725e+14  9.40506933e+34  1.46221000e+01  2.10161822e+00  1.38686000e+01  2.08412181e+00  4.25323146e-01  1.61067182e-02  8.47863485e-02  1.31272555e+02 
 5.09276136e+14  9.45383427e+34  1.46271000e+01  2.10714568e+00  1.38766000e+01  2.08971658e+00  4.25781684e-01  1.60046973e-02  8.44729624e-02  1.29301763e+02 
 5.09855547e+14  9.50259920e+34  1.46321000e+01  2.11264410e+00  1.38836000e+01  2.09514934e+00  4.26235232e-01  1.60236121e-02  8.41601089e-02  1.27372673e+02 
 5.10434958e+14  9.55136414e+34  1.46371000e+01  2.11811364e+00  1.38916000e+01  2.10070555e+00  4.26683826e-01  1.59052954e-02  8.38092580e-02  1.25426495e+02 
 5.11014369e+14  9.60012908e+34  1.46431000e+01  2.12355447e+00  1.38986000e+01  2.10609936e+00  4.27069160e-01  1.59080164e-02  8.35075535e-02  1.23635235e+02 
 5.11593780e+14  9.64999805e+34  1.46481000e+01  2.12908911e+00  1.39066000e+01  2.11171621e+00  4.27524433e-01  1.57941275e-02  8.31927066e-02  1.21784191e+02 
 5.12173191e+14  9.69997447e+34  1.46531000e+01  2.13460632e+00  1.39146000e+01  2.11732304e+00  4.27976309e-01  1.56743022e-02  8.28780898e-02  1.19968360e+02 
 5.12752602e+14  9.74995090e+34  1.46581000e+01  2.14009431e+00  1.39216000e+01  2.12276668e+00  4.28423216e-01  1.56749166e-02  8.25640954e-02  1.18190739e+02 
 5.13332013e+14  9.79992732e+34  1.46631000e+01  2.14555324e+00  1.39296000e+01  2.12833451e+00  4.28865191e-01  1.55392175e-02  8.22507427e-02  1.16450327e+02 
 5.13911424e+14  9.84990374e+34  1.46681000e+01  2.15098328e+00  1.39366000e+01  2.13373896e+00  4.29302275e-01  1.55239327e-02  8.19380511e-02  1.14746156e+02 
 5.14490835e+14  9.89988016e+34  1.46731000e+01  2.15638460e+00  1.39446000e+01  2.13926806e+00  4.29734501e-01  1.53729204e-02  8.16260361e-02  1.13077284e+02 
 5.15070246e+14  9.94985658e+34  1.46781000e+01  2.16175735e+00  1.39516000e+01  2.14463385e+00  4.30161908e-01  1.53420504e-02  8.13147162e-02  1.11442801e+02 
 5.15649657e+14  1.00004216e+35  1.46831000e+01  2.16716453e+00  1.39586000e+01  2.15003113e+00  4.30592943e-01  1.53136969e-02  8.10020769e-02  1.09823150e+02 
 5.16229069e+14  1.00516227e+35  1.46871000e+01  2.17261062e+00  1.39666000e+01  2.15560845e+00  4.31086902e-01  1.51609728e-02  8.06781033e-02  1.08167010e+02 
 5.16808480e+14  1.01028238e+35  1.46921000e+01  2.17802766e+00  1.39736000e+01  2.16102161e+00  4.31517318e-01  1.51278492e-02  8.04019605e-02  1.06644249e+02 
 5.17387891e+14  1.01540248e+35  1.46971000e+01  2.18341583e+00  1.39806000e+01  2.16641492e+00  4.31942903e-01  1.50871914e-02  8.00892384e-02  1.05103823e+02 
 5.17967302e+14  1.02052259e+35  1.47021000e+01  2.18877528e+00  1.39876000e+01  2.17178869e+00  4.32363689e-01  1.50389025e-02  7.97772913e-02  1.03594965e+02 
 5.18546713e+14  1.02564270e+35  1.47071000e+01  2.19410619e+00  1.39946000e+01  2.17714295e+00  4.32779714e-01  1.49831459e-02  7.94661349e-02  1.02116867e+02 
 5.19126124e+14  1.03076281e+35  1.47111000e+01  2.19940872e+00  1.40016000e+01  2.18247783e+00  4.33249921e-01  1.49200484e-02  7.91826951e-02  1.00668753e+02 
