# rhoc (cgs) 	 Pc (cgs) 	 R (km) 	 M (msol) 	 R_core (km) 	 M_core (msol) 	 I/(MR^2) 	 I_crust/(M_crust R_crust^2)/(I/(MR^2)) 	 k_2 	 Lambda 
 2.30000000e+14  3.90496218e+33  1.49881000e+01  2.26768071e-01  8.71560000e+00  2.13254923e-01  1.33389248e-01  1.16730171e-01  3.50478197e-02  4.19809988e+06 
 2.33186854e+14  4.07317601e+33  1.48331000e+01  2.34582714e-01  8.79360000e+00  2.21176910e-01  1.38229724e-01  1.11976526e-01  3.79613205e-02  3.64409157e+06 
 2.36373707e+14  4.24477199e+33  1.46931000e+01  2.42442574e-01  8.86960000e+00  2.29145041e-01  1.42927857e-01  1.07508788e-01  4.08902935e-02  3.17476325e+06 
 2.39560561e+14  4.42444211e+33  1.45641000e+01  2.50564907e-01  8.94560000e+00  2.37375117e-01  1.47589463e-01  1.03221115e-01  4.38888806e-02  2.76528513e+06 
 2.42747414e+14  4.60411223e+33  1.44511000e+01  2.58577564e-01  9.01760000e+00  2.45465637e-01  1.51991128e-01  9.94563591e-02  4.67986076e-02  2.42299010e+06 
 2.45934268e+14  4.79065270e+33  1.43461000e+01  2.66779652e-01  9.08960000e+00  2.53767915e-01  1.56350233e-01  9.57036468e-02  4.97547170e-02  2.12475274e+06 
 2.49121121e+14  4.98225015e+33  1.42511000e+01  2.75094311e-01  9.16060000e+00  2.62190948e-01  1.60586821e-01  9.20861741e-02  5.26901845e-02  1.86694701e+06 
 2.52307975e+14  5.17384759e+33  1.41661000e+01  2.83294462e-01  9.22860000e+00  2.70497445e-01  1.64623145e-01  8.87319383e-02  5.55425780e-02  1.64913234e+06 
 2.55494829e+14  5.37597632e+33  1.40861000e+01  2.91825934e-01  9.29660000e+00  2.79107507e-01  1.68672663e-01  8.56432420e-02  5.84533013e-02  1.45449367e+06 
 2.58681682e+14  5.57995363e+33  1.40141000e+01  3.00321883e-01  9.36260000e+00  2.87689838e-01  1.72559833e-01  8.26948172e-02  6.12885986e-02  1.28777278e+06 
 2.61868536e+14  5.78545785e+33  1.39501000e+01  3.08761794e-01  9.42660000e+00  2.96225677e-01  1.76264950e-01  7.98682490e-02  6.40207892e-02  1.14461184e+06 
 2.65055389e+14  6.00226597e+33  1.38891000e+01  3.17546701e-01  9.49160000e+00  3.05119056e-01  1.80002826e-01  7.70369808e-02  6.68076137e-02  1.01560969e+06 
 2.68242243e+14  6.21907409e+33  1.38351000e+01  3.26213767e-01  9.55360000e+00  3.13874215e-01  1.83547957e-01  7.44998782e-02  6.94694251e-02  9.05236743e+05 
 2.71429096e+14  6.44094203e+33  1.37851000e+01  3.34958746e-01  9.61460000e+00  3.22711867e-01  1.87017925e-01  7.20529555e-02  7.20931679e-02  8.08268179e+05 
 2.74615950e+14  6.67103769e+33  1.37391000e+01  3.43908808e-01  9.67460000e+00  3.31718693e-01  1.90437003e-01  6.98820468e-02  7.46865903e-02  7.21748586e+05 
 2.77802804e+14  6.90113335e+33  1.36971000e+01  3.52737585e-01  9.73360000e+00  3.40666529e-01  1.93720506e-01  6.75190957e-02  7.71881038e-02  6.47147380e+05 
 2.80989657e+14  6.98771266e+33  1.36831000e+01  3.56026135e-01  9.75460000e+00  3.43970781e-01  1.94897434e-01  6.68176271e-02  7.80809230e-02  6.21765221e+05 
 2.84176511e+14  6.99209992e+33  1.36821000e+01  3.56184668e-01  9.75560000e+00  3.44129759e-01  1.94963366e-01  6.67857792e-02  7.81332533e-02  6.20571725e+05 
 2.87363364e+14  6.99648717e+33  1.36811000e+01  3.56336650e-01  9.75660000e+00  3.44284234e-01  1.95027658e-01  6.67445642e-02  7.81845120e-02  6.19429279e+05 
 2.90550218e+14  7.00087442e+33  1.36811000e+01  3.56482345e-01  9.75760000e+00  3.44434400e-01  1.95061832e-01  6.66942798e-02  7.82061258e-02  6.18335394e+05 
 2.93737071e+14  7.00526167e+33  1.36801000e+01  3.56622003e-01  9.75860000e+00  3.44580441e-01  1.95122966e-01  6.66352714e-02  7.82552786e-02  6.17287822e+05 
 2.96923925e+14  7.00964892e+33  1.36801000e+01  3.56755860e-01  9.75960000e+00  3.44722527e-01  1.95154061e-01  6.65678185e-02  7.82748079e-02  6.16284395e+05 
 3.00110779e+14  7.01403618e+33  1.36791000e+01  3.56884144e-01  9.76060000e+00  3.44860819e-01  1.95212227e-01  6.64922547e-02  7.83219564e-02  6.15323159e+05 
 3.03297632e+14  7.01842343e+33  1.36791000e+01  3.57007076e-01  9.76060000e+00  3.44947555e-01  1.95240438e-01  6.66572577e-02  7.83395154e-02  6.14402202e+05 
 3.06484486e+14  7.02281068e+33  1.36781000e+01  3.57124859e-01  9.76160000e+00  3.45078665e-01  1.95295831e-01  6.65665323e-02  7.83847784e-02  6.13519791e+05 
 3.09671339e+14  7.02719793e+33  1.36781000e+01  3.57237682e-01  9.76260000e+00  3.45206463e-01  1.95321336e-01  6.64682280e-02  7.84004718e-02  6.12674234e+05 
 3.12858193e+14  7.05269526e+33  1.36751000e+01  3.57860063e-01  9.76660000e+00  3.45840941e-01  1.95544595e-01  6.62922745e-02  7.85696466e-02  6.08008376e+05 
 3.16045046e+14  7.09356201e+33  1.36701000e+01  3.58826301e-01  9.77260000e+00  3.46821485e-01  1.95893508e-01  6.60445561e-02  7.88341051e-02  6.00785770e+05 
 3.19231900e+14  7.13425796e+33  1.36651000e+01  3.59754513e-01  9.77760000e+00  3.47732336e-01  1.96227013e-01  6.59691094e-02  7.90860032e-02  5.93882909e+05 
 3.22418754e+14  7.17478549e+33  1.36611000e+01  3.60646583e-01  9.78260000e+00  3.48622063e-01  1.96517871e-01  6.58243289e-02  7.92977548e-02  5.87284467e+05 
 3.25605607e+14  7.21514691e+33  1.36561000e+01  3.61504069e-01  9.78760000e+00  3.49491262e-01  1.96824618e-01  6.56152075e-02  7.95282633e-02  5.80974902e+05 
 3.28792461e+14  7.26717112e+33  1.36511000e+01  3.62567127e-01  9.79360000e+00  3.50565807e-01  1.97161806e-01  6.53740865e-02  7.97698513e-02  5.73196162e+05 
 3.31979314e+14  7.45889151e+33  1.36291000e+01  3.66420819e-01  9.81460000e+00  3.54472180e-01  1.98437883e-01  6.44641242e-02  8.06956316e-02  5.45573903e+05 
 3.35166168e+14  7.66243865e+33  1.36051000e+01  3.70505314e-01  9.83660000e+00  3.58658732e-01  1.99745560e-01  6.32965794e-02  8.16268345e-02  5.17532727e+05 
 3.38353021e+14  7.86960232e+33  1.35801000e+01  3.74663517e-01  9.85660000e+00  3.62851531e-01  2.01047729e-01  6.24833454e-02  8.25419474e-02  4.90400496e+05 
 3.41539875e+14  8.08021407e+33  1.35551000e+01  3.78890802e-01  9.87660000e+00  3.67137482e-01  2.02325274e-01  6.15627251e-02  8.34222559e-02  4.64294593e+05 
 3.44726729e+14  8.29429364e+33  1.35291000e+01  3.83185526e-01  9.89660000e+00  3.71511190e-01  2.03615358e-01  6.05553924e-02  8.43063888e-02  4.39266332e+05 
 3.47913582e+14  8.51186056e+33  1.35031000e+01  3.87545934e-01  9.91660000e+00  3.75968183e-01  2.04893571e-01  5.94765536e-02  8.51694794e-02  4.15340106e+05 
 3.51100436e+14  8.73293416e+33  1.34771000e+01  3.91970157e-01  9.93560000e+00  3.80454988e-01  2.06163897e-01  5.85758923e-02  8.60158006e-02  3.92521865e+05 
 3.54287289e+14  8.95753352e+33  1.34521000e+01  3.96456508e-01  9.95460000e+00  3.85017679e-01  2.07398733e-01  5.76214049e-02  8.68165587e-02  3.70803328e+05 
 3.57474143e+14  9.18567750e+33  1.34261000e+01  4.01003356e-01  9.97360000e+00  3.89653408e-01  2.08662187e-01  5.66204162e-02  8.76388381e-02  3.50166296e+05 
 3.60660996e+14  9.41738475e+33  1.34001000e+01  4.05608985e-01  9.99160000e+00  3.94309365e-01  2.09925842e-01  5.58131345e-02  8.84531208e-02  3.30585578e+05 
 3.63847850e+14  9.65267368e+33  1.33751000e+01  4.10271911e-01  1.00106000e+01  3.99083438e-01  2.11160032e-01  5.47343637e-02  8.92281469e-02  3.12030122e+05 
 3.67034704e+14  9.89186445e+33  1.33501000e+01  4.14996409e-01  1.00286000e+01  4.03877757e-01  2.12397940e-01  5.38597439e-02  8.99981976e-02  2.94444259e+05 
 3.70221557e+14  1.01348232e+34  1.33251000e+01  4.19777980e-01  1.00466000e+01  4.08738026e-01  2.13640667e-01  5.29561182e-02  9.07648642e-02  2.77805131e+05 
 3.73408411e+14  1.03814271e+34  1.33011000e+01  4.24612311e-01  1.00646000e+01  4.13660049e-01  2.14856800e-01  5.20243244e-02  9.14951094e-02  2.62084383e+05 
 3.76595264e+14  1.06316938e+34  1.32771000e+01  4.29497962e-01  1.00816000e+01  4.18590957e-01  2.16079195e-01  5.12950563e-02  9.22238324e-02  2.47241939e+05 
 3.79782118e+14  1.08856407e+34  1.32531000e+01  4.34433500e-01  1.00996000e+01  4.23631056e-01  2.17308733e-01  5.03129374e-02  9.29520620e-02  2.33237429e+05 
 3.82968971e+14  1.11432848e+34  1.32301000e+01  4.39417542e-01  1.01166000e+01  4.28676332e-01  2.18513150e-01  4.95350618e-02  9.36453064e-02  2.20030596e+05 
 3.86155825e+14  1.14046430e+34  1.32071000e+01  4.44448679e-01  1.01336000e+01  4.33776357e-01  2.19725643e-01  4.87346757e-02  9.43390759e-02  2.07581780e+05 
 3.89342679e+14  1.16697322e+34  1.31841000e+01  4.49525637e-01  1.01506000e+01  4.38929677e-01  2.20946822e-01  4.79134343e-02  9.50340985e-02  1.95851974e+05 
 3.92529532e+14  1.19385686e+34  1.31631000e+01  4.54647021e-01  1.01676000e+01  4.44134819e-01  2.22109626e-01  4.70724596e-02  9.56582365e-02  1.84803377e+05 
 3.95716386e+14  1.22111687e+34  1.31411000e+01  4.59811514e-01  1.01846000e+01  4.49390385e-01  2.23315018e-01  4.62129475e-02  9.63201133e-02  1.74399308e+05 
 3.98903239e+14  1.24879578e+34  1.31201000e+01  4.65025587e-01  1.02016000e+01  4.54701585e-01  2.24496332e-01  4.53402271e-02  9.69470107e-02  1.64590316e+05 
 4.02090093e+14  1.27686469e+34  1.30991000e+01  4.70282061e-01  1.02176000e+01  4.60009761e-01  2.25687061e-01  4.46691354e-02  9.75757822e-02  1.55355147e+05 
 4.05276946e+14  1.30531571e+34  1.30791000e+01  4.75578044e-01  1.02346000e+01  4.65416840e-01  2.26852681e-01  4.37634739e-02  9.81693551e-02  1.46664376e+05 
 4.08463800e+14  1.33415039e+34  1.30601000e+01  4.80912250e-01  1.02506000e+01  4.70816622e-01  2.27992663e-01  4.30574065e-02  9.87271247e-02  1.38486736e+05 
 4.11650654e+14  1.36337025e+34  1.30401000e+01  4.86283375e-01  1.02666000e+01  4.76260210e-01  2.29176735e-01  4.23341504e-02  9.93246182e-02  1.30792482e+05 
 4.14837507e+14  1.39297677e+34  1.30221000e+01  4.91690303e-01  1.02826000e+01  4.81746499e-01  2.30299610e-01  4.15942843e-02  9.98478342e-02  1.23553184e+05 
 4.18024361e+14  1.42297143e+34  1.30031000e+01  4.97132055e-01  1.02986000e+01  4.87274487e-01  2.31466930e-01  4.08385674e-02  1.00411265e-01  1.16741830e+05 
 4.21211214e+14  1.45335570e+34  1.29861000e+01  5.02607279e-01  1.03136000e+01  4.92789427e-01  2.32571847e-01  4.02774485e-02  1.00899125e-01  1.10333050e+05 
 4.24398068e+14  1.48413099e+34  1.29681000e+01  5.08114939e-01  1.03296000e+01  4.98397093e-01  2.33721258e-01  3.94899382e-02  1.01427377e-01  1.04302689e+05 
 4.27584921e+14  1.51532850e+34  1.29511000e+01  5.13659113e-01  1.03446000e+01  5.03993971e-01  2.34843738e-01  3.88971193e-02  1.01917911e-01  9.86227687e+04 
 4.30771775e+14  1.54694726e+34  1.29341000e+01  5.19238399e-01  1.03596000e+01  5.09631875e-01  2.35975209e-01  3.82904902e-02  1.02409798e-01  9.32732156e+04 
 4.33958629e+14  1.57896226e+34  1.29181000e+01  5.24846759e-01  1.03756000e+01  5.15359986e-01  2.37078360e-01  3.74615750e-02  1.02863247e-01  8.82387243e+04 
 4.37145482e+14  1.61137487e+34  1.29021000e+01  5.30483424e-01  1.03906000e+01  5.21069274e-01  2.38189591e-01  3.68231636e-02  1.03317786e-01  8.34999852e+04 
 4.40332336e+14  1.64418641e+34  1.28871000e+01  5.36147021e-01  1.04046000e+01  5.26758073e-01  2.39271526e-01  3.63714469e-02  1.03732978e-01  7.90390534e+04 
 4.43519189e+14  1.67739819e+34  1.28721000e+01  5.41836843e-01  1.04196000e+01  5.32534386e-01  2.40360985e-01  3.57004367e-02  1.04148799e-01  7.48388340e+04 
 4.46706043e+14  1.71101148e+34  1.28581000e+01  5.47551699e-01  1.04346000e+01  5.38342889e-01  2.41420232e-01  3.50140420e-02  1.04524462e-01  7.08834198e+04 
 4.49892896e+14  1.74502755e+34  1.28431000e+01  5.53290737e-01  1.04486000e+01  5.44127692e-01  2.42524168e-01  3.45123609e-02  1.04941112e-01  6.71577849e+04 
 4.53079750e+14  1.77944765e+34  1.28291000e+01  5.59052991e-01  1.04626000e+01  5.49942666e-01  2.43597369e-01  3.39935546e-02  1.05317189e-01  6.36478463e+04 
 4.56266603e+14  1.81432034e+34  1.28161000e+01  5.64845200e-01  1.04776000e+01  5.55848802e-01  2.44639783e-01  3.32645486e-02  1.05651727e-01  6.03360957e+04 
 4.59453457e+14  1.84961562e+34  1.28031000e+01  5.70661167e-01  1.04916000e+01  5.61730406e-01  2.45688616e-01  3.27178459e-02  1.05985744e-01  5.72136852e+04 
 4.62640311e+14  1.88531963e+34  1.27901000e+01  5.76497511e-01  1.05056000e+01  5.67639492e-01  2.46743550e-01  3.21550733e-02  1.06319290e-01  5.42703928e+04 
 4.65827164e+14  1.92143351e+34  1.27771000e+01  5.82353467e-01  1.05186000e+01  5.73519637e-01  2.47804551e-01  3.17698450e-02  1.06652371e-01  5.14952340e+04 
 4.69014018e+14  1.95795842e+34  1.27651000e+01  5.88227803e-01  1.05326000e+01  5.79481031e-01  2.48832314e-01  3.11744044e-02  1.06942822e-01  4.88779956e+04 
 4.72200871e+14  1.99489546e+34  1.27531000e+01  5.94119865e-01  1.05456000e+01  5.85411361e-01  2.49865436e-01  3.07550247e-02  1.07232268e-01  4.64090127e+04 
 4.75387725e+14  2.03214362e+34  1.27421000e+01  6.00012667e-01  1.05596000e+01  5.91407537e-01  2.50862859e-01  3.01229180e-02  1.07479033e-01  4.40854300e+04 
 4.78574578e+14  2.06925481e+34  1.27311000e+01  6.05834388e-01  1.05726000e+01  5.97293609e-01  2.51856567e-01  2.96359085e-02  1.07727550e-01  4.19232753e+04 
 4.81761432e+14  2.10464561e+34  1.27201000e+01  6.11335622e-01  1.05846000e+01  6.02847768e-01  2.52822170e-01  2.92096595e-02  1.07986891e-01  3.99938797e+04 
 4.84948286e+14  2.14041008e+34  1.27111000e+01  6.16841848e-01  1.05966000e+01  6.08414423e-01  2.53710598e-01  2.87653028e-02  1.08159309e-01  3.81661903e+04 
 4.88135139e+14  2.17651730e+34  1.27011000e+01  6.22347530e-01  1.06086000e+01  6.13988776e-01  2.54640282e-01  2.83011607e-02  1.08371949e-01  3.64356974e+04 
 4.91321993e+14  2.21296773e+34  1.26911000e+01  6.27852259e-01  1.06196000e+01  6.19513750e-01  2.55571289e-01  2.80018686e-02  1.08582197e-01  3.47965372e+04 
 4.94508846e+14  2.24976182e+34  1.26821000e+01  6.33355342e-01  1.06316000e+01  6.25102093e-01  2.56462848e-01  2.74977751e-02  1.08746868e-01  3.32432760e+04 
 4.97695700e+14  2.28689999e+34  1.26731000e+01  6.38856705e-01  1.06426000e+01  6.30640064e-01  2.57355115e-01  2.71573977e-02  1.08908704e-01  3.17707885e+04 
 5.00882553e+14  2.32438267e+34  1.26641000e+01  6.44355480e-01  1.06536000e+01  6.36183722e-01  2.58247700e-01  2.67962175e-02  1.09067347e-01  3.03743613e+04 
 5.04069407e+14  2.36221027e+34  1.26551000e+01  6.49851382e-01  1.06646000e+01  6.41732771e-01  2.59140550e-01  2.64147490e-02  1.09222774e-01  2.90495395e+04 
 5.07256261e+14  2.40041285e+34  1.26471000e+01  6.55348229e-01  1.06756000e+01  6.47290610e-01  2.59992817e-01  2.60145708e-02  1.09331466e-01  2.77912234e+04 
 5.10443114e+14  2.43899214e+34  1.26391000e+01  6.60845754e-01  1.06866000e+01  6.52856921e-01  2.60845239e-01  2.55962940e-02  1.09436467e-01  2.65956540e+04 
 5.13629968e+14  2.47791827e+34  1.26311000e+01  6.66339155e-01  1.06966000e+01  6.58369791e-01  2.61697280e-01  2.53366323e-02  1.09537884e-01  2.54602068e+04 
 5.16816821e+14  2.51719160e+34  1.26231000e+01  6.71827919e-01  1.07076000e+01  6.63943851e-01  2.62548772e-01  2.48795740e-02  1.09635595e-01  2.43814670e+04 
 5.20003675e+14  2.55681246e+34  1.26151000e+01  6.77311578e-01  1.07176000e+01  6.69463402e-01  2.63399576e-01  2.45796956e-02  1.09729505e-01  2.33562324e+04 
 5.23190528e+14  2.59678119e+34  1.26071000e+01  6.82790266e-01  1.07276000e+01  6.74985833e-01  2.64249897e-01  2.42607901e-02  1.09819854e-01  2.23814708e+04 
 5.26377382e+14  2.63709812e+34  1.26001000e+01  6.88263089e-01  1.07376000e+01  6.80510569e-01  2.65057272e-01  2.39223120e-02  1.09862706e-01  2.14543932e+04 
 5.29564236e+14  2.67776355e+34  1.25921000e+01  6.93730005e-01  1.07476000e+01  6.86037351e-01  2.65905811e-01  2.35653435e-02  1.09945367e-01  2.05723421e+04 
 5.32751089e+14  2.71883426e+34  1.25851000e+01  6.99198048e-01  1.07576000e+01  6.91572543e-01  2.66711770e-01  2.31919797e-02  1.09980134e-01  1.97317198e+04 
 5.35937943e+14  2.76026258e+34  1.25781000e+01  7.04660421e-01  1.07666000e+01  6.97051596e-01  2.67516596e-01  2.29723072e-02  1.10010955e-01  1.89312868e+04 
 5.39124796e+14  2.80204103e+34  1.25711000e+01  7.10115425e-01  1.07766000e+01  7.02589726e-01  2.68319942e-01  2.25623674e-02  1.10037690e-01  1.81690207e+04 
 5.42311650e+14  2.84416988e+34  1.25641000e+01  7.15563281e-01  1.07856000e+01  7.08069979e-01  2.69122062e-01  2.23053056e-02  1.10060636e-01  1.74428355e+04 
 5.45498503e+14  2.88664937e+34  1.25571000e+01  7.21003524e-01  1.07946000e+01  7.13550153e-01  2.69922821e-01  2.20304712e-02  1.10079713e-01  1.67507977e+04 
 5.48685357e+14  2.92947975e+34  1.25501000e+01  7.26435626e-01  1.08036000e+01  7.19030007e-01  2.70722042e-01  2.17373923e-02  1.10094802e-01  1.60910895e+04 
 5.51872211e+14  2.97266124e+34  1.25441000e+01  7.31859465e-01  1.08126000e+01  7.24509282e-01  2.71476485e-01  2.14267888e-02  1.10062125e-01  1.54619884e+04 
 5.55059064e+14  3.01623201e+34  1.25381000e+01  7.37279463e-01  1.08216000e+01  7.29991900e-01  2.72229550e-01  2.11003070e-02  1.10072970e-01  1.48678109e+04 
 5.58245918e+14  3.06018504e+34  1.25311000e+01  7.42694166e-01  1.08296000e+01  7.35417439e-01  2.73024603e-01  2.09234888e-02  1.10028202e-01  1.42878970e+04 
 5.61432771e+14  3.10449058e+34  1.25251000e+01  7.48099830e-01  1.08386000e+01  7.40900398e-01  2.73774411e-01  2.05644044e-02  1.09983439e-01  1.37405433e+04 
 5.64619625e+14  3.14914882e+34  1.25191000e+01  7.53495798e-01  1.08466000e+01  7.46322050e-01  2.74522159e-01  2.03530693e-02  1.09934715e-01  1.32179651e+04 
 5.67806478e+14  3.19415992e+34  1.25131000e+01  7.58882209e-01  1.08546000e+01  7.51741382e-01  2.75268042e-01  2.01249485e-02  1.09882271e-01  1.27188757e+04 
 5.70993332e+14  3.23952404e+34  1.25071000e+01  7.64258510e-01  1.08626000e+01  7.57157927e-01  2.76011865e-01  1.98801364e-02  1.09825980e-01  1.22420785e+04 
 5.74180186e+14  3.28524132e+34  1.25011000e+01  7.69624514e-01  1.08706000e+01  7.62571417e-01  2.76753638e-01  1.96191587e-02  1.09765907e-01  1.17864369e+04 
 5.77367039e+14  3.33134786e+34  1.24951000e+01  7.74984248e-01  1.08786000e+01  7.67985430e-01  2.77493768e-01  1.93434204e-02  1.09701894e-01  1.13505475e+04 
 5.80553893e+14  3.37784438e+34  1.24891000e+01  7.80337299e-01  1.08866000e+01  7.73399579e-01  2.78232165e-01  1.90531220e-02  1.09633914e-01  1.09334490e+04 
 5.83740746e+14  3.42469524e+34  1.24841000e+01  7.85679433e-01  1.08936000e+01  7.78750189e-01  2.78923839e-01  1.89068930e-02  1.09566496e-01  1.05391461e+04 
 5.86927600e+14  3.47190054e+34  1.24781000e+01  7.91010114e-01  1.09016000e+01  7.84156149e-01  2.79657851e-01  1.85860406e-02  1.09443215e-01  1.01528822e+04 
 5.90114453e+14  3.51946039e+34  1.24721000e+01  7.96329371e-01  1.09086000e+01  7.89497855e-01  2.80389767e-01  1.84084456e-02  1.09364420e-01  9.78765573e+03 
 5.93301307e+14  3.56737485e+34  1.24671000e+01  8.01636914e-01  1.09156000e+01  7.94834473e-01  2.81074428e-01  1.82160206e-02  1.09238272e-01  9.43804145e+03 
 5.96488161e+14  3.61564402e+34  1.24621000e+01  8.06932674e-01  1.09226000e+01  8.00166066e-01  2.81756735e-01  1.80086901e-02  1.09156842e-01  9.10728640e+03 
 5.99675014e+14  3.66431958e+34  1.24561000e+01  8.12221728e-01  1.09296000e+01  8.05497452e-01  2.82482340e-01  1.77872850e-02  1.09019141e-01  8.78230570e+03 
 6.02861868e+14  3.71337474e+34  1.24511000e+01  8.17501065e-01  1.09366000e+01  8.10825608e-01  2.83160517e-01  1.75521035e-02  1.08882256e-01  8.47466345e+03 
 6.06048721e+14  3.76278555e+34  1.24461000e+01  8.22767616e-01  1.09436000e+01  8.16147828e-01  2.83836115e-01  1.73025229e-02  1.08741978e-01  8.17986415e+03 
 6.09235575e+14  3.81255204e+34  1.24411000e+01  8.28021537e-01  1.09506000e+01  8.21463815e-01  2.84509322e-01  1.70399285e-02  1.08646640e-01  7.90078822e+03 
 6.12422428e+14  3.86267425e+34  1.24351000e+01  8.33262482e-01  1.09566000e+01  8.26712891e-01  2.85225915e-01  1.69169546e-02  1.08495520e-01  7.62636273e+03 
 6.15609282e+14  3.91315217e+34  1.24301000e+01  8.38490226e-01  1.09636000e+01  8.32015818e-01  2.85894232e-01  1.66272938e-02  1.08345671e-01  7.36653122e+03 
 6.18796136e+14  3.96399226e+34  1.24251000e+01  8.43705334e-01  1.09696000e+01  8.37251877e-01  2.86560121e-01  1.64766801e-02  1.08192699e-01  7.11724351e+03 
 6.21982989e+14  4.01526126e+34  1.24201000e+01  8.48914121e-01  1.09756000e+01  8.42487474e-01  2.87224002e-01  1.63134168e-02  1.08036051e-01  6.87770834e+03 
 6.25169843e+14  4.06688676e+34  1.24151000e+01  8.54109496e-01  1.09816000e+01  8.47715735e-01  2.87885553e-01  1.61372904e-02  1.07876584e-01  6.64781497e+03 
 6.28356696e+14  4.11886874e+34  1.24111000e+01  8.59290657e-01  1.09876000e+01  8.52936205e-01  2.88497907e-01  1.59476489e-02  1.07718680e-01  6.42999046e+03 
 6.31543550e+14  4.17120716e+34  1.24061000e+01  8.64457753e-01  1.09936000e+01  8.58148749e-01  2.89154114e-01  1.57454345e-02  1.07553272e-01  6.21798295e+03 
 6.34730403e+14  4.22390197e+34  1.24011000e+01  8.69610606e-01  1.09996000e+01  8.63353233e-01  2.89807780e-01  1.55307066e-02  1.07337004e-01  6.01166484e+03 
 6.37917257e+14  4.27695311e+34  1.23961000e+01  8.74749120e-01  1.10046000e+01  8.68488467e-01  2.90458934e-01  1.54513458e-02  1.07166003e-01  5.81611782e+03 
 6.41104111e+14  4.33041701e+34  1.23911000e+01  8.79878725e-01  1.10106000e+01  8.73681032e-01  2.91108114e-01  1.52138051e-02  1.06991973e-01  5.62800925e+03 
 6.44290964e+14  4.38426437e+34  1.23871000e+01  8.84995822e-01  1.10156000e+01  8.78806263e-01  2.91707671e-01  1.51101537e-02  1.06819739e-01  5.44956718e+03 
 6.47477818e+14  4.43846865e+34  1.23821000e+01  8.90098176e-01  1.10216000e+01  8.83983418e-01  2.92351757e-01  1.48493172e-02  1.06592253e-01  5.27322137e+03 
 6.50664671e+14  4.49302976e+34  1.23771000e+01  8.95185352e-01  1.10266000e+01  8.89090358e-01  2.92993210e-01  1.47217778e-02  1.06410049e-01  5.10599856e+03 
 6.53851525e+14  4.54794759e+34  1.23731000e+01  9.00257417e-01  1.10316000e+01  8.94187876e-01  2.93584676e-01  1.45824440e-02  1.06230266e-01  4.94738517e+03 
 6.57038378e+14  4.60322203e+34  1.23681000e+01  9.05314197e-01  1.10366000e+01  8.99275676e-01  2.94220944e-01  1.44318268e-02  1.05995307e-01  4.79041681e+03 
 6.60225232e+14  4.65889289e+34  1.23641000e+01  9.10359210e-01  1.10416000e+01  9.04357155e-01  2.94807273e-01  1.42702643e-02  1.05810483e-01  4.64350238e+03 
 6.63412086e+14  4.71496732e+34  1.23591000e+01  9.15392927e-01  1.10466000e+01  9.09432675e-01  2.95439016e-01  1.40982085e-02  1.05570313e-01  4.49786749e+03 
 6.66598939e+14  4.77139879e+34  1.23551000e+01  9.20410812e-01  1.10516000e+01  9.14497892e-01  2.96020226e-01  1.39153873e-02  1.05380589e-01  4.36165957e+03 
 6.69785793e+14  4.82818714e+34  1.23501000e+01  9.25412861e-01  1.10566000e+01  9.19552720e-01  2.96646707e-01  1.37221757e-02  1.05135937e-01  4.22663053e+03 
 6.72972646e+14  4.88533223e+34  1.23461000e+01  9.30398728e-01  1.10606000e+01  9.24535654e-01  2.97222358e-01  1.36584740e-02  1.04941750e-01  4.10034210e+03 
 6.76159500e+14  4.94283389e+34  1.23411000e+01  9.35368941e-01  1.10656000e+01  9.29569386e-01  2.97843738e-01  1.34445396e-02  1.04692954e-01  3.97503050e+03 
 6.79346353e+14  5.00072896e+34  1.23371000e+01  9.40326023e-01  1.10696000e+01  9.34533771e-01  2.98414366e-01  1.33601532e-02  1.04494482e-01  3.85775716e+03 
 6.82533207e+14  5.05903381e+34  1.23321000e+01  9.45271201e-01  1.10736000e+01  9.39491134e-01  2.99031020e-01  1.32658273e-02  1.04240918e-01  3.74118910e+03 
 6.85720061e+14  5.11769549e+34  1.23281000e+01  9.50200092e-01  1.10786000e+01  9.44499276e-01  2.99596612e-01  1.30222488e-02  1.03990733e-01  3.63051657e+03 
 6.88906914e+14  5.17216983e+34  1.23241000e+01  9.54734648e-01  1.10816000e+01  9.49011586e-01  3.00131213e-01  1.30127264e-02  1.03771201e-01  3.53189574e+03 
 6.92093768e+14  5.20876357e+34  1.23211000e+01  9.57752856e-01  1.10846000e+01  9.52079546e-01  3.00502564e-01  1.28627298e-02  1.03637437e-01  3.46788890e+03 
 6.95280621e+14  5.21419838e+34  1.23211000e+01  9.58194316e-01  1.10846000e+01  9.52501146e-01  3.00535387e-01  1.29012534e-02  1.03599272e-01  3.45863350e+03 
 6.98467475e+14  5.21961395e+34  1.23211000e+01  9.58627448e-01  1.10856000e+01  9.52977162e-01  3.00567379e-01  1.28002622e-02  1.03608900e-01  3.45114778e+03 
 7.01654328e+14  5.22501053e+34  1.23201000e+01  9.59052803e-01  1.10856000e+01  9.53383621e-01  3.00647565e-01  1.28368755e-02  1.03566575e-01  3.44069806e+03 
 7.04841182e+14  5.23039040e+34  1.23201000e+01  9.59470118e-01  1.10856000e+01  9.53782702e-01  3.00678025e-01  1.28720675e-02  1.03577157e-01  3.43357282e+03 
 7.08028036e+14  5.23575367e+34  1.23201000e+01  9.59880048e-01  1.10866000e+01  9.54236891e-01  3.00707849e-01  1.27684616e-02  1.03540969e-01  3.42505026e+03 
 7.11214889e+14  5.24110045e+34  1.23191000e+01  9.60282196e-01  1.10866000e+01  9.54621884e-01  3.00785582e-01  1.28014867e-02  1.03499790e-01  3.41513887e+03 
 7.14401743e+14  5.24643085e+34  1.23191000e+01  9.60677194e-01  1.10866000e+01  9.55000017e-01  3.00813840e-01  1.28339138e-02  1.03511678e-01  3.40851514e+03 
 7.17588596e+14  5.25174227e+34  1.23181000e+01  9.61064461e-01  1.10876000e+01  9.55433271e-01  3.00890012e-01  1.27269291e-02  1.03471239e-01  3.39894445e+03 
 7.20775450e+14  5.25703614e+34  1.23181000e+01  9.61444714e-01  1.10876000e+01  9.55797824e-01  3.00916675e-01  1.27569717e-02  1.03436548e-01  3.39109102e+03 
 7.23962303e+14  5.26231402e+34  1.23181000e+01  9.61817935e-01  1.10876000e+01  9.56155786e-01  3.00942556e-01  1.27861096e-02  1.03449454e-01  3.38493906e+03 
 7.27149157e+14  5.26757604e+34  1.23171000e+01  9.62184027e-01  1.10876000e+01  9.56507368e-01  3.01016417e-01  1.28136788e-02  1.03409990e-01  3.37584499e+03 
 7.30336011e+14  5.27282229e+34  1.23171000e+01  9.62543538e-01  1.10886000e+01  9.56914793e-01  3.01040747e-01  1.27029344e-02  1.03423479e-01  3.36998483e+03 
 7.33522864e+14  5.27805287e+34  1.23171000e+01  9.62896372e-01  1.10886000e+01  9.57253939e-01  3.01064312e-01  1.27288574e-02  1.03389969e-01  3.36272511e+03 
 7.36709718e+14  5.28326467e+34  1.23161000e+01  9.63242320e-01  1.10886000e+01  9.57586781e-01  3.01135944e-01  1.27535838e-02  1.03351401e-01  3.35407684e+03 
 7.39896571e+14  5.28846029e+34  1.23161000e+01  9.63581807e-01  1.10886000e+01  9.57913726e-01  3.01157938e-01  1.27771045e-02  1.03365662e-01  3.34863450e+03 
 7.43083425e+14  5.29364062e+34  1.23161000e+01  9.63915041e-01  1.10896000e+01  9.58296904e-01  3.01179228e-01  1.26623760e-02  1.03332937e-01  3.34179189e+03 
 7.46270278e+14  5.29880576e+34  1.23151000e+01  9.64242059e-01  1.10896000e+01  9.58612248e-01  3.01248709e-01  1.26841916e-02  1.03295153e-01  3.33355542e+03 
 7.49457132e+14  5.30395580e+34  1.23151000e+01  9.64562963e-01  1.10896000e+01  9.58921954e-01  3.01268539e-01  1.27049946e-02  1.03310140e-01  3.32849672e+03 
 7.52643986e+14  5.30909085e+34  1.23151000e+01  9.64877858e-01  1.10896000e+01  9.59226131e-01  3.01287647e-01  1.27248033e-02  1.03278092e-01  3.32203803e+03 
 7.55830839e+14  5.31420726e+34  1.23141000e+01  9.65186610e-01  1.10906000e+01  9.59586760e-01  3.01354967e-01  1.26063012e-02  1.03240968e-01  3.31418987e+03 
 7.59017693e+14  5.31930881e+34  1.23141000e+01  9.65489493e-01  1.10906000e+01  9.59880054e-01  3.01372604e-01  1.26237956e-02  1.03256553e-01  3.30949418e+03 
 7.62204546e+14  5.32439571e+34  1.23141000e+01  9.65786737e-01  1.10906000e+01  9.60168037e-01  3.01389576e-01  1.26406297e-02  1.03225119e-01  3.30339851e+03 
 7.65391400e+14  5.32946805e+34  1.23131000e+01  9.66078428e-01  1.10906000e+01  9.60450880e-01  3.01454854e-01  1.26566426e-02  1.03188588e-01  3.29590859e+03 
 7.68578253e+14  5.33452593e+34  1.23131000e+01  9.66364623e-01  1.10906000e+01  9.60728671e-01  3.01470495e-01  1.26717159e-02  1.03204770e-01  3.29154708e+03 
 7.71765107e+14  5.33956889e+34  1.23131000e+01  9.66645383e-01  1.10906000e+01  9.61001531e-01  3.01485467e-01  1.26857371e-02  1.03173907e-01  3.28578684e+03 
 7.74951961e+14  5.34459441e+34  1.23121000e+01  9.66920661e-01  1.10916000e+01  9.61331387e-01  3.01548759e-01  1.25619241e-02  1.03137924e-01  3.27863623e+03 
 7.78138814e+14  5.34960579e+34  1.23121000e+01  9.67190793e-01  1.10916000e+01  9.61594461e-01  3.01562458e-01  1.25742561e-02  1.03154660e-01  3.27459151e+03 
 7.81325668e+14  5.35460313e+34  1.23121000e+01  9.67455802e-01  1.10916000e+01  9.61852777e-01  3.01575518e-01  1.25858443e-02  1.03124344e-01  3.26914801e+03 
 7.84512521e+14  5.35958650e+34  1.23111000e+01  9.67715712e-01  1.10916000e+01  9.62106457e-01  3.01636920e-01  1.25964977e-02  1.03088841e-01  3.26231107e+03 
 7.87699375e+14  5.36455599e+34  1.23111000e+01  9.67970677e-01  1.10916000e+01  9.62355598e-01  3.01648703e-01  1.26062937e-02  1.03106007e-01  3.25855935e+03 
 7.90886228e+14  5.36951048e+34  1.23111000e+01  9.68220732e-01  1.10916000e+01  9.62600225e-01  3.01659882e-01  1.26152791e-02  1.03076136e-01  3.25341088e+03 
 7.94073082e+14  5.37444892e+34  1.23101000e+01  9.68465898e-01  1.10916000e+01  9.62840365e-01  3.01719480e-01  1.26234607e-02  1.03041107e-01  3.24687175e+03 
 7.97259936e+14  5.37937379e+34  1.23101000e+01  9.68706376e-01  1.10916000e+01  9.63076273e-01  3.01729471e-01  1.26306709e-02  1.03058728e-01  3.24339818e+03 
 8.00446789e+14  5.38428517e+34  1.23101000e+01  9.68942249e-01  1.10926000e+01  9.63369937e-01  3.01738883e-01  1.25005181e-02  1.03029301e-01  3.23852737e+03 
 8.03633643e+14  5.38918315e+34  1.23091000e+01  9.69173664e-01  1.10926000e+01  9.63597506e-01  3.01796804e-01  1.25063047e-02  1.02994722e-01  3.23226401e+03 
 8.06820496e+14  5.39406780e+34  1.23091000e+01  9.69400529e-01  1.10926000e+01  9.63820891e-01  3.01805074e-01  1.25113213e-02  1.03012732e-01  3.22904814e+03 
 8.10007350e+14  5.39893735e+34  1.23091000e+01  9.69622963e-01  1.10926000e+01  9.64040188e-01  3.01812807e-01  1.25156379e-02  1.02983721e-01  3.22443775e+03 
 8.13194203e+14  5.40379217e+34  1.23081000e+01  9.69841027e-01  1.10926000e+01  9.64255473e-01  3.01869049e-01  1.25192492e-02  1.02949522e-01  3.21843715e+03 
 8.16381057e+14  5.40863395e+34  1.23081000e+01  9.70054926e-01  1.10926000e+01  9.64466899e-01  3.01875736e-01  1.25222130e-02  1.02967966e-01  3.21546635e+03 
 8.19567911e+14  5.41346277e+34  1.23081000e+01  9.70264587e-01  1.10926000e+01  9.64674501e-01  3.01881852e-01  1.25243227e-02  1.02939329e-01  3.21110045e+03 
 8.22754764e+14  5.41827870e+34  1.23071000e+01  9.70470200e-01  1.10926000e+01  9.64878368e-01  3.01936540e-01  1.25258223e-02  1.02905500e-01  3.20534362e+03 
 8.25941618e+14  5.42308183e+34  1.23071000e+01  9.70671851e-01  1.10926000e+01  9.65078566e-01  3.01941682e-01  1.25267050e-02  1.02877152e-01  3.20113347e+03 
 8.29128471e+14  5.42786974e+34  1.23071000e+01  9.70869367e-01  1.10926000e+01  9.65275028e-01  3.01946274e-01  1.25267634e-02  1.02896033e-01  3.19846547e+03 
 8.32315325e+14  5.43264418e+34  1.23061000e+01  9.71063011e-01  1.10926000e+01  9.65467912e-01  3.01999479e-01  1.25262494e-02  1.02862572e-01  3.19294106e+03 
 8.35502178e+14  5.43740609e+34  1.23061000e+01  9.71252886e-01  1.10926000e+01  9.65657315e-01  3.02003142e-01  1.25251315e-02  1.02834584e-01  3.18895334e+03 
 8.38689032e+14  5.44215553e+34  1.23061000e+01  9.71438946e-01  1.10926000e+01  9.65843269e-01  3.02006293e-01  1.25232577e-02  1.02853802e-01  3.18649598e+03 
 8.41875886e+14  5.44689258e+34  1.23051000e+01  9.71621381e-01  1.10926000e+01  9.66025860e-01  3.02058107e-01  1.25208823e-02  1.02820686e-01  3.18118773e+03 
 8.45062739e+14  5.45161730e+34  1.23051000e+01  9.71800168e-01  1.10926000e+01  9.66205126e-01  3.02060354e-01  1.25178232e-02  1.02793011e-01  3.17740704e+03 
 8.48249593e+14  5.45632668e+34  1.23051000e+01  9.71975279e-01  1.10926000e+01  9.66381011e-01  3.02062150e-01  1.25141616e-02  1.02812575e-01  3.17515008e+03 
 8.51436446e+14  5.46102380e+34  1.23051000e+01  9.72146918e-01  1.10926000e+01  9.66553694e-01  3.02063521e-01  1.25099588e-02  1.02785139e-01  3.17150155e+03 
 8.54623300e+14  5.46570885e+34  1.23041000e+01  9.72315078e-01  1.10926000e+01  9.66723214e-01  3.02113545e-01  1.25051305e-02  1.02752452e-01  3.16646528e+03 
 8.57810153e+14  5.47038191e+34  1.23041000e+01  9.72479908e-01  1.10926000e+01  9.66889645e-01  3.02114062e-01  1.24997918e-02  1.02772336e-01  3.16439495e+03 
 8.60997007e+14  5.47504303e+34  1.23041000e+01  9.72641355e-01  1.10926000e+01  9.67053012e-01  3.02114131e-01  1.24938031e-02  1.02745189e-01  3.16093438e+03 
 8.64183860e+14  5.47969170e+34  1.23031000e+01  9.72799569e-01  1.10926000e+01  9.67213371e-01  3.02162941e-01  1.24873870e-02  1.02712832e-01  3.15608728e+03 
 8.67370714e+14  5.48432606e+34  1.23031000e+01  9.72954431e-01  1.10926000e+01  9.67370683e-01  3.02162198e-01  1.24803221e-02  1.02733003e-01  3.15419567e+03 
 8.70557568e+14  5.48894873e+34  1.23031000e+01  9.73106185e-01  1.10926000e+01  9.67525108e-01  3.02161088e-01  1.24728173e-02  1.02706198e-01  3.15091462e+03 
 8.73744421e+14  5.49355979e+34  1.23021000e+01  9.73254793e-01  1.10926000e+01  9.67676673e-01  3.02208699e-01  1.24647494e-02  1.02674129e-01  3.14624773e+03 
 8.76931275e+14  5.49815928e+34  1.23021000e+01  9.73400375e-01  1.10926000e+01  9.67825437e-01  3.02206813e-01  1.24562070e-02  1.02694603e-01  3.14452257e+03 
 8.80118128e+14  5.50274727e+34  1.23021000e+01  9.73542937e-01  1.10926000e+01  9.67971440e-01  3.02204543e-01  1.24471358e-02  1.02668075e-01  3.14140922e+03 
 8.83304982e+14  5.50732254e+34  1.23011000e+01  9.73682505e-01  1.10926000e+01  9.68114685e-01  3.02251053e-01  1.24376139e-02  1.02636309e-01  3.13691187e+03 
 8.86491835e+14  5.51188475e+34  1.23011000e+01  9.73819136e-01  1.10926000e+01  9.68255212e-01  3.02248068e-01  1.24276268e-02  1.02610008e-01  3.13390859e+03 
 8.89678689e+14  5.51643568e+34  1.23011000e+01  9.73952872e-01  1.10926000e+01  9.68393107e-01  3.02244709e-01  1.24171054e-02  1.02630845e-01  3.13239352e+03 
 8.92865543e+14  5.52097541e+34  1.23001000e+01  9.74083835e-01  1.10926000e+01  9.68528425e-01  3.02290176e-01  1.24062126e-02  1.02599375e-01  3.12805677e+03 
 8.96052396e+14  5.52550400e+34  1.23001000e+01  9.74212011e-01  1.10926000e+01  9.68661196e-01  3.02286135e-01  1.23948120e-02  1.02573342e-01  3.12520634e+03 
 8.99239250e+14  5.53002150e+34  1.23001000e+01  9.74337481e-01  1.10926000e+01  9.68791469e-01  3.02281765e-01  1.23829896e-02  1.02594457e-01  3.12383757e+03 
 9.02426103e+14  5.53452601e+34  1.22991000e+01  9.74460226e-01  1.10926000e+01  9.68919223e-01  3.02326236e-01  1.23707779e-02  1.02563270e-01  3.11965316e+03 
 9.05612957e+14  5.53901864e+34  1.22991000e+01  9.74580300e-01  1.10926000e+01  9.69044529e-01  3.02321211e-01  1.23580900e-02  1.02537525e-01  3.11694925e+03 
 9.08799810e+14  5.54350039e+34  1.22991000e+01  9.74697807e-01  1.10926000e+01  9.69167459e-01  3.02315881e-01  1.23450201e-02  1.02558922e-01  3.11572087e+03 
 9.11986664e+14  5.54797134e+34  1.22991000e+01  9.74812771e-01  1.10926000e+01  9.69288010e-01  3.02310240e-01  1.23316238e-02  1.02533360e-01  3.11310795e+03 
 9.15173518e+14  5.55243153e+34  1.22981000e+01  9.74925224e-01  1.10916000e+01  9.69344265e-01  3.02353462e-01  1.24537739e-02  1.02502535e-01  3.10911332e+03 
 9.18360371e+14  5.55688102e+34  1.22981000e+01  9.75035227e-01  1.10916000e+01  9.69460238e-01  3.02347219e-01  1.24395991e-02  1.02524190e-01  3.10801634e+03 
 9.21547225e+14  5.56131726e+34  1.22981000e+01  9.75142737e-01  1.10916000e+01  9.69573903e-01  3.02340685e-01  1.24250549e-02  1.02498908e-01  3.10553741e+03 
 9.24734078e+14  5.56574274e+34  1.22971000e+01  9.75247867e-01  1.10916000e+01  9.69685421e-01  3.02383046e-01  1.24100553e-02  1.02468363e-01  3.10167764e+03 
 9.27920932e+14  5.57015774e+34  1.22971000e+01  9.75350649e-01  1.10916000e+01  9.69794784e-01  3.02375941e-01  1.23946409e-02  1.02443263e-01  3.09928432e+03 
 9.31107785e+14  5.57456229e+34  1.22971000e+01  9.75451128e-01  1.10916000e+01  9.69902022e-01  3.02368560e-01  1.23788690e-02  1.02465262e-01  3.09835361e+03 
 9.34294639e+14  5.57895646e+34  1.22961000e+01  9.75549364e-01  1.10916000e+01  9.70007171e-01  3.02410111e-01  1.23628123e-02  1.02434985e-01  3.09462031e+03 
 9.37481493e+14  5.58333978e+34  1.22961000e+01  9.75645320e-01  1.10916000e+01  9.70110238e-01  3.02402187e-01  1.23463312e-02  1.02410139e-01  3.09234855e+03 
 9.40668346e+14  5.58771062e+34  1.22961000e+01  9.75739047e-01  1.10916000e+01  9.70211226e-01  3.02394014e-01  1.23295502e-02  1.02432402e-01  3.09153555e+03 
 9.43855200e+14  5.59207127e+34  1.22961000e+01  9.75830614e-01  1.10916000e+01  9.70310217e-01  3.02385584e-01  1.23124415e-02  1.02407739e-01  3.08934135e+03 
 9.47042053e+14  5.59642178e+34  1.22951000e+01  9.75920084e-01  1.10916000e+01  9.70407215e-01  3.02426116e-01  1.22951606e-02  1.02377822e-01  3.08576830e+03 
 9.50228907e+14  5.60076221e+34  1.22951000e+01  9.76007445e-01  1.10906000e+01  9.70440289e-01  3.02417193e-01  1.24133349e-02  1.02400331e-01  3.08506567e+03 
 9.53415760e+14  5.60509260e+34  1.22951000e+01  9.76092746e-01  1.10906000e+01  9.70533424e-01  3.02408029e-01  1.23954145e-02  1.02375923e-01  3.08298286e+03 
 9.56602614e+14  5.60941180e+34  1.22941000e+01  9.76176002e-01  1.10906000e+01  9.70624721e-01  3.02447835e-01  1.23770888e-02  1.02346251e-01  3.07952258e+03 
 9.59789468e+14  5.61371964e+34  1.22941000e+01  9.76257234e-01  1.10906000e+01  9.70714158e-01  3.02438207e-01  1.23584091e-02  1.02369015e-01  3.07892625e+03 
 9.62976321e+14  5.61801764e+34  1.22941000e+01  9.76336550e-01  1.10906000e+01  9.70801791e-01  3.02428374e-01  1.23395076e-02  1.02344886e-01  3.07695039e+03 
 9.66163175e+14  5.62230584e+34  1.22931000e+01  9.76413906e-01  1.10906000e+01  9.70887629e-01  3.02467511e-01  1.23202931e-02  1.02315470e-01  3.07359738e+03 
 9.69350028e+14  5.62658429e+34  1.22931000e+01  9.76489364e-01  1.10906000e+01  9.70971705e-01  3.02457219e-01  1.23007872e-02  1.02291497e-01  3.07169013e+03 
 9.72536882e+14  5.63085303e+34  1.22931000e+01  9.76562955e-01  1.10906000e+01  9.71054046e-01  3.02446713e-01  1.22810129e-02  1.02314576e-01  3.07122568e+03 
 9.75723735e+14  5.63511024e+34  1.22931000e+01  9.76634681e-01  1.10896000e+01  9.71072621e-01  3.02436006e-01  1.23968560e-02  1.02290775e-01  3.06938387e+03 
 9.78910589e+14  5.63935718e+34  1.22921000e+01  9.76704590e-01  1.10896000e+01  9.71151465e-01  3.02474312e-01  1.23767527e-02  1.02261706e-01  3.06616622e+03 
 9.82097443e+14  5.64359459e+34  1.22921000e+01  9.76772771e-01  1.10896000e+01  9.71228727e-01  3.02463229e-01  1.23563296e-02  1.02285060e-01  3.06579622e+03 
 9.85284296e+14  5.64782253e+34  1.22921000e+01  9.76839154e-01  1.10896000e+01  9.71304383e-01  3.02451922e-01  1.23355063e-02  1.02261505e-01  3.06404888e+03 
 9.88471150e+14  5.65204103e+34  1.22911000e+01  9.76903819e-01  1.10896000e+01  9.71378439e-01  3.02489646e-01  1.23144704e-02  1.02232677e-01  3.06092606e+03 
 9.91658003e+14  5.65625011e+34  1.22911000e+01  9.76966782e-01  1.10896000e+01  9.71450907e-01  3.02477957e-01  1.22931859e-02  1.02256242e-01  3.06064514e+03 
 9.94844857e+14  5.66044739e+34  1.22911000e+01  9.77028048e-01  1.10896000e+01  9.71521783e-01  3.02466093e-01  1.22716927e-02  1.02232942e-01  3.05898850e+03 
 9.98031710e+14  5.66463540e+34  1.22901000e+01  9.77087670e-01  1.10886000e+01  9.71529133e-01  3.02503277e-01  1.23857599e-02  1.02204369e-01  3.05595714e+03 
 1.00121856e+15  5.66881420e+34  1.22901000e+01  9.77145686e-01  1.10886000e+01  9.71596903e-01  3.02491058e-01  1.23639973e-02  1.02181239e-01  3.05435867e+03 
 1.00440542e+15  5.67298382e+34  1.22901000e+01  9.77202179e-01  1.10886000e+01  9.71663253e-01  3.02478703e-01  1.23420278e-02  1.02205156e-01  3.05419058e+03 
 1.00759227e+15  5.67714431e+34  1.22901000e+01  9.77257038e-01  1.10886000e+01  9.71728176e-01  3.02466141e-01  1.23196253e-02  1.02182179e-01  3.05264702e+03 
 1.01077912e+15  5.68129497e+34  1.22891000e+01  9.77310349e-01  1.10886000e+01  9.71791649e-01  3.02502649e-01  1.22970515e-02  1.02153932e-01  3.04972985e+03 
 1.01396598e+15  5.68543491e+34  1.22891000e+01  9.77362125e-01  1.10886000e+01  9.71853676e-01  3.02489767e-01  1.22742799e-02  1.02178060e-01  3.04964225e+03 
 1.01715283e+15  5.68956588e+34  1.22891000e+01  9.77412411e-01  1.10886000e+01  9.71914307e-01  3.02476727e-01  1.22513209e-02  1.02155333e-01  3.04817970e+03 
 1.02033969e+15  5.69368793e+34  1.22881000e+01  9.77461234e-01  1.10876000e+01  9.71911559e-01  3.02512773e-01  1.23639717e-02  1.02127333e-01  3.04534389e+03 
 1.02352654e+15  5.69780109e+34  1.22881000e+01  9.77508615e-01  1.10876000e+01  9.71969387e-01  3.02499428e-01  1.23408319e-02  1.02104774e-01  3.04393338e+03 
 1.02671339e+15  5.70190540e+34  1.22881000e+01  9.77554571e-01  1.10876000e+01  9.72025988e-01  3.02485934e-01  1.23172724e-02  1.02129201e-01  3.04394600e+03 
 1.02990025e+15  5.70599948e+34  1.22881000e+01  9.77599114e-01  1.10876000e+01  9.72081261e-01  3.02472299e-01  1.22935441e-02  1.02106798e-01  3.04258505e+03 
 1.03308710e+15  5.71008389e+34  1.22871000e+01  9.77642266e-01  1.10876000e+01  9.72135222e-01  3.02507767e-01  1.22696852e-02  1.02079125e-01  3.03985198e+03 
 1.03627395e+15  5.71415961e+34  1.22871000e+01  9.77684065e-01  1.10876000e+01  9.72187907e-01  3.02493854e-01  1.22456521e-02  1.02103791e-01  3.03993661e+03 
 1.03946081e+15  5.71822667e+34  1.22871000e+01  9.77724538e-01  1.10866000e+01  9.72177364e-01  3.02479809e-01  1.23571581e-02  1.02081628e-01  3.03864774e+03 
 1.04264766e+15  5.72228513e+34  1.22861000e+01  9.77763699e-01  1.10866000e+01  9.72227478e-01  3.02514882e-01  1.23330401e-02  1.02054192e-01  3.03598702e+03 
 1.04583451e+15  5.72633501e+34  1.22861000e+01  9.77801608e-01  1.10866000e+01  9.72276485e-01  3.02500596e-01  1.23085930e-02  1.02032209e-01  3.03474470e+03 
 1.04902137e+15  5.73037428e+34  1.22861000e+01  9.77838226e-01  1.10866000e+01  9.72324284e-01  3.02486195e-01  1.22839798e-02  1.02057204e-01  3.03491982e+03 
 1.05220822e+15  5.73440487e+34  1.22861000e+01  9.77873548e-01  1.10866000e+01  9.72370890e-01  3.02471645e-01  1.22591561e-02  1.02035363e-01  3.03372234e+03 
 1.05539507e+15  5.73842703e+34  1.22851000e+01  9.77907636e-01  1.10866000e+01  9.72416327e-01  3.02506224e-01  1.22342284e-02  1.02008245e-01  3.03115363e+03 
 1.05858193e+15  5.74244080e+34  1.22851000e+01  9.77940513e-01  1.10856000e+01  9.72398643e-01  3.02491437e-01  1.23448306e-02  1.02033445e-01  3.03139282e+03 
 1.06176878e+15  5.74644623e+34  1.22851000e+01  9.77972201e-01  1.10856000e+01  9.72441723e-01  3.02476536e-01  1.23198238e-02  1.02011835e-01  3.03025985e+03 
 1.06495564e+15  5.75044285e+34  1.22841000e+01  9.78002705e-01  1.10856000e+01  9.72483807e-01  3.02510777e-01  1.22944396e-02  1.01984948e-01  3.02775615e+03 
 1.06814249e+15  5.75442946e+34  1.22841000e+01  9.78032040e-01  1.10856000e+01  9.72524776e-01  3.02495658e-01  1.22689217e-02  1.01963506e-01  3.02666564e+03 
 1.07132934e+15  5.75840787e+34  1.22841000e+01  9.78060233e-01  1.10856000e+01  9.72564660e-01  3.02480433e-01  1.22432977e-02  1.01989006e-01  3.02698624e+03 
 1.07451620e+15  5.76237809e+34  1.22841000e+01  9.78087307e-01  1.10856000e+01  9.72603478e-01  3.02465104e-01  1.22175668e-02  1.01967710e-01  3.02593536e+03 
 1.07770305e+15  5.76634018e+34  1.22831000e+01  9.78113283e-01  1.10846000e+01  9.72579257e-01  3.02498933e-01  1.23274849e-02  1.01941141e-01  3.02351426e+03 
 1.08088990e+15  5.77029417e+34  1.22831000e+01  9.78138172e-01  1.10846000e+01  9.72615960e-01  3.02483403e-01  1.23016366e-02  1.01966862e-01  3.02389241e+03 
 1.08407676e+15  5.77423894e+34  1.22831000e+01  9.78161980e-01  1.10846000e+01  9.72651710e-01  3.02467780e-01  1.22755160e-02  1.01945797e-01  3.02289981e+03 
 1.08726361e+15  5.77817467e+34  1.22821000e+01  9.78184728e-01  1.10846000e+01  9.72686446e-01  3.02501326e-01  1.22493305e-02  1.01919460e-01  3.02053761e+03 
 1.09045046e+15  5.78210244e+34  1.22821000e+01  9.78206441e-01  1.10846000e+01  9.72720190e-01  3.02485518e-01  1.22230365e-02  1.01898556e-01  3.01958295e+03 
 1.09363732e+15  5.78602228e+34  1.22821000e+01  9.78227137e-01  1.10836000e+01  9.72691022e-01  3.02469622e-01  1.23322681e-02  1.01924574e-01  3.02003444e+03 
 1.09682417e+15  5.78993422e+34  1.22821000e+01  9.78246835e-01  1.10836000e+01  9.72722749e-01  3.02453642e-01  1.23060133e-02  1.01903817e-01  3.01911545e+03 
 1.10001102e+15  5.79383829e+34  1.22811000e+01  9.78265535e-01  1.10836000e+01  9.72753652e-01  3.02486835e-01  1.22794069e-02  1.01877780e-01  3.01682713e+03 
 1.10319788e+15  5.79773273e+34  1.22811000e+01  9.78283253e-01  1.10836000e+01  9.72783617e-01  3.02470688e-01  1.22526920e-02  1.01857183e-01  3.01594408e+03 
 1.10638473e+15  5.80161909e+34  1.22811000e+01  9.78299998e-01  1.10836000e+01  9.72812658e-01  3.02454451e-01  1.22258798e-02  1.01883484e-01  3.01646466e+03 
 1.10957159e+15  5.80549771e+34  1.22811000e+01  9.78315763e-01  1.10836000e+01  9.72840754e-01  3.02438119e-01  1.21990012e-02  1.01863009e-01  3.01561547e+03 
 1.11275844e+15  5.80936863e+34  1.22801000e+01  9.78330619e-01  1.10826000e+01  9.72806027e-01  3.02470983e-01  1.23077231e-02  1.01837263e-01  3.01339725e+03 
 1.11594529e+15  5.81323188e+34  1.22801000e+01  9.78344588e-01  1.10826000e+01  9.72832389e-01  3.02454523e-01  1.22807338e-02  1.01863786e-01  3.01396688e+03 
 1.11913215e+15  5.81708712e+34  1.22801000e+01  9.78357660e-01  1.10826000e+01  9.72857935e-01  3.02437993e-01  1.22535780e-02  1.01843551e-01  3.01316684e+03 
 1.12231900e+15  5.82093307e+34  1.22791000e+01  9.78369833e-01  1.10826000e+01  9.72882607e-01  3.02470665e-01  1.22263969e-02  1.01818046e-01  3.01099859e+03 
 1.12550585e+15  5.82477148e+34  1.22791000e+01  9.78381143e-01  1.10826000e+01  9.72906441e-01  3.02454001e-01  1.21991472e-02  1.01797972e-01  3.01023097e+03 
 1.12869271e+15  5.82860237e+34  1.22791000e+01  9.78391603e-01  1.10816000e+01  9.72867489e-01  3.02437277e-01  1.23075331e-02  1.01824787e-01  3.01086296e+03 
 1.13187956e+15  5.83242577e+34  1.22791000e+01  9.78401210e-01  1.10816000e+01  9.72889652e-01  3.02420485e-01  1.22802408e-02  1.01804856e-01  3.01012582e+03 
 1.13506641e+15  5.83624173e+34  1.22781000e+01  9.78409985e-01  1.10816000e+01  9.72911082e-01  3.02452898e-01  1.22527605e-02  1.01779645e-01  3.00802029e+03 
 1.13825327e+15  5.84004923e+34  1.22781000e+01  9.78417941e-01  1.10816000e+01  9.72931716e-01  3.02435984e-01  1.22252132e-02  1.01759867e-01  3.00731348e+03 
 1.14144012e+15  5.84384838e+34  1.22781000e+01  9.78425089e-01  1.10816000e+01  9.72951559e-01  3.02419015e-01  1.21976376e-02  1.01786963e-01  3.00800439e+03 
 1.14462697e+15  5.84764020e+34  1.22781000e+01  9.78431444e-01  1.10806000e+01  9.72908689e-01  3.02401991e-01  1.23056712e-02  1.01767331e-01  3.00732655e+03 
 1.14781383e+15  5.85142471e+34  1.22771000e+01  9.78437017e-01  1.10806000e+01  9.72926965e-01  3.02434181e-01  1.22781275e-02  1.01742421e-01  3.00528066e+03 
 1.15100068e+15  5.85520195e+34  1.22771000e+01  9.78441818e-01  1.10806000e+01  9.72944576e-01  3.02417042e-01  1.22503279e-02  1.01722933e-01  3.00463131e+03 
 1.15418754e+15  5.85897194e+34  1.22771000e+01  9.78445862e-01  1.10806000e+01  9.72961450e-01  3.02399851e-01  1.22224901e-02  1.01750301e-01  3.00537761e+03 
 1.15737439e+15  5.86273306e+34  1.22771000e+01  9.78449159e-01  1.10806000e+01  9.72977586e-01  3.02382618e-01  1.21946394e-02  1.01730958e-01  3.00475565e+03 
 1.16056124e+15  5.86648672e+34  1.22761000e+01  9.78451662e-01  1.10796000e+01  9.72931066e-01  3.02414575e-01  1.23023159e-02  1.01706314e-01  3.00276610e+03 
 1.16374810e+15  5.87023325e+34  1.22761000e+01  9.78453442e-01  1.10796000e+01  9.72945728e-01  3.02397210e-01  1.22743953e-02  1.01687091e-01  3.00217127e+03 
 1.16693495e+15  5.87397267e+34  1.22761000e+01  9.78454561e-01  1.10796000e+01  9.72959792e-01  3.02379828e-01  1.22463415e-02  1.01714734e-01  3.00297022e+03 
 1.17012180e+15  5.87770503e+34  1.22761000e+01  9.78454983e-01  1.10796000e+01  9.72973173e-01  3.02362402e-01  1.22182613e-02  1.01695669e-01  3.00240089e+03 
 1.17330866e+15  5.88142997e+34  1.22751000e+01  9.78454724e-01  1.10796000e+01  9.72985874e-01  3.02394211e-01  1.21902084e-02  1.01671334e-01  3.00046402e+03 
 1.17649551e+15  5.88514636e+34  1.22751000e+01  9.78453789e-01  1.10786000e+01  9.72935985e-01  3.02376715e-01  1.22977642e-02  1.01699199e-01  3.00130069e+03 
 1.17968236e+15  5.88885579e+34  1.22751000e+01  9.78452183e-01  1.10786000e+01  9.72947324e-01  3.02359177e-01  1.22697434e-02  1.01680356e-01  3.00076924e+03 
 1.18286922e+15  5.89255827e+34  1.22751000e+01  9.78449918e-01  1.10786000e+01  9.72958097e-01  3.02341600e-01  1.22415209e-02  1.01661582e-01  3.00024992e+03 
 1.18605607e+15  5.89625385e+34  1.22741000e+01  9.78447007e-01  1.10786000e+01  9.72968235e-01  3.02373258e-01  1.22133035e-02  1.01637532e-01  2.99836315e+03 
 1.18924292e+15  5.89994255e+34  1.22741000e+01  9.78443460e-01  1.10786000e+01  9.72977740e-01  3.02355605e-01  1.21850575e-02  1.01665658e-01  2.99924723e+03 
 1.19242978e+15  5.90362339e+34  1.22741000e+01  9.78439274e-01  1.10776000e+01  9.72924703e-01  3.02337919e-01  1.22924428e-02  1.01647091e-01  2.99876363e+03 
 1.19561663e+15  5.90729656e+34  1.22731000e+01  9.78434363e-01  1.10776000e+01  9.72932928e-01  3.02369417e-01  1.22640607e-02  1.01623199e-01  2.99691291e+03 
 1.19880349e+15  5.91096295e+34  1.22731000e+01  9.78428953e-01  1.10776000e+01  9.72940644e-01  3.02351665e-01  1.22356771e-02  1.01604774e-01  2.99645238e+03 
 1.20199034e+15  5.91462259e+34  1.22731000e+01  9.78422940e-01  1.10776000e+01  9.72947763e-01  3.02333882e-01  1.22072847e-02  1.01633164e-01  2.99738174e+03 
 1.20517719e+15  5.91827551e+34  1.22731000e+01  9.78416356e-01  1.10776000e+01  9.72954297e-01  3.02316078e-01  1.21789237e-02  1.01614875e-01  2.99694318e+03 
 1.20836405e+15  5.92192173e+34  1.22721000e+01  9.78409192e-01  1.10766000e+01  9.72898343e-01  3.02347524e-01  1.22862530e-02  1.01591314e-01  2.99513748e+03 
 1.21155090e+15  5.92555966e+34  1.22721000e+01  9.78401461e-01  1.10766000e+01  9.72903733e-01  3.02329671e-01  1.22579068e-02  1.01573173e-01  2.99472098e+03 
 1.21473775e+15  5.92919077e+34  1.22721000e+01  9.78393164e-01  1.10766000e+01  9.72908610e-01  3.02311792e-01  1.22294468e-02  1.01601836e-01  2.99569307e+03 
 1.21792461e+15  5.93281528e+34  1.22721000e+01  9.78384317e-01  1.10766000e+01  9.72912936e-01  3.02293889e-01  1.22009883e-02  1.01583823e-01  2.99529740e+03 
 1.22111146e+15  5.93643321e+34  1.22721000e+01  9.78374849e-01  1.10756000e+01  9.72854876e-01  3.02275923e-01  1.23078952e-02  1.01565846e-01  2.99491222e+03 
 1.22429831e+15  5.94435798e+34  1.22711000e+01  9.78352249e-01  1.10756000e+01  9.72861300e-01  3.02285571e-01  1.22452702e-02  1.01567881e-01  2.99409800e+03 
 1.22748517e+15  5.97461353e+34  1.22691000e+01  9.78246026e-01  1.10736000e+01  9.72747251e-01  3.02225933e-01  1.22664379e-02  1.01496266e-01  2.99117286e+03 
 1.23067202e+15  6.05009130e+34  1.22631000e+01  9.77888378e-01  1.10686000e+01  9.72398632e-01  3.02086187e-01  1.22583919e-02  1.01284114e-01  2.98307820e+03 
 1.23385887e+15  6.12881884e+34  1.22571000e+01  9.77428974e-01  1.10626000e+01  9.71935964e-01  3.01878354e-01  1.22796248e-02  1.01108605e-01  2.97761884e+03 
 1.23704573e+15  6.20828352e+34  1.22501000e+01  9.76912051e-01  1.10566000e+01  9.71448733e-01  3.01674631e-01  1.22298428e-02  1.00888732e-01  2.97051589e+03 
 1.24023258e+15  6.28848869e+34  1.22421000e+01  9.76357574e-01  1.10496000e+01  9.70891185e-01  3.01481064e-01  1.22532008e-02  1.00674365e-01  2.96293684e+03 
 1.24341944e+15  6.36943769e+34  1.22341000e+01  9.75778621e-01  1.10426000e+01  9.70335062e-01  3.01252647e-01  1.22203348e-02  1.00426854e-01  2.95475771e+03 
 1.24660629e+15  6.45127452e+34  1.22251000e+01  9.75183573e-01  1.10356000e+01  9.69787296e-01  3.01040799e-01  1.21340757e-02  1.00142059e-01  2.94452410e+03 
 1.24979314e+15  6.53393811e+34  1.22161000e+01  9.74579853e-01  1.10276000e+01  9.69191787e-01  3.00799273e-01  1.21346060e-02  9.98736149e-02  2.93491075e+03 
 1.25298000e+15  6.61735983e+34  1.22071000e+01  9.73974002e-01  1.10186000e+01  9.68553062e-01  3.00531112e-01  1.22266776e-02  9.96236113e-02  2.92587892e+03 
 1.25616685e+15  6.70154294e+34  1.21971000e+01  9.73370163e-01  1.10106000e+01  9.67996738e-01  3.00287255e-01  1.21409442e-02  9.92959272e-02  2.91334951e+03 
 1.25935370e+15  6.78649071e+34  1.21871000e+01  9.72772329e-01  1.10016000e+01  9.67403064e-01  3.00020278e-01  1.21516617e-02  9.90351091e-02  2.90270830e+03 
 1.26254056e+15  6.87224365e+34  1.21771000e+01  9.72183479e-01  1.09926000e+01  9.66835424e-01  2.99731356e-01  1.21246680e-02  9.87042555e-02  2.88989748e+03 
 1.26572741e+15  6.95895766e+34  1.21661000e+01  9.71605424e-01  1.09826000e+01  9.66234901e-01  2.99469662e-01  1.21953171e-02  9.83895594e-02  2.87623688e+03 
 1.26891426e+15  7.04645050e+34  1.21551000e+01  9.71041928e-01  1.09736000e+01  9.65724629e-01  2.99188909e-01  1.20971089e-02  9.80530719e-02  2.86175435e+03 
 1.27210112e+15  7.13472534e+34  1.21431000e+01  9.70494834e-01  1.09636000e+01  9.65184541e-01  2.98939321e-01  1.21021890e-02  9.77359261e-02  2.84645505e+03 
 1.27528797e+15  7.22378533e+34  1.21311000e+01  9.69966612e-01  1.09536000e+01  9.64676706e-01  2.98673040e-01  1.20772995e-02  9.73536238e-02  2.82902959e+03 
 1.27847482e+15  7.31363359e+34  1.21191000e+01  9.69458903e-01  1.09436000e+01  9.64202094e-01  2.98391029e-01  1.20237516e-02  9.69977160e-02  2.81212561e+03 
 1.28166168e+15  7.40445640e+34  1.21071000e+01  9.68972011e-01  1.09326000e+01  9.63701614e-01  2.98092253e-01  1.20751695e-02  9.66668311e-02  2.79569858e+03 
 1.28484853e+15  7.49613344e+34  1.20941000e+01  9.68508481e-01  1.09226000e+01  9.63296669e-01  2.97828255e-01  1.19638979e-02  9.63127665e-02  2.77717260e+03 
 1.28803539e+15  7.58861273e+34  1.20811000e+01  9.68070137e-01  1.09116000e+01  9.62867561e-01  2.97551284e-01  1.19636797e-02  9.59420373e-02  2.75788146e+03 
 1.29122224e+15  7.68189731e+34  1.20681000e+01  9.67657545e-01  1.09006000e+01  9.62475066e-01  2.97261797e-01  1.19387432e-02  9.55551360e-02  2.73784262e+03 
 1.29440909e+15  7.77599017e+34  1.20541000e+01  9.67272843e-01  1.08896000e+01  9.62119975e-01  2.97010440e-01  1.18920021e-02  9.51482617e-02  2.71580269e+03 
 1.29759595e+15  7.87100995e+34  1.20411000e+01  9.66915940e-01  1.08776000e+01  9.61743485e-01  2.96697849e-01  1.19567317e-02  9.47751455e-02  2.69556654e+03 
 1.30078280e+15  7.96698302e+34  1.20271000e+01  9.66588163e-01  1.08666000e+01  9.61465597e-01  2.96423256e-01  1.18633648e-02  9.43816995e-02  2.67333522e+03 
 1.30396965e+15  8.06377818e+34  1.20121000e+01  9.66291311e-01  1.08546000e+01  9.61167436e-01  2.96188978e-01  1.18862322e-02  9.39701608e-02  2.64918735e+03 
 1.30715651e+15  8.16139834e+34  1.19981000e+01  9.66025523e-01  1.08426000e+01  9.60908717e-01  2.95896672e-01  1.18897650e-02  9.35948278e-02  2.62687623e+03 
 1.31034336e+15  8.25984636e+34  1.19831000e+01  9.65792326e-01  1.08316000e+01  9.60749104e-01  2.95646075e-01  1.17408264e-02  9.31586563e-02  2.60146964e+03 
 1.31353021e+15  8.35918954e+34  1.19691000e+01  9.65592300e-01  1.08196000e+01  9.60570874e-01  2.95338519e-01  1.17098057e-02  9.27593837e-02  2.57789213e+03 
 1.31671707e+15  8.45956895e+34  1.19541000e+01  9.65425602e-01  1.08076000e+01  9.60434389e-01  2.95071705e-01  1.16590987e-02  9.23421792e-02  2.55245953e+03 
 1.31990392e+15  8.56078983e+34  1.19381000e+01  9.65293661e-01  1.07946000e+01  9.60280231e-01  2.94848535e-01  1.17285463e-02  9.19098663e-02  2.52527864e+03 
 1.32309077e+15  8.66285492e+34  1.19231000e+01  9.65197215e-01  1.07826000e+01  9.60225981e-01  2.94570908e-01  1.16494221e-02  9.15161763e-02  2.49995319e+03 
 1.32627763e+15  8.76576697e+34  1.19071000e+01  9.65136933e-01  1.07706000e+01  9.60213315e-01  2.94338295e-01  1.15571802e-02  9.10652635e-02  2.47176090e+03 
 1.32946448e+15  8.86956077e+34  1.18911000e+01  9.65113171e-01  1.07576000e+01  9.60184149e-01  2.94101491e-01  1.15868524e-02  9.06486162e-02  2.44426621e+03 
 1.33265134e+15  8.97445508e+34  1.18761000e+01  9.65126541e-01  1.07456000e+01  9.60256854e-01  2.93809472e-01  1.14663323e-02  9.02262512e-02  2.41740395e+03 
 1.33583819e+15  9.08020969e+34  1.18591000e+01  9.65177715e-01  1.07326000e+01  9.60313613e-01  2.93613752e-01  1.14697445e-02  8.97866345e-02  2.38782393e+03 
 1.33902504e+15  9.18682720e+34  1.18431000e+01  9.65267085e-01  1.07196000e+01  9.60412850e-01  2.93366410e-01  1.14627675e-02  8.93448339e-02  2.35899663e+03 
 1.34221190e+15  9.29431021e+34  1.18271000e+01  9.65395052e-01  1.07066000e+01  9.60554315e-01  2.93117490e-01  1.14468997e-02  8.89389269e-02  2.33091408e+03 
 1.34539875e+15  9.40268254e+34  1.18101000e+01  9.65562330e-01  1.06946000e+01  9.60796173e-01  2.92917104e-01  1.12882654e-02  8.84796205e-02  2.30026533e+03 
 1.34858560e+15  9.51219826e+34  1.17941000e+01  9.65769528e-01  1.06816000e+01  9.61025208e-01  2.92664088e-01  1.12517814e-02  8.80591413e-02  2.27143002e+03 
 1.35177246e+15  9.62259251e+34  1.17771000e+01  9.66016724e-01  1.06686000e+01  9.61296974e-01  2.92460847e-01  1.12083733e-02  8.76286635e-02  2.24121311e+03 
 1.35495931e+15  9.73386777e+34  1.17601000e+01  9.66304186e-01  1.06556000e+01  9.61611420e-01  2.92258293e-01  1.11587238e-02  8.71934518e-02  2.21074179e+03 
 1.35814616e+15  9.84602645e+34  1.17431000e+01  9.66632130e-01  1.06426000e+01  9.61968443e-01  2.92056936e-01  1.11035583e-02  8.67539837e-02  2.18004506e+03 
 1.36133302e+15  9.95910578e+34  1.17261000e+01  9.67001011e-01  1.06296000e+01  9.62368381e-01  2.91857005e-01  1.10431244e-02  8.63104193e-02  2.14914111e+03 
 1.36451987e+15  1.00733471e+35  1.17081000e+01  9.67411829e-01  1.06166000e+01  9.62813651e-01  2.91706572e-01  1.09741194e-02  8.58562086e-02  2.11697259e+03 
 1.36770672e+15  1.01884846e+35  1.16911000e+01  9.67864126e-01  1.06026000e+01  9.63244872e-01  2.91509123e-01  1.10349811e-02  8.54038659e-02  2.08569510e+03 
 1.37089358e+15  1.03045205e+35  1.16741000e+01  9.68357975e-01  1.05896000e+01  9.63775346e-01  2.91314873e-01  1.09596480e-02  8.49901331e-02  2.05529548e+03 
 1.37408043e+15  1.04214570e+35  1.16561000e+01  9.68893439e-01  1.05766000e+01  9.64348070e-01  2.91174230e-01  1.08821559e-02  8.45284367e-02  2.02282105e+03 
 1.37726729e+15  1.05393723e+35  1.16391000e+01  9.69471023e-01  1.05636000e+01  9.64963797e-01  2.90987100e-01  1.08018700e-02  8.41098504e-02  1.99222358e+03 
 1.38045414e+15  1.06584408e+35  1.16211000e+01  9.70091803e-01  1.05506000e+01  9.65624297e-01  2.90852451e-01  1.07172162e-02  8.36828341e-02  1.96054483e+03 
 1.38364099e+15  1.07784224e+35  1.16031000e+01  9.70754738e-01  1.05376000e+01  9.66326870e-01  2.90722945e-01  1.06320528e-02  8.32141783e-02  1.92791681e+03 
 1.38682785e+15  1.08993192e+35  1.15861000e+01  9.71459666e-01  1.05236000e+01  9.67015369e-01  2.90548740e-01  1.06788165e-02  8.27899535e-02  1.89717989e+03 
 1.39001470e+15  1.10211331e+35  1.15681000e+01  9.72206676e-01  1.05106000e+01  9.67801359e-01  2.90430581e-01  1.05939541e-02  8.23606401e-02  1.86554302e+03 
 1.39320155e+15  1.11440134e+35  1.15501000e+01  9.72996873e-01  1.04976000e+01  9.68630493e-01  2.90317660e-01  1.05085148e-02  8.19300232e-02  1.83393085e+03 
 1.39638841e+15  1.12680080e+35  1.15321000e+01  9.73830681e-01  1.04846000e+01  9.69503212e-01  2.90210068e-01  1.04224646e-02  8.14980906e-02  1.80235588e+03 
 1.39957526e+15  1.13929318e+35  1.15141000e+01  9.74706373e-01  1.04716000e+01  9.70416798e-01  2.90109449e-01  1.03381617e-02  8.10267843e-02  1.77001905e+03 
 1.40276211e+15  1.15187867e+35  1.14961000e+01  9.75624590e-01  1.04586000e+01  9.71371078e-01  2.90016648e-01  1.02575491e-02  8.05964769e-02  1.73869503e+03 
 1.40594897e+15  1.16455745e+35  1.14781000e+01  9.76584560e-01  1.04456000e+01  9.72365699e-01  2.89931636e-01  1.01796432e-02  8.01672443e-02  1.70752113e+03 
 1.40913582e+15  1.17735490e+35  1.14601000e+01  9.77588306e-01  1.04316000e+01  9.73348974e-01  2.89852928e-01  1.02321854e-02  7.97373707e-02  1.67645669e+03 
 1.41232267e+15  1.19025653e+35  1.14421000e+01  9.78634928e-01  1.04186000e+01  9.74428574e-01  2.89782208e-01  1.01570841e-02  7.93084898e-02  1.64555800e+03 
 1.41550953e+15  1.20325262e+35  1.14241000e+01  9.79723444e-01  1.04056000e+01  9.75547776e-01  2.89720574e-01  1.00868206e-02  7.88816834e-02  1.61486799e+03 
 1.41869638e+15  1.21634332e+35  1.14061000e+01  9.80853427e-01  1.03926000e+01  9.76706153e-01  2.89668225e-01  1.00214089e-02  7.84571168e-02  1.58440436e+03 
 1.42188324e+15  1.22953134e+35  1.13881000e+01  9.82024996e-01  1.03796000e+01  9.77903760e-01  2.89625346e-01  9.96102174e-03  7.80348639e-02  1.55417781e+03 
 1.42507009e+15  1.24284862e+35  1.13701000e+01  9.83241000e-01  1.03676000e+01  9.79199146e-01  2.89590078e-01  9.77295621e-03  7.76127597e-02  1.52413357e+03 
 1.42825694e+15  1.25626165e+35  1.13521000e+01  9.84498123e-01  1.03546000e+01  9.80478537e-01  2.89565118e-01  9.72037637e-03  7.71936515e-02  1.49436450e+03 
 1.43144380e+15  1.26977058e+35  1.13341000e+01  9.85796093e-01  1.03416000e+01  9.81795770e-01  2.89550764e-01  9.67440559e-03  7.67777610e-02  1.46488510e+03 
 1.43463065e+15  1.28337555e+35  1.13161000e+01  9.87134550e-01  1.03286000e+01  9.83150504e-01  2.89547224e-01  9.63501458e-03  7.63652323e-02  1.43570819e+03 
 1.43781750e+15  1.29709562e+35  1.12981000e+01  9.88515267e-01  1.03156000e+01  9.84545188e-01  2.89553626e-01  9.60059551e-03  7.59549507e-02  1.40680736e+03 
 1.44100436e+15  1.31093180e+35  1.12801000e+01  9.89938128e-01  1.03036000e+01  9.86033284e-01  2.89570206e-01  9.44341749e-03  7.55470584e-02  1.37819424e+03 
 1.44419121e+15  1.32486510e+35  1.12631000e+01  9.91400789e-01  1.02906000e+01  9.87504020e-01  2.89547052e-01  9.42197656e-03  7.51476363e-02  1.35060111e+03 
 1.44737806e+15  1.33889564e+35  1.12451000e+01  9.92902930e-01  1.02786000e+01  9.89064066e-01  2.89587130e-01  9.28126098e-03  7.47478300e-02  1.32266425e+03 
 1.45056492e+15  1.35302356e+35  1.12271000e+01  9.94444292e-01  1.02656000e+01  9.90606242e-01  2.89639425e-01  9.27616149e-03  7.43523628e-02  1.29508661e+03 
 1.45375177e+15  1.36728857e+35  1.12091000e+01  9.96028888e-01  1.02536000e+01  9.92242822e-01  2.89701729e-01  9.14860476e-03  7.39211619e-02  1.26715928e+03 
 1.45693862e+15  1.38165221e+35  1.11921000e+01  9.97652048e-01  1.02406000e+01  9.93861066e-01  2.89724834e-01  9.15614758e-03  7.35365673e-02  1.24089247e+03 
 1.46012548e+15  1.39611426e+35  1.11741000e+01  9.99313478e-01  1.02286000e+01  9.95566437e-01  2.89812490e-01  9.04686457e-03  7.31522431e-02  1.21436732e+03 
 1.46331233e+15  1.41067480e+35  1.11561000e+01  1.00101267e+00  1.02166000e+01  9.97305372e-01  2.89913162e-01  8.94717303e-03  7.27356874e-02  1.18762693e+03 
 1.46649919e+15  1.42535695e+35  1.11391000e+01  1.00275210e+00  1.02046000e+01  9.99081197e-01  2.89973757e-01  8.85499474e-03  7.23642796e-02  1.16245255e+03 
 1.46968604e+15  1.44015674e+35  1.11211000e+01  1.00453102e+00  1.01926000e+01  1.00089287e+00  2.90098836e-01  8.77112442e-03  7.19555533e-02  1.13646131e+03 
 1.47287289e+15  1.45505602e+35  1.11041000e+01  1.00634622e+00  1.01806000e+01  1.00273674e+00  2.90184984e-01  8.69653811e-03  7.15932177e-02  1.11203891e+03 
 1.47605975e+15  1.47005487e+35  1.10871000e+01  1.00819806e+00  1.01686000e+01  1.00461250e+00  2.90284915e-01  8.63288844e-03  7.11997361e-02  1.08744502e+03 
 1.47924660e+15  1.48516137e+35  1.10691000e+01  1.01008638e+00  1.01566000e+01  1.00652083e+00  2.90450427e-01  8.57820206e-03  7.08067849e-02  1.06270378e+03 
 1.48243345e+15  1.50040291e+35  1.10521000e+01  1.01201499e+00  1.01446000e+01  1.00846602e+00  2.90575885e-01  8.53119037e-03  7.04582804e-02  1.03941679e+03 
 1.48562031e+15  1.51574497e+35  1.10351000e+01  1.01397819e+00  1.01326000e+01  1.01044149e+00  2.90715088e-01  8.49403694e-03  7.00789107e-02  1.01600072e+03 
 1.48880716e+15  1.53118760e+35  1.10181000e+01  1.01597619e+00  1.01216000e+01  1.01249874e+00  2.90868552e-01  8.34521244e-03  6.97054348e-02  9.93003798e+02 
 1.49199401e+15  1.54673088e+35  1.10011000e+01  1.01800837e+00  1.01096000e+01  1.01453348e+00  2.91036328e-01  8.33040641e-03  6.93378697e-02  9.70426594e+02 
 1.49518087e+15  1.56241433e+35  1.09841000e+01  1.02007929e+00  1.00986000e+01  1.01665545e+00  2.91216594e-01  8.20052163e-03  6.89739138e-02  9.48213178e+02 
 1.49836772e+15  1.57820451e+35  1.09671000e+01  1.02218401e+00  1.00876000e+01  1.01880641e+00  2.91411027e-01  8.08179315e-03  6.85798586e-02  9.25930893e+02 
 1.50155457e+15  1.59409622e+35  1.09511000e+01  1.02432153e+00  1.00756000e+01  1.02093406e+00  2.91566798e-01  8.09536348e-03  6.82320771e-02  9.05032526e+02 
 1.50474143e+15  1.61008949e+35  1.09341000e+01  1.02649133e+00  1.00646000e+01  1.02314030e+00  2.91790385e-01  7.99931738e-03  6.78858888e-02  8.84070017e+02 
 1.50792828e+15  1.62621398e+35  1.09181000e+01  1.02869670e+00  1.00536000e+01  1.02537832e+00  2.91973871e-01  7.91198156e-03  6.75131575e-02  8.63486190e+02 
 1.51111514e+15  1.64245742e+35  1.09011000e+01  1.03093578e+00  1.00426000e+01  1.02764559e+00  2.92224926e-01  7.83497234e-03  6.71766812e-02  8.43296831e+02 
 1.51430199e+15  1.65880327e+35  1.08851000e+01  1.03320569e+00  1.00316000e+01  1.02993862e+00  2.92437154e-01  7.76963581e-03  6.68156097e-02  8.23520653e+02 
 1.51748884e+15  1.67525153e+35  1.08691000e+01  1.03550586e+00  1.00206000e+01  1.03225693e+00  2.92664081e-01  7.71584125e-03  6.64608553e-02  8.04154350e+02 
 1.52067570e+15  1.69182415e+35  1.08531000e+01  1.03783869e+00  1.00096000e+01  1.03460372e+00  2.92904840e-01  7.67159313e-03  6.61112603e-02  7.85169732e+02 
 1.52386255e+15  1.70852578e+35  1.08361000e+01  1.04020466e+00  9.99960000e+00  1.03703001e+00  2.93213638e-01  7.51858535e-03  6.57622851e-02  7.66154432e+02 
 1.52704940e+15  1.72533061e+35  1.08211000e+01  1.04259938e+00  9.98860000e+00  1.03942936e+00  2.93429034e-01  7.49578917e-03  6.54285093e-02  7.48350648e+02 
 1.53023626e+15  1.74223864e+35  1.08051000e+01  1.04502218e+00  9.97860000e+00  1.04190228e+00  2.93713323e-01  7.36656708e-03  6.50965380e-02  7.30537783e+02 
 1.53342311e+15  1.75926644e+35  1.07891000e+01  1.04747515e+00  9.96760000e+00  1.04435040e+00  2.94012007e-01  7.36553272e-03  6.47701104e-02  7.13100038e+02 
 1.53660996e+15  1.77643094e+35  1.07731000e+01  1.04996015e+00  9.95760000e+00  1.04687670e+00  2.94324549e-01  7.25675284e-03  6.44140648e-02  6.95646254e+02 
 1.53979682e+15  1.79369938e+35  1.07581000e+01  1.05247160e+00  9.94760000e+00  1.04942455e+00  2.94597080e-01  7.15935566e-03  6.41030725e-02  6.79318079e+02 
 1.54298367e+15  1.81107172e+35  1.07431000e+01  1.05500941e+00  9.93760000e+00  1.05199353e+00  2.94884417e-01  7.07407127e-03  6.37642536e-02  6.62997796e+02 
 1.54617052e+15  1.82856170e+35  1.07271000e+01  1.05757481e+00  9.92760000e+00  1.05458539e+00  2.95241044e-01  6.99973738e-03  6.34267716e-02  6.46691486e+02 
 1.54935738e+15  1.84619352e+35  1.07121000e+01  1.06017081e+00  9.91760000e+00  1.05720387e+00  2.95556314e-01  6.93450028e-03  6.31323872e-02  6.31414384e+02 
 1.55254423e+15  1.86392994e+35  1.06971000e+01  1.06279144e+00  9.90760000e+00  1.05984199e+00  2.95886264e-01  6.88074267e-03  6.28103174e-02  6.16154200e+02 
 1.55573109e+15  1.88177091e+35  1.06821000e+01  1.06543600e+00  9.89760000e+00  1.06249914e+00  2.96230809e-01  6.83820080e-03  6.24945239e-02  6.01252230e+02 
 1.55891794e+15  1.89973000e+35  1.06671000e+01  1.06810613e+00  9.88760000e+00  1.06517728e+00  2.96589629e-01  6.80605534e-03  6.21508022e-02  5.86374268e+02 
 1.56210479e+15  1.91783336e+35  1.06531000e+01  1.07080504e+00  9.87860000e+00  1.06792956e+00  2.96906239e-01  6.66957108e-03  6.18498387e-02  5.72446554e+02 
 1.56529165e+15  1.93604190e+35  1.06381000e+01  1.07352632e+00  9.86860000e+00  1.07065020e+00  2.97292999e-01  6.65717741e-03  6.15505495e-02  5.58543710e+02 
 1.56847850e+15  1.95435554e+35  1.06241000e+01  1.07626958e+00  9.85960000e+00  1.07343680e+00  2.97638305e-01  6.54396070e-03  6.12285812e-02  5.44976769e+02 
 1.57166535e+15  1.97279063e+35  1.06091000e+01  1.07903691e+00  9.85060000e+00  1.07624277e+00  2.98053756e-01  6.44168008e-03  6.09410302e-02  5.31727813e+02 
 1.57485221e+15  1.99136948e+35  1.05951000e+01  1.08183072e+00  9.84060000e+00  1.07902261e+00  2.98426393e-01  6.45936385e-03  6.06293471e-02  5.18776178e+02 
 1.57803906e+15  2.01005402e+35  1.05811000e+01  1.08464454e+00  9.83160000e+00  1.08186670e+00  2.98812955e-01  6.37617966e-03  6.03237001e-02  5.06143053e+02 
 1.58122591e+15  2.02884414e+35  1.05671000e+01  1.08747866e+00  9.82260000e+00  1.08472584e+00  2.99213895e-01  6.30506664e-03  6.00243288e-02  4.93822705e+02 
 1.58441277e+15  2.04776206e+35  1.05531000e+01  1.09033529e+00  9.81360000e+00  1.08760333e+00  2.99628324e-01  6.24340500e-03  5.97301271e-02  4.81794399e+02 
 1.58759962e+15  2.06682010e+35  1.05391000e+01  1.09321563e+00  9.80460000e+00  1.09050074e+00  3.00055940e-01  6.19035671e-03  5.94406034e-02  4.70045671e+02 
 1.59078647e+15  2.08598425e+35  1.05251000e+01  1.09611450e+00  9.79560000e+00  1.09341154e+00  3.00497651e-01  6.14893055e-03  5.91571018e-02  4.58592347e+02 
 1.59397333e+15  2.10525439e+35  1.05121000e+01  1.09903074e+00  9.78760000e+00  1.09638386e+00  3.00895728e-01  6.00815449e-03  5.88513122e-02  4.47427587e+02 
 1.59716018e+15  2.12466187e+35  1.04981000e+01  1.10196921e+00  9.77860000e+00  1.09932587e+00  3.01364333e-01  5.98572895e-03  5.85784370e-02  4.36528283e+02 
 1.60034704e+15  2.14420254e+35  1.04851000e+01  1.10492828e+00  9.77060000e+00  1.10233258e+00  3.01788529e-01  5.86444481e-03  5.82825046e-02  4.25891556e+02 
 1.60353389e+15  2.16384965e+35  1.04721000e+01  1.10790358e+00  9.76160000e+00  1.10530305e+00  3.02226087e-01  5.86074875e-03  5.79924327e-02  4.15526554e+02 
 1.60672074e+15  2.18360307e+35  1.04591000e+01  1.11089464e+00  9.75360000e+00  1.10833240e+00  3.02676976e-01  5.76081800e-03  5.77081847e-02  4.05427321e+02 
 1.60990760e+15  2.20350680e+35  1.04461000e+01  1.11390740e+00  9.74460000e+00  1.11133198e+00  3.03140323e-01  5.77559393e-03  5.74281805e-02  3.95565928e+02 
 1.61309445e+15  2.22353324e+35  1.04331000e+01  1.11693722e+00  9.73660000e+00  1.11439263e+00  3.03616546e-01  5.69250274e-03  5.71533081e-02  3.85951554e+02 
 1.61628130e+15  2.24366640e+35  1.04201000e+01  1.11998133e+00  9.72860000e+00  1.11746300e+00  3.04105859e-01  5.61976467e-03  5.68840262e-02  3.76586049e+02 
 1.61946816e+15  2.26390608e+35  1.04071000e+01  1.12303897e+00  9.72060000e+00  1.12054243e+00  3.04608045e-01  5.55710908e-03  5.66202020e-02  3.67463585e+02 
 1.62265501e+15  2.28431265e+35  1.03951000e+01  1.12611894e+00  9.71260000e+00  1.12364093e+00  3.05063676e-01  5.50172695e-03  5.63328865e-02  3.58552235e+02 
 1.62584186e+15  2.30482775e+35  1.03821000e+01  1.12921195e+00  9.70460000e+00  1.12674803e+00  3.05590678e-01  5.45627541e-03  5.60781092e-02  3.49873020e+02 
 1.62902872e+15  2.32544974e+35  1.03701000e+01  1.13231697e+00  9.69660000e+00  1.12986297e+00  3.06071240e-01  5.42001402e-03  5.58016553e-02  3.41420905e+02 
 1.63221557e+15  2.34619516e+35  1.03581000e+01  1.13543638e+00  9.68960000e+00  1.13303590e+00  3.06563963e-01  5.28850904e-03  5.55301394e-02  3.33183597e+02 
 1.63540242e+15  2.36709432e+35  1.03461000e+01  1.13857392e+00  9.68160000e+00  1.13617618e+00  3.07068331e-01  5.26823258e-03  5.52625930e-02  3.25144815e+02 
 1.63858928e+15  2.38810067e+35  1.03341000e+01  1.14172216e+00  9.67360000e+00  1.13932290e+00  3.07584734e-01  5.25719305e-03  5.50002627e-02  3.17317695e+02 
 1.64177613e+15  2.40921399e+35  1.03221000e+01  1.14488079e+00  9.66660000e+00  1.14252342e+00  3.08113165e-01  5.15195108e-03  5.47431133e-02  3.09696888e+02 
 1.64496299e+15  2.43047305e+35  1.03101000e+01  1.14805495e+00  9.65960000e+00  1.14573571e+00  3.08653116e-01  5.05524421e-03  5.44899931e-02  3.02263803e+02 
 1.64814984e+15  2.45186574e+35  1.02981000e+01  1.15124245e+00  9.65160000e+00  1.14891070e+00  3.09204678e-01  5.06822075e-03  5.42412045e-02  2.95018496e+02 
 1.65133669e+15  2.47336564e+35  1.02871000e+01  1.15443905e+00  9.64460000e+00  1.15213799e+00  3.09707790e-01  4.98799398e-03  5.39711468e-02  2.87965060e+02 
 1.65452355e+15  2.49497249e+35  1.02751000e+01  1.15764396e+00  9.63760000e+00  1.15536952e+00  3.10282494e-01  4.91687726e-03  5.37322683e-02  2.81098673e+02 
 1.65771040e+15  2.51675157e+35  1.02641000e+01  1.16086648e+00  9.63060000e+00  1.15861571e+00  3.10807672e-01  4.85229240e-03  5.34704657e-02  2.74394477e+02 
 1.66089725e+15  2.53863987e+35  1.02531000e+01  1.16409674e+00  9.62360000e+00  1.16186593e+00  3.11343836e-01  4.79589176e-03  5.32134940e-02  2.67867950e+02 
 1.66408411e+15  2.56063531e+35  1.02421000e+01  1.16733418e+00  9.61660000e+00  1.16511954e+00  3.11890974e-01  4.74778370e-03  5.29613612e-02  2.61514976e+02 
 1.66727096e+15  2.58276454e+35  1.02301000e+01  1.17058234e+00  9.60960000e+00  1.16838053e+00  3.12509954e-01  4.70694896e-03  5.27086652e-02  2.55176079e+02 
 1.67045781e+15  2.60504296e+35  1.02201000e+01  1.17384267e+00  9.60260000e+00  1.17165058e+00  3.13017171e-01  4.67278911e-03  5.24689750e-02  2.49285616e+02 
 1.67364467e+15  2.62742866e+35  1.02091000e+01  1.17710906e+00  9.59560000e+00  1.17492278e+00  3.13596264e-01  4.64701358e-03  5.22292818e-02  2.43408769e+02 
 1.67683152e+15  2.64992134e+35  1.01981000e+01  1.18038096e+00  9.58860000e+00  1.17819698e+00  3.14185954e-01  4.62870289e-03  5.19941519e-02  2.37688535e+02 
 1.68001837e+15  2.67258097e+35  1.01871000e+01  1.18366655e+00  9.58260000e+00  1.18152858e+00  3.14785861e-01  4.51861258e-03  5.17621234e-02  2.32106037e+02 
 1.68320523e+15  2.69535850e+35  1.01771000e+01  1.18695793e+00  9.57560000e+00  1.18481628e+00  3.15333891e-01  4.51307949e-03  5.15088371e-02  2.26669818e+02 
 1.68639208e+15  2.71824308e+35  1.01661000e+01  1.19025346e+00  9.56960000e+00  1.18815116e+00  3.15953942e-01  4.41768699e-03  5.12852765e-02  2.21378637e+02 
 1.68957894e+15  2.74125969e+35  1.01561000e+01  1.19355662e+00  9.56260000e+00  1.19144383e+00  3.16521870e-01  4.42654802e-03  5.10403700e-02  2.16223007e+02 
 1.69276579e+15  2.76443051e+35  1.01461000e+01  1.19686992e+00  9.55660000e+00  1.19479004e+00  3.17099372e-01  4.34511247e-03  5.07988254e-02  2.11194681e+02 
 1.69595264e+15  2.78770840e+35  1.01361000e+01  1.20018604e+00  9.55060000e+00  1.19813611e+00  3.17686322e-01  4.27022401e-03  5.05615153e-02  2.06300389e+02 
 1.69913950e+15  2.81109304e+35  1.01261000e+01  1.20350470e+00  9.54360000e+00  1.20143513e+00  3.18282694e-01  4.29812191e-03  5.03284123e-02  2.01536504e+02 
 1.70232635e+15  2.83465014e+35  1.01161000e+01  1.20683510e+00  9.53760000e+00  1.20478928e+00  3.18888487e-01  4.23646349e-03  5.00981997e-02  1.96886707e+02 
 1.70551320e+15  2.85832266e+35  1.01061000e+01  1.21016842e+00  9.53160000e+00  1.20814322e+00  3.19503468e-01  4.18149369e-03  4.98718867e-02  1.92359244e+02 
 1.70870006e+15  2.88210186e+35  1.00961000e+01  1.21350294e+00  9.52560000e+00  1.21149545e+00  3.20127428e-01  4.13276788e-03  4.96495096e-02  1.87952190e+02 
 1.71188691e+15  2.90602259e+35  1.00861000e+01  1.21684374e+00  9.51960000e+00  1.21485095e+00  3.20760595e-01  4.09041030e-03  4.94304927e-02  1.83656206e+02 
 1.71507376e+15  2.93009092e+35  1.00771000e+01  1.22019099e+00  9.51360000e+00  1.21821029e+00  3.21338921e-01  4.05352954e-03  4.91901653e-02  1.79467342e+02 
 1.71826062e+15  2.95426585e+35  1.00671000e+01  1.22353834e+00  9.50760000e+00  1.22156689e+00  3.21989536e-01  4.02261185e-03  4.89780980e-02  1.75389783e+02 
 1.72144747e+15  2.97855280e+35  1.00581000e+01  1.22688655e+00  9.50160000e+00  1.22492127e+00  3.22584766e-01  3.99804455e-03  4.87454710e-02  1.71419557e+02 
 1.72463432e+15  3.00301802e+35  1.00481000e+01  1.23024456e+00  9.49660000e+00  1.22832860e+00  3.23252787e-01  3.88648772e-03  4.85395920e-02  1.67543267e+02 
 1.72782118e+15  3.02758972e+35  1.00391000e+01  1.23360156e+00  9.49060000e+00  1.23168661e+00  3.23864635e-01  3.87276708e-03  4.83132121e-02  1.63769731e+02 
 1.73100803e+15  3.05226748e+35  1.00301000e+01  1.23695767e+00  9.48460000e+00  1.23504094e+00  3.24484607e-01  3.86467334e-03  4.80906126e-02  1.60096121e+02 
 1.73419489e+15  3.07710853e+35  1.00211000e+01  1.24032025e+00  9.47960000e+00  1.23844464e+00  3.25112648e-01  3.77074354e-03  4.78706946e-02  1.56511380e+02 
 1.73738174e+15  3.10207792e+35  1.00121000e+01  1.24368410e+00  9.47360000e+00  1.24180184e+00  3.25748572e-01  3.77263287e-03  4.76540155e-02  1.53018299e+02 
 1.74056859e+15  3.12715316e+35  1.00031000e+01  1.24704586e+00  9.46860000e+00  1.24519935e+00  3.26392205e-01  3.69015207e-03  4.74408858e-02  1.49617400e+02 
 1.74375545e+15  3.15236676e+35  9.99410000e+00  1.25040970e+00  9.46260000e+00  1.24855138e+00  3.27043598e-01  3.70246095e-03  4.72307289e-02  1.46301850e+02 
 1.74694230e+15  3.17773464e+35  9.98510000e+00  1.25377741e+00  9.45760000e+00  1.25195005e+00  3.27702684e-01  3.63006171e-03  4.70232093e-02  1.43067350e+02 
 1.75012915e+15  3.20320812e+35  9.97710000e+00  1.25714212e+00  9.45160000e+00  1.25529817e+00  3.28303373e-01  3.65180765e-03  4.67956130e-02  1.39917895e+02 
 1.75331601e+15  3.22879674e+35  9.96810000e+00  1.26050487e+00  9.44660000e+00  1.25868682e+00  3.28977109e-01  3.58989985e-03  4.65947565e-02  1.36849974e+02 
 1.75650286e+15  3.25456381e+35  9.96010000e+00  1.26387359e+00  9.44160000e+00  1.26207943e+00  3.29592091e-01  3.53219155e-03  4.63726924e-02  1.33853891e+02 
 1.75968971e+15  3.28043618e+35  9.95110000e+00  1.26723861e+00  9.43660000e+00  1.26546557e+00  3.30280367e-01  3.48030088e-03  4.61772875e-02  1.30936359e+02 
 1.76287657e+15  3.30641340e+35  9.94310000e+00  1.27059928e+00  9.43160000e+00  1.26884514e+00  3.30909000e-01  3.43296895e-03  4.59618692e-02  1.28094968e+02 
 1.76606342e+15  3.33256908e+35  9.93510000e+00  1.27396498e+00  9.42560000e+00  1.27218308e+00  3.31544491e-01  3.47656856e-03  4.57486003e-02  1.25319878e+02 
 1.76925027e+15  3.35884088e+35  9.92610000e+00  1.27732769e+00  9.42060000e+00  1.27556028e+00  3.32253677e-01  3.43807265e-03  4.55614438e-02  1.22616090e+02 
 1.77243713e+15  3.38521716e+35  9.91810000e+00  1.28068505e+00  9.41560000e+00  1.27893003e+00  3.32902289e-01  3.40380652e-03  4.53543303e-02  1.19982486e+02 
 1.77562398e+15  3.41175386e+35  9.91010000e+00  1.28404450e+00  9.41060000e+00  1.28229959e+00  3.33557627e-01  3.37412621e-03  4.51496071e-02  1.17411913e+02 
 1.77881084e+15  3.43842550e+35  9.90210000e+00  1.28740214e+00  9.40660000e+00  1.28571026e+00  3.34219226e-01  3.26209152e-03  4.49474655e-02  1.14905017e+02 
 1.78199769e+15  3.46520119e+35  9.89410000e+00  1.29075401e+00  9.40160000e+00  1.28906812e+00  3.34886985e-01  3.24085459e-03  4.47483687e-02  1.12462997e+02 
 1.78518454e+15  3.49212124e+35  9.88610000e+00  1.29410499e+00  9.39660000e+00  1.29242304e+00  3.35561071e-01  3.22367015e-03  4.45517290e-02  1.10080494e+02 
 1.78837140e+15  3.51919302e+35  9.87910000e+00  1.29745524e+00  9.39160000e+00  1.29577580e+00  3.36173045e-01  3.20922962e-03  4.43348052e-02  1.07755182e+02 
 1.79155825e+15  3.54636838e+35  9.87110000e+00  1.30079944e+00  9.38660000e+00  1.29911946e+00  3.36859096e-01  3.20070764e-03  4.41434438e-02  1.05489841e+02 
 1.79474510e+15  3.57367409e+35  9.86310000e+00  1.30413982e+00  9.38260000e+00  1.30250233e+00  3.37550850e-01  3.11071636e-03  4.39544546e-02  1.03280344e+02 
 1.79793196e+15  3.60114618e+35  9.85610000e+00  1.30748093e+00  9.37760000e+00  1.30584002e+00  3.38180048e-01  3.10790851e-03  4.37452414e-02  1.01122522e+02 
 1.80111881e+15  3.62872134e+35  9.84810000e+00  1.31081482e+00  9.37260000e+00  1.30916779e+00  3.38883383e-01  3.11026824e-03  4.35611053e-02  9.90199715e+01 
 1.80430566e+15  3.65641495e+35  9.84110000e+00  1.31414272e+00  9.36860000e+00  1.31253267e+00  3.39523059e-01  3.03160068e-03  4.33573175e-02  9.69697644e+01 
 1.80749252e+15  3.68428742e+35  9.83310000e+00  1.31747254e+00  9.36360000e+00  1.31585303e+00  3.40237783e-01  3.04038474e-03  4.31774844e-02  9.49664353e+01 
 1.81067937e+15  3.71226240e+35  9.82610000e+00  1.32079411e+00  9.35960000e+00  1.31920770e+00  3.40888285e-01  2.96961203e-03  4.29783111e-02  9.30139312e+01 
 1.81386622e+15  3.74034612e+35  9.81910000e+00  1.32410813e+00  9.35460000e+00  1.32250867e+00  3.41543653e-01  2.98518508e-03  4.27817784e-02  9.11104873e+01 
 1.81705308e+15  3.76861892e+35  9.81210000e+00  1.32742443e+00  9.35060000e+00  1.32585451e+00  3.42204620e-01  2.92154454e-03  4.25869698e-02  8.92495273e+01 
 1.82023993e+15  3.79699361e+35  9.80510000e+00  1.33073155e+00  9.34560000e+00  1.32914531e+00  3.42869994e-01  2.94324093e-03  4.23946826e-02  8.74354678e+01 
