# rhoc (cgs) 	 Pc (cgs) 	 R (km) 	 M (msol) 	 R_core (km) 	 M_core (msol) 	 I/(MR^2) 	 I_crust/(M_crust R_crust^2)/(I/(MR^2)) 	 k_2 	 Lambda 
 2.30000000e+14  2.95626456e+33  1.71351000e+01  1.48604709e-01  7.02260000e+00  1.23960192e-01  7.62093604e-02  3.06524687e-01  9.46833416e-03  1.83278833e+07 
 2.30312312e+14  2.97286615e+33  1.70731000e+01  1.49334122e-01  7.03460000e+00  1.24724650e-01  7.69166972e-02  3.04693044e-01  9.67726714e-03  1.79509634e+07 
 2.30624625e+14  2.98955207e+33  1.70121000e+01  1.50067185e-01  7.04560000e+00  1.25460086e-01  7.76240437e-02  3.03202193e-01  9.88877551e-03  1.75821449e+07 
 2.30936937e+14  3.00623799e+33  1.69521000e+01  1.50800165e-01  7.05760000e+00  1.26229836e-01  7.83303907e-02  3.01378965e-01  1.01026018e-02  1.72230502e+07 
 2.31249250e+14  3.02292391e+33  1.68941000e+01  1.51533035e-01  7.06860000e+00  1.26968437e-01  7.90261372e-02  2.99885030e-01  1.03156076e-02  1.68733720e+07 
 2.31561562e+14  3.03960983e+33  1.68371000e+01  1.52265782e-01  7.08060000e+00  1.27741526e-01  7.97201725e-02  2.98058807e-01  1.05306099e-02  1.65328138e+07 
 2.31873875e+14  3.05629574e+33  1.67801000e+01  1.52998379e-01  7.09160000e+00  1.28483233e-01  8.04218285e-02  2.96561517e-01  1.07507130e-02  1.62010898e+07 
 2.32186187e+14  3.07298166e+33  1.67251000e+01  1.53730805e-01  7.10260000e+00  1.29226427e-01  8.11117967e-02  2.95062256e-01  1.09694845e-02  1.58779238e+07 
 2.32498500e+14  3.08966758e+33  1.66711000e+01  1.54463047e-01  7.11360000e+00  1.29971083e-01  8.17993003e-02  2.93561152e-01  1.11899471e-02  1.55630499e+07 
 2.32810812e+14  3.10635350e+33  1.66181000e+01  1.55195081e-01  7.12460000e+00  1.30717206e-01  8.24840761e-02  2.92057889e-01  1.14119866e-02  1.52562121e+07 
 2.33123125e+14  3.12303942e+33  1.65661000e+01  1.55926886e-01  7.13660000e+00  1.31498300e-01  8.31658619e-02  2.90222093e-01  1.16354848e-02  1.49571631e+07 
 2.33435437e+14  3.13972534e+33  1.65151000e+01  1.56658447e-01  7.14760000e+00  1.32247431e-01  8.38443984e-02  2.88714316e-01  1.18603201e-02  1.46656646e+07 
 2.33747750e+14  3.15641126e+33  1.64641000e+01  1.57389746e-01  7.15760000e+00  1.32964280e-01  8.45296889e-02  2.87534145e-01  1.20900364e-02  1.43814868e+07 
 2.34060062e+14  3.17309718e+33  1.64151000e+01  1.58120768e-01  7.16860000e+00  1.33716169e-01  8.52010425e-02  2.86021403e-01  1.23172394e-02  1.41044077e+07 
 2.34372375e+14  3.18978309e+33  1.63671000e+01  1.58851494e-01  7.17960000e+00  1.34469473e-01  8.58683455e-02  2.84506117e-01  1.25453833e-02  1.38342135e+07 
 2.34684687e+14  3.20646901e+33  1.63191000e+01  1.59581909e-01  7.19060000e+00  1.35224182e-01  8.65419333e-02  2.82988228e-01  1.27782408e-02  1.35706981e+07 
 2.34997000e+14  3.22315493e+33  1.62731000e+01  1.60311994e-01  7.20160000e+00  1.35980294e-01  8.72004297e-02  2.81467563e-01  1.30079168e-02  1.33136617e+07 
 2.35309312e+14  3.23984085e+33  1.62271000e+01  1.61041735e-01  7.21160000e+00  1.36703571e-01  8.78648864e-02  2.80273439e-01  1.32421736e-02  1.30629125e+07 
 2.35621625e+14  3.25652677e+33  1.61821000e+01  1.61771116e-01  7.22260000e+00  1.37462362e-01  8.85244207e-02  2.78746953e-01  1.34769422e-02  1.28182647e+07 
 2.35933937e+14  3.27321269e+33  1.61381000e+01  1.62500123e-01  7.23360000e+00  1.38222524e-01  8.91787541e-02  2.77217548e-01  1.37120633e-02  1.25795390e+07 
 2.36246250e+14  3.28989861e+33  1.60941000e+01  1.63228743e-01  7.24360000e+00  1.38949526e-01  8.98387746e-02  2.76014095e-01  1.39517082e-02  1.23465626e+07 
 2.36558562e+14  3.30658453e+33  1.60521000e+01  1.63956959e-01  7.25460000e+00  1.39712313e-01  9.04819813e-02  2.74478539e-01  1.41871252e-02  1.21191675e+07 
 2.36870875e+14  3.32327044e+33  1.60101000e+01  1.64684757e-01  7.26460000e+00  1.40441732e-01  9.11305319e-02  2.73268412e-01  1.44268966e-02  1.18971931e+07 
 2.37183187e+14  3.33995636e+33  1.59681000e+01  1.65412126e-01  7.27460000e+00  1.41172286e-01  9.17844790e-02  2.72054938e-01  1.46711081e-02  1.16804829e+07 
 2.37495500e+14  3.35664228e+33  1.59281000e+01  1.66139049e-01  7.28560000e+00  1.41938916e-01  9.24206521e-02  2.70509524e-01  1.49104784e-02  1.14688857e+07 
 2.37807812e+14  3.37332820e+33  1.58881000e+01  1.66865514e-01  7.29560000e+00  1.42671853e-01  9.30618705e-02  2.69288968e-01  1.51541003e-02  1.12622562e+07 
 2.38120125e+14  3.39001412e+33  1.58491000e+01  1.67591514e-01  7.30560000e+00  1.43405902e-01  9.36963582e-02  2.68064955e-01  1.53971959e-02  1.10604531e+07 
 2.38432437e+14  3.40670004e+33  1.58111000e+01  1.68317028e-01  7.31560000e+00  1.44141080e-01  9.43238207e-02  2.66837118e-01  1.56395711e-02  1.08633402e+07 
 2.38744750e+14  3.42414810e+33  1.57711000e+01  1.69075191e-01  7.32660000e+00  1.44930236e-01  9.49882040e-02  2.65371407e-01  1.58987644e-02  1.06620877e+07 
 2.39057062e+14  3.44266800e+33  1.57301000e+01  1.69879678e-01  7.33760000e+00  1.45745560e-01  9.56815433e-02  2.64033620e-01  1.61714989e-02  1.04536733e+07 
 2.39369375e+14  3.46118790e+33  1.56901000e+01  1.70683953e-01  7.34860000e+00  1.46562434e-01  9.63683677e-02  2.62692363e-01  1.64440665e-02  1.02504445e+07 
 2.39681687e+14  3.47970781e+33  1.56501000e+01  1.71487995e-01  7.35960000e+00  1.47380841e-01  9.70607788e-02  2.61347660e-01  1.67216032e-02  1.00522496e+07 
 2.39994000e+14  3.49822771e+33  1.56111000e+01  1.72291784e-01  7.37060000e+00  1.48200765e-01  9.77463034e-02  2.59999475e-01  1.69987582e-02  9.85894101e+06 
 2.40306312e+14  3.51674761e+33  1.55731000e+01  1.73095297e-01  7.38160000e+00  1.49022199e-01  9.84246303e-02  2.58647672e-01  1.72753146e-02  9.67037619e+06 
 2.40618625e+14  3.53526752e+33  1.55351000e+01  1.73898515e-01  7.39260000e+00  1.49845133e-01  9.91082101e-02  2.57292213e-01  1.75567021e-02  9.48641726e+06 
 2.40930937e+14  3.55378742e+33  1.54981000e+01  1.74701420e-01  7.40360000e+00  1.50669552e-01  9.97842091e-02  2.55933064e-01  1.78372526e-02  9.30693040e+06 
 2.41243250e+14  3.57230732e+33  1.54621000e+01  1.75503992e-01  7.41460000e+00  1.51495446e-01  1.00452315e-01  2.54570166e-01  1.81167370e-02  9.13178643e+06 
 2.41555562e+14  3.59082723e+33  1.54261000e+01  1.76306216e-01  7.42560000e+00  1.52322802e-01  1.01125329e-01  2.53203506e-01  1.84008863e-02  8.96086048e+06 
 2.41867875e+14  3.60934713e+33  1.53911000e+01  1.77108076e-01  7.43560000e+00  1.53115222e-01  1.01790063e-01  2.52158748e-01  1.86837116e-02  8.79403137e+06 
 2.42180187e+14  3.62786703e+33  1.53561000e+01  1.77909551e-01  7.44660000e+00  1.53945372e-01  1.02459545e-01  2.50784222e-01  1.89711461e-02  8.63118236e+06 
 2.42492500e+14  3.64638694e+33  1.53221000e+01  1.78710625e-01  7.45760000e+00  1.54776955e-01  1.03120349e-01  2.49405792e-01  1.92569818e-02  8.47219997e+06 
 2.42804812e+14  3.66490684e+33  1.52891000e+01  1.79511283e-01  7.46760000e+00  1.55573269e-01  1.03772163e-01  2.48348394e-01  1.95409714e-02  8.31697462e+06 
 2.43117125e+14  3.68342674e+33  1.52561000e+01  1.80311512e-01  7.47860000e+00  1.56407583e-01  1.04428367e-01  2.46961921e-01  1.98293628e-02  8.16540054e+06 
 2.43429437e+14  3.70194665e+33  1.52241000e+01  1.81111293e-01  7.48860000e+00  1.57206408e-01  1.05075182e-01  2.45895911e-01  2.01156156e-02  8.01737495e+06 
 2.43741750e+14  3.72046655e+33  1.51921000e+01  1.81910613e-01  7.49860000e+00  1.58006416e-01  1.05726217e-01  2.44825527e-01  2.04061888e-02  7.87279867e+06 
 2.44054062e+14  3.73898645e+33  1.51611000e+01  1.82709457e-01  7.50960000e+00  1.58844723e-01  1.06367466e-01  2.43426493e-01  2.06943215e-02  7.73157547e+06 
 2.44366375e+14  3.75750636e+33  1.51311000e+01  1.83507810e-01  7.51960000e+00  1.59647197e-01  1.06998616e-01  2.42347272e-01  2.09797493e-02  7.59361222e+06 
 2.44678687e+14  3.77602626e+33  1.51001000e+01  1.84305659e-01  7.52960000e+00  1.60450838e-01  1.07647870e-01  2.41263503e-01  2.12762918e-02  7.45881930e+06 
 2.44991000e+14  3.79454616e+33  1.50711000e+01  1.85102991e-01  7.54060000e+00  1.61293047e-01  1.08272482e-01  2.39851800e-01  2.15628761e-02  7.32710880e+06 
 2.45303312e+14  3.81306607e+33  1.50421000e+01  1.85899792e-01  7.55060000e+00  1.62099102e-01  1.08900765e-01  2.38759106e-01  2.18534272e-02  7.19839670e+06 
 2.45615625e+14  3.83158597e+33  1.50131000e+01  1.86696047e-01  7.56060000e+00  1.62906304e-01  1.09532742e-01  2.37661777e-01  2.21480000e-02  7.07260115e+06 
 2.45927937e+14  3.85010587e+33  1.49851000e+01  1.87491746e-01  7.57060000e+00  1.63714642e-01  1.10153732e-01  2.36559821e-01  2.24391622e-02  6.94964271e+06 
 2.46240250e+14  3.86862577e+33  1.49571000e+01  1.88286875e-01  7.58060000e+00  1.64524111e-01  1.10778236e-01  2.35453215e-01  2.27342312e-02  6.82944481e+06 
 2.46552562e+14  3.88714568e+33  1.49301000e+01  1.89081423e-01  7.59060000e+00  1.65334701e-01  1.11391352e-01  2.34341953e-01  2.30255466e-02  6.71193286e+06 
 2.46864875e+14  3.90566558e+33  1.49031000e+01  1.89875378e-01  7.60060000e+00  1.66146407e-01  1.12007804e-01  2.33226036e-01  2.33206463e-02  6.59703496e+06 
 2.47177187e+14  3.92418548e+33  1.48761000e+01  1.90668728e-01  7.61060000e+00  1.66959219e-01  1.12627609e-01  2.32105454e-01  2.36195791e-02  6.48468129e+06 
 2.47489500e+14  3.94431171e+33  1.48481000e+01  1.91530340e-01  7.62060000e+00  1.67810711e-01  1.13284562e-01  2.31161650e-01  2.39380422e-02  6.36536821e+06 
 2.47801812e+14  3.96479089e+33  1.48201000e+01  1.92406726e-01  7.63160000e+00  1.68710105e-01  1.13949392e-01  2.29931359e-01  2.42625496e-02  6.24682348e+06 
 2.48114125e+14  3.98527007e+33  1.47921000e+01  1.93282758e-01  7.64260000e+00  1.69611041e-01  1.14618077e-01  2.28696466e-01  2.45915161e-02  6.13108419e+06 
 2.48426437e+14  4.00574925e+33  1.47651000e+01  1.94158415e-01  7.65360000e+00  1.70513503e-01  1.15275023e-01  2.27456935e-01  2.49165638e-02  6.01807236e+06 
 2.48738750e+14  4.02622843e+33  1.47381000e+01  1.95033677e-01  7.66360000e+00  1.71378835e-01  1.15935634e-01  2.26533203e-01  2.52459391e-02  5.90771254e+06 
 2.49051062e+14  4.04670760e+33  1.47111000e+01  1.95908533e-01  7.67460000e+00  1.72284189e-01  1.16599939e-01  2.25284358e-01  2.55797032e-02  5.79993139e+06 
 2.49363375e+14  4.06718678e+33  1.46851000e+01  1.96782954e-01  7.68460000e+00  1.73152179e-01  1.17251976e-01  2.24350630e-01  2.59090848e-02  5.69465762e+06 
 2.49675687e+14  4.08766596e+33  1.46601000e+01  1.97656925e-01  7.69560000e+00  1.74060406e-01  1.17891418e-01  2.23092031e-01  2.62337569e-02  5.59182230e+06 
 2.49988000e+14  4.10814514e+33  1.46351000e+01  1.98530435e-01  7.70560000e+00  1.74931007e-01  1.18534142e-01  2.22148315e-01  2.65624686e-02  5.49135869e+06 
 2.50300312e+14  4.12862432e+33  1.46101000e+01  1.99403458e-01  7.71660000e+00  1.75842046e-01  1.19180156e-01  2.20880129e-01  2.68952633e-02  5.39320206e+06 
 2.50612625e+14  4.14910350e+33  1.45851000e+01  2.00275988e-01  7.72660000e+00  1.76715228e-01  1.19829488e-01  2.19926256e-01  2.72321977e-02  5.29728952e+06 
 2.50924937e+14  4.16958268e+33  1.45611000e+01  2.01148001e-01  7.73660000e+00  1.77589634e-01  1.20465596e-01  2.18967090e-01  2.75638499e-02  5.20356007e+06 
 2.51237250e+14  4.19006186e+33  1.45381000e+01  2.02019484e-01  7.74760000e+00  1.78504754e-01  1.21088156e-01  2.17684403e-01  2.78898801e-02  5.11195465e+06 
 2.51549562e+14  4.21054104e+33  1.45151000e+01  2.02890424e-01  7.75760000e+00  1.79381682e-01  1.21713617e-01  2.16715056e-01  2.82196687e-02  5.02241622e+06 
 2.51861875e+14  4.23102022e+33  1.44921000e+01  2.03760804e-01  7.76760000e+00  1.80259805e-01  1.22341990e-01  2.15740458e-01  2.85532566e-02  4.93488928e+06 
 2.52174187e+14  4.25149940e+33  1.44691000e+01  2.04630609e-01  7.77760000e+00  1.81139114e-01  1.22973288e-01  2.14760602e-01  2.88906863e-02  4.84932005e+06 
 2.52486500e+14  4.27197858e+33  1.44471000e+01  2.05499827e-01  7.78760000e+00  1.82019595e-01  1.23590414e-01  2.13775550e-01  2.92218859e-02  4.76565620e+06 
 2.52798812e+14  4.29245776e+33  1.44261000e+01  2.06368444e-01  7.79760000e+00  1.82901245e-01  1.24193045e-01  2.12785238e-01  2.95465033e-02  4.68384716e+06 
 2.53111125e+14  4.31293694e+33  1.44041000e+01  2.07236445e-01  7.80760000e+00  1.83784056e-01  1.24815521e-01  2.11789684e-01  2.98849318e-02  4.60384420e+06 
 2.53423437e+14  4.33341612e+33  1.43831000e+01  2.08103818e-01  7.81760000e+00  1.84668018e-01  1.25423302e-01  2.10788883e-01  3.02165915e-02  4.52559943e+06 
 2.53735750e+14  4.35389530e+33  1.43621000e+01  2.08970550e-01  7.82760000e+00  1.85553122e-01  1.26033619e-01  2.09782852e-01  3.05517611e-02  4.44906685e+06 
 2.54048062e+14  4.37437448e+33  1.43421000e+01  2.09836629e-01  7.83760000e+00  1.86439361e-01  1.26628819e-01  2.08771595e-01  3.08797077e-02  4.37420156e+06 
 2.54360375e+14  4.39485366e+33  1.43221000e+01  2.10702041e-01  7.84760000e+00  1.87326724e-01  1.27226356e-01  2.07755124e-01  3.12109696e-02  4.30096029e+06 
 2.54672687e+14  4.41533284e+33  1.43021000e+01  2.11566774e-01  7.85660000e+00  1.88174590e-01  1.27826235e-01  2.07048545e-01  3.15455766e-02  4.22930090e+06 
 2.54985000e+14  4.43581202e+33  1.42831000e+01  2.12430818e-01  7.86660000e+00  1.89064093e-01  1.28410485e-01  2.06021288e-01  3.18724027e-02  4.15918236e+06 
 2.55297312e+14  4.45629120e+33  1.42631000e+01  2.13294163e-01  7.87660000e+00  1.89954689e-01  1.29014973e-01  2.04988938e-01  3.22136668e-02  4.09056527e+06 
 2.55609625e+14  4.47677038e+33  1.42441000e+01  2.14156795e-01  7.88560000e+00  1.90805454e-01  1.29603630e-01  2.04265750e-01  3.25469451e-02  4.02341087e+06 
 2.55921937e+14  4.49757880e+33  1.42261000e+01  2.15032557e-01  7.89560000e+00  1.91705921e-01  1.30180064e-01  2.03256257e-01  3.28737716e-02  3.95663604e+06 
 2.56234250e+14  4.52013685e+33  1.42051000e+01  2.15981385e-01  7.90660000e+00  1.92690017e-01  1.30834649e-01  2.02106659e-01  3.32488921e-02  3.88584457e+06 
 2.56546562e+14  4.54269491e+33  1.41861000e+01  2.16929744e-01  7.91660000e+00  1.93634405e-01  1.31454953e-01  2.01265329e-01  3.36043643e-02  3.81666139e+06 
 2.56858875e+14  4.56525296e+33  1.41661000e+01  2.17877609e-01  7.92660000e+00  1.94580094e-01  1.32096246e-01  2.00418204e-01  3.39753294e-02  3.74904429e+06 
 2.57171187e+14  4.58781101e+33  1.41471000e+01  2.18824966e-01  7.93760000e+00  1.95568536e-01  1.32721357e-01  1.99252516e-01  3.43379878e-02  3.68295145e+06 
 2.57483500e+14  4.61036906e+33  1.41281000e+01  2.19771794e-01  7.94760000e+00  1.96516894e-01  1.33348831e-01  1.98394256e-01  3.47042192e-02  3.61834265e+06 
 2.57795812e+14  4.63292711e+33  1.41091000e+01  2.20718072e-01  7.95760000e+00  1.97466525e-01  1.33978670e-01  1.97530127e-01  3.50740534e-02  3.55517867e+06 
 2.58108125e+14  4.65548517e+33  1.40911000e+01  2.21663792e-01  7.96860000e+00  1.98459175e-01  1.34591788e-01  1.96348590e-01  3.54349549e-02  3.49342124e+06 
 2.58420437e+14  4.67804322e+33  1.40731000e+01  2.22608931e-01  7.97860000e+00  1.99411392e-01  1.35207066e-01  1.95473492e-01  3.57992328e-02  3.43303355e+06 
 2.58732750e+14  4.70060127e+33  1.40551000e+01  2.23553470e-01  7.98860000e+00  2.00364848e-01  1.35824507e-01  1.94592587e-01  3.61669146e-02  3.37397968e+06 
 2.59045062e+14  4.72315932e+33  1.40381000e+01  2.24497397e-01  7.99860000e+00  2.01319523e-01  1.36424681e-01  1.93705980e-01  3.65250191e-02  3.31622464e+06 
 2.59357375e+14  4.74571737e+33  1.40211000e+01  2.25440698e-01  8.00860000e+00  2.02275397e-01  1.37026815e-01  1.92813777e-01  3.68862958e-02  3.25973473e+06 
 2.59669687e+14  4.76827542e+33  1.40041000e+01  2.26383357e-01  8.01860000e+00  2.03232468e-01  1.37630913e-01  1.91915937e-01  3.72507694e-02  3.20447707e+06 
 2.59982000e+14  4.79083348e+33  1.39871000e+01  2.27325358e-01  8.02860000e+00  2.04190728e-01  1.38236979e-01  1.91012445e-01  3.76184645e-02  3.15041978e+06 
 2.60294312e+14  4.81339153e+33  1.39711000e+01  2.28266687e-01  8.03860000e+00  2.05150167e-01  1.38825141e-01  1.90103307e-01  3.79758118e-02  3.09753178e+06 
 2.60606625e+14  4.83594958e+33  1.39551000e+01  2.29207331e-01  8.04860000e+00  2.06110774e-01  1.39415063e-01  1.89188559e-01  3.83361375e-02  3.04578313e+06 
 2.60918937e+14  4.85850763e+33  1.39391000e+01  2.30147275e-01  8.05860000e+00  2.07072539e-01  1.40006750e-01  1.88268222e-01  3.86994630e-02  2.99514464e+06 
 2.61231250e+14  4.88106568e+33  1.39231000e+01  2.31086509e-01  8.06760000e+00  2.07992616e-01  1.40600208e-01  1.87651107e-01  3.90658130e-02  2.94558796e+06 
 2.61543562e+14  4.90362374e+33  1.39081000e+01  2.32025016e-01  8.07760000e+00  2.08956574e-01  1.41175131e-01  1.86719283e-01  3.94210293e-02  2.89708548e+06 
 2.61855875e+14  4.92618179e+33  1.38921000e+01  2.32962783e-01  8.08760000e+00  2.09921661e-01  1.41772027e-01  1.85781957e-01  3.97933387e-02  2.84961068e+06 
 2.62168187e+14  4.94873984e+33  1.38781000e+01  2.33899800e-01  8.09660000e+00  2.10844730e-01  1.42329668e-01  1.85146874e-01  4.01397976e-02  2.80313728e+06 
 2.62480500e+14  4.97129789e+33  1.38631000e+01  2.34836054e-01  8.10660000e+00  2.11811958e-01  1.42909288e-01  1.84198187e-01  4.05033875e-02  2.75764039e+06 
 2.62792812e+14  4.99385594e+33  1.38481000e+01  2.35771534e-01  8.11560000e+00  2.12736936e-01  1.43490481e-01  1.83551259e-01  4.08698062e-02  2.71309542e+06 
 2.63105125e+14  5.01641400e+33  1.38341000e+01  2.36706225e-01  8.12560000e+00  2.13706276e-01  1.44052418e-01  1.82591243e-01  4.12241672e-02  2.66947849e+06 
 2.63417437e+14  5.03897205e+33  1.38201000e+01  2.37640121e-01  8.13460000e+00  2.14633138e-01  1.44615725e-01  1.81932488e-01  4.15811019e-02  2.62676657e+06 
 2.63729750e+14  5.06153010e+33  1.38061000e+01  2.38573205e-01  8.14460000e+00  2.15604549e-01  1.45180401e-01  1.80961326e-01  4.19406227e-02  2.58493722e+06 
 2.64042062e+14  5.08408815e+33  1.37931000e+01  2.39505471e-01  8.15360000e+00  2.16533272e-01  1.45725317e-01  1.80290784e-01  4.22874137e-02  2.54396854e+06 
 2.64354375e+14  5.10664620e+33  1.37791000e+01  2.40436903e-01  8.16360000e+00  2.17506722e-01  1.46292636e-01  1.79308544e-01  4.26520076e-02  2.50383950e+06 
 2.64666687e+14  5.13014067e+33  1.37651000e+01  2.41406149e-01  8.17260000e+00  2.18459522e-01  1.46872581e-01  1.78712059e-01  4.30254610e-02  2.46291329e+06 
 2.64979000e+14  5.15489401e+33  1.37511000e+01  2.42426690e-01  8.18260000e+00  2.19487315e-01  1.47469103e-01  1.77919241e-01  4.34100600e-02  2.42071583e+06 
 2.65291312e+14  5.17964735e+33  1.37371000e+01  2.43446624e-01  8.19260000e+00  2.20516382e-01  1.48067127e-01  1.77120479e-01  4.37975150e-02  2.37943787e+06 
 2.65603625e+14  5.20440070e+33  1.37231000e+01  2.44465930e-01  8.20360000e+00  2.21591004e-01  1.48666657e-01  1.76011398e-01  4.41878443e-02  2.33905601e+06 
 2.65915937e+14  5.22915404e+33  1.37101000e+01  2.45484589e-01  8.21360000e+00  2.22622708e-01  1.49245917e-01  1.75200938e-01  4.45648077e-02  2.29954736e+06 
 2.66228250e+14  5.25390738e+33  1.36961000e+01  2.46502584e-01  8.22360000e+00  2.23655653e-01  1.49848356e-01  1.74384530e-01  4.49607787e-02  2.26088989e+06 
 2.66540562e+14  5.27866072e+33  1.36831000e+01  2.47519900e-01  8.23260000e+00  2.24645216e-01  1.50430317e-01  1.73865517e-01  4.53431053e-02  2.22306183e+06 
 2.66852875e+14  5.30341406e+33  1.36701000e+01  2.48536519e-01  8.24260000e+00  2.25680501e-01  1.51013580e-01  1.73036953e-01  4.57280603e-02  2.18604229e+06 
 2.67165187e+14  5.32816740e+33  1.36571000e+01  2.49552425e-01  8.25260000e+00  2.26716996e-01  1.51598144e-01  1.72202469e-01  4.61156564e-02  2.14981086e+06 
 2.67477500e+14  5.35292074e+33  1.36451000e+01  2.50567602e-01  8.26260000e+00  2.27754686e-01  1.52161705e-01  1.71362118e-01  4.64888695e-02  2.11434763e+06 
 2.67789812e+14  5.37767408e+33  1.36321000e+01  2.51582037e-01  8.27260000e+00  2.28793559e-01  1.52748773e-01  1.70515960e-01  4.68816347e-02  2.07963347e+06 
 2.68102125e+14  5.40242742e+33  1.36201000e+01  2.52595717e-01  8.28160000e+00  2.29788448e-01  1.53314634e-01  1.69965762e-01  4.72597341e-02  2.04564949e+06 
 2.68414437e+14  5.42718076e+33  1.36081000e+01  2.53608628e-01  8.29160000e+00  2.30829541e-01  1.53881595e-01  1.69107820e-01  4.76402185e-02  2.01237756e+06 
 2.68726750e+14  5.45193410e+33  1.35961000e+01  2.54620749e-01  8.30160000e+00  2.31871796e-01  1.54449652e-01  1.68244027e-01  4.80230939e-02  1.97979997e+06 
 2.69039062e+14  5.47668745e+33  1.35851000e+01  2.55632069e-01  8.31060000e+00  2.32869738e-01  1.54995983e-01  1.67675133e-01  4.83905589e-02  1.94789946e+06 
 2.69351375e+14  5.50144079e+33  1.35731000e+01  2.56642585e-01  8.32060000e+00  2.33914146e-01  1.55566143e-01  1.66799787e-01  4.87781056e-02  1.91665942e+06 
 2.69663687e+14  5.52619413e+33  1.35621000e+01  2.57652268e-01  8.32960000e+00  2.34914030e-01  1.56114368e-01  1.66218563e-01  4.91499483e-02  1.88606348e+06 
 2.69976000e+14  5.55094747e+33  1.35511000e+01  2.58661119e-01  8.33960000e+00  2.35960579e-01  1.56663498e-01  1.65331519e-01  4.95239224e-02  1.85609587e+06 
 2.70288312e+14  5.57570081e+33  1.35401000e+01  2.59669115e-01  8.34860000e+00  2.36962371e-01  1.57213520e-01  1.64738088e-01  4.99000278e-02  1.82674125e+06 
 2.70600625e+14  5.60045415e+33  1.35291000e+01  2.60676253e-01  8.35860000e+00  2.38011014e-01  1.57764445e-01  1.63839563e-01  5.02782811e-02  1.79798468e+06 
 2.70912937e+14  5.62520749e+33  1.35191000e+01  2.61682511e-01  8.36760000e+00  2.39014688e-01  1.58292839e-01  1.63233960e-01  5.06399466e-02  1.76981155e+06 
 2.71225250e+14  5.64996083e+33  1.35081000e+01  2.62687889e-01  8.37660000e+00  2.40019210e-01  1.58845459e-01  1.62622409e-01  5.10223563e-02  1.74220787e+06 
 2.71537562e+14  5.67471417e+33  1.34981000e+01  2.63692369e-01  8.38660000e+00  2.41070886e-01  1.59375355e-01  1.61706635e-01  5.13878925e-02  1.71515978e+06 
 2.71849875e+14  5.69946751e+33  1.34881000e+01  2.64695937e-01  8.39560000e+00  2.42077257e-01  1.59905949e-01  1.61082965e-01  5.17552940e-02  1.68865399e+06 
 2.72162187e+14  5.72422086e+33  1.34781000e+01  2.65698589e-01  8.40460000e+00  2.43084461e-01  1.60437247e-01  1.60453355e-01  5.21245730e-02  1.66267750e+06 
 2.72474500e+14  5.74897420e+33  1.34681000e+01  2.66700311e-01  8.41360000e+00  2.44092508e-01  1.60969243e-01  1.59817689e-01  5.24957317e-02  1.63721766e+06 
 2.72786812e+14  5.77372754e+33  1.34581000e+01  2.67701093e-01  8.42260000e+00  2.45101391e-01  1.61501939e-01  1.59176005e-01  5.28687763e-02  1.61226220e+06 
 2.73099125e+14  5.79848088e+33  1.34491000e+01  2.68700924e-01  8.43160000e+00  2.46111104e-01  1.62011235e-01  1.58528311e-01  5.32239194e-02  1.58779908e+06 
 2.73411437e+14  5.82466516e+33  1.34391000e+01  2.69757592e-01  8.44160000e+00  2.47202626e-01  1.62562159e-01  1.57694844e-01  5.36109160e-02  1.56244289e+06 
 2.73723750e+14  5.85172764e+33  1.34291000e+01  2.70848956e-01  8.45160000e+00  2.48316277e-01  1.63124235e-01  1.56926845e-01  5.40062683e-02  1.53677845e+06 
 2.74036062e+14  5.87879012e+33  1.34191000e+01  2.71939571e-01  8.46060000e+00  2.49384056e-01  1.63687090e-01  1.56448200e-01  5.44036832e-02  1.51165117e+06 
 2.74348375e+14  5.90585260e+33  1.34091000e+01  2.73029420e-01  8.47060000e+00  2.50500071e-01  1.64250725e-01  1.55667803e-01  5.48031688e-02  1.48704792e+06 
 2.74660687e+14  5.93291508e+33  1.33991000e+01  2.74118488e-01  8.48060000e+00  2.51617284e-01  1.64815145e-01  1.54881545e-01  5.52047358e-02  1.46295585e+06 
 2.74973000e+14  5.95997757e+33  1.33901000e+01  2.75206756e-01  8.48960000e+00  2.52688251e-01  1.65355644e-01  1.54383739e-01  5.55876270e-02  1.43936242e+06 
 2.75285312e+14  5.98704005e+33  1.33801000e+01  2.76294209e-01  8.49960000e+00  2.53807744e-01  1.65921528e-01  1.53585330e-01  5.59932106e-02  1.41625557e+06 
 2.75597625e+14  6.01410253e+33  1.33711000e+01  2.77380830e-01  8.50960000e+00  2.54928407e-01  1.66463288e-01  1.52781058e-01  5.63798048e-02  1.39362336e+06 
 2.75909937e+14  6.04116501e+33  1.33621000e+01  2.78466608e-01  8.51860000e+00  2.56002467e-01  1.67005634e-01  1.52264357e-01  5.67681834e-02  1.37145431e+06 
 2.76222250e+14  6.06822749e+33  1.33531000e+01  2.79551522e-01  8.52860000e+00  2.57125337e-01  1.67548557e-01  1.51448144e-01  5.71583442e-02  1.34973722e+06 
 2.76534562e+14  6.09528997e+33  1.33451000e+01  2.80635567e-01  8.53760000e+00  2.58201360e-01  1.68066874e-01  1.50918943e-01  5.75287392e-02  1.32846111e+06 
 2.76846875e+14  6.12235245e+33  1.33361000e+01  2.81718718e-01  8.54660000e+00  2.59278309e-01  1.68610859e-01  1.50383251e-01  5.79223232e-02  1.30761548e+06 
 2.77159187e+14  6.14941493e+33  1.33281000e+01  2.82800974e-01  8.55660000e+00  2.60404337e-01  1.69130047e-01  1.49549389e-01  5.82958354e-02  1.28718989e+06 
 2.77471500e+14  6.17647741e+33  1.33191000e+01  2.83882310e-01  8.56560000e+00  2.61483198e-01  1.69675093e-01  1.49001369e-01  5.86928586e-02  1.26717440e+06 
 2.77783812e+14  6.20353989e+33  1.33111000e+01  2.84962719e-01  8.57460000e+00  2.62562933e-01  1.70195142e-01  1.48447154e-01  5.90694953e-02  1.24755913e+06 
 2.78096125e+14  6.23060237e+33  1.33031000e+01  2.86042192e-01  8.58460000e+00  2.63692039e-01  1.70715578e-01  1.47595815e-01  5.94476254e-02  1.22833460e+06 
 2.78408437e+14  6.25766485e+33  1.32951000e+01  2.87120707e-01  8.59360000e+00  2.64773639e-01  1.71236393e-01  1.47029402e-01  5.98272439e-02  1.20949155e+06 
 2.78720750e+14  6.28472733e+33  1.32871000e+01  2.88198258e-01  8.60260000e+00  2.65856098e-01  1.71757590e-01  1.46456828e-01  6.02083570e-02  1.19102099e+06 
 2.79033062e+14  6.31178982e+33  1.32791000e+01  2.89274836e-01  8.61160000e+00  2.66939394e-01  1.72279171e-01  1.45878225e-01  6.05909697e-02  1.17291411e+06 
 2.79345375e+14  6.33885230e+33  1.32721000e+01  2.90350426e-01  8.62060000e+00  2.68023528e-01  1.72775091e-01  1.45293540e-01  6.09521126e-02  1.15516236e+06 
 2.79657687e+14  6.36591478e+33  1.32641000e+01  2.91425017e-01  8.62960000e+00  2.69108500e-01  1.73297337e-01  1.44702788e-01  6.13375664e-02  1.13775750e+06 
 2.79970000e+14  6.39297726e+33  1.32571000e+01  2.92498597e-01  8.63860000e+00  2.70194302e-01  1.73793734e-01  1.44105975e-01  6.17012439e-02  1.12069137e+06 
 2.80282312e+14  6.42003974e+33  1.32501000e+01  2.93571155e-01  8.64760000e+00  2.71280923e-01  1.74290324e-01  1.43503159e-01  6.20661152e-02  1.10395612e+06 
 2.80594625e+14  6.44710222e+33  1.32431000e+01  2.94642683e-01  8.65660000e+00  2.72368356e-01  1.74787106e-01  1.42894385e-01  6.24321806e-02  1.08754410e+06 
 2.80906937e+14  6.47416470e+33  1.32361000e+01  2.95713168e-01  8.66560000e+00  2.73456592e-01  1.75284077e-01  1.42279681e-01  6.27994401e-02  1.07144783e+06 
 2.81219250e+14  6.50122718e+33  1.32291000e+01  2.96782601e-01  8.67460000e+00  2.74545624e-01  1.75781237e-01  1.41659097e-01  6.31678941e-02  1.05566005e+06 
 2.81531562e+14  6.52828966e+33  1.32221000e+01  2.97850973e-01  8.68360000e+00  2.75635441e-01  1.76278585e-01  1.41032671e-01  6.35375431e-02  1.04017369e+06 
 2.81843875e+14  6.55535214e+33  1.32151000e+01  2.98918273e-01  8.69260000e+00  2.76726035e-01  1.76776118e-01  1.40400440e-01  6.39083865e-02  1.02498186e+06 
 2.82156187e+14  7.07538916e+33  1.31031000e+01  3.19930377e-01  8.85960000e+00  2.97927436e-01  1.85986511e-01  1.30241741e-01  7.08457108e-02  7.75309012e+05 
 2.82468500e+14  7.40665045e+33  1.30461000e+01  3.33810414e-01  8.96660000e+00  3.11980633e-01  1.91711523e-01  1.23952307e-01  7.52450831e-02  6.51554296e+05 
 2.82780812e+14  7.46413929e+33  1.30381000e+01  3.36245089e-01  8.98460000e+00  3.14421565e-01  1.92665536e-01  1.23025438e-01  7.59787540e-02  6.32488065e+05 
 2.83093125e+14  7.52162812e+33  1.30291000e+01  3.38680911e-01  9.00260000e+00  3.16867986e-01  1.93651364e-01  1.22088630e-01  7.67467290e-02  6.14110813e+05 
 2.83405437e+14  7.57911695e+33  1.30211000e+01  3.41117821e-01  9.02060000e+00  3.19319879e-01  1.94609636e-01  1.21141890e-01  7.74903449e-02  5.96392674e+05 
 2.83717750e+14  7.63660578e+33  1.30141000e+01  3.43555729e-01  9.03860000e+00  3.21777261e-01  1.95539774e-01  1.20184884e-01  7.82086236e-02  5.79305627e+05 
 2.84030062e+14  7.69409461e+33  1.30061000e+01  3.45994541e-01  9.05660000e+00  3.24240104e-01  1.96501661e-01  1.19217559e-01  7.89613211e-02  5.62823206e+05 
 2.84342375e+14  7.75158344e+33  1.29991000e+01  3.48434165e-01  9.07460000e+00  3.26708354e-01  1.97434966e-01  1.18239919e-01  7.96879835e-02  5.46920221e+05 
 2.84654687e+14  7.80907227e+33  1.29931000e+01  3.50874499e-01  9.09260000e+00  3.29181975e-01  1.98339150e-01  1.17251873e-01  8.03876758e-02  5.31572771e+05 
 2.84967000e+14  7.86656110e+33  1.29861000e+01  3.53315446e-01  9.11060000e+00  3.31660910e-01  1.99275077e-01  1.16253463e-01  8.11219455e-02  5.16758145e+05 
 2.85279312e+14  7.92404993e+33  1.29801000e+01  3.55756908e-01  9.12760000e+00  3.34090269e-01  2.00181469e-01  1.15515400e-01  8.18285767e-02  5.02454640e+05 
 2.85591625e+14  7.98153876e+33  1.29741000e+01  3.58198793e-01  9.14560000e+00  3.36579456e-01  2.01088823e-01  1.14495681e-01  8.25384782e-02  4.88641619e+05 
 2.85903937e+14  8.04047807e+33  1.29681000e+01  3.60702662e-01  9.16360000e+00  3.39111753e-01  2.02015309e-01  1.13561773e-01  8.32647823e-02  4.74968430e+05 
 2.86216250e+14  8.10206928e+33  1.29631000e+01  3.63320019e-01  9.18160000e+00  3.41718928e-01  2.02944812e-01  1.12792093e-01  8.39862273e-02  4.61183929e+05 
 2.86528562e+14  8.16366048e+33  1.29571000e+01  3.65938238e-01  9.20060000e+00  3.44387477e-01  2.03906517e-01  1.11741898e-01  8.47432997e-02  4.47892552e+05 
 2.86840875e+14  8.22525168e+33  1.29521000e+01  3.68557190e-01  9.21860000e+00  3.47006107e-01  2.04837585e-01  1.10947995e-01  8.54708555e-02  4.35073804e+05 
 2.87153187e+14  8.28684289e+33  1.29471000e+01  3.71176754e-01  9.23760000e+00  3.49686403e-01  2.05769291e-01  1.09874995e-01  8.62012563e-02  4.22708168e+05 
 2.87465500e+14  8.34843409e+33  1.29421000e+01  3.73796810e-01  9.25560000e+00  3.52316221e-01  2.06701589e-01  1.09056866e-01  8.69344577e-02  4.10777014e+05 
 2.87777812e+14  8.41002529e+33  1.29381000e+01  3.76417244e-01  9.27360000e+00  3.54951399e-01  2.07602341e-01  1.08226422e-01  8.76365410e-02  3.99262548e+05 
 2.88090125e+14  8.47161650e+33  1.29341000e+01  3.79037943e-01  9.29160000e+00  3.57591888e-01  2.08503298e-01  1.07383651e-01  8.83407601e-02  3.88147818e+05 
 2.88402437e+14  8.53320770e+33  1.29301000e+01  3.81658799e-01  9.30960000e+00  3.60237622e-01  2.09404419e-01  1.06528602e-01  8.90470698e-02  3.77416633e+05 
 2.88714750e+14  8.59479890e+33  1.29261000e+01  3.84279704e-01  9.32760000e+00  3.62888533e-01  2.10305666e-01  1.05661354e-01  8.97554269e-02  3.67053542e+05 
 2.89027062e+14  8.65639011e+33  1.29221000e+01  3.86900553e-01  9.34460000e+00  3.65487087e-01  2.11207002e-01  1.05044641e-01  9.04657875e-02  3.57043790e+05 
 2.89339375e+14  8.71843645e+33  1.29191000e+01  3.89540616e-01  9.36260000e+00  3.68159981e-01  2.12081242e-01  1.04180647e-01  9.11470511e-02  3.47303025e+05 
 2.89651687e+14  8.78435764e+33  1.29161000e+01  3.92345723e-01  9.38160000e+00  3.70998396e-01  2.13003724e-01  1.03282179e-01  9.18658018e-02  3.37314203e+05 
 2.89964000e+14  8.85027883e+33  1.29131000e+01  3.95151171e-01  9.40060000e+00  3.73842782e-01  2.13926029e-01  1.02370856e-01  9.25861306e-02  3.27680443e+05 
 2.90276312e+14  8.91620002e+33  1.29101000e+01  3.97956827e-01  9.41860000e+00  3.76634671e-01  2.14848123e-01  1.01706726e-01  9.33079943e-02  3.18387102e+05 
 2.90588625e+14  8.98212121e+33  1.29071000e+01  4.00762563e-01  9.43760000e+00  3.79490555e-01  2.15769962e-01  1.00769063e-01  9.40313406e-02  3.09420194e+05 
 2.90900937e+14  9.04804240e+33  1.29051000e+01  4.03568259e-01  9.45560000e+00  3.82293336e-01  2.16657927e-01  1.00077326e-01  9.47194158e-02  3.00766357e+05 
 2.91213250e+14  9.11396359e+33  1.29031000e+01  4.06373797e-01  9.47360000e+00  3.85101332e-01  2.17545272e-01  9.93716159e-02  9.54083188e-02  2.92412851e+05 
 2.91525562e+14  9.17988477e+33  1.29011000e+01  4.09179069e-01  9.49260000e+00  3.87973765e-01  2.18431967e-01  9.83948158e-02  9.60980093e-02  2.84347511e+05 
 2.91837875e+14  9.24580596e+33  1.28991000e+01  4.11983954e-01  9.51060000e+00  3.90792224e-01  2.19317968e-01  9.76620798e-02  9.67884285e-02  2.76558721e+05 
 2.92150187e+14  9.31172715e+33  1.28971000e+01  4.14788350e-01  9.52860000e+00  3.93615695e-01  2.20203247e-01  9.69156651e-02  9.74795347e-02  2.69035389e+05 
 2.92462500e+14  9.37764834e+33  1.28961000e+01  4.17592154e-01  9.54660000e+00  3.96444110e-01  2.21053480e-01  9.61556743e-02  9.81332231e-02  2.61766914e+05 
 2.92774812e+14  9.44356953e+33  1.28941000e+01  4.20395262e-01  9.56360000e+00  3.99217192e-01  2.21937076e-01  9.56370057e-02  9.88252926e-02  2.54743197e+05 
 2.93087125e+14  9.51326458e+33  1.28931000e+01  4.23358247e-01  9.58260000e+00  4.02216048e-01  2.22831913e-01  9.48120749e-02  9.95146161e-02  2.47572207e+05 
 2.93399437e+14  9.58375147e+33  1.28921000e+01  4.26354640e-01  9.60160000e+00  4.05241740e-01  2.23735467e-01  9.40184261e-02  1.00211458e-01  2.40574238e+05 
 2.93711750e+14  9.65423835e+33  1.28921000e+01  4.29350657e-01  9.62060000e+00  4.08273148e-01  2.24603077e-01  9.32104612e-02  1.00869248e-01  2.33821710e+05 
 2.94024062e+14  9.72472523e+33  1.28911000e+01  4.32346169e-01  9.63860000e+00  4.11249029e-01  2.25504274e-01  9.26403979e-02  1.01565931e-01  2.27304610e+05 
 2.94336375e+14  9.79521211e+33  1.28911000e+01  4.35341061e-01  9.65760000e+00  4.14291379e-01  2.26369192e-01  9.18036086e-02  1.02222945e-01  2.21013345e+05 
 2.94648687e+14  9.86569900e+33  1.28901000e+01  4.38335206e-01  9.67560000e+00  4.17277592e-01  2.27267905e-01  9.12035391e-02  1.02919279e-01  2.14938780e+05 
 2.94961000e+14  9.93618588e+33  1.28901000e+01  4.41328497e-01  9.69460000e+00  4.20330608e-01  2.28130001e-01  9.03382651e-02  1.03575318e-01  2.09072173e+05 
 2.95273312e+14  1.00066728e+34  1.28901000e+01  4.44320818e-01  9.71260000e+00  4.23326886e-01  2.28990571e-01  8.97086122e-02  1.04230669e-01  2.03405190e+05 
 2.95585625e+14  1.00771596e+34  1.28911000e+01  4.47312069e-01  9.73060000e+00  4.26327938e-01  2.29813931e-01  8.90642055e-02  1.04844617e-01  1.97929863e+05 
 2.95897937e+14  1.01476465e+34  1.28911000e+01  4.50302140e-01  9.74860000e+00  4.29333737e-01  2.30671242e-01  8.84050377e-02  1.05498212e-01  1.92638600e+05 
 2.96210250e+14  1.02181334e+34  1.28921000e+01  4.53290930e-01  9.76660000e+00  4.32344217e-01  2.31491028e-01  8.77312168e-02  1.06109821e-01  1.87524122e+05 
 2.96522562e+14  1.02911026e+34  1.28921000e+01  4.56383631e-01  9.78560000e+00  4.35488721e-01  2.32375046e-01  8.69281813e-02  1.06784436e-01  1.82408204e+05 
 2.96834875e+14  1.03663990e+34  1.28931000e+01  4.59574021e-01  9.80460000e+00  4.38700898e-01  2.33249425e-01  8.62340639e-02  1.07438044e-01  1.77311080e+05 
 2.97147187e+14  1.04416953e+34  1.28941000e+01  4.62763402e-01  9.82260000e+00  4.41855041e-01  2.34121864e-01  8.57700737e-02  1.08090253e-01  1.72391185e+05 
 2.97459500e+14  1.05169917e+34  1.28951000e+01  4.65951648e-01  9.84160000e+00  4.45077900e-01  2.34992335e-01  8.50444287e-02  1.08741017e-01  1.67641324e+05 
 2.97771812e+14  1.05922880e+34  1.28971000e+01  4.69138642e-01  9.86060000e+00  4.48306066e-01  2.35824239e-01  8.43037090e-02  1.09347894e-01  1.63054619e+05 
 2.98084125e+14  1.06675844e+34  1.28981000e+01  4.72324264e-01  9.87860000e+00  4.51475214e-01  2.36690572e-01  8.37916971e-02  1.09995398e-01  1.58624516e+05 
 2.98396437e+14  1.07428807e+34  1.29001000e+01  4.75508398e-01  9.89760000e+00  4.54713603e-01  2.37518027e-01  8.30203262e-02  1.10598445e-01  1.54344738e+05 
 2.98708750e+14  1.08181771e+34  1.29021000e+01  4.78690941e-01  9.91560000e+00  4.57892314e-01  2.38343168e-01  8.24768311e-02  1.11199409e-01  1.50209303e+05 
 2.99021062e+14  1.08934735e+34  1.29041000e+01  4.81871780e-01  9.93360000e+00  4.61075605e-01  2.39165962e-01  8.19174115e-02  1.11798239e-01  1.46212491e+05 
 2.99333375e+14  1.09687698e+34  1.29061000e+01  4.85050812e-01  9.95260000e+00  4.64328623e-01  2.39986393e-01  8.11011282e-02  1.12394900e-01  1.42348840e+05 
 2.99645687e+14  1.10440662e+34  1.29081000e+01  4.88227942e-01  9.97060000e+00  4.67521080e-01  2.40804441e-01  8.05111646e-02  1.12989357e-01  1.38613129e+05 
 2.99958000e+14  1.11202325e+34  1.29101000e+01  4.91439757e-01  9.98860000e+00  4.70741188e-01  2.41630365e-01  7.99487815e-02  1.13589421e-01  1.34959313e+05 
 3.00270312e+14  1.12005901e+34  1.29121000e+01  4.94826533e-01  1.00076000e+01  4.74144151e-01  2.42503349e-01  7.93366462e-02  1.14224979e-01  1.31234790e+05 
 3.00582625e+14  1.12809478e+34  1.29151000e+01  4.98211626e-01  1.00266000e+01  4.77552347e-01  2.43336145e-01  7.87081137e-02  1.14813702e-01  1.27638496e+05 
 3.00894937e+14  1.13613054e+34  1.29181000e+01  5.01594911e-01  1.00456000e+01  4.80965683e-01  2.44166176e-01  7.80634096e-02  1.15399562e-01  1.24165272e+05 
 3.01207250e+14  1.14416631e+34  1.29211000e+01  5.04976266e-01  1.00636000e+01  4.84317418e-01  2.44993421e-01  7.76399379e-02  1.15982524e-01  1.20810182e+05 
 3.01519562e+14  1.15220207e+34  1.29241000e+01  5.08355575e-01  1.00826000e+01  4.87740590e-01  2.45817864e-01  7.69626345e-02  1.16562554e-01  1.17568513e+05 
 3.01831875e+14  1.16023783e+34  1.29271000e+01  5.11732736e-01  1.01016000e+01  4.91168594e-01  2.46639493e-01  7.62699800e-02  1.17139627e-01  1.14435760e+05 
 3.02144187e+14  1.16827360e+34  1.29301000e+01  5.15107621e-01  1.01196000e+01  4.94534118e-01  2.47458273e-01  7.57968867e-02  1.17713691e-01  1.11407621e+05 
 3.02456500e+14  1.17630936e+34  1.29331000e+01  5.18480143e-01  1.01376000e+01  4.97903833e-01  2.48274207e-01  7.53075995e-02  1.18284733e-01  1.08479983e+05 
 3.02768812e+14  1.18434512e+34  1.29371000e+01  5.21850188e-01  1.01556000e+01  5.01277788e-01  2.49048753e-01  7.48018173e-02  1.18806775e-01  1.05648915e+05 
 3.03081125e+14  1.19238089e+34  1.29401000e+01  5.25217656e-01  1.01746000e+01  5.04724082e-01  2.49858803e-01  7.40461077e-02  1.19371442e-01  1.02910668e+05 
 3.03393437e+14  1.20041665e+34  1.29441000e+01  5.28582459e-01  1.01926000e+01  5.08106524e-01  2.50627218e-01  7.35087221e-02  1.19886665e-01  1.00261644e+05 
 3.03705750e+14  1.20887377e+34  1.29481000e+01  5.32120978e-01  1.02106000e+01  5.11606034e-01  2.51440759e-01  7.31457893e-02  1.20434893e-01  9.75661194e+04 
 3.04018062e+14  1.21744163e+34  1.29521000e+01  5.35703438e-01  1.02296000e+01  5.15208547e-01  2.52263728e-01  7.25830188e-02  1.20988998e-01  9.49277173e+04 
 3.04330375e+14  1.22600950e+34  1.29561000e+01  5.39283370e-01  1.02486000e+01  5.18815914e-01  2.53083413e-01  7.20033799e-02  1.21539330e-01  9.23786341e+04 
 3.04642687e+14  1.23457737e+34  1.29601000e+01  5.42860657e-01  1.02676000e+01  5.22428019e-01  2.53899804e-01  7.14071873e-02  1.22085870e-01  8.99153218e+04 
 3.04955000e+14  1.24314523e+34  1.29641000e+01  5.46435182e-01  1.02866000e+01  5.26044819e-01  2.54712886e-01  7.07944975e-02  1.22628587e-01  8.75343875e+04 
 3.05267312e+14  1.25171310e+34  1.29691000e+01  5.50006832e-01  1.03046000e+01  5.29596320e-01  2.55483236e-01  7.03948452e-02  1.23119977e-01  8.52325889e+04 
 3.05579625e+14  1.26028097e+34  1.29731000e+01  5.53575505e-01  1.03236000e+01  5.33222009e-01  2.56289551e-01  6.97492519e-02  1.23654791e-01  8.30068305e+04 
 3.05891937e+14  1.26884883e+34  1.29781000e+01  5.57141090e-01  1.03416000e+01  5.36781763e-01  2.57052896e-01  6.93158535e-02  1.24137871e-01  8.08541481e+04 
 3.06204250e+14  1.27741670e+34  1.29821000e+01  5.60703491e-01  1.03596000e+01  5.40345384e-01  2.57852399e-01  6.88657155e-02  1.24664692e-01  7.87717143e+04 
 3.06516562e+14  1.28598457e+34  1.29871000e+01  5.64262611e-01  1.03776000e+01  5.43912844e-01  2.58608700e-01  6.83988763e-02  1.25139388e-01  7.67568176e+04 
 3.06828875e+14  1.29455244e+34  1.29921000e+01  5.67818350e-01  1.03966000e+01  5.47555244e-01  2.59361414e-01  6.76891319e-02  1.25609782e-01  7.48068723e+04 
 3.07141187e+14  1.30332930e+34  1.29971000e+01  5.71457290e-01  1.04146000e+01  5.51186385e-01  2.60133665e-01  6.72769355e-02  1.26093106e-01  7.28740888e+04 
 3.07453500e+14  1.31245603e+34  1.30021000e+01  5.75238021e-01  1.04336000e+01  5.54986766e-01  2.60940916e-01  6.67670410e-02  1.26600777e-01  7.09307160e+04 
 3.07765812e+14  1.32158275e+34  1.30071000e+01  5.79015463e-01  1.04526000e+01  5.58791655e-01  2.61744395e-01  6.62398426e-02  1.27103834e-01  6.90523747e+04 
 3.08078125e+14  1.33070948e+34  1.30121000e+01  5.82789497e-01  1.04716000e+01  5.62600954e-01  2.62544096e-01  6.56955942e-02  1.27602266e-01  6.72365077e+04 
 3.08390437e+14  1.33983621e+34  1.30181000e+01  5.86560002e-01  1.04896000e+01  5.66342198e-01  2.63299547e-01  6.53577138e-02  1.28046861e-01  6.54806693e+04 
 3.08702750e+14  1.34896294e+34  1.30231000e+01  5.90326880e-01  1.05086000e+01  5.70159848e-01  2.64091566e-01  6.47793476e-02  1.28535836e-01  6.37825224e+04 
 3.09015062e+14  1.35808967e+34  1.30291000e+01  5.94090017e-01  1.05266000e+01  5.73908752e-01  2.64839121e-01  6.44066938e-02  1.28970641e-01  6.21398286e+04 
 3.09327375e+14  1.36721640e+34  1.30341000e+01  5.97849314e-01  1.05456000e+01  5.77734455e-01  2.65623432e-01  6.37950532e-02  1.29450116e-01  6.05504525e+04 
 3.09639687e+14  1.37634312e+34  1.30401000e+01  6.01604667e-01  1.05636000e+01  5.81490792e-01  2.66363068e-01  6.33883078e-02  1.29875095e-01  5.90123466e+04 
 3.09952000e+14  1.38546985e+34  1.30461000e+01  6.05355984e-01  1.05816000e+01  5.85250586e-01  2.67098692e-01  6.29646536e-02  1.30295084e-01  5.75235562e+04 
 3.10264312e+14  1.39459658e+34  1.30521000e+01  6.09103175e-01  1.05996000e+01  5.89013770e-01  2.67830305e-01  6.25243223e-02  1.30710082e-01  5.60822093e+04 
 3.10576625e+14  1.40372331e+34  1.30571000e+01  6.12846143e-01  1.06176000e+01  5.92780321e-01  2.68599042e-01  6.20674049e-02  1.31170302e-01  5.46865167e+04 
 3.10888937e+14  1.41338719e+34  1.30641000e+01  6.16805081e-01  1.06366000e+01  5.96767960e-01  2.69338600e-01  6.15790894e-02  1.31566620e-01  5.32564071e+04 
 3.11201250e+14  1.42310031e+34  1.30701000e+01  6.20780100e-01  1.06556000e+01  6.00772851e-01  2.70120317e-01  6.10920006e-02  1.32011623e-01  5.18664078e+04 
 3.11513562e+14  1.43281342e+34  1.30761000e+01  6.24750904e-01  1.06736000e+01  6.04706762e-01  2.70897809e-01  6.08053021e-02  1.32451275e-01  5.05220799e+04 
 3.11825875e+14  1.44252654e+34  1.30831000e+01  6.28717379e-01  1.06926000e+01  6.08719382e-01  2.71629541e-01  6.02831930e-02  1.32834795e-01  4.92216545e+04 
 3.12138187e+14  1.45223966e+34  1.30891000e+01  6.32679411e-01  1.07106000e+01  6.12660365e-01  2.72398474e-01  5.99606989e-02  1.33263598e-01  4.79634410e+04 
 3.12450500e+14  1.46195278e+34  1.30961000e+01  6.36636905e-01  1.07296000e+01  6.16680450e-01  2.73121462e-01  5.94043463e-02  1.33636022e-01  4.67458196e+04 
 3.12762812e+14  1.47166589e+34  1.31021000e+01  6.40589751e-01  1.07476000e+01  6.20628237e-01  2.73881838e-01  5.90469166e-02  1.34053994e-01  4.55672435e+04 
 3.13075125e+14  1.48137901e+34  1.31091000e+01  6.44537865e-01  1.07656000e+01  6.24579108e-01  2.74596088e-01  5.86723374e-02  1.34415351e-01  4.44262290e+04 
 3.13387437e+14  1.49109213e+34  1.31151000e+01  6.48481144e-01  1.07836000e+01  6.28533086e-01  2.75347918e-01  5.82805818e-02  1.34822518e-01  4.33213602e+04 
 3.13699750e+14  1.50080525e+34  1.31221000e+01  6.52419496e-01  1.08016000e+01  6.32490110e-01  2.76053434e-01  5.78718279e-02  1.35172832e-01  4.22512785e+04 
 3.14012062e+14  1.51051837e+34  1.31291000e+01  6.56352834e-01  1.08196000e+01  6.36450117e-01  2.76754544e-01  5.74463131e-02  1.35517586e-01  4.12146857e+04 
 3.14324375e+14  1.52048705e+34  1.31351000e+01  6.60384441e-01  1.08386000e+01  6.40558109e-01  2.77519585e-01  5.68805282e-02  1.35926915e-01  4.01843173e+04 
 3.14636687e+14  1.53081483e+34  1.31431000e+01  6.64556274e-01  1.08566000e+01  6.44687213e-01  2.78232180e-01  5.66351669e-02  1.36252779e-01  3.91511028e+04 
 3.14949000e+14  1.54114262e+34  1.31501000e+01  6.68723033e-01  1.08756000e+01  6.48897359e-01  2.78982390e-01  5.61593742e-02  1.36624417e-01  3.81514077e+04 
 3.15261312e+14  1.55147041e+34  1.31571000e+01  6.72884609e-01  1.08946000e+01  6.53111044e-01  2.79727965e-01  5.56663372e-02  1.36990114e-01  3.71839491e+04 
 3.15573625e+14  1.56179820e+34  1.31641000e+01  6.77040903e-01  1.09126000e+01  6.57249736e-01  2.80468916e-01  5.53669976e-02  1.37349896e-01  3.62474987e+04 
 3.15885937e+14  1.57212598e+34  1.31721000e+01  6.81191802e-01  1.09316000e+01  6.61470019e-01  2.81162538e-01  5.48395752e-02  1.37651503e-01  3.53408806e+04 
 3.16198250e+14  1.58245377e+34  1.31791000e+01  6.85337219e-01  1.09496000e+01  6.65614659e-01  2.81894158e-01  5.45051828e-02  1.37999386e-01  3.44629709e+04 
 3.16510562e+14  1.59278156e+34  1.31861000e+01  6.89477053e-01  1.09676000e+01  6.69762027e-01  2.82621166e-01  5.41533776e-02  1.38341401e-01  3.36126916e+04 
 3.16822875e+14  1.60310934e+34  1.31941000e+01  6.93611215e-01  1.09856000e+01  6.73912062e-01  2.83300614e-01  5.37843534e-02  1.38625018e-01  3.27890110e+04 
 3.17135187e+14  1.61343713e+34  1.32011000e+01  6.97739615e-01  1.10036000e+01  6.78064695e-01  2.84018330e-01  5.33983897e-02  1.38955250e-01  3.19909428e+04 
 3.17447500e+14  1.62376492e+34  1.32091000e+01  7.01862167e-01  1.10216000e+01  6.82219859e-01  2.84688338e-01  5.29956906e-02  1.39226955e-01  3.12175401e+04 
 3.17759812e+14  1.63409271e+34  1.32161000e+01  7.05978790e-01  1.10386000e+01  6.86297255e-01  2.85396792e-01  5.27834270e-02  1.39545489e-01  3.04678980e+04 
 3.18072125e+14  1.64498103e+34  1.32241000e+01  7.10312678e-01  1.10576000e+01  6.90685018e-01  2.86111991e-01  5.23187243e-02  1.39842332e-01  2.97022827e+04 
 3.18384437e+14  1.65595249e+34  1.32321000e+01  7.14673714e-01  1.10766000e+01  6.95097741e-01  2.86830296e-01  5.18632270e-02  1.40138281e-01  2.89554283e+04 
 3.18696750e+14  1.66692396e+34  1.32401000e+01  7.19028674e-01  1.10946000e+01  6.99432556e-01  2.87543600e-01  5.15956730e-02  1.40427854e-01  2.82323428e+04 
 3.19009062e+14  1.67789543e+34  1.32481000e+01  7.23377452e-01  1.11126000e+01  7.03769804e-01  2.88251914e-01  5.13101471e-02  1.40711085e-01  2.75321319e+04 
 3.19321375e+14  1.68886690e+34  1.32561000e+01  7.27719955e-01  1.11316000e+01  7.08191093e-01  2.88955253e-01  5.08023897e-02  1.40988007e-01  2.68539384e+04 
 3.19633687e+14  1.69983836e+34  1.32641000e+01  7.32056083e-01  1.11496000e+01  7.12533360e-01  2.89653625e-01  5.04819403e-02  1.41258651e-01  2.61969422e+04 
 3.19946000e+14  1.71080983e+34  1.32721000e+01  7.36385745e-01  1.11676000e+01  7.16877896e-01  2.90347041e-01  5.01441266e-02  1.41523049e-01  2.55603571e+04 
 3.20258312e+14  1.72178130e+34  1.32801000e+01  7.40708854e-01  1.11856000e+01  7.21224628e-01  2.91035513e-01  4.97892031e-02  1.41781233e-01  2.49434301e+04 
 3.20570625e+14  1.73275277e+34  1.32881000e+01  7.45025324e-01  1.12036000e+01  7.25573487e-01  2.91719053e-01  4.94174136e-02  1.42033237e-01  2.43454400e+04 
 3.20882937e+14  1.74372423e+34  1.32961000e+01  7.49335069e-01  1.12206000e+01  7.29841527e-01  2.92397670e-01  4.92307031e-02  1.42279090e-01  2.37656957e+04 
 3.21195250e+14  1.75469570e+34  1.33041000e+01  7.53638016e-01  1.12386000e+01  7.34194240e-01  2.93071380e-01  4.88252689e-02  1.42518831e-01  2.32035346e+04 
 3.21507562e+14  1.76585484e+34  1.33121000e+01  7.58007546e-01  1.12566000e+01  7.38597723e-01  2.93757641e-01  4.84581871e-02  1.42763779e-01  2.26491353e+04 
 3.21819875e+14  1.77749971e+34  1.33211000e+01  7.62560281e-01  1.12746000e+01  7.43129643e-01  2.94439760e-01  4.82146496e-02  1.42977869e-01  2.20885260e+04 
 3.22132187e+14  1.78914457e+34  1.33291000e+01  7.67106005e-01  1.12936000e+01  7.47747637e-01  2.95160841e-01  4.77530784e-02  1.43239028e-01  2.15455192e+04 
 3.22444500e+14  1.80078944e+34  1.33381000e+01  7.71644613e-01  1.13116000e+01  7.52283917e-01  2.95832395e-01  4.74738106e-02  1.43439903e-01  2.10194604e+04 
 3.22756812e+14  1.81243430e+34  1.33471000e+01  7.76176018e-01  1.13296000e+01  7.56822040e-01  2.96498660e-01  4.71770266e-02  1.43634226e-01  2.05097229e+04 
 3.23069125e+14  1.82407917e+34  1.33551000e+01  7.80700120e-01  1.13476000e+01  7.61361995e-01  2.97204158e-01  4.68628240e-02  1.43875897e-01  2.00157060e+04 
 3.23381437e+14  1.83572403e+34  1.33641000e+01  7.85216832e-01  1.13656000e+01  7.65903740e-01  2.97859957e-01  4.65313495e-02  1.44057282e-01  1.95368336e+04 
 3.23693750e+14  1.84736890e+34  1.33721000e+01  7.89726068e-01  1.13836000e+01  7.70447204e-01  2.98555166e-01  4.61828841e-02  1.44286190e-01  1.90725541e+04 
 3.24006062e+14  1.85901376e+34  1.33811000e+01  7.94227750e-01  1.14016000e+01  7.74992275e-01  2.99200562e-01  4.58177454e-02  1.44454818e-01  1.86223381e+04 
 3.24318375e+14  1.87065863e+34  1.33891000e+01  7.98721800e-01  1.14186000e+01  7.79453024e-01  2.99885549e-01  4.56326241e-02  1.44671141e-01  1.81856790e+04 
 3.24630687e+14  1.88230350e+34  1.33981000e+01  8.03208132e-01  1.14366000e+01  7.84000958e-01  3.00520606e-01  4.52341526e-02  1.44827188e-01  1.77620900e+04 
 3.24943000e+14  1.89394836e+34  1.34071000e+01  8.07686685e-01  1.14536000e+01  7.88463893e-01  3.01150492e-01  4.50152773e-02  1.44977009e-01  1.73511051e+04 
 3.25255312e+14  1.90604139e+34  1.34161000e+01  8.12329476e-01  1.14716000e+01  7.93129639e-01  3.01814791e-01  4.47028951e-02  1.45144816e-01  1.69371479e+04 
 3.25567625e+14  1.91839005e+34  1.34251000e+01  8.17062440e-01  1.14896000e+01  7.97862636e-01  3.02496241e-01  4.44404125e-02  1.45319790e-01  1.65274006e+04 
 3.25879937e+14  1.93073871e+34  1.34341000e+01  8.21787323e-01  1.15076000e+01  8.02597031e-01  3.03172239e-01  4.41603492e-02  1.45488106e-01  1.61302673e+04 
 3.26192250e+14  1.94308737e+34  1.34431000e+01  8.26504032e-01  1.15256000e+01  8.07332793e-01  3.03842805e-01  4.38628584e-02  1.45649819e-01  1.57452874e+04 
 3.26504562e+14  1.95543603e+34  1.34521000e+01  8.31212472e-01  1.15436000e+01  8.12069879e-01  3.04507954e-01  4.35481037e-02  1.45804981e-01  1.53720192e+04 
 3.26816875e+14  1.96778469e+34  1.34611000e+01  8.35912563e-01  1.15616000e+01  8.16808196e-01  3.05167709e-01  4.32163907e-02  1.45953648e-01  1.50100392e+04 
 3.27129187e+14  1.98013335e+34  1.34701000e+01  8.40604225e-01  1.15796000e+01  8.21547603e-01  3.05822092e-01  4.28681273e-02  1.46095879e-01  1.46589411e+04 
 3.27441500e+14  1.99248201e+34  1.34791000e+01  8.45287375e-01  1.15966000e+01  8.26199590e-01  3.06471116e-01  4.26949729e-02  1.46231719e-01  1.43183353e+04 
 3.27753812e+14  2.00483067e+34  1.34881000e+01  8.49961942e-01  1.16146000e+01  8.30940952e-01  3.07114804e-01  4.23133166e-02  1.46361227e-01  1.39878481e+04 
 3.28066125e+14  2.01717933e+34  1.34971000e+01  8.54627851e-01  1.16316000e+01  8.35594154e-01  3.07753174e-01  4.21065241e-02  1.46484456e-01  1.36671210e+04 
 3.28378437e+14  2.02952799e+34  1.35061000e+01  8.59285038e-01  1.16486000e+01  8.40247704e-01  3.08386250e-01  4.18831327e-02  1.46601462e-01  1.33558101e+04 
 3.28690750e+14  2.04187665e+34  1.35151000e+01  8.63933431e-01  1.16666000e+01  8.44991309e-01  3.09014047e-01  4.14531480e-02  1.46712295e-01  1.30535852e+04 
 3.29003062e+14  2.05491782e+34  1.35251000e+01  8.68833305e-01  1.16846000e+01  8.49911324e-01  3.09648758e-01  4.11739210e-02  1.46795880e-01  1.27439005e+04 
 3.29315375e+14  2.06800131e+34  1.35341000e+01  8.73740002e-01  1.17026000e+01  8.54842920e-01  3.10327168e-01  4.08875767e-02  1.46929122e-01  1.24426267e+04 
 3.29627687e+14  2.08108481e+34  1.35441000e+01  8.78637521e-01  1.17196000e+01  8.59684833e-01  3.10954094e-01  4.07726882e-02  1.47001498e-01  1.21504447e+04 
 3.29940000e+14  2.09416830e+34  1.35531000e+01  8.83525772e-01  1.17376000e+01  8.64617711e-01  3.11621343e-01  4.04517803e-02  1.47121622e-01  1.18670285e+04 
 3.30252312e+14  2.10725180e+34  1.35631000e+01  8.88404678e-01  1.17556000e+01  8.69551230e-01  3.12237026e-01  4.01142268e-02  1.47181013e-01  1.15920649e+04 
 3.30564625e+14  2.12033529e+34  1.35721000e+01  8.93274164e-01  1.17726000e+01  8.74394009e-01  3.12893209e-01  3.99476263e-02  1.47288275e-01  1.13252538e+04 
 3.30876937e+14  2.13341879e+34  1.35821000e+01  8.98134154e-01  1.17906000e+01  8.79328389e-01  3.13497748e-01  3.95770067e-02  1.47395195e-01  1.10708321e+04 
 3.31189250e+14  2.14650228e+34  1.35911000e+01  9.02984581e-01  1.18076000e+01  8.84171391e-01  3.14142954e-01  3.93768805e-02  1.47429598e-01  1.08149478e+04 
 3.31501562e+14  2.15958578e+34  1.36001000e+01  9.07825373e-01  1.18246000e+01  8.89014265e-01  3.14782736e-01  3.91601540e-02  1.47518032e-01  1.05709109e+04 
 3.31813875e+14  2.17266927e+34  1.36101000e+01  9.12656466e-01  1.18416000e+01  8.93856994e-01  3.15370762e-01  3.89269692e-02  1.47546092e-01  1.03339414e+04 
 3.32126187e+14  2.18575277e+34  1.36191000e+01  9.17477798e-01  1.18586000e+01  8.98699488e-01  3.15999701e-01  3.86776697e-02  1.47622280e-01  1.01037948e+04 
 3.32438500e+14  2.19898398e+34  1.36291000e+01  9.22343601e-01  1.18756000e+01  9.03578533e-01  3.16588555e-01  3.84448576e-02  1.47704888e-01  9.88178591e+03 
 3.32750812e+14  2.21283396e+34  1.36381000e+01  9.27426763e-01  1.18936000e+01  9.08704822e-01  3.17267421e-01  3.81463845e-02  1.47740863e-01  9.64806548e+03 
 3.33063125e+14  2.22668395e+34  1.36481000e+01  9.32499708e-01  1.19116000e+01  9.13831284e-01  3.17894026e-01  3.78311389e-02  1.47776545e-01  9.42521670e+03 
 3.33375437e+14  2.24053393e+34  1.36581000e+01  9.37562361e-01  1.19286000e+01  9.18864170e-01  3.18514869e-01  3.76826949e-02  1.47805829e-01  9.20895946e+03 
 3.33687750e+14  2.25438391e+34  1.36681000e+01  9.42614644e-01  1.19466000e+01  9.23990537e-01  3.19129978e-01  3.73341698e-02  1.47828789e-01  8.99906160e+03 
 3.34000062e+14  2.26823390e+34  1.36781000e+01  9.47656484e-01  1.19636000e+01  9.29022654e-01  3.19739379e-01  3.71520567e-02  1.47905930e-01  8.79889525e+03 
 3.34312375e+14  2.28208388e+34  1.36871000e+01  9.52687816e-01  1.19806000e+01  9.34054126e-01  3.20389917e-01  3.69533403e-02  1.47910053e-01  8.59746105e+03 
 3.34624687e+14  2.29593386e+34  1.36971000e+01  9.57708571e-01  1.19976000e+01  9.39084933e-01  3.20988037e-01  3.67381411e-02  1.47914440e-01  8.40533865e+03 
 3.34937000e+14  2.30978384e+34  1.37071000e+01  9.62718691e-01  1.20146000e+01  9.44115024e-01  3.21580530e-01  3.65067104e-02  1.47912793e-01  8.21873549e+03 
 3.35249312e+14  2.32363383e+34  1.37161000e+01  9.67718112e-01  1.20316000e+01  9.49144348e-01  3.22214404e-01  3.62592835e-02  1.47959103e-01  8.03746207e+03 
 3.35561625e+14  2.33748381e+34  1.37261000e+01  9.72706778e-01  1.20486000e+01  9.54172845e-01  3.22795769e-01  3.59960600e-02  1.47945548e-01  7.86133608e+03 
 3.35873937e+14  2.35133379e+34  1.37361000e+01  9.77684638e-01  1.20656000e+01  9.59200458e-01  3.23371586e-01  3.57172989e-02  1.47986619e-01  7.69332518e+03 
 3.36186250e+14  2.36549111e+34  1.37461000e+01  9.82761802e-01  1.20826000e+01  9.64302469e-01  3.23964947e-01  3.54843010e-02  1.47972793e-01  7.52326576e+03 
 3.36498562e+14  2.38013981e+34  1.37561000e+01  9.88003932e-01  1.20996000e+01  9.69523915e-01  3.24589429e-01  3.53324284e-02  1.47970964e-01  7.35238327e+03 
 3.36810875e+14  2.39478850e+34  1.37661000e+01  9.93234712e-01  1.21166000e+01  9.74744280e-01  3.25208063e-01  3.51636084e-02  1.47962912e-01  7.18648304e+03 
 3.37123187e+14  2.40943719e+34  1.37761000e+01  9.98454075e-01  1.21346000e+01  9.80060435e-01  3.25820883e-01  3.47997274e-02  1.47948723e-01  7.02539202e+03 
 3.37435500e+14  2.42408588e+34  1.37861000e+01  1.00366195e+00  1.21516000e+01  9.85278764e-01  3.26427915e-01  3.45980875e-02  1.47868049e-01  6.86613828e+03 
 3.37747812e+14  2.43873458e+34  1.37961000e+01  1.00885828e+00  1.21686000e+01  9.90495829e-01  3.27029191e-01  3.43802234e-02  1.47902230e-01  6.71697857e+03 
 3.38060125e+14  2.45338327e+34  1.38061000e+01  1.01404300e+00  1.21856000e+01  9.95711573e-01  3.27624737e-01  3.41463595e-02  1.47870083e-01  6.56934276e+03 
 3.38372437e+14  2.46803196e+34  1.38161000e+01  1.01921605e+00  1.22016000e+01  1.00082791e+00  3.28214583e-01  3.40735359e-02  1.47832101e-01  6.42588876e+03 
 3.38684750e+14  2.48268065e+34  1.38261000e+01  1.02437738e+00  1.22186000e+01  1.00604074e+00  3.28798754e-01  3.38076743e-02  1.47788358e-01  6.28647480e+03 
 3.38997062e+14  2.49732935e+34  1.38351000e+01  1.02952694e+00  1.22356000e+01  1.01125196e+00  3.29424910e-01  3.35267640e-02  1.47731982e-01  6.14845267e+03 
 3.39309375e+14  2.51197804e+34  1.38451000e+01  1.03466469e+00  1.22516000e+01  1.01636292e+00  3.29997873e-01  3.34062074e-02  1.47676911e-01  6.01676892e+03 
 3.39621687e+14  2.52662673e+34  1.38551000e+01  1.03979056e+00  1.22676000e+01  1.02147168e+00  3.30565250e-01  3.32701482e-02  1.47616304e-01  5.88873036e+03 
 3.39934000e+14  2.54170409e+34  1.38651000e+01  1.04505413e+00  1.22846000e+01  1.02678079e+00  3.31157430e-01  3.30207908e-02  1.47563799e-01  5.76062109e+03 
 3.40246312e+14  2.55718424e+34  1.38751000e+01  1.05044594e+00  1.23016000e+01  1.03218492e+00  3.31772313e-01  3.28280892e-02  1.47518198e-01  5.63282230e+03 
 3.40558625e+14  2.57266439e+34  1.38861000e+01  1.05582527e+00  1.23186000e+01  1.03758725e+00  3.32333436e-01  3.26191141e-02  1.47473822e-01  5.51092508e+03 
 3.40870937e+14  2.58814454e+34  1.38961000e+01  1.06119204e+00  1.23356000e+01  1.04298774e+00  3.32936531e-01  3.23941345e-02  1.47416535e-01  5.39025506e+03 
 3.41183250e+14  2.60362469e+34  1.39061000e+01  1.06654620e+00  1.23526000e+01  1.04838636e+00  3.33533805e-01  3.21532731e-02  1.47293336e-01  5.27084021e+03 
 3.41495562e+14  2.61910484e+34  1.39161000e+01  1.07188770e+00  1.23696000e+01  1.05378302e+00  3.34125288e-01  3.18968312e-02  1.47224676e-01  5.15691823e+03 
 3.41807875e+14  2.63458499e+34  1.39261000e+01  1.07721650e+00  1.23856000e+01  1.05907651e+00  3.34711018e-01  3.17979116e-02  1.47150443e-01  5.04617735e+03 
 3.42120187e+14  2.65006514e+34  1.39361000e+01  1.08253254e+00  1.24026000e+01  1.06446886e+00  3.35291013e-01  3.15105653e-02  1.47070705e-01  4.93851108e+03 
 3.42432500e+14  2.66554530e+34  1.39461000e+01  1.08783577e+00  1.24186000e+01  1.06975739e+00  3.35865316e-01  3.13804417e-02  1.46985549e-01  4.83381706e+03 
 3.42744812e+14  2.68102545e+34  1.39561000e+01  1.09312616e+00  1.24346000e+01  1.07504334e+00  3.36433943e-01  3.12346636e-02  1.46895039e-01  4.73199683e+03 
 3.43057125e+14  2.69650560e+34  1.39661000e+01  1.09840365e+00  1.24506000e+01  1.08032657e+00  3.36996932e-01  3.10736601e-02  1.46799259e-01  4.63295562e+03 
 3.43369437e+14  2.71198575e+34  1.39761000e+01  1.10366822e+00  1.24666000e+01  1.08560700e+00  3.37554312e-01  3.08976847e-02  1.46698282e-01  4.53660233e+03 
 3.43681750e+14  2.72796900e+34  1.39861000e+01  1.10909046e+00  1.24836000e+01  1.09110546e+00  3.38139704e-01  3.06187528e-02  1.46605699e-01  4.43984224e+03 
 3.43994062e+14  2.74431383e+34  1.39971000e+01  1.11462185e+00  1.25006000e+01  1.09668650e+00  3.38694966e-01  3.03834360e-02  1.46524817e-01  4.34542384e+03 
 3.44306375e+14  2.76065867e+34  1.40071000e+01  1.12013960e+00  1.25166000e+01  1.10216186e+00  3.39292678e-01  3.03022439e-02  1.46371148e-01  4.25014982e+03 
 3.44618687e+14  2.77700350e+34  1.40171000e+01  1.12564369e+00  1.25336000e+01  1.10773739e+00  3.39884525e-01  3.00359043e-02  1.46271865e-01  4.15925283e+03 
 3.44931000e+14  2.79334834e+34  1.40281000e+01  1.13113405e+00  1.25496000e+01  1.11320673e+00  3.40421982e-01  2.99231369e-02  1.46174805e-01  4.07253467e+03 
 3.45243312e+14  2.80969317e+34  1.40381000e+01  1.13661064e+00  1.25656000e+01  1.11867263e+00  3.41002138e-01  2.97951356e-02  1.46064907e-01  3.98655108e+03 
 3.45555625e+14  2.82603801e+34  1.40481000e+01  1.14207343e+00  1.25826000e+01  1.12423969e+00  3.41576521e-01  2.94832180e-02  1.45890209e-01  3.90132690e+03 
 3.45867937e+14  2.84238284e+34  1.40581000e+01  1.14752236e+00  1.25986000e+01  1.12969943e+00  3.42145160e-01  2.93247347e-02  1.45770028e-01  3.82000542e+03 
 3.46180250e+14  2.85872768e+34  1.40681000e+01  1.15295740e+00  1.26146000e+01  1.13515580e+00  3.42708090e-01  2.91513237e-02  1.45644803e-01  3.74088445e+03 
 3.46492562e+14  2.87507251e+34  1.40781000e+01  1.15837853e+00  1.26306000e+01  1.14060874e+00  3.43265342e-01  2.89632118e-02  1.45514611e-01  3.66389240e+03 
 3.46804875e+14  2.89141735e+34  1.40881000e+01  1.16378571e+00  1.26456000e+01  1.14595287e+00  3.43816947e-01  2.89275204e-02  1.45379529e-01  3.58896036e+03 
 3.47117187e+14  2.90776218e+34  1.40981000e+01  1.16917891e+00  1.26616000e+01  1.15139878e+00  3.44362933e-01  2.87099562e-02  1.45239629e-01  3.51602200e+03 
 3.47429500e+14  2.92462829e+34  1.41091000e+01  1.17472958e+00  1.26776000e+01  1.15696068e+00  3.44887204e-01  2.85556655e-02  1.45114555e-01  3.44418436e+03 
 3.47741812e+14  2.94187147e+34  1.41191000e+01  1.18038971e+00  1.26946000e+01  1.16271159e+00  3.45478166e-01  2.82759085e-02  1.44925843e-01  3.36994032e+03 
 3.48054125e+14  2.95911464e+34  1.41291000e+01  1.18603508e+00  1.27106000e+01  1.16835275e+00  3.46063218e-01  2.81469154e-02  1.44791270e-01  3.29910070e+03 
 3.48366437e+14  2.97635781e+34  1.41401000e+01  1.19166567e+00  1.27266000e+01  1.17398999e+00  3.46593365e-01  2.80026722e-02  1.44659600e-01  3.23151304e+03 
 3.48678750e+14  2.99360099e+34  1.41501000e+01  1.19728141e+00  1.27426000e+01  1.17962332e+00  3.47166659e-01  2.78433278e-02  1.44456051e-01  3.16315495e+03 
 3.48991062e+14  3.01084416e+34  1.41601000e+01  1.20288228e+00  1.27586000e+01  1.18525270e+00  3.47734147e-01  2.76690749e-02  1.44306710e-01  3.09792475e+03 
 3.49303375e+14  3.02808733e+34  1.41711000e+01  1.20846826e+00  1.27746000e+01  1.19087809e+00  3.48246702e-01  2.74801155e-02  1.44160606e-01  3.03568393e+03 
 3.49615687e+14  3.04533051e+34  1.41811000e+01  1.21403930e+00  1.27906000e+01  1.19649943e+00  3.48802634e-01  2.72767173e-02  1.44001797e-01  2.97387119e+03 
 3.49928000e+14  3.06257368e+34  1.41911000e+01  1.21959540e+00  1.28056000e+01  1.20200863e+00  3.49352863e-01  2.72226407e-02  1.43838360e-01  2.91369785e+03 
 3.50240312e+14  3.07981685e+34  1.42011000e+01  1.22513651e+00  1.28216000e+01  1.20762157e+00  3.49897415e-01  2.69905089e-02  1.43670365e-01  2.85511158e+03 
 3.50552625e+14  3.09706003e+34  1.42111000e+01  1.23066263e+00  1.28366000e+01  1.21312177e+00  3.50436326e-01  2.69074490e-02  1.43497893e-01  2.79806193e+03 
 3.50864937e+14  3.11430320e+34  1.42211000e+01  1.23617372e+00  1.28526000e+01  1.21872612e+00  3.50969626e-01  2.66474443e-02  1.43321016e-01  2.74250031e+03 
 3.51177250e+14  3.13201947e+34  1.42311000e+01  1.24182046e+00  1.28676000e+01  1.22432298e+00  3.51525328e-01  2.65997385e-02  1.43090105e-01  2.68581609e+03 
 3.51489562e+14  3.15019500e+34  1.42421000e+01  1.24759785e+00  1.28836000e+01  1.23012688e+00  3.52052898e-01  2.64365915e-02  1.42929841e-01  2.63140898e+03 
 3.51801875e+14  3.16837054e+34  1.42521000e+01  1.25335937e+00  1.28996000e+01  1.23592619e+00  3.52623975e-01  2.62587004e-02  1.42756708e-01  2.57739594e+03 
 3.52114187e+14  3.18654607e+34  1.42621000e+01  1.25910499e+00  1.29156000e+01  1.24172085e+00  3.53189186e-01  2.60662457e-02  1.42520720e-01  2.52379482e+03 
 3.52426500e+14  3.20472161e+34  1.42731000e+01  1.26483469e+00  1.29306000e+01  1.24740064e+00  3.53698998e-01  2.60204101e-02  1.42346862e-01  2.47365416e+03 
 3.52738812e+14  3.22289714e+34  1.42831000e+01  1.27054843e+00  1.29466000e+01  1.25318575e+00  3.54252546e-01  2.57989932e-02  1.42160295e-01  2.42383447e+03 
 3.53051125e+14  3.24107268e+34  1.42931000e+01  1.27624620e+00  1.29616000e+01  1.25885527e+00  3.54800337e-01  2.57241283e-02  1.41969380e-01  2.37532428e+03 
 3.53363437e+14  3.25924821e+34  1.43031000e+01  1.28192799e+00  1.29776000e+01  1.26463061e+00  3.55342403e-01  2.54746539e-02  1.41716251e-01  2.32713062e+03 
 3.53675750e+14  3.27742375e+34  1.43131000e+01  1.28759376e+00  1.29926000e+01  1.27028985e+00  3.55878778e-01  2.53713919e-02  1.41516950e-01  2.28113528e+03 
 3.53988062e+14  3.29559928e+34  1.43231000e+01  1.29324352e+00  1.30076000e+01  1.27594373e+00  3.56409496e-01  2.52541195e-02  1.41313535e-01  2.23632902e+03 
 3.54300375e+14  3.31377482e+34  1.43331000e+01  1.29887724e+00  1.30226000e+01  1.28159226e+00  3.56934589e-01  2.51230022e-02  1.41106078e-01  2.19267474e+03 
 3.54612687e+14  3.33195035e+34  1.43431000e+01  1.30449492e+00  1.30376000e+01  1.28723540e+00  3.57454090e-01  2.49782162e-02  1.40894656e-01  2.15013668e+03 
 3.54925000e+14  3.35047358e+34  1.43531000e+01  1.31020360e+00  1.30526000e+01  1.29294874e+00  3.57987363e-01  2.48623310e-02  1.40684561e-01  2.10789721e+03 
 3.55237312e+14  3.36961581e+34  1.43641000e+01  1.31608622e+00  1.30686000e+01  1.29890357e+00  3.58499333e-01  2.46492357e-02  1.40488167e-01  2.06622930e+03 
 3.55549625e+14  3.38875804e+34  1.43741000e+01  1.32195188e+00  1.30836000e+01  1.30474020e+00  3.59055307e-01  2.45800266e-02  1.40279039e-01  2.02481918e+03 
 3.55861937e+14  3.40790027e+34  1.43841000e+01  1.32780056e+00  1.30996000e+01  1.31068402e+00  3.59605444e-01  2.43387845e-02  1.40008505e-01  1.98368191e+03 
 3.56174250e+14  3.42704251e+34  1.43951000e+01  1.33363224e+00  1.31146000e+01  1.31650909e+00  3.60099731e-01  2.42410884e-02  1.39799907e-01  1.94521791e+03 
 3.56486562e+14  3.44618474e+34  1.44051000e+01  1.33944692e+00  1.31296000e+01  1.32232818e+00  3.60638253e-01  2.41293707e-02  1.39578746e-01  1.90695970e+03 
 3.56798875e+14  3.46532697e+34  1.44151000e+01  1.34524458e+00  1.31446000e+01  1.32814127e+00  3.61171041e-01  2.40037789e-02  1.39353695e-01  1.86968697e+03 
 3.57111187e+14  3.48446920e+34  1.44251000e+01  1.35102522e+00  1.31596000e+01  1.33394835e+00  3.61698132e-01  2.38644918e-02  1.39124832e-01  1.83336911e+03 
 3.57423500e+14  3.50361143e+34  1.44351000e+01  1.35678883e+00  1.31746000e+01  1.33974938e+00  3.62219558e-01  2.37117175e-02  1.38892231e-01  1.79797657e+03 
 3.57735812e+14  3.52275366e+34  1.44451000e+01  1.36253539e+00  1.31896000e+01  1.34554433e+00  3.62735356e-01  2.35456494e-02  1.38655968e-01  1.76348085e+03 
 3.58048125e+14  3.54189590e+34  1.44551000e+01  1.36826492e+00  1.32046000e+01  1.35133318e+00  3.63245556e-01  2.33664657e-02  1.38416114e-01  1.72985449e+03 
 3.58360437e+14  3.56103813e+34  1.44651000e+01  1.37397740e+00  1.32186000e+01  1.35700090e+00  3.63750193e-01  2.33293324e-02  1.38172741e-01  1.69707098e+03 
 3.58672750e+14  3.58031383e+34  1.44751000e+01  1.37971250e+00  1.32336000e+01  1.36280546e+00  3.64256275e-01  2.31388636e-02  1.37927514e-01  1.66488465e+03 
 3.58985062e+14  3.60045734e+34  1.44851000e+01  1.38568787e+00  1.32486000e+01  1.36878700e+00  3.64801968e-01  2.30305544e-02  1.37688994e-01  1.63210468e+03 
 3.59297375e+14  3.62060085e+34  1.44951000e+01  1.39164523e+00  1.32636000e+01  1.37476189e+00  3.65341814e-01  2.29083666e-02  1.37390472e-01  1.59951530e+03 
 3.59609687e+14  3.64074436e+34  1.45051000e+01  1.39758456e+00  1.32786000e+01  1.38073011e+00  3.65875854e-01  2.27724913e-02  1.37144658e-01  1.56841302e+03 
 3.59922000e+14  3.66088787e+34  1.45151000e+01  1.40350587e+00  1.32936000e+01  1.38669161e+00  3.66404123e-01  2.26231220e-02  1.36895272e-01  1.53810445e+03 
 3.60234312e+14  3.68103138e+34  1.45261000e+01  1.40940914e+00  1.33076000e+01  1.39252963e+00  3.66876132e-01  2.26139077e-02  1.36651320e-01  1.50918315e+03 
 3.60546625e+14  3.70117489e+34  1.45361000e+01  1.41529437e+00  1.33226000e+01  1.39847764e+00  3.67392930e-01  2.24374935e-02  1.36395037e-01  1.48037779e+03 
 3.60858937e+14  3.72131840e+34  1.45461000e+01  1.42116158e+00  1.33376000e+01  1.40441871e+00  3.67904069e-01  2.22483807e-02  1.36135411e-01  1.45229564e+03 
 3.61171250e+14  3.74146191e+34  1.45551000e+01  1.42701077e+00  1.33516000e+01  1.41023558e+00  3.68460212e-01  2.21989953e-02  1.35863514e-01  1.42433105e+03 
 3.61483562e+14  3.76160542e+34  1.45651000e+01  1.43284193e+00  1.33666000e+01  1.41616285e+00  3.68960165e-01  2.19841646e-02  1.35597390e-01  1.39764108e+03 
 3.61795875e+14  3.78174893e+34  1.45751000e+01  1.43865507e+00  1.33806000e+01  1.42196552e+00  3.69454557e-01  2.19086789e-02  1.35383608e-01  1.37217271e+03 
 3.62108187e+14  3.80189244e+34  1.45851000e+01  1.44445021e+00  1.33946000e+01  1.42776074e+00  3.69943429e-01  2.18205503e-02  1.35111187e-01  1.34677131e+03 
 3.62420500e+14  3.82203595e+34  1.45951000e+01  1.45022736e+00  1.34086000e+01  1.43354862e+00  3.70426809e-01  2.17197763e-02  1.34835769e-01  1.32199071e+03 
 3.62732812e+14  3.84303357e+34  1.46051000e+01  1.45623059e+00  1.34236000e+01  1.43962272e+00  3.70946466e-01  2.15399011e-02  1.34565101e-01  1.29679922e+03 
 3.63045125e+14  3.86421312e+34  1.46151000e+01  1.46226689e+00  1.34376000e+01  1.44560748e+00  3.71469248e-01  2.15162539e-02  1.34292856e-01  1.27202900e+03 
 3.63357437e+14  3.88539268e+34  1.46251000e+01  1.46828414e+00  1.34526000e+01  1.45170385e+00  3.71986259e-01  2.13280609e-02  1.34017432e-01  1.24788151e+03 
 3.63669750e+14  3.90657223e+34  1.46351000e+01  1.47428237e+00  1.34666000e+01  1.45767306e+00  3.72497546e-01  2.12777295e-02  1.33738912e-01  1.22433783e+03 
 3.63982062e+14  3.92775178e+34  1.46451000e+01  1.48026158e+00  1.34816000e+01  1.46375436e+00  3.73003141e-01  2.10637893e-02  1.33457366e-01  1.20137971e+03 
 3.64294375e+14  3.94893134e+34  1.46551000e+01  1.48622179e+00  1.34956000e+01  1.46970796e+00  3.73503087e-01  2.09875198e-02  1.33172871e-01  1.17898953e+03 
 3.64606687e+14  3.97011089e+34  1.46651000e+01  1.49216301e+00  1.35096000e+01  1.47565363e+00  3.73997415e-01  2.08983876e-02  1.32885496e-01  1.15715027e+03 
 3.64919000e+14  3.99129044e+34  1.46741000e+01  1.49808523e+00  1.35236000e+01  1.48159138e+00  3.74537209e-01  2.07965369e-02  1.32586069e-01  1.13537945e+03 
 3.65231312e+14  4.01247000e+34  1.46841000e+01  1.50398850e+00  1.35376000e+01  1.48752116e+00  3.75020440e-01  2.06821760e-02  1.32347439e-01  1.11505943e+03 
 3.65543625e+14  4.03364955e+34  1.46941000e+01  1.50987281e+00  1.35516000e+01  1.49344297e+00  3.75498160e-01  2.05554864e-02  1.32051703e-01  1.09477663e+03 
 3.65855937e+14  4.05482910e+34  1.47031000e+01  1.51573819e+00  1.35656000e+01  1.49935683e+00  3.76021553e-01  2.04165953e-02  1.31744062e-01  1.07454105e+03 
 3.66168250e+14  4.07600866e+34  1.47131000e+01  1.52158466e+00  1.35786000e+01  1.50514114e+00  3.76488381e-01  2.04140037e-02  1.31497147e-01  1.05566236e+03 
 3.66480562e+14  4.09764754e+34  1.47231000e+01  1.52753849e+00  1.35926000e+01  1.51112965e+00  3.76970869e-01  2.02923213e-02  1.31196700e-01  1.03639851e+03 
 3.66792875e+14  4.11989801e+34  1.47331000e+01  1.53364074e+00  1.36076000e+01  1.51735272e+00  3.77475763e-01  2.00653421e-02  1.30897650e-01  1.01707441e+03 
 3.67105187e+14  4.14214848e+34  1.47431000e+01  1.53972299e+00  1.36216000e+01  1.52344541e+00  3.77974942e-01  1.99735455e-02  1.30595900e-01  9.98226298e+02 
 3.67417500e+14  4.16439895e+34  1.47521000e+01  1.54578526e+00  1.36356000e+01  1.52952947e+00  3.78519765e-01  1.98691095e-02  1.30282138e-01  9.79437406e+02 
 3.67729812e+14  4.18664942e+34  1.47621000e+01  1.55182757e+00  1.36496000e+01  1.53560491e+00  3.79007664e-01  1.97521721e-02  1.30028629e-01  9.61901837e+02 
 3.68042125e+14  4.20889989e+34  1.47721000e+01  1.55784995e+00  1.36626000e+01  1.54154863e+00  3.79489961e-01  1.97696878e-02  1.29719075e-01  9.44398508e+02 
 3.68354437e+14  4.23115036e+34  1.47821000e+01  1.56385241e+00  1.36766000e+01  1.54760665e+00  3.79966694e-01  1.96278916e-02  1.29407099e-01  9.27317260e+02 
 3.68666750e+14  4.25340083e+34  1.47911000e+01  1.56983498e+00  1.36906000e+01  1.55365577e+00  3.80489354e-01  1.94744650e-02  1.29136422e-01  9.10645778e+02 
 3.68979062e+14  4.27565130e+34  1.48011000e+01  1.57579769e+00  1.37036000e+01  1.55957256e+00  3.80955097e-01  1.94550208e-02  1.28819666e-01  8.94372050e+02 
 3.69291375e+14  4.29790177e+34  1.48101000e+01  1.58174056e+00  1.37176000e+01  1.56560428e+00  3.81466902e-01  1.92776652e-02  1.28491200e-01  8.78123234e+02 
 3.69603687e+14  4.32015224e+34  1.48201000e+01  1.58766361e+00  1.37306000e+01  1.57150306e+00  3.81921792e-01  1.92342852e-02  1.28222793e-01  8.62972253e+02 
 3.69916000e+14  4.34240271e+34  1.48291000e+01  1.59356688e+00  1.37446000e+01  1.57751712e+00  3.82422878e-01  1.90339633e-02  1.27942542e-01  8.47824263e+02 
 3.70228312e+14  4.36465318e+34  1.48391000e+01  1.59945041e+00  1.37576000e+01  1.58339790e+00  3.82867055e-01  1.89672797e-02  1.27616971e-01  8.33030161e+02 
 3.70540625e+14  4.38794607e+34  1.48481000e+01  1.60558879e+00  1.37716000e+01  1.58959344e+00  3.83402242e-01  1.88287510e-02  1.27284567e-01  8.17573689e+02 
 3.70852937e+14  4.41130237e+34  1.48581000e+01  1.61172301e+00  1.37846000e+01  1.59566668e+00  3.83882884e-01  1.88275944e-02  1.27012052e-01  8.03114880e+02 
 3.71165250e+14  4.43465867e+34  1.48681000e+01  1.61783634e+00  1.37986000e+01  1.60185551e+00  3.84357912e-01  1.86698577e-02  1.26684949e-01  7.88674561e+02 
 3.71477562e+14  4.45801496e+34  1.48771000e+01  1.62392883e+00  1.38116000e+01  1.60790923e+00  3.84879105e-01  1.86444115e-02  1.26398223e-01  7.74579142e+02 
 3.71789875e+14  4.48137126e+34  1.48871000e+01  1.63000050e+00  1.38256000e+01  1.61407919e+00  3.85343043e-01  1.84630055e-02  1.26066845e-01  7.60818562e+02 
 3.72102187e+14  4.50472756e+34  1.48961000e+01  1.63605139e+00  1.38386000e+01  1.62011365e+00  3.85853286e-01  1.84136095e-02  1.25723872e-01  7.47075196e+02 
 3.72414500e+14  4.52808386e+34  1.49061000e+01  1.64208153e+00  1.38516000e+01  1.62613815e+00  3.86306282e-01  1.83525812e-02  1.25440306e-01  7.34263697e+02 
 3.72726812e+14  4.55144016e+34  1.49151000e+01  1.64809095e+00  1.38646000e+01  1.63215289e+00  3.86805715e-01  1.82798965e-02  1.25145003e-01  7.21451036e+02 
 3.73039125e+14  4.57479646e+34  1.49241000e+01  1.65407970e+00  1.38776000e+01  1.63815787e+00  3.87299816e-01  1.81956966e-02  1.24796155e-01  7.08644092e+02 
 3.73351437e+14  4.59815276e+34  1.49341000e+01  1.66004781e+00  1.38906000e+01  1.64415311e+00  3.87736673e-01  1.81000915e-02  1.24506582e-01  6.96711509e+02 
 3.73663750e+14  4.62150906e+34  1.49431000e+01  1.66599532e+00  1.39036000e+01  1.65013860e+00  3.88220169e-01  1.79932896e-02  1.24205402e-01  6.84768056e+02 
 3.73976062e+14  4.64486535e+34  1.49521000e+01  1.67192227e+00  1.39166000e+01  1.65611435e+00  3.88698430e-01  1.78754259e-02  1.23902332e-01  6.73098176e+02 
 3.74288375e+14  4.66863373e+34  1.49611000e+01  1.67793277e+00  1.39296000e+01  1.66215619e+00  3.89188058e-01  1.77768973e-02  1.23547572e-01  6.61222224e+02 
 3.74600687e+14  4.69313073e+34  1.49711000e+01  1.68410594e+00  1.39426000e+01  1.66832186e+00  3.89649507e-01  1.77202938e-02  1.23253765e-01  6.49815540e+02 
 3.74913000e+14  4.71762773e+34  1.49801000e+01  1.69025738e+00  1.39556000e+01  1.67447708e+00  3.90157496e-01  1.76519349e-02  1.22897474e-01  6.38146941e+02 
 3.75225312e+14  4.74212473e+34  1.49901000e+01  1.69638714e+00  1.39696000e+01  1.68075059e+00  3.90607907e-01  1.74306171e-02  1.22599896e-01  6.27272529e+02 
 3.75537625e+14  4.76662173e+34  1.49991000e+01  1.70249527e+00  1.39816000e+01  1.68675627e+00  3.91104999e-01  1.74804482e-02  1.22290705e-01  6.16393805e+02 
 3.75849937e+14  4.79111873e+34  1.50081000e+01  1.70858180e+00  1.39946000e+01  1.69288015e+00  3.91596714e-01  1.73777695e-02  1.21929289e-01  6.05516692e+02 
 3.76162250e+14  4.81561573e+34  1.50181000e+01  1.71464677e+00  1.40076000e+01  1.69899366e+00  3.92030865e-01  1.72638626e-02  1.21626434e-01  5.95385129e+02 
 3.76474562e+14  4.84011273e+34  1.50271000e+01  1.72069024e+00  1.40206000e+01  1.70509674e+00  3.92511898e-01  1.71390019e-02  1.21312100e-01  5.85241216e+02 
 3.76786875e+14  4.86460973e+34  1.50361000e+01  1.72671225e+00  1.40336000e+01  1.71118936e+00  3.92987656e-01  1.70033441e-02  1.20996117e-01  5.75328636e+02 
 3.77099187e+14  4.88910673e+34  1.50451000e+01  1.73271285e+00  1.40456000e+01  1.71714155e+00  3.93458176e-01  1.69968350e-02  1.20678540e-01  5.65640952e+02 
 3.77411500e+14  4.91360373e+34  1.50541000e+01  1.73869208e+00  1.40586000e+01  1.72321317e+00  3.93923491e-01  1.68396812e-02  1.20359421e-01  5.56171936e+02 
 3.77723812e+14  4.93810073e+34  1.50631000e+01  1.74465000e+00  1.40706000e+01  1.72914395e+00  3.94383633e-01  1.68114984e-02  1.20038809e-01  5.46915560e+02 
 3.78036125e+14  4.96259773e+34  1.50721000e+01  1.75058666e+00  1.40826000e+01  1.73506389e+00  3.94838636e-01  1.67726106e-02  1.19716756e-01  5.37865988e+02 
 3.78348437e+14  4.98789425e+34  1.50811000e+01  1.75669498e+00  1.40956000e+01  1.74124554e+00  3.95318557e-01  1.66368259e-02  1.19394360e-01  5.28731874e+02 
 3.78660750e+14  5.01356670e+34  1.50901000e+01  1.76287170e+00  1.41086000e+01  1.74748272e+00  3.95807231e-01  1.65149499e-02  1.19070918e-01  5.19674190e+02 
 3.78973062e+14  5.03923916e+34  1.50991000e+01  1.76902596e+00  1.41206000e+01  1.75357741e+00  3.96290522e-01  1.65206528e-02  1.18696752e-01  5.10612557e+02 
 3.79285375e+14  5.06491161e+34  1.51081000e+01  1.77515783e+00  1.41336000e+01  1.75979224e+00  3.96768466e-01  1.63768008e-02  1.18370448e-01  5.01968042e+02 
 3.79597687e+14  5.09058407e+34  1.51171000e+01  1.78126734e+00  1.41456000e+01  1.76586406e+00  3.97241098e-01  1.63604684e-02  1.18042733e-01  4.93519755e+02 
 3.79910000e+14  5.11625653e+34  1.51261000e+01  1.78735456e+00  1.41586000e+01  1.77205655e+00  3.97708456e-01  1.61952659e-02  1.17713661e-01  4.85262261e+02 
 3.80222312e+14  5.14192898e+34  1.51351000e+01  1.79341955e+00  1.41706000e+01  1.77810569e+00  3.98170574e-01  1.61573505e-02  1.17383282e-01  4.77190303e+02 
 3.80534625e+14  5.16760144e+34  1.51441000e+01  1.79946235e+00  1.41826000e+01  1.78414328e+00  3.98627487e-01  1.61088790e-02  1.17051647e-01  4.69298787e+02 
 3.80846937e+14  5.19327390e+34  1.51531000e+01  1.80548303e+00  1.41946000e+01  1.79016944e+00  3.99079227e-01  1.60498861e-02  1.16767271e-01  4.61774456e+02 
 3.81159250e+14  5.21894635e+34  1.51621000e+01  1.81148164e+00  1.42066000e+01  1.79618419e+00  3.99525830e-01  1.59805022e-02  1.16433141e-01  4.54226112e+02 
 3.81471562e+14  5.24461881e+34  1.51711000e+01  1.81745824e+00  1.42186000e+01  1.80218758e+00  3.99967328e-01  1.59008346e-02  1.16097897e-01  4.46843953e+02 
 3.81783875e+14  5.27029126e+34  1.51791000e+01  1.82341289e+00  1.42306000e+01  1.80817962e+00  4.00456522e-01  1.58110498e-02  1.15751617e-01  4.39440877e+02 
 3.82096187e+14  5.29596372e+34  1.51881000e+01  1.82934566e+00  1.42426000e+01  1.81416033e+00  4.00887937e-01  1.57112513e-02  1.15462256e-01  4.32560432e+02 
 3.82408500e+14  5.32271879e+34  1.51971000e+01  1.83550566e+00  1.42546000e+01  1.82031354e+00  4.01352311e-01  1.56658513e-02  1.15123892e-01  4.25362115e+02 
 3.82720812e+14  5.34960126e+34  1.52061000e+01  1.84167188e+00  1.42666000e+01  1.82647628e+00  4.01815857e-01  1.56173504e-02  1.14784416e-01  4.18291685e+02 
 3.83033125e+14  5.37648373e+34  1.52151000e+01  1.84781500e+00  1.42796000e+01  1.83276151e+00  4.02274127e-01  1.54222648e-02  1.14443860e-01  4.11379350e+02 
 3.83345437e+14  5.40336620e+34  1.52241000e+01  1.85393509e+00  1.42916000e+01  1.83890035e+00  4.02727160e-01  1.53528765e-02  1.14102275e-01  4.04620795e+02 
 3.83657750e+14  5.43024867e+34  1.52321000e+01  1.86003221e+00  1.43036000e+01  1.84502710e+00  4.03227938e-01  1.52732381e-02  1.13749695e-01  3.97846197e+02 
 3.83970062e+14  5.45713114e+34  1.52411000e+01  1.86610642e+00  1.43146000e+01  1.85100662e+00  4.03670630e-01  1.53187349e-02  1.13453422e-01  3.91548451e+02 
 3.84282375e+14  5.48401360e+34  1.52501000e+01  1.87215779e+00  1.43266000e+01  1.85710916e+00  4.04108188e-01  1.52186036e-02  1.13108895e-01  3.85226675e+02 
 3.84594687e+14  5.51089607e+34  1.52581000e+01  1.87818639e+00  1.43386000e+01  1.86319969e+00  4.04593685e-01  1.51086077e-02  1.12800484e-01  3.79042744e+02 
 3.84907000e+14  5.53777854e+34  1.52671000e+01  1.88419227e+00  1.43506000e+01  1.86927831e+00  4.05021104e-01  1.49887466e-02  1.12454174e-01  3.72992946e+02 
 3.85219312e+14  5.56466101e+34  1.52751000e+01  1.89017552e+00  1.43616000e+01  1.87520885e+00  4.05496590e-01  1.49938622e-02  1.12097060e-01  3.66920719e+02 
 3.85531625e+14  5.59154348e+34  1.52841000e+01  1.89613620e+00  1.43736000e+01  1.88126343e+00  4.05914004e-01  1.48546169e-02  1.11795888e-01  3.61281658e+02 
 3.85843937e+14  5.61842595e+34  1.52921000e+01  1.90207438e+00  1.43846000e+01  1.88716957e+00  4.06379605e-01  1.48401734e-02  1.11483738e-01  3.55613362e+02 
