# rhoc (cgs) 	 Pc (cgs) 	 R (km) 	 M (msol) 	 R_core (km) 	 M_core (msol) 	 I/(MR^2) 	 I_crust/(M_crust R_crust^2)/(I/(MR^2)) 	 k_2 	 Lambda 
 2.30000000e+14  1.68002456e+33  4.51121000e+01  1.09408818e-01  4.61660000e+00  3.42574522e-02  1.42647387e-02  9.13304562e-01  3.27897666e-04  3.71116526e+08 
 2.30775369e+14  1.69121297e+33  4.47231000e+01  1.09583729e-01  4.62760000e+00  3.45686805e-02  1.44603632e-02  9.11945573e-01  3.33107738e-04  3.58164244e+08 
 2.31550738e+14  1.70240138e+33  4.43431000e+01  1.09758751e-01  4.63960000e+00  3.48982035e-02  1.46559265e-02  9.10497587e-01  3.38417252e-04  3.45903813e+08 
 2.32326107e+14  1.71358979e+33  4.39711000e+01  1.09933869e-01  4.65160000e+00  3.52290773e-02  1.48518844e-02  9.09037616e-01  3.43853613e-04  3.34288209e+08 
 2.33101477e+14  1.72477820e+33  4.36071000e+01  1.10109064e-01  4.66260000e+00  3.55440164e-02  1.50480525e-02  9.07646501e-01  3.49408040e-04  3.23274870e+08 
 2.33876846e+14  1.73596661e+33  4.32511000e+01  1.10284322e-01  4.67360000e+00  3.58601144e-02  1.52442392e-02  9.06245258e-01  3.55071045e-04  3.12824340e+08 
 2.34652215e+14  1.74715502e+33  4.29011000e+01  1.10459624e-01  4.68460000e+00  3.61773623e-02  1.54416851e-02  9.04833858e-01  3.60915484e-04  3.02899271e+08 
 2.35427584e+14  1.75834343e+33  4.25591000e+01  1.10634958e-01  4.69560000e+00  3.64957486e-02  1.56388048e-02  9.03412293e-01  3.66851783e-04  2.93467027e+08 
 2.36202953e+14  1.76982410e+33  4.22161000e+01  1.10814898e-01  4.70760000e+00  3.68361818e-02  1.58407949e-02  9.01882655e-01  3.73042910e-04  2.84267336e+08 
 2.36978322e+14  1.78179234e+33  4.18651000e+01  1.11002621e-01  4.71860000e+00  3.71658339e-02  1.60523200e-02  9.00404055e-01  3.79675418e-04  2.75153694e+08 
 2.37753691e+14  1.79376059e+33  4.15211000e+01  1.11190511e-01  4.73060000e+00  3.75145072e-02  1.62644301e-02  8.98828241e-01  3.86468495e-04  2.66494403e+08 
 2.38529061e+14  1.80572883e+33  4.11841000e+01  1.11378552e-01  4.74160000e+00  3.78467141e-02  1.64769497e-02  8.97327438e-01  3.93413926e-04  2.58260613e+08 
 2.39304430e+14  1.81769708e+33  4.08551000e+01  1.11566730e-01  4.75260000e+00  3.81801333e-02  1.66888793e-02  8.95816028e-01  4.00454335e-04  2.50425903e+08 
 2.40079799e+14  1.82966533e+33  4.05311000e+01  1.11755031e-01  4.76360000e+00  3.85147513e-02  1.69024796e-02  8.94294010e-01  4.07725469e-04  2.42964466e+08 
 2.40855168e+14  1.84163357e+33  4.02151000e+01  1.11943435e-01  4.77460000e+00  3.88505574e-02  1.71151015e-02  8.92761369e-01  4.15071614e-04  2.35854431e+08 
 2.41630537e+14  1.85360182e+33  3.99041000e+01  1.12131928e-01  4.78560000e+00  3.91875380e-02  1.73290945e-02  8.91218112e-01  4.22634919e-04  2.29073528e+08 
 2.42405906e+14  1.86557006e+33  3.96001000e+01  1.12320495e-01  4.79660000e+00  3.95256820e-02  1.75425791e-02  8.89664234e-01  4.30304082e-04  2.22602596e+08 
 2.43181275e+14  1.87753831e+33  3.93021000e+01  1.12509117e-01  4.80760000e+00  3.98649782e-02  1.77562409e-02  8.88099729e-01  4.38121816e-04  2.16423021e+08 
 2.43956644e+14  1.88950656e+33  3.90091000e+01  1.12697781e-01  4.81760000e+00  4.01869716e-02  1.79708293e-02  8.86618960e-01  4.46135676e-04  2.10517477e+08 
 2.44732014e+14  1.90176123e+33  3.87161000e+01  1.12890998e-01  4.82860000e+00  4.05317732e-02  1.81896601e-02  8.85021188e-01  4.54431995e-04  2.04738127e+08 
 2.45507383e+14  1.91459193e+33  3.84141000e+01  1.13093457e-01  4.83960000e+00  4.08844657e-02  1.84202295e-02  8.83386368e-01  4.63364277e-04  1.98955913e+08 
 2.46282752e+14  1.92742263e+33  3.81191000e+01  1.13296105e-01  4.85060000e+00  4.12384125e-02  1.86500912e-02  8.81740503e-01  4.72412844e-04  1.93432017e+08 
 2.47058121e+14  1.94025332e+33  3.78291000e+01  1.13498932e-01  4.86160000e+00  4.15935966e-02  1.88809980e-02  8.80083624e-01  4.81689293e-04  1.88151009e+08 
 2.47833490e+14  1.95308402e+33  3.75451000e+01  1.13701919e-01  4.87160000e+00  4.19311414e-02  1.91117983e-02  8.78515069e-01  4.91123128e-04  1.83099059e+08 
 2.48608859e+14  1.96591472e+33  3.72661000e+01  1.13905050e-01  4.88260000e+00  4.22886723e-02  1.93433303e-02  8.76837215e-01  5.00769567e-04  1.78262967e+08 
 2.49384228e+14  1.97874542e+33  3.69931000e+01  1.14108312e-01  4.89360000e+00  4.26473957e-02  1.95743903e-02  8.75148411e-01  5.10553231e-04  1.73630745e+08 
 2.50159598e+14  1.99157611e+33  3.67241000e+01  1.14311689e-01  4.90360000e+00  4.29881920e-02  1.98069229e-02  8.73550960e-01  5.20601677e-04  1.69190724e+08 
 2.50934967e+14  2.00440681e+33  3.64611000e+01  1.14515158e-01  4.91360000e+00  4.33299950e-02  2.00386321e-02  8.71944531e-01  5.30767604e-04  1.64932685e+08 
 2.51710336e+14  2.01723751e+33  3.62031000e+01  1.14718710e-01  4.92460000e+00  4.36920577e-02  2.02704132e-02  8.70224960e-01  5.41110361e-04  1.60846550e+08 
 2.52485705e+14  2.03006821e+33  3.59501000e+01  1.14922326e-01  4.93460000e+00  4.40359166e-02  2.05020961e-02  8.68599698e-01  5.51620070e-04  1.56923114e+08 
 2.53261074e+14  2.04316673e+33  3.56961000e+01  1.15130248e-01  4.94460000e+00  4.43839072e-02  2.07393482e-02  8.66953436e-01  5.62578520e-04  1.53076379e+08 
 2.54036443e+14  2.05694505e+33  3.54341000e+01  1.15349147e-01  4.95560000e+00  4.47604866e-02  2.09889238e-02  8.65160229e-01  5.74301731e-04  1.49191338e+08 
 2.54811812e+14  2.07072337e+33  3.51761000e+01  1.15568273e-01  4.96560000e+00  4.51187391e-02  2.12398926e-02  8.63463959e-01  5.86321298e-04  1.45461940e+08 
 2.55587182e+14  2.08450169e+33  3.49241000e+01  1.15787611e-01  4.97660000e+00  4.54977493e-02  2.14896812e-02  8.61649311e-01  5.98463123e-04  1.41880079e+08 
 2.56362551e+14  2.09828000e+33  3.46761000e+01  1.16007144e-01  4.98660000e+00  4.58582334e-02  2.17405400e-02  8.59933707e-01  6.10883902e-04  1.38437778e+08 
 2.57137920e+14  2.11205832e+33  3.44331000e+01  1.16226856e-01  4.99660000e+00  4.62197693e-02  2.19910674e-02  8.58208991e-01  6.23488336e-04  1.35127853e+08 
 2.57913289e+14  2.12583664e+33  3.41941000e+01  1.16446733e-01  5.00660000e+00  4.65823419e-02  2.22423642e-02  8.56475212e-01  6.36355579e-04  1.31943372e+08 
 2.58688658e+14  2.13961495e+33  3.39601000e+01  1.16666751e-01  5.01660000e+00  4.69459410e-02  2.24929684e-02  8.54732370e-01  6.49383628e-04  1.28878060e+08 
 2.59464027e+14  2.15339327e+33  3.37301000e+01  1.16886897e-01  5.02660000e+00  4.73105521e-02  2.27440164e-02  8.52980514e-01  6.62654921e-04  1.25925824e+08 
 2.60239396e+14  2.16717159e+33  3.35041000e+01  1.17107154e-01  5.03660000e+00  4.76761627e-02  2.29953613e-02  8.51219674e-01  6.76160977e-04  1.23081035e+08 
 2.61014766e+14  2.18094990e+33  3.32821000e+01  1.17327504e-01  5.04660000e+00  4.80427606e-02  2.32468509e-02  8.49449881e-01  6.89892478e-04  1.20338403e+08 
 2.61790135e+14  2.19496258e+33  3.30611000e+01  1.17551683e-01  5.05660000e+00  4.84131439e-02  2.35016453e-02  8.47660721e-01  7.04006792e-04  1.17648789e+08 
 2.62565504e+14  2.20977747e+33  3.28301000e+01  1.17788914e-01  5.06660000e+00  4.87942098e-02  2.37734287e-02  8.45826740e-01  7.19350353e-04  1.14907345e+08 
 2.63340873e+14  2.22459236e+33  3.26041000e+01  1.18026414e-01  5.07660000e+00  4.91763893e-02  2.40442633e-02  8.43983576e-01  7.34872613e-04  1.12265280e+08 
 2.64116242e+14  2.23940726e+33  3.23831000e+01  1.18264167e-01  5.08760000e+00  4.95802282e-02  2.43139086e-02  8.42011126e-01  7.50554627e-04  1.09717752e+08 
 2.64891611e+14  2.25422215e+33  3.21651000e+01  1.18502158e-01  5.09760000e+00  4.99646624e-02  2.45851749e-02  8.40148771e-01  7.66613413e-04  1.07260058e+08 
 2.65666980e+14  2.26903705e+33  3.19511000e+01  1.18740366e-01  5.10760000e+00  5.03501592e-02  2.48564140e-02  8.38277403e-01  7.82925093e-04  1.04887988e+08 
 2.66442350e+14  2.28385194e+33  3.17401000e+01  1.18978772e-01  5.11660000e+00  5.07158978e-02  2.51290305e-02  8.36520258e-01  7.99602492e-04  1.02597449e+08 
 2.67217719e+14  2.29866684e+33  3.15341000e+01  1.19217358e-01  5.12660000e+00  5.11033958e-02  2.53997005e-02  8.34632017e-01  8.16384357e-04  1.00384763e+08 
 2.67993088e+14  2.31348173e+33  3.13311000e+01  1.19456105e-01  5.13660000e+00  5.14919133e-02  2.56714287e-02  8.32734906e-01  8.33510446e-04  9.82462285e+07 
 2.68768457e+14  2.32829663e+33  3.11311000e+01  1.19694999e-01  5.14660000e+00  5.18814350e-02  2.59441039e-02  8.30828993e-01  8.50975739e-04  9.61784688e+07 
 2.69543826e+14  2.34311152e+33  3.09361000e+01  1.19934018e-01  5.15560000e+00  5.22508287e-02  2.62142189e-02  8.29041444e-01  8.68494449e-04  9.41784027e+07 
 2.70319195e+14  2.35810970e+33  3.07411000e+01  1.20176103e-01  5.16560000e+00  5.26444750e-02  2.64893894e-02  8.27110997e-01  8.86639675e-04  9.22193308e+07 
 2.71094564e+14  2.37405479e+33  3.05371000e+01  1.20433723e-01  5.17560000e+00  5.30507038e-02  2.67825725e-02  8.25130388e-01  9.06280877e-04  9.02047886e+07 
 2.71869933e+14  2.38999987e+33  3.03371000e+01  1.20691657e-01  5.18560000e+00  5.34580618e-02  2.70752016e-02  8.23140855e-01  9.26181807e-04  8.82569039e+07 
 2.72645303e+14  2.40594496e+33  3.01401000e+01  1.20949889e-01  5.19560000e+00  5.38665286e-02  2.73688802e-02  8.21142487e-01  9.46480949e-04  8.63726687e+07 
 2.73420672e+14  2.42189005e+33  2.99471000e+01  1.21208398e-01  5.20460000e+00  5.42545595e-02  2.76616352e-02  8.19267576e-01  9.67010922e-04  8.45493093e+07 
 2.74196041e+14  2.43783514e+33  2.97581000e+01  1.21467167e-01  5.21460000e+00  5.46651095e-02  2.79532411e-02  8.17252785e-01  9.87750940e-04  8.27841738e+07 
 2.74971410e+14  2.45378023e+33  2.95711000e+01  1.21726173e-01  5.22460000e+00  5.50767174e-02  2.82472866e-02  8.15229367e-01  1.00901902e-03  8.10746877e+07 
 2.75746779e+14  2.46972531e+33  2.93881000e+01  1.21985398e-01  5.23360000e+00  5.54676014e-02  2.85398401e-02  8.13332613e-01  1.03046976e-03  7.94185466e+07 
 2.76522148e+14  2.48567040e+33  2.92081000e+01  1.22244823e-01  5.24360000e+00  5.58811981e-02  2.88326331e-02  8.11293161e-01  1.05225801e-03  7.78134665e+07 
 2.77297517e+14  2.50161549e+33  2.90301000e+01  1.22504423e-01  5.25260000e+00  5.62738869e-02  2.91275182e-02  8.09382441e-01  1.07455653e-03  7.62573055e+07 
 2.78072887e+14  2.51756058e+33  2.88561000e+01  1.22764186e-01  5.26160000e+00  5.66674161e-02  2.94203595e-02  8.07465333e-01  1.09698829e-03  7.47480886e+07 
 2.78848256e+14  2.69533742e+33  2.70211000e+01  1.25827776e-01  5.36560000e+00  6.12882527e-02  3.28461506e-02  7.84855526e-01  1.38343353e-03  6.00010974e+07 
 2.79623625e+14  2.76097124e+33  2.63851000e+01  1.27056205e-01  5.40460000e+00  6.30831952e-02  3.42018574e-02  7.76103769e-01  1.50924090e-03  5.53530147e+07 
 2.80398994e+14  2.80103946e+33  2.60121000e+01  1.27823373e-01  5.42760000e+00  6.41733843e-02  3.50439042e-02  7.70831830e-01  1.59100865e-03  5.27310750e+07 
 2.81174363e+14  2.84110768e+33  2.56521000e+01  1.28602283e-01  5.45060000e+00  6.52727415e-02  3.58914461e-02  7.65525911e-01  1.67608533e-03  5.02615334e+07 
 2.81949732e+14  2.88117591e+33  2.53021000e+01  1.29392531e-01  5.47460000e+00  6.64049283e-02  3.67513318e-02  7.60027867e-01  1.76537760e-03  4.79339018e+07 
 2.82725101e+14  2.92237743e+33  2.49551000e+01  1.30216608e-01  5.49760000e+00  6.75385201e-02  3.76398491e-02  7.54611272e-01  1.86069654e-03  4.56781608e+07 
 2.83500471e+14  2.96450473e+33  2.46111000e+01  1.31071154e-01  5.52160000e+00  6.87187799e-02  3.85591694e-02  7.48965439e-01  1.96270702e-03  4.35054202e+07 
 2.84275840e+14  3.00663204e+33  2.42791000e+01  1.31937408e-01  5.54560000e+00  6.99086648e-02  3.94844857e-02  7.43291525e-01  2.06882165e-03  4.14585986e+07 
 2.85051209e+14  3.04875935e+33  2.39571000e+01  1.32814950e-01  5.56960000e+00  7.11079843e-02  4.04205530e-02  7.37591835e-01  2.17978182e-03  3.95291811e+07 
 2.85826578e+14  3.09112627e+33  2.36451000e+01  1.33708452e-01  5.59260000e+00  7.22952142e-02  4.13652408e-02  7.32031552e-01  2.29537199e-03  3.76992683e+07 
 2.86601947e+14  3.13539048e+33  2.33301000e+01  1.34653564e-01  5.61760000e+00  7.35694338e-02  4.23594681e-02  7.26034792e-01  2.42102354e-03  3.58972452e+07 
 2.87377316e+14  3.17965468e+33  2.30261000e+01  1.35610272e-01  5.64160000e+00  7.48284097e-02  4.33598507e-02  7.20193785e-01  2.55160900e-03  3.41996370e+07 
 2.88152685e+14  3.22391889e+33  2.27321000e+01  1.36578123e-01  5.66560000e+00  7.60968066e-02  4.43681544e-02  7.14338484e-01  2.68750912e-03  3.25994605e+07 
 2.88928055e+14  3.26818309e+33  2.24491000e+01  1.37556674e-01  5.68960000e+00  7.73744465e-02  4.53784430e-02  7.08470851e-01  2.82793659e-03  3.10902622e+07 
 2.89703424e+14  3.31393370e+33  2.21661000e+01  1.38578986e-01  5.71360000e+00  7.86836944e-02  4.64307169e-02  7.02543022e-01  2.97885641e-03  2.96194842e+07 
 2.90478793e+14  3.36041442e+33  2.18891000e+01  1.39628869e-01  5.73860000e+00  8.00396708e-02  4.75034208e-02  6.96399426e-01  3.13755997e-03  2.82113481e+07 
 2.91254162e+14  3.40689515e+33  2.16211000e+01  1.40689653e-01  5.76260000e+00  8.13791186e-02  4.85844664e-02  6.90436674e-01  3.30256357e-03  2.68842357e+07 
 2.92029531e+14  3.45337587e+33  2.13631000e+01  1.41760865e-01  5.78760000e+00  8.27544245e-02  4.96672382e-02  6.84282266e-01  3.47286789e-03  2.56328111e+07 
 2.92804900e+14  3.50037517e+33  2.11121000e+01  1.42854186e-01  5.81160000e+00  8.41204367e-02  5.07625939e-02  6.78301329e-01  3.65029829e-03  2.44393164e+07 
 2.93580269e+14  3.54915384e+33  2.08601000e+01  1.43999594e-01  5.83660000e+00  8.55503975e-02  5.19070066e-02  6.72078759e-01  3.84134680e-03  2.32716669e+07 
 2.94355639e+14  3.59793252e+33  2.06181000e+01  1.45155571e-01  5.86160000e+00  8.69902490e-02  5.30501186e-02  6.65859844e-01  4.03786176e-03  2.21714699e+07 
 2.95131008e+14  3.64671120e+33  2.03841000e+01  1.46321631e-01  5.88560000e+00  8.84122846e-02  5.41995568e-02  6.59844832e-01  4.24135066e-03  2.11342867e+07 
 2.95906377e+14  3.69548988e+33  2.01591000e+01  1.47497311e-01  5.91060000e+00  8.98711613e-02  5.53476934e-02  6.53639331e-01  4.45041800e-03  2.01560005e+07 
 2.96681746e+14  3.74611922e+33  1.99341000e+01  1.48727455e-01  5.93560000e+00  9.13688783e-02  5.65405611e-02  6.47398463e-01  4.67385512e-03  1.91986661e+07 
 2.97457115e+14  3.79727910e+33  1.97141000e+01  1.49980599e-01  5.96060000e+00  9.28848864e-02  5.77530083e-02  6.41158592e-01  4.90759247e-03  1.82871586e+07 
 2.98232484e+14  3.84843898e+33  1.95031000e+01  1.51243422e-01  5.98560000e+00  9.44106407e-02  5.89607219e-02  6.34933518e-01  5.14690471e-03  1.74281092e+07 
 2.99007853e+14  3.89959886e+33  1.92991000e+01  1.52515445e-01  6.00960000e+00  9.59172728e-02  6.01729574e-02  6.28932795e-01  5.39381907e-03  1.66180824e+07 
 2.99783222e+14  3.95156043e+33  1.91001000e+01  1.53816376e-01  6.03460000e+00  9.74747543e-02  6.13998944e-02  6.22727088e-01  5.65044904e-03  1.58422432e+07 
 3.00558592e+14  4.00518658e+33  1.89021000e+01  1.55168422e-01  6.06060000e+00  9.90980647e-02  6.26668893e-02  6.16299762e-01  5.92267574e-03  1.50875907e+07 
 3.01333961e+14  4.05881274e+33  1.87111000e+01  1.56529702e-01  6.08560000e+00  1.00702228e-01  6.39353166e-02  6.10106389e-01  6.20260478e-03  1.43765705e+07 
 3.02109330e+14  4.11243889e+33  1.85281000e+01  1.57899727e-01  6.11060000e+00  1.02316011e-01  6.51955741e-02  6.03936762e-01  6.48791050e-03  1.37063170e+07 
 3.02884699e+14  4.16606504e+33  1.83511000e+01  1.59278028e-01  6.13460000e+00  1.03909353e-01  6.64588357e-02  5.98008790e-01  6.78132324e-03  1.30741655e+07 
 3.03660068e+14  4.22191021e+33  1.81731000e+01  1.60721931e-01  6.16060000e+00  1.05608522e-01  6.77755971e-02  5.91643793e-01  7.09507241e-03  1.24535906e+07 
 3.04435437e+14  4.27808952e+33  1.80011000e+01  1.62183192e-01  6.18560000e+00  1.07293115e-01  6.90946931e-02  5.85522613e-01  7.41736239e-03  1.18654408e+07 
 3.05210806e+14  4.33426884e+33  1.78361000e+01  1.63652723e-01  6.21060000e+00  1.08987375e-01  7.04058251e-02  5.79431941e-01  7.74559860e-03  1.13111480e+07 
 3.05986176e+14  4.39044816e+33  1.76771000e+01  1.65130047e-01  6.23560000e+00  1.10691143e-01  7.17139421e-02  5.73371589e-01  8.08104898e-03  1.07884907e+07 
 3.06761545e+14  4.44770863e+33  1.75201000e+01  1.66643413e-01  6.26060000e+00  1.12422374e-01  7.30507167e-02  5.67334134e-01  8.43224799e-03  1.02861746e+07 
 3.07536914e+14  4.50652983e+33  1.73651000e+01  1.68206062e-01  6.28660000e+00  1.14220842e-01  7.44171807e-02  5.61093451e-01  8.79981070e-03  9.79986149e+06 
 3.08312283e+14  4.56535103e+33  1.72161000e+01  1.69776481e-01  6.31160000e+00  1.15997883e-01  7.57769864e-02  5.55114256e-01  9.17419756e-03  9.34163098e+06 
 3.09087652e+14  4.62417223e+33  1.70731000e+01  1.71354199e-01  6.33660000e+00  1.17784480e-01  7.71272156e-02  5.49170331e-01  9.55439548e-03  8.90963180e+06 
 3.09863021e+14  4.68299343e+33  1.69341000e+01  1.72938764e-01  6.36160000e+00  1.19580474e-01  7.84833936e-02  5.43261135e-01  9.94514935e-03  8.50214547e+06 
 3.10638390e+14  4.74439747e+33  1.67951000e+01  1.74600072e-01  6.38760000e+00  1.21462219e-01  7.98861822e-02  5.37151585e-01  1.03582318e-02  8.10111652e+06 
 3.11413760e+14  4.80595109e+33  1.66611000e+01  1.76272678e-01  6.41260000e+00  1.23324125e-01  8.12847629e-02  5.31312652e-01  1.07792236e-02  7.72234511e+06 
 3.12189129e+14  4.86750470e+33  1.65321000e+01  1.77952084e-01  6.43760000e+00  1.25195629e-01  8.26763496e-02  5.25512681e-01  1.12072039e-02  7.36529889e+06 
 3.12964498e+14  4.92905832e+33  1.64071000e+01  1.79637835e-01  6.46260000e+00  1.27076579e-01  8.40685282e-02  5.19750654e-01  1.16446717e-02  7.02854920e+06 
 3.13739867e+14  4.99195948e+33  1.62851000e+01  1.81366687e-01  6.48860000e+00  1.29023503e-01  8.54728843e-02  5.13793293e-01  1.20948656e-02  6.70399957e+06 
 3.14515236e+14  5.05633787e+33  1.61641000e+01  1.83142723e-01  6.51360000e+00  1.30972355e-01  8.69105949e-02  5.08118235e-01  1.25655682e-02  6.39086767e+06 
 3.15290605e+14  5.12071626e+33  1.60481000e+01  1.84925051e-01  6.53960000e+00  1.32964843e-01  8.83346483e-02  5.02244848e-01  1.30411734e-02  6.09571179e+06 
 3.16065974e+14  5.18509466e+33  1.59361000e+01  1.86713224e-01  6.56460000e+00  1.34933102e-01  8.97533400e-02  4.96649934e-01  1.35245165e-02  5.81734700e+06 
 3.16841344e+14  5.24948602e+33  1.58281000e+01  1.88507177e-01  6.58960000e+00  1.36910919e-01  9.11644373e-02  4.91093949e-01  1.40146292e-02  5.55462156e+06 
 3.17616713e+14  5.31678336e+33  1.57191000e+01  1.90387831e-01  6.61560000e+00  1.38983587e-01  9.26333136e-02  4.85358672e-01  1.45347970e-02  5.29565643e+06 
 3.18392082e+14  5.38408070e+33  1.56151000e+01  1.92274275e-01  6.64060000e+00  1.41031460e-01  9.40813280e-02  4.79907127e-01  1.50570129e-02  5.05155560e+06 
 3.19167451e+14  5.45137803e+33  1.55141000e+01  1.94166068e-01  6.66560000e+00  1.43088862e-01  9.55298625e-02  4.74496538e-01  1.55895269e-02  4.82133788e+06 
 3.19942820e+14  5.51867537e+33  1.54171000e+01  1.96062781e-01  6.69060000e+00  1.45155638e-01  9.69646112e-02  4.69125429e-01  1.61264208e-02  4.60409228e+06 
 3.20718189e+14  5.58756247e+33  1.53211000e+01  1.98009084e-01  6.71660000e+00  1.47295538e-01  9.84272531e-02  4.63566279e-01  1.66837188e-02  4.39425650e+06 
 3.21493558e+14  5.65787475e+33  1.52271000e+01  2.00000808e-01  6.74160000e+00  1.49434599e-01  9.99045919e-02  4.58310741e-01  1.72564339e-02  4.19224522e+06 
 3.22268928e+14  5.72818702e+33  1.51371000e+01  2.01997384e-01  6.76760000e+00  1.51619633e-01  1.01363887e-01  4.52848764e-01  1.78316903e-02  4.00170956e+06 
 3.23044297e+14  5.79849930e+33  1.50491000e+01  2.03998388e-01  6.79260000e+00  1.53777955e-01  1.02829740e-01  4.47672549e-01  1.84200839e-02  3.82189670e+06 
 3.23819666e+14  5.86895302e+33  1.49651000e+01  2.06007461e-01  6.81760000e+00  1.55948044e-01  1.04273714e-01  4.42536271e-01  1.90086947e-02  3.65177528e+06 
 3.24595035e+14  5.94237802e+33  1.48801000e+01  2.08105598e-01  6.84360000e+00  1.58217596e-01  1.05776145e-01  4.37235990e-01  1.96315966e-02  3.48445161e+06 
 3.25370404e+14  6.01580302e+33  1.47991000e+01  2.10208100e-01  6.86860000e+00  1.60459829e-01  1.07254093e-01  4.32224074e-01  2.02537162e-02  3.32661384e+06 
 3.26145773e+14  6.08922802e+33  1.47201000e+01  2.12314543e-01  6.89360000e+00  1.62711510e-01  1.08734182e-01  4.27250309e-01  2.08872499e-02  3.17764025e+06 
 3.26921142e+14  6.16265302e+33  1.46441000e+01  2.14424534e-01  6.91860000e+00  1.64972470e-01  1.10200083e-01  4.22313177e-01  2.15242831e-02  3.03695344e+06 
 3.27696511e+14  6.23787281e+33  1.45701000e+01  2.16589514e-01  6.94460000e+00  1.67313146e-01  1.11673433e-01  4.17194081e-01  2.21733743e-02  2.90085281e+06 
 3.28471881e+14  6.31451012e+33  1.44961000e+01  2.18799058e-01  6.96960000e+00  1.69650768e-01  1.13183021e-01  4.12389790e-01  2.28494886e-02  2.76996003e+06 
 3.29247250e+14  6.39114744e+33  1.44261000e+01  2.21012063e-01  6.99560000e+00  1.72036758e-01  1.14659088e-01  4.07369899e-01  2.35191659e-02  2.64639757e+06 
 3.30022619e+14  6.46778475e+33  1.43571000e+01  2.23228140e-01  7.02060000e+00  1.74393443e-01  1.16147081e-01  4.02636527e-01  2.42052647e-02  2.52968906e+06 
 3.30797988e+14  6.54464398e+33  1.42921000e+01  2.25453339e-01  7.04560000e+00  1.76763282e-01  1.17598172e-01  3.97941139e-01  2.48819955e-02  2.41908129e+06 
 3.31573357e+14  6.62459498e+33  1.42261000e+01  2.27771017e-01  7.07060000e+00  1.79198341e-01  1.19108101e-01  3.93345599e-01  2.55965781e-02  2.31040051e+06 
 3.32348726e+14  6.70454599e+33  1.41621000e+01  2.30091688e-01  7.09660000e+00  1.81682923e-01  1.20611396e-01  3.88530985e-01  2.63181191e-02  2.20778540e+06 
 3.33124095e+14  6.78449699e+33  1.41011000e+01  2.32414957e-01  7.12160000e+00  1.84137094e-01  1.22089228e-01  3.84002008e-01  2.70360277e-02  2.11084263e+06 
 3.33899465e+14  6.86444800e+33  1.40421000e+01  2.34740443e-01  7.14660000e+00  1.86600425e-01  1.23556822e-01  3.79504004e-01  2.77582325e-02  2.01920723e+06 
 3.34674834e+14  6.94634663e+33  1.39841000e+01  2.37124657e-01  7.17160000e+00  1.89108287e-01  1.25041478e-01  3.75081807e-01  2.84976177e-02  1.93048292e+06 
 3.35450203e+14  7.02971448e+33  1.39271000e+01  2.39554062e-01  7.19760000e+00  1.91693500e-01  1.26540422e-01  3.70471088e-01  2.92534253e-02  1.84514660e+06 
 3.36225572e+14  7.11308233e+33  1.38721000e+01  2.41985599e-01  7.22260000e+00  1.94247166e-01  1.28026388e-01  3.66144465e-01  3.00118006e-02  1.76450902e+06 
 3.37000941e+14  7.19645018e+33  1.38191000e+01  2.44418890e-01  7.24760000e+00  1.96810001e-01  1.29497770e-01  3.61846199e-01  3.07714679e-02  1.68826866e+06 
 3.37776310e+14  7.28005635e+33  1.37671000e+01  2.46860544e-01  7.27260000e+00  1.99386198e-01  1.30973408e-01  3.57580858e-01  3.15430926e-02  1.61594501e+06 
 3.38551679e+14  7.36694597e+33  1.37161000e+01  2.49399722e-01  7.29760000e+00  2.02031718e-01  1.32471034e-01  3.53425518e-01  3.23333926e-02  1.54487392e+06 
 3.39327049e+14  7.45383558e+33  1.36671000e+01  2.51940572e-01  7.32360000e+00  2.04729187e-01  1.33951100e-01  3.49042690e-01  3.31227397e-02  1.47769885e+06 
 3.40102418e+14  7.54072519e+33  1.36191000e+01  2.54482714e-01  7.34860000e+00  2.07393500e-01  1.35431835e-01  3.44940057e-01  3.39221145e-02  1.41417091e+06 
 3.40877787e+14  7.62761480e+33  1.35731000e+01  2.57025793e-01  7.37260000e+00  2.10023611e-01  1.36892255e-01  3.41116242e-01  3.47182175e-02  1.35405875e+06 
 3.41653156e+14  7.71653552e+33  1.35281000e+01  2.59629084e-01  7.39760000e+00  2.12742931e-01  1.38363991e-01  3.37114860e-01  3.55278749e-02  1.29585059e+06 
 3.42428525e+14  7.80705356e+33  1.34831000e+01  2.62280248e-01  7.42360000e+00  2.15544713e-01  1.39864758e-01  3.32924983e-01  3.63633147e-02  1.23980303e+06 
 3.43203894e+14  7.89757160e+33  1.34411000e+01  2.64932249e-01  7.44860000e+00  2.18312149e-01  1.41321544e-01  3.29012470e-01  3.71794831e-02  1.18678392e+06 
 3.43979263e+14  7.98808965e+33  1.34001000e+01  2.67584728e-01  7.47360000e+00  2.21088565e-01  1.42774423e-01  3.25121142e-01  3.80020057e-02  1.13660217e+06 
 3.44754633e+14  8.07878010e+33  1.33601000e+01  2.70242405e-01  7.49760000e+00  2.23832305e-01  1.44223675e-01  3.21508911e-01  3.88306973e-02  1.08899185e+06 
 3.45530002e+14  8.17303497e+33  1.33201000e+01  2.73004854e-01  7.52360000e+00  2.26740288e-01  1.45712864e-01  3.17505969e-01  3.96896665e-02  1.04215282e+06 
 3.46305371e+14  8.26728985e+33  1.32821000e+01  2.75767679e-01  7.54860000e+00  2.29612737e-01  1.47174615e-01  3.13776994e-01  4.05389112e-02  9.97831858e+05 
 3.47080740e+14  8.36154472e+33  1.32451000e+01  2.78530525e-01  7.57360000e+00  2.32494140e-01  1.48629648e-01  3.10066250e-01  4.13922101e-02  9.55870847e+05 
 3.47856109e+14  8.45579959e+33  1.32101000e+01  2.81293058e-01  7.59760000e+00  2.35338452e-01  1.50054366e-01  3.06626381e-01  4.22327880e-02  9.16122569e+05 
 3.48631478e+14  8.55208017e+33  1.31751000e+01  2.84114435e-01  7.62260000e+00  2.38274628e-01  1.51506853e-01  3.03005750e-01  4.30978040e-02  8.77660643e+05 
 3.49406847e+14  8.65018199e+33  1.31401000e+01  2.86988998e-01  7.64760000e+00  2.41253626e-01  1.52986122e-01  2.99452850e-01  4.39873137e-02  8.40548792e+05 
 3.50182217e+14  8.74828381e+33  1.31081000e+01  2.89863123e-01  7.67260000e+00  2.44241549e-01  1.54409154e-01  2.95915159e-01  4.48446571e-02  8.05402509e+05 
 3.50957586e+14  8.84638564e+33  1.30761000e+01  2.92736477e-01  7.69760000e+00  2.47238216e-01  1.55844912e-01  2.92391578e-01  4.57191548e-02  7.72099955e+05 
 3.51732955e+14  8.94449098e+33  1.30451000e+01  2.95608833e-01  7.72160000e+00  2.50196153e-01  1.57269234e-01  2.89133754e-01  4.65931651e-02  7.40526524e+05 
 3.52508324e+14  9.04655157e+33  1.30151000e+01  2.98595993e-01  7.74660000e+00  2.53283480e-01  1.58709003e-01  2.85749049e-01  4.74792665e-02  7.09398152e+05 
 3.53283693e+14  9.14861216e+33  1.29851000e+01  3.01582253e-01  7.77160000e+00  2.56379698e-01  1.60160719e-01  2.82376601e-01  4.83821401e-02  6.79909389e+05 
 3.54059062e+14  9.25067274e+33  1.29571000e+01  3.04567282e-01  7.79660000e+00  2.59484611e-01  1.61574421e-01  2.79015382e-01  4.92639392e-02  6.51959070e+05 
 3.54834431e+14  9.35273333e+33  1.29301000e+01  3.07550752e-01  7.82060000e+00  2.62549444e-01  1.62973602e-01  2.75915977e-01  5.01419110e-02  6.25453051e+05 
 3.55609800e+14  9.45670337e+33  1.29031000e+01  3.10588233e-01  7.84560000e+00  2.65706609e-01  1.64396466e-01  2.72629052e-01  5.10416906e-02  5.99844607e+05 
 3.56385170e+14  9.56283621e+33  1.28771000e+01  3.13687422e-01  7.87060000e+00  2.68912836e-01  1.65819329e-01  2.69413775e-01  5.19445180e-02  5.75059675e+05 
 3.57160539e+14  9.66896905e+33  1.28521000e+01  3.16784912e-01  7.89460000e+00  2.72078172e-01  1.67225991e-01  2.66457590e-01  5.28416948e-02  5.51560496e+05 
 3.57935908e+14  9.77510189e+33  1.28281000e+01  3.19880379e-01  7.91960000e+00  2.75301195e-01  1.68615553e-01  2.63257858e-01  5.37321543e-02  5.29268815e+05 
 3.58711277e+14  9.88123473e+33  1.28051000e+01  3.22973522e-01  7.94360000e+00  2.78482360e-01  1.69987128e-01  2.60314731e-01  5.46148239e-02  5.08111696e+05 
 3.59486646e+14  9.99126345e+33  1.27821000e+01  3.26177867e-01  7.96860000e+00  2.81794501e-01  1.71394901e-01  2.57239666e-01  5.55251658e-02  4.87300499e+05 
 3.60262015e+14  1.01015837e+34  1.27591000e+01  3.29388538e-01  7.99260000e+00  2.85069892e-01  1.72813041e-01  2.54427932e-01  5.64499713e-02  4.67508919e+05 
 3.61037384e+14  1.02119039e+34  1.27381000e+01  3.32596715e-01  8.01760000e+00  2.88404127e-01  1.74184635e-01  2.51371492e-01  5.73431746e-02  4.48728448e+05 
 3.61812754e+14  1.03222242e+34  1.27171000e+01  3.35802096e-01  8.04160000e+00  2.91695181e-01  1.75563240e-01  2.48567583e-01  5.82482780e-02  4.30898411e+05 
 3.62588123e+14  1.04342022e+34  1.26971000e+01  3.39052559e-01  8.06560000e+00  2.95024671e-01  1.76932976e-01  2.45813745e-01  5.91485474e-02  4.13713824e+05 
 3.63363492e+14  1.05488266e+34  1.26781000e+01  3.42377047e-01  8.09060000e+00  2.98463387e-01  1.78300424e-01  2.42890149e-01  6.00470095e-02  3.97015463e+05 
 3.64138861e+14  1.06634510e+34  1.26591000e+01  3.45698574e-01  8.11460000e+00  3.01858062e-01  1.79673912e-01  2.40216228e-01  6.09563030e-02  3.81165174e+05 
 3.64914230e+14  1.07780754e+34  1.26411000e+01  3.49016821e-01  8.13860000e+00  3.05260234e-01  1.81024682e-01  2.37543099e-01  6.18519562e-02  3.66112334e+05 
 3.65689599e+14  1.08926998e+34  1.26241000e+01  3.52331503e-01  8.16260000e+00  3.08669717e-01  1.82351874e-01  2.34870220e-01  6.27328038e-02  3.51809716e+05 
 3.66464968e+14  1.10110082e+34  1.26061000e+01  3.55749034e-01  8.18660000e+00  3.12155417e-01  1.83739984e-01  2.32300961e-01  6.36631810e-02  3.37786126e+05 
 3.67240338e+14  1.11300551e+34  1.25901000e+01  3.59184457e-01  8.21160000e+00  3.15716057e-01  1.85080116e-01  2.29506472e-01  6.45556660e-02  3.24385153e+05 
 3.68015707e+14  1.12491020e+34  1.25741000e+01  3.62616117e-01  8.23560000e+00  3.19230818e-01  1.86424560e-01  2.26956243e-01  6.54569606e-02  3.11654389e+05 
 3.68791076e+14  1.13681490e+34  1.25591000e+01  3.66043728e-01  8.25960000e+00  3.22752768e-01  1.87743315e-01  2.24404064e-01  6.63406233e-02  2.99554376e+05 
 3.69566445e+14  1.14884392e+34  1.25441000e+01  3.69502776e-01  8.28360000e+00  3.26304998e-01  1.89074803e-01  2.21883835e-01  6.72374181e-02  2.87930996e+05 
 3.70341814e+14  1.16120287e+34  1.25301000e+01  3.73052549e-01  8.30760000e+00  3.29926175e-01  1.90403770e-01  2.19451918e-01  6.81288530e-02  2.76580833e+05 
 3.71117183e+14  1.17356181e+34  1.25161000e+01  3.76598078e-01  8.33160000e+00  3.33554593e-01  1.91735929e-01  2.17016489e-01  6.90277271e-02  2.65794859e+05 
 3.71892552e+14  1.18592075e+34  1.25031000e+01  3.80139062e-01  8.35560000e+00  3.37190083e-01  1.93040291e-01  2.14576953e-01  6.99060238e-02  2.55540070e+05 
 3.72667922e+14  1.19827969e+34  1.24911000e+01  3.83675224e-01  8.37860000e+00  3.40776661e-01  1.94316041e-01  2.12374819e-01  7.07625478e-02  2.45785631e+05 
 3.73443291e+14  1.21096841e+34  1.24781000e+01  3.87300704e-01  8.40260000e+00  3.44487141e-01  1.95649233e-01  2.10014749e-01  7.16674637e-02  2.36260594e+05 
 3.74218660e+14  1.22379375e+34  1.24661000e+01  3.90960457e-01  8.42660000e+00  3.48230218e-01  1.96963329e-01  2.07686094e-01  7.25557261e-02  2.27106172e+05 
 3.74994029e+14  1.23661908e+34  1.24551000e+01  3.94615168e-01  8.45060000e+00  3.51980226e-01  1.98247545e-01  2.05351436e-01  7.34203907e-02  2.18399827e+05 
 3.75769398e+14  1.24944442e+34  1.24441000e+01  3.98264555e-01  8.47460000e+00  3.55736980e-01  1.99533152e-01  2.03010408e-01  7.42901086e-02  2.10115724e+05 
 3.76544767e+14  1.26233335e+34  1.24341000e+01  4.01926413e-01  8.49760000e+00  3.59454766e-01  2.00792379e-01  2.00918764e-01  7.51372853e-02  2.02191514e+05 
 3.77320136e+14  1.27563739e+34  1.24241000e+01  4.05700650e-01  8.52160000e+00  3.63313719e-01  2.02082623e-01  1.98689785e-01  7.60063686e-02  1.94408181e+05 
 3.78095505e+14  1.28894142e+34  1.24141000e+01  4.09469338e-01  8.54560000e+00  3.67179461e-01  2.03373696e-01  1.96452969e-01  7.68797514e-02  1.87003449e+05 
 3.78870875e+14  1.30224546e+34  1.24051000e+01  4.13232190e-01  8.56860000e+00  3.70993414e-01  2.04632513e-01  1.94445753e-01  7.77260192e-02  1.79955625e+05 
 3.79646244e+14  1.31554949e+34  1.23971000e+01  4.16988940e-01  8.59260000e+00  3.74871838e-01  2.05858306e-01  1.92191913e-01  7.85439969e-02  1.73244406e+05 
 3.80421613e+14  1.32912406e+34  1.23881000e+01  4.20815687e-01  8.61560000e+00  3.78747854e-01  2.07136726e-01  1.90235602e-01  7.94081447e-02  1.66723699e+05 
 3.81196982e+14  1.34291923e+34  1.23801000e+01  4.24698502e-01  8.63960000e+00  3.82730113e-01  2.08397525e-01  1.88089483e-01  8.02526389e-02  1.60414942e+05 
 3.81972351e+14  1.35671441e+34  1.23731000e+01  4.28574957e-01  8.66260000e+00  3.86659154e-01  2.09624056e-01  1.86169016e-01  8.10669443e-02  1.54408373e+05 
 3.82747720e+14  1.37050959e+34  1.23661000e+01  4.32444790e-01  8.68660000e+00  3.90653748e-01  2.10849700e-01  1.84002751e-01  8.18830424e-02  1.48686923e+05 
 3.83523089e+14  1.38430477e+34  1.23591000e+01  4.36307742e-01  8.70960000e+00  3.94594112e-01  2.12074373e-01  1.82060746e-01  8.27008399e-02  1.43234598e+05 
 3.84298459e+14  1.39858392e+34  1.23521000e+01  4.40299194e-01  8.73260000e+00  3.98629668e-01  2.13332556e-01  1.80227681e-01  8.35407991e-02  1.37857865e+05 
 3.85073828e+14  1.41288283e+34  1.23461000e+01  4.44289292e-01  8.75660000e+00  4.02735391e-01  2.14556363e-01  1.78154171e-01  8.43490706e-02  1.32729788e+05 
 3.85849197e+14  1.42718174e+34  1.23401000e+01  4.48272231e-01  8.77960000e+00  4.06785910e-01  2.15778637e-01  1.76301924e-01  8.51581948e-02  1.27843613e+05 
 3.86624566e+14  1.44148065e+34  1.23351000e+01  4.52247756e-01  8.80260000e+00  4.10841647e-01  2.16964121e-01  1.74437146e-01  8.59332420e-02  1.23185857e+05 
 3.87399935e+14  1.45596675e+34  1.23301000e+01  4.56267581e-01  8.82560000e+00  4.14937042e-01  2.18160689e-01  1.72604801e-01  8.67161480e-02  1.18687039e+05 
 3.88175304e+14  1.47078213e+34  1.23251000e+01  4.60371233e-01  8.84860000e+00  4.19098522e-01  2.19378322e-01  1.70838455e-01  8.75128320e-02  1.14301383e+05 
 3.88950673e+14  1.48559750e+34  1.23201000e+01  4.64467189e-01  8.87160000e+00  4.23265184e-01  2.20593791e-01  1.69058457e-01  8.83094134e-02  1.10121303e+05 
 3.89726043e+14  1.50041288e+34  1.23161000e+01  4.68555185e-01  8.89460000e+00  4.27436863e-01  2.21771006e-01  1.67264642e-01  8.90696323e-02  1.06135417e+05 
 3.90501412e+14  1.51522826e+34  1.23121000e+01  4.72634978e-01  8.91760000e+00  4.31613379e-01  2.22945516e-01  1.65457023e-01  8.98289208e-02  1.02333054e+05 
 3.91276781e+14  1.53044361e+34  1.23081000e+01  4.76816440e-01  8.94060000e+00  4.35868254e-01  2.24145008e-01  1.63728446e-01  9.06037322e-02  9.86082939e+04 
 3.92052150e+14  1.54578832e+34  1.23051000e+01  4.81025204e-01  8.96360000e+00  4.40151879e-01  2.25314041e-01  1.62015113e-01  9.13456784e-02  9.50261119e+04 
 3.92827519e+14  1.56113302e+34  1.23021000e+01  4.85225462e-01  8.98660000e+00  4.44440285e-01  2.26479823e-01  1.60286934e-01  9.20858350e-02  9.16092999e+04 
 3.93602888e+14  1.57647773e+34  1.22991000e+01  4.89416961e-01  9.00860000e+00  4.48668785e-01  2.27642297e-01  1.58770718e-01  9.28241219e-02  8.83488316e+04 
 3.94378257e+14  1.59189839e+34  1.22971000e+01  4.93620162e-01  9.03160000e+00  4.52979819e-01  2.28769375e-01  1.57029257e-01  9.35255008e-02  8.52211703e+04 
 3.95153627e+14  1.60778543e+34  1.22941000e+01  4.97941421e-01  9.05460000e+00  4.57380781e-01  2.29961856e-01  1.55376924e-01  9.42814544e-02  8.21461263e+04 
 3.95928996e+14  1.62367247e+34  1.22921000e+01  5.02253605e-01  9.07660000e+00  4.61720797e-01  2.31113266e-01  1.53933769e-01  9.49966345e-02  7.92121331e+04 
 3.96704365e+14  1.63955951e+34  1.22901000e+01  5.06556466e-01  9.09960000e+00  4.66130352e-01  2.32260775e-01  1.52249111e-01  9.57090137e-02  7.64115458e+04 
 3.97479734e+14  1.65544655e+34  1.22891000e+01  5.10849779e-01  9.12160000e+00  4.70477938e-01  2.33366360e-01  1.50772669e-01  9.63793061e-02  7.37371784e+04 
 3.98255103e+14  1.67161991e+34  1.22881000e+01  5.15210562e-01  9.14460000e+00  4.74947567e-01  2.34486736e-01  1.49117625e-01  9.70573888e-02  7.11372187e+04 
 3.99030472e+14  1.68806241e+34  1.22861000e+01  5.19634226e-01  9.16660000e+00  4.79403643e-01  2.35659052e-01  1.47726779e-01  9.77822461e-02  6.86135478e+04 
 3.99805841e+14  1.70450491e+34  1.22861000e+01  5.24047995e-01  9.18960000e+00  4.83930306e-01  2.36750170e-01  1.46095888e-01  9.84238216e-02  6.62038906e+04 
 4.00581211e+14  1.72094741e+34  1.22851000e+01  5.28451638e-01  9.21160000e+00  4.88393434e-01  2.37875144e-01  1.44670074e-01  9.91014248e-02  6.39021568e+04 
 4.01356580e+14  1.73738991e+34  1.22851000e+01  5.32844925e-01  9.23360000e+00  4.92859676e-01  2.38956657e-01  1.43226616e-01  9.97346014e-02  6.17026116e+04 
 4.02131949e+14  1.75433379e+34  1.22841000e+01  5.37361542e-01  9.25560000e+00  4.97419786e-01  2.40105182e-01  1.41869056e-01  1.00423411e-01  5.95370291e+04 
 4.02907318e+14  1.77134500e+34  1.22841000e+01  5.41885640e-01  9.27860000e+00  5.02063701e-01  2.41214177e-01  1.40287032e-01  1.01069614e-01  5.74602477e+04 
 4.03682687e+14  1.78835621e+34  1.22851000e+01  5.46399024e-01  9.30060000e+00  5.06642498e-01  2.42278659e-01  1.38906990e-01  1.01669800e-01  5.54758867e+04 
 4.04458056e+14  1.80536742e+34  1.22851000e+01  5.50901471e-01  9.32260000e+00  5.11224131e-01  2.43377324e-01  1.37508651e-01  1.02306447e-01  5.35790741e+04 
 4.05233425e+14  1.82251732e+34  1.22861000e+01  5.55429368e-01  9.34460000e+00  5.15833391e-01  2.44439973e-01  1.36119671e-01  1.02901628e-01  5.17507510e+04 
 4.06008794e+14  1.84011060e+34  1.22861000e+01  5.60063100e-01  9.36660000e+00  5.20525174e-01  2.45565513e-01  1.34799959e-01  1.03550011e-01  4.99578755e+04 
 4.06784164e+14  1.85770389e+34  1.22871000e+01  5.64685516e-01  9.38860000e+00  5.25219678e-01  2.46645653e-01  1.33461115e-01  1.04151055e-01  4.82442737e+04 
 4.07559533e+14  1.87529718e+34  1.22881000e+01  5.69296398e-01  9.41060000e+00  5.29916717e-01  2.47720176e-01  1.32103386e-01  1.04746622e-01  4.66057943e+04 
 4.08334902e+14  1.89289046e+34  1.22901000e+01  5.73895535e-01  9.43160000e+00  5.34545427e-01  2.48748575e-01  1.30942613e-01  1.05293836e-01  4.50385273e+04 
 4.09110271e+14  1.91083223e+34  1.22911000e+01  5.78573659e-01  9.45360000e+00  5.39309031e-01  2.49833497e-01  1.29613232e-01  1.05890538e-01  4.35096918e+04 
 4.09885640e+14  1.92902108e+34  1.22931000e+01  5.83304281e-01  9.47560000e+00  5.44119150e-01  2.50887334e-01  1.28311323e-01  1.06447010e-01  4.20274559e+04 
 4.10661009e+14  1.94720992e+34  1.22951000e+01  5.88022770e-01  9.49760000e+00  5.48931478e-01  2.51935055e-01  1.26990109e-01  1.06997267e-01  4.06097833e+04 
 4.11436378e+14  1.96539877e+34  1.22971000e+01  5.92728905e-01  9.51860000e+00  5.53673879e-01  2.52976642e-01  1.25862987e-01  1.07541284e-01  3.92533376e+04 
 4.12211748e+14  1.98358762e+34  1.22991000e+01  5.97422493e-01  9.53960000e+00  5.58417499e-01  2.54012089e-01  1.24715876e-01  1.08079056e-01  3.79549774e+04 
 4.12987117e+14  2.00233807e+34  1.23011000e+01  6.02248125e-01  9.56160000e+00  5.63334627e-01  2.55075744e-01  1.23438208e-01  1.08629676e-01  3.66740884e+04 
 4.13762486e+14  2.02113607e+34  1.23041000e+01  6.07073252e-01  9.58360000e+00  5.68262088e-01  2.56094392e-01  1.22149379e-01  1.09131065e-01  3.54454541e+04 
 4.14537855e+14  2.03993407e+34  1.23071000e+01  6.11885414e-01  9.60460000e+00  5.73117949e-01  2.57106434e-01  1.21052076e-01  1.09625554e-01  3.42695440e+04 
 4.15313224e+14  2.05873206e+34  1.23091000e+01  6.16684416e-01  9.62560000e+00  5.77974727e-01  2.58153816e-01  1.19934347e-01  1.10157887e-01  3.31436709e+04 
 4.16088593e+14  2.07768480e+34  1.23121000e+01  6.21509444e-01  9.64660000e+00  5.82859504e-01  2.59162037e-01  1.18823249e-01  1.10643819e-01  3.20566065e+04 
 4.16863962e+14  2.09710565e+34  1.23151000e+01  6.26440136e-01  9.66860000e+00  5.87901775e-01  2.60191517e-01  1.17563174e-01  1.11137954e-01  3.09900741e+04 
 4.17639332e+14  2.11652649e+34  1.23181000e+01  6.31357242e-01  9.68960000e+00  5.92870792e-01  2.61214242e-01  1.16492053e-01  1.11624951e-01  2.99690140e+04 
 4.18414701e+14  2.13594733e+34  1.23221000e+01  6.36260560e-01  9.71060000e+00  5.97840399e-01  2.62187647e-01  1.15400110e-01  1.12059335e-01  2.89911238e+04 
 4.19190070e+14  2.15536817e+34  1.23251000e+01  6.41149908e-01  9.73160000e+00  6.02810442e-01  2.63196713e-01  1.14287665e-01  1.12531911e-01  2.80542337e+04 
 4.19965439e+14  2.17514829e+34  1.23291000e+01  6.46115340e-01  9.75260000e+00  6.07843455e-01  2.64177068e-01  1.13214431e-01  1.12962679e-01  2.71400084e+04 
 4.20740808e+14  2.19520577e+34  1.23331000e+01  6.51136179e-01  9.77360000e+00  6.12925207e-01  2.65166389e-01  1.12166051e-01  1.13394380e-01  2.62519787e+04 
 4.21516177e+14  2.21526325e+34  1.23361000e+01  6.56142601e-01  9.79460000e+00  6.18007200e-01  2.66191678e-01  1.11096644e-01  1.13864554e-01  2.54012539e+04 
 4.22291546e+14  2.23532073e+34  1.23401000e+01  6.61134426e-01  9.81560000e+00  6.23089268e-01  2.67166776e-01  1.10006494e-01  1.14281103e-01  2.45859695e+04 
 4.23066916e+14  2.25537820e+34  1.23441000e+01  6.66111476e-01  9.83660000e+00  6.28171246e-01  2.68134704e-01  1.08895927e-01  1.14690040e-01  2.38043682e+04 
 4.23842285e+14  2.27600121e+34  1.23491000e+01  6.71213677e-01  9.85660000e+00  6.33273599e-01  2.69083878e-01  1.08058558e-01  1.15061312e-01  2.30340470e+04 
 4.24617654e+14  2.29670920e+34  1.23531000e+01  6.76321877e-01  9.87760000e+00  6.38467426e-01  2.70074000e-01  1.07008569e-01  1.15473685e-01  2.22927687e+04 
 4.25393023e+14  2.31741720e+34  1.23571000e+01  6.81414833e-01  9.89860000e+00  6.43660976e-01  2.71056813e-01  1.05937613e-01  1.15878246e-01  2.15821738e+04 
 4.26168392e+14  2.33812520e+34  1.23621000e+01  6.86492383e-01  9.91860000e+00  6.48775844e-01  2.71988327e-01  1.05048800e-01  1.16228020e-01  2.09007498e+04 
 4.26943761e+14  2.35894162e+34  1.23661000e+01  6.91580835e-01  9.93960000e+00  6.53986598e-01  2.72962411e-01  1.03952760e-01  1.16619948e-01  2.02437164e+04 
 4.27719130e+14  2.38031410e+34  1.23711000e+01  6.96789363e-01  9.95960000e+00  6.59213061e-01  2.73915495e-01  1.03121430e-01  1.16972127e-01  1.95967833e+04 
 4.28494500e+14  2.40168659e+34  1.23761000e+01  7.01982001e-01  9.98060000e+00  6.64517424e-01  2.74860872e-01  1.02066824e-01  1.17316079e-01  1.89764550e+04 
 4.29269869e+14  2.42305908e+34  1.23811000e+01  7.07158591e-01  1.00006000e+01  6.69741418e-01  2.75798574e-01  1.01192128e-01  1.17651875e-01  1.83814293e+04 
 4.30045238e+14  2.44443156e+34  1.23861000e+01  7.12318966e-01  1.00206000e+01  6.74963825e-01  2.76728615e-01  1.00295882e-01  1.17979563e-01  1.78104763e+04 
 4.30820607e+14  2.46610636e+34  1.23911000e+01  7.17535723e-01  1.00406000e+01  6.80235720e-01  2.77667205e-01  9.94218200e-02  1.18307053e-01  1.72548301e+04 
 4.31595976e+14  2.48815738e+34  1.23961000e+01  7.22826480e-01  1.00616000e+01  6.85650111e-01  2.78618178e-01  9.83809686e-02  1.18636073e-01  1.67124541e+04 
 4.32371345e+14  2.51020840e+34  1.24011000e+01  7.28100540e-01  1.00816000e+01  6.90982469e-01  2.79561370e-01  9.75177630e-02  1.18956833e-01  1.61920581e+04 
 4.33146714e+14  2.53225943e+34  1.24071000e+01  7.33357732e-01  1.01016000e+01  6.96312840e-01  2.80451577e-01  9.66329547e-02  1.19221328e-01  1.56925808e+04 
 4.33922083e+14  2.55431045e+34  1.24121000e+01  7.38597914e-01  1.01216000e+01  7.01641081e-01  2.81379136e-01  9.57269496e-02  1.19525643e-01  1.52130192e+04 
 4.34697453e+14  2.57685750e+34  1.24181000e+01  7.43938507e-01  1.01416000e+01  7.07050226e-01  2.82279291e-01  9.48676827e-02  1.19785674e-01  1.47422520e+04 
 4.35472822e+14  2.59960119e+34  1.24231000e+01  7.49308351e-01  1.01616000e+01  7.12490071e-01  2.83227147e-01  9.40135416e-02  1.20090313e-01  1.42864195e+04 
 4.36248191e+14  2.62234487e+34  1.24291000e+01  7.54660677e-01  1.01806000e+01  7.17845118e-01  2.84121416e-01  9.33335294e-02  1.20338255e-01  1.38487921e+04 
 4.37023560e+14  2.64508856e+34  1.24351000e+01  7.59995346e-01  1.02006000e+01  7.23279707e-01  2.85007608e-01  9.24361189e-02  1.20577831e-01  1.34285028e+04 
 4.37798929e+14  2.66783224e+34  1.24411000e+01  7.65312213e-01  1.02206000e+01  7.28711616e-01  2.85885749e-01  9.15178568e-02  1.20862275e-01  1.30304625e+04 
 4.38574298e+14  2.69126484e+34  1.24471000e+01  7.70771874e-01  1.02396000e+01  7.34171629e-01  2.86790595e-01  9.08623520e-02  1.21100997e-01  1.26307081e+04 
 4.39349667e+14  2.71471538e+34  1.24521000e+01  7.76217543e-01  1.02596000e+01  7.39714851e-01  2.87734360e-01  8.99930096e-02  1.21326937e-01  1.22411253e+04 
 4.40125037e+14  2.73816592e+34  1.24591000e+01  7.81644897e-01  1.02796000e+01  7.45255086e-01  2.88577534e-01  8.91025617e-02  1.21553875e-01  1.18774460e+04 
 4.40900406e+14  2.76161646e+34  1.24651000e+01  7.87053796e-01  1.02986000e+01  7.50707962e-01  2.89458792e-01  8.83838447e-02  1.21767802e-01  1.15227885e+04 
 4.41675775e+14  2.78522618e+34  1.24711000e+01  7.92480668e-01  1.03176000e+01  7.56183079e-01  2.90339754e-01  8.76633178e-02  1.21976864e-01  1.11796001e+04 
 4.42451144e+14  2.80939782e+34  1.24771000e+01  7.98017798e-01  1.03376000e+01  7.61831243e-01  2.91240069e-01  8.67989387e-02  1.22135585e-01  1.08371725e+04 
 4.43226513e+14  2.83356947e+34  1.24831000e+01  8.03535932e-01  1.03566000e+01  7.67390842e-01  2.92132130e-01  8.61043546e-02  1.22339633e-01  1.05128700e+04 
 4.44001882e+14  2.85774112e+34  1.24901000e+01  8.09034964e-01  1.03756000e+01  7.72946255e-01  2.92969065e-01  8.53881387e-02  1.22540379e-01  1.02056512e+04 
 4.44777251e+14  2.88191277e+34  1.24961000e+01  8.14514766e-01  1.03946000e+01  7.78497419e-01  2.93844639e-01  8.46505302e-02  1.22673807e-01  9.90142889e+03 
 4.45552621e+14  2.90641840e+34  1.25021000e+01  8.20050647e-01  1.04136000e+01  7.84098253e-01  2.94727945e-01  8.39311083e-02  1.22859668e-01  9.60924313e+03 
 4.46327990e+14  2.93132546e+34  1.25091000e+01  8.25657583e-01  1.04326000e+01  7.89759591e-01  2.95574789e-01  8.32371839e-02  1.22995878e-01  9.32372356e+03 
 4.47103359e+14  2.95623252e+34  1.25161000e+01  8.31244748e-01  1.04516000e+01  7.95416375e-01  2.96413130e-01  8.25216168e-02  1.23178124e-01  9.05320836e+03 
 4.47878728e+14  2.98113958e+34  1.25221000e+01  8.36812019e-01  1.04706000e+01  8.01068490e-01  2.97290493e-01  8.17847552e-02  1.23292535e-01  8.78519595e+03 
 4.48654097e+14  3.00604664e+34  1.25291000e+01  8.42359303e-01  1.04896000e+01  8.06715790e-01  2.98112067e-01  8.10270055e-02  1.23458562e-01  8.53497172e+03 
 4.49429466e+14  3.03145945e+34  1.25351000e+01  8.47998740e-01  1.05086000e+01  8.12438976e-01  2.98996230e-01  8.03050329e-02  1.23565746e-01  8.28188993e+03 
 4.50204835e+14  3.05711628e+34  1.25421000e+01  8.53671942e-01  1.05276000e+01  8.18196138e-01  2.99835486e-01  7.95889605e-02  1.23674343e-01  8.03978154e+03 
 4.50980205e+14  3.08277311e+34  1.25491000e+01  8.59324601e-01  1.05456000e+01  8.23859770e-01  3.00666224e-01  7.90379246e-02  1.23774749e-01  7.80687291e+03 
 4.51755574e+14  3.10842994e+34  1.25561000e+01  8.64956603e-01  1.05646000e+01  8.29606267e-01  3.01488487e-01  7.82794659e-02  1.23921908e-01  7.58610257e+03 
 4.52530943e+14  3.13408677e+34  1.25631000e+01  8.70567859e-01  1.05826000e+01  8.35258373e-01  3.02302323e-01  7.76858261e-02  1.24006319e-01  7.37026553e+03 
 4.53306312e+14  3.16041726e+34  1.25701000e+01  8.76305168e-01  1.06016000e+01  8.41099955e-01  3.03137764e-01  7.69575611e-02  1.24093883e-01  7.15707475e+03 
 4.54081681e+14  3.18683825e+34  1.25771000e+01  8.82041021e-01  1.06196000e+01  8.46860584e-01  3.03968671e-01  7.64022280e-02  1.24174832e-01  6.95121330e+03 
 4.54857050e+14  3.21325925e+34  1.25841000e+01  8.87755559e-01  1.06376000e+01  8.52614889e-01  3.04791051e-01  7.58253883e-02  1.24247783e-01  6.75306341e+03 
 4.55632419e+14  3.23968025e+34  1.25911000e+01  8.93448701e-01  1.06566000e+01  8.58453085e-01  3.05604958e-01  7.50440381e-02  1.24312858e-01  6.56227894e+03 
 4.56407789e+14  3.26615956e+34  1.25981000e+01  8.99132850e-01  1.06746000e+01  8.64203859e-01  3.06412953e-01  7.44315375e-02  1.24371047e-01  6.37813346e+03 
 4.57183158e+14  3.29335915e+34  1.26051000e+01  9.04949632e-01  1.06926000e+01  8.70060018e-01  3.07243571e-01  7.38705376e-02  1.24432270e-01  6.19599193e+03 
 4.57958527e+14  3.32055874e+34  1.26121000e+01  9.10744442e-01  1.07106000e+01  8.75909416e-01  3.08065613e-01  7.32882211e-02  1.24485596e-01  6.02062894e+03 
 4.58733896e+14  3.34775834e+34  1.26191000e+01  9.16517197e-01  1.07286000e+01  8.81751947e-01  3.08879133e-01  7.26849683e-02  1.24475888e-01  5.84914560e+03 
 4.59509265e+14  3.37495793e+34  1.26261000e+01  9.22267817e-01  1.07466000e+01  8.87587529e-01  3.09684181e-01  7.20610945e-02  1.24513756e-01  5.68651995e+03 
 4.60284634e+14  3.40235912e+34  1.26331000e+01  9.28038635e-01  1.07646000e+01  8.93446951e-01  3.10489235e-01  7.14362498e-02  1.24546849e-01  5.52866798e+03 
 4.61060003e+14  3.43035177e+34  1.26411000e+01  9.33911365e-01  1.07826000e+01  8.99389869e-01  3.11261232e-01  7.08472021e-02  1.24586452e-01  5.37570255e+03 
 4.61835372e+14  3.45834442e+34  1.26481000e+01  9.39761389e-01  1.08006000e+01  9.05325457e-01  3.12073823e-01  7.02374862e-02  1.24612390e-01  5.22598393e+03 
 4.62610742e+14  3.48633706e+34  1.26551000e+01  9.45588627e-01  1.08176000e+01  9.11160581e-01  3.12877903e-01  6.97866009e-02  1.24575409e-01  5.07945838e+03 
 4.63386111e+14  3.51432971e+34  1.26621000e+01  9.51393013e-01  1.08356000e+01  9.17080981e-01  3.13673523e-01  6.91359780e-02  1.24586396e-01  4.94046591e+03 
 4.64161480e+14  3.54266082e+34  1.26701000e+01  9.57244338e-01  1.08526000e+01  9.22951205e-01  3.14424776e-01  6.86747004e-02  1.24600523e-01  4.80700338e+03 
 4.64936849e+14  3.57146100e+34  1.26771000e+01  9.63169206e-01  1.08706000e+01  9.28977930e-01  3.15236004e-01  6.80568695e-02  1.24551372e-01  4.67200750e+03 
 4.65712218e+14  3.60026118e+34  1.26851000e+01  9.69070643e-01  1.08886000e+01  9.34996757e-01  3.15988854e-01  6.74189461e-02  1.24556597e-01  4.54597877e+03 
 4.66487587e+14  3.62906136e+34  1.26921000e+01  9.74948581e-01  1.09056000e+01  9.40913095e-01  3.16782944e-01  6.69381806e-02  1.24492825e-01  4.42050180e+03 
 4.67262956e+14  3.65786154e+34  1.26991000e+01  9.80802977e-01  1.09226000e+01  9.46820730e-01  3.17568602e-01  6.64372338e-02  1.24477358e-01  4.30144704e+03 
 4.68038326e+14  3.68712972e+34  1.27071000e+01  9.86728474e-01  1.09396000e+01  9.52789284e-01  3.18314048e-01  6.59563146e-02  1.24466511e-01  4.18663238e+03 
 4.68813695e+14  3.71675192e+34  1.27141000e+01  9.92701620e-01  1.09576000e+01  9.58897072e-01  3.19114817e-01  6.53095129e-02  1.24390524e-01  4.07089722e+03 
 4.69589064e+14  3.74637412e+34  1.27221000e+01  9.98650636e-01  1.09746000e+01  9.64900637e-01  3.19856772e-01  6.48185082e-02  1.24369452e-01  3.96285525e+03 
 4.70364433e+14  3.77599632e+34  1.27291000e+01  1.00457546e+00  1.09916000e+01  9.70895105e-01  3.20640460e-01  6.43074631e-02  1.24279448e-01  3.85516847e+03 
 4.71139802e+14  3.80561851e+34  1.27371000e+01  1.01047605e+00  1.10086000e+01  9.76880410e-01  3.21365260e-01  6.37766643e-02  1.24244684e-01  3.75464484e+03 
 4.71915171e+14  3.83583001e+34  1.27441000e+01  1.01646926e+00  1.10256000e+01  9.82942717e-01  3.22154345e-01  6.32743794e-02  1.24146952e-01  3.65240592e+03 
 4.72690540e+14  3.86628872e+34  1.27521000e+01  1.02248680e+00  1.10426000e+01  9.89031762e-01  3.22893597e-01  6.27721589e-02  1.24106912e-01  3.55618499e+03 
 4.73465910e+14  3.89674743e+34  1.27591000e+01  1.02847952e+00  1.10586000e+01  9.95013991e-01  3.23674920e-01  6.24233430e-02  1.23997994e-01  3.46023032e+03 
 4.74241279e+14  3.92720614e+34  1.27671000e+01  1.03444738e+00  1.10756000e+01  1.00108353e+00  3.24396981e-01  6.18815635e-02  1.23944623e-01  3.37066309e+03 
 4.75016648e+14  3.95766485e+34  1.27741000e+01  1.04039035e+00  1.10926000e+01  1.00714337e+00  3.25161401e-01  6.13206917e-02  1.23822578e-01  3.28124156e+03 
 4.75792017e+14  3.98882492e+34  1.27821000e+01  1.04644469e+00  1.11086000e+01  1.01319634e+00  3.25892087e-01  6.09667580e-02  1.23762433e-01  3.19585369e+03 
 4.76567386e+14  4.02013463e+34  1.27901000e+01  1.05250270e+00  1.11256000e+01  1.01935866e+00  3.26619572e-01  6.04327099e-02  1.23641781e-01  3.11162486e+03 
 4.77342755e+14  4.05144434e+34  1.27971000e+01  1.05853523e+00  1.11426000e+01  1.02551089e+00  3.27389595e-01  5.98795006e-02  1.23507786e-01  3.02896292e+03 
 4.78118124e+14  4.08275405e+34  1.28051000e+01  1.06454225e+00  1.11586000e+01  1.03155393e+00  3.28099971e-01  5.94781913e-02  1.23429743e-01  2.95181105e+03 
 4.78893494e+14  4.11406376e+34  1.28121000e+01  1.07052374e+00  1.11746000e+01  1.03758621e+00  3.28853173e-01  5.90575316e-02  1.23283276e-01  2.87470066e+03 
 4.79668863e+14  4.14617667e+34  1.28201000e+01  1.07663253e+00  1.11916000e+01  1.04382091e+00  3.29574980e-01  5.85064902e-02  1.23199100e-01  2.80088641e+03 
 4.80444232e+14  4.17835186e+34  1.28281000e+01  1.08272709e+00  1.12076000e+01  1.04995401e+00  3.30290352e-01  5.81106184e-02  1.23054064e-01  2.72823025e+03 
 4.81219601e+14  4.21052705e+34  1.28351000e+01  1.08879552e+00  1.12236000e+01  1.05607594e+00  3.31048730e-01  5.76953872e-02  1.22895827e-01  2.65686925e+03 
 4.81994970e+14  4.24270225e+34  1.28431000e+01  1.09483781e+00  1.12396000e+01  1.06218659e+00  3.31747085e-01  5.72611972e-02  1.22793888e-01  2.59027287e+03 
 4.82770339e+14  4.27489126e+34  1.28501000e+01  1.10085654e+00  1.12556000e+01  1.06828783e+00  3.32489211e-01  5.68093972e-02  1.22623948e-01  2.52361192e+03 
 4.83545708e+14  4.30794640e+34  1.28581000e+01  1.10701044e+00  1.12716000e+01  1.07449828e+00  3.33200737e-01  5.63987025e-02  1.22516212e-01  2.45972955e+03 
 4.84321078e+14  4.34100153e+34  1.28661000e+01  1.11313760e+00  1.12876000e+01  1.08069705e+00  3.33903676e-01  5.59690464e-02  1.22347682e-01  2.39692518e+03 
 4.85096447e+14  4.37405667e+34  1.28731000e+01  1.11923803e+00  1.13036000e+01  1.08688407e+00  3.34650089e-01  5.55208095e-02  1.22166111e-01  2.33519180e+03 
 4.85871816e+14  4.40711181e+34  1.28811000e+01  1.12531171e+00  1.13196000e+01  1.09305934e+00  3.35336119e-01  5.50541757e-02  1.22041136e-01  2.27758815e+03 
 4.86647185e+14  4.44024460e+34  1.28881000e+01  1.13137283e+00  1.13346000e+01  1.09913132e+00  3.36068467e-01  5.47408905e-02  1.21848897e-01  2.21975853e+03 
 4.87422554e+14  4.47419411e+34  1.28961000e+01  1.13755601e+00  1.13506000e+01  1.10540492e+00  3.36767212e-01  5.42962628e-02  1.21718022e-01  2.16446856e+03 
 4.88197923e+14  4.50814362e+34  1.29041000e+01  1.14371185e+00  1.13666000e+01  1.11166630e+00  3.37457429e-01  5.38333626e-02  1.21526961e-01  2.11006827e+03 
 4.88973292e+14  4.54209313e+34  1.29111000e+01  1.14984036e+00  1.13816000e+01  1.11781255e+00  3.38191565e-01  5.35174678e-02  1.21323017e-01  2.05655376e+03 
 4.89748661e+14  4.57604264e+34  1.29191000e+01  1.15594155e+00  1.13966000e+01  1.12394588e+00  3.38864988e-01  5.31832502e-02  1.21175928e-01  2.00662704e+03 
 4.90524031e+14  4.61012029e+34  1.29261000e+01  1.16203832e+00  1.14126000e+01  1.13018719e+00  3.39586697e-01  5.26743304e-02  1.20962193e-01  1.95638060e+03 
 4.91299400e+14  4.64497857e+34  1.29341000e+01  1.16824682e+00  1.14276000e+01  1.13641708e+00  3.40272379e-01  5.23602355e-02  1.20809140e-01  1.90842983e+03 
 4.92074769e+14  4.67983686e+34  1.29421000e+01  1.17442742e+00  1.14426000e+01  1.14263369e+00  3.40949595e-01  5.20277631e-02  1.20596557e-01  1.86121321e+03 
 4.92850138e+14  4.71469514e+34  1.29491000e+01  1.18058012e+00  1.14586000e+01  1.14894149e+00  3.41671181e-01  5.15137338e-02  1.20371272e-01  1.81472919e+03 
 4.93625507e+14  4.74955343e+34  1.29571000e+01  1.18670495e+00  1.14736000e+01  1.15513185e+00  3.42331729e-01  5.11455928e-02  1.20203037e-01  1.77136927e+03 
 4.94400876e+14  4.78457586e+34  1.29641000e+01  1.19283057e+00  1.14886000e+01  1.16133053e+00  3.43041967e-01  5.07695680e-02  1.19968695e-01  1.72764445e+03 
 4.95176245e+14  4.82035728e+34  1.29721000e+01  1.19906050e+00  1.15036000e+01  1.16761579e+00  3.43714334e-01  5.04203156e-02  1.19794480e-01  1.68597508e+03 
 4.95951615e+14  4.85613870e+34  1.29801000e+01  1.20526195e+00  1.15186000e+01  1.17388734e+00  3.44378297e-01  5.00532361e-02  1.19561437e-01  1.64491124e+03 
 4.96726984e+14  4.89192011e+34  1.29871000e+01  1.21143497e+00  1.15336000e+01  1.18014513e+00  3.45087073e-01  4.96686937e-02  1.19369753e-01  1.60517753e+03 
 4.97502353e+14  4.92770153e+34  1.29951000e+01  1.21757958e+00  1.15476000e+01  1.18628309e+00  3.45734502e-01  4.94281156e-02  1.19127522e-01  1.56672160e+03 
 4.98277722e+14  4.96366752e+34  1.30021000e+01  1.22372731e+00  1.15626000e+01  1.19253697e+00  3.46432489e-01  4.90193055e-02  1.18927266e-01  1.52930482e+03 
 4.99053091e+14  5.00038637e+34  1.30101000e+01  1.22997475e+00  1.15776000e+01  1.19887424e+00  3.47091300e-01  4.86351354e-02  1.18679231e-01  1.49233148e+03 
 4.99828460e+14  5.03710523e+34  1.30171000e+01  1.23619319e+00  1.15916000e+01  1.20509045e+00  3.47795221e-01  4.83939597e-02  1.18472336e-01  1.45654799e+03 
 5.00603829e+14  5.07382409e+34  1.30251000e+01  1.24238268e+00  1.16066000e+01  1.21139910e+00  3.48437505e-01  4.79753214e-02  1.18215572e-01  1.42190784e+03 
 5.01379199e+14  5.11054294e+34  1.30321000e+01  1.24854326e+00  1.16206000e+01  1.21758610e+00  3.49125169e-01  4.76995906e-02  1.17999952e-01  1.38836692e+03 
 5.02154568e+14  5.14745005e+34  1.30391000e+01  1.25470635e+00  1.16356000e+01  1.22388989e+00  3.49810230e-01  4.72576456e-02  1.17727271e-01  1.35510532e+03 
 5.02929937e+14  5.18512059e+34  1.30471000e+01  1.26096745e+00  1.16496000e+01  1.23016818e+00  3.50455340e-01  4.69979597e-02  1.17513829e-01  1.32345122e+03 
 5.03705306e+14  5.22279113e+34  1.30541000e+01  1.26719905e+00  1.16646000e+01  1.23653946e+00  3.51145993e-01  4.65626767e-02  1.17234873e-01  1.29162275e+03 
 5.04480675e+14  5.26046167e+34  1.30621000e+01  1.27340120e+00  1.16786000e+01  1.24278767e+00  3.51774717e-01  4.62690853e-02  1.17013223e-01  1.26194975e+03 
 5.05256044e+14  5.29813221e+34  1.30691000e+01  1.27957397e+00  1.16926000e+01  1.24902068e+00  3.52449253e-01  4.59588587e-02  1.16726414e-01  1.23208010e+03 
 5.06031413e+14  5.33597677e+34  1.30771000e+01  1.28574573e+00  1.17066000e+01  1.25526012e+00  3.53066660e-01  4.56408867e-02  1.16497341e-01  1.20410999e+03 
 5.06806783e+14  5.37461318e+34  1.30841000e+01  1.29201667e+00  1.17206000e+01  1.26158265e+00  3.53751880e-01  4.53456386e-02  1.16257594e-01  1.17589462e+03 
 5.07582152e+14  5.41324958e+34  1.30911000e+01  1.29825763e+00  1.17346000e+01  1.26788958e+00  3.54429053e-01  4.50337315e-02  1.15961279e-01  1.14804169e+03 
 5.08357521e+14  5.45188599e+34  1.30991000e+01  1.30446869e+00  1.17486000e+01  1.27418089e+00  3.55044025e-01  4.47054762e-02  1.15722295e-01  1.12208150e+03 
 5.09132890e+14  5.49052240e+34  1.31061000e+01  1.31064992e+00  1.17626000e+01  1.28045656e+00  3.55705233e-01  4.43612140e-02  1.15471277e-01  1.09641812e+03 
 5.09908259e+14  5.52929947e+34  1.31131000e+01  1.31682373e+00  1.17756000e+01  1.28662348e+00  3.56362336e-01  4.41634961e-02  1.15164502e-01  1.07096595e+03 
 5.10683628e+14  5.56891585e+34  1.31211000e+01  1.32310073e+00  1.17896000e+01  1.29298694e+00  3.56979457e-01  4.38330321e-02  1.14916159e-01  1.04673359e+03 
 5.11458997e+14  5.60853223e+34  1.31281000e+01  1.32934733e+00  1.18036000e+01  1.29933435e+00  3.57642964e-01  4.34865991e-02  1.14655813e-01  1.02277828e+03 
 5.12234366e+14  5.64814861e+34  1.31351000e+01  1.33556360e+00  1.18166000e+01  1.30555462e+00  3.58298568e-01  4.32792580e-02  1.14392004e-01  9.99558233e+02 
 5.13009736e+14  5.68776498e+34  1.31421000e+01  1.34174959e+00  1.18306000e+01  1.31186978e+00  3.58946327e-01  4.29012094e-02  1.14072876e-01  9.76601188e+02 
 5.13785105e+14  5.72746836e+34  1.31501000e+01  1.34791890e+00  1.18436000e+01  1.31806763e+00  3.59533851e-01  4.26660880e-02  1.13811192e-01  9.55168114e+02 
 5.14560474e+14  5.76807873e+34  1.31571000e+01  1.35419827e+00  1.18576000e+01  1.32446895e+00  3.60191476e-01  4.23012589e-02  1.13538410e-01  9.33470920e+02 
 5.15335843e+14  5.80868910e+34  1.31641000e+01  1.36044683e+00  1.18706000e+01  1.33074167e+00  3.60841217e-01  4.20746336e-02  1.13262392e-01  9.12435361e+02 
 5.16111212e+14  5.84929947e+34  1.31711000e+01  1.36666464e+00  1.18836000e+01  1.33699748e+00  3.61483127e-01  4.18321741e-02  1.12983236e-01  8.92036918e+02 
 5.16886581e+14  5.88990984e+34  1.31781000e+01  1.37285179e+00  1.18976000e+01  1.34334899e+00  3.62117269e-01  4.14212641e-02  1.12649616e-01  8.71854094e+02 
 5.17661950e+14  5.93053196e+34  1.31851000e+01  1.37901015e+00  1.19106000e+01  1.34957263e+00  3.62743998e-01  4.11487974e-02  1.12364595e-01  8.52663556e+02 
 5.18437320e+14  5.97215026e+34  1.31931000e+01  1.38528826e+00  1.19236000e+01  1.35589563e+00  3.63332594e-01  4.09026986e-02  1.12085655e-01  8.33972861e+02 
 5.19212689e+14  6.01376855e+34  1.32001000e+01  1.39153516e+00  1.19366000e+01  1.36220127e+00  3.63968402e-01  4.06411734e-02  1.11795103e-01  8.15466913e+02 
 5.19988058e+14  6.05538685e+34  1.32071000e+01  1.39775094e+00  1.19496000e+01  1.36848961e+00  3.64596462e-01  4.03644493e-02  1.11501734e-01  7.97514093e+02 
 5.20763427e+14  6.09700514e+34  1.32141000e+01  1.40393569e+00  1.19626000e+01  1.37476064e+00  3.65216835e-01  4.00728069e-02  1.11205645e-01  7.80094265e+02 
 5.21538796e+14  6.13862344e+34  1.32211000e+01  1.41008952e+00  1.19746000e+01  1.38090031e+00  3.65829586e-01  3.99175721e-02  1.10906934e-01  7.63188138e+02 
 5.22314165e+14  6.18117717e+34  1.32281000e+01  1.41635006e+00  1.19876000e+01  1.38724341e+00  3.66457055e-01  3.96332443e-02  1.10605468e-01  7.46413171e+02 
 5.23089534e+14  6.22381722e+34  1.32351000e+01  1.42259177e+00  1.20006000e+01  1.39357870e+00  3.67078856e-01  3.93374314e-02  1.10301387e-01  7.30102828e+02 
 5.23864904e+14  6.26645727e+34  1.32421000e+01  1.42880199e+00  1.20136000e+01  1.39989637e+00  3.67692985e-01  3.90269081e-02  1.09994797e-01  7.14273601e+02 
 5.24640273e+14  6.30909732e+34  1.32491000e+01  1.43498087e+00  1.20256000e+01  1.40608125e+00  3.68299518e-01  3.88520440e-02  1.09685803e-01  6.98908188e+02 
 5.25415642e+14  6.35173737e+34  1.32561000e+01  1.44112847e+00  1.20386000e+01  1.41236340e+00  3.68898501e-01  3.85127424e-02  1.09374482e-01  6.83990006e+02 
 5.26191011e+14  6.39520443e+34  1.32621000e+01  1.44736346e+00  1.20506000e+01  1.41860474e+00  3.69564739e-01  3.83396838e-02  1.09051467e-01  6.68918750e+02 
 5.26966380e+14  6.43887996e+34  1.32691000e+01  1.45359650e+00  1.20636000e+01  1.42496674e+00  3.70172465e-01  3.80103880e-02  1.08734962e-01  6.54524003e+02 
 5.27741749e+14  6.48255549e+34  1.32761000e+01  1.45979777e+00  1.20756000e+01  1.43119463e+00  3.70772610e-01  3.78158529e-02  1.08466091e-01  6.40842736e+02 
 5.28517118e+14  6.52623102e+34  1.32831000e+01  1.46596734e+00  1.20876000e+01  1.43740413e+00  3.71365227e-01  3.76068160e-02  1.08145150e-01  6.27265152e+02 
 5.29292488e+14  6.56990655e+34  1.32901000e+01  1.47210535e+00  1.20996000e+01  1.44359521e+00  3.71950385e-01  3.73836280e-02  1.07822184e-01  6.14077647e+02 
 5.30067857e+14  6.61427515e+34  1.32971000e+01  1.47830870e+00  1.21126000e+01  1.44996030e+00  3.72543496e-01  3.70229776e-02  1.07496592e-01  6.01065899e+02 
 5.30843226e+14  6.65899977e+34  1.33031000e+01  1.48452972e+00  1.21246000e+01  1.45622905e+00  3.73193082e-01  3.68087604e-02  1.07208972e-01  5.88327722e+02 
 5.31618595e+14  6.70372438e+34  1.33101000e+01  1.49071865e+00  1.21366000e+01  1.46247896e+00  3.73779118e-01  3.65804373e-02  1.06879008e-01  5.75955537e+02 
 5.32393964e+14  6.74844900e+34  1.33171000e+01  1.49687562e+00  1.21486000e+01  1.46871011e+00  3.74357715e-01  3.63382439e-02  1.06547220e-01  5.63936531e+02 
 5.33169333e+14  6.79317361e+34  1.33231000e+01  1.50300074e+00  1.21596000e+01  1.47480493e+00  3.74985226e-01  3.62291398e-02  1.06204572e-01  5.52003788e+02 
 5.33944702e+14  6.83843057e+34  1.33301000e+01  1.50916656e+00  1.21716000e+01  1.48105528e+00  3.75560561e-01  3.59773095e-02  1.05917532e-01  5.40775990e+02 
 5.34720072e+14  6.88421776e+34  1.33371000e+01  1.51537226e+00  1.21836000e+01  1.48734319e+00  3.76139806e-01  3.57294379e-02  1.05579139e-01  5.29488915e+02 
 5.35495441e+14  6.93000494e+34  1.33431000e+01  1.52154560e+00  1.21956000e+01  1.49361199e+00  3.76768109e-01  3.54680222e-02  1.05278567e-01  5.18522001e+02 
 5.36270810e+14  6.97579213e+34  1.33501000e+01  1.52768672e+00  1.22076000e+01  1.49986175e+00  3.77332640e-01  3.51932109e-02  1.04936857e-01  5.07864087e+02 
 5.37046179e+14  7.02157931e+34  1.33561000e+01  1.53379576e+00  1.22186000e+01  1.50597371e+00  3.77946479e-01  3.50507034e-02  1.04632849e-01  4.97504577e+02 
 5.37821548e+14  7.06770999e+34  1.33631000e+01  1.53991832e+00  1.22306000e+01  1.51222108e+00  3.78503617e-01  3.47604214e-02  1.04287588e-01  4.87358640e+02 
 5.38596917e+14  7.11457310e+34  1.33691000e+01  1.54610549e+00  1.22416000e+01  1.51840640e+00  3.79125254e-01  3.46248566e-02  1.03978667e-01  4.77340051e+02 
 5.39372286e+14  7.16143621e+34  1.33761000e+01  1.55226008e+00  1.22536000e+01  1.52469125e+00  3.79682900e-01  3.43312070e-02  1.03629360e-01  4.67601926e+02 
 5.40147655e+14  7.20829932e+34  1.33821000e+01  1.55838222e+00  1.22646000e+01  1.53083713e+00  3.80290120e-01  3.41690225e-02  1.03317380e-01  4.58134712e+02 
 5.40923025e+14  7.25516242e+34  1.33891000e+01  1.56447203e+00  1.22756000e+01  1.53696330e+00  3.80833344e-01  3.39936267e-02  1.02965444e-01  4.48929123e+02 
 5.41698394e+14  7.30215073e+34  1.33951000e+01  1.57054582e+00  1.22866000e+01  1.54308250e+00  3.81428865e-01  3.38091365e-02  1.02650465e-01  4.39952756e+02 
 5.42473763e+14  7.35010297e+34  1.34011000e+01  1.57671137e+00  1.22986000e+01  1.54940031e+00  3.82036457e-01  3.34966990e-02  1.02284834e-01  4.30844810e+02 
 5.43249132e+14  7.39805521e+34  1.34081000e+01  1.58284413e+00  1.23096000e+01  1.55557795e+00  3.82579840e-01  3.33149105e-02  1.01974759e-01  4.22383092e+02 
 5.44024501e+14  7.44600745e+34  1.34141000e+01  1.58894423e+00  1.23206000e+01  1.56173555e+00  3.83173178e-01  3.31202819e-02  1.01654068e-01  4.13959231e+02 
 5.44799870e+14  7.49395970e+34  1.34201000e+01  1.59501183e+00  1.23316000e+01  1.56787313e+00  3.83759513e-01  3.29130790e-02  1.01332141e-01  4.05765223e+02 
 5.45575239e+14  7.54191194e+34  1.34261000e+01  1.60104705e+00  1.23426000e+01  1.57399079e+00  3.84338895e-01  3.26934454e-02  1.00962062e-01  3.97608357e+02 
 5.46350609e+14  7.59084250e+34  1.34331000e+01  1.60717243e+00  1.23536000e+01  1.58018572e+00  3.84872732e-01  3.24887336e-02  1.00645323e-01  3.89879896e+02 
 5.47125978e+14  7.63989694e+34  1.34391000e+01  1.61328037e+00  1.23646000e+01  1.58637264e+00  3.85459154e-01  3.22749156e-02  1.00317831e-01  3.82162602e+02 
 5.47901347e+14  7.68895138e+34  1.34451000e+01  1.61935550e+00  1.23746000e+01  1.59241746e+00  3.86038601e-01  3.21904914e-02  9.99892793e-02  3.74654536e+02 
 5.48676716e+14  7.73800582e+34  1.34511000e+01  1.62539795e+00  1.23856000e+01  1.59856366e+00  3.86611125e-01  3.19519573e-02  9.96597286e-02  3.67348738e+02 
 5.49452085e+14  7.78706025e+34  1.34571000e+01  1.63140787e+00  1.23966000e+01  1.60468961e+00  3.87176785e-01  3.17016095e-02  9.93292440e-02  3.60238514e+02 
 5.50227454e+14  7.83682473e+34  1.34631000e+01  1.63747181e+00  1.24066000e+01  1.61074197e+00  3.87748693e-01  3.15989635e-02  9.89962730e-02  3.53218479e+02 
 5.51002823e+14  7.88699427e+34  1.34691000e+01  1.64355209e+00  1.24176000e+01  1.61693525e+00  3.88321137e-01  3.13538735e-02  9.86154318e-02  3.46169485e+02 
 5.51778193e+14  7.93716382e+34  1.34751000e+01  1.64959939e+00  1.24276000e+01  1.62298519e+00  3.88886684e-01  3.12373389e-02  9.82799620e-02  3.39469616e+02 
 5.52553562e+14  7.98733336e+34  1.34811000e+01  1.65561388e+00  1.24386000e+01  1.62913730e+00  3.89445396e-01  3.09684971e-02  9.79437258e-02  3.32947964e+02 
 5.53328931e+14  8.03750291e+34  1.34871000e+01  1.66159569e+00  1.24486000e+01  1.63514589e+00  3.89997321e-01  3.08280255e-02  9.76067765e-02  3.26598701e+02 
 5.54104300e+14  8.08808057e+34  1.34931000e+01  1.66759331e+00  1.24586000e+01  1.64117224e+00  3.90549763e-01  3.06860822e-02  9.73137379e-02  3.20516587e+02 
 5.54879669e+14  8.13937797e+34  1.34991000e+01  1.67364314e+00  1.24696000e+01  1.64736934e+00  3.91108168e-01  3.04105284e-02  9.69726261e-02  3.14360011e+02 
 5.55655038e+14  8.19067536e+34  1.35051000e+01  1.67965988e+00  1.24796000e+01  1.65342191e+00  3.91659762e-01  3.02627593e-02  9.66309043e-02  3.08366151e+02 
 5.56430407e+14  8.24197276e+34  1.35111000e+01  1.68564368e+00  1.24896000e+01  1.65945342e+00  3.92204603e-01  3.01033371e-02  9.62886313e-02  3.02529720e+02 
 5.57205777e+14  8.29327015e+34  1.35171000e+01  1.69159472e+00  1.24996000e+01  1.66546392e+00  3.92742750e-01  2.99324872e-02  9.59458632e-02  2.96845632e+02 
 5.57981146e+14  8.34463878e+34  1.35231000e+01  1.69752135e+00  1.25096000e+01  1.67146011e+00  3.93275474e-01  2.97520053e-02  9.56024703e-02  2.91301399e+02 
 5.58756515e+14  8.39707659e+34  1.35281000e+01  1.70353808e+00  1.25196000e+01  1.67753386e+00  3.93878029e-01  2.95851844e-02  9.52911343e-02  2.85789109e+02 
 5.59531884e+14  8.44951441e+34  1.35341000e+01  1.70952162e+00  1.25296000e+01  1.68358630e+00  3.94415681e-01  2.94069222e-02  9.49440390e-02  2.80420657e+02 
 5.60307253e+14  8.50195223e+34  1.35401000e+01  1.71547214e+00  1.25396000e+01  1.68961748e+00  3.94946669e-01  2.92174959e-02  9.45966019e-02  2.75191442e+02 
 5.61082622e+14  8.55439005e+34  1.35451000e+01  1.72138981e+00  1.25496000e+01  1.69562749e+00  3.95529452e-01  2.90171055e-02  9.42392981e-02  2.69969907e+02 
 5.61857991e+14  8.60682787e+34  1.35511000e+01  1.72727480e+00  1.25586000e+01  1.70149106e+00  3.96047324e-01  2.89431520e-02  9.39355572e-02  2.65133110e+02 
 5.62633361e+14  8.66011651e+34  1.35571000e+01  1.73322210e+00  1.25686000e+01  1.70753533e+00  3.96572656e-01  2.87394830e-02  9.35849519e-02  2.60217988e+02 
 5.63408730e+14  8.71370715e+34  1.35621000e+01  1.73916992e+00  1.25786000e+01  1.71358519e+00  3.97154909e-01  2.85316838e-02  9.32677273e-02  2.55402065e+02 
 5.64184099e+14  8.76729779e+34  1.35681000e+01  1.74508466e+00  1.25876000e+01  1.71948770e+00  3.97672058e-01  2.84497390e-02  9.29158260e-02  2.50709473e+02 
 5.64959468e+14  8.82088842e+34  1.35731000e+01  1.75096649e+00  1.25976000e+01  1.72549478e+00  3.98241369e-01  2.82202450e-02  9.25979349e-02  2.46136348e+02 
 5.65734837e+14  8.87447906e+34  1.35791000e+01  1.75681558e+00  1.26066000e+01  1.73135418e+00  3.98745576e-01  2.81166713e-02  9.22457390e-02  2.41678911e+02 
 5.66510206e+14  8.92852182e+34  1.35841000e+01  1.76268108e+00  1.26166000e+01  1.73735823e+00  3.99309316e-01  2.78757343e-02  9.19261105e-02  2.37297354e+02 
 5.67285575e+14  8.98327749e+34  1.35901000e+01  1.76859077e+00  1.26256000e+01  1.74327656e+00  3.99819098e-01  2.77748432e-02  9.15705200e-02  2.32970293e+02 
 5.68060944e+14  9.03803316e+34  1.35951000e+01  1.77446734e+00  1.26346000e+01  1.74917288e+00  4.00381292e-01  2.76633043e-02  9.12485265e-02  2.28752695e+02 
 5.68836314e+14  9.09278882e+34  1.36011000e+01  1.78031096e+00  1.26446000e+01  1.75517458e+00  4.00878193e-01  2.74056878e-02  9.08929143e-02  2.24641115e+02 
 5.69611683e+14  9.14754449e+34  1.36061000e+01  1.78612182e+00  1.26536000e+01  1.76102763e+00  4.01427724e-01  2.72732523e-02  9.05707120e-02  2.20632288e+02 
 5.70387052e+14  9.20231436e+34  1.36111000e+01  1.79190158e+00  1.26626000e+01  1.76686026e+00  4.01971243e-01  2.71308476e-02  9.02483598e-02  2.16722028e+02 
 5.71162421e+14  9.25824707e+34  1.36161000e+01  1.79777084e+00  1.26716000e+01  1.77277025e+00  4.02526244e-01  2.70008344e-02  8.98799231e-02  2.12727222e+02 
 5.71937790e+14  9.31417978e+34  1.36221000e+01  1.80360696e+00  1.26806000e+01  1.77865823e+00  4.03015755e-01  2.68604277e-02  8.95638831e-02  2.09031674e+02 
 5.72713159e+14  9.37011249e+34  1.36271000e+01  1.80941013e+00  1.26896000e+01  1.78452428e+00  4.03558150e-01  2.67098691e-02  8.92381675e-02  2.05329407e+02 
 5.73488528e+14  9.42604520e+34  1.36321000e+01  1.81518052e+00  1.26986000e+01  1.79036850e+00  4.04094351e-01  2.65492843e-02  8.89124709e-02  2.01718516e+02 
 5.74263898e+14  9.48197791e+34  1.36371000e+01  1.82091832e+00  1.27076000e+01  1.79619098e+00  4.04624407e-01  2.63788520e-02  8.85868321e-02  1.98196211e+02 
 5.75039267e+14  9.53863520e+34  1.36421000e+01  1.82669751e+00  1.27156000e+01  1.80192322e+00  4.05158979e-01  2.63457357e-02  8.82171438e-02  1.94623078e+02 
 5.75814636e+14  9.59575677e+34  1.36481000e+01  1.83249101e+00  1.27246000e+01  1.80780052e+00  4.05634704e-01  2.61771247e-02  8.78980310e-02  1.91293074e+02 
 5.76590005e+14  9.65287834e+34  1.36531000e+01  1.83825157e+00  1.27336000e+01  1.81365579e+00  4.06163668e-01  2.59987618e-02  8.75693824e-02  1.87954315e+02 
 5.77365374e+14  9.70999991e+34  1.36581000e+01  1.84397937e+00  1.27426000e+01  1.81948908e+00  4.06686521e-01  2.58108272e-02  8.72409121e-02  1.84696951e+02 
 5.78140743e+14  9.76712148e+34  1.36631000e+01  1.84967461e+00  1.27506000e+01  1.82517120e+00  4.07203314e-01  2.57463614e-02  8.69126553e-02  1.81518526e+02 
 5.78916112e+14  9.82445884e+34  1.36681000e+01  1.85535880e+00  1.27596000e+01  1.83097825e+00  4.07717140e-01  2.55431334e-02  8.65840048e-02  1.78405089e+02 
 5.79691482e+14  9.88278088e+34  1.36731000e+01  1.86110764e+00  1.27676000e+01  1.83671315e+00  4.08238802e-01  2.54800134e-02  8.62526967e-02  1.75314791e+02 
 5.80466851e+14  9.94110292e+34  1.36781000e+01  1.86682356e+00  1.27766000e+01  1.84255552e+00  4.08754383e-01  2.52747200e-02  8.59216797e-02  1.72299354e+02 
 5.81242220e+14  9.99942496e+34  1.36831000e+01  1.87250676e+00  1.27846000e+01  1.84824579e+00  4.09263936e-01  2.51923664e-02  8.55909898e-02  1.69356534e+02 
 5.82017589e+14  1.00577470e+35  1.36871000e+01  1.87815745e+00  1.27936000e+01  1.85404403e+00  4.09827399e-01  2.49686380e-02  8.52918147e-02  1.66484173e+02 
 5.82792958e+14  1.01160690e+35  1.36921000e+01  1.88377579e+00  1.28016000e+01  1.85969015e+00  4.10325094e-01  2.48676169e-02  8.49617421e-02  1.63680160e+02 
 5.83568327e+14  1.01752665e+35  1.36971000e+01  1.88944571e+00  1.28096000e+01  1.86538291e+00  4.10828763e-01  2.47715069e-02  8.46294608e-02  1.60901835e+02 
 5.84343696e+14  1.02348004e+35  1.37021000e+01  1.89511507e+00  1.28176000e+01  1.87107961e+00  4.11331014e-01  2.46714845e-02  8.42966051e-02  1.58174401e+02 
 5.85119066e+14  1.02943343e+35  1.37071000e+01  1.90075178e+00  1.28256000e+01  1.87675387e+00  4.11827317e-01  2.45622269e-02  8.39642147e-02  1.55511851e+02 
 5.85894435e+14  1.03538682e+35  1.37111000e+01  1.90635603e+00  1.28346000e+01  1.88253696e+00  4.12377883e-01  2.43128932e-02  8.36628287e-02  1.52912278e+02 
 5.86669804e+14  1.04134021e+35  1.37161000e+01  1.91192800e+00  1.28426000e+01  1.88816697e+00  4.12862490e-01  2.41857013e-02  8.33313262e-02  1.50373815e+02 
 5.87445173e+14  1.04732256e+35  1.37211000e+01  1.91749478e+00  1.28496000e+01  1.89366564e+00  4.13345079e-01  2.41846813e-02  8.29995024e-02  1.47882766e+02 
 5.88220542e+14  1.05339826e+35  1.37251000e+01  1.92311577e+00  1.28576000e+01  1.89934454e+00  4.13894322e-01  2.40581739e-02  8.26955597e-02  1.45412256e+02 
 5.88995911e+14  1.05947395e+35  1.37301000e+01  1.92870419e+00  1.28656000e+01  1.90500099e+00  4.14377435e-01  2.39227568e-02  8.23619565e-02  1.42999797e+02 
 5.89771280e+14  1.06554964e+35  1.37341000e+01  1.93426022e+00  1.28736000e+01  1.91063518e+00  4.14915156e-01  2.37785495e-02  8.20192695e-02  1.40575877e+02 
 5.90546650e+14  1.07162534e+35  1.37391000e+01  1.93978407e+00  1.28816000e+01  1.91624710e+00  4.15386733e-01  2.36257639e-02  8.17263855e-02  1.38342350e+02 
 5.91322019e+14  1.07770103e+35  1.37441000e+01  1.94527594e+00  1.28896000e+01  1.92183690e+00  4.15852591e-01  2.34645246e-02  8.13945972e-02  1.36094136e+02 
 5.92097388e+14  1.08386587e+35  1.37481000e+01  1.95081600e+00  1.28966000e+01  1.92733842e+00  4.16384526e-01  2.34371279e-02  8.10903058e-02  1.33865660e+02 
 5.92872757e+14  1.09006497e+35  1.37521000e+01  1.95635444e+00  1.29046000e+01  1.93297527e+00  4.16915097e-01  2.32763303e-02  8.07463710e-02  1.31613003e+02 
 5.93648126e+14  1.09626406e+35  1.37571000e+01  1.96186060e+00  1.29126000e+01  1.93858967e+00  4.17379344e-01  2.31072047e-02  8.04518238e-02  1.29538247e+02 
 5.94423495e+14  1.10246315e+35  1.37611000e+01  1.96733469e+00  1.29196000e+01  1.94404901e+00  4.17898646e-01  2.30587371e-02  8.01480881e-02  1.27448889e+02 
 5.95198864e+14  1.10866224e+35  1.37661000e+01  1.97277689e+00  1.29276000e+01  1.94961897e+00  4.18351615e-01  2.28729616e-02  7.98158900e-02  1.25407202e+02 
 5.95974233e+14  1.11488358e+35  1.37701000e+01  1.97820679e+00  1.29346000e+01  1.95504984e+00  4.18862523e-01  2.28107509e-02  7.95127033e-02  1.23404764e+02 
 5.96749603e+14  1.12120715e+35  1.37741000e+01  1.98369367e+00  1.29426000e+01  1.96066518e+00  4.19380245e-01  2.26254829e-02  7.92070154e-02  1.21415783e+02 
 5.97524972e+14  1.12753071e+35  1.37791000e+01  1.98914840e+00  1.29496000e+01  1.96612477e+00  4.19831464e-01  2.25602571e-02  7.88732984e-02  1.19472160e+02 
 5.98300341e+14  1.13385427e+35  1.37831000e+01  1.99457118e+00  1.29566000e+01  1.97156171e+00  4.20338076e-01  2.24868676e-02  7.85689555e-02  1.17572620e+02 
 5.99075710e+14  1.14017783e+35  1.37871000e+01  1.99996221e+00  1.29646000e+01  1.97711006e+00  4.20839231e-01  2.22774017e-02  7.82652586e-02  1.15715912e+02 
 5.99851079e+14  1.14650139e+35  1.37911000e+01  2.00532169e+00  1.29716000e+01  1.98250255e+00  4.21334972e-01  2.21878742e-02  7.79622268e-02  1.13900832e+02 
 6.00626448e+14  1.15290091e+35  1.37951000e+01  2.01071370e+00  1.29786000e+01  1.98792603e+00  4.21834147e-01  2.20999490e-02  7.76197730e-02  1.12050508e+02 
 6.01401817e+14  1.15934999e+35  1.38001000e+01  2.01611554e+00  1.29856000e+01  1.99336162e+00  4.22272407e-01  2.20101901e-02  7.73241706e-02  1.10336127e+02 
 6.02177187e+14  1.16579907e+35  1.38041000e+01  2.02148558e+00  1.29926000e+01  1.99877461e+00  4.22766406e-01  2.19125785e-02  7.70196102e-02  1.08606782e+02 
 6.02952556e+14  1.17224815e+35  1.38081000e+01  2.02682401e+00  1.29996000e+01  2.00416524e+00  4.23255023e-01  2.18070807e-02  7.67157934e-02  1.06915970e+02 
 6.03727925e+14  1.17869723e+35  1.38121000e+01  2.03213104e+00  1.30066000e+01  2.00953364e+00  4.23738301e-01  2.16938230e-02  7.64127385e-02  1.05262619e+02 
 6.04503294e+14  1.18514644e+35  1.38161000e+01  2.03740697e+00  1.30136000e+01  2.01488002e+00  4.24216300e-01  2.15729350e-02  7.61104587e-02  1.03645660e+02 
 6.05278663e+14  1.19172206e+35  1.38201000e+01  2.04275458e+00  1.30206000e+01  2.02029010e+00  4.24703109e-01  2.14594115e-02  7.58052204e-02  1.02033423e+02 
 6.06054032e+14  1.19829768e+35  1.38241000e+01  2.04807054e+00  1.30276000e+01  2.02567765e+00  4.25184568e-01  2.13382569e-02  7.55007997e-02  1.00456886e+02 
 6.06829401e+14  1.20487330e+35  1.38281000e+01  2.05335505e+00  1.30346000e+01  2.03104280e+00  4.25660722e-01  2.12095963e-02  7.51972143e-02  9.89150632e+01 
 6.07604771e+14  1.21144892e+35  1.38321000e+01  2.05860833e+00  1.30406000e+01  2.03625033e+00  4.26131615e-01  2.11995014e-02  7.48944808e-02  9.74069996e+01 
 6.08380140e+14  1.21802454e+35  1.38361000e+01  2.06383057e+00  1.30476000e+01  2.04157106e+00  4.26597293e-01  2.10558865e-02  7.45926153e-02  9.59317720e+01 
 6.09155509e+14  1.22464682e+35  1.38391000e+01  2.06905874e+00  1.30546000e+01  2.04690059e+00  4.27124532e-01  2.09102872e-02  7.43171088e-02  9.44783553e+01 
 6.09930878e+14  1.23134998e+35  1.38431000e+01  2.07431939e+00  1.30606000e+01  2.05212534e+00  4.27593533e-01  2.08918841e-02  7.40131597e-02  9.30392014e+01 
 6.10706247e+14  1.23805314e+35  1.38471000e+01  2.07954877e+00  1.30676000e+01  2.05746357e+00  4.28057307e-01  2.07404771e-02  7.37101304e-02  9.16313637e+01 
 6.11481616e+14  1.24475629e+35  1.38511000e+01  2.08474710e+00  1.30746000e+01  2.06277944e+00  4.28515896e-01  2.05820865e-02  7.34080352e-02  9.02539912e+01 
 6.12256985e+14  1.25145945e+35  1.38551000e+01  2.08991457e+00  1.30806000e+01  2.06793716e+00  4.28969344e-01  2.05415733e-02  7.31068887e-02  8.89062595e+01 
 6.13032355e+14  1.25816260e+35  1.38581000e+01  2.09505138e+00  1.30866000e+01  2.07307255e+00  4.29479679e-01  2.04939725e-02  7.28329796e-02  8.75873761e+01 
 6.13807724e+14  1.26495560e+35  1.38621000e+01  2.10022607e+00  1.30936000e+01  2.07837996e+00  4.29932261e-01  2.03236800e-02  7.25310463e-02  8.62794237e+01 
 6.14583093e+14  1.27178727e+35  1.38661000e+01  2.10539921e+00  1.30996000e+01  2.08355312e+00  4.30383691e-01  2.02751521e-02  7.22289868e-02  8.49922386e+01 
 6.15358462e+14  1.27861893e+35  1.38691000e+01  2.11054147e+00  1.31066000e+01  2.08884071e+00  4.30892153e-01  2.00950579e-02  7.19538759e-02  8.37325883e+01 
 6.16133831e+14  1.28545060e+35  1.38731000e+01  2.11565308e+00  1.31126000e+01  2.09396948e+00  4.31333455e-01  2.00323457e-02  7.16537321e-02  8.24997250e+01 
 6.16909200e+14  1.29228227e+35  1.38761000e+01  2.12073424e+00  1.31186000e+01  2.09907597e+00  4.31831979e-01  1.99628491e-02  7.13803418e-02  8.12929463e+01 
