# rhoc (cgs) 	 Pc (cgs) 	 R (km) 	 M (msol) 	 R_core (km) 	 M_core (msol) 	 I/(MR^2) 	 I_crust/(M_crust R_crust^2)/(I/(MR^2)) 	 k_2 	 Lambda 
 2.30000000e+14  1.86798799e+33  3.27351000e+01  1.14041664e-01  4.58260000e+00  3.58098823e-02  2.43742923e-02  9.03285127e-01  7.43164229e-04  1.37532018e+08 
 2.30706665e+14  1.88048377e+33  3.24991000e+01  1.14310172e-01  4.59660000e+00  3.61962143e-02  2.46775599e-02  9.01696996e-01  7.61259469e-04  1.34286816e+08 
 2.31413329e+14  1.89297956e+33  3.22671000e+01  1.14578591e-01  4.61060000e+00  3.65846139e-02  2.49819915e-02  9.00093842e-01  7.79772308e-04  1.31165154e+08 
 2.32119994e+14  1.90547534e+33  3.20401000e+01  1.14846903e-01  4.62460000e+00  3.69750716e-02  2.52858380e-02  8.98475624e-01  7.98570353e-04  1.28160570e+08 
 2.32826658e+14  1.91797113e+33  3.18171000e+01  1.15115089e-01  4.63760000e+00  3.73484739e-02  2.55904403e-02  8.96935870e-01  8.17760627e-04  1.25266883e+08 
 2.33533323e+14  1.93046691e+33  3.15991000e+01  1.15383130e-01  4.65160000e+00  3.77429066e-02  2.58939744e-02  8.95288501e-01  8.37200291e-04  1.22478467e+08 
 2.34239988e+14  1.94296269e+33  3.13851000e+01  1.15651004e-01  4.66460000e+00  3.81200447e-02  2.61978258e-02  8.93721647e-01  8.57001094e-04  1.19789927e+08 
 2.34946652e+14  1.95545848e+33  3.11761000e+01  1.15918698e-01  4.67760000e+00  3.84989828e-02  2.65000961e-02  8.92141721e-01  8.77009172e-04  1.17196322e+08 
 2.35653317e+14  1.96796743e+33  3.09701000e+01  1.16186471e-01  4.69160000e+00  3.88993938e-02  2.68038961e-02  8.90450526e-01  8.97476361e-04  1.14690287e+08 
 2.36359981e+14  1.98116032e+33  3.07571000e+01  1.16468745e-01  4.70460000e+00  3.92892033e-02  2.71240878e-02  8.88824866e-01  9.19412192e-04  1.12139492e+08 
 2.37066646e+14  1.99435321e+33  3.05491000e+01  1.16750944e-01  4.71860000e+00  3.97006800e-02  2.74426785e-02  8.87085893e-01  9.41588997e-04  1.09678085e+08 
 2.37773310e+14  2.00754610e+33  3.03441000e+01  1.17033058e-01  4.73160000e+00  4.00943754e-02  2.77630151e-02  8.85432559e-01  9.64293578e-04  1.07301601e+08 
 2.38479975e+14  2.02073899e+33  3.01441000e+01  1.17315060e-01  4.74460000e+00  4.04899419e-02  2.80812449e-02  8.83765880e-01  9.87195770e-04  1.05006078e+08 
 2.39186640e+14  2.03393188e+33  2.99471000e+01  1.17596939e-01  4.75860000e+00  4.09074724e-02  2.84008319e-02  8.81982588e-01  1.01059813e-03  1.02787581e+08 
 2.39893304e+14  2.04712477e+33  2.97541000e+01  1.17878672e-01  4.77160000e+00  4.13068553e-02  2.87197074e-02  8.80288123e-01  1.03432128e-03  1.00642580e+08 
 2.40599969e+14  2.06031766e+33  2.95651000e+01  1.18160240e-01  4.78360000e+00  4.16877504e-02  2.90376265e-02  8.78685701e-01  1.05834238e-03  9.85676726e+07 
 2.41306633e+14  2.07351055e+33  2.93791000e+01  1.18441627e-01  4.79660000e+00  4.20906913e-02  2.93563368e-02  8.76965511e-01  1.08282104e-03  9.65596500e+07 
 2.42013298e+14  2.08670344e+33  2.91971000e+01  1.18722815e-01  4.80960000e+00  4.24954513e-02  2.96736504e-02  8.75231889e-01  1.10755790e-03  9.46155432e+07 
 2.42719963e+14  2.09989633e+33  2.90191000e+01  1.19003786e-01  4.82160000e+00  4.28813718e-02  2.99893036e-02  8.73593441e-01  1.13252524e-03  9.27325225e+07 
 2.43426627e+14  2.11308922e+33  2.88431000e+01  1.19284522e-01  4.83460000e+00  4.32896350e-02  3.03072292e-02  8.71833971e-01  1.15809423e-03  9.09078686e+07 
 2.44133292e+14  2.12628211e+33  2.86711000e+01  1.19565007e-01  4.84660000e+00  4.36788293e-02  3.06230867e-02  8.70171736e-01  1.18385544e-03  8.91391231e+07 
 2.44839956e+14  2.14012543e+33  2.84941000e+01  1.19859111e-01  4.85860000e+00  4.40765295e-02  3.09537588e-02  8.68481347e-01  1.21122956e-03  8.73402257e+07 
 2.45546621e+14  2.15404428e+33  2.83181000e+01  1.20154694e-01  4.87160000e+00  4.44977829e-02  3.12887981e-02  8.66664710e-01  1.23943513e-03  8.55872419e+07 
 2.46253285e+14  2.16796312e+33  2.81471000e+01  1.20450136e-01  4.88460000e+00  4.49209176e-02  3.16195379e-02  8.64834445e-01  1.26764837e-03  8.38878346e+07 
 2.46959950e+14  2.18188196e+33  2.79781000e+01  1.20745414e-01  4.89660000e+00  4.53246288e-02  3.19524212e-02  8.63105561e-01  1.29650822e-03  8.22397017e+07 
 2.47666615e+14  2.19580081e+33  2.78121000e+01  1.21040523e-01  4.90860000e+00  4.57299772e-02  3.22850526e-02  8.61365238e-01  1.32577873e-03  8.06407170e+07 
 2.48373279e+14  2.20971965e+33  2.76501000e+01  1.21335436e-01  4.92060000e+00  4.61369584e-02  3.26148733e-02  8.59613410e-01  1.35519551e-03  7.90889114e+07 
 2.49079944e+14  2.22363849e+33  2.74901000e+01  1.21630135e-01  4.93260000e+00  4.65455618e-02  3.29463635e-02  8.57850077e-01  1.38522012e-03  7.75823306e+07 
 2.49786608e+14  2.23755734e+33  2.73331000e+01  1.21924611e-01  4.94460000e+00  4.69557748e-02  3.32769968e-02  8.56075260e-01  1.41559223e-03  7.61191827e+07 
 2.50493273e+14  2.25147618e+33  2.71791000e+01  1.22218842e-01  4.95660000e+00  4.73675892e-02  3.36065610e-02  8.54288938e-01  1.44628761e-03  7.46977599e+07 
 2.51199938e+14  2.26539502e+33  2.70281000e+01  1.22512815e-01  4.96860000e+00  4.77809949e-02  3.39348399e-02  8.52491107e-01  1.47728041e-03  7.33164309e+07 
 2.51906602e+14  2.27931387e+33  2.68791000e+01  1.22806510e-01  4.97960000e+00  4.81739576e-02  3.42641614e-02  8.50804083e-01  1.50882341e-03  7.19736401e+07 
 2.52613267e+14  2.29323271e+33  2.67331000e+01  1.23099914e-01  4.99160000e+00  4.85904170e-02  3.45918275e-02  8.48984244e-01  1.54062213e-03  7.06679325e+07 
 2.53319931e+14  2.30772377e+33  2.65831000e+01  1.23405107e-01  5.00360000e+00  4.90147166e-02  3.49340655e-02  8.47138665e-01  1.57431583e-03  6.93462044e+07 
 2.54026596e+14  2.32239153e+33  2.64351000e+01  1.23713848e-01  5.01560000e+00  4.94426135e-02  3.52768193e-02  8.45277117e-01  1.60848868e-03  6.80455312e+07 
 2.54733260e+14  2.33705929e+33  2.62891000e+01  1.24022400e-01  5.02660000e+00  4.98497265e-02  3.56205747e-02  8.43530518e-01  1.64325663e-03  6.67808143e+07 
 2.55439925e+14  2.35172705e+33  2.61451000e+01  1.24330748e-01  5.03860000e+00  5.02808253e-02  3.59652142e-02  8.41646888e-01  1.67861169e-03  6.55507150e+07 
 2.56146590e+14  2.36639482e+33  2.60041000e+01  1.24638882e-01  5.05060000e+00  5.07135551e-02  3.63078264e-02  8.39751738e-01  1.71421606e-03  6.43539716e+07 
 2.56853254e+14  2.38106258e+33  2.58651000e+01  1.24946778e-01  5.06160000e+00  5.11251548e-02  3.66509920e-02  8.37974689e-01  1.75037096e-03  6.31893634e+07 
 2.57559919e+14  2.39573034e+33  2.57291000e+01  1.25254424e-01  5.07260000e+00  5.15381605e-02  3.69917065e-02  8.36188172e-01  1.78671796e-03  6.20557445e+07 
 2.58266583e+14  2.41039810e+33  2.55951000e+01  1.25561799e-01  5.08360000e+00  5.19525647e-02  3.73326265e-02  8.34392166e-01  1.82357282e-03  6.09520041e+07 
 2.58973248e+14  2.42506586e+33  2.54631000e+01  1.25868897e-01  5.09560000e+00  5.23914103e-02  3.76736161e-02  8.32454043e-01  1.86092116e-03  5.98770789e+07 
 2.59679913e+14  2.43973362e+33  2.53341000e+01  1.26175695e-01  5.10660000e+00  5.28086783e-02  3.80115303e-02  8.30638115e-01  1.89837269e-03  5.88299849e+07 
 2.60386577e+14  2.45440138e+33  2.52071000e+01  1.26482179e-01  5.11760000e+00  5.32273155e-02  3.83491403e-02  8.28812714e-01  1.93626573e-03  5.78097468e+07 
 2.61093242e+14  2.46906914e+33  2.50811000e+01  1.26788335e-01  5.12760000e+00  5.36239588e-02  3.86893818e-02  8.27113517e-01  1.97497491e-03  5.68154403e+07 
 2.61799906e+14  2.48421552e+33  2.49541000e+01  1.27104157e-01  5.13860000e+00  5.40505757e-02  3.90370042e-02  8.25258886e-01  2.01498049e-03  5.58148821e+07 
 2.62506571e+14  2.49965156e+33  2.48271000e+01  1.27425794e-01  5.15060000e+00  5.45054322e-02  3.93896696e-02  8.23250246e-01  2.05606719e-03  5.48212475e+07 
 2.63213235e+14  2.51508759e+33  2.47011000e+01  1.27747206e-01  5.16160000e+00  5.49382736e-02  3.97451754e-02  8.21368874e-01  2.09805554e-03  5.38529852e+07 
 2.63919900e+14  2.53052362e+33  2.45781000e+01  1.28068375e-01  5.17260000e+00  5.53725433e-02  4.00969713e-02  8.19478082e-01  2.14008639e-03  5.29092650e+07 
 2.64626565e+14  2.54595965e+33  2.44571000e+01  1.28389286e-01  5.18260000e+00  5.57843708e-02  4.04480695e-02  8.17718624e-01  2.18255116e-03  5.19892672e+07 
 2.65333229e+14  2.56139569e+33  2.43381000e+01  1.28709924e-01  5.19360000e+00  5.62213621e-02  4.07983044e-02  8.15810047e-01  2.22542580e-03  5.10922103e+07 
 2.66039894e+14  2.57683172e+33  2.42201000e+01  1.29030271e-01  5.20460000e+00  5.66597493e-02  4.11509042e-02  8.13892074e-01  2.26915284e-03  5.02173442e+07 
 2.66746558e+14  2.59226775e+33  2.41051000e+01  1.29350316e-01  5.21460000e+00  5.70753651e-02  4.14989466e-02  8.12108434e-01  2.31278050e-03  4.93639629e+07 
 2.67453223e+14  2.60770379e+33  2.39911000e+01  1.29670045e-01  5.22560000e+00  5.75164094e-02  4.18490983e-02  8.10172753e-01  2.35722821e-03  4.85313645e+07 
 2.68159888e+14  2.62313982e+33  2.38791000e+01  1.29989435e-01  5.23560000e+00  5.79344725e-02  4.21977779e-02  8.08373314e-01  2.40199767e-03  4.77189027e+07 
 2.68866552e+14  2.63857585e+33  2.37691000e+01  1.30308487e-01  5.24660000e+00  5.83781359e-02  4.25448103e-02  8.06419936e-01  2.44705854e-03  4.69259332e+07 
 2.69573217e+14  2.65401189e+33  2.36611000e+01  1.30627170e-01  5.25660000e+00  5.87986075e-02  4.28900031e-02  8.04604745e-01  2.49237717e-03  4.61518599e+07 
 2.70279881e+14  2.66981898e+33  2.35521000e+01  1.30953148e-01  5.26660000e+00  5.92244586e-02  4.32431432e-02  8.02773941e-01  2.53927305e-03  4.53780944e+07 
 2.70986546e+14  2.68604026e+33  2.34421000e+01  1.31287393e-01  5.27760000e+00  5.96809894e-02  4.36043519e-02  8.00777102e-01  2.58778818e-03  4.46030490e+07 
 2.71693210e+14  2.70226155e+33  2.33331000e+01  1.31621379e-01  5.28760000e+00  6.01141082e-02  4.39675072e-02  7.98921519e-01  2.63716596e-03  4.38465941e+07 
 2.72399875e+14  2.71848283e+33  2.32261000e+01  1.31955078e-01  5.29860000e+00  6.05733794e-02  4.43287365e-02  7.96907141e-01  2.68683080e-03  4.31081738e+07 
 2.73106540e+14  2.73470411e+33  2.31211000e+01  1.32288488e-01  5.30860000e+00  6.10090174e-02  4.46878492e-02  7.95036024e-01  2.73674593e-03  4.23872315e+07 
 2.73813204e+14  2.75092539e+33  2.30181000e+01  1.32621589e-01  5.31860000e+00  6.14458504e-02  4.50446400e-02  7.93157625e-01  2.78687121e-03  4.16832443e+07 
 2.74519869e+14  2.76714667e+33  2.29161000e+01  1.32954361e-01  5.32860000e+00  6.18838701e-02  4.54028663e-02  7.91271936e-01  2.83778401e-03  4.09957021e+07 
 2.75226533e+14  2.78336795e+33  2.28161000e+01  1.33286799e-01  5.33860000e+00  6.23230613e-02  4.57584593e-02  7.89379027e-01  2.88885069e-03  4.03241142e+07 
 2.75933198e+14  2.79958923e+33  2.27171000e+01  1.33618886e-01  5.34860000e+00  6.27634171e-02  4.61152672e-02  7.87478875e-01  2.94067340e-03  3.96680079e+07 
 2.76639863e+14  2.81581051e+33  2.26201000e+01  1.33950607e-01  5.35860000e+00  6.32049278e-02  4.64691151e-02  7.85571489e-01  2.99258755e-03  3.90269330e+07 
 2.77346527e+14  2.83203179e+33  2.25241000e+01  1.34281949e-01  5.36860000e+00  6.36475838e-02  4.68239455e-02  7.83656876e-01  3.04522120e-03  3.84004473e+07 
 2.78053192e+14  2.84825307e+33  2.24301000e+01  1.34612897e-01  5.37860000e+00  6.40913768e-02  4.71754801e-02  7.81735032e-01  3.09787825e-03  3.77881316e+07 
 2.78759856e+14  3.06466293e+33  2.12401000e+01  1.39253552e-01  5.50660000e+00  7.00930505e-02  5.20536077e-02  7.56239982e-01  3.88522813e-03  3.04604472e+07 
 2.79466521e+14  3.12795533e+33  2.09141000e+01  1.40703973e-01  5.54460000e+00  7.19409762e-02  5.35497077e-02  7.48480415e-01  4.14803474e-03  2.85808320e+07 
 2.80173185e+14  3.17016034e+33  2.07051000e+01  1.41684817e-01  5.56960000e+00  7.31778119e-02  5.45498784e-02  7.43328060e-01  4.32931588e-03  2.74004529e+07 
 2.80879850e+14  3.21236535e+33  2.05011000e+01  1.42675456e-01  5.59460000e+00  7.44252434e-02  5.55594438e-02  7.38148298e-01  4.51699382e-03  2.62758848e+07 
 2.81586515e+14  3.25457036e+33  2.03041000e+01  1.43675503e-01  5.61960000e+00  7.56831687e-02  5.65663245e-02  7.32942229e-01  4.70871504e-03  2.52043717e+07 
 2.82293179e+14  3.29698254e+33  2.01111000e+01  1.44689568e-01  5.64460000e+00  7.69542468e-02  5.75854525e-02  7.27707794e-01  4.90756554e-03  2.41783975e+07 
 2.82999844e+14  3.34140579e+33  1.99151000e+01  1.45761440e-01  5.66960000e+00  7.82629397e-02  5.86548257e-02  7.22419740e-01  5.12134009e-03  2.31553425e+07 
 2.83706508e+14  3.38582903e+33  1.97251000e+01  1.46843076e-01  5.69460000e+00  7.95824218e-02  5.97262868e-02  7.17112229e-01  5.34081641e-03  2.21822058e+07 
 2.84413173e+14  3.43025228e+33  1.95411000e+01  1.47934081e-01  5.72060000e+00  8.09416021e-02  6.07982140e-02  7.11596547e-01  5.56568080e-03  2.12564392e+07 
 2.85119838e+14  3.47467553e+33  1.93621000e+01  1.49034077e-01  5.74460000e+00  8.22531526e-02  6.18752893e-02  7.06443673e-01  5.79706078e-03  2.03756099e+07 
 2.85826502e+14  3.51959906e+33  1.91871000e+01  1.50155240e-01  5.76960000e+00  8.36110656e-02  6.29623046e-02  7.01079163e-01  6.03600137e-03  1.95281877e+07 
 2.86533167e+14  3.56632665e+33  1.90101000e+01  1.51330773e-01  5.79560000e+00  8.50345272e-02  6.40979798e-02  6.95484955e-01  6.29160565e-03  1.86902722e+07 
 2.87239831e+14  3.61305424e+33  1.88391000e+01  1.52515598e-01  5.82160000e+00  8.64692609e-02  6.52312904e-02  6.89876572e-01  6.55265037e-03  1.78943044e+07 
 2.87946496e+14  3.65978183e+33  1.86731000e+01  1.53709313e-01  5.84660000e+00  8.78847516e-02  6.63673381e-02  6.84455591e-01  6.82042951e-03  1.71380462e+07 
 2.88653160e+14  3.70650942e+33  1.85131000e+01  1.54911525e-01  5.87160000e+00  8.93106924e-02  6.74972821e-02  6.79026567e-01  7.09269211e-03  1.64193731e+07 
 2.89359825e+14  3.75404243e+33  1.83541000e+01  1.56142825e-01  5.89760000e+00  9.07893842e-02  6.86561328e-02  6.73380241e-01  7.37837598e-03  1.57247760e+07 
 2.90066490e+14  3.80316253e+33  1.81961000e+01  1.57424117e-01  5.92260000e+00  9.22708692e-02  6.98447452e-02  6.67921720e-01  7.67784349e-03  1.50432917e+07 
 2.90773154e+14  3.85228262e+33  1.80431000e+01  1.58714153e-01  5.94860000e+00  9.37944869e-02  7.10328714e-02  6.62253572e-01  7.98389563e-03  1.43966264e+07 
 2.91479819e+14  3.90140272e+33  1.78941000e+01  1.60012519e-01  5.97460000e+00  9.53292043e-02  7.22267600e-02  6.56580992e-01  8.29834147e-03  1.37828544e+07 
 2.92186483e+14  3.95052281e+33  1.77511000e+01  1.61318823e-01  5.99960000e+00  9.68429122e-02  7.34085642e-02  6.51116969e-01  8.61607500e-03  1.32001535e+07 
 2.92893148e+14  4.00076473e+33  1.76081000e+01  1.62662837e-01  6.02460000e+00  9.83834602e-02  7.46271062e-02  6.45651004e-01  8.95092264e-03  1.26344677e+07 
 2.93599813e+14  4.05236756e+33  1.74671000e+01  1.64051603e-01  6.05160000e+00  1.00019779e-01  7.58667396e-02  6.39754537e-01  9.29863482e-03  1.20834016e+07 
 2.94306477e+14  4.10397039e+33  1.73301000e+01  1.65448500e-01  6.07660000e+00  1.01602292e-01  7.71089966e-02  6.34292748e-01  9.65457754e-03  1.15609316e+07 
 2.95013142e+14  4.15557321e+33  1.71981000e+01  1.66853116e-01  6.10260000e+00  1.03228421e-01  7.83432207e-02  6.28618023e-01  1.00154195e-02  1.10654293e+07 
 2.95719806e+14  4.20717604e+33  1.70701000e+01  1.68265058e-01  6.12760000e+00  1.04832154e-01  7.95764862e-02  6.23168050e-01  1.03833305e-02  1.05953591e+07 
 2.96426471e+14  4.26022746e+33  1.69431000e+01  1.69723977e-01  6.15360000e+00  1.06501710e-01  8.08375707e-02  6.17505944e-01  1.07670064e-02  1.01370532e+07 
 2.97133135e+14  4.31440531e+33  1.68171000e+01  1.71221625e-01  6.17960000e+00  1.08199549e-01  8.21269588e-02  6.11854621e-01  1.11673223e-02  9.69348369e+06 
 2.97839800e+14  4.36858316e+33  1.66961000e+01  1.72726754e-01  6.20560000e+00  1.09908624e-01  8.34036697e-02  6.06212433e-01  1.15713401e-02  9.27319028e+06 
 2.98546465e+14  4.42276101e+33  1.65781000e+01  1.74238957e-01  6.23160000e+00  1.11628794e-01  8.46856149e-02  6.00579486e-01  1.19851531e-02  8.87481750e+06 
 2.99253129e+14  4.47693886e+33  1.64641000e+01  1.75757835e-01  6.25660000e+00  1.13325167e-01  8.59611097e-02  5.95185222e-01  1.24046744e-02  8.49709066e+06 
 2.99959794e+14  4.53290140e+33  1.63511000e+01  1.77333523e-01  6.28260000e+00  1.15094474e-01  8.72638530e-02  5.89585402e-01  1.28409405e-02  8.12729230e+06 
 3.00666458e+14  4.58974864e+33  1.62391000e+01  1.78941245e-01  6.30860000e+00  1.16888751e-01  8.85927992e-02  5.84005549e-01  1.32946944e-02  7.77148909e+06 
 3.01373123e+14  4.64659588e+33  1.61321000e+01  1.80555768e-01  6.33460000e+00  1.18694278e-01  8.99017400e-02  5.78439748e-01  1.37494512e-02  7.43449432e+06 
 3.02079788e+14  4.70344312e+33  1.60281000e+01  1.82176695e-01  6.36060000e+00  1.20510911e-01  9.12106024e-02  5.72887815e-01  1.42125578e-02  7.11519397e+06 
 3.02786452e+14  4.76029035e+33  1.59271000e+01  1.83803639e-01  6.38560000e+00  1.22302305e-01  9.25179071e-02  5.67586337e-01  1.46834415e-02  6.81254291e+06 
 3.03493117e+14  4.81926654e+33  1.58261000e+01  1.85497693e-01  6.41160000e+00  1.24174090e-01  9.38636635e-02  5.62088088e-01  1.51765725e-02  6.51506930e+06 
 3.04199781e+14  4.87887960e+33  1.57271000e+01  1.87216512e-01  6.43760000e+00  1.26067257e-01  9.52209070e-02  5.56614907e-01  1.56827877e-02  6.23037427e+06 
 3.04906446e+14  4.93849266e+33  1.56321000e+01  1.88941447e-01  6.46360000e+00  1.27971681e-01  9.65623829e-02  5.51159338e-01  1.61914227e-02  5.96079017e+06 
 3.05613110e+14  4.99810572e+33  1.55401000e+01  1.90672104e-01  6.48960000e+00  1.29887228e-01  9.78982989e-02  5.45720837e-01  1.67064935e-02  5.70541108e+06 
 3.06319775e+14  5.05771878e+33  1.54511000e+01  1.92408114e-01  6.51460000e+00  1.31776061e-01  9.92269661e-02  5.40542301e-01  1.72271558e-02  5.46338829e+06 
 3.07026440e+14  5.11981191e+33  1.53611000e+01  1.94221918e-01  6.54160000e+00  1.33791046e-01  1.00607746e-01  5.34933133e-01  1.77772625e-02  5.22460737e+06 
 3.07733104e+14  5.18228929e+33  1.52741000e+01  1.96052751e-01  6.56760000e+00  1.35785872e-01  1.01981969e-01  5.29593744e-01  1.83333898e-02  4.99717537e+06 
 3.08439769e+14  5.24476668e+33  1.51901000e+01  1.97889008e-01  6.59360000e+00  1.37791969e-01  1.03346519e-01  5.24274100e-01  1.88943073e-02  4.78183027e+06 
 3.09146433e+14  5.30724406e+33  1.51091000e+01  1.99730305e-01  6.61860000e+00  1.39770290e-01  1.04699544e-01  5.19221360e-01  1.94589421e-02  4.57784151e+06 
 3.09853098e+14  5.36972145e+33  1.50301000e+01  2.01576287e-01  6.64460000e+00  1.41798217e-01  1.06053283e-01  5.13940180e-01  2.00328209e-02  4.38452583e+06 
 3.10559763e+14  5.43503540e+33  1.49511000e+01  2.03511041e-01  6.67060000e+00  1.43883394e-01  1.07447213e-01  5.08733147e-01  2.06320728e-02  4.19311808e+06 
 3.11266427e+14  5.50047768e+33  1.48741000e+01  2.05454724e-01  6.69660000e+00  1.45982069e-01  1.08841970e-01  5.03550244e-01  2.12409993e-02  4.01158643e+06 
 3.11973092e+14  5.56591996e+33  1.48001000e+01  2.07403140e-01  6.72260000e+00  1.48092025e-01  1.10220918e-01  4.98387996e-01  2.18515056e-02  3.83969178e+06 
 3.12679756e+14  5.63136223e+33  1.47281000e+01  2.09355919e-01  6.74860000e+00  1.50213122e-01  1.11597195e-01  4.93245550e-01  2.24698420e-02  3.67684902e+06 
 3.13386421e+14  5.69693383e+33  1.46581000e+01  2.11316579e-01  6.77360000e+00  1.52306611e-01  1.12970139e-01  4.88378607e-01  2.30954734e-02  3.52221445e+06 
 3.14093085e+14  5.76544362e+33  1.45881000e+01  2.13369456e-01  6.79960000e+00  1.54500190e-01  1.14383425e-01  4.83345765e-01  2.37478351e-02  3.36918466e+06 
 3.14799750e+14  5.83395342e+33  1.45211000e+01  2.15426762e-01  6.82560000e+00  1.56705200e-01  1.15776149e-01  4.78334483e-01  2.43989168e-02  3.22432077e+06 
 3.15506415e+14  5.90246322e+33  1.44551000e+01  2.17488120e-01  6.85160000e+00  1.58921492e-01  1.17178601e-01  4.73343798e-01  2.50644322e-02  3.08712390e+06 
 3.16213079e+14  5.97097302e+33  1.43921000e+01  2.19553167e-01  6.87760000e+00  1.61148932e-01  1.18557250e-01  4.68372641e-01  2.57264201e-02  2.95712749e+06 
 3.16919744e+14  6.03986970e+33  1.43311000e+01  2.21633258e-01  6.90260000e+00  1.63351525e-01  1.19928704e-01  4.63687593e-01  2.63929965e-02  2.83321841e+06 
 3.17626408e+14  6.11155171e+33  1.42691000e+01  2.23801175e-01  6.92860000e+00  1.65653916e-01  1.21355656e-01  4.58836888e-01  2.70959638e-02  2.71109088e+06 
 3.18333073e+14  6.18323371e+33  1.42101000e+01  2.25972840e-01  6.95460000e+00  1.67967728e-01  1.22755718e-01  4.54006963e-01  2.77932952e-02  2.59545121e+06 
 3.19039738e+14  6.25491571e+33  1.41521000e+01  2.28147876e-01  6.98060000e+00  1.70292825e-01  1.24161719e-01  4.49196620e-01  2.85031946e-02  2.48590319e+06 
 3.19746402e+14  6.32659772e+33  1.40971000e+01  2.30325948e-01  7.00560000e+00  1.72585453e-01  1.25537382e-01  4.44665073e-01  2.92046978e-02  2.38207629e+06 
 3.20453067e+14  6.39892213e+33  1.40431000e+01  2.32526268e-01  7.03160000e+00  1.74943249e-01  1.26920282e-01  4.39909435e-01  2.99183810e-02  2.28276550e+06 
 3.21159731e+14  6.47388307e+33  1.39891000e+01  2.34809919e-01  7.05760000e+00  1.77356896e-01  1.28340094e-01  4.35246689e-01  3.06593338e-02  2.18523311e+06 
 3.21866396e+14  6.54884401e+33  1.39361000e+01  2.37096629e-01  7.08360000e+00  1.79781963e-01  1.29763393e-01  4.30603054e-01  3.14116501e-02  2.09285192e+06 
 3.22573060e+14  6.62380495e+33  1.38861000e+01  2.39386047e-01  7.10860000e+00  1.82173408e-01  1.31151676e-01  4.26239606e-01  3.21518049e-02  2.00530765e+06 
 3.23279725e+14  6.69876589e+33  1.38371000e+01  2.41677834e-01  7.13460000e+00  1.84620548e-01  1.32540921e-01  4.21631482e-01  3.29013060e-02  1.92230729e+06 
 3.23986390e+14  6.77462059e+33  1.37901000e+01  2.43999049e-01  7.15960000e+00  1.87048431e-01  1.33916521e-01  4.17329117e-01  3.36496778e-02  1.84266210e+06 
 3.24693054e+14  6.85296923e+33  1.37421000e+01  2.46399069e-01  7.18560000e+00  1.89575438e-01  1.35346464e-01  4.12856237e-01  3.44373423e-02  1.76468916e+06 
 3.25399719e+14  6.93131786e+33  1.36961000e+01  2.48801478e-01  7.21160000e+00  1.92113843e-01  1.36756439e-01  4.08400389e-01  3.52213079e-02  1.69080559e+06 
 3.26106383e+14  7.00966650e+33  1.36521000e+01  2.51205932e-01  7.23760000e+00  1.94663492e-01  1.38144856e-01  4.03960518e-01  3.60000646e-02  1.62076298e+06 
 3.26813048e+14  7.08801513e+33  1.36101000e+01  2.53612101e-01  7.26260000e+00  1.97177404e-01  1.39510126e-01  3.99799965e-01  3.67720628e-02  1.55432951e+06 
 3.27519713e+14  7.16750241e+33  1.35681000e+01  2.56054711e-01  7.28760000e+00  1.99721288e-01  1.40899739e-01  3.95689921e-01  3.75665953e-02  1.49039553e+06 
 3.28226377e+14  7.24934953e+33  1.35261000e+01  2.58571700e-01  7.31360000e+00  2.02364027e-01  1.42322269e-01  3.91405003e-01  3.83878723e-02  1.42797445e+06 
 3.28933042e+14  7.33119664e+33  1.34861000e+01  2.61090411e-01  7.33960000e+00  2.05018132e-01  1.43719688e-01  3.87134677e-01  3.92007821e-02  1.36880121e+06 
 3.29639706e+14  7.41304376e+33  1.34481000e+01  2.63610519e-01  7.36460000e+00  2.07635266e-01  1.45090379e-01  3.83143441e-01  4.00036270e-02  1.31267954e+06 
 3.30346371e+14  7.49489087e+33  1.34101000e+01  2.66131686e-01  7.38960000e+00  2.10262823e-01  1.46476399e-01  3.79165032e-01  4.08251014e-02  1.25942645e+06 
 3.31053035e+14  7.57811250e+33  1.33741000e+01  2.68696040e-01  7.41560000e+00  2.12973420e-01  1.47843066e-01  3.74977866e-01  4.16387192e-02  1.20804258e+06 
 3.31759700e+14  7.66357088e+33  1.33381000e+01  2.71330541e-01  7.44060000e+00  2.15685036e-01  1.49239954e-01  3.71142382e-01  4.24776418e-02  1.15799110e+06 
 3.32466365e+14  7.74902927e+33  1.33031000e+01  2.73966116e-01  7.46660000e+00  2.18456809e-01  1.50629032e-01  3.67053137e-01  4.33190072e-02  1.11052128e+06 
 3.33173029e+14  7.83448765e+33  1.32691000e+01  2.76602419e-01  7.49160000e+00  2.21189908e-01  1.52009434e-01  3.63240907e-01  4.41620003e-02  1.06547823e+06 
 3.33879694e+14  7.91994603e+33  1.32371000e+01  2.79239156e-01  7.51660000e+00  2.23933356e-01  1.53357153e-01  3.59438946e-01  4.49888093e-02  1.02271716e+06 
 3.34586358e+14  8.00700307e+33  1.32051000e+01  2.81925435e-01  7.54260000e+00  2.26765581e-01  1.54728984e-01  3.55433666e-01  4.58377752e-02  9.81361655e+05 
 3.35293023e+14  8.09618751e+33  1.31731000e+01  2.84677942e-01  7.56760000e+00  2.29595486e-01  1.56129108e-01  3.51775839e-01  4.67113573e-02  9.41156227e+05 
 3.35999688e+14  8.18537194e+33  1.31431000e+01  2.87430861e-01  7.59360000e+00  2.32487181e-01  1.57494321e-01  3.47860855e-01  4.75663542e-02  9.03005351e+05 
 3.36706352e+14  8.27455637e+33  1.31141000e+01  2.90183870e-01  7.61860000e+00  2.35338436e-01  1.58847204e-01  3.44220575e-01  4.84192139e-02  8.66786669e+05 
 3.37413017e+14  8.36374080e+33  1.30851000e+01  2.92936668e-01  7.64360000e+00  2.38199976e-01  1.60211390e-01  3.40587702e-01  4.92878384e-02  8.32385855e+05 
 3.38119681e+14  8.45473339e+33  1.30581000e+01  2.95744862e-01  7.66860000e+00  2.41103581e-01  1.61550773e-01  3.37022995e-01  5.01407886e-02  7.99049061e+05 
 3.38826346e+14  8.54776061e+33  1.30301000e+01  2.98615801e-01  7.69360000e+00  2.44053587e-01  1.62940820e-01  3.33534454e-01  5.10359679e-02  7.66689581e+05 
 3.39533010e+14  8.64078784e+33  1.30041000e+01  3.01486496e-01  7.71960000e+00  2.47067022e-01  1.64291410e-01  3.29785905e-01  5.19072615e-02  7.35967571e+05 
 3.40239675e+14  8.73381507e+33  1.29791000e+01  3.04356637e-01  7.74460000e+00  2.50038227e-01  1.65626429e-01  3.26309131e-01  5.27728716e-02  7.06786288e+05 
 3.40946340e+14  8.82684230e+33  1.29541000e+01  3.07225924e-01  7.76860000e+00  2.52966025e-01  1.66970798e-01  3.23103072e-01  5.36524874e-02  6.79055344e+05 
 3.41653004e+14  8.92186938e+33  1.29311000e+01  3.10155843e-01  7.79360000e+00  2.55992651e-01  1.68287588e-01  3.19703122e-01  5.45120782e-02  6.52136691e+05 
 3.42359669e+14  9.01885810e+33  1.29071000e+01  3.13145558e-01  7.81960000e+00  2.59118808e-01  1.69654118e-01  3.16108463e-01  5.54140883e-02  6.26037962e+05 
 3.43066333e+14  9.11584682e+33  1.28841000e+01  3.16134375e-01  7.84460000e+00  2.62201410e-01  1.71003148e-01  3.12783233e-01  5.63082927e-02  6.01246510e+05 
 3.43772998e+14  9.21283554e+33  1.28631000e+01  3.19121986e-01  7.86960000e+00  2.65294270e-01  1.72307012e-01  3.09460578e-01  5.71713780e-02  5.77685728e+05 
 3.44479663e+14  9.30982426e+33  1.28421000e+01  3.22108102e-01  7.89360000e+00  2.68341904e-01  1.73618197e-01  3.06405128e-01  5.80463377e-02  5.55284051e+05 
 3.45186327e+14  9.40898336e+33  1.28211000e+01  3.25159358e-01  7.91860000e+00  2.71493190e-01  1.74953412e-01  3.03159639e-01  5.89424238e-02  5.33508720e+05 
 3.45892992e+14  9.51005419e+33  1.28011000e+01  3.28268110e-01  7.94460000e+00  2.74744912e-01  1.76283332e-01  2.99715711e-01  5.98355735e-02  5.12413794e+05 
 3.46599656e+14  9.61112502e+33  1.27821000e+01  3.31375299e-01  7.96860000e+00  2.77894838e-01  1.77592399e-01  2.96802355e-01  6.07166659e-02  4.92364451e+05 
 3.47306321e+14  9.71219585e+33  1.27631000e+01  3.34480634e-01  7.99360000e+00  2.81110979e-01  1.78907814e-01  2.93623849e-01  6.16087153e-02  4.73299997e+05 
 3.48012985e+14  9.81326669e+33  1.27451000e+01  3.37583843e-01  8.01860000e+00  2.84337105e-01  1.80201195e-01  2.90444732e-01  6.24872206e-02  4.55163642e+05 
 3.48719650e+14  9.91665367e+33  1.27281000e+01  3.40755830e-01  8.04260000e+00  2.87557066e-01  1.81489810e-01  2.87607021e-01  6.33612741e-02  4.37515762e+05 
 3.49426315e+14  1.00219291e+34  1.27101000e+01  3.43983765e-01  8.06760000e+00  2.90878127e-01  1.82827300e-01  2.84567458e-01  6.42787271e-02  4.20427150e+05 
 3.50132979e+14  1.01272046e+34  1.26941000e+01  3.47209489e-01  8.09260000e+00  2.94209362e-01  1.84112579e-01  2.81525925e-01  6.51554827e-02  4.04176438e+05 
 3.50839644e+14  1.02324800e+34  1.26781000e+01  3.50432703e-01  8.11760000e+00  2.97550630e-01  1.85402588e-01  2.78481725e-01  6.60413181e-02  3.88715481e+05 
 3.51546308e+14  1.03377555e+34  1.26631000e+01  3.53653148e-01  8.14160000e+00  3.00842876e-01  1.86667750e-01  2.75697549e-01  6.69097966e-02  3.73999163e+05 
 3.52252973e+14  1.04454643e+34  1.26481000e+01  3.56945036e-01  8.16660000e+00  3.04247041e-01  1.87956080e-01  2.72727781e-01  6.77976366e-02  3.59668707e+05 
 3.52959638e+14  1.05550688e+34  1.26341000e+01  3.60292215e-01  8.19060000e+00  3.07635680e-01  1.89233542e-01  2.70079896e-01  6.86754729e-02  3.45793796e+05 
 3.53666302e+14  1.06646732e+34  1.26201000e+01  3.63636513e-01  8.21560000e+00  3.11093603e-01  1.90514690e-01  2.67164842e-01  6.95611261e-02  3.32591802e+05 
 3.54372967e+14  1.07742777e+34  1.26071000e+01  3.66977654e-01  8.23960000e+00  3.14501076e-01  1.91768995e-01  2.64506697e-01  7.04266162e-02  3.20024400e+05 
 3.55079631e+14  1.08838822e+34  1.25941000e+01  3.70315369e-01  8.26460000e+00  3.17978243e-01  1.93026317e-01  2.61581118e-01  7.12990747e-02  3.08055718e+05 
 3.55786296e+14  1.09960045e+34  1.25821000e+01  3.73726108e-01  8.28860000e+00  3.21449230e-01  1.94275467e-01  2.58993472e-01  7.21614990e-02  2.96396041e+05 
 3.56492960e+14  1.11100642e+34  1.25701000e+01  3.77192463e-01  8.31360000e+00  3.25025610e-01  1.95542413e-01  2.56201862e-01  7.30393139e-02  2.85104254e+05 
 3.57199625e+14  1.12241239e+34  1.25581000e+01  3.80655270e-01  8.33760000e+00  3.28550122e-01  1.96811876e-01  2.53663914e-01  7.39234992e-02  2.74354031e+05 
 3.57906290e+14  1.13381836e+34  1.25471000e+01  3.84114255e-01  8.36160000e+00  3.32083631e-01  1.98052183e-01  2.51118179e-01  7.47841822e-02  2.64114840e+05 
 3.58612954e+14  1.14522433e+34  1.25371000e+01  3.87569157e-01  8.38560000e+00  3.35625996e-01  1.99262562e-01  2.48564290e-01  7.56201874e-02  2.54358078e+05 
 3.59319619e+14  1.15688683e+34  1.25271000e+01  3.91097448e-01  8.41060000e+00  3.39286035e-01  2.00494381e-01  2.45825150e-01  7.64730045e-02  2.44852390e+05 
 3.60026283e+14  1.16875113e+34  1.25171000e+01  3.94682784e-01  8.43460000e+00  3.42928949e-01  2.01743412e-01  2.43401183e-01  7.73401703e-02  2.35641185e+05 
 3.60732948e+14  1.18061543e+34  1.25081000e+01  3.98263898e-01  8.45860000e+00  3.46580830e-01  2.02961332e-01  2.40967755e-01  7.81808761e-02  2.26866794e+05 
 3.61439613e+14  1.19247972e+34  1.24991000e+01  4.01840528e-01  8.48260000e+00  3.50241520e-01  2.04180073e-01  2.38524619e-01  7.90255777e-02  2.18504857e+05 
 3.62146277e+14  1.20434402e+34  1.24901000e+01  4.05412407e-01  8.50660000e+00  3.53910892e-01  2.05399532e-01  2.36071352e-01  7.98741840e-02  2.10532532e+05 
 3.62852942e+14  1.21646544e+34  1.24821000e+01  4.09056703e-01  8.53060000e+00  3.57635044e-01  2.06606551e-01  2.33688218e-01  8.07065161e-02  2.02767197e+05 
 3.63559606e+14  1.22880104e+34  1.24741000e+01  4.12760702e-01  8.55460000e+00  3.61406551e-01  2.07830495e-01  2.31361064e-01  8.15522207e-02  1.95235400e+05 
 3.64266271e+14  1.24113664e+34  1.24671000e+01  4.16459797e-01  8.57860000e+00  3.65186847e-01  2.09021094e-01  2.29022504e-01  8.23680338e-02  1.88056730e+05 
 3.64972935e+14  1.25347224e+34  1.24601000e+01  4.20153726e-01  8.60260000e+00  3.68975757e-01  2.10211380e-01  2.26672410e-01  8.31862088e-02  1.81211707e+05 
 3.65679600e+14  1.26580785e+34  1.24531000e+01  4.23842236e-01  8.62660000e+00  3.72773149e-01  2.11401262e-01  2.24310456e-01  8.40066494e-02  1.74682041e+05 
 3.66386265e+14  1.27839651e+34  1.24471000e+01  4.27600730e-01  8.65060000e+00  3.76624372e-01  2.12576025e-01  2.22013389e-01  8.48072230e-02  1.68325504e+05 
 3.67092929e+14  1.29121657e+34  1.24411000e+01  4.31422929e-01  8.67460000e+00  3.80525804e-01  2.13767764e-01  2.19773965e-01  8.56203170e-02  1.62152258e+05 
 3.67799594e+14  1.30403663e+34  1.24351000e+01  4.35239528e-01  8.69760000e+00  3.84368599e-01  2.14958568e-01  2.17775426e-01  8.64348753e-02  1.56265156e+05 
 3.68506258e+14  1.31685669e+34  1.24291000e+01  4.39050279e-01  8.72160000e+00  3.88286629e-01  2.16148367e-01  2.15509363e-01  8.72508178e-02  1.50648568e+05 
 3.69212923e+14  1.32967675e+34  1.24241000e+01  4.42854935e-01  8.74460000e+00  3.92144970e-01  2.17302091e-01  2.13482991e-01  8.80326094e-02  1.45287819e+05 
 3.69919588e+14  1.34274067e+34  1.24201000e+01  4.46725578e-01  8.76860000e+00  3.96122805e-01  2.18437654e-01  2.11261332e-01  8.87906778e-02  1.40073867e+05 
 3.70626252e+14  1.35605851e+34  1.24151000e+01  4.50665356e-01  8.79260000e+00  4.00154595e-01  2.19625980e-01  2.09100230e-01  8.95966591e-02  1.35002073e+05 
 3.71332917e+14  1.36937635e+34  1.24111000e+01  4.54598844e-01  8.81660000e+00  4.04194699e-01  2.20777105e-01  2.06924708e-01  9.03666806e-02  1.30162669e+05 
 3.72039581e+14  1.38269419e+34  1.24071000e+01  4.58525782e-01  8.83960000e+00  4.08173594e-01  2.21926134e-01  2.04985542e-01  9.11364008e-02  1.25543104e+05 
 3.72746246e+14  1.39601203e+34  1.24031000e+01  4.62445946e-01  8.86260000e+00  4.12159739e-01  2.23073013e-01  2.03030924e-01  9.19057468e-02  1.21131583e+05 
 3.73452910e+14  1.40955881e+34  1.24001000e+01  4.66426424e-01  8.88560000e+00  4.16194049e-01  2.24198707e-01  2.01125688e-01  9.26479233e-02  1.16846114e+05 
 3.74159575e+14  1.42338791e+34  1.23971000e+01  4.70483023e-01  8.90960000e+00  4.20356876e-01  2.25342962e-01  1.99034436e-01  9.34020800e-02  1.12669318e+05 
 3.74866240e+14  1.43721702e+34  1.23941000e+01  4.74532618e-01  8.93360000e+00  4.24527766e-01  2.26484532e-01  1.96927486e-01  9.41550126e-02  1.08681708e+05 
 3.75572904e+14  1.45104613e+34  1.23921000e+01  4.78574972e-01  8.95660000e+00  4.28635309e-01  2.27586622e-01  1.95053359e-01  9.48683549e-02  1.04873167e+05 
 3.76279569e+14  1.46487523e+34  1.23901000e+01  4.82609853e-01  8.97960000e+00  4.32749868e-01  2.28685537e-01  1.93162494e-01  9.55797101e-02  1.01234193e+05 
 3.76986233e+14  1.47891210e+34  1.23881000e+01  4.86697570e-01  9.00260000e+00  4.36908451e-01  2.29796566e-01  1.91311714e-01  9.62984861e-02  9.77047010e+04 
 3.77692898e+14  1.49326612e+34  1.23861000e+01  4.90870070e-01  9.02560000e+00  4.41130809e-01  2.30927735e-01  1.89530130e-01  9.70295830e-02  9.42567998e+04 
 3.78399563e+14  1.50762014e+34  1.23841000e+01  4.95034854e-01  9.04860000e+00  4.45360224e-01  2.32055579e-01  1.87730698e-01  9.77584500e-02  9.09632669e+04 
 3.79106227e+14  1.52197416e+34  1.23831000e+01  4.99191688e-01  9.07160000e+00  4.49596536e-01  2.33142387e-01  1.85913466e-01  9.84452556e-02  8.78159379e+04 
 3.79812892e+14  1.53632818e+34  1.23821000e+01  5.03340338e-01  9.09460000e+00  4.53839602e-01  2.34225401e-01  1.84078437e-01  9.91291043e-02  8.48071397e+04 
 3.80519556e+14  1.55086193e+34  1.23811000e+01  5.07532448e-01  9.11760000e+00  4.58121292e-01  2.35317611e-01  1.82273014e-01  9.98179455e-02  8.18943795e+04 
 3.81226221e+14  1.56575466e+34  1.23801000e+01  5.11819776e-01  9.14060000e+00  4.62473702e-01  2.36431946e-01  1.80543618e-01  1.00519654e-01  7.90414351e+04 
 3.81932885e+14  1.58064739e+34  1.23801000e+01  5.16098662e-01  9.16360000e+00  4.66832884e-01  2.37503960e-01  1.78795405e-01  1.01177273e-01  7.63147436e+04 
 3.82639550e+14  1.59554012e+34  1.23801000e+01  5.20368872e-01  9.18660000e+00  4.71198671e-01  2.38571635e-01  1.77028493e-01  1.01831068e-01  7.37077057e+04 
 3.83346215e+14  1.61043285e+34  1.23801000e+01  5.24630190e-01  9.20860000e+00  4.75495574e-01  2.39634931e-01  1.75485798e-01  1.02480980e-01  7.12141047e+04 
 3.84052879e+14  1.62546980e+34  1.23801000e+01  5.28923582e-01  9.23160000e+00  4.79899344e-01  2.40704058e-01  1.73717728e-01  1.03133200e-01  6.88054728e+04 
 3.84759544e+14  1.64091519e+34  1.23811000e+01  5.33324493e-01  9.25460000e+00  4.84382038e-01  2.41758644e-01  1.72033614e-01  1.03757117e-01  6.64392600e+04 
 3.85466208e+14  1.65636059e+34  1.23811000e+01  5.37716227e-01  9.27760000e+00  4.88871186e-01  2.42847582e-01  1.70329967e-01  1.04418527e-01  6.41765528e+04 
 3.86172873e+14  1.67180598e+34  1.23821000e+01  5.42098556e-01  9.29960000e+00  4.93289811e-01  2.43892548e-01  1.68847500e-01  1.05033305e-01  6.20119936e+04 
 3.86879538e+14  1.68725138e+34  1.23831000e+01  5.46471279e-01  9.32260000e+00  4.97791015e-01  2.44932583e-01  1.67104640e-01  1.05643331e-01  5.99405411e+04 
 3.87586202e+14  1.70279733e+34  1.23841000e+01  5.50862575e-01  9.34460000e+00  5.02238421e-01  2.45974635e-01  1.65606558e-01  1.06252759e-01  5.79448055e+04 
 3.88292867e+14  1.71880949e+34  1.23861000e+01  5.55375670e-01  9.36760000e+00  5.06851447e-01  2.47004142e-01  1.63961516e-01  1.06833617e-01  5.59776897e+04 
 3.88999531e+14  1.73482164e+34  1.23871000e+01  5.59878834e-01  9.38960000e+00  5.11392318e-01  2.48068271e-01  1.62534676e-01  1.07452320e-01  5.40956257e+04 
 3.89706196e+14  1.75083380e+34  1.23891000e+01  5.64371872e-01  9.41160000e+00  5.15938361e-01  2.49087069e-01  1.61086907e-01  1.08022355e-01  5.22942586e+04 
 3.90412860e+14  1.76684595e+34  1.23911000e+01  5.68854567e-01  9.43360000e+00  5.20489483e-01  2.50100400e-01  1.59618214e-01  1.08586821e-01  5.05694885e+04 
 3.91119525e+14  1.78290619e+34  1.23931000e+01  5.73340139e-01  9.45560000e+00  5.25054000e-01  2.51111503e-01  1.58139886e-01  1.09147621e-01  4.89125930e+04 
 3.91826190e+14  1.79949935e+34  1.23951000e+01  5.77963834e-01  9.47860000e+00  5.29796957e-01  2.52153198e-01  1.56527348e-01  1.09724126e-01  4.72734574e+04 
 3.92532854e+14  1.81609250e+34  1.23971000e+01  5.82576870e-01  9.50060000e+00  5.34465450e-01  2.53189275e-01  1.55130174e-01  1.10294794e-01  4.57043700e+04 
 3.93239519e+14  1.83268565e+34  1.24001000e+01  5.87179021e-01  9.52260000e+00  5.39138832e-01  2.54178702e-01  1.53711373e-01  1.10814897e-01  4.42017853e+04 
 3.93946183e+14  1.84927880e+34  1.24021000e+01  5.91770093e-01  9.54460000e+00  5.43816956e-01  2.55203319e-01  1.52271208e-01  1.11373592e-01  4.27623620e+04 
 3.94652848e+14  1.86587195e+34  1.24051000e+01  5.96349893e-01  9.56660000e+00  5.48499681e-01  2.56180947e-01  1.50809848e-01  1.11881271e-01  4.13829448e+04 
 3.95359513e+14  1.88304654e+34  1.24081000e+01  6.01078638e-01  9.58860000e+00  5.53288488e-01  2.57191023e-01  1.49455986e-01  1.12404932e-01  4.00150813e+04 
 3.96066177e+14  1.90023506e+34  1.24111000e+01  6.05799788e-01  9.61060000e+00  5.58084410e-01  2.58195891e-01  1.48083010e-01  1.12922550e-01  3.87039104e+04 
 3.96772842e+14  1.91742357e+34  1.24151000e+01  6.10509306e-01  9.63260000e+00  5.62884856e-01  2.59152867e-01  1.46688082e-01  1.13387912e-01  3.74476706e+04 
 3.97479506e+14  1.93461209e+34  1.24181000e+01  6.15206998e-01  9.65360000e+00  5.67606866e-01  2.60145310e-01  1.45503532e-01  1.13892181e-01  3.62436325e+04 
 3.98186171e+14  1.95180060e+34  1.24221000e+01  6.19892697e-01  9.67560000e+00  5.72415513e-01  2.61089569e-01  1.44065110e-01  1.14343841e-01  3.50892160e+04 
 3.98892836e+14  1.96951277e+34  1.24251000e+01  6.24708795e-01  9.69760000e+00  5.77319197e-01  2.62103287e-01  1.42715790e-01  1.14853906e-01  3.39488847e+04 
 3.99599500e+14  1.98731115e+34  1.24291000e+01  6.29536157e-01  9.71960000e+00  5.82242122e-01  2.63073925e-01  1.41362296e-01  1.15313893e-01  3.28507305e+04 
 4.00306165e+14  2.00510952e+34  1.24331000e+01  6.34351136e-01  9.74060000e+00  5.87084889e-01  2.64037977e-01  1.40216538e-01  1.15766696e-01  3.17980539e+04 
 4.01012829e+14  2.02290790e+34  1.24371000e+01  6.39153539e-01  9.76260000e+00  5.92015552e-01  2.64995439e-01  1.38818559e-01  1.16212324e-01  3.07886188e+04 
 4.01719494e+14  2.04070628e+34  1.24411000e+01  6.43943201e-01  9.78360000e+00  5.96865032e-01  2.65946320e-01  1.37627781e-01  1.16650796e-01  2.98203120e+04 
 4.02426158e+14  2.05895958e+34  1.24451000e+01  6.48842149e-01  9.80460000e+00  6.01795910e-01  2.66919114e-01  1.36505970e-01  1.17097901e-01  2.88678322e+04 
 4.03132823e+14  2.07738244e+34  1.24501000e+01  6.53773673e-01  9.82660000e+00  6.06844866e-01  2.67852779e-01  1.35167211e-01  1.17496311e-01  2.79460009e+04 
 4.03839488e+14  2.09580529e+34  1.24541000e+01  6.58692033e-01  9.84760000e+00  6.11811441e-01  2.68822595e-01  1.34033222e-01  1.17934352e-01  2.70619070e+04 
 4.04546152e+14  2.11422815e+34  1.24591000e+01  6.63597072e-01  9.86860000e+00  6.16780840e-01  2.69742375e-01  1.32876271e-01  1.18317533e-01  2.62137129e+04 
 4.05252817e+14  2.13265100e+34  1.24641000e+01  6.68488612e-01  9.88960000e+00  6.21752967e-01  2.70655159e-01  1.31696538e-01  1.18693077e-01  2.53996846e+04 
 4.05959481e+14  2.15144833e+34  1.24681000e+01  6.73465695e-01  9.91060000e+00  6.26791680e-01  2.71627346e-01  1.30566163e-01  1.19121062e-01  2.46025956e+04 
 4.06666146e+14  2.17051040e+34  1.24731000e+01  6.78499143e-01  9.93260000e+00  6.31965978e-01  2.72565099e-01  1.29238079e-01  1.19502269e-01  2.38270368e+04 
 4.07372811e+14  2.18957246e+34  1.24781000e+01  6.83518666e-01  9.95360000e+00  6.37055603e-01  2.73495704e-01  1.28112113e-01  1.19875616e-01  2.30828614e+04 
 4.08079475e+14  2.20863452e+34  1.24831000e+01  6.88524103e-01  9.97460000e+00  6.42147654e-01  2.74419181e-01  1.26963131e-01  1.20241152e-01  2.23685594e+04 
 4.08786140e+14  2.22769659e+34  1.24891000e+01  6.93515294e-01  9.99460000e+00  6.47153265e-01  2.75291446e-01  1.26014778e-01  1.20550640e-01  2.16827020e+04 
 4.09492804e+14  2.24704010e+34  1.24941000e+01  6.98565552e-01  1.00156000e+01  6.52297143e-01  2.76217232e-01  1.24871413e-01  1.20909243e-01  2.10143975e+04 
 4.10199469e+14  2.26675621e+34  1.24991000e+01  7.03698546e-01  1.00366000e+01  6.57506389e-01  2.77157843e-01  1.23772829e-01  1.21271423e-01  2.03604465e+04 
 4.10906133e+14  2.28647232e+34  1.25051000e+01  7.08816855e-01  1.00576000e+01  6.62717797e-01  2.78046715e-01  1.22650910e-01  1.21577004e-01  1.97326531e+04 
 4.11612798e+14  2.30618843e+34  1.25101000e+01  7.13920308e-01  1.00786000e+01  6.67931219e-01  2.78972692e-01  1.21506014e-01  1.21923165e-01  1.91297737e+04 
 4.12319463e+14  2.32590454e+34  1.25161000e+01  7.19008752e-01  1.00986000e+01  6.73055951e-01  2.79846712e-01  1.20559096e-01  1.22212612e-01  1.85506292e+04 
 4.13026127e+14  2.34579563e+34  1.25221000e+01  7.24127044e-01  1.01186000e+01  6.78211044e-01  2.80723335e-01  1.19619285e-01  1.22499110e-01  1.79892607e+04 
 4.13732792e+14  2.36618073e+34  1.25281000e+01  7.29357056e-01  1.01396000e+01  6.83541511e-01  2.81620769e-01  1.18521393e-01  1.22791717e-01  1.74366304e+04 
 4.14439456e+14  2.38656583e+34  1.25341000e+01  7.34571614e-01  1.01606000e+01  6.88873666e-01  2.82510593e-01  1.17400405e-01  1.23129557e-01  1.69131992e+04 
 4.15146121e+14  2.40695093e+34  1.25391000e+01  7.39770542e-01  1.01806000e+01  6.94115351e-01  2.83438026e-01  1.16475106e-01  1.23401408e-01  1.63958961e+04 
 4.15852786e+14  2.42733603e+34  1.25461000e+01  7.44953716e-01  1.02006000e+01  6.99357708e-01  2.84267481e-01  1.15526333e-01  1.23673996e-01  1.59127061e+04 
 4.16559450e+14  2.44777527e+34  1.25521000e+01  7.50134692e-01  1.02206000e+01  7.04609701e-01  2.85137616e-01  1.14563184e-01  1.23935550e-01  1.54400952e+04 
 4.17266115e+14  2.46884439e+34  1.25581000e+01  7.55459051e-01  1.02416000e+01  7.10060188e-01  2.86035216e-01  1.13463213e-01  1.24151939e-01  1.49653516e+04 
 4.17972779e+14  2.48991352e+34  1.25641000e+01  7.60767181e-01  1.02616000e+01  7.15418335e-01  2.86925114e-01  1.12556944e-01  1.24413928e-01  1.45156156e+04 
 4.18679444e+14  2.51098264e+34  1.25701000e+01  7.66058919e-01  1.02816000e+01  7.20776909e-01  2.87807331e-01  1.11626871e-01  1.24667695e-01  1.40833219e+04 
 4.19386108e+14  2.53205176e+34  1.25771000e+01  7.71334133e-01  1.03016000e+01  7.26135768e-01  2.88635986e-01  1.10673390e-01  1.24863663e-01  1.36676633e+04 
 4.20092773e+14  2.55312088e+34  1.25831000e+01  7.76592687e-01  1.03216000e+01  7.31494816e-01  2.89502806e-01  1.09696808e-01  1.25101137e-01  1.32678757e+04 
 4.20799438e+14  2.57480719e+34  1.25901000e+01  7.81988173e-01  1.03416000e+01  7.36955433e-01  2.90349159e-01  1.08793999e-01  1.25296247e-01  1.28721596e+04 
 4.21506102e+14  2.59657545e+34  1.25961000e+01  7.87387052e-01  1.03616000e+01  7.42429639e-01  2.91238164e-01  1.07880155e-01  1.25534825e-01  1.24902680e+04 
 4.22212767e+14  2.61834371e+34  1.26031000e+01  7.92768777e-01  1.03816000e+01  7.47903800e-01  2.92073054e-01  1.06942794e-01  1.25715307e-01  1.21230185e+04 
 4.22919431e+14  2.64011198e+34  1.26101000e+01  7.98133206e-01  1.04016000e+01  7.53377817e-01  2.92899991e-01  1.05982202e-01  1.25887550e-01  1.17697412e+04 
 4.23626096e+14  2.66188024e+34  1.26161000e+01  8.03480251e-01  1.04206000e+01  7.58754980e-01  2.93765604e-01  1.05211598e-01  1.26101633e-01  1.14298010e+04 
 4.24332761e+14  2.68412855e+34  1.26231000e+01  8.08927329e-01  1.04406000e+01  7.64306029e-01  2.94601922e-01  1.04276613e-01  1.26268818e-01  1.10955049e+04 
 4.25039425e+14  2.70661115e+34  1.26301000e+01  8.14414011e-01  1.04606000e+01  7.69894814e-01  2.95442425e-01  1.03353012e-01  1.26433121e-01  1.07705282e+04 
 4.25746090e+14  2.72909375e+34  1.26371000e+01  8.19882776e-01  1.04796000e+01  7.75385475e-01  2.96274890e-01  1.02617291e-01  1.26589170e-01  1.04578697e+04 
 4.26452754e+14  2.75157635e+34  1.26441000e+01  8.25333499e-01  1.04996000e+01  7.80972717e-01  2.97099351e-01  1.01647228e-01  1.26737059e-01  1.01569719e+04 
 4.27159419e+14  2.77405895e+34  1.26511000e+01  8.30766069e-01  1.05186000e+01  7.86460883e-01  2.97915849e-01  1.00864758e-01  1.26876887e-01  9.86730572e+03 
 4.27866083e+14  2.79686730e+34  1.26581000e+01  8.36258781e-01  1.05376000e+01  7.91999904e-01  2.98740875e-01  1.00104942e-01  1.27015686e-01  9.58439921e+03 
 4.28572748e+14  2.82007951e+34  1.26651000e+01  8.41830206e-01  1.05576000e+01  7.97701235e-01  2.99578254e-01  9.91693195e-02  1.27154949e-01  9.30726844e+03 
 4.29279413e+14  2.84329172e+34  1.26731000e+01  8.47382941e-01  1.05766000e+01  8.03302204e-01  3.00360125e-01  9.84192906e-02  1.27291456e-01  9.04447494e+03 
 4.29986077e+14  2.86650393e+34  1.26801000e+01  8.52916871e-01  1.05956000e+01  8.08901354e-01  3.01181249e-01  9.76457552e-02  1.27414540e-01  8.78753844e+03 
 4.30692742e+14  2.88971613e+34  1.26871000e+01  8.58431899e-01  1.06146000e+01  8.14498538e-01  3.01994364e-01  9.68491640e-02  1.27473909e-01  8.53635096e+03 
 4.31399406e+14  2.91308161e+34  1.26941000e+01  8.63964173e-01  1.06336000e+01  8.20118018e-01  3.02807006e-01  9.60503383e-02  1.27584120e-01  8.29651900e+03 
 4.32106071e+14  2.93703876e+34  1.27021000e+01  8.69617129e-01  1.06526000e+01  8.25829409e-01  3.03592699e-01  9.53073137e-02  1.27703540e-01  8.06322029e+03 
 4.32812736e+14  2.96099590e+34  1.27091000e+01  8.75250643e-01  1.06716000e+01  8.31538565e-01  3.04417971e-01  9.45409362e-02  1.27753450e-01  7.83164168e+03 
 4.33519400e+14  2.98495305e+34  1.27161000e+01  8.80864602e-01  1.06906000e+01  8.37245423e-01  3.05235151e-01  9.37514316e-02  1.27851292e-01  7.61197551e+03 
 4.34226065e+14  3.00891019e+34  1.27241000e+01  8.86458918e-01  1.07096000e+01  8.42949801e-01  3.05996176e-01  9.29393224e-02  1.27947058e-01  7.40356654e+03 
 4.34932729e+14  3.03286734e+34  1.27311000e+01  8.92033486e-01  1.07276000e+01  8.48549471e-01  3.06797197e-01  9.23093620e-02  1.27973341e-01  7.19634122e+03 
 4.35639394e+14  3.05754636e+34  1.27391000e+01  8.97755755e-01  1.07466000e+01  8.54361631e-01  3.07576014e-01  9.15432918e-02  1.28066639e-01  6.99692366e+03 
 4.36346058e+14  3.08226383e+34  1.27461000e+01  9.03466741e-01  1.07656000e+01  8.60177145e-01  3.08396676e-01  9.07590322e-02  1.28090802e-01  6.79848404e+03 
 4.37052723e+14  3.10698129e+34  1.27541000e+01  9.09157441e-01  1.07836000e+01  8.65886441e-01  3.09160732e-01  9.01555156e-02  1.28169222e-01  6.61310974e+03 
 4.37759388e+14  3.13169876e+34  1.27611000e+01  9.14827735e-01  1.08026000e+01  8.71695928e-01  3.09965093e-01  8.93257371e-02  1.28177876e-01  6.42873309e+03 
 4.38466052e+14  3.15641622e+34  1.27691000e+01  9.20477570e-01  1.08206000e+01  8.77398299e-01  3.10712748e-01  8.86764619e-02  1.28184943e-01  6.25375388e+03 
 4.39172717e+14  3.18165896e+34  1.27771000e+01  9.26226495e-01  1.08396000e+01  8.83282541e-01  3.11476195e-01  8.78656537e-02  1.28249309e-01  6.08413558e+03 
 4.39879381e+14  3.20715218e+34  1.27841000e+01  9.32011562e-01  1.08576000e+01  8.89097643e-01  3.12291583e-01  8.72637377e-02  1.28247755e-01  5.91374300e+03 
 4.40586046e+14  3.23264540e+34  1.27921000e+01  9.37775587e-01  1.08756000e+01  8.94908698e-01  3.13049869e-01  8.66387180e-02  1.28244711e-01  5.75204745e+03 
 4.41292711e+14  3.25813861e+34  1.28001000e+01  9.43518493e-01  1.08936000e+01  9.00715677e-01  3.13799873e-01  8.59908638e-02  1.28290543e-01  5.59857823e+03 
 4.41999375e+14  3.28363183e+34  1.28071000e+01  9.49240202e-01  1.09116000e+01  9.06518472e-01  3.14590770e-01  8.53205924e-02  1.28266514e-01  5.44571689e+03 
 4.42706040e+14  3.30943233e+34  1.28151000e+01  9.55009313e-01  1.09296000e+01  9.12363870e-01  3.15337995e-01  8.46631078e-02  1.28245979e-01  5.29888018e+03 
 4.43412704e+14  3.33571676e+34  1.28231000e+01  9.60864959e-01  1.09486000e+01  9.18385234e-01  3.16098246e-01  8.38387787e-02  1.28225160e-01  5.15460033e+03 
 4.44119369e+14  3.36200120e+34  1.28311000e+01  9.66698836e-01  1.09666000e+01  9.24295927e-01  3.16850155e-01  8.31913456e-02  1.28197013e-01  5.01544827e+03 
 4.44826033e+14  3.38828563e+34  1.28391000e+01  9.72510861e-01  1.09846000e+01  9.30202030e-01  3.17593769e-01  8.25215769e-02  1.28218002e-01  4.88335155e+03 
 4.45532698e+14  3.41457006e+34  1.28471000e+01  9.78300987e-01  1.10016000e+01  9.35995887e-01  3.18329146e-01  8.20276234e-02  1.28175560e-01  4.75375360e+03 
 4.46239363e+14  3.44092125e+34  1.28541000e+01  9.84083767e-01  1.10196000e+01  9.41902250e-01  3.19108827e-01  8.13210489e-02  1.28120517e-01  4.62631388e+03 
 4.46946027e+14  3.46801239e+34  1.28621000e+01  9.90006412e-01  1.10376000e+01  9.47915006e-01  3.19862202e-01  8.06721024e-02  1.28074623e-01  4.50195178e+03 
 4.47652692e+14  3.49510354e+34  1.28701000e+01  9.95906564e-01  1.10546000e+01  9.53814150e-01  3.20607228e-01  8.01973920e-02  1.28021639e-01  4.38195987e+03 
 4.48359356e+14  3.52219468e+34  1.28781000e+01  1.00178416e+00  1.10726000e+01  9.59816484e-01  3.21343958e-01  7.95039922e-02  1.27961690e-01  4.26615392e+03 
 4.49066021e+14  3.54928583e+34  1.28861000e+01  1.00763913e+00  1.10896000e+01  9.65704324e-01  3.22072448e-01  7.89846904e-02  1.27894902e-01  4.15435848e+03 
 4.49772686e+14  3.57637698e+34  1.28941000e+01  1.01347145e+00  1.11076000e+01  9.71695899e-01  3.22792743e-01  7.82482587e-02  1.27877695e-01  4.04818886e+03 
 4.50479350e+14  3.60409286e+34  1.29021000e+01  1.01941504e+00  1.11246000e+01  9.77664659e-01  3.23530539e-01  7.77489787e-02  1.27804801e-01  3.94150781e+03 
 4.51186015e+14  3.63200623e+34  1.29101000e+01  1.02537782e+00  1.11426000e+01  9.83766809e-01  3.24268119e-01  7.70530772e-02  1.27727397e-01  3.83778708e+03 
 4.51892679e+14  3.65991960e+34  1.29181000e+01  1.03131734e+00  1.11596000e+01  9.89752727e-01  3.24997406e-01  7.65295809e-02  1.27643282e-01  3.73764425e+03 
 4.52599344e+14  3.68783297e+34  1.29261000e+01  1.03723355e+00  1.11766000e+01  9.95732264e-01  3.25718459e-01  7.59843233e-02  1.27552589e-01  3.64093094e+03 
 4.53306008e+14  3.71574634e+34  1.29341000e+01  1.04312641e+00  1.11936000e+01  1.00170539e+00  3.26431328e-01  7.54175763e-02  1.27455437e-01  3.54750580e+03 
 4.54012673e+14  3.74401083e+34  1.29421000e+01  1.04906965e+00  1.12106000e+01  1.00772320e+00  3.27149985e-01  7.48633899e-02  1.27355562e-01  3.45611697e+03 
 4.54719338e+14  3.77276195e+34  1.29501000e+01  1.05509136e+00  1.12276000e+01  1.01380531e+00  3.27879664e-01  7.43342136e-02  1.27254232e-01  3.36632386e+03 
 4.55426002e+14  3.80151307e+34  1.29581000e+01  1.06108910e+00  1.12446000e+01  1.01988066e+00  3.28601060e-01  7.37833654e-02  1.27146466e-01  3.27959364e+03 
 4.56132667e+14  3.83026419e+34  1.29661000e+01  1.06706286e+00  1.12616000e+01  1.02594916e+00  3.29314232e-01  7.32112273e-02  1.27032395e-01  3.19580065e+03 
 4.56839331e+14  3.85901531e+34  1.29741000e+01  1.07301259e+00  1.12786000e+01  1.03201075e+00  3.30019233e-01  7.26181587e-02  1.26912142e-01  3.11482509e+03 
 4.57545996e+14  3.88781781e+34  1.29821000e+01  1.07894884e+00  1.12956000e+01  1.03807275e+00  3.30718080e-01  7.20091098e-02  1.26786290e-01  3.03641523e+03 
 4.58252661e+14  3.91742220e+34  1.29901000e+01  1.08502571e+00  1.13116000e+01  1.04412893e+00  3.31439427e-01  7.16420497e-02  1.26605657e-01  2.95722130e+03 
 4.58959325e+14  3.94702660e+34  1.29981000e+01  1.09107793e+00  1.13286000e+01  1.05029123e+00  3.32152505e-01  7.10634762e-02  1.26474870e-01  2.88199436e+03 
 4.59665990e+14  3.97663099e+34  1.30061000e+01  1.09710549e+00  1.13456000e+01  1.05644621e+00  3.32857370e-01  7.04641092e-02  1.26338061e-01  2.80928685e+03 
 4.60372654e+14  4.00623538e+34  1.30141000e+01  1.10310837e+00  1.13616000e+01  1.06247905e+00  3.33554085e-01  7.00330965e-02  1.26195363e-01  2.73899707e+03 
 4.61079319e+14  4.03583978e+34  1.30221000e+01  1.10908655e+00  1.13776000e+01  1.06850379e+00  3.34242699e-01  6.95811494e-02  1.26046888e-01  2.67102806e+03 
 4.61785983e+14  4.06603722e+34  1.30301000e+01  1.11515924e+00  1.13946000e+01  1.07471932e+00  3.34945105e-01  6.89714286e-02  1.25897372e-01  2.60399028e+03 
 4.62492648e+14  4.09651040e+34  1.30381000e+01  1.12126214e+00  1.14106000e+01  1.08085031e+00  3.35649451e-01  6.85523234e-02  1.25744193e-01  2.53858709e+03 
 4.63199313e+14  4.12698358e+34  1.30461000e+01  1.12733973e+00  1.14276000e+01  1.08708881e+00  3.36345613e-01  6.79251605e-02  1.25585294e-01  2.47535004e+03 
 4.63905977e+14  4.15745676e+34  1.30541000e+01  1.13339198e+00  1.14436000e+01  1.09320308e+00  3.37033640e-01  6.74647614e-02  1.25420794e-01  2.41419265e+03 
 4.64612642e+14  4.18792994e+34  1.30621000e+01  1.13941890e+00  1.14596000e+01  1.09930876e+00  3.37713593e-01  6.69840010e-02  1.25250817e-01  2.35503236e+03 
 4.65319306e+14  4.21865592e+34  1.30701000e+01  1.14547019e+00  1.14756000e+01  1.10544081e+00  3.38394511e-01  6.65036737e-02  1.25077179e-01  2.29732299e+03 
 4.66025971e+14  4.25001338e+34  1.30791000e+01  1.15161994e+00  1.14916000e+01  1.11165157e+00  3.39037882e-01  6.60539684e-02  1.24909969e-01  2.24134604e+03 
 4.66732636e+14  4.28137085e+34  1.30871000e+01  1.15774373e+00  1.15076000e+01  1.11785334e+00  3.39724874e-01  6.55838322e-02  1.24729755e-01  2.18621754e+03 
 4.67439300e+14  4.31272831e+34  1.30951000e+01  1.16384156e+00  1.15236000e+01  1.12404606e+00  3.40403766e-01  6.50935967e-02  1.24544246e-01  2.13288206e+03 
 4.68145965e+14  4.34408578e+34  1.31031000e+01  1.16991342e+00  1.15396000e+01  1.13022969e+00  3.41074612e-01  6.45835707e-02  1.24353558e-01  2.08126917e+03 
 4.68852629e+14  4.37544324e+34  1.31111000e+01  1.17595933e+00  1.15546000e+01  1.13628565e+00  3.41737465e-01  6.42378373e-02  1.24157807e-01  2.03131161e+03 
 4.69559294e+14  4.40758303e+34  1.31191000e+01  1.18212949e+00  1.15706000e+01  1.14255712e+00  3.42419111e-01  6.37482239e-02  1.23961492e-01  1.98175579e+03 
 4.70265958e+14  4.43984025e+34  1.31271000e+01  1.18829565e+00  1.15866000e+01  1.14883511e+00  3.43096652e-01  6.32477255e-02  1.23760739e-01  1.93362706e+03 
 4.70972623e+14  4.47209747e+34  1.31351000e+01  1.19443522e+00  1.16016000e+01  1.15498400e+00  3.43766117e-01  6.29103596e-02  1.23554993e-01  1.88704647e+03 
 4.71679288e+14  4.50435469e+34  1.31431000e+01  1.20054823e+00  1.16176000e+01  1.16124266e+00  3.44427572e-01  6.23705364e-02  1.23344377e-01  1.84195384e+03 
 4.72385952e+14  4.53661190e+34  1.31511000e+01  1.20663468e+00  1.16326000e+01  1.16737150e+00  3.45081068e-01  6.19937501e-02  1.23129006e-01  1.79829168e+03 
 4.73092617e+14  4.56926537e+34  1.31581000e+01  1.21276897e+00  1.16476000e+01  1.17354286e+00  3.45792297e-01  6.16263959e-02  1.22902903e-01  1.75471279e+03 
 4.73799281e+14  4.60243777e+34  1.31671000e+01  1.21897362e+00  1.16636000e+01  1.17989416e+00  3.46407470e-01  6.10948752e-02  1.22690426e-01  1.71339772e+03 
 4.74505946e+14  4.63561017e+34  1.31751000e+01  1.22515111e+00  1.16786000e+01  1.18611414e+00  3.47067174e-01  6.07254763e-02  1.22465315e-01  1.67264124e+03 
 4.75212611e+14  4.66878257e+34  1.31821000e+01  1.23130144e+00  1.16936000e+01  1.19232344e+00  3.47771667e-01  6.03366560e-02  1.22227587e-01  1.63244551e+03 
 4.75919275e+14  4.70195497e+34  1.31901000e+01  1.23742463e+00  1.17086000e+01  1.19852211e+00  3.48415540e-01  5.99285751e-02  1.21993439e-01  1.59423194e+03 
 4.76625940e+14  4.73512737e+34  1.31981000e+01  1.24352073e+00  1.17236000e+01  1.20471009e+00  3.49051553e-01  5.95016410e-02  1.21809220e-01  1.55790319e+03 
 4.77332604e+14  4.76920785e+34  1.32061000e+01  1.24975590e+00  1.17386000e+01  1.21100624e+00  3.49708519e-01  5.91175820e-02  1.21569815e-01  1.52104150e+03 
 4.78039269e+14  4.80331081e+34  1.32141000e+01  1.25596745e+00  1.17546000e+01  1.21741708e+00  3.50358202e-01  5.85367181e-02  1.21326131e-01  1.48531566e+03 
 4.78745933e+14  4.83741377e+34  1.32221000e+01  1.26215126e+00  1.17686000e+01  1.22357120e+00  3.50999945e-01  5.82951460e-02  1.21078196e-01  1.45070624e+03 
 4.79452598e+14  4.87151674e+34  1.32301000e+01  1.26830739e+00  1.17836000e+01  1.22983702e+00  3.51633810e-01  5.78558147e-02  1.20826124e-01  1.41717097e+03 
 4.80159263e+14  4.90561970e+34  1.32381000e+01  1.27443585e+00  1.17986000e+01  1.23609171e+00  3.52259853e-01  5.73981227e-02  1.20570024e-01  1.38466945e+03 
 4.80865927e+14  4.94019330e+34  1.32451000e+01  1.28062082e+00  1.18126000e+01  1.24227152e+00  3.52945818e-01  5.71304902e-02  1.20303114e-01  1.35213066e+03 
 4.81572592e+14  4.97524215e+34  1.32531000e+01  1.28686258e+00  1.18276000e+01  1.24862474e+00  3.53585175e-01  5.66966857e-02  1.20041897e-01  1.32077163e+03 
 4.82279256e+14  5.01029101e+34  1.32611000e+01  1.29307606e+00  1.18426000e+01  1.25496649e+00  3.54216629e-01  5.62443644e-02  1.19830272e-01  1.29095860e+03 
 4.82985921e+14  5.04533986e+34  1.32691000e+01  1.29926132e+00  1.18566000e+01  1.26117155e+00  3.54840256e-01  5.59508138e-02  1.19561193e-01  1.26148882e+03 
 4.83692586e+14  5.08038871e+34  1.32771000e+01  1.30541837e+00  1.18716000e+01  1.26748982e+00  3.55456098e-01  5.54622837e-02  1.19288386e-01  1.23291765e+03 
 4.84399250e+14  5.11543757e+34  1.32841000e+01  1.31154730e+00  1.18856000e+01  1.27367078e+00  3.56117850e-01  5.51324111e-02  1.19003531e-01  1.20467282e+03 
 4.85105915e+14  5.15144529e+34  1.32921000e+01  1.31781505e+00  1.18996000e+01  1.27996017e+00  3.56746523e-01  5.48422658e-02  1.18778805e-01  1.17761413e+03 
 4.85812579e+14  5.18745529e+34  1.33001000e+01  1.32405439e+00  1.19146000e+01  1.28636349e+00  3.57367407e-01  5.43583871e-02  1.18497200e-01  1.15085835e+03 
 4.86519244e+14  5.22346528e+34  1.33081000e+01  1.33026498e+00  1.19286000e+01  1.29262822e+00  3.57980507e-01  5.40319700e-02  1.18212078e-01  1.12491505e+03 
 4.87225908e+14  5.25947528e+34  1.33151000e+01  1.33644687e+00  1.19426000e+01  1.29888033e+00  3.58639751e-01  5.36876406e-02  1.17914994e-01  1.09926168e+03 
 4.87932573e+14  5.29548528e+34  1.33231000e+01  1.34260011e+00  1.19566000e+01  1.30511980e+00  3.59237510e-01  5.33256227e-02  1.17675858e-01  1.07534742e+03 
 4.88639238e+14  5.33195955e+34  1.33311000e+01  1.34880364e+00  1.19706000e+01  1.31140388e+00  3.59840800e-01  5.29726786e-02  1.17381382e-01  1.05136590e+03 
 4.89345902e+14  5.36894587e+34  1.33381000e+01  1.35506504e+00  1.19846000e+01  1.31773817e+00  3.60504907e-01  5.26311581e-02  1.17075802e-01  1.02731743e+03 
 4.90052567e+14  5.40593219e+34  1.33461000e+01  1.36129719e+00  1.19986000e+01  1.32405942e+00  3.61107274e-01  5.22719264e-02  1.16828029e-01  1.00489933e+03 
 4.90759231e+14  5.44291852e+34  1.33541000e+01  1.36750015e+00  1.20126000e+01  1.33036761e+00  3.61701960e-01  5.18952885e-02  1.16524612e-01  9.82702930e+02 
 4.91465896e+14  5.47990484e+34  1.33611000e+01  1.37367398e+00  1.20256000e+01  1.33653420e+00  3.62343268e-01  5.16740598e-02  1.16261687e-01  9.61164475e+02 
 4.92172561e+14  5.51689117e+34  1.33691000e+01  1.37981877e+00  1.20396000e+01  1.34281589e+00  3.62922833e-01  5.12632746e-02  1.15952208e-01  9.40260139e+02 
 4.92879225e+14  5.55480020e+34  1.33761000e+01  1.38608709e+00  1.20536000e+01  1.34919593e+00  3.63574336e-01  5.08851198e-02  1.15683952e-01  9.19467631e+02 
 4.93585890e+14  5.59277795e+34  1.33841000e+01  1.39233706e+00  1.20666000e+01  1.35544139e+00  3.64165718e-01  5.06649965e-02  1.15369465e-01  8.99255731e+02 
 4.94292554e+14  5.63075569e+34  1.33911000e+01  1.39855738e+00  1.20806000e+01  1.36180240e+00  3.64803966e-01  5.02563611e-02  1.15043374e-01  8.79244791e+02 
 4.94999219e+14  5.66873343e+34  1.33991000e+01  1.40474810e+00  1.20936000e+01  1.36802006e+00  3.65380206e-01  5.00017917e-02  1.14774982e-01  8.60600280e+02 
 4.95705883e+14  5.70671117e+34  1.34061000e+01  1.41090933e+00  1.21076000e+01  1.37435383e+00  3.66003549e-01  4.95599267e-02  1.14494904e-01  8.42114775e+02 
 4.96412548e+14  5.74505386e+34  1.34141000e+01  1.41709995e+00  1.21206000e+01  1.38058673e+00  3.66574457e-01  4.92906093e-02  1.14169584e-01  8.23994063e+02 
 4.97119213e+14  5.78403801e+34  1.34211000e+01  1.42336405e+00  1.21336000e+01  1.38688119e+00  3.67209345e-01  4.90366407e-02  1.13884358e-01  8.06107682e+02 
 4.97825877e+14  5.82302216e+34  1.34291000e+01  1.42959804e+00  1.21466000e+01  1.39316108e+00  3.67781992e-01  4.87658264e-02  1.13554041e-01  7.88743504e+02 
 4.98532542e+14  5.86200631e+34  1.34361000e+01  1.43580201e+00  1.21606000e+01  1.39955800e+00  3.68401969e-01  4.83090153e-02  1.13263446e-01  7.71883053e+02 
 4.99239206e+14  5.90099046e+34  1.34431000e+01  1.44197604e+00  1.21736000e+01  1.40580932e+00  3.69014607e-01  4.80053746e-02  1.12970237e-01  7.55508490e+02 
 4.99945871e+14  5.93997461e+34  1.34501000e+01  1.44812021e+00  1.21856000e+01  1.41191422e+00  3.69619960e-01  4.78542159e-02  1.12623641e-01  7.39268906e+02 
 5.00652536e+14  5.97974592e+34  1.34581000e+01  1.45435799e+00  1.21996000e+01  1.41835963e+00  3.70182877e-01  4.73871330e-02  1.12334430e-01  7.23841400e+02 
 5.01359200e+14  6.01975137e+34  1.34651000e+01  1.46060202e+00  1.22116000e+01  1.42455271e+00  3.70799273e-01  4.72515255e-02  1.12033700e-01  7.08443937e+02 
 5.02065865e+14  6.05975681e+34  1.34721000e+01  1.46681561e+00  1.22246000e+01  1.43086329e+00  3.71408326e-01  4.69313444e-02  1.11680041e-01  6.93174881e+02 
 5.02772529e+14  6.09976226e+34  1.34801000e+01  1.47299885e+00  1.22376000e+01  1.43715906e+00  3.71954890e-01  4.65952026e-02  1.11383712e-01  6.78959075e+02 
 5.03479194e+14  6.13976771e+34  1.34871000e+01  1.47915185e+00  1.22506000e+01  1.44343991e+00  3.72549372e-01  4.62435888e-02  1.11076096e-01  6.64841427e+02 
 5.04185858e+14  6.17993322e+34  1.34941000e+01  1.48529912e+00  1.22626000e+01  1.44959049e+00  3.73140563e-01  4.60504503e-02  1.10766208e-01  6.51066972e+02 
 5.04892523e+14  6.22097472e+34  1.35011000e+01  1.49154962e+00  1.22756000e+01  1.45595848e+00  3.73745767e-01  4.57138526e-02  1.10453623e-01  6.37390506e+02 
 5.05599188e+14  6.26201623e+34  1.35081000e+01  1.49776929e+00  1.22886000e+01  1.46231115e+00  3.74343686e-01  4.53617492e-02  1.10088988e-01  6.23819567e+02 
 5.06305852e+14  6.30305774e+34  1.35161000e+01  1.50395820e+00  1.23006000e+01  1.46851427e+00  3.74878881e-01  4.51599422e-02  1.09781440e-01  6.11188884e+02 
 5.07012517e+14  6.34409925e+34  1.35231000e+01  1.51011651e+00  1.23126000e+01  1.47470154e+00  3.75462338e-01  4.49425871e-02  1.09462774e-01  5.98637413e+02 
 5.07719181e+14  6.38514076e+34  1.35301000e+01  1.51624427e+00  1.23256000e+01  1.48100824e+00  3.76038675e-01  4.45442962e-02  1.09142194e-01  5.86435463e+02 
 5.08425846e+14  6.42672160e+34  1.35371000e+01  1.52242162e+00  1.23376000e+01  1.48722410e+00  3.76620514e-01  4.43190004e-02  1.08819225e-01  5.74417251e+02 
 5.09132511e+14  6.46881381e+34  1.35441000e+01  1.52864386e+00  1.23496000e+01  1.49348029e+00  3.77207095e-01  4.40997801e-02  1.08493875e-01  5.62590999e+02 
 5.09839175e+14  6.51090602e+34  1.35511000e+01  1.53483499e+00  1.23626000e+01  1.49985627e+00  3.77786501e-01  4.37005828e-02  1.08166711e-01  5.51094776e+02 
 5.10545840e+14  6.55299823e+34  1.35581000e+01  1.54099514e+00  1.23746000e+01  1.50608064e+00  3.78358791e-01  4.34508315e-02  1.07837812e-01  5.39917334e+02 
 5.11252504e+14  6.59509044e+34  1.35651000e+01  1.54712441e+00  1.23866000e+01  1.51228897e+00  3.78924020e-01  4.31860765e-02  1.07507256e-01  5.29047864e+02 
 5.11959169e+14  6.63718265e+34  1.35711000e+01  1.55322291e+00  1.23976000e+01  1.51834466e+00  3.79538180e-01  4.30701809e-02  1.07165830e-01  5.18240107e+02 
 5.12665833e+14  6.68017665e+34  1.35781000e+01  1.55942068e+00  1.24106000e+01  1.52475482e+00  3.80109681e-01  4.26481251e-02  1.06830899e-01  5.07742869e+02 
 5.13372498e+14  6.72333407e+34  1.35851000e+01  1.56561061e+00  1.24216000e+01  1.53089236e+00  3.80677737e-01  4.25441961e-02  1.06542712e-01  4.97722808e+02 
 5.14079163e+14  6.76649148e+34  1.35921000e+01  1.57176922e+00  1.24336000e+01  1.53715045e+00  3.81238733e-01  4.22621582e-02  1.06204385e-01  4.87752755e+02 
 5.14785827e+14  6.80964890e+34  1.35991000e+01  1.57789663e+00  1.24456000e+01  1.54339219e+00  3.81792726e-01  4.19655796e-02  1.05864646e-01  4.78054511e+02 
 5.15492492e+14  6.85280631e+34  1.36061000e+01  1.58399297e+00  1.24576000e+01  1.54961757e+00  3.82339777e-01  4.16547725e-02  1.05523568e-01  4.68619003e+02 
 5.16199156e+14  6.89612973e+34  1.36121000e+01  1.59008162e+00  1.24686000e+01  1.55570596e+00  3.82939783e-01  4.14980044e-02  1.05171566e-01  4.59193026e+02 
 5.16905821e+14  6.94036670e+34  1.36191000e+01  1.59626702e+00  1.24806000e+01  1.56201195e+00  3.83496315e-01  4.11989035e-02  1.04874006e-01  4.50246741e+02 
 5.17612486e+14  6.98460367e+34  1.36261000e+01  1.60242078e+00  1.24916000e+01  1.56816245e+00  3.84045846e-01  4.10469087e-02  1.04527181e-01  4.41339334e+02 
 5.18319150e+14  7.02884064e+34  1.36331000e+01  1.60854304e+00  1.25036000e+01  1.57443484e+00  3.84588435e-01  4.07191322e-02  1.04179183e-01  4.32672207e+02 
 5.19025815e+14  7.07307761e+34  1.36391000e+01  1.61463393e+00  1.25146000e+01  1.58055129e+00  3.85180625e-01  4.05384440e-02  1.03868156e-01  4.24237441e+02 
 5.19732479e+14  7.11731458e+34  1.36461000e+01  1.62069358e+00  1.25266000e+01  1.58679016e+00  3.85709550e-01  4.01830288e-02  1.03517867e-01  4.16027353e+02 
 5.20439144e+14  7.16202652e+34  1.36521000e+01  1.62678673e+00  1.25376000e+01  1.59292152e+00  3.86298125e-01  3.99911211e-02  1.03156214e-01  4.07763148e+02 
 5.21145808e+14  7.20735724e+34  1.36591000e+01  1.63293241e+00  1.25486000e+01  1.59909899e+00  3.86836086e-01  3.98067075e-02  1.02848906e-01  3.99979224e+02 
 5.21852473e+14  7.25268796e+34  1.36661000e+01  1.63904631e+00  1.25596000e+01  1.60525898e+00  3.87367166e-01  3.96081702e-02  1.02493407e-01  3.92221287e+02 
 5.22559138e+14  7.29801868e+34  1.36721000e+01  1.64512856e+00  1.25716000e+01  1.61154202e+00  3.87948176e-01  3.92362951e-02  1.02174394e-01  3.84669157e+02 
 5.23265802e+14  7.34334940e+34  1.36781000e+01  1.65117931e+00  1.25826000e+01  1.61766744e+00  3.88522525e-01  3.90104476e-02  1.01807553e-01  3.77143005e+02 
 5.23972467e+14  7.38868012e+34  1.36851000e+01  1.65719869e+00  1.25926000e+01  1.62363455e+00  3.89033393e-01  3.89300429e-02  1.01496038e-01  3.70155695e+02 
 5.24679131e+14  7.43477235e+34  1.36911000e+01  1.66328730e+00  1.26036000e+01  1.62980131e+00  3.89609644e-01  3.87021863e-02  1.01172347e-01  3.63065985e+02 
 5.25385796e+14  7.48121085e+34  1.36981000e+01  1.66938971e+00  1.26146000e+01  1.63598504e+00  3.90129118e-01  3.84721013e-02  1.00810082e-01  3.56110971e+02 
 5.26092461e+14  7.52764935e+34  1.37041000e+01  1.67546022e+00  1.26256000e+01  1.64215107e+00  3.90698853e-01  3.82285666e-02  1.00483816e-01  3.49338531e+02 
 5.26799125e+14  7.57408784e+34  1.37101000e+01  1.68149898e+00  1.26366000e+01  1.64829942e+00  3.91261984e-01  3.79718258e-02  1.00110586e-01  3.42585085e+02 
 5.27505790e+14  7.62052634e+34  1.37171000e+01  1.68750614e+00  1.26476000e+01  1.65443013e+00  3.91761430e-01  3.77020804e-02  9.97922924e-02  3.36317986e+02 
 5.28212454e+14  7.66696484e+34  1.37231000e+01  1.69348183e+00  1.26576000e+01  1.66040091e+00  3.92311455e-01  3.75768514e-02  9.94636718e-02  3.30058784e+02 
 5.28919119e+14  7.71442700e+34  1.37291000e+01  1.69955713e+00  1.26686000e+01  1.66659612e+00  3.92874552e-01  3.73129216e-02  9.91318375e-02  3.23826983e+02 
 5.29625783e+14  7.76198712e+34  1.37361000e+01  1.70561288e+00  1.26796000e+01  1.67278287e+00  3.93375633e-01  3.70390491e-02  9.87630625e-02  3.17744330e+02 
 5.30332448e+14  7.80954725e+34  1.37421000e+01  1.71163666e+00  1.26896000e+01  1.67880867e+00  3.93927405e-01  3.69088767e-02  9.84297028e-02  3.11818717e+02 
 5.31039113e+14  7.85710737e+34  1.37481000e+01  1.71762862e+00  1.26996000e+01  1.68481595e+00  3.94472691e-01  3.67658115e-02  9.80957172e-02  3.06045145e+02 
 5.31745777e+14  7.90466750e+34  1.37541000e+01  1.72358891e+00  1.27106000e+01  1.69094877e+00  3.95011534e-01  3.64535390e-02  9.77611533e-02  3.00418812e+02 
 5.32452442e+14  7.95235175e+34  1.37601000e+01  1.72953312e+00  1.27206000e+01  1.69693174e+00  3.95546274e-01  3.62886204e-02  9.74257443e-02  2.94920963e+02 
 5.33159106e+14  8.00104716e+34  1.37661000e+01  1.73557118e+00  1.27306000e+01  1.70299233e+00  3.96093157e-01  3.61404580e-02  9.70872098e-02  2.89449531e+02 
 5.33865771e+14  8.04974258e+34  1.37721000e+01  1.74157707e+00  1.27416000e+01  1.70917874e+00  3.96633554e-01  3.58238885e-02  9.67481840e-02  2.84117871e+02 
 5.34572436e+14  8.09843799e+34  1.37781000e+01  1.74755095e+00  1.27516000e+01  1.71520247e+00  3.97167520e-01  3.56503005e-02  9.64087209e-02  2.78921592e+02 
 5.35279100e+14  8.14713341e+34  1.37841000e+01  1.75349297e+00  1.27616000e+01  1.72120769e+00  3.97695106e-01  3.54642536e-02  9.60688700e-02  2.73856462e+02 
 5.35985765e+14  8.19582883e+34  1.37901000e+01  1.75940330e+00  1.27716000e+01  1.72719443e+00  3.98216370e-01  3.52659887e-02  9.57286826e-02  2.68918403e+02 
 5.36692429e+14  8.24484223e+34  1.37961000e+01  1.76532040e+00  1.27816000e+01  1.73319226e+00  3.98736963e-01  3.50642926e-02  9.53873307e-02  2.64072423e+02 
 5.37399094e+14  8.29468640e+34  1.38021000e+01  1.77130558e+00  1.27916000e+01  1.73924836e+00  3.99265863e-01  3.48730359e-02  9.50434243e-02  2.59267962e+02 
 5.38105758e+14  8.34453058e+34  1.38081000e+01  1.77725858e+00  1.28016000e+01  1.74528564e+00  3.99788394e-01  3.46695473e-02  9.46992627e-02  2.54584231e+02 
 5.38812423e+14  8.39437475e+34  1.38141000e+01  1.78317957e+00  1.28116000e+01  1.75130416e+00  4.00304609e-01  3.44540507e-02  9.43548955e-02  2.50017493e+02 
 5.39519088e+14  8.44421892e+34  1.38201000e+01  1.78906871e+00  1.28206000e+01  1.75715787e+00  4.00814559e-01  3.43801706e-02  9.40103665e-02  2.45564145e+02 
 5.40225752e+14  8.49406309e+34  1.38251000e+01  1.79492615e+00  1.28306000e+01  1.76313906e+00  4.01376360e-01  3.41407847e-02  9.36996045e-02  2.41220728e+02 
 5.40932417e+14  8.54438886e+34  1.38311000e+01  1.80080824e+00  1.28406000e+01  1.76914504e+00  4.01882130e-01  3.39023105e-02  9.33533675e-02  2.36943405e+02 
 5.41639081e+14  8.59539505e+34  1.38371000e+01  1.80673768e+00  1.28496000e+01  1.77504658e+00  4.02393171e-01  3.38224144e-02  9.30051209e-02  2.32715405e+02 
 5.42345746e+14  8.64640124e+34  1.38431000e+01  1.81263495e+00  1.28596000e+01  1.78107596e+00  4.02897953e-01  3.35776772e-02  9.26568365e-02  2.28591925e+02 
 5.43052411e+14  8.69740743e+34  1.38481000e+01  1.81850024e+00  1.28696000e+01  1.78708631e+00  4.03454808e-01  3.33216845e-02  9.23419009e-02  2.24569791e+02 
 5.43759075e+14  8.74841362e+34  1.38541000e+01  1.82433370e+00  1.28786000e+01  1.79293057e+00  4.03947281e-01  3.32062928e-02  9.19935336e-02  2.20645903e+02 
 5.44465740e+14  8.79941981e+34  1.38591000e+01  1.83013552e+00  1.28876000e+01  1.79875549e+00  4.04492031e-01  3.30795831e-02  9.16355333e-02  2.16716105e+02 
 5.45172404e+14  8.85103889e+34  1.38651000e+01  1.83597506e+00  1.28976000e+01  1.80476313e+00  4.04982351e-01  3.28043493e-02  9.13282307e-02  2.13036771e+02 
 5.45879069e+14  8.90322015e+34  1.38711000e+01  1.84184604e+00  1.29066000e+01  1.81065285e+00  4.05475658e-01  3.26829396e-02  9.09766076e-02  2.09308086e+02 
 5.46585733e+14  8.95540140e+34  1.38761000e+01  1.84768492e+00  1.29156000e+01  1.81652304e+00  4.06021349e-01  3.25500857e-02  9.06578174e-02  2.05670104e+02 
 5.47292398e+14  9.00758265e+34  1.38821000e+01  1.85349187e+00  1.29246000e+01  1.82237389e+00  4.06502467e-01  3.24057811e-02  9.03064270e-02  2.02120075e+02 
 5.47999063e+14  9.05976390e+34  1.38871000e+01  1.85926707e+00  1.29346000e+01  1.82835421e+00  4.07036173e-01  3.20995834e-02  8.99876813e-02  1.98655395e+02 
 5.48705727e+14  9.11194515e+34  1.38921000e+01  1.86501068e+00  1.29436000e+01  1.83416674e+00  4.07563984e-01  3.19333556e-02  8.96269317e-02  1.95182013e+02 
 5.49412392e+14  9.16483624e+34  1.38981000e+01  1.87080046e+00  1.29526000e+01  1.84002059e+00  4.08038283e-01  3.17722316e-02  8.93159713e-02  1.91927552e+02 
 5.50119056e+14  9.21820537e+34  1.39031000e+01  1.87661048e+00  1.29616000e+01  1.84589565e+00  4.08572769e-01  3.16108043e-02  8.89938748e-02  1.88632294e+02 
 5.50825721e+14  9.27157451e+34  1.39091000e+01  1.88238848e+00  1.29706000e+01  1.85175111e+00  4.09042495e-01  3.14384422e-02  8.86399919e-02  1.85415891e+02 
 5.51532386e+14  9.32494364e+34  1.39141000e+01  1.88813465e+00  1.29796000e+01  1.85758704e+00  4.09565120e-01  3.12553538e-02  8.83182366e-02  1.82276029e+02 
 5.52239050e+14  9.37831277e+34  1.39191000e+01  1.89384916e+00  1.29876000e+01  1.86325360e+00  4.10081911e-01  3.12110643e-02  8.79966393e-02  1.79210443e+02 
 5.52945715e+14  9.43168191e+34  1.39241000e+01  1.89953218e+00  1.29966000e+01  1.86905064e+00  4.10592917e-01  3.10066708e-02  8.76752334e-02  1.76216957e+02 
 5.53652379e+14  9.48582138e+34  1.39301000e+01  1.90526533e+00  1.30056000e+01  1.87489241e+00  4.11050668e-01  3.08079954e-02  8.73203192e-02  1.73251715e+02 
 5.54359044e+14  9.54039099e+34  1.39351000e+01  1.91101204e+00  1.30146000e+01  1.88075005e+00  4.11567996e-01  3.06080114e-02  8.69957954e-02  1.70333461e+02 
 5.55065709e+14  9.59496059e+34  1.39401000e+01  1.91672687e+00  1.30226000e+01  1.88643722e+00  4.12079509e-01  3.05462465e-02  8.66715359e-02  1.67483939e+02 
 5.55772373e+14  9.64953020e+34  1.39451000e+01  1.92240996e+00  1.30316000e+01  1.89225558e+00  4.12585244e-01  3.03252809e-02  8.63475679e-02  1.64701142e+02 
 5.56479038e+14  9.70409981e+34  1.39501000e+01  1.92806153e+00  1.30396000e+01  1.89790314e+00  4.13085256e-01  3.02425386e-02  8.60239269e-02  1.61983135e+02 
 5.57185702e+14  9.75866941e+34  1.39551000e+01  1.93368173e+00  1.30486000e+01  1.90368251e+00  4.13579581e-01  3.00012963e-02  8.57006368e-02  1.59328044e+02 
 5.57892367e+14  9.81403135e+34  1.39601000e+01  1.93935177e+00  1.30566000e+01  1.90935458e+00  4.14079650e-01  2.99138280e-02  8.53752641e-02  1.56696800e+02 
 5.58599031e+14  9.86981378e+34  1.39651000e+01  1.94503302e+00  1.30656000e+01  1.91519239e+00  4.14580019e-01  2.96764953e-02  8.50489737e-02  1.54107158e+02 
 5.59305696e+14  9.92559621e+34  1.39701000e+01  1.95068253e+00  1.30736000e+01  1.92085836e+00  4.15074681e-01  2.95768004e-02  8.47231094e-02  1.51577544e+02 
 5.60012361e+14  9.98137863e+34  1.39751000e+01  1.95630045e+00  1.30816000e+01  1.92650448e+00  4.15563670e-01  2.94667924e-02  8.43976919e-02  1.49106231e+02 
 5.60719025e+14  1.00371611e+35  1.39801000e+01  1.96188700e+00  1.30896000e+01  1.93213071e+00  4.16047041e-01  2.93468021e-02  8.40727541e-02  1.46691551e+02 
 5.61425690e+14  1.00929435e+35  1.39851000e+01  1.96744233e+00  1.30976000e+01  1.93773718e+00  4.16524833e-01  2.92169360e-02  8.37483188e-02  1.44331892e+02 
 5.62132354e+14  1.01494997e+35  1.39901000e+01  1.97304314e+00  1.31066000e+01  1.94353715e+00  4.17007757e-01  2.89451373e-02  8.34219918e-02  1.41994043e+02 
 5.62839019e+14  1.02065070e+35  1.39951000e+01  1.97865695e+00  1.31146000e+01  1.94919971e+00  4.17491274e-01  2.88185582e-02  8.30947959e-02  1.39691414e+02 
 5.63545684e+14  1.02635143e+35  1.40001000e+01  1.98423917e+00  1.31226000e+01  1.95484222e+00  4.17969181e-01  2.86821138e-02  8.27681671e-02  1.37441320e+02 
 5.64252348e+14  1.03205217e+35  1.40041000e+01  1.98979000e+00  1.31306000e+01  1.96046473e+00  4.18501304e-01  2.85360424e-02  8.24715783e-02  1.35242281e+02 
 5.64959013e+14  1.03775290e+35  1.40091000e+01  1.99530961e+00  1.31386000e+01  1.96606741e+00  4.18968182e-01  2.83803715e-02  8.21460353e-02  1.33092842e+02 
 5.65665677e+14  1.04345364e+35  1.40141000e+01  2.00079819e+00  1.31466000e+01  1.97165031e+00  4.19429589e-01  2.82153039e-02  8.18211337e-02  1.30991619e+02 
 5.66372342e+14  1.04922562e+35  1.40181000e+01  2.00632402e+00  1.31536000e+01  1.97711371e+00  4.19954908e-01  2.81987205e-02  8.15237399e-02  1.28911863e+02 
 5.67079006e+14  1.05505003e+35  1.40231000e+01  2.01186856e+00  1.31616000e+01  1.98275048e+00  4.20421773e-01  2.80362678e-02  8.11961805e-02  1.26860412e+02 
 5.67785671e+14  1.06087444e+35  1.40281000e+01  2.01738172e+00  1.31696000e+01  1.98836713e+00  4.20883138e-01  2.78645234e-02  8.08693247e-02  1.24855035e+02 
 5.68492336e+14  1.06669885e+35  1.40321000e+01  2.02286367e+00  1.31776000e+01  1.99396384e+00  4.21399114e-01  2.76835520e-02  8.05719018e-02  1.22894453e+02 
 5.69199000e+14  1.07252326e+35  1.40371000e+01  2.02831460e+00  1.31846000e+01  1.99938620e+00  4.21849652e-01  2.76379715e-02  8.02463892e-02  1.20977406e+02 
 5.69905665e+14  1.07834767e+35  1.40411000e+01  2.03373472e+00  1.31926000e+01  2.00494298e+00  4.22354995e-01  2.74389492e-02  7.99501163e-02  1.19102705e+02 
 5.70612329e+14  1.08423274e+35  1.40461000e+01  2.03918021e+00  1.31996000e+01  2.01037002e+00  4.22802580e-01  2.73849226e-02  7.96241364e-02  1.17250273e+02 
 5.71318994e+14  1.09018198e+35  1.40501000e+01  2.04465384e+00  1.32076000e+01  2.01597896e+00  4.23313176e-01  2.71881483e-02  7.93251871e-02  1.15419078e+02 
 5.72025659e+14  1.09613123e+35  1.40551000e+01  2.05009629e+00  1.32146000e+01  2.02141258e+00  4.23758153e-01  2.71262325e-02  7.89987057e-02  1.13628365e+02 
 5.72732323e+14  1.10208047e+35  1.40591000e+01  2.05550777e+00  1.32226000e+01  2.02698136e+00  4.24258142e-01  2.69116128e-02  7.87010597e-02  1.11877035e+02 
 5.73438988e+14  1.10802971e+35  1.40641000e+01  2.06088845e+00  1.32296000e+01  2.03237476e+00  4.24692503e-01  2.68316783e-02  7.83761612e-02  1.10163994e+02 
 5.74145652e+14  1.11397896e+35  1.40681000e+01  2.06623854e+00  1.32376000e+01  2.03790366e+00  4.25182057e-01  2.65998698e-02  7.80798968e-02  1.08488212e+02 
 5.74852317e+14  1.11997359e+35  1.40721000e+01  2.07159872e+00  1.32446000e+01  2.04328942e+00  4.25672007e-01  2.65096375e-02  7.77828834e-02  1.06836294e+02 
 5.75558981e+14  1.12604879e+35  1.40771000e+01  2.07699993e+00  1.32516000e+01  2.04871269e+00  4.26106015e-01  2.64225759e-02  7.74565207e-02  1.05198593e+02 
 5.76265646e+14  1.13212400e+35  1.40811000e+01  2.08237021e+00  1.32586000e+01  2.05411551e+00  4.26595327e-01  2.63267934e-02  7.71584900e-02  1.03596551e+02 
 5.76972311e+14  1.13819921e+35  1.40851000e+01  2.08770978e+00  1.32656000e+01  2.05949790e+00  4.27079492e-01  2.62225166e-02  7.68611780e-02  1.02029196e+02 
 5.77678975e+14  1.14427441e+35  1.40891000e+01  2.09301880e+00  1.32736000e+01  2.06501691e+00  4.27558543e-01  2.59672541e-02  7.65277228e-02  1.00447188e+02 
 5.78385640e+14  1.15034962e+35  1.40941000e+01  2.09829746e+00  1.32806000e+01  2.07035938e+00  4.27971771e-01  2.58460668e-02  7.62417064e-02  9.89948169e+01 
 5.79092304e+14  1.15645006e+35  1.40981000e+01  2.10356770e+00  1.32876000e+01  2.07569943e+00  4.28443612e-01  2.57201773e-02  7.59459724e-02  9.75199768e+01 
 5.79798969e+14  1.16265233e+35  1.41021000e+01  2.10889519e+00  1.32946000e+01  2.08108995e+00  4.28922269e-01  2.56003543e-02  7.56478867e-02  9.60526053e+01 
 5.80505634e+14  1.16885460e+35  1.41061000e+01  2.11419201e+00  1.33006000e+01  2.08630279e+00  4.29395828e-01  2.56138258e-02  7.53505997e-02  9.46166900e+01 
 5.81212298e+14  1.17505687e+35  1.41101000e+01  2.11945835e+00  1.33076000e+01  2.09165270e+00  4.29864331e-01  2.54771505e-02  7.50541271e-02  9.32113890e+01 
 5.81918963e+14  1.18125915e+35  1.41141000e+01  2.12469442e+00  1.33146000e+01  2.09698254e+00  4.30327819e-01  2.53323273e-02  7.47584835e-02  9.18358867e+01 
 5.82625627e+14  1.18746142e+35  1.41181000e+01  2.12990042e+00  1.33216000e+01  2.10229223e+00  4.30786335e-01  2.51796724e-02  7.44636848e-02  9.04893940e+01 
