# rhoc (cgs) 	 Pc (cgs) 	 R (km) 	 M (msol) 	 R_core (km) 	 M_core (msol) 	 I/(MR^2) 	 I_crust/(M_crust R_crust^2)/(I/(MR^2)) 	 k_2 	 Lambda 
 2.30000000e+14  1.65344392e+33  4.41171000e+01  1.07544273e-01  3.58260000e+00  1.82447628e-02  1.45266461e-02  9.70071748e-01  3.26819899e-04  3.60558065e+08 
 2.34139022e+14  1.70859816e+33  4.23571000e+01  1.08407254e-01  3.66460000e+00  1.96862403e-02  1.55029867e-02  9.65990504e-01  3.54712246e-04  3.06749556e+08 
 2.38278043e+14  1.76589452e+33  4.07141000e+01  1.09299700e-01  3.74460000e+00  2.11766758e-02  1.65197465e-02  9.61588721e-01  3.86801296e-04  2.63442383e+08 
 2.42417065e+14  1.82395629e+33  3.92131000e+01  1.10199431e-01  3.82160000e+00  2.26892867e-02  1.75514683e-02  9.56941843e-01  4.22609212e-04  2.28963606e+08 
 2.46556086e+14  1.88468257e+33  3.77931000e+01  1.11136572e-01  3.89560000e+00  2.42328772e-02  1.86313691e-02  9.52033164e-01  4.63644807e-04  2.00231031e+08 
 2.50695108e+14  1.94601012e+33  3.64911000e+01  1.12078893e-01  3.96760000e+00  2.58043698e-02  1.97234733e-02  9.46863028e-01  5.08959450e-04  1.76834569e+08 
 2.54834130e+14  2.01062269e+33  3.52451000e+01  1.13068441e-01  4.03760000e+00  2.74207594e-02  2.08721180e-02  9.41389277e-01  5.60761655e-04  1.56723244e+08 
 2.58973151e+14  2.07560995e+33  3.41021000e+01  1.14060578e-01  4.10460000e+00  2.90405346e-02  2.20274895e-02  9.35747836e-01  6.17300132e-04  1.40053034e+08 
 2.63112173e+14  2.14462572e+33  3.29931000e+01  1.15111932e-01  4.17260000e+00  3.07581498e-02  2.32537452e-02  9.29604859e-01  6.82244493e-04  1.25320558e+08 
 2.67251194e+14  2.21371266e+33  3.19771000e+01  1.16162382e-01  4.23560000e+00  3.24357315e-02  2.44799658e-02  9.23474175e-01  7.52370182e-04  1.12945199e+08 
 2.71390216e+14  2.28772145e+33  3.09801000e+01  1.17286363e-01  4.30060000e+00  3.42359921e-02  2.57908052e-02  9.16743006e-01  8.33153315e-04  1.01734861e+08 
 2.75529238e+14  2.36173023e+33  3.00651000e+01  1.18410211e-01  4.36260000e+00  3.60264044e-02  2.70995151e-02  9.09910918e-01  9.19924121e-04  9.21908636e+07 
 2.79668259e+14  2.82521619e+33  2.52331000e+01  1.26625859e-01  4.73060000e+00  4.81580639e-02  3.64253562e-02  8.61072133e-01  1.72423055e-03  5.14522932e+07 
 2.83807281e+14  3.14623866e+33  2.27031000e+01  1.33548240e-01  4.96960000e+00  5.73705606e-02  4.39043296e-02  8.22661893e-01  2.61939240e-03  3.53186348e+07 
 2.87946302e+14  3.49690541e+33  2.05851000e+01  1.41983495e-01  5.21260000e+00  6.78859315e-02  5.25996188e-02  7.79333385e-01  3.95845749e-03  2.40807469e+07 
 2.92085324e+14  3.87936898e+33  1.88481000e+01  1.52022668e-01  5.45760000e+00  7.97490529e-02  6.24056084e-02  7.32596462e-01  5.87175773e-03  1.63355079e+07 
 2.96224346e+14  4.29759928e+33  1.74371000e+01  1.63789851e-01  5.70660000e+00  9.31448596e-02  7.32185112e-02  6.83463663e-01  8.49525609e-03  1.10326848e+07 
 3.00363367e+14  4.71577054e+33  1.63851000e+01  1.76192936e-01  5.93660000e+00  1.06829112e-01  8.38921729e-02  6.37825539e-01  1.16256795e-02  7.67873610e+06 
 3.04502389e+14  4.95825550e+33  1.59011000e+01  1.83529256e-01  6.06160000e+00  1.14806203e-01  8.98852019e-02  6.13243836e-01  1.36208687e-02  6.31513313e+06 
 3.08641411e+14  5.10894250e+33  1.56431000e+01  1.88013021e-01  6.13360000e+00  1.19617460e-01  9.34330976e-02  5.99220445e-01  1.48821960e-02  5.63520693e+06 
 3.12780432e+14  5.26200085e+33  1.54091000e+01  1.92470987e-01  6.20360000e+00  1.24417644e-01  9.68887986e-02  5.85628586e-01  1.61680678e-02  5.04994327e+06 
 3.16919454e+14  5.41749667e+33  1.51961000e+01  1.96905754e-01  6.27060000e+00  1.29167016e-01  1.00251330e-01  5.72698127e-01  1.74729706e-02  4.54259277e+06 
 3.21058475e+14  5.57564204e+33  1.50011000e+01  2.01324352e-01  6.33560000e+00  1.33903976e-01  1.03528661e-01  5.60204906e-01  1.87952996e-02  4.09969566e+06 
 3.25197497e+14  5.73617225e+33  1.48221000e+01  2.05719336e-01  6.39760000e+00  1.38580893e-01  1.06718926e-01  5.48384461e-01  2.01298506e-02  3.71177851e+06 
 3.29336519e+14  5.89909144e+33  1.46581000e+01  2.10091619e-01  6.45860000e+00  1.43276774e-01  1.09811716e-01  5.36753601e-01  2.14669559e-02  3.37041677e+06 
 3.33475540e+14  6.06440367e+33  1.45061000e+01  2.14441089e-01  6.51660000e+00  1.47904901e-01  1.12829308e-01  5.25800038e-01  2.28128496e-02  3.06874806e+06 
 3.37614562e+14  6.23211290e+33  1.43651000e+01  2.18768861e-01  6.57260000e+00  1.52502736e-01  1.15769790e-01  5.15288151e-01  2.41627168e-02  2.80110821e+06 
 3.41753583e+14  6.40253474e+33  1.42331000e+01  2.23083056e-01  6.62760000e+00  1.57115568e-01  1.18650835e-01  5.04969852e-01  2.55219068e-02  2.56239499e+06 
 3.45892605e+14  6.57537942e+33  1.41111000e+01  2.27376326e-01  6.68060000e+00  1.61692911e-01  1.21440397e-01  4.95091099e-01  2.68700260e-02  2.34917076e+06 
 3.50031627e+14  6.75063272e+33  1.39961000e+01  2.31649243e-01  6.73160000e+00  1.66230082e-01  1.24177224e-01  4.85662829e-01  2.82247669e-02  2.15813943e+06 
 3.54170648e+14  6.92829826e+33  1.38891000e+01  2.35901613e-01  6.78160000e+00  1.70770890e-01  1.26832425e-01  4.76420292e-01  2.95667742e-02  1.98649874e+06 
 3.58309670e+14  7.10837954e+33  1.37891000e+01  2.40133934e-01  6.82960000e+00  1.75266058e-01  1.29413342e-01  4.67625953e-01  3.08967249e-02  1.83186200e+06 
 3.62448691e+14  7.29107958e+33  1.36941000e+01  2.44351604e-01  6.87660000e+00  1.79761850e-01  1.31949879e-01  4.59030205e-01  3.22293743e-02  1.69204439e+06 
 3.66587713e+14  7.47633046e+33  1.36041000e+01  2.48552830e-01  6.92260000e+00  1.84256067e-01  1.34434631e-01  4.50626725e-01  3.35581771e-02  1.56538893e+06 
 3.70726735e+14  7.66400731e+33  1.35201000e+01  2.52735024e-01  6.96660000e+00  1.88695893e-01  1.36840164e-01  4.42679642e-01  3.48635495e-02  1.45048200e+06 
 3.74865756e+14  7.85411332e+33  1.34401000e+01  2.56898948e-01  7.00960000e+00  1.93127072e-01  1.39200269e-01  4.34931637e-01  3.61642144e-02  1.34601001e+06 
 3.79004778e+14  8.04665160e+33  1.33641000e+01  2.61044585e-01  7.05260000e+00  1.97598881e-01  1.41509507e-01  4.27110923e-01  3.74546954e-02  1.25083432e+06 
 3.83143799e+14  8.24168047e+33  1.32921000e+01  2.65173435e-01  7.09260000e+00  2.01958330e-01  1.43763048e-01  4.20023626e-01  3.87296490e-02  1.16393806e+06 
 3.87282821e+14  8.43941775e+33  1.32241000e+01  2.69290171e-01  7.13260000e+00  2.06358003e-01  1.45956635e-01  4.12870553e-01  3.99837635e-02  1.08437666e+06 
 3.91421843e+14  8.63959624e+33  1.31591000e+01  2.73389475e-01  7.17160000e+00  2.10742054e-01  1.48107028e-01  4.05917849e-01  4.12268148e-02  1.01150992e+06 
 3.95560864e+14  8.84221875e+33  1.30971000e+01  2.77471598e-01  7.20960000e+00  2.15108720e-01  1.50210682e-01  3.99166554e-01  4.24547090e-02  9.44663833e+05 
 3.99699886e+14  9.04728804e+33  1.30371000e+01  2.81536778e-01  7.24660000e+00  2.19456258e-01  1.52287462e-01  3.92617759e-01  4.36800354e-02  8.83243933e+05 
 4.03838907e+14  9.25480678e+33  1.29811000e+01  2.85585363e-01  7.28260000e+00  2.23782746e-01  1.54287731e-01  3.86274255e-01  4.48657048e-02  8.26724161e+05 
 4.07977929e+14  9.46497812e+33  1.29271000e+01  2.89621512e-01  7.31760000e+00  2.28088561e-01  1.56255988e-01  3.80142135e-01  4.60418150e-02  7.74590691e+05 
 4.12116951e+14  9.67772601e+33  1.28751000e+01  2.93643593e-01  7.35160000e+00  2.32371432e-01  1.58189622e-01  3.74218094e-01  4.72054374e-02  7.26458500e+05 
 4.16255972e+14  9.89293092e+33  1.28251000e+01  2.97649606e-01  7.38560000e+00  2.36683523e-01  1.60086299e-01  3.68230235e-01  4.83538494e-02  6.81987911e+05 
 4.20394994e+14  1.01105952e+34  1.27771000e+01  3.01639657e-01  7.41760000e+00  2.40912822e-01  1.61943873e-01  3.62724709e-01  4.94842687e-02  6.40847674e+05 
 4.24534016e+14  1.03307213e+34  1.27311000e+01  3.05614124e-01  7.44960000e+00  2.45168832e-01  1.63760502e-01  3.57158664e-01  5.05941139e-02  6.02741251e+05 
 4.28673037e+14  1.05533115e+34  1.26871000e+01  3.09573210e-01  7.48060000e+00  2.49394360e-01  1.65534220e-01  3.51807004e-01  5.16806853e-02  5.67402969e+05 
 4.32812059e+14  1.07786734e+34  1.26451000e+01  3.13522097e-01  7.51160000e+00  2.53649140e-01  1.67263601e-01  3.46396238e-01  5.27412851e-02  5.34551620e+05 
 4.36951080e+14  1.10065172e+34  1.26041000e+01  3.17456092e-01  7.54160000e+00  2.57871183e-01  1.68973062e-01  3.41202579e-01  5.37945797e-02  5.04019998e+05 
 4.41090102e+14  1.12368314e+34  1.25641000e+01  3.21375138e-01  7.57060000e+00  2.62058713e-01  1.70661764e-01  3.36227316e-01  5.48393471e-02  4.75615717e+05 
 4.45229124e+14  1.14696181e+34  1.25261000e+01  3.25279051e-01  7.59860000e+00  2.66210791e-01  1.72301043e-01  3.31466667e-01  5.58517817e-02  4.49163353e+05 
 4.49368145e+14  1.17048791e+34  1.24891000e+01  3.29168347e-01  7.62660000e+00  2.70384385e-01  1.73917281e-01  3.26652533e-01  5.68523005e-02  4.24504021e+05 
 4.53507167e+14  1.19426693e+34  1.24541000e+01  3.33044038e-01  7.65360000e+00  2.74520177e-01  1.75481645e-01  3.22061234e-01  5.78165096e-02  4.01489019e+05 
 4.57646188e+14  1.21832001e+34  1.24191000e+01  3.36909265e-01  7.68060000e+00  2.78679537e-01  1.77049568e-01  3.17416855e-01  5.87890298e-02  3.79971064e+05 
 4.61785210e+14  1.24262107e+34  1.23861000e+01  3.40760201e-01  7.70660000e+00  2.82798309e-01  1.78563276e-01  3.12996803e-01  5.97218786e-02  3.59857384e+05 
 4.65924232e+14  1.26717028e+34  1.23541000e+01  3.44596650e-01  7.73160000e+00  2.86875690e-01  1.80049889e-01  3.08797124e-01  6.06368175e-02  3.41039814e+05 
 4.70063253e+14  1.29196781e+34  1.23221000e+01  3.48419075e-01  7.75660000e+00  2.90970789e-01  1.81538471e-01  3.04549506e-01  6.15579372e-02  3.23419697e+05 
 4.74202275e+14  1.31701382e+34  1.22921000e+01  3.52227608e-01  7.78160000e+00  2.95083342e-01  1.82969682e-01  3.00255181e-01  6.24345607e-02  3.06907073e+05 
 4.78341296e+14  1.34231608e+34  1.22631000e+01  3.56023169e-01  7.80560000e+00  2.99152542e-01  1.84371803e-01  2.96185198e-01  6.32898549e-02  2.91415412e+05 
 4.82480318e+14  1.36789064e+34  1.22341000e+01  3.59808188e-01  7.82860000e+00  3.03178605e-01  1.85774829e-01  2.92341855e-01  6.41489753e-02  2.76861792e+05 
 4.86619340e+14  1.39371411e+34  1.22061000e+01  3.63579554e-01  7.85160000e+00  3.07219808e-01  1.87148103e-01  2.88454738e-01  6.49855818e-02  2.63192039e+05 
 4.90758361e+14  1.41978665e+34  1.21791000e+01  3.67337084e-01  7.87460000e+00  3.11276535e-01  1.88490653e-01  2.84520662e-01  6.57983229e-02  2.50342922e+05 
 4.94897383e+14  1.44610839e+34  1.21531000e+01  3.71081105e-01  7.89660000e+00  3.15284587e-01  1.89802020e-01  2.80817423e-01  6.65863213e-02  2.38256388e+05 
 4.99036404e+14  1.47267948e+34  1.21271000e+01  3.74811752e-01  7.91760000e+00  3.19242579e-01  1.91113094e-01  2.77346041e-01  6.73763369e-02  2.26879141e+05 
 5.03175426e+14  1.49950542e+34  1.21021000e+01  3.78529381e-01  7.93960000e+00  3.23279132e-01  1.92391882e-01  2.73554809e-01  6.81398949e-02  2.16160111e+05 
 5.07314448e+14  1.52660618e+34  1.20781000e+01  3.82237314e-01  7.95960000e+00  3.27202274e-01  1.93638609e-01  2.70272653e-01  6.88764961e-02  2.06047395e+05 
 5.11453469e+14  1.55395662e+34  1.20541000e+01  3.85931891e-01  7.98060000e+00  3.31202214e-01  1.94884284e-01  2.66677305e-01  6.96137526e-02  1.96509721e+05 
 5.15592491e+14  1.58155684e+34  1.20311000e+01  3.89613169e-01  8.00060000e+00  3.35149520e-01  1.96096441e-01  2.63313818e-01  7.03224973e-02  1.87508607e+05 
 5.19731512e+14  1.60940697e+34  1.20091000e+01  3.93281141e-01  8.01960000e+00  3.39043218e-01  1.97274366e-01  2.60180987e-01  7.10016900e-02  1.79008547e+05 
 5.23870534e+14  1.63750710e+34  1.19871000e+01  3.96936196e-01  8.03860000e+00  3.42947144e-01  1.98450862e-01  2.57012671e-01  7.16805833e-02  1.70976741e+05 
 5.28009556e+14  1.66585736e+34  1.19651000e+01  4.00578100e-01  8.05760000e+00  3.46861827e-01  1.99625784e-01  2.53805185e-01  7.23589861e-02  1.63382863e+05 
 5.32148577e+14  1.69448649e+34  1.19441000e+01  4.04210868e-01  8.07560000e+00  3.50722574e-01  2.00766398e-01  2.50836723e-01  7.30067070e-02  1.56191849e+05 
 5.36287599e+14  1.72336732e+34  1.19231000e+01  4.07830647e-01  8.09360000e+00  3.54593348e-01  2.01905157e-01  2.47829226e-01  7.36533620e-02  1.49385208e+05 
 5.40426621e+14  1.75249849e+34  1.19031000e+01  4.11437586e-01  8.11160000e+00  3.58473164e-01  2.03008316e-01  2.44787652e-01  7.42680656e-02  1.42939115e+05 
 5.44565642e+14  1.78188010e+34  1.18841000e+01  4.15031495e-01  8.12960000e+00  3.62362448e-01  2.04075044e-01  2.41709070e-01  7.48497388e-02  1.36831121e+05 
 5.48704664e+14  1.81151222e+34  1.18641000e+01  4.18612829e-01  8.14660000e+00  3.66192486e-01  2.05174318e-01  2.38869396e-01  7.54615161e-02  1.31040407e+05 
 5.52843685e+14  1.84139494e+34  1.18461000e+01  4.22181349e-01  8.16260000e+00  3.69962986e-01  2.06202219e-01  2.36263752e-01  7.60078139e-02  1.25547589e+05 
 5.56982707e+14  1.87154489e+34  1.18271000e+01  4.25739367e-01  8.17960000e+00  3.73809785e-01  2.07263150e-01  2.33361389e-01  7.65843658e-02  1.20331905e+05 
 5.61121729e+14  1.90195852e+34  1.18091000e+01  4.29286150e-01  8.19560000e+00  3.77597256e-01  2.08287009e-01  2.30694677e-01  7.71264989e-02  1.15377629e+05 
 5.65260750e+14  1.93262290e+34  1.17911000e+01  4.32820254e-01  8.21160000e+00  3.81391757e-01  2.09308609e-01  2.27995967e-01  7.76664386e-02  1.10671426e+05 
 5.69399772e+14  1.96353809e+34  1.17741000e+01  4.36341703e-01  8.22660000e+00  3.85124326e-01  2.10292313e-01  2.25532411e-01  7.81710288e-02  1.06198699e+05 
 5.73538793e+14  1.99096344e+34  1.17591000e+01  4.39429123e-01  8.24060000e+00  3.88467602e-01  2.11157420e-01  2.23129348e-01  7.86144819e-02  1.02446511e+05 
 5.77677815e+14  2.00650775e+34  1.17511000e+01  4.41152909e-01  8.24760000e+00  3.90284342e-01  2.11625926e-01  2.21992086e-01  7.88478739e-02  1.00416538e+05 
 5.81816837e+14  2.01863348e+34  1.17441000e+01  4.42468053e-01  8.25360000e+00  3.91718790e-01  2.12014617e-01  2.20944974e-01  7.90546572e-02  9.88974161e+04 
 5.85955858e+14  2.03074502e+34  1.17381000e+01  4.43753991e-01  8.25860000e+00  3.93065378e-01  2.12362424e-01  2.20141145e-01  7.92263291e-02  9.74351318e+04 
 5.90094880e+14  2.04284392e+34  1.17321000e+01  4.45011800e-01  8.26360000e+00  3.94393160e-01  2.12705526e-01  2.19319310e-01  7.93964964e-02  9.60264473e+04 
 5.94233901e+14  2.05493030e+34  1.17261000e+01  4.46241910e-01  8.26860000e+00  3.95703272e-01  2.13043643e-01  2.18476214e-01  7.95648068e-02  9.46685189e+04 
 5.98372923e+14  2.06700426e+34  1.17201000e+01  4.47444950e-01  8.27360000e+00  3.96996252e-01  2.13376729e-01  2.17611928e-01  7.97311398e-02  9.33587186e+04 
 6.02511945e+14  2.07906588e+34  1.17151000e+01  4.48621553e-01  8.27860000e+00  3.98272600e-01  2.13668287e-01  2.16726620e-01  7.98613131e-02  9.20945979e+04 
 6.06650966e+14  2.09111527e+34  1.17091000e+01  4.49772348e-01  8.28360000e+00  3.99532783e-01  2.13991238e-01  2.15820639e-01  8.00233801e-02  9.08738839e+04 
 6.10789988e+14  2.10315209e+34  1.17041000e+01  4.50898182e-01  8.28760000e+00  4.00706535e-01  2.14272833e-01  2.15163573e-01  8.01492951e-02  8.96944939e+04 
 6.14929009e+14  2.11517593e+34  1.16981000e+01  4.51999056e-01  8.29260000e+00  4.01935561e-01  2.14585762e-01  2.14216852e-01  8.03069388e-02  8.85544643e+04 
 6.19068031e+14  2.12718784e+34  1.16931000e+01  4.53076206e-01  8.29660000e+00  4.03078893e-01  2.14857306e-01  2.13519462e-01  8.04282427e-02  8.74518504e+04 
 6.23207053e+14  2.13918791e+34  1.16871000e+01  4.54129927e-01  8.30060000e+00  4.04207617e-01  2.15160713e-01  2.12802449e-01  8.05816710e-02  8.63849000e+04 
 6.27346074e+14  2.15117622e+34  1.16821000e+01  4.55160781e-01  8.30460000e+00  4.05322111e-01  2.15422478e-01  2.12066179e-01  8.06983607e-02  8.53519642e+04 
 6.31485096e+14  2.16315287e+34  1.16771000e+01  4.56169310e-01  8.30860000e+00  4.06422743e-01  2.15679433e-01  2.11311051e-01  8.08127288e-02  8.43515039e+04 
 6.35624117e+14  2.17511794e+34  1.16721000e+01  4.57156306e-01  8.31160000e+00  4.07438836e-01  2.15931905e-01  2.10805664e-01  8.09250357e-02  8.33820762e+04 
 6.39763139e+14  2.18707077e+34  1.16671000e+01  4.58121737e-01  8.31560000e+00  4.08512607e-01  2.16179514e-01  2.10014306e-01  8.10348617e-02  8.24423538e+04 
 6.43902161e+14  2.19901165e+34  1.16621000e+01  4.59066587e-01  8.31860000e+00  4.09502415e-01  2.16422781e-01  2.09472836e-01  8.11426603e-02  8.15310449e+04 
 6.48041182e+14  2.21094123e+34  1.16571000e+01  4.59990936e-01  8.32260000e+00  4.10550704e-01  2.16661369e-01  2.08646544e-01  8.12480423e-02  8.06468718e+04 
 6.52180204e+14  2.22285957e+34  1.16531000e+01  4.60895743e-01  8.32560000e+00  4.11515504e-01  2.16858592e-01  2.08071089e-01  8.13165858e-02  7.97887017e+04 
 6.56319226e+14  2.23476677e+34  1.16481000e+01  4.61781212e-01  8.32860000e+00  4.12468254e-01  2.17088697e-01  2.07478986e-01  8.14178376e-02  7.89554477e+04 
 6.60458247e+14  2.24666290e+34  1.16431000e+01  4.62647801e-01  8.33160000e+00  4.13409226e-01  2.17314610e-01  2.06870686e-01  8.15170010e-02  7.81460802e+04 
 6.64597269e+14  2.25854805e+34  1.16381000e+01  4.63495947e-01  8.33460000e+00  4.14338702e-01  2.17536415e-01  2.06246542e-01  8.16141137e-02  7.73596273e+04 
 6.68736290e+14  2.27042136e+34  1.16341000e+01  4.64326012e-01  8.33660000e+00  4.15186161e-01  2.17716764e-01  2.05870131e-01  8.16741121e-02  7.65952249e+04 
 6.72875312e+14  2.28228354e+34  1.16291000e+01  4.65138730e-01  8.33960000e+00  4.16092514e-01  2.17930826e-01  2.05219691e-01  8.17674598e-02  7.58519760e+04 
 6.77014334e+14  2.29413499e+34  1.16251000e+01  4.65933981e-01  8.34260000e+00  4.16988926e-01  2.18103259e-01  2.04550226e-01  8.18234314e-02  7.51290040e+04 
 6.81153355e+14  2.30597577e+34  1.16201000e+01  4.66712702e-01  8.34460000e+00  4.17803194e-01  2.18309679e-01  2.04133674e-01  8.19129316e-02  7.44255535e+04 
 6.85292377e+14  2.31780595e+34  1.16161000e+01  4.67474732e-01  8.34660000e+00  4.18607903e-01  2.18474552e-01  2.03698656e-01  8.19650595e-02  7.37408503e+04 
 6.89431398e+14  2.32962561e+34  1.16111000e+01  4.68220984e-01  8.34960000e+00  4.19472638e-01  2.18673676e-01  2.02991470e-01  8.20508948e-02  7.30742152e+04 
 6.93570420e+14  2.34143482e+34  1.16071000e+01  4.68951553e-01  8.35160000e+00  4.20256566e-01  2.18831591e-01  2.02533644e-01  8.20996154e-02  7.24249562e+04 
 6.97709442e+14  2.35323265e+34  1.16031000e+01  4.69666720e-01  8.35360000e+00  4.21030751e-01  2.18986000e-01  2.02062685e-01  8.21465629e-02  7.17924896e+04 
 7.01848463e+14  2.36502003e+34  1.15991000e+01  4.70366888e-01  8.35560000e+00  4.21795441e-01  2.19136991e-01  2.01578972e-01  8.21917815e-02  7.11761558e+04 
 7.05987485e+14  2.37679718e+34  1.15941000e+01  4.71052396e-01  8.35760000e+00  4.22550843e-01  2.19322477e-01  2.01082845e-01  8.22707882e-02  7.05753694e+04 
 7.10126506e+14  2.38856417e+34  1.15901000e+01  4.71723574e-01  8.35960000e+00  4.23297149e-01  2.19466913e-01  2.00574601e-01  8.23127136e-02  6.99895684e+04 
 7.14265528e+14  2.40032107e+34  1.15861000e+01  4.72380733e-01  8.36060000e+00  4.23963399e-01  2.19608171e-01  2.00316748e-01  8.23530460e-02  6.94182289e+04 
 7.18404550e+14  2.41206795e+34  1.15821000e+01  4.73024179e-01  8.36260000e+00  4.24692050e-01  2.19746325e-01  1.99785107e-01  8.23918256e-02  6.88608459e+04 
 7.22543571e+14  2.42380486e+34  1.15781000e+01  4.73654478e-01  8.36460000e+00  4.25411340e-01  2.19881704e-01  1.99246589e-01  8.24293461e-02  6.83169513e+04 
 7.26682593e+14  2.43553088e+34  1.15731000e+01  4.74271336e-01  8.36560000e+00  4.26051776e-01  2.20051910e-01  1.98954816e-01  8.25008022e-02  6.77861068e+04 
 7.30821614e+14  2.44724699e+34  1.15691000e+01  4.74875614e-01  8.36760000e+00  4.26754422e-01  2.20181488e-01  1.98394571e-01  8.25354693e-02  6.72678488e+04 
 7.34960636e+14  2.45895334e+34  1.15651000e+01  4.75467076e-01  8.36860000e+00  4.27378494e-01  2.20308019e-01  1.98081701e-01  8.25685216e-02  6.67617332e+04 
 7.39099658e+14  2.47065000e+34  1.15611000e+01  4.76046506e-01  8.37060000e+00  4.28065140e-01  2.20432054e-01  1.97501098e-01  8.26004752e-02  6.62673808e+04 
 7.43238679e+14  2.48233702e+34  1.15571000e+01  4.76613780e-01  8.37160000e+00  4.28673112e-01  2.20553300e-01  1.97170245e-01  8.26310147e-02  6.57843891e+04 
 7.47377701e+14  2.49401448e+34  1.15531000e+01  4.77169267e-01  8.37260000e+00  4.29273480e-01  2.20671929e-01  1.96829504e-01  8.26602837e-02  6.53123955e+04 
 7.51516722e+14  2.50568242e+34  1.15491000e+01  4.77713363e-01  8.37360000e+00  4.29865934e-01  2.20788148e-01  1.96481557e-01  8.26884602e-02  6.48510547e+04 
 7.55655744e+14  2.51734000e+34  1.15451000e+01  4.78246135e-01  8.37460000e+00  4.30451000e-01  2.20901895e-01  1.96124425e-01  8.27154649e-02  6.44000562e+04 
 7.59794766e+14  2.52898807e+34  1.15411000e+01  4.78767853e-01  8.37560000e+00  4.31028851e-01  2.21013228e-01  1.95758334e-01  8.27413258e-02  6.39590445e+04 
 7.63933787e+14  2.54062683e+34  1.15381000e+01  4.79278756e-01  8.37660000e+00  4.31599630e-01  2.21083878e-01  1.95383506e-01  8.27302163e-02  6.35277007e+04 
 7.68072809e+14  2.55225631e+34  1.15341000e+01  4.79779064e-01  8.37760000e+00  4.32163467e-01  2.21190535e-01  1.95000194e-01  8.27538747e-02  6.31057327e+04 
 7.72211831e+14  2.56387659e+34  1.15301000e+01  4.80268997e-01  8.37860000e+00  4.32720491e-01  2.21294955e-01  1.94608598e-01  8.27764950e-02  6.26928513e+04 
 7.76350852e+14  2.57548772e+34  1.15261000e+01  4.80748773e-01  8.37960000e+00  4.33270819e-01  2.21397202e-01  1.94208985e-01  8.27981166e-02  6.22887809e+04 
 7.80489874e+14  2.58708974e+34  1.15221000e+01  4.81218782e-01  8.38060000e+00  4.33814004e-01  2.21497502e-01  1.93804544e-01  8.28189410e-02  6.18932671e+04 
 7.84628895e+14  2.59868195e+34  1.15191000e+01  4.81678898e-01  8.38060000e+00  4.34279556e-01  2.21557155e-01  1.93651629e-01  8.28027810e-02  6.15060652e+04 
 7.88767917e+14  2.61026497e+34  1.15151000e+01  4.82129381e-01  8.38160000e+00  4.34810478e-01  2.21653175e-01  1.93229054e-01  8.28215848e-02  6.11269173e+04 
 7.92906939e+14  2.62183907e+34  1.15111000e+01  4.82570652e-01  8.38260000e+00  4.35334714e-01  2.21747369e-01  1.92801655e-01  8.28396518e-02  6.07555905e+04 
 7.97045960e+14  2.63340430e+34  1.15071000e+01  4.83002721e-01  8.38260000e+00  4.35781430e-01  2.21839622e-01  1.92627415e-01  8.28568469e-02  6.03918494e+04 
 8.01184982e+14  2.64496070e+34  1.15041000e+01  4.83425692e-01  8.38360000e+00  4.36293997e-01  2.21891320e-01  1.92183621e-01  8.28371095e-02  6.00354706e+04 
 8.05324003e+14  2.65650834e+34  1.15001000e+01  4.83840116e-01  8.38360000e+00  4.36728316e-01  2.21980007e-01  1.91998092e-01  8.28528285e-02  5.96862695e+04 
 8.09463025e+14  2.66804727e+34  1.14961000e+01  4.84245730e-01  8.38460000e+00  4.37228906e-01  2.22066762e-01  1.91542462e-01  8.28676299e-02  5.93440199e+04 
 8.13602047e+14  2.67957693e+34  1.14931000e+01  4.84642958e-01  8.38460000e+00  4.37651943e-01  2.22113227e-01  1.91342547e-01  8.28457454e-02  5.90085555e+04 
 8.17741068e+14  2.69109765e+34  1.14891000e+01  4.85031967e-01  8.38460000e+00  4.38069081e-01  2.22196734e-01  1.91137797e-01  8.28592809e-02  5.86796851e+04 
 8.21880090e+14  2.70260980e+34  1.14851000e+01  4.85412583e-01  8.38560000e+00  4.38553075e-01  2.22278364e-01  1.90662208e-01  8.28719031e-02  5.83572002e+04 
 8.26019111e+14  2.71411346e+34  1.14821000e+01  4.85785487e-01  8.38560000e+00  4.38959278e-01  2.22319917e-01  1.90445423e-01  8.28480310e-02  5.80409503e+04 
 8.30158133e+14  2.72560865e+34  1.14781000e+01  4.86150579e-01  8.38560000e+00  4.39360142e-01  2.22398633e-01  1.90222893e-01  8.28596120e-02  5.77307579e+04 
 8.34297155e+14  2.73709543e+34  1.14751000e+01  4.86508004e-01  8.38560000e+00  4.39755757e-01  2.22437066e-01  1.89994718e-01  8.28344912e-02  5.74264585e+04 
 8.38436176e+14  2.74857384e+34  1.14711000e+01  4.86857793e-01  8.38660000e+00  4.40218170e-01  2.22512673e-01  1.89498825e-01  8.28447765e-02  5.71278934e+04 
 8.42575198e+14  2.76004358e+34  1.14681000e+01  4.87200181e-01  8.38660000e+00  4.40603985e-01  2.22548019e-01  1.89257608e-01  8.28183814e-02  5.68349219e+04 
 8.46714219e+14  2.77150452e+34  1.14641000e+01  4.87535467e-01  8.38660000e+00  4.40984357e-01  2.22620912e-01  1.89013523e-01  8.28277031e-02  5.65474143e+04 
 8.50853241e+14  2.78295725e+34  1.14611000e+01  4.87863661e-01  8.38660000e+00  4.41359820e-01  2.22653591e-01  1.88764370e-01  8.28003878e-02  5.62652050e+04 
 8.54992263e+14  2.79440181e+34  1.14571000e+01  4.88184897e-01  8.38660000e+00  4.41730460e-01  2.22723793e-01  1.88510295e-01  8.28087086e-02  5.59881624e+04 
 8.59131284e+14  2.80583824e+34  1.14541000e+01  4.88499313e-01  8.38660000e+00  4.42096347e-01  2.22753815e-01  1.88251445e-01  8.27804252e-02  5.57161501e+04 
 8.63270306e+14  2.81726660e+34  1.14501000e+01  4.88807031e-01  8.38660000e+00  4.42457560e-01  2.22821476e-01  1.87987957e-01  8.27878366e-02  5.54490473e+04 
 8.67409327e+14  2.82868691e+34  1.14471000e+01  4.89108179e-01  8.38660000e+00  4.42814178e-01  2.22848979e-01  1.87719896e-01  8.27586668e-02  5.51867250e+04 
 8.71548349e+14  2.84009913e+34  1.14431000e+01  4.89402900e-01  8.38660000e+00  4.43166207e-01  2.22914251e-01  1.87447773e-01  8.27652661e-02  5.49290727e+04 
 8.75687371e+14  2.85150266e+34  1.14401000e+01  4.89691452e-01  8.38560000e+00  4.43441639e-01  2.22939563e-01  1.87434141e-01  8.27354839e-02  5.46759931e+04 
 8.79826392e+14  2.86289828e+34  1.14361000e+01  4.89973654e-01  8.38560000e+00  4.43784727e-01  2.23002591e-01  1.87154005e-01  8.27413670e-02  5.44273451e+04 
 8.83965414e+14  2.87428605e+34  1.14331000e+01  4.90249712e-01  8.38560000e+00  4.44123647e-01  2.23025467e-01  1.86869002e-01  8.27106777e-02  5.41830234e+04 
 8.88104436e+14  2.88566601e+34  1.14301000e+01  4.90519798e-01  8.38560000e+00  4.44458315e-01  2.23047260e-01  1.86580088e-01  8.26796582e-02  5.39429260e+04 
 8.92243457e+14  2.89703819e+34  1.14261000e+01  4.90784013e-01  8.38560000e+00  4.44788798e-01  2.23107046e-01  1.86287353e-01  8.26844969e-02  5.37069556e+04 
 8.96382479e+14  2.90840264e+34  1.14231000e+01  4.91042720e-01  8.38460000e+00  4.45042811e-01  2.23127002e-01  1.86254780e-01  8.26530901e-02  5.34750237e+04 
 9.00521500e+14  2.91975939e+34  1.14201000e+01  4.91295521e-01  8.38460000e+00  4.45365132e-01  2.23145721e-01  1.85954617e-01  8.26211679e-02  5.32470095e+04 
 9.04660522e+14  2.93110787e+34  1.14161000e+01  4.91542757e-01  8.38460000e+00  4.45683437e-01  2.23202577e-01  1.85650972e-01  8.26251694e-02  5.30228492e+04 
 9.08799544e+14  2.94244856e+34  1.14131000e+01  4.91784792e-01  8.38360000e+00  4.45925466e-01  2.23219639e-01  1.85607717e-01  8.25929714e-02  5.28024545e+04 
 9.12938565e+14  2.95378169e+34  1.14101000e+01  4.92021218e-01  8.38360000e+00  4.46235975e-01  2.23235540e-01  1.85297215e-01  8.25603010e-02  5.25857101e+04 
 9.17077587e+14  2.96510728e+34  1.14071000e+01  4.92252391e-01  8.38360000e+00  4.46542660e-01  2.23250549e-01  1.84983497e-01  8.25274120e-02  5.23725452e+04 
 9.21216608e+14  2.97642540e+34  1.14031000e+01  4.92478661e-01  8.38260000e+00  4.46773274e-01  2.23304100e-01  1.84930399e-01  8.25307374e-02  5.21628944e+04 
 9.25355630e+14  2.98773606e+34  1.14001000e+01  4.92699610e-01  8.38260000e+00  4.47072506e-01  2.23317415e-01  1.84610439e-01  8.24974500e-02  5.19566472e+04 
 9.29494652e+14  2.99903931e+34  1.13971000e+01  4.92915833e-01  8.38160000e+00  4.47295789e-01  2.23330149e-01  1.84551187e-01  8.24642198e-02  5.17537576e+04 
 9.33633673e+14  3.01033490e+34  1.13941000e+01  4.93126910e-01  8.38160000e+00  4.47587782e-01  2.23341853e-01  1.84225319e-01  8.24305953e-02  5.15541271e+04 
 9.37772695e+14  3.02162267e+34  1.13901000e+01  4.93333431e-01  8.38060000e+00  4.47803935e-01  2.23392255e-01  1.84160316e-01  8.24332419e-02  5.13577172e+04 
 9.41911716e+14  3.03290315e+34  1.13871000e+01  4.93534981e-01  8.38060000e+00  4.48088891e-01  2.23402454e-01  1.83828886e-01  8.23993308e-02  5.11644178e+04 
 9.46050738e+14  3.04417637e+34  1.13841000e+01  4.93732155e-01  8.37960000e+00  4.48298144e-01  2.23412166e-01  1.83758393e-01  8.23655301e-02  5.09741895e+04 
 9.50189760e+14  3.05544237e+34  1.13811000e+01  4.93924522e-01  8.37960000e+00  4.48576275e-01  2.23420933e-01  1.83421713e-01  8.23313821e-02  5.07869395e+04 
 9.54328781e+14  3.06670118e+34  1.13781000e+01  4.94112672e-01  8.37860000e+00  4.48778828e-01  2.23429254e-01  1.83346051e-01  8.22973676e-02  5.06026307e+04 
 9.58467803e+14  3.07795285e+34  1.13741000e+01  4.94296333e-01  8.37760000e+00  4.48978411e-01  2.23476115e-01  1.83266328e-01  8.22993455e-02  5.04211829e+04 
 9.62606824e+14  3.08919740e+34  1.13711000e+01  4.94475618e-01  8.37760000e+00  4.49246374e-01  2.23482993e-01  1.82923904e-01  8.22650144e-02  5.02425349e+04 
 9.66745846e+14  3.10043421e+34  1.13681000e+01  4.94650812e-01  8.37660000e+00  4.49439217e-01  2.23489402e-01  1.82841081e-01  8.22307698e-02  5.00666498e+04 
 9.70884868e+14  3.11166390e+34  1.13651000e+01  4.94821621e-01  8.37560000e+00  4.49629605e-01  2.23495003e-01  1.82752433e-01  8.21962700e-02  4.98934412e+04 
 9.75023889e+14  3.12288659e+34  1.13621000e+01  4.94988517e-01  8.37560000e+00  4.49887727e-01  2.23500187e-01  1.82405290e-01  8.21618909e-02  4.97228739e+04 
 9.79162911e+14  3.13410231e+34  1.13591000e+01  4.95151420e-01  8.37460000e+00  4.50071290e-01  2.23504834e-01  1.82315869e-01  8.21275058e-02  4.95548863e+04 
 9.83301932e+14  3.14531110e+34  1.13561000e+01  4.95310262e-01  8.37360000e+00  4.50252187e-01  2.23508831e-01  1.82222614e-01  8.20929963e-02  4.93894169e+04 
 9.87440954e+14  3.15651298e+34  1.13531000e+01  4.95465180e-01  8.37360000e+00  4.50501594e-01  2.23512259e-01  1.81867537e-01  8.20584356e-02  4.92264178e+04 
 9.91579976e+14  3.16770798e+34  1.13501000e+01  4.95616430e-01  8.37260000e+00  4.50676263e-01  2.23515313e-01  1.81772143e-01  8.20240046e-02  4.90658484e+04 
 9.95718997e+14  3.17889590e+34  1.13471000e+01  4.95763911e-01  8.37160000e+00  4.50848047e-01  2.23517865e-01  1.81674838e-01  8.19895727e-02  4.89076581e+04 
 9.99858019e+14  3.19007656e+34  1.13441000e+01  4.95907571e-01  8.37060000e+00  4.51017393e-01  2.23519819e-01  1.81573600e-01  8.19550400e-02  4.87517919e+04 
 1.00399704e+15  3.20125045e+34  1.13411000e+01  4.96047612e-01  8.36960000e+00  4.51183917e-01  2.23521315e-01  1.81470713e-01  8.19205332e-02  4.85982056e+04 
 1.00813606e+15  3.21241760e+34  1.13381000e+01  4.96184205e-01  8.36960000e+00  4.51418583e-01  2.23522473e-01  1.81108999e-01  8.18861649e-02  4.84468618e+04 
 1.01227508e+15  3.22357805e+34  1.13351000e+01  4.96317292e-01  8.36860000e+00  4.51579230e-01  2.23523195e-01  1.81004752e-01  8.18518308e-02  4.82977084e+04 
 1.01641411e+15  3.23473183e+34  1.13321000e+01  4.96446933e-01  8.36760000e+00  4.51737187e-01  2.23523497e-01  1.80898919e-01  8.18175408e-02  4.81507032e+04 
 1.02055313e+15  3.24587896e+34  1.13291000e+01  4.96573135e-01  8.36660000e+00  4.51892649e-01  2.23523346e-01  1.80790728e-01  8.17832556e-02  4.80058014e+04 
 1.02469215e+15  3.25701949e+34  1.13261000e+01  4.96695852e-01  8.36560000e+00  4.52045996e-01  2.23522659e-01  1.80678451e-01  8.17488869e-02  4.78629566e+04 
 1.02883117e+15  3.26815290e+34  1.13231000e+01  4.96815486e-01  8.36460000e+00  4.52196103e-01  2.23521789e-01  1.80568119e-01  8.17147756e-02  4.77221568e+04 
 1.03297019e+15  3.27927962e+34  1.13201000e+01  4.96931899e-01  8.36460000e+00  4.52414871e-01  2.23520557e-01  1.80197334e-01  8.16807380e-02  4.75833452e+04 
 1.03710921e+15  3.29039982e+34  1.13171000e+01  4.97045140e-01  8.36360000e+00  4.52559915e-01  2.23518972e-01  1.80084238e-01  8.16467787e-02  4.74464850e+04 
 1.04124823e+15  3.30151353e+34  1.13141000e+01  4.97155266e-01  8.36260000e+00  4.52702489e-01  2.23517048e-01  1.79969812e-01  8.16129037e-02  4.73115366e+04 
 1.04538726e+15  3.31262079e+34  1.13111000e+01  4.97262330e-01  8.36160000e+00  4.52842616e-01  2.23514801e-01  1.79854147e-01  8.15791228e-02  4.71784659e+04 
 1.04952628e+15  3.32372162e+34  1.13081000e+01  4.97366378e-01  8.36060000e+00  4.52980337e-01  2.23512239e-01  1.79737236e-01  8.15454374e-02  4.70472378e+04 
 1.05366530e+15  3.33481605e+34  1.13051000e+01  4.97467463e-01  8.35960000e+00  4.53115680e-01  2.23509376e-01  1.79619149e-01  8.15118566e-02  4.69178177e+04 
 1.05780432e+15  3.34590403e+34  1.13021000e+01  4.97565632e-01  8.35860000e+00  4.53248675e-01  2.23506225e-01  1.79499933e-01  8.14783871e-02  4.67901734e+04 
 1.06194334e+15  3.35698510e+34  1.13001000e+01  4.97660927e-01  8.35760000e+00  4.53379346e-01  2.23463239e-01  1.79379599e-01  8.14090039e-02  4.66642763e+04 
 1.06608236e+15  3.36805985e+34  1.12971000e+01  4.97753364e-01  8.35660000e+00  4.53507857e-01  2.23459504e-01  1.79257587e-01  8.13757470e-02  4.65400894e+04 
 1.07022139e+15  3.37912833e+34  1.12941000e+01  4.97843025e-01  8.35560000e+00  4.53634115e-01  2.23455511e-01  1.79134542e-01  8.13426142e-02  4.64175822e+04 
 1.07436041e+15  3.39019056e+34  1.12911000e+01  4.97929977e-01  8.35460000e+00  4.53758095e-01  2.23451292e-01  1.79010799e-01  8.13096305e-02  4.62967253e+04 
 1.07849943e+15  3.40124655e+34  1.12881000e+01  4.98014250e-01  8.35360000e+00  4.53879836e-01  2.23446847e-01  1.78886309e-01  8.12767922e-02  4.61774902e+04 
 1.08263845e+15  3.41229635e+34  1.12851000e+01  4.98095901e-01  8.35260000e+00  4.53999367e-01  2.23442194e-01  1.78761151e-01  8.12441093e-02  4.60598462e+04 
 1.08677747e+15  3.42333998e+34  1.12831000e+01  4.98174964e-01  8.35160000e+00  4.54116710e-01  2.23397731e-01  1.78635329e-01  8.11755998e-02  4.59437651e+04 
 1.09091649e+15  3.43437721e+34  1.12801000e+01  4.98251482e-01  8.35060000e+00  4.54231900e-01  2.23392678e-01  1.78508899e-01  8.11432452e-02  4.58292240e+04 
 1.09505552e+15  3.44540795e+34  1.12771000e+01  4.98325493e-01  8.34960000e+00  4.54344951e-01  2.23387447e-01  1.78381903e-01  8.11110622e-02  4.57161978e+04 
 1.09919454e+15  3.45643261e+34  1.12741000e+01  4.98397007e-01  8.34860000e+00  4.54456017e-01  2.23382011e-01  1.78253760e-01  8.10790183e-02  4.56046519e+04 
 1.10333356e+15  3.46745120e+34  1.12711000e+01  4.98466067e-01  8.34760000e+00  4.54565115e-01  2.23376380e-01  1.78124539e-01  8.10471191e-02  4.54945613e+04 
 1.10747258e+15  3.47846376e+34  1.12691000e+01  4.98532731e-01  8.34660000e+00  4.54672204e-01  2.23330937e-01  1.77994600e-01  8.09794456e-02  4.53859006e+04 
 1.11161160e+15  3.48947031e+34  1.12661000e+01  4.98597037e-01  8.34560000e+00  4.54777307e-01  2.23324975e-01  1.77864019e-01  8.09478921e-02  4.52786497e+04 
 1.11575062e+15  3.50047087e+34  1.12631000e+01  4.98659022e-01  8.34460000e+00  4.54880453e-01  2.23318864e-01  1.77732789e-01  8.09165138e-02  4.51727818e+04 
 1.11988965e+15  3.51146548e+34  1.12601000e+01  4.98718722e-01  8.34360000e+00  4.54981668e-01  2.23312611e-01  1.77600927e-01  8.08853128e-02  4.50682738e+04 
 1.12402867e+15  3.52245376e+34  1.12581000e+01  4.98776177e-01  8.34260000e+00  4.55080961e-01  2.23266560e-01  1.77468515e-01  8.08183971e-02  4.49651048e+04 
 1.12816769e+15  3.53343593e+34  1.12551000e+01  4.98831415e-01  8.34160000e+00  4.55178365e-01  2.23260049e-01  1.77335558e-01  8.07875788e-02  4.48632548e+04 
 1.13230671e+15  3.54441222e+34  1.12521000e+01  4.98884477e-01  8.33960000e+00  4.55203126e-01  2.23253423e-01  1.77460900e-01  8.07569498e-02  4.47626971e+04 
 1.13644573e+15  3.55538265e+34  1.12501000e+01  4.98935397e-01  8.33860000e+00  4.55296857e-01  2.23206995e-01  1.77326858e-01  8.06906380e-02  4.46634082e+04 
 1.14058475e+15  3.56634725e+34  1.12471000e+01  4.98984215e-01  8.33760000e+00  4.55388766e-01  2.23200155e-01  1.77192406e-01  8.06604062e-02  4.45653714e+04 
 1.14472378e+15  3.57730604e+34  1.12441000e+01  4.99031090e-01  8.33660000e+00  4.55478429e-01  2.23193348e-01  1.77059832e-01  8.06304982e-02  4.44685741e+04 
 1.14886280e+15  3.58825906e+34  1.12421000e+01  4.99075894e-01  8.33560000e+00  4.55566424e-01  2.23146718e-01  1.76926287e-01  8.05649193e-02  4.43729813e+04 
 1.15300182e+15  3.59920631e+34  1.12391000e+01  4.99118575e-01  8.33460000e+00  4.55653012e-01  2.23139605e-01  1.76790541e-01  8.05352938e-02  4.42785752e+04 
 1.15714084e+15  3.61014735e+34  1.12361000e+01  4.99159280e-01  8.33360000e+00  4.55737866e-01  2.23132427e-01  1.76654447e-01  8.05058835e-02  4.41853428e+04 
 1.16127986e+15  3.62108258e+34  1.12341000e+01  4.99198037e-01  8.33260000e+00  4.55821003e-01  2.23085459e-01  1.76518006e-01  8.04408708e-02  4.40932618e+04 
 1.16541888e+15  3.63201212e+34  1.12311000e+01  4.99234875e-01  8.33060000e+00  4.55831824e-01  2.23078150e-01  1.76640069e-01  8.04118900e-02  4.40023165e+04 
 1.16955790e+15  3.64293600e+34  1.12281000e+01  4.99269828e-01  8.32960000e+00  4.55911633e-01  2.23070790e-01  1.76502998e-01  8.03831259e-02  4.39124860e+04 
 1.17369693e+15  3.65385425e+34  1.12261000e+01  4.99303026e-01  8.32860000e+00  4.55989448e-01  2.23023738e-01  1.76367422e-01  8.03188896e-02  4.38237583e+04 
 1.17783595e+15  3.66476688e+34  1.12231000e+01  4.99334426e-01  8.32760000e+00  4.56065528e-01  2.23016413e-01  1.76232161e-01  8.02906935e-02  4.37361153e+04 
 1.18197497e+15  3.67567391e+34  1.12211000e+01  4.99363885e-01  8.32660000e+00  4.56140447e-01  2.22969169e-01  1.76094286e-01  8.02268304e-02  4.36495254e+04 
 1.18611399e+15  3.68657538e+34  1.12181000e+01  4.99391573e-01  8.32560000e+00  4.56213773e-01  2.22961642e-01  1.75956234e-01  8.01989579e-02  4.35639842e+04 
 1.19025301e+15  3.69747076e+34  1.12151000e+01  4.99417517e-01  8.32360000e+00  4.56215010e-01  2.22954102e-01  1.76076827e-01  8.01713214e-02  4.34794777e+04 
 1.19439203e+15  3.70836059e+34  1.12131000e+01  4.99441740e-01  8.32260000e+00  4.56285233e-01  2.22906774e-01  1.75938379e-01  8.01081789e-02  4.33959841e+04 
 1.19853106e+15  3.71924492e+34  1.12101000e+01  4.99464437e-01  8.32160000e+00  4.56353379e-01  2.22899354e-01  1.75802632e-01  8.00811575e-02  4.33135023e+04 
 1.20267008e+15  3.74010320e+34  1.12051000e+01  4.99503483e-01  8.31960000e+00  4.56475964e-01  2.22854026e-01  1.75556582e-01  8.00018973e-02  4.31573475e+04 
 1.20680910e+15  3.78744954e+34  1.11941000e+01  4.99579749e-01  8.31360000e+00  4.56652649e-01  2.22724301e-01  1.75332462e-01  7.97981390e-02  4.28038593e+04 
 1.21094812e+15  3.84638206e+34  1.11801000e+01  4.99663455e-01  8.30660000e+00  4.56917023e-01  2.22551930e-01  1.74857655e-01  7.95337802e-02  4.23604450e+04 
 1.21508714e+15  3.90599288e+34  1.11641000e+01  4.99744798e-01  8.29960000e+00  4.57207743e-01  2.22429717e-01  1.74284173e-01  7.93111320e-02  4.19063378e+04 
 1.21922616e+15  3.96628689e+34  1.11491000e+01  4.99830471e-01  8.29260000e+00  4.57526729e-01  2.22241871e-01  1.73626335e-01  7.90265161e-02  4.14406567e+04 
 1.22336519e+15  4.02733704e+34  1.11331000e+01  4.99925233e-01  8.28460000e+00  4.57807861e-01  2.22069716e-01  1.73143941e-01  7.87520447e-02  4.09624081e+04 
 1.22750421e+15  4.08908144e+34  1.11161000e+01  5.00032946e-01  8.27660000e+00  4.58121840e-01  2.21916514e-01  1.72587646e-01  7.84903956e-02  4.04719400e+04 
 1.23164323e+15  4.15152443e+34  1.10991000e+01  5.00156944e-01  8.26860000e+00  4.58469868e-01  2.21744439e-01  1.71963313e-01  7.82079036e-02  3.99692807e+04 
 1.23578225e+15  4.21467093e+34  1.10811000e+01  5.00300065e-01  8.25960000e+00  4.58783494e-01  2.21595303e-01  1.71534936e-01  7.79413297e-02  3.94546108e+04 
 1.23992127e+15  4.27852586e+34  1.10631000e+01  5.00464823e-01  8.25160000e+00  4.59202522e-01  2.21430848e-01  1.70789644e-01  7.76568428e-02  3.89282171e+04 
 1.24406029e+15  4.34309416e+34  1.10451000e+01  5.00653646e-01  8.24260000e+00  4.59588177e-01  2.21252820e-01  1.70253249e-01  7.73560101e-02  3.83905017e+04 
 1.24819932e+15  4.40838077e+34  1.10261000e+01  5.00868270e-01  8.23460000e+00  4.60080277e-01  2.21102527e-01  1.69407931e-01  7.70748401e-02  3.78419098e+04 
 1.25233834e+15  4.47439062e+34  1.10071000e+01  5.01110302e-01  8.22560000e+00  4.60541729e-01  2.20941117e-01  1.68771877e-01  7.67792802e-02  3.72829546e+04 
 1.25647736e+15  4.54118068e+34  1.09871000e+01  5.01381982e-01  8.21660000e+00  4.61041636e-01  2.20809722e-01  1.68094592e-01  7.65048968e-02  3.67138040e+04 
 1.26061638e+15  4.60872260e+34  1.09681000e+01  5.01684491e-01  8.20760000e+00  4.61580525e-01  2.20629479e-01  1.67377157e-01  7.61833728e-02  3.61353450e+04 
 1.26475540e+15  4.67700322e+34  1.09471000e+01  5.02019089e-01  8.19860000e+00  4.62158380e-01  2.20522527e-01  1.66623586e-01  7.59202279e-02  3.55484076e+04 
 1.26889442e+15  4.74602750e+34  1.09271000e+01  5.02387034e-01  8.18960000e+00  4.62775439e-01  2.20369271e-01  1.65836921e-01  7.56122399e-02  3.49536844e+04 
 1.27303344e+15  4.81580039e+34  1.09061000e+01  5.02789445e-01  8.18060000e+00  4.63431892e-01  2.20251418e-01  1.65020077e-01  7.53296330e-02  3.43519067e+04 
 1.27717247e+15  4.88632686e+34  1.08851000e+01  5.03227343e-01  8.17160000e+00  4.64128003e-01  2.20129694e-01  1.64175259e-01  7.50386239e-02  3.37438168e+04 
 1.28131149e+15  4.95761187e+34  1.08631000e+01  5.03701671e-01  8.16260000e+00  4.64863895e-01  2.20045612e-01  1.63305098e-01  7.47744941e-02  3.31301798e+04 
 1.28545051e+15  5.02966038e+34  1.08411000e+01  5.04213350e-01  8.15360000e+00  4.65639558e-01  2.19959789e-01  1.62412707e-01  7.45035832e-02  3.25117684e+04 
 1.28958953e+15  5.10248505e+34  1.08191000e+01  5.04763304e-01  8.14460000e+00  4.66454997e-01  2.19873126e-01  1.61501313e-01  7.42266463e-02  3.18893024e+04 
 1.29372855e+15  5.17614706e+34  1.07971000e+01  5.05352747e-01  8.13660000e+00  4.67378789e-01  2.19785794e-01  1.60312915e-01  7.39436707e-02  3.12630863e+04 
 1.29786757e+15  5.25058802e+34  1.07741000e+01  5.05981849e-01  8.12760000e+00  4.68274920e-01  2.19740297e-01  1.59367739e-01  7.36904742e-02  3.06344475e+04 
 1.30200660e+15  5.32581292e+34  1.07521000e+01  5.06651250e-01  8.11860000e+00  4.69210887e-01  2.19656002e-01  1.58410153e-01  7.33993449e-02  3.00041580e+04 
 1.30614562e+15  5.40182670e+34  1.07291000e+01  5.07361515e-01  8.10960000e+00  4.70186635e-01  2.19615420e-01  1.57442431e-01  7.31393255e-02  2.93729921e+04 
 1.31028464e+15  5.47863434e+34  1.07061000e+01  5.08113166e-01  8.10060000e+00  4.71202090e-01  2.19578593e-01  1.56466719e-01  7.28769066e-02  2.87417063e+04 
 1.31442366e+15  5.55624082e+34  1.06821000e+01  5.08906453e-01  8.09160000e+00  4.72257911e-01  2.19587226e-01  1.55481070e-01  7.26465418e-02  2.81110283e+04 
 1.31856268e+15  5.63465109e+34  1.06591000e+01  5.09742235e-01  8.08360000e+00  4.73418990e-01  2.19560394e-01  1.54239006e-01  7.23812193e-02  2.74817169e+04 
 1.32270170e+15  5.71387013e+34  1.06361000e+01  5.10620557e-01  8.07460000e+00  4.74553218e-01  2.19539564e-01  1.53249599e-01  7.21152922e-02  2.68544544e+04 
 1.32684073e+15  5.79390328e+34  1.06121000e+01  5.11541887e-01  8.06560000e+00  4.75726606e-01  2.19566989e-01  1.52260574e-01  7.18833292e-02  2.62299356e+04 
 1.33097975e+15  5.87482699e+34  1.05881000e+01  5.12507266e-01  8.05760000e+00  4.77007194e-01  2.19601232e-01  1.51012428e-01  7.16509134e-02  2.56082645e+04 
 1.33511877e+15  5.95657484e+34  1.05641000e+01  5.13516464e-01  8.04960000e+00  4.78325697e-01  2.19644193e-01  1.49772544e-01  7.14198269e-02  2.49906660e+04 
 1.33925779e+15  6.03915179e+34  1.05401000e+01  5.14569273e-01  8.04060000e+00  4.79617629e-01  2.19696142e-01  1.48789715e-01  7.11902085e-02  2.43777182e+04 
 1.34339681e+15  6.12256278e+34  1.05161000e+01  5.15666097e-01  8.03260000e+00  4.81013793e-01  2.19757968e-01  1.47559061e-01  7.09627611e-02  2.37700187e+04 
 1.34753583e+15  6.20681278e+34  1.04921000e+01  5.16807067e-01  8.02460000e+00  4.82448021e-01  2.19830315e-01  1.46337659e-01  7.07379672e-02  2.31681225e+04 
 1.35167486e+15  6.29190673e+34  1.04681000e+01  5.17992310e-01  8.01660000e+00  4.83920100e-01  2.19913824e-01  1.45127079e-01  7.05162965e-02  2.25725501e+04 
 1.35581388e+15  6.37784959e+34  1.04441000e+01  5.19221891e-01  8.00860000e+00  4.85429789e-01  2.20009100e-01  1.43928776e-01  7.02981902e-02  2.19837946e+04 
 1.35995290e+15  6.46464629e+34  1.04201000e+01  5.20495869e-01  8.00060000e+00  4.86976849e-01  2.20116740e-01  1.42744185e-01  7.00840767e-02  2.14023141e+04 
 1.36409192e+15  6.55230179e+34  1.03951000e+01  5.21814272e-01  7.99260000e+00  4.88561014e-01  2.20279710e-01  1.41574754e-01  6.99079893e-02  2.08285379e+04 
 1.36823094e+15  6.64084343e+34  1.03711000e+01  5.23177219e-01  7.98560000e+00  4.90248221e-01  2.20413487e-01  1.40164340e-01  6.97026090e-02  2.02627039e+04 
 1.37236996e+15  6.73030364e+34  1.03471000e+01  5.24585562e-01  7.97760000e+00  4.91907466e-01  2.20561038e-01  1.39026749e-01  6.95020323e-02  1.97050457e+04 
 1.37650899e+15  6.82063781e+34  1.03231000e+01  5.26038067e-01  7.97060000e+00  4.93668428e-01  2.20722974e-01  1.37652477e-01  6.93068145e-02  1.91561895e+04 
 1.38064801e+15  6.91185086e+34  1.02991000e+01  5.27534859e-01  7.96360000e+00  4.95465174e-01  2.20900003e-01  1.36299194e-01  6.91174790e-02  1.86164484e+04 
 1.38478703e+15  7.00394769e+34  1.02751000e+01  5.29075811e-01  7.95560000e+00  4.97232975e-01  2.21092605e-01  1.35218604e-01  6.89698162e-02  1.80954006e+04 
 1.38892605e+15  7.09693321e+34  1.02511000e+01  5.30660804e-01  7.94860000e+00  4.99100526e-01  2.21301251e-01  1.33909911e-01  6.87931931e-02  1.75744258e+04 
 1.39306507e+15  7.19081234e+34  1.02271000e+01  5.32289658e-01  7.94260000e+00  5.01067157e-01  2.21526380e-01  1.32375585e-01  6.86233643e-02  1.70632894e+04 
 1.39720409e+15  7.28558995e+34  1.02031000e+01  5.33962218e-01  7.93560000e+00  5.03004039e-01  2.21768438e-01  1.31116362e-01  6.84251214e-02  1.65535838e+04 
 1.40134311e+15  7.38127094e+34  1.01791000e+01  5.35678180e-01  7.92860000e+00  5.04975432e-01  2.22027746e-01  1.29881381e-01  6.82696125e-02  1.60628625e+04 
 1.40548214e+15  7.47786020e+34  1.01551000e+01  5.37437371e-01  7.92260000e+00  5.07044767e-01  2.22304745e-01  1.28424176e-01  6.81216371e-02  1.55824294e+04 
 1.40962116e+15  7.57536259e+34  1.01321000e+01  5.39239540e-01  7.91560000e+00  5.09083985e-01  2.22555849e-01  1.27241263e-01  6.79833890e-02  1.51202817e+04 
 1.41376018e+15  7.67384313e+34  1.01081000e+01  5.41085789e-01  7.90960000e+00  5.11220925e-01  2.22868942e-01  1.25841592e-01  6.78152273e-02  1.46525297e+04 
 1.41789920e+15  7.77325777e+34  1.00851000e+01  5.42974616e-01  7.90360000e+00  5.13391573e-01  2.23156355e-01  1.24467647e-01  6.76570082e-02  1.42031470e+04 
 1.42203822e+15  7.87360036e+34  1.00611000e+01  5.44905695e-01  7.89760000e+00  5.15594575e-01  2.23507052e-01  1.23124186e-01  6.75407599e-02  1.37643249e+04 
 1.42617724e+15  7.97487573e+34  1.00381000e+01  5.46878711e-01  7.89160000e+00  5.17829592e-01  2.23832637e-01  1.21811589e-01  6.73995307e-02  1.33360666e+04 
 1.43031627e+15  8.07708872e+34  1.00151000e+01  5.48893182e-01  7.88560000e+00  5.20096978e-01  2.24177499e-01  1.20526709e-01  6.72668795e-02  1.29183465e+04 
 1.43445529e+15  8.18024413e+34  9.99310000e+00  5.50949109e-01  7.87960000e+00  5.22394937e-01  2.24497322e-01  1.19277342e-01  6.71453406e-02  1.25177999e+04 
 1.43859431e+15  8.28434678e+34  9.97010000e+00  5.53045951e-01  7.87460000e+00  5.24787127e-01  2.24881866e-01  1.17816452e-01  6.69950260e-02  1.21144144e+04 
 1.44273333e+15  8.38940147e+34  9.94710000e+00  5.55183277e-01  7.86860000e+00  5.27147019e-01  2.25286559e-01  1.16629790e-01  6.68894329e-02  1.17280668e+04 
 1.44687235e+15  8.49541297e+34  9.92510000e+00  5.57360757e-01  7.86360000e+00  5.29600233e-01  2.25666186e-01  1.15233460e-01  6.67593991e-02  1.13520244e+04 
 1.45101137e+15  8.60238607e+34  9.90310000e+00  5.59578064e-01  7.85860000e+00  5.32083097e-01  2.26066139e-01  1.13871585e-01  6.66386775e-02  1.09861915e+04 
 1.45515040e+15  8.71032554e+34  9.88110000e+00  5.61834793e-01  7.85360000e+00  5.34595254e-01  2.26486605e-01  1.12544273e-01  6.65273415e-02  1.06304554e+04 
 1.45928942e+15  8.81925812e+34  9.85910000e+00  5.64131012e-01  7.84860000e+00  5.37136894e-01  2.26927663e-01  1.11251243e-01  6.64253049e-02  1.02846240e+04 
 1.46342844e+15  8.92921329e+34  9.83810000e+00  5.66466839e-01  7.84360000e+00  5.39708314e-01  2.27343137e-01  1.09991936e-01  6.63346455e-02  9.95388224e+03 
 1.46756746e+15  9.04014914e+34  9.81610000e+00  5.68840780e-01  7.83860000e+00  5.42308295e-01  2.27825607e-01  1.08765591e-01  6.62153729e-02  9.62206887e+03 
 1.47170648e+15  9.15207039e+34  9.79510000e+00  5.71252524e-01  7.83460000e+00  5.44998446e-01  2.28282684e-01  1.07337821e-01  6.61079214e-02  9.30519741e+03 
 1.47584550e+15  9.26498173e+34  9.77410000e+00  5.73701512e-01  7.82960000e+00  5.47653858e-01  2.28760603e-01  1.06180571e-01  6.60460590e-02  9.00262593e+03 
 1.47998453e+15  9.37888784e+34  9.75310000e+00  5.76187564e-01  7.82560000e+00  5.50397936e-01  2.29259749e-01  1.04826479e-01  6.59219214e-02  8.69945847e+03 
 1.48412355e+15  9.49379339e+34  9.73210000e+00  5.78709873e-01  7.82160000e+00  5.53169212e-01  2.29779877e-01  1.03505184e-01  6.58433445e-02  8.41024443e+03 
 1.48826257e+15  9.60970305e+34  9.71210000e+00  5.81268170e-01  7.81760000e+00  5.55966618e-01  2.30273833e-01  1.02220102e-01  6.57405973e-02  8.12989698e+03 
 1.49240159e+15  9.72662145e+34  9.69210000e+00  5.83861968e-01  7.81360000e+00  5.58789760e-01  2.30788703e-01  1.00971069e-01  6.56836989e-02  7.86256919e+03 
 1.49654061e+15  9.84455324e+34  9.67210000e+00  5.86490711e-01  7.80960000e+00  5.61638804e-01  2.31324448e-01  9.97553119e-02  6.56001386e-02  7.59926060e+03 
 1.50067963e+15  9.96350302e+34  9.65210000e+00  5.89154097e-01  7.80560000e+00  5.64512468e-01  2.31881312e-01  9.85769163e-02  6.54899160e-02  7.34019110e+03 
 1.50481865e+15  1.00834754e+35  9.63310000e+00  5.91851607e-01  7.80260000e+00  5.67472514e-01  2.32411034e-01  9.72045425e-02  6.54279905e-02  7.09738148e+03 
 1.50895768e+15  1.02044750e+35  9.61310000e+00  5.94582575e-01  7.79860000e+00  5.70395461e-01  2.33009776e-01  9.60948264e-02  6.53366496e-02  6.85459267e+03 
 1.51309670e+15  1.03265205e+35  9.59410000e+00  5.97347036e-01  7.79560000e+00  5.73404257e-01  2.33580979e-01  9.47922093e-02  6.52571270e-02  6.62344551e+03 
 1.51723572e+15  1.04496521e+35  9.57510000e+00  6.00145341e-01  7.79160000e+00  5.76375568e-01  2.34172860e-01  9.37540303e-02  6.51867790e-02  6.39973954e+03 
 1.52137474e+15  1.05738245e+35  9.55710000e+00  6.02975685e-01  7.78860000e+00  5.79432211e-01  2.34736252e-01  9.25207759e-02  6.51282122e-02  6.18684434e+03 
 1.52551376e+15  1.06990421e+35  9.53810000e+00  6.05837703e-01  7.78560000e+00  5.82511423e-01  2.35369326e-01  9.13230926e-02  6.50398257e-02  5.97414308e+03 
 1.52965278e+15  1.08253094e+35  9.52010000e+00  6.08730865e-01  7.78260000e+00  5.85612806e-01  2.35973555e-01  9.01604464e-02  6.49998345e-02  5.77512737e+03 
 1.53379181e+15  1.09526310e+35  9.50210000e+00  6.11654682e-01  7.77960000e+00  5.88736143e-01  2.36598045e-01  8.90318223e-02  6.49322938e-02  5.57950388e+03 
 1.53793083e+15  1.10810112e+35  9.48410000e+00  6.14608569e-01  7.77760000e+00  5.91942900e-01  2.37242693e-01  8.77124485e-02  6.48737220e-02  5.39044677e+03 
 1.54206985e+15  1.12104546e+35  9.46610000e+00  6.17592260e-01  7.77460000e+00  5.95108537e-01  2.37907686e-01  8.66533754e-02  6.47873428e-02  5.20480861e+03 
 1.54620887e+15  1.13409655e+35  9.44910000e+00  6.20604965e-01  7.77260000e+00  5.98357007e-01  2.38542206e-01  8.54032180e-02  6.47122887e-02  5.02841525e+03 
 1.55034789e+15  1.14725483e+35  9.43210000e+00  6.23646494e-01  7.76960000e+00  6.01563559e-01  2.39196541e-01  8.44111014e-02  6.46830870e-02  4.86081034e+03 
 1.55448691e+15  1.16052076e+35  9.41510000e+00  6.26716040e-01  7.76760000e+00  6.04852123e-01  2.39870336e-01  8.32288048e-02  6.45884290e-02  4.69346666e+03 
 1.55862594e+15  1.17389475e+35  9.39810000e+00  6.29813252e-01  7.76460000e+00  6.08098746e-01  2.40563676e-01  8.22985237e-02  6.45393132e-02  4.53454854e+03 
 1.56276496e+15  1.18737725e+35  9.38210000e+00  6.32937651e-01  7.76260000e+00  6.11425903e-01  2.41225067e-01  8.11820515e-02  6.45014558e-02  4.38362637e+03 
 1.56690398e+15  1.20096868e+35  9.36610000e+00  6.36088701e-01  7.76060000e+00  6.14771769e-01  2.41905377e-01  8.00981278e-02  6.44347790e-02  4.23539839e+03 
 1.57104300e+15  1.21466949e+35  9.35010000e+00  6.39265941e-01  7.75860000e+00  6.18135979e-01  2.42604545e-01  7.90463097e-02  6.43763059e-02  4.09230390e+03 
 1.57518202e+15  1.22848010e+35  9.33410000e+00  6.42468858e-01  7.75660000e+00  6.21518151e-01  2.43322477e-01  7.80260429e-02  6.43259261e-02  3.95417846e+03 
 1.57932104e+15  1.24240338e+35  9.31810000e+00  6.45697510e-01  7.75560000e+00  6.24979786e-01  2.44059057e-01  7.68228118e-02  6.42460174e-02  3.81861495e+03 
 1.58346007e+15  1.25644039e+35  9.30310000e+00  6.48951573e-01  7.75360000e+00  6.28398186e-01  2.44761579e-01  7.58641720e-02  6.42141406e-02  3.69212209e+03 
 1.58759909e+15  1.27058844e+35  9.28810000e+00  6.52229676e-01  7.75160000e+00  6.31834110e-01  2.45481975e-01  7.49323585e-02  6.41524642e-02  3.56790563e+03 
 1.59173811e+15  1.28484794e+35  9.27310000e+00  6.55531606e-01  7.75060000e+00  6.35347000e-01  2.46220403e-01  7.38221143e-02  6.40984947e-02  3.44804358e+03 
 1.59587713e+15  1.29921931e+35  9.25810000e+00  6.58856607e-01  7.74860000e+00  6.38815527e-01  2.46976498e-01  7.29492295e-02  6.40142724e-02  3.33042765e+03 
 1.60001615e+15  1.31370297e+35  9.24410000e+00  6.62204390e-01  7.74760000e+00  6.42360552e-01  2.47696744e-01  7.18972430e-02  6.39781056e-02  3.22079181e+03 
 1.60415517e+15  1.32829933e+35  9.22910000e+00  6.65574387e-01  7.74560000e+00  6.45859875e-01  2.48487906e-01  7.10824554e-02  6.39083942e-02  3.11128674e+03 
 1.60829420e+15  1.34300880e+35  9.21510000e+00  6.68966070e-01  7.74460000e+00  6.49435663e-01  2.49242365e-01  7.00862074e-02  6.38487773e-02  3.00746631e+03 
 1.61243322e+15  1.35783179e+35  9.20110000e+00  6.72379019e-01  7.74360000e+00  6.53026095e-01  2.50013666e-01  6.91182709e-02  6.37961079e-02  2.90730471e+03 
 1.61657224e+15  1.37276870e+35  9.18810000e+00  6.75812745e-01  7.74260000e+00  6.56630806e-01  2.50747083e-01  6.81780409e-02  6.37534668e-02  2.81234673e+03 
 1.62071126e+15  1.38781993e+35  9.17410000e+00  6.79266770e-01  7.74160000e+00  6.60249468e-01  2.51551430e-01  6.72649180e-02  6.36763976e-02  2.71745504e+03 
 1.62485028e+15  1.40298590e+35  9.16110000e+00  6.82740625e-01  7.74060000e+00  6.63881703e-01  2.52317142e-01  6.63783590e-02  6.36470765e-02  2.62909472e+03 
 1.62898930e+15  1.41826698e+35  9.14810000e+00  6.86233862e-01  7.73960000e+00  6.67527202e-01  2.53098696e-01  6.55177584e-02  6.35862144e-02  2.54229032e+03 
 1.63312832e+15  1.43366359e+35  9.13510000e+00  6.89745964e-01  7.73860000e+00  6.71185572e-01  2.53895931e-01  6.46825383e-02  6.35316310e-02  2.45855016e+03 
 1.63726735e+15  1.44917612e+35  9.12210000e+00  6.93276400e-01  7.73760000e+00  6.74857188e-01  2.54708628e-01  6.38693558e-02  6.34449542e-02  2.37633426e+03 
 1.64140637e+15  1.46480495e+35  9.11010000e+00  6.96824914e-01  7.73760000e+00  6.78601314e-01  2.55480758e-01  6.28837757e-02  6.34059261e-02  2.29982930e+03 
 1.64554539e+15  1.48055048e+35  9.09710000e+00  7.00390924e-01  7.73660000e+00  6.82296301e-01  2.56324026e-01  6.21222702e-02  6.33311652e-02  2.22330044e+03 
 1.64968441e+15  1.49641309e+35  9.08510000e+00  7.03973895e-01  7.73660000e+00  6.86064451e-01  2.57125737e-01  6.11836660e-02  6.33038060e-02  2.15210763e+03 
 1.65382343e+15  1.51239316e+35  9.07310000e+00  7.07573566e-01  7.73560000e+00  6.89782169e-01  2.57942057e-01  6.04687200e-02  6.32055226e-02  2.08086494e+03 
 1.65796245e+15  1.52849108e+35  9.06110000e+00  7.11189274e-01  7.73560000e+00  6.93572341e-01  2.58772635e-01  5.95775021e-02  6.31509741e-02  2.01338607e+03 
 1.66210148e+15  1.54470723e+35  9.05010000e+00  7.14820791e-01  7.73460000e+00  6.97311470e-01  2.59560160e-01  5.89067815e-02  6.31054819e-02  1.94946966e+03 
 1.66624050e+15  1.56104197e+35  9.03810000e+00  7.18467481e-01  7.73460000e+00  7.01122300e-01  2.60418804e-01  5.80609801e-02  6.30231193e-02  1.88546470e+03 
 1.67037952e+15  1.57749676e+35  9.02710000e+00  7.22129237e-01  7.73460000e+00  7.04943266e-01  2.61233512e-01  5.72372477e-02  6.29879857e-02  1.82596616e+03 
 1.67451854e+15  1.59407356e+35  9.01610000e+00  7.25805973e-01  7.73360000e+00  7.08713482e-01  2.62061544e-01  5.66270014e-02  6.29192734e-02  1.76743312e+03 
 1.67865756e+15  1.61076998e+35  9.00510000e+00  7.29496667e-01  7.73360000e+00  7.12553419e-01  2.62902757e-01  5.58464866e-02  6.28554783e-02  1.71095132e+03 
 1.68279658e+15  1.62758639e+35  8.99410000e+00  7.33200909e-01  7.73360000e+00  7.16402252e-01  2.63756998e-01  5.50866768e-02  6.27577819e-02  1.65542516e+03 
 1.68693561e+15  1.64452316e+35  8.98410000e+00  7.36918162e-01  7.73360000e+00  7.20259942e-01  2.64565125e-01  5.43457414e-02  6.27071325e-02  1.60384320e+03 
 1.69107463e+15  1.66158064e+35  8.97310000e+00  7.40648075e-01  7.73360000e+00  7.24125857e-01  2.65444627e-01  5.36245451e-02  6.26184858e-02  1.55211533e+03 
 1.69521365e+15  1.67875918e+35  8.96310000e+00  7.44390234e-01  7.73360000e+00  7.27999679e-01  2.66277275e-01  5.29225257e-02  6.25768524e-02  1.50407665e+03 
 1.69935267e+15  1.69605914e+35  8.95310000e+00  7.48144230e-01  7.73360000e+00  7.31881099e-01  2.67121846e-01  5.22392454e-02  6.25007597e-02  1.45678076e+03 
 1.70349169e+15  1.71348086e+35  8.94310000e+00  7.51909626e-01  7.73360000e+00  7.35769849e-01  2.67978176e-01  5.15740005e-02  6.24288412e-02  1.41112623e+03 
 1.70763071e+15  1.73102469e+35  8.93310000e+00  7.55685967e-01  7.73360000e+00  7.39666165e-01  2.68846067e-01  5.09244115e-02  6.23609375e-02  1.36705254e+03 
 1.71176974e+15  1.74869097e+35  8.92310000e+00  7.59472989e-01  7.73360000e+00  7.43568505e-01  2.69725523e-01  5.02944488e-02  6.22581149e-02  1.32367536e+03 
 1.71590876e+15  1.76648004e+35  8.91410000e+00  7.63270256e-01  7.73360000e+00  7.47477225e-01  2.70555626e-01  4.96813536e-02  6.22021326e-02  1.28342197e+03 
 1.72004778e+15  1.78439224e+35  8.90510000e+00  7.67077336e-01  7.73460000e+00  7.51452934e-01  2.71396421e-01  4.89025330e-02  6.21109663e-02  1.24375521e+03 
 1.72418680e+15  1.80242790e+35  8.89510000e+00  7.70893729e-01  7.73460000e+00  7.55374190e-01  2.72308896e-01  4.83201622e-02  6.20192260e-02  1.20469285e+03 
 1.72832582e+15  1.82058735e+35  8.88610000e+00  7.74719262e-01  7.73460000e+00  7.59300216e-01  2.73170902e-01  4.77558171e-02  6.19742754e-02  1.16846053e+03 
 1.73246484e+15  1.83887092e+35  8.87710000e+00  7.78553473e-01  7.73460000e+00  7.63231422e-01  2.74043193e-01  4.72066314e-02  6.18546572e-02  1.13202003e+03 
 1.73660386e+15  1.85727894e+35  8.86910000e+00  7.82395849e-01  7.73560000e+00  7.67229172e-01  2.74863515e-01  4.64908508e-02  6.17816306e-02  1.09822876e+03 
 1.74074289e+15  1.87581171e+35  8.86010000e+00  7.86246234e-01  7.73560000e+00  7.71169874e-01  2.75755677e-01  4.59714861e-02  6.17076960e-02  1.06489782e+03 
 1.74488191e+15  1.89446957e+35  8.85110000e+00  7.90104068e-01  7.73660000e+00  7.75176369e-01  2.76657630e-01  4.52871313e-02  6.15976972e-02  1.03204255e+03 
 1.74902093e+15  1.91325283e+35  8.84310000e+00  7.93969114e-01  7.73660000e+00  7.79125596e-01  2.77506578e-01  4.47953214e-02  6.15342917e-02  1.00159056e+03 
 1.75315995e+15  1.93216180e+35  8.83510000e+00  7.97840923e-01  7.73760000e+00  7.83139814e-01  2.78364571e-01  4.41403179e-02  6.14346910e-02  9.71533683e+02 
 1.75729897e+15  1.95119678e+35  8.82610000e+00  8.01719207e-01  7.73760000e+00  7.87096344e-01  2.79294833e-01  4.36750074e-02  6.13335548e-02  9.41888063e+02 
 1.76143799e+15  1.97035808e+35  8.81810000e+00  8.05603502e-01  7.73860000e+00  7.91117484e-01  2.80170809e-01  4.30467852e-02  6.12395962e-02  9.13837694e+02 
 1.76557702e+15  1.98964600e+35  8.81110000e+00  8.09493620e-01  7.73860000e+00  7.95079894e-01  2.80991749e-01  4.26073798e-02  6.11529502e-02  8.87297572e+02 
 1.76971604e+15  2.00906085e+35  8.80310000e+00  8.13389029e-01  7.73960000e+00  7.99106631e-01  2.81884705e-01  4.20052881e-02  6.10643769e-02  8.61078875e+02 
 1.77385506e+15  2.02860291e+35  8.79510000e+00  8.17289581e-01  7.73960000e+00  8.03074067e-01  2.82786179e-01  4.15897796e-02  6.09784158e-02  8.35735047e+02 
 1.77799408e+15  2.04827248e+35  8.78810000e+00  8.21194707e-01  7.74060000e+00  8.07105331e-01  2.83631277e-01  4.10123025e-02  6.08601960e-02  8.11233674e+02 
 1.78213310e+15  2.06806985e+35  8.78010000e+00  8.25104208e-01  7.74160000e+00  8.11138446e-01  2.84548870e-01  4.04472146e-02  6.07790296e-02  7.87545117e+02 
 1.78627212e+15  2.08799530e+35  8.77310000e+00  8.29017819e-01  7.74160000e+00  8.15111516e-01  2.85409501e-01  4.00649654e-02  6.06656228e-02  7.64640174e+02 
 1.79041115e+15  2.10804911e+35  8.76610000e+00  8.32935052e-01  7.74260000e+00  8.19147527e-01  2.86277480e-01  3.95227397e-02  6.05544437e-02  7.42490340e+02 
 1.79455017e+15  2.12823157e+35  8.75810000e+00  8.36855632e-01  7.74360000e+00  8.23184680e-01  2.87218321e-01  3.89916182e-02  6.04406523e-02  7.20600079e+02 
 1.79868919e+15  2.14854294e+35  8.75110000e+00  8.40779268e-01  7.74360000e+00  8.27161600e-01  2.88100995e-01  3.86380602e-02  6.03730781e-02  7.00349722e+02 
 1.80282821e+15  2.16898349e+35  8.74410000e+00  8.44705724e-01  7.74460000e+00  8.31199491e-01  2.88990802e-01  3.81299929e-02  6.02289502e-02  6.79864032e+02 
 1.80696723e+15  2.18955351e+35  8.73810000e+00  8.48634519e-01  7.74560000e+00  8.35238417e-01  2.89821105e-01  3.76300251e-02  6.01309906e-02  6.60919133e+02 
 1.81110625e+15  2.21025324e+35  8.73110000e+00  8.52565403e-01  7.74660000e+00  8.39277425e-01  2.90724313e-01  3.71401696e-02  6.00300593e-02  6.42160280e+02 
 1.81524528e+15  2.23108295e+35  8.72410000e+00  8.56498088e-01  7.74660000e+00  8.43255129e-01  2.91634225e-01  3.68238353e-02  5.99309722e-02  6.24009049e+02 
 1.81938430e+15  2.25204289e+35  8.71810000e+00  8.60432275e-01  7.74760000e+00  8.47293609e-01  2.92483602e-01  3.63524820e-02  5.97993438e-02  6.06443807e+02 
 1.82352332e+15  2.27313333e+35  8.71110000e+00  8.64367671e-01  7.74860000e+00  8.51331258e-01  2.93406330e-01  3.58910355e-02  5.97037866e-02  5.89444170e+02 
 1.82766234e+15  2.29435451e+35  8.70510000e+00  8.68304014e-01  7.74960000e+00  8.55367721e-01  2.94267830e-01  3.54395461e-02  5.95756660e-02  5.72990028e+02 
 1.83180136e+15  2.31570667e+35  8.69910000e+00  8.72240895e-01  7.75060000e+00  8.59403591e-01  2.95135013e-01  3.49951901e-02  5.94491684e-02  5.57062029e+02 
 1.83594038e+15  2.33719006e+35  8.69310000e+00  8.76178101e-01  7.75160000e+00  8.63438123e-01  2.96007835e-01  3.45593651e-02  5.93242792e-02  5.41641902e+02 
 1.84007941e+15  2.35880492e+35  8.68710000e+00  8.80115353e-01  7.75160000e+00  8.67409879e-01  2.96886189e-01  3.42911526e-02  5.92009400e-02  5.26711864e+02 
 1.84421843e+15  2.38055149e+35  8.68110000e+00  8.84052341e-01  7.75260000e+00  8.71441085e-01  2.97769953e-01  3.38707864e-02  5.90790852e-02  5.12254807e+02 
 1.84835745e+15  2.40242999e+35  8.67510000e+00  8.87988810e-01  7.75360000e+00  8.75470271e-01  2.98659034e-01  3.34582439e-02  5.89586673e-02  4.98254261e+02 
 1.85249647e+15  2.42444065e+35  8.66910000e+00  8.91924490e-01  7.75460000e+00  8.79497239e-01  2.99553333e-01  3.30532571e-02  5.88396336e-02  4.84694351e+02 
 1.85663549e+15  2.44658370e+35  8.66310000e+00  8.95859102e-01  7.75560000e+00  8.83521768e-01  3.00452741e-01  3.26555797e-02  5.87219291e-02  4.71559804e+02 
 1.86077451e+15  2.46885936e+35  8.65810000e+00  8.99792402e-01  7.75660000e+00  8.87543635e-01  3.01287552e-01  3.22650316e-02  5.85716640e-02  4.58835828e+02 
 1.86491353e+15  2.49126785e+35  8.65210000e+00  9.03724180e-01  7.75760000e+00  8.91561945e-01  3.02196709e-01  3.18834583e-02  5.84565675e-02  4.46508601e+02 
 1.86905256e+15  2.51380937e+35  8.64710000e+00  9.07653989e-01  7.75860000e+00  8.95577841e-01  3.03040473e-01  3.15064566e-02  5.83088587e-02  4.34563978e+02 
 1.87319158e+15  2.53648414e+35  8.64110000e+00  9.11581739e-01  7.75960000e+00  8.99590470e-01  3.03958850e-01  3.11360794e-02  5.81960858e-02  4.22989150e+02 
 1.87733060e+15  2.55929236e+35  8.63610000e+00  9.15507088e-01  7.76060000e+00  9.03599586e-01  3.04811214e-01  3.07719175e-02  5.80507651e-02  4.11771311e+02 
 1.88146962e+15  2.58223424e+35  8.63010000e+00  9.19429858e-01  7.76160000e+00  9.07605025e-01  3.05738490e-01  3.04139567e-02  5.79010422e-02  4.00627619e+02 
 1.88560864e+15  2.60530997e+35  8.62510000e+00  9.23349759e-01  7.76160000e+00  9.11545193e-01  3.06599082e-01  3.02137987e-02  5.77970729e-02  3.90358570e+02 
 1.88974766e+15  2.62851974e+35  8.62010000e+00  9.27266568e-01  7.76260000e+00  9.15542629e-01  3.07463529e-01  2.98668307e-02  5.76550444e-02  3.80140552e+02 
 1.89388669e+15  2.65186376e+35  8.61510000e+00  9.31180044e-01  7.76360000e+00  9.19535776e-01  3.08331739e-01  2.95254631e-02  5.75140524e-02  3.70233456e+02 
 1.89802571e+15  2.67534219e+35  8.61010000e+00  9.35089944e-01  7.76460000e+00  9.23524451e-01  3.09203616e-01  2.91894764e-02  5.73740549e-02  3.60626777e+02 
 1.90216473e+15  2.69895523e+35  8.60510000e+00  9.38996032e-01  7.76560000e+00  9.27508454e-01  3.10079072e-01  2.88587303e-02  5.72350150e-02  3.51310398e+02 
 1.90630375e+15  2.72270306e+35  8.60010000e+00  9.42898127e-01  7.76660000e+00  9.31487605e-01  3.10958050e-01  2.85331583e-02  5.70969110e-02  3.42274570e+02 
 1.91044277e+15  2.74658584e+35  8.59610000e+00  9.46795949e-01  7.76760000e+00  9.35461702e-01  3.11767866e-01  2.82124562e-02  5.69265576e-02  3.33509833e+02 
 1.91458179e+15  2.77060376e+35  8.59110000e+00  9.50689314e-01  7.76860000e+00  9.39430580e-01  3.12653345e-01  2.78966278e-02  5.67902626e-02  3.25007263e+02 
 1.91872082e+15  2.79475697e+35  8.58610000e+00  9.54577967e-01  7.76960000e+00  9.43394056e-01  3.13542063e-01  2.75853923e-02  5.66547873e-02  3.16758061e+02 
 1.92285984e+15  2.81904564e+35  8.58110000e+00  9.58461733e-01  7.77060000e+00  9.47351959e-01  3.14433964e-01  2.72786822e-02  5.64812731e-02  3.08541638e+02 
 1.92699886e+15  2.84346993e+35  8.57710000e+00  9.62340392e-01  7.77160000e+00  9.51304101e-01  3.15255424e-01  2.69763152e-02  5.63533332e-02  3.00986338e+02 
 1.93113788e+15  2.86803310e+35  8.57210000e+00  9.66214200e-01  7.77260000e+00  9.55250799e-01  3.16153247e-01  2.66781899e-02  5.62201818e-02  2.93447012e+02 
 1.93527690e+15  2.89273452e+35  8.56810000e+00  9.70082852e-01  7.77360000e+00  9.59191754e-01  3.16980052e-01  2.63841401e-02  5.60549861e-02  2.86128504e+02 
 1.93941592e+15  2.91757222e+35  8.56410000e+00  9.73945779e-01  7.77460000e+00  9.63126468e-01  3.17809234e-01  2.60940105e-02  5.58906062e-02  2.79024251e+02 
 1.94355495e+15  2.94254635e+35  8.55910000e+00  9.77802796e-01  7.77560000e+00  9.67054764e-01  3.18715207e-01  2.58077946e-02  5.57595954e-02  2.72127305e+02 
 1.94769397e+15  2.96765706e+35  8.55510000e+00  9.81653743e-01  7.77660000e+00  9.70976505e-01  3.19549189e-01  2.55252801e-02  5.55967100e-02  2.65430783e+02 
 1.95183299e+15  2.99290447e+35  8.55110000e+00  9.85498417e-01  7.77660000e+00  9.74829574e-01  3.20385357e-01  2.53895658e-02  5.54345850e-02  2.58928259e+02 
 1.95597201e+15  3.01828873e+35  8.54710000e+00  9.89336615e-01  7.77760000e+00  9.78737292e-01  3.21223628e-01  2.51145853e-02  5.52731875e-02  2.52613411e+02 
 1.96011103e+15  3.04380996e+35  8.54210000e+00  9.93168110e-01  7.77860000e+00  9.82638355e-01  3.22139323e-01  2.48420214e-02  5.51447517e-02  2.46480173e+02 
 1.96425005e+15  3.06946829e+35  8.53810000e+00  9.96992765e-01  7.77960000e+00  9.86532227e-01  3.22981785e-01  2.45726858e-02  5.49846417e-02  2.40522622e+02 
 1.96838907e+15  3.09526383e+35  8.53410000e+00  1.00081038e+00  7.78060000e+00  9.90418743e-01  3.23826133e-01  2.43065225e-02  5.48251911e-02  2.34735168e+02 
 1.97252810e+15  3.12119671e+35  8.53010000e+00  1.00462080e+00  7.78160000e+00  9.94297758e-01  3.24672305e-01  2.40434411e-02  5.46663828e-02  2.29112356e+02 
 1.97666712e+15  3.14726704e+35  8.52610000e+00  1.00842384e+00  7.78260000e+00  9.98169132e-01  3.25520246e-01  2.37833620e-02  5.45082019e-02  2.23648925e+02 
 1.98080614e+15  3.17347493e+35  8.52210000e+00  1.01221934e+00  7.78360000e+00  1.00203272e+00  3.26369882e-01  2.35261631e-02  5.43506264e-02  2.18339797e+02 
 1.98494516e+15  3.19982048e+35  8.51910000e+00  1.01600714e+00  7.78460000e+00  1.00588838e+00  3.27144323e-01  2.32717184e-02  5.41618321e-02  2.13180025e+02 
 1.98908418e+15  3.22630379e+35  8.51510000e+00  1.01978706e+00  7.78560000e+00  1.00973597e+00  3.27996935e-01  2.30200366e-02  5.40054997e-02  2.08164972e+02 
 1.99322320e+15  3.25292496e+35  8.51110000e+00  1.02355892e+00  7.78560000e+00  1.01351358e+00  3.28851048e-01  2.29079946e-02  5.38497206e-02  2.03290024e+02 
 1.99736223e+15  3.27968409e+35  8.50710000e+00  1.02732260e+00  7.78660000e+00  1.01734465e+00  3.29706622e-01  2.26608669e-02  5.36944887e-02  1.98550769e+02 
 2.00150125e+15  3.30658125e+35  8.50410000e+00  1.03107800e+00  7.78760000e+00  1.02116654e+00  3.30485894e-01  2.24179248e-02  5.35083378e-02  1.93942965e+02 
 2.00564027e+15  3.33361654e+35  8.50010000e+00  1.03482483e+00  7.78860000e+00  1.02498053e+00  3.31343964e-01  2.21756411e-02  5.33542295e-02  1.89462476e+02 
 2.00977929e+15  3.36079004e+35  8.49610000e+00  1.03856298e+00  7.78960000e+00  1.02878579e+00  3.32203302e-01  2.19356200e-02  5.32006197e-02  1.85105344e+02 
 2.01391831e+15  3.38810182e+35  8.49310000e+00  1.04229238e+00  7.79060000e+00  1.03258220e+00  3.32985446e-01  2.16978563e-02  5.30162793e-02  1.80867697e+02 
 2.01805733e+15  3.41555869e+35  8.48910000e+00  1.04601372e+00  7.79060000e+00  1.03630866e+00  3.33847094e-01  2.15963662e-02  5.28636582e-02  1.76744916e+02 
 2.02219636e+15  3.44315705e+35  8.48610000e+00  1.04972638e+00  7.79160000e+00  1.04008833e+00  3.34631019e-01  2.13621988e-02  5.26804153e-02  1.72733962e+02 
 2.02633538e+15  3.47089415e+35  8.48210000e+00  1.05342988e+00  7.79260000e+00  1.04385832e+00  3.35494710e-01  2.11312569e-02  5.25287885e-02  1.68831916e+02 
 2.03047440e+15  3.49877007e+35  8.47910000e+00  1.05712401e+00  7.79360000e+00  1.04761925e+00  3.36280050e-01  2.09016015e-02  5.23467114e-02  1.65035313e+02 
 2.03461342e+15  3.52678485e+35  8.47510000e+00  1.06080865e+00  7.79460000e+00  1.05137095e+00  3.37145458e-01  2.06734046e-02  5.21960329e-02  1.61341007e+02 
 2.03875244e+15  3.55493854e+35  8.47210000e+00  1.06448367e+00  7.79560000e+00  1.05511312e+00  3.37931966e-01  2.04469269e-02  5.20150616e-02  1.57745813e+02 
 2.04289146e+15  3.58323121e+35  8.46910000e+00  1.06814896e+00  7.79560000e+00  1.05878373e+00  3.38718892e-01  2.03533871e-02  5.18346857e-02  1.54246755e+02 
 2.04703049e+15  3.61166289e+35  8.46510000e+00  1.07180448e+00  7.79660000e+00  1.06250595e+00  3.39586485e-01  2.01313109e-02  5.16854571e-02  1.50840986e+02 
 2.05116951e+15  3.64023362e+35  8.46210000e+00  1.07544994e+00  7.79760000e+00  1.06621871e+00  3.40374317e-01  1.99097412e-02  5.15061547e-02  1.47525563e+02 
 2.05530853e+15  3.66894344e+35  8.45910000e+00  1.07908533e+00  7.79860000e+00  1.06992167e+00  3.41162441e-01  1.96894995e-02  5.13274297e-02  1.44297816e+02 
 2.05944755e+15  3.69779239e+35  8.45610000e+00  1.08271046e+00  7.79860000e+00  1.07355256e+00  3.41950768e-01  1.96001576e-02  5.11492600e-02  1.41155117e+02 
 2.06358657e+15  3.72678049e+35  8.45210000e+00  1.08632531e+00  7.79960000e+00  1.07723507e+00  3.42820446e-01  1.93830202e-02  5.10018396e-02  1.38094968e+02 
 2.06772559e+15  3.75590777e+35  8.44910000e+00  1.08992975e+00  7.80060000e+00  1.08090707e+00  3.43609366e-01  1.91678224e-02  5.08247137e-02  1.35114838e+02 
 2.07186462e+15  3.78517424e+35  8.44610000e+00  1.09352357e+00  7.80060000e+00  1.08450711e+00  3.44398345e-01  1.90811195e-02  5.06481158e-02  1.32212350e+02 
 2.07600364e+15  3.81458267e+35  8.44310000e+00  1.09710708e+00  7.80160000e+00  1.08815913e+00  3.45187434e-01  1.88670220e-02  5.04720380e-02  1.29384961e+02 
 2.08014266e+15  3.84414062e+35  8.44010000e+00  1.10068112e+00  7.80260000e+00  1.09180112e+00  3.45976778e-01  1.86558729e-02  5.02964335e-02  1.26629807e+02 
 2.08428168e+15  3.87383810e+35  8.43710000e+00  1.10424425e+00  7.80260000e+00  1.09537109e+00  3.46766054e-01  1.85713035e-02  5.01213386e-02  1.23945649e+02 
 2.08842070e+15  3.90367510e+35  8.43410000e+00  1.10779643e+00  7.80360000e+00  1.09899249e+00  3.47555270e-01  1.83605038e-02  4.99467741e-02  1.21330431e+02 
 2.09255972e+15  3.93365163e+35  8.43110000e+00  1.11133762e+00  7.80460000e+00  1.10260237e+00  3.48344431e-01  1.81525009e-02  4.97727592e-02  1.18782163e+02 
 2.09669874e+15  3.96376769e+35  8.42810000e+00  1.11486758e+00  7.80460000e+00  1.10613994e+00  3.49133400e-01  1.80697299e-02  4.95992403e-02  1.16298836e+02 
 2.10083777e+15  3.99402327e+35  8.42510000e+00  1.11838635e+00  7.80560000e+00  1.10972874e+00  3.49922217e-01  1.78618925e-02  4.94262500e-02  1.13878589e+02 
 2.10497679e+15  4.02441836e+35  8.42210000e+00  1.12189383e+00  7.80660000e+00  1.11330575e+00  3.50710860e-01  1.76567716e-02  4.92537977e-02  1.11519620e+02 
 2.10911581e+15  4.05495295e+35  8.41910000e+00  1.12538983e+00  7.80660000e+00  1.11681024e+00  3.51499213e-01  1.75754723e-02  4.90818370e-02  1.09220105e+02 
 2.11325483e+15  4.08562701e+35  8.41610000e+00  1.12887433e+00  7.80760000e+00  1.12036568e+00  3.52287278e-01  1.73702830e-02  4.89103866e-02  1.06978358e+02 
 2.11739385e+15  4.11644053e+35  8.41310000e+00  1.13234732e+00  7.80760000e+00  1.12384697e+00  3.53075089e-01  1.72913869e-02  4.87394764e-02  1.04792743e+02 
 2.12153287e+15  4.14739347e+35  8.41010000e+00  1.13580857e+00  7.80860000e+00  1.12737986e+00  3.53862493e-01  1.70875889e-02  4.85690468e-02  1.02661607e+02 
 2.12567190e+15  4.17849265e+35  8.40810000e+00  1.13925889e+00  7.80960000e+00  1.13090135e+00  3.54565305e-01  1.68862827e-02  4.83703072e-02  1.00582966e+02 
 2.12981092e+15  4.20974038e+35  8.40510000e+00  1.14269834e+00  7.80960000e+00  1.13435094e+00  3.55351984e-01  1.68067495e-02  4.82008578e-02  9.85552092e+01 
 2.13394994e+15  4.24112773e+35  8.40210000e+00  1.14612596e+00  7.81060000e+00  1.13785046e+00  3.56138266e-01  1.66067243e-02  4.80319357e-02  9.65774973e+01 
 2.13808896e+15  4.27265468e+35  8.39910000e+00  1.14954156e+00  7.81060000e+00  1.14127689e+00  3.56924027e-01  1.65277037e-02  4.78634945e-02  9.46483743e+01 
 2.14222798e+15  4.30432117e+35  8.39710000e+00  1.15294517e+00  7.81160000e+00  1.14475333e+00  3.57624105e-01  1.63284394e-02  4.76671695e-02  9.27664852e+01 
 2.14636700e+15  4.33612715e+35  8.39410000e+00  1.15633665e+00  7.81160000e+00  1.14815623e+00  3.58408627e-01  1.62501034e-02  4.74998301e-02  9.09305216e+01 
 2.15050603e+15  4.36807257e+35  8.39110000e+00  1.15971595e+00  7.81260000e+00  1.15160948e+00  3.59192588e-01  1.60513325e-02  4.73329940e-02  8.91391894e+01 
 2.15464505e+15  4.40015737e+35  8.38810000e+00  1.16308307e+00  7.81260000e+00  1.15498848e+00  3.59975988e-01  1.59739575e-02  4.71666721e-02  8.73912468e+01 
 2.15878407e+15  4.43238149e+35  8.38610000e+00  1.16643792e+00  7.81360000e+00  1.15841758e+00  3.60672733e-01  1.57770987e-02  4.69728321e-02  8.56854666e+01 
 2.16292309e+15  4.46474487e+35  8.38310000e+00  1.16978033e+00  7.81360000e+00  1.16177319e+00  3.61454618e-01  1.56989402e-02  4.68075861e-02  8.40206975e+01 
 2.16706211e+15  4.49725207e+35  8.38010000e+00  1.17311089e+00  7.81460000e+00  1.16517884e+00  3.62235967e-01  1.55030419e-02  4.66076741e-02  8.23334819e+01 
 2.17120113e+15  4.52991237e+35  8.37810000e+00  1.17643032e+00  7.81460000e+00  1.16851233e+00  3.62930117e-01  1.54248996e-02  4.64507131e-02  8.08085684e+01 
 2.17534016e+15  4.56271202e+35  8.37510000e+00  1.17973730e+00  7.81460000e+00  1.17183297e+00  3.63710057e-01  1.53483222e-02  4.62869498e-02  7.92593294e+01 
 2.17947918e+15  4.59565095e+35  8.37310000e+00  1.18303164e+00  7.81560000e+00  1.17520451e+00  3.64402124e-01  1.51517715e-02  4.60961200e-02  7.77467684e+01 
 2.18361820e+15  4.62872908e+35  8.37010000e+00  1.18631344e+00  7.81560000e+00  1.17850086e+00  3.65180354e-01  1.50752413e-02  4.59334579e-02  7.62699556e+01 
 2.18775722e+15  4.66194631e+35  8.36810000e+00  1.18958255e+00  7.81660000e+00  1.18184728e+00  3.65870289e-01  1.48809375e-02  4.57439400e-02  7.48278623e+01 
 2.19189624e+15  4.69530255e+35  8.36510000e+00  1.19283887e+00  7.81660000e+00  1.18511986e+00  3.66646637e-01  1.48028164e-02  4.55823494e-02  7.34195723e+01 
 2.19603526e+15  4.72879771e+35  8.36210000e+00  1.19608251e+00  7.81660000e+00  1.18837939e+00  3.67422203e-01  1.47260859e-02  4.53867005e-02  7.19893212e+01 
 2.20017428e+15  4.76243168e+35  8.36010000e+00  1.19931329e+00  7.81760000e+00  1.19168963e+00  3.68108772e-01  1.45310991e-02  4.52336450e-02  7.07007613e+01 
 2.20431331e+15  4.79620764e+35  8.35710000e+00  1.20253159e+00  7.81760000e+00  1.19492478e+00  3.68882442e-01  1.44542293e-02  4.50736670e-02  6.93883864e+01 
 2.20845233e+15  4.83013999e+35  8.35510000e+00  1.20573867e+00  7.81760000e+00  1.19814916e+00  3.69566970e-01  1.43770755e-02  4.48871896e-02  6.81056443e+01 
 2.21259135e+15  4.86421117e+35  8.35310000e+00  1.20893277e+00  7.81860000e+00  1.20142415e+00  3.70250137e-01  1.41826887e-02  4.47013958e-02  6.68524182e+01 
 2.21673037e+15  4.89842106e+35  8.35010000e+00  1.21211396e+00  7.81860000e+00  1.20462363e+00  3.71020887e-01  1.41054001e-02  4.45429988e-02  6.56279661e+01 
 2.22086939e+15  4.93276956e+35  8.34810000e+00  1.21528219e+00  7.81860000e+00  1.20781057e+00  3.71701607e-01  1.40278950e-02  4.43585330e-02  6.44314799e+01 
 2.22500841e+15  4.96725653e+35  8.34510000e+00  1.21843735e+00  7.81860000e+00  1.21098494e+00  3.72470209e-01  1.39501683e-02  4.42012498e-02  6.32622495e+01 
 2.22914744e+15  5.00188185e+35  8.34310000e+00  1.22157940e+00  7.81960000e+00  1.21420986e+00  3.73148283e-01  1.37563393e-02  4.40180645e-02  6.21195159e+01 
 2.23328646e+15  5.03664538e+35  8.34010000e+00  1.22470844e+00  7.81960000e+00  1.21735907e+00  3.73914681e-01  1.36784244e-02  4.38619070e-02  6.10026397e+01 
 2.23742548e+15  5.07154700e+35  8.33810000e+00  1.22782436e+00  7.81960000e+00  1.22049565e+00  3.74590161e-01  1.36001799e-02  4.36800557e-02  5.99108987e+01 
 2.24156450e+15  5.10660662e+35  8.33610000e+00  1.23092887e+00  7.81960000e+00  1.22362134e+00  3.75264458e-01  1.35215706e-02  4.34987720e-02  5.88430490e+01 
 2.24570352e+15  5.14180763e+35  8.33310000e+00  1.23402048e+00  7.82060000e+00  1.22679777e+00  3.76027586e-01  1.33283100e-02  4.33441756e-02  5.77989908e+01 
 2.24984254e+15  5.17714665e+35  8.33110000e+00  1.23709892e+00  7.82060000e+00  1.22989842e+00  3.76699188e-01  1.32493772e-02  4.31641898e-02  5.67781930e+01 
 2.25398157e+15  5.21262353e+35  8.32810000e+00  1.24016415e+00  7.82060000e+00  1.23298634e+00  3.77459959e-01  1.31702574e-02  4.30107404e-02  5.57800746e+01 
 2.25812059e+15  5.24823813e+35  8.32610000e+00  1.24321616e+00  7.82060000e+00  1.23606150e+00  3.78128768e-01  1.30908532e-02  4.28320820e-02  5.48040227e+01 
 2.26225961e+15  5.28399028e+35  8.32410000e+00  1.24625490e+00  7.82060000e+00  1.23912390e+00  3.78796046e-01  1.30111175e-02  4.26541323e-02  5.38494834e+01 
 2.26639863e+15  5.31987983e+35  8.32110000e+00  1.24928031e+00  7.82060000e+00  1.24217424e+00  3.79552991e-01  1.29297437e-02  4.25024207e-02  5.29159109e+01 
 2.27053765e+15  5.35591123e+35  8.31910000e+00  1.25229286e+00  7.82160000e+00  1.24527390e+00  3.80217434e-01  1.27380745e-02  4.23257694e-02  5.20026459e+01 
 2.27467667e+15  5.39210068e+35  8.31710000e+00  1.25529385e+00  7.82160000e+00  1.24830009e+00  3.80880604e-01  1.26576494e-02  4.21497059e-02  5.11087835e+01 
 2.27881570e+15  5.42842739e+35  8.31510000e+00  1.25828150e+00  7.82160000e+00  1.25131348e+00  3.81542197e-01  1.25768701e-02  4.19743570e-02  5.02343466e+01 
 2.28295472e+15  5.46489119e+35  8.31210000e+00  1.26125582e+00  7.82160000e+00  1.25431402e+00  3.82294206e-01  1.24958748e-02  4.18248880e-02  4.93788587e+01 
 2.28709374e+15  5.50149190e+35  8.31010000e+00  1.26421679e+00  7.82160000e+00  1.25730171e+00  3.82952807e-01  1.24145399e-02  4.16508783e-02  4.85418155e+01 
 2.29123276e+15  5.53822934e+35  8.30810000e+00  1.26716439e+00  7.82160000e+00  1.26027657e+00  3.83609787e-01  1.23328044e-02  4.14775828e-02  4.77227647e+01 
 2.29537178e+15  5.57510332e+35  8.30510000e+00  1.27009866e+00  7.82160000e+00  1.26323856e+00  3.84357742e-01  1.22509121e-02  4.13298992e-02  4.69212717e+01 
