# rhoc (cgs) 	 Pc (cgs) 	 R (km) 	 M (msol) 	 R_core (km) 	 M_core (msol) 	 I/(MR^2) 	 I_crust/(M_crust R_crust^2)/(I/(MR^2)) 	 k_2 	 Lambda 
 2.30000000e+14  3.22653831e+33  1.74041000e+01  2.00435476e-01  6.86760000e+00  1.13847097e-01  1.00928901e-01  6.65236026e-01  1.83316728e-02  8.59320894e+06 
 2.32221971e+14  3.30322108e+33  1.72521000e+01  2.03310686e-01  6.91860000e+00  1.17009271e-01  1.03001821e-01  6.56947256e-01  1.92079692e-02  8.02525119e+06 
 2.34443941e+14  3.38157264e+33  1.71061000e+01  2.06221791e-01  6.96960000e+00  1.20233817e-01  1.05063001e-01  6.48571917e-01  2.00998839e-02  7.49625220e+06 
 2.36665912e+14  3.45992419e+33  1.69681000e+01  2.09105613e-01  7.01860000e+00  1.23415251e-01  1.07076439e-01  6.40478396e-01  2.09910985e-02  7.01360287e+06 
 2.38887883e+14  3.53827575e+33  1.68381000e+01  2.11961463e-01  7.06560000e+00  1.26549472e-01  1.09035267e-01  6.32680103e-01  2.18765702e-02  6.57246819e+06 
 2.41109853e+14  3.61968230e+33  1.67101000e+01  2.14899877e-01  7.11260000e+00  1.29763666e-01  1.11024087e-01  6.24845474e-01  2.27943920e-02  6.15333840e+06 
 2.43331824e+14  3.70235308e+33  1.65871000e+01  2.17857297e-01  7.15960000e+00  1.33028916e-01  1.12994985e-01  6.16935375e-01  2.37222566e-02  5.76389604e+06 
 2.45553795e+14  3.78502385e+33  1.64711000e+01  2.20787408e-01  7.20460000e+00  1.36241826e-01  1.14911293e-01  6.09344788e-01  2.46413548e-02  5.40722537e+06 
 2.47775766e+14  3.86769462e+33  1.63611000e+01  2.23689592e-01  7.24860000e+00  1.39439662e-01  1.16781202e-01  6.01871045e-01  2.55544001e-02  5.08004640e+06 
 2.49997736e+14  3.95402576e+33  1.62521000e+01  2.26691768e-01  7.29360000e+00  1.42766360e-01  1.18686902e-01  5.94172398e-01  2.65011763e-02  4.76652868e+06 
 2.52219707e+14  4.04119340e+33  1.61471000e+01  2.29696472e-01  7.33660000e+00  1.46049924e-01  1.20573113e-01  5.86834312e-01  2.74546476e-02  4.47595078e+06 
 2.54441678e+14  4.12836105e+33  1.60481000e+01  2.32673925e-01  7.37960000e+00  1.49357639e-01  1.22402915e-01  5.79408963e-01  2.83938369e-02  4.20893279e+06 
 2.56663648e+14  4.21552869e+33  1.59531000e+01  2.35623559e-01  7.42060000e+00  1.52602367e-01  1.24202239e-01  5.72338775e-01  2.93323059e-02  3.96320431e+06 
 2.58885619e+14  4.30696706e+33  1.58591000e+01  2.38689567e-01  7.46260000e+00  1.55985288e-01  1.26032132e-01  5.65061702e-01  3.02999793e-02  3.72594305e+06 
 2.61107590e+14  4.39880228e+33  1.57691000e+01  2.41742374e-01  7.50260000e+00  1.59310028e-01  1.27829148e-01  5.58161155e-01  3.12639701e-02  3.50657494e+06 
 2.63329560e+14  4.49063750e+33  1.56831000e+01  2.44768029e-01  7.54260000e+00  1.62655220e-01  1.29588456e-01  5.51185415e-01  3.22208304e-02  3.30438931e+06 
 2.65551531e+14  4.58252197e+33  1.56011000e+01  2.47767605e-01  7.58160000e+00  1.65975868e-01  1.31306869e-01  5.44362759e-01  3.31673817e-02  3.11769093e+06 
 2.67773502e+14  4.67919579e+33  1.55191000e+01  2.50895807e-01  7.62060000e+00  1.69397819e-01  1.33067983e-01  5.37573257e-01  3.41490739e-02  2.93638471e+06 
 2.69995472e+14  4.77586962e+33  1.54411000e+01  2.53997540e-01  7.65860000e+00  1.72793407e-01  1.34784494e-01  5.30943766e-01  3.51169771e-02  2.76903939e+06 
 2.72217443e+14  4.87254344e+33  1.53661000e+01  2.57072238e-01  7.69660000e+00  1.76206800e-01  1.36470819e-01  5.24247054e-01  3.60793590e-02  2.61438519e+06 
 2.74439414e+14  4.97608273e+33  1.52901000e+01  2.60335317e-01  7.73560000e+00  1.79802124e-01  1.38222617e-01  5.17395589e-01  3.70890464e-02  2.46150225e+06 
 2.76661384e+14  5.13699550e+33  1.51771000e+01  2.65406236e-01  7.79360000e+00  1.85330219e-01  1.40905715e-01  5.07272399e-01  3.86577332e-02  2.24487999e+06 
 2.78883355e+14  5.27769248e+33  1.50841000e+01  2.69847137e-01  7.84460000e+00  1.90238539e-01  1.43198812e-01  4.98297012e-01  4.00174586e-02  2.07408154e+06 
 2.81105326e+14  5.42096635e+33  1.49951000e+01  2.74364967e-01  7.89460000e+00  1.95193374e-01  1.45473682e-01  4.89558799e-01  4.13823233e-02  1.91640281e+06 
 2.83327297e+14  5.56602527e+33  1.49091000e+01  2.78933757e-01  7.94360000e+00  2.00177925e-01  1.47743929e-01  4.81049564e-01  4.27624236e-02  1.77166842e+06 
 2.85549267e+14  5.71504355e+33  1.48261000e+01  2.83620437e-01  7.99260000e+00  2.05278163e-01  1.50016283e-01  4.72584275e-01  4.41583575e-02  1.63692320e+06 
 2.87771238e+14  5.86613145e+33  1.47461000e+01  2.88363742e-01  8.04160000e+00  2.10459406e-01  1.52280795e-01  4.64124933e-01  4.55656218e-02  1.51317198e+06 
 2.89993209e+14  6.01940855e+33  1.46691000e+01  2.93166449e-01  8.08960000e+00  2.15671817e-01  1.54535482e-01  4.55918458e-01  4.69818275e-02  1.39940784e+06 
 2.92215179e+14  6.17664111e+33  1.45951000e+01  2.98081955e-01  8.13860000e+00  2.21048379e-01  1.56785228e-01  4.47523459e-01  4.84066546e-02  1.29369051e+06 
 2.94437150e+14  6.33574385e+33  1.45251000e+01  3.03043491e-01  8.18560000e+00  2.26394920e-01  1.58996501e-01  4.39623036e-01  4.98171590e-02  1.19679066e+06 
 2.96659121e+14  6.49773503e+33  1.44571000e+01  3.08081710e-01  8.23360000e+00  2.31885088e-01  1.61214257e-01  4.31513912e-01  5.12453657e-02  1.10738674e+06 
 2.98881091e+14  6.66314715e+33  1.43911000e+01  3.13211031e-01  8.28060000e+00  2.37422081e-01  1.63439105e-01  4.23695640e-01  5.26904837e-02  1.02467295e+06 
 3.01103062e+14  6.83046243e+33  1.43291000e+01  3.18383109e-01  8.32760000e+00  2.43030071e-01  1.65616229e-01  4.15892172e-01  5.41106239e-02  9.48845261e+05 
 3.03325033e+14  7.00142954e+33  1.42691000e+01  3.23650633e-01  8.37360000e+00  2.48685628e-01  1.67796260e-01  4.08388577e-01  5.55420848e-02  8.78599925e+05 
 3.05547003e+14  7.17521726e+33  1.42111000e+01  3.28985843e-01  8.41960000e+00  2.54426329e-01  1.69973396e-01  4.00921357e-01  5.69814236e-02  8.13868248e+05 
 3.07768974e+14  7.35093947e+33  1.41561000e+01  3.34360540e-01  8.46560000e+00  2.60235383e-01  1.72117198e-01  3.93471177e-01  5.84042507e-02  7.54494109e+05 
 3.09990945e+14  7.53114416e+33  1.41031000e+01  3.39850889e-01  8.51160000e+00  2.66159095e-01  1.74260934e-01  3.86093910e-01  5.98320901e-02  6.99251535e+05 
 3.12212915e+14  7.71350004e+33  1.40521000e+01  3.45383911e-01  8.55660000e+00  2.72096278e-01  1.76391532e-01  3.78984767e-01  6.12583615e-02  6.48528996e+05 
 3.14434886e+14  7.89842155e+33  1.40041000e+01  3.50971281e-01  8.60060000e+00  2.78052365e-01  1.78483267e-01  3.72153391e-01  6.26588016e-02  6.01822715e+05 
 3.16656857e+14  8.08752363e+33  1.39581000e+01  3.56659693e-01  8.64560000e+00  2.84171671e-01  1.80566237e-01  3.65139354e-01  6.40548987e-02  5.58447176e+05 
 3.18878828e+14  8.27863656e+33  1.39131000e+01  3.62382360e-01  8.68860000e+00  2.90237751e-01  1.82654118e-01  3.58637019e-01  6.54633483e-02  5.18621933e+05 
 3.21100798e+14  8.47318743e+33  1.38711000e+01  3.68180903e-01  8.73260000e+00  2.96452227e-01  1.84699343e-01  3.51934088e-01  6.68375023e-02  4.81766735e+05 
 3.23322769e+14  8.67120472e+33  1.38301000e+01  3.74053959e-01  8.77560000e+00  3.02695737e-01  1.86752546e-01  3.45524647e-01  6.82220681e-02  4.47660302e+05 
 3.25544740e+14  8.87125970e+33  1.37911000e+01  3.79958065e-01  8.81860000e+00  3.09000542e-01  1.88778307e-01  3.39129770e-01  6.95877417e-02  4.16310459e+05 
 3.27766710e+14  9.07570044e+33  1.37541000e+01  3.85960997e-01  8.86160000e+00  3.15409398e-01  1.90785609e-01  3.32798034e-01  7.09360580e-02  3.87149959e+05 
 3.29988681e+14  9.28281573e+33  1.37191000e+01  3.92010416e-01  8.90360000e+00  3.21827647e-01  1.92763773e-01  3.26738807e-01  7.22605073e-02  3.60254538e+05 
 3.32210652e+14  9.49229886e+33  1.36851000e+01  3.98096568e-01  8.94560000e+00  3.28310175e-01  1.94737512e-01  3.20697589e-01  7.35842439e-02  3.35467863e+05 
 3.34432622e+14  9.70658401e+33  1.36521000e+01  4.04288171e-01  8.98660000e+00  3.34837670e-01  1.96717234e-01  3.14969536e-01  7.49105686e-02  3.12358697e+05 
 3.36654593e+14  9.92297587e+33  1.36211000e+01  4.10505662e-01  9.02860000e+00  3.41485753e-01  1.98659447e-01  3.09004264e-01  7.62045198e-02  2.91081269e+05 
 3.38876564e+14  1.01427382e+34  1.35921000e+01  4.16784438e-01  9.06860000e+00  3.48085598e-01  2.00567964e-01  3.03565616e-01  7.74654346e-02  2.71363649e+05 
 3.41098534e+14  1.03664522e+34  1.35641000e+01  4.23138925e-01  9.10960000e+00  3.54838432e-01  2.02472996e-01  2.97924146e-01  7.87202375e-02  2.53043275e+05 
 3.43320505e+14  1.05922947e+34  1.35371000e+01  4.29516196e-01  9.14960000e+00  3.61580828e-01  2.04364542e-01  2.92534245e-01  7.99636311e-02  2.36151847e+05 
 3.45542476e+14  1.08225946e+34  1.35111000e+01  4.35980652e-01  9.18960000e+00  3.68419178e-01  2.06252453e-01  2.87194192e-01  8.11986006e-02  2.20411567e+05 
 3.47764446e+14  1.10559090e+34  1.34871000e+01  4.42489680e-01  9.22860000e+00  3.75259368e-01  2.08097569e-01  2.82118284e-01  8.23899591e-02  2.05835284e+05 
 3.49986417e+14  1.12915742e+34  1.34641000e+01  4.49024043e-01  9.26760000e+00  3.82154503e-01  2.09925760e-01  2.77048054e-01  8.35642971e-02  1.92365775e+05 
 3.52208388e+14  1.15324664e+34  1.34421000e+01  4.55661561e-01  9.30660000e+00  3.89155897e-01  2.11749246e-01  2.72035809e-01  8.47255463e-02  1.79765522e+05 
 3.54430359e+14  1.17755481e+34  1.34211000e+01  4.62316813e-01  9.34460000e+00  3.96139202e-01  2.13552403e-01  2.67266052e-01  8.58660210e-02  1.68124824e+05 
 3.56652329e+14  1.20221362e+34  1.34011000e+01  4.69025058e-01  9.38260000e+00  4.03195090e-01  2.15340218e-01  2.62518492e-01  8.69866387e-02  1.57305149e+05 
 3.58874300e+14  1.22729412e+34  1.33821000e+01  4.75803482e-01  9.42060000e+00  4.10335243e-01  2.17114591e-01  2.57803976e-01  8.80870041e-02  1.47218875e+05 
 3.61096271e+14  1.25259521e+34  1.33641000e+01  4.82596652e-01  9.45760000e+00  4.17452822e-01  2.18865018e-01  2.53326581e-01  8.91616324e-02  1.37887041e+05 
 3.63318241e+14  1.27837185e+34  1.33471000e+01  4.89471708e-01  9.49560000e+00  4.24732471e-01  2.20601981e-01  2.48647627e-01  9.02136757e-02  1.29162773e+05 
 3.65540212e+14  1.30445952e+34  1.33301000e+01  4.96382705e-01  9.53160000e+00  4.31931724e-01  2.22349964e-01  2.44457361e-01  9.12725793e-02  1.21057733e+05 
 3.67762183e+14  1.33080461e+34  1.33151000e+01  5.03314798e-01  9.56860000e+00  4.39252583e-01  2.24039021e-01  2.40025721e-01  9.22677777e-02  1.13538226e+05 
 3.69984153e+14  1.35768906e+34  1.33011000e+01  5.10340250e-01  9.60460000e+00  4.46601112e-01  2.25713591e-01  2.35876622e-01  9.32365328e-02  1.06486162e+05 
 3.72206124e+14  1.38479929e+34  1.32871000e+01  5.17375525e-01  9.64060000e+00  4.53992152e-01  2.27392659e-01  2.31717472e-01  9.42071025e-02  9.99478929e+04 
 3.74428095e+14  1.41230022e+34  1.32741000e+01  5.24462622e-01  9.67560000e+00  4.61380938e-01  2.29048794e-01  2.27811216e-01  9.51462480e-02  9.38453513e+04 
 3.76650065e+14  1.44022101e+34  1.32611000e+01  5.31606957e-01  9.71060000e+00  4.68843668e-01  2.30716757e-01  2.23922695e-01  9.60890924e-02  8.81428202e+04 
 3.78872036e+14  1.46836863e+34  1.32501000e+01  5.38758251e-01  9.74560000e+00  4.76346021e-01  2.32317750e-01  2.20021076e-01  9.69588529e-02  8.28479863e+04 
 3.81094007e+14  1.49705056e+34  1.32391000e+01  5.45993188e-01  9.77960000e+00  4.83865819e-01  2.33933760e-01  2.16387137e-01  9.78319909e-02  7.78763271e+04 
 3.83315977e+14  1.52602220e+34  1.32281000e+01  5.53248138e-01  9.81460000e+00  4.91508852e-01  2.35553879e-01  2.12512724e-01  9.87040894e-02  7.32472069e+04 
 3.85537948e+14  1.55530399e+34  1.32191000e+01  5.60527646e-01  9.84760000e+00  4.99051809e-01  2.37107049e-01  2.09101641e-01  9.94999275e-02  6.89311298e+04 
 3.87759919e+14  1.58510938e+34  1.32101000e+01  5.67882811e-01  9.88160000e+00  5.06756729e-01  2.38672506e-01  2.05482856e-01  1.00296354e-01  6.48769515e+04 
 3.89981890e+14  1.61514583e+34  1.32011000e+01  5.75240167e-01  9.91460000e+00  5.14420141e-01  2.40237775e-01  2.02078375e-01  1.01088569e-01  6.11047560e+04 
 3.92203860e+14  1.64564598e+34  1.31931000e+01  5.82655738e-01  9.94760000e+00  5.22157164e-01  2.41775563e-01  1.98687776e-01  1.01841156e-01  5.75659707e+04 
 3.94425831e+14  1.67652912e+34  1.31851000e+01  5.90107893e-01  9.98060000e+00  5.29952847e-01  2.43318282e-01  1.95298515e-01  1.02590509e-01  5.42544776e+04 
 3.96647802e+14  1.70764771e+34  1.31781000e+01  5.97560452e-01  1.00126000e+01  5.37703211e-01  2.44822672e-01  1.92119349e-01  1.03295125e-01  5.11685330e+04 
 3.98869772e+14  1.73938693e+34  1.31721000e+01  6.05103937e-01  1.00446000e+01  5.45549684e-01  2.46303014e-01  1.88970116e-01  1.03959101e-01  4.82565309e+04 
 4.01091743e+14  1.77136086e+34  1.31661000e+01  6.12644951e-01  1.00766000e+01  5.53426465e-01  2.47780592e-01  1.85799325e-01  1.04615813e-01  4.55414828e+04 
 4.03313714e+14  1.80373471e+34  1.31601000e+01  6.20221879e-01  1.01076000e+01  5.61280663e-01  2.49261747e-01  1.82854471e-01  1.05267243e-01  4.29954167e+04 
 4.05535684e+14  1.83657711e+34  1.31551000e+01  6.27848818e-01  1.01386000e+01  5.69201484e-01  2.50710607e-01  1.79915172e-01  1.05873658e-01  4.06023958e+04 
 4.07757655e+14  1.86965425e+34  1.31501000e+01  6.35470643e-01  1.01696000e+01  5.77149680e-01  2.52155692e-01  1.76952426e-01  1.06471721e-01  3.83681156e+04 
 4.09979626e+14  1.90330771e+34  1.31461000e+01  6.43164755e-01  1.01996000e+01  5.85099082e-01  2.53571087e-01  1.74230723e-01  1.07024539e-01  3.62597843e+04 
 4.12201596e+14  1.93726535e+34  1.31421000e+01  6.50867126e-01  1.02306000e+01  5.93166544e-01  2.54984353e-01  1.71268539e-01  1.07568904e-01  3.42860360e+04 
 4.14423567e+14  1.97156767e+34  1.31381000e+01  6.58586460e-01  1.02596000e+01  6.01112205e-01  2.56396907e-01  1.68739368e-01  1.08105160e-01  3.24349797e+04 
 4.16645538e+14  2.00641469e+34  1.31341000e+01  6.66365918e-01  1.02896000e+01  6.09213328e-01  2.57815708e-01  1.65996676e-01  1.08635180e-01  3.06885647e+04 
 4.18867509e+14  2.04149902e+34  1.31311000e+01  6.74135811e-01  1.03186000e+01  6.17254137e-01  2.59189938e-01  1.63448824e-01  1.09114003e-01  2.90547688e+04 
 4.21089479e+14  2.07711700e+34  1.31291000e+01  6.81960788e-01  1.03476000e+01  6.25363971e-01  2.60529364e-01  1.60906251e-01  1.09543885e-01  2.75127675e+04 
 4.23311450e+14  2.11310214e+34  1.31261000e+01  6.89802439e-01  1.03766000e+01  6.33515050e-01  2.61906923e-01  1.58350228e-01  1.10006227e-01  2.60639698e+04 
 4.25533421e+14  2.14938687e+34  1.31241000e+01  6.97645584e-01  1.04056000e+01  6.41696239e-01  2.63240587e-01  1.55773979e-01  1.10416713e-01  2.47045302e+04 
 4.27755391e+14  2.18628135e+34  1.31221000e+01  7.05555551e-01  1.04336000e+01  6.49870020e-01  2.64580446e-01  1.53425696e-01  1.10819641e-01  2.34177825e+04 
 4.29977362e+14  2.22341504e+34  1.31211000e+01  7.13451652e-01  1.04616000e+01  6.58061750e-01  2.65873094e-01  1.51048976e-01  1.11169285e-01  2.22116939e+04 
 4.32199333e+14  2.26105094e+34  1.31191000e+01  7.21389071e-01  1.04896000e+01  6.66311908e-01  2.67208147e-01  1.48670079e-01  1.11552337e-01  2.10726654e+04 
 4.34421303e+14  2.29910478e+34  1.31181000e+01  7.29348237e-01  1.05166000e+01  6.74519508e-01  2.68501204e-01  1.46494350e-01  1.11883060e-01  1.99992042e+04 
 4.36643274e+14  2.33742503e+34  1.31171000e+01  7.37297005e-01  1.05436000e+01  6.82746493e-01  2.69787770e-01  1.44291915e-01  1.12202676e-01  1.89910245e+04 
 4.38865245e+14  2.37640719e+34  1.31171000e+01  7.45315833e-01  1.05706000e+01  6.91052482e-01  2.71039082e-01  1.42099047e-01  1.12470996e-01  1.80341772e+04 
 4.41087215e+14  2.41562978e+34  1.31161000e+01  7.53316656e-01  1.05966000e+01  6.99284183e-01  2.72323856e-01  1.40088707e-01  1.12770651e-01  1.71356354e+04 
 4.43309186e+14  2.45533608e+34  1.31161000e+01  7.61348538e-01  1.06236000e+01  7.07653597e-01  2.73566879e-01  1.37858664e-01  1.13017364e-01  1.62861924e+04 
 4.45531157e+14  2.49549717e+34  1.31161000e+01  7.69403877e-01  1.06496000e+01  7.15978664e-01  2.74808283e-01  1.35828452e-01  1.13253713e-01  1.54836224e+04 
 4.47753127e+14  2.53590512e+34  1.31161000e+01  7.77440534e-01  1.06746000e+01  7.24226482e-01  2.76041618e-01  1.33978251e-01  1.13478512e-01  1.47288795e+04 
 4.49975098e+14  2.57701250e+34  1.31161000e+01  7.85547041e-01  1.07006000e+01  7.32641655e-01  2.77280446e-01  1.31926356e-01  1.13694175e-01  1.40110022e+04 
 4.52197069e+14  2.61836082e+34  1.31171000e+01  7.93631584e-01  1.07256000e+01  7.40976194e-01  2.78468263e-01  1.30052414e-01  1.13854808e-01  1.33356499e+04 
 4.54419040e+14  2.66018908e+34  1.31171000e+01  8.01740433e-01  1.07506000e+01  7.49354172e-01  2.79696898e-01  1.28166916e-01  1.14048384e-01  1.26963162e+04 
 4.56641010e+14  2.70249323e+34  1.31181000e+01  8.09871128e-01  1.07756000e+01  7.57773768e-01  2.80880852e-01  1.26269130e-01  1.14187935e-01  1.20910412e+04 
 4.58862981e+14  2.74504008e+34  1.31191000e+01  8.17978435e-01  1.07996000e+01  7.66109253e-01  2.82055816e-01  1.24546644e-01  1.14315937e-01  1.15208919e+04 
 4.61084952e+14  2.78830744e+34  1.31201000e+01  8.26152000e-01  1.08246000e+01  7.74611060e-01  2.83235251e-01  1.22624285e-01  1.14434269e-01  1.09776761e+04 
 4.63306922e+14  2.83181556e+34  1.31211000e+01  8.34299837e-01  1.08486000e+01  7.83026045e-01  2.84405403e-01  1.20875766e-01  1.14541110e-01  1.04657462e+04 
 4.65528893e+14  2.87581631e+34  1.31231000e+01  8.42468701e-01  1.08726000e+01  7.91481141e-01  2.85529755e-01  1.19114706e-01  1.14641717e-01  9.98445536e+03 
 4.67750864e+14  2.92029651e+34  1.31241000e+01  8.50654541e-01  1.08956000e+01  7.99880256e-01  2.86694585e-01  1.17541709e-01  1.14679403e-01  9.51996458e+03 
 4.69972834e+14  2.96503246e+34  1.31251000e+01  8.58815817e-01  1.09186000e+01  8.08283729e-01  2.87850461e-01  1.15938390e-01  1.14753910e-01  9.08549940e+03 
 4.72194805e+14  3.01049174e+34  1.31271000e+01  8.67036468e-01  1.09416000e+01  8.16755961e-01  2.88965687e-01  1.14336219e-01  1.14774755e-01  8.67105413e+03 
 4.74416776e+14  3.05619087e+34  1.31291000e+01  8.75227837e-01  1.09646000e+01  8.25228800e-01  2.90071007e-01  1.12703128e-01  1.14784516e-01  8.27981927e+03 
 4.76638746e+14  3.10241358e+34  1.31311000e+01  8.83440344e-01  1.09876000e+01  8.33740987e-01  2.91173818e-01  1.11057983e-01  1.14832225e-01  7.91136754e+03 
 4.78860717e+14  3.14909997e+34  1.31321000e+01  8.91661822e-01  1.10096000e+01  8.42188169e-01  2.92316883e-01  1.09594612e-01  1.14816535e-01  7.55514598e+03 
 4.81082688e+14  3.19607413e+34  1.31341000e+01  8.99860978e-01  1.10316000e+01  8.50640221e-01  2.93406864e-01  1.08103233e-01  1.14794819e-01  7.22129627e+03 
 4.83304658e+14  3.24375437e+34  1.31361000e+01  9.08109479e-01  1.10536000e+01  8.59152726e-01  2.94498438e-01  1.06609154e-01  1.14763092e-01  6.90258564e+03 
 4.85526629e+14  3.29167282e+34  1.31391000e+01  9.16325357e-01  1.10746000e+01  8.67565830e-01  2.95534900e-01  1.05280181e-01  1.14725706e-01  6.60402463e+03 
 4.87748600e+14  3.34016586e+34  1.31411000e+01  9.24565765e-01  1.10966000e+01  8.76115848e-01  2.96614283e-01  1.03744424e-01  1.14673485e-01  6.31685562e+03 
 4.89970571e+14  3.38908565e+34  1.31431000e+01  9.32804148e-01  1.11176000e+01  8.84589425e-01  2.97687995e-01  1.02383691e-01  1.14562609e-01  6.04154468e+03 
 4.92192541e+14  3.43834601e+34  1.31451000e+01  9.41025733e-01  1.11386000e+01  8.93071008e-01  2.98754014e-01  1.00998221e-01  1.14490232e-01  5.78294137e+03 
 4.94414512e+14  3.48827331e+34  1.31481000e+01  9.49283648e-01  1.11586000e+01  9.01504657e-01  2.99774216e-01  9.97981832e-02  1.14413049e-01  5.53833133e+03 
 4.96636483e+14  3.53843647e+34  1.31501000e+01  9.57505828e-01  1.11796000e+01  9.10028527e-01  3.00829621e-01  9.83751239e-02  1.14272508e-01  5.30210456e+03 
 4.98858453e+14  3.58924704e+34  1.31521000e+01  9.65759057e-01  1.11996000e+01  9.18499577e-01  3.01884126e-01  9.71350694e-02  1.14170801e-01  5.07872841e+03 
 5.01080424e+14  3.64042449e+34  1.31551000e+01  9.73996457e-01  1.12196000e+01  9.26978394e-01  3.02885187e-01  9.58711889e-02  1.14064748e-01  4.86859567e+03 
 5.03302395e+14  3.69201786e+34  1.31571000e+01  9.82225689e-01  1.12396000e+01  9.35470938e-01  3.03925892e-01  9.45864735e-02  1.13895537e-01  4.66465490e+03 
 5.05524365e+14  3.74421535e+34  1.31601000e+01  9.90475453e-01  1.12586000e+01  9.43900545e-01  3.04917957e-01  9.34789483e-02  1.13770734e-01  4.47379730e+03 
 5.07746336e+14  3.79664560e+34  1.31621000e+01  9.98686601e-01  1.12776000e+01  9.52318879e-01  3.05945882e-01  9.23410040e-02  1.13583111e-01  4.28905835e+03 
 5.09968307e+14  3.84981973e+34  1.31651000e+01  1.00693828e+00  1.12976000e+01  9.60888842e-01  3.06927663e-01  9.10091676e-02  1.13391521e-01  4.11391698e+03 
 5.12190277e+14  3.90327609e+34  1.31681000e+01  1.01515769e+00  1.13166000e+01  9.69352690e-01  3.07899789e-01  8.98380837e-02  1.13239754e-01  3.94925642e+03 
 5.14412248e+14  3.95724809e+34  1.31701000e+01  1.02338050e+00  1.13346000e+01  9.77737767e-01  3.08914063e-01  8.88365715e-02  1.13025182e-01  3.78881387e+03 
 5.16634219e+14  4.01173589e+34  1.31731000e+01  1.03160546e+00  1.13536000e+01  9.86244113e-01  3.09876655e-01  8.76318310e-02  1.12807404e-01  3.63728873e+03 
 5.18856189e+14  4.06651068e+34  1.31761000e+01  1.03979780e+00  1.13716000e+01  9.94642031e-01  3.10829745e-01  8.65860489e-02  1.12629846e-01  3.49471534e+03 
 5.21078160e+14  4.12203508e+34  1.31781000e+01  1.04802563e+00  1.13896000e+01  1.00308685e+00  3.11829786e-01  8.55325696e-02  1.12389375e-01  3.35504322e+03 
 5.23300131e+14  4.17778859e+34  1.31811000e+01  1.05621100e+00  1.14076000e+01  1.01151585e+00  3.12771934e-01  8.44503430e-02  1.12146814e-01  3.22374111e+03 
 5.25522102e+14  4.23418356e+34  1.31841000e+01  1.06441404e+00  1.14256000e+01  1.01997736e+00  3.13711398e-01  8.33562168e-02  1.11944058e-01  3.09933764e+03 
 5.27744072e+14  4.29097875e+34  1.31861000e+01  1.07259850e+00  1.14426000e+01  1.02833945e+00  3.14691166e-01  8.24228543e-02  1.11679474e-01  2.97808872e+03 
 5.29966043e+14  4.34819102e+34  1.31891000e+01  1.08076665e+00  1.14596000e+01  1.03670586e+00  3.15616264e-01  8.14680485e-02  1.11413027e-01  2.86365359e+03 
 5.32188014e+14  4.40603262e+34  1.31921000e+01  1.08894766e+00  1.14766000e+01  1.04510016e+00  3.16538142e-01  8.04998534e-02  1.11186603e-01  2.75521492e+03 
 5.34409984e+14  4.46409849e+34  1.31951000e+01  1.09708392e+00  1.14936000e+01  1.05347551e+00  3.17449356e-01  7.95038991e-02  1.10905258e-01  2.65084724e+03 
 5.36631955e+14  4.52295950e+34  1.31971000e+01  1.10525460e+00  1.15106000e+01  1.06189621e+00  3.18408470e-01  7.85007875e-02  1.10609720e-01  2.54942691e+03 
 5.38853926e+14  4.58207613e+34  1.32001000e+01  1.11338385e+00  1.15266000e+01  1.07019628e+00  3.19309339e-01  7.76504818e-02  1.10361386e-01  2.45497478e+03 
 5.41075896e+14  4.64176850e+34  1.32031000e+01  1.12151553e+00  1.15436000e+01  1.07861939e+00  3.20205793e-01  7.66063490e-02  1.10057810e-01  2.36342790e+03 
 5.43297867e+14  4.70194018e+34  1.32051000e+01  1.12963539e+00  1.15596000e+01  1.08694529e+00  3.21144683e-01  7.57220167e-02  1.09741211e-01  2.27486245e+03 
 5.45519838e+14  4.76246849e+34  1.32081000e+01  1.13772678e+00  1.15756000e+01  1.09526430e+00  3.22026791e-01  7.48153206e-02  1.09471922e-01  2.19221406e+03 
 5.47741808e+14  4.82369937e+34  1.32111000e+01  1.14583493e+00  1.15906000e+01  1.10350823e+00  3.22906413e-01  7.40735242e-02  1.09147621e-01  2.11187042e+03 
 5.49963779e+14  4.88514844e+34  1.32131000e+01  1.15389529e+00  1.16066000e+01  1.11183425e+00  3.23824453e-01  7.31289899e-02  1.08811496e-01  2.03439259e+03 
 5.52185750e+14  4.94736220e+34  1.32161000e+01  1.16197896e+00  1.16216000e+01  1.12008992e+00  3.24692003e-01  7.23503091e-02  1.08521628e-01  1.96159767e+03 
 5.54407721e+14  5.00987381e+34  1.32191000e+01  1.17002438e+00  1.16366000e+01  1.12832972e+00  3.25550267e-01  7.15475980e-02  1.08178800e-01  1.89123466e+03 
 5.56629691e+14  5.07293698e+34  1.32211000e+01  1.17806409e+00  1.16516000e+01  1.13658042e+00  3.26452762e-01  7.07287279e-02  1.07823355e-01  1.82294928e+03 
 5.58851662e+14  5.13651481e+34  1.32241000e+01  1.18609239e+00  1.16666000e+01  1.14483727e+00  3.27300158e-01  6.98927095e-02  1.07515285e-01  1.75904365e+03 
 5.61073633e+14  5.20043177e+34  1.32261000e+01  1.19408703e+00  1.16816000e+01  1.15308166e+00  3.28188656e-01  6.90352226e-02  1.07148450e-01  1.69641996e+03 
 5.63295603e+14  5.26507938e+34  1.32291000e+01  1.20209609e+00  1.16956000e+01  1.16124628e+00  3.29025084e-01  6.83388739e-02  1.06828346e-01  1.63760992e+03 
 5.65517574e+14  5.32993770e+34  1.32311000e+01  1.21005478e+00  1.17096000e+01  1.16938379e+00  3.29900908e-01  6.76171955e-02  1.06450404e-01  1.58004804e+03 
 5.67739545e+14  5.39557520e+34  1.32341000e+01  1.21803236e+00  1.17246000e+01  1.17765962e+00  3.30725031e-01  6.67143408e-02  1.06119131e-01  1.52594893e+03 
 5.69961515e+14  5.46150563e+34  1.32361000e+01  1.22596892e+00  1.17376000e+01  1.18570043e+00  3.31590044e-01  6.61305420e-02  1.05730151e-01  1.47288938e+03 
 5.72183486e+14  5.52800976e+34  1.32391000e+01  1.23389818e+00  1.17516000e+01  1.19385756e+00  3.32400001e-01  6.53608309e-02  1.05388777e-01  1.42317545e+03 
 5.74405457e+14  5.59501539e+34  1.32411000e+01  1.24181064e+00  1.17656000e+01  1.20201523e+00  3.33254120e-01  6.45744062e-02  1.05035615e-01  1.37482813e+03 
 5.76627427e+14  5.66239034e+34  1.32431000e+01  1.24969065e+00  1.17786000e+01  1.21005141e+00  3.34100464e-01  6.39370909e-02  1.04631729e-01  1.32790645e+03 
 5.78849398e+14  5.73047410e+34  1.32461000e+01  1.25757709e+00  1.17916000e+01  1.21810701e+00  3.34893159e-01  6.32871951e-02  1.04275072e-01  1.28385489e+03 
 5.81071369e+14  5.79875974e+34  1.32481000e+01  1.26541104e+00  1.18046000e+01  1.22613232e+00  3.35726240e-01  6.26137124e-02  1.03908203e-01  1.24116096e+03 
 5.83293339e+14  5.86788865e+34  1.32501000e+01  1.27326553e+00  1.18176000e+01  1.23418883e+00  3.36557995e-01  6.19310092e-02  1.03489384e-01  1.19940279e+03 
 5.85515310e+14  5.93725376e+34  1.32531000e+01  1.28107092e+00  1.18306000e+01  1.24221766e+00  3.37329268e-01  6.12261924e-02  1.03119952e-01  1.16046647e+03 
 5.87737281e+14  6.00726570e+34  1.32551000e+01  1.28887332e+00  1.18436000e+01  1.25025772e+00  3.38147289e-01  6.05083029e-02  1.02738729e-01  1.12244857e+03 
 5.89959252e+14  6.07771278e+34  1.32571000e+01  1.29664837e+00  1.18556000e+01  1.25817811e+00  3.38958418e-01  5.99383488e-02  1.02353549e-01  1.08593256e+03 
 5.92181222e+14  6.14861172e+34  1.32591000e+01  1.30439791e+00  1.18676000e+01  1.26608997e+00  3.39762922e-01  5.93508108e-02  1.01964471e-01  1.05084100e+03 
 5.94403193e+14  6.22014310e+34  1.32611000e+01  1.31214092e+00  1.18796000e+01  1.27400940e+00  3.40563057e-01  5.87494006e-02  1.01570834e-01  1.01702761e+03 
 5.96625164e+14  6.29193294e+34  1.32631000e+01  1.31983688e+00  1.18916000e+01  1.28190178e+00  3.41354146e-01  5.81272939e-02  1.01129331e-01  9.84168458e+02 
 5.98847134e+14  6.36455078e+34  1.32651000e+01  1.32754620e+00  1.19036000e+01  1.28981857e+00  3.42143241e-01  5.74953765e-02  1.00727871e-01  9.52845441e+02 
 6.01069105e+14  6.43735851e+34  1.32671000e+01  1.33520077e+00  1.19156000e+01  1.29770149e+00  3.42922503e-01  5.68422330e-02  1.00324220e-01  9.22829182e+02 
 6.03291076e+14  6.51094169e+34  1.32691000e+01  1.34286191e+00  1.19266000e+01  1.30549138e+00  3.43699043e-01  5.63407468e-02  9.99158683e-02  8.93826866e+02 
 6.05513046e+14  6.58483598e+34  1.32711000e+01  1.35048066e+00  1.19386000e+01  1.31336906e+00  3.44467269e-01  5.56582538e-02  9.95496098e-02  8.66364624e+02 
 6.07735017e+14  6.65932148e+34  1.32731000e+01  1.35808588e+00  1.19496000e+01  1.32113591e+00  3.45230535e-01  5.51236125e-02  9.91350247e-02  8.39500894e+02 
 6.09956988e+14  6.73430405e+34  1.32751000e+01  1.36566730e+00  1.19606000e+01  1.32889457e+00  3.45987700e-01  5.45733281e-02  9.87173715e-02  8.13629006e+02 
 6.12178958e+14  6.80969557e+34  1.32771000e+01  1.37321602e+00  1.19716000e+01  1.33663727e+00  3.46737805e-01  5.40063203e-02  9.82971716e-02  7.88735205e+02 
 6.14400929e+14  6.88576799e+34  1.32781000e+01  1.38075865e+00  1.19816000e+01  1.34427433e+00  3.47536238e-01  5.35867119e-02  9.78661361e-02  7.64348868e+02 
 6.16622900e+14  6.96206917e+34  1.32801000e+01  1.38825034e+00  1.19926000e+01  1.35199180e+00  3.48273396e-01  5.29881014e-02  9.74846580e-02  7.41604632e+02 
 6.18844870e+14  7.03923286e+34  1.32821000e+01  1.39575280e+00  1.20036000e+01  1.35973061e+00  3.49008489e-01  5.23804035e-02  9.70548695e-02  7.19245077e+02 
 6.21066841e+14  7.11657229e+34  1.32831000e+01  1.40319894e+00  1.20136000e+01  1.36731945e+00  3.49786713e-01  5.19118577e-02  9.66168597e-02  6.97464769e+02 
 6.23288812e+14  7.19470347e+34  1.32851000e+01  1.41064789e+00  1.20236000e+01  1.37492229e+00  3.50509466e-01  5.14324650e-02  9.62258014e-02  6.77003543e+02 
 6.25510783e+14  7.27313304e+34  1.32871000e+01  1.41805211e+00  1.20336000e+01  1.38249771e+00  3.51224068e-01  5.09355466e-02  9.57898044e-02  6.57018693e+02 
 6.27732753e+14  7.35218446e+34  1.32881000e+01  1.42544217e+00  1.20436000e+01  1.39007220e+00  3.51986924e-01  5.04258781e-02  9.53869782e-02  6.37710984e+02 
 6.29954724e+14  7.43170514e+34  1.32901000e+01  1.43280323e+00  1.20536000e+01  1.39763276e+00  3.52690570e-01  4.99015575e-02  9.49461980e-02  6.19090930e+02 
 6.32176695e+14  7.51168023e+34  1.32911000e+01  1.44013398e+00  1.20626000e+01  1.40506411e+00  3.53440970e-01  4.95185262e-02  9.45392562e-02  6.01133176e+02 
 6.34398665e+14  7.59229284e+34  1.32921000e+01  1.44745067e+00  1.20726000e+01  1.41260830e+00  3.54186955e-01  4.89672026e-02  9.40867604e-02  5.83506948e+02 
 6.36620636e+14  7.67319497e+34  1.32941000e+01  1.45472175e+00  1.20816000e+01  1.42000929e+00  3.54871718e-01  4.85547501e-02  9.36834688e-02  5.67056565e+02 
 6.38842607e+14  7.75490018e+34  1.32951000e+01  1.46199292e+00  1.20906000e+01  1.42742112e+00  3.55606957e-01  4.81318264e-02  9.32694655e-02  5.50857866e+02 
 6.41064577e+14  7.83676492e+34  1.32961000e+01  1.46920683e+00  1.20996000e+01  1.43479339e+00  3.56333195e-01  4.76910247e-02  9.28128632e-02  5.35036271e+02 
 6.43286548e+14  7.91953097e+34  1.32981000e+01  1.47642855e+00  1.21086000e+01  1.44218320e+00  3.57003790e-01  4.72411232e-02  9.24025543e-02  5.20161445e+02 
 6.45508519e+14  8.00248598e+34  1.32991000e+01  1.48359558e+00  1.21176000e+01  1.44953548e+00  3.57719348e-01  4.67743217e-02  9.19846219e-02  5.05611820e+02 
 6.47730489e+14  8.08618882e+34  1.33001000e+01  1.49075619e+00  1.21266000e+01  1.45689265e+00  3.58431485e-01  4.62970444e-02  9.15639858e-02  4.91512413e+02 
 6.49952460e+14  8.17023435e+34  1.33011000e+01  1.49787532e+00  1.21346000e+01  1.46410822e+00  3.59136479e-01  4.59574518e-02  9.11426179e-02  4.77913550e+02 
 6.52174431e+14  8.25487713e+34  1.33021000e+01  1.50497459e+00  1.21436000e+01  1.47143198e+00  3.59836672e-01  4.54533838e-02  9.07194302e-02  4.64754814e+02 
 6.54396401e+14  8.34001327e+34  1.33031000e+01  1.51204485e+00  1.21516000e+01  1.47862466e+00  3.60531118e-01  4.50881973e-02  9.02949991e-02  4.52035967e+02 
 6.56618372e+14  8.42559907e+34  1.33041000e+01  1.51908255e+00  1.21596000e+01  1.48579846e+00  3.61219480e-01  4.47094381e-02  8.98696073e-02  4.39745948e+02 
 6.58840343e+14  8.47834991e+34  1.33051000e+01  1.52338163e+00  1.21646000e+01  1.49019878e+00  3.61617481e-01  4.44562030e-02  8.95952709e-02  4.32414859e+02 
 6.61062314e+14  8.51546824e+34  1.33051000e+01  1.52637300e+00  1.21686000e+01  1.49332377e+00  3.61931340e-01  4.41988951e-02  8.94269188e-02  4.27389632e+02 
 6.63284284e+14  8.52471313e+34  1.33051000e+01  1.52711241e+00  1.21696000e+01  1.49409790e+00  3.62008775e-01  4.41332445e-02  8.93851507e-02  4.26156811e+02 
 6.65506255e+14  8.52817328e+34  1.33051000e+01  1.52738564e+00  1.21696000e+01  1.49434113e+00  3.62037354e-01  4.41645198e-02  8.93696830e-02  4.25702110e+02 
 6.67728226e+14  8.53161739e+34  1.33051000e+01  1.52765482e+00  1.21696000e+01  1.49458081e+00  3.62065478e-01  4.41952845e-02  8.93544133e-02  4.25254506e+02 
 6.69950196e+14  8.53505905e+34  1.33051000e+01  1.52792107e+00  1.21706000e+01  1.49493404e+00  3.62093257e-01  4.40751231e-02  8.93392739e-02  4.24812137e+02 
 6.72172167e+14  8.53848658e+34  1.33051000e+01  1.52818350e+00  1.21706000e+01  1.49516784e+00  3.62120595e-01  4.41049294e-02  8.93243108e-02  4.24376419e+02 
 6.74394138e+14  8.54190963e+34  1.33051000e+01  1.52844288e+00  1.21706000e+01  1.49539900e+00  3.62147567e-01  4.41343005e-02  8.93094760e-02  4.23946029e+02 
 6.76616108e+14  8.54532108e+34  1.33051000e+01  1.52869872e+00  1.21706000e+01  1.49562703e+00  3.62174122e-01  4.41632211e-02  8.92947988e-02  4.23521784e+02 
 6.78838079e+14  8.54872574e+34  1.33051000e+01  1.52895139e+00  1.21716000e+01  1.49596854e+00  3.62200294e-01  4.40411381e-02  8.92802507e-02  4.23102995e+02 
 6.81060050e+14  8.55212129e+34  1.33051000e+01  1.52920078e+00  1.21716000e+01  1.49619103e+00  3.62226071e-01  4.40690702e-02  8.92658409e-02  4.22689867e+02 
 6.83282020e+14  8.55550775e+34  1.33051000e+01  1.52944692e+00  1.21716000e+01  1.49641069e+00  3.62251452e-01  4.40965389e-02  8.92515641e-02  4.22282312e+02 
 6.85503991e+14  8.55888755e+34  1.33051000e+01  1.52969000e+00  1.21726000e+01  1.49674389e+00  3.62276459e-01  4.39731375e-02  8.91963265e-02  4.21685746e+02 
 6.87725962e+14  8.56225603e+34  1.33051000e+01  1.52992974e+00  1.21726000e+01  1.49695806e+00  3.62301059e-01  4.39996328e-02  8.91823110e-02  4.21289250e+02 
 6.89947932e+14  8.56562025e+34  1.33051000e+01  1.53016667e+00  1.21726000e+01  1.49716980e+00  3.62325306e-01  4.40257032e-02  8.91684000e-02  4.20897527e+02 
 6.92169903e+14  8.56897095e+34  1.33051000e+01  1.53040018e+00  1.21726000e+01  1.49737855e+00  3.62349137e-01  4.40513022e-02  8.91546292e-02  4.20511575e+02 
 6.94391874e+14  8.57231936e+34  1.33051000e+01  1.53063107e+00  1.21736000e+01  1.49770128e+00  3.62372633e-01  4.39260922e-02  8.91409491e-02  4.20130030e+02 
 6.96613845e+14  8.57565286e+34  1.33051000e+01  1.53085851e+00  1.21736000e+01  1.49790485e+00  3.62395709e-01  4.39507328e-02  8.91274093e-02  4.19754255e+02 
 6.98835815e+14  8.57898373e+34  1.33051000e+01  1.53108338e+00  1.21736000e+01  1.49810622e+00  3.62418453e-01  4.39749647e-02  8.91139568e-02  4.19382793e+02 
 7.01057786e+14  8.58230210e+34  1.33051000e+01  1.53130504e+00  1.21736000e+01  1.49830479e+00  3.62440802e-01  4.39987520e-02  8.91006310e-02  4.19016679e+02 
 7.03279757e+14  8.58561564e+34  1.33051000e+01  1.53152404e+00  1.21746000e+01  1.49861730e+00  3.62462809e-01  4.38717770e-02  8.90873971e-02  4.18654994e+02 
 7.05501727e+14  8.58891902e+34  1.33051000e+01  1.53174005e+00  1.21746000e+01  1.49881106e+00  3.62484441e-01  4.38946433e-02  8.90742749e-02  4.18298256e+02 
 7.07723698e+14  8.59221542e+34  1.33061000e+01  1.53195331e+00  1.21746000e+01  1.49900247e+00  3.62451230e-01  4.39170631e-02  8.90688036e-02  4.18138602e+02 
 7.09945669e+14  8.59550396e+34  1.33061000e+01  1.53216381e+00  1.21746000e+01  1.49919148e+00  3.62472156e-01  4.39390876e-02  8.90558777e-02  4.17790817e+02 
 7.12167639e+14  8.59878341e+34  1.33061000e+01  1.53237148e+00  1.21756000e+01  1.49949428e+00  3.62492727e-01  4.38104316e-02  8.90430546e-02  4.17447664e+02 
 7.14389610e+14  8.60205725e+34  1.33061000e+01  1.53257659e+00  1.21756000e+01  1.49967871e+00  3.62512964e-01  4.38315823e-02  8.90303170e-02  4.17108721e+02 
 7.16611581e+14  8.60531993e+34  1.33061000e+01  1.53277882e+00  1.21756000e+01  1.49986066e+00  3.62532837e-01  4.38522940e-02  8.90176856e-02  4.16774500e+02 
 7.18833551e+14  8.60857922e+34  1.33061000e+01  1.53297867e+00  1.21756000e+01  1.50004058e+00  3.62552399e-01  4.38726241e-02  8.90051293e-02  4.16444148e+02 
 7.21055522e+14  8.61182532e+34  1.33061000e+01  1.53317559e+00  1.21756000e+01  1.50021794e+00  3.62571592e-01  4.38925373e-02  8.89926841e-02  4.16118596e+02 
 7.23277493e+14  8.61506929e+34  1.33061000e+01  1.53337026e+00  1.21766000e+01  1.50050966e+00  3.62590486e-01  4.37618459e-02  8.89803059e-02  4.15796679e+02 
 7.25499464e+14  8.61829988e+34  1.33061000e+01  1.53356204e+00  1.21766000e+01  1.50068268e+00  3.62609017e-01  4.37809008e-02  8.89680356e-02  4.15479454e+02 
 7.27721434e+14  8.62152749e+34  1.33061000e+01  1.53375157e+00  1.21766000e+01  1.50085379e+00  3.62627249e-01  4.37995853e-02  8.89558328e-02  4.15165844e+02 
 7.29943405e+14  8.62474394e+34  1.33061000e+01  1.53393842e+00  1.21766000e+01  1.50102258e+00  3.62645140e-01  4.38178628e-02  8.89437276e-02  4.14856592e+02 
 7.32165376e+14  8.62795536e+34  1.33061000e+01  1.53412296e+00  1.21766000e+01  1.50118938e+00  3.62662727e-01  4.38357900e-02  8.89316955e-02  4.14551050e+02 
 7.34387346e+14  8.63115780e+34  1.33061000e+01  1.53430499e+00  1.21776000e+01  1.50147031e+00  3.62679990e-01  4.37031476e-02  8.89197492e-02  4.14249547e+02 
 7.36609317e+14  8.63435321e+34  1.33061000e+01  1.53448465e+00  1.21776000e+01  1.50163299e+00  3.62696944e-01  4.37202568e-02  8.89078811e-02  4.13951842e+02 
 7.38831288e+14  8.63754177e+34  1.33061000e+01  1.53466197e+00  1.21776000e+01  1.50179367e+00  3.62713592e-01  4.37369879e-02  8.88960887e-02  4.13657874e+02 
 7.41053258e+14  8.64072134e+34  1.33061000e+01  1.53483687e+00  1.21776000e+01  1.50195227e+00  3.62729927e-01  4.37533381e-02  8.88843787e-02  4.13367780e+02 
 7.43275229e+14  8.64389614e+34  1.33061000e+01  1.53500960e+00  1.21776000e+01  1.50210901e+00  3.62745975e-01  4.37693492e-02  8.88727360e-02  4.13081138e+02 
 7.45497200e+14  8.64706004e+34  1.33061000e+01  1.53517986e+00  1.21776000e+01  1.50226362e+00  3.62761708e-01  4.37849919e-02  8.88611811e-02  4.12798444e+02 
 7.47719170e+14  8.65022122e+34  1.33061000e+01  1.53534811e+00  1.21786000e+01  1.50253285e+00  3.62777166e-01  4.36501585e-02  8.88496816e-02  4.12518926e+02 
 7.49941141e+14  8.65336961e+34  1.33061000e+01  1.53551384e+00  1.21786000e+01  1.50268363e+00  3.62792306e-01  4.36650309e-02  8.88382749e-02  4.12243422e+02 
 7.52163112e+14  8.65651603e+34  1.33061000e+01  1.53567765e+00  1.21786000e+01  1.50283279e+00  3.62807185e-01  4.36795808e-02  8.88269210e-02  4.11970942e+02 
 7.54385082e+14  8.65965033e+34  1.33051000e+01  1.53583903e+00  1.21786000e+01  1.50297986e+00  3.62876303e-01  4.36937767e-02  8.88080939e-02  4.11512605e+02 
 7.56607053e+14  8.66278145e+34  1.33051000e+01  1.53599847e+00  1.21786000e+01  1.50312528e+00  3.62890611e-01  4.37076219e-02  8.87968815e-02  4.11247144e+02 
 7.58829024e+14  8.66590250e+34  1.33051000e+01  1.53615564e+00  1.21786000e+01  1.50326874e+00  3.62904629e-01  4.37211448e-02  8.87857493e-02  4.10985269e+02 
 7.61050995e+14  8.66901846e+34  1.33051000e+01  1.53631082e+00  1.21796000e+01  1.50352683e+00  3.62918379e-01  4.35842801e-02  8.87746765e-02  4.10726520e+02 
 7.63272965e+14  8.67212638e+34  1.33051000e+01  1.53646388e+00  1.21796000e+01  1.50366683e+00  3.62931852e-01  4.35970850e-02  8.87636726e-02  4.10471099e+02 
 7.65494936e+14  8.67522735e+34  1.33051000e+01  1.53661490e+00  1.21796000e+01  1.50380509e+00  3.62945057e-01  4.36095598e-02  8.87527338e-02  4.10218872e+02 
 7.67716907e+14  8.67832225e+34  1.33051000e+01  1.53676394e+00  1.21796000e+01  1.50394166e+00  3.62958000e-01  4.36217208e-02  8.87418570e-02  4.09969732e+02 
 7.69938877e+14  8.68140838e+34  1.33051000e+01  1.53691091e+00  1.21796000e+01  1.50407645e+00  3.62970672e-01  4.36335501e-02  8.87310497e-02  4.09723854e+02 
 7.72160848e+14  8.68449039e+34  1.33051000e+01  1.53705603e+00  1.21796000e+01  1.50420968e+00  3.62983096e-01  4.36450704e-02  8.87202949e-02  4.09480827e+02 
 7.74382819e+14  8.68756184e+34  1.33051000e+01  1.53719904e+00  1.21796000e+01  1.50434109e+00  3.62995249e-01  4.36562833e-02  8.87096155e-02  4.09241122e+02 
 7.76604789e+14  8.69063106e+34  1.33051000e+01  1.53734034e+00  1.21796000e+01  1.50447105e+00  3.63007166e-01  4.36671913e-02  8.87398888e-02  4.09192680e+02 
 7.78826760e+14  8.69368797e+34  1.33051000e+01  1.53747949e+00  1.21806000e+01  1.50471551e+00  3.63018811e-01  4.35277820e-02  8.87293295e-02  4.08958879e+02 
 7.81048731e+14  8.69674304e+34  1.33051000e+01  1.53761698e+00  1.21806000e+01  1.50484226e+00  3.63030227e-01  4.35380462e-02  8.87188121e-02  4.08727614e+02 
 7.83270701e+14  8.69978704e+34  1.33051000e+01  1.53775243e+00  1.21806000e+01  1.50496725e+00  3.63041381e-01  4.35479976e-02  8.87083683e-02  4.08499548e+02 
 7.85492672e+14  8.70282776e+34  1.33051000e+01  1.53788619e+00  1.21806000e+01  1.50509082e+00  3.63052307e-01  4.35576687e-02  8.86979713e-02  4.08274063e+02 
 7.87714643e+14  8.70585932e+34  1.33051000e+01  1.53801804e+00  1.21806000e+01  1.50521274e+00  3.63062985e-01  4.35670369e-02  8.86876399e-02  4.08051560e+02 
 7.89936613e+14  8.70888582e+34  1.33051000e+01  1.53814817e+00  1.21806000e+01  1.50533321e+00  3.63073432e-01  4.35761207e-02  8.86773595e-02  4.07831698e+02 
 7.92158584e+14  8.71190504e+34  1.33051000e+01  1.53827651e+00  1.21806000e+01  1.50545213e+00  3.63083643e-01  4.35849301e-02  8.86671373e-02  4.07614614e+02 
 7.94380555e+14  8.71491748e+34  1.33051000e+01  1.53840309e+00  1.21806000e+01  1.50556955e+00  3.63093624e-01  4.35934578e-02  8.86569715e-02  4.07400232e+02 
 7.96602526e+14  8.71792447e+34  1.33051000e+01  1.53852799e+00  1.21816000e+01  1.50580190e+00  3.63103380e-01  4.34517954e-02  8.86468563e-02  4.07188425e+02 
 7.98824496e+14  8.72092297e+34  1.33051000e+01  1.53865111e+00  1.21816000e+01  1.50591640e+00  3.63112904e-01  4.34597370e-02  8.86368014e-02  4.06979374e+02 
 8.01046467e+14  8.72391784e+34  1.33051000e+01  1.53877266e+00  1.21816000e+01  1.50602958e+00  3.63122215e-01  4.34674111e-02  8.86267901e-02  4.06772712e+02 
 8.03268438e+14  8.72690255e+34  1.33051000e+01  1.53889239e+00  1.21816000e+01  1.50614119e+00  3.63131294e-01  4.34748060e-02  8.86168437e-02  4.06568854e+02 
 8.05490408e+14  8.72988541e+34  1.33051000e+01  1.53901067e+00  1.21816000e+01  1.50625158e+00  3.63140171e-01  4.34819526e-02  8.86069349e-02  4.06367203e+02 
 8.07712379e+14  8.73285646e+34  1.33051000e+01  1.53912711e+00  1.21816000e+01  1.50636038e+00  3.63148816e-01  4.34888208e-02  8.85970954e-02  4.06168406e+02 
 8.09934350e+14  8.73582580e+34  1.33051000e+01  1.53924213e+00  1.21816000e+01  1.50646798e+00  3.63157264e-01  4.34954390e-02  8.85872912e-02  4.05971748e+02 
 8.12156320e+14  8.73878493e+34  1.33051000e+01  1.53935541e+00  1.21816000e+01  1.50657409e+00  3.63165491e-01  4.35017927e-02  8.85775504e-02  4.05777772e+02 
 8.14378291e+14  8.74174078e+34  1.33051000e+01  1.53946724e+00  1.21816000e+01  1.50667897e+00  3.63173519e-01  4.35079126e-02  8.85678496e-02  4.05585987e+02 
 8.16600262e+14  8.74468820e+34  1.33051000e+01  1.53957744e+00  1.21816000e+01  1.50678244e+00  3.63181339e-01  4.35137808e-02  8.85582056e-02  4.05396701e+02 
 8.18822232e+14  8.74763069e+34  1.33051000e+01  1.53968616e+00  1.21816000e+01  1.50688467e+00  3.63188959e-01  4.35193986e-02  8.85486060e-02  4.05209662e+02 
 8.21044203e+14  8.75056650e+34  1.33051000e+01  1.53979335e+00  1.21826000e+01  1.50710195e+00  3.63196379e-01  4.33749408e-02  8.85390563e-02  4.05024953e+02 
 8.23266174e+14  8.75349575e+34  1.33051000e+01  1.53989904e+00  1.21826000e+01  1.50720160e+00  3.63203601e-01  4.33800542e-02  8.85295554e-02  4.04842540e+02 
 8.25488144e+14  8.75642005e+34  1.33051000e+01  1.54000329e+00  1.21826000e+01  1.50730004e+00  3.63210631e-01  4.33849288e-02  8.85200977e-02  4.04662297e+02 
 8.27710115e+14  8.75933620e+34  1.33051000e+01  1.54010600e+00  1.21826000e+01  1.50739716e+00  3.63217463e-01  4.33895631e-02  8.85106932e-02  4.04484390e+02 
 8.29932086e+14  8.76224908e+34  1.33051000e+01  1.54020738e+00  1.21826000e+01  1.50749315e+00  3.63224114e-01  4.33939755e-02  8.85013264e-02  4.04308496e+02 
 8.32154057e+14  8.76515225e+34  1.33041000e+01  1.54030721e+00  1.21826000e+01  1.50758780e+00  3.63285183e-01  4.33981784e-02  8.84844518e-02  4.03948597e+02 
 8.34376027e+14  8.76805378e+34  1.33041000e+01  1.54040578e+00  1.21826000e+01  1.50768139e+00  3.63291463e-01  4.34021394e-02  8.84751746e-02  4.03777028e+02 
 8.36597998e+14  8.77094412e+34  1.33041000e+01  1.54050279e+00  1.21826000e+01  1.50777363e+00  3.63297549e-01  4.34058696e-02  8.84659589e-02  4.03607872e+02 
 8.38819969e+14  8.77383282e+34  1.33041000e+01  1.54059857e+00  1.21826000e+01  1.50786484e+00  3.63303463e-01  4.34093832e-02  8.84567738e-02  4.03440537e+02 
 8.41041939e+14  8.77671203e+34  1.33041000e+01  1.54069286e+00  1.21826000e+01  1.50795477e+00  3.63309191e-01  4.34126714e-02  8.84884632e-02  4.03461575e+02 
 8.43263910e+14  8.77958803e+34  1.33041000e+01  1.54078591e+00  1.21826000e+01  1.50804365e+00  3.63314748e-01  4.34157489e-02  8.84793649e-02  4.03298299e+02 
 8.45485881e+14  8.78245620e+34  1.33041000e+01  1.54087757e+00  1.21826000e+01  1.50813132e+00  3.63320129e-01  4.34186244e-02  8.84703167e-02  4.03137133e+02 
 8.47707851e+14  8.78531961e+34  1.33041000e+01  1.54096795e+00  1.21826000e+01  1.50821791e+00  3.63325339e-01  4.34212909e-02  8.84613081e-02  4.02977883e+02 
 8.49929822e+14  8.78817683e+34  1.33041000e+01  1.54105702e+00  1.21826000e+01  1.50830338e+00  3.63330379e-01  4.34237499e-02  8.84523431e-02  4.02820605e+02 
 8.52151793e+14  8.79102777e+34  1.33041000e+01  1.54114481e+00  1.21826000e+01  1.50838775e+00  3.63335251e-01  4.34260005e-02  8.84434217e-02  4.02665281e+02 
 8.54373763e+14  8.79387413e+34  1.33041000e+01  1.54123136e+00  1.21826000e+01  1.50847108e+00  3.63339959e-01  4.34280455e-02  8.84345383e-02  4.02511796e+02 
 8.56595734e+14  8.79671271e+34  1.33041000e+01  1.54131660e+00  1.21836000e+01  1.50866965e+00  3.63344499e-01  4.32801571e-02  8.84257023e-02  4.02360304e+02 
 8.58817705e+14  8.79954830e+34  1.33041000e+01  1.54140068e+00  1.21836000e+01  1.50875088e+00  3.63348882e-01  4.32817993e-02  8.84168990e-02  4.02210527e+02 
 8.61039675e+14  8.80237465e+34  1.33041000e+01  1.54148344e+00  1.21836000e+01  1.50883097e+00  3.63353100e-01  4.32832467e-02  8.84081474e-02  4.02062769e+02 
 8.63261646e+14  8.80519946e+34  1.33041000e+01  1.54156511e+00  1.21836000e+01  1.50891014e+00  3.63357168e-01  4.32845080e-02  8.83994238e-02  4.01916613e+02 
 8.65483617e+14  8.80801377e+34  1.33041000e+01  1.54164545e+00  1.21836000e+01  1.50898815e+00  3.63361072e-01  4.32855781e-02  8.83907551e-02  4.01772498e+02 
 8.67705588e+14  8.81082649e+34  1.33041000e+01  1.54172472e+00  1.21836000e+01  1.50906527e+00  3.63364829e-01  4.32864622e-02  8.83821137e-02  4.01629948e+02 
 8.69927558e+14  8.81363029e+34  1.33041000e+01  1.54180273e+00  1.21836000e+01  1.50914130e+00  3.63368430e-01  4.32871622e-02  8.83735218e-02  4.01489311e+02 
 8.72149529e+14  8.81643101e+34  1.33041000e+01  1.54187966e+00  1.21836000e+01  1.50921641e+00  3.63371883e-01  4.32876798e-02  8.83649614e-02  4.01350284e+02 
 8.74371500e+14  8.81922439e+34  1.33041000e+01  1.54195540e+00  1.21836000e+01  1.50929050e+00  3.63375187e-01  4.32880175e-02  8.83564451e-02  4.01213049e+02 
 8.76593470e+14  8.82201322e+34  1.33031000e+01  1.54203005e+00  1.21836000e+01  1.50936365e+00  3.63432987e-01  4.32882007e-02  8.83403975e-02  4.00892403e+02 
 8.78815441e+14  8.82479626e+34  1.33031000e+01  1.54210357e+00  1.21836000e+01  1.50943584e+00  3.63436001e-01  4.32881857e-02  8.83319558e-02  4.00758547e+02 
 8.81037412e+14  8.82757332e+34  1.33031000e+01  1.54217598e+00  1.21836000e+01  1.50950708e+00  3.63438872e-01  4.32879984e-02  8.83235534e-02  4.00626361e+02 
 8.83259382e+14  8.83034610e+34  1.33031000e+01  1.54224733e+00  1.21836000e+01  1.50957741e+00  3.63441604e-01  4.32876436e-02  8.83559580e-02  4.00680647e+02 
 8.85481353e+14  8.83311150e+34  1.33031000e+01  1.54231755e+00  1.21836000e+01  1.50964678e+00  3.63444196e-01  4.32871226e-02  8.83476297e-02  4.00551674e+02 
 8.87703324e+14  8.83587409e+34  1.33031000e+01  1.54238678e+00  1.21836000e+01  1.50971529e+00  3.63446653e-01  4.32864347e-02  8.83393306e-02  4.00424171e+02 
 8.89925294e+14  8.83862793e+34  1.33031000e+01  1.54245488e+00  1.21836000e+01  1.50978283e+00  3.63448970e-01  4.32855831e-02  8.83310781e-02  4.00298394e+02 
 8.92147265e+14  8.84138032e+34  1.33031000e+01  1.54252203e+00  1.21836000e+01  1.50984957e+00  3.63451157e-01  4.32845684e-02  8.83228502e-02  4.00173992e+02 
 8.94369236e+14  8.84412280e+34  1.33031000e+01  1.54258804e+00  1.21836000e+01  1.50991532e+00  3.63453209e-01  4.32833962e-02  8.83146722e-02  4.00051328e+02 
 8.96591207e+14  8.84686375e+34  1.33031000e+01  1.54265313e+00  1.21836000e+01  1.50998029e+00  3.63455133e-01  4.32820650e-02  8.83065186e-02  3.99930008e+02 
 8.98813177e+14  8.84959629e+34  1.33031000e+01  1.54271715e+00  1.21836000e+01  1.51004433e+00  3.63456927e-01  4.32805802e-02  8.82984100e-02  3.99810326e+02 
 9.01035148e+14  8.85232591e+34  1.33031000e+01  1.54278022e+00  1.21836000e+01  1.51010757e+00  3.63458594e-01  4.32789398e-02  8.82903295e-02  3.99692024e+02 
 9.03257119e+14  8.85504859e+34  1.33031000e+01  1.54284228e+00  1.21836000e+01  1.51016993e+00  3.63460135e-01  4.32771507e-02  8.82822892e-02  3.99575253e+02 
 9.05479089e+14  8.85776698e+34  1.33031000e+01  1.54290339e+00  1.21836000e+01  1.51023148e+00  3.63461552e-01  4.32752106e-02  8.82742809e-02  3.99459894e+02 
 9.07701060e+14  8.86047986e+34  1.33031000e+01  1.54296353e+00  1.21836000e+01  1.51029220e+00  3.63462847e-01  4.32731251e-02  8.82663080e-02  3.99345972e+02 
 9.09923031e+14  8.86318711e+34  1.33031000e+01  1.54302272e+00  1.21836000e+01  1.51035210e+00  3.63464021e-01  4.32708962e-02  8.82583709e-02  3.99233487e+02 
 9.12145001e+14  8.86589029e+34  1.33031000e+01  1.54308100e+00  1.21836000e+01  1.51041121e+00  3.63465076e-01  4.32685260e-02  8.82504649e-02  3.99122349e+02 
 9.14366972e+14  8.86858650e+34  1.33021000e+01  1.54313830e+00  1.21836000e+01  1.51046949e+00  3.63520672e-01  4.32660389e-02  8.82350319e-02  3.98828523e+02 
 9.16588943e+14  8.87128004e+34  1.33021000e+01  1.54319475e+00  1.21836000e+01  1.51052704e+00  3.63521493e-01  4.32633870e-02  8.82271920e-02  3.98720158e+02 
 9.18810913e+14  8.87396531e+34  1.33021000e+01  1.54325023e+00  1.21836000e+01  1.51058374e+00  3.63522199e-01  4.32606010e-02  8.82193946e-02  3.98613265e+02 
 9.21032884e+14  8.87664923e+34  1.33021000e+01  1.54330488e+00  1.21836000e+01  1.51063975e+00  3.63522793e-01  4.32576750e-02  8.82523552e-02  3.98691587e+02 
 9.23254855e+14  8.87932371e+34  1.33021000e+01  1.54335857e+00  1.21836000e+01  1.51069490e+00  3.63523273e-01  4.32546195e-02  8.82446224e-02  3.98587328e+02 
 9.25476825e+14  8.88199681e+34  1.33021000e+01  1.54341145e+00  1.21836000e+01  1.51074938e+00  3.63523643e-01  4.32514279e-02  8.82369118e-02  3.98484228e+02 
 9.27698796e+14  8.88466187e+34  1.33021000e+01  1.54346340e+00  1.21836000e+01  1.51080306e+00  3.63523905e-01  4.32481098e-02  8.82292424e-02  3.98382532e+02 
 9.29920767e+14  8.88732423e+34  1.33021000e+01  1.54351455e+00  1.21836000e+01  1.51085604e+00  3.63524058e-01  4.32446607e-02  8.82215987e-02  3.98282022e+02 
 9.32142738e+14  8.88997995e+34  1.33021000e+01  1.54356482e+00  1.21836000e+01  1.51090826e+00  3.63524106e-01  4.32410871e-02  8.82139919e-02  3.98182834e+02 
 9.34364708e+14  8.89263167e+34  1.33021000e+01  1.54361428e+00  1.21836000e+01  1.51095979e+00  3.63524048e-01  4.32373867e-02  8.82064141e-02  3.98084856e+02 
 9.36586679e+14  8.89527811e+34  1.33021000e+01  1.54366290e+00  1.21836000e+01  1.51101059e+00  3.63523887e-01  4.32335632e-02  8.81988689e-02  3.97988122e+02 
 9.38808650e+14  8.89791928e+34  1.33021000e+01  1.54371069e+00  1.21836000e+01  1.51106068e+00  3.63523623e-01  4.32296188e-02  8.81913561e-02  3.97892617e+02 
 9.41030620e+14  8.90055652e+34  1.33021000e+01  1.54375770e+00  1.21836000e+01  1.51111010e+00  3.63523259e-01  4.32255535e-02  8.81838720e-02  3.97798281e+02 
 9.43252591e+14  8.90318723e+34  1.33021000e+01  1.54380388e+00  1.21836000e+01  1.51115879e+00  3.63522795e-01  4.32213724e-02  8.81764234e-02  3.97705192e+02 
 9.45474562e+14  8.90581533e+34  1.33021000e+01  1.54384931e+00  1.21836000e+01  1.51120685e+00  3.63522233e-01  4.32170710e-02  8.81689994e-02  3.97613203e+02 
 9.47696532e+14  8.90843567e+34  1.33011000e+01  1.54389390e+00  1.21836000e+01  1.51125417e+00  3.63576245e-01  4.32126824e-02  8.81540489e-02  3.97338983e+02 
 9.49918503e+14  8.91105470e+34  1.33011000e+01  1.54393779e+00  1.21836000e+01  1.51130090e+00  3.63575489e-01  4.32081519e-02  8.81466849e-02  3.97249331e+02 
 9.52140474e+14  8.91366476e+34  1.33011000e+01  1.54398084e+00  1.21836000e+01  1.51134689e+00  3.63574640e-01  4.32035174e-02  8.81393628e-02  3.97160954e+02 
 9.54362444e+14  8.91627355e+34  1.33011000e+01  1.54402319e+00  1.21836000e+01  1.51139229e+00  3.63573696e-01  4.31987663e-02  8.81727684e-02  3.97256992e+02 
 9.56584415e+14  8.91887464e+34  1.33011000e+01  1.54406475e+00  1.21836000e+01  1.51143699e+00  3.63572662e-01  4.31939147e-02  8.81655018e-02  3.97170796e+02 
 9.58806386e+14  8.92147326e+34  1.33011000e+01  1.54410562e+00  1.21836000e+01  1.51148109e+00  3.63571536e-01  4.31889529e-02  8.81582585e-02  3.97085620e+02 
 9.61028356e+14  8.92406548e+34  1.33011000e+01  1.54414572e+00  1.21836000e+01  1.51152453e+00  3.63570320e-01  4.31838876e-02  8.81510494e-02  3.97001595e+02 
 9.63250327e+14  8.92665401e+34  1.33011000e+01  1.54418512e+00  1.21836000e+01  1.51156736e+00  3.63569016e-01  4.31787177e-02  8.81438669e-02  3.96918605e+02 
 9.65472298e+14  8.92923742e+34  1.33011000e+01  1.54422379e+00  1.21836000e+01  1.51160957e+00  3.63567624e-01  4.31734449e-02  8.81367148e-02  3.96836701e+02 
 9.67694269e+14  8.93181594e+34  1.33011000e+01  1.54426177e+00  1.21836000e+01  1.51165117e+00  3.63566147e-01  4.31680731e-02  8.81295923e-02  3.96755847e+02 
 9.69916239e+14  8.93439061e+34  1.33011000e+01  1.54429905e+00  1.21836000e+01  1.51169216e+00  3.63564583e-01  4.31625986e-02  8.81224966e-02  3.96676019e+02 
 9.72138210e+14  8.93695920e+34  1.33011000e+01  1.54433562e+00  1.21836000e+01  1.51173255e+00  3.63562937e-01  4.31570302e-02  8.81154335e-02  3.96597257e+02 
 9.74360181e+14  8.93952520e+34  1.33011000e+01  1.54437154e+00  1.21836000e+01  1.51177237e+00  3.63561206e-01  4.31513600e-02  8.81083933e-02  3.96519456e+02 
 9.76582151e+14  8.94208394e+34  1.33011000e+01  1.54440675e+00  1.21836000e+01  1.51181156e+00  3.63559395e-01  4.31456005e-02  8.81013888e-02  3.96442741e+02 
 9.78804122e+14  8.94464133e+34  1.33011000e+01  1.54444134e+00  1.21836000e+01  1.51185022e+00  3.63557501e-01  4.31397403e-02  8.80944036e-02  3.96366923e+02 
 9.81026093e+14  8.94719031e+34  1.33001000e+01  1.54447521e+00  1.21836000e+01  1.51188826e+00  3.63610211e-01  4.31338192e-02  8.80798930e-02  3.96109242e+02 
 9.83248063e+14  8.94973809e+34  1.33001000e+01  1.54450848e+00  1.21836000e+01  1.51192577e+00  3.63608159e-01  4.31277752e-02  8.80729656e-02  3.96035437e+02 
 9.85470034e+14  8.95227843e+34  1.33001000e+01  1.54454106e+00  1.21836000e+01  1.51196268e+00  3.63606031e-01  4.31216487e-02  8.81067577e-02  3.96145601e+02 
 9.87692005e+14  8.95481655e+34  1.33001000e+01  1.54457304e+00  1.21836000e+01  1.51199908e+00  3.63603826e-01  4.31154285e-02  8.80998842e-02  3.96073694e+02 
 9.89913975e+14  8.95734847e+34  1.33001000e+01  1.54460437e+00  1.21836000e+01  1.51203490e+00  3.63601546e-01  4.31091256e-02  8.80930427e-02  3.96002777e+02 
 9.92135946e+14  8.95987700e+34  1.33001000e+01  1.54463508e+00  1.21836000e+01  1.51207018e+00  3.63599190e-01  4.31027330e-02  8.80862256e-02  3.95932768e+02 
 9.94357917e+14  8.96240054e+34  1.33001000e+01  1.54466517e+00  1.21836000e+01  1.51210493e+00  3.63596762e-01  4.30962572e-02  8.80794370e-02  3.95863696e+02 
 9.96579887e+14  8.96491956e+34  1.33001000e+01  1.54469465e+00  1.21836000e+01  1.51213914e+00  3.63594260e-01  4.30896981e-02  8.80726755e-02  3.95795537e+02 
 9.98801858e+14  8.96743479e+34  1.33001000e+01  1.54472353e+00  1.21836000e+01  1.51217283e+00  3.63591687e-01  4.30830552e-02  8.80659392e-02  3.95728264e+02 
 1.00102383e+15  8.96994438e+34  1.33001000e+01  1.54475181e+00  1.21836000e+01  1.51220599e+00  3.63589044e-01  4.30763346e-02  8.80592328e-02  3.95661917e+02 
 1.00324580e+15  8.97245136e+34  1.33001000e+01  1.54477951e+00  1.21836000e+01  1.51223866e+00  3.63586330e-01  4.30695292e-02  8.80525481e-02  3.95596406e+02 
 1.00546777e+15  8.97495158e+34  1.33001000e+01  1.54480661e+00  1.21836000e+01  1.51227079e+00  3.63583550e-01  4.30626519e-02  8.80458961e-02  3.95531831e+02 
 1.00768974e+15  8.97745037e+34  1.33001000e+01  1.54483316e+00  1.21836000e+01  1.51230245e+00  3.63580698e-01  4.30556891e-02  8.80392626e-02  3.95468046e+02 
 1.00991171e+15  8.97994131e+34  1.32991000e+01  1.54485910e+00  1.21836000e+01  1.51233357e+00  3.63632471e-01  4.30486829e-02  8.80251016e-02  3.95222624e+02 
 1.01213368e+15  8.98243113e+34  1.32991000e+01  1.54488451e+00  1.21836000e+01  1.51236423e+00  3.63629487e-01  4.30415695e-02  8.80185214e-02  3.95160577e+02 
 1.01435565e+15  8.98491370e+34  1.32991000e+01  1.54490934e+00  1.21826000e+01  1.51227800e+00  3.63626441e-01  4.31838935e-02  8.80526396e-02  3.95281990e+02 
 1.01657762e+15  8.98739432e+34  1.32991000e+01  1.54493363e+00  1.21826000e+01  1.51230769e+00  3.63623327e-01  4.31766262e-02  8.80461095e-02  3.95221595e+02 
 1.01879959e+15  8.98986887e+34  1.32991000e+01  1.54495737e+00  1.21826000e+01  1.51233688e+00  3.63620153e-01  4.31692917e-02  8.80396097e-02  3.95162068e+02 
 1.02102157e+15  8.99234036e+34  1.32991000e+01  1.54498057e+00  1.21826000e+01  1.51236562e+00  3.63616914e-01  4.31618830e-02  8.80331321e-02  3.95103320e+02 
 1.02324354e+15  8.99480695e+34  1.32991000e+01  1.54500324e+00  1.21826000e+01  1.51239388e+00  3.63613614e-01  4.31544037e-02  8.80266814e-02  3.95045390e+02 
 1.02546551e+15  8.99726939e+34  1.32991000e+01  1.54502538e+00  1.21826000e+01  1.51242168e+00  3.63610254e-01  4.31468533e-02  8.80202555e-02  3.94988249e+02 
 1.02768748e+15  8.99972807e+34  1.32991000e+01  1.54504700e+00  1.21826000e+01  1.51244903e+00  3.63606833e-01  4.31392335e-02  8.80138534e-02  3.94931885e+02 
 1.02990945e+15  9.00218153e+34  1.32991000e+01  1.54506809e+00  1.21826000e+01  1.51247591e+00  3.63603354e-01  4.31315497e-02  8.80074789e-02  3.94876324e+02 
 1.03213142e+15  9.00463235e+34  1.32991000e+01  1.54508869e+00  1.21826000e+01  1.51250237e+00  3.63599814e-01  4.31237963e-02  8.80011251e-02  3.94821495e+02 
 1.03435339e+15  9.00707691e+34  1.32991000e+01  1.54510878e+00  1.21826000e+01  1.51252836e+00  3.63596221e-01  4.31159855e-02  8.79948013e-02  3.94767469e+02 
 1.03657536e+15  9.00951992e+34  1.32991000e+01  1.54512837e+00  1.21826000e+01  1.51255393e+00  3.63592566e-01  4.31081032e-02  8.79884953e-02  3.94714148e+02 
 1.03879733e+15  9.01195564e+34  1.32991000e+01  1.54514745e+00  1.21826000e+01  1.51257903e+00  3.63588860e-01  4.31001745e-02  8.79822219e-02  3.94661634e+02 
 1.04101930e+15  9.01439028e+34  1.32981000e+01  1.54516607e+00  1.21826000e+01  1.51260374e+00  3.63639788e-01  4.30921976e-02  8.79684040e-02  3.94427554e+02 
 1.04324127e+15  9.01681785e+34  1.32981000e+01  1.54518418e+00  1.21826000e+01  1.51262799e+00  3.63635972e-01  4.30841460e-02  8.79621793e-02  3.94376533e+02 
 1.04546324e+15  9.01924374e+34  1.32981000e+01  1.54520184e+00  1.21826000e+01  1.51265185e+00  3.63632099e-01  4.30760281e-02  8.79966165e-02  3.94508390e+02 
 1.04768521e+15  9.02166366e+34  1.32981000e+01  1.54521900e+00  1.21826000e+01  1.51267526e+00  3.63628175e-01  4.30678561e-02  8.79904354e-02  3.94458772e+02 
 1.04990718e+15  9.02812611e+34  1.32981000e+01  1.54526297e+00  1.21826000e+01  1.51273630e+00  3.63617378e-01  4.30456089e-02  8.79739237e-02  3.94328642e+02 
 1.05212915e+15  9.04180493e+34  1.32981000e+01  1.54534975e+00  1.21826000e+01  1.51286115e+00  3.63592970e-01  4.29962461e-02  8.79385230e-02  3.94059307e+02 
 1.05435113e+15  9.09530422e+34  1.32961000e+01  1.54563352e+00  1.21806000e+01  1.51308254e+00  3.63590321e-01  4.30767771e-02  8.78596092e-02  3.93048704e+02 
 1.05657310e+15  9.18893334e+34  1.32921000e+01  1.54600828e+00  1.21786000e+01  1.51358503e+00  3.63565724e-01  4.29185501e-02  8.77135819e-02  3.91330899e+02 
 1.05879507e+15  9.28338886e+34  1.32871000e+01  1.54629524e+00  1.21746000e+01  1.51383085e+00  3.63548784e-01  4.29817650e-02  8.75307352e-02  3.89419660e+02 
 1.06101704e+15  9.37831914e+34  1.32831000e+01  1.54652747e+00  1.21716000e+01  1.51418871e+00  3.63440356e-01  4.28337367e-02  8.73710470e-02  3.87833162e+02 
 1.06323901e+15  9.47425861e+34  1.32771000e+01  1.54672486e+00  1.21676000e+01  1.51444155e+00  3.63408447e-01  4.27784488e-02  8.72122916e-02  3.86008514e+02 
 1.06546098e+15  9.57050116e+34  1.32721000e+01  1.54689783e+00  1.21636000e+01  1.51470698e+00  3.63295520e-01  4.26773846e-02  8.70008384e-02  3.84133246e+02 
 1.06768295e+15  9.66793446e+34  1.32661000e+01  1.54705622e+00  1.21586000e+01  1.51488022e+00  3.63210527e-01  4.26779256e-02  8.68004419e-02  3.82187228e+02 
 1.06990492e+15  9.76553682e+34  1.32601000e+01  1.54720445e+00  1.21536000e+01  1.51507226e+00  3.63105489e-01  4.26424219e-02  8.65838002e-02  3.80189829e+02 
 1.07212689e+15  9.86443723e+34  1.32531000e+01  1.54734899e+00  1.21486000e+01  1.51529420e+00  3.63032183e-01  4.25648946e-02  8.63799209e-02  3.78117850e+02 
 1.07434886e+15  9.96354156e+34  1.32461000e+01  1.54749204e+00  1.21436000e+01  1.51553871e+00  3.62942588e-01  4.24570964e-02  8.61619101e-02  3.75994705e+02 
 1.07657083e+15  1.00637875e+35  1.32391000e+01  1.54763810e+00  1.21376000e+01  1.51569924e+00  3.62833730e-01  4.24624113e-02  8.59265166e-02  3.73801323e+02 
 1.07879280e+15  1.01644032e+35  1.32321000e+01  1.54778869e+00  1.21326000e+01  1.51600128e+00  3.62710699e-01  4.22913689e-02  8.56781651e-02  3.71555822e+02 
 1.08101477e+15  1.02660058e+35  1.32241000e+01  1.54794700e+00  1.21266000e+01  1.51622002e+00  3.62626422e-01  4.22384762e-02  8.54470576e-02  3.69245899e+02 
 1.08323674e+15  1.03681421e+35  1.32171000e+01  1.54811430e+00  1.21206000e+01  1.51646741e+00  3.62474606e-01  4.21604611e-02  8.51714258e-02  3.66883400e+02 
 1.08545872e+15  1.04711124e+35  1.32091000e+01  1.54829280e+00  1.21146000e+01  1.51674668e+00  3.62364358e-01  4.20560241e-02  8.49150241e-02  3.64463112e+02 
 1.08768069e+15  1.05747782e+35  1.32011000e+01  1.54848384e+00  1.21076000e+01  1.51694195e+00  3.62242468e-01  4.20768057e-02  8.46468836e-02  3.61990002e+02 
 1.08990266e+15  1.06791273e+35  1.31921000e+01  1.54868874e+00  1.21016000e+01  1.51728343e+00  3.62164736e-01  4.19262644e-02  8.43996593e-02  3.59466185e+02 
 1.09212463e+15  1.07843314e+35  1.31841000e+01  1.54890906e+00  1.20946000e+01  1.51754312e+00  3.62021185e-01  4.19018161e-02  8.41089868e-02  3.56889380e+02 
 1.09434660e+15  1.08900703e+35  1.31751000e+01  1.54914527e+00  1.20886000e+01  1.51794761e+00  3.61924155e-01  4.17099929e-02  8.38409646e-02  3.54269305e+02 
 1.09656857e+15  1.09968214e+35  1.31661000e+01  1.54939945e+00  1.20816000e+01  1.51827263e+00  3.61816748e-01  4.16446397e-02  8.35616176e-02  3.51596039e+02 
 1.09879054e+15  1.11039611e+35  1.31571000e+01  1.54967102e+00  1.20746000e+01  1.51862632e+00  3.61703115e-01  4.15644041e-02  8.32747383e-02  3.48887147e+02 
 1.10101251e+15  1.12122676e+35  1.31481000e+01  1.54996284e+00  1.20676000e+01  1.51901718e+00  3.61579451e-01  4.14620650e-02  8.29766455e-02  3.46124878e+02 
 1.10323448e+15  1.13208191e+35  1.31391000e+01  1.55027310e+00  1.20606000e+01  1.51943502e+00  3.61451582e-01  4.13482298e-02  8.26727472e-02  3.43334763e+02 
 1.10545645e+15  1.14306893e+35  1.31291000e+01  1.55060566e+00  1.20536000e+01  1.51989188e+00  3.61368961e-01  4.12124118e-02  8.23504333e-02  3.40331564e+02 
 1.10767842e+15  1.15406975e+35  1.31201000e+01  1.55095756e+00  1.20456000e+01  1.52026046e+00  3.61228826e-01  4.12164380e-02  8.20695397e-02  3.37626503e+02 
 1.10990039e+15  1.16521055e+35  1.31101000e+01  1.55133345e+00  1.20386000e+01  1.52078313e+00  3.61134516e-01  4.10505449e-02  8.17703894e-02  3.34709996e+02 
 1.11212236e+15  1.17636823e+35  1.31001000e+01  1.55172971e+00  1.20316000e+01  1.52133123e+00  3.61038586e-01  4.08773847e-02  8.14290833e-02  3.31619913e+02 
 1.11434433e+15  1.18765349e+35  1.30901000e+01  1.55215077e+00  1.20236000e+01  1.52180470e+00  3.60935077e-01  4.08338044e-02  8.11165681e-02  3.28642135e+02 
 1.11656630e+15  1.19896879e+35  1.30801000e+01  1.55259344e+00  1.20156000e+01  1.52230505e+00  3.60830092e-01  4.07828293e-02  8.08002035e-02  3.25647258e+02 
 1.11878828e+15  1.21039960e+35  1.30701000e+01  1.55306146e+00  1.20086000e+01  1.52295591e+00  3.60719092e-01  4.05675797e-02  8.05135400e-02  3.22766639e+02 
 1.12101025e+15  1.22187326e+35  1.30601000e+01  1.55355231e+00  1.20006000e+01  1.52352162e+00  3.60606724e-01  4.04930610e-02  8.01849643e-02  3.19716046e+02 
 1.12323222e+15  1.23345072e+35  1.30501000e+01  1.55406883e+00  1.19926000e+01  1.52412303e+00  3.60489824e-01  4.04049260e-02  7.98494642e-02  3.16634578e+02 
 1.12545419e+15  1.24508347e+35  1.30391000e+01  1.55460923e+00  1.19846000e+01  1.52475369e+00  3.60426887e-01  4.03091514e-02  7.95029799e-02  3.13388937e+02 
 1.12767616e+15  1.25680865e+35  1.30291000e+01  1.55517554e+00  1.19776000e+01  1.52553083e+00  3.60305589e-01  4.00544210e-02  7.91953894e-02  3.10415411e+02 
 1.12989813e+15  1.26860118e+35  1.30181000e+01  1.55576673e+00  1.19696000e+01  1.52622567e+00  3.60238332e-01  3.99397248e-02  7.88765473e-02  3.07278295e+02 
 1.13212010e+15  1.28047517e+35  1.30081000e+01  1.55638381e+00  1.19616000e+01  1.52695262e+00  3.60113990e-01  3.98161517e-02  7.85228377e-02  3.04123638e+02 
 1.13434207e+15  1.29242815e+35  1.29971000e+01  1.55702681e+00  1.19536000e+01  1.52771109e+00  3.60043775e-01  3.96845630e-02  7.81951778e-02  3.00954052e+02 
 1.13656404e+15  1.30445203e+35  1.29861000e+01  1.55769542e+00  1.19456000e+01  1.52849968e+00  3.59973098e-01  3.95462784e-02  7.78639754e-02  2.97773434e+02 
 1.13878601e+15  1.31656612e+35  1.29751000e+01  1.55839099e+00  1.19376000e+01  1.52932095e+00  3.59901221e-01  3.93997442e-02  7.75284487e-02  2.94578402e+02 
 1.14100798e+15  1.32874096e+35  1.29641000e+01  1.55911186e+00  1.19296000e+01  1.53017041e+00  3.59830075e-01  3.92486086e-02  7.71904544e-02  2.91378473e+02 
 1.14322995e+15  1.34101679e+35  1.29531000e+01  1.55986051e+00  1.19206000e+01  1.53094210e+00  3.59757712e-01  3.92360329e-02  7.68480511e-02  2.88164855e+02 
 1.14545192e+15  1.35334366e+35  1.29421000e+01  1.56063407e+00  1.19126000e+01  1.53185163e+00  3.59687207e-01  3.90736669e-02  7.65041958e-02  2.84952172e+02 
 1.14767389e+15  1.36578183e+35  1.29311000e+01  1.56143627e+00  1.19046000e+01  1.53279583e+00  3.59615488e-01  3.89025519e-02  7.61558540e-02  2.81726507e+02 
 1.14989586e+15  1.37826179e+35  1.29201000e+01  1.56226278e+00  1.18966000e+01  1.53376429e+00  3.59546659e-01  3.87306524e-02  7.58070089e-02  2.78507365e+02 
 1.15211784e+15  1.39086289e+35  1.29091000e+01  1.56311884e+00  1.18886000e+01  1.53476843e+00  3.59476651e-01  3.85498491e-02  7.54536169e-02  2.75275952e+02 
 1.15433981e+15  1.40349702e+35  1.28971000e+01  1.56399850e+00  1.18796000e+01  1.53568411e+00  3.59466230e-01  3.85164890e-02  7.51297315e-02  2.72056365e+02 
 1.15656178e+15  1.41626159e+35  1.28861000e+01  1.56490851e+00  1.18716000e+01  1.53674722e+00  3.59398955e-01  3.83274220e-02  7.47720084e-02  2.68825307e+02 
 1.15878375e+15  1.42905094e+35  1.28751000e+01  1.56584133e+00  1.18636000e+01  1.53783055e+00  3.59336402e-01  3.81408659e-02  7.44154868e-02  2.65610966e+02 
 1.16100572e+15  1.44197952e+35  1.28631000e+01  1.56680528e+00  1.18556000e+01  1.53895136e+00  3.59328632e-01  3.79451310e-02  7.40831262e-02  2.62386068e+02 
 1.16322769e+15  1.45492515e+35  1.28521000e+01  1.56779115e+00  1.18466000e+01  1.53998032e+00  3.59270548e-01  3.78993309e-02  7.37238117e-02  2.59182457e+02 
 1.16544966e+15  1.46801825e+35  1.28401000e+01  1.56880889e+00  1.18386000e+01  1.54115776e+00  3.59267413e-01  3.76981532e-02  7.33884206e-02  2.55969221e+02 
 1.16767163e+15  1.48112120e+35  1.28291000e+01  1.56984776e+00  1.18306000e+01  1.54235157e+00  3.59214645e-01  3.75023510e-02  7.30269944e-02  2.52781376e+02 
 1.16989360e+15  1.49437930e+35  1.28171000e+01  1.57091907e+00  1.18216000e+01  1.54347470e+00  3.59216985e-01  3.74427448e-02  7.26892652e-02  2.49584989e+02 
 1.17211557e+15  1.50764344e+35  1.28061000e+01  1.57201066e+00  1.18136000e+01  1.54472242e+00  3.59170092e-01  3.72437002e-02  7.23262007e-02  2.46417215e+02 
 1.17433754e+15  1.52106418e+35  1.27941000e+01  1.57313493e+00  1.18056000e+01  1.54600883e+00  3.59178821e-01  3.70358805e-02  7.19869216e-02  2.43243262e+02 
 1.17655951e+15  1.53449317e+35  1.27831000e+01  1.57427933e+00  1.17976000e+01  1.54730968e+00  3.59138452e-01  3.68347129e-02  7.16226946e-02  2.40099357e+02 
 1.17878148e+15  1.54807436e+35  1.27711000e+01  1.57545586e+00  1.17886000e+01  1.54853893e+00  3.59154424e-01  3.67707775e-02  7.12826004e-02  2.36953015e+02 
 1.18100345e+15  1.56166860e+35  1.27591000e+01  1.57665247e+00  1.17806000e+01  1.54989170e+00  3.59177559e-01  3.65683900e-02  7.09111368e-02  2.33723914e+02 
 1.18322543e+15  1.57541127e+35  1.27481000e+01  1.57788073e+00  1.17726000e+01  1.55128056e+00  3.59145114e-01  3.63592605e-02  7.05774094e-02  2.30722811e+02 
 1.18544740e+15  1.58917115e+35  1.27361000e+01  1.57912898e+00  1.17636000e+01  1.55257524e+00  3.59176211e-01  3.63013540e-02  7.02401368e-02  2.27639702e+02 
 1.18766937e+15  1.60307633e+35  1.27251000e+01  1.58040846e+00  1.17556000e+01  1.55401359e+00  3.59152177e-01  3.60929343e-02  6.98723936e-02  2.24560458e+02 
 1.18989134e+15  1.61700220e+35  1.27131000e+01  1.58170766e+00  1.17476000e+01  1.55546596e+00  3.59191851e-01  3.58912914e-02  6.95353678e-02  2.21513584e+02 
 1.19211331e+15  1.63107090e+35  1.27011000e+01  1.58303764e+00  1.17396000e+01  1.55695225e+00  3.59233341e-01  3.56846902e-02  6.91957550e-02  2.18473266e+02 
 1.19433528e+15  1.64516310e+35  1.26901000e+01  1.58438706e+00  1.17306000e+01  1.55834435e+00  3.59225602e-01  3.56287510e-02  6.88322126e-02  2.15466075e+02 
 1.19655725e+15  1.65939634e+35  1.26781000e+01  1.58576691e+00  1.17226000e+01  1.55987755e+00  3.59276698e-01  3.54245535e-02  6.84936908e-02  2.12467772e+02 
 1.19877922e+15  1.67365516e+35  1.26661000e+01  1.58716573e+00  1.17146000e+01  1.56142394e+00  3.59335288e-01  3.52273134e-02  6.81584444e-02  2.09503474e+02 
 1.20100119e+15  1.68805395e+35  1.26551000e+01  1.58859458e+00  1.17066000e+01  1.56300249e+00  3.59339714e-01  3.50264426e-02  6.77944938e-02  2.06550058e+02 
 1.20322316e+15  1.70247966e+35  1.26431000e+01  1.59004188e+00  1.16986000e+01  1.56459359e+00  3.59408484e-01  3.48327242e-02  6.74608160e-02  2.03631530e+02 
 1.20544513e+15  1.71704501e+35  1.26311000e+01  1.59151889e+00  1.16896000e+01  1.56610902e+00  3.59480233e-01  3.47789028e-02  6.71254962e-02  2.00725604e+02 
 1.20766710e+15  1.73163785e+35  1.26201000e+01  1.59301397e+00  1.16816000e+01  1.56774375e+00  3.59502795e-01  3.45892994e-02  6.67672117e-02  1.97855293e+02 
 1.20988907e+15  1.74637076e+35  1.26081000e+01  1.59453823e+00  1.16736000e+01  1.56940918e+00  3.59585470e-01  3.43969527e-02  6.64340531e-02  1.94999132e+02 
 1.21211104e+15  1.76113096e+35  1.25971000e+01  1.59607987e+00  1.16656000e+01  1.57108573e+00  3.59618984e-01  3.42122725e-02  6.60782882e-02  1.92179450e+02 
 1.21433301e+15  1.77603240e+35  1.25851000e+01  1.59765050e+00  1.16576000e+01  1.57279255e+00  3.59712985e-01  3.40252136e-02  6.57475963e-02  1.89375028e+02 
 1.21655499e+15  1.79096014e+35  1.25731000e+01  1.59923781e+00  1.16496000e+01  1.57450954e+00  3.59815119e-01  3.38461843e-02  6.54206964e-02  1.86607952e+02 
 1.21877696e+15  1.80603111e+35  1.25621000e+01  1.60085390e+00  1.16416000e+01  1.57625645e+00  3.59863569e-01  3.36649522e-02  6.50667333e-02  1.83856982e+02 
 1.22099893e+15  1.82112656e+35  1.25501000e+01  1.60248560e+00  1.16336000e+01  1.57801229e+00  3.59977521e-01  3.34920465e-02  6.47427381e-02  1.81144311e+02 
 1.22322090e+15  1.83636803e+35  1.25391000e+01  1.60414611e+00  1.16256000e+01  1.57979793e+00  3.60037842e-01  3.33171444e-02  6.43919884e-02  1.78448306e+02 
 1.22544287e+15  1.85163131e+35  1.25271000e+01  1.60582134e+00  1.16176000e+01  1.58159132e+00  3.60164010e-01  3.31509934e-02  6.40711831e-02  1.75791441e+02 
 1.22766484e+15  1.86704427e+35  1.25161000e+01  1.60752511e+00  1.16096000e+01  1.58341426e+00  3.60236451e-01  3.29828232e-02  6.37238611e-02  1.73151701e+02 
 1.22988681e+15  1.88247547e+35  1.25041000e+01  1.60924259e+00  1.16016000e+01  1.58524363e+00  3.60375108e-01  3.28238836e-02  6.34064817e-02  1.70551927e+02 
 1.23210878e+15  1.89806087e+35  1.24931000e+01  1.61098863e+00  1.15936000e+01  1.58710260e+00  3.60459950e-01  3.26628856e-02  6.30627935e-02  1.67969446e+02 
 1.23433075e+15  1.91366009e+35  1.24811000e+01  1.61274726e+00  1.15866000e+01  1.58907177e+00  3.60611387e-01  3.23711380e-02  6.27176358e-02  1.65344901e+02 
 1.23655272e+15  1.92941889e+35  1.24701000e+01  1.61453456e+00  1.15786000e+01  1.59096534e+00  3.60708887e-01  3.22179239e-02  6.24091960e-02  1.62903315e+02 
 1.23877469e+15  1.94518615e+35  1.24591000e+01  1.61633298e+00  1.15706000e+01  1.59286208e+00  3.60815372e-01  3.20748731e-02  6.20743844e-02  1.60420543e+02 
 1.24099666e+15  1.96111931e+35  1.24471000e+01  1.61816027e+00  1.15626000e+01  1.59478900e+00  3.60983629e-01  3.19294980e-02  6.17323430e-02  1.57875363e+02 
 1.24321863e+15  1.97705463e+35  1.24361000e+01  1.61999742e+00  1.15546000e+01  1.59671734e+00  3.61103212e-01  3.17949161e-02  6.14328335e-02  1.55531492e+02 
 1.24544060e+15  1.99316308e+35  1.24251000e+01  1.62186365e+00  1.15476000e+01  1.59878088e+00  3.61226489e-01  3.15182471e-02  6.11011548e-02  1.53124810e+02 
 1.24766258e+15  2.00927153e+35  1.24141000e+01  1.62373880e+00  1.15396000e+01  1.60074010e+00  3.61359113e-01  3.13921961e-02  6.07749002e-02  1.50760644e+02 
 1.24988455e+15  2.02555113e+35  1.24021000e+01  1.62564229e+00  1.15316000e+01  1.60272883e+00  3.61553988e-01  3.12640585e-02  6.04415583e-02  1.48338960e+02 
 1.25210652e+15  2.04183581e+35  1.23911000e+01  1.62755445e+00  1.15246000e+01  1.60482220e+00  3.61699774e-01  3.10076176e-02  6.01501118e-02  1.46108839e+02 
 1.25432849e+15  2.05828434e+35  1.23801000e+01  1.62949369e+00  1.15166000e+01  1.60683893e+00  3.61849932e-01  3.08888923e-02  5.98276038e-02  1.43822668e+02 
 1.25655046e+15  2.07474618e+35  1.23691000e+01  1.63144175e+00  1.15096000e+01  1.60896063e+00  3.62008948e-01  3.06417534e-02  5.95100175e-02  1.41576476e+02 
 1.25877243e+15  2.09136355e+35  1.23581000e+01  1.63341527e+00  1.15016000e+01  1.61100376e+00  3.62172702e-01  3.05326728e-02  5.91923528e-02  1.39350797e+02 
 1.26099440e+15  2.10800347e+35  1.23471000e+01  1.63539812e+00  1.14946000e+01  1.61315259e+00  3.62345067e-01  3.02949936e-02  5.88792886e-02  1.37163417e+02 
 1.26321637e+15  2.12478957e+35  1.23361000e+01  1.63740474e+00  1.14866000e+01  1.61522076e+00  3.62522569e-01  3.01958591e-02  5.85665723e-02  1.34998013e+02 
 1.26543834e+15  2.14160848e+35  1.23251000e+01  1.63942110e+00  1.14796000e+01  1.61739542e+00  3.62708337e-01  2.99676951e-02  5.82580873e-02  1.32869183e+02 
 1.26766031e+15  2.15856316e+35  1.23141000e+01  1.64145939e+00  1.14726000e+01  1.61959034e+00  3.62899633e-01  2.97414004e-02  5.79503884e-02  1.30763760e+02 
 1.26988228e+15  2.17556198e+35  1.23031000e+01  1.64350843e+00  1.14646000e+01  1.62168655e+00  3.63098983e-01  2.96603312e-02  5.76465645e-02  1.28692992e+02 
 1.27210425e+15  2.19268506e+35  1.22921000e+01  1.64557714e+00  1.14576000e+01  1.62390346e+00  3.63304162e-01  2.94446141e-02  5.73145532e-02  1.26582157e+02 
 1.27432622e+15  2.20986468e+35  1.22821000e+01  1.64765727e+00  1.14506000e+01  1.62612604e+00  3.63457817e-01  2.92363052e-02  5.70215732e-02  1.24633939e+02 
 1.27654819e+15  2.22715596e+35  1.22711000e+01  1.64975512e+00  1.14436000e+01  1.62836335e+00  3.63676858e-01  2.90316977e-02  5.67242066e-02  1.22646980e+02 
 1.27877016e+15  2.24451726e+35  1.22601000e+01  1.65186529e+00  1.14356000e+01  1.63050542e+00  3.63903206e-01  2.89695538e-02  5.64298594e-02  1.20690829e+02 
 1.28099214e+15  2.26197650e+35  1.22501000e+01  1.65399082e+00  1.14286000e+01  1.63276188e+00  3.64076726e-01  2.87756970e-02  5.61147493e-02  1.18762162e+02 
 1.28321411e+15  2.27952037e+35  1.22391000e+01  1.65612992e+00  1.14216000e+01  1.63502755e+00  3.64316604e-01  2.85874318e-02  5.58252325e-02  1.16862270e+02 
 1.28543608e+15  2.29714730e+35  1.22281000e+01  1.65828191e+00  1.14146000e+01  1.63730171e+00  3.64563474e-01  2.84047881e-02  5.55383430e-02  1.14991142e+02 
 1.28765805e+15  2.31487461e+35  1.22181000e+01  1.66044872e+00  1.14076000e+01  1.63958707e+00  3.64757242e-01  2.82266814e-02  5.52309503e-02  1.13146711e+02 
 1.28988002e+15  2.33266894e+35  1.22071000e+01  1.66262597e+00  1.14006000e+01  1.64187766e+00  3.65018037e-01  2.80553226e-02  5.49493919e-02  1.11332250e+02 
 1.29210199e+15  2.35058054e+35  1.21971000e+01  1.66481919e+00  1.13936000e+01  1.64418149e+00  3.65225098e-01  2.78873403e-02  5.46470228e-02  1.09542448e+02 
 1.29432396e+15  2.36854193e+35  1.21861000e+01  1.66702021e+00  1.13866000e+01  1.64648710e+00  3.65499746e-01  2.77271950e-02  5.43425195e-02  1.07727732e+02 
 1.29654593e+15  2.38663869e+35  1.21761000e+01  1.66923898e+00  1.13796000e+01  1.64880844e+00  3.65720167e-01  2.75694540e-02  5.40734521e-02  1.06047619e+02 
 1.29876790e+15  2.40476678e+35  1.21661000e+01  1.67146240e+00  1.13726000e+01  1.65112772e+00  3.65948439e-01  2.74204655e-02  5.37804173e-02  1.04343741e+02 
 1.30098987e+15  2.42304954e+35  1.21551000e+01  1.67370536e+00  1.13666000e+01  1.65356665e+00  3.66242297e-01  2.71392058e-02  5.34822557e-02  1.02606707e+02 
 1.30321184e+15  2.44134393e+35  1.21451000e+01  1.67594997e+00  1.13596000e+01  1.65589832e+00  3.66484163e-01  2.70016003e-02  5.32226616e-02  1.01010192e+02 
 1.30543381e+15  2.45981353e+35  1.21351000e+01  1.67821609e+00  1.13526000e+01  1.65825107e+00  3.66731001e-01  2.68643071e-02  5.29354038e-02  9.93784000e+01 
 1.30765578e+15  2.47828313e+35  1.21251000e+01  1.68048181e+00  1.13456000e+01  1.66059550e+00  3.66986152e-01  2.67374040e-02  5.26532049e-02  9.77801622e+01 
 1.30987775e+15  2.49693107e+35  1.21151000e+01  1.68276871e+00  1.13396000e+01  1.66306164e+00  3.67246226e-01  2.64779620e-02  5.23712330e-02  9.61997735e+01 
 1.31209973e+15  2.51558834e+35  1.21051000e+01  1.68505581e+00  1.13326000e+01  1.66541963e+00  3.67514357e-01  2.63611343e-02  5.20940052e-02  9.46513010e+01 
 1.31432170e+15  2.53440251e+35  1.20951000e+01  1.68736083e+00  1.13256000e+01  1.66779426e+00  3.67787827e-01  2.62457691e-02  5.18176073e-02  9.31222012e+01 
 1.31654367e+15  2.55324826e+35  1.20851000e+01  1.68966822e+00  1.13196000e+01  1.67026533e+00  3.68068871e-01  2.60068127e-02  5.15453090e-02  9.16223851e+01 
 1.31876564e+15  2.57222819e+35  1.20751000e+01  1.69199003e+00  1.13126000e+01  1.67264805e+00  3.68355623e-01  2.59027078e-02  5.12744384e-02  9.01434078e+01 
 1.32098761e+15  2.59126323e+35  1.20651000e+01  1.69431659e+00  1.13066000e+01  1.67513034e+00  3.68649493e-01  2.56742006e-02  5.10070202e-02  8.86911207e+01 
 1.32320958e+15  2.61040837e+35  1.20551000e+01  1.69665412e+00  1.12996000e+01  1.67752008e+00  3.68949482e-01  2.55813470e-02  5.07416438e-02  8.72610465e+01 
 1.32543155e+15  2.62963350e+35  1.20461000e+01  1.69899879e+00  1.12936000e+01  1.68001262e+00  3.69194778e-01  2.53631237e-02  5.04581002e-02  8.58551297e+01 
 1.32765352e+15  2.64894330e+35  1.20361000e+01  1.70135088e+00  1.12866000e+01  1.68240828e+00  3.69507819e-01  2.52814596e-02  5.01982639e-02  8.44727358e+01 
 1.32987549e+15  2.66835932e+35  1.20261000e+01  1.70371238e+00  1.12806000e+01  1.68490996e+00  3.69826902e-01  2.50733482e-02  4.99405204e-02  8.31120715e+01 
 1.33209746e+15  2.68783318e+35  1.20171000e+01  1.70607764e+00  1.12746000e+01  1.68740996e+00  3.70091306e-01  2.48724553e-02  4.96653869e-02  8.17761427e+01 
 1.33431943e+15  2.70744086e+35  1.20071000e+01  1.70845536e+00  1.12676000e+01  1.68982044e+00  3.70422905e-01  2.48047096e-02  4.94124643e-02  8.04595034e+01 
 1.33654140e+15  2.72707817e+35  1.19981000e+01  1.71083253e+00  1.12616000e+01  1.69232377e+00  3.70699830e-01  2.46150787e-02  4.91429144e-02  7.91688216e+01 
 1.33876337e+15  2.74687827e+35  1.19881000e+01  1.71322508e+00  1.12556000e+01  1.69484109e+00  3.71043712e-01  2.44272878e-02  4.88947183e-02  7.78950747e+01 
