# rhoc (cgs) 	 Pc (cgs) 	 R (km) 	 M (msol) 	 R_core (km) 	 M_core (msol) 	 I/(MR^2) 	 I_crust/(M_crust R_crust^2)/(I/(MR^2)) 	 k_2 	 Lambda 
 2.30000000e+14  2.89029836e+33  1.85451000e+01  1.58622745e-01  7.38660000e+00  1.29429942e-01  7.26004549e-02  3.45653604e-01  8.41599843e-03  1.74579245e+07 
 2.32642137e+14  2.99205087e+33  1.81621000e+01  1.62639350e-01  7.44560000e+00  1.33685915e-01  7.62184434e-02  3.35183477e-01  9.43263822e-03  1.55562072e+07 
 2.35284273e+14  3.09380338e+33  1.78181000e+01  1.66627598e-01  7.50260000e+00  1.37907153e-01  7.97372758e-02  3.25296089e-01  1.04844092e-02  1.39214551e+07 
 2.37926410e+14  3.19648809e+33  1.75051000e+01  1.70620243e-01  7.55760000e+00  1.42111152e-01  8.31874047e-02  3.16028053e-01  1.15762219e-02  1.24969899e+07 
 2.40568546e+14  3.30586536e+33  1.72041000e+01  1.74842284e-01  7.61460000e+00  1.46563936e-01  8.67555178e-02  3.06594673e-01  1.27685623e-02  1.11850472e+07 
 2.43210683e+14  3.41524262e+33  1.69321000e+01  1.79033765e-01  7.66860000e+00  1.50944546e-01  9.02160004e-02  2.97991327e-01  1.39862919e-02  1.00496368e+07 
 2.45852819e+14  3.52461989e+33  1.66841000e+01  1.83191423e-01  7.72160000e+00  1.55311573e-01  9.35847066e-02  2.89636675e-01  1.52300941e-02  9.06273344e+06 
 2.48494956e+14  3.64083886e+33  1.64451000e+01  1.87573824e-01  7.77560000e+00  1.59895628e-01  9.70488020e-02  2.81368441e-01  1.65684695e-02  8.15027389e+06 
 2.51137093e+14  3.75817785e+33  1.62251000e+01  1.91966084e-01  7.82860000e+00  1.64494081e-01  1.00444174e-01  2.73404250e-01  1.79387140e-02  7.34808333e+06 
 2.53779229e+14  3.87551685e+33  1.60241000e+01  1.96322791e-01  7.87960000e+00  1.69041987e-01  1.03737348e-01  2.65945441e-01  1.93225862e-02  6.64734579e+06 
 2.56421366e+14  3.99774723e+33  1.58331000e+01  2.00822689e-01  7.93160000e+00  1.73756385e-01  1.07054786e-01  2.58424653e-01  2.07705174e-02  6.00871455e+06 
 2.59063502e+14  4.12336251e+33  1.56531000e+01  2.05412634e-01  7.98260000e+00  1.78535075e-01  1.10362971e-01  2.51311794e-01  2.22680487e-02  5.43396177e+06 
 2.61705639e+14  4.24897778e+33  1.54881000e+01  2.09965500e-01  8.03160000e+00  1.83257986e-01  1.13566776e-01  2.44681884e-01  2.37685926e-02  4.92972696e+06 
 2.64347775e+14  4.37731335e+33  1.53331000e+01  2.14576623e-01  8.08060000e+00  1.88056873e-01  1.16738386e-01  2.38120159e-01  2.53022303e-02  4.47677220e+06 
 2.66989912e+14  4.51150662e+33  1.51841000e+01  2.19360736e-01  8.13060000e+00  1.93044869e-01  1.19950211e-01  2.31519725e-01  2.69032229e-02  4.05997627e+06 
 2.69632049e+14  4.64569989e+33  1.50471000e+01  2.24106375e-01  8.17860000e+00  1.97972772e-01  1.23058206e-01  2.25384661e-01  2.84974364e-02  3.69289664e+06 
 2.72274185e+14  4.78022544e+33  1.49201000e+01  2.28822632e-01  8.22460000e+00  2.02843620e-01  1.26080380e-01  2.19722137e-01  3.00896484e-02  3.36782318e+06 
 2.74916322e+14  4.92329012e+33  1.47961000e+01  2.33797059e-01  8.27260000e+00  2.07999267e-01  1.29181168e-01  2.13855271e-01  3.17642995e-02  3.06230701e+06 
 2.77558458e+14  5.06635479e+33  1.46811000e+01  2.38731715e-01  8.31960000e+00  2.13127523e-01  1.32192666e-01  2.08167069e-01  3.34308113e-02  2.79227183e+06 
 2.80200595e+14  5.20941946e+33  1.45751000e+01  2.43624125e-01  8.36460000e+00  2.18186577e-01  1.35101376e-01  2.02920560e-01  3.50758546e-02  2.55289464e+06 
 2.82842732e+14  5.27162669e+33  1.45321000e+01  2.45728676e-01  8.38360000e+00  2.20359730e-01  1.36323371e-01  2.00746610e-01  3.57765497e-02  2.45770370e+06 
 2.85484868e+14  5.30713950e+33  1.45081000e+01  2.46892074e-01  8.39360000e+00  2.21545147e-01  1.37006744e-01  1.99670812e-01  3.61719989e-02  2.40689892e+06 
 2.88127005e+14  5.34265231e+33  1.44851000e+01  2.48022600e-01  8.40360000e+00  2.22710909e-01  1.37666292e-01  1.98540325e-01  3.65552837e-02  2.35868393e+06 
 2.90769141e+14  5.40316722e+33  1.44481000e+01  2.49892014e-01  8.42060000e+00  2.24663626e-01  1.38739561e-01  1.96523300e-01  3.71816647e-02  2.28133477e+06 
 2.93411278e+14  5.49503061e+33  1.43951000e+01  2.52684426e-01  8.44460000e+00  2.27541109e-01  1.40305863e-01  1.93834600e-01  3.81016962e-02  2.17116958e+06 
 2.96053414e+14  5.58770281e+33  1.43431000e+01  2.55454507e-01  8.46860000e+00  2.30419121e-01  1.41857250e-01  1.91068532e-01  3.90232247e-02  2.06794420e+06 
 2.98695551e+14  5.68112628e+33  1.42931000e+01  2.58200991e-01  8.49160000e+00  2.33256767e-01  1.43373282e-01  1.88491087e-01  3.99317124e-02  1.97119211e+06 
 3.01337688e+14  5.77518077e+33  1.42451000e+01  2.60920963e-01  8.51360000e+00  2.36050973e-01  1.44852139e-01  1.86099244e-01  4.08251389e-02  1.88052321e+06 
 3.03979824e+14  5.86986507e+33  1.41991000e+01  2.63615085e-01  8.53560000e+00  2.38841121e-01  1.46292598e-01  1.83632166e-01  4.17016921e-02  1.79545635e+06 
 3.06621961e+14  5.96530963e+33  1.41551000e+01  2.66287642e-01  8.55760000e+00  2.41630003e-01  1.47694071e-01  1.81097323e-01  4.25598037e-02  1.71544834e+06 
 3.09264097e+14  6.06154300e+33  1.41111000e+01  2.68939823e-01  8.57860000e+00  2.44378034e-01  1.49097641e-01  1.78758294e-01  4.34284115e-02  1.64010290e+06 
 3.11906234e+14  6.15840195e+33  1.40701000e+01  2.71567644e-01  8.59860000e+00  2.47081566e-01  1.50438591e-01  1.76609894e-01  4.42601784e-02  1.56919652e+06 
 3.14548370e+14  6.25588530e+33  1.40301000e+01  2.74171691e-01  8.61860000e+00  2.49780816e-01  1.51758203e-01  1.74393875e-01  4.50843610e-02  1.50239827e+06 
 3.17190507e+14  6.35408592e+33  1.39911000e+01  2.76754969e-01  8.63760000e+00  2.52436963e-01  1.53056424e-01  1.72373580e-01  4.59002918e-02  1.43934862e+06 
 3.19832644e+14  6.45310760e+33  1.39531000e+01  2.79320544e-01  8.65660000e+00  2.55092527e-01  1.54333187e-01  1.70294302e-01  4.67072874e-02  1.37972382e+06 
 3.22474780e+14  6.55274957e+33  1.39161000e+01  2.81863639e-01  8.67560000e+00  2.57743811e-01  1.55587097e-01  1.68152571e-01  4.75041320e-02  1.32340325e+06 
 3.25116917e+14  6.65301066e+33  1.38811000e+01  2.84384760e-01  8.69360000e+00  2.60349645e-01  1.56795092e-01  1.66206646e-01  4.82725925e-02  1.27015530e+06 
 3.27759053e+14  6.75395140e+33  1.38461000e+01  2.86885911e-01  8.71160000e+00  2.62952300e-01  1.58001918e-01  1.64202951e-01  4.90463914e-02  1.21973828e+06 
 3.30401190e+14  6.85574037e+33  1.38121000e+01  2.89371562e-01  8.72860000e+00  2.65513267e-01  1.59185389e-01  1.62402130e-01  4.98078651e-02  1.17188672e+06 
 3.33043326e+14  6.95814443e+33  1.37801000e+01  2.91836365e-01  8.74560000e+00  2.68069711e-01  1.60320822e-01  1.60544320e-01  5.05374723e-02  1.12654023e+06 
 3.35685463e+14  7.06116245e+33  1.37481000e+01  2.94280770e-01  8.76260000e+00  2.70621773e-01  1.61454103e-01  1.58631611e-01  5.12707734e-02  1.08353325e+06 
 3.38327600e+14  7.16482780e+33  1.37171000e+01  2.96706007e-01  8.77860000e+00  2.73128057e-01  1.62561871e-01  1.56919186e-01  5.19889778e-02  1.04270026e+06 
 3.40969736e+14  7.26936347e+33  1.36871000e+01  2.99117551e-01  8.79360000e+00  2.75592066e-01  1.63644458e-01  1.55411669e-01  5.26915492e-02  1.00382283e+06 
 3.43611873e+14  7.37450918e+33  1.36571000e+01  3.01509684e-01  8.80960000e+00  2.78093742e-01  1.64724616e-01  1.53600773e-01  5.33969068e-02  9.66875590e+05 
 3.46254009e+14  7.48026382e+33  1.36291000e+01  3.03882800e-01  8.82460000e+00  2.80548466e-01  1.65753887e-01  1.51991190e-01  5.40654713e-02  9.31737698e+05 
 3.48896146e+14  7.58663861e+33  1.36011000e+01  3.06237555e-01  8.83960000e+00  2.82998845e-01  1.66780359e-01  1.50333275e-01  5.47358801e-02  8.98293817e+05 
 3.51538283e+14  7.69390091e+33  1.35731000e+01  3.08580095e-01  8.85360000e+00  2.85406589e-01  1.67805046e-01  1.48882820e-01  5.54084860e-02  8.66363932e+05 
 3.54180419e+14  7.80176829e+33  1.35461000e+01  3.10904491e-01  8.86760000e+00  2.87809560e-01  1.68802296e-01  1.47385440e-01  5.60623942e-02  8.35942542e+05 
 3.56822556e+14  7.91023967e+33  1.35201000e+01  3.13211093e-01  8.88160000e+00  2.90207870e-01  1.69771709e-01  1.45842721e-01  5.66968602e-02  8.06939974e+05 
 3.59464692e+14  8.01931396e+33  1.34951000e+01  3.15500247e-01  8.89560000e+00  2.92601610e-01  1.70712900e-01  1.44256276e-01  5.73111608e-02  7.79272956e+05 
 3.62106829e+14  8.12927838e+33  1.34701000e+01  3.17778187e-01  8.90860000e+00  2.94952081e-01  1.71651765e-01  1.42879067e-01  5.79262961e-02  7.52796900e+05 
 3.64748965e+14  8.23984789e+33  1.34451000e+01  3.20039213e-01  8.92160000e+00  2.97297841e-01  1.72587654e-01  1.41459630e-01  5.85421246e-02  7.27513533e+05 
 3.67391102e+14  8.35101657e+33  1.34211000e+01  3.22283537e-01  8.93460000e+00  2.99638891e-01  1.73494871e-01  1.39999373e-01  5.91367023e-02  7.03356384e+05 
 3.70033239e+14  8.46278336e+33  1.33981000e+01  3.24511468e-01  8.94660000e+00  3.01931527e-01  1.74373045e-01  1.38744423e-01  5.97093422e-02  6.80262449e+05 
 3.72675375e+14  8.57542318e+33  1.33741000e+01  3.26728678e-01  8.95860000e+00  3.04223657e-01  1.75274895e-01  1.37454203e-01  6.03045874e-02  6.58120296e+05 
 3.75317512e+14  8.68867568e+33  1.33521000e+01  3.28930221e-01  8.97060000e+00  3.06511212e-01  1.76121282e-01  1.36126001e-01  6.08547469e-02  6.36930193e+05 
 3.77959648e+14  8.80252263e+33  1.33301000e+01  3.31116039e-01  8.98260000e+00  3.08793994e-01  1.76964401e-01  1.34760896e-01  6.14044893e-02  6.16643910e+05 
 3.80601785e+14  8.91696299e+33  1.33081000e+01  3.33286412e-01  8.99360000e+00  3.11027829e-01  1.77804410e-01  1.33602432e-01  6.19539045e-02  5.97213064e+05 
 3.83243921e+14  9.03226414e+33  1.32861000e+01  3.35446585e-01  9.00560000e+00  3.13305192e-01  1.78642028e-01  1.32170048e-01  6.25031527e-02  5.78550153e+05 
 3.85886058e+14  9.14818090e+33  1.32651000e+01  3.37592121e-01  9.01660000e+00  3.15533782e-01  1.79449786e-01  1.30945518e-01  6.30284622e-02  5.60655673e+05 
 3.88528195e+14  9.26468747e+33  1.32451000e+01  3.39722815e-01  9.02660000e+00  3.17712969e-01  1.80227286e-01  1.29927920e-01  6.35292079e-02  5.43493626e+05 
 3.91170331e+14  9.38178284e+33  1.32241000e+01  3.41838923e-01  9.03760000e+00  3.19931835e-01  1.81028952e-01  1.28636921e-01  6.40532205e-02  5.27026452e+05 
 3.93812468e+14  9.49973155e+33  1.32041000e+01  3.43945375e-01  9.04760000e+00  3.22105071e-01  1.81800810e-01  1.27556790e-01  6.45523953e-02  5.11184169e+05 
 3.96454604e+14  9.61829420e+33  1.31851000e+01  3.46038040e-01  9.05760000e+00  3.24273740e-01  1.82542046e-01  1.26445316e-01  6.50260954e-02  4.95968366e+05 
 3.99096741e+14  9.73744212e+33  1.31651000e+01  3.48116660e-01  9.06760000e+00  3.26437495e-01  1.83307976e-01  1.25303290e-01  6.55235095e-02  4.81351465e+05 
 4.01738877e+14  9.85717431e+33  1.31461000e+01  3.50181464e-01  9.07760000e+00  3.28596390e-01  1.84043190e-01  1.24131709e-01  6.59951695e-02  4.67303911e+05 
 4.04381014e+14  9.97775708e+33  1.31271000e+01  3.52237181e-01  9.08660000e+00  3.30709108e-01  1.84775939e-01  1.23170973e-01  6.64657926e-02  4.53768715e+05 
 4.07023151e+14  1.00989476e+34  1.31091000e+01  3.54279809e-01  9.09560000e+00  3.32817133e-01  1.85477627e-01  1.22181648e-01  6.69099370e-02  4.40749037e+05 
 4.09665287e+14  1.02207189e+34  1.30911000e+01  3.56309113e-01  9.10460000e+00  3.34920185e-01  1.86176336e-01  1.21164232e-01  6.73527862e-02  4.28223005e+05 
 4.12307424e+14  1.03430701e+34  1.30731000e+01  3.58325301e-01  9.11360000e+00  3.37018323e-01  1.86872186e-01  1.20119608e-01  6.77944164e-02  4.16167202e+05 
 4.14949560e+14  1.04662737e+34  1.30551000e+01  3.60332994e-01  9.12260000e+00  3.39115312e-01  1.87565681e-01  1.19050961e-01  6.82348370e-02  4.04534347e+05 
 4.17591697e+14  1.05900744e+34  1.30381000e+01  3.62328152e-01  9.13160000e+00  3.41207640e-01  1.88227669e-01  1.17956906e-01  6.86478333e-02  3.93329351e+05 
 4.20233834e+14  1.07144516e+34  1.30211000e+01  3.64310642e-01  9.13960000e+00  3.43249414e-01  1.88886824e-01  1.17071811e-01  6.90594176e-02  3.82534295e+05 
 4.22875970e+14  1.08394043e+34  1.30041000e+01  3.66280665e-01  9.14760000e+00  3.45286194e-01  1.89543265e-01  1.16161710e-01  6.94696685e-02  3.72130391e+05 
 4.25518107e+14  1.09652157e+34  1.29871000e+01  3.68242792e-01  9.15560000e+00  3.47321779e-01  1.90197438e-01  1.15229368e-01  6.98785420e-02  3.62077772e+05 
 4.28160243e+14  1.10916093e+34  1.29701000e+01  3.70192824e-01  9.16360000e+00  3.49352504e-01  1.90849089e-01  1.14273412e-01  7.02862015e-02  3.52383122e+05 
 4.30802380e+14  1.12185750e+34  1.29541000e+01  3.72130794e-01  9.17160000e+00  3.51378289e-01  1.91468739e-01  1.13294510e-01  7.06654344e-02  3.43031177e+05 
 4.33444516e+14  1.13461178e+34  1.29381000e+01  3.74056964e-01  9.17860000e+00  3.53353176e-01  1.92085790e-01  1.12524590e-01  7.10432172e-02  3.34006404e+05 
 4.36086653e+14  1.14745184e+34  1.29221000e+01  3.75975683e-01  9.18660000e+00  3.55372882e-01  1.92700643e-01  1.11503338e-01  7.14194786e-02  3.25275805e+05 
 4.38728790e+14  1.16034878e+34  1.29071000e+01  3.77882726e-01  9.19360000e+00  3.57341470e-01  1.93283103e-01  1.10691206e-01  7.17666025e-02  3.16846519e+05 
 4.41370926e+14  1.17330252e+34  1.28911000e+01  3.79778269e-01  9.20060000e+00  3.59305062e-01  1.93893051e-01  1.09857780e-01  7.21401004e-02  3.08705564e+05 
 4.44013063e+14  1.18631547e+34  1.28761000e+01  3.81662830e-01  9.20760000e+00  3.61264016e-01  1.94470560e-01  1.09003824e-01  7.24842329e-02  3.00839113e+05 
 4.46655199e+14  1.19941185e+34  1.28611000e+01  3.83540003e-01  9.21460000e+00  3.63221374e-01  1.95045893e-01  1.08131244e-01  7.28267175e-02  2.93221867e+05 
 4.49297336e+14  1.21256470e+34  1.28461000e+01  3.85406034e-01  9.22160000e+00  3.65173775e-01  1.95618880e-01  1.07239172e-01  7.31677807e-02  2.85859221e+05 
 4.51939472e+14  1.22577393e+34  1.28311000e+01  3.87261064e-01  9.22760000e+00  3.67074697e-01  1.96189602e-01  1.06555757e-01  7.35074781e-02  2.78740566e+05 
 4.54581609e+14  1.23904431e+34  1.28161000e+01  3.89105932e-01  9.23460000e+00  3.69017852e-01  1.96758186e-01  1.05626073e-01  7.38458422e-02  2.71853299e+05 
 4.57223746e+14  1.25239537e+34  1.28021000e+01  3.90943421e-01  9.24060000e+00  3.70912396e-01  1.97294030e-01  1.04906403e-01  7.41538137e-02  2.65178557e+05 
 4.59865882e+14  1.26580248e+34  1.27881000e+01  3.92770243e-01  9.24660000e+00  3.72801946e-01  1.97827593e-01  1.04168361e-01  7.44602728e-02  2.58720137e+05 
 4.62508019e+14  1.27926556e+34  1.27741000e+01  3.94586544e-01  9.25260000e+00  3.74686538e-01  1.98358957e-01  1.03412540e-01  7.47652807e-02  2.52469287e+05 
 4.65150155e+14  1.29279217e+34  1.27601000e+01  3.96393477e-01  9.25860000e+00  3.76567113e-01  1.98888250e-01  1.02639777e-01  7.50688337e-02  2.46414321e+05 
 4.67792292e+14  1.30639627e+34  1.27461000e+01  3.98192984e-01  9.26460000e+00  3.78445318e-01  1.99415633e-01  1.01851131e-01  7.53708694e-02  2.40541765e+05 
 4.70434428e+14  1.32005603e+34  1.27321000e+01  3.99982273e-01  9.26960000e+00  3.80271605e-01  1.99941023e-01  1.01270419e-01  7.56716128e-02  2.34853941e+05 
 4.73076565e+14  1.33377135e+34  1.27181000e+01  4.01761480e-01  9.27560000e+00  3.82139973e-01  2.00464496e-01  1.00449033e-01  7.59711214e-02  2.29343597e+05 
 4.75718702e+14  1.34755297e+34  1.27051000e+01  4.03532108e-01  9.28160000e+00  3.84004710e-01  2.00954538e-01  9.96127174e-02  7.62393368e-02  2.23999704e+05 
 4.78360838e+14  1.36140853e+34  1.26921000e+01  4.05295220e-01  9.28660000e+00  3.85819573e-01  2.01442670e-01  9.89849007e-02  7.65059693e-02  2.18813303e+05 
 4.81002975e+14  1.37531934e+34  1.26791000e+01  4.07048519e-01  9.29160000e+00  3.87629479e-01  2.01928842e-01  9.83415779e-02  7.67712251e-02  2.13785423e+05 
 4.83645111e+14  1.38928532e+34  1.26661000e+01  4.08792146e-01  9.29660000e+00  3.89434459e-01  2.02413131e-01  9.76833073e-02  7.70351655e-02  2.08910008e+05 
 4.86287248e+14  1.40332079e+34  1.26531000e+01  4.10527987e-01  9.30160000e+00  3.91236169e-01  2.02895664e-01  9.70108399e-02  7.72976996e-02  2.04176522e+05 
 4.88929385e+14  1.41742622e+34  1.26401000e+01  4.12256157e-01  9.30660000e+00  3.93034655e-01  2.03376491e-01  9.63245408e-02  7.75588622e-02  1.99579809e+05 
 4.91571521e+14  1.43158652e+34  1.26271000e+01  4.13974917e-01  9.31160000e+00  3.94828273e-01  2.03855608e-01  9.56243720e-02  7.78188494e-02  1.95119712e+05 
 4.94213658e+14  1.44580160e+34  1.26151000e+01  4.15684380e-01  9.31660000e+00  3.96617049e-01  2.04300678e-01  9.49107608e-02  7.80467652e-02  1.90791160e+05 
 4.96855794e+14  1.46008975e+34  1.26021000e+01  4.17386826e-01  9.32060000e+00  3.98355466e-01  2.04776510e-01  9.44044021e-02  7.83042194e-02  1.86584027e+05 
 4.99497931e+14  1.47444351e+34  1.25901000e+01  4.19081425e-01  9.32560000e+00  4.00137748e-01  2.05218225e-01  9.36651841e-02  7.85293173e-02  1.82496291e+05 
 5.02140067e+14  1.48885175e+34  1.25781000e+01  4.20766976e-01  9.32960000e+00  4.01867593e-01  2.05658246e-01  9.31326186e-02  7.87531719e-02  1.78526799e+05 
 5.04782204e+14  1.50331440e+34  1.25661000e+01  4.22443576e-01  9.33460000e+00  4.03640262e-01  2.06096618e-01  9.23685440e-02  7.89758181e-02  1.74671287e+05 
 5.07424341e+14  1.51785410e+34  1.25541000e+01  4.24113935e-01  9.33860000e+00  4.05362863e-01  2.06533470e-01  9.18114021e-02  7.91970640e-02  1.70919914e+05 
 5.10066477e+14  1.53245466e+34  1.25421000e+01  4.25776237e-01  9.34260000e+00  4.07081314e-01  2.06968789e-01  9.12421238e-02  7.94171130e-02  1.67273318e+05 
 5.12708614e+14  1.54710934e+34  1.25301000e+01  4.27429824e-01  9.34660000e+00  4.08794949e-01  2.07402614e-01  9.06609240e-02  7.96360850e-02  1.63729470e+05 
 5.15350750e+14  1.56181803e+34  1.25181000e+01  4.29074797e-01  9.35060000e+00  4.10503803e-01  2.07834996e-01  9.00681201e-02  7.98540208e-02  1.60284757e+05 
 5.17992887e+14  1.57660815e+34  1.25061000e+01  4.30714276e-01  9.35460000e+00  4.12210703e-01  2.08266040e-01  8.94645163e-02  8.00706496e-02  1.56929606e+05 
 5.20635023e+14  1.59145402e+34  1.24951000e+01  4.32345469e-01  9.35860000e+00  4.13913019e-01  2.08662325e-01  8.88499151e-02  8.02541723e-02  1.53666825e+05 
 5.23277160e+14  1.60635363e+34  1.24831000e+01  4.33968263e-01  9.36260000e+00  4.15610582e-01  2.09090611e-01  8.82246518e-02  8.04687842e-02  1.50493665e+05 
 5.25919297e+14  1.62131008e+34  1.24721000e+01  4.35583091e-01  9.36560000e+00  4.17255773e-01  2.09484039e-01  8.78040813e-02  8.06501332e-02  1.47406397e+05 
 5.28561433e+14  1.63634633e+34  1.24611000e+01  4.37192483e-01  9.36960000e+00  4.18946815e-01  2.09876096e-01  8.71582360e-02  8.08301148e-02  1.44397625e+05 
 5.31203570e+14  1.65143602e+34  1.24501000e+01  4.38793683e-01  9.37260000e+00  4.20585081e-01  2.10266785e-01  8.67168470e-02  8.10090738e-02  1.41470018e+05 
 5.33845706e+14  1.66657908e+34  1.24391000e+01  4.40386769e-01  9.37660000e+00  4.22266694e-01  2.10656141e-01  8.60510853e-02  8.11870396e-02  1.38620853e+05 
 5.36487843e+14  1.68178413e+34  1.24281000e+01  4.41972744e-01  9.37960000e+00  4.23896369e-01  2.11044224e-01  8.55896152e-02  8.13639498e-02  1.35845939e+05 
 5.39129979e+14  1.69706311e+34  1.24171000e+01  4.43552903e-01  9.38260000e+00  4.25523336e-01  2.11431084e-01  8.51185148e-02  8.15396967e-02  1.33140821e+05 
 5.41772116e+14  1.71239517e+34  1.24061000e+01  4.45125138e-01  9.38660000e+00  4.27193790e-01  2.11816729e-01  8.44249848e-02  8.17145529e-02  1.30506929e+05 
 5.44414253e+14  1.72778024e+34  1.23951000e+01  4.46689555e-01  9.38960000e+00  4.28811402e-01  2.12201214e-01  8.39351872e-02  8.18885659e-02  1.27941911e+05 
 5.47056389e+14  1.74323280e+34  1.23841000e+01  4.48247684e-01  9.39260000e+00  4.30425728e-01  2.12584575e-01  8.34364037e-02  8.20615808e-02  1.25441210e+05 
 5.49698526e+14  1.75875306e+34  1.23741000e+01  4.49799592e-01  9.39560000e+00  4.32036803e-01  2.12932421e-01  8.29287662e-02  8.22004000e-02  1.23002837e+05 
 5.52340662e+14  1.77432606e+34  1.23631000e+01  4.51343856e-01  9.39860000e+00  4.33643238e-01  2.13313545e-01  8.24124314e-02  8.23715955e-02  1.20627157e+05 
 5.54982799e+14  1.78995170e+34  1.23531000e+01  4.52880554e-01  9.40160000e+00  4.35245056e-01  2.13659049e-01  8.18876012e-02  8.25086631e-02  1.18312150e+05 
 5.57624935e+14  1.80565071e+34  1.23421000e+01  4.54411785e-01  9.40360000e+00  4.36795825e-01  2.14038077e-01  8.15650380e-02  8.26780881e-02  1.16052948e+05 
 5.60267072e+14  1.82141084e+34  1.23321000e+01  4.55936394e-01  9.40660000e+00  4.38391141e-01  2.14381377e-01  8.10237276e-02  8.28131588e-02  1.13849629e+05 
 5.62909209e+14  1.83722335e+34  1.23221000e+01  4.57453602e-01  9.40960000e+00  4.39981870e-01  2.14723581e-01  8.04745865e-02  8.29474169e-02  1.11701662e+05 
 5.65551345e+14  1.85308816e+34  1.23121000e+01  4.58963505e-01  9.41260000e+00  4.41568057e-01  2.15064735e-01  7.99178224e-02  8.30809018e-02  1.09607301e+05 
 5.68193482e+14  1.86903257e+34  1.23021000e+01  4.60468720e-01  9.41460000e+00  4.43103691e-01  2.15404838e-01  7.95625248e-02  8.32132761e-02  1.07561437e+05 
 5.70835618e+14  1.88503117e+34  1.22911000e+01  4.61966907e-01  9.41760000e+00  4.44683417e-01  2.15779059e-01  7.89908660e-02  8.33788181e-02  1.05565873e+05 
 5.73477755e+14  1.90108179e+34  1.22811000e+01  4.63457930e-01  9.41960000e+00  4.46210105e-01  2.16117284e-01  7.86201264e-02  8.35098291e-02  1.03619317e+05 
 5.76119892e+14  1.91718923e+34  1.22721000e+01  4.64942326e-01  9.42160000e+00  4.47732677e-01  2.16419302e-01  7.82418433e-02  8.36060416e-02  1.01719695e+05 
 5.78762028e+14  1.93337315e+34  1.22621000e+01  4.66421929e-01  9.42460000e+00  4.49301457e-01  2.16755585e-01  7.76489088e-02  8.37352857e-02  9.98634000e+04 
 5.81404165e+14  1.94960883e+34  1.22521000e+01  4.67894527e-01  9.42660000e+00  4.50817170e-01  2.17090992e-01  7.72563093e-02  8.38639129e-02  9.80519734e+04 
 5.84046301e+14  1.96589620e+34  1.22421000e+01  4.69360191e-01  9.42860000e+00  4.52328373e-01  2.17425553e-01  7.68566799e-02  8.39919519e-02  9.62840630e+04 
 5.86688438e+14  1.98224732e+34  1.22321000e+01  4.70820078e-01  9.43060000e+00  4.53836133e-01  2.17759289e-01  7.64502595e-02  8.41192731e-02  9.45570972e+04 
 5.89330574e+14  1.99866730e+34  1.22231000e+01  4.72274671e-01  9.43260000e+00  4.55340909e-01  2.18056524e-01  7.60370849e-02  8.42113699e-02  9.28694056e+04 
 5.91972711e+14  2.01513870e+34  1.22131000e+01  4.73722475e-01  9.43460000e+00  4.56841224e-01  2.18388602e-01  7.56173485e-02  8.43373320e-02  9.12216354e+04 
 5.94614848e+14  2.03166144e+34  1.22041000e+01  4.75163563e-01  9.43660000e+00  4.58337106e-01  2.18684102e-01  7.51911970e-02  8.44282056e-02  8.96125992e+04 
 5.97256984e+14  2.04825524e+34  1.21941000e+01  4.76599700e-01  9.43860000e+00  4.59830240e-01  2.19014624e-01  7.47587892e-02  8.45528715e-02  8.80393200e+04 
 5.99899121e+14  2.06490993e+34  1.21851000e+01  4.78030033e-01  9.44060000e+00  4.61319766e-01  2.19308440e-01  7.43202497e-02  8.46422209e-02  8.65017721e+04 
 6.02541257e+14  2.08161569e+34  1.21761000e+01  4.79453786e-01  9.44260000e+00  4.62804893e-01  2.19601441e-01  7.38757724e-02  8.47310103e-02  8.49998258e+04 
 6.05183394e+14  2.09837247e+34  1.21661000e+01  4.80871020e-01  9.44460000e+00  4.64285646e-01  2.19929807e-01  7.34255372e-02  8.48541290e-02  8.35324545e+04 
 6.07825530e+14  2.11520795e+34  1.21571000e+01  4.82284126e-01  9.44660000e+00  4.65764306e-01  2.20221280e-01  7.29696530e-02  8.49415595e-02  8.20963253e+04 
 6.10467667e+14  2.13209601e+34  1.21481000e+01  4.83690919e-01  9.44760000e+00  4.67189912e-01  2.20512000e-01  7.27112890e-02  8.50284663e-02  8.06928116e+04 
 6.13109804e+14  2.14903482e+34  1.21391000e+01  4.85091337e-01  9.44960000e+00  4.68660013e-01  2.20802008e-01  7.22441133e-02  8.51149067e-02  7.93211237e+04 
 6.15751940e+14  2.16603087e+34  1.21301000e+01  4.86485961e-01  9.45160000e+00  4.70126312e-01  2.21091305e-01  7.17717392e-02  8.52008038e-02  7.79798544e+04 
 6.18394077e+14  2.18310048e+34  1.21211000e+01  4.87876164e-01  9.45260000e+00  4.71541263e-01  2.21379879e-01  7.14962157e-02  8.52859613e-02  7.66669339e+04 
 6.21036213e+14  2.20022059e+34  1.21121000e+01  4.89260109e-01  9.45460000e+00  4.73000780e-01  2.21667802e-01  7.10133227e-02  8.53707074e-02  7.53833548e+04 
 6.23678350e+14  2.21739113e+34  1.21031000e+01  4.90637861e-01  9.45560000e+00  4.74407101e-01  2.21955104e-01  7.07270262e-02  8.54550696e-02  7.41282977e+04 
 6.26320486e+14  2.23462722e+34  1.20941000e+01  4.92010673e-01  9.45760000e+00  4.75859258e-01  2.22241760e-01  7.02342186e-02  8.55388512e-02  7.28999032e+04 
 6.28962623e+14  2.25192792e+34  1.20851000e+01  4.93378497e-01  9.45860000e+00  4.77259339e-01  2.22527796e-01  6.99374420e-02  8.56220880e-02  7.16975553e+04 
 6.31604760e+14  2.26927878e+34  1.20761000e+01  4.94740238e-01  9.45960000e+00  4.78655141e-01  2.22813264e-01  6.96355383e-02  8.57049897e-02  7.05215452e+04 
 6.34246896e+14  2.28667976e+34  1.20681000e+01  4.96095954e-01  9.46160000e+00  4.80095666e-01  2.23061212e-01  6.91285658e-02  8.57520346e-02  6.93711491e+04 
 6.36889033e+14  2.30415493e+34  1.20591000e+01  4.97447568e-01  9.46260000e+00  4.81484868e-01  2.23345478e-01  6.88169322e-02  8.58339394e-02  6.82441374e+04 
 6.39531169e+14  2.32168541e+34  1.20501000e+01  4.98793635e-01  9.46360000e+00  4.82870244e-01  2.23629223e-01  6.85004923e-02  8.59154917e-02  6.71411228e+04 
 6.42173306e+14  2.33926575e+34  1.20421000e+01  5.00133794e-01  9.46460000e+00  4.84251410e-01  2.23875293e-01  6.81793661e-02  8.59610791e-02  6.60617966e+04 
 6.44815443e+14  2.35689977e+34  1.20331000e+01  5.01468388e-01  9.46560000e+00  4.85628681e-01  2.24158001e-01  6.78536799e-02  8.60420103e-02  6.50052979e+04 
 6.47457579e+14  2.37460917e+34  1.20251000e+01  5.02799091e-01  9.46660000e+00  4.87003694e-01  2.24402856e-01  6.75233631e-02  8.60865593e-02  6.39697708e+04 
 6.50099716e+14  2.39236817e+34  1.20161000e+01  5.04123999e-01  9.46760000e+00  4.88374534e-01  2.24684541e-01  6.71887325e-02  8.61666470e-02  6.29561813e+04 
 6.52741852e+14  2.41017671e+34  1.20081000e+01  5.05443162e-01  9.46860000e+00  4.89741227e-01  2.24928344e-01  6.68498389e-02  8.62106308e-02  6.19639443e+04 
 6.55383989e+14  2.42804823e+34  1.19991000e+01  5.06757612e-01  9.46960000e+00  4.91104785e-01  2.25209106e-01  6.65066980e-02  8.62900959e-02  6.09917775e+04 
 6.58026125e+14  2.44598520e+34  1.19911000e+01  5.08067567e-01  9.47060000e+00  4.92465393e-01  2.25451833e-01  6.61593900e-02  8.63331720e-02  6.00390541e+04 
 6.60668262e+14  2.46397147e+34  1.19831000e+01  5.09371882e-01  9.47160000e+00  4.93821888e-01  2.25694060e-01  6.58081394e-02  8.63759987e-02  5.91061323e+04 
 6.63310399e+14  2.48200696e+34  1.19741000e+01  5.10670610e-01  9.47260000e+00  4.95174294e-01  2.25973553e-01  6.54530834e-02  8.64546874e-02  5.81924992e+04 
 6.65952535e+14  2.50011504e+34  1.19661000e+01  5.11965452e-01  9.47360000e+00  4.96524304e-01  2.26214818e-01  6.50940302e-02  8.64967774e-02  5.72965102e+04 
 6.68594672e+14  2.51827834e+34  1.19581000e+01  5.13255201e-01  9.47460000e+00  4.97870684e-01  2.26455613e-01  6.47312467e-02  8.65385797e-02  5.64185931e+04 
 6.71236808e+14  2.53649063e+34  1.19501000e+01  5.14539468e-01  9.47560000e+00  4.99212992e-01  2.26695981e-01  6.43649863e-02  8.65801964e-02  5.55585850e+04 
 6.73878945e+14  2.55475590e+34  1.19421000e+01  5.15818577e-01  9.47560000e+00  5.00502438e-01  2.26935918e-01  6.41904311e-02  8.66215799e-02  5.47158440e+04 
 6.76521081e+14  2.57309555e+34  1.19341000e+01  5.17094042e-01  9.47660000e+00  5.01838770e-01  2.27175359e-01  6.38166546e-02  8.66624490e-02  5.38889884e+04 
 6.79163218e+14  2.59148395e+34  1.19261000e+01  5.18364123e-01  9.47760000e+00  5.03171089e-01  2.27414417e-01  6.34395587e-02  8.67031728e-02  5.30787791e+04 
 6.81805355e+14  2.60992102e+34  1.19181000e+01  5.19628862e-01  9.47760000e+00  5.04450244e-01  2.27653106e-01  6.32536610e-02  8.67437629e-02  5.22847983e+04 
 6.84447491e+14  2.62842133e+34  1.19101000e+01  5.20889287e-01  9.47860000e+00  5.05775578e-01  2.27891381e-01  6.28697895e-02  8.67840280e-02  5.15060322e+04 
 6.87089628e+14  2.64698516e+34  1.19021000e+01  5.22145441e-01  9.47960000e+00  5.07097965e-01  2.28129256e-01  6.24826716e-02  8.68239762e-02  5.07421158e+04 
 6.89731764e+14  2.66559744e+34  1.18941000e+01  5.23396349e-01  9.47960000e+00  5.08367217e-01  2.28366806e-01  6.22860474e-02  8.68638310e-02  4.99933044e+04 
 6.92373901e+14  2.68425809e+34  1.18861000e+01  5.24642050e-01  9.48060000e+00  5.09681696e-01  2.28604042e-01  6.18927481e-02  8.69035988e-02  4.92592230e+04 
 6.95016037e+14  2.70299252e+34  1.18781000e+01  5.25884266e-01  9.48060000e+00  5.10944775e-01  2.28840881e-01  6.16892362e-02  8.69429494e-02  4.85385444e+04 
 6.97658174e+14  2.72177933e+34  1.18701000e+01  5.27121591e-01  9.48160000e+00  5.12253380e-01  2.29077410e-01  6.12897272e-02  8.69821761e-02  4.78317762e+04 
 7.00300311e+14  2.74061429e+34  1.18631000e+01  5.28353816e-01  9.48160000e+00  5.13508887e-01  2.29275013e-01  6.10798474e-02  8.69846899e-02  4.71387340e+04 
 7.02942447e+14  2.75950429e+34  1.18551000e+01  5.29581402e-01  9.48160000e+00  5.14760967e-01  2.29510915e-01  6.08666117e-02  8.70236928e-02  4.64588408e+04 
 7.05584584e+14  2.77846497e+34  1.18471000e+01  5.30805410e-01  9.48260000e+00  5.16059829e-01  2.29746488e-01  6.04584425e-02  8.70623708e-02  4.57912435e+04 
 7.08226720e+14  2.79747357e+34  1.18401000e+01  5.32024382e-01  9.48260000e+00  5.17305638e-01  2.29942968e-01  6.02390368e-02  8.70642479e-02  4.51364508e+04 
 7.10868857e+14  2.81653002e+34  1.18321000e+01  5.33238363e-01  9.48260000e+00  5.18547575e-01  2.30178009e-01  6.00166965e-02  8.71028561e-02  4.44941586e+04 
 7.13510994e+14  2.83565266e+34  1.18241000e+01  5.34448562e-01  9.48360000e+00  5.19836052e-01  2.30412771e-01  5.96005124e-02  8.71412264e-02  4.38634667e+04 
 7.16153130e+14  2.85483424e+34  1.18171000e+01  5.35654529e-01  9.48360000e+00  5.21072233e-01  2.30608246e-01  5.93723005e-02  8.71425754e-02  4.32443542e+04 
 7.18795267e+14  2.87406344e+34  1.18091000e+01  5.36855591e-01  9.48360000e+00  5.22304586e-01  2.30842506e-01  5.91413204e-02  8.71807917e-02  4.26369164e+04 
 7.21437403e+14  2.89334068e+34  1.18021000e+01  5.38051825e-01  9.48360000e+00  5.23533145e-01  2.31037433e-01  5.89076979e-02  8.71820942e-02  4.20408592e+04 
 7.24079540e+14  2.91269460e+34  1.17941000e+01  5.39245012e-01  9.48460000e+00  5.24808974e-01  2.31271167e-01  5.84813996e-02  8.72199539e-02  4.14550629e+04 
 7.26721676e+14  2.93209591e+34  1.17871000e+01  5.40433379e-01  9.48460000e+00  5.26031810e-01  2.31465464e-01  5.82423808e-02  8.72208594e-02  4.08801761e+04 
 7.29363813e+14  2.95154455e+34  1.17791000e+01  5.41616953e-01  9.48460000e+00  5.27250880e-01  2.31698832e-01  5.80007950e-02  8.72587931e-02  4.03159479e+04 
 7.32005950e+14  2.97105296e+34  1.17721000e+01  5.42796545e-01  9.48460000e+00  5.28466975e-01  2.31892618e-01  5.77566012e-02  8.72595659e-02  3.97617753e+04 
 7.34648086e+14  2.99062574e+34  1.17651000e+01  5.43972423e-01  9.48460000e+00  5.29680381e-01  2.32086078e-01  5.75097420e-02  8.72601219e-02  3.92173181e+04 
 7.37290223e+14  3.01024562e+34  1.17571000e+01  5.45143609e-01  9.48460000e+00  5.30890045e-01  2.32318837e-01  5.72606054e-02  8.72978343e-02  3.86828341e+04 
 7.39932359e+14  3.02991255e+34  1.17501000e+01  5.46310121e-01  9.48460000e+00  5.32095988e-01  2.32511907e-01  5.70091484e-02  8.72984834e-02  3.81580927e+04 
 7.42574496e+14  3.04965128e+34  1.17431000e+01  5.47473449e-01  9.48460000e+00  5.33299742e-01  2.32704654e-01  5.67550926e-02  8.72988456e-02  3.76422319e+04 
 7.45216632e+14  3.06944176e+34  1.17361000e+01  5.48632440e-01  9.48460000e+00  5.34500091e-01  2.32897182e-01  5.64987895e-02  8.72992012e-02  3.71355823e+04 
 7.47858769e+14  3.08927907e+34  1.17291000e+01  5.49786837e-01  9.48460000e+00  5.35696756e-01  2.33089518e-01  5.62403450e-02  8.72996184e-02  3.66380609e+04 
 7.50500906e+14  3.10917087e+34  1.17211000e+01  5.50937119e-01  9.48460000e+00  5.36890219e-01  2.33321449e-01  5.59797259e-02  8.73372522e-02  3.61492751e+04 
 7.53143042e+14  3.12913133e+34  1.17141000e+01  5.52084116e-01  9.48460000e+00  5.38081335e-01  2.33513352e-01  5.57167350e-02  8.73374445e-02  3.56686960e+04 
 7.55785179e+14  3.14913840e+34  1.17071000e+01  5.53226593e-01  9.48460000e+00  5.39268798e-01  2.33705091e-01  5.54517566e-02  8.73377226e-02  3.51966753e+04 
 7.58427315e+14  3.16919200e+34  1.17001000e+01  5.54364589e-01  9.48460000e+00  5.40452622e-01  2.33896679e-01  5.51848889e-02  8.73380968e-02  3.47330214e+04 
 7.61069452e+14  3.18931269e+34  1.16931000e+01  5.55499294e-01  9.48460000e+00  5.41634033e-01  2.34088036e-01  5.49158966e-02  8.73383063e-02  3.42770871e+04 
 7.63711588e+14  3.20948889e+34  1.16861000e+01  5.56630057e-01  9.48360000e+00  5.42763146e-01  2.34279209e-01  5.48304729e-02  8.73385005e-02  3.38289746e+04 
 7.66353725e+14  3.22971141e+34  1.16791000e+01  5.57756404e-01  9.48360000e+00  5.43937897e-01  2.34470255e-01  5.45573437e-02  8.73388087e-02  3.33887147e+04 
 7.68995862e+14  3.24998422e+34  1.16721000e+01  5.58878595e-01  9.48360000e+00  5.45109301e-01  2.34661167e-01  5.42824280e-02  8.73391882e-02  3.29560496e+04 
 7.71637998e+14  3.27032893e+34  1.16651000e+01  5.59997827e-01  9.48360000e+00  5.46278603e-01  2.34851846e-01  5.40054439e-02  8.73393588e-02  3.25303699e+04 
 7.74280135e+14  3.29071975e+34  1.16581000e+01  5.61112728e-01  9.48360000e+00  5.47444326e-01  2.35042435e-01  5.37268971e-02  8.73396763e-02  3.21120652e+04 
 7.76922271e+14  3.31115661e+34  1.16511000e+01  5.62223306e-01  9.48260000e+00  5.48557295e-01  2.35232926e-01  5.36309689e-02  8.73401302e-02  3.17009765e+04 
 7.79564408e+14  3.33165692e+34  1.16441000e+01  5.63330531e-01  9.48260000e+00  5.49716943e-01  2.35423244e-01  5.33486102e-02  8.73405018e-02  3.12966063e+04 
 7.82206545e+14  3.35221542e+34  1.16381000e+01  5.64434151e-01  9.48260000e+00  5.50873746e-01  2.35572942e-01  5.30645727e-02  8.73033564e-02  3.08989221e+04 
 7.84848681e+14  3.37281976e+34  1.16311000e+01  5.65533524e-01  9.48160000e+00  5.51977819e-01  2.35763009e-01  5.29626301e-02  8.73038723e-02  3.05080228e+04 
 7.87490818e+14  3.39347127e+34  1.16241000e+01  5.66628752e-01  9.48160000e+00  5.53127696e-01  2.35953005e-01  5.26753767e-02  8.73045343e-02  3.01237356e+04 
 7.90132954e+14  3.41419685e+34  1.16171000e+01  5.67721278e-01  9.48160000e+00  5.54275646e-01  2.36142818e-01  5.23863413e-02  8.73050094e-02  2.97454349e+04 
 7.92775091e+14  3.43496804e+34  1.16101000e+01  5.68809623e-01  9.48060000e+00  5.55370912e-01  2.36332587e-01  5.22787153e-02  8.73056669e-02  2.93735164e+04 
 7.95417227e+14  3.45578480e+34  1.16041000e+01  5.69893811e-01  9.48060000e+00  5.56511919e-01  2.36481544e-01  5.19866713e-02  8.72688900e-02  2.90078435e+04 
 7.98059364e+14  3.47666244e+34  1.15971000e+01  5.70974660e-01  9.48060000e+00  5.57650297e-01  2.36671105e-01  5.16931605e-02  8.72696963e-02  2.86480247e+04 
 8.00701501e+14  3.49759990e+34  1.15901000e+01  5.72052146e-01  9.47960000e+00  5.58736845e-01  2.36860582e-01  5.15801624e-02  8.72705250e-02  2.82939635e+04 
 8.03343637e+14  3.51858271e+34  1.15841000e+01  5.73125547e-01  9.47960000e+00  5.59869131e-01  2.37009115e-01  5.12837211e-02  8.72338931e-02  2.79457832e+04 
 8.05985774e+14  3.53961082e+34  1.15771000e+01  5.74194873e-01  9.47860000e+00  5.60948833e-01  2.37198501e-01  5.11675479e-02  8.72351009e-02  2.76033643e+04 
 8.08627910e+14  3.56071377e+34  1.15701000e+01  5.75261666e-01  9.47860000e+00  5.62075878e-01  2.37387754e-01  5.08681121e-02  8.72361576e-02  2.72661171e+04 
 8.11270047e+14  3.58186204e+34  1.15641000e+01  5.76324430e-01  9.47760000e+00  5.63150374e-01  2.37535911e-01  5.07484774e-02  8.71997093e-02  2.69344097e+04 
 8.13912183e+14  3.60305539e+34  1.15571000e+01  5.77383193e-01  9.47760000e+00  5.64270635e-01  2.37725114e-01  5.04465781e-02  8.72011760e-02  2.66081320e+04 
 8.16554320e+14  3.62430811e+34  1.15511000e+01  5.78438699e-01  9.47660000e+00  5.65339145e-01  2.37873074e-01  5.03238718e-02  8.71649521e-02  2.62869555e+04 
 8.19196457e+14  3.64562124e+34  1.15441000e+01  5.79490995e-01  9.47660000e+00  5.66454226e-01  2.38062117e-01  5.00192337e-02  8.71664829e-02  2.59707710e+04 
 8.21838593e+14  3.66697925e+34  1.15381000e+01  5.80539355e-01  9.47560000e+00  5.67516838e-01  2.38209892e-01  4.98935439e-02  8.71304835e-02  2.56597053e+04 
 8.24480730e+14  3.68838208e+34  1.15311000e+01  5.81583807e-01  9.47460000e+00  5.68576100e-01  2.38398952e-01  4.97665279e-02  8.71324758e-02  2.53536561e+04 
 8.27122866e+14  3.70985878e+34  1.15251000e+01  5.82625769e-01  9.47460000e+00  5.69682685e-01  2.38546506e-01  4.94580446e-02  8.70965543e-02  2.50521162e+04 
 8.29765003e+14  3.73138086e+34  1.15181000e+01  5.83663875e-01  9.47360000e+00  5.70736851e-01  2.38735450e-01  4.93279868e-02  8.70986462e-02  2.47553994e+04 
 8.32407139e+14  3.75294756e+34  1.15121000e+01  5.84698124e-01  9.47360000e+00  5.71836820e-01  2.38882936e-01  4.90175358e-02  8.70631662e-02  2.44634160e+04 
 8.35049276e+14  3.77457313e+34  1.15061000e+01  5.85729226e-01  9.47260000e+00  5.72885139e-01  2.39030314e-01  4.88847977e-02  8.70277449e-02  2.41758837e+04 
 8.37691413e+14  3.79625871e+34  1.14991000e+01  5.86757244e-01  9.47160000e+00  5.73930942e-01  2.39219187e-01  4.87506540e-02  8.70302075e-02  2.38927068e+04 
 8.40333549e+14  3.81798869e+34  1.14931000e+01  5.87781455e-01  9.47160000e+00  5.75022571e-01  2.39366465e-01  4.84368537e-02  8.69950748e-02  2.36140008e+04 
 8.42975686e+14  3.83976304e+34  1.14871000e+01  5.88801885e-01  9.47060000e+00  5.76061866e-01  2.39513711e-01  4.83003492e-02  8.69601804e-02  2.33396780e+04 
 8.45617822e+14  3.86161128e+34  1.14801000e+01  5.89819943e-01  9.46960000e+00  5.77099374e-01  2.39702559e-01  4.81623342e-02  8.69630500e-02  2.30692902e+04 
 8.48259959e+14  3.88350398e+34  1.14741000e+01  5.90834268e-01  9.46960000e+00  5.78182724e-01  2.39849679e-01  4.78454878e-02  8.69283044e-02  2.28031246e+04 
 8.50902096e+14  3.90544084e+34  1.14681000e+01  5.91844873e-01  9.46860000e+00  5.79213802e-01  2.39996790e-01  4.77053079e-02  8.68938141e-02  2.25411021e+04 
 8.53544232e+14  3.92743708e+34  1.14621000e+01  5.92852462e-01  9.46760000e+00  5.80242402e-01  2.40143811e-01  4.75638116e-02  8.68593879e-02  2.22829646e+04 
 8.56186369e+14  3.94949192e+34  1.14551000e+01  5.93857034e-01  9.46660000e+00  5.81268508e-01  2.40332728e-01  4.74210705e-02  8.68629618e-02  2.20286516e+04 
 8.58828505e+14  3.97159072e+34  1.14491000e+01  5.94857942e-01  9.46660000e+00  5.82340461e-01  2.40479740e-01  4.71005440e-02  8.68289011e-02  2.17782563e+04 
 8.61470642e+14  3.99373463e+34  1.14431000e+01  5.95855249e-01  9.46560000e+00  5.83360270e-01  2.40626749e-01  4.69558225e-02  8.67950860e-02  2.15316908e+04 
 8.64112778e+14  4.01595104e+34  1.14371000e+01  5.96850219e-01  9.46460000e+00  5.84378276e-01  2.40773641e-01  4.68097574e-02  8.67612088e-02  2.12885841e+04 
 8.66754915e+14  4.03821121e+34  1.14311000e+01  5.97841569e-01  9.46360000e+00  5.85393114e-01  2.40920552e-01  4.66627230e-02  8.67276049e-02  2.10491861e+04 
 8.69397052e+14  4.06051509e+34  1.14251000e+01  5.98829320e-01  9.46260000e+00  5.86404811e-01  2.41067483e-01  4.65146999e-02  8.66942743e-02  2.08134255e+04 
 8.72039188e+14  4.08287985e+34  1.14181000e+01  5.99814262e-01  9.46260000e+00  5.87463184e-01  2.41256625e-01  4.61899604e-02  8.66989841e-02  2.05810562e+04 
 8.74681325e+14  4.10530084e+34  1.14121000e+01  6.00796193e-01  9.46160000e+00  5.88470036e-01  2.41403527e-01  4.60398537e-02  8.66658748e-02  2.03520653e+04 
 8.77323461e+14  4.12776534e+34  1.14061000e+01  6.01774572e-01  9.46060000e+00  5.89473765e-01  2.41550462e-01  4.58888597e-02  8.66330468e-02  2.01265195e+04 
 8.79965598e+14  4.15027691e+34  1.14001000e+01  6.02749597e-01  9.45960000e+00  5.90474546e-01  2.41697431e-01  4.57370425e-02  8.66004719e-02  1.99043179e+04 
 8.82607734e+14  4.17285815e+34  1.13941000e+01  6.03722249e-01  9.45860000e+00  5.91473462e-01  2.41844323e-01  4.55839822e-02  8.65678860e-02  1.96851813e+04 
 8.85249871e+14  4.19548270e+34  1.13881000e+01  6.04691402e-01  9.45760000e+00  5.92469292e-01  2.41991265e-01  4.54300828e-02  8.65355927e-02  1.94693093e+04 
 8.87892008e+14  4.21815052e+34  1.13821000e+01  6.05657078e-01  9.45660000e+00  5.93462049e-01  2.42138259e-01  4.52753748e-02  8.65035924e-02  1.92566406e+04 
 8.90534144e+14  4.24088168e+34  1.13761000e+01  6.06620150e-01  9.45560000e+00  5.94452665e-01  2.42285217e-01  4.51195958e-02  8.64716588e-02  1.90469313e+04 
 8.93176281e+14  4.26366574e+34  1.13701000e+01  6.07580193e-01  9.45460000e+00  5.95440669e-01  2.42432196e-01  4.49629421e-02  8.64399188e-02  1.88402262e+04 
 8.95818417e+14  4.28649288e+34  1.13641000e+01  6.08536814e-01  9.45360000e+00  5.96425630e-01  2.42579246e-01  4.48055640e-02  8.64084851e-02  1.86365587e+04 
 8.98460554e+14  4.30937001e+34  1.13581000e+01  6.09490322e-01  9.45360000e+00  5.97456781e-01  2.42726336e-01  4.44739851e-02  8.63772776e-02  1.84358117e+04 
 9.01102690e+14  4.33231303e+34  1.13531000e+01  6.10441382e-01  9.45260000e+00  5.98437026e-01  2.42830600e-01  4.43149308e-02  8.63080924e-02  1.82377970e+04 
 9.03744827e+14  4.35529892e+34  1.13471000e+01  6.11389064e-01  9.45160000e+00  5.99414249e-01  2.42977688e-01  4.41552542e-02  8.62772372e-02  1.80426652e+04 
 9.06386964e+14  4.37832764e+34  1.13411000e+01  6.12333393e-01  9.45060000e+00  6.00388472e-01  2.43124865e-01  4.39949440e-02  8.62466985e-02  1.78503624e+04 
 9.09029100e+14  4.40142312e+34  1.13351000e+01  6.13275363e-01  9.44960000e+00  6.01360764e-01  2.43272019e-01  4.38336645e-02  8.62162080e-02  1.76606419e+04 
 9.11671237e+14  4.42456723e+34  1.13291000e+01  6.14214246e-01  9.44860000e+00  6.02330333e-01  2.43419240e-01  4.36716932e-02  8.61859720e-02  1.74736080e+04 
 9.14313373e+14  4.44775398e+34  1.13231000e+01  6.15149804e-01  9.44760000e+00  6.03296925e-01  2.43566551e-01  4.35090954e-02  8.61560489e-02  1.72892604e+04 
 9.16955510e+14  4.47099461e+34  1.13181000e+01  6.16082522e-01  9.44660000e+00  6.04261049e-01  2.43670838e-01  4.33457317e-02  8.61289896e-02  1.71155525e+04 
 9.19597646e+14  4.49429640e+34  1.13121000e+01  6.17012715e-01  9.44560000e+00  6.05223031e-01  2.43818171e-01  4.31815999e-02  8.60586681e-02  1.69281153e+04 
 9.22239783e+14  4.51764064e+34  1.13061000e+01  6.17939629e-01  9.44360000e+00  6.06133253e-01  2.43965606e-01  4.31883659e-02  8.60293798e-02  1.67513203e+04 
 9.24881920e+14  4.54102728e+34  1.13001000e+01  6.18863296e-01  9.44260000e+00  6.07089371e-01  2.44113154e-01  4.30229179e-02  8.60004194e-02  1.65770311e+04 
 9.27524056e+14  4.56448501e+34  1.12951000e+01  6.19784863e-01  9.44160000e+00  6.08043796e-01  2.44217428e-01  4.28565363e-02  8.59741708e-02  1.64127725e+04 
 9.30166193e+14  4.58798621e+34  1.12891000e+01  6.20703252e-01  9.44060000e+00  6.08995349e-01  2.44365022e-01  4.26896952e-02  8.59047898e-02  1.62353724e+04 
 9.32808329e+14  4.61152961e+34  1.12831000e+01  6.21618432e-01  9.43960000e+00  6.09943993e-01  2.44512736e-01  4.25223757e-02  8.58764887e-02  1.60681334e+04 
 9.35450466e+14  4.63513168e+34  1.12771000e+01  6.22531072e-01  9.43860000e+00  6.10890442e-01  2.44660505e-01  4.23543967e-02  8.58483493e-02  1.59031195e+04 
 9.38092603e+14  4.65878929e+34  1.12721000e+01  6.23441038e-01  9.43760000e+00  6.11834562e-01  2.44764890e-01  4.21857300e-02  8.57823290e-02  1.57403159e+04 
 9.40734739e+14  4.68248893e+34  1.12661000e+01  6.24347854e-01  9.43660000e+00  6.12775805e-01  2.44912809e-01  4.20167075e-02  8.57547120e-02  1.55797780e+04 
 9.43376876e+14  4.70623501e+34  1.12601000e+01  6.25251690e-01  9.43560000e+00  6.13714365e-01  2.45060839e-01  4.18472044e-02  8.57273833e-02  1.54214360e+04 
 9.46019012e+14  4.73004851e+34  1.12551000e+01  6.26153349e-01  9.43460000e+00  6.14651126e-01  2.45165302e-01  4.16768718e-02  8.56620473e-02  1.52651150e+04 
 9.48661149e+14  4.75390386e+34  1.12491000e+01  6.27051904e-01  9.43360000e+00  6.15585040e-01  2.45313449e-01  4.15062251e-02  8.56351262e-02  1.51109496e+04 
 9.51303285e+14  4.77780099e+34  1.12441000e+01  6.27947353e-01  9.43160000e+00  6.16467440e-01  2.45418076e-01  4.15043592e-02  8.55704835e-02  1.49589011e+04 
 9.53945422e+14  4.80176249e+34  1.12381000e+01  6.28840546e-01  9.43060000e+00  6.17396635e-01  2.45566351e-01  4.13323895e-02  8.55439945e-02  1.48087938e+04 
 9.56587559e+14  4.82577302e+34  1.12331000e+01  6.29730938e-01  9.42960000e+00  6.18323293e-01  2.45670996e-01  4.11600209e-02  8.55205494e-02  1.46676939e+04 
 9.59229695e+14  4.84982516e+34  1.12271000e+01  6.30618271e-01  9.42860000e+00  6.19247128e-01  2.45819503e-01  4.09874076e-02  8.54538474e-02  1.45146045e+04 
 9.61871832e+14  4.87392987e+34  1.12221000e+01  6.31502963e-01  9.42760000e+00  6.20168604e-01  2.45924275e-01  4.08143138e-02  8.54309923e-02  1.43773068e+04 
 9.64513968e+14  4.89809505e+34  1.12161000e+01  6.32385309e-01  9.42660000e+00  6.21088053e-01  2.46072908e-01  4.06406486e-02  8.53646550e-02  1.42281020e+04 
 9.67156105e+14  4.92230167e+34  1.12111000e+01  6.33264631e-01  9.42460000e+00  6.21956119e-01  2.46177776e-01  4.06346290e-02  8.53423076e-02  1.40944370e+04 
 9.69798241e+14  4.94654966e+34  1.12051000e+01  6.34140946e-01  9.42360000e+00  6.22870041e-01  2.46326690e-01  4.04601479e-02  8.52766568e-02  1.39491662e+04 
 9.72440378e+14  4.97086860e+34  1.12001000e+01  6.35015335e-01  9.42260000e+00  6.23782350e-01  2.46431618e-01  4.02850425e-02  8.52547148e-02  1.38189555e+04 
 9.75082515e+14  4.99522918e+34  1.11941000e+01  6.35886755e-01  9.42160000e+00  6.24691897e-01  2.46580688e-01  4.01097745e-02  8.51894470e-02  1.36773259e+04 
 9.77724651e+14  5.01963096e+34  1.11891000e+01  6.36755206e-01  9.41960000e+00  6.25550143e-01  2.46685826e-01  4.01014402e-02  8.51273450e-02  1.35441178e+04 
 9.80366788e+14  5.04409233e+34  1.11831000e+01  6.37621358e-01  9.41860000e+00  6.26454977e-01  2.46835112e-01  3.99251338e-02  8.51034556e-02  1.34125803e+04 
 9.83008924e+14  5.06860635e+34  1.11781000e+01  6.38484976e-01  9.41760000e+00  6.27357521e-01  2.46940332e-01  3.97484628e-02  8.50417562e-02  1.32827237e+04 
 9.85651061e+14  5.09316140e+34  1.11721000e+01  6.39345669e-01  9.41660000e+00  6.28257310e-01  2.47089885e-01  3.95717565e-02  8.50184655e-02  1.31545827e+04 
 9.88293197e+14  5.11776488e+34  1.11671000e+01  6.40203705e-01  9.41560000e+00  6.29154673e-01  2.47195304e-01  3.93947301e-02  8.49574053e-02  1.30280893e+04 
 9.90935334e+14  5.14243184e+34  1.11621000e+01  6.41059613e-01  9.41360000e+00  6.30001734e-01  2.47300710e-01  3.93833292e-02  8.48964723e-02  1.29031423e+04 
 9.93577471e+14  5.16713965e+34  1.11561000e+01  6.41912629e-01  9.41260000e+00  6.30894605e-01  2.47450584e-01  3.92053644e-02  8.48739383e-02  1.27798315e+04 
 9.96219607e+14  5.19188825e+34  1.11511000e+01  6.42762773e-01  9.41160000e+00  6.31784757e-01  2.47556243e-01  3.90273531e-02  8.48137295e-02  1.26581289e+04 
 9.98861744e+14  5.21670433e+34  1.11461000e+01  6.43610971e-01  9.40960000e+00  6.32624791e-01  2.47661888e-01  3.90145175e-02  8.47536187e-02  1.25378801e+04 
 1.00150388e+15  5.24156439e+34  1.11401000e+01  6.44456418e-01  9.40860000e+00  6.33510779e-01  2.47812112e-01  3.88355256e-02  8.47318592e-02  1.24191764e+04 
 1.00414602e+15  5.26646507e+34  1.11351000e+01  6.45299028e-01  9.40760000e+00  6.34394094e-01  2.47918001e-01  3.86564483e-02  8.46724365e-02  1.23020075e+04 
 1.00678815e+15  5.29142249e+34  1.11301000e+01  6.46139355e-01  9.40660000e+00  6.35275320e-01  2.48023929e-01  3.84771783e-02  8.46132188e-02  1.21862745e+04 
 1.00943029e+15  5.31643430e+34  1.11251000e+01  6.46977332e-01  9.40460000e+00  6.36106062e-01  2.48129910e-01  3.84623966e-02  8.45951419e-02  1.20778073e+04 
 1.01207243e+15  5.34148656e+34  1.11191000e+01  6.47812507e-01  9.40360000e+00  6.36982582e-01  2.48280674e-01  3.82824564e-02  8.45336219e-02  1.19591247e+04 
 1.01471456e+15  5.36658502e+34  1.11141000e+01  6.48645072e-01  9.40260000e+00  6.37856648e-01  2.48386903e-01  3.81024375e-02  8.44753009e-02  1.18476990e+04 
 1.01735670e+15  5.39174808e+34  1.11091000e+01  6.49475676e-01  9.40060000e+00  6.38680657e-01  2.48493157e-01  3.80863418e-02  8.44171208e-02  1.17375875e+04 
 1.01999884e+15  5.41695142e+34  1.11041000e+01  6.50303484e-01  9.39960000e+00  6.39550434e-01  2.48599519e-01  3.79055280e-02  8.44002139e-02  1.16345166e+04 
 1.02264097e+15  5.44219498e+34  1.10991000e+01  6.51128569e-01  9.39860000e+00  6.40417578e-01  2.48706033e-01  3.77248834e-02  8.43427756e-02  1.15271339e+04 
 1.02528311e+15  5.46750442e+34  1.10931000e+01  6.51951715e-01  9.39660000e+00  6.41234760e-01  2.48857404e-01  3.77075269e-02  8.42825071e-02  1.14154571e+04 
 1.02792525e+15  5.49285834e+34  1.10881000e+01  6.52772292e-01  9.39560000e+00  6.42097858e-01  2.48964076e-01  3.75260919e-02  8.42255078e-02  1.13106908e+04 
 1.03056738e+15  5.51825232e+34  1.10831000e+01  6.53590131e-01  9.39360000e+00  6.42910036e-01  2.49070873e-01  3.75082136e-02  8.41688710e-02  1.12072410e+04 
 1.03320952e+15  5.54370204e+34  1.10781000e+01  6.54405776e-01  9.39260000e+00  6.43768572e-01  2.49177740e-01  3.73263142e-02  8.41124585e-02  1.11050238e+04 
 1.03585166e+15  5.56920605e+34  1.10731000e+01  6.55219180e-01  9.39160000e+00  6.44625041e-01  2.49284682e-01  3.71442695e-02  8.40972044e-02  1.10093845e+04 
 1.03849379e+15  5.59474994e+34  1.10681000e+01  6.56029886e-01  9.38960000e+00  6.45430670e-01  2.49391759e-01  3.71252420e-02  8.40413930e-02  1.09096011e+04 
 1.04113593e+15  5.62033964e+34  1.10621000e+01  6.56838113e-01  9.38860000e+00  6.46282278e-01  2.49544072e-01  3.69429461e-02  8.39829348e-02  1.08057671e+04 
 1.04377807e+15  5.64599325e+34  1.10571000e+01  6.57644433e-01  9.38760000e+00  6.47132175e-01  2.49651341e-01  3.67603805e-02  8.39275786e-02  1.07083737e+04 
 1.04642020e+15  5.67168657e+34  1.10521000e+01  6.58448100e-01  9.38560000e+00  6.47931324e-01  2.49758761e-01  3.67402838e-02  8.38725991e-02  1.06121839e+04 
 1.04906234e+15  5.69741956e+34  1.10471000e+01  6.59249120e-01  9.38460000e+00  6.48776196e-01  2.49866325e-01  3.65575786e-02  8.38179896e-02  1.05171787e+04 
 1.05170448e+15  5.72321867e+34  1.10421000e+01  6.60048334e-01  9.38260000e+00  6.49571262e-01  2.49973920e-01  3.65367112e-02  8.37635044e-02  1.04232440e+04 
 1.05434661e+15  5.74906093e+34  1.10371000e+01  6.60845032e-01  9.38160000e+00  6.50412177e-01  2.50081649e-01  3.63535086e-02  8.37093580e-02  1.03304474e+04 
 1.05698875e+15  5.77494270e+34  1.10321000e+01  6.61639130e-01  9.38060000e+00  6.51250579e-01  2.50189540e-01  3.61704591e-02  8.36555921e-02  1.02387844e+04 
 1.05963089e+15  5.80088105e+34  1.10271000e+01  6.62431155e-01  9.37860000e+00  6.52038940e-01  2.50297510e-01  3.61487738e-02  8.36020410e-02  1.01481780e+04 
 1.06227302e+15  5.82687177e+34  1.10221000e+01  6.63220975e-01  9.37760000e+00  6.52873419e-01  2.50405571e-01  3.59652507e-02  8.35487369e-02  1.00586278e+04 
 1.06491516e+15  5.85290183e+34  1.10171000e+01  6.64008218e-01  9.37560000e+00  6.53657300e-01  2.50513794e-01  3.59430337e-02  8.34958094e-02  9.97016266e+03 
 1.06755729e+15  5.87897912e+34  1.10121000e+01  6.64793134e-01  9.37460000e+00  6.54487130e-01  2.50622142e-01  3.57594008e-02  8.34431818e-02  9.88273936e+03 
 1.07019943e+15  5.90511782e+34  1.10071000e+01  6.65576158e-01  9.37260000e+00  6.55267145e-01  2.50730552e-01  3.57364564e-02  8.33907241e-02  9.79629610e+03 
 1.07284157e+15  5.93129570e+34  1.10021000e+01  6.66356638e-01  9.37160000e+00  6.56092825e-01  2.50839131e-01  3.55525804e-02  8.33386451e-02  9.71089178e+03 
 1.07548370e+15  5.95751269e+34  1.09971000e+01  6.67134584e-01  9.36960000e+00  6.56867994e-01  2.50947878e-01  3.55293553e-02  8.32869410e-02  9.62651048e+03 
 1.07812584e+15  5.98379784e+34  1.09921000e+01  6.67910867e-01  9.36860000e+00  6.57689781e-01  2.51056662e-01  3.53451656e-02  8.32353469e-02  9.54304515e+03 
 1.08076798e+15  6.01012305e+34  1.09871000e+01  6.68684662e-01  9.36760000e+00  6.58509157e-01  2.51165611e-01  3.51611293e-02  8.31841179e-02  9.46057153e+03 
 1.08341011e+15  6.03648722e+34  1.09831000e+01  6.69455953e-01  9.36560000e+00  6.59278117e-01  2.51228971e-01  3.51371443e-02  8.31363180e-02  9.38369353e+03 
 1.08605225e+15  6.06291058e+34  1.09781000e+01  6.70225342e-01  9.36460000e+00  6.60093346e-01  2.51338134e-01  3.49529424e-02  8.30856612e-02  9.30306699e+03 
 1.08869439e+15  6.08938266e+34  1.09731000e+01  6.70992531e-01  9.36260000e+00  6.60858521e-01  2.51447428e-01  3.49283672e-02  8.30352921e-02  9.22336410e+03 
 1.09133652e+15  6.11589353e+34  1.09681000e+01  6.71757245e-01  9.36160000e+00  6.61669284e-01  2.51556900e-01  3.47441750e-02  8.29444043e-02  9.14009443e+03 
 1.09397866e+15  6.14245481e+34  1.09631000e+01  6.72519827e-01  9.35960000e+00  6.62430097e-01  2.51666494e-01  3.47192402e-02  8.28946781e-02  9.06225844e+03 
 1.09662080e+15  6.16907328e+34  1.09581000e+01  6.73280485e-01  9.35860000e+00  6.63237078e-01  2.51776187e-01  3.45348053e-02  8.28451635e-02  8.98528181e+03 
 1.09926293e+15  6.19573038e+34  1.09531000e+01  6.74038697e-01  9.35660000e+00  6.63993774e-01  2.51886062e-01  3.45094766e-02  8.27960251e-02  8.90920553e+03 
 1.10190507e+15  6.22242929e+34  1.09481000e+01  6.74794570e-01  9.35560000e+00  6.64796134e-01  2.51996108e-01  3.43251889e-02  8.27472346e-02  8.83400721e+03 
 1.10454721e+15  6.24919369e+34  1.09441000e+01  6.75548779e-01  9.35360000e+00  6.65549114e-01  2.52060141e-01  3.42993073e-02  8.27016750e-02  8.76393971e+03 
 1.10718934e+15  6.27599655e+34  1.09391000e+01  6.76300571e-01  9.35260000e+00  6.66347629e-01  2.52170397e-01  3.41148913e-02  8.26125289e-02  8.68607328e+03 
 1.10983148e+15  6.30283784e+34  1.09341000e+01  6.77049944e-01  9.35060000e+00  6.67095958e-01  2.52280831e-01  3.40888812e-02  8.25646226e-02  8.61338884e+03 
 1.11247362e+15  6.32974267e+34  1.09291000e+01  6.77797629e-01  9.34960000e+00  6.67890597e-01  2.52391347e-01  3.39043564e-02  8.25168744e-02  8.54147589e+03 
 1.11511575e+15  6.35669083e+34  1.09241000e+01  6.78543075e-01  9.34760000e+00  6.68635254e-01  2.52502039e-01  3.38779149e-02  8.24694637e-02  8.47037763e+03 
 1.11775789e+15  6.38367726e+34  1.09201000e+01  6.79286137e-01  9.34660000e+00  6.69425409e-01  2.52566647e-01  3.36935693e-02  8.24255446e-02  8.40426086e+03 
 1.12040003e+15  6.41071900e+34  1.09151000e+01  6.80027292e-01  9.34460000e+00  6.70166007e-01  2.52677595e-01  3.36667901e-02  8.23378732e-02  8.33057359e+03 
 1.12304216e+15  6.43781200e+34  1.09101000e+01  6.80766455e-01  9.34360000e+00  6.70952483e-01  2.52788688e-01  3.34823757e-02  8.22913249e-02  8.26181287e+03 
 1.12568430e+15  6.46494311e+34  1.09051000e+01  6.81503269e-01  9.34160000e+00  6.71688928e-01  2.52899978e-01  3.34554052e-02  8.22451523e-02  8.19383535e+03 
 1.12832644e+15  6.49212149e+34  1.09011000e+01  6.82237985e-01  9.33960000e+00  6.72423351e-01  2.52964993e-01  3.34282949e-02  8.22024081e-02  8.13064613e+03 
 1.13096857e+15  6.51935887e+34  1.08961000e+01  6.82970942e-01  9.33860000e+00  6.73203938e-01  2.53076503e-01  3.32437414e-02  8.21158869e-02  8.06008901e+03 
 1.13361071e+15  6.54663420e+34  1.08911000e+01  6.83701573e-01  9.33660000e+00  6.73934487e-01  2.53188211e-01  3.32163813e-02  8.20705775e-02  7.99432317e+03 
 1.13625285e+15  6.57394893e+34  1.08871000e+01  6.84429931e-01  9.33560000e+00  6.74710575e-01  2.53253575e-01  3.30321098e-02  8.20287814e-02  7.93324251e+03 
 1.13889498e+15  6.60133023e+34  1.08821000e+01  6.85156754e-01  9.33360000e+00  6.75437552e-01  2.53365514e-01  3.30043677e-02  8.19431435e-02  7.86492974e+03 
 1.14153712e+15  6.62874933e+34  1.08771000e+01  6.85881275e-01  9.33260000e+00  6.76209986e-01  2.53477655e-01  3.28201342e-02  8.18986992e-02  7.80128701e+03 
 1.14417926e+15  6.65620617e+34  1.08731000e+01  6.86603512e-01  9.33060000e+00  6.76932505e-01  2.53543351e-01  3.27923663e-02  8.18577969e-02  7.74221520e+03 
 1.14682139e+15  6.68372490e+34  1.08681000e+01  6.87324110e-01  9.32960000e+00  6.77701172e-01  2.53655757e-01  3.26082206e-02  8.17730914e-02  7.67607190e+03 
 1.14946353e+15  6.71128730e+34  1.08631000e+01  6.88042590e-01  9.32760000e+00  6.78420173e-01  2.53768342e-01  3.25800852e-02  8.17295120e-02  7.61446793e+03 
 1.15210567e+15  6.73888730e+34  1.08591000e+01  6.88758818e-01  9.32560000e+00  6.79136933e-01  2.53834376e-01  3.25520329e-02  8.16894925e-02  7.55732120e+03 
 1.15474780e+15  6.76654169e+34  1.08541000e+01  6.89473224e-01  9.32460000e+00  6.79899641e-01  2.53947263e-01  3.23679866e-02  8.16057256e-02  7.49326478e+03 
 1.15738994e+15  6.79424695e+34  1.08501000e+01  6.90185741e-01  9.32260000e+00  6.80612901e-01  2.54013475e-01  3.23396248e-02  8.15662098e-02  7.43733687e+03 
 1.16003207e+15  6.82198966e+34  1.08451000e+01  6.90896010e-01  9.32160000e+00  6.81371573e-01  2.54126682e-01  3.21558465e-02  8.14830915e-02  7.37463039e+03 
 1.16267421e+15  6.84977942e+34  1.08401000e+01  6.91604324e-01  9.31960000e+00  6.82080762e-01  2.54240078e-01  3.21274800e-02  8.14410524e-02  7.31626958e+03 
 1.16531635e+15  6.87762710e+34  1.08361000e+01  6.92310918e-01  9.31860000e+00  6.82835910e-01  2.54306628e-01  3.19437526e-02  8.14024050e-02  7.26214194e+03 
 1.16795848e+15  6.90551206e+34  1.08311000e+01  6.93015325e-01  9.31660000e+00  6.83541379e-01  2.54420320e-01  3.19151512e-02  8.13201740e-02  7.20137315e+03 
 1.17060062e+15  6.93343692e+34  1.08271000e+01  6.93717590e-01  9.31460000e+00  6.84244734e-01  2.54487186e-01  3.18865723e-02  8.12822636e-02  7.14844163e+03 
 1.17324276e+15  6.96142657e+34  1.08221000e+01  6.94418352e-01  9.31360000e+00  6.84994253e-01  2.54601129e-01  3.17030329e-02  8.12005329e-02  7.08890281e+03 
 1.17588489e+15  6.98945335e+34  1.08181000e+01  6.95116945e-01  9.31160000e+00  6.85694104e-01  2.54668207e-01  3.16742747e-02  8.11631542e-02  7.03708629e+03 
 1.17852703e+15  7.01751721e+34  1.08131000e+01  6.95813348e-01  9.31060000e+00  6.86439287e-01  2.54782546e-01  3.14912426e-02  8.10821780e-02  6.97880565e+03 
 1.18116917e+15  7.04564421e+34  1.08091000e+01  6.96508237e-01  9.30860000e+00  6.87135627e-01  2.54849830e-01  3.14622194e-02  8.10453290e-02  6.92807783e+03 
 1.18381130e+15  7.07381236e+34  1.08041000e+01  6.97201075e-01  9.30660000e+00  6.87829943e-01  2.54964450e-01  3.14332708e-02  8.09648684e-02  6.87096491e+03 
 1.18645344e+15  7.10201744e+34  1.08001000e+01  6.97891757e-01  9.30560000e+00  6.88569580e-01  2.55032047e-01  3.12504330e-02  8.09287322e-02  6.82133938e+03 
 1.18909558e+15  7.13027886e+34  1.07951000e+01  6.98580772e-01  9.30360000e+00  6.89260205e-01  2.55146983e-01  3.12214248e-02  8.08488620e-02  6.76538475e+03 
 1.19173771e+15  7.15858793e+34  1.07911000e+01  6.99267918e-01  9.30260000e+00  6.89996410e-01  2.55214786e-01  3.10387916e-02  8.08132296e-02  6.71678442e+03 
 1.19437985e+15  7.18693380e+34  1.07861000e+01  6.99952938e-01  9.30060000e+00  6.90683160e-01  2.55330088e-01  3.10097574e-02  8.07340226e-02  6.66197469e+03 
 1.19702199e+15  7.21532936e+34  1.07821000e+01  7.00636156e-01  9.29860000e+00  6.91368154e-01  2.55398175e-01  3.09806633e-02  8.06990315e-02  6.61440455e+03 
 1.19966412e+15  7.24377894e+34  1.07771000e+01  7.01317676e-01  9.29760000e+00  6.92098890e-01  2.55513760e-01  3.07983227e-02  8.06203291e-02  6.56067592e+03 
 1.20230626e+15  7.27226514e+34  1.07731000e+01  7.01997094e-01  9.29560000e+00  6.92780192e-01  2.55582115e-01  3.07692393e-02  8.05859425e-02  6.51410197e+03 
 1.20494840e+15  7.30079458e+34  1.07681000e+01  7.02674575e-01  9.29360000e+00  6.93459623e-01  2.55698088e-01  3.07400925e-02  8.05079306e-02  6.46146868e+03 
 1.20759053e+15  7.32938422e+34  1.07641000e+01  7.03350529e-01  9.29260000e+00  6.94184921e-01  2.55766656e-01  3.05580631e-02  8.04333882e-02  6.41260177e+03 
 1.21023267e+15  7.35801033e+34  1.07601000e+01  7.04024411e-01  9.29060000e+00  6.94860850e-01  2.55835390e-01  3.05289210e-02  8.03998740e-02  6.36746691e+03 
 1.21287481e+15  7.38667338e+34  1.07551000e+01  7.04696236e-01  9.28960000e+00  6.95581996e-01  2.55951879e-01  3.03475366e-02  8.03228008e-02  6.31640148e+03 
 1.21551694e+15  7.41540264e+34  1.07511000e+01  7.05366691e-01  9.28760000e+00  6.96254659e-01  2.56020833e-01  3.03182062e-02  8.02897854e-02  6.27217902e+03 
 1.21815908e+15  7.44416823e+34  1.07461000e+01  7.06035085e-01  9.28560000e+00  6.96925271e-01  2.56137617e-01  3.02889951e-02  8.02132139e-02  6.22210406e+03 
 1.22080122e+15  7.47266965e+34  1.07421000e+01  7.06694492e-01  9.28460000e+00  6.97633111e-01  2.56208188e-01  3.01114024e-02  8.01426291e-02  6.17617206e+03 
 1.22344335e+15  7.49789288e+34  1.07381000e+01  7.07275384e-01  9.28260000e+00  6.98204097e-01  2.56292916e-01  3.01242469e-02  8.00979594e-02  6.13598566e+03 
 1.22608549e+15  7.51581433e+34  1.07361000e+01  7.07686209e-01  9.28160000e+00  6.98627641e-01  2.56313136e-01  3.00698993e-02  8.00758750e-02  6.11081519e+03 
 1.22872763e+15  7.53613300e+34  1.07331000e+01  7.08148604e-01  9.28060000e+00  6.99110493e-01  2.56371419e-01  2.99890781e-02  8.00329757e-02  6.07912683e+03 
 1.23136976e+15  7.58923594e+34  1.07251000e+01  7.09353943e-01  9.27760000e+00  7.00351400e-01  2.56531355e-01  2.98357892e-02  7.99269883e-02  5.99727057e+03 
 1.23401190e+15  7.66065163e+34  1.07141000e+01  7.10974475e-01  9.27360000e+00  7.02022268e-01  2.56758188e-01  2.96222427e-02  7.97929831e-02  5.88899944e+03 
 1.23665404e+15  7.73962507e+34  1.07021000e+01  7.12771285e-01  9.26860000e+00  7.03848570e-01  2.57002128e-01  2.94704470e-02  7.95973423e-02  5.76847471e+03 
 1.23929617e+15  7.81925086e+34  1.06901000e+01  7.14589304e-01  9.26460000e+00  7.05745704e-01  2.57245404e-01  2.91598917e-02  7.94372736e-02  5.65221916e+03 
 1.24193831e+15  7.89958050e+34  1.06781000e+01  7.16430542e-01  9.25960000e+00  7.07621379e-01  2.57488646e-01  2.89920810e-02  7.92725048e-02  5.53720267e+03 
 1.24458045e+15  7.98038860e+34  1.06661000e+01  7.18290432e-01  9.25460000e+00  7.09516948e-01  2.57733486e-01  2.88201821e-02  7.91053076e-02  5.42377731e+03 
 1.24722258e+15  8.06178731e+34  1.06541000e+01  7.20172038e-01  9.25060000e+00  7.11482330e-01  2.57980079e-01  2.84951737e-02  7.89353377e-02  5.31180860e+03 
 1.24986472e+15  8.14396900e+34  1.06421000e+01  7.22080180e-01  9.24560000e+00  7.13428984e-01  2.58228189e-01  2.83139590e-02  7.87615988e-02  5.20106711e+03 
 1.25250686e+15  8.22663383e+34  1.06301000e+01  7.24008195e-01  9.24060000e+00  7.15395883e-01  2.58479532e-01  2.81314204e-02  7.86271414e-02  5.09460137e+03 
 1.25514899e+15  8.30983076e+34  1.06181000e+01  7.25957428e-01  9.23660000e+00  7.17430972e-01  2.58734346e-01  2.78001701e-02  7.84511575e-02  4.98707642e+03 
 1.25779113e+15  8.39388646e+34  1.06061000e+01  7.27935744e-01  9.23160000e+00  7.19449534e-01  2.58991786e-01  2.76130123e-02  7.82720006e-02  4.88076814e+03 
 1.26043326e+15  8.47842984e+34  1.05931000e+01  7.29934560e-01  9.22660000e+00  7.21488340e-01  2.59302661e-01  2.74265584e-02  7.80893077e-02  4.77370612e+03 
 1.26307540e+15  8.56345996e+34  1.05811000e+01  7.31953927e-01  9.22160000e+00  7.23547211e-01  2.59569508e-01  2.72414699e-02  7.79102459e-02  4.67087585e+03 
 1.26571754e+15  8.64940175e+34  1.05691000e+01  7.34004016e-01  9.21760000e+00  7.25684010e-01  2.59839934e-01  2.69077814e-02  7.77688348e-02  4.57163793e+03 
 1.26835967e+15  8.73584524e+34  1.05571000e+01  7.36075113e-01  9.21260000e+00  7.27794532e-01  2.60115808e-01  2.67226684e-02  7.75877882e-02  4.47171643e+03 
 1.27100181e+15  8.82277978e+34  1.05441000e+01  7.38166944e-01  9.20760000e+00  7.29924865e-01  2.60446850e-01  2.65403521e-02  7.74042047e-02  4.37126913e+03 
 1.27364395e+15  8.91058323e+34  1.05321000e+01  7.40288614e-01  9.20260000e+00  7.32085069e-01  2.60733324e-01  2.63575205e-02  7.72226185e-02  4.27447149e+03 
 1.27628608e+15  8.99894810e+34  1.05201000e+01  7.42432659e-01  9.19860000e+00  7.34313006e-01  2.61025885e-01  2.60333116e-02  7.70821167e-02  4.18153766e+03 
 1.27892822e+15  9.08780818e+34  1.05081000e+01  7.44597407e-01  9.19360000e+00  7.36514000e-01  2.61324995e-01  2.58576480e-02  7.69030135e-02  4.08813403e+03 
 1.28157036e+15  9.17749873e+34  1.04961000e+01  7.46790973e-01  9.18860000e+00  7.38743309e-01  2.61629798e-01  2.56832110e-02  7.67233771e-02  3.99613904e+03 
 1.28421249e+15  9.26780595e+34  1.04831000e+01  7.49008046e-01  9.18460000e+00  7.41041165e-01  2.61991226e-01  2.53692724e-02  7.65413223e-02  3.90373716e+03 
 1.28685463e+15  9.35861237e+34  1.04711000e+01  7.51245626e-01  9.17960000e+00  7.43311664e-01  2.62310005e-01  2.52036087e-02  7.63649318e-02  3.81517183e+03 
 1.28949677e+15  9.45021551e+34  1.04591000e+01  7.53510937e-01  9.17560000e+00  7.45655083e-01  2.62635295e-01  2.48984441e-02  7.61888128e-02  3.72806401e+03 
 1.29213890e+15  9.54248573e+34  1.04471000e+01  7.55800650e-01  9.17060000e+00  7.47975487e-01  2.62967708e-01  2.47394498e-02  7.60540192e-02  3.64445844e+03 
 1.29478104e+15  9.63525898e+34  1.04351000e+01  7.58110542e-01  9.16560000e+00  7.50314104e-01  2.63307904e-01  2.45864027e-02  7.58817415e-02  3.56062359e+03 
 1.29742318e+15  9.72880019e+34  1.04231000e+01  7.60447052e-01  9.16160000e+00  7.52724151e-01  2.63655298e-01  2.42959759e-02  7.57104080e-02  3.47827235e+03 
 1.30006531e+15  9.82305374e+34  1.04111000e+01  7.62808640e-01  9.15760000e+00  7.55157634e-01  2.64010249e-01  2.40109810e-02  7.55405474e-02  3.39745397e+03 
 1.30270745e+15  9.91781398e+34  1.03991000e+01  7.65189968e-01  9.15260000e+00  7.57562871e-01  2.64373454e-01  2.38726888e-02  7.53336809e-02  3.31657637e+03 
 1.30534959e+15  1.00133188e+35  1.03871000e+01  7.67596826e-01  9.14860000e+00  7.60037919e-01  2.64744439e-01  2.35996104e-02  7.51682502e-02  3.23898199e+03 
 1.30799172e+15  1.01095756e+35  1.03751000e+01  7.70029205e-01  9.14360000e+00  7.62491005e-01  2.65123357e-01  2.34708299e-02  7.50044149e-02  3.16286517e+03 
 1.31063386e+15  1.02063427e+35  1.03641000e+01  7.72480794e-01  9.13960000e+00  7.65006825e-01  2.65459680e-01  2.32103496e-02  7.48474931e-02  3.09004754e+03 
 1.31327600e+15  1.03038366e+35  1.03521000e+01  7.74956871e-01  9.13560000e+00  7.67545265e-01  2.65855377e-01  2.29559549e-02  7.46888266e-02  3.01702315e+03 
 1.31591813e+15  1.04021164e+35  1.03401000e+01  7.77458698e-01  9.13060000e+00  7.70062027e-01  2.66259341e-01  2.28445768e-02  7.44920751e-02  2.94384888e+03 
 1.31856027e+15  1.05009096e+35  1.03291000e+01  7.79979122e-01  9.12660000e+00  7.72640638e-01  2.66620637e-01  2.26032914e-02  7.43423293e-02  2.87542512e+03 
 1.32120241e+15  1.06004182e+35  1.03171000e+01  7.82523071e-01  9.12260000e+00  7.75240744e-01  2.67042090e-01  2.23685329e-02  7.41513960e-02  2.80537006e+03 
 1.32384454e+15  1.07007402e+35  1.03061000e+01  7.85092786e-01  9.11860000e+00  7.77864769e-01  2.67420210e-01  2.21396033e-02  7.40058474e-02  2.73968885e+03 
 1.32648668e+15  1.08015787e+35  1.02941000e+01  7.87680415e-01  9.11460000e+00  7.80504145e-01  2.67859330e-01  2.19188814e-02  7.38204216e-02  2.67261609e+03 
 1.32912882e+15  1.09031274e+35  1.02831000e+01  7.90290695e-01  9.11060000e+00  7.83164010e-01  2.68255225e-01  2.17049522e-02  7.36811014e-02  2.60981932e+03 
 1.33177095e+15  1.10055104e+35  1.02721000e+01  7.92926533e-01  9.10660000e+00  7.85847523e-01  2.68659686e-01  2.14969858e-02  7.35041001e-02  2.54689702e+03 
 1.33441309e+15  1.11084129e+35  1.02611000e+01  7.95579569e-01  9.10260000e+00  7.88545587e-01  2.69073313e-01  2.12973533e-02  7.33309232e-02  2.48546140e+03 
 1.33705523e+15  1.12120273e+35  1.02491000e+01  7.98254478e-01  9.09860000e+00  7.91263299e-01  2.69548442e-01  2.11046707e-02  7.31566424e-02  2.42406342e+03 
 1.33969736e+15  1.13164898e+35  1.02381000e+01  8.00954517e-01  9.09460000e+00  7.94004154e-01  2.69979907e-01  2.09180567e-02  7.29883628e-02  2.36526368e+03 
 1.34233950e+15  1.14214745e+35  1.02271000e+01  8.03670974e-01  9.09060000e+00  7.96758720e-01  2.70420686e-01  2.07398333e-02  7.28239959e-02  2.30788402e+03 
 1.34498164e+15  1.15271801e+35  1.02161000e+01  8.06408701e-01  9.08760000e+00  7.99577518e-01  2.70870540e-01  2.04365723e-02  7.26625028e-02  2.25179258e+03 
 1.34762377e+15  1.16337401e+35  1.02061000e+01  8.09170893e-01  9.08360000e+00  8.02373482e-01  2.71276216e-01  2.02718832e-02  7.25072237e-02  2.19810023e+03 
 1.35026591e+15  1.17408248e+35  1.01951000e+01  8.11948665e-01  9.07960000e+00  8.05182311e-01  2.71744321e-01  2.01155206e-02  7.23519532e-02  2.14453544e+03 
 1.35290805e+15  1.18486470e+35  1.01841000e+01  8.14747287e-01  9.07660000e+00  8.08054781e-01  2.72221640e-01  1.98356466e-02  7.21601345e-02  2.09104979e+03 
 1.35555018e+15  1.19573222e+35  1.01741000e+01  8.17569423e-01  9.07260000e+00  8.10903571e-01  2.72654481e-01  1.96927802e-02  7.20141591e-02  2.04100036e+03 
 1.35819232e+15  1.20665243e+35  1.01631000e+01  8.20406313e-01  9.06860000e+00  8.13764332e-01  2.73150261e-01  1.95582973e-02  7.18681741e-02  1.99109058e+03 
 1.36083445e+15  1.21764886e+35  1.01531000e+01  8.23263783e-01  9.06560000e+00  8.16688470e-01  2.73601419e-01  1.93013029e-02  7.16897116e-02  1.94233207e+03 
 1.36347659e+15  1.22872961e+35  1.01421000e+01  8.26143626e-01  9.06260000e+00  8.19632687e-01  2.74115606e-01  1.90517973e-02  7.15097430e-02  1.89363056e+03 
 1.36611873e+15  1.23986326e+35  1.01321000e+01  8.29037328e-01  9.05860000e+00  8.22543107e-01  2.74585064e-01  1.89390769e-02  7.13772247e-02  1.84822546e+03 
 1.36876086e+15  1.25107642e+35  1.01221000e+01  8.31951560e-01  9.05560000e+00  8.25516703e-01  2.75063570e-01  1.87053488e-02  7.12081803e-02  1.80285659e+03 
 1.37140300e+15  1.26237207e+35  1.01121000e+01  8.34886709e-01  9.05160000e+00  8.28464057e-01  2.75551099e-01  1.86059586e-02  7.10418266e-02  1.75853713e+03 
 1.37404514e+15  1.27372081e+35  1.01021000e+01  8.37834866e-01  9.04860000e+00  8.31466606e-01  2.76047820e-01  1.83877361e-02  7.08795209e-02  1.71536017e+03 
 1.37668727e+15  1.28515325e+35  1.00921000e+01  8.40803675e-01  9.04560000e+00  8.34487564e-01  2.76553590e-01  1.81766127e-02  7.07198662e-02  1.67318718e+03 
 1.37932941e+15  1.29666543e+35  1.00821000e+01  8.43791744e-01  9.04260000e+00  8.37525491e-01  2.77068431e-01  1.79727101e-02  7.05630495e-02  1.63201582e+03 
 1.38197155e+15  1.30823085e+35  1.00721000e+01  8.46791917e-01  9.03960000e+00  8.40572780e-01  2.77592420e-01  1.77773920e-02  7.04102302e-02  1.59191828e+03 
 1.38461368e+15  1.31988510e+35  1.00621000e+01  8.49813077e-01  9.03660000e+00  8.43638912e-01  2.78125447e-01  1.75887394e-02  7.02206823e-02  1.55188495e+03 
 1.38725582e+15  1.33161537e+35  1.00531000e+01  8.52851607e-01  9.03360000e+00  8.46720060e-01  2.78612119e-01  1.74073306e-02  7.00775805e-02  1.51453785e+03 
 1.38989796e+15  1.34339902e+35  1.00431000e+01  8.55901302e-01  9.03060000e+00  8.49809712e-01  2.79163144e-01  1.72341567e-02  6.98950533e-02  1.47650635e+03 
 1.39254009e+15  1.35527760e+35  1.00341000e+01  8.58972602e-01  9.02760000e+00  8.52918927e-01  2.79667446e-01  1.70671575e-02  6.97581298e-02  1.44098273e+03 
 1.39518223e+15  1.36722749e+35  1.00251000e+01  8.62059063e-01  9.02460000e+00  8.56040897e-01  2.80180474e-01  1.69074619e-02  6.95853578e-02  1.40554483e+03 
 1.39782437e+15  1.37923088e+35  1.00151000e+01  8.65155778e-01  9.02160000e+00  8.59170499e-01  2.80758232e-01  1.67557276e-02  6.94121695e-02  1.37027863e+03 
 1.40046650e+15  1.39133629e+35  1.00061000e+01  8.68274921e-01  9.01860000e+00  8.62320637e-01  2.81288774e-01  1.66095805e-02  6.92842701e-02  1.33733723e+03 
 1.40310864e+15  1.40350728e+35  9.99710000e+00  8.71406774e-01  9.01560000e+00  8.65481057e-01  2.81827946e-01  1.64706655e-02  6.91207637e-02  1.30449504e+03 
 1.40575078e+15  1.41573186e+35  9.98810000e+00  8.74547960e-01  9.01360000e+00  8.68692747e-01  2.82375660e-01  1.62186878e-02  6.89610963e-02  1.27253223e+03 
 1.40839291e+15  1.42806662e+35  9.97910000e+00  8.77712683e-01  9.01060000e+00  8.71881643e-01  2.82932075e-01  1.60930760e-02  6.88030734e-02  1.24128418e+03 
 1.41103505e+15  1.44046011e+35  9.97010000e+00  8.80887380e-01  9.00760000e+00  8.75078076e-01  2.83496973e-01  1.59745894e-02  6.86486391e-02  1.21086560e+03 
 1.41367719e+15  1.45291049e+35  9.96210000e+00  8.84071316e-01  9.00560000e+00  8.78325690e-01  2.84013260e-01  1.57440531e-02  6.84634391e-02  1.18125885e+03 
 1.41631932e+15  1.46547387e+35  9.95310000e+00  8.87278487e-01  9.00260000e+00  8.81550397e-01  2.84595084e-01  1.56380115e-02  6.83141846e-02  1.15231535e+03 
 1.41896146e+15  1.47809125e+35  9.94410000e+00  8.90493481e-01  9.00060000e+00  8.84824810e-01  2.85185229e-01  1.54208481e-02  6.81685906e-02  1.12415550e+03 
 1.42160360e+15  1.49077471e+35  9.93610000e+00  8.93719100e-01  8.99760000e+00  8.88063224e-01  2.85726175e-01  1.53286989e-02  6.79919390e-02  1.09673165e+03 
 1.42424573e+15  1.50356326e+35  9.92710000e+00  8.96964927e-01  8.99560000e+00  8.91364332e-01  2.86333047e-01  1.51243385e-02  6.78126026e-02  1.06933423e+03 
 1.42688787e+15  1.51640582e+35  9.91910000e+00  9.00217643e-01  8.99360000e+00  8.94669908e-01  2.86890212e-01  1.49275447e-02  6.76801619e-02  1.04388705e+03 
 1.42953001e+15  1.52932486e+35  9.91110000e+00  9.03482680e-01  8.99060000e+00  8.97941435e-01  2.87455314e-01  1.48536959e-02  6.75117923e-02  1.01849324e+03 
 1.43217214e+15  1.54233984e+35  9.90310000e+00  9.06764578e-01  8.98860000e+00  9.01272189e-01  2.88028466e-01  1.46690497e-02  6.73455596e-02  9.93711774e+02 
 1.43481428e+15  1.55540884e+35  9.89510000e+00  9.10052486e-01  8.98660000e+00  9.04606587e-01  2.88609279e-01  1.44917001e-02  6.71828452e-02  9.69606478e+02 
 1.43745642e+15  1.56856593e+35  9.88710000e+00  9.13354650e-01  8.98460000e+00  9.07953317e-01  2.89197978e-01  1.43202895e-02  6.70224670e-02  9.46098168e+02 
 1.44009855e+15  1.58180858e+35  9.87910000e+00  9.16670097e-01  8.98160000e+00  9.11267178e-01  2.89794507e-01  1.42693734e-02  6.68644921e-02  9.23178149e+02 
 1.44274069e+15  1.59510521e+35  9.87110000e+00  9.19990632e-01  8.97960000e+00  9.14628106e-01  2.90398501e-01  1.41102937e-02  6.67099015e-02  9.00885115e+02 
 1.44538283e+15  1.60850280e+35  9.86310000e+00  9.23327687e-01  8.97760000e+00  9.18003773e-01  2.91010384e-01  1.39565866e-02  6.65571601e-02  8.79125854e+02 
 1.44802496e+15  1.62197428e+35  9.85510000e+00  9.26674163e-01  8.97560000e+00  9.21386842e-01  2.91629826e-01  1.38089342e-02  6.64071019e-02  8.57931893e+02 
 1.45066710e+15  1.63549969e+35  9.84810000e+00  9.30024818e-01  8.97360000e+00  9.24771939e-01  2.92197169e-01  1.36676644e-02  6.62266458e-02  8.37318524e+02 
 1.45330923e+15  1.64914024e+35  9.84010000e+00  9.33394510e-01  8.97160000e+00  9.28174475e-01  2.92831611e-01  1.35311465e-02  6.60812246e-02  8.17180155e+02 
 1.45595137e+15  1.66284163e+35  9.83310000e+00  9.36769494e-01  8.96960000e+00  9.31580233e-01  2.93413597e-01  1.34006748e-02  6.59052483e-02  7.97584971e+02 
 1.45859351e+15  1.67660458e+35  9.82510000e+00  9.40149684e-01  8.96760000e+00  9.34989176e-01  2.94062273e-01  1.32761479e-02  6.57274103e-02  7.78063022e+02 
 1.46123564e+15  1.69048284e+35  9.81810000e+00  9.43547933e-01  8.96560000e+00  9.38414647e-01  2.94658685e-01  1.31559971e-02  6.55940881e-02  7.59889594e+02 
 1.46387778e+15  1.70441521e+35  9.81110000e+00  9.46948938e-01  8.96460000e+00  9.41884905e-01  2.95261701e-01  1.29312108e-02  6.54255803e-02  7.41774104e+02 
 1.46651992e+15  1.71842476e+35  9.80410000e+00  9.50358087e-01  8.96260000e+00  9.45317486e-01  2.95871554e-01  1.28223713e-02  6.52595012e-02  7.24126459e+02 
 1.46916205e+15  1.73253509e+35  9.79710000e+00  9.53780787e-01  8.96060000e+00  9.48761968e-01  2.96488509e-01  1.27181723e-02  6.50951557e-02  7.06906390e+02 
 1.47180419e+15  1.74669941e+35  9.79010000e+00  9.57205400e-01  8.95860000e+00  9.52206397e-01  2.97111859e-01  1.26195299e-02  6.49338225e-02  6.90159211e+02 
 1.47444633e+15  1.76095798e+35  9.78310000e+00  9.60641395e-01  8.95760000e+00  9.55704596e-01  2.97742105e-01  1.24166259e-02  6.47743398e-02  6.73825362e+02 
 1.47708846e+15  1.77530133e+35  9.77610000e+00  9.64086113e-01  8.95560000e+00  9.59165903e-01  2.98379042e-01  1.23273498e-02  6.46169391e-02  6.57905933e+02 
 1.47973060e+15  1.78969852e+35  9.76910000e+00  9.67531913e-01  8.95360000e+00  9.62626386e-01  2.99022160e-01  1.22433349e-02  6.44624159e-02  6.42423236e+02 
 1.48237274e+15  1.80420852e+35  9.76210000e+00  9.70992592e-01  8.95260000e+00  9.66144328e-01  2.99672273e-01  1.20555951e-02  6.42711467e-02  6.26932965e+02 
 1.48501487e+15  1.81878577e+35  9.75610000e+00  9.74456971e-01  8.95060000e+00  9.69620255e-01  3.00267068e-01  1.19804305e-02  6.41254662e-02  6.12585618e+02 
 1.48765701e+15  1.83342238e+35  9.74910000e+00  9.77922959e-01  8.94960000e+00  9.73139965e-01  3.00929318e-01  1.18034419e-02  6.39773165e-02  5.98265300e+02 
 1.49029915e+15  1.84818049e+35  9.74310000e+00  9.81404909e-01  8.94760000e+00  9.76630457e-01  3.01536610e-01  1.17366881e-02  6.37973722e-02  5.84273030e+02 
 1.49294128e+15  1.86299245e+35  9.73610000e+00  9.84886598e-01  8.94660000e+00  9.80162829e-01  3.02211480e-01  1.15689052e-02  6.36150625e-02  5.70324894e+02 
 1.49558342e+15  1.87788406e+35  9.73010000e+00  9.88373858e-01  8.94460000e+00  9.83655339e-01  3.02830272e-01  1.15112373e-02  6.34777936e-02  5.57404502e+02 
 1.49822556e+15  1.89287786e+35  9.72410000e+00  9.91871619e-01  8.94360000e+00  9.87200863e-01  3.03455197e-01  1.13521570e-02  6.33041740e-02  5.44465654e+02 
 1.50086769e+15  1.90792529e+35  9.71810000e+00  9.95368317e-01  8.94160000e+00  9.90699799e-01  3.04085390e-01  1.13026733e-02  6.31332207e-02  5.31880512e+02 
 1.50350983e+15  1.92307426e+35  9.71110000e+00  9.98874821e-01  8.94060000e+00  9.94251074e-01  3.04784362e-01  1.11524687e-02  6.29584733e-02  5.19289296e+02 
 1.50615197e+15  1.93830447e+35  9.70510000e+00  1.00238614e+00  8.93960000e+00  9.97805686e-01  3.05426340e-01  1.10067210e-02  6.28285256e-02  5.07633242e+02 
 1.50879410e+15  1.95358805e+35  9.69910000e+00  1.00589562e+00  8.93760000e+00  1.00131308e+00  3.06073362e-01  1.09689457e-02  6.26634315e-02  4.95992561e+02 
 1.51143624e+15  1.96899672e+35  9.69310000e+00  1.00941942e+00  8.93660000e+00  1.00487748e+00  3.06726622e-01  1.08310422e-02  6.24991620e-02  4.84616013e+02 
 1.51407838e+15  1.98446398e+35  9.68710000e+00  1.01294206e+00  8.93560000e+00  1.00843919e+00  3.07384886e-01  1.06976716e-02  6.22997243e-02  4.73260662e+02 
 1.51672051e+15  2.00000337e+35  9.68210000e+00  1.01646642e+00  8.93460000e+00  1.01200120e+00  3.07984690e-01  1.05685085e-02  6.21452052e-02  4.62763015e+02 
 1.51936265e+15  2.01565503e+35  9.67610000e+00  1.02000128e+00  8.93260000e+00  1.01552885e+00  3.08653785e-01  1.05443396e-02  6.19863904e-02  4.52233659e+02 
 1.52200479e+15  2.03135992e+35  9.67010000e+00  1.02353308e+00  8.93160000e+00  1.01909573e+00  3.09327585e-01  1.04225177e-02  6.18299316e-02  4.41990105e+02 
 1.52464692e+15  2.04716250e+35  9.66410000e+00  1.02707159e+00  8.93060000e+00  1.02266810e+00  3.10006835e-01  1.03042597e-02  6.16374570e-02  4.31734339e+02 
 1.52728906e+15  2.06544686e+35  9.65810000e+00  1.03114780e+00  8.92960000e+00  1.02678831e+00  3.10736646e-01  1.01575800e-02  6.14694611e-02  4.20805763e+02 
 1.52993120e+15  2.08517630e+35  9.65110000e+00  1.03552804e+00  8.92760000e+00  1.03117345e+00  3.11563423e-01  1.00981652e-02  6.12693814e-02  4.09153841e+02 
 1.53257333e+15  2.10760415e+35  9.64410000e+00  1.04048669e+00  8.92660000e+00  1.03619034e+00  3.12448394e-01  9.91162477e-03  6.10173059e-02  3.96412449e+02 
 1.53521547e+15  2.13015967e+35  9.63610000e+00  1.04545270e+00  8.92460000e+00  1.04116835e+00  3.13408191e-01  9.83146074e-03  6.08001710e-02  3.84111870e+02 
 1.53785761e+15  2.15286792e+35  9.62910000e+00  1.05043108e+00  8.92360000e+00  1.04620000e+00  3.14313432e-01  9.65900310e-03  6.05542661e-02  3.72223510e+02 
 1.54049974e+15  2.17581553e+35  9.62210000e+00  1.05544010e+00  8.92260000e+00  1.05126013e+00  3.15230666e-01  9.49276612e-03  6.03095212e-02  3.60691277e+02 
 1.54314188e+15  2.19887329e+35  9.61410000e+00  1.06045083e+00  8.92060000e+00  1.05627575e+00  3.16223031e-01  9.43113446e-03  6.00998087e-02  3.49568237e+02 
 1.54578402e+15  2.22214883e+35  9.60710000e+00  1.06548604e+00  8.91960000e+00  1.06135728e+00  3.17161329e-01  9.27795033e-03  5.98603658e-02  3.38789923e+02 
 1.54842615e+15  2.24560209e+35  9.60010000e+00  1.07053625e+00  8.91860000e+00  1.06645142e+00  3.18110228e-01  9.13138668e-03  5.96233565e-02  3.28364882e+02 
