# rhoc (cgs) 	 Pc (cgs) 	 R (km) 	 M (msol) 	 R_core (km) 	 M_core (msol) 	 I/(MR^2) 	 I_crust/(M_crust R_crust^2)/(I/(MR^2)) 	 k_2 	 Lambda 
 2.30000000e+14  3.51710230e+33  1.60531000e+01  2.09318095e-01  8.13360000e+00  1.73026295e-01  1.15240244e-01  3.15347753e-01  2.49825596e-02  6.29456900e+06 
 2.30446730e+14  3.53541979e+33  1.60261000e+01  2.10093306e-01  8.14360000e+00  1.73860471e-01  1.15774707e-01  3.13854079e-01  2.52478361e-02  6.19256696e+06 
 2.30893460e+14  3.55373727e+33  1.59991000e+01  2.10866938e-01  8.15260000e+00  1.74656423e-01  1.16311561e-01  3.12640981e-01  2.55159738e-02  6.09278468e+06 
 2.31340190e+14  3.57205476e+33  1.59731000e+01  2.11638987e-01  8.16160000e+00  1.75452947e-01  1.16836190e-01  3.11422298e-01  2.57789347e-02  5.99516346e+06 
 2.31786920e+14  3.59037225e+33  1.59471000e+01  2.12409443e-01  8.17060000e+00  1.76250038e-01  1.17363055e-01  3.10198017e-01  2.60446264e-02  5.89964664e+06 
 2.32233650e+14  3.60868973e+33  1.59221000e+01  2.13178298e-01  8.17960000e+00  1.77047687e-01  1.17877359e-01  3.08968144e-01  2.63048154e-02  5.80617898e+06 
 2.32680380e+14  3.62700722e+33  1.58971000e+01  2.13945546e-01  8.18960000e+00  1.77885224e-01  1.18393745e-01  3.07446908e-01  2.65675999e-02  5.71470719e+06 
 2.33127111e+14  3.64532471e+33  1.58721000e+01  2.14711180e-01  8.19760000e+00  1.78644622e-01  1.18912223e-01  3.06491713e-01  2.68330065e-02  5.62517944e+06 
 2.33573841e+14  3.66364219e+33  1.58471000e+01  2.15475192e-01  8.20660000e+00  1.79443891e-01  1.19432803e-01  3.05245193e-01  2.71010621e-02  5.53754541e+06 
 2.34020571e+14  3.68195968e+33  1.58231000e+01  2.16237577e-01  8.21560000e+00  1.80243682e-01  1.19940334e-01  3.03993154e-01  2.73631453e-02  5.45175619e+06 
 2.34467301e+14  3.70027717e+33  1.57991000e+01  2.16998329e-01  8.22460000e+00  1.81043986e-01  1.20449812e-01  3.02735622e-01  2.76277356e-02  5.36776459e+06 
 2.34914031e+14  3.71859465e+33  1.57761000e+01  2.17757442e-01  8.23360000e+00  1.81844795e-01  1.20945910e-01  3.01472607e-01  2.78860168e-02  5.28552450e+06 
 2.35360761e+14  3.73691214e+33  1.57531000e+01  2.18514909e-01  8.24260000e+00  1.82646101e-01  1.21443800e-01  3.00204142e-01  2.81466599e-02  5.20499147e+06 
 2.35807491e+14  3.75601055e+33  1.57291000e+01  2.19303024e-01  8.25160000e+00  1.83466832e-01  1.21965157e-01  2.98985422e-01  2.84211388e-02  5.12278493e+06 
 2.36254221e+14  3.77518288e+33  1.57051000e+01  2.20092643e-01  8.26060000e+00  1.84289953e-01  1.22489124e-01  2.97766415e-01  2.86984926e-02  5.04200611e+06 
 2.36700951e+14  3.79435521e+33  1.56821000e+01  2.20880705e-01  8.26860000e+00  1.85073552e-01  1.22999442e-01  2.96826919e-01  2.89692837e-02  4.96293203e+06 
 2.37147681e+14  3.81352755e+33  1.56591000e+01  2.21667203e-01  8.27760000e+00  1.85897756e-01  1.23511633e-01  2.95596869e-01  2.92425736e-02  4.88551956e+06 
 2.37594411e+14  3.83269988e+33  1.56371000e+01  2.22452126e-01  8.28660000e+00  1.86722526e-01  1.24009845e-01  2.94361379e-01  2.95089489e-02  4.80972649e+06 
 2.38041141e+14  3.85187221e+33  1.56141000e+01  2.23235469e-01  8.29560000e+00  1.87547853e-01  1.24525725e-01  2.93120503e-01  2.97872077e-02  4.73551217e+06 
 2.38487871e+14  3.87104455e+33  1.55921000e+01  2.24017224e-01  8.30460000e+00  1.88373724e-01  1.25027468e-01  2.91874246e-01  3.00583969e-02  4.66283662e+06 
 2.38934601e+14  3.89021688e+33  1.55711000e+01  2.24797384e-01  8.31260000e+00  1.89159593e-01  1.25514824e-01  2.90907137e-01  3.03222380e-02  4.59166121e+06 
 2.39381332e+14  3.90938921e+33  1.55491000e+01  2.25575941e-01  8.32160000e+00  1.89986444e-01  1.26019960e-01  2.89650100e-01  3.05981278e-02  4.52194872e+06 
 2.39828062e+14  3.92856155e+33  1.55281000e+01  2.26352888e-01  8.32960000e+00  1.90773106e-01  1.26510551e-01  2.88672022e-01  3.08665095e-02  4.45366241e+06 
 2.40274792e+14  3.94773388e+33  1.55071000e+01  2.27128221e-01  8.33860000e+00  1.91600898e-01  1.27002729e-01  2.87404305e-01  3.11371423e-02  4.38676702e+06 
 2.40721522e+14  3.96690621e+33  1.54871000e+01  2.27901933e-01  8.34660000e+00  1.92388318e-01  1.27480034e-01  2.86415365e-01  3.13999047e-02  4.32122801e+06 
 2.41168252e+14  3.98607855e+33  1.54671000e+01  2.28674017e-01  8.35560000e+00  1.93217016e-01  1.27958771e-01  2.85137046e-01  3.16647554e-02  4.25701206e+06 
 2.41614982e+14  4.00525088e+33  1.54471000e+01  2.29444468e-01  8.36360000e+00  1.94005163e-01  1.28438945e-01  2.84137337e-01  3.19317113e-02  4.19408670e+06 
 2.42061712e+14  4.02442321e+33  1.54271000e+01  2.30213283e-01  8.37160000e+00  1.94793618e-01  1.28920564e-01  2.83132240e-01  3.22007898e-02  4.13242033e+06 
 2.42508442e+14  4.04359554e+33  1.54071000e+01  2.30980453e-01  8.38060000e+00  1.95623573e-01  1.29403631e-01  2.81838157e-01  3.24720074e-02  4.07198228e+06 
 2.42955172e+14  4.06276788e+33  1.53881000e+01  2.31745976e-01  8.38860000e+00  1.96412711e-01  1.29871271e-01  2.80822403e-01  3.27347426e-02  4.01274261e+06 
 2.43401902e+14  4.08194021e+33  1.53691000e+01  2.32509847e-01  8.39660000e+00  1.97202135e-01  1.30340208e-01  2.79801345e-01  3.29994505e-02  3.95467243e+06 
 2.43848632e+14  4.10111254e+33  1.53501000e+01  2.33272062e-01  8.40460000e+00  1.97991840e-01  1.30810444e-01  2.78774972e-01  3.32661450e-02  3.89774357e+06 
 2.44295362e+14  4.12073648e+33  1.53311000e+01  2.34050544e-01  8.41260000e+00  1.98792632e-01  1.31285449e-01  2.77772328e-01  3.35363017e-02  3.84062453e+06 
 2.44742092e+14  4.14073112e+33  1.53121000e+01  2.34842151e-01  8.42060000e+00  1.99602643e-01  1.31764631e-01  2.76788164e-01  3.38096992e-02  3.78358259e+06 
 2.45188822e+14  4.16072576e+33  1.52931000e+01  2.35632179e-01  8.42960000e+00  2.00454697e-01  1.32245163e-01  2.75515824e-01  3.40851638e-02  3.72767818e+06 
 2.45635553e+14  4.18072040e+33  1.52751000e+01  2.36420617e-01  8.43760000e+00  2.01265503e-01  1.32709670e-01  2.74521106e-01  3.43514637e-02  3.67288393e+06 
 2.46082283e+14  4.20071505e+33  1.52571000e+01  2.37207461e-01  8.44560000e+00  2.02076652e-01  1.33175373e-01  2.73521085e-01  3.46196573e-02  3.61917334e+06 
 2.46529013e+14  4.22070969e+33  1.52381000e+01  2.37992706e-01  8.45360000e+00  2.02888128e-01  1.33659822e-01  2.72515851e-01  3.49012112e-02  3.56652063e+06 
 2.46975743e+14  4.24070433e+33  1.52211000e+01  2.38776345e-01  8.46160000e+00  2.03699928e-01  1.34110393e-01  2.71505365e-01  3.51617865e-02  3.51490030e+06 
 2.47422473e+14  4.26069897e+33  1.52031000e+01  2.39558371e-01  8.46960000e+00  2.04512043e-01  1.34579719e-01  2.70489684e-01  3.54357499e-02  3.46428815e+06 
 2.47869203e+14  4.28069361e+33  1.51851000e+01  2.40338781e-01  8.47760000e+00  2.05324465e-01  1.35050264e-01  2.69468829e-01  3.57116653e-02  3.41466020e+06 
 2.48315933e+14  4.30068826e+33  1.51681000e+01  2.41117568e-01  8.48560000e+00  2.06137184e-01  1.35504162e-01  2.68442818e-01  3.59776842e-02  3.36599314e+06 
 2.48762663e+14  4.32068290e+33  1.51511000e+01  2.41894728e-01  8.49360000e+00  2.06950194e-01  1.35959126e-01  2.67411693e-01  3.62454763e-02  3.31826447e+06 
 2.49209393e+14  4.34067754e+33  1.51341000e+01  2.42670256e-01  8.50160000e+00  2.07763485e-01  1.36415160e-01  2.66375482e-01  3.65150537e-02  3.27145220e+06 
 2.49656123e+14  4.36067218e+33  1.51181000e+01  2.43444147e-01  8.50960000e+00  2.08577050e-01  1.36854159e-01  2.65334203e-01  3.67742629e-02  3.22553483e+06 
 2.50102853e+14  4.38066683e+33  1.51011000e+01  2.44216397e-01  8.51760000e+00  2.09390882e-01  1.37312263e-01  2.64287902e-01  3.70473436e-02  3.18049173e+06 
 2.50549583e+14  4.40066147e+33  1.50851000e+01  2.44987002e-01  8.52460000e+00  2.10162346e-01  1.37753183e-01  2.63517823e-01  3.73098761e-02  3.13630243e+06 
 2.50996313e+14  4.42065611e+33  1.50691000e+01  2.45755959e-01  8.53260000e+00  2.10976614e-01  1.38195030e-01  2.62461403e-01  3.75740366e-02  3.09294729e+06 
 2.51443043e+14  4.44065075e+33  1.50531000e+01  2.46523263e-01  8.53960000e+00  2.11748342e-01  1.38637807e-01  2.61681003e-01  3.78398348e-02  3.05040711e+06 
 2.51889774e+14  4.46064540e+33  1.50381000e+01  2.47288910e-01  8.54760000e+00  2.12563025e-01  1.39063019e-01  2.60614533e-01  3.80946109e-02  3.00866310e+06 
 2.52336504e+14  4.48064004e+33  1.50221000e+01  2.48052900e-01  8.55560000e+00  2.13377932e-01  1.39507590e-01  2.59543234e-01  3.83636135e-02  2.96769722e+06 
 2.52783234e+14  4.50075345e+33  1.50071000e+01  2.48819750e-01  8.56260000e+00  2.14152864e-01  1.39935323e-01  2.58754470e-01  3.86218009e-02  2.92725486e+06 
 2.53229964e+14  4.52152989e+33  1.49911000e+01  2.49610244e-01  8.57060000e+00  2.14986628e-01  1.40387479e-01  2.57718829e-01  3.88966210e-02  2.88626193e+06 
 2.53676694e+14  4.54230632e+33  1.49761000e+01  2.50399142e-01  8.57760000e+00  2.15777528e-01  1.40821794e-01  2.56958499e-01  3.91600763e-02  2.84604249e+06 
 2.54123424e+14  4.56308275e+33  1.49611000e+01  2.51186440e-01  8.58560000e+00  2.16611817e-01  1.41256925e-01  2.55912851e-01  3.94250478e-02  2.80657908e+06 
 2.54570154e+14  4.58385918e+33  1.49451000e+01  2.51972132e-01  8.59360000e+00  2.17446388e-01  1.41711842e-01  2.54862359e-01  3.97048283e-02  2.76785461e+06 
 2.55016884e+14  4.60463562e+33  1.49311000e+01  2.52756216e-01  8.60060000e+00  2.18237838e-01  1.42129658e-01  2.54086853e-01  3.99595826e-02  2.72985212e+06 
 2.55463614e+14  4.62541205e+33  1.49161000e+01  2.53538683e-01  8.60860000e+00  2.19072878e-01  1.42567266e-01  2.53026573e-01  4.02291641e-02  2.69255553e+06 
 2.55910344e+14  4.64618848e+33  1.49011000e+01  2.54319533e-01  8.61560000e+00  2.19864628e-01  1.43005710e-01  2.52241074e-01  4.05003035e-02  2.65594889e+06 
 2.56357074e+14  4.66696491e+33  1.48871000e+01  2.55098759e-01  8.62360000e+00  2.20700103e-01  1.43425717e-01  2.51171152e-01  4.07593139e-02  2.62001661e+06 
 2.56803804e+14  4.68774135e+33  1.48731000e+01  2.55876359e-01  8.63060000e+00  2.21492126e-01  1.43846413e-01  2.50375754e-01  4.10196949e-02  2.58474369e+06 
 2.57250534e+14  4.70851778e+33  1.48591000e+01  2.56652327e-01  8.63760000e+00  2.22284237e-01  1.44267798e-01  2.49575367e-01  4.12814520e-02  2.55011542e+06 
 2.57697264e+14  4.72929421e+33  1.48451000e+01  2.57426662e-01  8.64460000e+00  2.23076427e-01  1.44689877e-01  2.48770050e-01  4.15445939e-02  2.51611746e+06 
 2.58143995e+14  4.75007064e+33  1.48311000e+01  2.58199358e-01  8.65260000e+00  2.23912613e-01  1.45112652e-01  2.47681085e-01  4.18091280e-02  2.48273584e+06 
 2.58590725e+14  4.77084708e+33  1.48171000e+01  2.58970414e-01  8.65960000e+00  2.24705024e-01  1.45536126e-01  2.46866119e-01  4.20750620e-02  2.44995694e+06 
 2.59037455e+14  4.79162351e+33  1.48041000e+01  2.59739825e-01  8.66660000e+00  2.25497497e-01  1.45940580e-01  2.46046283e-01  4.23281032e-02  2.41776742e+06 
 2.59484185e+14  4.81239994e+33  1.47911000e+01  2.60507589e-01  8.67360000e+00  2.26290026e-01  1.46345592e-01  2.45221640e-01  4.25823575e-02  2.38615442e+06 
 2.59930915e+14  4.83317637e+33  1.47771000e+01  2.61273704e-01  8.68060000e+00  2.27082607e-01  1.46771026e-01  2.44392204e-01  4.28523280e-02  2.35510540e+06 
 2.60377645e+14  4.85395281e+33  1.47641000e+01  2.62038167e-01  8.68760000e+00  2.27875233e-01  1.47177228e-01  2.43557992e-01  4.31091247e-02  2.32460792e+06 
 2.60824375e+14  4.87472924e+33  1.47521000e+01  2.62800974e-01  8.69460000e+00  2.28667900e-01  1.47563983e-01  2.42719027e-01  4.33524545e-02  2.29465000e+06 
 2.61271105e+14  4.89550567e+33  1.47391000e+01  2.63562125e-01  8.70160000e+00  2.29460602e-01  1.47971240e-01  2.41875367e-01  4.36116186e-02  2.26522010e+06 
 2.61717835e+14  4.91681188e+33  1.47261000e+01  2.64341008e-01  8.70860000e+00  2.30265635e-01  1.48382799e-01  2.41054923e-01  4.38737473e-02  2.23557439e+06 
 2.62164565e+14  4.93832260e+33  1.47131000e+01  2.65125767e-01  8.71560000e+00  2.31075506e-01  1.48796379e-01  2.40240488e-01  4.41378025e-02  2.20617688e+06 
 2.62611295e+14  4.95983332e+33  1.47001000e+01  2.65908922e-01  8.72260000e+00  2.31885467e-01  1.49210545e-01  2.39421307e-01  4.44031292e-02  2.17730293e+06 
 2.63058025e+14  4.98134403e+33  1.46881000e+01  2.66690469e-01  8.73060000e+00  2.32740222e-01  1.49604927e-01  2.38320420e-01  4.46545303e-02  2.14894121e+06 
 2.63504755e+14  5.00285475e+33  1.46751000e+01  2.67470404e-01  8.73760000e+00  2.33550415e-01  1.50020202e-01  2.37492028e-01  4.49223186e-02  2.12108085e+06 
 2.63951485e+14  5.02436547e+33  1.46631000e+01  2.68248724e-01  8.74360000e+00  2.34315823e-01  1.50415553e-01  2.36935656e-01  4.51759911e-02  2.09371095e+06 
 2.64398216e+14  5.04587618e+33  1.46511000e+01  2.69025426e-01  8.75060000e+00  2.35126076e-01  1.50811357e-01  2.36097833e-01  4.54307583e-02  2.06682112e+06 
 2.64844946e+14  5.06738690e+33  1.46391000e+01  2.69800506e-01  8.75760000e+00  2.35936385e-01  1.51207617e-01  2.35255431e-01  4.56866259e-02  2.04040110e+06 
 2.65291676e+14  5.08889762e+33  1.46271000e+01  2.70573963e-01  8.76460000e+00  2.36746743e-01  1.51604335e-01  2.34408487e-01  4.59435994e-02  2.01444092e+06 
 2.65738406e+14  5.11040834e+33  1.46151000e+01  2.71345793e-01  8.77160000e+00  2.37557141e-01  1.52001515e-01  2.33557046e-01  4.62016844e-02  1.98893082e+06 
 2.66185136e+14  5.13191905e+33  1.46041000e+01  2.72115994e-01  8.77860000e+00  2.38367575e-01  1.52378285e-01  2.32701112e-01  4.64449796e-02  1.96386124e+06 
 2.66631866e+14  5.15342977e+33  1.45921000e+01  2.72884562e-01  8.78460000e+00  2.39132771e-01  1.52776319e-01  2.32116392e-01  4.67051992e-02  1.93922303e+06 
 2.67078596e+14  5.17494049e+33  1.45811000e+01  2.73651496e-01  8.79160000e+00  2.39943198e-01  1.53153808e-01  2.31251376e-01  4.69504408e-02  1.91500699e+06 
 2.67525326e+14  5.19645120e+33  1.45701000e+01  2.74416794e-01  8.79860000e+00  2.40753639e-01  1.53531628e-01  2.30381993e-01  4.71966147e-02  1.89120435e+06 
 2.67972056e+14  5.21796192e+33  1.45581000e+01  2.75180454e-01  8.80460000e+00  2.41518617e-01  1.53930925e-01  2.29783443e-01  4.74600222e-02  1.86780656e+06 
 2.68418786e+14  5.23947264e+33  1.45471000e+01  2.75942473e-01  8.81160000e+00  2.42329018e-01  1.54309475e-01  2.28905164e-01  4.77081679e-02  1.84480507e+06 
 2.68865516e+14  5.26098336e+33  1.45371000e+01  2.76702850e-01  8.81760000e+00  2.43093802e-01  1.54667077e-01  2.28297466e-01  4.79407639e-02  1.82219166e+06 
 2.69312246e+14  5.28249407e+33  1.45261000e+01  2.77461584e-01  8.82460000e+00  2.43904137e-01  1.55046229e-01  2.27410439e-01  4.81907024e-02  1.79995844e+06 
 2.69758976e+14  5.30400479e+33  1.45151000e+01  2.78218673e-01  8.83060000e+00  2.44668712e-01  1.55425718e-01  2.26793719e-01  4.84415918e-02  1.77809751e+06 
 2.70205706e+14  5.32569083e+33  1.45041000e+01  2.78980271e-01  8.83760000e+00  2.45482955e-01  1.55806718e-01  2.25906400e-01  4.86939876e-02  1.75642735e+06 
 2.70652437e+14  5.34788189e+33  1.44941000e+01  2.79757982e-01  8.84360000e+00  2.46262837e-01  1.56169884e-01  2.25313047e-01  4.89320519e-02  1.73462515e+06 
 2.71099167e+14  5.37007294e+33  1.44831000e+01  2.80534093e-01  8.85060000e+00  2.47088580e-01  1.56554885e-01  2.24441055e-01  4.91878725e-02  1.71319116e+06 
 2.71545897e+14  5.39226400e+33  1.44721000e+01  2.81308600e-01  8.85660000e+00  2.47868333e-01  1.56940240e-01  2.23838698e-01  4.94446699e-02  1.69211779e+06 
 2.71992627e+14  5.41445505e+33  1.44621000e+01  2.82081500e-01  8.86360000e+00  2.48694073e-01  1.57304193e-01  2.22958066e-01  4.96852664e-02  1.67139764e+06 
 2.72439357e+14  5.43664611e+33  1.44521000e+01  2.82852792e-01  8.86960000e+00  2.49473675e-01  1.57668369e-01  2.22346811e-01  4.99266522e-02  1.65102355e+06 
 2.72886087e+14  5.45883716e+33  1.44411000e+01  2.83622472e-01  8.87660000e+00  2.50299385e-01  1.58054661e-01  2.21457704e-01  5.01862041e-02  1.63098855e+06 
 2.73332817e+14  5.48102822e+33  1.44311000e+01  2.84390541e-01  8.88260000e+00  2.51078813e-01  1.58419356e-01  2.20837675e-01  5.04292742e-02  1.61128567e+06 
 2.73779547e+14  5.50321927e+33  1.44211000e+01  2.85156994e-01  8.88960000e+00  2.51904465e-01  1.58784282e-01  2.19940223e-01  5.06731440e-02  1.59190824e+06 
 2.74226277e+14  5.52541033e+33  1.44111000e+01  2.85921831e-01  8.89560000e+00  2.52683702e-01  1.59149438e-01  2.19311529e-01  5.09178156e-02  1.57284970e+06 
 2.74673007e+14  5.54760138e+33  1.44011000e+01  2.86685050e-01  8.90160000e+00  2.53462794e-01  1.59514829e-01  2.18678510e-01  5.11632943e-02  1.55410364e+06 
 2.75119737e+14  5.56979244e+33  1.43921000e+01  2.87446650e-01  8.90760000e+00  2.54241741e-01  1.59858234e-01  2.18041149e-01  5.13917224e-02  1.53566377e+06 
 2.75566467e+14  5.59198349e+33  1.43821000e+01  2.88206627e-01  8.91460000e+00  2.55067160e-01  1.60224028e-01  2.17127133e-01  5.16387228e-02  1.51752405e+06 
 2.76013197e+14  5.61417455e+33  1.43731000e+01  2.88964981e-01  8.92060000e+00  2.55845878e-01  1.60567713e-01  2.16481331e-01  5.18684896e-02  1.49967842e+06 
 2.76459928e+14  5.63636561e+33  1.43631000e+01  2.89721713e-01  8.92660000e+00  2.56624434e-01  1.60933920e-01  2.15831331e-01  5.21170255e-02  1.48212112e+06 
 2.76906658e+14  5.65855666e+33  1.43541000e+01  2.90476820e-01  8.93260000e+00  2.57402828e-01  1.61277891e-01  2.15177098e-01  5.23481421e-02  1.46484637e+06 
 2.77353388e+14  5.68074772e+33  1.43451000e+01  2.91230301e-01  8.93860000e+00  2.58181058e-01  1.61621976e-01  2.14518672e-01  5.25798905e-02  1.44784863e+06 
 2.77800118e+14  5.70293877e+33  1.43351000e+01  2.91982156e-01  8.94460000e+00  2.58959118e-01  1.61988776e-01  2.13856097e-01  5.28306979e-02  1.43112250e+06 
 2.78246848e+14  5.72512983e+33  1.43261000e+01  2.92732382e-01  8.95060000e+00  2.59737004e-01  1.62333155e-01  2.13189376e-01  5.30638092e-02  1.41466256e+06 
 2.78693578e+14  5.74732088e+33  1.43171000e+01  2.93480980e-01  8.95660000e+00  2.60514714e-01  1.62677651e-01  2.12518545e-01  5.32975588e-02  1.39846366e+06 
 2.79140308e+14  5.99622429e+33  1.42201000e+01  3.02017954e-01  9.02360000e+00  2.69366796e-01  1.66519584e-01  2.05173746e-01  5.59221598e-02  1.22885817e+06 
 2.79587038e+14  6.28781527e+33  1.41151000e+01  3.12406115e-01  9.10260000e+00  2.80110681e-01  1.71016021e-01  1.96858472e-01  5.90367810e-02  1.05563362e+06 
 2.80033768e+14  6.34628818e+33  1.40951000e+01  3.14530041e-01  9.11860000e+00  2.82310446e-01  1.71917644e-01  1.95199406e-01  5.96673480e-02  1.02408326e+06 
 2.80480498e+14  6.40476108e+33  1.40751000e+01  3.16658739e-01  9.13460000e+00  2.84517017e-01  1.72825737e-01  1.93545769e-01  6.03061147e-02  9.93641649e+05 
 2.80927228e+14  6.46323398e+33  1.40561000e+01  3.18791973e-01  9.15060000e+00  2.86730303e-01  1.73715464e-01  1.91896931e-01  6.09313817e-02  9.64265676e+05 
 2.81373958e+14  6.52170689e+33  1.40381000e+01  3.20929503e-01  9.16560000e+00  2.88900891e-01  1.74586267e-01  1.90517180e-01  6.15424030e-02  9.35914700e+05 
 2.81820688e+14  6.58017979e+33  1.40191000e+01  3.23071090e-01  9.18160000e+00  2.91127045e-01  1.75487679e-01  1.88876088e-01  6.21827974e-02  9.08549968e+05 
 2.82267418e+14  6.63865269e+33  1.40021000e+01  3.25216501e-01  9.19760000e+00  2.93359494e-01  1.76344539e-01  1.87238588e-01  6.27860631e-02  8.82134156e+05 
 2.82714149e+14  6.69712560e+33  1.39841000e+01  3.27365511e-01  9.21260000e+00  2.95548310e-01  1.77231906e-01  1.85867637e-01  6.34187540e-02  8.56631564e+05 
 2.83160879e+14  6.75654603e+33  1.39671000e+01  3.29552834e-01  9.22860000e+00  2.97816243e-01  1.78106268e-01  1.84277660e-01  6.40395383e-02  8.31615413e+05 
 2.83607609e+14  6.81839077e+33  1.39501000e+01  3.31833425e-01  9.24460000e+00  3.00150679e-01  1.79004094e-01  1.82797404e-01  6.46769570e-02  8.06499146e+05 
 2.84054339e+14  6.88023550e+33  1.39331000e+01  3.34118058e-01  9.26060000e+00  3.02491668e-01  1.79907407e-01  1.81319911e-01  6.53216161e-02  7.82283785e+05 
 2.84501069e+14  6.94208023e+33  1.39161000e+01  3.36406482e-01  9.27760000e+00  3.04889528e-01  1.80816165e-01  1.79583776e-01  6.59735506e-02  7.58934270e+05 
 2.84947799e+14  7.00392497e+33  1.39001000e+01  3.38698458e-01  9.29360000e+00  3.07243283e-01  1.81704177e-01  1.78111532e-01  6.66088275e-02  7.36416812e+05 
 2.85394529e+14  7.06576970e+33  1.38851000e+01  3.40993751e-01  9.30960000e+00  3.09603086e-01  1.82570922e-01  1.76641244e-01  6.72267013e-02  7.14698945e+05 
 2.85841259e+14  7.12761444e+33  1.38691000e+01  3.43292134e-01  9.32560000e+00  3.11968786e-01  1.83468800e-01  1.75172671e-01  6.78753627e-02  6.93749492e+05 
 2.86287989e+14  7.18945917e+33  1.38541000e+01  3.45593387e-01  9.34160000e+00  3.14340233e-01  1.84345001e-01  1.73705534e-01  6.85061440e-02  6.73538427e+05 
 2.86734719e+14  7.25284466e+33  1.38401000e+01  3.47954802e-01  9.35760000e+00  3.16756148e-01  1.85211021e-01  1.72306170e-01  6.91249189e-02  6.53559280e+05 
 2.87181449e+14  7.31820535e+33  1.38251000e+01  3.50393150e-01  9.37360000e+00  3.19227928e-01  1.86123893e-01  1.70993185e-01  6.97835503e-02  6.33701611e+05 
 2.87628179e+14  7.38356604e+33  1.38101000e+01  3.52834767e-01  9.39060000e+00  3.21757550e-01  1.87041685e-01  1.69423734e-01  7.04489601e-02  6.14568398e+05 
 2.88074909e+14  7.44892673e+33  1.37961000e+01  3.55279408e-01  9.40760000e+00  3.24293463e-01  1.87937095e-01  1.67855980e-01  7.10953906e-02  5.96130457e+05 
 2.88521639e+14  7.51428741e+33  1.37821000e+01  3.57726841e-01  9.42360000e+00  3.26783412e-01  1.88837003e-01  1.66545765e-01  7.17480946e-02  5.78359797e+05 
 2.88968370e+14  7.57964810e+33  1.37691000e+01  3.60176839e-01  9.43960000e+00  3.29278976e-01  1.89713789e-01  1.65235593e-01  7.23807831e-02  5.61229530e+05 
 2.89415100e+14  7.64500879e+33  1.37561000e+01  3.62629182e-01  9.45660000e+00  3.31832464e-01  1.90594648e-01  1.63670336e-01  7.30192273e-02  5.44713928e+05 
 2.89861830e+14  7.71036948e+33  1.37431000e+01  3.65083655e-01  9.47260000e+00  3.34339001e-01  1.91479520e-01  1.62360155e-01  7.36634184e-02  5.28788291e+05 
 2.90308560e+14  7.77785737e+33  1.37311000e+01  3.67620168e-01  9.48960000e+00  3.36957955e-01  1.92357494e-01  1.60885246e-01  7.42961060e-02  5.12937480e+05 
 2.90755290e+14  7.84688172e+33  1.37181000e+01  3.70217058e-01  9.50660000e+00  3.39622250e-01  1.93279953e-01  1.59475292e-01  7.49687157e-02  4.97320253e+05 
 2.91202020e+14  7.91590608e+33  1.37061000e+01  3.72816432e-01  9.52260000e+00  3.42239366e-01  1.94178326e-01  1.58317862e-01  7.56198528e-02  4.82279120e+05 
 2.91648750e+14  7.98493043e+33  1.36941000e+01  3.75418055e-01  9.53960000e+00  3.44915363e-01  1.95080576e-01  1.56906992e-01  7.62765684e-02  4.67790315e+05 
 2.92095480e+14  8.05395478e+33  1.36831000e+01  3.78021700e-01  9.55660000e+00  3.47597067e-01  1.95957992e-01  1.55495635e-01  7.69107368e-02  4.53831047e+05 
 2.92542210e+14  8.12297913e+33  1.36721000e+01  3.80627148e-01  9.57360000e+00  3.50284323e-01  1.96838851e-01  1.54083607e-01  7.75499312e-02  4.40379530e+05 
 2.92988940e+14  8.19200348e+33  1.36611000e+01  3.83234186e-01  9.58960000e+00  3.52923040e-01  1.97723088e-01  1.52920864e-01  7.81941291e-02  4.27414905e+05 
 2.93435670e+14  8.26102783e+33  1.36501000e+01  3.85842607e-01  9.60660000e+00  3.55620796e-01  1.98610641e-01  1.51506254e-01  7.88433059e-02  4.14917215e+05 
 2.93882400e+14  8.33275142e+33  1.36401000e+01  3.88554494e-01  9.62360000e+00  3.58393517e-01  1.99494550e-01  1.50200685e-01  7.94814660e-02  4.02404044e+05 
 2.94329130e+14  8.40559070e+33  1.36301000e+01  3.91310446e-01  9.64060000e+00  3.61200745e-01  2.00390898e-01  1.48938930e-01  8.01297795e-02  3.90166818e+05 
 2.94775860e+14  8.47842997e+33  1.36201000e+01  3.94068090e-01  9.65760000e+00  3.64013556e-01  2.01290434e-01  1.47675182e-01  8.07828323e-02  3.78383851e+05 
 2.95222591e+14  8.55126925e+33  1.36101000e+01  3.96827196e-01  9.67460000e+00  3.66831800e-01  2.02193090e-01  1.46409205e-01  8.14405942e-02  3.67036075e+05 
 2.95669321e+14  8.62410853e+33  1.36011000e+01  3.99587547e-01  9.69160000e+00  3.69655327e-01  2.03068933e-01  1.45140814e-01  8.20728555e-02  3.56105242e+05 
 2.96116051e+14  8.69694781e+33  1.35921000e+01  4.02348930e-01  9.70860000e+00  3.72483990e-01  2.03947458e-01  1.43869851e-01  8.27092439e-02  3.45573939e+05 
 2.96562781e+14  8.76978708e+33  1.35831000e+01  4.05111138e-01  9.72560000e+00  3.75317653e-01  2.04828598e-01  1.42596127e-01  8.33497202e-02  3.35425518e+05 
 2.97009511e+14  8.84262636e+33  1.35751000e+01  4.07873971e-01  9.74160000e+00  3.78100499e-01  2.05681975e-01  1.41564110e-01  8.39633119e-02  3.25644067e+05 
 2.97456241e+14  8.91871398e+33  1.35661000e+01  4.10760768e-01  9.75960000e+00  3.81084178e-01  2.06595407e-01  1.40167935e-01  8.46281198e-02  3.15800894e+05 
 2.97902971e+14  8.99552296e+33  1.35581000e+01  4.13676031e-01  9.77660000e+00  3.84036248e-01  2.07487026e-01  1.39041037e-01  8.52694048e-02  3.06234408e+05 
 2.98349701e+14  9.07233194e+33  1.35501000e+01  4.16592187e-01  9.79460000e+00  3.87049740e-01  2.08381022e-01  1.37667513e-01  8.59144271e-02  2.97023887e+05 
 2.98796431e+14  9.14914092e+33  1.35421000e+01  4.19509009e-01  9.81160000e+00  3.90012164e-01  2.09277322e-01  1.36533180e-01  8.65631388e-02  2.88154229e+05 
 2.99243161e+14  9.22594991e+33  1.35351000e+01  4.22426291e-01  9.82860000e+00  3.92979436e-01  2.10144803e-01  1.35394616e-01  8.71832842e-02  2.79610996e+05 
 2.99689891e+14  9.30275889e+33  1.35281000e+01  4.25343823e-01  9.84560000e+00  3.95951424e-01  2.11014154e-01  1.34251649e-01  8.78065227e-02  2.71380435e+05 
 3.00136621e+14  9.37956787e+33  1.35211000e+01  4.28261408e-01  9.86260000e+00  3.98927996e-01  2.11885310e-01  1.33104151e-01  8.84328064e-02  2.63449397e+05 
 3.00583351e+14  9.45637685e+33  1.35151000e+01  4.31178852e-01  9.87960000e+00  4.01909020e-01  2.12726713e-01  1.31951979e-01  8.90291374e-02  2.55805338e+05 
 3.01030081e+14  9.53695097e+33  1.35081000e+01  4.34239325e-01  9.89760000e+00  4.05050645e-01  2.13633267e-01  1.30698785e-01  8.96808299e-02  2.48081043e+05 
 3.01476812e+14  9.61788790e+33  1.35021000e+01  4.37313874e-01  9.91460000e+00  4.08149376e-01  2.14513008e-01  1.29693234e-01  9.03041261e-02  2.40611453e+05 
 3.01923542e+14  9.69882484e+33  1.34961000e+01  4.40388504e-01  9.93260000e+00  4.11310688e-01  2.15394275e-01  1.28444304e-01  9.09300379e-02  2.33419600e+05 
 3.02370272e+14  9.77976177e+33  1.34901000e+01  4.43462998e-01  9.94960000e+00  4.14418899e-01  2.16276996e-01  1.27427739e-01  9.15585092e-02  2.26493630e+05 
 3.02817002e+14  9.86069871e+33  1.34851000e+01  4.46537154e-01  9.96660000e+00  4.17531522e-01  2.17128895e-01  1.26405220e-01  9.21553092e-02  2.19822224e+05 
 3.03263732e+14  9.94163564e+33  1.34791000e+01  4.49610772e-01  9.98460000e+00  4.20706936e-01  2.18014177e-01  1.25140823e-01  9.27884905e-02  2.13394601e+05 
 3.03710462e+14  1.00225726e+34  1.34741000e+01  4.52683660e-01  1.00016000e+01  4.23828221e-01  2.18868216e-01  1.24106617e-01  9.33894040e-02  2.07200462e+05 
 3.04157192e+14  1.01035095e+34  1.34701000e+01  4.55755634e-01  1.00186000e+01  4.26953536e-01  2.19690529e-01  1.23066140e-01  9.39572849e-02  2.01229991e+05 
 3.04603922e+14  1.01886857e+34  1.34651000e+01  4.58987768e-01  1.00366000e+01  4.30253547e-01  2.20582530e-01  1.21939135e-01  9.45841861e-02  1.95177284e+05 
 3.05050652e+14  1.02739123e+34  1.34601000e+01  4.62221284e-01  1.00536000e+01  4.33500411e-01  2.21475966e-01  1.21041066e-01  9.52133079e-02  1.89346711e+05 
 3.05497382e+14  1.03591388e+34  1.34561000e+01  4.65454062e-01  1.00716000e+01  4.36811056e-01  2.22337291e-01  1.19903019e-01  9.58087217e-02  1.83732224e+05 
 3.05944112e+14  1.04443654e+34  1.34521000e+01  4.68685890e-01  1.00896000e+01  4.40126237e-01  2.23199205e-01  1.18758738e-01  9.64054978e-02  1.78324585e+05 
 3.06390842e+14  1.05295919e+34  1.34481000e+01  4.71916575e-01  1.01066000e+01  4.43385895e-01  2.24061646e-01  1.17839408e-01  9.70035806e-02  1.73114975e+05 
 3.06837572e+14  1.06148185e+34  1.34441000e+01  4.75145923e-01  1.01236000e+01  4.46649400e-01  2.24924547e-01  1.16912466e-01  9.76029083e-02  1.68094991e+05 
 3.07284302e+14  1.07000450e+34  1.34411000e+01  4.78373753e-01  1.01416000e+01  4.49976978e-01  2.25754247e-01  1.15747830e-01  9.81668959e-02  1.63256613e+05 
 3.07731033e+14  1.07854764e+34  1.34381000e+01  4.81607634e-01  1.01586000e+01  4.53253423e-01  2.26585760e-01  1.14813165e-01  9.87326499e-02  1.58581202e+05 
 3.08177763e+14  1.08751576e+34  1.34351000e+01  4.85000861e-01  1.01766000e+01  4.56706321e-01  2.27453708e-01  1.13788759e-01  9.93217744e-02  1.53852592e+05 
 3.08624493e+14  1.09648388e+34  1.34321000e+01  4.88392724e-01  1.01946000e+01  4.60163600e-01  2.28321778e-01  1.12756752e-01  9.99116025e-02  1.49299365e+05 
 3.09071223e+14  1.10545200e+34  1.34291000e+01  4.91783018e-01  1.02116000e+01  4.63563932e-01  2.29189913e-01  1.11944524e-01  1.00502081e-01  1.44913997e+05 
 3.09517953e+14  1.11442012e+34  1.34271000e+01  4.95171543e-01  1.02296000e+01  4.67029327e-01  2.30023777e-01  1.10896562e-01  1.01055508e-01  1.40689309e+05 
 3.09964683e+14  1.12338824e+34  1.34241000e+01  4.98558106e-01  1.02466000e+01  4.70437074e-01  2.30891714e-01  1.10067039e-01  1.01646878e-01  1.36618467e+05 
 3.10411413e+14  1.13235636e+34  1.34221000e+01  5.01942528e-01  1.02646000e+01  4.73910050e-01  2.31724994e-01  1.09003008e-01  1.02200639e-01  1.32694943e+05 
 3.10858143e+14  1.14132448e+34  1.34201000e+01  5.05324625e-01  1.02816000e+01  4.77324706e-01  2.32557825e-01  1.08156085e-01  1.02754369e-01  1.28912528e+05 
 3.11304873e+14  1.15033164e+34  1.34191000e+01  5.08718945e-01  1.02986000e+01  4.80752796e-01  2.33358687e-01  1.07313064e-01  1.03271602e-01  1.25249696e+05 
 3.11751603e+14  1.15976206e+34  1.34171000e+01  5.12270427e-01  1.03166000e+01  4.84358185e-01  2.34229706e-01  1.06376064e-01  1.03849502e-01  1.21554113e+05 
 3.12198333e+14  1.16919247e+34  1.34151000e+01  5.15819700e-01  1.03346000e+01  4.87967498e-01  2.35100250e-01  1.05430119e-01  1.04427298e-01  1.17994664e+05 
 3.12645063e+14  1.17862288e+34  1.34141000e+01  5.19366561e-01  1.03526000e+01  4.91580584e-01  2.35935074e-01  1.04475210e-01  1.04965795e-01  1.14565527e+05 
 3.13091793e+14  1.18805329e+34  1.34131000e+01  5.22910823e-01  1.03706000e+01  4.95197304e-01  2.36769048e-01  1.03511381e-01  1.05503653e-01  1.11261148e+05 
 3.13538523e+14  1.19748371e+34  1.34121000e+01  5.26452300e-01  1.03876000e+01  4.98754201e-01  2.37602115e-01  1.02759721e-01  1.06040814e-01  1.08076236e+05 
 3.13985254e+14  1.20691412e+34  1.34111000e+01  5.29990817e-01  1.04056000e+01  5.02377591e-01  2.38434220e-01  1.01777412e-01  1.06577222e-01  1.05005744e+05 
 3.14431984e+14  1.21634453e+34  1.34111000e+01  5.33526200e-01  1.04226000e+01  5.05940488e-01  2.39229625e-01  1.01006022e-01  1.07072889e-01  1.02044863e+05 
 3.14878714e+14  1.22582427e+34  1.34101000e+01  5.37076754e-01  1.04406000e+01  5.09583024e-01  2.40063670e-01  1.00020710e-01  1.07610004e-01  9.91743430e+04 
 3.15325444e+14  1.23573413e+34  1.34101000e+01  5.40785236e-01  1.04586000e+01  5.13342036e-01  2.40896917e-01  9.91599637e-02  1.08128429e-01  9.62818047e+04 
 3.15772174e+14  1.24564399e+34  1.34101000e+01  5.44490651e-01  1.04766000e+01  5.17104485e-01  2.41728838e-01  9.82891254e-02  1.08645519e-01  9.34949479e+04 
 3.16218904e+14  1.25555385e+34  1.34101000e+01  5.48192807e-01  1.04936000e+01  5.20805617e-01  2.42559384e-01  9.76255233e-02  1.09161227e-01  9.08092743e+04 
 3.16665634e+14  1.26546371e+34  1.34101000e+01  5.51891518e-01  1.05116000e+01  5.24574316e-01  2.43388502e-01  9.67339475e-02  1.09675499e-01  8.82204939e+04 
 3.17112364e+14  1.27537356e+34  1.34101000e+01  5.55586610e-01  1.05296000e+01  5.28346040e-01  2.44216145e-01  9.58324292e-02  1.10188288e-01  8.57245165e+04 
 3.17559094e+14  1.28528342e+34  1.34111000e+01  5.59277915e-01  1.05466000e+01  5.32055404e-01  2.45005719e-01  9.51364175e-02  1.10658276e-01  8.33174428e+04 
 3.18005824e+14  1.29519328e+34  1.34121000e+01  5.62965262e-01  1.05646000e+01  5.35832616e-01  2.45793481e-01  9.42144357e-02  1.11126313e-01  8.09955603e+04 
 3.18452554e+14  1.30515301e+34  1.34121000e+01  5.66667030e-01  1.05816000e+01  5.39559891e-01  2.46620301e-01  9.35115488e-02  1.11636521e-01  7.87442520e+04 
 3.18899284e+14  1.31555978e+34  1.34131000e+01  5.70530914e-01  1.05996000e+01  5.43472741e-01  2.47445668e-01  9.27149996e-02  1.12126094e-01  7.64759671e+04 
 3.19346014e+14  1.32596655e+34  1.34141000e+01  5.74390863e-01  1.06176000e+01  5.47388537e-01  2.48269138e-01  9.19073806e-02  1.12613547e-01  7.42897846e+04 
 3.19792744e+14  1.33637332e+34  1.34151000e+01  5.78246690e-01  1.06356000e+01  5.51307137e-01  2.49090667e-01  9.10887638e-02  1.13098836e-01  7.21822325e+04 
 3.20239475e+14  1.34678009e+34  1.34171000e+01  5.82098224e-01  1.06526000e+01  5.55161824e-01  2.49872959e-01  9.04709432e-02  1.13539599e-01  7.01499956e+04 
 3.20686205e+14  1.35718685e+34  1.34181000e+01  5.85945294e-01  1.06706000e+01  5.59085426e-01  2.50690363e-01  8.96299667e-02  1.14020262e-01  6.81899206e+04 
 3.21132935e+14  1.36759362e+34  1.34201000e+01  5.89787732e-01  1.06876000e+01  5.62944425e-01  2.51468211e-01  8.89887073e-02  1.14455978e-01  6.62989951e+04 
 3.21579665e+14  1.37800039e+34  1.34211000e+01  5.93625386e-01  1.07056000e+01  5.66872554e-01  2.52281317e-01  8.81256277e-02  1.14931843e-01  6.44743521e+04 
 3.22026395e+14  1.38844631e+34  1.34231000e+01  5.97472515e-01  1.07226000e+01  5.70745643e-01  2.53057749e-01  8.74721001e-02  1.15364289e-01  6.27067429e+04 
 3.22473125e+14  1.39936775e+34  1.34251000e+01  6.01489850e-01  1.07406000e+01  5.74812488e-01  2.53870501e-01  8.67293709e-02  1.15817485e-01  6.09240322e+04 
 3.22919855e+14  1.41028919e+34  1.34271000e+01  6.05502371e-01  1.07586000e+01  5.78881770e-01  2.54680807e-01  8.59747788e-02  1.16267813e-01  5.92051874e+04 
 3.23366585e+14  1.42121064e+34  1.34301000e+01  6.09509905e-01  1.07766000e+01  5.82953346e-01  2.55450585e-01  8.52084339e-02  1.16671797e-01  5.75475263e+04 
 3.23813315e+14  1.43213208e+34  1.34321000e+01  6.13512277e-01  1.07936000e+01  5.86958725e-01  2.56255781e-01  8.46373364e-02  1.17116137e-01  5.59484954e+04 
 3.24260045e+14  1.44305352e+34  1.34341000e+01  6.17509332e-01  1.08116000e+01  5.91034303e-01  2.57058428e-01  8.38471857e-02  1.17557515e-01  5.44056542e+04 
 3.24706775e+14  1.45397497e+34  1.34371000e+01  6.21500905e-01  1.08286000e+01  5.95042993e-01  2.57820100e-01  8.32512648e-02  1.17951990e-01  5.29166778e+04 
 3.25153505e+14  1.46489641e+34  1.34391000e+01  6.25486852e-01  1.08466000e+01  5.99122089e-01  2.58617421e-01  8.24377246e-02  1.18387182e-01  5.14793512e+04 
 3.25600235e+14  1.47583334e+34  1.34421000e+01  6.29472666e-01  1.08636000e+01  6.03137669e-01  2.59374720e-01  8.18214622e-02  1.18775854e-01  5.00896240e+04 
 3.26046966e+14  1.48728752e+34  1.34451000e+01  6.33641139e-01  1.08816000e+01  6.07358374e-01  2.60170323e-01  8.11232160e-02  1.19185639e-01  4.86850549e+04 
 3.26493696e+14  1.49874169e+34  1.34481000e+01  6.37803915e-01  1.08996000e+01  6.11580984e-01  2.60962965e-01  8.04125071e-02  1.19591876e-01  4.73302505e+04 
 3.26940426e+14  1.51019587e+34  1.34511000e+01  6.41960821e-01  1.09166000e+01  6.15735423e-01  2.61752615e-01  7.98922237e-02  1.19994542e-01  4.60231412e+04 
 3.27387156e+14  1.52165005e+34  1.34551000e+01  6.46111692e-01  1.09346000e+01  6.19961250e-01  2.62500214e-01  7.91562595e-02  1.20348876e-01  4.47617510e+04 
 3.27833886e+14  1.53310423e+34  1.34581000e+01  6.50256378e-01  1.09526000e+01  6.24188575e-01  2.63283684e-01  7.84082905e-02  1.20744193e-01  4.35441970e+04 
 3.28280616e+14  1.54455840e+34  1.34611000e+01  6.54394726e-01  1.09696000e+01  6.28346730e-01  2.64064074e-01  7.78492704e-02  1.21135870e-01  4.23686809e+04 
 3.28727346e+14  1.55601258e+34  1.34651000e+01  6.58526597e-01  1.09866000e+01  6.32505722e-01  2.64802017e-01  7.72772799e-02  1.21478767e-01  4.12334874e+04 
 3.29174076e+14  1.56746676e+34  1.34681000e+01  6.62651849e-01  1.10036000e+01  6.36665471e-01  2.65576060e-01  7.66924096e-02  1.21862968e-01  4.01369828e+04 
 3.29620806e+14  1.57944910e+34  1.34721000e+01  6.66960542e-01  1.10216000e+01  6.41033463e-01  2.66348435e-01  7.60241212e-02  1.22221890e-01  3.90295151e+04 
 3.30067536e+14  1.59145436e+34  1.34761000e+01  6.71270882e-01  1.10396000e+01  6.45408722e-01  2.67119143e-01  7.53484998e-02  1.22577692e-01  3.79587497e+04 
 3.30514266e+14  1.60345961e+34  1.34801000e+01  6.75574465e-01  1.10576000e+01  6.49785208e-01  2.67886379e-01  7.46600921e-02  1.22929332e-01  3.69252412e+04 
 3.30960996e+14  1.61546486e+34  1.34841000e+01  6.79871131e-01  1.10746000e+01  6.54090836e-01  2.68650121e-01  7.41565802e-02  1.23276796e-01  3.59274621e+04 
 3.31407726e+14  1.62747011e+34  1.34881000e+01  6.84160735e-01  1.10926000e+01  6.58469195e-01  2.69410346e-01  7.34424121e-02  1.23620075e-01  3.49639538e+04 
 3.31854456e+14  1.63947537e+34  1.34931000e+01  6.88443133e-01  1.11096000e+01  6.62776024e-01  2.70126982e-01  7.29122565e-02  1.23913226e-01  3.40333246e+04 
 3.32301187e+14  1.65148062e+34  1.34971000e+01  6.92718193e-01  1.11266000e+01  6.67083177e-01  2.70880009e-01  7.23687602e-02  1.24247989e-01  3.31342474e+04 
 3.32747917e+14  1.66348587e+34  1.35011000e+01  6.96985778e-01  1.11436000e+01  6.71390552e-01  2.71629454e-01  7.18120438e-02  1.24578536e-01  3.22654548e+04 
 3.33194647e+14  1.67598288e+34  1.35061000e+01  7.01420463e-01  1.11616000e+01  6.75896947e-01  2.72372124e-01  7.11597478e-02  1.24879519e-01  3.13918741e+04 
 3.33641377e+14  1.68855781e+34  1.35101000e+01  7.05875315e-01  1.11786000e+01  6.80350727e-01  2.73157225e-01  7.07062855e-02  1.25225503e-01  3.05431629e+04 
 3.34088107e+14  1.70113275e+34  1.35151000e+01  7.10322508e-01  1.11966000e+01  6.84878303e-01  2.73898066e-01  7.00448508e-02  1.25520580e-01  2.97236236e+04 
 3.34534837e+14  1.71370769e+34  1.35201000e+01  7.14761895e-01  1.12136000e+01  6.89332617e-01  2.74634975e-01  6.95636125e-02  1.25810999e-01  2.89320730e+04 
 3.34981567e+14  1.72628263e+34  1.35251000e+01  7.19193335e-01  1.12316000e+01  6.93860952e-01  2.75367934e-01  6.88758599e-02  1.26096759e-01  2.81673803e+04 
 3.35428297e+14  1.73885756e+34  1.35291000e+01  7.23616695e-01  1.12486000e+01  6.98315378e-01  2.76137753e-01  6.83674672e-02  1.26424578e-01  2.74284670e+04 
 3.35875027e+14  1.75143250e+34  1.35341000e+01  7.28031843e-01  1.12656000e+01  7.02769571e-01  2.76862863e-01  6.78454826e-02  1.26701112e-01  2.67143024e+04 
 3.36321757e+14  1.76400744e+34  1.35391000e+01  7.32438658e-01  1.12826000e+01  7.07223445e-01  2.77583981e-01  6.73100622e-02  1.26972994e-01  2.60239028e+04 
 3.36768487e+14  1.77701931e+34  1.35451000e+01  7.36989964e-01  1.12996000e+01  7.11787571e-01  2.78292038e-01  6.68546876e-02  1.27210652e-01  2.53334927e+04 
 3.37215217e+14  1.79018280e+34  1.35501000e+01  7.41585903e-01  1.13176000e+01  7.16464986e-01  2.79048100e-01  6.62274518e-02  1.27496352e-01  2.46587645e+04 
 3.37661947e+14  1.80334629e+34  1.35551000e+01  7.46173277e-01  1.13346000e+01  7.21067111e-01  2.79800020e-01  6.57761885e-02  1.27777153e-01  2.40069375e+04 
 3.38108677e+14  1.81650978e+34  1.35611000e+01  7.50751946e-01  1.13516000e+01  7.25668755e-01  2.80506407e-01  6.53106764e-02  1.28005858e-01  2.33770919e+04 
 3.38555408e+14  1.82967326e+34  1.35661000e+01  7.55321778e-01  1.13696000e+01  7.30345669e-01  2.81249917e-01  6.46428775e-02  1.28276811e-01  2.27683506e+04 
 3.39002138e+14  1.84283675e+34  1.35721000e+01  7.59882644e-01  1.13866000e+01  7.34946275e-01  2.81947694e-01  6.41499367e-02  1.28495545e-01  2.21798742e+04 
 3.39448868e+14  1.85600024e+34  1.35771000e+01  7.64434425e-01  1.14036000e+01  7.39546093e-01  2.82682753e-01  6.36433028e-02  1.28756694e-01  2.16108623e+04 
 3.39895598e+14  1.86916373e+34  1.35831000e+01  7.68976999e-01  1.14196000e+01  7.44068498e-01  2.83371885e-01  6.33097818e-02  1.28965509e-01  2.10605495e+04 
 3.40342328e+14  1.88268876e+34  1.35881000e+01  7.73634812e-01  1.14376000e+01  7.48833554e-01  2.84124138e-01  6.26617144e-02  1.29230289e-01  2.05138108e+04 
 3.40789058e+14  1.89645991e+34  1.35941000e+01  7.78368050e-01  1.14546000e+01  7.53582850e-01  2.84847637e-01  6.22350406e-02  1.29451501e-01  1.99757350e+04 
 3.41235788e+14  1.91023106e+34  1.36001000e+01  7.83091810e-01  1.14716000e+01  7.58331172e-01  2.85566607e-01  6.17939259e-02  1.29667485e-01  1.94556867e+04 
 3.41682518e+14  1.92400221e+34  1.36061000e+01  7.87805960e-01  1.14886000e+01  7.63078434e-01  2.86281043e-01  6.13385053e-02  1.29878262e-01  1.89529506e+04 
 3.42129248e+14  1.93777336e+34  1.36121000e+01  7.92510375e-01  1.15056000e+01  7.67824532e-01  2.86990942e-01  6.08689701e-02  1.30083857e-01  1.84668429e+04 
 3.42575978e+14  1.95154451e+34  1.36181000e+01  7.97204937e-01  1.15226000e+01  7.72569367e-01  2.87696300e-01  6.03854983e-02  1.30284292e-01  1.79967106e+04 
 3.43022708e+14  1.96531566e+34  1.36241000e+01  8.01889532e-01  1.15396000e+01  7.77312841e-01  2.88397114e-01  5.98882849e-02  1.30479590e-01  1.75419293e+04 
 3.43469438e+14  1.97908680e+34  1.36301000e+01  8.06564044e-01  1.15566000e+01  7.82054853e-01  2.89093379e-01  5.93775091e-02  1.30669771e-01  1.71019028e+04 
 3.43916168e+14  1.99312124e+34  1.36361000e+01  8.11317540e-01  1.15736000e+01  7.86860455e-01  2.89803170e-01  5.89024268e-02  1.30863864e-01  1.66680456e+04 
 3.44362898e+14  2.00751939e+34  1.36431000e+01  8.16183931e-01  1.15906000e+01  7.91754539e-01  2.90490667e-01  5.84808530e-02  1.31017067e-01  1.62375822e+04 
 3.44809629e+14  2.02191754e+34  1.36491000e+01  8.21039928e-01  1.16076000e+01  7.96647063e-01  2.91215960e-01  5.80448401e-02  1.31212888e-01  1.58213509e+04 
 3.45256359e+14  2.03631568e+34  1.36561000e+01  8.25885405e-01  1.16246000e+01  8.01537920e-01  2.91893782e-01  5.75945411e-02  1.31355277e-01  1.54187934e+04 
 3.45703089e+14  2.05071383e+34  1.36621000e+01  8.30720248e-01  1.16416000e+01  8.06427010e-01  2.92609569e-01  5.71301949e-02  1.31540432e-01  1.50293764e+04 
 3.46149819e+14  2.06511198e+34  1.36681000e+01  8.35544342e-01  1.16586000e+01  8.11314227e-01  2.93320647e-01  5.66519844e-02  1.31720323e-01  1.46525898e+04 
 3.46596549e+14  2.07951012e+34  1.36751000e+01  8.40357578e-01  1.16746000e+01  8.16119539e-01  2.93984009e-01  5.63390527e-02  1.31846758e-01  1.42879455e+04 
 3.47043279e+14  2.09390827e+34  1.36811000e+01  8.45159859e-01  1.16916000e+01  8.21002531e-01  2.94685587e-01  5.58331457e-02  1.32016167e-01  1.39349776e+04 
 3.47490009e+14  2.10844616e+34  1.36881000e+01  8.49997558e-01  1.17076000e+01  8.25837080e-01  2.95348555e-01  5.55162705e-02  1.32136507e-01  1.35899750e+04 
 3.47936739e+14  2.12349086e+34  1.36951000e+01  8.54992608e-01  1.17246000e+01  8.30873394e-01  2.96040123e-01  5.50948954e-02  1.32267324e-01  1.32444883e+04 
 3.48383469e+14  2.13853555e+34  1.37021000e+01  8.59976343e-01  1.17416000e+01  8.35907542e-01  2.96726652e-01  5.46591406e-02  1.32392638e-01  1.29102709e+04 
 3.48830199e+14  2.15358025e+34  1.37081000e+01  8.64948648e-01  1.17586000e+01  8.40939415e-01  2.97451549e-01  5.42092345e-02  1.32560835e-01  1.25868863e+04 
 3.49276929e+14  2.16862494e+34  1.37151000e+01  8.69909411e-01  1.17756000e+01  8.45968898e-01  2.98128098e-01  5.37453731e-02  1.32675291e-01  1.22739168e+04 
 3.49723659e+14  2.18366964e+34  1.37221000e+01  8.74858535e-01  1.17916000e+01  8.50914317e-01  2.98799631e-01  5.34434475e-02  1.32784374e-01  1.19709629e+04 
 3.50170389e+14  2.19871433e+34  1.37291000e+01  8.79795911e-01  1.18086000e+01  8.55938565e-01  2.99466149e-01  5.29517209e-02  1.32888119e-01  1.16776426e+04 
 3.50617119e+14  2.21375903e+34  1.37361000e+01  8.84721451e-01  1.18246000e+01  8.60878101e-01  3.00127663e-01  5.26214160e-02  1.32986574e-01  1.13935906e+04 
 3.51063850e+14  2.22880372e+34  1.37431000e+01  8.89635066e-01  1.18406000e+01  8.65814461e-01  3.00784179e-01  5.22769871e-02  1.33079777e-01  1.11184568e+04 
 3.51510580e+14  2.24450307e+34  1.37501000e+01  8.94750148e-01  1.18576000e+01  8.70987577e-01  3.01477395e-01  5.18501220e-02  1.33186278e-01  1.08404735e+04 
 3.51957310e+14  2.26021406e+34  1.37571000e+01  8.99856793e-01  1.18746000e+01  8.76160685e-01  3.02166174e-01  5.14109501e-02  1.33287591e-01  1.05712312e+04 
 3.52404040e+14  2.27592505e+34  1.37641000e+01  9.04951094e-01  1.18906000e+01  8.81247908e-01  3.02849785e-01  5.11306909e-02  1.33383433e-01  1.03105972e+04 
 3.52850770e+14  2.29163604e+34  1.37721000e+01  9.10032953e-01  1.19076000e+01  8.86414888e-01  3.03484156e-01  5.06632523e-02  1.33479064e-01  1.00622888e+04 
 3.53297500e+14  2.30734703e+34  1.37791000e+01  9.15102272e-01  1.19236000e+01  8.91495342e-01  3.04157387e-01  5.03542221e-02  1.33510450e-01  9.81385715e+03 
 3.53744230e+14  2.32305802e+34  1.37861000e+01  9.20158959e-01  1.19396000e+01  8.96572163e-01  3.04825480e-01  5.00308893e-02  1.33590172e-01  9.57713736e+03 
 3.54190960e+14  2.33876901e+34  1.37931000e+01  9.25202928e-01  1.19566000e+01  9.01729182e-01  3.05488446e-01  4.95223466e-02  1.33664618e-01  9.34779700e+03 
 3.54637690e+14  2.35448000e+34  1.38001000e+01  9.30234096e-01  1.19726000e+01  9.06798753e-01  3.06146295e-01  4.91714166e-02  1.33733834e-01  9.12556100e+03 
 3.55084420e+14  2.37068366e+34  1.38081000e+01  9.35409794e-01  1.19886000e+01  9.11981136e-01  3.06784785e-01  4.88805836e-02  1.33762002e-01  8.90350887e+03 
 3.55531150e+14  2.38708087e+34  1.38151000e+01  9.40634198e-01  1.20056000e+01  9.17289989e-01  3.07474232e-01  4.84344013e-02  1.33838115e-01  8.68589416e+03 
 3.55977880e+14  2.40347808e+34  1.38231000e+01  9.45845352e-01  1.20216000e+01  9.22510528e-01  3.08113802e-01  4.81436513e-02  1.33860361e-01  8.47514136e+03 
 3.56424610e+14  2.41987529e+34  1.38301000e+01  9.51043160e-01  1.20376000e+01  9.27726950e-01  3.08792613e-01  4.78385119e-02  1.33925659e-01  8.27099281e+03 
 3.56871340e+14  2.43627250e+34  1.38381000e+01  9.56227533e-01  1.20536000e+01  9.32939209e-01  3.09421435e-01  4.75190841e-02  1.33991171e-01  8.07645285e+03 
 3.57318071e+14  2.45266972e+34  1.38451000e+01  9.61398391e-01  1.20696000e+01  9.38147223e-01  3.10089668e-01  4.71856188e-02  1.33991931e-01  7.88153040e+03 
 3.57764801e+14  2.46906693e+34  1.38531000e+01  9.66555654e-01  1.20856000e+01  9.43350920e-01  3.10707801e-01  4.68382768e-02  1.34047028e-01  7.69885404e+03 
 3.58211531e+14  2.48546414e+34  1.38601000e+01  9.71699245e-01  1.21016000e+01  9.48550226e-01  3.11365511e-01  4.64772904e-02  1.34037369e-01  7.51565379e+03 
 3.58658261e+14  2.50215887e+34  1.38681000e+01  9.76922132e-01  1.21176000e+01  9.53814327e-01  3.11990535e-01  4.61443395e-02  1.34089073e-01  7.34085842e+03 
 3.59104991e+14  2.51926239e+34  1.38751000e+01  9.82258855e-01  1.21336000e+01  9.59169042e-01  3.12679221e-01  4.58542458e-02  1.34085122e-01  7.16143110e+03 
 3.59551721e+14  2.53636591e+34  1.38831000e+01  9.87581414e-01  1.21506000e+01  9.64605770e-01  3.13317368e-01  4.53839191e-02  1.34081525e-01  6.99044850e+03 
 3.59998451e+14  2.55346942e+34  1.38911000e+01  9.92889736e-01  1.21666000e+01  9.69951354e-01  3.13950006e-01  4.50657021e-02  1.34072672e-01  6.82474968e+03 
 3.60445181e+14  2.57057294e+34  1.38991000e+01  9.98183732e-01  1.21826000e+01  9.75292137e-01  3.14577151e-01  4.47335148e-02  1.34112684e-01  6.66682711e+03 
 3.60891911e+14  2.58767646e+34  1.39061000e+01  1.00346333e+00  1.21976000e+01  9.80540724e-01  3.15244160e-01  4.45521205e-02  1.34087638e-01  6.50843137e+03 
 3.61338641e+14  2.60477998e+34  1.39141000e+01  1.00872846e+00  1.22136000e+01  9.85871459e-01  3.15860438e-01  4.41922108e-02  1.34063348e-01  6.35744571e+03 
 3.61785371e+14  2.62188350e+34  1.39221000e+01  1.01397906e+00  1.22296000e+01  9.91197171e-01  3.16471275e-01  4.38189435e-02  1.34088121e-01  6.21351708e+03 
 3.62232101e+14  2.63905326e+34  1.39291000e+01  1.01923531e+00  1.22446000e+01  9.96444979e-01  3.17125972e-01  4.36043769e-02  1.34049237e-01  6.06842104e+03 
 3.62678831e+14  2.65688331e+34  1.39371000e+01  1.02467862e+00  1.22606000e+01  1.00192634e+00  3.17767005e-01  4.32981536e-02  1.34024634e-01  5.92484111e+03 
 3.63125561e+14  2.67471337e+34  1.39451000e+01  1.03010688e+00  1.22766000e+01  1.00740243e+00  3.18402424e-01  4.29778805e-02  1.33994835e-01  5.78566337e+03 
 3.63572292e+14  2.69254343e+34  1.39531000e+01  1.03552000e+00  1.22926000e+01  1.01287315e+00  3.19032247e-01  4.26437760e-02  1.33959911e-01  5.65072669e+03 
 3.64019022e+14  2.71037349e+34  1.39611000e+01  1.04091792e+00  1.23086000e+01  1.01833841e+00  3.19656500e-01  4.22960855e-02  1.33919932e-01  5.51987646e+03 
 3.64465752e+14  2.72820355e+34  1.39691000e+01  1.04630057e+00  1.23236000e+01  1.02370904e+00  3.20275201e-01  4.20961680e-02  1.33874960e-01  5.39296449e+03 
 3.64912482e+14  2.74603360e+34  1.39771000e+01  1.05166788e+00  1.23396000e+01  1.02916301e+00  3.20888373e-01  4.17213737e-02  1.33879122e-01  5.27197749e+03 
 3.65359212e+14  2.76386366e+34  1.39851000e+01  1.05701980e+00  1.23546000e+01  1.03452176e+00  3.21496035e-01  4.14939842e-02  1.33824347e-01  5.15247374e+03 
 3.65805942e+14  2.78169372e+34  1.39921000e+01  1.06235627e+00  1.23696000e+01  1.03987434e+00  3.22144258e-01  4.12530295e-02  1.33758534e-01  5.03446639e+03 
 3.66252672e+14  2.80006641e+34  1.40001000e+01  1.06783919e+00  1.23856000e+01  1.04543250e+00  3.22770376e-01  4.09039231e-02  1.33703802e-01  4.91856644e+03 
 3.66699402e+14  2.81864336e+34  1.40081000e+01  1.07336717e+00  1.24016000e+01  1.05103052e+00  3.23401886e-01  4.05658393e-02  1.33647705e-01  4.80490170e+03 
 3.67146132e+14  2.83722031e+34  1.40171000e+01  1.07887914e+00  1.24166000e+01  1.05653204e+00  3.23981497e-01  4.03731245e-02  1.33592994e-01  4.69654997e+03 
 3.67592862e+14  2.85579726e+34  1.40251000e+01  1.08437502e+00  1.24326000e+01  1.06211776e+00  3.24601646e-01  4.00078640e-02  1.33527086e-01  4.58954950e+03 
 3.68039592e+14  2.87437421e+34  1.40331000e+01  1.08985478e+00  1.24476000e+01  1.06760638e+00  3.25216186e-01  3.97876545e-02  1.33456363e-01  4.48572459e+03 
 3.68486322e+14  2.89295117e+34  1.40411000e+01  1.09531834e+00  1.24626000e+01  1.07308834e+00  3.25825135e-01  3.95537904e-02  1.33380890e-01  4.38496220e+03 
 3.68933052e+14  2.91152812e+34  1.40491000e+01  1.10076567e+00  1.24776000e+01  1.07856359e+00  3.26428519e-01  3.93064784e-02  1.33300734e-01  4.28715381e+03 
 3.69379783e+14  2.93010507e+34  1.40571000e+01  1.10619671e+00  1.24926000e+01  1.08403209e+00  3.27026359e-01  3.90458937e-02  1.33215961e-01  4.19219533e+03 
 3.69826513e+14  2.94893220e+34  1.40651000e+01  1.11168428e+00  1.25086000e+01  1.08964060e+00  3.27631647e-01  3.86435412e-02  1.33130505e-01  4.09876261e+03 
 3.70273243e+14  2.96827649e+34  1.40731000e+01  1.11730579e+00  1.25236000e+01  1.09526421e+00  3.28258083e-01  3.84420961e-02  1.33048328e-01  4.00558940e+03 
 3.70719973e+14  2.98762079e+34  1.40811000e+01  1.12291041e+00  1.25386000e+01  1.10088070e+00  3.28878802e-01  3.82268073e-02  1.32907575e-01  3.91359146e+03 
 3.71166703e+14  3.00696509e+34  1.40891000e+01  1.12849810e+00  1.25536000e+01  1.10649001e+00  3.29493834e-01  3.79979049e-02  1.32815975e-01  3.82587517e+03 
 3.71613433e+14  3.02630939e+34  1.40971000e+01  1.13406880e+00  1.25696000e+01  1.11218484e+00  3.30103203e-01  3.76004519e-02  1.32719761e-01  3.74072570e+03 
 3.72060163e+14  3.04565369e+34  1.41051000e+01  1.13962246e+00  1.25846000e+01  1.11777987e+00  3.30706935e-01  3.73451827e-02  1.32619002e-01  3.65805285e+03 
 3.72506893e+14  3.06499799e+34  1.41131000e+01  1.14515906e+00  1.25986000e+01  1.12327439e+00  3.31305057e-01  3.72311923e-02  1.32513771e-01  3.57776997e+03 
 3.72953623e+14  3.08434229e+34  1.41221000e+01  1.15067855e+00  1.26136000e+01  1.12885451e+00  3.31850583e-01  3.69495722e-02  1.32410897e-01  3.50121220e+03 
 3.73400353e+14  3.10368659e+34  1.41301000e+01  1.15618089e+00  1.26286000e+01  1.13442717e+00  3.32437499e-01  3.66553369e-02  1.32296949e-01  3.42543279e+03 
 3.73847083e+14  3.12373084e+34  1.41381000e+01  1.16186456e+00  1.26436000e+01  1.14014294e+00  3.33053516e-01  3.64205655e-02  1.32187923e-01  3.34917529e+03 
 3.74293813e+14  3.14386302e+34  1.41461000e+01  1.16755547e+00  1.26586000e+01  1.14586988e+00  3.33668142e-01  3.61814781e-02  1.32021999e-01  3.27348754e+03 
 3.74740543e+14  3.16399521e+34  1.41541000e+01  1.17322859e+00  1.26736000e+01  1.15158901e+00  3.34277038e-01  3.59291588e-02  1.31905179e-01  3.20131452e+03 
 3.75187273e+14  3.18412740e+34  1.41631000e+01  1.17888388e+00  1.26886000e+01  1.15730026e+00  3.34832940e-01  3.56638056e-02  1.31790893e-01  3.13249389e+03 
 3.75634004e+14  3.20425958e+34  1.41711000e+01  1.18452132e+00  1.27026000e+01  1.16290886e+00  3.35430406e-01  3.55374497e-02  1.31665402e-01  3.06438584e+03 
 3.76080734e+14  3.22439177e+34  1.41791000e+01  1.19014087e+00  1.27176000e+01  1.16860407e+00  3.36022228e-01  3.52462231e-02  1.31535666e-01  2.99821922e+03 
 3.76527464e+14  3.24452396e+34  1.41871000e+01  1.19574250e+00  1.27326000e+01  1.17429123e+00  3.36608430e-01  3.49425780e-02  1.31348439e-01  2.93273701e+03 
 3.76974194e+14  3.26465614e+34  1.41951000e+01  1.20132618e+00  1.27466000e+01  1.17987499e+00  3.37189042e-01  3.47773742e-02  1.31210463e-01  2.87028102e+03 
 3.77420924e+14  3.28512163e+34  1.42031000e+01  1.20698396e+00  1.27616000e+01  1.18561594e+00  3.37779874e-01  3.44808448e-02  1.31072176e-01  2.80858211e+03 
 3.77867654e+14  3.30606230e+34  1.42121000e+01  1.21275459e+00  1.27756000e+01  1.19135277e+00  3.38339875e-01  3.43670494e-02  1.30942107e-01  2.74836455e+03 
 3.78314384e+14  3.32700297e+34  1.42201000e+01  1.21850662e+00  1.27906000e+01  1.19717676e+00  3.38941684e-01  3.40900460e-02  1.30800751e-01  2.68876233e+03 
 3.78761114e+14  3.34794364e+34  1.42281000e+01  1.22423999e+00  1.28056000e+01  1.20299224e+00  3.39537761e-01  3.38004566e-02  1.30602185e-01  2.62978689e+03 
 3.79207844e+14  3.36888432e+34  1.42361000e+01  1.22995471e+00  1.28196000e+01  1.20870272e+00  3.40128145e-01  3.36474578e-02  1.30452667e-01  2.57353985e+03 
 3.79654574e+14  3.38982499e+34  1.42451000e+01  1.23565073e+00  1.28336000e+01  1.21440417e+00  3.40665018e-01  3.34815373e-02  1.30306366e-01  2.51989751e+03 
 3.80101304e+14  3.41076566e+34  1.42531000e+01  1.24132803e+00  1.28486000e+01  1.22019349e+00  3.41244036e-01  3.31545550e-02  1.30148952e-01  2.46673728e+03 
 3.80548034e+14  3.43170633e+34  1.42611000e+01  1.24698661e+00  1.28626000e+01  1.22587704e+00  3.41817442e-01  3.29637128e-02  1.29987679e-01  2.41505345e+03 
 3.80994764e+14  3.45264701e+34  1.42691000e+01  1.25262644e+00  1.28766000e+01  1.23155146e+00  3.42385266e-01  3.27605139e-02  1.29822617e-01  2.36479649e+03 
 3.81441494e+14  3.47433078e+34  1.42771000e+01  1.25844699e+00  1.28906000e+01  1.23736942e+00  3.42981087e-01  3.26105897e-02  1.29607951e-01  2.31326507e+03 
 3.81888225e+14  3.49610058e+34  1.42851000e+01  1.26427124e+00  1.29056000e+01  1.24329332e+00  3.43575025e-01  3.23082587e-02  1.29442918e-01  2.26392378e+03 
 3.82334955e+14  3.51787037e+34  1.42941000e+01  1.27007606e+00  1.29196000e+01  1.24911013e+00  3.44115059e-01  3.21403968e-02  1.29281391e-01  2.21686796e+03 
 3.82781685e+14  3.53964017e+34  1.43021000e+01  1.27586141e+00  1.29336000e+01  1.25491734e+00  3.44697483e-01  3.19599021e-02  1.29108701e-01  2.17022832e+03 
 3.83228415e+14  3.56140996e+34  1.43101000e+01  1.28162729e+00  1.29476000e+01  1.26071493e+00  3.45274221e-01  3.17669287e-02  1.28879794e-01  2.12401617e+03 
 3.83675145e+14  3.58317976e+34  1.43181000e+01  1.28737369e+00  1.29616000e+01  1.26650287e+00  3.45845310e-01  3.15616935e-02  1.28699767e-01  2.07993587e+03 
 3.84121875e+14  3.60494955e+34  1.43261000e+01  1.29310060e+00  1.29756000e+01  1.27228111e+00  3.46410774e-01  3.13443602e-02  1.28516146e-01  2.03706272e+03 
 3.84568605e+14  3.62671935e+34  1.43351000e+01  1.29880800e+00  1.29896000e+01  1.27804965e+00  3.46922230e-01  3.11150791e-02  1.28336514e-01  1.99616977e+03 
 3.85015335e+14  3.64877720e+34  1.43431000e+01  1.30457108e+00  1.30036000e+01  1.28386623e+00  3.47488919e-01  3.08976333e-02  1.28148119e-01  1.95504612e+03 
 3.85462065e+14  3.67139677e+34  1.43511000e+01  1.31046079e+00  1.30176000e+01  1.28978550e+00  3.48074149e-01  3.07138580e-02  1.27960399e-01  1.91403451e+03 
 3.85908795e+14  3.69401634e+34  1.43591000e+01  1.31633028e+00  1.30316000e+01  1.29569460e+00  3.48653625e-01  3.05177179e-02  1.27716993e-01  1.87339260e+03 
 3.86355525e+14  3.71663591e+34  1.43671000e+01  1.32217955e+00  1.30456000e+01  1.30159350e+00  3.49227378e-01  3.03093819e-02  1.27522199e-01  1.83462612e+03 
 3.86802255e+14  3.73925548e+34  1.43761000e+01  1.32800858e+00  1.30586000e+01  1.30738206e+00  3.49746774e-01  3.02324633e-02  1.27331595e-01  1.79765179e+03 
 3.87248985e+14  3.76187505e+34  1.43841000e+01  1.33381738e+00  1.30726000e+01  1.31326029e+00  3.50309127e-01  2.99999296e-02  1.27129979e-01  1.76095378e+03 
 3.87695715e+14  3.78449462e+34  1.43921000e+01  1.33960595e+00  1.30866000e+01  1.31912821e+00  3.50865856e-01  2.97557794e-02  1.26925044e-01  1.72524668e+03 
 3.88142446e+14  3.80711419e+34  1.44001000e+01  1.34537428e+00  1.30996000e+01  1.32488511e+00  3.51416988e-01  2.96426373e-02  1.26716854e-01  1.69049811e+03 
 3.88589176e+14  3.82973376e+34  1.44081000e+01  1.35112240e+00  1.31136000e+01  1.33073221e+00  3.51962557e-01  2.93753707e-02  1.26505479e-01  1.65667691e+03 
 3.89035906e+14  3.85299656e+34  1.44161000e+01  1.35701310e+00  1.31266000e+01  1.33659357e+00  3.52529030e-01  2.92873169e-02  1.26243239e-01  1.62216581e+03 
 3.89482636e+14  3.87648655e+34  1.44241000e+01  1.36294044e+00  1.31406000e+01  1.34258956e+00  3.53099121e-01  2.90623768e-02  1.26030704e-01  1.58892713e+03 
 3.89929366e+14  3.89997654e+34  1.44331000e+01  1.36884680e+00  1.31546000e+01  1.34857473e+00  3.53614475e-01  2.88256828e-02  1.25822739e-01  1.55722506e+03 
 3.90376096e+14  3.92346653e+34  1.44411000e+01  1.37473221e+00  1.31676000e+01  1.35444733e+00  3.54173104e-01  2.87184260e-02  1.25603805e-01  1.52574517e+03 
 3.90822826e+14  3.94695652e+34  1.44491000e+01  1.38059666e+00  1.31806000e+01  1.36030864e+00  3.54726079e-01  2.85992039e-02  1.25381762e-01  1.49510824e+03 
 3.91269556e+14  3.97044651e+34  1.44571000e+01  1.38644016e+00  1.31946000e+01  1.36626091e+00  3.55273430e-01  2.83277100e-02  1.25156679e-01  1.46528697e+03 
 3.91716286e+14  3.99393649e+34  1.44651000e+01  1.39226272e+00  1.32076000e+01  1.37209988e+00  3.55815194e-01  2.81853023e-02  1.24928625e-01  1.43625504e+03 
 3.92163016e+14  4.01742648e+34  1.44731000e+01  1.39806436e+00  1.32206000e+01  1.37792756e+00  3.56351397e-01  2.80313998e-02  1.24697661e-01  1.40798713e+03 
 3.92609746e+14  4.04100095e+34  1.44811000e+01  1.40386583e+00  1.32336000e+01  1.38376002e+00  3.56885390e-01  2.78720887e-02  1.24464244e-01  1.38036114e+03 
 3.93056476e+14  4.06538196e+34  1.44891000e+01  1.40984414e+00  1.32476000e+01  1.38983757e+00  3.57445419e-01  2.76183283e-02  1.24231637e-01  1.35254624e+03 
 3.93503206e+14  4.08976298e+34  1.44971000e+01  1.41580076e+00  1.32606000e+01  1.39580052e+00  3.57999735e-01  2.74922213e-02  1.23945306e-01  1.32493150e+03 
 3.93949936e+14  4.11414400e+34  1.45051000e+01  1.42173572e+00  1.32736000e+01  1.40175166e+00  3.58548371e-01  2.73543912e-02  1.23706931e-01  1.29858887e+03 
 3.94396667e+14  4.13852502e+34  1.45131000e+01  1.42764902e+00  1.32866000e+01  1.40769097e+00  3.59091361e-01  2.72050343e-02  1.23465737e-01  1.27294170e+03 
 3.94843397e+14  4.16290604e+34  1.45211000e+01  1.43354068e+00  1.32996000e+01  1.41361845e+00  3.59628739e-01  2.70443105e-02  1.23221789e-01  1.24796775e+03 
 3.95290127e+14  4.18728706e+34  1.45291000e+01  1.43941072e+00  1.33126000e+01  1.41953407e+00  3.60160540e-01  2.68723943e-02  1.22975154e-01  1.22364559e+03 
 3.95736857e+14  4.21166808e+34  1.45371000e+01  1.44525917e+00  1.33256000e+01  1.42543783e+00  3.60686797e-01  2.66894535e-02  1.22725896e-01  1.19995459e+03 
 3.96183587e+14  4.23604909e+34  1.45451000e+01  1.45108604e+00  1.33386000e+01  1.43132972e+00  3.61207539e-01  2.64956483e-02  1.22474075e-01  1.17687484e+03 
 3.96630317e+14  4.26079921e+34  1.45531000e+01  1.45697916e+00  1.33516000e+01  1.43727814e+00  3.61736590e-01  2.63148967e-02  1.22271129e-01  1.15452456e+03 
 3.97077047e+14  4.28609182e+34  1.45611000e+01  1.46297917e+00  1.33646000e+01  1.44331485e+00  3.62280282e-01  2.61579435e-02  1.21967058e-01  1.13133479e+03 
 3.97523777e+14  4.31138442e+34  1.45691000e+01  1.46895683e+00  1.33766000e+01  1.44923413e+00  3.62818309e-01  2.61261544e-02  1.21710544e-01  1.10921322e+03 
 3.97970507e+14  4.33667702e+34  1.45771000e+01  1.47491218e+00  1.33896000e+01  1.45524591e+00  3.63350708e-01  2.59465692e-02  1.21451500e-01  1.08766742e+03 
 3.98417237e+14  4.36196963e+34  1.45851000e+01  1.48084522e+00  1.34026000e+01  1.46124529e+00  3.63877512e-01  2.57560681e-02  1.21239782e-01  1.06711749e+03 
 3.98863967e+14  4.38726223e+34  1.45931000e+01  1.48675600e+00  1.34156000e+01  1.46723222e+00  3.64398758e-01  2.55548919e-02  1.20975775e-01  1.04666111e+03 
 3.99310697e+14  4.41255484e+34  1.46011000e+01  1.49264454e+00  1.34276000e+01  1.47310096e+00  3.64914478e-01  2.54783495e-02  1.20709428e-01  1.02672814e+03 
 3.99757427e+14  4.43784744e+34  1.46091000e+01  1.49851087e+00  1.34406000e+01  1.47906291e+00  3.65424703e-01  2.52558346e-02  1.20440799e-01  1.00730231e+03 
 4.00204157e+14  4.46314004e+34  1.46161000e+01  1.50435503e+00  1.34526000e+01  1.48490629e+00  3.65979552e-01  2.51577503e-02  1.20161639e-01  9.87961538e+02 
 4.00650888e+14  4.48905500e+34  1.46241000e+01  1.51032020e+00  1.34656000e+01  1.49095525e+00  3.66501047e-01  2.49515217e-02  1.19889937e-01  9.69062306e+02 
 4.01097618e+14  4.51527966e+34  1.46321000e+01  1.51633376e+00  1.34776000e+01  1.49694055e+00  3.67027944e-01  2.48871757e-02  1.19616620e-01  9.50427929e+02 
 4.01544348e+14  4.54150432e+34  1.46401000e+01  1.52232436e+00  1.34906000e+01  1.50301935e+00  3.67549233e-01  2.46777192e-02  1.19390197e-01  9.32655567e+02 
 4.01991078e+14  4.56772899e+34  1.46481000e+01  1.52829203e+00  1.35026000e+01  1.50897818e+00  3.68064952e-01  2.45914980e-02  1.19112356e-01  9.14955420e+02 
 4.02437808e+14  4.59395365e+34  1.46561000e+01  1.53423682e+00  1.35146000e+01  1.51492365e+00  3.68575135e-01  2.44944851e-02  1.18832396e-01  8.97704354e+02 
 4.02884538e+14  4.62017831e+34  1.46641000e+01  1.54015875e+00  1.35276000e+01  1.52096333e+00  3.69079816e-01  2.42534664e-02  1.18550375e-01  8.80888515e+02 
 4.03331268e+14  4.64640298e+34  1.46711000e+01  1.54605787e+00  1.35396000e+01  1.52688242e+00  3.69629422e-01  2.41354544e-02  1.18257917e-01  8.64138306e+02 
 4.03777998e+14  4.67262764e+34  1.46791000e+01  1.55193423e+00  1.35516000e+01  1.53278821e+00  3.70123245e-01  2.40070383e-02  1.18020594e-01  8.48509593e+02 
 4.04224728e+14  4.69885230e+34  1.46871000e+01  1.55778786e+00  1.35636000e+01  1.53868072e+00  3.70611667e-01  2.38683748e-02  1.17732627e-01  8.32921160e+02 
 4.04671458e+14  4.72591668e+34  1.46941000e+01  1.56380543e+00  1.35756000e+01  1.54470663e+00  3.71173608e-01  2.37655901e-02  1.17435270e-01  8.16898867e+02 
 4.05118188e+14  4.75309377e+34  1.47021000e+01  1.56982455e+00  1.35876000e+01  1.55073841e+00  3.71683311e-01  2.36582958e-02  1.17192924e-01  8.01883087e+02 
 4.05564918e+14  4.78027086e+34  1.47101000e+01  1.57582013e+00  1.36006000e+01  1.55686500e+00  3.72187469e-01  2.34087153e-02  1.16900213e-01  7.86916375e+02 
 4.06011648e+14  4.80744795e+34  1.47181000e+01  1.58179224e+00  1.36126000e+01  1.56286934e+00  3.72686120e-01  2.32806796e-02  1.16605663e-01  7.72324053e+02 
 4.06458378e+14  4.83462504e+34  1.47251000e+01  1.58774093e+00  1.36246000e+01  1.56885987e+00  3.73229997e-01  2.31424284e-02  1.16348838e-01  7.58094756e+02 
 4.06905109e+14  4.86180213e+34  1.47331000e+01  1.59366623e+00  1.36356000e+01  1.57472740e+00  3.73717781e-01  2.31249843e-02  1.16050663e-01  7.44217427e+02 
 4.07351839e+14  4.88897922e+34  1.47401000e+01  1.59956821e+00  1.36476000e+01  1.58069016e+00  3.74250946e-01  2.29664000e-02  1.15742230e-01  7.30379469e+02 
 4.07798569e+14  4.91615631e+34  1.47481000e+01  1.60544690e+00  1.36596000e+01  1.58663915e+00  3.74727996e-01  2.27979820e-02  1.15488514e-01  7.17476718e+02 
 4.08245299e+14  4.94337726e+34  1.47551000e+01  1.61131180e+00  1.36716000e+01  1.59258180e+00  3.75251992e-01  2.26221652e-02  1.15176764e-01  7.04281219e+02 
 4.08692029e+14  4.97152701e+34  1.47631000e+01  1.61735274e+00  1.36826000e+01  1.59855810e+00  3.75749667e-01  2.26134803e-02  1.14919861e-01  6.91556279e+02 
 4.09138759e+14  4.99967676e+34  1.47711000e+01  1.62336961e+00  1.36946000e+01  1.60462983e+00  3.76241832e-01  2.24644703e-02  1.14613672e-01  6.78862682e+02 
 4.09585489e+14  5.02782652e+34  1.47781000e+01  1.62936245e+00  1.37066000e+01  1.61068724e+00  3.76779516e-01  2.23055241e-02  1.14344603e-01  6.66482174e+02 
 4.10032219e+14  5.05597627e+34  1.47861000e+01  1.63533131e+00  1.37186000e+01  1.61673034e+00  3.77260807e-01  2.21367557e-02  1.14035217e-01  6.54405295e+02 
 4.10478949e+14  5.08412602e+34  1.47931000e+01  1.64127626e+00  1.37296000e+01  1.62264849e+00  3.77787775e-01  2.20872814e-02  1.13762826e-01  6.42623024e+02 
 4.10925679e+14  5.11227577e+34  1.48011000e+01  1.64719734e+00  1.37416000e+01  1.62866286e+00  3.78258336e-01  2.18990558e-02  1.13450461e-01  6.31126540e+02 
 4.11372409e+14  5.14042552e+34  1.48081000e+01  1.65309462e+00  1.37526000e+01  1.63455196e+00  3.78774723e-01  2.18299248e-02  1.13174958e-01  6.19907436e+02 
 4.11819139e+14  5.16857527e+34  1.48151000e+01  1.65896817e+00  1.37636000e+01  1.64042642e+00  3.79285893e-01  2.17511264e-02  1.12851082e-01  6.08704879e+02 
 4.12265869e+14  5.19688024e+34  1.48231000e+01  1.66485023e+00  1.37756000e+01  1.64642334e+00  3.79745382e-01  2.15418326e-02  1.12581332e-01  5.98210605e+02 
 4.12712600e+14  5.22602273e+34  1.48301000e+01  1.67088183e+00  1.37866000e+01  1.65243177e+00  3.80276439e-01  2.14901709e-02  1.12300920e-01  5.87412807e+02 
 4.13159330e+14  5.25516522e+34  1.48381000e+01  1.67688889e+00  1.37986000e+01  1.65853688e+00  3.80750808e-01  2.13008583e-02  1.11981224e-01  5.76877535e+02 
 4.13606060e+14  5.28430771e+34  1.48451000e+01  1.68287146e+00  1.38096000e+01  1.66451525e+00  3.81271149e-01  2.12295167e-02  1.11697904e-01  5.66597059e+02 
 4.14052790e+14  5.31345021e+34  1.48521000e+01  1.68882961e+00  1.38206000e+01  1.67047845e+00  3.81786207e-01  2.11485124e-02  1.11366843e-01  5.56332509e+02 
 4.14499520e+14  5.34259270e+34  1.48601000e+01  1.69476341e+00  1.38326000e+01  1.67653898e+00  3.82244559e-01  2.09309512e-02  1.11089626e-01  5.46770599e+02 
 4.14946250e+14  5.37173519e+34  1.48671000e+01  1.70067291e+00  1.38436000e+01  1.68247230e+00  3.82749111e-01  2.08310672e-02  1.10802271e-01  5.37210362e+02 
 4.15392980e+14  5.40087769e+34  1.48741000e+01  1.70655820e+00  1.38546000e+01  1.68839059e+00  3.83248482e-01  2.07218739e-02  1.10513631e-01  5.27876330e+02 
 4.15839710e+14  5.43002018e+34  1.48811000e+01  1.71241934e+00  1.38656000e+01  1.69429387e+00  3.83742703e-01  2.06034983e-02  1.10177865e-01  5.18546005e+02 
 4.16286440e+14  5.45937906e+34  1.48891000e+01  1.71829965e+00  1.38766000e+01  1.70021664e+00  3.84186486e-01  2.04853510e-02  1.09895510e-01  5.09795558e+02 
 4.16733170e+14  5.48953419e+34  1.48961000e+01  1.72431455e+00  1.38876000e+01  1.70625085e+00  3.84699792e-01  2.03921435e-02  1.09602164e-01  5.00804174e+02 
 4.17179900e+14  5.51968932e+34  1.49031000e+01  1.73030448e+00  1.38986000e+01  1.71226949e+00  3.85207818e-01  2.02894918e-02  1.09307584e-01  4.92027174e+02 
 4.17626630e+14  5.54984445e+34  1.49101000e+01  1.73626953e+00  1.39096000e+01  1.71827258e+00  3.85710600e-01  2.01775505e-02  1.08966369e-01  4.83256743e+02 
 4.18073360e+14  5.57999958e+34  1.49171000e+01  1.74220976e+00  1.39206000e+01  1.72426015e+00  3.86208175e-01  2.00564483e-02  1.08669575e-01  4.74893405e+02 
 4.18520090e+14  5.61015471e+34  1.49251000e+01  1.74812525e+00  1.39316000e+01  1.73023224e+00  3.86648748e-01  1.99262968e-02  1.08380613e-01  4.66921096e+02 
 4.18966821e+14  5.64030985e+34  1.49321000e+01  1.75401608e+00  1.39416000e+01  1.73607478e+00  3.87135965e-01  1.99118813e-02  1.08081696e-01  4.58941284e+02 
 4.19413551e+14  5.67046498e+34  1.49391000e+01  1.75988232e+00  1.39526000e+01  1.74201592e+00  3.87618074e-01  1.97637524e-02  1.07781779e-01  4.51146670e+02 
 4.19860281e+14  5.70062011e+34  1.49461000e+01  1.76572405e+00  1.39626000e+01  1.74782712e+00  3.88095107e-01  1.97312867e-02  1.07480904e-01  4.43531990e+02 
 4.20307011e+14  5.73099757e+34  1.49531000e+01  1.77158415e+00  1.39736000e+01  1.75377163e+00  3.88573243e-01  1.95745407e-02  1.07178733e-01  4.36037914e+02 
 4.20753741e+14  5.76218503e+34  1.49601000e+01  1.77757525e+00  1.39846000e+01  1.75982512e+00  3.89068622e-01  1.94411144e-02  1.06874238e-01  4.28522783e+02 
 4.21200471e+14  5.79337248e+34  1.49671000e+01  1.78354103e+00  1.39946000e+01  1.76574760e+00  3.89558795e-01  1.94224460e-02  1.06568796e-01  4.21183378e+02 
 4.21647201e+14  5.82455994e+34  1.49741000e+01  1.78948157e+00  1.40056000e+01  1.77176906e+00  3.90043805e-01  1.92711389e-02  1.06262458e-01  4.14014673e+02 
 4.22093931e+14  5.85574739e+34  1.49811000e+01  1.79539695e+00  1.40166000e+01  1.77777467e+00  3.90523681e-01  1.91111505e-02  1.05955262e-01  4.07011808e+02 
 4.22540661e+14  5.88693485e+34  1.49881000e+01  1.80128726e+00  1.40266000e+01  1.78364887e+00  3.90998461e-01  1.90656746e-02  1.05647256e-01  4.00170085e+02 
 4.22987391e+14  5.91812230e+34  1.49951000e+01  1.80715258e+00  1.40366000e+01  1.78950695e+00  3.91468176e-01  1.90113526e-02  1.05338477e-01  3.93484957e+02 
 4.23434121e+14  5.94930976e+34  1.50011000e+01  1.81299300e+00  1.40476000e+01  1.79546485e+00  3.91985125e-01  1.88257574e-02  1.05019942e-01  3.86789833e+02 
 4.23880851e+14  5.98049721e+34  1.50081000e+01  1.81880859e+00  1.40576000e+01  1.80129096e+00  3.92444849e-01  1.87543725e-02  1.04753667e-01  3.80567064e+02 
 4.24327581e+14  6.01185253e+34  1.50151000e+01  1.82463056e+00  1.40676000e+01  1.80712606e+00  3.92904013e-01  1.86806397e-02  1.04442329e-01  3.74292696e+02 
 4.24774311e+14  6.04409176e+34  1.50221000e+01  1.83059107e+00  1.40786000e+01  1.81319272e+00  3.93381320e-01  1.85085027e-02  1.04128395e-01  3.67988379e+02 
 4.25221042e+14  6.07633099e+34  1.50291000e+01  1.83652595e+00  1.40886000e+01  1.81912654e+00  3.93853506e-01  1.84497363e-02  1.03813789e-01  3.61828642e+02 
 4.25667772e+14  6.10857023e+34  1.50361000e+01  1.84243530e+00  1.40986000e+01  1.82504376e+00  3.94320604e-01  1.83823058e-02  1.03498551e-01  3.55809424e+02 
 4.26114502e+14  6.14080946e+34  1.50421000e+01  1.84831921e+00  1.41086000e+01  1.83094445e+00  3.94835153e-01  1.83063291e-02  1.03173648e-01  3.49779733e+02 
 4.26561232e+14  6.17304869e+34  1.50491000e+01  1.85417776e+00  1.41186000e+01  1.83682866e+00  3.95292219e-01  1.82218933e-02  1.02900531e-01  3.44176966e+02 
 4.27007962e+14  6.20528792e+34  1.50561000e+01  1.86001104e+00  1.41286000e+01  1.84269642e+00  3.95744303e-01  1.81291552e-02  1.02583518e-01  3.38556228e+02 
 4.27454692e+14  6.23752716e+34  1.50621000e+01  1.86581915e+00  1.41386000e+01  1.84854778e+00  3.96244051e-01  1.80282307e-02  1.02256929e-01  3.32920875e+02 
 4.27901422e+14  6.26976639e+34  1.50691000e+01  1.87160218e+00  1.41486000e+01  1.85438279e+00  3.96686301e-01  1.79192166e-02  1.01981933e-01  3.27687953e+02 
 4.28348152e+14  6.30205330e+34  1.50761000e+01  1.87736872e+00  1.41586000e+01  1.86020835e+00  3.97124853e-01  1.78038178e-02  1.01663353e-01  3.22425932e+02 
 4.28794882e+14  6.33536351e+34  1.50821000e+01  1.88329218e+00  1.41686000e+01  1.86616437e+00  3.97636678e-01  1.77146519e-02  1.01375339e-01  3.17118273e+02 
 4.29241612e+14  6.36867371e+34  1.50891000e+01  1.88918975e+00  1.41786000e+01  1.87210346e+00  3.98090768e-01  1.76171689e-02  1.01053179e-01  3.11929997e+02 
 4.29688342e+14  6.40198391e+34  1.50961000e+01  1.89506154e+00  1.41886000e+01  1.87802567e+00  3.98539855e-01  1.75115250e-02  1.00730640e-01  3.06857823e+02 
 4.30135072e+14  6.43529411e+34  1.51021000e+01  1.90090765e+00  1.41976000e+01  1.88381264e+00  3.99036822e-01  1.75174597e-02  1.00441009e-01  3.01898574e+02 
 4.30581802e+14  6.46860432e+34  1.51091000e+01  1.90672817e+00  1.42076000e+01  1.88970115e+00  3.99476041e-01  1.73955562e-02  1.00117698e-01  2.97049135e+02 
 4.31028532e+14  6.50191452e+34  1.51151000e+01  1.91252321e+00  1.42176000e+01  1.89557285e+00  3.99963285e-01  1.72659192e-02  9.98271334e-02  2.92306541e+02 
 4.31475263e+14  6.53522472e+34  1.51221000e+01  1.91829285e+00  1.42266000e+01  1.90130902e+00  4.00392767e-01  1.72475611e-02  9.95031862e-02  2.87667870e+02 
 4.31921993e+14  6.56853493e+34  1.51281000e+01  1.92403720e+00  1.42366000e+01  1.90714733e+00  4.00870414e-01  1.71023409e-02  9.92118210e-02  2.83130342e+02 
 4.32368723e+14  6.60184513e+34  1.51341000e+01  1.92975635e+00  1.42456000e+01  1.91284986e+00  4.01343330e-01  1.70682972e-02  9.89200485e-02  2.78691229e+02 
 4.32815453e+14  6.63610163e+34  1.51411000e+01  1.93561202e+00  1.42556000e+01  1.91878587e+00  4.01780773e-01  1.69369830e-02  9.85925753e-02  2.74225717e+02 
 4.33262183e+14  6.67050171e+34  1.51471000e+01  1.94146619e+00  1.42656000e+01  1.92472457e+00  4.02269778e-01  1.68023641e-02  9.82969525e-02  2.69840254e+02 
 4.33708913e+14  6.70490179e+34  1.51541000e+01  1.94729439e+00  1.42746000e+01  1.93052654e+00  4.02700782e-01  1.67780570e-02  9.79686162e-02  2.65551056e+02 
 4.34155643e+14  6.73930187e+34  1.51601000e+01  1.95309672e+00  1.42836000e+01  1.93631099e+00  4.03180096e-01  1.67459213e-02  9.76723786e-02  2.61355548e+02 
 4.34602373e+14  6.77370195e+34  1.51661000e+01  1.95887327e+00  1.42936000e+01  1.94219820e+00  4.03654634e-01  1.65881001e-02  9.73758261e-02  2.57251198e+02 
 4.35049103e+14  6.80810203e+34  1.51731000e+01  1.96462416e+00  1.43026000e+01  1.94794827e+00  4.04071152e-01  1.65404606e-02  9.70469996e-02  2.53235557e+02 
 4.35495833e+14  6.84250211e+34  1.51791000e+01  1.97034950e+00  1.43116000e+01  1.95368107e+00  4.04536194e-01  1.64852531e-02  9.67500221e-02  2.49306283e+02 
 4.35942563e+14  6.87690219e+34  1.51851000e+01  1.97604937e+00  1.43206000e+01  1.95939671e+00  4.04996552e-01  1.64225050e-02  9.64528196e-02  2.45461075e+02 
 4.36389293e+14  6.91130228e+34  1.51911000e+01  1.98172389e+00  1.43306000e+01  1.96521591e+00  4.05452259e-01  1.62352557e-02  9.61554217e-02  2.41697714e+02 
 4.36836023e+14  6.94639945e+34  1.51971000e+01  1.98748749e+00  1.43396000e+01  1.97099065e+00  4.05918948e-01  1.61775497e-02  9.58556576e-02  2.37940143e+02 
 4.37282753e+14  6.98190800e+34  1.52041000e+01  1.99329252e+00  1.43486000e+01  1.97680268e+00  4.06336625e-01  1.61238382e-02  9.55229856e-02  2.34220373e+02 
 4.37729484e+14  7.01741656e+34  1.52101000e+01  1.99907143e+00  1.43576000e+01  1.98259701e+00  4.06802969e-01  1.60625702e-02  9.52216845e-02  2.30580736e+02 
 4.38176214e+14  7.05292512e+34  1.52161000e+01  2.00482433e+00  1.43666000e+01  1.98837373e+00  4.07264585e-01  1.59938024e-02  9.49202475e-02  2.27019096e+02 
 4.38622944e+14  7.08843367e+34  1.52221000e+01  2.01055132e+00  1.43756000e+01  1.99413291e+00  4.07721507e-01  1.59176363e-02  9.46187040e-02  2.23533393e+02 
 4.39069674e+14  7.12394223e+34  1.52281000e+01  2.01625252e+00  1.43846000e+01  1.99987461e+00  4.08173767e-01  1.58341701e-02  9.43170818e-02  2.20121630e+02 
 4.39516404e+14  7.15945079e+34  1.52341000e+01  2.02192804e+00  1.43936000e+01  2.00559889e+00  4.08621398e-01  1.57435211e-02  9.40154091e-02  2.16781869e+02 
 4.39963134e+14  7.19495934e+34  1.52401000e+01  2.02757798e+00  1.44026000e+01  2.01130580e+00  4.09064427e-01  1.56457781e-02  9.37137108e-02  2.13512235e+02 
 4.40409864e+14  7.23046790e+34  1.52461000e+01  2.03320245e+00  1.44116000e+01  2.01699541e+00  4.09502884e-01  1.55410437e-02  9.34120115e-02  2.10310908e+02 
 4.40856594e+14  7.26634197e+34  1.52521000e+01  2.03885911e+00  1.44196000e+01  2.02259270e+00  4.09944571e-01  1.55541812e-02  9.31091190e-02  2.07144179e+02 
 4.41303324e+14  7.30297726e+34  1.52581000e+01  2.04460961e+00  1.44286000e+01  2.02839221e+00  4.10397790e-01  1.54645190e-02  9.28037033e-02  2.03978306e+02 
 4.41750054e+14  7.33961255e+34  1.52641000e+01  2.05033388e+00  1.44376000e+01  2.03417386e+00  4.10846334e-01  1.53677019e-02  9.24983192e-02  2.00879348e+02 
 4.42196784e+14  7.37624784e+34  1.52701000e+01  2.05603206e+00  1.44466000e+01  2.03993770e+00  4.11290237e-01  1.52638512e-02  9.21929954e-02  1.97845558e+02 
 4.42643514e+14  7.41288314e+34  1.52761000e+01  2.06170423e+00  1.44546000e+01  2.04556108e+00  4.11729527e-01  1.52676574e-02  9.18877551e-02  1.94875246e+02 
 4.43090244e+14  7.44951843e+34  1.52821000e+01  2.06735053e+00  1.44636000e+01  2.05128943e+00  4.12164241e-01  1.51497815e-02  9.15826257e-02  1.91966769e+02 
 4.43536974e+14  7.48615372e+34  1.52871000e+01  2.07297107e+00  1.44716000e+01  2.05687711e+00  4.12648397e-01  1.51394948e-02  9.13074928e-02  1.89118546e+02 
 4.43983705e+14  7.52278902e+34  1.52931000e+01  2.07856597e+00  1.44806000e+01  2.06257022e+00  4.13074081e-01  1.50079921e-02  9.10025435e-02  1.86329015e+02 
 4.44430435e+14  7.55942431e+34  1.52991000e+01  2.08413533e+00  1.44886000e+01  2.06812253e+00  4.13495277e-01  1.49838992e-02  9.06977737e-02  1.83596687e+02 
 4.44877165e+14  7.59605960e+34  1.53041000e+01  2.08967928e+00  1.44976000e+01  2.07378063e+00  4.13966118e-01  1.48391930e-02  9.03839581e-02  1.80842509e+02 
 4.45323895e+14  7.63378552e+34  1.53101000e+01  2.09536206e+00  1.45056000e+01  2.07943258e+00  4.14400371e-01  1.48275532e-02  9.01144848e-02  1.78220536e+02 
 4.45770625e+14  7.67156545e+34  1.53161000e+01  2.10102671e+00  1.45146000e+01  2.08519662e+00  4.14831122e-01  1.46966989e-02  8.98062476e-02  1.75573123e+02 
 4.46217355e+14  7.70934538e+34  1.53221000e+01  2.10666520e+00  1.45226000e+01  2.09081888e+00  4.15257317e-01  1.46724866e-02  8.94982481e-02  1.72980348e+02 
 4.46664085e+14  7.74712531e+34  1.53271000e+01  2.11227766e+00  1.45306000e+01  2.09642296e+00  4.15733238e-01  1.46414484e-02  8.91812575e-02  1.70367556e+02 
 4.47110815e+14  7.78490524e+34  1.53331000e+01  2.11786422e+00  1.45396000e+01  2.10213311e+00  4.16150449e-01  1.44906308e-02  8.89120434e-02  1.67953187e+02 
 4.47557545e+14  7.82268517e+34  1.53391000e+01  2.12342497e+00  1.45476000e+01  2.10770127e+00  4.16563197e-01  1.44462383e-02  8.86047785e-02  1.65516127e+02 
 4.48004275e+14  7.86046510e+34  1.53441000e+01  2.12896005e+00  1.45556000e+01  2.11325150e+00  4.17025871e-01  1.43952690e-02  8.83266176e-02  1.63128378e+02 
 4.48451005e+14  7.89824503e+34  1.53501000e+01  2.13446958e+00  1.45636000e+01  2.11878386e+00  4.17429814e-01  1.43377755e-02  8.80199096e-02  1.60788689e+02 
 4.48897735e+14  7.93602497e+34  1.53551000e+01  2.13995367e+00  1.45716000e+01  2.12429844e+00  4.17883817e-01  1.42738743e-02  8.77421345e-02  1.58495874e+02 
 4.49344465e+14  7.97439998e+34  1.53611000e+01  2.14549829e+00  1.45796000e+01  2.12986608e+00  4.18290418e-01  1.42165913e-02  8.74339316e-02  1.56213695e+02 
 4.49791195e+14  8.01334206e+34  1.53661000e+01  2.15109869e+00  1.45876000e+01  2.13548292e+00  4.18757885e-01  1.41651695e-02  8.71524408e-02  1.53944625e+02 
 4.50237926e+14  8.05228415e+34  1.53721000e+01  2.15667293e+00  1.45956000e+01  2.14108141e+00  4.19166403e-01  1.41071757e-02  8.68428788e-02  1.51721513e+02 
 4.50684656e+14  8.09122623e+34  1.53771000e+01  2.16222113e+00  1.46036000e+01  2.14666165e+00  4.19625067e-01  1.40427339e-02  8.65618824e-02  1.49543219e+02 
 4.51131386e+14  8.13016832e+34  1.53831000e+01  2.16774342e+00  1.46116000e+01  2.15222375e+00  4.20024769e-01  1.39718513e-02  8.62530665e-02  1.47408610e+02 
 4.51578116e+14  8.16911040e+34  1.53881000e+01  2.17323994e+00  1.46196000e+01  2.15776773e+00  4.20474751e-01  1.38947236e-02  8.59726434e-02  1.45316614e+02 
 4.52024846e+14  8.20805249e+34  1.53931000e+01  2.17871079e+00  1.46276000e+01  2.16329366e+00  4.20920454e-01  1.38113884e-02  8.56924841e-02  1.43266167e+02 
 4.52471576e+14  8.24699457e+34  1.53991000e+01  2.18415611e+00  1.46356000e+01  2.16880163e+00  4.21307177e-01  1.37219299e-02  8.53848744e-02  1.41256239e+02 
 4.52918306e+14  8.28593666e+34  1.54041000e+01  2.18957601e+00  1.46426000e+01  2.17416580e+00  4.21744371e-01  1.37374100e-02  8.51053968e-02  1.39285848e+02 
