# rhoc (cgs) 	 Pc (cgs) 	 R (km) 	 M (msol) 	 R_core (km) 	 M_core (msol) 	 I/(MR^2) 	 I_crust/(M_crust R_crust^2)/(I/(MR^2)) 	 k_2 	 Lambda 
 2.30000000e+14  1.78584189e+33  3.37091000e+01  1.18617038e-01  3.16560000e+00  1.33779982e-02  2.49006772e-02  9.84287067e-01  7.83207594e-04  1.37862353e+08 
 2.30816399e+14  1.79814551e+33  3.35051000e+01  1.18829828e-01  3.18860000e+00  1.36928180e-02  2.51481075e-02  9.83680916e-01  7.98369350e-04  1.35113728e+08 
 2.31632799e+14  1.81044914e+33  3.33051000e+01  1.19042350e-01  3.21060000e+00  1.40005477e-02  2.53944813e-02  9.83081280e-01  8.13671165e-04  1.32453535e+08 
 2.32449198e+14  1.82275277e+33  3.31081000e+01  1.19254592e-01  3.23260000e+00  1.43125138e-02  2.56411679e-02  9.82465029e-01  8.29221966e-04  1.29877797e+08 
 2.33265598e+14  1.83576602e+33  3.29031000e+01  1.19478842e-01  3.25560000e+00  1.46438984e-02  2.59021249e-02  9.81801679e-01  8.45916610e-04  1.27240393e+08 
 2.34081997e+14  1.84882506e+33  3.27011000e+01  1.19703743e-01  3.27760000e+00  1.49680738e-02  2.61634870e-02  9.81145415e-01  8.62878610e-04  1.24678403e+08 
 2.34898397e+14  1.86188411e+33  3.25031000e+01  1.19928499e-01  3.29960000e+00  1.52966406e-02  2.64237284e-02  9.80471356e-01  8.79999127e-04  1.22197565e+08 
 2.35714796e+14  1.87494315e+33  3.23081000e+01  1.20153097e-01  3.32160000e+00  1.56296067e-02  2.66843103e-02  9.79779201e-01  8.97399115e-04  1.19794332e+08 
 2.36531196e+14  1.88800219e+33  3.21161000e+01  1.20377523e-01  3.34360000e+00  1.59669801e-02  2.69451144e-02  9.79068649e-01  9.15070511e-04  1.17465392e+08 
 2.37347595e+14  1.90106123e+33  3.19271000e+01  1.20601769e-01  3.36460000e+00  1.62959887e-02  2.72060196e-02  9.78368667e-01  9.33004699e-04  1.15207615e+08 
 2.38163995e+14  1.91412028e+33  3.17421000e+01  1.20825820e-01  3.38560000e+00  1.66290953e-02  2.74651690e-02  9.77651208e-01  9.51042717e-04  1.13018080e+08 
 2.38980394e+14  1.92717932e+33  3.15591000e+01  1.21049661e-01  3.40560000e+00  1.69532138e-02  2.77258678e-02  9.76946748e-01  9.69469399e-04  1.10893898e+08 
 2.39796794e+14  1.94023836e+33  3.13801000e+01  1.21273280e-01  3.42560000e+00  1.72811288e-02  2.79844948e-02  9.76225786e-01  9.87970992e-04  1.08832489e+08 
 2.40613193e+14  1.95329740e+33  3.12041000e+01  1.21496665e-01  3.44560000e+00  1.76128459e-02  2.82426434e-02  9.75488086e-01  1.00668484e-03  1.06831278e+08 
 2.41429593e+14  1.96671188e+33  3.10261000e+01  1.21725890e-01  3.46560000e+00  1.79501807e-02  2.85077798e-02  9.74730586e-01  1.02616977e-03  1.04835590e+08 
 2.42245992e+14  1.98056464e+33  3.08441000e+01  1.21962487e-01  3.48660000e+00  1.83073712e-02  2.87835228e-02  9.73918391e-01  1.04674805e-03  1.02834704e+08 
 2.43062392e+14  1.99441739e+33  3.06661000e+01  1.22198982e-01  3.50660000e+00  1.86549446e-02  2.90571119e-02  9.73121448e-01  1.06741831e-03  1.00892256e+08 
 2.43878791e+14  2.00827015e+33  3.04911000e+01  1.22435364e-01  3.52660000e+00  1.90064605e-02  2.93302409e-02  9.72306518e-01  1.08833246e-03  9.90058927e+07 
 2.44695191e+14  2.02212290e+33  3.03191000e+01  1.22671622e-01  3.54660000e+00  1.93619196e-02  2.96027623e-02  9.71473366e-01  1.10947665e-03  9.71734307e+07 
 2.45511590e+14  2.03597566e+33  3.01491000e+01  1.22907739e-01  3.56560000e+00  1.97069715e-02  2.98765049e-02  9.70658783e-01  1.13102305e-03  9.53927667e+07 
 2.46327990e+14  2.04982841e+33  2.99831000e+01  1.23143704e-01  3.58460000e+00  2.00556572e-02  3.01473777e-02  9.69827144e-01  1.15258603e-03  9.36619815e+07 
 2.47144389e+14  2.06368117e+33  2.98191000e+01  1.23379502e-01  3.60360000e+00  2.04079774e-02  3.04192143e-02  9.68978247e-01  1.17452784e-03  9.19791273e+07 
 2.47960789e+14  2.07753392e+33  2.96571000e+01  1.23615119e-01  3.62260000e+00  2.07639339e-02  3.06919384e-02  9.68111884e-01  1.19684495e-03  9.03424193e+07 
 2.48777188e+14  2.09138668e+33  2.94981000e+01  1.23850539e-01  3.64060000e+00  2.11085646e-02  3.09633718e-02  9.67268123e-01  1.21932699e-03  8.87501877e+07 
 2.49593588e+14  2.10523943e+33  2.93421000e+01  1.24085750e-01  3.65860000e+00  2.14565300e-02  3.12333442e-02  9.66408141e-01  1.24195438e-03  8.72007935e+07 
 2.50409987e+14  2.11987508e+33  2.91791000e+01  1.24334099e-01  3.67760000e+00  2.18275457e-02  3.15198919e-02  9.65482420e-01  1.26630462e-03  8.56080841e+07 
 2.51226387e+14  2.13455239e+33  2.90191000e+01  1.24583093e-01  3.69660000e+00  2.22025660e-02  3.18050443e-02  9.64537733e-01  1.29082433e-03  8.40542507e+07 
 2.52042786e+14  2.14922970e+33  2.88611000e+01  1.24832008e-01  3.71560000e+00  2.25813534e-02  3.20910294e-02  9.63574265e-01  1.31575042e-03  8.25422895e+07 
 2.52859186e+14  2.16390701e+33  2.87051000e+01  1.25080835e-01  3.73360000e+00  2.29481678e-02  3.23777638e-02  9.62636387e-01  1.34107813e-03  8.10706993e+07 
 2.53675585e+14  2.17858432e+33  2.85521000e+01  1.25329558e-01  3.75160000e+00  2.33184325e-02  3.26628716e-02  9.61681100e-01  1.36656288e-03  7.96380716e+07 
 2.54491985e+14  2.19326163e+33  2.84011000e+01  1.25578164e-01  3.76960000e+00  2.36921446e-02  3.29484858e-02  9.60708235e-01  1.39242576e-03  7.82430181e+07 
 2.55308384e+14  2.20793894e+33  2.82531000e+01  1.25826633e-01  3.78660000e+00  2.40531159e-02  3.32321584e-02  9.59764774e-01  1.41840867e-03  7.68842556e+07 
 2.56124784e+14  2.22261625e+33  2.81071000e+01  1.26074954e-01  3.80360000e+00  2.44172309e-02  3.35160801e-02  9.58805140e-01  1.44474234e-03  7.55605116e+07 
 2.56941183e+14  2.23729357e+33  2.79631000e+01  1.26323113e-01  3.82160000e+00  2.48009665e-02  3.38001505e-02  9.57780310e-01  1.47141770e-03  7.42705847e+07 
 2.57757583e+14  2.25197088e+33  2.78221000e+01  1.26571088e-01  3.83760000e+00  2.51548824e-02  3.40818139e-02  9.56836771e-01  1.49815596e-03  7.30133672e+07 
 2.58573982e+14  2.26702579e+33  2.76791000e+01  1.26825265e-01  3.85560000e+00  2.55475093e-02  3.43717049e-02  9.55773062e-01  1.52602600e-03  7.17565001e+07 
 2.59390382e+14  2.28255323e+33  2.75341000e+01  1.27087352e-01  3.87260000e+00  2.59296452e-02  3.46697115e-02  9.54737057e-01  1.55501748e-03  7.04930706e+07 
 2.60206781e+14  2.29808067e+33  2.73911000e+01  1.27349392e-01  3.88960000e+00  2.63150363e-02  3.49679040e-02  9.53683864e-01  1.58439077e-03  6.92617834e+07 
 2.61023181e+14  2.31360810e+33  2.72501000e+01  1.27611365e-01  3.90660000e+00  2.67036774e-02  3.52661742e-02  9.52613338e-01  1.61413544e-03  6.80615877e+07 
 2.61839580e+14  2.32913554e+33  2.71111000e+01  1.27873266e-01  3.92360000e+00  2.70955592e-02  3.55644133e-02  9.51525357e-01  1.64424032e-03  6.68914466e+07 
 2.62655980e+14  2.34466298e+33  2.69751000e+01  1.28135070e-01  3.94060000e+00  2.74906783e-02  3.58598464e-02  9.50419772e-01  1.67438304e-03  6.57504103e+07 
 2.63472379e+14  2.36019041e+33  2.68401000e+01  1.28396764e-01  3.95660000e+00  2.78713561e-02  3.61576392e-02  9.49352615e-01  1.70516331e-03  6.46375092e+07 
 2.64288779e+14  2.37571785e+33  2.67081000e+01  1.28658334e-01  3.97260000e+00  2.82549660e-02  3.64523178e-02  9.48269441e-01  1.73593951e-03  6.35518678e+07 
 2.65105178e+14  2.39124529e+33  2.65771000e+01  1.28919761e-01  3.98860000e+00  2.86415042e-02  3.67491822e-02  9.47170133e-01  1.76733842e-03  6.24926004e+07 
 2.65921578e+14  2.40677272e+33  2.64491000e+01  1.29181030e-01  4.00460000e+00  2.90309653e-02  3.70426106e-02  9.46054579e-01  1.79868705e-03  6.14588978e+07 
 2.66737977e+14  2.42230016e+33  2.63221000e+01  1.29442129e-01  4.02060000e+00  2.94233433e-02  3.73380412e-02  9.44922671e-01  1.83064028e-03  6.04499348e+07 
 2.67554377e+14  2.43863998e+33  2.61911000e+01  1.29716766e-01  4.03660000e+00  2.98240269e-02  3.76465475e-02  9.43764582e-01  1.86436390e-03  5.94137818e+07 
 2.68370776e+14  2.45503929e+33  2.60621000e+01  1.29992371e-01  4.05260000e+00  3.02281365e-02  3.79542223e-02  9.42588936e-01  1.89836517e-03  5.83990584e+07 
 2.69187176e+14  2.47143860e+33  2.59341000e+01  1.30267929e-01  4.06860000e+00  3.06352717e-02  3.82641252e-02  9.41396331e-01  1.93304371e-03  5.74087938e+07 
 2.70003575e+14  2.48783791e+33  2.58081000e+01  1.30543427e-01  4.08460000e+00  3.10454222e-02  3.85732479e-02  9.40186673e-01  1.96802571e-03  5.64422428e+07 
 2.70819975e+14  2.50423722e+33  2.56841000e+01  1.30818846e-01  4.10060000e+00  3.14585815e-02  3.88814512e-02  9.38959850e-01  2.00329154e-03  5.54986903e+07 
 2.71636374e+14  2.52063653e+33  2.55621000e+01  1.31094170e-01  4.11560000e+00  3.18556207e-02  3.91885948e-02  9.37781344e-01  2.03882066e-03  5.45774407e+07 
 2.72452774e+14  2.53703585e+33  2.54411000e+01  1.31369383e-01  4.13060000e+00  3.22553663e-02  3.94976393e-02  9.36587402e-01  2.07499874e-03  5.36778175e+07 
 2.73269173e+14  2.55343516e+33  2.53231000e+01  1.31644470e-01  4.14560000e+00  3.26578111e-02  3.98022669e-02  9.35377947e-01  2.11099707e-03  5.27991900e+07 
 2.74085573e+14  2.56983447e+33  2.52061000e+01  1.31919410e-01  4.16060000e+00  3.30629503e-02  4.01085750e-02  9.34152882e-01  2.14761562e-03  5.19409289e+07 
 2.74901972e+14  2.58623378e+33  2.50911000e+01  1.32194192e-01  4.17560000e+00  3.34707755e-02  4.04133078e-02  9.32912138e-01  2.18442217e-03  5.11024352e+07 
 2.75718372e+14  2.72535625e+33  2.41431000e+01  1.34623213e-01  4.29960000e+00  3.70017112e-02  4.30873475e-02  9.21945278e-01  2.52424928e-03  4.44698880e+07 
 2.76534771e+14  2.77126272e+33  2.38411000e+01  1.35469248e-01  4.33960000e+00  3.81989969e-02  4.40068894e-02  9.18140969e-01  2.64813061e-03  4.24556624e+07 
 2.77351171e+14  2.81716920e+33  2.35461000e+01  1.36331493e-01  4.37960000e+00  3.94186925e-02  4.49403240e-02  9.14217013e-01  2.77762742e-03  4.05374411e+07 
 2.78167570e+14  2.86307568e+33  2.32601000e+01  1.37209505e-01  4.41860000e+00  4.06386356e-02  4.58792705e-02  9.10259515e-01  2.91160889e-03  3.87113495e+07 
 2.78983970e+14  2.90922559e+33  2.29791000e+01  1.38107614e-01  4.45760000e+00  4.18819481e-02  4.68377934e-02  9.06184779e-01  3.05239004e-03  3.69645457e+07 
 2.79800369e+14  2.95775184e+33  2.26921000e+01  1.39068528e-01  4.49760000e+00  4.31893640e-02  4.78548753e-02  9.01870351e-01  3.20613318e-03  3.52191684e+07 
 2.80616769e+14  3.00627809e+33  2.24141000e+01  1.40046151e-01  4.53760000e+00  4.45195641e-02  4.88787030e-02  8.97436871e-01  3.36542435e-03  3.35628512e+07 
 2.81433168e+14  3.05480434e+33  2.21431000e+01  1.41039949e-01  4.57660000e+00  4.58487599e-02  4.99167136e-02  8.92982937e-01  3.53170243e-03  3.19914462e+07 
 2.82249568e+14  3.10333059e+33  2.18811000e+01  1.42049370e-01  4.61560000e+00  4.71996597e-02  5.09587423e-02  8.88417461e-01  3.70335325e-03  3.05009038e+07 
 2.83065967e+14  3.15425270e+33  2.16141000e+01  1.43125098e-01  4.65560000e+00  4.86179219e-02  5.20628415e-02  8.83603699e-01  3.89052403e-03  2.90190559e+07 
 2.83882367e+14  3.20551169e+33  2.13531000e+01  1.44224751e-01  4.69560000e+00  5.00623148e-02  5.31859171e-02  8.78669992e-01  4.08654496e-03  2.76077071e+07 
 2.84698766e+14  3.25677068e+33  2.11011000e+01  1.45340653e-01  4.73460000e+00  5.15044597e-02  5.43130560e-02  8.73732617e-01  4.28891095e-03  2.62727390e+07 
 2.85515166e+14  3.30802967e+33  2.08571000e+01  1.46472168e-01  4.77260000e+00  5.29429981e-02  5.54473638e-02  8.68802118e-01  4.49834850e-03  2.50101069e+07 
 2.86331565e+14  3.36116058e+33  2.06121000e+01  1.47660975e-01  4.81260000e+00  5.44724897e-02  5.66315766e-02  8.63515710e-01  4.72324376e-03  2.37733990e+07 
 2.87147965e+14  3.41526845e+33  2.03711000e+01  1.48888185e-01  4.85260000e+00  5.60346176e-02  5.78431074e-02  8.58108055e-01  4.95990747e-03  2.25846400e+07 
 2.87964364e+14  3.46937632e+33  2.01381000e+01  1.50131435e-01  4.89160000e+00  5.75932677e-02  5.90613142e-02  8.52716582e-01  5.20464368e-03  2.14631606e+07 
 2.88780764e+14  3.52348418e+33  1.99131000e+01  1.51390030e-01  4.92960000e+00  5.91470467e-02  6.02839914e-02  8.47352396e-01  5.45710593e-03  2.04051014e+07 
 2.89597163e+14  3.57887971e+33  1.96911000e+01  1.52693834e-01  4.96860000e+00  6.07628928e-02  6.15374870e-02  8.41753883e-01  5.72302081e-03  1.93836735e+07 
 2.90413563e+14  3.63595580e+33  1.94701000e+01  1.54053202e-01  5.00860000e+00  6.24464935e-02  6.28350604e-02  8.35910938e-01  6.00595073e-03  1.83923579e+07 
 2.91229962e+14  3.69303190e+33  1.92571000e+01  1.55428180e-01  5.04760000e+00  6.41253806e-02  6.41352987e-02  8.30106346e-01  6.29726032e-03  1.74592523e+07 
 2.92046362e+14  3.75010799e+33  1.90511000e+01  1.56818040e-01  5.08560000e+00  6.57981203e-02  6.54423036e-02  8.24351498e-01  6.59806980e-03  1.65807992e+07 
 2.92862761e+14  3.80782323e+33  1.88511000e+01  1.58237883e-01  5.12360000e+00  6.74994356e-02  6.67600364e-02  8.18510044e-01  6.90928704e-03  1.57446415e+07 
 2.93679161e+14  3.86799011e+33  1.86501000e+01  1.59733275e-01  5.16360000e+00  6.93083791e-02  6.81361818e-02  8.12280375e-01  7.24296023e-03  1.49249652e+07 
 2.94495560e+14  3.92815700e+33  1.84561000e+01  1.61243695e-01  5.20160000e+00  7.10808041e-02  6.95167924e-02  8.06261310e-01  7.58668315e-03  1.41548831e+07 
 2.95311960e+14  3.98832388e+33  1.82701000e+01  1.62768382e-01  5.24060000e+00  7.29068689e-02  7.08914056e-02  8.00018555e-01  7.93765694e-03  1.34312086e+07 
 2.96128359e+14  4.04849077e+33  1.80901000e+01  1.64306598e-01  5.27760000e+00  7.46934996e-02  7.22724449e-02  7.94008641e-01  8.29935269e-03  1.27509464e+07 
 2.96944759e+14  4.11179653e+33  1.79081000e+01  1.65939315e-01  5.31660000e+00  7.65990147e-02  7.37223886e-02  7.87606195e-01  8.68870188e-03  1.20788159e+07 
 2.97761158e+14  4.17518001e+33  1.77331000e+01  1.67588357e-01  5.35560000e+00  7.85295271e-02  7.51705310e-02  7.81134920e-01  9.08740036e-03  1.14475393e+07 
 2.98577558e+14  4.23856350e+33  1.75641000e+01  1.69250946e-01  5.39360000e+00  8.04512634e-02  7.66223559e-02  7.74760961e-01  9.49717894e-03  1.08551789e+07 
 2.99393957e+14  4.30194698e+33  1.74021000e+01  1.70926326e-01  5.43160000e+00  8.23960379e-02  7.80661854e-02  7.68327630e-01  9.91444695e-03  1.02991263e+07 
 3.00210357e+14  4.36780890e+33  1.72401000e+01  1.72680261e-01  5.46960000e+00  8.43910869e-02  7.95641416e-02  7.61834188e-01  1.03577945e-02  9.75710763e+06 
 3.01026756e+14  4.43453806e+33  1.70831000e+01  1.74470708e-01  5.50860000e+00  8.64535726e-02  8.10708793e-02  7.55115346e-01  1.08142478e-02  9.24241553e+06 
 3.01843156e+14  4.50126721e+33  1.69311000e+01  1.76273900e-01  5.54560000e+00  8.84712037e-02  8.25838788e-02  7.48693547e-01  1.12836828e-02  8.76001931e+06 
 3.02659555e+14  4.56799637e+33  1.67861000e+01  1.78089086e-01  5.58360000e+00  9.05466001e-02  8.40806757e-02  7.42050061e-01  1.17584272e-02  8.30768683e+06 
 3.03475955e+14  4.63646965e+33  1.66421000e+01  1.79963548e-01  5.62160000e+00  9.26652167e-02  8.56210015e-02  7.35364388e-01  1.22583202e-02  7.87258282e+06 
 3.04292354e+14  4.70667682e+33  1.65011000e+01  1.81897887e-01  5.65960000e+00  9.48275321e-02  8.71853815e-02  7.28642600e-01  1.27772215e-02  7.45471458e+06 
 3.05108754e+14  4.77688399e+33  1.63651000e+01  1.83844124e-01  5.69660000e+00  9.69773349e-02  8.87492266e-02  7.22069673e-01  1.33076695e-02  7.06341841e+06 
 3.05925153e+14  4.84709116e+33  1.62341000e+01  1.85801498e-01  5.73460000e+00  9.91873024e-02  9.03096473e-02  7.15273559e-01  1.38485694e-02  6.69681520e+06 
 3.06741553e+14  4.91822960e+33  1.61071000e+01  1.87795505e-01  5.77160000e+00  1.01394420e-01  9.18769380e-02  7.08639571e-01  1.44031897e-02  6.34874487e+06 
 3.07557952e+14  4.99205041e+33  1.59811000e+01  1.89875993e-01  5.80960000e+00  1.03694301e-01  9.34883735e-02  7.01801297e-01  1.49852201e-02  6.01055487e+06 
 3.08374352e+14  5.06587122e+33  1.58591000e+01  1.91967505e-01  5.84660000e+00  1.05980204e-01  9.51034170e-02  6.95132272e-01  1.55812000e-02  5.69407748e+06 
 3.09190751e+14  5.13969203e+33  1.57431000e+01  1.94069282e-01  5.88360000e+00  1.08289612e-01  9.66950558e-02  6.88439367e-01  1.61799458e-02  5.39774940e+06 
 3.10007151e+14  5.21354782e+33  1.56311000e+01  1.96181608e-01  5.92060000e+00  1.10622833e-01  9.82842566e-02  6.81723013e-01  1.67897865e-02  5.11999819e+06 
 3.10823550e+14  5.29112119e+33  1.55181000e+01  1.98410363e-01  5.95860000e+00  1.13064239e-01  9.99436825e-02  6.74821123e-01  1.74391179e-02  4.84689785e+06 
 3.11639950e+14  5.36869457e+33  1.54101000e+01  2.00649243e-01  5.99560000e+00  1.15490163e-01  1.01586557e-01  6.68106783e-01  1.80942777e-02  4.59144399e+06 
 3.12456349e+14  5.44626795e+33  1.53061000e+01  2.02897488e-01  6.03260000e+00  1.17940051e-01  1.03222658e-01  6.61375960e-01  1.87592738e-02  4.35234973e+06 
 3.13272749e+14  5.52384132e+33  1.52061000e+01  2.05154403e-01  6.06860000e+00  1.20372195e-01  1.04849128e-01  6.54841853e-01  1.94326126e-02  4.12842667e+06 
 3.14089148e+14  5.60435959e+33  1.51071000e+01  2.07505763e-01  6.10560000e+00  1.22905415e-01  1.06516072e-01  6.48125680e-01  2.01348228e-02  3.91084767e+06 
 3.14905547e+14  5.68582775e+33  1.50101000e+01  2.09893986e-01  6.14360000e+00  1.25517366e-01  1.08202869e-01  6.41195618e-01  2.08588451e-02  3.70490084e+06 
 3.15721947e+14  5.76729591e+33  1.49181000e+01  2.12290684e-01  6.17960000e+00  1.28068523e-01  1.09860817e-01  6.34691022e-01  2.15822259e-02  3.51218597e+06 
 3.16538346e+14  5.84876407e+33  1.48291000e+01  2.14695165e-01  6.21560000e+00  1.30642924e-01  1.11515907e-01  6.28179745e-01  2.23171776e-02  3.33173379e+06 
 3.17354746e+14  5.93224386e+33  1.47421000e+01  2.17166529e-01  6.25260000e+00  1.33309861e-01  1.13189846e-01  6.21474947e-01  2.30724895e-02  3.15860375e+06 
 3.18171145e+14  6.01775234e+33  1.46571000e+01  2.19706008e-01  6.28960000e+00  1.36027034e-01  1.14882411e-01  6.14802012e-01  2.38483531e-02  2.99265989e+06 
 3.18987545e+14  6.10326081e+33  1.45741000e+01  2.22253066e-01  6.32560000e+00  1.38723862e-01  1.16583805e-01  6.08351703e-01  2.46422695e-02  2.83738981e+06 
 3.19803944e+14  6.18876928e+33  1.44961000e+01  2.24807009e-01  6.36160000e+00  1.41444344e-01  1.18243568e-01  6.01898482e-01  2.54273556e-02  2.69200724e+06 
 3.20620344e+14  6.27525992e+33  1.44191000e+01  2.27396655e-01  6.39760000e+00  1.44200916e-01  1.19928637e-01  5.95463147e-01  2.62378711e-02  2.55427341e+06 
 3.21436743e+14  6.36495753e+33  1.43431000e+01  2.30089236e-01  6.43460000e+00  1.47069231e-01  1.21650142e-01  5.88864486e-01  2.70778419e-02  2.42056108e+06 
 3.22253143e+14  6.45465514e+33  1.42711000e+01  2.32788497e-01  6.47060000e+00  1.49915530e-01  1.23340420e-01  5.82499000e-01  2.79137726e-02  2.29544336e+06 
 3.23069542e+14  6.54435274e+33  1.42011000e+01  2.35493755e-01  6.50660000e+00  1.52785869e-01  1.25031072e-01  5.76133175e-01  2.87629557e-02  2.17828572e+06 
 3.23885942e+14  6.63405035e+33  1.41341000e+01  2.38204362e-01  6.54260000e+00  1.55680111e-01  1.26702455e-01  5.69765695e-01  2.96139149e-02  2.06850441e+06 
 3.24702341e+14  6.72793989e+33  1.40671000e+01  2.41047314e-01  6.57860000e+00  1.58653116e-01  1.28430013e-01  5.63503507e-01  3.05051626e-02  1.96088947e+06 
 3.25518741e+14  6.82197875e+33  1.40031000e+01  2.43900570e-01  6.61460000e+00  1.61652637e-01  1.30136940e-01  5.57247535e-01  3.13971552e-02  1.86001119e+06 
 3.26335140e+14  6.91601761e+33  1.39411000e+01  2.46758938e-01  6.65060000e+00  1.64676569e-01  1.31838544e-01  5.50992581e-01  3.22988737e-02  1.76553572e+06 
 3.27151540e+14  7.01005647e+33  1.38821000e+01  2.49621785e-01  6.68560000e+00  1.67674308e-01  1.33513746e-01  5.44982724e-01  3.31970525e-02  1.67699328e+06 
 3.27967939e+14  7.10720308e+33  1.38231000e+01  2.52583624e-01  6.72160000e+00  1.70787464e-01  1.35237155e-01  5.38814447e-01  3.41333767e-02  1.59128853e+06 
 3.28784339e+14  7.20573860e+33  1.37661000e+01  2.55592609e-01  6.75760000e+00  1.73943906e-01  1.36959754e-01  5.32687139e-01  3.50800634e-02  1.50987812e+06 
 3.29600738e+14  7.30427412e+33  1.37121000e+01  2.58605822e-01  6.79260000e+00  1.77073033e-01  1.38651205e-01  5.26810794e-01  3.60193848e-02  1.43361667e+06 
 3.30417138e+14  7.40280963e+33  1.36601000e+01  2.61622648e-01  6.82760000e+00  1.80225675e-01  1.40329154e-01  5.20936975e-01  3.69620880e-02  1.36212694e+06 
 3.31233537e+14  7.50325756e+33  1.36091000e+01  2.64701232e-01  6.86360000e+00  1.83480667e-01  1.42024806e-01  5.14869274e-01  3.79255174e-02  1.29379987e+06 
 3.32049937e+14  7.60644842e+33  1.35591000e+01  2.67867620e-01  6.89860000e+00  1.86743949e-01  1.43743338e-01  5.09138133e-01  3.89120336e-02  1.22802026e+06 
 3.32866336e+14  7.70963927e+33  1.35111000e+01  2.71037355e-01  6.93460000e+00  1.90085507e-01  1.45444920e-01  5.03155605e-01  3.98992570e-02  1.16638246e+06 
 3.33682736e+14  7.81283012e+33  1.34651000e+01  2.74209834e-01  6.96860000e+00  1.93342334e-01  1.47127554e-01  4.97683724e-01  4.08853152e-02  1.10858378e+06 
 3.34499135e+14  7.91662027e+33  1.34211000e+01  2.77402905e-01  7.00360000e+00  1.96685303e-01  1.48793264e-01  4.91976124e-01  4.18700548e-02  1.05404085e+06 
 3.35315535e+14  8.02462840e+33  1.33771000e+01  2.80728298e-01  7.03960000e+00  2.00165871e-01  1.50510111e-01  4.86145223e-01  4.28949372e-02  1.00081388e+06 
 3.36131934e+14  8.13263653e+33  1.33351000e+01  2.84056165e-01  7.07460000e+00  2.03615366e-01  1.52204300e-01  4.80572645e-01  4.39152780e-02  9.50920701e+05 
 3.36948334e+14  8.24064466e+33  1.32951000e+01  2.87385891e-01  7.10860000e+00  2.07031927e-01  1.53873774e-01  4.75259668e-01  4.49289473e-02  9.04118695e+05 
 3.37764733e+14  8.34865279e+33  1.32561000e+01  2.90716904e-01  7.14360000e+00  2.10528920e-01  1.55539960e-01  4.69686500e-01  4.59511025e-02  8.60184776e+05 
 3.38581133e+14  8.46080489e+33  1.32181000e+01  2.94176968e-01  7.17860000e+00  2.14107355e-01  1.57231325e-01  4.64247752e-01  4.69949454e-02  8.17375012e+05 
 3.39397532e+14  8.57379547e+33  1.31811000e+01  2.97664476e-01  7.21360000e+00  2.17721941e-01  1.58924092e-01  4.58836100e-01  4.80490979e-02  7.76920987e+05 
 3.40213932e+14  8.68678605e+33  1.31461000e+01  3.01152971e-01  7.24760000e+00  2.21301606e-01  1.60586808e-01  4.53685405e-01  4.90911007e-02  7.38958491e+05 
 3.41030331e+14  8.79977663e+33  1.31131000e+01  3.04641872e-01  7.28160000e+00  2.24904349e-01  1.62217403e-01  4.48532635e-01  5.01185676e-02  7.03308585e+05 
 3.41846731e+14  8.91550997e+33  1.30801000e+01  3.08215532e-01  7.31660000e+00  2.28628935e-01  1.63884094e-01  4.43205217e-01  5.11783170e-02  6.69016918e+05 
 3.42663130e+14  9.03365140e+33  1.30481000e+01  3.11864098e-01  7.35060000e+00  2.32350948e-01  1.65559545e-01  4.38220945e-01  5.22500062e-02  6.36156838e+05 
 3.43479530e+14  9.15179282e+33  1.30171000e+01  3.15512765e-01  7.38560000e+00  2.36158011e-01  1.67225147e-01  4.32967880e-01  5.33238177e-02  6.05307629e+05 
 3.44295929e+14  9.26993425e+33  1.29881000e+01  3.19160964e-01  7.41960000e+00  2.39927361e-01  1.68853764e-01  4.27975259e-01  5.43776296e-02  5.76325621e+05 
 3.45112329e+14  9.38928113e+33  1.29601000e+01  3.22845409e-01  7.45260000e+00  2.43674189e-01  1.70478715e-01  4.23285076e-01  5.54349975e-02  5.48808839e+05 
 3.45928728e+14  9.51274498e+33  1.29321000e+01  3.26656343e-01  7.48760000e+00  2.47628271e-01  1.72147828e-01  4.18197662e-01  5.65284698e-02  5.22065988e+05 
 3.46745128e+14  9.63620883e+33  1.29061000e+01  3.30466485e-01  7.52160000e+00  2.51543336e-01  1.73776434e-01  4.13371002e-01  5.75976725e-02  4.96948450e+05 
 3.47561527e+14  9.75967268e+33  1.28811000e+01  3.34275276e-01  7.55560000e+00  2.55481873e-01  1.75389732e-01  4.08537034e-01  5.86627120e-02  4.73340858e+05 
 3.48377927e+14  9.88313653e+33  1.28571000e+01  3.38082178e-01  7.58860000e+00  2.59378695e-01  1.76986606e-01  4.03963109e-01  5.97222695e-02  4.51136953e+05 
 3.49194326e+14  1.00116218e+34  1.28331000e+01  3.42041997e-01  7.62260000e+00  2.63435161e-01  1.78632368e-01  3.99286446e-01  6.08198052e-02  4.29411951e+05 
 3.50010726e+14  1.01405828e+34  1.28101000e+01  3.46014780e-01  7.65660000e+00  2.67522289e-01  1.80264386e-01  3.94617267e-01  6.19128062e-02  4.08919873e+05 
 3.50827125e+14  1.02695438e+34  1.27891000e+01  3.49985308e-01  7.69060000e+00  2.71633068e-01  1.81849477e-01  3.89937828e-01  6.29732969e-02  3.89650876e+05 
 3.51643525e+14  1.03985048e+34  1.27681000e+01  3.53953068e-01  7.72360000e+00  2.75699930e-01  1.83443140e-01  3.85517292e-01  6.40486849e-02  3.71519461e+05 
 3.52459924e+14  1.05308320e+34  1.27481000e+01  3.58021236e-01  7.75760000e+00  2.79905475e-01  1.85042194e-01  3.80931749e-01  6.51280643e-02  3.54013579e+05 
 3.53276324e+14  1.06654680e+34  1.27291000e+01  3.62157687e-01  7.79060000e+00  2.84099689e-01  1.86637829e-01  3.76685085e-01  6.62059466e-02  3.37260385e+05 
 3.54092723e+14  1.08001040e+34  1.27111000e+01  3.66290976e-01  7.82460000e+00  2.88385604e-01  1.88211190e-01  3.72155001e-01  6.72709603e-02  3.21499713e+05 
 3.54909123e+14  1.09347400e+34  1.26931000e+01  3.70420568e-01  7.85760000e+00  2.92625409e-01  1.89791097e-01  3.67881853e-01  6.83485774e-02  3.06662662e+05 
 3.55725522e+14  1.10709297e+34  1.26771000e+01  3.74593612e-01  7.88960000e+00  2.96839712e-01  1.91329051e-01  3.63919116e-01  6.93909351e-02  2.92528960e+05 
 3.56541922e+14  1.12114217e+34  1.26601000e+01  3.78894599e-01  7.92360000e+00  3.01279674e-01  1.92936240e-01  3.59547874e-01  7.04913944e-02  2.78803413e+05 
 3.57358321e+14  1.13519136e+34  1.26451000e+01  3.83191493e-01  7.95660000e+00  3.05672064e-01  1.94487752e-01  3.55432242e-01  7.15472704e-02  2.65884789e+05 
 3.58174721e+14  1.14924056e+34  1.26311000e+01  3.87483767e-01  7.98960000e+00  3.10086942e-01  1.96012731e-01  3.51300045e-01  7.25844706e-02  2.53717484e+05 
 3.58991120e+14  1.16328975e+34  1.26171000e+01  3.91770930e-01  8.02160000e+00  3.14451466e-01  1.97541468e-01  3.47422126e-01  7.36307142e-02  2.42250166e+05 
 3.59807520e+14  1.17790045e+34  1.26031000e+01  3.96224199e-01  8.05460000e+00  3.18992480e-01  1.99117596e-01  3.43446769e-01  7.47117623e-02  2.31014526e+05 
 3.60623919e+14  1.19255364e+34  1.25911000e+01  4.00685377e-01  8.08760000e+00  3.23562483e-01  2.00637038e-01  3.39467338e-01  7.57438413e-02  2.20402545e+05 
 3.61440319e+14  1.20720682e+34  1.25791000e+01  4.05140985e-01  8.12060000e+00  3.28155053e-01  2.02158946e-01  3.35468490e-01  7.67832477e-02  2.10402942e+05 
 3.62256718e+14  1.22186001e+34  1.25681000e+01  4.09590555e-01  8.15260000e+00  3.32694888e-01  2.03650740e-01  3.31721590e-01  7.77988902e-02  2.00974173e+05 
 3.63073118e+14  1.23687804e+34  1.25571000e+01  4.14144410e-01  8.18560000e+00  3.37385015e-01  2.05172416e-01  3.27804862e-01  7.88376401e-02  1.91862341e+05 
 3.63889517e+14  1.25215391e+34  1.25471000e+01  4.18770366e-01  8.21760000e+00  3.42059484e-01  2.06682796e-01  3.24225344e-01  7.98628507e-02  1.83126112e+05 
 3.64705917e+14  1.26742978e+34  1.25371000e+01  4.23389804e-01  8.25060000e+00  3.46832150e-01  2.08194169e-01  3.20352207e-01  8.08934126e-02  1.74890013e+05 
 3.65522316e+14  1.28270565e+34  1.25281000e+01  4.28002218e-01  8.28260000e+00  3.51549739e-01  2.09672868e-01  3.16728049e-01  8.18964523e-02  1.67120385e+05 
 3.66338716e+14  1.29813156e+34  1.25201000e+01  4.32652391e-01  8.31460000e+00  3.56310408e-01  2.11129505e-01  3.13130125e-01  8.28775260e-02  1.59716067e+05 
 3.67155115e+14  1.31404910e+34  1.25121000e+01  4.37443432e-01  8.34660000e+00  3.61164890e-01  2.12623580e-01  3.09670256e-01  8.38848182e-02  1.52508231e+05 
 3.67971515e+14  1.32996664e+34  1.25041000e+01  4.42226953e-01  8.37860000e+00  3.66040736e-01  2.14117157e-01  3.06185701e-01  8.48953548e-02  1.45709697e+05 
 3.68787914e+14  1.34588417e+34  1.24971000e+01  4.47002474e-01  8.41060000e+00  3.70937713e-01  2.15575574e-01  3.02676005e-01  8.58746010e-02  1.39293132e+05 
 3.69604314e+14  1.36180171e+34  1.24911000e+01  4.51769546e-01  8.44160000e+00  3.75775130e-01  2.16997929e-01  2.99411777e-01  8.68211595e-02  1.33233252e+05 
 3.70420713e+14  1.37829631e+34  1.24851000e+01  4.56700668e-01  8.47460000e+00  3.80879833e-01  2.18462330e-01  2.95764971e-01  8.77956370e-02  1.27304338e+05 
 3.71237113e+14  1.39487479e+34  1.24791000e+01  4.61648356e-01  8.50560000e+00  3.85856132e-01  2.19931166e-01  2.92659527e-01  8.87750983e-02  1.21680056e+05 
 3.72053512e+14  1.41145327e+34  1.24741000e+01  4.66587043e-01  8.53760000e+00  3.90934562e-01  2.21362415e-01  2.89256013e-01  8.97195197e-02  1.16369202e+05 
 3.72869912e+14  1.42803176e+34  1.24701000e+01  4.71516258e-01  8.56860000e+00  3.95950971e-01  2.22755195e-01  2.86094807e-01  9.06275389e-02  1.11351197e+05 
 3.73686311e+14  1.44495279e+34  1.24661000e+01  4.76537347e-01  8.60060000e+00  4.01121137e-01  2.24170412e-01  2.82742456e-01  9.15503245e-02  1.06511521e+05 
 3.74502711e+14  1.46221177e+34  1.24621000e+01  4.81649057e-01  8.63160000e+00  4.06278459e-01  2.25607632e-01  2.79736080e-01  9.24875339e-02  1.01848390e+05 
 3.75319110e+14  1.47947075e+34  1.24591000e+01  4.86750720e-01  8.66360000e+00  4.11540290e-01  2.27004895e-01  2.76430248e-01  9.33860212e-02  9.74429887e+04 
 3.76135510e+14  1.49672973e+34  1.24561000e+01  4.91841907e-01  8.69460000e+00  4.16737513e-01  2.28398074e-01  2.73364005e-01  9.42823785e-02  9.32785301e+04 
 3.76951909e+14  1.51407585e+34  1.24531000e+01  4.96947812e-01  8.72460000e+00  4.21881065e-01  2.29793489e-01  2.70562609e-01  9.51803697e-02  8.93201059e+04 
 3.77768309e+14  1.53203515e+34  1.24511000e+01  5.02223174e-01  8.75660000e+00  4.27307099e-01  2.31192819e-01  2.67378004e-01  9.60649866e-02  8.54453372e+04 
 3.78584708e+14  1.54999446e+34  1.24491000e+01  5.07487442e-01  8.78760000e+00  4.32666855e-01  2.32587283e-01  2.64430176e-01  9.69462653e-02  8.17829439e+04 
 3.79401108e+14  1.56795376e+34  1.24481000e+01  5.12740172e-01  8.81860000e+00  4.38045997e-01  2.33939188e-01  2.61450353e-01  9.77847824e-02  7.83192050e+04 
 3.80217507e+14  1.58591307e+34  1.24471000e+01  5.17980941e-01  8.84860000e+00  4.43355926e-01  2.35285582e-01  2.58706011e-01  9.86189888e-02  7.50413981e+04 
 3.81033907e+14  1.60440254e+34  1.24461000e+01  5.23363953e-01  8.87960000e+00  4.48851540e-01  2.36664863e-01  2.55816407e-01  9.94720755e-02  7.18483756e+04 
 3.81850306e+14  1.62308226e+34  1.24461000e+01  5.28790197e-01  8.91060000e+00  4.54394873e-01  2.38013978e-01  2.52948790e-01  1.00288570e-01  6.87969638e+04 
 3.82666706e+14  1.64176198e+34  1.24461000e+01  5.34203822e-01  8.94060000e+00  4.59867194e-01  2.39356839e-01  2.50313983e-01  1.01099596e-01  6.59096912e+04 
 3.83483105e+14  1.66044170e+34  1.24461000e+01  5.39604416e-01  8.97060000e+00  4.65357288e-01  2.40693369e-01  2.47644843e-01  1.01905042e-01  6.31761285e+04 
 3.84299505e+14  1.67937145e+34  1.24471000e+01  5.45063689e-01  9.00160000e+00  4.70993579e-01  2.42002375e-01  2.44746017e-01  1.02674215e-01  6.05528247e+04 
 3.85115904e+14  1.69879194e+34  1.24481000e+01  5.50651044e-01  9.03160000e+00  4.76629750e-01  2.43339321e-01  2.42216178e-01  1.03457788e-01  5.80048856e+04 
 3.85932304e+14  1.71821243e+34  1.24491000e+01  5.56224677e-01  9.06260000e+00  4.82376450e-01  2.44669199e-01  2.39385331e-01  1.04234637e-01  5.55928517e+04 
 3.86748703e+14  1.73763292e+34  1.24501000e+01  5.61784190e-01  9.09160000e+00  4.87955268e-01  2.45991957e-01  2.37048771e-01  1.05004685e-01  5.33081596e+04 
 3.87565103e+14  1.75705341e+34  1.24521000e+01  5.67329181e-01  9.12160000e+00  4.93644152e-01  2.47267799e-01  2.34411549e-01  1.05725365e-01  5.11428536e+04 
 3.88381502e+14  1.77718114e+34  1.24541000e+01  5.73061118e-01  9.15160000e+00  4.99455287e-01  2.48585127e-01  2.31929938e-01  1.06467540e-01  4.90165374e+04 
 3.89197902e+14  1.79736300e+34  1.24571000e+01  5.78793644e-01  9.18160000e+00  5.05292027e-01  2.49858250e-01  2.29425678e-01  1.07161009e-01  4.69971109e+04 
 3.90014301e+14  1.81754486e+34  1.24591000e+01  5.84510914e-01  9.21160000e+00  5.11146104e-01  2.51163399e-01  2.26884327e-01  1.07889236e-01  4.50834072e+04 
 3.90830701e+14  1.83772672e+34  1.24621000e+01  5.90212560e-01  9.24060000e+00  5.16920819e-01  2.52420097e-01  2.24568791e-01  1.08565860e-01  4.32688725e+04 
 3.91647100e+14  1.85830733e+34  1.24651000e+01  5.96010601e-01  9.27060000e+00  5.22867292e-01  2.53695471e-01  2.22057333e-01  1.09249588e-01  4.15142407e+04 
 3.92463500e+14  1.87927140e+34  1.24691000e+01  6.01900642e-01  9.30060000e+00  5.28887717e-01  2.54947404e-01  2.19607519e-01  1.09895428e-01  3.98198399e+04 
 3.93279899e+14  1.90023546e+34  1.24721000e+01  6.07774288e-01  9.32960000e+00  5.34826913e-01  2.56231420e-01  2.17380756e-01  1.10576020e-01  3.82133962e+04 
 3.94096299e+14  1.92119953e+34  1.24761000e+01  6.13631167e-01  9.35860000e+00  5.40781657e-01  2.57465502e-01  2.15115358e-01  1.11202939e-01  3.66895032e+04 
 3.94912698e+14  1.94222767e+34  1.24801000e+01  6.19488745e-01  9.38760000e+00  5.46761196e-01  2.58694764e-01  2.12827619e-01  1.11822659e-01  3.52388249e+04 
 3.95729098e+14  1.96399502e+34  1.24841000e+01  6.25534683e-01  9.41760000e+00  5.52965395e-01  2.59963717e-01  2.10425101e-01  1.12460434e-01  3.38140632e+04 
 3.96545497e+14  1.98576237e+34  1.24891000e+01  6.31563073e-01  9.44660000e+00  5.59085562e-01  2.61181519e-01  2.08242942e-01  1.13042888e-01  3.24626293e+04 
 3.97361897e+14  2.00752972e+34  1.24941000e+01  6.37573527e-01  9.47560000e+00  5.65220973e-01  2.62389617e-01  2.06021209e-01  1.13614832e-01  3.11800578e+04 
 3.98178296e+14  2.02929707e+34  1.24981000e+01  6.43565695e-01  9.50360000e+00  5.71269434e-01  2.63630190e-01  2.04018668e-01  1.14221959e-01  2.99621884e+04 
 3.98994695e+14  2.05159091e+34  1.25041000e+01  6.49683854e-01  9.53260000e+00  5.77511528e-01  2.64810511e-01  2.01843739e-01  1.14746022e-01  2.87778168e+04 
 3.99811095e+14  2.07418284e+34  1.25091000e+01  6.55865095e-01  9.56160000e+00  5.83812533e-01  2.66042241e-01  1.99699380e-01  1.15315556e-01  2.76384705e+04 
 4.00627494e+14  2.09677477e+34  1.25141000e+01  6.62027219e-01  9.59060000e+00  5.90128433e-01  2.67263985e-01  1.97514739e-01  1.15874171e-01  2.65566871e+04 
 4.01443894e+14  2.11936670e+34  1.25201000e+01  6.68169893e-01  9.61860000e+00  5.96354517e-01  2.68432860e-01  1.95546757e-01  1.16375412e-01  2.55290165e+04 
 4.02260293e+14  2.14211571e+34  1.25261000e+01  6.74335327e-01  9.64660000e+00  6.02616770e-01  2.69601237e-01  1.93574310e-01  1.16870742e-01  2.45456192e+04 
 4.03076693e+14  2.16555372e+34  1.25321000e+01  6.80667293e-01  9.67560000e+00  6.09098884e-01  2.70802200e-01  1.91461813e-01  1.17377889e-01  2.35830255e+04 
 4.03893092e+14  2.18899173e+34  1.25381000e+01  6.86978948e-01  9.70360000e+00  6.15489177e-01  2.71992570e-01  1.89563447e-01  1.17873384e-01  2.26686488e+04 
 4.04709492e+14  2.21242974e+34  1.25441000e+01  6.93269948e-01  9.73160000e+00  6.21892510e-01  2.73172357e-01  1.87623736e-01  1.18357281e-01  2.17996250e+04 
 4.05525891e+14  2.23586775e+34  1.25511000e+01  6.99539993e-01  9.75960000e+00  6.28308607e-01  2.74297865e-01  1.85643379e-01  1.18782315e-01  2.09732808e+04 
 4.06342291e+14  2.25993133e+34  1.25571000e+01  7.05955687e-01  9.78760000e+00  6.34828490e-01  2.75494277e-01  1.83757921e-01  1.19262837e-01  2.01666181e+04 
 4.07158690e+14  2.28423713e+34  1.25641000e+01  7.12414481e-01  9.81560000e+00  6.41396425e-01  2.76650526e-01  1.81882973e-01  1.19691506e-01  1.93921044e+04 
 4.07975090e+14  2.30854292e+34  1.25711000e+01  7.18851414e-01  9.84360000e+00  6.47976960e-01  2.77795635e-01  1.79966348e-01  1.20108002e-01  1.86556794e+04 
 4.08791489e+14  2.33284872e+34  1.25781000e+01  7.25266178e-01  9.87060000e+00  6.54459846e-01  2.78929633e-01  1.78260474e-01  1.20512412e-01  1.79551174e+04 
 4.09607889e+14  2.35737138e+34  1.25851000e+01  7.31715462e-01  9.89860000e+00  6.61095674e-01  2.80065302e-01  1.76306477e-01  1.20911275e-01  1.72825321e+04 
 4.10424288e+14  2.38256687e+34  1.25931000e+01  7.38318776e-01  9.92560000e+00  6.67729808e-01  2.81184630e-01  1.74700733e-01  1.21269729e-01  1.66251082e+04 
 4.11240688e+14  2.40776235e+34  1.26001000e+01  7.44898995e-01  9.95360000e+00  6.74486734e-01  2.82337107e-01  1.72801675e-01  1.21663828e-01  1.59997381e+04 
 4.12057087e+14  2.43295783e+34  1.26081000e+01  7.51455815e-01  9.98060000e+00  6.81143110e-01  2.83433290e-01  1.71110965e-01  1.21997257e-01  1.54045644e+04 
 4.12873487e+14  2.45815331e+34  1.26161000e+01  7.57988973e-01  1.00076000e+01  6.87809945e-01  2.84517896e-01  1.69378532e-01  1.22371262e-01  1.48442751e+04 
 4.13689886e+14  2.48403619e+34  1.26231000e+01  7.64675922e-01  1.00346000e+01  6.94585850e-01  2.85675328e-01  1.67739608e-01  1.22694602e-01  1.42835734e+04 
 4.14506286e+14  2.51014343e+34  1.26311000e+01  7.71396559e-01  1.00616000e+01  7.01404400e-01  2.86788592e-01  1.66101727e-01  1.23015897e-01  1.37514027e+04 
 4.15322685e+14  2.53625067e+34  1.26401000e+01  7.78092559e-01  1.00886000e+01  7.08233171e-01  2.87844483e-01  1.64421248e-01  1.23329219e-01  1.32504491e+04 
 4.16139085e+14  2.56235790e+34  1.26481000e+01  7.84763668e-01  1.01156000e+01  7.15071912e-01  2.88934029e-01  1.62698956e-01  1.23571901e-01  1.27620405e+04 
 4.16955484e+14  2.58869958e+34  1.26561000e+01  7.91469241e-01  1.01416000e+01  7.21837720e-01  2.90024788e-01  1.61225759e-01  1.23861678e-01  1.22980037e+04 
 4.17771884e+14  2.61574081e+34  1.26641000e+01  7.98327191e-01  1.01686000e+01  7.28828530e-01  2.91142233e-01  1.59593946e-01  1.24156801e-01  1.18442057e+04 
 4.18588283e+14  2.64278204e+34  1.26731000e+01  8.05159268e-01  1.01956000e+01  7.35829013e-01  2.92201572e-01  1.57919605e-01  1.24390154e-01  1.14119461e+04 
 4.19404683e+14  2.66982327e+34  1.26811000e+01  8.11965191e-01  1.02216000e+01  7.42721044e-01  2.93294954e-01  1.56448214e-01  1.24659981e-01  1.10000084e+04 
 4.20221082e+14  2.69686449e+34  1.26901000e+01  8.18744752e-01  1.02476000e+01  7.49621067e-01  2.94330077e-01  1.54934700e-01  1.24868232e-01  1.06072527e+04 
 4.21037482e+14  2.72460827e+34  1.26991000e+01  8.25673253e-01  1.02746000e+01  7.56747393e-01  2.95390519e-01  1.53259938e-01  1.25080645e-01  1.02230887e+04 
 4.21853881e+14  2.75260588e+34  1.27081000e+01  8.32638053e-01  1.03006000e+01  7.63799026e-01  2.96452089e-01  1.51830982e-01  1.25286270e-01  9.85357217e+03 
 4.22670281e+14  2.78060349e+34  1.27171000e+01  8.39575477e-01  1.03266000e+01  7.70858298e-01  2.97501316e-01  1.50359333e-01  1.25479271e-01  9.50127903e+03 
 4.23486680e+14  2.80860110e+34  1.27261000e+01  8.46485287e-01  1.03526000e+01  7.77925065e-01  2.98538261e-01  1.48845533e-01  1.25714467e-01  9.16923758e+03 
 4.24303080e+14  2.83679867e+34  1.27351000e+01  8.53416364e-01  1.03776000e+01  7.84905475e-01  2.99573303e-01  1.47565848e-01  1.25832436e-01  8.84235506e+03 
 4.25119479e+14  2.86577519e+34  1.27441000e+01  8.60510376e-01  1.04036000e+01  7.92123219e-01  3.00636087e-01  1.46132468e-01  1.26009437e-01  8.52583151e+03 
 4.25935879e+14  2.89475171e+34  1.27531000e+01  8.67575746e-01  1.04296000e+01  7.99348091e-01  3.01686386e-01  1.44656443e-01  1.26173876e-01  8.22393442e+03 
 4.26752278e+14  2.92372823e+34  1.27631000e+01  8.74612250e-01  1.04546000e+01  8.06456473e-01  3.02676832e-01  1.43378596e-01  1.26331447e-01  7.93931312e+03 
 4.27568678e+14  2.95270475e+34  1.27721000e+01  8.81619693e-01  1.04806000e+01  8.13694391e-01  3.03702257e-01  1.41818873e-01  1.26416329e-01  7.66084531e+03 
 4.28385077e+14  2.98234191e+34  1.27811000e+01  8.88756992e-01  1.05056000e+01  8.20905818e-01  3.04748235e-01  1.40562711e-01  1.26557173e-01  7.39232678e+03 
 4.29201477e+14  3.01232000e+34  1.27911000e+01  8.95946565e-01  1.05306000e+01  8.28169750e-01  3.05750795e-01  1.39317756e-01  1.26642852e-01  7.13309467e+03 
 4.30017876e+14  3.04229808e+34  1.28011000e+01  9.03106018e-01  1.05566000e+01  8.35564668e-01  3.06740581e-01  1.37791940e-01  1.26771528e-01  6.88863022e+03 
 4.30834276e+14  3.07227616e+34  1.28101000e+01  9.10235166e-01  1.05806000e+01  8.42712872e-01  3.07765733e-01  1.36700250e-01  1.26827168e-01  6.64928924e+03 
 4.31650675e+14  3.10235691e+34  1.28201000e+01  9.17358106e-01  1.06056000e+01  8.50005738e-01  3.08735278e-01  1.35344724e-01  1.26933919e-01  6.42552502e+03 
 4.32467075e+14  3.13335932e+34  1.28301000e+01  9.24667946e-01  1.06306000e+01  8.57429530e-01  3.09736341e-01  1.34086635e-01  1.26989931e-01  6.20238695e+03 
 4.33283474e+14  3.16436174e+34  1.28391000e+01  9.31946413e-01  1.06556000e+01  8.64857850e-01  3.10772946e-01  1.32786141e-01  1.27027908e-01  5.98667563e+03 
 4.34099874e+14  3.19536415e+34  1.28491000e+01  9.39193325e-01  1.06806000e+01  8.72290485e-01  3.11748471e-01  1.31443966e-01  1.27059964e-01  5.78316609e+03 
 4.34916273e+14  3.22636656e+34  1.28591000e+01  9.46408527e-01  1.07046000e+01  8.79597891e-01  3.12711303e-01  1.30295720e-01  1.27080404e-01  5.58864613e+03 
 4.35732673e+14  3.25791943e+34  1.28691000e+01  9.53719357e-01  1.07286000e+01  8.86982590e-01  3.13686994e-01  1.29184887e-01  1.27098294e-01  5.39940607e+03 
 4.36549072e+14  3.28996903e+34  1.28791000e+01  9.61112720e-01  1.07536000e+01  8.94567894e-01  3.14672798e-01  1.27868455e-01  1.27112481e-01  5.21569907e+03 
 4.37365472e+14  3.32201863e+34  1.28891000e+01  9.68473291e-01  1.07776000e+01  9.02025665e-01  3.15645743e-01  1.26744192e-01  1.27115078e-01  5.04011184e+03 
 4.38181871e+14  3.35406823e+34  1.28991000e+01  9.75800915e-01  1.08016000e+01  9.09485778e-01  3.16605916e-01  1.25578347e-01  1.27106308e-01  4.87221483e+03 
 4.38998271e+14  3.38611783e+34  1.29091000e+01  9.83095459e-01  1.08256000e+01  9.16948098e-01  3.17553406e-01  1.24371600e-01  1.27086393e-01  4.71160428e+03 
 4.39814670e+14  3.41916850e+34  1.29191000e+01  9.90583774e-01  1.08496000e+01  9.24546246e-01  3.18532864e-01  1.23259562e-01  1.27069840e-01  4.55319357e+03 
 4.40631070e+14  3.45228824e+34  1.29291000e+01  9.98053724e-01  1.08736000e+01  9.32155529e-01  3.19502469e-01  1.22114963e-01  1.27042966e-01  4.40140042e+03 
 4.41447469e+14  3.48540797e+34  1.29401000e+01  1.00548948e+00  1.08976000e+01  9.39766537e-01  3.20409694e-01  1.20929149e-01  1.27011532e-01  4.25806251e+03 
 4.42263869e+14  3.51852771e+34  1.29501000e+01  1.01289097e+00  1.09206000e+01  9.47244324e-01  3.21353614e-01  1.19933369e-01  1.26962773e-01  4.11904847e+03 
 4.43080268e+14  3.55200729e+34  1.29601000e+01  1.02033798e+00  1.09446000e+01  9.54905080e-01  3.22300357e-01  1.18713208e-01  1.26852410e-01  3.98280085e+03 
 4.43896668e+14  3.58622017e+34  1.29701000e+01  1.02791288e+00  1.09676000e+01  9.62528013e-01  3.23265778e-01  1.17775393e-01  1.26796249e-01  3.85132236e+03 
 4.44713067e+14  3.62043305e+34  1.29811000e+01  1.03545238e+00  1.09916000e+01  9.70287149e-01  3.24168350e-01  1.16567418e-01  1.26736064e-01  3.72713762e+03 
 4.45529467e+14  3.65464593e+34  1.29911000e+01  1.04295636e+00  1.10146000e+01  9.77910165e-01  3.25107979e-01  1.15547755e-01  1.26658649e-01  3.60663480e+03 
 4.46345866e+14  3.68885881e+34  1.30011000e+01  1.05042475e+00  1.10376000e+01  9.85532722e-01  3.26034915e-01  1.14488001e-01  1.26515405e-01  3.48969558e+03 
 4.47162266e+14  3.72386014e+34  1.30121000e+01  1.05802872e+00  1.10606000e+01  9.93257326e-01  3.26931576e-01  1.13483710e-01  1.26433378e-01  3.37815673e+03 
 4.47978665e+14  3.75918923e+34  1.30221000e+01  1.06566737e+00  1.10836000e+01  1.00102380e+00  3.27879058e-01  1.12478149e-01  1.26337827e-01  3.26887694e+03 
 4.48795065e+14  3.79451831e+34  1.30321000e+01  1.07326932e+00  1.11066000e+01  1.00878921e+00  3.28813710e-01  1.11432465e-01  1.26176657e-01  3.16282997e+03 
 4.49611464e+14  3.82984740e+34  1.30431000e+01  1.08083446e+00  1.11286000e+01  1.01641371e+00  3.29685058e-01  1.10572738e-01  1.26068039e-01  3.06394929e+03 
 4.50427864e+14  3.86525230e+34  1.30531000e+01  1.08837889e+00  1.11506000e+01  1.02404545e+00  3.30597270e-01  1.09682067e-01  1.25943452e-01  2.96764362e+03 
 4.51244263e+14  3.90172069e+34  1.30641000e+01  1.09611202e+00  1.11736000e+01  1.03195207e+00  3.31488386e-01  1.08647831e-01  1.25771511e-01  2.87258859e+03 
 4.52060663e+14  3.93818908e+34  1.30741000e+01  1.10380723e+00  1.11966000e+01  1.03985704e+00  3.32417282e-01  1.07573908e-01  1.25637975e-01  2.78151970e+03 
 4.52877062e+14  3.97465746e+34  1.30841000e+01  1.11146449e+00  1.12186000e+01  1.04761799e+00  3.33333423e-01  1.06684851e-01  1.25439656e-01  2.69305082e+03 
 4.53693462e+14  4.01112585e+34  1.30951000e+01  1.11908372e+00  1.12406000e+01  1.05537588e+00  3.34185851e-01  1.05756592e-01  1.25294534e-01  2.61054815e+03 
 4.54509861e+14  4.04806993e+34  1.31051000e+01  1.12676366e+00  1.12626000e+01  1.06319066e+00  3.35094911e-01  1.04841024e-01  1.25082018e-01  2.52813810e+03 
 4.55326261e+14  4.08570074e+34  1.31161000e+01  1.13454738e+00  1.12846000e+01  1.07108871e+00  3.35966285e-01  1.03959944e-01  1.24928630e-01  2.44985717e+03 
 4.56142660e+14  4.12333154e+34  1.31261000e+01  1.14229195e+00  1.13066000e+01  1.07898313e+00  3.36876010e-01  1.03039586e-01  1.24703733e-01  2.37268889e+03 
 4.56959060e+14  4.16096235e+34  1.31371000e+01  1.14999735e+00  1.13286000e+01  1.08687377e+00  3.37721629e-01  1.02080727e-01  1.24532385e-01  2.30072134e+03 
 4.57775459e+14  4.19859315e+34  1.31471000e+01  1.15766355e+00  1.13496000e+01  1.09461504e+00  3.38606010e-01  1.01304803e-01  1.24344868e-01  2.23066462e+03 
 4.58591859e+14  4.23709406e+34  1.31571000e+01  1.16546683e+00  1.13716000e+01  1.10260535e+00  3.39509952e-01  1.00358559e-01  1.24100392e-01  2.16094053e+03 
 4.59408258e+14  4.27591040e+34  1.31681000e+01  1.17329386e+00  1.13926000e+01  1.11048393e+00  3.40361047e-01  9.96256527e-02  1.23911923e-01  2.09538127e+03 
 4.60224658e+14  4.31472674e+34  1.31781000e+01  1.18108057e+00  1.14146000e+01  1.11850412e+00  3.41251058e-01  9.86346170e-02  1.23652714e-01  2.03066554e+03 
 4.61041057e+14  4.35354308e+34  1.31891000e+01  1.18882697e+00  1.14356000e+01  1.12637198e+00  3.42076607e-01  9.78253203e-02  1.23447582e-01  1.97030530e+03 
 4.61857457e+14  4.39240793e+34  1.31991000e+01  1.19654266e+00  1.14566000e+01  1.13423998e+00  3.42943199e-01  9.69833349e-02  1.23226989e-01  1.91141447e+03 
 4.62673856e+14  4.43243291e+34  1.32101000e+01  1.20444720e+00  1.14776000e+01  1.14224384e+00  3.43786327e-01  9.62146947e-02  1.22958938e-01  1.85319099e+03 
 4.63490256e+14  4.47245789e+34  1.32201000e+01  1.21231029e+00  1.14986000e+01  1.15024141e+00  3.44668723e-01  9.54079884e-02  1.22729431e-01  1.79730523e+03 
 4.64306655e+14  4.51248287e+34  1.32311000e+01  1.22013196e+00  1.15196000e+01  1.15823256e+00  3.45486300e-01  9.45639271e-02  1.22445739e-01  1.74364389e+03 
 4.65123055e+14  4.55250784e+34  1.32411000e+01  1.22791223e+00  1.15406000e+01  1.16621718e+00  3.46343552e-01  9.36832887e-02  1.22200793e-01  1.69210031e+03 
 4.65939454e+14  4.59293603e+34  1.32511000e+01  1.23572894e+00  1.15606000e+01  1.17409284e+00  3.47202178e-01  9.30187993e-02  1.21896472e-01  1.64135713e+03 
 4.66755854e+14  4.63419272e+34  1.32621000e+01  1.24366343e+00  1.15816000e+01  1.18221145e+00  3.48023999e-01  9.21759518e-02  1.21650920e-01  1.59305565e+03 
 4.67572253e+14  4.67544940e+34  1.32721000e+01  1.25155539e+00  1.16016000e+01  1.19017097e+00  3.48885638e-01  9.15114720e-02  1.21389929e-01  1.54596224e+03 
 4.68388653e+14  4.71670609e+34  1.32821000e+01  1.25940488e+00  1.16226000e+01  1.19827476e+00  3.49734814e-01  9.05955549e-02  1.21068018e-01  1.50004634e+03 
 4.69205052e+14  4.75796278e+34  1.32931000e+01  1.26721194e+00  1.16426000e+01  1.20621822e+00  3.50518881e-01  8.98584415e-02  1.20800993e-01  1.45721612e+03 
 4.70021452e+14  4.79547375e+34  1.33021000e+01  1.27427243e+00  1.16606000e+01  1.21340430e+00  3.51273702e-01  8.91963686e-02  1.20549084e-01  1.41912907e+03 
 4.70837851e+14  4.83043565e+34  1.33101000e+01  1.28081658e+00  1.16766000e+01  1.21997285e+00  3.51987790e-01  8.87166030e-02  1.20273314e-01  1.38423409e+03 
 4.71654251e+14  4.86539755e+34  1.33191000e+01  1.28732502e+00  1.16936000e+01  1.22668583e+00  3.52639252e-01  8.79956491e-02  1.20054236e-01  1.35169659e+03 
 4.72470650e+14  4.90035944e+34  1.33271000e+01  1.29379792e+00  1.17096000e+01  1.23323471e+00  3.53334016e-01  8.74606144e-02  1.19768855e-01  1.31904105e+03 
 4.73287050e+14  4.93532134e+34  1.33361000e+01  1.30023545e+00  1.17256000e+01  1.23977361e+00  3.53966150e-01  8.68984674e-02  1.19540253e-01  1.28859593e+03 
 4.74103449e+14  4.97071522e+34  1.33441000e+01  1.30671682e+00  1.17416000e+01  1.24635259e+00  3.54655417e-01  8.63440974e-02  1.19300105e-01  1.25819583e+03 
 4.74919849e+14  5.00618869e+34  1.33521000e+01  1.31317721e+00  1.17576000e+01  1.25293083e+00  3.55337632e-01  8.57690742e-02  1.19002567e-01  1.22816271e+03 
 4.75736248e+14  5.04166216e+34  1.33611000e+01  1.31960219e+00  1.17736000e+01  1.25949910e+00  3.55957065e-01  8.51674982e-02  1.18761808e-01  1.20016543e+03 
 4.76552648e+14  5.07713563e+34  1.33691000e+01  1.32599192e+00  1.17896000e+01  1.26605753e+00  3.56620310e-01  8.45397256e-02  1.18508198e-01  1.17252807e+03 
 4.77369047e+14  5.11267175e+34  1.33771000e+01  1.33235777e+00  1.18046000e+01  1.27245579e+00  3.57276126e-01  8.41015670e-02  1.18250371e-01  1.14571465e+03 
 4.78185447e+14  5.14895838e+34  1.33851000e+01  1.33882237e+00  1.18206000e+01  1.27908625e+00  3.57945327e-01  8.34839243e-02  1.17990130e-01  1.11919913e+03 
 4.79001846e+14  5.18524501e+34  1.33931000e+01  1.34525139e+00  1.18356000e+01  1.28554855e+00  3.58605085e-01  8.30499608e-02  1.17673076e-01  1.09303433e+03 
 4.79818246e+14  5.22153163e+34  1.34011000e+01  1.35164503e+00  1.18516000e+01  1.29215859e+00  3.59255502e-01  8.23806110e-02  1.17404316e-01  1.06817257e+03 
 4.80634645e+14  5.25781826e+34  1.34091000e+01  1.35800343e+00  1.18666000e+01  1.29859973e+00  3.59896640e-01  8.18951027e-02  1.17131421e-01  1.04408438e+03 
 4.81451045e+14  5.29434564e+34  1.34171000e+01  1.36436866e+00  1.18816000e+01  1.30505695e+00  3.60535614e-01  8.14016049e-02  1.16854978e-01  1.02058740e+03 
 4.82267444e+14  5.33145497e+34  1.34251000e+01  1.37079968e+00  1.18966000e+01  1.31156797e+00  3.61182289e-01  8.09245030e-02  1.16575623e-01  9.97456102e+02 
 4.83083843e+14  5.36856429e+34  1.34331000e+01  1.37719517e+00  1.19116000e+01  1.31806811e+00  3.61819687e-01  8.04218668e-02  1.16292288e-01  9.75041447e+02 
 4.83900243e+14  5.40567362e+34  1.34411000e+01  1.38355529e+00  1.19266000e+01  1.32455743e+00  3.62447896e-01  7.98941211e-02  1.16005094e-01  9.53316038e+02 
 4.84716642e+14  5.44278295e+34  1.34491000e+01  1.38988023e+00  1.19416000e+01  1.33103595e+00  3.63067000e-01  7.93417139e-02  1.15765868e-01  9.32670280e+02 
 4.85533042e+14  5.48030075e+34  1.34571000e+01  1.39623928e+00  1.19566000e+01  1.33754819e+00  3.63688524e-01  7.87928373e-02  1.15471712e-01  9.12015298e+02 
 4.86349441e+14  5.51824223e+34  1.34651000e+01  1.40263459e+00  1.19716000e+01  1.34409558e+00  3.64312795e-01  7.82482909e-02  1.15174440e-01  8.91763480e+02 
 4.87165841e+14  5.55618372e+34  1.34731000e+01  1.40899440e+00  1.19856000e+01  1.35046978e+00  3.64927962e-01  7.78855777e-02  1.14873581e-01  8.72127289e+02 
 4.87982240e+14  5.59412520e+34  1.34811000e+01  1.41531888e+00  1.20006000e+01  1.35699496e+00  3.65534113e-01  7.72921546e-02  1.14569253e-01  8.53083636e+02 
 4.88798640e+14  5.63206668e+34  1.34881000e+01  1.42160823e+00  1.20146000e+01  1.36334607e+00  3.66185641e-01  7.68809742e-02  1.14252783e-01  8.34236922e+02 
 4.89615039e+14  5.67057315e+34  1.34961000e+01  1.42795565e+00  1.20296000e+01  1.36990929e+00  3.66789279e-01  7.62768781e-02  1.13993265e-01  8.16423331e+02 
 4.90431439e+14  5.70935614e+34  1.35041000e+01  1.43431313e+00  1.20436000e+01  1.37632723e+00  3.67391388e-01  7.58718073e-02  1.13679489e-01  7.98654338e+02 
 4.91247838e+14  5.74813914e+34  1.35111000e+01  1.44063516e+00  1.20576000e+01  1.38273324e+00  3.68039062e-01  7.54428674e-02  1.13353662e-01  7.81065451e+02 
 4.92064238e+14  5.78692213e+34  1.35191000e+01  1.44692194e+00  1.20716000e+01  1.38912738e+00  3.68623480e-01  7.49903895e-02  1.13084303e-01  7.64687691e+02 
 4.92880637e+14  5.82570513e+34  1.35271000e+01  1.45317363e+00  1.20856000e+01  1.39550977e+00  3.69199146e-01  7.45146903e-02  1.12761148e-01  7.48451783e+02 
 4.93697037e+14  5.86519756e+34  1.35341000e+01  1.45950406e+00  1.20996000e+01  1.40195464e+00  3.69839132e-01  7.40591814e-02  1.12476772e-01  7.32405483e+02 
 4.94513436e+14  5.90483132e+34  1.35421000e+01  1.46582165e+00  1.21136000e+01  1.40840227e+00  3.70419372e-01  7.35890188e-02  1.12147817e-01  7.16776272e+02 
 4.95329836e+14  5.94446508e+34  1.35491000e+01  1.47210387e+00  1.21276000e+01  1.41483793e+00  3.71045650e-01  7.30959641e-02  1.11857330e-01  7.01605197e+02 
 4.96146235e+14  5.98409884e+34  1.35571000e+01  1.47835089e+00  1.21406000e+01  1.42109513e+00  3.71608558e-01  7.27831245e-02  1.11522722e-01  6.86875613e+02 
 4.96962635e+14  6.02373261e+34  1.35641000e+01  1.48456291e+00  1.21546000e+01  1.42750659e+00  3.72217788e-01  7.22450951e-02  1.11226518e-01  6.72571719e+02 
 4.97779034e+14  6.06420737e+34  1.35711000e+01  1.49087113e+00  1.21686000e+01  1.43399233e+00  3.72839520e-01  7.17334086e-02  1.10877350e-01  6.58090984e+02 
 4.98595434e+14  6.10470105e+34  1.35791000e+01  1.49714683e+00  1.21816000e+01  1.44030030e+00  3.73398194e-01  7.14022855e-02  1.10584406e-01  6.44607299e+02 
 4.99411833e+14  6.14519473e+34  1.35861000e+01  1.50338724e+00  1.21946000e+01  1.44659538e+00  3.74003378e-01  7.10487305e-02  1.10279718e-01  6.31224375e+02 
 5.00228233e+14  6.18568841e+34  1.35931000e+01  1.50959254e+00  1.22086000e+01  1.45304607e+00  3.74600208e-01  7.04718388e-02  1.09972414e-01  6.18224189e+02 
 5.01044632e+14  6.22627195e+34  1.36001000e+01  1.51577657e+00  1.22216000e+01  1.45932507e+00  3.75190912e-01  7.00795303e-02  1.09613111e-01  6.05292709e+02 
 5.01861032e+14  6.26763459e+34  1.36081000e+01  1.52204382e+00  1.22346000e+01  1.46566950e+00  3.75736740e-01  6.97077923e-02  1.09309405e-01  5.93031261e+02 
 5.02677431e+14  6.30899723e+34  1.36151000e+01  1.52827569e+00  1.22476000e+01  1.47200090e+00  3.76329404e-01  6.93142473e-02  1.08994135e-01  5.80854240e+02 
 5.03493831e+14  6.35035986e+34  1.36221000e+01  1.53447235e+00  1.22606000e+01  1.47831941e+00  3.76913809e-01  6.88991529e-02  1.08676497e-01  5.69021919e+02 
 5.04310230e+14  6.39172250e+34  1.36291000e+01  1.54063400e+00  1.22736000e+01  1.48462504e+00  3.77490033e-01  6.84628760e-02  1.08356589e-01  5.57522246e+02 
 5.05126630e+14  6.43326930e+34  1.36361000e+01  1.54678805e+00  1.22866000e+01  1.49093589e+00  3.78062401e-01  6.80153608e-02  1.08034300e-01  5.46294567e+02 
 5.05943029e+14  6.47550982e+34  1.36431000e+01  1.55300948e+00  1.22996000e+01  1.49730203e+00  3.78642591e-01  6.75825638e-02  1.07709075e-01  5.35199198e+02 
 5.06759429e+14  6.51775034e+34  1.36501000e+01  1.55919563e+00  1.23116000e+01  1.50348385e+00  3.79214621e-01  6.73276174e-02  1.07381731e-01  5.24414749e+02 
 5.07575828e+14  6.55999086e+34  1.36571000e+01  1.56534669e+00  1.23246000e+01  1.50982354e+00  3.79778567e-01  6.68530388e-02  1.07052357e-01  5.13930465e+02 
 5.08392228e+14  6.60223139e+34  1.36641000e+01  1.57146285e+00  1.23366000e+01  1.51597825e+00  3.80334510e-01  6.65564839e-02  1.06721044e-01  5.03736022e+02 
 5.09208627e+14  6.64473503e+34  1.36711000e+01  1.57758210e+00  1.23496000e+01  1.52231700e+00  3.80888346e-01  6.60542955e-02  1.06387493e-01  4.93760566e+02 
 5.10025027e+14  6.68786224e+34  1.36771000e+01  1.58375589e+00  1.23616000e+01  1.52852999e+00  3.81503788e-01  6.57600651e-02  1.06041913e-01  4.83698600e+02 
 5.10841426e+14  6.73098945e+34  1.36841000e+01  1.58989450e+00  1.23736000e+01  1.53472915e+00  3.82055501e-01  6.54451697e-02  1.05751732e-01  4.74346312e+02 
 5.11657826e+14  6.77411667e+34  1.36911000e+01  1.59599816e+00  1.23866000e+01  1.54108777e+00  3.82599312e-01  6.49131126e-02  1.05411787e-01  4.65036818e+02 
 5.12474225e+14  6.81724388e+34  1.36981000e+01  1.60206705e+00  1.23986000e+01  1.54725958e+00  3.83135295e-01  6.45585548e-02  1.05070222e-01  4.55980476e+02 
 5.13290625e+14  6.86069698e+34  1.37041000e+01  1.60814686e+00  1.24106000e+01  1.55344839e+00  3.83726454e-01  6.41993730e-02  1.04764757e-01  4.47103061e+02 
 5.14107024e+14  6.90471957e+34  1.37111000e+01  1.61427124e+00  1.24226000e+01  1.55967701e+00  3.84265947e-01  6.38464995e-02  1.04418383e-01  4.38353305e+02 
 5.14923424e+14  6.94874216e+34  1.37181000e+01  1.62036060e+00  1.24346000e+01  1.56589162e+00  3.84797629e-01  6.34740225e-02  1.04070528e-01  4.29840755e+02 
 5.15739823e+14  6.99276475e+34  1.37241000e+01  1.62641513e+00  1.24466000e+01  1.57209232e+00  3.85377740e-01  6.30822431e-02  1.03759072e-01  4.21557485e+02 
 5.16556223e+14  7.03678734e+34  1.37311000e+01  1.63243502e+00  1.24576000e+01  1.57810388e+00  3.85894072e-01  6.28666775e-02  1.03408347e-01  4.13495813e+02 
 5.17372622e+14  7.08118152e+34  1.37371000e+01  1.63847091e+00  1.24696000e+01  1.58431077e+00  3.86466688e-01  6.24531096e-02  1.03093142e-01  4.05583033e+02 
 5.18189022e+14  7.12610805e+34  1.37441000e+01  1.64454422e+00  1.24816000e+01  1.59055271e+00  3.86986306e-01  6.20437124e-02  1.02737942e-01  3.97789212e+02 
 5.19005421e+14  7.17103458e+34  1.37501000e+01  1.65058264e+00  1.24926000e+01  1.59660442e+00  3.87554654e-01  6.18098661e-02  1.02418794e-01  3.90203318e+02 
 5.19821821e+14  7.21596110e+34  1.37561000e+01  1.65658640e+00  1.25046000e+01  1.60281791e+00  3.88115547e-01  6.13630692e-02  1.02051721e-01  3.82643966e+02 
 5.20638220e+14  7.26088763e+34  1.37631000e+01  1.66255568e+00  1.25156000e+01  1.60884063e+00  3.88612557e-01  6.10918412e-02  1.01739431e-01  3.75628051e+02 
 5.21454620e+14  7.30621353e+34  1.37691000e+01  1.66854335e+00  1.25266000e+01  1.61488467e+00  3.89166526e-01  6.08187492e-02  1.01415551e-01  3.68564278e+02 
 5.22271019e+14  7.35205243e+34  1.37751000e+01  1.67456398e+00  1.25386000e+01  1.62113792e+00  3.89723183e-01  6.03545696e-02  1.01089261e-01  3.61608373e+02 
 5.23087419e+14  7.39789133e+34  1.37821000e+01  1.68054989e+00  1.25496000e+01  1.62719916e+00  3.90215822e-01  6.00654780e-02  1.00725221e-01  3.54835073e+02 
 5.23903818e+14  7.44373023e+34  1.37881000e+01  1.68650131e+00  1.25606000e+01  1.63324558e+00  3.90757750e-01  5.97583401e-02  1.00396754e-01  3.48238484e+02 
 5.24720218e+14  7.48956913e+34  1.37941000e+01  1.69241842e+00  1.25716000e+01  1.63927727e+00  3.91292449e-01  5.94333965e-02  1.00067236e-01  3.41812875e+02 
 5.25536617e+14  7.53581639e+34  1.38001000e+01  1.69835373e+00  1.25826000e+01  1.64533039e+00  3.91827696e-01  5.91066078e-02  9.97357129e-02  3.35497658e+02 
 5.26353017e+14  7.58257595e+34  1.38061000e+01  1.70432017e+00  1.25936000e+01  1.65141389e+00  3.92365386e-01  5.87818226e-02  9.94019370e-02  3.29277747e+02 
 5.27169416e+14  7.62933552e+34  1.38121000e+01  1.71025208e+00  1.26046000e+01  1.65748253e+00  3.92895864e-01  5.84393817e-02  9.90672313e-02  3.23218597e+02 
 5.27985816e+14  7.67609509e+34  1.38181000e+01  1.71614967e+00  1.26156000e+01  1.66353625e+00  3.93419203e-01  5.80797080e-02  9.87316640e-02  3.17315060e+02 
 5.28802215e+14  7.72285465e+34  1.38241000e+01  1.72201314e+00  1.26256000e+01  1.66939510e+00  3.93935468e-01  5.78942614e-02  9.83952957e-02  3.11562184e+02 
 5.29618615e+14  7.77001192e+34  1.38301000e+01  1.72789217e+00  1.26366000e+01  1.67545354e+00  3.94451939e-01  5.75147672e-02  9.80571214e-02  3.05908075e+02 
 5.30435014e+14  7.81770032e+34  1.38361000e+01  1.73380298e+00  1.26476000e+01  1.68154281e+00  3.94970981e-01  5.71377672e-02  9.77168024e-02  3.00335983e+02 
 5.31251414e+14  7.86538871e+34  1.38421000e+01  1.73967946e+00  1.26576000e+01  1.68743608e+00  3.95482974e-01  5.69344736e-02  9.73758029e-02  2.94905696e+02 
 5.32067813e+14  7.91307711e+34  1.38481000e+01  1.74552180e+00  1.26686000e+01  1.69349527e+00  3.95987973e-01  5.65237294e-02  9.70341756e-02  2.89612741e+02 
 5.32884213e+14  7.96076551e+34  1.38531000e+01  1.75133024e+00  1.26786000e+01  1.69935794e+00  3.96543312e-01  5.62868023e-02  9.67268976e-02  2.84452825e+02 
 5.33700612e+14  8.00882044e+34  1.38591000e+01  1.75714924e+00  1.26886000e+01  1.70523613e+00  3.97040985e-01  5.60459469e-02  9.63830282e-02  2.79383554e+02 
 5.34517012e+14  8.05744568e+34  1.38651000e+01  1.76300306e+00  1.26996000e+01  1.71132925e+00  3.97541689e-01  5.56183006e-02  9.60370503e-02  2.74382805e+02 
 5.35333411e+14  8.10607093e+34  1.38701000e+01  1.76882278e+00  1.27096000e+01  1.71722477e+00  3.98092908e-01  5.53639548e-02  9.56810313e-02  2.69383244e+02 
 5.36149811e+14  8.15469617e+34  1.38761000e+01  1.77460857e+00  1.27196000e+01  1.72310472e+00  3.98579932e-01  5.50932846e-02  9.53781705e-02  2.64753430e+02 
 5.36966210e+14  8.20332142e+34  1.38821000e+01  1.78036065e+00  1.27296000e+01  1.72896921e+00  3.99060184e-01  5.48065202e-02  9.50308652e-02  2.60117139e+02 
 5.37782610e+14  8.25226066e+34  1.38871000e+01  1.78611607e+00  1.27396000e+01  1.73484421e+00  3.99596551e-01  5.45141273e-02  9.47164431e-02  2.55566067e+02 
 5.38599009e+14  8.30183064e+34  1.38931000e+01  1.79191165e+00  1.27496000e+01  1.74075563e+00  4.00079237e-01  5.42262300e-02  9.43656485e-02  2.51070189e+02 
 5.39415409e+14  8.35140061e+34  1.38981000e+01  1.79767334e+00  1.27596000e+01  1.74665138e+00  4.00612828e-01  5.39225118e-02  9.40484511e-02  2.46685318e+02 
 5.40231808e+14  8.40097059e+34  1.39041000e+01  1.80340133e+00  1.27686000e+01  1.75234737e+00  4.01082122e-01  5.37908756e-02  9.36970945e-02  2.42408025e+02 
 5.41048208e+14  8.45054056e+34  1.39091000e+01  1.80909583e+00  1.27786000e+01  1.75821172e+00  4.01602548e-01  5.34559946e-02  9.33791708e-02  2.38235059e+02 
 5.41864607e+14  8.50034976e+34  1.39141000e+01  1.81478431e+00  1.27886000e+01  1.76407991e+00  4.02120368e-01  5.31132907e-02  9.30170861e-02  2.34035442e+02 
 5.42681007e+14  8.55087220e+34  1.39201000e+01  1.82052046e+00  1.27976000e+01  1.76980499e+00  4.02585330e-01  5.29641146e-02  9.27053246e-02  2.30094912e+02 
 5.43497406e+14  8.60139463e+34  1.39251000e+01  1.82622296e+00  1.28076000e+01  1.77569904e+00  4.03101598e-01  5.26127031e-02  9.23836294e-02  2.26144495e+02 
 5.44313806e+14  8.65191706e+34  1.39301000e+01  1.83189198e+00  1.28166000e+01  1.78139198e+00  4.03611409e-01  5.24327519e-02  9.20189826e-02  2.22186503e+02 
 5.45130205e+14  8.70243950e+34  1.39361000e+01  1.83752777e+00  1.28266000e+01  1.78725460e+00  4.04056841e-01  5.20514660e-02  9.17065972e-02  2.18527288e+02 
 5.45946605e+14  8.75310332e+34  1.39411000e+01  1.84314613e+00  1.28356000e+01  1.79292685e+00  4.04556085e-01  5.18457487e-02  9.13839501e-02  2.14844713e+02 
 5.46763004e+14  8.80458579e+34  1.39461000e+01  1.84882176e+00  1.28456000e+01  1.79883362e+00  4.05061682e-01  5.14630710e-02  9.10585943e-02  2.11192248e+02 
 5.47579404e+14  8.85606826e+34  1.39511000e+01  1.85446397e+00  1.28546000e+01  1.80453810e+00  4.05560909e-01  5.12513823e-02  9.07331218e-02  2.07627319e+02 
 5.48395803e+14  8.90755074e+34  1.39561000e+01  1.86007296e+00  1.28636000e+01  1.81022640e+00  4.06053828e-01  5.10249559e-02  9.04075769e-02  2.04147318e+02 
 5.49212203e+14  8.95903321e+34  1.39611000e+01  1.86564895e+00  1.28726000e+01  1.81589859e+00  4.06540497e-01  5.07840355e-02  9.00820023e-02  2.00749727e+02 
 5.50028602e+14  9.01053531e+34  1.39661000e+01  1.87119425e+00  1.28816000e+01  1.82155620e+00  4.07021268e-01  5.05294478e-02  8.97563764e-02  1.97430866e+02 
 5.50845002e+14  9.06298525e+34  1.39711000e+01  1.87680833e+00  1.28906000e+01  1.82727055e+00  4.07509980e-01  5.02863919e-02  8.94277481e-02  1.94130633e+02 
 5.51661401e+14  9.11543519e+34  1.39761000e+01  1.88238924e+00  1.28996000e+01  1.83296863e+00  4.07992459e-01  5.00290373e-02  8.90991790e-02  1.90908348e+02 
 5.52477801e+14  9.16788513e+34  1.39811000e+01  1.88793720e+00  1.29086000e+01  1.83865050e+00  4.08468766e-01  4.97576190e-02  8.87707095e-02  1.87761721e+02 
 5.53294200e+14  9.22033507e+34  1.39861000e+01  1.89345243e+00  1.29176000e+01  1.84431616e+00  4.08938960e-01  4.94724386e-02  8.84423798e-02  1.84688540e+02 
 5.54110600e+14  9.27278501e+34  1.39911000e+01  1.89893512e+00  1.29256000e+01  1.84977708e+00  4.09403092e-01  4.93572890e-02  8.81142230e-02  1.81686668e+02 
 5.54926999e+14  9.32608280e+34  1.39961000e+01  1.90447349e+00  1.29346000e+01  1.85547411e+00  4.09873334e-01  4.90662904e-02  8.77835080e-02  1.78707112e+02 
 5.55743399e+14  9.37950748e+34  1.40001000e+01  1.90999219e+00  1.29436000e+01  1.86116433e+00  4.10397933e-01  4.87649630e-02  8.74429241e-02  1.75707697e+02 
 5.56559798e+14  9.43293216e+34  1.40051000e+01  1.91547821e+00  1.29516000e+01  1.86664876e+00  4.10857907e-01  4.86332999e-02  8.71530701e-02  1.72940241e+02 
 5.57376198e+14  9.48635683e+34  1.40101000e+01  1.92093176e+00  1.29606000e+01  1.87230646e+00  4.11311893e-01  4.83049592e-02  8.68225871e-02  1.70156129e+02 
 5.58192597e+14  9.53978151e+34  1.40151000e+01  1.92635306e+00  1.29686000e+01  1.87775794e+00  4.11759955e-01  4.81463742e-02  8.64924342e-02  1.67435704e+02 
 5.59008997e+14  9.59388905e+34  1.40191000e+01  1.93181107e+00  1.29776000e+01  1.88343323e+00  4.12270346e-01  4.78084626e-02  8.61911274e-02  1.64743525e+02 
 5.59825396e+14  9.64829558e+34  1.40241000e+01  1.93726671e+00  1.29856000e+01  1.88892366e+00  4.12720127e-01  4.76469294e-02  8.58583425e-02  1.62098425e+02 
 5.60641796e+14  9.70270211e+34  1.40281000e+01  1.94268996e+00  1.29936000e+01  1.89439733e+00  4.13222914e-01  4.74721628e-02  8.55162845e-02  1.59438791e+02 
 5.61458195e+14  9.75710864e+34  1.40331000e+01  1.94808102e+00  1.30026000e+01  1.90004543e+00  4.13660970e-01  4.71024689e-02  8.52243876e-02  1.56987581e+02 
 5.62274595e+14  9.81151517e+34  1.40371000e+01  1.95344010e+00  1.30106000e+01  1.90548622e+00  4.14152236e-01  4.69019063e-02  8.48831096e-02  1.54445812e+02 
 5.63090994e+14  9.86641300e+34  1.40421000e+01  1.95881543e+00  1.30186000e+01  1.91094564e+00  4.14585281e-01  4.66997759e-02  8.45901757e-02  1.52083128e+02 
 5.63907394e+14  9.92180833e+34  1.40461000e+01  1.96420724e+00  1.30266000e+01  1.91642393e+00  4.15078209e-01  4.64961393e-02  8.42861834e-02  1.49681114e+02 
 5.64723793e+14  9.97720366e+34  1.40511000e+01  1.96956696e+00  1.30346000e+01  1.92188554e+00  4.15506288e-01  4.62797615e-02  8.39526031e-02  1.47333132e+02 
 5.65540193e+14  1.00325990e+35  1.40551000e+01  1.97489477e+00  1.30426000e+01  1.92733054e+00  4.15987833e-01  4.60508820e-02  8.36493511e-02  1.45037683e+02 
 5.66356592e+14  1.00879943e+35  1.40591000e+01  1.98019092e+00  1.30506000e+01  1.93275897e+00  4.16463795e-01  4.58097399e-02  8.33071430e-02  1.42725935e+02 
 5.67172991e+14  1.01436620e+35  1.40641000e+01  1.98548140e+00  1.30586000e+01  1.93818995e+00  4.16878385e-01  4.55622431e-02  8.30135116e-02  1.40587845e+02 
 5.67989391e+14  1.02000529e+35  1.40681000e+01  1.99080871e+00  1.30656000e+01  1.94346190e+00  4.17355856e-01  4.54980991e-02  8.27082022e-02  1.38403328e+02 
 5.68805790e+14  1.02564439e+35  1.40721000e+01  1.99610422e+00  1.30736000e+01  1.94890992e+00  4.17827755e-01  4.52414383e-02  8.24033167e-02  1.36267276e+02 
 5.69622190e+14  1.03128348e+35  1.40761000e+01  2.00136814e+00  1.30816000e+01  1.95434127e+00  4.18294137e-01  4.49728873e-02  8.20600557e-02  1.34114891e+02 
 5.70438589e+14  1.03692257e+35  1.40811000e+01  2.00660067e+00  1.30886000e+01  1.95956248e+00  4.18695561e-01  4.48720503e-02  8.17658795e-02  1.32135234e+02 
 5.71254989e+14  1.04256419e+35  1.40851000e+01  2.01180436e+00  1.30966000e+01  1.96496250e+00  4.19151311e-01  4.45803223e-02  8.14624534e-02  1.30135808e+02 
 5.72071388e+14  1.04830350e+35  1.40891000e+01  2.01706655e+00  1.31046000e+01  1.97041234e+00  4.19613591e-01  4.42968224e-02  8.11563010e-02  1.28146203e+02 
 5.72887788e+14  1.05404281e+35  1.40931000e+01  2.02229725e+00  1.31116000e+01  1.97565146e+00  4.20070413e-01  4.41803949e-02  8.08506872e-02  1.26200132e+02 
 5.73704187e+14  1.05978212e+35  1.40971000e+01  2.02749667e+00  1.31196000e+01  1.98106786e+00  4.20521835e-01  4.38736309e-02  8.05456395e-02  1.24296405e+02 
 5.74520587e+14  1.06552144e+35  1.41011000e+01  2.03266502e+00  1.31266000e+01  1.98627328e+00  4.20967900e-01  4.37339014e-02  8.02411789e-02  1.22433870e+02 
 5.75336986e+14  1.07126075e+35  1.41051000e+01  2.03780251e+00  1.31336000e+01  1.99146183e+00  4.21408658e-01  4.35827122e-02  7.99373275e-02  1.20611409e+02 
 5.76153386e+14  1.07707584e+35  1.41091000e+01  2.04297667e+00  1.31406000e+01  1.99668368e+00  4.21853048e-01  4.34346423e-02  7.96315968e-02  1.18804618e+02 
 5.76969785e+14  1.08291602e+35  1.41131000e+01  2.04814204e+00  1.31486000e+01  2.00210068e+00  4.22295051e-01  4.31017746e-02  7.93256809e-02  1.17029117e+02 
 5.77786185e+14  1.08875620e+35  1.41171000e+01  2.05327644e+00  1.31556000e+01  2.00730559e+00  4.22731767e-01  4.29356663e-02  7.90204359e-02  1.15291724e+02 
 5.78602584e+14  1.09459638e+35  1.41211000e+01  2.05838010e+00  1.31626000e+01  2.01249360e+00  4.23163242e-01  4.27584194e-02  7.87158816e-02  1.13591416e+02 
 5.79418984e+14  1.10043656e+35  1.41241000e+01  2.06345322e+00  1.31696000e+01  2.01766483e+00  4.23649514e-01  4.25702032e-02  7.84398040e-02  1.11927206e+02 
 5.80235383e+14  1.10632256e+35  1.41281000e+01  2.06853548e+00  1.31766000e+01  2.02284903e+00  4.24075858e-01  4.23792283e-02  7.81350617e-02  1.10285463e+02 
 5.81051783e+14  1.11226424e+35  1.41321000e+01  2.07363505e+00  1.31836000e+01  2.02805231e+00  4.24503295e-01  4.21872515e-02  7.78292339e-02  1.08663332e+02 
 5.81868182e+14  1.11820591e+35  1.41361000e+01  2.07870400e+00  1.31906000e+01  2.03323865e+00  4.24925556e-01  4.19844654e-02  7.75241734e-02  1.07075548e+02 
 5.82684582e+14  1.12414758e+35  1.41391000e+01  2.08374252e+00  1.31976000e+01  2.03840821e+00  4.25402860e-01  4.17709937e-02  7.72472119e-02  1.05521208e+02 
 5.83500981e+14  1.13008925e+35  1.41431000e+01  2.08875083e+00  1.32046000e+01  2.04356095e+00  4.25814945e-01  4.15470784e-02  7.69436238e-02  1.03999415e+02 
 5.84317381e+14  1.13604373e+35  1.41471000e+01  2.09373983e+00  1.32106000e+01  2.04850803e+00  4.26223380e-01  4.14909639e-02  7.66404348e-02  1.02506140e+02 
 5.85133780e+14  1.14208750e+35  1.41501000e+01  2.09877323e+00  1.32176000e+01  2.05369178e+00  4.26696766e-01  4.12630154e-02  7.63621463e-02  1.01022118e+02 
 5.85950180e+14  1.14813128e+35  1.41541000e+01  2.10377633e+00  1.32246000e+01  2.05885859e+00  4.27104809e-01  4.10247542e-02  7.60576156e-02  9.95690949e+01 
 5.86766579e+14  1.15417505e+35  1.41571000e+01  2.10874935e+00  1.32306000e+01  2.06381076e+00  4.27568240e-01  4.09519419e-02  7.57807208e-02  9.81462697e+01 
 5.87582979e+14  1.16021883e+35  1.41611000e+01  2.11369248e+00  1.32376000e+01  2.06894411e+00  4.27966319e-01  4.06930797e-02  7.54778317e-02  9.67528425e+01 
 5.88399378e+14  1.16626261e+35  1.41641000e+01  2.11860594e+00  1.32436000e+01  2.07386238e+00  4.28419968e-01  4.05997985e-02  7.52023932e-02  9.53880633e+01 
 5.89215778e+14  1.17238572e+35  1.41681000e+01  2.12355393e+00  1.32506000e+01  2.07901113e+00  4.28816516e-01  4.03334820e-02  7.48986434e-02  9.40337868e+01 
 5.90032177e+14  1.17853219e+35  1.41711000e+01  2.12849089e+00  1.32566000e+01  2.08395863e+00  4.29271138e-01  4.02360066e-02  7.46214045e-02  9.27023257e+01 
 5.90848577e+14  1.18467867e+35  1.41741000e+01  2.13339809e+00  1.32636000e+01  2.08908808e+00  4.29720925e-01  3.99535277e-02  7.43091074e-02  9.13541696e+01 
 5.91664976e+14  1.19082514e+35  1.41781000e+01  2.13827577e+00  1.32696000e+01  2.09400173e+00  4.30105244e-01  3.98360753e-02  7.40430129e-02  9.01205984e+01 
 5.92481376e+14  1.19697161e+35  1.41811000e+01  2.14312409e+00  1.32756000e+01  2.09889862e+00  4.30545453e-01  3.97086803e-02  7.37681131e-02  8.88689528e+01 
 5.93297775e+14  1.20315862e+35  1.41841000e+01  2.14797498e+00  1.32816000e+01  2.10380299e+00  4.30985018e-01  3.95775255e-02  7.34926915e-02  8.76345505e+01 
 5.94114175e+14  1.20940836e+35  1.41881000e+01  2.15284554e+00  1.32886000e+01  2.10892754e+00  4.31365306e-01  3.92718352e-02  7.31902547e-02  8.64128817e+01 
 5.94930574e+14  1.21565811e+35  1.41911000e+01  2.15768670e+00  1.32946000e+01  2.11383557e+00  4.31801646e-01  3.91307356e-02  7.29145312e-02  8.52159408e+01 
 5.95746974e+14  1.22190785e+35  1.41941000e+01  2.16249867e+00  1.33006000e+01  2.11872669e+00  4.32233299e-01  3.89800850e-02  7.26396254e-02  8.40430932e+01 
 5.96563373e+14  1.22815760e+35  1.41971000e+01  2.16728164e+00  1.33066000e+01  2.12360109e+00  4.32660301e-01  3.88199280e-02  7.23655469e-02  8.28937286e+01 
 5.97379773e+14  1.23440734e+35  1.42001000e+01  2.17203581e+00  1.33126000e+01  2.12845879e+00  4.33082695e-01  3.86504701e-02  7.20574110e-02  8.17276750e+01 
 5.98196172e+14  1.24075934e+35  1.42041000e+01  2.17683861e+00  1.33186000e+01  2.13335933e+00  4.33449290e-01  3.84859069e-02  7.17914269e-02  8.06451790e+01 
 5.99012572e+14  1.24711291e+35  1.42071000e+01  2.18161354e+00  1.33246000e+01  2.13824394e+00  4.33872402e-01  3.83122269e-02  7.15167484e-02  7.95452451e+01 
 5.99828971e+14  1.25346649e+35  1.42101000e+01  2.18635963e+00  1.33306000e+01  2.14311172e+00  4.34290926e-01  3.81294246e-02  7.12429530e-02  7.84671656e+01 
 6.00645371e+14  1.25982006e+35  1.42131000e+01  2.19107706e+00  1.33366000e+01  2.14796286e+00  4.34704894e-01  3.79375287e-02  7.09700471e-02  7.74103933e+01 
 6.01461770e+14  1.26617363e+35  1.42161000e+01  2.19576606e+00  1.33416000e+01  2.15259610e+00  4.35114358e-01  3.79091991e-02  7.06980463e-02  7.63743986e+01 
 6.02278170e+14  1.27258452e+35  1.42191000e+01  2.20046877e+00  1.33476000e+01  2.15744627e+00  4.35524646e-01  3.77070416e-02  7.04251832e-02  7.53495849e+01 
 6.03094569e+14  1.27904246e+35  1.42221000e+01  2.20517736e+00  1.33536000e+01  2.16230642e+00  4.35934766e-01  3.75021181e-02  7.01517920e-02  7.43375357e+01 
 6.03910969e+14  1.28550040e+35  1.42251000e+01  2.20985746e+00  1.33586000e+01  2.16694828e+00  4.36340388e-01  3.74601438e-02  6.98793395e-02  7.33453362e+01 
 6.04727368e+14  1.29195834e+35  1.42281000e+01  2.21450927e+00  1.33646000e+01  2.17177495e+00  4.36741558e-01  3.72376431e-02  6.96078382e-02  7.23724964e+01 
 6.05543768e+14  1.29841628e+35  1.42301000e+01  2.21913299e+00  1.33706000e+01  2.17658503e+00  4.37199760e-01  3.70067086e-02  6.93616641e-02  7.14185442e+01 
 6.06360167e+14  1.30488314e+35  1.42331000e+01  2.22373513e+00  1.33756000e+01  2.18118156e+00  4.37592963e-01  3.69396349e-02  6.90917117e-02  7.04817291e+01 
 6.07176567e+14  1.31144597e+35  1.42361000e+01  2.22837733e+00  1.33816000e+01  2.18601646e+00  4.37990314e-01  3.67045264e-02  6.88198209e-02  6.95494030e+01 
 6.07992966e+14  1.31800880e+35  1.42391000e+01  2.23299139e+00  1.33866000e+01  2.19063244e+00  4.38383257e-01  3.66318150e-02  6.85489209e-02  6.86351297e+01 
 6.08809366e+14  1.32457163e+35  1.42421000e+01  2.23757752e+00  1.33926000e+01  2.19543400e+00  4.38771839e-01  3.63799180e-02  6.82790230e-02  6.77384692e+01 
 6.09625765e+14  1.33113446e+35  1.42441000e+01  2.24213592e+00  1.33976000e+01  2.20001639e+00  4.39217770e-01  3.62904718e-02  6.80340132e-02  6.68589973e+01 
 6.10442165e+14  1.33769729e+35  1.42471000e+01  2.24666676e+00  1.34026000e+01  2.20458225e+00  4.39597771e-01  3.61925163e-02  6.77660341e-02  6.59962892e+01 
 6.11258564e+14  1.34432249e+35  1.42501000e+01  2.25121298e+00  1.34076000e+01  2.20916480e+00  4.39978842e-01  3.60936409e-02  6.74972183e-02  6.51419713e+01 
 6.12074964e+14  1.35099071e+35  1.42521000e+01  2.25576101e+00  1.34136000e+01  2.21395708e+00  4.40421097e-01  3.58211858e-02  6.72517510e-02  6.42985013e+01 
 6.12891363e+14  1.35765893e+35  1.42551000e+01  2.26028145e+00  1.34186000e+01  2.21852966e+00  4.40797300e-01  3.57105863e-02  6.69836345e-02  6.34710704e+01 
 6.13707763e+14  1.36432715e+35  1.42581000e+01  2.26477452e+00  1.34236000e+01  2.22308551e+00  4.41169269e-01  3.55919548e-02  6.67165712e-02  6.26592979e+01 
 6.14524162e+14  1.37099537e+35  1.42601000e+01  2.26924041e+00  1.34286000e+01  2.22762477e+00  4.41598978e-01  3.54653961e-02  6.64738722e-02  6.18628135e+01 
 6.15340562e+14  1.37767094e+35  1.42631000e+01  2.27368418e+00  1.34336000e+01  2.23215137e+00  4.41963221e-01  3.53317460e-02  6.62086149e-02  6.10803926e+01 
 6.16156961e+14  1.38444503e+35  1.42651000e+01  2.27816623e+00  1.34386000e+01  2.23671297e+00  4.42393410e-01  3.52008115e-02  6.59646747e-02  6.03013254e+01 
 6.16973361e+14  1.39121913e+35  1.42681000e+01  2.28262106e+00  1.34436000e+01  2.24125802e+00  4.42757415e-01  3.50618919e-02  6.56986007e-02  5.95368871e+01 
 6.17789760e+14  1.39799322e+35  1.42701000e+01  2.28704888e+00  1.34486000e+01  2.24578653e+00  4.43179391e-01  3.49152511e-02  6.54565536e-02  5.87867386e+01 
 6.18606160e+14  1.40476732e+35  1.42731000e+01  2.29144987e+00  1.34536000e+01  2.25029865e+00  4.43535168e-01  3.47608833e-02  6.51925693e-02  5.80505342e+01 
 6.19422559e+14  1.41154141e+35  1.42751000e+01  2.29582423e+00  1.34586000e+01  2.25479436e+00  4.43949074e-01  3.45990698e-02  6.49524355e-02  5.73279538e+01 
 6.20238959e+14  1.41837049e+35  1.42771000e+01  2.30020736e+00  1.34636000e+01  2.25930175e+00  4.44363344e-01  3.44353173e-02  6.47116493e-02  5.66129668e+01 
 6.21055358e+14  1.42525092e+35  1.42801000e+01  2.30459669e+00  1.34686000e+01  2.26381876e+00  4.44715364e-01  3.42692341e-02  6.44477571e-02  5.59059154e+01 
 6.21871758e+14  1.43213136e+35  1.42821000e+01  2.30895936e+00  1.34726000e+01  2.26811436e+00  4.45125651e-01  3.42638401e-02  6.42074674e-02  5.52119171e+01 
 6.22688157e+14  1.43901179e+35  1.42841000e+01  2.31329555e+00  1.34776000e+01  2.27259881e+00  4.45531990e-01  3.40825843e-02  6.39681231e-02  5.45306633e+01 
 6.23504557e+14  1.44589223e+35  1.42871000e+01  2.31760549e+00  1.34826000e+01  2.27706685e+00  4.45871986e-01  3.38942504e-02  6.37074259e-02  5.38618546e+01 
 6.24320956e+14  1.45277266e+35  1.42891000e+01  2.32188936e+00  1.34866000e+01  2.28131298e+00  4.46270494e-01  3.38667779e-02  6.34700748e-02  5.32052099e+01 
 6.25137356e+14  1.45975288e+35  1.42911000e+01  2.32620896e+00  1.34916000e+01  2.28579824e+00  4.46672668e-01  3.36732291e-02  6.32308933e-02  5.25511667e+01 
 6.25953755e+14  1.46674010e+35  1.42931000e+01  2.33050665e+00  1.34966000e+01  2.29027035e+00  4.47071480e-01  3.34735037e-02  6.29924932e-02  5.19083956e+01 
 6.26770155e+14  1.47372732e+35  1.42961000e+01  2.33477823e+00  1.35006000e+01  2.29452046e+00  4.47403812e-01  3.34338918e-02  6.27331206e-02  5.12772802e+01 
 6.27586554e+14  1.48071454e+35  1.42981000e+01  2.33902391e+00  1.35056000e+01  2.29896022e+00  4.47794876e-01  3.32200170e-02  6.24967651e-02  5.06575596e+01 
 6.28402954e+14  1.48770177e+35  1.43001000e+01  2.34324386e+00  1.35096000e+01  2.30317775e+00  4.48182139e-01  3.31662994e-02  6.22613925e-02  5.00489695e+01 
 6.29219353e+14  1.49472340e+35  1.43021000e+01  2.34745889e+00  1.35146000e+01  2.30760189e+00  4.48568134e-01  3.29418519e-02  6.20260673e-02  4.94483379e+01 
 6.30035753e+14  1.50181784e+35  1.43041000e+01  2.35169177e+00  1.35186000e+01  2.31183890e+00  4.48955616e-01  3.28833604e-02  6.17897517e-02  4.88523567e+01 
 6.30852152e+14  1.50891227e+35  1.43061000e+01  2.35589894e+00  1.35226000e+01  2.31605919e+00  4.49339317e-01  3.28181861e-02  6.15544451e-02  4.82670546e+01 
 6.31668552e+14  1.51600671e+35  1.43081000e+01  2.36008055e+00  1.35276000e+01  2.32047025e+00  4.49719258e-01  3.25795005e-02  6.13201447e-02  4.76921885e+01 
 6.32484951e+14  1.52310115e+35  1.43101000e+01  2.36423682e+00  1.35316000e+01  2.32465849e+00  4.50095477e-01  3.25005762e-02  6.10868549e-02  4.71275224e+01 
 6.33301351e+14  1.53019558e+35  1.43121000e+01  2.36836791e+00  1.35356000e+01  2.32883049e+00  4.50468006e-01  3.24150859e-02  6.08545769e-02  4.65728268e+01 
 6.34117750e+14  1.53736281e+35  1.43141000e+01  2.37251605e+00  1.35396000e+01  2.33302062e+00  4.50841936e-01  3.23288172e-02  6.06213752e-02  4.60223304e+01 
 6.34934150e+14  1.54456487e+35  1.43161000e+01  2.37665903e+00  1.35436000e+01  2.33721096e+00  4.51214589e-01  3.22386125e-02  6.03882746e-02  4.54789279e+01 
 6.35750549e+14  1.55176693e+35  1.43181000e+01  2.38077683e+00  1.35486000e+01  2.34159285e+00  4.51583560e-01  3.19759434e-02  6.01562049e-02  4.49450975e+01 
 6.36566949e+14  1.55896899e+35  1.43201000e+01  2.38486964e+00  1.35526000e+01  2.34575123e+00  4.51948885e-01  3.18727175e-02  5.99251685e-02  4.44206254e+01 
 6.37383348e+14  1.56617105e+35  1.43221000e+01  2.38893766e+00  1.35566000e+01  2.34989359e+00  4.52310596e-01  3.17631551e-02  5.96951668e-02  4.39053030e+01 
